
Branch and bound

  Entire solving process        :                           (Time     49.2)
  No feasible solution was found
  Best relaxation cost          :     36781.89 (Node     0) (Time     49.2)
  Lower bound after cuts        :     36781.89
  End lower bound               :     36781.89
  Deepest level reached         : 0
  Deepest real level reached    : 0
  Number of real nodes solved   : 1
  Stopping condition            : enough nodes explored

Problem identification

  Problem                       : <null>
  Machine                       : oslo1.gerad.lan

Solving process summary

  Linear relaxations            :        1
  Column generation iterations  :      117
  Shortest paths solved         :     2432
  Columns generated             :    21107

Instance characteristics

  Resources                     : 3
  Node types                    : no
  Arc types                     : no
  Strong resource windows       : no
  Weak resource windows         : no
  Resource windows (nodes)      : 3
  Resource values (arcs)        : 3
  Values on nodes               : no

  Rows                          : 671
  Initial columns               : 2
  Tasks                         : 509
  Strong tasks                  : 505
  Weak tasks                    : 4
  Initial task constraints      : no
  Nodes                         : 837
  Arc sets                      : 1
  Arcs                          : 13804
  Networks                      : 2
  Models                        : 1

Memory used per module (Megs)

  Parser (reused)               :      3.156
  Networks                      :     18.768
  Column generator              :      3.390
  Master problem                :      6.827
  -----------------
  Total                         :     28.986

Cpu time per module (seconds)

  Parser                        :        0.0
  Preprocessor                  :        0.0
  Lr solver manager             :        0.0
  Column generator              :        8.5
    (Shortest path)             :        6.8
  Master problem                :       40.5
  -------------------
  Total (without b&b)           :       49.1

Real elapsed time (seconds)

  Parser                        :        0.0
  Preprocessor                  :        0.0
  Lr solver manager             :        0.0
  Column generator              :        8.5
    (Shortest path)             :        6.7
  Master problem                :       40.6
  -------------------
  Total (without b&b)           :       49.1
