
Branch and bound

  Entire solving process        :                           (Time    141.7)
  No feasible solution was found
  Best relaxation cost          :     51644.89 (Node     0) (Time    141.7)
  Lower bound after cuts        :     51644.89
  End lower bound               :     51644.89
  Deepest level reached         : 0
  Deepest real level reached    : 0
  Number of real nodes solved   : 1
  Stopping condition            : enough nodes explored

Problem identification

  Problem                       : <null>
  Machine                       : oslo2.gerad.lan

Solving process summary

  Linear relaxations            :        1
  Column generation iterations  :      120
  Shortest paths solved         :     7487
  Columns generated             :    51543

Instance characteristics

  Resources                     : 3
  Node types                    : no
  Arc types                     : no
  Strong resource windows       : no
  Weak resource windows         : no
  Resource windows (nodes)      : 3
  Resource values (arcs)        : 3
  Values on nodes               : no

  Rows                          : 947
  Initial columns               : 412
  Tasks                         : 785
  Strong tasks                  : 535
  Weak tasks                    : 4
  Initial task constraints      : no
  Nodes                         : 1113
  Arc sets                      : 1
  Arcs                          : 28861
  Networks                      : 2
  Models                        : 1

Memory used per module (Megs)

  Parser (reused)               :      6.062
  Networks                      :     30.272
  Column generator              :      7.871
  Master problem                :      9.390
  -----------------
  Total                         :     47.533

Cpu time per module (seconds)

  Parser                        :        0.0
  Preprocessor                  :        0.0
  Lr solver manager             :        0.1
  Column generator              :       58.3
    (Shortest path)             :       49.4
  Master problem                :       83.3
  -------------------
  Total (without b&b)           :      141.7

Real elapsed time (seconds)

  Parser                        :        0.0
  Preprocessor                  :        0.0
  Lr solver manager             :        0.2
  Column generator              :       58.4
    (Shortest path)             :       49.4
  Master problem                :       83.4
  -------------------
  Total (without b&b)           :      141.9
