
Branch and bound

  Entire solving process        :                           (Time    494.9)
  No feasible solution was found
  Best relaxation cost          :     54112.97 (Node     0) (Time    494.9)
  Lower bound after cuts        :     54112.97
  End lower bound               :     54112.97
  Deepest level reached         : 0
  Deepest real level reached    : 0
  Number of real nodes solved   : 1
  Stopping condition            : enough nodes explored

Problem identification

  Problem                       : <null>
  Machine                       : oslo4.gerad.lan

Solving process summary

  Linear relaxations            :        1
  Column generation iterations  :      214
  Shortest paths solved         :     4807
  Columns generated             :    54329

Instance characteristics

  Resources                     : 3
  Node types                    : no
  Arc types                     : no
  Strong resource windows       : no
  Weak resource windows         : no
  Resource windows (nodes)      : 3
  Resource values (arcs)        : 3
  Values on nodes               : no

  Rows                          : 947
  Initial columns               : 2
  Tasks                         : 785
  Strong tasks                  : 781
  Weak tasks                    : 4
  Initial task constraints      : no
  Nodes                         : 1113
  Arc sets                      : 1
  Arcs                          : 28861
  Networks                      : 2
  Models                        : 1

Memory used per module (Megs)

  Parser (reused)               :      6.062
  Networks                      :     27.971
  Column generator              :      9.203
  Master problem                :      9.300
  -----------------
  Total                         :     46.473

Cpu time per module (seconds)

  Parser                        :        0.0
  Preprocessor                  :        0.0
  Lr solver manager             :        0.1
  Column generator              :       92.9
    (Shortest path)             :       86.3
  Master problem                :      401.8
  -------------------
  Total (without b&b)           :      494.8

Real elapsed time (seconds)

  Parser                        :        0.0
  Preprocessor                  :        0.0
  Lr solver manager             :        0.2
  Column generator              :       92.9
    (Shortest path)             :       86.4
  Master problem                :      401.8
  -------------------
  Total (without b&b)           :      494.8
