
Branch and bound

  Entire solving process        :                           (Time    154.8)
  No feasible solution was found
  Best relaxation cost          :     43341.48 (Node     0) (Time    154.8)
  Lower bound after cuts        :     43341.48
  End lower bound               :     43341.48
  Deepest level reached         : 0
  Deepest real level reached    : 0
  Number of real nodes solved   : 1
  Stopping condition            : enough nodes explored

Problem identification

  Problem                       : <null>
  Machine                       : oslo5.gerad.lan

Solving process summary

  Linear relaxations            :        1
  Column generation iterations  :      158
  Shortest paths solved         :     3733
  Columns generated             :    42675

Instance characteristics

  Resources                     : 3
  Node types                    : no
  Arc types                     : no
  Strong resource windows       : no
  Weak resource windows         : no
  Resource windows (nodes)      : 3
  Resource values (arcs)        : 3
  Values on nodes               : no

  Rows                          : 898
  Initial columns               : 2
  Tasks                         : 736
  Strong tasks                  : 732
  Weak tasks                    : 4
  Initial task constraints      : no
  Nodes                         : 1064
  Arc sets                      : 1
  Arcs                          : 25523
  Networks                      : 2
  Models                        : 1

Memory used per module (Megs)

  Parser (reused)               :      5.456
  Networks                      :     26.518
  Column generator              :     11.382
  Master problem                :      9.126
  -----------------
  Total                         :     47.026

Cpu time per module (seconds)

  Parser                        :        0.0
  Preprocessor                  :        0.0
  Lr solver manager             :        0.1
  Column generator              :       41.6
    (Shortest path)             :       37.2
  Master problem                :      113.0
  -------------------
  Total (without b&b)           :      154.7

Real elapsed time (seconds)

  Parser                        :        0.0
  Preprocessor                  :        0.0
  Lr solver manager             :        0.1
  Column generator              :       41.6
    (Shortest path)             :       37.2
  Master problem                :      113.1
  -------------------
  Total (without b&b)           :      154.8
