
Branch and bound

  Entire solving process        :                           (Time    111.4)
  No feasible solution was found
  Best relaxation cost          :     41814.78 (Node     0) (Time    111.4)
  Lower bound after cuts        :     41814.78
  End lower bound               :     41814.78
  Deepest level reached         : 0
  Deepest real level reached    : 0
  Number of real nodes solved   : 1
  Stopping condition            : enough nodes explored

Problem identification

  Problem                       : <null>
  Machine                       : oslo3.gerad.lan

Solving process summary

  Linear relaxations            :        1
  Column generation iterations  :      122
  Shortest paths solved         :     5369
  Columns generated             :    46518

Instance characteristics

  Resources                     : 3
  Node types                    : no
  Arc types                     : no
  Strong resource windows       : no
  Weak resource windows         : no
  Resource windows (nodes)      : 3
  Resource values (arcs)        : 3
  Values on nodes               : no

  Rows                          : 898
  Initial columns               : 349
  Tasks                         : 736
  Strong tasks                  : 526
  Weak tasks                    : 4
  Initial task constraints      : no
  Nodes                         : 1064
  Arc sets                      : 1
  Arcs                          : 25523
  Networks                      : 2
  Models                        : 1

Memory used per module (Megs)

  Parser (reused)               :      5.456
  Networks                      :     28.697
  Column generator              :      7.750
  Master problem                :      9.285
  -----------------
  Total                         :     45.731

Cpu time per module (seconds)

  Parser                        :        0.0
  Preprocessor                  :        0.0
  Lr solver manager             :        0.1
  Column generator              :       42.9
    (Shortest path)             :       39.0
  Master problem                :       68.3
  -------------------
  Total (without b&b)           :      111.4

Real elapsed time (seconds)

  Parser                        :        0.0
  Preprocessor                  :        0.0
  Lr solver manager             :        0.1
  Column generator              :       43.0
    (Shortest path)             :       39.0
  Master problem                :       68.3
  -------------------
  Total (without b&b)           :      111.4
