
Branch and bound

  Entire solving process        :                           (Time     92.4)
  No feasible solution was found
  Best relaxation cost          :     33196.20 (Node     0) (Time     92.4)
  Lower bound after cuts        :     33196.20
  End lower bound               :     33196.20
  Deepest level reached         : 0
  Deepest real level reached    : 0
  Number of real nodes solved   : 1
  Stopping condition            : enough nodes explored

Problem identification

  Problem                       : <null>
  Machine                       : oslo2.gerad.lan

Solving process summary

  Linear relaxations            :        1
  Column generation iterations  :      156
  Shortest paths solved         :     2896
  Columns generated             :    28239

Instance characteristics

  Resources                     : 3
  Node types                    : no
  Arc types                     : no
  Strong resource windows       : no
  Weak resource windows         : no
  Resource windows (nodes)      : 3
  Resource values (arcs)        : 3
  Values on nodes               : no

  Rows                          : 714
  Initial columns               : 2
  Tasks                         : 552
  Strong tasks                  : 548
  Weak tasks                    : 4
  Initial task constraints      : no
  Nodes                         : 880
  Arc sets                      : 1
  Arcs                          : 15603
  Networks                      : 2
  Models                        : 1

Memory used per module (Megs)

  Parser (reused)               :      3.519
  Networks                      :     20.585
  Column generator              :      4.843
  Master problem                :      7.394
  -----------------
  Total                         :     32.822

Cpu time per module (seconds)

  Parser                        :        0.0
  Preprocessor                  :        0.0
  Lr solver manager             :        0.1
  Column generator              :       12.4
    (Shortest path)             :       11.0
  Master problem                :       79.8
  -------------------
  Total (without b&b)           :       92.4

Real elapsed time (seconds)

  Parser                        :        0.0
  Preprocessor                  :        0.0
  Lr solver manager             :        0.0
  Column generator              :       12.6
    (Shortest path)             :       11.0
  Master problem                :       79.9
  -------------------
  Total (without b&b)           :       92.5
