
Branch and bound

  Entire solving process        :                           (Time    147.7)
  No feasible solution was found
  Best relaxation cost          :     49787.16 (Node     0) (Time    147.7)
  Lower bound after cuts        :     49787.16
  End lower bound               :     49787.16
  Deepest level reached         : 0
  Deepest real level reached    : 0
  Number of real nodes solved   : 1
  Stopping condition            : enough nodes explored

Problem identification

  Problem                       : <null>
  Machine                       : oslo4.gerad.lan

Solving process summary

  Linear relaxations            :        1
  Column generation iterations  :      123
  Shortest paths solved         :     6649
  Columns generated             :    50448

Instance characteristics

  Resources                     : 3
  Node types                    : no
  Arc types                     : no
  Strong resource windows       : no
  Weak resource windows         : no
  Resource windows (nodes)      : 3
  Resource values (arcs)        : 3
  Values on nodes               : no

  Rows                          : 951
  Initial columns               : 365
  Tasks                         : 789
  Strong tasks                  : 572
  Weak tasks                    : 4
  Initial task constraints      : no
  Nodes                         : 1117
  Arc sets                      : 1
  Arcs                          : 28940
  Networks                      : 2
  Models                        : 1

Memory used per module (Megs)

  Parser (reused)               :      6.183
  Networks                      :     30.393
  Column generator              :      6.902
  Master problem                :      9.640
  -----------------
  Total                         :     46.934

Cpu time per module (seconds)

  Parser                        :        0.0
  Preprocessor                  :        0.0
  Lr solver manager             :        0.1
  Column generator              :       52.6
    (Shortest path)             :       46.9
  Master problem                :       95.0
  -------------------
  Total (without b&b)           :      147.7

Real elapsed time (seconds)

  Parser                        :        0.0
  Preprocessor                  :        0.0
  Lr solver manager             :        0.1
  Column generator              :       52.6
    (Shortest path)             :       46.8
  Master problem                :       95.0
  -------------------
  Total (without b&b)           :      147.7
