
Branch and bound

  Entire solving process        :                           (Time    639.8)
  No feasible solution was found
  Best relaxation cost          :     49913.21 (Node     0) (Time    639.8)
  Lower bound after cuts        :     49913.21
  End lower bound               :     49913.21
  Deepest level reached         : 0
  Deepest real level reached    : 0
  Number of real nodes solved   : 1
  Stopping condition            : enough nodes explored

Problem identification

  Problem                       : <null>
  Machine                       : oslo1.gerad.lan

Solving process summary

  Linear relaxations            :        1
  Column generation iterations  :      210
  Shortest paths solved         :     4409
  Columns generated             :    48507

Instance characteristics

  Resources                     : 3
  Node types                    : no
  Arc types                     : no
  Strong resource windows       : no
  Weak resource windows         : no
  Resource windows (nodes)      : 3
  Resource values (arcs)        : 3
  Values on nodes               : no

  Rows                          : 951
  Initial columns               : 2
  Tasks                         : 789
  Strong tasks                  : 785
  Weak tasks                    : 4
  Initial task constraints      : no
  Nodes                         : 1117
  Arc sets                      : 1
  Arcs                          : 28940
  Networks                      : 2
  Models                        : 1

Memory used per module (Megs)

  Parser (reused)               :      6.062
  Networks                      :     28.213
  Column generator              :     10.050
  Master problem                :      9.534
  -----------------
  Total                         :     47.797

Cpu time per module (seconds)

  Parser                        :        0.0
  Preprocessor                  :        0.0
  Lr solver manager             :        0.2
  Column generator              :       75.2
    (Shortest path)             :       63.7
  Master problem                :      564.3
  -------------------
  Total (without b&b)           :      639.8

Real elapsed time (seconds)

  Parser                        :        0.0
  Preprocessor                  :        0.0
  Lr solver manager             :        0.3
  Column generator              :       75.1
    (Shortest path)             :       63.6
  Master problem                :      564.4
  -------------------
  Total (without b&b)           :      639.8
