Cover_T0 52
Cover_T1 -52
Cover_T2 52
Cover_T3 -52
Cover_T4 52
Cover_T5 -52
Cover_T6 52
Cover_T7 -52
Cover_T8 52
Cover_T9 -52
Cover_T10 56
Cover_T11 -52
Cover_T12 56
Cover_T13 -48
Cover_T14 52
Cover_T15 -48
Cover_T16 56
Cover_T17 -48
Cover_T18 58
Cover_T19 -48
Cover_T20 58
Cover_T21 -44
Cover_T22 58
Cover_T23 -44
Cover_T24 58
Cover_T25 -42
Cover_T26 62
Cover_T27 -36
Cover_T28 60
Cover_T29 -34
Cover_T30 60
Cover_T31 -22
Cover_T32 58
Cover_T33 -22
Cover_T34 58
Cover_T35 20
Cover_T36 54
Cover_T37 4
Cover_T38 58
Cover_T39 -10
Cover_T40 42
Cover_T41 30
Cover_T42 1030
Cover_T43 948
Cover_T44 972
Cover_T45 948
Cover_T46 1006
Cover_T47 952
Cover_T48 1004
Cover_T49 956
Cover_T50 974
Cover_T51 -32
Cover_T52 62
Cover_T53 -16
Cover_T54 46
Cover_T55 -30
Cover_T56 6
Cover_T57 -36
Cover_T58 48
Cover_T59 -38
Cover_T60 24
Cover_T61 -18
Cover_T62 4
Cover_T63 2
Cover_T64 8
Cover_T65 -36
Cover_T66 8
Cover_T67 -8
Cover_T68 8
Cover_T69 -4
Cover_T70 8
Cover_T71 0
Cover_T72 -16
Cover_T73 -4.77485e-12
Cover_T74 -44
Cover_T75 5.29288e-12
Cover_T76 0
Cover_T77 24
Cover_T78 -18
Cover_T79 52
Cover_T80 -46
Cover_T81 8
Cover_T82 -4
Cover_T83 20
Cover_T84 16
Cover_T85 36
Cover_T86 0
Cover_T87 52
Cover_T88 -16
Cover_T89 -2
Cover_T90 44
Cover_T91 14
Cover_T92 28
Cover_T93 -6
Cover_T94 44
Cover_T95 10
Cover_T96 28
Cover_T97 26
Cover_T98 6
Cover_T99 -22
Cover_T100 0
Cover_T101 -26
Cover_T102 4
Cover_T103 2
Cover_T104 -14
Cover_T105 8
Cover_T106 -42
Cover_T107 4
Cover_T108 8
Cover_T109 22
Cover_T110 -20
Cover_T111 50
Cover_T112 28
Cover_T113 0
Cover_T114 4
Cover_T115 28
Cover_T116 -1.26601e-11
Cover_T117 -20
Cover_T118 -8
Cover_T119 4
Cover_T120 -20
Cover_T121 8
Cover_T122 -48
Cover_T123 16
Cover_T124 -42
Cover_T125 20
Cover_T126 20
Cover_T127 48
Cover_T128 0
Cover_T129 32
Cover_T130 -6
Cover_T131 50
Cover_T132 0
Cover_T133 -4
Cover_T134 2
Cover_T135 20
Cover_T136 -6.66269e-10
Cover_T137 4
Cover_T138 2
Cover_T139 12
Cover_T140 8
Cover_T141 30
Cover_T142 28
Cover_T143 34
Cover_T144 36
Cover_T145 38
Cover_T146 18
Cover_T147 24
Cover_T148 0
Cover_T149 4
Cover_T150 18
Cover_T151 4
Cover_T152 14
Cover_T153 14
Cover_T154 0
Cover_T155 32
Cover_T156 14
Cover_T157 14
Cover_T158 -18
Cover_T159 6
Cover_T160 6
Cover_T161 18
Cover_T162 6
Cover_T163 2
Cover_T164 2
Cover_T165 18
Cover_T166 0
Cover_T167 36
Cover_T168 4
Cover_T169 4
Cover_T170 0
Cover_T171 10
Cover_T172 0
Cover_T173 12
Cover_T174 -4
Cover_T175 6
Cover_T176 -5.05736e-10
Cover_T177 6
Cover_T178 -40
Cover_T179 26
Cover_T180 2.81887e-10
Cover_T181 38
Cover_T182 2.98117e-11
Cover_T183 58
Cover_T184 -18
Cover_T185 50
Cover_T186 -38
Cover_T187 24
Cover_T188 -12
Cover_T189 24
Cover_T190 -10
Cover_T191 48
Cover_T192 -2
Cover_T193 74
Cover_T194 -30
Cover_T195 48
Cover_T196 -16
Cover_T197 48
Cover_T198 -16
Cover_T199 40
Cover_T200 -24
Cover_T201 64
Cover_T202 -36
Cover_T203 56
Cover_T204 -24
Cover_T205 54
Cover_T206 -32
Cover_T207 54
Cover_T208 -34
Cover_T209 72
Cover_T210 -34
Cover_T211 60
Cover_T212 -38
Cover_T213 60
Cover_T214 -44
Cover_T215 60
Cover_T216 -44
Cover_T217 52
Cover_T218 -52
Cover_T219 56
Cover_T220 -48
Cover_T221 54
Cover_T222 -48
Cover_T223 58
Cover_T224 -44
Cover_T225 58
Cover_T226 -42
Cover_T227 60
Cover_T228 -36
Cover_T229 60
Cover_T230 -34
Cover_T231 58
Cover_T232 -22
Cover_T233 58
Cover_T234 -26
Cover_T235 52
Cover_T236 16
Cover_T237 50
Cover_T238 0
Cover_T239 42
Cover_T240 -14
Cover_T241 38
Cover_T242 26
Cover_T243 984
Cover_T244 944
Cover_T245 984
Cover_T246 940
Cover_T247 1016
Cover_T248 952
Cover_T249 960
Cover_T250 -36
Cover_T251 52
Cover_T252 -20
Cover_T253 58
Cover_T254 -26
Cover_T255 18
Cover_T256 -24
Cover_T257 40
Cover_T258 -18
Cover_T259 12
Cover_T260 10
Cover_T261 8
Cover_T262 -24
Cover_T263 -3.29123e-11
Cover_T264 -4
Cover_T265 0
Cover_T266 -8
Cover_T267 0
Cover_T268 0
Cover_T269 8
Cover_T270 1.36627e-11
Cover_T271 -8
Cover_T272 -1.52067e-11
Cover_T273 -28
Cover_T274 -4
Cover_T275 16
Cover_T276 20
Cover_T277 -2
Cover_T278 48
Cover_T279 -30
Cover_T280 4
Cover_T281 12
Cover_T282 22
Cover_T283 20
Cover_T284 50
Cover_T285 -8
Cover_T286 8
Cover_T287 40
Cover_T288 -1.193e-11
Cover_T289 44
Cover_T290 28
Cover_T291 22
Cover_T292 -32
Cover_T293 6
Cover_T294 -16
Cover_T295 12
Cover_T296 -32
Cover_T297 -4
Cover_T298 -16
Cover_T299 12
Cover_T300 -2.31466e-10
Cover_T301 -4
Cover_T302 -6
Cover_T303 -10
Cover_T304 10
Cover_T305 -26
Cover_T306 0
Cover_T307 24
Cover_T308 18
Cover_T309 -4
Cover_T310 46
Cover_T311 44
Cover_T312 -4
Cover_T313 20
Cover_T314 24
Cover_T315 16
Cover_T316 -24
Cover_T317 8
Cover_T318 -3.97904e-11
Cover_T319 -4
Cover_T320 4
Cover_T321 -32
Cover_T322 12
Cover_T323 -30
Cover_T324 24
Cover_T325 24
Cover_T326 60
Cover_T327 0
Cover_T328 50
Cover_T329 8
Cover_T330 8
Cover_T331 0
Cover_T332 22
Cover_T333 0
Cover_T334 16
Cover_T335 0
Cover_T336 18
Cover_T337 0
Cover_T338 24
Cover_T339 20
Cover_T340 18
Cover_T341 24
Cover_T342 22
Cover_T343 10
Cover_T344 2
Cover_T345 18
Cover_T346 0
Cover_T347 12
Cover_T348 28
Cover_T349 18
Cover_T350 18
Cover_T351 -14
Cover_T352 12
Cover_T353 4
Cover_T354 12
Cover_T355 0
Cover_T356 40
Cover_T357 4
Cover_T358 10
Cover_T359 2
Cover_T360 8
Cover_T361 -4
Cover_T362 4
Cover_T363 2.98698e-10
Cover_T364 8
Cover_T365 -16
Cover_T366 8
Cover_T367 -6
Cover_T368 12
Cover_T369 -22
Cover_T370 8
Cover_T371 -38
Cover_T372 24
Cover_T373 -26
Cover_T374 14
Cover_T375 -44
Cover_T376 34
Cover_T377 -12
Cover_T378 60
Cover_T379 -10
Cover_T380 52
Cover_T381 -30
Cover_T382 36
Cover_T383 -10
Cover_T384 32
Cover_T385 -8
Cover_T386 44
Cover_T387 -10
Cover_T388 60
Cover_T389 -16
Cover_T390 42
Cover_T391 -36
Cover_T392 38
Cover_T393 -14
Cover_T394 40
Cover_T395 -24
Cover_T396 48
Cover_T397 -24
Cover_T398 60
Cover_T399 -24
Cover_T400 48
Cover_T401 -44
Cover_T402 42
Cover_T403 -32
Cover_T404 46
Cover_T405 -36
Cover_T406 64
Cover_T407 -42
Cover_T408 52
Cover_T409 -44
Cover_T410 54
Cover_T411 -50
Cover_T412 54
Cover_T413 -50
Cover_T414 62
Cover_T415 -36
Cover_T416 62
Cover_T417 -34
Cover_T418 60
Cover_T419 -22
Cover_T420 60
Cover_T421 -22
Cover_T422 58
Cover_T423 20
Cover_T424 58
Cover_T425 0
Cover_T426 56
Cover_T427 -14
Cover_T428 50
Cover_T429 26
Cover_T430 1026
Cover_T431 940
Cover_T432 1010
Cover_T433 940
Cover_T434 1010
Cover_T435 944
Cover_T436 986
Cover_T437 952
Cover_T438 986
Cover_T439 944
Cover_T440 1010
Cover_T441 948
Cover_T442 1010
Cover_T443 952
Cover_T444 976
Cover_T445 -36
Cover_T446 42
Cover_T447 -24
Cover_T448 26
Cover_T449 -42
Cover_T450 2
Cover_T451 -22
Cover_T452 44
Cover_T453 -28
Cover_T454 24
Cover_T455 -30
Cover_T456 8
Cover_T457 -10
Cover_T458 -1.36804e-09
Cover_T459 10
Cover_T460 4
Cover_T461 -28
Cover_T462 12
Cover_T463 -8
Cover_T464 0
Cover_T465 0
Cover_T466 0
Cover_T467 8
Cover_T468 -16
Cover_T469 4
Cover_T470 -36
Cover_T471 -4
Cover_T472 16
Cover_T473 6
Cover_T474 -1.77547e-11
Cover_T475 2
Cover_T476 -6
Cover_T477 14
Cover_T478 -22
Cover_T479 30
Cover_T480 -38
Cover_T481 46
Cover_T482 16
Cover_T483 -10
Cover_T484 0
Cover_T485 6
Cover_T486 20
Cover_T487 12
Cover_T488 2
Cover_T489 32
Cover_T490 -18
Cover_T491 52
Cover_T492 38
Cover_T493 2
Cover_T494 18
Cover_T495 -14
Cover_T496 30
Cover_T497 6
Cover_T498 10
Cover_T499 26
Cover_T500 8
Cover_T501 -22
Cover_T502 12
Cover_T503 -26
Cover_T504 -6
Cover_T505 2
Cover_T506 -34
Cover_T507 8
Cover_T508 16
Cover_T509 -2
Cover_T510 -5.83213e-11
Cover_T511 14
Cover_T512 -16
Cover_T513 20
Cover_T514 44
Cover_T515 36
Cover_T516 28
Cover_T517 52
Cover_T518 16
Cover_T519 -10
Cover_T520 0
Cover_T521 6
Cover_T522 8
Cover_T523 24
Cover_T524 8
Cover_T525 -32
Cover_T526 -12
Cover_T527 -16
Cover_T528 -16
Cover_T529 4
Cover_T530 -36
Cover_T531 0
Cover_T532 -26
Cover_T533 0
Cover_T534 -46
Cover_T535 18
Cover_T536 20
Cover_T537 26
Cover_T538 4
Cover_T539 42
Cover_T540 2
Cover_T541 58
Cover_T542 12
Cover_T543 44
Cover_T544 12
Cover_T545 60
Cover_T546 2
Cover_T547 2
Cover_T548 -5.43425e-10
Cover_T549 18
Cover_T550 14
Cover_T551 34
Cover_T552 22
Cover_T553 28
Cover_T554 34
Cover_T555 26
Cover_T556 8
Cover_T557 40
Cover_T558 26
Cover_T559 32
Cover_T560 4
Cover_T561 24
Cover_T562 20
Cover_T563 0
Cover_T564 2
Cover_T565 18
Cover_T566 14
Cover_T567 6
Cover_T568 0
Cover_T569 12
Cover_T570 10
Cover_T571 26
Cover_T572 -4
Cover_T573 4
Cover_T574 -26
Cover_T575 22
Cover_T576 6
Cover_T577 10
Cover_T578 -4
Cover_T579 4
Cover_T580 0
Cover_T581 16
Cover_T582 2
Cover_T583 36
Cover_T584 0
Cover_T585 8
Cover_T586 2
Cover_T587 4
Cover_T588 2
Cover_T589 14
Cover_T590 -2
Cover_T591 6
Cover_T592 -30
Cover_T593 10
Cover_T594 -30
Cover_T595 18
Cover_T596 -6
Cover_T597 28
Cover_T598 -6
Cover_T599 48
Cover_T600 -26
Cover_T601 40
Cover_T602 -2
Cover_T603 74
Cover_T604 -2
Cover_T605 28
Cover_T606 -2
Cover_T607 38
Cover_T608 -12
Cover_T609 58
Cover_T610 -14
Cover_T611 50
Cover_T612 -12
Cover_T613 38
Cover_T614 -26
Cover_T615 64
Cover_T616 -24
Cover_T617 60
Cover_T618 -32
Cover_T619 50
Cover_T620 -32
Cover_T621 52
Cover_T622 -34
Cover_T623 74
Cover_T624 -36
Cover_T625 62
Cover_T626 -36
Cover_T627 62
Cover_T628 -42
Cover_T629 62
Cover_T630 28
Cover_T631 2
Cover_T632 28
Cover_T633 14
Cover_T634 22
Cover_T635 26
Cover_T636 14
Cover_T637 22
Cover_T638 12
Cover_T639 54
Cover_T640 4
Cover_T641 34
Cover_T642 0
Cover_T643 22
Cover_T644 0
Cover_T645 992
Cover_T646 0
Cover_T647 992
Cover_T648 1002
Cover_T649 1000
Cover_T650 1018
Cover_T651 992
Cover_T652 1014
Cover_T653 992
Cover_T654 60
Cover_T655 990
Cover_T656 60
Cover_T657 -34
Cover_T658 52
Cover_T659 2
Cover_T660 14
Cover_T661 60
Cover_T662 -14
Cover_T663 50
Cover_T664 0
Cover_T665 58
Cover_T666 24
Cover_T667 68
Cover_T668 0
Cover_T669 50
Cover_T670 82
Cover_T671 68
Cover_T672 58
Cover_T673 26
Cover_T674 62
Cover_T675 6
Cover_T676 38
Cover_T677 26
Cover_T678 56
Cover_T679 -26
Cover_T680 64
Cover_T681 2
Cover_T682 12
Cover_T683 0
Cover_T684 52
Cover_T685 26
Cover_T686 30
Count_D0 -984
Count_D1 -1000
Max_H0_P0 0
Max_H0_P1 0
Max_H0_P2 0
Max_H0_P3 0
Max_H0_P4 0
Max_H0_P5 -5.96856e-11
Max_H0_P6 -2
Max_H0_P7 0
Max_H0_P8 0
Max_H0_P9 0
Max_H0_P10 0
Max_H0_P11 0
Max_H0_P12 0
Max_H0_P13 0
Max_H0_P14 0
Max_H0_P15 -2.76259e-11
Max_H0_P16 2.32951e-11
Max_H0_P17 2.78817e-11
Max_H0_P18 -5.27378e-12
Max_H0_P19 2.9618e-12
Max_H0_P20 0
Max_H0_P21 -4.27347e-12
Max_H0_P22 1.33314e-11
Max_H0_P23 0
Max_H0_P24 1.66945e-12
Max_H0_P25 -1.29003e-12
Max_H0_P26 0
Max_H0_P27 6.51019e-12
Max_H0_P28 -9.83269e-12
Max_H0_P29 -3.17524e-13
Max_H0_P30 -1.86384e-12
Max_H0_P31 0
Max_H0_P32 2.19025e-12
Max_H0_P33 -1.32461e-12
Max_H0_P34 -9.07807e-12
Max_H0_P35 -3.71347e-12
Max_H0_P36 -2.07629e-11
Max_H0_P37 -3.93285e-12
Max_H0_P38 0
Max_H0_P39 -8.14983e-12
Max_H0_P40 0
Max_H0_P41 1.9873e-12
Max_H0_P42 -5.49338e-13
Max_H0_P43 0
Max_H0_P44 0
Max_H0_P45 0
Max_H0_P46 0
Max_H0_P47 0
Max_H0_P48 0
Max_H0_P49 0
Max_H0_P50 0
Max_H0_P51 0
Max_H0_P52 0
Max_H0_P53 0
Max_H0_P54 0
Max_H0_P55 0
Max_H0_P56 0
Max_H0_P57 0
Max_H0_P58 0
Max_H0_P59 0
Max_H0_P60 0
Max_H0_P61 0
Max_H0_P62 0
Max_H0_P63 0
Max_H0_P64 0
Max_H0_P65 0
Max_H0_P66 0
Max_H0_P67 0
Max_H0_P68 0
Max_H0_P69 0
Max_H0_P70 0
Max_H0_P71 0
Max_H0_P72 0
Max_H0_P73 0
Max_H0_P74 0
Max_H0_P75 0
Max_H0_P76 0
Max_H0_P77 0
Max_H0_P78 0
Max_H0_P79 0
Max_H0_P80 0
Max_H0_P81 0
Max_H1_P0 0
Max_H1_P1 0
Max_H1_P2 0
Max_H1_P3 0
Max_H1_P4 0
Max_H1_P5 -5.09469e-11
Max_H1_P6 -2
Max_H1_P7 -6.57354e-12
Max_H1_P8 0
Max_H1_P9 0
Max_H1_P10 0
Max_H1_P11 0
Max_H1_P12 0
Max_H1_P13 0
Max_H1_P14 0
Max_H1_P15 0
Max_H1_P16 0
Max_H1_P17 1.24487e-11
Max_H1_P18 -3.06111e-12
Max_H1_P19 5.1889e-12
Max_H1_P20 1.9523e-12
Max_H1_P21 1.77547e-11
Max_H1_P22 2.9618e-12
Max_H1_P23 -2.80999e-12
Max_H1_P24 1.06485e-11
Max_H1_P25 0
Max_H1_P26 0
Max_H1_P27 -1.35856e-11
Max_H1_P28 -3.11021e-11
Max_H1_P29 9.4067e-12
Max_H1_P30 0
Max_H1_P31 -6.25189e-12
Max_H1_P32 -5.30065e-12
Max_H1_P33 0
Max_H1_P34 0
Max_H1_P35 -1.53642e-11
Max_H1_P36 -2.00506e-12
Max_H1_P37 -7.72338e-12
Max_H1_P38 5.47828e-12
Max_H1_P39 1.85292e-11
Max_H1_P40 1.43796e-12
Max_H1_P41 -1.13687e-11
Max_H1_P42 1.1918e-11
Max_H1_P43 0
Max_H1_P44 -3.02158e-11
Max_H1_P45 0
Max_H1_P46 0
Max_H1_P47 0
Max_H1_P48 0
Max_H1_P49 0
Max_H1_P50 0
Max_H1_P51 0
Max_H1_P52 0
Max_H1_P53 0
Max_H1_P54 0
Max_H1_P55 0
Max_H1_P56 0
Max_H1_P57 0
Max_H1_P58 0
Max_H1_P59 1.08002e-12
Max_H1_P60 0
Max_H1_P61 -4.12115e-11
Max_H1_P62 0
Max_H1_P63 0
Max_H1_P64 0
Max_H1_P65 0
Max_H1_P66 0
Max_H1_P67 0
Max_H1_P68 0
Max_H1_P69 0
Max_H1_P70 0
Max_H1_P71 0
Max_H1_P72 0
Max_H1_P73 0
Max_H1_P74 0
Max_H1_P75 0
Max_H1_P76 0
Max_H1_P77 4.718e-12
Max_H1_P78 7.44279e-13
Max_H1_P79 0
Max_H1_P80 0
Max_H1_P81 0
