
Branch and bound

  Entire solving process        :                           (Time     76.0)
  No feasible solution was found
  Best relaxation cost          :     45450.23 (Node     0) (Time     76.0)
  Lower bound after cuts        :     45450.23
  End lower bound               :     45450.23
  Deepest level reached         : 0
  Deepest real level reached    : 0
  Number of real nodes solved   : 1
  Stopping condition            : enough nodes explored

Problem identification

  Problem                       : <null>
  Machine                       : oslo3.gerad.lan

Solving process summary

  Linear relaxations            :        1
  Column generation iterations  :      105
  Shortest paths solved         :     6226
  Columns generated             :    39872

Instance characteristics

  Resources                     : 3
  Node types                    : no
  Arc types                     : no
  Strong resource windows       : no
  Weak resource windows         : no
  Resource windows (nodes)      : 3
  Resource values (arcs)        : 3
  Values on nodes               : no

  Rows                          : 853
  Initial columns               : 368
  Tasks                         : 691
  Strong tasks                  : 478
  Weak tasks                    : 4
  Initial task constraints      : no
  Nodes                         : 1019
  Arc sets                      : 1
  Arcs                          : 22595
  Networks                      : 2
  Models                        : 1

Memory used per module (Megs)

  Parser (reused)               :      4.851
  Networks                      :     26.518
  Column generator              :      4.238
  Master problem                :      8.468
  -----------------
  Total                         :     39.224

Cpu time per module (seconds)

  Parser                        :        0.0
  Preprocessor                  :        0.0
  Lr solver manager             :        0.1
  Column generator              :       26.1
    (Shortest path)             :       22.4
  Master problem                :       49.7
  -------------------
  Total (without b&b)           :       75.9

Real elapsed time (seconds)

  Parser                        :        0.0
  Preprocessor                  :        0.0
  Lr solver manager             :        0.0
  Column generator              :       26.1
    (Shortest path)             :       22.8
  Master problem                :       49.8
  -------------------
  Total (without b&b)           :       75.9
