Cover_T0 52
Cover_T1 -52
Cover_T2 52
Cover_T3 -52
Cover_T4 52
Cover_T5 -52
Cover_T6 52
Cover_T7 -52
Cover_T8 52
Cover_T9 -48
Cover_T10 54
Cover_T11 -52
Cover_T12 64
Cover_T13 -38
Cover_T14 64
Cover_T15 -38
Cover_T16 54
Cover_T17 -38
Cover_T18 50
Cover_T19 -32
Cover_T20 66
Cover_T21 -10
Cover_T22 62
Cover_T23 52
Cover_T24 48
Cover_T25 32
Cover_T26 994
Cover_T27 8
Cover_T28 982
Cover_T29 944
Cover_T30 956
Cover_T31 932
Cover_T32 964
Cover_T33 1.28431e-11
Cover_T34 964
Cover_T35 4
Cover_T36 -3.82208e-11
Cover_T37 -28
Cover_T38 52
Cover_T39 -8
Cover_T40 16
Cover_T41 28
Cover_T42 0
Cover_T43 -36
Cover_T44 2
Cover_T45 -12
Cover_T46 -6
Cover_T47 -2.48193e-11
Cover_T48 -30
Cover_T49 22
Cover_T50 4
Cover_T51 20
Cover_T52 4
Cover_T53 28
Cover_T54 4
Cover_T55 52
Cover_T56 36
Cover_T57 18
Cover_T58 12
Cover_T59 18
Cover_T60 -12
Cover_T61 18
Cover_T62 2
Cover_T63 -10
Cover_T64 6
Cover_T65 18
Cover_T66 0
Cover_T67 6
Cover_T68 0
Cover_T69 2
Cover_T70 34
Cover_T71 8
Cover_T72 6
Cover_T73 8
Cover_T74 0
Cover_T75 -26
Cover_T76 -6
Cover_T77 2
Cover_T78 8
Cover_T79 6
Cover_T80 26
Cover_T81 8
Cover_T82 2
Cover_T83 10
Cover_T84 -22
Cover_T85 14
Cover_T86 0
Cover_T87 -4
Cover_T88 26
Cover_T89 26
Cover_T90 1.10251e-10
Cover_T91 16
Cover_T92 -4
Cover_T93 2
Cover_T94 -40
Cover_T95 36
Cover_T96 8
Cover_T97 28
Cover_T98 24
Cover_T99 52
Cover_T100 0
Cover_T101 60
Cover_T102 34
Cover_T103 32
Cover_T104 8
Cover_T105 22
Cover_T106 2
Cover_T107 -2
Cover_T108 0
Cover_T109 26
Cover_T110 0
Cover_T111 26
Cover_T112 -28
Cover_T113 36
Cover_T114 0
Cover_T115 24
Cover_T116 28
Cover_T117 54
Cover_T118 20
Cover_T119 76
Cover_T120 20
Cover_T121 34
Cover_T122 -6.92637e-11
Cover_T123 20
Cover_T124 6
Cover_T125 20
Cover_T126 4
Cover_T127 30
Cover_T128 10
Cover_T129 40
Cover_T130 -24
Cover_T131 36
Cover_T132 -8
Cover_T133 36
Cover_T134 -18
Cover_T135 36
Cover_T136 -12
Cover_T137 56
Cover_T138 -22
Cover_T139 32
Cover_T140 -28
Cover_T141 52
Cover_T142 -36
Cover_T143 50
Cover_T144 -36
Cover_T145 54
Cover_T146 -38
Cover_T147 50
Cover_T148 -42
Cover_T149 50
Cover_T150 -30
Cover_T151 52
Cover_T152 -30
Cover_T153 52
Cover_T154 -34
Cover_T155 54
Cover_T156 -34
Cover_T157 56
Cover_T158 -38
Cover_T159 58
Cover_T160 -38
Cover_T161 50
Cover_T162 -36
Cover_T163 50
Cover_T164 -38
Cover_T165 64
Cover_T166 -42
Cover_T167 52
Cover_T168 52
Cover_T169 -52
Cover_T170 54
Cover_T171 -48
Cover_T172 64
Cover_T173 -38
Cover_T174 70
Cover_T175 -38
Cover_T176 54
Cover_T177 -32
Cover_T178 54
Cover_T179 -22
Cover_T180 40
Cover_T181 44
Cover_T182 42
Cover_T183 20
Cover_T184 970
Cover_T185 0
Cover_T186 908
Cover_T187 944
Cover_T188 976
Cover_T189 0
Cover_T190 976
Cover_T191 0
Cover_T192 28
Cover_T193 -40
Cover_T194 -8
Cover_T195 -12
Cover_T196 52
Cover_T197 1.24411e-10
Cover_T198 24
Cover_T199 28
Cover_T200 4
Cover_T201 -24
Cover_T202 -4
Cover_T203 0
Cover_T204 -24
Cover_T205 8
Cover_T206 0
Cover_T207 20
Cover_T208 0
Cover_T209 44
Cover_T210 0
Cover_T211 10
Cover_T212 32
Cover_T213 10
Cover_T214 8
Cover_T215 10
Cover_T216 -16
Cover_T217 -22
Cover_T218 -7.75984e-11
Cover_T219 2
Cover_T220 8
Cover_T221 26
Cover_T222 6
Cover_T223 10
Cover_T224 10
Cover_T225 2
Cover_T226 46
Cover_T227 8
Cover_T228 18
Cover_T229 8
Cover_T230 12
Cover_T231 -26
Cover_T232 6
Cover_T233 2
Cover_T234 0
Cover_T235 8
Cover_T236 -8
Cover_T237 14
Cover_T238 6
Cover_T239 0
Cover_T240 -22
Cover_T241 -14
Cover_T242 -4
Cover_T243 14
Cover_T244 20
Cover_T245 38
Cover_T246 6
Cover_T247 16
Cover_T248 -18
Cover_T249 -10
Cover_T250 -10
Cover_T251 4
Cover_T252 -34
Cover_T253 36
Cover_T254 8
Cover_T255 44
Cover_T256 12
Cover_T257 8
Cover_T258 32
Cover_T259 4
Cover_T260 -4
Cover_T261 0
Cover_T262 0
Cover_T263 10
Cover_T264 6
Cover_T265 34
Cover_T266 10
Cover_T267 30
Cover_T268 -16
Cover_T269 28
Cover_T270 6
Cover_T271 36
Cover_T272 12
Cover_T273 32
Cover_T274 12
Cover_T275 28
Cover_T276 -4
Cover_T277 12
Cover_T278 2
Cover_T279 52
Cover_T280 -16
Cover_T281 42
Cover_T282 -4
Cover_T283 46
Cover_T284 -12
Cover_T285 50
Cover_T286 -28
Cover_T287 36
Cover_T288 -24
Cover_T289 28
Cover_T290 -34
Cover_T291 32
Cover_T292 -30
Cover_T293 28
Cover_T294 -44
Cover_T295 34
Cover_T296 -36
Cover_T297 32
Cover_T298 -28
Cover_T299 54
Cover_T300 -28
Cover_T301 58
Cover_T302 -30
Cover_T303 54
Cover_T304 -34
Cover_T305 56
Cover_T306 -40
Cover_T307 52
Cover_T308 -38
Cover_T309 48
Cover_T310 -38
Cover_T311 46
Cover_T312 -34
Cover_T313 44
Cover_T314 -34
Cover_T315 42
Cover_T316 -36
Cover_T317 42
Cover_T318 -36
Cover_T319 44
Cover_T320 -36
Cover_T321 58
Cover_T322 -40
Cover_T323 56
Cover_T324 -38
Cover_T325 62
Cover_T326 -42
Cover_T327 64
Cover_T328 -42
Cover_T329 62
Cover_T330 -38
Cover_T331 60
Cover_T332 -32
Cover_T333 52
Cover_T334 -36
Cover_T335 54
Cover_T336 52
Cover_T337 50
Cover_T338 28
Cover_T339 984
Cover_T340 8
Cover_T341 992
Cover_T342 948
Cover_T343 1026
Cover_T344 948
Cover_T345 944
Cover_T346 948
Cover_T347 944
Cover_T348 4
Cover_T349 960
Cover_T350 4
Cover_T351 -4
Cover_T352 -36
Cover_T353 46
Cover_T354 -8
Cover_T355 16
Cover_T356 4
Cover_T357 -9.43601e-12
Cover_T358 32
Cover_T359 2
Cover_T360 -32
Cover_T361 -6
Cover_T362 -8
Cover_T363 -30
Cover_T364 2
Cover_T365 4
Cover_T366 0
Cover_T367 4
Cover_T368 10
Cover_T369 -6.5036e-11
Cover_T370 38
Cover_T371 28
Cover_T372 8
Cover_T373 1.24403e-11
Cover_T374 12
Cover_T375 12
Cover_T376 16
Cover_T377 0
Cover_T378 -20
Cover_T379 0
Cover_T380 0
Cover_T381 2
Cover_T382 20
Cover_T383 10
Cover_T384 0
Cover_T385 52
Cover_T386 8
Cover_T387 32
Cover_T388 8
Cover_T389 10
Cover_T390 10
Cover_T391 8
Cover_T392 6
Cover_T393 6
Cover_T394 -32
Cover_T395 4
Cover_T396 -8
Cover_T397 -1.09583e-11
Cover_T398 -6
Cover_T399 16
Cover_T400 0
Cover_T401 -12
Cover_T402 6
Cover_T403 6
Cover_T404 14
Cover_T405 28
Cover_T406 0
Cover_T407 0
Cover_T408 26
Cover_T409 -14
Cover_T410 4
Cover_T411 -6
Cover_T412 -22
Cover_T413 -30
Cover_T414 4
Cover_T415 -36
Cover_T416 24
Cover_T417 0
Cover_T418 12
Cover_T419 24
Cover_T420 24
Cover_T421 8
Cover_T422 48
Cover_T423 28
Cover_T424 64
Cover_T425 28
Cover_T426 68
Cover_T427 18
Cover_T428 18
Cover_T429 1.84443e-10
Cover_T430 4
Cover_T431 8
Cover_T432 26
Cover_T433 6
Cover_T434 2
Cover_T435 12
Cover_T436 26
Cover_T437 -16
Cover_T438 32
Cover_T439 6
Cover_T440 36
Cover_T441 26
Cover_T442 38
Cover_T443 20
Cover_T444 56
Cover_T445 20
Cover_T446 70
Cover_T447 -2.69438e-11
Cover_T448 48
Cover_T449 20
Cover_T450 20
Cover_T451 6
Cover_T452 34
Cover_T453 4
Cover_T454 48
Cover_T455 -8
Cover_T456 36
Cover_T457 -4
Cover_T458 44
Cover_T459 -12
Cover_T460 52
Cover_T461 -22
Cover_T462 40
Cover_T463 -22
Cover_T464 28
Cover_T465 -46
Cover_T466 32
Cover_T467 -42
Cover_T468 32
Cover_T469 -34
Cover_T470 32
Cover_T471 -30
Cover_T472 54
Cover_T473 -28
Cover_T474 50
Cover_T475 -28
Cover_T476 42
Cover_T477 -28
Cover_T478 40
Cover_T479 -34
Cover_T480 38
Cover_T481 -38
Cover_T482 52
Cover_T483 -34
Cover_T484 40
Cover_T485 -34
Cover_T486 58
Cover_T487 -44
Cover_T488 46
Cover_T489 -36
Cover_T490 64
Cover_T491 -38
Cover_T492 66
Cover_T493 -38
Cover_T494 54
Cover_T495 -50
Cover_T496 52
Cover_T497 10
Cover_T498 16
Cover_T499 16
Cover_T500 24
Cover_T501 4
Cover_T502 28
Cover_T503 90
Cover_T504 42
Cover_T505 42
Cover_T506 1034
Cover_T507 994
Cover_T508 1032
Cover_T509 980
Cover_T510 946
Cover_T511 956
Cover_T512 994
Cover_T513 -20
Cover_T514 42
Cover_T515 60
Cover_T516 -2
Cover_T517 64
Cover_T518 7.76978e-11
Cover_T519 36
Cover_T520 0
Cover_T521 70
Cover_T522 0
Cover_T523 40
Cover_T524 0
Cover_T525 68
Cover_T526 52
Cover_T527 58
Cover_T528 56
Cover_T529 40
Cover_T530 78
Cover_T531 70
Cover_T532 48
Cover_T533 6.04218e-11
Cover_T534 54
Cover_T535 0
Cover_T536 36
Cover_T537 8.02132e-11
Cover_T538 0
Cover_T539 2
Cover_T540 42
Cover_T541 22
Cover_T542 36
Cover_T543 58
Count_D0 -984
Count_D1 -1000
Max_H0_P0 0
Max_H0_P1 0
Max_H0_P2 0
Max_H0_P3 0
Max_H0_P4 0
Max_H0_P5 0
Max_H0_P6 0
Max_H0_P7 0
Max_H0_P8 0
Max_H0_P9 0
Max_H0_P10 0
Max_H0_P11 0
Max_H0_P12 0
Max_H0_P13 0
Max_H0_P14 0
Max_H0_P15 0
Max_H0_P16 0
Max_H0_P17 3.74278e-12
Max_H0_P18 0
Max_H0_P19 -6.63056e-12
Max_H0_P20 0
Max_H0_P21 0
Max_H0_P22 0
Max_H0_P23 0
Max_H0_P24 7.38927e-12
Max_H0_P25 -2.20644e-12
Max_H0_P26 0
Max_H0_P27 0
Max_H0_P28 0
Max_H0_P29 7.53904e-12
Max_H0_P30 0
Max_H0_P31 0
Max_H0_P32 0
Max_H0_P33 3.29825e-12
Max_H0_P34 0
Max_H0_P35 -8.895e-12
Max_H0_P36 -9.30922e-14
Max_H0_P37 7.95342e-12
Max_H0_P38 0
Max_H0_P39 9.59233e-12
Max_H0_P40 0
Max_H0_P41 0
Max_H0_P42 0
Max_H0_P43 0
Max_H0_P44 0
Max_H0_P45 0
Max_H0_P46 0
Max_H0_P47 0
Max_H0_P48 0
Max_H0_P49 0
Max_H0_P50 0
Max_H0_P51 0
Max_H0_P52 0
Max_H0_P53 0
Max_H0_P54 0
Max_H0_P55 0
Max_H0_P56 0
Max_H0_P57 0
Max_H0_P58 0
Max_H0_P59 0
Max_H0_P60 0
Max_H0_P61 0
Max_H0_P62 0
Max_H0_P63 0
Max_H0_P64 0
Max_H0_P65 0
Max_H0_P66 0
Max_H0_P67 0
Max_H0_P68 0
Max_H0_P69 0
Max_H0_P70 0
Max_H0_P71 0
Max_H0_P72 0
Max_H0_P73 0
Max_H0_P74 0
Max_H0_P75 0
Max_H0_P76 0
Max_H0_P77 0
Max_H0_P78 0
Max_H0_P79 0
Max_H0_P80 0
Max_H0_P81 0
Max_H1_P0 0
Max_H1_P1 0
Max_H1_P2 0
Max_H1_P3 0
Max_H1_P4 0
Max_H1_P5 0
Max_H1_P6 0
Max_H1_P7 0
Max_H1_P8 0
Max_H1_P9 0
Max_H1_P10 0
Max_H1_P11 0
Max_H1_P12 0
Max_H1_P13 0
Max_H1_P14 0
Max_H1_P15 7.80664e-12
Max_H1_P16 -5.5671e-12
Max_H1_P17 0
Max_H1_P18 -1.79057e-12
Max_H1_P19 0
Max_H1_P20 1.87061e-12
Max_H1_P21 1.24398e-11
Max_H1_P22 -1.08522e-11
Max_H1_P23 0
Max_H1_P24 -6.5689e-12
Max_H1_P25 -2.32703e-13
Max_H1_P26 0
Max_H1_P27 -4.8832e-12
Max_H1_P28 3.08898e-12
Max_H1_P29 5.02612e-13
Max_H1_P30 -3.24407e-12
Max_H1_P31 0
Max_H1_P32 -5.21739e-11
Max_H1_P33 0
Max_H1_P34 -2.83238e-11
Max_H1_P35 0
Max_H1_P36 -4.61303e-12
Max_H1_P37 -8.38993e-12
Max_H1_P38 2.93483e-11
Max_H1_P39 0
Max_H1_P40 -3.16969e-13
Max_H1_P41 0
Max_H1_P42 2.83134e-11
Max_H1_P43 2.47269e-11
Max_H1_P44 0
Max_H1_P45 0
Max_H1_P46 0
Max_H1_P47 0
Max_H1_P48 0
Max_H1_P49 0
Max_H1_P50 0
Max_H1_P51 0
Max_H1_P52 0
Max_H1_P53 0
Max_H1_P54 0
Max_H1_P55 0
Max_H1_P56 0
Max_H1_P57 0
Max_H1_P58 0
Max_H1_P59 0
Max_H1_P60 5.86864e-13
Max_H1_P61 1.22808e-11
Max_H1_P62 -1.54011e-11
Max_H1_P63 0
Max_H1_P64 0
Max_H1_P65 0
Max_H1_P66 0
Max_H1_P67 0
Max_H1_P68 0
Max_H1_P69 0
Max_H1_P70 0
Max_H1_P71 0
Max_H1_P72 0
Max_H1_P73 0
Max_H1_P74 0
Max_H1_P75 0
Max_H1_P76 6.60449e-12
Max_H1_P77 -0
Max_H1_P78 0
Max_H1_P79 0
Max_H1_P80 0
Max_H1_P81 0
