
Branch and bound

  Entire solving process        :                           (Time     40.1)
  No feasible solution was found
  Best relaxation cost          :     36662.81 (Node     0) (Time     40.0)
  Lower bound after cuts        :     36662.81
  End lower bound               :     36662.81
  Deepest level reached         : 0
  Deepest real level reached    : 0
  Number of real nodes solved   : 1
  Stopping condition            : enough nodes explored

Problem identification

  Problem                       : <null>
  Machine                       : oslo2.gerad.lan

Solving process summary

  Linear relaxations            :        1
  Column generation iterations  :      113
  Shortest paths solved         :     7639
  Columns generated             :    34776

Instance characteristics

  Resources                     : 3
  Node types                    : no
  Arc types                     : no
  Strong resource windows       : no
  Weak resource windows         : no
  Resource windows (nodes)      : 3
  Resource values (arcs)        : 3
  Values on nodes               : no

  Rows                          : 646
  Initial columns               : 312
  Tasks                         : 484
  Strong tasks                  : 303
  Weak tasks                    : 4
  Initial task constraints      : no
  Nodes                         : 812
  Arc sets                      : 1
  Arcs                          : 12881
  Networks                      : 2
  Models                        : 1

Memory used per module (Megs)

  Parser (reused)               :      2.914
  Networks                      :     20.706
  Column generator              :      2.180
  Master problem                :      6.495
  -----------------
  Total                         :     29.380

Cpu time per module (seconds)

  Parser                        :        0.0
  Preprocessor                  :        0.0
  Lr solver manager             :        0.1
  Column generator              :       12.9
    (Shortest path)             :       10.4
  Master problem                :       27.1
  -------------------
  Total (without b&b)           :       40.0

Real elapsed time (seconds)

  Parser                        :        0.0
  Preprocessor                  :        0.0
  Lr solver manager             :        0.1
  Column generator              :       12.9
    (Shortest path)             :       10.3
  Master problem                :       27.1
  -------------------
  Total (without b&b)           :       40.1
