Cover_T0 52
Cover_T1 -52
Cover_T2 52
Cover_T3 -52
Cover_T4 52
Cover_T5 -52
Cover_T6 52
Cover_T7 -52
Cover_T8 52
Cover_T9 -52
Cover_T10 52
Cover_T11 -52
Cover_T12 52
Cover_T13 -48
Cover_T14 56
Cover_T15 -48
Cover_T16 56
Cover_T17 -48
Cover_T18 60
Cover_T19 -44
Cover_T20 60
Cover_T21 -42
Cover_T22 66
Cover_T23 -16
Cover_T24 66
Cover_T25 -8
Cover_T26 40
Cover_T27 36
Cover_T28 52
Cover_T29 12
Cover_T30 1024
Cover_T31 948
Cover_T32 1010
Cover_T33 942
Cover_T34 976
Cover_T35 948
Cover_T36 974
Cover_T37 -48
Cover_T38 2.70575e-11
Cover_T39 -32
Cover_T40 44
Cover_T41 4.42153e-11
Cover_T42 12
Cover_T43 22
Cover_T44 0
Cover_T45 -26
Cover_T46 2
Cover_T47 6
Cover_T48 4
Cover_T49 -16
Cover_T50 -26
Cover_T51 16
Cover_T52 6
Cover_T53 6
Cover_T54 -6
Cover_T55 28
Cover_T56 -30
Cover_T57 52
Cover_T58 8
Cover_T59 4
Cover_T60 10
Cover_T61 28
Cover_T62 10
Cover_T63 52
Cover_T64 0
Cover_T65 14
Cover_T66 10
Cover_T67 12
Cover_T68 8
Cover_T69 12
Cover_T70 8
Cover_T71 22
Cover_T72 10
Cover_T73 12
Cover_T74 8
Cover_T75 14
Cover_T76 52
Cover_T77 14
Cover_T78 28
Cover_T79 12
Cover_T80 52
Cover_T81 14
Cover_T82 18
Cover_T83 -10
Cover_T84 -10
Cover_T85 -14
Cover_T86 18
Cover_T87 12
Cover_T88 -14
Cover_T89 36
Cover_T90 -6
Cover_T91 -12
Cover_T92 -30
Cover_T93 12
Cover_T94 1.42109e-14
Cover_T95 4
Cover_T96 0
Cover_T97 28
Cover_T98 18
Cover_T99 52
Cover_T100 -6
Cover_T101 0
Cover_T102 6
Cover_T103 -12
Cover_T104 -18
Cover_T105 12
Cover_T106 -42
Cover_T107 44
Cover_T108 36
Cover_T109 28
Cover_T110 16
Cover_T111 52
Cover_T112 6
Cover_T113 90
Cover_T114 44
Cover_T115 10
Cover_T116 44
Cover_T117 30
Cover_T118 40
Cover_T119 46
Cover_T120 12
Cover_T121 2
Cover_T122 18
Cover_T123 10
Cover_T124 0
Cover_T125 6
Cover_T126 1.03654e-10
Cover_T127 28
Cover_T128 -24
Cover_T129 36
Cover_T130 6
Cover_T131 16
Cover_T132 -14
Cover_T133 34
Cover_T134 -2
Cover_T135 68
Cover_T136 -2.34905e-10
Cover_T137 28
Cover_T138 -2.83652e-10
Cover_T139 52
Cover_T140 -2.04972e-10
Cover_T141 54
Cover_T142 -30
Cover_T143 36
Cover_T144 -22
Cover_T145 48
Cover_T146 -26
Cover_T147 60
Cover_T148 -22
Cover_T149 62
Cover_T150 -30
Cover_T151 54
Cover_T152 -30
Cover_T153 52
Cover_T154 -30
Cover_T155 52
Cover_T156 -32
Cover_T157 56
Cover_T158 -32
Cover_T159 56
Cover_T160 -38
Cover_T161 56
Cover_T162 -34
Cover_T163 54
Cover_T164 -38
Cover_T165 58
Cover_T166 -38
Cover_T167 56
Cover_T168 -44
Cover_T169 52
Cover_T170 -52
Cover_T171 52
Cover_T172 -52
Cover_T173 54
Cover_T174 -48
Cover_T175 52
Cover_T176 -48
Cover_T177 60
Cover_T178 -34
Cover_T179 70
Cover_T180 -14
Cover_T181 62
Cover_T182 -16
Cover_T183 70
Cover_T184 24
Cover_T185 24
Cover_T186 0
Cover_T187 40
Cover_T188 2
Cover_T189 1008
Cover_T190 932
Cover_T191 972
Cover_T192 948
Cover_T193 988
Cover_T194 948
Cover_T195 986
Cover_T196 -32
Cover_T197 10
Cover_T198 -34
Cover_T199 52
Cover_T200 10
Cover_T201 8
Cover_T202 -40
Cover_T203 28
Cover_T204 -8
Cover_T205 -4
Cover_T206 4
Cover_T207 -2
Cover_T208 2
Cover_T209 -32
Cover_T210 0
Cover_T211 8
Cover_T212 30
Cover_T213 -24
Cover_T214 2
Cover_T215 6
Cover_T216 22
Cover_T217 0
Cover_T218 50
Cover_T219 0
Cover_T220 12
Cover_T221 -10
Cover_T222 10
Cover_T223 0
Cover_T224 10
Cover_T225 -2
Cover_T226 20
Cover_T227 -2
Cover_T228 10
Cover_T229 0
Cover_T230 12
Cover_T231 -2
Cover_T232 12
Cover_T233 42
Cover_T234 10
Cover_T235 18
Cover_T236 12
Cover_T237 42
Cover_T238 -32
Cover_T239 18
Cover_T240 -8
Cover_T241 10
Cover_T242 -32
Cover_T243 -14
Cover_T244 -8
Cover_T245 -38
Cover_T246 3.66413e-10
Cover_T247 4.08562e-11
Cover_T248 44
Cover_T249 -12
Cover_T250 16
Cover_T251 20
Cover_T252 28
Cover_T253 30
Cover_T254 52
Cover_T255 6
Cover_T256 -2.17426e-11
Cover_T257 -18
Cover_T258 -12
Cover_T259 -6
Cover_T260 8
Cover_T261 -30
Cover_T262 28
Cover_T263 46
Cover_T264 40
Cover_T265 22
Cover_T266 64
Cover_T267 0
Cover_T268 2
Cover_T269 36
Cover_T270 24
Cover_T271 32
Cover_T272 40
Cover_T273 24
Cover_T274 2
Cover_T275 10
Cover_T276 8
Cover_T277 -4
Cover_T278 10
Cover_T279 10
Cover_T280 22
Cover_T281 -10
Cover_T282 10
Cover_T283 10
Cover_T284 26
Cover_T285 8
Cover_T286 64
Cover_T287 -6
Cover_T288 46
Cover_T289 -1.72248e-10
Cover_T290 34
Cover_T291 -22
Cover_T292 28
Cover_T293 -24
Cover_T294 22
Cover_T295 -12
Cover_T296 36
Cover_T297 -44
Cover_T298 44
Cover_T299 -24
Cover_T300 32
Cover_T301 -44
Cover_T302 52
Cover_T303 -36
Cover_T304 34
Cover_T305 -30
Cover_T306 52
Cover_T307 -44
Cover_T308 38
Cover_T309 -34
Cover_T310 32
Cover_T311 -30
Cover_T312 46
Cover_T313 -42
Cover_T314 34
Cover_T315 -32
Cover_T316 34
Cover_T317 -50
Cover_T318 44
Cover_T319 -36
Cover_T320 38
Cover_T321 -34
Cover_T322 56
Cover_T323 -34
Cover_T324 48
Cover_T325 -38
Cover_T326 42
Cover_T327 -38
Cover_T328 44
Cover_T329 -38
Cover_T330 66
Cover_T331 -44
Cover_T332 66
Cover_T333 54
Cover_T334 -40
Cover_T335 56
Cover_T336 -38
Cover_T337 68
Cover_T338 -12
Cover_T339 74
Cover_T340 -32
Cover_T341 54
Cover_T342 -12
Cover_T343 60
Cover_T344 18
Cover_T345 54
Cover_T346 -6
Cover_T347 1004
Cover_T348 934
Cover_T349 1006
Cover_T350 948
Cover_T351 956
Cover_T352 944
Cover_T353 956
Cover_T354 948
Cover_T355 954
Cover_T356 -28
Cover_T357 0
Cover_T358 -38
Cover_T359 52
Cover_T360 -34
Cover_T361 32
Cover_T362 -14
Cover_T363 12
Cover_T364 6
Cover_T365 12
Cover_T366 16
Cover_T367 26
Cover_T368 -44
Cover_T369 0
Cover_T370 -12
Cover_T371 2
Cover_T372 -3.25647e-12
Cover_T373 -28
Cover_T374 -2
Cover_T375 0
Cover_T376 26
Cover_T377 -12
Cover_T378 16
Cover_T379 -36
Cover_T380 38
Cover_T381 2
Cover_T382 2
Cover_T383 4
Cover_T384 14
Cover_T385 4
Cover_T386 38
Cover_T387 -6
Cover_T388 0
Cover_T389 4
Cover_T390 -2
Cover_T391 2
Cover_T392 -2
Cover_T393 2
Cover_T394 8
Cover_T395 4
Cover_T396 -2
Cover_T397 2
Cover_T398 0
Cover_T399 46
Cover_T400 0
Cover_T401 22
Cover_T402 -2
Cover_T403 46
Cover_T404 0
Cover_T405 22
Cover_T406 -44
Cover_T407 2
Cover_T408 -20
Cover_T409 -10
Cover_T410 -44
Cover_T411 -34
Cover_T412 -20
Cover_T413 14
Cover_T414 0
Cover_T415 -10
Cover_T416 12
Cover_T417 8.76319e-11
Cover_T418 32
Cover_T419 -20
Cover_T420 52
Cover_T421 -40
Cover_T422 0
Cover_T423 16
Cover_T424 20
Cover_T425 40
Cover_T426 8
Cover_T427 20
Cover_T428 30
Cover_T429 -4
Cover_T430 0
Cover_T431 -28
Cover_T432 -9.87654e-12
Cover_T433 -16
Cover_T434 -18
Cover_T435 -40
Cover_T436 14
Cover_T437 36
Cover_T438 44
Cover_T439 16
Cover_T440 32
Cover_T441 6
Cover_T442 70
Cover_T443 52
Cover_T444 90
Cover_T445 44
Cover_T446 10
Cover_T447 44
Cover_T448 34
Cover_T449 30
Cover_T450 44
Cover_T451 0
Cover_T452 3.13165e-10
Cover_T453 0
Cover_T454 8
Cover_T455 14
Cover_T456 8
Cover_T457 -4
Cover_T458 16
Cover_T459 -24
Cover_T460 16
Cover_T461 12
Cover_T462 36
Cover_T463 -14
Cover_T464 16
Cover_T465 -2
Cover_T466 48
Cover_T467 8
Cover_T468 64
Cover_T469 -1.97133e-10
Cover_T470 32
Cover_T471 -2.34905e-10
Cover_T472 60
Cover_T473 -1.80731e-10
Cover_T474 54
Cover_T475 -18
Cover_T476 36
Cover_T477 -10
Cover_T478 48
Cover_T479 -22
Cover_T480 62
Cover_T481 -22
Cover_T482 58
Cover_T483 -42
Cover_T484 42
Cover_T485 -34
Cover_T486 44
Cover_T487 -30
Cover_T488 36
Cover_T489 -30
Cover_T490 50
Cover_T491 -42
Cover_T492 42
Cover_T493 -34
Cover_T494 40
Cover_T495 -32
Cover_T496 40
Cover_T497 -34
Cover_T498 58
Cover_T499 -34
Cover_T500 56
Cover_T501 -36
Cover_T502 58
Cover_T503 -38
Cover_T504 52
Cover_T505 -38
Cover_T506 52
Cover_T507 -44
Cover_T508 52
Cover_T509 40
Cover_T510 -4.95601e-11
Cover_T511 16
Cover_T512 14
Cover_T513 76
Cover_T514 36
Cover_T515 80
Cover_T516 16
Cover_T517 94
Cover_T518 82
Cover_T519 96
Cover_T520 0
Cover_T521 50
Cover_T522 930
Cover_T523 1020
Cover_T524 910
Cover_T525 954
Cover_T526 910
Cover_T527 952
Cover_T528 934
Cover_T529 52
Cover_T530 -20
Cover_T531 52
Cover_T532 24
Cover_T533 52
Cover_T534 52
Cover_T535 -20
Cover_T536 78
Cover_T537 0
Cover_T538 54
Cover_T539 64
Cover_T540 78
Cover_T541 70
Cover_T542 90
Cover_T543 52
Cover_T544 50
Cover_T545 28
Cover_T546 0
Cover_T547 66
Cover_T548 0
Cover_T549 12
Cover_T550 40
Cover_T551 32
Cover_T552 4
Cover_T553 52
Cover_T554 60
Cover_T555 34
Cover_T556 46
Count_D0 -984
Count_D1 -1000
Max_H0_P0 0
Max_H0_P1 0
Max_H0_P2 0
Max_H0_P3 0
Max_H0_P4 0
Max_H0_P5 0
Max_H0_P6 0
Max_H0_P7 0
Max_H0_P8 0
Max_H0_P9 0
Max_H0_P10 0
Max_H0_P11 0
Max_H0_P12 0
Max_H0_P13 0
Max_H0_P14 0
Max_H0_P15 0
Max_H0_P16 -3.47126e-11
Max_H0_P17 0
Max_H0_P18 -1.39035e-11
Max_H0_P19 -5.68926e-12
Max_H0_P20 2.93677e-11
Max_H0_P21 6.97044e-13
Max_H0_P22 2.11884e-11
Max_H0_P23 -7.4607e-12
Max_H0_P24 0
Max_H0_P25 -1.0175e-11
Max_H0_P26 0
Max_H0_P27 -4.69952e-11
Max_H0_P28 2.49116e-11
Max_H0_P29 -1.00072e-11
Max_H0_P30 -3.78328e-11
Max_H0_P31 2.04474e-11
Max_H0_P32 -1.52721e-11
Max_H0_P33 1.01472e-11
Max_H0_P34 0
Max_H0_P35 -1.38231e-11
Max_H0_P36 -1.14753e-12
Max_H0_P37 3.96587e-12
Max_H0_P38 -2.22931e-11
Max_H0_P39 0
Max_H0_P40 -2.87654e-11
Max_H0_P41 3.63993e-11
Max_H0_P42 0
Max_H0_P43 -2.14471e-11
Max_H0_P44 0
Max_H0_P45 -4.69269e-12
Max_H0_P46 0
Max_H0_P47 0
Max_H0_P48 0
Max_H0_P49 0
Max_H0_P50 0
Max_H0_P51 0
Max_H0_P52 0
Max_H0_P53 0
Max_H0_P54 0
Max_H0_P55 0
Max_H0_P56 0
Max_H0_P57 0
Max_H0_P58 0
Max_H0_P59 0
Max_H0_P60 0
Max_H0_P61 0
Max_H0_P62 0
Max_H0_P63 0
Max_H0_P64 0
Max_H0_P65 0
Max_H0_P66 0
Max_H0_P67 0
Max_H0_P68 0
Max_H0_P69 0
Max_H0_P70 0
Max_H0_P71 -0
Max_H0_P72 0
Max_H0_P73 0
Max_H0_P74 0
Max_H0_P75 0
Max_H0_P76 0
Max_H0_P77 0
Max_H0_P78 -1.05623e-11
Max_H0_P79 0
Max_H0_P80 0
Max_H0_P81 0
Max_H1_P0 0
Max_H1_P1 0
Max_H1_P2 0
Max_H1_P3 0
Max_H1_P4 0
Max_H1_P5 -3.61311e-12
Max_H1_P6 2.84359e-11
Max_H1_P7 0
Max_H1_P8 0
Max_H1_P9 0
Max_H1_P10 0
Max_H1_P11 0
Max_H1_P12 0
Max_H1_P13 0
Max_H1_P14 -3.66493e-11
Max_H1_P15 0
Max_H1_P16 -1.00506e-11
Max_H1_P17 1.44773e-11
Max_H1_P18 -1.96749e-11
Max_H1_P19 -1.80123e-11
Max_H1_P20 -7.01039e-12
Max_H1_P21 2.14018e-12
Max_H1_P22 6.57163e-12
Max_H1_P23 -1.48148e-11
Max_H1_P24 1.08091e-12
Max_H1_P25 -1.22995e-11
Max_H1_P26 -1.94353e-11
Max_H1_P27 -3.54308e-11
Max_H1_P28 -1.56253e-11
Max_H1_P29 -1.5774e-12
Max_H1_P30 -1.63913e-12
Max_H1_P31 2.03526e-12
Max_H1_P32 0
Max_H1_P33 -3.59026e-12
Max_H1_P34 4.07177e-11
Max_H1_P35 -3.06386e-11
Max_H1_P36 -4.15135e-12
Max_H1_P37 -8.69535e-12
Max_H1_P38 2.96022e-12
Max_H1_P39 1.20954e-11
Max_H1_P40 -2.14135e-11
Max_H1_P41 0
Max_H1_P42 2.46558e-12
Max_H1_P43 -1.07718e-11
Max_H1_P44 0
Max_H1_P45 -1.98015e-11
Max_H1_P46 0
Max_H1_P47 0
Max_H1_P48 0
Max_H1_P49 0
Max_H1_P50 0
Max_H1_P51 0
Max_H1_P52 0
Max_H1_P53 0
Max_H1_P54 0
Max_H1_P55 0
Max_H1_P56 0
Max_H1_P57 0
Max_H1_P58 0
Max_H1_P59 0
Max_H1_P60 0
Max_H1_P61 1.29603e-11
Max_H1_P62 0
Max_H1_P63 0
Max_H1_P64 0
Max_H1_P65 0
Max_H1_P66 0
Max_H1_P67 0
Max_H1_P68 0
Max_H1_P69 0
Max_H1_P70 0
Max_H1_P71 0
Max_H1_P72 0
Max_H1_P73 0
Max_H1_P74 0
Max_H1_P75 0
Max_H1_P76 0
Max_H1_P77 1.82432e-12
Max_H1_P78 0
Max_H1_P79 0
Max_H1_P80 -1.75282e-11
Max_H1_P81 0
