
Branch and bound

  Entire solving process        :                           (Time     54.2)
  No feasible solution was found
  Best relaxation cost          :     35195.83 (Node     0) (Time     54.2)
  Lower bound after cuts        :     35195.83
  End lower bound               :     35195.83
  Deepest level reached         : 0
  Deepest real level reached    : 0
  Number of real nodes solved   : 1
  Stopping condition            : enough nodes explored

Problem identification

  Problem                       : <null>
  Machine                       : oslo3.gerad.lan

Solving process summary

  Linear relaxations            :        1
  Column generation iterations  :      117
  Shortest paths solved         :     4889
  Columns generated             :    36746

Instance characteristics

  Resources                     : 3
  Node types                    : no
  Arc types                     : no
  Strong resource windows       : no
  Weak resource windows         : no
  Resource windows (nodes)      : 3
  Resource values (arcs)        : 3
  Values on nodes               : no

  Rows                          : 723
  Initial columns               : 290
  Tasks                         : 561
  Strong tasks                  : 398
  Weak tasks                    : 4
  Initial task constraints      : no
  Nodes                         : 889
  Arc sets                      : 1
  Arcs                          : 15991
  Networks                      : 2
  Models                        : 1

Memory used per module (Megs)

  Parser (reused)               :      3.640
  Networks                      :     21.796
  Column generator              :      4.238
  Master problem                :      7.372
  -----------------
  Total                         :     33.405

Cpu time per module (seconds)

  Parser                        :        0.0
  Preprocessor                  :        0.0
  Lr solver manager             :        0.1
  Column generator              :       13.8
    (Shortest path)             :       11.7
  Master problem                :       40.3
  -------------------
  Total (without b&b)           :       54.2

Real elapsed time (seconds)

  Parser                        :        0.0
  Preprocessor                  :        0.0
  Lr solver manager             :        0.1
  Column generator              :       13.7
    (Shortest path)             :       11.7
  Master problem                :       40.4
  -------------------
  Total (without b&b)           :       54.2
