
Branch and bound

  Entire solving process        :                           (Time    177.7)
  No feasible solution was found
  Best relaxation cost          :     35325.90 (Node     0) (Time    177.7)
  Lower bound after cuts        :     35325.90
  End lower bound               :     35325.90
  Deepest level reached         : 0
  Deepest real level reached    : 0
  Number of real nodes solved   : 1
  Stopping condition            : enough nodes explored

Problem identification

  Problem                       : <null>
  Machine                       : oslo4.gerad.lan

Solving process summary

  Linear relaxations            :        1
  Column generation iterations  :      199
  Shortest paths solved         :     3255
  Columns generated             :    30669

Instance characteristics

  Resources                     : 3
  Node types                    : no
  Arc types                     : no
  Strong resource windows       : no
  Weak resource windows         : no
  Resource windows (nodes)      : 3
  Resource values (arcs)        : 3
  Values on nodes               : no

  Rows                          : 723
  Initial columns               : 2
  Tasks                         : 561
  Strong tasks                  : 557
  Weak tasks                    : 4
  Initial task constraints      : no
  Nodes                         : 889
  Arc sets                      : 1
  Arcs                          : 15991
  Networks                      : 2
  Models                        : 1

Memory used per module (Megs)

  Parser (reused)               :      3.640
  Networks                      :     20.585
  Column generator              :      8.960
  Master problem                :      7.357
  -----------------
  Total                         :     36.902

Cpu time per module (seconds)

  Parser                        :        0.0
  Preprocessor                  :        0.0
  Lr solver manager             :        0.1
  Column generator              :       18.4
    (Shortest path)             :       16.1
  Master problem                :      159.2
  -------------------
  Total (without b&b)           :      177.7

Real elapsed time (seconds)

  Parser                        :        0.0
  Preprocessor                  :        0.0
  Lr solver manager             :        0.1
  Column generator              :       18.5
    (Shortest path)             :       16.2
  Master problem                :      159.8
  -------------------
  Total (without b&b)           :      178.5
