
Branch and bound

  Entire solving process        :                           (Time    388.8)
  No feasible solution was found
  Best relaxation cost          :     71407.08 (Node     0) (Time    388.7)
  Lower bound after cuts        :     71407.08
  End lower bound               :     71407.08
  Deepest level reached         : 0
  Deepest real level reached    : 0
  Number of real nodes solved   : 1
  Stopping condition            : enough nodes explored

Problem identification

  Problem                       : <null>
  Machine                       : oslo5.gerad.lan

Solving process summary

  Linear relaxations            :        1
  Column generation iterations  :      123
  Shortest paths solved         :     7199
  Columns generated             :    76122

Instance characteristics

  Resources                     : 3
  Node types                    : no
  Arc types                     : no
  Strong resource windows       : no
  Weak resource windows         : no
  Resource windows (nodes)      : 3
  Resource values (arcs)        : 3
  Values on nodes               : no

  Rows                          : 1269
  Initial columns               : 532
  Tasks                         : 1107
  Strong tasks                  : 784
  Weak tasks                    : 4
  Initial task constraints      : no
  Nodes                         : 1435
  Arc sets                      : 1
  Arcs                          : 52762
  Networks                      : 2
  Models                        : 1

Memory used per module (Megs)

  Parser (reused)               :     10.784
  Networks                      :     42.743
  Column generator              :     19.132
  Master problem                :     12.324
  -----------------
  Total                         :     74.199

Cpu time per module (seconds)

  Parser                        :        0.0
  Preprocessor                  :        0.0
  Lr solver manager             :        0.1
  Column generator              :      236.6
    (Shortest path)             :      215.5
  Master problem                :      152.0
  -------------------
  Total (without b&b)           :      388.7

Real elapsed time (seconds)

  Parser                        :        0.1
  Preprocessor                  :        0.0
  Lr solver manager             :        0.1
  Column generator              :      236.6
    (Shortest path)             :      215.8
  Master problem                :      152.0
  -------------------
  Total (without b&b)           :      388.7
