
Branch and bound

  Entire solving process        :                           (Time    187.6)
  No feasible solution was found
  Best relaxation cost          :     43543.01 (Node     0) (Time    187.6)
  Lower bound after cuts        :     43543.01
  End lower bound               :     43543.01
  Deepest level reached         : 0
  Deepest real level reached    : 0
  Number of real nodes solved   : 1
  Stopping condition            : enough nodes explored

Problem identification

  Problem                       : <null>
  Machine                       : oslo1.gerad.lan

Solving process summary

  Linear relaxations            :        1
  Column generation iterations  :      183
  Shortest paths solved         :     3788
  Columns generated             :    38833

Instance characteristics

  Resources                     : 3
  Node types                    : no
  Arc types                     : no
  Strong resource windows       : no
  Weak resource windows         : no
  Resource windows (nodes)      : 3
  Resource values (arcs)        : 3
  Values on nodes               : no

  Rows                          : 841
  Initial columns               : 2
  Tasks                         : 679
  Strong tasks                  : 675
  Weak tasks                    : 4
  Initial task constraints      : no
  Nodes                         : 1007
  Arc sets                      : 1
  Arcs                          : 22175
  Networks                      : 2
  Models                        : 1

Memory used per module (Megs)

  Parser (reused)               :      4.851
  Networks                      :     24.338
  Column generator              :      4.722
  Master problem                :      8.491
  -----------------
  Total                         :     37.551

Cpu time per module (seconds)

  Parser                        :        0.0
  Preprocessor                  :        0.0
  Lr solver manager             :        0.1
  Column generator              :       25.6
    (Shortest path)             :       22.2
  Master problem                :      161.8
  -------------------
  Total (without b&b)           :      187.5

Real elapsed time (seconds)

  Parser                        :        0.0
  Preprocessor                  :        0.0
  Lr solver manager             :        0.1
  Column generator              :       25.6
    (Shortest path)             :       22.5
  Master problem                :      161.9
  -------------------
  Total (without b&b)           :      187.5
