Cover_T0 52
Cover_T1 -52
Cover_T2 52
Cover_T3 -52
Cover_T4 52
Cover_T5 -52
Cover_T6 52
Cover_T7 -52
Cover_T8 52
Cover_T9 -52
Cover_T10 52
Cover_T11 -52
Cover_T12 54
Cover_T13 -50
Cover_T14 54
Cover_T15 -50
Cover_T16 54
Cover_T17 -50
Cover_T18 58
Cover_T19 -50
Cover_T20 58
Cover_T21 -44
Cover_T22 58
Cover_T23 -44
Cover_T24 62
Cover_T25 -44
Cover_T26 62
Cover_T27 -40
Cover_T28 60
Cover_T29 -40
Cover_T30 62
Cover_T31 -28
Cover_T32 62
Cover_T33 -28
Cover_T34 62
Cover_T35 -26
Cover_T36 48
Cover_T37 -14
Cover_T38 56
Cover_T39 16
Cover_T40 98
Cover_T41 16
Cover_T42 82
Cover_T43 8
Cover_T44 64
Cover_T45 12
Cover_T46 36
Cover_T47 12
Cover_T48 36
Cover_T49 944
Cover_T50 0
Cover_T51 884
Cover_T52 980
Cover_T53 896
Cover_T54 990
Cover_T55 920
Cover_T56 978
Cover_T57 932
Cover_T58 980
Cover_T59 940
Cover_T60 48
Cover_T61 942
Cover_T62 36
Cover_T63 -50
Cover_T64 12
Cover_T65 -30
Cover_T66 -8
Cover_T67 -40
Cover_T68 44
Cover_T69 -20
Cover_T70 24
Cover_T71 5.49905e-10
Cover_T72 4
Cover_T73 20
Cover_T74 4
Cover_T75 -28
Cover_T76 6.77431e-11
Cover_T77 -9.15179e-11
Cover_T78 -28
Cover_T79 4
Cover_T80 4
Cover_T81 8
Cover_T82 8
Cover_T83 32
Cover_T84 10
Cover_T85 52
Cover_T86 -10
Cover_T87 12
Cover_T88 0
Cover_T89 -1.04876e-11
Cover_T90 44
Cover_T91 -2
Cover_T92 24
Cover_T93 18
Cover_T94 8
Cover_T95 8
Cover_T96 4
Cover_T97 -36
Cover_T98 4
Cover_T99 -16
Cover_T100 8
Cover_T101 0
Cover_T102 4
Cover_T103 4
Cover_T104 8
Cover_T105 4
Cover_T106 4
Cover_T107 1.70971e-10
Cover_T108 4
Cover_T109 4
Cover_T110 8
Cover_T111 -1.53964e-11
Cover_T112 0
Cover_T113 4
Cover_T114 -18
Cover_T115 4
Cover_T116 -38
Cover_T117 0
Cover_T118 4
Cover_T119 6
Cover_T120 1.01651e-11
Cover_T121 20
Cover_T122 10
Cover_T123 36
Cover_T124 14
Cover_T125 52
Cover_T126 -2
Cover_T127 6
Cover_T128 2
Cover_T129 10
Cover_T130 14
Cover_T131 0
Cover_T132 -2
Cover_T133 2
Cover_T134 4
Cover_T135 10
Cover_T136 -8
Cover_T137 10
Cover_T138 -36
Cover_T139 6
Cover_T140 -36
Cover_T141 18
Cover_T142 -26
Cover_T143 34
Cover_T144 -42
Cover_T145 56
Cover_T146 34
Cover_T147 40
Cover_T148 18
Cover_T149 56
Cover_T150 2
Cover_T151 44
Cover_T152 48
Cover_T153 66
Cover_T154 26
Cover_T155 -10
Cover_T156 20
Cover_T157 4
Cover_T158 30
Cover_T159 18
Cover_T160 8
Cover_T161 -18
Cover_T162 30
Cover_T163 -7.5196e-10
Cover_T164 14
Cover_T165 12
Cover_T166 0
Cover_T167 4
Cover_T168 0
Cover_T169 26
Cover_T170 32
Cover_T171 8
Cover_T172 32
Cover_T173 24
Cover_T174 30
Cover_T175 40
Cover_T176 0
Cover_T177 40
Cover_T178 8
Cover_T179 8
Cover_T180 18
Cover_T181 8
Cover_T182 8
Cover_T183 8
Cover_T184 16
Cover_T185 22
Cover_T186 2
Cover_T187 28
Cover_T188 16
Cover_T189 10
Cover_T190 6
Cover_T191 22
Cover_T192 8
Cover_T193 8
Cover_T194 8
Cover_T195 20
Cover_T196 6
Cover_T197 8
Cover_T198 6
Cover_T199 10
Cover_T200 8
Cover_T201 8
Cover_T202 2.42494e-10
Cover_T203 6
Cover_T204 -10
Cover_T205 3.34768e-10
Cover_T206 -38
Cover_T207 10
Cover_T208 -46
Cover_T209 18
Cover_T210 2
Cover_T211 50
Cover_T212 2
Cover_T213 66
Cover_T214 2
Cover_T215 66
Cover_T216 2
Cover_T217 66
Cover_T218 -10
Cover_T219 24
Cover_T220 -30
Cover_T221 26
Cover_T222 -4
Cover_T223 36
Cover_T224 -6
Cover_T225 32
Cover_T226 -16
Cover_T227 54
Cover_T228 -32
Cover_T229 70
Cover_T230 -20
Cover_T231 44
Cover_T232 -16
Cover_T233 34
Cover_T234 -20
Cover_T235 46
Cover_T236 -34
Cover_T237 68
Cover_T238 -30
Cover_T239 50
Cover_T240 -32
Cover_T241 66
Cover_T242 -36
Cover_T243 52
Cover_T244 -40
Cover_T245 58
Cover_T246 54
Cover_T247 -50
Cover_T248 54
Cover_T249 -50
Cover_T250 60
Cover_T251 -44
Cover_T252 50
Cover_T253 -44
Cover_T254 56
Cover_T255 -46
Cover_T256 54
Cover_T257 -40
Cover_T258 54
Cover_T259 -40
Cover_T260 56
Cover_T261 -34
Cover_T262 56
Cover_T263 -34
Cover_T264 50
Cover_T265 -32
Cover_T266 50
Cover_T267 -20
Cover_T268 46
Cover_T269 12
Cover_T270 94
Cover_T271 12
Cover_T272 76
Cover_T273 16
Cover_T274 48
Cover_T275 24
Cover_T276 0
Cover_T277 896
Cover_T278 992
Cover_T279 908
Cover_T280 990
Cover_T281 932
Cover_T282 966
Cover_T283 948
Cover_T284 60
Cover_T285 -44
Cover_T286 48
Cover_T287 -46
Cover_T288 24
Cover_T289 -30
Cover_T290 6
Cover_T291 -44
Cover_T292 -10
Cover_T293 -28
Cover_T294 46
Cover_T295 -12
Cover_T296 30
Cover_T297 4
Cover_T298 14
Cover_T299 20
Cover_T300 1.271e-11
Cover_T301 -36
Cover_T302 -1.52133e-11
Cover_T303 -16
Cover_T304 4
Cover_T305 0
Cover_T306 -16
Cover_T307 0
Cover_T308 -36
Cover_T309 -4
Cover_T310 4
Cover_T311 16
Cover_T312 12
Cover_T313 44
Cover_T314 6
Cover_T315 12
Cover_T316 8
Cover_T317 8
Cover_T318 44
Cover_T319 14
Cover_T320 16
Cover_T321 8
Cover_T322 -5.16982e-11
Cover_T323 -36
Cover_T324 -4
Cover_T325 -16
Cover_T326 -4
Cover_T327 2.87626e-11
Cover_T328 -1.59157e-10
Cover_T329 4
Cover_T330 -4
Cover_T331 4
Cover_T332 0
Cover_T333 0
Cover_T334 -4
Cover_T335 4
Cover_T336 -4
Cover_T337 4.71303e-11
Cover_T338 3.00353e-11
Cover_T339 4
Cover_T340 -6
Cover_T341 4
Cover_T342 -26
Cover_T343 -4.65021e-12
Cover_T344 -46
Cover_T345 6
Cover_T346 -4
Cover_T347 26
Cover_T348 0
Cover_T349 46
Cover_T350 14
Cover_T351 4
Cover_T352 14
Cover_T353 -3.1946e-11
Cover_T354 -6
Cover_T355 -14
Cover_T356 2
Cover_T357 4
Cover_T358 -14
Cover_T359 0
Cover_T360 4
Cover_T361 -12
Cover_T362 -6
Cover_T363 4
Cover_T364 -12
Cover_T365 20
Cover_T366 -28
Cover_T367 2
Cover_T368 -44
Cover_T369 14
Cover_T370 -32
Cover_T371 26
Cover_T372 -28
Cover_T373 54
Cover_T374 36
Cover_T375 60
Cover_T376 6
Cover_T377 56
Cover_T378 38
Cover_T379 -2
Cover_T380 18
Cover_T381 14
Cover_T382 30
Cover_T383 -32
Cover_T384 8
Cover_T385 -8
Cover_T386 28
Cover_T387 0
Cover_T388 16
Cover_T389 0
Cover_T390 10
Cover_T391 16
Cover_T392 0
Cover_T393 0
Cover_T394 30
Cover_T395 16
Cover_T396 26
Cover_T397 18
Cover_T398 26
Cover_T399 24
Cover_T400 6
Cover_T401 0
Cover_T402 0
Cover_T403 0
Cover_T404 18
Cover_T405 0
Cover_T406 0
Cover_T407 14
Cover_T408 10
Cover_T409 16
Cover_T410 0
Cover_T411 6
Cover_T412 14
Cover_T413 18
Cover_T414 0
Cover_T415 4
Cover_T416 -6
Cover_T417 4.02485e-10
Cover_T418 6
Cover_T419 6
Cover_T420 8
Cover_T421 8
Cover_T422 1.61911e-10
Cover_T423 8
Cover_T424 2
Cover_T425 10
Cover_T426 2
Cover_T427 6
Cover_T428 -12
Cover_T429 8
Cover_T430 -28
Cover_T431 6
Cover_T432 -44
Cover_T433 4
Cover_T434 -40
Cover_T435 24
Cover_T436 -40
Cover_T437 40
Cover_T438 -3.92252e-10
Cover_T439 62
Cover_T440 -6.24567e-11
Cover_T441 60
Cover_T442 -3.78144e-10
Cover_T443 62
Cover_T444 2
Cover_T445 24
Cover_T446 -18
Cover_T447 20
Cover_T448 -36
Cover_T449 28
Cover_T450 -10
Cover_T451 30
Cover_T452 -12
Cover_T453 42
Cover_T454 -12
Cover_T455 48
Cover_T456 -24
Cover_T457 66
Cover_T458 -40
Cover_T459 38
Cover_T460 -24
Cover_T461 40
Cover_T462 -22
Cover_T463 40
Cover_T464 -16
Cover_T465 48
Cover_T466 -22
Cover_T467 64
Cover_T468 -38
Cover_T469 48
Cover_T470 -32
Cover_T471 40
Cover_T472 -32
Cover_T473 48
Cover_T474 -32
Cover_T475 64
Cover_T476 -38
Cover_T477 56
Cover_T478 -36
Cover_T479 58
Cover_T480 -42
Cover_T481 56
Cover_T482 -46
Cover_T483 58
Cover_T484 -46
Cover_T485 56
Cover_T486 -46
Cover_T487 58
Cover_T488 -28
Cover_T489 62
Cover_T490 -28
Cover_T491 62
Cover_T492 -30
Cover_T493 50
Cover_T494 -18
Cover_T495 52
Cover_T496 14
Cover_T497 100
Cover_T498 12
Cover_T499 78
Cover_T500 4
Cover_T501 62
Cover_T502 0
Cover_T503 44
Cover_T504 16
Cover_T505 44
Cover_T506 944
Cover_T507 28
Cover_T508 940
Cover_T509 976
Cover_T510 892
Cover_T511 978
Cover_T512 900
Cover_T513 970
Cover_T514 916
Cover_T515 988
Cover_T516 928
Cover_T517 964
Cover_T518 940
Cover_T519 32
Cover_T520 940
Cover_T521 28
Cover_T522 -40
Cover_T523 0
Cover_T524 -38
Cover_T525 52
Cover_T526 -48
Cover_T527 34
Cover_T528 -28
Cover_T529 12
Cover_T530 -8
Cover_T531 10
Cover_T532 12
Cover_T533 -4
Cover_T534 -46
Cover_T535 4
Cover_T536 -30
Cover_T537 -12
Cover_T538 -14
Cover_T539 -28
Cover_T540 2
Cover_T541 -44
Cover_T542 0
Cover_T543 0
Cover_T544 10
Cover_T545 16
Cover_T546 2
Cover_T547 0
Cover_T548 18
Cover_T549 6
Cover_T550 34
Cover_T551 -10
Cover_T552 50
Cover_T553 4
Cover_T554 6
Cover_T555 52
Cover_T556 -10
Cover_T557 36
Cover_T558 6
Cover_T559 20
Cover_T560 0
Cover_T561 8
Cover_T562 16
Cover_T563 8
Cover_T564 4
Cover_T565 8
Cover_T566 -40
Cover_T567 12
Cover_T568 -20
Cover_T569 8
Cover_T570 -4
Cover_T571 12
Cover_T572 0
Cover_T573 8
Cover_T574 0
Cover_T575 8
Cover_T576 -4
Cover_T577 12
Cover_T578 0
Cover_T579 4
Cover_T580 -4
Cover_T581 -14
Cover_T582 0
Cover_T583 -34
Cover_T584 0
Cover_T585 8
Cover_T586 -4
Cover_T587 0
Cover_T588 4
Cover_T589 6
Cover_T590 22
Cover_T591 6
Cover_T592 42
Cover_T593 6
Cover_T594 0
Cover_T595 14
Cover_T596 8
Cover_T597 -6
Cover_T598 2
Cover_T599 8
Cover_T600 0
Cover_T601 -2
Cover_T602 -4
Cover_T603 -8
Cover_T604 12
Cover_T605 -24
Cover_T606 0
Cover_T607 -40
Cover_T608 16
Cover_T609 -28
Cover_T610 0
Cover_T611 -44
Cover_T612 8
Cover_T613 -28
Cover_T614 16
Cover_T615 -42
Cover_T616 28
Cover_T617 38
Cover_T618 44
Cover_T619 26
Cover_T620 58
Cover_T621 14
Cover_T622 36
Cover_T623 2
Cover_T624 54
Cover_T625 52
Cover_T626 34
Cover_T627 40
Cover_T628 50
Cover_T629 28
Cover_T630 64
Cover_T631 22
Cover_T632 -16
Cover_T633 34
Cover_T634 -4
Cover_T635 18
Cover_T636 24
Cover_T637 36
Cover_T638 -20
Cover_T639 10
Cover_T640 0
Cover_T641 -8
Cover_T642 0
Cover_T643 42
Cover_T644 24
Cover_T645 32
Cover_T646 4
Cover_T647 30
Cover_T648 28
Cover_T649 12
Cover_T650 36
Cover_T651 6
Cover_T652 36
Cover_T653 22
Cover_T654 4
Cover_T655 6
Cover_T656 6
Cover_T657 18
Cover_T658 6
Cover_T659 3.83438e-10
Cover_T660 24
Cover_T661 14
Cover_T662 26
Cover_T663 12
Cover_T664 10
Cover_T665 14
Cover_T666 20
Cover_T667 6
Cover_T668 6
Cover_T669 4
Cover_T670 20
Cover_T671 8
Cover_T672 6
Cover_T673 6
Cover_T674 8
Cover_T675 8
Cover_T676 6
Cover_T677 4
Cover_T678 10
Cover_T679 -14
Cover_T680 0
Cover_T681 -36
Cover_T682 2
Cover_T683 -36
Cover_T684 10
Cover_T685 -40
Cover_T686 10
Cover_T687 -4
Cover_T688 30
Cover_T689 -6
Cover_T690 48
Cover_T691 -6
Cover_T692 46
Cover_T693 -4
Cover_T694 68
Cover_T695 -18
Cover_T696 68
Cover_T697 -34
Cover_T698 32
Cover_T699 -6
Cover_T700 32
Cover_T701 -4
Cover_T702 36
Cover_T703 -16
Cover_T704 34
Cover_T705 -12
Cover_T706 68
Cover_T707 -16
Cover_T708 44
Cover_T709 -16
Cover_T710 32
Cover_T711 -16
Cover_T712 60
Cover_T713 -32
Cover_T714 52
Cover_T715 -32
Cover_T716 52
Cover_T717 -38
Cover_T718 48
Cover_T719 -36
Cover_T720 64
Cover_T721 -36
Cover_T722 62
Cover_T723 -36
Cover_T724 64
Cover_T725 -36
Cover_T726 62
Cover_T727 -40
Cover_T728 64
Cover_T729 -40
Cover_T730 54
Cover_T731 2
Cover_T732 8
Cover_T733 0
Cover_T734 18
Cover_T735 62
Cover_T736 18
Cover_T737 46
Cover_T738 20
Cover_T739 46
Cover_T740 32
Cover_T741 28
Cover_T742 62
Cover_T743 16
Cover_T744 0
Cover_T745 0
Cover_T746 8
Cover_T747 30
Cover_T748 0
Cover_T749 2
Cover_T750 956
Cover_T751 0
Cover_T752 958
Cover_T753 984
Cover_T754 974
Cover_T755 992
Cover_T756 946
Cover_T757 996
Cover_T758 962
Cover_T759 40
Cover_T760 932
Cover_T761 52
Cover_T762 -16
Cover_T763 52
Cover_T764 54
Cover_T765 24
Cover_T766 60
Cover_T767 -4
Cover_T768 60
Cover_T769 -32
Cover_T770 66
Cover_T771 22
Cover_T772 16
Cover_T773 0
Cover_T774 32
Cover_T775 0
Cover_T776 56
Cover_T777 22
Cover_T778 72
Cover_T779 0
Cover_T780 12
Cover_T781 44
Cover_T782 28
Cover_T783 74
Cover_T784 34
Cover_T785 50
Cover_T786 6
Cover_T787 50
Cover_T788 30
Cover_T789 10
Cover_T790 -24
Cover_T791 0
Cover_T792 0
Cover_T793 0
Cover_T794 44
Cover_T795 52
Cover_T796 48
Cover_T797 54
Cover_T798 38
Cover_T799 56
Count_D0 -984
Count_D1 -1000
Max_H0_P0 0
Max_H0_P1 0
Max_H0_P2 0
Max_H0_P3 0
Max_H0_P4 0
Max_H0_P5 0
Max_H0_P6 0
Max_H0_P7 0
Max_H0_P8 0
Max_H0_P9 0
Max_H0_P10 0
Max_H0_P11 0
Max_H0_P12 0
Max_H0_P13 0
Max_H0_P14 0
Max_H0_P15 0
Max_H0_P16 1.36644e-10
Max_H0_P17 -5.04485e-13
Max_H0_P18 -5.18128e-12
Max_H0_P19 1.27613e-11
Max_H0_P20 -1.55609e-12
Max_H0_P21 2.34183e-12
Max_H0_P22 1.06618e-11
Max_H0_P23 0
Max_H0_P24 -1.74509e-11
Max_H0_P25 -1.78275e-11
Max_H0_P26 -5.28111e-12
Max_H0_P27 -5.4845e-13
Max_H0_P28 1.51488e-11
Max_H0_P29 -2.06413e-12
Max_H0_P30 -3.17178e-12
Max_H0_P31 3.59981e-11
Max_H0_P32 -2.88871e-11
Max_H0_P33 -3.19034e-12
Max_H0_P34 1.24504e-11
Max_H0_P35 -1.79625e-11
Max_H0_P36 2.77179e-12
Max_H0_P37 -2.29274e-11
Max_H0_P38 5.68434e-13
Max_H0_P39 9.42793e-12
Max_H0_P40 7.07886e-12
Max_H0_P41 -1.9881e-11
Max_H0_P42 0
Max_H0_P43 0
Max_H0_P44 0
Max_H0_P45 0
Max_H0_P46 0
Max_H0_P47 0
Max_H0_P48 0
Max_H0_P49 0
Max_H0_P50 0
Max_H0_P51 0
Max_H0_P52 0
Max_H0_P53 0
Max_H0_P54 0
Max_H0_P55 0
Max_H0_P56 0
Max_H0_P57 0
Max_H0_P58 0
Max_H0_P59 -2.857e-11
Max_H0_P60 0
Max_H0_P61 -1.15818e-12
Max_H0_P62 0
Max_H0_P63 0
Max_H0_P64 0
Max_H0_P65 0
Max_H0_P66 0
Max_H0_P67 0
Max_H0_P68 0
Max_H0_P69 0
Max_H0_P70 0
Max_H0_P71 0
Max_H0_P72 0
Max_H0_P73 0
Max_H0_P74 0
Max_H0_P75 0
Max_H0_P76 0
Max_H0_P77 1.50107e-11
Max_H0_P78 0
Max_H0_P79 8.84626e-12
Max_H0_P80 0
Max_H0_P81 0
Max_H1_P0 0
Max_H1_P1 0
Max_H1_P2 0
Max_H1_P3 0
Max_H1_P4 0
Max_H1_P5 0
Max_H1_P6 -1.52837e-12
Max_H1_P7 0
Max_H1_P8 0
Max_H1_P9 0
Max_H1_P10 0
Max_H1_P11 0
Max_H1_P12 0
Max_H1_P13 0
Max_H1_P14 0
Max_H1_P15 0
Max_H1_P16 7.50333e-11
Max_H1_P17 1.46088e-11
Max_H1_P18 2.39062e-11
Max_H1_P19 -1.11939e-11
Max_H1_P20 -2.16712e-11
Max_H1_P21 1.39345e-11
Max_H1_P22 -1.16164e-11
Max_H1_P23 -2.99405e-12
Max_H1_P24 -1.01651e-11
Max_H1_P25 8.88212e-12
Max_H1_P26 -4.47038e-11
Max_H1_P27 2.20854e-11
Max_H1_P28 1.92664e-11
Max_H1_P29 3.15765e-11
Max_H1_P30 -7.5806e-12
Max_H1_P31 2.59472e-11
Max_H1_P32 -1.50066e-11
Max_H1_P33 -2.93614e-11
Max_H1_P34 1.24135e-11
Max_H1_P35 -2.0135e-11
Max_H1_P36 -1.49551e-11
Max_H1_P37 5.34328e-12
Max_H1_P38 -2.50484e-11
Max_H1_P39 -1.24878e-11
Max_H1_P40 -1.75622e-11
Max_H1_P41 -3.08457e-12
Max_H1_P42 -2.09268e-11
Max_H1_P43 0
Max_H1_P44 0
Max_H1_P45 0
Max_H1_P46 0
Max_H1_P47 0
Max_H1_P48 0
Max_H1_P49 0
Max_H1_P50 0
Max_H1_P51 0
Max_H1_P52 0
Max_H1_P53 0
Max_H1_P54 0
Max_H1_P55 0
Max_H1_P56 1.67793e-12
Max_H1_P57 0
Max_H1_P58 0
Max_H1_P59 0
Max_H1_P60 -1.96874e-11
Max_H1_P61 0
Max_H1_P62 -3.39924e-11
Max_H1_P63 0
Max_H1_P64 0
Max_H1_P65 0
Max_H1_P66 0
Max_H1_P67 0
Max_H1_P68 0
Max_H1_P69 0
Max_H1_P70 0
Max_H1_P71 0
Max_H1_P72 0
Max_H1_P73 0
Max_H1_P74 0
Max_H1_P75 0
Max_H1_P76 -3.98277e-11
Max_H1_P77 5.91543e-11
Max_H1_P78 -5.16458e-11
Max_H1_P79 4.30571e-11
Max_H1_P80 0
Max_H1_P81 0
