
Branch and bound

  Entire solving process        :                           (Time   2730.8)
  No feasible solution was found
  Best relaxation cost          :     45947.36 (Node     0) (Time   2730.8)
  Lower bound after cuts        :     45947.36
  End lower bound               :     45947.36
  Deepest level reached         : 0
  Deepest real level reached    : 0
  Number of real nodes solved   : 1
  Stopping condition            : enough nodes explored

Problem identification

  Problem                       : <null>
  Machine                       : oslo1.gerad.lan

Solving process summary

  Linear relaxations            :        1
  Column generation iterations  :      579
  Shortest paths solved         :     9364
  Columns generated             :   100041

Instance characteristics

  Resources                     : 3
  Node types                    : no
  Arc types                     : no
  Strong resource windows       : no
  Weak resource windows         : no
  Resource windows (nodes)      : 3
  Resource values (arcs)        : 3
  Values on nodes               : no

  Rows                          : 966
  Initial columns               : 2
  Tasks                         : 804
  Strong tasks                  : 800
  Weak tasks                    : 4
  Initial task constraints      : no
  Nodes                         : 1132
  Arc sets                      : 1
  Arcs                          : 29443
  Networks                      : 2
  Models                        : 1

Memory used per module (Megs)

  Parser (reused)               :      6.183
  Networks                      :     29.424
  Column generator              :     23.733
  Master problem                :      9.852
  -----------------
  Total                         :     63.008

Cpu time per module (seconds)

  Parser                        :        0.0
  Preprocessor                  :        0.0
  Lr solver manager             :        0.3
  Column generator              :      275.8
    (Shortest path)             :      261.1
  Master problem                :     2454.7
  -------------------
  Total (without b&b)           :     2730.8

Real elapsed time (seconds)

  Parser                        :        0.0
  Preprocessor                  :        0.0
  Lr solver manager             :        0.2
  Column generator              :      275.9
    (Shortest path)             :      261.5
  Master problem                :     2454.7
  -------------------
  Total (without b&b)           :     2730.8
