
Branch and bound

  Entire solving process        :                           (Time     76.8)
  No feasible solution was found
  Best relaxation cost          :     33170.23 (Node     0) (Time     76.7)
  Lower bound after cuts        :     33170.23
  End lower bound               :     33170.23
  Deepest level reached         : 0
  Deepest real level reached    : 0
  Number of real nodes solved   : 1
  Stopping condition            : enough nodes explored

Problem identification

  Problem                       : <null>
  Machine                       : oslo5.gerad.lan

Solving process summary

  Linear relaxations            :        1
  Column generation iterations  :      146
  Shortest paths solved         :     2795
  Columns generated             :    30902

Instance characteristics

  Resources                     : 3
  Node types                    : no
  Arc types                     : no
  Strong resource windows       : no
  Weak resource windows         : no
  Resource windows (nodes)      : 3
  Resource values (arcs)        : 3
  Values on nodes               : no

  Rows                          : 743
  Initial columns               : 2
  Tasks                         : 581
  Strong tasks                  : 577
  Weak tasks                    : 4
  Initial task constraints      : no
  Nodes                         : 909
  Arc sets                      : 1
  Arcs                          : 16920
  Networks                      : 2
  Models                        : 1

Memory used per module (Megs)

  Parser (reused)               :      3.761
  Networks                      :     21.311
  Column generator              :      5.449
  Master problem                :      7.780
  -----------------
  Total                         :     34.540

Cpu time per module (seconds)

  Parser                        :        0.0
  Preprocessor                  :        0.0
  Lr solver manager             :        0.1
  Column generator              :       15.8
    (Shortest path)             :       14.3
  Master problem                :       60.8
  -------------------
  Total (without b&b)           :       76.7

Real elapsed time (seconds)

  Parser                        :        0.0
  Preprocessor                  :        0.0
  Lr solver manager             :        0.1
  Column generator              :       15.8
    (Shortest path)             :       14.2
  Master problem                :       60.9
  -------------------
  Total (without b&b)           :       76.7
