
Branch and bound

  Entire solving process        :                           (Time     64.2)
  No feasible solution was found
  Best relaxation cost          :     32957.07 (Node     0) (Time     64.2)
  Lower bound after cuts        :     32957.07
  End lower bound               :     32957.07
  Deepest level reached         : 0
  Deepest real level reached    : 0
  Number of real nodes solved   : 1
  Stopping condition            : enough nodes explored

Problem identification

  Problem                       : <null>
  Machine                       : oslo5.gerad.lan

Solving process summary

  Linear relaxations            :        1
  Column generation iterations  :      124
  Shortest paths solved         :     5038
  Columns generated             :    36730

Instance characteristics

  Resources                     : 3
  Node types                    : no
  Arc types                     : no
  Strong resource windows       : no
  Weak resource windows         : no
  Resource windows (nodes)      : 3
  Resource values (arcs)        : 3
  Values on nodes               : no

  Rows                          : 743
  Initial columns               : 289
  Tasks                         : 581
  Strong tasks                  : 409
  Weak tasks                    : 4
  Initial task constraints      : no
  Nodes                         : 909
  Arc sets                      : 1
  Arcs                          : 16920
  Networks                      : 2
  Models                        : 1

Memory used per module (Megs)

  Parser (reused)               :      3.761
  Networks                      :     23.127
  Column generator              :      3.633
  Master problem                :      8.082
  -----------------
  Total                         :     34.842

Cpu time per module (seconds)

  Parser                        :        0.0
  Preprocessor                  :        0.0
  Lr solver manager             :        0.0
  Column generator              :       16.5
    (Shortest path)             :       14.3
  Master problem                :       47.7
  -------------------
  Total (without b&b)           :       64.2

Real elapsed time (seconds)

  Parser                        :        0.0
  Preprocessor                  :        0.0
  Lr solver manager             :        0.1
  Column generator              :       16.5
    (Shortest path)             :       14.4
  Master problem                :       47.6
  -------------------
  Total (without b&b)           :       64.2
