
Branch and bound

  Entire solving process        :                           (Time    182.6)
  No feasible solution was found
  Best relaxation cost          :     60703.22 (Node     0) (Time    182.6)
  Lower bound after cuts        :     60703.22
  End lower bound               :     60703.22
  Deepest level reached         : 0
  Deepest real level reached    : 0
  Number of real nodes solved   : 1
  Stopping condition            : enough nodes explored

Problem identification

  Problem                       : <null>
  Machine                       : oslo4.gerad.lan

Solving process summary

  Linear relaxations            :        1
  Column generation iterations  :      109
  Shortest paths solved         :     6795
  Columns generated             :    57641

Instance characteristics

  Resources                     : 3
  Node types                    : no
  Arc types                     : no
  Strong resource windows       : no
  Weak resource windows         : no
  Resource windows (nodes)      : 3
  Resource values (arcs)        : 3
  Values on nodes               : no

  Rows                          : 1108
  Initial columns               : 443
  Tasks                         : 946
  Strong tasks                  : 685
  Weak tasks                    : 4
  Initial task constraints      : no
  Nodes                         : 1274
  Arc sets                      : 1
  Arcs                          : 39580
  Networks                      : 2
  Models                        : 1

Memory used per module (Megs)

  Parser (reused)               :      8.241
  Networks                      :     36.568
  Column generator              :     10.534
  Master problem                :     10.895
  -----------------
  Total                         :     57.998

Cpu time per module (seconds)

  Parser                        :        0.0
  Preprocessor                  :        0.0
  Lr solver manager             :        0.1
  Column generator              :       86.8
    (Shortest path)             :       78.7
  Master problem                :       95.6
  -------------------
  Total (without b&b)           :      182.5

Real elapsed time (seconds)

  Parser                        :        0.0
  Preprocessor                  :        0.0
  Lr solver manager             :        0.1
  Column generator              :       86.8
    (Shortest path)             :       78.8
  Master problem                :       95.5
  -------------------
  Total (without b&b)           :      182.5
