Cover_T0 52
Cover_T1 -52
Cover_T2 52
Cover_T3 -52
Cover_T4 52
Cover_T5 -52
Cover_T6 52
Cover_T7 -52
Cover_T8 54
Cover_T9 -52
Cover_T10 52
Cover_T11 -50
Cover_T12 54
Cover_T13 -50
Cover_T14 56
Cover_T15 -50
Cover_T16 52
Cover_T17 -50
Cover_T18 62
Cover_T19 -44
Cover_T20 62
Cover_T21 -42
Cover_T22 52
Cover_T23 -42
Cover_T24 62
Cover_T25 -34
Cover_T26 60
Cover_T27 -34
Cover_T28 60
Cover_T29 -32
Cover_T30 54
Cover_T31 -40
Cover_T32 50
Cover_T33 -24
Cover_T34 54
Cover_T35 4
Cover_T36 52
Cover_T37 -10
Cover_T38 42
Cover_T39 938
Cover_T40 988
Cover_T41 946
Cover_T42 1030
Cover_T43 948
Cover_T44 1002
Cover_T45 948
Cover_T46 1020
Cover_T47 948
Cover_T48 66
Cover_T49 2
Cover_T50 36
Cover_T51 -46
Cover_T52 8
Cover_T53 -38
Cover_T54 10
Cover_T55 -26
Cover_T56 18
Cover_T57 0
Cover_T58 -1.67211e-10
Cover_T59 0
Cover_T60 0
Cover_T61 16
Cover_T62 0
Cover_T63 -6
Cover_T64 4
Cover_T65 0
Cover_T66 -7.586e-12
Cover_T67 0
Cover_T68 0
Cover_T69 -6
Cover_T70 0
Cover_T71 10
Cover_T72 2.21889e-12
Cover_T73 0
Cover_T74 0
Cover_T75 -8.8157e-11
Cover_T76 8
Cover_T77 4
Cover_T78 22
Cover_T79 8
Cover_T80 -6
Cover_T81 -1.25318e-10
Cover_T82 24
Cover_T83 -14
Cover_T84 -4
Cover_T85 14
Cover_T86 50
Cover_T87 -16
Cover_T88 50
Cover_T89 12
Cover_T90 50
Cover_T91 -42
Cover_T92 22
Cover_T93 -42
Cover_T94 4
Cover_T95 -42
Cover_T96 6
Cover_T97 -14
Cover_T98 4
Cover_T99 4
Cover_T100 4
Cover_T101 2
Cover_T102 -22
Cover_T103 4
Cover_T104 -50
Cover_T105 4
Cover_T106 -28
Cover_T107 30
Cover_T108 -26
Cover_T109 52
Cover_T110 -42
Cover_T111 46
Cover_T112 46
Cover_T113 34
Cover_T114 30
Cover_T115 50
Cover_T116 14
Cover_T117 36
Cover_T118 -2
Cover_T119 52
Cover_T120 -18
Cover_T121 -36
Cover_T122 -34
Cover_T123 -20
Cover_T124 4
Cover_T125 8
Cover_T126 8
Cover_T127 36
Cover_T128 -14
Cover_T129 6
Cover_T130 0
Cover_T131 0
Cover_T132 -20
Cover_T133 20
Cover_T134 -36
Cover_T135 28
Cover_T136 20
Cover_T137 20
Cover_T138 4
Cover_T139 46
Cover_T140 46
Cover_T141 72
Cover_T142 38
Cover_T143 78
Cover_T144 30
Cover_T145 32
Cover_T146 0
Cover_T147 58
Cover_T148 28
Cover_T149 12
Cover_T150 18
Cover_T151 8
Cover_T152 2
Cover_T153 10
Cover_T154 14
Cover_T155 38
Cover_T156 8
Cover_T157 12
Cover_T158 -4
Cover_T159 14
Cover_T160 -4
Cover_T161 40
Cover_T162 -2
Cover_T163 38
Cover_T164 -2
Cover_T165 40
Cover_T166 -2
Cover_T167 44
Cover_T168 -14
Cover_T169 30
Cover_T170 -24
Cover_T171 34
Cover_T172 -20
Cover_T173 36
Cover_T174 -22
Cover_T175 32
Cover_T176 -26
Cover_T177 32
Cover_T178 -38
Cover_T179 38
Cover_T180 -34
Cover_T181 36
Cover_T182 -30
Cover_T183 28
Cover_T184 -34
Cover_T185 30
Cover_T186 -32
Cover_T187 34
Cover_T188 -28
Cover_T189 40
Cover_T190 -28
Cover_T191 44
Cover_T192 -28
Cover_T193 42
Cover_T194 -32
Cover_T195 38
Cover_T196 -28
Cover_T197 44
Cover_T198 -28
Cover_T199 46
Cover_T200 -28
Cover_T201 54
Cover_T202 -30
Cover_T203 50
Cover_T204 -30
Cover_T205 50
Cover_T206 -30
Cover_T207 54
Cover_T208 -36
Cover_T209 52
Cover_T210 -38
Cover_T211 60
Cover_T212 -44
Cover_T213 60
Cover_T214 -46
Cover_T215 52
Cover_T216 -50
Cover_T217 54
Cover_T218 -44
Cover_T219 58
Cover_T220 -44
Cover_T221 58
Cover_T222 -44
Cover_T223 56
Cover_T224 -38
Cover_T225 56
Cover_T226 -36
Cover_T227 56
Cover_T228 -36
Cover_T229 50
Cover_T230 -24
Cover_T231 50
Cover_T232 -28
Cover_T233 48
Cover_T234 0
Cover_T235 48
Cover_T236 -8
Cover_T237 46
Cover_T238 -20
Cover_T239 38
Cover_T240 938
Cover_T241 988
Cover_T242 942
Cover_T243 998
Cover_T244 942
Cover_T245 1012
Cover_T246 946
Cover_T247 1024
Cover_T248 950
Cover_T249 62
Cover_T250 0
Cover_T251 60
Cover_T252 -42
Cover_T253 34
Cover_T254 -50
Cover_T255 4
Cover_T256 -38
Cover_T257 4
Cover_T258 -10
Cover_T259 14
Cover_T260 16
Cover_T261 12
Cover_T262 16
Cover_T263 6
Cover_T264 6
Cover_T265 4
Cover_T266 2
Cover_T267 2
Cover_T268 0
Cover_T269 2
Cover_T270 4
Cover_T271 2
Cover_T272 0
Cover_T273 2
Cover_T274 4
Cover_T275 6
Cover_T276 4
Cover_T277 6
Cover_T278 4
Cover_T279 16
Cover_T280 4
Cover_T281 3.39497e-11
Cover_T282 -1.78375e-10
Cover_T283 -16
Cover_T284 0
Cover_T285 20
Cover_T286 2
Cover_T287 -8
Cover_T288 30
Cover_T289 46
Cover_T290 -3.74882e-11
Cover_T291 46
Cover_T292 28
Cover_T293 46
Cover_T294 -26
Cover_T295 18
Cover_T296 -26
Cover_T297 0
Cover_T298 -26
Cover_T299 2
Cover_T300 0
Cover_T301 0
Cover_T302 6
Cover_T303 0
Cover_T304 0
Cover_T305 -26
Cover_T306 0
Cover_T307 -32
Cover_T308 18
Cover_T309 -32
Cover_T310 46
Cover_T311 -30
Cover_T312 52
Cover_T313 46
Cover_T314 52
Cover_T315 18
Cover_T316 50
Cover_T317 -10
Cover_T318 -26
Cover_T319 -36
Cover_T320 -6
Cover_T321 8
Cover_T322 10
Cover_T323 0
Cover_T324 26
Cover_T325 8
Cover_T326 42
Cover_T327 -2
Cover_T328 2
Cover_T329 8
Cover_T330 10
Cover_T331 8
Cover_T332 10
Cover_T333 -1.10584e-10
Cover_T334 26
Cover_T335 -30
Cover_T336 22
Cover_T337 16
Cover_T338 52
Cover_T339 42
Cover_T340 84
Cover_T341 34
Cover_T342 44
Cover_T343 6
Cover_T344 8
Cover_T345 14
Cover_T346 0
Cover_T347 -2
Cover_T348 14
Cover_T349 0
Cover_T350 16
Cover_T351 8
Cover_T352 24
Cover_T353 4
Cover_T354 24
Cover_T355 -10
Cover_T356 20
Cover_T357 -8
Cover_T358 30
Cover_T359 -8
Cover_T360 38
Cover_T361 -14
Cover_T362 32
Cover_T363 -14
Cover_T364 40
Cover_T365 -12
Cover_T366 38
Cover_T367 -20
Cover_T368 34
Cover_T369 -26
Cover_T370 34
Cover_T371 -22
Cover_T372 40
Cover_T373 -32
Cover_T374 32
Cover_T375 -28
Cover_T376 30
Cover_T377 -28
Cover_T378 34
Cover_T379 -30
Cover_T380 28
Cover_T381 -34
Cover_T382 40
Cover_T383 -34
Cover_T384 40
Cover_T385 -34
Cover_T386 40
Cover_T387 -28
Cover_T388 40
Cover_T389 -44
Cover_T390 40
Cover_T391 -36
Cover_T392 42
Cover_T393 -32
Cover_T394 36
Cover_T395 -28
Cover_T396 50
Cover_T397 -28
Cover_T398 48
Cover_T399 -44
Cover_T400 46
Cover_T401 -36
Cover_T402 38
Cover_T403 -32
Cover_T404 42
Cover_T405 -30
Cover_T406 58
Cover_T407 -30
Cover_T408 52
Cover_T409 -30
Cover_T410 56
Cover_T411 -30
Cover_T412 46
Cover_T413 -44
Cover_T414 56
Cover_T415 -38
Cover_T416 46
Cover_T417 -38
Cover_T418 54
Cover_T419 -48
Cover_T420 52
Cover_T421 -46
Cover_T422 52
Cover_T423 -46
Cover_T424 66
Cover_T425 -34
Cover_T426 62
Cover_T427 -34
Cover_T428 56
Cover_T429 -38
Cover_T430 58
Cover_T431 -30
Cover_T432 42
Cover_T433 -4.25615e-12
Cover_T434 50
Cover_T435 -14
Cover_T436 50
Cover_T437 940
Cover_T438 996
Cover_T439 948
Cover_T440 1042
Cover_T441 948
Cover_T442 1034
Cover_T443 950
Cover_T444 1026
Cover_T445 944
Cover_T446 1002
Cover_T447 944
Cover_T448 1000
Cover_T449 950
Cover_T450 1016
Cover_T451 950
Cover_T452 46
Cover_T453 -9.50848e-11
Cover_T454 28
Cover_T455 -42
Cover_T456 12
Cover_T457 -42
Cover_T458 -4
Cover_T459 -46
Cover_T460 4
Cover_T461 -46
Cover_T462 -12
Cover_T463 -30
Cover_T464 8
Cover_T465 -14
Cover_T466 0
Cover_T467 1.32573e-10
Cover_T468 2
Cover_T469 16
Cover_T470 8
Cover_T471 6
Cover_T472 2
Cover_T473 -12
Cover_T474 0
Cover_T475 -2.78959e-11
Cover_T476 -3.23013e-11
Cover_T477 2
Cover_T478 0
Cover_T479 -6.74691e-11
Cover_T480 4
Cover_T481 0
Cover_T482 0
Cover_T483 8
Cover_T484 0
Cover_T485 8
Cover_T486 22
Cover_T487 0
Cover_T488 2
Cover_T489 4
Cover_T490 -18
Cover_T491 8
Cover_T492 20
Cover_T493 8
Cover_T494 0
Cover_T495 -16
Cover_T496 -16
Cover_T497 0
Cover_T498 50
Cover_T499 16
Cover_T500 34
Cover_T501 32
Cover_T502 46
Cover_T503 -10
Cover_T504 30
Cover_T505 6
Cover_T506 42
Cover_T507 22
Cover_T508 26
Cover_T509 -44
Cover_T510 6
Cover_T511 -44
Cover_T512 0
Cover_T513 -44
Cover_T514 6
Cover_T515 -16
Cover_T516 6
Cover_T517 2
Cover_T518 -12
Cover_T519 0
Cover_T520 -40
Cover_T521 2
Cover_T522 -46
Cover_T523 2
Cover_T524 -46
Cover_T525 28
Cover_T526 -44
Cover_T527 52
Cover_T528 40
Cover_T529 50
Cover_T530 20
Cover_T531 42
Cover_T532 -7.74836e-11
Cover_T533 32
Cover_T534 -20
Cover_T535 52
Cover_T536 -40
Cover_T537 -32
Cover_T538 0
Cover_T539 -14
Cover_T540 6
Cover_T541 2
Cover_T542 -1.40012e-11
Cover_T543 18
Cover_T544 -10
Cover_T545 34
Cover_T546 0
Cover_T547 54
Cover_T548 -5.77547e-11
Cover_T549 12
Cover_T550 -8
Cover_T551 10
Cover_T552 -24
Cover_T553 16
Cover_T554 -40
Cover_T555 34
Cover_T556 16
Cover_T557 22
Cover_T558 0
Cover_T559 34
Cover_T560 46
Cover_T561 52
Cover_T562 46
Cover_T563 68
Cover_T564 34
Cover_T565 84
Cover_T566 16
Cover_T567 38
Cover_T568 14
Cover_T569 54
Cover_T570 20
Cover_T571 0
Cover_T572 18
Cover_T573 24
Cover_T574 14
Cover_T575 28
Cover_T576 8
Cover_T577 32
Cover_T578 8
Cover_T579 36
Cover_T580 -8.96095e-11
Cover_T581 22
Cover_T582 -14
Cover_T583 26
Cover_T584 -4
Cover_T585 40
Cover_T586 -2
Cover_T587 42
Cover_T588 -14
Cover_T589 28
Cover_T590 -12
Cover_T591 42
Cover_T592 -12
Cover_T593 40
Cover_T594 -20
Cover_T595 36
Cover_T596 -20
Cover_T597 34
Cover_T598 -24
Cover_T599 36
Cover_T600 -26
Cover_T601 34
Cover_T602 -26
Cover_T603 34
Cover_T604 -28
Cover_T605 34
Cover_T606 -28
Cover_T607 34
Cover_T608 -28
Cover_T609 36
Cover_T610 -28
Cover_T611 40
Cover_T612 -34
Cover_T613 36
Cover_T614 -38
Cover_T615 34
Cover_T616 -28
Cover_T617 46
Cover_T618 -38
Cover_T619 58
Cover_T620 -38
Cover_T621 50
Cover_T622 -38
Cover_T623 38
Cover_T624 -28
Cover_T625 44
Cover_T626 -30
Cover_T627 68
Cover_T628 -30
Cover_T629 64
Cover_T630 -30
Cover_T631 64
Cover_T632 -38
Cover_T633 54
Cover_T634 -36
Cover_T635 58
Cover_T636 -38
Cover_T637 60
Cover_T638 -42
Cover_T639 60
Cover_T640 -42
Cover_T641 62
Cover_T642 -46
Cover_T643 54
Cover_T644 52
Cover_T645 6
Cover_T646 20
Cover_T647 8
Cover_T648 26
Cover_T649 24
Cover_T650 96
Cover_T651 30
Cover_T652 56
Cover_T653 32
Cover_T654 40
Cover_T655 970
Cover_T656 12
Cover_T657 988
Cover_T658 918
Cover_T659 916
Cover_T660 1004
Cover_T661 932
Cover_T662 1002
Cover_T663 948
Cover_T664 64
Cover_T665 964
Cover_T666 46
Cover_T667 62
Cover_T668 12
Cover_T669 -28
Cover_T670 54
Cover_T671 -20
Cover_T672 52
Cover_T673 20
Cover_T674 0
Cover_T675 52
Cover_T676 -16
Cover_T677 60
Cover_T678 0
Cover_T679 68
Cover_T680 0
Cover_T681 52
Cover_T682 0
Cover_T683 62
Cover_T684 34
Cover_T685 84
Cover_T686 0
Cover_T687 54
Cover_T688 66
Cover_T689 60
Cover_T690 36
Cover_T691 60
Cover_T692 54
Cover_T693 22
Cover_T694 52
Cover_T695 62
Cover_T696 36
Cover_T697 0
Cover_T698 56
Cover_T699 26
Cover_T700 54
Cover_T701 0
Cover_T702 28
Cover_T703 36
Count_D0 -984
Count_D1 -1000
Max_H0_P0 0
Max_H0_P1 0
Max_H0_P2 0
Max_H0_P3 0
Max_H0_P4 0
Max_H0_P5 0
Max_H0_P6 0
Max_H0_P7 0
Max_H0_P8 0
Max_H0_P9 0
Max_H0_P10 0
Max_H0_P11 0
Max_H0_P12 0
Max_H0_P13 0
Max_H0_P14 0
Max_H0_P15 0
Max_H0_P16 -4.45869e-12
Max_H0_P17 0
Max_H0_P18 -4.8179e-11
Max_H0_P19 0
Max_H0_P20 -5.17796e-11
Max_H0_P21 0
Max_H0_P22 3.32519e-11
Max_H0_P23 -2.541e-11
Max_H0_P24 -7.29733e-12
Max_H0_P25 0
Max_H0_P26 -1.75788e-11
Max_H0_P27 1.2959e-11
Max_H0_P28 2.51461e-11
Max_H0_P29 1.7187e-11
Max_H0_P30 5.45217e-11
Max_H0_P31 -3.39859e-11
Max_H0_P32 2.21547e-11
Max_H0_P33 -2.00621e-11
Max_H0_P34 0
Max_H0_P35 0
Max_H0_P36 -1.43401e-11
Max_H0_P37 0
Max_H0_P38 9.27081e-12
Max_H0_P39 -4.21209e-11
Max_H0_P40 1.46256e-11
Max_H0_P41 0
Max_H0_P42 0
Max_H0_P43 0
Max_H0_P44 0
Max_H0_P45 0
Max_H0_P46 0
Max_H0_P47 0
Max_H0_P48 0
Max_H0_P49 0
Max_H0_P50 0
Max_H0_P51 0
Max_H0_P52 0
Max_H0_P53 0
Max_H0_P54 0
Max_H0_P55 0
Max_H0_P56 0
Max_H0_P57 0
Max_H0_P58 0
Max_H0_P59 0
Max_H0_P60 0
Max_H0_P61 0
Max_H0_P62 0
Max_H0_P63 0
Max_H0_P64 0
Max_H0_P65 0
Max_H0_P66 0
Max_H0_P67 0
Max_H0_P68 0
Max_H0_P69 0
Max_H0_P70 0
Max_H0_P71 0
Max_H0_P72 0
Max_H0_P73 0
Max_H0_P74 0
Max_H0_P75 0
Max_H0_P76 0
Max_H0_P77 5.75335e-11
Max_H0_P78 -8.02034e-11
Max_H0_P79 0
Max_H0_P80 0
Max_H0_P81 0
Max_H1_P0 0
Max_H1_P1 0
Max_H1_P2 0
Max_H1_P3 0
Max_H1_P4 0
Max_H1_P5 -6.45972e-11
Max_H1_P6 -2.53396e-11
Max_H1_P7 0
Max_H1_P8 0
Max_H1_P9 0
Max_H1_P10 0
Max_H1_P11 0
Max_H1_P12 0
Max_H1_P13 0
Max_H1_P14 0
Max_H1_P15 0
Max_H1_P16 0
Max_H1_P17 -4.32426e-11
Max_H1_P18 -6.46301e-12
Max_H1_P19 9.15179e-12
Max_H1_P20 -5.3145e-11
Max_H1_P21 -4.42622e-11
Max_H1_P22 -1.42322e-11
Max_H1_P23 0
Max_H1_P24 -1.18941e-11
Max_H1_P25 1.29691e-11
Max_H1_P26 1.14255e-11
Max_H1_P27 0
Max_H1_P28 9.42702e-12
Max_H1_P29 3.32747e-11
Max_H1_P30 -6.60438e-12
Max_H1_P31 -1.34577e-11
Max_H1_P32 1.01736e-11
Max_H1_P33 -4.0615e-11
Max_H1_P34 0
Max_H1_P35 3.01835e-12
Max_H1_P36 1.6693e-11
Max_H1_P37 2.66969e-11
Max_H1_P38 -2.10001e-11
Max_H1_P39 0
Max_H1_P40 -5.69086e-11
Max_H1_P41 0
Max_H1_P42 6.26804e-11
Max_H1_P43 0
Max_H1_P44 0
Max_H1_P45 0
Max_H1_P46 0
Max_H1_P47 0
Max_H1_P48 0
Max_H1_P49 0
Max_H1_P50 0
Max_H1_P51 0
Max_H1_P52 0
Max_H1_P53 0
Max_H1_P54 0
Max_H1_P55 0
Max_H1_P56 0
Max_H1_P57 0
Max_H1_P58 0
Max_H1_P59 0
Max_H1_P60 0
Max_H1_P61 0
Max_H1_P62 0
Max_H1_P63 0
Max_H1_P64 0
Max_H1_P65 1.87577e-11
Max_H1_P66 0
Max_H1_P67 0
Max_H1_P68 0
Max_H1_P69 0
Max_H1_P70 0
Max_H1_P71 0
Max_H1_P72 0
Max_H1_P73 0
Max_H1_P74 0
Max_H1_P75 0
Max_H1_P76 3.1708e-11
Max_H1_P77 -5.1271e-11
Max_H1_P78 0
Max_H1_P79 1.15072e-11
Max_H1_P80 0
Max_H1_P81 0
