
Branch and bound

  Entire solving process        :                           (Time     91.8)
  No feasible solution was found
  Best relaxation cost          :     47388.20 (Node     0) (Time     91.8)
  Lower bound after cuts        :     47388.20
  End lower bound               :     47388.20
  Deepest level reached         : 0
  Deepest real level reached    : 0
  Number of real nodes solved   : 1
  Stopping condition            : enough nodes explored

Problem identification

  Problem                       : <null>
  Machine                       : oslo2.gerad.lan

Solving process summary

  Linear relaxations            :        1
  Column generation iterations  :      113
  Shortest paths solved         :     6153
  Columns generated             :    44774

Instance characteristics

  Resources                     : 3
  Node types                    : no
  Arc types                     : no
  Strong resource windows       : no
  Weak resource windows         : no
  Resource windows (nodes)      : 3
  Resource values (arcs)        : 3
  Values on nodes               : no

  Rows                          : 870
  Initial columns               : 365
  Tasks                         : 708
  Strong tasks                  : 495
  Weak tasks                    : 4
  Initial task constraints      : no
  Nodes                         : 1036
  Arc sets                      : 1
  Arcs                          : 24011
  Networks                      : 2
  Models                        : 1

Memory used per module (Megs)

  Parser (reused)               :      5.214
  Networks                      :     27.608
  Column generator              :      7.144
  Master problem                :      8.506
  -----------------
  Total                         :     43.258

Cpu time per module (seconds)

  Parser                        :        0.0
  Preprocessor                  :        0.0
  Lr solver manager             :        0.1
  Column generator              :       34.5
    (Shortest path)             :       30.1
  Master problem                :       57.1
  -------------------
  Total (without b&b)           :       91.7

Real elapsed time (seconds)

  Parser                        :        0.0
  Preprocessor                  :        0.0
  Lr solver manager             :        0.1
  Column generator              :       34.6
    (Shortest path)             :       30.2
  Master problem                :       57.1
  -------------------
  Total (without b&b)           :       91.8
