Cover_T0 52
Cover_T1 -52
Cover_T2 52
Cover_T3 -52
Cover_T4 52
Cover_T5 -52
Cover_T6 52
Cover_T7 -52
Cover_T8 52
Cover_T9 -52
Cover_T10 52
Cover_T11 -52
Cover_T12 52
Cover_T13 -52
Cover_T14 52
Cover_T15 -52
Cover_T16 52
Cover_T17 -52
Cover_T18 52
Cover_T19 -52
Cover_T20 52
Cover_T21 -50
Cover_T22 52
Cover_T23 -50
Cover_T24 54
Cover_T25 -50
Cover_T26 58
Cover_T27 -52
Cover_T28 54
Cover_T29 -46
Cover_T30 56
Cover_T31 -46
Cover_T32 56
Cover_T33 -46
Cover_T34 54
Cover_T35 -50
Cover_T36 58
Cover_T37 -48
Cover_T38 52
Cover_T39 -46
Cover_T40 56
Cover_T41 -42
Cover_T42 56
Cover_T43 -42
Cover_T44 52
Cover_T45 -40
Cover_T46 56
Cover_T47 -32
Cover_T48 50
Cover_T49 -40
Cover_T50 56
Cover_T51 -7.13329e-11
Cover_T52 52
Cover_T53 12
Cover_T54 52
Cover_T55 4
Cover_T56 1036
Cover_T57 978
Cover_T58 1042
Cover_T59 984
Cover_T60 1038
Cover_T61 984
Cover_T62 1046
Cover_T63 984
Cover_T64 1038
Cover_T65 984
Cover_T66 1046
Cover_T67 984
Cover_T68 1006
Cover_T69 984
Cover_T70 994
Cover_T71 984
Cover_T72 994
Cover_T73 0
Cover_T74 14
Cover_T75 -10
Cover_T76 6
Cover_T77 -10
Cover_T78 4
Cover_T79 -10
Cover_T80 -8
Cover_T81 -2
Cover_T82 -24
Cover_T83 -10
Cover_T84 -40
Cover_T85 6
Cover_T86 -42
Cover_T87 8
Cover_T88 -3.20096e-10
Cover_T89 22
Cover_T90 8
Cover_T91 42
Cover_T92 8
Cover_T93 48
Cover_T94 6
Cover_T95 10
Cover_T96 8
Cover_T97 2
Cover_T98 6
Cover_T99 2
Cover_T100 16
Cover_T101 0
Cover_T102 4
Cover_T103 -12
Cover_T104 4
Cover_T105 -4.28166e-10
Cover_T106 2
Cover_T107 -6
Cover_T108 2
Cover_T109 6
Cover_T110 16
Cover_T111 -12
Cover_T112 4
Cover_T113 -1.68191e-10
Cover_T114 4
Cover_T115 -1.37987e-11
Cover_T116 2
Cover_T117 2
Cover_T118 16
Cover_T119 2
Cover_T120 4
Cover_T121 -8
Cover_T122 8
Cover_T123 0
Cover_T124 -4
Cover_T125 -16
Cover_T126 -24
Cover_T127 4
Cover_T128 -44
Cover_T129 -3.86962e-11
Cover_T130 -16
Cover_T131 12
Cover_T132 -36
Cover_T133 28
Cover_T134 -48
Cover_T135 40
Cover_T136 4
Cover_T137 52
Cover_T138 0
Cover_T139 16
Cover_T140 -2.35874e-11
Cover_T141 28
Cover_T142 4
Cover_T143 40
Cover_T144 -4
Cover_T145 52
Cover_T146 4
Cover_T147 -2.80096e-11
Cover_T148 0
Cover_T149 4
Cover_T150 1.33117e-10
Cover_T151 4
Cover_T152 12
Cover_T153 1.56319e-12
Cover_T154 4
Cover_T155 8
Cover_T156 -6
Cover_T157 1.41563e-10
Cover_T158 -18
Cover_T159 4
Cover_T160 -30
Cover_T161 4
Cover_T162 -42
Cover_T163 -8
Cover_T164 -30
Cover_T165 0
Cover_T166 -42
Cover_T167 10
Cover_T168 -34
Cover_T169 22
Cover_T170 -46
Cover_T171 34
Cover_T172 -22
Cover_T173 50
Cover_T174 -38
Cover_T175 42
Cover_T176 10
Cover_T177 40
Cover_T178 -4
Cover_T179 54
Cover_T180 4
Cover_T181 36
Cover_T182 10
Cover_T183 52
Cover_T184 0
Cover_T185 6
Cover_T186 -4
Cover_T187 20
Cover_T188 2
Cover_T189 0
Cover_T190 6
Cover_T191 10
Cover_T192 12
Cover_T193 20
Cover_T194 10
Cover_T195 14
Cover_T196 2
Cover_T197 14
Cover_T198 10
Cover_T199 8
Cover_T200 6
Cover_T201 8
Cover_T202 4
Cover_T203 8
Cover_T204 -14
Cover_T205 18
Cover_T206 6
Cover_T207 10
Cover_T208 4
Cover_T209 14
Cover_T210 2
Cover_T211 18
Cover_T212 1.67832e-10
Cover_T213 34
Cover_T214 1.35506e-10
Cover_T215 12
Cover_T216 -2
Cover_T217 8
Cover_T218 -6
Cover_T219 8
Cover_T220 -2
Cover_T221 20
Cover_T222 -2
Cover_T223 14
Cover_T224 -2
Cover_T225 10
Cover_T226 -8
Cover_T227 14
Cover_T228 -4
Cover_T229 18
Cover_T230 -4
Cover_T231 10
Cover_T232 -4
Cover_T233 10
Cover_T234 -8
Cover_T235 20
Cover_T236 -10
Cover_T237 18
Cover_T238 -14
Cover_T239 16
Cover_T240 -10
Cover_T241 20
Cover_T242 -16
Cover_T243 30
Cover_T244 -16
Cover_T245 28
Cover_T246 -16
Cover_T247 32
Cover_T248 -16
Cover_T249 32
Cover_T250 -24
Cover_T251 20
Cover_T252 -14
Cover_T253 28
Cover_T254 -20
Cover_T255 22
Cover_T256 -40
Cover_T257 36
Cover_T258 -24
Cover_T259 30
Cover_T260 -18
Cover_T261 36
Cover_T262 -18
Cover_T263 48
Cover_T264 -24
Cover_T265 60
Cover_T266 -18
Cover_T267 40
Cover_T268 -22
Cover_T269 36
Cover_T270 -26
Cover_T271 38
Cover_T272 -22
Cover_T273 34
Cover_T274 -24
Cover_T275 40
Cover_T276 -36
Cover_T277 40
Cover_T278 -26
Cover_T279 36
Cover_T280 -30
Cover_T281 44
Cover_T282 -28
Cover_T283 38
Cover_T284 -28
Cover_T285 60
Cover_T286 -38
Cover_T287 46
Cover_T288 -30
Cover_T289 48
Cover_T290 -30
Cover_T291 54
Cover_T292 -38
Cover_T293 58
Cover_T294 -40
Cover_T295 52
Cover_T296 -36
Cover_T297 46
Cover_T298 -38
Cover_T299 54
Cover_T300 -38
Cover_T301 66
Cover_T302 -40
Cover_T303 66
Cover_T304 -40
Cover_T305 54
Cover_T306 -44
Cover_T307 62
Cover_T308 -44
Cover_T309 52
Cover_T310 -52
Cover_T311 52
Cover_T312 -52
Cover_T313 54
Cover_T314 -50
Cover_T315 54
Cover_T316 -50
Cover_T317 56
Cover_T318 -50
Cover_T319 56
Cover_T320 -46
Cover_T321 58
Cover_T322 -46
Cover_T323 52
Cover_T324 -50
Cover_T325 50
Cover_T326 -50
Cover_T327 48
Cover_T328 -42
Cover_T329 56
Cover_T330 -40
Cover_T331 52
Cover_T332 -36
Cover_T333 50
Cover_T334 -44
Cover_T335 52
Cover_T336 -36
Cover_T337 48
Cover_T338 -44
Cover_T339 48
Cover_T340 -4
Cover_T341 48
Cover_T342 4
Cover_T343 44
Cover_T344 0
Cover_T345 1024
Cover_T346 982
Cover_T347 1042
Cover_T348 984
Cover_T349 1034
Cover_T350 980
Cover_T351 1042
Cover_T352 984
Cover_T353 1002
Cover_T354 984
Cover_T355 990
Cover_T356 984
Cover_T357 998
Cover_T358 -7.94671e-11
Cover_T359 10
Cover_T360 -14
Cover_T361 18
Cover_T362 -10
Cover_T363 10
Cover_T364 -14
Cover_T365 -2
Cover_T366 -10
Cover_T367 0
Cover_T368 -6
Cover_T369 -6
Cover_T370 -10
Cover_T371 -20
Cover_T372 -6
Cover_T373 -30
Cover_T374 6
Cover_T375 -42
Cover_T376 4
Cover_T377 -40
Cover_T378 12
Cover_T379 4
Cover_T380 28
Cover_T381 4.63061e-11
Cover_T382 44
Cover_T383 -1.26036e-10
Cover_T384 46
Cover_T385 4
Cover_T386 4
Cover_T387 4
Cover_T388 8
Cover_T389 12
Cover_T390 8
Cover_T391 0
Cover_T392 4
Cover_T393 -2
Cover_T394 4
Cover_T395 8
Cover_T396 -4.34183e-10
Cover_T397 -1.46301e-11
Cover_T398 2
Cover_T399 2
Cover_T400 -8
Cover_T401 8
Cover_T402 0
Cover_T403 -3.61666e-12
Cover_T404 -2
Cover_T405 16
Cover_T406 -12
Cover_T407 4
Cover_T408 -7.20092e-10
Cover_T409 2
Cover_T410 -6.62794e-11
Cover_T411 4
Cover_T412 2
Cover_T413 2.92737e-10
Cover_T414 -12
Cover_T415 -12
Cover_T416 -1.05564e-09
Cover_T417 -24
Cover_T418 2
Cover_T419 -36
Cover_T420 2.7907e-11
Cover_T421 -48
Cover_T422 4
Cover_T423 -12
Cover_T424 16
Cover_T425 -24
Cover_T426 32
Cover_T427 -44
Cover_T428 52
Cover_T429 -8.58336e-12
Cover_T430 24
Cover_T431 4.66658e-11
Cover_T432 44
Cover_T433 4.61569e-11
Cover_T434 1.20863e-11
Cover_T435 -1.02483e-10
Cover_T436 0
Cover_T437 0
Cover_T438 0
Cover_T439 12
Cover_T440 8
Cover_T441 4
Cover_T442 0
Cover_T443 -6
Cover_T444 4
Cover_T445 -18
Cover_T446 4
Cover_T447 -30
Cover_T448 -8
Cover_T449 -42
Cover_T450 8.78633e-12
Cover_T451 -30
Cover_T452 10
Cover_T453 -42
Cover_T454 22
Cover_T455 -34
Cover_T456 34
Cover_T457 -46
Cover_T458 46
Cover_T459 -22
Cover_T460 36
Cover_T461 -34
Cover_T462 46
Cover_T463 -46
Cover_T464 40
Cover_T465 6
Cover_T466 52
Cover_T467 -4
Cover_T468 30
Cover_T469 8
Cover_T470 42
Cover_T471 12
Cover_T472 54
Cover_T473 8
Cover_T474 0
Cover_T475 1.15165e-10
Cover_T476 12
Cover_T477 7.51623e-10
Cover_T478 4
Cover_T479 8
Cover_T480 0
Cover_T481 0
Cover_T482 10
Cover_T483 0
Cover_T484 16
Cover_T485 10
Cover_T486 6
Cover_T487 12
Cover_T488 16
Cover_T489 10
Cover_T490 14
Cover_T491 0
Cover_T492 4
Cover_T493 6
Cover_T494 8
Cover_T495 -2
Cover_T496 10
Cover_T497 -14
Cover_T498 4
Cover_T499 8.72844e-11
Cover_T500 14
Cover_T501 0
Cover_T502 20
Cover_T503 -14
Cover_T504 4
Cover_T505 -4
Cover_T506 10
Cover_T507 -2
Cover_T508 18
Cover_T509 -4
Cover_T510 4
Cover_T511 -16
Cover_T512 12
Cover_T513 -6
Cover_T514 14
Cover_T515 -6
Cover_T516 22
Cover_T517 -6
Cover_T518 20
Cover_T519 -6
Cover_T520 20
Cover_T521 -6
Cover_T522 28
Cover_T523 -6
Cover_T524 24
Cover_T525 -12
Cover_T526 24
Cover_T527 -12
Cover_T528 24
Cover_T529 -12
Cover_T530 24
Cover_T531 -12
Cover_T532 24
Cover_T533 -14
Cover_T534 24
Cover_T535 -14
Cover_T536 24
Cover_T537 -24
Cover_T538 28
Cover_T539 -22
Cover_T540 28
Cover_T541 -38
Cover_T542 24
Cover_T543 -18
Cover_T544 34
Cover_T545 -18
Cover_T546 36
Cover_T547 -22
Cover_T548 48
Cover_T549 -18
Cover_T550 60
Cover_T551 -24
Cover_T552 36
Cover_T553 -22
Cover_T554 36
Cover_T555 -22
Cover_T556 38
Cover_T557 -26
Cover_T558 34
Cover_T559 -22
Cover_T560 40
Cover_T561 -24
Cover_T562 34
Cover_T563 -40
Cover_T564 40
Cover_T565 -26
Cover_T566 40
Cover_T567 -30
Cover_T568 32
Cover_T569 -36
Cover_T570 40
Cover_T571 -26
Cover_T572 38
Cover_T573 -36
Cover_T574 50
Cover_T575 -30
Cover_T576 52
Cover_T577 -34
Cover_T578 42
Cover_T579 -30
Cover_T580 42
Cover_T581 -34
Cover_T582 50
Cover_T583 -42
Cover_T584 40
Cover_T585 -30
Cover_T586 48
Cover_T587 -36
Cover_T588 42
Cover_T589 -30
Cover_T590 46
Cover_T591 -36
Cover_T592 42
Cover_T593 -40
Cover_T594 50
Cover_T595 -36
Cover_T596 52
Cover_T597 -48
Cover_T598 48
Cover_T599 -50
Cover_T600 46
Cover_T601 -38
Cover_T602 62
Cover_T603 -40
Cover_T604 66
Cover_T605 -40
Cover_T606 52
Cover_T607 -52
Cover_T608 52
Cover_T609 52
Cover_T610 -50
Cover_T611 56
Cover_T612 -48
Cover_T613 52
Cover_T614 -46
Cover_T615 54
Cover_T616 -46
Cover_T617 54
Cover_T618 -44
Cover_T619 54
Cover_T620 -36
Cover_T621 52
Cover_T622 -40
Cover_T623 52
Cover_T624 -40
Cover_T625 54
Cover_T626 0
Cover_T627 56
Cover_T628 8
Cover_T629 52
Cover_T630 4
Cover_T631 1036
Cover_T632 982
Cover_T633 1046
Cover_T634 980
Cover_T635 1042
Cover_T636 984
Cover_T637 1038
Cover_T638 984
Cover_T639 1046
Cover_T640 984
Cover_T641 1042
Cover_T642 980
Cover_T643 1034
Cover_T644 984
Cover_T645 1042
Cover_T646 980
Cover_T647 994
Cover_T648 980
Cover_T649 990
Cover_T650 980
Cover_T651 998
Cover_T652 -4
Cover_T653 12
Cover_T654 -12
Cover_T655 8
Cover_T656 -10
Cover_T657 -4
Cover_T658 -10
Cover_T659 -20
Cover_T660 -10
Cover_T661 -36
Cover_T662 -10
Cover_T663 -38
Cover_T664 -2
Cover_T665 4
Cover_T666 -1.29576e-10
Cover_T667 0
Cover_T668 12
Cover_T669 4
Cover_T670 20
Cover_T671 -4
Cover_T672 28
Cover_T673 8
Cover_T674 36
Cover_T675 0
Cover_T676 44
Cover_T677 4
Cover_T678 52
Cover_T679 2
Cover_T680 46
Cover_T681 18
Cover_T682 54
Cover_T683 10
Cover_T684 4
Cover_T685 6.34781e-10
Cover_T686 12
Cover_T687 10
Cover_T688 8
Cover_T689 2
Cover_T690 0
Cover_T691 -6
Cover_T692 8
Cover_T693 16
Cover_T694 -4
Cover_T695 8
Cover_T696 4
Cover_T697 2.85773e-10
Cover_T698 0
Cover_T699 2
Cover_T700 6
Cover_T701 0
Cover_T702 -6
Cover_T703 0
Cover_T704 2
Cover_T705 14
Cover_T706 0
Cover_T707 2
Cover_T708 12
Cover_T709 2
Cover_T710 -6
Cover_T711 0
Cover_T712 6
Cover_T713 14
Cover_T714 6
Cover_T715 2
Cover_T716 8
Cover_T717 0
Cover_T718 8
Cover_T719 0
Cover_T720 -2
Cover_T721 -8
Cover_T722 2
Cover_T723 -24
Cover_T724 8
Cover_T725 -40
Cover_T726 -2
Cover_T727 -8
Cover_T728 4
Cover_T729 -24
Cover_T730 6
Cover_T731 -40
Cover_T732 14
Cover_T733 8
Cover_T734 28
Cover_T735 4
Cover_T736 40
Cover_T737 4
Cover_T738 52
Cover_T739 8
Cover_T740 16
Cover_T741 5.94014e-11
Cover_T742 28
Cover_T743 8
Cover_T744 40
Cover_T745 4
Cover_T746 52
Cover_T747 4
Cover_T748 0
Cover_T749 16
Cover_T750 4
Cover_T751 4
Cover_T752 4
Cover_T753 -2
Cover_T754 0
Cover_T755 -22
Cover_T756 1.13625e-10
Cover_T757 -42
Cover_T758 -1.23748e-10
Cover_T759 -38
Cover_T760 -4
Cover_T761 -38
Cover_T762 10
Cover_T763 -22
Cover_T764 30
Cover_T765 -42
Cover_T766 46
Cover_T767 -50
Cover_T768 54
Cover_T769 6
Cover_T770 40
Cover_T771 -1.9196e-10
Cover_T772 46
Cover_T773 -8
Cover_T774 54
Cover_T775 8
Cover_T776 44
Cover_T777 0
Cover_T778 52
Cover_T779 8
Cover_T780 56
Cover_T781 8
Cover_T782 32
Cover_T783 0
Cover_T784 42
Cover_T785 0
Cover_T786 50
Cover_T787 7.06468e-10
Cover_T788 58
Cover_T789 -8
Cover_T790 2
Cover_T791 8
Cover_T792 6
Cover_T793 2
Cover_T794 16
Cover_T795 2
Cover_T796 2
Cover_T797 8
Cover_T798 10
Cover_T799 2
Cover_T800 2
Cover_T801 14
Cover_T802 1.01107e-09
Cover_T803 12
Cover_T804 12
Cover_T805 2
Cover_T806 14
Cover_T807 12
Cover_T808 12
Cover_T809 4
Cover_T810 20
Cover_T811 12
Cover_T812 0
Cover_T813 4
Cover_T814 12
Cover_T815 2
Cover_T816 16
Cover_T817 10
Cover_T818 2
Cover_T819 10
Cover_T820 14
Cover_T821 2
Cover_T822 6.6116e-11
Cover_T823 6
Cover_T824 6
Cover_T825 8
Cover_T826 10
Cover_T827 -4
Cover_T828 10
Cover_T829 -16
Cover_T830 6
Cover_T831 6
Cover_T832 12
Cover_T833 2
Cover_T834 4
Cover_T835 6
Cover_T836 12
Cover_T837 -2
Cover_T838 10
Cover_T839 4
Cover_T840 12
Cover_T841 -1.59403e-10
Cover_T842 24
Cover_T843 0
Cover_T844 38
Cover_T845 1.52258e-10
Cover_T846 16
Cover_T847 -2
Cover_T848 8
Cover_T849 -6
Cover_T850 18
Cover_T851 -2
Cover_T852 22
Cover_T853 -4
Cover_T854 14
Cover_T855 -8
Cover_T856 18
Cover_T857 -4
Cover_T858 20
Cover_T859 -4
Cover_T860 24
Cover_T861 -6
Cover_T862 24
Cover_T863 -6
Cover_T864 24
Cover_T865 -6
Cover_T866 28
Cover_T867 -6
Cover_T868 24
Cover_T869 -12
Cover_T870 24
Cover_T871 -12
Cover_T872 24
Cover_T873 -12
Cover_T874 24
Cover_T875 -12
Cover_T876 24
Cover_T877 -20
Cover_T878 28
Cover_T879 -18
Cover_T880 28
Cover_T881 -38
Cover_T882 24
Cover_T883 -18
Cover_T884 28
Cover_T885 -18
Cover_T886 32
Cover_T887 -24
Cover_T888 34
Cover_T889 -18
Cover_T890 36
Cover_T891 -18
Cover_T892 56
Cover_T893 -18
Cover_T894 44
Cover_T895 -30
Cover_T896 36
Cover_T897 -36
Cover_T898 38
Cover_T899 -22
Cover_T900 44
Cover_T901 -32
Cover_T902 44
Cover_T903 -26
Cover_T904 46
Cover_T905 -26
Cover_T906 52
Cover_T907 -34
Cover_T908 42
Cover_T909 -36
Cover_T910 52
Cover_T911 -30
Cover_T912 54
Cover_T913 -30
Cover_T914 46
Cover_T915 -36
Cover_T916 58
Cover_T917 -36
Cover_T918 40
Cover_T919 -36
Cover_T920 54
Cover_T921 -40
Cover_T922 52
Cover_T923 -38
Cover_T924 60
Cover_T925 -38
Cover_T926 56
Cover_T927 -38
Cover_T928 52
Cover_T929 -40
Cover_T930 64
Cover_T931 -42
Cover_T932 56
Cover_T933 -44
Cover_T934 52
Cover_T935 -44
Cover_T936 64
Cover_T937 -44
Cover_T938 22
Cover_T939 -2
Cover_T940 34
Cover_T941 2
Cover_T942 30
Cover_T943 2
Cover_T944 10
Cover_T945 -1.57456e-10
Cover_T946 26
Cover_T947 8
Cover_T948 -5.81171e-10
Cover_T949 0
Cover_T950 22
Cover_T951 0
Cover_T952 10
Cover_T953 48
Cover_T954 10
Cover_T955 56
Cover_T956 6
Cover_T957 1018
Cover_T958 1082
Cover_T959 1032
Cover_T960 1082
Cover_T961 1030
Cover_T962 1082
Cover_T963 1018
Cover_T964 1076
Cover_T965 1030
Cover_T966 1028
Cover_T967 1030
Cover_T968 1032
Cover_T969 1030
Cover_T970 16
Cover_T971 -36
Cover_T972 52
Cover_T973 -4
Cover_T974 20
Cover_T975 60
Cover_T976 0
Cover_T977 58
Cover_T978 2
Cover_T979 56
Cover_T980 -18
Cover_T981 58
Cover_T982 -8
Cover_T983 12
Cover_T984 -30
Cover_T985 34
Cover_T986 0
Cover_T987 22
Cover_T988 12
Cover_T989 38
Cover_T990 0
Cover_T991 50
Cover_T992 0
Cover_T993 32
Cover_T994 54
Cover_T995 46
Cover_T996 38
Cover_T997 58
Cover_T998 46
Cover_T999 18
Cover_T1000 50
Cover_T1001 6
Cover_T1002 32
Cover_T1003 18
Cover_T1004 20
Cover_T1005 18
Cover_T1006 0
Cover_T1007 -20
Cover_T1008 34
Cover_T1009 -24
Cover_T1010 4
Cover_T1011 8
Cover_T1012 -24
Cover_T1013 36
Cover_T1014 0
Cover_T1015 -4.63072e-09
Cover_T1016 28
Cover_T1017 24
Cover_T1018 40
Cover_T1019 44
Cover_T1020 30
Cover_T1021 64
Cover_T1022 36
Cover_T1023 30
Cover_T1024 22
Cover_T1025 2
Count_D0 -984
Count_D1 -1000
Max_H0_P0 0
Max_H0_P1 0
Max_H0_P2 0
Max_H0_P3 0
Max_H0_P4 0
Max_H0_P5 0
Max_H0_P6 6.65565e-11
Max_H0_P7 0
Max_H0_P8 0
Max_H0_P9 -1.92157e-11
Max_H0_P10 1.7734e-11
Max_H0_P11 0
Max_H0_P12 0
Max_H0_P13 0
Max_H0_P14 0
Max_H0_P15 -2
Max_H0_P16 -2
Max_H0_P17 -2
Max_H0_P18 -2
Max_H0_P19 -2.71589e-10
Max_H0_P20 -2.96134e-10
Max_H0_P21 -3.63284e-11
Max_H0_P22 8.37802e-14
Max_H0_P23 -6.34373e-11
Max_H0_P24 -5.14971e-11
Max_H0_P25 -6.14193e-11
Max_H0_P26 -4.62244e-11
Max_H0_P27 -3.50386e-11
Max_H0_P28 -3.21165e-11
Max_H0_P29 -3.11944e-11
Max_H0_P30 -6.20266e-12
Max_H0_P31 9.30633e-12
Max_H0_P32 -2.73859e-11
Max_H0_P33 3.27911e-11
Max_H0_P34 2.59615e-11
Max_H0_P35 7.79021e-11
Max_H0_P36 1.00342e-12
Max_H0_P37 1.3924e-11
Max_H0_P38 5.37739e-11
Max_H0_P39 -1.57172e-11
Max_H0_P40 4.35389e-11
Max_H0_P41 0
Max_H0_P42 0
Max_H0_P43 0
Max_H0_P44 0
Max_H0_P45 0
Max_H0_P46 0
Max_H0_P47 0
Max_H0_P48 0
Max_H0_P49 0
Max_H0_P50 0
Max_H0_P51 0
Max_H0_P52 0
Max_H0_P53 0
Max_H0_P54 0
Max_H0_P55 0
Max_H0_P56 0
Max_H0_P57 0
Max_H0_P58 0
Max_H0_P59 2.44623e-11
Max_H0_P60 4.15746e-10
Max_H0_P61 4.51521e-10
Max_H0_P62 3.42937e-11
Max_H0_P63 0
Max_H0_P64 0
Max_H0_P65 0
Max_H0_P66 0
Max_H0_P67 0
Max_H0_P68 0
Max_H0_P69 0
Max_H0_P70 0
Max_H0_P71 0
Max_H0_P72 0
Max_H0_P73 0
Max_H0_P74 0
Max_H0_P75 0
Max_H0_P76 9.09536e-13
Max_H0_P77 3.94493e-11
Max_H0_P78 8.62617e-11
Max_H0_P79 -1.15579e-10
Max_H0_P80 0
Max_H0_P81 0
Max_H1_P0 0
Max_H1_P1 0
Max_H1_P2 0
Max_H1_P3 0
Max_H1_P4 -9.15179e-12
Max_H1_P5 2.28141e-11
Max_H1_P6 5.42001e-11
Max_H1_P7 0
Max_H1_P8 0
Max_H1_P9 0
Max_H1_P10 0
Max_H1_P11 -2.4774e-11
Max_H1_P12 0
Max_H1_P13 0
Max_H1_P14 0
Max_H1_P15 -2
Max_H1_P16 -2
Max_H1_P17 -2
Max_H1_P18 -2
Max_H1_P19 -3.02143e-10
Max_H1_P20 -2.92189e-10
Max_H1_P21 2.46285e-11
Max_H1_P22 -2.30784e-11
Max_H1_P23 -5.13147e-11
Max_H1_P24 1.57487e-11
Max_H1_P25 -4.7943e-11
Max_H1_P26 -4.95386e-11
Max_H1_P27 -5.56624e-11
Max_H1_P28 -1.10873e-10
Max_H1_P29 -8.57021e-11
Max_H1_P30 -3.66724e-11
Max_H1_P31 5.10454e-11
Max_H1_P32 -7.97678e-11
Max_H1_P33 -1.00684e-11
Max_H1_P34 2.26443e-11
Max_H1_P35 3.36701e-11
Max_H1_P36 1.41291e-11
Max_H1_P37 3.18234e-11
Max_H1_P38 2.30784e-11
Max_H1_P39 -2.65308e-11
Max_H1_P40 0
Max_H1_P41 0
Max_H1_P42 0
Max_H1_P43 4.07383e-11
Max_H1_P44 0
Max_H1_P45 0
Max_H1_P46 0
Max_H1_P47 0
Max_H1_P48 0
Max_H1_P49 0
Max_H1_P50 0
Max_H1_P51 0
Max_H1_P52 0
Max_H1_P53 9.90033e-11
Max_H1_P54 -5.81357e-12
Max_H1_P55 0
Max_H1_P56 0
Max_H1_P57 0
Max_H1_P58 0
Max_H1_P59 0
Max_H1_P60 4.82552e-10
Max_H1_P61 4.57241e-10
Max_H1_P62 0
Max_H1_P63 0
Max_H1_P64 0
Max_H1_P65 3.66696e-11
Max_H1_P66 5.28644e-12
Max_H1_P67 8.31024e-12
Max_H1_P68 0
Max_H1_P69 0
Max_H1_P70 -1.46372e-11
Max_H1_P71 0
Max_H1_P72 0
Max_H1_P73 0
Max_H1_P74 0
Max_H1_P75 0
Max_H1_P76 -1.93516e-11
Max_H1_P77 2.96905e-11
Max_H1_P78 -6.13167e-11
Max_H1_P79 5.09779e-11
Max_H1_P80 7.26786e-11
Max_H1_P81 0
