
Branch and bound

  Entire solving process        :                           (Time    217.9)
  No feasible solution was found
  Best relaxation cost          :     47067.05 (Node     0) (Time    217.9)
  Lower bound after cuts        :     47067.05
  End lower bound               :     47067.05
  Deepest level reached         : 0
  Deepest real level reached    : 0
  Number of real nodes solved   : 1
  Stopping condition            : enough nodes explored

Problem identification

  Problem                       : <null>
  Machine                       : oslo5.gerad.lan

Solving process summary

  Linear relaxations            :        1
  Column generation iterations  :      143
  Shortest paths solved         :     6537
  Columns generated             :    50717

Instance characteristics

  Resources                     : 3
  Node types                    : no
  Arc types                     : no
  Strong resource windows       : no
  Weak resource windows         : no
  Resource windows (nodes)      : 3
  Resource values (arcs)        : 3
  Values on nodes               : no

  Rows                          : 917
  Initial columns               : 381
  Tasks                         : 755
  Strong tasks                  : 521
  Weak tasks                    : 4
  Initial task constraints      : no
  Nodes                         : 1083
  Arc sets                      : 1
  Arcs                          : 26632
  Networks                      : 2
  Models                        : 1

Memory used per module (Megs)

  Parser (reused)               :      5.699
  Networks                      :     29.908
  Column generator              :      8.597
  Master problem                :      9.217
  -----------------
  Total                         :     47.722

Cpu time per module (seconds)

  Parser                        :        0.0
  Preprocessor                  :        0.0
  Lr solver manager             :        0.1
  Column generator              :       59.9
    (Shortest path)             :       52.6
  Master problem                :      157.8
  -------------------
  Total (without b&b)           :      217.9

Real elapsed time (seconds)

  Parser                        :        0.0
  Preprocessor                  :        0.0
  Lr solver manager             :        0.1
  Column generator              :       60.0
    (Shortest path)             :       53.0
  Master problem                :      157.8
  -------------------
  Total (without b&b)           :      217.9
