
Branch and bound

  Entire solving process        :                           (Time    353.9)
  No feasible solution was found
  Best relaxation cost          :     48063.06 (Node     0) (Time    353.9)
  Lower bound after cuts        :     48063.06
  End lower bound               :     48063.06
  Deepest level reached         : 0
  Deepest real level reached    : 0
  Number of real nodes solved   : 1
  Stopping condition            : enough nodes explored

Problem identification

  Problem                       : <null>
  Machine                       : oslo1.gerad.lan

Solving process summary

  Linear relaxations            :        1
  Column generation iterations  :      191
  Shortest paths solved         :     3869
  Columns generated             :    42453

Instance characteristics

  Resources                     : 3
  Node types                    : no
  Arc types                     : no
  Strong resource windows       : no
  Weak resource windows         : no
  Resource windows (nodes)      : 3
  Resource values (arcs)        : 3
  Values on nodes               : no

  Rows                          : 917
  Initial columns               : 2
  Tasks                         : 755
  Strong tasks                  : 751
  Weak tasks                    : 4
  Initial task constraints      : no
  Nodes                         : 1083
  Arc sets                      : 1
  Arcs                          : 26632
  Networks                      : 2
  Models                        : 1

Memory used per module (Megs)

  Parser (reused)               :      5.699
  Networks                      :     27.002
  Column generator              :     12.472
  Master problem                :      9.209
  -----------------
  Total                         :     48.683

Cpu time per module (seconds)

  Parser                        :        0.0
  Preprocessor                  :        0.0
  Lr solver manager             :        0.0
  Column generator              :       48.7
    (Shortest path)             :       44.1
  Master problem                :      305.1
  -------------------
  Total (without b&b)           :      353.9

Real elapsed time (seconds)

  Parser                        :        0.0
  Preprocessor                  :        0.0
  Lr solver manager             :        0.1
  Column generator              :       48.6
    (Shortest path)             :       44.0
  Master problem                :      305.2
  -------------------
  Total (without b&b)           :      353.9
