
Branch and bound

  Entire solving process        :                           (Time   6123.1)
  No feasible solution was found
  Best relaxation cost          :     76559.12 (Node     0) (Time   6123.1)
  Lower bound after cuts        :     76559.12
  End lower bound               :     76559.12
  Deepest level reached         : 0
  Deepest real level reached    : 0
  Number of real nodes solved   : 1
  Stopping condition            : enough nodes explored

Problem identification

  Problem                       : <null>
  Machine                       : oslo1.gerad.lan

Solving process summary

  Linear relaxations            :        1
  Column generation iterations  :      328
  Shortest paths solved         :     6853
  Columns generated             :    80519

Instance characteristics

  Resources                     : 3
  Node types                    : no
  Arc types                     : no
  Strong resource windows       : no
  Weak resource windows         : no
  Resource windows (nodes)      : 3
  Resource values (arcs)        : 3
  Values on nodes               : no

  Rows                          : 1222
  Initial columns               : 2
  Tasks                         : 1060
  Strong tasks                  : 1056
  Weak tasks                    : 4
  Initial task constraints      : no
  Nodes                         : 1388
  Arc sets                      : 1
  Arcs                          : 49634
  Networks                      : 2
  Models                        : 1

Memory used per module (Megs)

  Parser (reused)               :     10.058
  Networks                      :     39.111
  Column generator              :     17.921
  Master problem                :     11.492
  -----------------
  Total                         :     68.524

Cpu time per module (seconds)

  Parser                        :        0.0
  Preprocessor                  :        0.0
  Lr solver manager             :        0.6
  Column generator              :      325.6
    (Shortest path)             :      294.5
  Master problem                :     5796.8
  -------------------
  Total (without b&b)           :     6123.1

Real elapsed time (seconds)

  Parser                        :        0.1
  Preprocessor                  :        0.0
  Lr solver manager             :        0.5
  Column generator              :      325.6
    (Shortest path)             :      294.5
  Master problem                :     5796.9
  -------------------
  Total (without b&b)           :     6123.1
