Cover_T0 52
Cover_T1 -52
Cover_T2 52
Cover_T3 -52
Cover_T4 52
Cover_T5 -52
Cover_T6 52
Cover_T7 -52
Cover_T8 52
Cover_T9 -52
Cover_T10 52
Cover_T11 -52
Cover_T12 52
Cover_T13 -52
Cover_T14 52
Cover_T15 -52
Cover_T16 52
Cover_T17 -52
Cover_T18 52
Cover_T19 -52
Cover_T20 52
Cover_T21 -52
Cover_T22 52
Cover_T23 -52
Cover_T24 54
Cover_T25 -50
Cover_T26 54
Cover_T27 -48
Cover_T28 58
Cover_T29 -42
Cover_T30 56
Cover_T31 -46
Cover_T32 60
Cover_T33 -42
Cover_T34 52
Cover_T35 -48
Cover_T36 58
Cover_T37 -38
Cover_T38 62
Cover_T39 -38
Cover_T40 58
Cover_T41 -38
Cover_T42 58
Cover_T43 -36
Cover_T44 66
Cover_T45 -36
Cover_T46 50
Cover_T47 -36
Cover_T48 58
Cover_T49 -38
Cover_T50 52
Cover_T51 -14
Cover_T52 44
Cover_T53 -22
Cover_T54 50
Cover_T55 -34
Cover_T56 66
Cover_T57 980
Cover_T58 52
Cover_T59 980
Cover_T60 48
Cover_T61 964
Cover_T62 1032
Cover_T63 980
Cover_T64 1020
Cover_T65 980
Cover_T66 1012
Cover_T67 972
Cover_T68 1020
Cover_T69 980
Cover_T70 1020
Cover_T71 980
Cover_T72 1032
Cover_T73 966
Cover_T74 26
Cover_T75 976
Cover_T76 18
Cover_T77 984
Cover_T78 30
Cover_T79 0
Cover_T80 26
Cover_T81 8
Cover_T82 18
Cover_T83 16
Cover_T84 22
Cover_T85 -12
Cover_T86 16
Cover_T87 -8
Cover_T88 8
Cover_T89 -4
Cover_T90 -8
Cover_T91 -12
Cover_T92 10
Cover_T93 6.95502e-09
Cover_T94 12
Cover_T95 6
Cover_T96 -4
Cover_T97 6
Cover_T98 4
Cover_T99 22
Cover_T100 12
Cover_T101 6
Cover_T102 -4.8543e-10
Cover_T103 -2
Cover_T104 5.64455e-11
Cover_T105 -6
Cover_T106 10
Cover_T107 8
Cover_T108 -6
Cover_T109 4.35202e-09
Cover_T110 -22
Cover_T111 2
Cover_T112 10
Cover_T113 10
Cover_T114 -6
Cover_T115 0
Cover_T116 -22
Cover_T117 16
Cover_T118 10
Cover_T119 32
Cover_T120 -6
Cover_T121 4.32484e-09
Cover_T122 -22
Cover_T123 16
Cover_T124 10
Cover_T125 32
Cover_T126 -2
Cover_T127 4.07199e-09
Cover_T128 0
Cover_T129 16
Cover_T130 0
Cover_T131 32
Cover_T132 4
Cover_T133 0
Cover_T134 -16
Cover_T135 2
Cover_T136 6
Cover_T137 6
Cover_T138 4
Cover_T139 4
Cover_T140 8
Cover_T141 24
Cover_T142 12
Cover_T143 2
Cover_T144 8
Cover_T145 4
Cover_T146 2
Cover_T147 4.15113e-09
Cover_T148 8
Cover_T149 -4
Cover_T150 8
Cover_T151 0
Cover_T152 14
Cover_T153 6
Cover_T154 0
Cover_T155 4.70664e-11
Cover_T156 8
Cover_T157 0
Cover_T158 8
Cover_T159 -6
Cover_T160 -6
Cover_T161 8
Cover_T162 -26
Cover_T163 0
Cover_T164 -46
Cover_T165 0
Cover_T166 2
Cover_T167 14
Cover_T168 1.21814e-12
Cover_T169 30
Cover_T170 -8
Cover_T171 46
Cover_T172 -24
Cover_T173 8
Cover_T174 -40
Cover_T175 4
Cover_T176 -32
Cover_T177 2
Cover_T178 -48
Cover_T179 18
Cover_T180 -28
Cover_T181 34
Cover_T182 -44
Cover_T183 52
Cover_T184 4
Cover_T185 48
Cover_T186 8
Cover_T187 32
Cover_T188 8
Cover_T189 54
Cover_T190 -12
Cover_T191 8
Cover_T192 -32
Cover_T193 4
Cover_T194 12
Cover_T195 4
Cover_T196 0
Cover_T197 16
Cover_T198 12
Cover_T199 28
Cover_T200 0
Cover_T201 40
Cover_T202 6.85409e-10
Cover_T203 52
Cover_T204 -6.3603e-10
Cover_T205 10
Cover_T206 6
Cover_T207 20
Cover_T208 10
Cover_T209 6
Cover_T210 0
Cover_T211 18
Cover_T212 10
Cover_T213 22
Cover_T214 10
Cover_T215 26
Cover_T216 0
Cover_T217 16
Cover_T218 -4
Cover_T219 12
Cover_T220 4
Cover_T221 22
Cover_T222 -8
Cover_T223 10
Cover_T224 -24
Cover_T225 14
Cover_T226 -8
Cover_T227 16
Cover_T228 -20
Cover_T229 20
Cover_T230 -32
Cover_T231 14
Cover_T232 -44
Cover_T233 26
Cover_T234 -12
Cover_T235 44
Cover_T236 -8
Cover_T237 24
Cover_T238 -20
Cover_T239 34
Cover_T240 -32
Cover_T241 46
Cover_T242 -14
Cover_T243 60
Cover_T244 -8
Cover_T245 30
Cover_T246 -12
Cover_T247 26
Cover_T248 -12
Cover_T249 34
Cover_T250 -12
Cover_T251 50
Cover_T252 -12
Cover_T253 32
Cover_T254 -12
Cover_T255 24
Cover_T256 -18
Cover_T257 26
Cover_T258 -26
Cover_T259 34
Cover_T260 -22
Cover_T261 40
Cover_T262 -24
Cover_T263 34
Cover_T264 -44
Cover_T265 52
Cover_T266 -30
Cover_T267 40
Cover_T268 -34
Cover_T269 32
Cover_T270 -22
Cover_T271 58
Cover_T272 -36
Cover_T273 48
Cover_T274 -22
Cover_T275 46
Cover_T276 -26
Cover_T277 56
Cover_T278 -22
Cover_T279 48
Cover_T280 -24
Cover_T281 46
Cover_T282 -28
Cover_T283 66
Cover_T284 -24
Cover_T285 44
Cover_T286 -36
Cover_T287 44
Cover_T288 -24
Cover_T289 52
Cover_T290 -36
Cover_T291 44
Cover_T292 -36
Cover_T293 56
Cover_T294 -34
Cover_T295 60
Cover_T296 -32
Cover_T297 60
Cover_T298 -40
Cover_T299 60
Cover_T300 -40
Cover_T301 62
Cover_T302 -42
Cover_T303 60
Cover_T304 -48
Cover_T305 60
Cover_T306 52
Cover_T307 -52
Cover_T308 52
Cover_T309 -52
Cover_T310 52
Cover_T311 -52
Cover_T312 52
Cover_T313 -50
Cover_T314 58
Cover_T315 -50
Cover_T316 58
Cover_T317 -42
Cover_T318 60
Cover_T319 -44
Cover_T320 58
Cover_T321 -42
Cover_T322 56
Cover_T323 -36
Cover_T324 62
Cover_T325 -42
Cover_T326 56
Cover_T327 -36
Cover_T328 46
Cover_T329 -26
Cover_T330 40
Cover_T331 -34
Cover_T332 60
Cover_T333 968
Cover_T334 52
Cover_T335 976
Cover_T336 40
Cover_T337 968
Cover_T338 1024
Cover_T339 976
Cover_T340 998
Cover_T341 976
Cover_T342 998
Cover_T343 968
Cover_T344 1032
Cover_T345 960
Cover_T346 26
Cover_T347 976
Cover_T348 18
Cover_T349 984
Cover_T350 30
Cover_T351 3.16297e-09
Cover_T352 26
Cover_T353 8
Cover_T354 18
Cover_T355 12
Cover_T356 30
Cover_T357 -12
Cover_T358 18
Cover_T359 -12
Cover_T360 10
Cover_T361 -10
Cover_T362 12
Cover_T363 -10
Cover_T364 -4.149e-10
Cover_T365 -10
Cover_T366 -10
Cover_T367 -2
Cover_T368 10
Cover_T369 0
Cover_T370 16
Cover_T371 -4
Cover_T372 6
Cover_T373 8
Cover_T374 14
Cover_T375 20
Cover_T376 4
Cover_T377 0
Cover_T378 14
Cover_T379 -8
Cover_T380 4
Cover_T381 6
Cover_T382 1.50067e-11
Cover_T383 0
Cover_T384 14
Cover_T385 -8
Cover_T386 -2
Cover_T387 2
Cover_T388 -18
Cover_T389 2
Cover_T390 14
Cover_T391 -8
Cover_T392 -2
Cover_T393 8
Cover_T394 -18
Cover_T395 24
Cover_T396 14
Cover_T397 -8
Cover_T398 -2
Cover_T399 8
Cover_T400 -18
Cover_T401 24
Cover_T402 14
Cover_T403 -8
Cover_T404 2
Cover_T405 8
Cover_T406 4
Cover_T407 24
Cover_T408 4
Cover_T409 -8
Cover_T410 10
Cover_T411 4
Cover_T412 -6
Cover_T413 2
Cover_T414 -22
Cover_T415 2
Cover_T416 4
Cover_T417 -4
Cover_T418 6
Cover_T419 12
Cover_T420 14
Cover_T421 28
Cover_T422 4
Cover_T423 2
Cover_T424 4
Cover_T425 4
Cover_T426 -2.71628e-10
Cover_T427 3.78061e-09
Cover_T428 -6
Cover_T429 -4
Cover_T430 -2.65315e-10
Cover_T431 0
Cover_T432 3.63873e-10
Cover_T433 6
Cover_T434 6
Cover_T435 0
Cover_T436 -8
Cover_T437 -4.65064e-10
Cover_T438 -3.22856e-10
Cover_T439 -6
Cover_T440 -3.52856e-10
Cover_T441 8
Cover_T442 -14
Cover_T443 1.31029e-10
Cover_T444 -34
Cover_T445 4.99249e-10
Cover_T446 2.53628e-10
Cover_T447 14
Cover_T448 0
Cover_T449 34
Cover_T450 -2
Cover_T451 0
Cover_T452 -22
Cover_T453 -3.42967e-10
Cover_T454 -42
Cover_T455 2
Cover_T456 -38
Cover_T457 22
Cover_T458 -22
Cover_T459 42
Cover_T460 -40
Cover_T461 34
Cover_T462 12
Cover_T463 50
Cover_T464 -4
Cover_T465 30
Cover_T466 4
Cover_T467 46
Cover_T468 8
Cover_T469 -2
Cover_T470 -8
Cover_T471 12
Cover_T472 -24
Cover_T473 6
Cover_T474 -40
Cover_T475 -4.51303e-09
Cover_T476 2
Cover_T477 28
Cover_T478 8
Cover_T479 44
Cover_T480 0
Cover_T481 0
Cover_T482 6
Cover_T483 10
Cover_T484 6
Cover_T485 18
Cover_T486 10
Cover_T487 22
Cover_T488 -6.93603e-10
Cover_T489 22
Cover_T490 4.4652e-10
Cover_T491 20
Cover_T492 4
Cover_T493 12
Cover_T494 -20
Cover_T495 18
Cover_T496 -8
Cover_T497 18
Cover_T498 -20
Cover_T499 16
Cover_T500 -36
Cover_T501 34
Cover_T502 -10
Cover_T503 24
Cover_T504 -8
Cover_T505 36
Cover_T506 -28
Cover_T507 58
Cover_T508 -12
Cover_T509 24
Cover_T510 -12
Cover_T511 26
Cover_T512 -16
Cover_T513 44
Cover_T514 -14
Cover_T515 30
Cover_T516 -12
Cover_T517 26
Cover_T518 -18
Cover_T519 22
Cover_T520 -24
Cover_T521 26
Cover_T522 -38
Cover_T523 26
Cover_T524 -24
Cover_T525 26
Cover_T526 -36
Cover_T527 26
Cover_T528 -22
Cover_T529 32
Cover_T530 -34
Cover_T531 44
Cover_T532 -44
Cover_T533 30
Cover_T534 -22
Cover_T535 42
Cover_T536 -34
Cover_T537 28
Cover_T538 -24
Cover_T539 42
Cover_T540 -40
Cover_T541 24
Cover_T542 -22
Cover_T543 42
Cover_T544 -38
Cover_T545 32
Cover_T546 -38
Cover_T547 46
Cover_T548 -22
Cover_T549 30
Cover_T550 -32
Cover_T551 48
Cover_T552 -46
Cover_T553 44
Cover_T554 -24
Cover_T555 58
Cover_T556 -28
Cover_T557 36
Cover_T558 -26
Cover_T559 54
Cover_T560 -26
Cover_T561 62
Cover_T562 -30
Cover_T563 44
Cover_T564 -24
Cover_T565 48
Cover_T566 -24
Cover_T567 40
Cover_T568 -36
Cover_T569 54
Cover_T570 -32
Cover_T571 54
Cover_T572 -40
Cover_T573 50
Cover_T574 -34
Cover_T575 48
Cover_T576 -32
Cover_T577 50
Cover_T578 -46
Cover_T579 56
Cover_T580 -40
Cover_T581 62
Cover_T582 -48
Cover_T583 56
Cover_T584 -40
Cover_T585 56
Cover_T586 -40
Cover_T587 58
Cover_T588 -50
Cover_T589 56
Cover_T590 -48
Cover_T591 56
Cover_T592 60
Cover_T593 -42
Cover_T594 54
Cover_T595 -38
Cover_T596 62
Cover_T597 -40
Cover_T598 54
Cover_T599 -38
Cover_T600 66
Cover_T601 -40
Cover_T602 54
Cover_T603 -44
Cover_T604 50
Cover_T605 -16
Cover_T606 54
Cover_T607 -28
Cover_T608 72
Cover_T609 976
Cover_T610 54
Cover_T611 968
Cover_T612 1030
Cover_T613 976
Cover_T614 1020
Cover_T615 968
Cover_T616 1038
Cover_T617 976
Cover_T618 1038
Cover_T619 978
Cover_T620 1024
Cover_T621 982
Cover_T622 1036
Cover_T623 968
Cover_T624 22
Cover_T625 982
Cover_T626 26
Cover_T627 2
Cover_T628 12
Cover_T629 16
Cover_T630 28
Cover_T631 -6
Cover_T632 2
Cover_T633 -6
Cover_T634 -12
Cover_T635 -6
Cover_T636 6
Cover_T637 -6
Cover_T638 16
Cover_T639 -6
Cover_T640 6
Cover_T641 2
Cover_T642 14
Cover_T643 4
Cover_T644 4
Cover_T645 0
Cover_T646 16
Cover_T647 12
Cover_T648 2
Cover_T649 24
Cover_T650 6
Cover_T651 4
Cover_T652 0
Cover_T653 -6
Cover_T654 14
Cover_T655 4
Cover_T656 2
Cover_T657 -4
Cover_T658 -10
Cover_T659 6
Cover_T660 -22
Cover_T661 -6
Cover_T662 14
Cover_T663 0
Cover_T664 2
Cover_T665 0
Cover_T666 -10
Cover_T667 8
Cover_T668 -22
Cover_T669 -6
Cover_T670 14
Cover_T671 6
Cover_T672 2
Cover_T673 18
Cover_T674 -10
Cover_T675 30
Cover_T676 -22
Cover_T677 -6
Cover_T678 14
Cover_T679 6
Cover_T680 6
Cover_T681 18
Cover_T682 12
Cover_T683 30
Cover_T684 -2.20497e-10
Cover_T685 -6
Cover_T686 4
Cover_T687 6
Cover_T688 14
Cover_T689 18
Cover_T690 2
Cover_T691 30
Cover_T692 -10
Cover_T693 -6
Cover_T694 -22
Cover_T695 2
Cover_T696 8
Cover_T697 -4
Cover_T698 14
Cover_T699 8
Cover_T700 2
Cover_T701 4
Cover_T702 14
Cover_T703 -6
Cover_T704 2
Cover_T705 6
Cover_T706 14
Cover_T707 18
Cover_T708 2
Cover_T709 30
Cover_T710 6
Cover_T711 0
Cover_T712 6
Cover_T713 -2
Cover_T714 0
Cover_T715 -10
Cover_T716 -5.07514e-11
Cover_T717 0
Cover_T718 4
Cover_T719 -2
Cover_T720 14
Cover_T721 -2
Cover_T722 0
Cover_T723 0
Cover_T724 4
Cover_T725 6
Cover_T726 -1.0388e-10
Cover_T727 8
Cover_T728 -4.78906e-10
Cover_T729 8
Cover_T730 -14
Cover_T731 1.56128e-10
Cover_T732 -34
Cover_T733 0
Cover_T734 6.20961e-11
Cover_T735 8
Cover_T736 1.20508e-10
Cover_T737 8
Cover_T738 -2
Cover_T739 20
Cover_T740 -18
Cover_T741 36
Cover_T742 -34
Cover_T743 52
Cover_T744 -50
Cover_T745 0
Cover_T746 -42
Cover_T747 0
Cover_T748 -22
Cover_T749 8
Cover_T750 -38
Cover_T751 24
Cover_T752 14
Cover_T753 40
Cover_T754 0
Cover_T755 52
Cover_T756 12
Cover_T757 40
Cover_T758 0
Cover_T759 52
Cover_T760 8
Cover_T761 32
Cover_T762 -4
Cover_T763 42
Cover_T764 -16
Cover_T765 56
Cover_T766 -28
Cover_T767 0
Cover_T768 -40
Cover_T769 12
Cover_T770 12
Cover_T771 4
Cover_T772 2
Cover_T773 16
Cover_T774 12
Cover_T775 8
Cover_T776 1.48805e-09
Cover_T777 20
Cover_T778 0
Cover_T779 32
Cover_T780 0
Cover_T781 54
Cover_T782 6
Cover_T783 66
Cover_T784 10
Cover_T785 10
Cover_T786 -1.3126e-09
Cover_T787 20
Cover_T788 10
Cover_T789 14
Cover_T790 10
Cover_T791 30
Cover_T792 6
Cover_T793 30
Cover_T794 2.30058e-10
Cover_T795 8
Cover_T796 -8
Cover_T797 8
Cover_T798 -16
Cover_T799 28
Cover_T800 0
Cover_T801 8
Cover_T802 -28
Cover_T803 16
Cover_T804 -42
Cover_T805 22
Cover_T806 -10
Cover_T807 24
Cover_T808 -10
Cover_T809 44
Cover_T810 -26
Cover_T811 26
Cover_T812 -10
Cover_T813 38
Cover_T814 -10
Cover_T815 50
Cover_T816 -8
Cover_T817 60
Cover_T818 -8
Cover_T819 28
Cover_T820 -14
Cover_T821 24
Cover_T822 -14
Cover_T823 36
Cover_T824 -12
Cover_T825 48
Cover_T826 -12
Cover_T827 30
Cover_T828 -26
Cover_T829 26
Cover_T830 -20
Cover_T831 24
Cover_T832 -36
Cover_T833 22
Cover_T834 -26
Cover_T835 26
Cover_T836 -42
Cover_T837 24
Cover_T838 -24
Cover_T839 40
Cover_T840 -40
Cover_T841 30
Cover_T842 -30
Cover_T843 46
Cover_T844 -44
Cover_T845 30
Cover_T846 -22
Cover_T847 42
Cover_T848 -34
Cover_T849 54
Cover_T850 -30
Cover_T851 30
Cover_T852 -42
Cover_T853 44
Cover_T854 -22
Cover_T855 30
Cover_T856 -28
Cover_T857 46
Cover_T858 -40
Cover_T859 62
Cover_T860 -22
Cover_T861 32
Cover_T862 -22
Cover_T863 52
Cover_T864 -22
Cover_T865 60
Cover_T866 -22
Cover_T867 46
Cover_T868 -26
Cover_T869 66
Cover_T870 -24
Cover_T871 50
Cover_T872 -24
Cover_T873 56
Cover_T874 -34
Cover_T875 58
Cover_T876 -32
Cover_T877 62
Cover_T878 -32
Cover_T879 60
Cover_T880 -40
Cover_T881 60
Cover_T882 -40
Cover_T883 62
Cover_T884 -42
Cover_T885 60
Cover_T886 -48
Cover_T887 60
Cover_T888 16
Cover_T889 -2
Cover_T890 10
Cover_T891 10
Cover_T892 18
Cover_T893 6
Cover_T894 22
Cover_T895 8
Cover_T896 10
Cover_T897 0
Cover_T898 16
Cover_T899 24
Cover_T900 4
Cover_T901 0
Cover_T902 32
Cover_T903 1026
Cover_T904 14
Cover_T905 1006
Cover_T906 1030
Cover_T907 1026
Cover_T908 1026
Cover_T909 1002
Cover_T910 996
Cover_T911 1028
Cover_T912 1064
Cover_T913 1026
Cover_T914 46
Cover_T915 1000
Cover_T916 60
Cover_T917 1012
Cover_T918 44
Cover_T919 0
Cover_T920 36
Cover_T921 0
Cover_T922 28
Cover_T923 18
Cover_T924 20
Cover_T925 -30
Cover_T926 58
Cover_T927 -32
Cover_T928 56
Cover_T929 -12
Cover_T930 54
Cover_T931 0
Cover_T932 54
Cover_T933 0
Cover_T934 40
Cover_T935 52
Cover_T936 0
Cover_T937 52
Cover_T938 0
Cover_T939 52
Cover_T940 -18
Cover_T941 52
Cover_T942 -38
Cover_T943 52
Cover_T944 -34
Cover_T945 22
Cover_T946 28
Cover_T947 22
Cover_T948 20
Cover_T949 32
Cover_T950 12
Cover_T951 44
Cover_T952 0
Cover_T953 60
Cover_T954 0
Cover_T955 48
Cover_T956 54
Cover_T957 62
Cover_T958 38
Cover_T959 0
Cover_T960 56
Cover_T961 0
Cover_T962 44
Cover_T963 4
Cover_T964 32
Cover_T965 22
Cover_T966 38
Cover_T967 30
Cover_T968 32
Cover_T969 -18
Cover_T970 50
Cover_T971 -26
Cover_T972 22
Cover_T973 -2
Cover_T974 -7.04504e-09
Cover_T975 0
Cover_T976 44
Cover_T977 0
Cover_T978 24
Cover_T979 -2
Cover_T980 22
Cover_T981 26
Cover_T982 40
Cover_T983 -2
Cover_T984 34
Cover_T985 0
Count_D0 -984
Count_D1 -1000
Max_H0_P0 0
Max_H0_P1 0
Max_H0_P2 0
Max_H0_P3 0
Max_H0_P4 0
Max_H0_P5 -2.35598e-10
Max_H0_P6 -1.84568e-11
Max_H0_P7 0
Max_H0_P8 0
Max_H0_P9 0
Max_H0_P10 0
Max_H0_P11 0
Max_H0_P12 0
Max_H0_P13 0
Max_H0_P14 0
Max_H0_P15 4.03809e-11
Max_H0_P16 -5.75255e-11
Max_H0_P17 -6.91913e-11
Max_H0_P18 -1.61435e-11
Max_H0_P19 5.60618e-11
Max_H0_P20 7.67795e-11
Max_H0_P21 -1.17719e-10
Max_H0_P22 -8.59472e-11
Max_H0_P23 -8.93579e-11
Max_H0_P24 3.20597e-11
Max_H0_P25 -2.59686e-11
Max_H0_P26 -4.4923e-12
Max_H0_P27 -5.6394e-11
Max_H0_P28 -6.92124e-11
Max_H0_P29 9.50393e-11
Max_H0_P30 -1.47748e-10
Max_H0_P31 7.83996e-11
Max_H0_P32 0
Max_H0_P33 7.63053e-11
Max_H0_P34 1.9439e-10
Max_H0_P35 -1.72978e-10
Max_H0_P36 -1.19706e-10
Max_H0_P37 3.39862e-11
Max_H0_P38 1.20021e-10
Max_H0_P39 -8.69728e-11
Max_H0_P40 7.28306e-12
Max_H0_P41 3.397e-11
Max_H0_P42 1.09281e-11
Max_H0_P43 0
Max_H0_P44 0
Max_H0_P45 0
Max_H0_P46 0
Max_H0_P47 0
Max_H0_P48 0
Max_H0_P49 0
Max_H0_P50 0
Max_H0_P51 0
Max_H0_P52 0
Max_H0_P53 0
Max_H0_P54 -0
Max_H0_P55 0
Max_H0_P56 0
Max_H0_P57 0
Max_H0_P58 0
Max_H0_P59 0
Max_H0_P60 0
Max_H0_P61 -1.28646e-10
Max_H0_P62 0
Max_H0_P63 -3.64366e-10
Max_H0_P64 0
Max_H0_P65 0
Max_H0_P66 0
Max_H0_P67 0
Max_H0_P68 0
Max_H0_P69 0
Max_H0_P70 0
Max_H0_P71 0
Max_H0_P72 0
Max_H0_P73 0
Max_H0_P74 0
Max_H0_P75 0
Max_H0_P76 3.79231e-10
Max_H0_P77 -3.8275e-10
Max_H0_P78 1.42265e-10
Max_H0_P79 -1.42265e-10
Max_H0_P80 0
Max_H0_P81 0
Max_H1_P0 0
Max_H1_P1 0
Max_H1_P2 0
Max_H1_P3 8.49458e-11
Max_H1_P4 0
Max_H1_P5 -1.53261e-10
Max_H1_P6 4.09273e-11
Max_H1_P7 -6.60205e-11
Max_H1_P8 0
Max_H1_P9 0
Max_H1_P10 0
Max_H1_P11 0
Max_H1_P12 0
Max_H1_P13 0
Max_H1_P14 0
Max_H1_P15 0
Max_H1_P16 0
Max_H1_P17 3.53158e-11
Max_H1_P18 -1.35061e-11
Max_H1_P19 6.16289e-11
Max_H1_P20 9.17622e-12
Max_H1_P21 5.67087e-12
Max_H1_P22 9.33449e-11
Max_H1_P23 1.64007e-10
Max_H1_P24 -5.48748e-11
Max_H1_P25 6.80339e-12
Max_H1_P26 4.74799e-12
Max_H1_P27 -9.11919e-11
Max_H1_P28 -6.5832e-11
Max_H1_P29 7.41138e-11
Max_H1_P30 7.83996e-11
Max_H1_P31 2.97291e-11
Max_H1_P32 -6.51568e-12
Max_H1_P33 9.20682e-11
Max_H1_P34 -8.8142e-11
Max_H1_P35 2.97378e-12
Max_H1_P36 -4.38112e-11
Max_H1_P37 6.75202e-11
Max_H1_P38 -9.74296e-11
Max_H1_P39 -0
Max_H1_P40 1.7053e-11
Max_H1_P41 -3.16666e-11
Max_H1_P42 1.52633e-10
Max_H1_P43 0
Max_H1_P44 0
Max_H1_P45 2.42757e-10
Max_H1_P46 6.59952e-11
Max_H1_P47 0
Max_H1_P48 0
Max_H1_P49 0
Max_H1_P50 0
Max_H1_P51 0
Max_H1_P52 0
Max_H1_P53 0
Max_H1_P54 0
Max_H1_P55 0
Max_H1_P56 0
Max_H1_P57 0
Max_H1_P58 -7.10527e-10
Max_H1_P59 -2.41695e-10
Max_H1_P60 -2.55671e-10
Max_H1_P61 -1.0712e-10
Max_H1_P62 -1.27787e-10
Max_H1_P63 -1.57701e-10
Max_H1_P64 0
Max_H1_P65 2.79751e-10
Max_H1_P66 0
Max_H1_P67 0
Max_H1_P68 0
Max_H1_P69 0
Max_H1_P70 0
Max_H1_P71 0
Max_H1_P72 0
Max_H1_P73 0
Max_H1_P74 0
Max_H1_P75 0
Max_H1_P76 0
Max_H1_P77 2.67972e-11
Max_H1_P78 -9.04947e-11
Max_H1_P79 9.65201e-11
Max_H1_P80 0
Max_H1_P81 0
