
Branch and bound

  Entire solving process        :                           (Time    562.1)
  No feasible solution was found
  Best relaxation cost          :     63954.24 (Node     0) (Time    562.1)
  Lower bound after cuts        :     63954.24
  End lower bound               :     63954.24
  Deepest level reached         : 0
  Deepest real level reached    : 0
  Number of real nodes solved   : 1
  Stopping condition            : enough nodes explored

Problem identification

  Problem                       : <null>
  Machine                       : oslo3.gerad.lan

Solving process summary

  Linear relaxations            :        1
  Column generation iterations  :      163
  Shortest paths solved         :     4740
  Columns generated             :    57315

Instance characteristics

  Resources                     : 3
  Node types                    : no
  Arc types                     : no
  Strong resource windows       : no
  Weak resource windows         : no
  Resource windows (nodes)      : 3
  Resource values (arcs)        : 3
  Values on nodes               : no

  Rows                          : 1152
  Initial columns               : 2
  Tasks                         : 990
  Strong tasks                  : 986
  Weak tasks                    : 4
  Initial task constraints      : no
  Nodes                         : 1318
  Arc sets                      : 1
  Arcs                          : 43621
  Networks                      : 2
  Models                        : 1

Memory used per module (Megs)

  Parser (reused)               :      8.968
  Networks                      :     35.841
  Column generator              :     13.562
  Master problem                :     11.311
  -----------------
  Total                         :     60.714

Cpu time per module (seconds)

  Parser                        :        0.0
  Preprocessor                  :        0.0
  Lr solver manager             :        0.1
  Column generator              :      130.3
    (Shortest path)             :      116.8
  Master problem                :      431.7
  -------------------
  Total (without b&b)           :      562.1

Real elapsed time (seconds)

  Parser                        :        0.0
  Preprocessor                  :        0.0
  Lr solver manager             :        0.2
  Column generator              :      130.1
    (Shortest path)             :      117.1
  Master problem                :      431.8
  -------------------
  Total (without b&b)           :      562.1
