Cover_T0 52
Cover_T1 -52
Cover_T2 52
Cover_T3 -52
Cover_T4 52
Cover_T5 -52
Cover_T6 52
Cover_T7 -52
Cover_T8 52
Cover_T9 -52
Cover_T10 52
Cover_T11 -52
Cover_T12 52
Cover_T13 -52
Cover_T14 52
Cover_T15 -52
Cover_T16 52
Cover_T17 -52
Cover_T18 52
Cover_T19 -52
Cover_T20 56
Cover_T21 -48
Cover_T22 54
Cover_T23 -48
Cover_T24 52
Cover_T25 -48
Cover_T26 56
Cover_T27 -48
Cover_T28 56
Cover_T29 -48
Cover_T30 56
Cover_T31 -44
Cover_T32 58
Cover_T33 -44
Cover_T34 52
Cover_T35 -44
Cover_T36 56
Cover_T37 -44
Cover_T38 56
Cover_T39 -44
Cover_T40 54
Cover_T41 -34
Cover_T42 58
Cover_T43 -42
Cover_T44 50
Cover_T45 -40
Cover_T46 58
Cover_T47 -12
Cover_T48 46
Cover_T49 -24
Cover_T50 58
Cover_T51 18
Cover_T52 1030
Cover_T53 0
Cover_T54 1044
Cover_T55 988
Cover_T56 1044
Cover_T57 982
Cover_T58 1016
Cover_T59 990
Cover_T60 1028
Cover_T61 984
Cover_T62 986
Cover_T63 2
Cover_T64 990
Cover_T65 -6
Cover_T66 6
Cover_T67 -2
Cover_T68 6.03038e-11
Cover_T69 -2
Cover_T70 8
Cover_T71 4
Cover_T72 6
Cover_T73 10
Cover_T74 0
Cover_T75 1.42101e-10
Cover_T76 4
Cover_T77 2
Cover_T78 6
Cover_T79 8
Cover_T80 2
Cover_T81 4
Cover_T82 10
Cover_T83 -4
Cover_T84 0
Cover_T85 12
Cover_T86 -10
Cover_T87 4
Cover_T88 -26
Cover_T89 20
Cover_T90 -42
Cover_T91 6.61053e-11
Cover_T92 -10
Cover_T93 4
Cover_T94 -26
Cover_T95 20
Cover_T96 -42
Cover_T97 36
Cover_T98 2
Cover_T99 52
Cover_T100 0
Cover_T101 20
Cover_T102 6
Cover_T103 36
Cover_T104 -10
Cover_T105 52
Cover_T106 -26
Cover_T107 8
Cover_T108 0
Cover_T109 10
Cover_T110 2
Cover_T111 4
Cover_T112 0
Cover_T113 20
Cover_T114 0
Cover_T115 36
Cover_T116 0
Cover_T117 10
Cover_T118 2
Cover_T119 8
Cover_T120 2
Cover_T121 0
Cover_T122 2
Cover_T123 0
Cover_T124 0
Cover_T125 0
Cover_T126 0
Cover_T127 0
Cover_T128 0
Cover_T129 2
Cover_T130 0
Cover_T131 2
Cover_T132 -2.18883e-10
Cover_T133 0
Cover_T134 -16
Cover_T135 2
Cover_T136 -32
Cover_T137 0
Cover_T138 -48
Cover_T139 0
Cover_T140 -2
Cover_T141 10
Cover_T142 -18
Cover_T143 28
Cover_T144 -38
Cover_T145 48
Cover_T146 -2
Cover_T147 6
Cover_T148 3.32889e-11
Cover_T149 26
Cover_T150 2
Cover_T151 46
Cover_T152 -18
Cover_T153 10
Cover_T154 0
Cover_T155 10
Cover_T156 6
Cover_T157 4
Cover_T158 -10
Cover_T159 24
Cover_T160 8
Cover_T161 40
Cover_T162 6
Cover_T163 18
Cover_T164 -14
Cover_T165 8
Cover_T166 -26
Cover_T167 30
Cover_T168 2
Cover_T169 12
Cover_T170 0
Cover_T171 16
Cover_T172 -1.0411e-10
Cover_T173 32
Cover_T174 -2
Cover_T175 52
Cover_T176 2
Cover_T177 8
Cover_T178 0
Cover_T179 22
Cover_T180 -2
Cover_T181 24
Cover_T182 2.0389e-11
Cover_T183 22
Cover_T184 5.19452e-11
Cover_T185 10
Cover_T186 -6
Cover_T187 14
Cover_T188 -6
Cover_T189 14
Cover_T190 -12
Cover_T191 18
Cover_T192 -34
Cover_T193 24
Cover_T194 -10
Cover_T195 20
Cover_T196 -8
Cover_T197 24
Cover_T198 -24
Cover_T199 46
Cover_T200 -10
Cover_T201 52
Cover_T202 -22
Cover_T203 30
Cover_T204 -36
Cover_T205 34
Cover_T206 -10
Cover_T207 38
Cover_T208 -14
Cover_T209 50
Cover_T210 -18
Cover_T211 36
Cover_T212 -12
Cover_T213 48
Cover_T214 -22
Cover_T215 60
Cover_T216 -14
Cover_T217 38
Cover_T218 -30
Cover_T219 40
Cover_T220 -36
Cover_T221 48
Cover_T222 -44
Cover_T223 50
Cover_T224 -38
Cover_T225 44
Cover_T226 -38
Cover_T227 40
Cover_T228 -32
Cover_T229 52
Cover_T230 -40
Cover_T231 46
Cover_T232 -34
Cover_T233 46
Cover_T234 -32
Cover_T235 48
Cover_T236 -36
Cover_T237 56
Cover_T238 -40
Cover_T239 46
Cover_T240 -32
Cover_T241 56
Cover_T242 -32
Cover_T243 48
Cover_T244 -32
Cover_T245 64
Cover_T246 -32
Cover_T247 52
Cover_T248 -40
Cover_T249 52
Cover_T250 -48
Cover_T251 56
Cover_T252 -48
Cover_T253 52
Cover_T254 -52
Cover_T255 52
Cover_T256 -48
Cover_T257 54
Cover_T258 -48
Cover_T259 54
Cover_T260 -48
Cover_T261 58
Cover_T262 -48
Cover_T263 56
Cover_T264 -44
Cover_T265 54
Cover_T266 -44
Cover_T267 56
Cover_T268 -44
Cover_T269 56
Cover_T270 -46
Cover_T271 52
Cover_T272 -44
Cover_T273 52
Cover_T274 -40
Cover_T275 50
Cover_T276 -34
Cover_T277 52
Cover_T278 -40
Cover_T279 52
Cover_T280 -18
Cover_T281 60
Cover_T282 -30
Cover_T283 48
Cover_T284 12
Cover_T285 1032
Cover_T286 -1.61435e-10
Cover_T287 1038
Cover_T288 990
Cover_T289 1022
Cover_T290 978
Cover_T291 1028
Cover_T292 988
Cover_T293 992
Cover_T294 -3.12497e-11
Cover_T295 1002
Cover_T296 -10
Cover_T297 12
Cover_T298 -6
Cover_T299 0
Cover_T300 -8
Cover_T301 6
Cover_T302 -2
Cover_T303 -10
Cover_T304 -4
Cover_T305 10
Cover_T306 8
Cover_T307 -6
Cover_T308 2
Cover_T309 4
Cover_T310 18
Cover_T311 4
Cover_T312 8
Cover_T313 0
Cover_T314 4
Cover_T315 10
Cover_T316 -8.93081e-11
Cover_T317 6
Cover_T318 12
Cover_T319 10
Cover_T320 10
Cover_T321 -2
Cover_T322 14
Cover_T323 -30
Cover_T324 -2.82312e-11
Cover_T325 -10
Cover_T326 22
Cover_T327 -38
Cover_T328 44
Cover_T329 6
Cover_T330 12
Cover_T331 4
Cover_T332 28
Cover_T333 10
Cover_T334 44
Cover_T335 -6
Cover_T336 0
Cover_T337 -22
Cover_T338 2
Cover_T339 4
Cover_T340 -4
Cover_T341 2
Cover_T342 12
Cover_T343 0
Cover_T344 28
Cover_T345 2
Cover_T346 2
Cover_T347 0
Cover_T348 0
Cover_T349 2
Cover_T350 2
Cover_T351 0
Cover_T352 2
Cover_T353 2
Cover_T354 2
Cover_T355 0
Cover_T356 0
Cover_T357 2
Cover_T358 0
Cover_T359 2
Cover_T360 0
Cover_T361 2
Cover_T362 2
Cover_T363 2
Cover_T364 2
Cover_T365 -12
Cover_T366 2
Cover_T367 -28
Cover_T368 2
Cover_T369 -44
Cover_T370 2
Cover_T371 2
Cover_T372 18
Cover_T373 -14
Cover_T374 34
Cover_T375 -30
Cover_T376 50
Cover_T377 -46
Cover_T378 4
Cover_T379 -6
Cover_T380 20
Cover_T381 0
Cover_T382 36
Cover_T383 6
Cover_T384 52
Cover_T385 -10
Cover_T386 16
Cover_T387 -26
Cover_T388 8
Cover_T389 -8
Cover_T390 10
Cover_T391 -6
Cover_T392 30
Cover_T393 8
Cover_T394 16
Cover_T395 -2
Cover_T396 14
Cover_T397 -22
Cover_T398 0
Cover_T399 2
Cover_T400 6
Cover_T401 2
Cover_T402 24
Cover_T403 -2.86049e-10
Cover_T404 40
Cover_T405 2
Cover_T406 12
Cover_T407 2
Cover_T408 12
Cover_T409 1.42642e-10
Cover_T410 12
Cover_T411 2.68711e-10
Cover_T412 12
Cover_T413 -4
Cover_T414 8
Cover_T415 -2
Cover_T416 14
Cover_T417 -4
Cover_T418 22
Cover_T419 -14
Cover_T420 10
Cover_T421 -12
Cover_T422 14
Cover_T423 -32
Cover_T424 20
Cover_T425 -10
Cover_T426 16
Cover_T427 -12
Cover_T428 54
Cover_T429 -14
Cover_T430 42
Cover_T431 -12
Cover_T432 54
Cover_T433 -12
Cover_T434 54
Cover_T435 -14
Cover_T436 38
Cover_T437 -28
Cover_T438 40
Cover_T439 -24
Cover_T440 40
Cover_T441 -36
Cover_T442 40
Cover_T443 -30
Cover_T444 38
Cover_T445 -32
Cover_T446 34
Cover_T447 -46
Cover_T448 36
Cover_T449 -32
Cover_T450 42
Cover_T451 -44
Cover_T452 36
Cover_T453 -32
Cover_T454 38
Cover_T455 -44
Cover_T456 52
Cover_T457 -32
Cover_T458 48
Cover_T459 -32
Cover_T460 44
Cover_T461 -34
Cover_T462 32
Cover_T463 -32
Cover_T464 32
Cover_T465 -32
Cover_T466 34
Cover_T467 -32
Cover_T468 40
Cover_T469 -36
Cover_T470 48
Cover_T471 -32
Cover_T472 36
Cover_T473 -32
Cover_T474 42
Cover_T475 -40
Cover_T476 42
Cover_T477 -32
Cover_T478 40
Cover_T479 -40
Cover_T480 52
Cover_T481 -32
Cover_T482 40
Cover_T483 -32
Cover_T484 56
Cover_T485 -36
Cover_T486 52
Cover_T487 -44
Cover_T488 52
Cover_T489 -44
Cover_T490 52
Cover_T491 -44
Cover_T492 60
Cover_T493 -44
Cover_T494 52
Cover_T495 -48
Cover_T496 56
Cover_T497 -48
Cover_T498 56
Cover_T499 -48
Cover_T500 56
Cover_T501 -44
Cover_T502 54
Cover_T503 -44
Cover_T504 56
Cover_T505 -44
Cover_T506 54
Cover_T507 -34
Cover_T508 54
Cover_T509 -36
Cover_T510 56
Cover_T511 -16
Cover_T512 62
Cover_T513 -32
Cover_T514 50
Cover_T515 16
Cover_T516 1038
Cover_T517 4
Cover_T518 1040
Cover_T519 0
Cover_T520 1030
Cover_T521 988
Cover_T522 1042
Cover_T523 986
Cover_T524 1042
Cover_T525 990
Cover_T526 1036
Cover_T527 990
Cover_T528 1042
Cover_T529 986
Cover_T530 1014
Cover_T531 990
Cover_T532 1024
Cover_T533 978
Cover_T534 1024
Cover_T535 986
Cover_T536 986
Cover_T537 0
Cover_T538 988
Cover_T539 0
Cover_T540 992
Cover_T541 -4
Cover_T542 12
Cover_T543 -6
Cover_T544 -6
Cover_T545 -8
Cover_T546 0
Cover_T547 -8
Cover_T548 1.45292e-09
Cover_T549 -8
Cover_T550 10
Cover_T551 2
Cover_T552 0
Cover_T553 -4
Cover_T554 1.91839e-10
Cover_T555 12
Cover_T556 0
Cover_T557 6
Cover_T558 4
Cover_T559 1.16369e-10
Cover_T560 -8
Cover_T561 12
Cover_T562 10
Cover_T563 -2
Cover_T564 -2
Cover_T565 4
Cover_T566 10
Cover_T567 -2.11235e-10
Cover_T568 -2
Cover_T569 12
Cover_T570 -14
Cover_T571 2.75548e-11
Cover_T572 10
Cover_T573 4
Cover_T574 0
Cover_T575 16
Cover_T576 -2
Cover_T577 2
Cover_T578 -22
Cover_T579 -2
Cover_T580 -42
Cover_T581 18
Cover_T582 -14
Cover_T583 1.16049e-11
Cover_T584 -34
Cover_T585 10
Cover_T586 6
Cover_T587 30
Cover_T588 -7.49873e-11
Cover_T589 50
Cover_T590 2
Cover_T591 22
Cover_T592 -18
Cover_T593 42
Cover_T594 4
Cover_T595 2
Cover_T596 2
Cover_T597 8
Cover_T598 6
Cover_T599 6
Cover_T600 2
Cover_T601 24
Cover_T602 2
Cover_T603 -2
Cover_T604 2
Cover_T605 0
Cover_T606 0
Cover_T607 2
Cover_T608 0
Cover_T609 0
Cover_T610 2
Cover_T611 2
Cover_T612 0
Cover_T613 0
Cover_T614 2
Cover_T615 2
Cover_T616 2
Cover_T617 0
Cover_T618 -8
Cover_T619 2
Cover_T620 -24
Cover_T621 0
Cover_T622 -40
Cover_T623 0
Cover_T624 6
Cover_T625 0
Cover_T626 -10
Cover_T627 0
Cover_T628 -26
Cover_T629 14
Cover_T630 -42
Cover_T631 28
Cover_T632 2
Cover_T633 40
Cover_T634 -10
Cover_T635 52
Cover_T636 3.01252e-11
Cover_T637 2
Cover_T638 10
Cover_T639 14
Cover_T640 -2
Cover_T641 26
Cover_T642 -14
Cover_T643 42
Cover_T644 -26
Cover_T645 54
Cover_T646 -3.6497e-11
Cover_T647 10
Cover_T648 10
Cover_T649 22
Cover_T650 -2
Cover_T651 12
Cover_T652 -14
Cover_T653 4
Cover_T654 8
Cover_T655 18
Cover_T656 10
Cover_T657 28
Cover_T658 -2
Cover_T659 42
Cover_T660 -14
Cover_T661 16
Cover_T662 -26
Cover_T663 8
Cover_T664 8
Cover_T665 18
Cover_T666 6
Cover_T667 30
Cover_T668 -2
Cover_T669 10
Cover_T670 0
Cover_T671 12
Cover_T672 -2
Cover_T673 32
Cover_T674 6
Cover_T675 48
Cover_T676 2
Cover_T677 18
Cover_T678 -2
Cover_T679 18
Cover_T680 2
Cover_T681 20
Cover_T682 9.64064e-11
Cover_T683 18
Cover_T684 1.89019e-10
Cover_T685 16
Cover_T686 -2
Cover_T687 12
Cover_T688 -10
Cover_T689 12
Cover_T690 -6
Cover_T691 24
Cover_T692 -18
Cover_T693 16
Cover_T694 -30
Cover_T695 12
Cover_T696 -44
Cover_T697 24
Cover_T698 -12
Cover_T699 22
Cover_T700 -24
Cover_T701 18
Cover_T702 -14
Cover_T703 24
Cover_T704 -26
Cover_T705 26
Cover_T706 -16
Cover_T707 54
Cover_T708 -32
Cover_T709 58
Cover_T710 -10
Cover_T711 44
Cover_T712 -16
Cover_T713 30
Cover_T714 -12
Cover_T715 54
Cover_T716 -12
Cover_T717 44
Cover_T718 -24
Cover_T719 60
Cover_T720 -12
Cover_T721 34
Cover_T722 -22
Cover_T723 38
Cover_T724 -32
Cover_T725 36
Cover_T726 -38
Cover_T727 48
Cover_T728 -32
Cover_T729 46
Cover_T730 -32
Cover_T731 36
Cover_T732 -32
Cover_T733 52
Cover_T734 -38
Cover_T735 44
Cover_T736 -42
Cover_T737 52
Cover_T738 -32
Cover_T739 42
Cover_T740 -32
Cover_T741 38
Cover_T742 -32
Cover_T743 38
Cover_T744 -32
Cover_T745 52
Cover_T746 -32
Cover_T747 48
Cover_T748 -32
Cover_T749 44
Cover_T750 -36
Cover_T751 66
Cover_T752 -32
Cover_T753 64
Cover_T754 -40
Cover_T755 56
Cover_T756 -40
Cover_T757 64
Cover_T758 -40
Cover_T759 56
Cover_T760 -48
Cover_T761 56
Cover_T762 -48
Cover_T763 56
Cover_T764 -48
Cover_T765 44
Cover_T766 2.40107e-10
Cover_T767 24
Cover_T768 2
Cover_T769 16
Cover_T770 2
Cover_T771 16
Cover_T772 0
Cover_T773 16
Cover_T774 32
Cover_T775 6
Cover_T776 8
Cover_T777 6
Cover_T778 62
Cover_T779 1040
Cover_T780 38
Cover_T781 1086
Cover_T782 1036
Cover_T783 1068
Cover_T784 1038
Cover_T785 1086
Cover_T786 1026
Cover_T787 1064
Cover_T788 1036
Cover_T789 1076
Cover_T790 1038
Cover_T791 1022
Cover_T792 0
Cover_T793 1022
Cover_T794 -32
Cover_T795 54
Cover_T796 -40
Cover_T797 44
Cover_T798 2.02585e-10
Cover_T799 52
Cover_T800 56
Cover_T801 36
Cover_T802 60
Cover_T803 28
Cover_T804 60
Cover_T805 0
Cover_T806 62
Cover_T807 -26
Cover_T808 0
Cover_T809 20
Cover_T810 2
Cover_T811 0
Cover_T812 24
Cover_T813 50
Cover_T814 42
Cover_T815 30
Cover_T816 62
Cover_T817 42
Cover_T818 12
Cover_T819 24
Cover_T820 34
Cover_T821 0
Cover_T822 0
Cover_T823 0
Cover_T824 0
Cover_T825 -18
Cover_T826 42
Cover_T827 0
Cover_T828 40
Cover_T829 36
Cover_T830 44
Cover_T831 30
Cover_T832 74
Cover_T833 32
Cover_T834 48
Cover_T835 20
Count_D0 -984
Count_D1 -1000
Max_H0_P0 0
Max_H0_P1 0
Max_H0_P2 0
Max_H0_P3 0
Max_H0_P4 0
Max_H0_P5 0
Max_H0_P6 0
Max_H0_P7 0
Max_H0_P8 0
Max_H0_P9 0
Max_H0_P10 0
Max_H0_P11 0
Max_H0_P12 0
Max_H0_P13 0
Max_H0_P14 0
Max_H0_P15 1.99414e-11
Max_H0_P16 6.05863e-11
Max_H0_P17 -2.92806e-11
Max_H0_P18 1.72378e-11
Max_H0_P19 1.86766e-11
Max_H0_P20 -8.41558e-12
Max_H0_P21 2.38428e-11
Max_H0_P22 -8.41558e-12
Max_H0_P23 4.58158e-11
Max_H0_P24 0
Max_H0_P25 0
Max_H0_P26 7.76623e-12
Max_H0_P27 0
Max_H0_P28 4.03708e-11
Max_H0_P29 0
Max_H0_P30 3.42446e-11
Max_H0_P31 1.71241e-12
Max_H0_P32 -1.64846e-12
Max_H0_P33 4.1303e-11
Max_H0_P34 0
Max_H0_P35 -1.77912e-11
Max_H0_P36 3.606e-12
Max_H0_P37 5.35409e-11
Max_H0_P38 6.45084e-12
Max_H0_P39 0
Max_H0_P40 0
Max_H0_P41 -3.80497e-11
Max_H0_P42 2.37725e-12
Max_H0_P43 0
Max_H0_P44 0
Max_H0_P45 0
Max_H0_P46 0
Max_H0_P47 0
Max_H0_P48 0
Max_H0_P49 0
Max_H0_P50 0
Max_H0_P51 0
Max_H0_P52 0
Max_H0_P53 0
Max_H0_P54 0
Max_H0_P55 -0
Max_H0_P56 0
Max_H0_P57 0
Max_H0_P58 0
Max_H0_P59 0
Max_H0_P60 0
Max_H0_P61 0
Max_H0_P62 -5.17728e-11
Max_H0_P63 0
Max_H0_P64 0
Max_H0_P65 0
Max_H0_P66 0
Max_H0_P67 0
Max_H0_P68 0
Max_H0_P69 0
Max_H0_P70 0
Max_H0_P71 0
Max_H0_P72 0
Max_H0_P73 0
Max_H0_P74 0
Max_H0_P75 0
Max_H0_P76 -0
Max_H0_P77 0
Max_H0_P78 0
Max_H0_P79 0
Max_H0_P80 0
Max_H0_P81 0
Max_H1_P0 0
Max_H1_P1 0
Max_H1_P2 0
Max_H1_P3 0
Max_H1_P4 0
Max_H1_P5 0
Max_H1_P6 1.25482e-11
Max_H1_P7 0
Max_H1_P8 0
Max_H1_P9 0
Max_H1_P10 0
Max_H1_P11 0
Max_H1_P12 0
Max_H1_P13 0
Max_H1_P14 0
Max_H1_P15 1.99414e-11
Max_H1_P16 -1.45539e-11
Max_H1_P17 1.72378e-11
Max_H1_P18 -3.03958e-12
Max_H1_P19 -1.24025e-11
Max_H1_P20 1.38385e-11
Max_H1_P21 1.54272e-11
Max_H1_P22 0
Max_H1_P23 -8.5334e-12
Max_H1_P24 2.18348e-11
Max_H1_P25 1.39364e-11
Max_H1_P26 7.76623e-12
Max_H1_P27 0
Max_H1_P28 2.02132e-11
Max_H1_P29 4.38385e-11
Max_H1_P30 0
Max_H1_P31 1.86027e-11
Max_H1_P32 1.86127e-11
Max_H1_P33 -3.13538e-11
Max_H1_P34 0
Max_H1_P35 3.29377e-11
Max_H1_P36 3.469e-12
Max_H1_P37 1.14185e-11
Max_H1_P38 3.03539e-11
Max_H1_P39 1.0079e-11
Max_H1_P40 -7.462e-12
Max_H1_P41 0
Max_H1_P42 0
Max_H1_P43 0
Max_H1_P44 0
Max_H1_P45 0
Max_H1_P46 0
Max_H1_P47 0
Max_H1_P48 0
Max_H1_P49 0
Max_H1_P50 0
Max_H1_P51 0
Max_H1_P52 0
Max_H1_P53 -1.37294e-10
Max_H1_P54 0
Max_H1_P55 0
Max_H1_P56 0
Max_H1_P57 0
Max_H1_P58 0
Max_H1_P59 5.13078e-11
Max_H1_P60 0
Max_H1_P61 0
Max_H1_P62 -3.02714e-11
Max_H1_P63 0
Max_H1_P64 0
Max_H1_P65 0
Max_H1_P66 0
Max_H1_P67 0
Max_H1_P68 1.9793e-11
Max_H1_P69 0
Max_H1_P70 0
Max_H1_P71 0
Max_H1_P72 0
Max_H1_P73 0
Max_H1_P74 0
Max_H1_P75 0
Max_H1_P76 0
Max_H1_P77 -2.83151e-12
Max_H1_P78 0
Max_H1_P79 0
Max_H1_P80 0
Max_H1_P81 0
