Cover_T0 52
Cover_T1 -52
Cover_T2 52
Cover_T3 -52
Cover_T4 52
Cover_T5 -52
Cover_T6 52
Cover_T7 -52
Cover_T8 52
Cover_T9 -52
Cover_T10 52
Cover_T11 -52
Cover_T12 52
Cover_T13 -52
Cover_T14 52
Cover_T15 -52
Cover_T16 52
Cover_T17 -52
Cover_T18 52
Cover_T19 -52
Cover_T20 52
Cover_T21 -52
Cover_T22 54
Cover_T23 -52
Cover_T24 52
Cover_T25 -50
Cover_T26 54
Cover_T27 -50
Cover_T28 52
Cover_T29 -50
Cover_T30 58
Cover_T31 -50
Cover_T32 56
Cover_T33 -50
Cover_T34 56
Cover_T35 -50
Cover_T36 54
Cover_T37 -46
Cover_T38 58
Cover_T39 -50
Cover_T40 54
Cover_T41 -46
Cover_T42 58
Cover_T43 -46
Cover_T44 54
Cover_T45 -44
Cover_T46 58
Cover_T47 -44
Cover_T48 58
Cover_T49 -44
Cover_T50 56
Cover_T51 -44
Cover_T52 52
Cover_T53 -40
Cover_T54 54
Cover_T55 -40
Cover_T56 54
Cover_T57 -38
Cover_T58 64
Cover_T59 -30
Cover_T60 52
Cover_T61 -38
Cover_T62 64
Cover_T63 0
Cover_T64 52
Cover_T65 988
Cover_T66 56
Cover_T67 992
Cover_T68 996
Cover_T69 988
Cover_T70 988
Cover_T71 980
Cover_T72 1046
Cover_T73 992
Cover_T74 1040
Cover_T75 986
Cover_T76 1036
Cover_T77 994
Cover_T78 1044
Cover_T79 988
Cover_T80 6
Cover_T81 994
Cover_T82 18
Cover_T83 992
Cover_T84 10
Cover_T85 52
Cover_T86 10
Cover_T87 58
Cover_T88 26
Cover_T89 -4
Cover_T90 8
Cover_T91 -5.45221e-10
Cover_T92 -2
Cover_T93 3.98719e-10
Cover_T94 4
Cover_T95 4
Cover_T96 4
Cover_T97 4
Cover_T98 2
Cover_T99 12
Cover_T100 4
Cover_T101 8
Cover_T102 4
Cover_T103 4
Cover_T104 4
Cover_T105 4
Cover_T106 4
Cover_T107 0
Cover_T108 2
Cover_T109 4
Cover_T110 4
Cover_T111 4
Cover_T112 4
Cover_T113 -1.058e-11
Cover_T114 4
Cover_T115 -9.81652e-10
Cover_T116 -16
Cover_T117 4
Cover_T118 -36
Cover_T119 4
Cover_T120 -20
Cover_T121 4
Cover_T122 -40
Cover_T123 24
Cover_T124 5.72057e-10
Cover_T125 40
Cover_T126 4
Cover_T127 52
Cover_T128 4
Cover_T129 28
Cover_T130 -3.02383e-09
Cover_T131 40
Cover_T132 -12
Cover_T133 52
Cover_T134 -24
Cover_T135 4
Cover_T136 -36
Cover_T137 4.20262e-10
Cover_T138 -48
Cover_T139 5.00222e-11
Cover_T140 -6.36109e-10
Cover_T141 4
Cover_T142 2.13475e-10
Cover_T143 16
Cover_T144 4
Cover_T145 28
Cover_T146 -4.68463e-10
Cover_T147 40
Cover_T148 7.29411e-10
Cover_T149 52
Cover_T150 4
Cover_T151 4
Cover_T152 -8
Cover_T153 4
Cover_T154 -2.51106e-10
Cover_T155 -5.8229e-12
Cover_T156 -10
Cover_T157 4
Cover_T158 -22
Cover_T159 4
Cover_T160 -34
Cover_T161 5.19663e-10
Cover_T162 -46
Cover_T163 12
Cover_T164 -24
Cover_T165 6
Cover_T166 -40
Cover_T167 20
Cover_T168 4
Cover_T169 36
Cover_T170 1.88885e-10
Cover_T171 52
Cover_T172 -16
Cover_T173 34
Cover_T174 4
Cover_T175 50
Cover_T176 -12
Cover_T177 6
Cover_T178 -26
Cover_T179 10
Cover_T180 -44
Cover_T181 30
Cover_T182 2
Cover_T183 16
Cover_T184 4
Cover_T185 34
Cover_T186 -6
Cover_T187 54
Cover_T188 -6
Cover_T189 10
Cover_T190 -4
Cover_T191 8
Cover_T192 4
Cover_T193 18
Cover_T194 2
Cover_T195 20
Cover_T196 2
Cover_T197 18
Cover_T198 -5.19641e-09
Cover_T199 12
Cover_T200 2
Cover_T201 12
Cover_T202 0
Cover_T203 12
Cover_T204 -6
Cover_T205 6
Cover_T206 -8.93673e-10
Cover_T207 18
Cover_T208 -2
Cover_T209 12
Cover_T210 -16
Cover_T211 14
Cover_T212 -28
Cover_T213 10
Cover_T214 -42
Cover_T215 20
Cover_T216 -4
Cover_T217 18
Cover_T218 -16
Cover_T219 16
Cover_T220 -6
Cover_T221 32
Cover_T222 -4
Cover_T223 44
Cover_T224 -4
Cover_T225 62
Cover_T226 -4
Cover_T227 32
Cover_T228 -8
Cover_T229 26
Cover_T230 -8
Cover_T231 30
Cover_T232 -14
Cover_T233 32
Cover_T234 -16
Cover_T235 32
Cover_T236 -14
Cover_T237 32
Cover_T238 -14
Cover_T239 32
Cover_T240 -20
Cover_T241 28
Cover_T242 -20
Cover_T243 28
Cover_T244 -20
Cover_T245 32
Cover_T246 -22
Cover_T247 32
Cover_T248 -22
Cover_T249 28
Cover_T250 -22
Cover_T251 32
Cover_T252 -30
Cover_T253 24
Cover_T254 -22
Cover_T255 28
Cover_T256 -28
Cover_T257 32
Cover_T258 -32
Cover_T259 30
Cover_T260 -22
Cover_T261 36
Cover_T262 -48
Cover_T263 32
Cover_T264 -26
Cover_T265 44
Cover_T266 -38
Cover_T267 54
Cover_T268 -22
Cover_T269 30
Cover_T270 -30
Cover_T271 40
Cover_T272 -42
Cover_T273 58
Cover_T274 -22
Cover_T275 32
Cover_T276 -34
Cover_T277 46
Cover_T278 -36
Cover_T279 28
Cover_T280 -22
Cover_T281 36
Cover_T282 -38
Cover_T283 60
Cover_T284 -26
Cover_T285 48
Cover_T286 -26
Cover_T287 54
Cover_T288 -28
Cover_T289 44
Cover_T290 -28
Cover_T291 62
Cover_T292 -30
Cover_T293 48
Cover_T294 -30
Cover_T295 54
Cover_T296 -28
Cover_T297 62
Cover_T298 -36
Cover_T299 48
Cover_T300 -36
Cover_T301 64
Cover_T302 -36
Cover_T303 58
Cover_T304 -36
Cover_T305 62
Cover_T306 -40
Cover_T307 62
Cover_T308 -44
Cover_T309 62
Cover_T310 -42
Cover_T311 58
Cover_T312 52
Cover_T313 -52
Cover_T314 52
Cover_T315 -52
Cover_T316 52
Cover_T317 -50
Cover_T318 52
Cover_T319 -50
Cover_T320 56
Cover_T321 -50
Cover_T322 52
Cover_T323 -50
Cover_T324 56
Cover_T325 -46
Cover_T326 52
Cover_T327 -46
Cover_T328 56
Cover_T329 -44
Cover_T330 50
Cover_T331 -46
Cover_T332 54
Cover_T333 -48
Cover_T334 50
Cover_T335 -40
Cover_T336 54
Cover_T337 -44
Cover_T338 48
Cover_T339 -42
Cover_T340 60
Cover_T341 -34
Cover_T342 48
Cover_T343 -42
Cover_T344 60
Cover_T345 992
Cover_T346 48
Cover_T347 984
Cover_T348 48
Cover_T349 992
Cover_T350 992
Cover_T351 984
Cover_T352 982
Cover_T353 968
Cover_T354 1036
Cover_T355 996
Cover_T356 1044
Cover_T357 988
Cover_T358 6
Cover_T359 996
Cover_T360 18
Cover_T361 996
Cover_T362 10
Cover_T363 52
Cover_T364 14
Cover_T365 60
Cover_T366 22
Cover_T367 6.69816e-10
Cover_T368 8
Cover_T369 -1.94291e-10
Cover_T370 6
Cover_T371 -6.49095e-10
Cover_T372 4
Cover_T373 -3.06995e-10
Cover_T374 2
Cover_T375 4
Cover_T376 -8
Cover_T377 5.03448e-10
Cover_T378 -3.40815e-10
Cover_T379 0
Cover_T380 4
Cover_T381 4
Cover_T382 1.48914e-10
Cover_T383 4
Cover_T384 4
Cover_T385 16
Cover_T386 -4
Cover_T387 8
Cover_T388 1.80208e-10
Cover_T389 4
Cover_T390 -4
Cover_T391 4
Cover_T392 -4
Cover_T393 -1.46137e-10
Cover_T394 -3.8915e-10
Cover_T395 4
Cover_T396 0
Cover_T397 4
Cover_T398 -4
Cover_T399 -3.35938e-11
Cover_T400 -4
Cover_T401 2.66391e-11
Cover_T402 -4
Cover_T403 4
Cover_T404 -24
Cover_T405 4
Cover_T406 -44
Cover_T407 4
Cover_T408 -28
Cover_T409 24
Cover_T410 -48
Cover_T411 44
Cover_T412 1.25688e-10
Cover_T413 28
Cover_T414 1.73782e-10
Cover_T415 48
Cover_T416 -12
Cover_T417 0
Cover_T418 -32
Cover_T419 0
Cover_T420 -52
Cover_T421 12
Cover_T422 -1.48267e-10
Cover_T423 28
Cover_T424 4
Cover_T425 40
Cover_T426 0
Cover_T427 52
Cover_T428 4.61981e-10
Cover_T429 4
Cover_T430 4
Cover_T431 4
Cover_T432 -8
Cover_T433 1.31897e-11
Cover_T434 -2.44098e-10
Cover_T435 4
Cover_T436 -10
Cover_T437 4
Cover_T438 -22
Cover_T439 2.22189e-10
Cover_T440 -34
Cover_T441 12
Cover_T442 -46
Cover_T443 4
Cover_T444 -24
Cover_T445 14
Cover_T446 -36
Cover_T447 26
Cover_T448 -48
Cover_T449 38
Cover_T450 0
Cover_T451 50
Cover_T452 8.22524e-11
Cover_T453 28
Cover_T454 -12
Cover_T455 40
Cover_T456 -24
Cover_T457 52
Cover_T458 4.02952e-10
Cover_T459 4
Cover_T460 -12
Cover_T461 4
Cover_T462 -22
Cover_T463 18
Cover_T464 -38
Cover_T465 -2
Cover_T466 0
Cover_T467 14
Cover_T468 -4
Cover_T469 30
Cover_T470 2
Cover_T471 46
Cover_T472 -4
Cover_T473 8
Cover_T474 -4.68248e-10
Cover_T475 12
Cover_T476 4
Cover_T477 6
Cover_T478 -12
Cover_T479 16
Cover_T480 -4
Cover_T481 16
Cover_T482 -8
Cover_T483 16
Cover_T484 -6
Cover_T485 8
Cover_T486 -8
Cover_T487 10
Cover_T488 -8
Cover_T489 10
Cover_T490 -2
Cover_T491 14
Cover_T492 -3.98229e-09
Cover_T493 12
Cover_T494 -12
Cover_T495 8
Cover_T496 -34
Cover_T497 14
Cover_T498 -4
Cover_T499 24
Cover_T500 -6
Cover_T501 44
Cover_T502 -6
Cover_T503 66
Cover_T504 -8
Cover_T505 32
Cover_T506 -12
Cover_T507 26
Cover_T508 -12
Cover_T509 28
Cover_T510 -18
Cover_T511 32
Cover_T512 -14
Cover_T513 32
Cover_T514 -14
Cover_T515 32
Cover_T516 -18
Cover_T517 32
Cover_T518 -28
Cover_T519 24
Cover_T520 -28
Cover_T521 26
Cover_T522 -20
Cover_T523 30
Cover_T524 -22
Cover_T525 30
Cover_T526 -22
Cover_T527 22
Cover_T528 -26
Cover_T529 24
Cover_T530 -22
Cover_T531 24
Cover_T532 -28
Cover_T533 24
Cover_T534 -22
Cover_T535 32
Cover_T536 -22
Cover_T537 28
Cover_T538 -30
Cover_T539 34
Cover_T540 -46
Cover_T541 28
Cover_T542 -24
Cover_T543 28
Cover_T544 -40
Cover_T545 38
Cover_T546 -22
Cover_T547 54
Cover_T548 -38
Cover_T549 32
Cover_T550 -26
Cover_T551 48
Cover_T552 -40
Cover_T553 34
Cover_T554 -22
Cover_T555 50
Cover_T556 -28
Cover_T557 38
Cover_T558 -44
Cover_T559 44
Cover_T560 -28
Cover_T561 54
Cover_T562 -36
Cover_T563 30
Cover_T564 -44
Cover_T565 40
Cover_T566 -24
Cover_T567 36
Cover_T568 -32
Cover_T569 50
Cover_T570 -24
Cover_T571 52
Cover_T572 -32
Cover_T573 42
Cover_T574 -28
Cover_T575 42
Cover_T576 -36
Cover_T577 60
Cover_T578 -28
Cover_T579 38
Cover_T580 -34
Cover_T581 48
Cover_T582 -32
Cover_T583 38
Cover_T584 -36
Cover_T585 52
Cover_T586 -34
Cover_T587 38
Cover_T588 -36
Cover_T589 52
Cover_T590 -42
Cover_T591 56
Cover_T592 -42
Cover_T593 62
Cover_T594 -42
Cover_T595 60
Cover_T596 -40
Cover_T597 64
Cover_T598 -38
Cover_T599 64
Cover_T600 -42
Cover_T601 64
Cover_T602 -42
Cover_T603 60
Cover_T604 56
Cover_T605 -50
Cover_T606 58
Cover_T607 -46
Cover_T608 58
Cover_T609 -44
Cover_T610 58
Cover_T611 -44
Cover_T612 58
Cover_T613 -44
Cover_T614 58
Cover_T615 -44
Cover_T616 62
Cover_T617 -34
Cover_T618 62
Cover_T619 992
Cover_T620 48
Cover_T621 984
Cover_T622 52
Cover_T623 992
Cover_T624 992
Cover_T625 984
Cover_T626 988
Cover_T627 976
Cover_T628 1046
Cover_T629 996
Cover_T630 1046
Cover_T631 996
Cover_T632 1042
Cover_T633 996
Cover_T634 1044
Cover_T635 988
Cover_T636 1036
Cover_T637 996
Cover_T638 1040
Cover_T639 988
Cover_T640 6
Cover_T641 996
Cover_T642 18
Cover_T643 996
Cover_T644 6
Cover_T645 52
Cover_T646 18
Cover_T647 60
Cover_T648 26
Cover_T649 3.0883e-10
Cover_T650 8
Cover_T651 -2.2391e-10
Cover_T652 -6
Cover_T653 -1.59929e-10
Cover_T654 8
Cover_T655 0
Cover_T656 -6
Cover_T657 4
Cover_T658 8
Cover_T659 5.70338e-10
Cover_T660 2
Cover_T661 9.76409e-10
Cover_T662 0
Cover_T663 4
Cover_T664 2
Cover_T665 4
Cover_T666 2.63917e-10
Cover_T667 16
Cover_T668 4
Cover_T669 2
Cover_T670 -4
Cover_T671 10
Cover_T672 0
Cover_T673 0
Cover_T674 6.75182e-11
Cover_T675 2
Cover_T676 0
Cover_T677 0
Cover_T678 4
Cover_T679 0
Cover_T680 0
Cover_T681 6
Cover_T682 4
Cover_T683 0
Cover_T684 4
Cover_T685 2
Cover_T686 4
Cover_T687 6
Cover_T688 4
Cover_T689 -2
Cover_T690 -4
Cover_T691 6
Cover_T692 4
Cover_T693 2
Cover_T694 4.55158e-10
Cover_T695 2
Cover_T696 4
Cover_T697 2
Cover_T698 4
Cover_T699 2
Cover_T700 -12
Cover_T701 0
Cover_T702 -28
Cover_T703 2
Cover_T704 -44
Cover_T705 10
Cover_T706 -24
Cover_T707 6
Cover_T708 -40
Cover_T709 2
Cover_T710 4
Cover_T711 18
Cover_T712 4
Cover_T713 34
Cover_T714 3.33706e-10
Cover_T715 50
Cover_T716 -8
Cover_T717 30
Cover_T718 -24
Cover_T719 46
Cover_T720 -40
Cover_T721 2
Cover_T722 4
Cover_T723 2
Cover_T724 0
Cover_T725 6
Cover_T726 4.07059e-10
Cover_T727 14
Cover_T728 4
Cover_T729 32
Cover_T730 2.21138e-10
Cover_T731 52
Cover_T732 0
Cover_T733 3.41382e-10
Cover_T734 -18
Cover_T735 4
Cover_T736 -38
Cover_T737 4
Cover_T738 -24
Cover_T739 8
Cover_T740 -44
Cover_T741 4
Cover_T742 4
Cover_T743 14
Cover_T744 4
Cover_T745 26
Cover_T746 -8
Cover_T747 38
Cover_T748 -20
Cover_T749 50
Cover_T750 4
Cover_T751 28
Cover_T752 -8
Cover_T753 40
Cover_T754 -18
Cover_T755 52
Cover_T756 -30
Cover_T757 4
Cover_T758 -42
Cover_T759 4
Cover_T760 3.39153e-10
Cover_T761 14
Cover_T762 4
Cover_T763 22
Cover_T764 -4
Cover_T765 32
Cover_T766 1.7725e-09
Cover_T767 2
Cover_T768 2
Cover_T769 12
Cover_T770 0
Cover_T771 20
Cover_T772 -4
Cover_T773 26
Cover_T774 -12
Cover_T775 34
Cover_T776 -3.83333e-10
Cover_T777 40
Cover_T778 -8
Cover_T779 52
Cover_T780 4
Cover_T781 6
Cover_T782 -2
Cover_T783 2
Cover_T784 -10
Cover_T785 10
Cover_T786 0
Cover_T787 4
Cover_T788 2
Cover_T789 4
Cover_T790 4
Cover_T791 6
Cover_T792 4
Cover_T793 10
Cover_T794 -4
Cover_T795 20
Cover_T796 4
Cover_T797 6
Cover_T798 2
Cover_T799 16
Cover_T800 0
Cover_T801 6
Cover_T802 2
Cover_T803 10
Cover_T804 -6
Cover_T805 20
Cover_T806 2
Cover_T807 6
Cover_T808 -1.69549e-09
Cover_T809 8
Cover_T810 0
Cover_T811 6
Cover_T812 2
Cover_T813 4
Cover_T814 2.6894e-11
Cover_T815 14
Cover_T816 -6.4572e-10
Cover_T817 6
Cover_T818 -1.49091e-10
Cover_T819 8
Cover_T820 -2
Cover_T821 12
Cover_T822 -8
Cover_T823 22
Cover_T824 -24
Cover_T825 16
Cover_T826 -42
Cover_T827 14
Cover_T828 -10
Cover_T829 20
Cover_T830 -4
Cover_T831 22
Cover_T832 -6
Cover_T833 34
Cover_T834 -8
Cover_T835 50
Cover_T836 -8
Cover_T837 66
Cover_T838 -8
Cover_T839 32
Cover_T840 -12
Cover_T841 28
Cover_T842 -8
Cover_T843 30
Cover_T844 -14
Cover_T845 32
Cover_T846 -18
Cover_T847 32
Cover_T848 -18
Cover_T849 32
Cover_T850 -14
Cover_T851 30
Cover_T852 -20
Cover_T853 22
Cover_T854 -20
Cover_T855 24
Cover_T856 -20
Cover_T857 30
Cover_T858 -20
Cover_T859 30
Cover_T860 -20
Cover_T861 26
Cover_T862 -22
Cover_T863 22
Cover_T864 -22
Cover_T865 30
Cover_T866 -22
Cover_T867 30
Cover_T868 -26
Cover_T869 26
Cover_T870 -28
Cover_T871 22
Cover_T872 -26
Cover_T873 22
Cover_T874 -22
Cover_T875 26
Cover_T876 -42
Cover_T877 26
Cover_T878 -24
Cover_T879 36
Cover_T880 -44
Cover_T881 36
Cover_T882 -30
Cover_T883 32
Cover_T884 -22
Cover_T885 50
Cover_T886 -38
Cover_T887 38
Cover_T888 -26
Cover_T889 54
Cover_T890 -36
Cover_T891 44
Cover_T892 -30
Cover_T893 36
Cover_T894 -22
Cover_T895 60
Cover_T896 -28
Cover_T897 46
Cover_T898 -32
Cover_T899 58
Cover_T900 -34
Cover_T901 52
Cover_T902 -28
Cover_T903 50
Cover_T904 -30
Cover_T905 58
Cover_T906 -34
Cover_T907 62
Cover_T908 -38
Cover_T909 58
Cover_T910 -36
Cover_T911 46
Cover_T912 -42
Cover_T913 52
Cover_T914 -36
Cover_T915 64
Cover_T916 -36
Cover_T917 58
Cover_T918 -46
Cover_T919 54
Cover_T920 -38
Cover_T921 66
Cover_T922 -42
Cover_T923 62
Cover_T924 -44
Cover_T925 54
Cover_T926 -42
Cover_T927 26
Cover_T928 -2
Cover_T929 22
Cover_T930 2
Cover_T931 18
Cover_T932 2
Cover_T933 12
Cover_T934 2
Cover_T935 10
Cover_T936 -2
Cover_T937 20
Cover_T938 16
Cover_T939 96
Cover_T940 2.57003e-10
Cover_T941 1038
Cover_T942 1038
Cover_T943 1030
Cover_T944 1026
Cover_T945 1046
Cover_T946 1038
Cover_T947 1046
Cover_T948 1026
Cover_T949 1034
Cover_T950 1018
Cover_T951 1088
Cover_T952 1040
Cover_T953 1088
Cover_T954 1032
Cover_T955 1080
Cover_T956 1038
Cover_T957 1080
Cover_T958 952
Cover_T959 1050
Cover_T960 6
Cover_T961 56
Cover_T962 14
Cover_T963 44
Cover_T964 0
Cover_T965 60
Cover_T966 0
Cover_T967 60
Cover_T968 8
Cover_T969 26
Cover_T970 -44
Cover_T971 54
Cover_T972 -34
Cover_T973 48
Cover_T974 -26
Cover_T975 44
Cover_T976 0
Cover_T977 20
Cover_T978 56
Cover_T979 0
Cover_T980 58
Cover_T981 22
Cover_T982 60
Cover_T983 20
Cover_T984 58
Cover_T985 14
Cover_T986 6
Cover_T987 0
Cover_T988 26
Cover_T989 14
Cover_T990 0
Cover_T991 14
Cover_T992 0
Cover_T993 4
Cover_T994 0
Cover_T995 24
Cover_T996 18
Cover_T997 42
Cover_T998 0
Cover_T999 26
Cover_T1000 0
Cover_T1001 14
Cover_T1002 8
Cover_T1003 0
Cover_T1004 0
Cover_T1005 42
Cover_T1006 -8
Cover_T1007 36
Cover_T1008 16
Cover_T1009 24
Cover_T1010 44
Cover_T1011 32
Cover_T1012 2
Cover_T1013 14
Cover_T1014 10
Cover_T1015 26
Cover_T1016 0
Count_D0 -984
Count_D1 -1000
Max_H0_P0 0
Max_H0_P1 0
Max_H0_P2 0
Max_H0_P3 0
Max_H0_P4 0
Max_H0_P5 -2.56843e-10
Max_H0_P6 0
Max_H0_P7 0
Max_H0_P8 0
Max_H0_P9 0
Max_H0_P10 0
Max_H0_P11 0
Max_H0_P12 0
Max_H0_P13 0
Max_H0_P14 0
Max_H0_P15 6.38741e-12
Max_H0_P16 -2.27576e-10
Max_H0_P17 1.68978e-10
Max_H0_P18 -3.87568e-12
Max_H0_P19 1.53912e-11
Max_H0_P20 8.69197e-11
Max_H0_P21 8.05087e-11
Max_H0_P22 -6.74201e-11
Max_H0_P23 1.60869e-11
Max_H0_P24 -1.18817e-10
Max_H0_P25 8.0648e-11
Max_H0_P26 2.40829e-10
Max_H0_P27 -5.15185e-11
Max_H0_P28 1.33995e-10
Max_H0_P29 -9.46496e-11
Max_H0_P30 -2.4707e-10
Max_H0_P31 4.16753e-11
Max_H0_P32 -2.06918e-10
Max_H0_P33 -2.48347e-10
Max_H0_P34 3.70925e-10
Max_H0_P35 5.24116e-11
Max_H0_P36 -3.79187e-10
Max_H0_P37 1.69447e-10
Max_H0_P38 3.46347e-10
Max_H0_P39 3.17274e-10
Max_H0_P40 4.00803e-10
Max_H0_P41 4.44373e-10
Max_H0_P42 0
Max_H0_P43 0
Max_H0_P44 0
Max_H0_P45 0
Max_H0_P46 0
Max_H0_P47 0
Max_H0_P48 0
Max_H0_P49 0
Max_H0_P50 0
Max_H0_P51 0
Max_H0_P52 0
Max_H0_P53 0
Max_H0_P54 0
Max_H0_P55 0
Max_H0_P56 2.58089e-10
Max_H0_P57 0
Max_H0_P58 -1.26805e-10
Max_H0_P59 4.95204e-12
Max_H0_P60 -1.54052e-11
Max_H0_P61 6.07329e-11
Max_H0_P62 1.93182e-10
Max_H0_P63 -1.95001e-10
Max_H0_P64 0
Max_H0_P65 0
Max_H0_P66 0
Max_H0_P67 0
Max_H0_P68 0
Max_H0_P69 0
Max_H0_P70 0
Max_H0_P71 0
Max_H0_P72 0
Max_H0_P73 0
Max_H0_P74 0
Max_H0_P75 0
Max_H0_P76 0
Max_H0_P77 -2.97354e-10
Max_H0_P78 2.96672e-10
Max_H0_P79 8.07926e-11
Max_H0_P80 3.33316e-11
Max_H0_P81 0
Max_H1_P0 0
Max_H1_P1 0
Max_H1_P2 0
Max_H1_P3 0
Max_H1_P4 0
Max_H1_P5 1.18111e-10
Max_H1_P6 0
Max_H1_P7 0
Max_H1_P8 0
Max_H1_P9 4.11831e-11
Max_H1_P10 4.83613e-11
Max_H1_P11 0
Max_H1_P12 0
Max_H1_P13 0
Max_H1_P14 0
Max_H1_P15 -3.63322e-11
Max_H1_P16 3.88312e-11
Max_H1_P17 2.21439e-11
Max_H1_P18 -5.68434e-12
Max_H1_P19 -6.34779e-11
Max_H1_P20 6.67723e-11
Max_H1_P21 4.67905e-11
Max_H1_P22 6.60512e-11
Max_H1_P23 -2.33777e-10
Max_H1_P24 -2.33236e-10
Max_H1_P25 6.26563e-11
Max_H1_P26 1.19807e-11
Max_H1_P27 1.11111e-11
Max_H1_P28 -1.18234e-11
Max_H1_P29 -2.05167e-10
Max_H1_P30 8.06339e-11
Max_H1_P31 -7.60387e-11
Max_H1_P32 -1.74876e-10
Max_H1_P33 7.28946e-11
Max_H1_P34 1.8183e-10
Max_H1_P35 -1.40924e-10
Max_H1_P36 -1.43712e-10
Max_H1_P37 -1.11982e-10
Max_H1_P38 1.63631e-10
Max_H1_P39 4.04532e-10
Max_H1_P40 5.46313e-10
Max_H1_P41 2.69782e-10
Max_H1_P42 0
Max_H1_P43 0
Max_H1_P44 0
Max_H1_P45 0
Max_H1_P46 0
Max_H1_P47 2.26498e-10
Max_H1_P48 0
Max_H1_P49 -2.45703e-10
Max_H1_P50 0
Max_H1_P51 -4.51885e-11
Max_H1_P52 2.35605e-10
Max_H1_P53 0
Max_H1_P54 8.25821e-10
Max_H1_P55 3.08585e-10
Max_H1_P56 0
Max_H1_P57 0
Max_H1_P58 -3.48681e-11
Max_H1_P59 2.39276e-10
Max_H1_P60 3.08221e-10
Max_H1_P61 2.17568e-10
Max_H1_P62 -2.43858e-11
Max_H1_P63 -1.81899e-12
Max_H1_P64 0
Max_H1_P65 -8.10303e-11
Max_H1_P66 0
Max_H1_P67 0
Max_H1_P68 8.36062e-11
Max_H1_P69 0
Max_H1_P70 0
Max_H1_P71 0
Max_H1_P72 0
Max_H1_P73 0
Max_H1_P74 0
Max_H1_P75 0
Max_H1_P76 0
Max_H1_P77 0
Max_H1_P78 -3.2323e-12
Max_H1_P79 0
Max_H1_P80 0
Max_H1_P81 0
