
Branch and bound

  Entire solving process        :                           (Time    312.9)
  No feasible solution was found
  Best relaxation cost          :     75848.24 (Node     0) (Time    312.8)
  Lower bound after cuts        :     75848.24
  End lower bound               :     75848.24
  Deepest level reached         : 0
  Deepest real level reached    : 0
  Number of real nodes solved   : 1
  Stopping condition            : enough nodes explored

Problem identification

  Problem                       : <null>
  Machine                       : oslo5.gerad.lan

Solving process summary

  Linear relaxations            :        1
  Column generation iterations  :      127
  Shortest paths solved         :     8745
  Columns generated             :    70526

Instance characteristics

  Resources                     : 3
  Node types                    : no
  Arc types                     : no
  Strong resource windows       : no
  Weak resource windows         : no
  Resource windows (nodes)      : 3
  Resource values (arcs)        : 3
  Values on nodes               : no

  Rows                          : 1183
  Initial columns               : 529
  Tasks                         : 1021
  Strong tasks                  : 704
  Weak tasks                    : 4
  Initial task constraints      : no
  Nodes                         : 1349
  Arc sets                      : 1
  Arcs                          : 45986
  Networks                      : 2
  Models                        : 1

Memory used per module (Megs)

  Parser (reused)               :      9.452
  Networks                      :     40.080
  Column generator              :      7.628
  Master problem                :     11.265
  -----------------
  Total                         :     58.973

Cpu time per module (seconds)

  Parser                        :        0.0
  Preprocessor                  :        0.0
  Lr solver manager             :        0.1
  Column generator              :      140.2
    (Shortest path)             :      117.8
  Master problem                :      172.6
  -------------------
  Total (without b&b)           :      312.8

Real elapsed time (seconds)

  Parser                        :        0.0
  Preprocessor                  :        0.0
  Lr solver manager             :        0.1
  Column generator              :      140.2
    (Shortest path)             :      118.0
  Master problem                :      172.5
  -------------------
  Total (without b&b)           :      312.8
