
Branch and bound

  Entire solving process        :                           (Time    382.0)
  No feasible solution was found
  Best relaxation cost          :     76049.19 (Node     0) (Time    368.1)
  Lower bound after cuts        :     76049.19
  End lower bound               :     76053.04
  Deepest level reached         : 0
  Deepest real level reached    : 0
  Number of real nodes solved   : 1
  Stopping condition            : enough nodes explored

Problem identification

  Problem                       : <null>
  Machine                       : oslo1.gerad.lan

Solving process summary

  Linear relaxations            :        1
  Column generation iterations  :      128
  Shortest paths solved         :     4453
  Columns generated             :    51560

Instance characteristics

  Resources                     : 3
  Node types                    : no
  Arc types                     : no
  Strong resource windows       : no
  Weak resource windows         : no
  Resource windows (nodes)      : 3
  Resource values (arcs)        : 3
  Values on nodes               : no

  Rows                          : 1183
  Initial columns               : 2
  Tasks                         : 1021
  Strong tasks                  : 1017
  Weak tasks                    : 4
  Initial task constraints      : no
  Nodes                         : 1349
  Arc sets                      : 1
  Arcs                          : 45986
  Networks                      : 2
  Models                        : 1

Memory used per module (Megs)

  Parser (reused)               :      9.452
  Networks                      :     36.810
  Column generator              :      9.081
  Master problem                :     11.281
  -----------------
  Total                         :     57.172

Cpu time per module (seconds)

  Parser                        :        0.1
  Preprocessor                  :        0.0
  Lr solver manager             :        0.0
  Column generator              :      107.2
    (Shortest path)             :       87.5
  Master problem                :      274.6
  -------------------
  Total (without b&b)           :      381.8

Real elapsed time (seconds)

  Parser                        :        0.1
  Preprocessor                  :        0.0
  Lr solver manager             :        0.0
  Column generator              :      107.2
    (Shortest path)             :       86.9
  Master problem                :      274.5
  -------------------
  Total (without b&b)           :      381.8
