
Branch and bound

  Entire solving process        :                           (Time    135.0)
  No feasible solution was found
  Best relaxation cost          :     46830.33 (Node     0) (Time    135.0)
  Lower bound after cuts        :     46830.33
  End lower bound               :     46830.33
  Deepest level reached         : 0
  Deepest real level reached    : 0
  Number of real nodes solved   : 1
  Stopping condition            : enough nodes explored

Problem identification

  Problem                       : <null>
  Machine                       : oslo5.gerad.lan

Solving process summary

  Linear relaxations            :        1
  Column generation iterations  :      148
  Shortest paths solved         :     7799
  Columns generated             :    43659

Instance characteristics

  Resources                     : 3
  Node types                    : no
  Arc types                     : no
  Strong resource windows       : no
  Weak resource windows         : no
  Resource windows (nodes)      : 3
  Resource values (arcs)        : 3
  Values on nodes               : no

  Rows                          : 801
  Initial columns               : 342
  Tasks                         : 639
  Strong tasks                  : 433
  Weak tasks                    : 4
  Initial task constraints      : no
  Nodes                         : 967
  Arc sets                      : 1
  Arcs                          : 20227
  Networks                      : 2
  Models                        : 1

Memory used per module (Megs)

  Parser (reused)               :      4.367
  Networks                      :     26.034
  Column generator              :      6.660
  Master problem                :      8.385
  -----------------
  Total                         :     41.078

Cpu time per module (seconds)

  Parser                        :        0.0
  Preprocessor                  :        0.0
  Lr solver manager             :        0.2
  Column generator              :       26.9
    (Shortest path)             :       21.6
  Master problem                :      107.8
  -------------------
  Total (without b&b)           :      135.0

Real elapsed time (seconds)

  Parser                        :        0.0
  Preprocessor                  :        0.0
  Lr solver manager             :        0.1
  Column generator              :       27.2
    (Shortest path)             :       22.0
  Master problem                :      107.7
  -------------------
  Total (without b&b)           :      135.0
