
Branch and bound

  Entire solving process        :                           (Time     67.6)
  No feasible solution was found
  Best relaxation cost          :     46891.38 (Node     0) (Time     67.6)
  Lower bound after cuts        :     46891.38
  End lower bound               :     46891.38
  Deepest level reached         : 0
  Deepest real level reached    : 0
  Number of real nodes solved   : 1
  Stopping condition            : enough nodes explored

Problem identification

  Problem                       : <null>
  Machine                       : oslo1.gerad.lan

Solving process summary

  Linear relaxations            :        1
  Column generation iterations  :      123
  Shortest paths solved         :     3032
  Columns generated             :    29015

Instance characteristics

  Resources                     : 3
  Node types                    : no
  Arc types                     : no
  Strong resource windows       : no
  Weak resource windows         : no
  Resource windows (nodes)      : 3
  Resource values (arcs)        : 3
  Values on nodes               : no

  Rows                          : 801
  Initial columns               : 2
  Tasks                         : 639
  Strong tasks                  : 635
  Weak tasks                    : 4
  Initial task constraints      : no
  Nodes                         : 967
  Arc sets                      : 1
  Arcs                          : 20227
  Networks                      : 2
  Models                        : 1

Memory used per module (Megs)

  Parser (reused)               :      4.367
  Networks                      :     23.612
  Column generator              :      9.687
  Master problem                :      8.105
  -----------------
  Total                         :     41.404

Cpu time per module (seconds)

  Parser                        :        0.0
  Preprocessor                  :        0.0
  Lr solver manager             :        0.1
  Column generator              :       13.3
    (Shortest path)             :       11.4
  Master problem                :       54.2
  -------------------
  Total (without b&b)           :       67.6

Real elapsed time (seconds)

  Parser                        :        0.0
  Preprocessor                  :        0.0
  Lr solver manager             :        0.1
  Column generator              :       13.3
    (Shortest path)             :       11.5
  Master problem                :       54.2
  -------------------
  Total (without b&b)           :       67.6
