Cover_T0 52
Cover_T1 -52
Cover_T2 52
Cover_T3 -52
Cover_T4 52
Cover_T5 -52
Cover_T6 52
Cover_T7 -52
Cover_T8 52
Cover_T9 -52
Cover_T10 52
Cover_T11 -52
Cover_T12 52
Cover_T13 -52
Cover_T14 52
Cover_T15 -52
Cover_T16 52
Cover_T17 -52
Cover_T18 52
Cover_T19 -52
Cover_T20 52
Cover_T21 -52
Cover_T22 52
Cover_T23 -52
Cover_T24 52
Cover_T25 -52
Cover_T26 56
Cover_T27 -50
Cover_T28 56
Cover_T29 -48
Cover_T30 56
Cover_T31 -48
Cover_T32 56
Cover_T33 -46
Cover_T34 56
Cover_T35 -44
Cover_T36 52
Cover_T37 -50
Cover_T38 56
Cover_T39 -46
Cover_T40 58
Cover_T41 -40
Cover_T42 52
Cover_T43 -46
Cover_T44 56
Cover_T45 -42
Cover_T46 58
Cover_T47 -38
Cover_T48 50
Cover_T49 -34
Cover_T50 58
Cover_T51 -36
Cover_T52 54
Cover_T53 -34
Cover_T54 46
Cover_T55 -34
Cover_T56 54
Cover_T57 -28
Cover_T58 70
Cover_T59 -34
Cover_T60 58
Cover_T61 -12
Cover_T62 46
Cover_T63 -24
Cover_T64 42
Cover_T65 982
Cover_T66 38
Cover_T67 990
Cover_T68 1028
Cover_T69 990
Cover_T70 1030
Cover_T71 974
Cover_T72 1014
Cover_T73 986
Cover_T74 1022
Cover_T75 990
Cover_T76 20
Cover_T77 992
Cover_T78 14
Cover_T79 6
Cover_T80 12
Cover_T81 9.45946e-11
Cover_T82 8
Cover_T83 -2
Cover_T84 10
Cover_T85 -6
Cover_T86 -16
Cover_T87 -2
Cover_T88 0
Cover_T89 2
Cover_T90 8
Cover_T91 4
Cover_T92 8
Cover_T93 24
Cover_T94 3.46536e-09
Cover_T95 2
Cover_T96 4
Cover_T97 2
Cover_T98 -1.19662e-10
Cover_T99 -4.16989e-10
Cover_T100 -4.34798e-10
Cover_T101 2
Cover_T102 -20
Cover_T103 4
Cover_T104 8
Cover_T105 8
Cover_T106 1.97423e-10
Cover_T107 4
Cover_T108 8
Cover_T109 20
Cover_T110 8
Cover_T111 36
Cover_T112 4
Cover_T113 4
Cover_T114 4
Cover_T115 10
Cover_T116 4
Cover_T117 2
Cover_T118 4
Cover_T119 2
Cover_T120 8
Cover_T121 0
Cover_T122 6
Cover_T123 -4
Cover_T124 -14
Cover_T125 -2.91938e-10
Cover_T126 -34
Cover_T127 -6.2752e-11
Cover_T128 8
Cover_T129 2
Cover_T130 0
Cover_T131 22
Cover_T132 -2
Cover_T133 38
Cover_T134 6
Cover_T135 50
Cover_T136 -6
Cover_T137 -1.96705e-11
Cover_T138 -18
Cover_T139 1.08736e-10
Cover_T140 -30
Cover_T141 12
Cover_T142 -42
Cover_T143 6
Cover_T144 8
Cover_T145 -2
Cover_T146 -2.25441e-10
Cover_T147 10
Cover_T148 8
Cover_T149 22
Cover_T150 2.83457e-10
Cover_T151 34
Cover_T152 8
Cover_T153 50
Cover_T154 0
Cover_T155 4
Cover_T156 2
Cover_T157 0
Cover_T158 6
Cover_T159 3.17829e-10
Cover_T160 0
Cover_T161 8
Cover_T162 -16
Cover_T163 6
Cover_T164 -36
Cover_T165 2
Cover_T166 8
Cover_T167 8
Cover_T168 -6
Cover_T169 24
Cover_T170 0
Cover_T171 44
Cover_T172 -18
Cover_T173 2.97192e-10
Cover_T174 -38
Cover_T175 14
Cover_T176 4
Cover_T177 6
Cover_T178 -12
Cover_T179 20
Cover_T180 8
Cover_T181 36
Cover_T182 2
Cover_T183 52
Cover_T184 -14
Cover_T185 8
Cover_T186 0
Cover_T187 24
Cover_T188 8
Cover_T189 4
Cover_T190 0
Cover_T191 10
Cover_T192 2
Cover_T193 24
Cover_T194 2
Cover_T195 6
Cover_T196 9.24416e-10
Cover_T197 2
Cover_T198 -10
Cover_T199 8
Cover_T200 -22
Cover_T201 10
Cover_T202 -36
Cover_T203 10
Cover_T204 -48
Cover_T205 10
Cover_T206 2
Cover_T207 14
Cover_T208 -12
Cover_T209 26
Cover_T210 2
Cover_T211 38
Cover_T212 -2
Cover_T213 50
Cover_T214 -2
Cover_T215 62
Cover_T216 -2
Cover_T217 16
Cover_T218 -6
Cover_T219 28
Cover_T220 -6
Cover_T221 12
Cover_T222 -4
Cover_T223 20
Cover_T224 -6
Cover_T225 22
Cover_T226 -4
Cover_T227 20
Cover_T228 -10
Cover_T229 22
Cover_T230 -8
Cover_T231 24
Cover_T232 -20
Cover_T233 18
Cover_T234 -36
Cover_T235 24
Cover_T236 -10
Cover_T237 28
Cover_T238 -12
Cover_T239 28
Cover_T240 -12
Cover_T241 44
Cover_T242 -14
Cover_T243 60
Cover_T244 -20
Cover_T245 22
Cover_T246 -16
Cover_T247 22
Cover_T248 -20
Cover_T249 26
Cover_T250 -20
Cover_T251 34
Cover_T252 -20
Cover_T253 36
Cover_T254 -42
Cover_T255 24
Cover_T256 -30
Cover_T257 36
Cover_T258 -22
Cover_T259 36
Cover_T260 -28
Cover_T261 54
Cover_T262 -24
Cover_T263 38
Cover_T264 -36
Cover_T265 52
Cover_T266 -32
Cover_T267 44
Cover_T268 -28
Cover_T269 48
Cover_T270 -28
Cover_T271 40
Cover_T272 -32
Cover_T273 56
Cover_T274 -42
Cover_T275 52
Cover_T276 -36
Cover_T277 46
Cover_T278 -36
Cover_T279 46
Cover_T280 -32
Cover_T281 44
Cover_T282 -34
Cover_T283 60
Cover_T284 -38
Cover_T285 54
Cover_T286 -38
Cover_T287 42
Cover_T288 -38
Cover_T289 40
Cover_T290 -38
Cover_T291 52
Cover_T292 -38
Cover_T293 54
Cover_T294 -38
Cover_T295 64
Cover_T296 -40
Cover_T297 56
Cover_T298 -40
Cover_T299 60
Cover_T300 -40
Cover_T301 52
Cover_T302 -52
Cover_T303 52
Cover_T304 -52
Cover_T305 52
Cover_T306 -52
Cover_T307 56
Cover_T308 -48
Cover_T309 56
Cover_T310 -48
Cover_T311 56
Cover_T312 -48
Cover_T313 54
Cover_T314 -48
Cover_T315 56
Cover_T316 -44
Cover_T317 56
Cover_T318 -44
Cover_T319 56
Cover_T320 -40
Cover_T321 58
Cover_T322 -44
Cover_T323 58
Cover_T324 -38
Cover_T325 50
Cover_T326 -40
Cover_T327 54
Cover_T328 -28
Cover_T329 66
Cover_T330 -42
Cover_T331 58
Cover_T332 -16
Cover_T333 46
Cover_T334 -24
Cover_T335 48
Cover_T336 -32
Cover_T337 42
Cover_T338 978
Cover_T339 42
Cover_T340 990
Cover_T341 1024
Cover_T342 962
Cover_T343 1034
Cover_T344 974
Cover_T345 1012
Cover_T346 986
Cover_T347 1026
Cover_T348 986
Cover_T349 1034
Cover_T350 988
Cover_T351 24
Cover_T352 990
Cover_T353 12
Cover_T354 0
Cover_T355 20
Cover_T356 3.95431e-10
Cover_T357 14
Cover_T358 0
Cover_T359 12
Cover_T360 -6
Cover_T361 14
Cover_T362 -6
Cover_T363 8
Cover_T364 -4
Cover_T365 -8
Cover_T366 0
Cover_T367 10
Cover_T368 2
Cover_T369 2
Cover_T370 4.88081e-11
Cover_T371 4
Cover_T372 16
Cover_T373 0
Cover_T374 0
Cover_T375 2
Cover_T376 0
Cover_T377 6
Cover_T378 1.83142e-10
Cover_T379 0
Cover_T380 -2
Cover_T381 2
Cover_T382 -6
Cover_T383 -18
Cover_T384 -1.13687e-13
Cover_T385 0
Cover_T386 -2
Cover_T387 3.23507e-10
Cover_T388 18
Cover_T389 4
Cover_T390 -1.64885e-10
Cover_T391 1.31934e-10
Cover_T392 0
Cover_T393 -1.72544e-10
Cover_T394 -4
Cover_T395 4
Cover_T396 6.30074e-11
Cover_T397 0
Cover_T398 6
Cover_T399 4
Cover_T400 6
Cover_T401 6
Cover_T402 6
Cover_T403 -10
Cover_T404 6
Cover_T405 -26
Cover_T406 2
Cover_T407 -42
Cover_T408 -4.41629e-11
Cover_T409 4
Cover_T410 16
Cover_T411 -1.1871e-10
Cover_T412 32
Cover_T413 0
Cover_T414 52
Cover_T415 -5.50507e-10
Cover_T416 10
Cover_T417 -20
Cover_T418 5.75627e-11
Cover_T419 -40
Cover_T420 2.32022e-10
Cover_T421 6
Cover_T422 20
Cover_T423 6
Cover_T424 40
Cover_T425 4
Cover_T426 52
Cover_T427 2
Cover_T428 -2
Cover_T429 2
Cover_T430 2
Cover_T431 0
Cover_T432 2
Cover_T433 0
Cover_T434 0
Cover_T435 0
Cover_T436 2
Cover_T437 0
Cover_T438 2
Cover_T439 -2.26452e-12
Cover_T440 4
Cover_T441 -6
Cover_T442 4
Cover_T443 -18
Cover_T444 4
Cover_T445 -34
Cover_T446 0
Cover_T447 3.58305e-10
Cover_T448 14
Cover_T449 -4
Cover_T450 34
Cover_T451 2
Cover_T452 0
Cover_T453 -16
Cover_T454 4
Cover_T455 -36
Cover_T456 -2
Cover_T457 6
Cover_T458 16
Cover_T459 -14
Cover_T460 36
Cover_T461 2
Cover_T462 -6
Cover_T463 -8
Cover_T464 16
Cover_T465 2
Cover_T466 1.28195e-09
Cover_T467 6
Cover_T468 10
Cover_T469 0
Cover_T470 26
Cover_T471 8
Cover_T472 14
Cover_T473 4
Cover_T474 10
Cover_T475 -12
Cover_T476 12
Cover_T477 -30
Cover_T478 4
Cover_T479 -46
Cover_T480 10
Cover_T481 0
Cover_T482 26
Cover_T483 0
Cover_T484 44
Cover_T485 4
Cover_T486 60
Cover_T487 4
Cover_T488 18
Cover_T489 -1.51908e-09
Cover_T490 22
Cover_T491 -2.91379e-10
Cover_T492 18
Cover_T493 -9.87256e-10
Cover_T494 12
Cover_T495 -4
Cover_T496 12
Cover_T497 -4
Cover_T498 12
Cover_T499 -4
Cover_T500 12
Cover_T501 -4
Cover_T502 18
Cover_T503 -4
Cover_T504 18
Cover_T505 -16
Cover_T506 30
Cover_T507 -32
Cover_T508 14
Cover_T509 -10
Cover_T510 24
Cover_T511 -12
Cover_T512 34
Cover_T513 -14
Cover_T514 52
Cover_T515 -18
Cover_T516 26
Cover_T517 -18
Cover_T518 28
Cover_T519 -20
Cover_T520 26
Cover_T521 -20
Cover_T522 28
Cover_T523 -20
Cover_T524 32
Cover_T525 -24
Cover_T526 28
Cover_T527 -22
Cover_T528 34
Cover_T529 -38
Cover_T530 34
Cover_T531 -22
Cover_T532 38
Cover_T533 -38
Cover_T534 32
Cover_T535 -26
Cover_T536 48
Cover_T537 -24
Cover_T538 56
Cover_T539 -36
Cover_T540 40
Cover_T541 -24
Cover_T542 52
Cover_T543 -36
Cover_T544 36
Cover_T545 -28
Cover_T546 36
Cover_T547 -40
Cover_T548 50
Cover_T549 -32
Cover_T550 38
Cover_T551 -28
Cover_T552 50
Cover_T553 -28
Cover_T554 36
Cover_T555 -34
Cover_T556 54
Cover_T557 -46
Cover_T558 44
Cover_T559 -36
Cover_T560 42
Cover_T561 -32
Cover_T562 38
Cover_T563 -32
Cover_T564 44
Cover_T565 -34
Cover_T566 56
Cover_T567 -34
Cover_T568 46
Cover_T569 -34
Cover_T570 42
Cover_T571 -34
Cover_T572 40
Cover_T573 -42
Cover_T574 46
Cover_T575 -46
Cover_T576 56
Cover_T577 -38
Cover_T578 52
Cover_T579 -38
Cover_T580 66
Cover_T581 -40
Cover_T582 66
Cover_T583 -40
Cover_T584 58
Cover_T585 -44
Cover_T586 54
Cover_T587 -46
Cover_T588 58
Cover_T589 54
Cover_T590 -44
Cover_T591 60
Cover_T592 -40
Cover_T593 54
Cover_T594 -40
Cover_T595 62
Cover_T596 -40
Cover_T597 54
Cover_T598 -40
Cover_T599 58
Cover_T600 -36
Cover_T601 54
Cover_T602 -40
Cover_T603 78
Cover_T604 -36
Cover_T605 62
Cover_T606 -18
Cover_T607 58
Cover_T608 -30
Cover_T609 46
Cover_T610 974
Cover_T611 46
Cover_T612 990
Cover_T613 1032
Cover_T614 982
Cover_T615 1036
Cover_T616 986
Cover_T617 1034
Cover_T618 990
Cover_T619 1040
Cover_T620 990
Cover_T621 1032
Cover_T622 968
Cover_T623 1040
Cover_T624 978
Cover_T625 1018
Cover_T626 986
Cover_T627 1026
Cover_T628 988
Cover_T629 1032
Cover_T630 992
Cover_T631 24
Cover_T632 990
Cover_T633 6
Cover_T634 2
Cover_T635 20
Cover_T636 0
Cover_T637 8
Cover_T638 -4.06136e-11
Cover_T639 14
Cover_T640 -2
Cover_T641 0
Cover_T642 -6
Cover_T643 -10
Cover_T644 -2
Cover_T645 6
Cover_T646 -4
Cover_T647 4
Cover_T648 -2
Cover_T649 2
Cover_T650 -6
Cover_T651 5.50102e-11
Cover_T652 6
Cover_T653 10
Cover_T654 -1.48361e-11
Cover_T655 8
Cover_T656 12
Cover_T657 2
Cover_T658 24
Cover_T659 8
Cover_T660 2
Cover_T661 -4
Cover_T662 6
Cover_T663 0
Cover_T664 -2
Cover_T665 8
Cover_T666 10
Cover_T667 -4
Cover_T668 -2.2365e-10
Cover_T669 -16
Cover_T670 -3.60717e-09
Cover_T671 -28
Cover_T672 6
Cover_T673 8
Cover_T674 -2.19465e-09
Cover_T675 -4
Cover_T676 12
Cover_T677 -6
Cover_T678 8
Cover_T679 4
Cover_T680 4
Cover_T681 4
Cover_T682 20
Cover_T683 0
Cover_T684 36
Cover_T685 0
Cover_T686 4
Cover_T687 0
Cover_T688 10
Cover_T689 2.10184e-10
Cover_T690 2
Cover_T691 4
Cover_T692 2
Cover_T693 6
Cover_T694 6
Cover_T695 -10
Cover_T696 6
Cover_T697 -26
Cover_T698 6
Cover_T699 -42
Cover_T700 6
Cover_T701 4
Cover_T702 2
Cover_T703 5.05581e-11
Cover_T704 -3.65219e-12
Cover_T705 2
Cover_T706 16
Cover_T707 6
Cover_T708 32
Cover_T709 -10
Cover_T710 48
Cover_T711 -26
Cover_T712 2
Cover_T713 -42
Cover_T714 6
Cover_T715 8
Cover_T716 4
Cover_T717 0
Cover_T718 4.60886e-10
Cover_T719 1.22616e-10
Cover_T720 16
Cover_T721 4
Cover_T722 32
Cover_T723 -2.49152e-10
Cover_T724 50
Cover_T725 2
Cover_T726 4
Cover_T727 6
Cover_T728 -1.23888e-11
Cover_T729 1.19923e-10
Cover_T730 -1.83569e-11
Cover_T731 -16
Cover_T732 8
Cover_T733 -36
Cover_T734 6
Cover_T735 8
Cover_T736 -2
Cover_T737 2
Cover_T738 10
Cover_T739 -10
Cover_T740 8
Cover_T741 4
Cover_T742 16
Cover_T743 -6
Cover_T744 28
Cover_T745 -18
Cover_T746 40
Cover_T747 -30
Cover_T748 52
Cover_T749 -42
Cover_T750 1.31336e-09
Cover_T751 8
Cover_T752 6
Cover_T753 -4
Cover_T754 18
Cover_T755 -16
Cover_T756 4
Cover_T757 8
Cover_T758 14
Cover_T759 6
Cover_T760 26
Cover_T761 -6
Cover_T762 38
Cover_T763 -18
Cover_T764 50
Cover_T765 6.31202e-10
Cover_T766 1.91642e-09
Cover_T767 8
Cover_T768 12
Cover_T769 -8.96942e-10
Cover_T770 26
Cover_T771 8.71879e-10
Cover_T772 2
Cover_T773 0
Cover_T774 6
Cover_T775 9.42242e-11
Cover_T776 18
Cover_T777 -4
Cover_T778 10
Cover_T779 -20
Cover_T780 2
Cover_T781 -36
Cover_T782 6
Cover_T783 0
Cover_T784 10
Cover_T785 -8
Cover_T786 18
Cover_T787 4
Cover_T788 18
Cover_T789 4
Cover_T790 40
Cover_T791 2
Cover_T792 52
Cover_T793 2
Cover_T794 64
Cover_T795 2
Cover_T796 14
Cover_T797 -9.09935e-10
Cover_T798 32
Cover_T799 -2
Cover_T800 14
Cover_T801 -1.22702e-09
Cover_T802 22
Cover_T803 -2
Cover_T804 22
Cover_T805 -1.3049e-09
Cover_T806 24
Cover_T807 -10
Cover_T808 24
Cover_T809 -22
Cover_T810 24
Cover_T811 -38
Cover_T812 28
Cover_T813 -8
Cover_T814 30
Cover_T815 -8
Cover_T816 24
Cover_T817 -8
Cover_T818 32
Cover_T819 -10
Cover_T820 30
Cover_T821 -12
Cover_T822 36
Cover_T823 -16
Cover_T824 48
Cover_T825 -12
Cover_T826 60
Cover_T827 -18
Cover_T828 32
Cover_T829 -16
Cover_T830 30
Cover_T831 -20
Cover_T832 26
Cover_T833 -24
Cover_T834 28
Cover_T835 -20
Cover_T836 36
Cover_T837 -36
Cover_T838 32
Cover_T839 -22
Cover_T840 34
Cover_T841 -38
Cover_T842 32
Cover_T843 -26
Cover_T844 42
Cover_T845 -30
Cover_T846 40
Cover_T847 -28
Cover_T848 56
Cover_T849 -24
Cover_T850 48
Cover_T851 -24
Cover_T852 42
Cover_T853 -32
Cover_T854 50
Cover_T855 -30
Cover_T856 46
Cover_T857 -28
Cover_T858 44
Cover_T859 -32
Cover_T860 38
Cover_T861 -34
Cover_T862 40
Cover_T863 -32
Cover_T864 46
Cover_T865 -34
Cover_T866 52
Cover_T867 -36
Cover_T868 46
Cover_T869 -34
Cover_T870 52
Cover_T871 -34
Cover_T872 48
Cover_T873 -42
Cover_T874 44
Cover_T875 -42
Cover_T876 52
Cover_T877 -38
Cover_T878 58
Cover_T879 -38
Cover_T880 58
Cover_T881 -40
Cover_T882 58
Cover_T883 -40
Cover_T884 62
Cover_T885 -40
Cover_T886 62
Cover_T887 -40
Cover_T888 18
Cover_T889 -2
Cover_T890 4
Cover_T891 8
Cover_T892 24
Cover_T893 8
Cover_T894 14
Cover_T895 14
Cover_T896 12
Cover_T897 0
Cover_T898 4
Cover_T899 22
Cover_T900 2
Cover_T901 16
Cover_T902 22
Cover_T903 16
Cover_T904 12
Cover_T905 1028
Cover_T906 1034
Cover_T907 1028
Cover_T908 1036
Cover_T909 1036
Cover_T910 1012
Cover_T911 1032
Cover_T912 1082
Cover_T913 1038
Cover_T914 1052
Cover_T915 1012
Cover_T916 1076
Cover_T917 1026
Cover_T918 58
Cover_T919 0
Cover_T920 38
Cover_T921 0
Cover_T922 28
Cover_T923 16
Cover_T924 22
Cover_T925 -34
Cover_T926 52
Cover_T927 -38
Cover_T928 54
Cover_T929 -18
Cover_T930 54
Cover_T931 0
Cover_T932 52
Cover_T933 0
Cover_T934 50
Cover_T935 52
Cover_T936 -4
Cover_T937 52
Cover_T938 -36
Cover_T939 54
Cover_T940 -36
Cover_T941 14
Cover_T942 8
Cover_T943 40
Cover_T944 0
Cover_T945 56
Cover_T946 10
Cover_T947 44
Cover_T948 0
Cover_T949 58
Cover_T950 48
Cover_T951 0
Cover_T952 28
Cover_T953 8
Cover_T954 46
Cover_T955 0
Cover_T956 26
Cover_T957 16
Cover_T958 26
Cover_T959 -18
Cover_T960 0
Cover_T961 -14
Cover_T962 26
Cover_T963 0
Cover_T964 0
Cover_T965 26
Cover_T966 0
Cover_T967 0
Cover_T968 38
Cover_T969 24
Cover_T970 36
Cover_T971 22
Cover_T972 32
Count_D0 -984
Count_D1 -1000
Max_H0_P0 0
Max_H0_P1 0
Max_H0_P2 0
Max_H0_P3 0
Max_H0_P4 -1.97588e-10
Max_H0_P5 1.79694e-10
Max_H0_P6 -3.57458e-10
Max_H0_P7 0
Max_H0_P8 0
Max_H0_P9 0
Max_H0_P10 0
Max_H0_P11 0
Max_H0_P12 0
Max_H0_P13 0
Max_H0_P14 0
Max_H0_P15 6.39351e-10
Max_H0_P16 1.28801e-10
Max_H0_P17 0
Max_H0_P18 6.10569e-11
Max_H0_P19 1.92173e-10
Max_H0_P20 1.27839e-10
Max_H0_P21 -1.94831e-11
Max_H0_P22 1.90568e-11
Max_H0_P23 1.36172e-11
Max_H0_P24 6.95621e-12
Max_H0_P25 -6.693e-11
Max_H0_P26 8.91802e-11
Max_H0_P27 -1.09101e-10
Max_H0_P28 -1.55321e-10
Max_H0_P29 2.09877e-11
Max_H0_P30 1.33741e-10
Max_H0_P31 -9.45843e-12
Max_H0_P32 -5.00506e-11
Max_H0_P33 9.69091e-11
Max_H0_P34 -6.84102e-11
Max_H0_P35 1.5151e-10
Max_H0_P36 -1.30987e-10
Max_H0_P37 -1.41667e-10
Max_H0_P38 -1.18116e-10
Max_H0_P39 -2.35946e-12
Max_H0_P40 1.30566e-11
Max_H0_P41 1.65417e-10
Max_H0_P42 1.79821e-10
Max_H0_P43 3.31738e-10
Max_H0_P44 0
Max_H0_P45 0
Max_H0_P46 0
Max_H0_P47 0
Max_H0_P48 0
Max_H0_P49 0
Max_H0_P50 0
Max_H0_P51 0
Max_H0_P52 0
Max_H0_P53 0
Max_H0_P54 0
Max_H0_P55 0
Max_H0_P56 0
Max_H0_P57 0
Max_H0_P58 0
Max_H0_P59 0
Max_H0_P60 0
Max_H0_P61 0
Max_H0_P62 0
Max_H0_P63 0
Max_H0_P64 0
Max_H0_P65 0
Max_H0_P66 0
Max_H0_P67 0
Max_H0_P68 0
Max_H0_P69 0
Max_H0_P70 0
Max_H0_P71 0
Max_H0_P72 0
Max_H0_P73 0
Max_H0_P74 0
Max_H0_P75 0
Max_H0_P76 0
Max_H0_P77 1.75682e-12
Max_H0_P78 1.02034e-11
Max_H0_P79 0
Max_H0_P80 0
Max_H0_P81 0
Max_H1_P0 0
Max_H1_P1 0
Max_H1_P2 0
Max_H1_P3 0
Max_H1_P4 -2.12712e-11
Max_H1_P5 3.76282e-10
Max_H1_P6 0
Max_H1_P7 8.96048e-11
Max_H1_P8 0
Max_H1_P9 0
Max_H1_P10 0
Max_H1_P11 0
Max_H1_P12 0
Max_H1_P13 0
Max_H1_P14 0
Max_H1_P15 6.50719e-10
Max_H1_P16 0
Max_H1_P17 -2.11362e-13
Max_H1_P18 4.31042e-11
Max_H1_P19 4.31042e-11
Max_H1_P20 -3.06864e-11
Max_H1_P21 8.03857e-12
Max_H1_P22 2.3856e-11
Max_H1_P23 -1.91659e-10
Max_H1_P24 8.2423e-11
Max_H1_P25 -2.05148e-10
Max_H1_P26 9.40807e-11
Max_H1_P27 -2.07288e-11
Max_H1_P28 -2.29723e-10
Max_H1_P29 1.18092e-10
Max_H1_P30 -1.49061e-11
Max_H1_P31 1.61306e-10
Max_H1_P32 -5.6815e-11
Max_H1_P33 7.19746e-11
Max_H1_P34 -1.12044e-11
Max_H1_P35 7.22905e-12
Max_H1_P36 -1.28374e-10
Max_H1_P37 -1.98114e-10
Max_H1_P38 1.27443e-10
Max_H1_P39 -7.31291e-11
Max_H1_P40 7.52268e-11
Max_H1_P41 7.88987e-11
Max_H1_P42 -1.53477e-12
Max_H1_P43 2.8711e-10
Max_H1_P44 1.50424e-10
Max_H1_P45 0
Max_H1_P46 -1.13523e-10
Max_H1_P47 0
Max_H1_P48 -1.31377e-10
Max_H1_P49 0
Max_H1_P50 0
Max_H1_P51 1.29013e-09
Max_H1_P52 0
Max_H1_P53 0
Max_H1_P54 0
Max_H1_P55 0
Max_H1_P56 1.72804e-11
Max_H1_P57 0
Max_H1_P58 -3.97826e-10
Max_H1_P59 1.58978e-10
Max_H1_P60 -6.46541e-11
Max_H1_P61 -4.97771e-11
Max_H1_P62 0
Max_H1_P63 -1.64917e-10
Max_H1_P64 1.08096e-10
Max_H1_P65 1.23938e-10
Max_H1_P66 -1.26053e-10
Max_H1_P67 -6.43534e-11
Max_H1_P68 0
Max_H1_P69 0
Max_H1_P70 0
Max_H1_P71 0
Max_H1_P72 0
Max_H1_P73 0
Max_H1_P74 0
Max_H1_P75 0
Max_H1_P76 -5.44879e-11
Max_H1_P77 -1.98384e-10
Max_H1_P78 3.36512e-10
Max_H1_P79 -1.91994e-10
Max_H1_P80 0
Max_H1_P81 0
