
Branch and bound

  Entire solving process        :                           (Time    398.4)
  No feasible solution was found
  Best relaxation cost          :     64410.13 (Node     0) (Time    398.4)
  Lower bound after cuts        :     64410.13
  End lower bound               :     64410.13
  Deepest level reached         : 0
  Deepest real level reached    : 0
  Number of real nodes solved   : 1
  Stopping condition            : enough nodes explored

Problem identification

  Problem                       : <null>
  Machine                       : oslo5.gerad.lan

Solving process summary

  Linear relaxations            :        1
  Column generation iterations  :      130
  Shortest paths solved         :     5629
  Columns generated             :    65037

Instance characteristics

  Resources                     : 3
  Node types                    : no
  Arc types                     : no
  Strong resource windows       : no
  Weak resource windows         : no
  Resource windows (nodes)      : 3
  Resource values (arcs)        : 3
  Values on nodes               : no

  Rows                          : 1169
  Initial columns               : 508
  Tasks                         : 1007
  Strong tasks                  : 711
  Weak tasks                    : 4
  Initial task constraints      : no
  Nodes                         : 1335
  Arc sets                      : 1
  Arcs                          : 44542
  Networks                      : 2
  Models                        : 1

Memory used per module (Megs)

  Parser (reused)               :      9.210
  Networks                      :     38.990
  Column generator              :     15.741
  Master problem                :     11.636
  -----------------
  Total                         :     66.367

Cpu time per module (seconds)

  Parser                        :        0.0
  Preprocessor                  :        0.0
  Lr solver manager             :        0.1
  Column generator              :      143.6
    (Shortest path)             :      132.1
  Master problem                :      254.8
  -------------------
  Total (without b&b)           :      398.4

Real elapsed time (seconds)

  Parser                        :        0.0
  Preprocessor                  :        0.0
  Lr solver manager             :        0.1
  Column generator              :      143.6
    (Shortest path)             :      131.3
  Master problem                :      254.7
  -------------------
  Total (without b&b)           :      398.4
