
Branch and bound

  Entire solving process        :                           (Time     77.7)
  No feasible solution was found
  Best relaxation cost          :     53460.50 (Node     0) (Time     77.7)
  Lower bound after cuts        :     53460.50
  End lower bound               :     53460.50
  Deepest level reached         : 0
  Deepest real level reached    : 0
  Number of real nodes solved   : 1
  Stopping condition            : enough nodes explored

Problem identification

  Problem                       : <null>
  Machine                       : oslo5.gerad.lan

Solving process summary

  Linear relaxations            :        1
  Column generation iterations  :      114
  Shortest paths solved         :     3042
  Columns generated             :    27078

Instance characteristics

  Resources                     : 3
  Node types                    : no
  Arc types                     : no
  Strong resource windows       : no
  Weak resource windows         : no
  Resource windows (nodes)      : 3
  Resource values (arcs)        : 3
  Values on nodes               : no

  Rows                          : 812
  Initial columns               : 2
  Tasks                         : 650
  Strong tasks                  : 646
  Weak tasks                    : 4
  Initial task constraints      : no
  Nodes                         : 978
  Arc sets                      : 1
  Arcs                          : 21412
  Networks                      : 2
  Models                        : 1

Memory used per module (Megs)

  Parser (reused)               :      4.609
  Networks                      :     23.491
  Column generator              :      5.328
  Master problem                :      7.916
  -----------------
  Total                         :     36.735

Cpu time per module (seconds)

  Parser                        :        0.0
  Preprocessor                  :        0.0
  Lr solver manager             :        0.1
  Column generator              :       17.9
    (Shortest path)             :       15.6
  Master problem                :       59.6
  -------------------
  Total (without b&b)           :       77.7

Real elapsed time (seconds)

  Parser                        :        0.0
  Preprocessor                  :        0.0
  Lr solver manager             :        0.1
  Column generator              :       17.9
    (Shortest path)             :       15.5
  Master problem                :       59.6
  -------------------
  Total (without b&b)           :       77.7
