
Branch and bound

  Entire solving process        :                           (Time    381.4)
  No feasible solution was found
  Best relaxation cost          :     71631.31 (Node     0) (Time    381.4)
  Lower bound after cuts        :     71631.31
  End lower bound               :     71631.31
  Deepest level reached         : 0
  Deepest real level reached    : 0
  Number of real nodes solved   : 1
  Stopping condition            : enough nodes explored

Problem identification

  Problem                       : <null>
  Machine                       : oslo3.gerad.lan

Solving process summary

  Linear relaxations            :        1
  Column generation iterations  :      129
  Shortest paths solved         :     6584
  Columns generated             :    73954

Instance characteristics

  Resources                     : 3
  Node types                    : no
  Arc types                     : no
  Strong resource windows       : no
  Weak resource windows         : no
  Resource windows (nodes)      : 3
  Resource values (arcs)        : 3
  Values on nodes               : no

  Rows                          : 1219
  Initial columns               : 514
  Tasks                         : 1057
  Strong tasks                  : 733
  Weak tasks                    : 4
  Initial task constraints      : no
  Nodes                         : 1385
  Arc sets                      : 1
  Arcs                          : 48649
  Networks                      : 2
  Models                        : 1

Memory used per module (Megs)

  Parser (reused)               :      9.937
  Networks                      :     41.048
  Column generator              :     14.773
  Master problem                :     11.621
  -----------------
  Total                         :     67.442

Cpu time per module (seconds)

  Parser                        :        0.0
  Preprocessor                  :        0.0
  Lr solver manager             :        0.1
  Column generator              :      190.7
    (Shortest path)             :      174.8
  Master problem                :      190.5
  -------------------
  Total (without b&b)           :      381.4

Real elapsed time (seconds)

  Parser                        :        0.0
  Preprocessor                  :        0.0
  Lr solver manager             :        0.1
  Column generator              :      190.7
    (Shortest path)             :      174.9
  Master problem                :      190.6
  -------------------
  Total (without b&b)           :      381.4
