
Branch and bound

  Entire solving process        :                           (Time    505.2)
  No feasible solution was found
  Best relaxation cost          :     64874.68 (Node     0) (Time    505.2)
  Lower bound after cuts        :     64874.68
  End lower bound               :     64874.68
  Deepest level reached         : 0
  Deepest real level reached    : 0
  Number of real nodes solved   : 1
  Stopping condition            : enough nodes explored

Problem identification

  Problem                       : <null>
  Machine                       : oslo3.gerad.lan

Solving process summary

  Linear relaxations            :        1
  Column generation iterations  :      126
  Shortest paths solved         :     9576
  Columns generated             :    73462

Instance characteristics

  Resources                     : 3
  Node types                    : no
  Arc types                     : no
  Strong resource windows       : no
  Weak resource windows         : no
  Resource windows (nodes)      : 3
  Resource values (arcs)        : 3
  Values on nodes               : no

  Rows                          : 1222
  Initial columns               : 575
  Tasks                         : 1060
  Strong tasks                  : 710
  Weak tasks                    : 4
  Initial task constraints      : no
  Nodes                         : 1388
  Arc sets                      : 1
  Arcs                          : 48424
  Networks                      : 2
  Models                        : 1

Memory used per module (Megs)

  Parser (reused)               :      9.937
  Networks                      :     42.017
  Column generator              :     23.370
  Master problem                :     12.241
  -----------------
  Total                         :     77.627

Cpu time per module (seconds)

  Parser                        :        0.0
  Preprocessor                  :        0.0
  Lr solver manager             :        0.1
  Column generator              :      374.6
    (Shortest path)             :      349.9
  Master problem                :      130.4
  -------------------
  Total (without b&b)           :      505.2

Real elapsed time (seconds)

  Parser                        :        0.0
  Preprocessor                  :        0.0
  Lr solver manager             :        0.1
  Column generator              :      374.6
    (Shortest path)             :      349.9
  Master problem                :      130.5
  -------------------
  Total (without b&b)           :      505.2
