
Branch and bound

  Entire solving process        :                           (Time    126.3)
  No feasible solution was found
  Best relaxation cost          :     43363.44 (Node     0) (Time    126.3)
  Lower bound after cuts        :     43363.44
  End lower bound               :     43363.44
  Deepest level reached         : 0
  Deepest real level reached    : 0
  Number of real nodes solved   : 1
  Stopping condition            : enough nodes explored

Problem identification

  Problem                       : <null>
  Machine                       : oslo4.gerad.lan

Solving process summary

  Linear relaxations            :        1
  Column generation iterations  :      136
  Shortest paths solved         :     4728
  Columns generated             :    38178

Instance characteristics

  Resources                     : 3
  Node types                    : no
  Arc types                     : no
  Strong resource windows       : no
  Weak resource windows         : no
  Resource windows (nodes)      : 3
  Resource values (arcs)        : 3
  Values on nodes               : no

  Rows                          : 823
  Initial columns               : 336
  Tasks                         : 661
  Strong tasks                  : 478
  Weak tasks                    : 4
  Initial task constraints      : no
  Nodes                         : 989
  Arc sets                      : 1
  Arcs                          : 21484
  Networks                      : 2
  Models                        : 1

Memory used per module (Megs)

  Parser (reused)               :      4.730
  Networks                      :     25.065
  Column generator              :      5.570
  Master problem                :      8.370
  -----------------
  Total                         :     39.005

Cpu time per module (seconds)

  Parser                        :        0.0
  Preprocessor                  :        0.0
  Lr solver manager             :        0.1
  Column generator              :       25.2
    (Shortest path)             :       21.3
  Master problem                :      101.0
  -------------------
  Total (without b&b)           :      126.2

Real elapsed time (seconds)

  Parser                        :        0.0
  Preprocessor                  :        0.0
  Lr solver manager             :        0.1
  Column generator              :       25.1
    (Shortest path)             :       21.5
  Master problem                :      101.0
  -------------------
  Total (without b&b)           :      126.3
