
Branch and bound

  Entire solving process        :                           (Time    152.8)
  No feasible solution was found
  Best relaxation cost          :     63056.17 (Node     0) (Time    152.8)
  Lower bound after cuts        :     63056.17
  End lower bound               :     63056.17
  Deepest level reached         : 0
  Deepest real level reached    : 0
  Number of real nodes solved   : 1
  Stopping condition            : enough nodes explored

Problem identification

  Problem                       : <null>
  Machine                       : oslo2.gerad.lan

Solving process summary

  Linear relaxations            :        1
  Column generation iterations  :      122
  Shortest paths solved         :     7927
  Columns generated             :    58025

Instance characteristics

  Resources                     : 3
  Node types                    : no
  Arc types                     : no
  Strong resource windows       : no
  Weak resource windows         : no
  Resource windows (nodes)      : 3
  Resource values (arcs)        : 3
  Values on nodes               : no

  Rows                          : 977
  Initial columns               : 433
  Tasks                         : 815
  Strong tasks                  : 562
  Weak tasks                    : 4
  Initial task constraints      : no
  Nodes                         : 1143
  Arc sets                      : 1
  Arcs                          : 31519
  Networks                      : 2
  Models                        : 1

Memory used per module (Megs)

  Parser (reused)               :      6.667
  Networks                      :     31.603
  Column generator              :      7.265
  Master problem                :      9.383
  -----------------
  Total                         :     48.252

Cpu time per module (seconds)

  Parser                        :        0.0
  Preprocessor                  :        0.0
  Lr solver manager             :        0.1
  Column generator              :       70.0
    (Shortest path)             :       62.1
  Master problem                :       82.6
  -------------------
  Total (without b&b)           :      152.7

Real elapsed time (seconds)

  Parser                        :        0.0
  Preprocessor                  :        0.0
  Lr solver manager             :        0.1
  Column generator              :       70.1
    (Shortest path)             :       62.1
  Master problem                :       82.7
  -------------------
  Total (without b&b)           :      152.9
