
Branch and bound

  Entire solving process        :                           (Time     47.1)
  No feasible solution was found
  Best relaxation cost          :     36447.85 (Node     0) (Time     47.1)
  Lower bound after cuts        :     36447.85
  End lower bound               :     36447.85
  Deepest level reached         : 0
  Deepest real level reached    : 0
  Number of real nodes solved   : 1
  Stopping condition            : enough nodes explored

Problem identification

  Problem                       : <null>
  Machine                       : oslo5.gerad.lan

Solving process summary

  Linear relaxations            :        1
  Column generation iterations  :      130
  Shortest paths solved         :     4904
  Columns generated             :    31048

Instance characteristics

  Resources                     : 3
  Node types                    : no
  Arc types                     : no
  Strong resource windows       : no
  Weak resource windows         : no
  Resource windows (nodes)      : 3
  Resource values (arcs)        : 3
  Values on nodes               : no

  Rows                          : 656
  Initial columns               : 301
  Tasks                         : 494
  Strong tasks                  : 317
  Weak tasks                    : 4
  Initial task constraints      : no
  Nodes                         : 822
  Arc sets                      : 1
  Arcs                          : 13105
  Networks                      : 2
  Models                        : 1

Memory used per module (Megs)

  Parser (reused)               :      3.035
  Networks                      :     20.342
  Column generator              :      2.058
  Master problem                :      6.774
  -----------------
  Total                         :     29.175

Cpu time per module (seconds)

  Parser                        :        0.0
  Preprocessor                  :        0.0
  Lr solver manager             :        0.0
  Column generator              :        9.4
    (Shortest path)             :        7.8
  Master problem                :       37.6
  -------------------
  Total (without b&b)           :       47.0

Real elapsed time (seconds)

  Parser                        :        0.0
  Preprocessor                  :        0.0
  Lr solver manager             :        0.1
  Column generator              :        9.4
    (Shortest path)             :        7.9
  Master problem                :       37.5
  -------------------
  Total (without b&b)           :       47.1
