Cover_T0 52
Cover_T1 -52
Cover_T2 52
Cover_T3 -52
Cover_T4 52
Cover_T5 -52
Cover_T6 52
Cover_T7 -52
Cover_T8 52
Cover_T9 -52
Cover_T10 52
Cover_T11 -52
Cover_T12 52
Cover_T13 -52
Cover_T14 52
Cover_T15 -52
Cover_T16 52
Cover_T17 -52
Cover_T18 52
Cover_T19 -52
Cover_T20 54
Cover_T21 -52
Cover_T22 52
Cover_T23 -50
Cover_T24 54
Cover_T25 -50
Cover_T26 54
Cover_T27 -48
Cover_T28 58
Cover_T29 -48
Cover_T30 60
Cover_T31 -44
Cover_T32 52
Cover_T33 -44
Cover_T34 60
Cover_T35 -44
Cover_T36 62
Cover_T37 -44
Cover_T38 52
Cover_T39 -40
Cover_T40 52
Cover_T41 -44
Cover_T42 58
Cover_T43 -40
Cover_T44 54
Cover_T45 -34
Cover_T46 48
Cover_T47 -18
Cover_T48 46
Cover_T49 -26
Cover_T50 46
Cover_T51 -34
Cover_T52 48
Cover_T53 990
Cover_T54 56
Cover_T55 974
Cover_T56 50
Cover_T57 974
Cover_T58 1042
Cover_T59 986
Cover_T60 1032
Cover_T61 990
Cover_T62 1040
Cover_T63 990
Cover_T64 1024
Cover_T65 986
Cover_T66 1032
Cover_T67 990
Cover_T68 1038
Cover_T69 990
Cover_T70 16
Cover_T71 982
Cover_T72 16
Cover_T73 990
Cover_T74 32
Cover_T75 -1.63723e-09
Cover_T76 8
Cover_T77 -8
Cover_T78 8
Cover_T79 -6
Cover_T80 -10
Cover_T81 -2.47643e-11
Cover_T82 -26
Cover_T83 -8.1728e-10
Cover_T84 -42
Cover_T85 2
Cover_T86 6
Cover_T87 8
Cover_T88 -10
Cover_T89 20
Cover_T90 -26
Cover_T91 36
Cover_T92 6
Cover_T93 52
Cover_T94 -10
Cover_T95 4
Cover_T96 8
Cover_T97 20
Cover_T98 6
Cover_T99 36
Cover_T100 -10
Cover_T101 4
Cover_T102 8
Cover_T103 20
Cover_T104 6
Cover_T105 2
Cover_T106 -10
Cover_T107 4
Cover_T108 2
Cover_T109 20
Cover_T110 6
Cover_T111 2
Cover_T112 -10
Cover_T113 4
Cover_T114 2
Cover_T115 20
Cover_T116 6
Cover_T117 8
Cover_T118 -10
Cover_T119 4
Cover_T120 8
Cover_T121 20
Cover_T122 6
Cover_T123 8
Cover_T124 -10
Cover_T125 4
Cover_T126 10
Cover_T127 20
Cover_T128 10
Cover_T129 2
Cover_T130 6
Cover_T131 4
Cover_T132 10
Cover_T133 20
Cover_T134 10
Cover_T135 0
Cover_T136 -14
Cover_T137 0
Cover_T138 10
Cover_T139 0
Cover_T140 -10
Cover_T141 12
Cover_T142 -34
Cover_T143 36
Cover_T144 0
Cover_T145 4
Cover_T146 6
Cover_T147 20
Cover_T148 -10
Cover_T149 36
Cover_T150 -10
Cover_T151 52
Cover_T152 -26
Cover_T153 10
Cover_T154 -42
Cover_T155 4
Cover_T156 2
Cover_T157 20
Cover_T158 4
Cover_T159 20
Cover_T160 2
Cover_T161 36
Cover_T162 4
Cover_T163 52
Cover_T164 -10
Cover_T165 8
Cover_T166 -26
Cover_T167 8
Cover_T168 -42
Cover_T169 10
Cover_T170 -42
Cover_T171 8
Cover_T172 -26
Cover_T173 22
Cover_T174 -42
Cover_T175 44
Cover_T176 -26
Cover_T177 52
Cover_T178 10
Cover_T179 46
Cover_T180 6
Cover_T181 30
Cover_T182 8
Cover_T183 56
Cover_T184 8
Cover_T185 0
Cover_T186 4
Cover_T187 6
Cover_T188 -10
Cover_T189 2
Cover_T190 -1.22139e-09
Cover_T191 12
Cover_T192 -1.79226e-10
Cover_T193 10
Cover_T194 -16
Cover_T195 10
Cover_T196 -2
Cover_T197 36
Cover_T198 -2
Cover_T199 20
Cover_T200 -16
Cover_T201 20
Cover_T202 2
Cover_T203 32
Cover_T204 -10
Cover_T205 16
Cover_T206 -8
Cover_T207 26
Cover_T208 -20
Cover_T209 24
Cover_T210 -4
Cover_T211 36
Cover_T212 -6
Cover_T213 16
Cover_T214 -18
Cover_T215 28
Cover_T216 -12
Cover_T217 30
Cover_T218 -10
Cover_T219 42
Cover_T220 -10
Cover_T221 28
Cover_T222 -10
Cover_T223 32
Cover_T224 -14
Cover_T225 30
Cover_T226 -14
Cover_T227 32
Cover_T228 -14
Cover_T229 32
Cover_T230 -14
Cover_T231 34
Cover_T232 -20
Cover_T233 34
Cover_T234 -20
Cover_T235 26
Cover_T236 -28
Cover_T237 30
Cover_T238 -24
Cover_T239 38
Cover_T240 -28
Cover_T241 28
Cover_T242 -24
Cover_T243 52
Cover_T244 -28
Cover_T245 24
Cover_T246 -24
Cover_T247 38
Cover_T248 -24
Cover_T249 26
Cover_T250 -38
Cover_T251 24
Cover_T252 -38
Cover_T253 40
Cover_T254 -36
Cover_T255 26
Cover_T256 -38
Cover_T257 34
Cover_T258 -24
Cover_T259 52
Cover_T260 -26
Cover_T261 42
Cover_T262 -24
Cover_T263 58
Cover_T264 -24
Cover_T265 40
Cover_T266 -26
Cover_T267 68
Cover_T268 -28
Cover_T269 66
Cover_T270 -34
Cover_T271 62
Cover_T272 -34
Cover_T273 68
Cover_T274 -48
Cover_T275 62
Cover_T276 52
Cover_T277 -52
Cover_T278 52
Cover_T279 -52
Cover_T280 54
Cover_T281 -52
Cover_T282 54
Cover_T283 -52
Cover_T284 56
Cover_T285 -48
Cover_T286 56
Cover_T287 -48
Cover_T288 56
Cover_T289 -44
Cover_T290 58
Cover_T291 -44
Cover_T292 56
Cover_T293 -44
Cover_T294 56
Cover_T295 -40
Cover_T296 52
Cover_T297 -44
Cover_T298 50
Cover_T299 -40
Cover_T300 54
Cover_T301 -40
Cover_T302 48
Cover_T303 -34
Cover_T304 48
Cover_T305 -22
Cover_T306 48
Cover_T307 -34
Cover_T308 48
Cover_T309 986
Cover_T310 52
Cover_T311 974
Cover_T312 1036
Cover_T313 988
Cover_T314 1026
Cover_T315 990
Cover_T316 1036
Cover_T317 986
Cover_T318 18
Cover_T319 986
Cover_T320 28
Cover_T321 -2
Cover_T322 12
Cover_T323 -10
Cover_T324 10
Cover_T325 -8
Cover_T326 0
Cover_T327 -2
Cover_T328 -12
Cover_T329 -2
Cover_T330 -28
Cover_T331 1.11265e-09
Cover_T332 -44
Cover_T333 6
Cover_T334 4
Cover_T335 18
Cover_T336 -12
Cover_T337 34
Cover_T338 -28
Cover_T339 50
Cover_T340 4
Cover_T341 2
Cover_T342 -12
Cover_T343 18
Cover_T344 6
Cover_T345 34
Cover_T346 4
Cover_T347 2
Cover_T348 -12
Cover_T349 18
Cover_T350 6
Cover_T351 0
Cover_T352 4
Cover_T353 2
Cover_T354 -12
Cover_T355 18
Cover_T356 0
Cover_T357 1.37078e-10
Cover_T358 4
Cover_T359 2
Cover_T360 -12
Cover_T361 18
Cover_T362 0
Cover_T363 6
Cover_T364 4
Cover_T365 2
Cover_T366 -12
Cover_T367 18
Cover_T368 6
Cover_T369 6
Cover_T370 4
Cover_T371 2
Cover_T372 -12
Cover_T373 18
Cover_T374 8
Cover_T375 -6.19067e-11
Cover_T376 8
Cover_T377 2
Cover_T378 4
Cover_T379 18
Cover_T380 8
Cover_T381 -2
Cover_T382 8
Cover_T383 -2
Cover_T384 -8
Cover_T385 2
Cover_T386 -24
Cover_T387 -2
Cover_T388 8
Cover_T389 -2
Cover_T390 -4
Cover_T391 14
Cover_T392 -20
Cover_T393 30
Cover_T394 -36
Cover_T395 -2
Cover_T396 2
Cover_T397 18
Cover_T398 5.05452e-10
Cover_T399 42
Cover_T400 -8
Cover_T401 8
Cover_T402 -32
Cover_T403 10
Cover_T404 4
Cover_T405 18
Cover_T406 2
Cover_T407 34
Cover_T408 0
Cover_T409 50
Cover_T410 2
Cover_T411 6
Cover_T412 -12
Cover_T413 4
Cover_T414 -28
Cover_T415 8
Cover_T416 -44
Cover_T417 4
Cover_T418 -44
Cover_T419 20
Cover_T420 -28
Cover_T421 36
Cover_T422 -44
Cover_T423 54
Cover_T424 -20
Cover_T425 54
Cover_T426 -36
Cover_T427 40
Cover_T428 8
Cover_T429 52
Cover_T430 6
Cover_T431 32
Cover_T432 0
Cover_T433 46
Cover_T434 6
Cover_T435 4
Cover_T436 6
Cover_T437 6
Cover_T438 -2
Cover_T439 6
Cover_T440 2
Cover_T441 8
Cover_T442 -8
Cover_T443 20
Cover_T444 2.20004e-09
Cover_T445 20
Cover_T446 -14
Cover_T447 30
Cover_T448 -4
Cover_T449 22
Cover_T450 -20
Cover_T451 34
Cover_T452 -8
Cover_T453 22
Cover_T454 -10
Cover_T455 40
Cover_T456 -10
Cover_T457 26
Cover_T458 -10
Cover_T459 30
Cover_T460 -16
Cover_T461 28
Cover_T462 -18
Cover_T463 30
Cover_T464 -14
Cover_T465 30
Cover_T466 -14
Cover_T467 30
Cover_T468 -22
Cover_T469 32
Cover_T470 -22
Cover_T471 30
Cover_T472 -20
Cover_T473 30
Cover_T474 -20
Cover_T475 32
Cover_T476 -40
Cover_T477 32
Cover_T478 -24
Cover_T479 30
Cover_T480 -24
Cover_T481 30
Cover_T482 -38
Cover_T483 46
Cover_T484 -26
Cover_T485 30
Cover_T486 -24
Cover_T487 28
Cover_T488 -38
Cover_T489 28
Cover_T490 -24
Cover_T491 32
Cover_T492 -32
Cover_T493 28
Cover_T494 -48
Cover_T495 24
Cover_T496 -48
Cover_T497 24
Cover_T498 -46
Cover_T499 38
Cover_T500 -48
Cover_T501 54
Cover_T502 -28
Cover_T503 48
Cover_T504 -24
Cover_T505 56
Cover_T506 -26
Cover_T507 46
Cover_T508 -34
Cover_T509 54
Cover_T510 -42
Cover_T511 50
Cover_T512 -24
Cover_T513 58
Cover_T514 -32
Cover_T515 40
Cover_T516 -42
Cover_T517 32
Cover_T518 -26
Cover_T519 46
Cover_T520 -26
Cover_T521 50
Cover_T522 -26
Cover_T523 52
Cover_T524 -28
Cover_T525 40
Cover_T526 -36
Cover_T527 54
Cover_T528 -32
Cover_T529 54
Cover_T530 -28
Cover_T531 46
Cover_T532 -30
Cover_T533 62
Cover_T534 -34
Cover_T535 58
Cover_T536 -42
Cover_T537 56
Cover_T538 -44
Cover_T539 62
Cover_T540 -44
Cover_T541 58
Cover_T542 -44
Cover_T543 60
Cover_T544 -44
Cover_T545 54
Cover_T546 -50
Cover_T547 54
Cover_T548 -42
Cover_T549 54
Cover_T550 -42
Cover_T551 52
Cover_T552 -46
Cover_T553 48
Cover_T554 -42
Cover_T555 52
Cover_T556 -42
Cover_T557 50
Cover_T558 -36
Cover_T559 48
Cover_T560 -30
Cover_T561 46
Cover_T562 -34
Cover_T563 46
Cover_T564 990
Cover_T565 56
Cover_T566 982
Cover_T567 50
Cover_T568 974
Cover_T569 1044
Cover_T570 990
Cover_T571 1034
Cover_T572 986
Cover_T573 1042
Cover_T574 990
Cover_T575 1040
Cover_T576 990
Cover_T577 1036
Cover_T578 986
Cover_T579 1018
Cover_T580 990
Cover_T581 1028
Cover_T582 990
Cover_T583 1028
Cover_T584 986
Cover_T585 12
Cover_T586 978
Cover_T587 12
Cover_T588 986
Cover_T589 26
Cover_T590 -8
Cover_T591 10
Cover_T592 -8
Cover_T593 -1.20426e-09
Cover_T594 -8
Cover_T595 -22
Cover_T596 -8
Cover_T597 -38
Cover_T598 -8
Cover_T599 10
Cover_T600 -6
Cover_T601 -6
Cover_T602 -2.17284e-11
Cover_T603 -22
Cover_T604 12
Cover_T605 10
Cover_T606 26
Cover_T607 -2
Cover_T608 38
Cover_T609 -14
Cover_T610 50
Cover_T611 8
Cover_T612 -2
Cover_T613 10
Cover_T614 10
Cover_T615 -2
Cover_T616 22
Cover_T617 -14
Cover_T618 34
Cover_T619 8
Cover_T620 -2
Cover_T621 10
Cover_T622 10
Cover_T623 -2
Cover_T624 22
Cover_T625 -14
Cover_T626 1.07093e-10
Cover_T627 2
Cover_T628 -2
Cover_T629 10
Cover_T630 10
Cover_T631 -2
Cover_T632 22
Cover_T633 -14
Cover_T634 0
Cover_T635 2
Cover_T636 -2
Cover_T637 10
Cover_T638 10
Cover_T639 -2
Cover_T640 22
Cover_T641 -14
Cover_T642 6
Cover_T643 8
Cover_T644 -2
Cover_T645 10
Cover_T646 10
Cover_T647 -2
Cover_T648 22
Cover_T649 -14
Cover_T650 6
Cover_T651 10
Cover_T652 -2
Cover_T653 2
Cover_T654 10
Cover_T655 2
Cover_T656 22
Cover_T657 2
Cover_T658 0
Cover_T659 10
Cover_T660 -2
Cover_T661 2
Cover_T662 10
Cover_T663 2
Cover_T664 22
Cover_T665 -10
Cover_T666 -7.80882e-10
Cover_T667 -26
Cover_T668 -7.4e-10
Cover_T669 6
Cover_T670 4
Cover_T671 -6
Cover_T672 -5.68918e-10
Cover_T673 -22
Cover_T674 -8.01336e-10
Cover_T675 -38
Cover_T676 16
Cover_T677 4
Cover_T678 32
Cover_T679 10
Cover_T680 -6.74895e-10
Cover_T681 -6
Cover_T682 12
Cover_T683 -6
Cover_T684 28
Cover_T685 -22
Cover_T686 44
Cover_T687 -38
Cover_T688 2
Cover_T689 6
Cover_T690 -4
Cover_T691 8
Cover_T692 12
Cover_T693 6
Cover_T694 12
Cover_T695 8
Cover_T696 28
Cover_T697 -6
Cover_T698 44
Cover_T699 -22
Cover_T700 0
Cover_T701 -38
Cover_T702 0
Cover_T703 -38
Cover_T704 2
Cover_T705 -22
Cover_T706 0
Cover_T707 -38
Cover_T708 16
Cover_T709 -14
Cover_T710 32
Cover_T711 -26
Cover_T712 40
Cover_T713 -34
Cover_T714 48
Cover_T715 -42
Cover_T716 56
Cover_T717 10
Cover_T718 48
Cover_T719 2
Cover_T720 58
Cover_T721 10
Cover_T722 32
Cover_T723 10
Cover_T724 42
Cover_T725 2
Cover_T726 50
Cover_T727 8
Cover_T728 58
Cover_T729 8
Cover_T730 28
Cover_T731 4.19971e-10
Cover_T732 36
Cover_T733 0
Cover_T734 42
Cover_T735 8
Cover_T736 52
Cover_T737 4.24379e-10
Cover_T738 -3.80527e-09
Cover_T739 8
Cover_T740 8
Cover_T741 -6
Cover_T742 2
Cover_T743 6
Cover_T744 4
Cover_T745 4
Cover_T746 14
Cover_T747 -12
Cover_T748 6
Cover_T749 2
Cover_T750 4
Cover_T751 4
Cover_T752 28
Cover_T753 -14
Cover_T754 16
Cover_T755 1.06243e-09
Cover_T756 12
Cover_T757 2
Cover_T758 32
Cover_T759 -14
Cover_T760 20
Cover_T761 -10
Cover_T762 20
Cover_T763 -10
Cover_T764 36
Cover_T765 -4
Cover_T766 26
Cover_T767 -12
Cover_T768 24
Cover_T769 -12
Cover_T770 40
Cover_T771 -14
Cover_T772 32
Cover_T773 -14
Cover_T774 36
Cover_T775 -16
Cover_T776 30
Cover_T777 -16
Cover_T778 32
Cover_T779 -18
Cover_T780 32
Cover_T781 -18
Cover_T782 34
Cover_T783 -22
Cover_T784 34
Cover_T785 -22
Cover_T786 32
Cover_T787 -38
Cover_T788 32
Cover_T789 -22
Cover_T790 34
Cover_T791 -24
Cover_T792 34
Cover_T793 -24
Cover_T794 32
Cover_T795 -28
Cover_T796 32
Cover_T797 -24
Cover_T798 48
Cover_T799 -24
Cover_T800 32
Cover_T801 -24
Cover_T802 38
Cover_T803 -46
Cover_T804 36
Cover_T805 -36
Cover_T806 40
Cover_T807 -46
Cover_T808 28
Cover_T809 -24
Cover_T810 52
Cover_T811 -42
Cover_T812 58
Cover_T813 -32
Cover_T814 56
Cover_T815 -24
Cover_T816 66
Cover_T817 -24
Cover_T818 52
Cover_T819 -34
Cover_T820 48
Cover_T821 -26
Cover_T822 68
Cover_T823 -38
Cover_T824 62
Cover_T825 -30
Cover_T826 54
Cover_T827 -36
Cover_T828 58
Cover_T829 -36
Cover_T830 66
Cover_T831 -34
Cover_T832 58
Cover_T833 -42
Cover_T834 68
Cover_T835 -42
Cover_T836 60
Cover_T837 -44
Cover_T838 58
Cover_T839 -46
Cover_T840 56
Cover_T841 8
Cover_T842 -2
Cover_T843 10
Cover_T844 -1.52251e-09
Cover_T845 4
Cover_T846 -2.04374e-09
Cover_T847 16
Cover_T848 8
Cover_T849 10
Cover_T850 0
Cover_T851 6
Cover_T852 1.11436e-09
Cover_T853 12
Cover_T854 8
Cover_T855 8
Cover_T856 16
Cover_T857 2
Cover_T858 16
Cover_T859 2
Cover_T860 1036
Cover_T861 2
Cover_T862 1024
Cover_T863 1080
Cover_T864 1026
Cover_T865 1086
Cover_T866 1038
Cover_T867 1080
Cover_T868 1036
Cover_T869 1056
Cover_T870 1038
Cover_T871 1078
Cover_T872 1038
Cover_T873 60
Cover_T874 1038
Cover_T875 60
Cover_T876 -40
Cover_T877 46
Cover_T878 -4
Cover_T879 8
Cover_T880 56
Cover_T881 -4
Cover_T882 58
Cover_T883 -28
Cover_T884 56
Cover_T885 -30
Cover_T886 10
Cover_T887 -30
Cover_T888 22
Cover_T889 14
Cover_T890 42
Cover_T891 20
Cover_T892 54
Cover_T893 10
Cover_T894 42
Cover_T895 0
Cover_T896 58
Cover_T897 0
Cover_T898 48
Cover_T899 46
Cover_T900 60
Cover_T901 34
Cover_T902 0
Cover_T903 22
Cover_T904 0
Cover_T905 26
Cover_T906 12
Cover_T907 44
Cover_T908 20
Cover_T909 30
Cover_T910 24
Cover_T911 8
Cover_T912 -18
Cover_T913 16
Cover_T914 0
Cover_T915 0
Cover_T916 0
Cover_T917 34
Cover_T918 -14
Cover_T919 18
Cover_T920 8
Cover_T921 32
Cover_T922 2
Cover_T923 28
Cover_T924 22
Cover_T925 34
Cover_T926 10
Cover_T927 34
Cover_T928 2
Cover_T929 26
Count_D0 -984
Count_D1 -1000
Max_H0_P0 0
Max_H0_P1 0
Max_H0_P2 0
Max_H0_P3 0
Max_H0_P4 0
Max_H0_P5 -2.90457e-10
Max_H0_P6 -2.04816e-10
Max_H0_P7 2.44132e-11
Max_H0_P8 0
Max_H0_P9 5.41315e-11
Max_H0_P10 0
Max_H0_P11 0
Max_H0_P12 0
Max_H0_P13 0
Max_H0_P14 0
Max_H0_P15 -1.88155e-10
Max_H0_P16 -2.91214e-10
Max_H0_P17 -1.7209e-10
Max_H0_P18 -2.4562e-10
Max_H0_P19 -3.01156e-10
Max_H0_P20 -1.60839e-10
Max_H0_P21 -5.79536e-11
Max_H0_P22 -1.07009e-10
Max_H0_P23 5.31895e-11
Max_H0_P24 6.18683e-11
Max_H0_P25 4.51433e-11
Max_H0_P26 -2.06395e-11
Max_H0_P27 3.67208e-11
Max_H0_P28 1.30486e-10
Max_H0_P29 7.4305e-11
Max_H0_P30 -1.91252e-11
Max_H0_P31 0
Max_H0_P32 -9.90929e-11
Max_H0_P33 -1.23294e-11
Max_H0_P34 -4.39684e-11
Max_H0_P35 1.37398e-10
Max_H0_P36 -4.51479e-11
Max_H0_P37 -4.74435e-11
Max_H0_P38 9.29958e-11
Max_H0_P39 -1.80582e-10
Max_H0_P40 1.70441e-10
Max_H0_P41 -1.31361e-11
Max_H0_P42 -6.44218e-11
Max_H0_P43 0
Max_H0_P44 0
Max_H0_P45 0
Max_H0_P46 0
Max_H0_P47 0
Max_H0_P48 0
Max_H0_P49 0
Max_H0_P50 0
Max_H0_P51 0
Max_H0_P52 0
Max_H0_P53 0
Max_H0_P54 0
Max_H0_P55 0
Max_H0_P56 -1.85068e-10
Max_H0_P57 0
Max_H0_P58 0
Max_H0_P59 0
Max_H0_P60 6.34914e-11
Max_H0_P61 -7.74484e-11
Max_H0_P62 -1.44145e-10
Max_H0_P63 -3.69009e-11
Max_H0_P64 1.04223e-10
Max_H0_P65 2.12999e-10
Max_H0_P66 0
Max_H0_P67 0
Max_H0_P68 0
Max_H0_P69 0
Max_H0_P70 0
Max_H0_P71 0
Max_H0_P72 0
Max_H0_P73 0
Max_H0_P74 0
Max_H0_P75 0
Max_H0_P76 0
Max_H0_P77 1.04318e-10
Max_H0_P78 0
Max_H0_P79 0
Max_H0_P80 0
Max_H0_P81 0
Max_H1_P0 0
Max_H1_P1 0
Max_H1_P2 1.41868e-10
Max_H1_P3 0
Max_H1_P4 6.09204e-11
Max_H1_P5 -3.28042e-10
Max_H1_P6 -3.30969e-10
Max_H1_P7 0
Max_H1_P8 2.07757e-10
Max_H1_P9 0
Max_H1_P10 -1.01689e-10
Max_H1_P11 0
Max_H1_P12 0
Max_H1_P13 0
Max_H1_P14 0
Max_H1_P15 -2.48448e-10
Max_H1_P16 -1.74626e-10
Max_H1_P17 -1.9732e-10
Max_H1_P18 -4.31936e-10
Max_H1_P19 -2.0141e-10
Max_H1_P20 -1.59208e-10
Max_H1_P21 -1.49252e-10
Max_H1_P22 -8.39577e-11
Max_H1_P23 9.71872e-11
Max_H1_P24 9.03347e-11
Max_H1_P25 1.34882e-10
Max_H1_P26 9.17362e-12
Max_H1_P27 1.16155e-10
Max_H1_P28 1.91903e-10
Max_H1_P29 -7.29432e-11
Max_H1_P30 1.85729e-11
Max_H1_P31 4.79299e-12
Max_H1_P32 7.91542e-11
Max_H1_P33 9.55189e-11
Max_H1_P34 -5.53575e-11
Max_H1_P35 -4.68578e-11
Max_H1_P36 -6.9973e-11
Max_H1_P37 2.41249e-11
Max_H1_P38 2.79808e-11
Max_H1_P39 1.55751e-11
Max_H1_P40 2.48997e-10
Max_H1_P41 2.15328e-13
Max_H1_P42 -1.94963e-10
Max_H1_P43 -7.76392e-11
Max_H1_P44 0
Max_H1_P45 0
Max_H1_P46 -1.81067e-10
Max_H1_P47 0
Max_H1_P48 0
Max_H1_P49 -3.70032e-11
Max_H1_P50 0
Max_H1_P51 0
Max_H1_P52 0
Max_H1_P53 0
Max_H1_P54 -8.35559e-11
Max_H1_P55 1.52909e-10
Max_H1_P56 0
Max_H1_P57 0
Max_H1_P58 -8.17326e-11
Max_H1_P59 1.96255e-10
Max_H1_P60 1.03029e-13
Max_H1_P61 -7.93793e-11
Max_H1_P62 -1.81046e-10
Max_H1_P63 -1.73657e-11
Max_H1_P64 -4.18563e-11
Max_H1_P65 2.54672e-10
Max_H1_P66 0
Max_H1_P67 0
Max_H1_P68 0
Max_H1_P69 0
Max_H1_P70 0
Max_H1_P71 0
Max_H1_P72 0
Max_H1_P73 0
Max_H1_P74 0
Max_H1_P75 0
Max_H1_P76 0
Max_H1_P77 -3.10217e-11
Max_H1_P78 1.35662e-10
Max_H1_P79 -2.13015e-10
Max_H1_P80 0
Max_H1_P81 0
