
Branch and bound

  Entire solving process        :                           (Time    853.8)
  No feasible solution was found
  Best relaxation cost          :     66846.01 (Node     0) (Time    853.8)
  Lower bound after cuts        :     66846.01
  End lower bound               :     66846.01
  Deepest level reached         : 0
  Deepest real level reached    : 0
  Number of real nodes solved   : 1
  Stopping condition            : enough nodes explored

Problem identification

  Problem                       : <null>
  Machine                       : oslo1.gerad.lan

Solving process summary

  Linear relaxations            :        1
  Column generation iterations  :      175
  Shortest paths solved         :     4615
  Columns generated             :    52004

Instance characteristics

  Resources                     : 3
  Node types                    : no
  Arc types                     : no
  Strong resource windows       : no
  Weak resource windows         : no
  Resource windows (nodes)      : 3
  Resource values (arcs)        : 3
  Values on nodes               : no

  Rows                          : 1096
  Initial columns               : 2
  Tasks                         : 934
  Strong tasks                  : 930
  Weak tasks                    : 4
  Initial task constraints      : no
  Nodes                         : 1262
  Arc sets                      : 1
  Arcs                          : 38618
  Networks                      : 2
  Models                        : 1

Memory used per module (Megs)

  Parser (reused)               :      7.999
  Networks                      :     33.662
  Column generator              :     11.866
  Master problem                :     10.547
  -----------------
  Total                         :     56.076

Cpu time per module (seconds)

  Parser                        :        0.0
  Preprocessor                  :        0.0
  Lr solver manager             :        0.2
  Column generator              :       99.0
    (Shortest path)             :       83.8
  Master problem                :      754.5
  -------------------
  Total (without b&b)           :      853.7

Real elapsed time (seconds)

  Parser                        :        0.0
  Preprocessor                  :        0.0
  Lr solver manager             :        0.3
  Column generator              :       98.9
    (Shortest path)             :       83.3
  Master problem                :      754.5
  -------------------
  Total (without b&b)           :      853.8
