
Branch and bound

  Entire solving process        :                           (Time     70.3)
  No feasible solution was found
  Best relaxation cost          :     51357.67 (Node     0) (Time     70.3)
  Lower bound after cuts        :     51357.67
  End lower bound               :     51357.67
  Deepest level reached         : 0
  Deepest real level reached    : 0
  Number of real nodes solved   : 1
  Stopping condition            : enough nodes explored

Problem identification

  Problem                       : <null>
  Machine                       : oslo5.gerad.lan

Solving process summary

  Linear relaxations            :        1
  Column generation iterations  :      108
  Shortest paths solved         :     5916
  Columns generated             :    42367

Instance characteristics

  Resources                     : 3
  Node types                    : no
  Arc types                     : no
  Strong resource windows       : no
  Weak resource windows         : no
  Resource windows (nodes)      : 3
  Resource values (arcs)        : 3
  Values on nodes               : no

  Rows                          : 813
  Initial columns               : 364
  Tasks                         : 651
  Strong tasks                  : 432
  Weak tasks                    : 4
  Initial task constraints      : no
  Nodes                         : 979
  Arc sets                      : 1
  Arcs                          : 20741
  Networks                      : 2
  Models                        : 1

Memory used per module (Megs)

  Parser (reused)               :      4.488
  Networks                      :     26.276
  Column generator              :      5.328
  Master problem                :      8.241
  -----------------
  Total                         :     39.845

Cpu time per module (seconds)

  Parser                        :        0.0
  Preprocessor                  :        0.0
  Lr solver manager             :        0.1
  Column generator              :       23.1
    (Shortest path)             :       19.5
  Master problem                :       47.2
  -------------------
  Total (without b&b)           :       70.3

Real elapsed time (seconds)

  Parser                        :        0.0
  Preprocessor                  :        0.0
  Lr solver manager             :        0.1
  Column generator              :       23.1
    (Shortest path)             :       19.4
  Master problem                :       47.2
  -------------------
  Total (without b&b)           :       70.3
