
Branch and bound

  Entire solving process        :                           (Time     63.8)
  No feasible solution was found
  Best relaxation cost          :     51566.69 (Node     0) (Time     63.8)
  Lower bound after cuts        :     51566.69
  End lower bound               :     51566.69
  Deepest level reached         : 0
  Deepest real level reached    : 0
  Number of real nodes solved   : 1
  Stopping condition            : enough nodes explored

Problem identification

  Problem                       : <null>
  Machine                       : oslo2.gerad.lan

Solving process summary

  Linear relaxations            :        1
  Column generation iterations  :      105
  Shortest paths solved         :     2769
  Columns generated             :    25534

Instance characteristics

  Resources                     : 3
  Node types                    : no
  Arc types                     : no
  Strong resource windows       : no
  Weak resource windows         : no
  Resource windows (nodes)      : 3
  Resource values (arcs)        : 3
  Values on nodes               : no

  Rows                          : 813
  Initial columns               : 2
  Tasks                         : 651
  Strong tasks                  : 647
  Weak tasks                    : 4
  Initial task constraints      : no
  Nodes                         : 979
  Arc sets                      : 1
  Arcs                          : 20741
  Networks                      : 2
  Models                        : 1

Memory used per module (Megs)

  Parser (reused)               :      4.488
  Networks                      :     23.854
  Column generator              :      9.324
  Master problem                :      8.173
  -----------------
  Total                         :     41.351

Cpu time per module (seconds)

  Parser                        :        0.0
  Preprocessor                  :        0.0
  Lr solver manager             :        0.1
  Column generator              :       14.6
    (Shortest path)             :       12.4
  Master problem                :       49.1
  -------------------
  Total (without b&b)           :       63.8

Real elapsed time (seconds)

  Parser                        :        0.0
  Preprocessor                  :        0.0
  Lr solver manager             :        0.1
  Column generator              :       14.7
    (Shortest path)             :       12.7
  Master problem                :       49.1
  -------------------
  Total (without b&b)           :       63.9
