Cover_T0 52
Cover_T1 -52
Cover_T2 52
Cover_T3 -52
Cover_T4 52
Cover_T5 -52
Cover_T6 52
Cover_T7 -52
Cover_T8 52
Cover_T9 -52
Cover_T10 52
Cover_T11 -52
Cover_T12 52
Cover_T13 -52
Cover_T14 52
Cover_T15 -52
Cover_T16 52
Cover_T17 -52
Cover_T18 52
Cover_T19 -52
Cover_T20 54
Cover_T21 -52
Cover_T22 54
Cover_T23 -50
Cover_T24 56
Cover_T25 -50
Cover_T26 56
Cover_T27 -46
Cover_T28 62
Cover_T29 -46
Cover_T30 62
Cover_T31 -42
Cover_T32 54
Cover_T33 -42
Cover_T34 62
Cover_T35 -36
Cover_T36 70
Cover_T37 -36
Cover_T38 52
Cover_T39 -30
Cover_T40 60
Cover_T41 -28
Cover_T42 52
Cover_T43 -14
Cover_T44 48
Cover_T45 44
Cover_T46 48
Cover_T47 44
Cover_T48 48
Cover_T49 36
Cover_T50 42
Cover_T51 936
Cover_T52 48
Cover_T53 948
Cover_T54 40
Cover_T55 944
Cover_T56 988
Cover_T57 948
Cover_T58 1020
Cover_T59 948
Cover_T60 1020
Cover_T61 950
Cover_T62 954
Cover_T63 950
Cover_T64 954
Cover_T65 950
Cover_T66 968
Cover_T67 950
Cover_T68 60
Cover_T69 950
Cover_T70 58
Cover_T71 950
Cover_T72 50
Cover_T73 4
Cover_T74 42
Cover_T75 -40
Cover_T76 24
Cover_T77 -40
Cover_T78 8
Cover_T79 -46
Cover_T80 4
Cover_T81 -40
Cover_T82 12
Cover_T83 -24
Cover_T84 -4
Cover_T85 -8
Cover_T86 4
Cover_T87 8
Cover_T88 12
Cover_T89 8
Cover_T90 -8
Cover_T91 6
Cover_T92 4
Cover_T93 6
Cover_T94 46
Cover_T95 6
Cover_T96 22
Cover_T97 2
Cover_T98 4
Cover_T99 -48
Cover_T100 4
Cover_T101 -24
Cover_T102 4
Cover_T103 -6
Cover_T104 46
Cover_T105 -6
Cover_T106 22
Cover_T107 -6
Cover_T108 46
Cover_T109 -48
Cover_T110 22
Cover_T111 -24
Cover_T112 6
Cover_T113 -48
Cover_T114 8
Cover_T115 -24
Cover_T116 6
Cover_T117 -1.35003e-11
Cover_T118 8
Cover_T119 0
Cover_T120 2
Cover_T121 6
Cover_T122 16
Cover_T123 0
Cover_T124 0
Cover_T125 2.40865e-11
Cover_T126 -10
Cover_T127 6
Cover_T128 -26
Cover_T129 8
Cover_T130 -42
Cover_T131 -6
Cover_T132 2
Cover_T133 10
Cover_T134 8
Cover_T135 20
Cover_T136 2
Cover_T137 36
Cover_T138 -10
Cover_T139 52
Cover_T140 -26
Cover_T141 8
Cover_T142 -42
Cover_T143 2
Cover_T144 -10
Cover_T145 8
Cover_T146 -26
Cover_T147 20
Cover_T148 -42
Cover_T149 36
Cover_T150 12
Cover_T151 52
Cover_T152 10
Cover_T153 20
Cover_T154 4
Cover_T155 36
Cover_T156 -8
Cover_T157 54
Cover_T158 -24
Cover_T159 0
Cover_T160 -40
Cover_T161 4
Cover_T162 -6
Cover_T163 10
Cover_T164 -22
Cover_T165 28
Cover_T166 -38
Cover_T167 44
Cover_T168 2
Cover_T169 64
Cover_T170 24
Cover_T171 32
Cover_T172 26
Cover_T173 50
Cover_T174 8
Cover_T175 68
Cover_T176 40
Cover_T177 34
Cover_T178 24
Cover_T179 12
Cover_T180 2
Cover_T181 22
Cover_T182 2
Cover_T183 36
Cover_T184 30
Cover_T185 2
Cover_T186 12
Cover_T187 32
Cover_T188 26
Cover_T189 48
Cover_T190 4
Cover_T191 54
Cover_T192 22
Cover_T193 20
Cover_T194 20
Cover_T195 38
Cover_T196 4
Cover_T197 26
Cover_T198 4
Cover_T199 24
Cover_T200 -2
Cover_T201 24
Cover_T202 -1.30972e-09
Cover_T203 30
Cover_T204 -14
Cover_T205 26
Cover_T206 -36
Cover_T207 34
Cover_T208 -10
Cover_T209 34
Cover_T210 -14
Cover_T211 26
Cover_T212 -12
Cover_T213 32
Cover_T214 -24
Cover_T215 52
Cover_T216 -24
Cover_T217 64
Cover_T218 -16
Cover_T219 34
Cover_T220 -16
Cover_T221 30
Cover_T222 -16
Cover_T223 28
Cover_T224 -16
Cover_T225 42
Cover_T226 -22
Cover_T227 36
Cover_T228 -20
Cover_T229 32
Cover_T230 -20
Cover_T231 30
Cover_T232 -24
Cover_T233 36
Cover_T234 -24
Cover_T235 28
Cover_T236 -24
Cover_T237 36
Cover_T238 -26
Cover_T239 30
Cover_T240 -32
Cover_T241 34
Cover_T242 -32
Cover_T243 36
Cover_T244 -34
Cover_T245 30
Cover_T246 -34
Cover_T247 32
Cover_T248 -44
Cover_T249 32
Cover_T250 -34
Cover_T251 32
Cover_T252 -34
Cover_T253 32
Cover_T254 -42
Cover_T255 46
Cover_T256 -34
Cover_T257 34
Cover_T258 -34
Cover_T259 34
Cover_T260 -40
Cover_T261 44
Cover_T262 -32
Cover_T263 64
Cover_T264 -32
Cover_T265 54
Cover_T266 -32
Cover_T267 50
Cover_T268 -32
Cover_T269 70
Cover_T270 -38
Cover_T271 54
Cover_T272 -38
Cover_T273 58
Cover_T274 -44
Cover_T275 60
Cover_T276 52
Cover_T277 -52
Cover_T278 52
Cover_T279 -52
Cover_T280 54
Cover_T281 -52
Cover_T282 54
Cover_T283 -52
Cover_T284 58
Cover_T285 -46
Cover_T286 58
Cover_T287 -46
Cover_T288 58
Cover_T289 -44
Cover_T290 58
Cover_T291 -42
Cover_T292 58
Cover_T293 -40
Cover_T294 64
Cover_T295 -40
Cover_T296 56
Cover_T297 -34
Cover_T298 52
Cover_T299 -32
Cover_T300 48
Cover_T301 -26
Cover_T302 36
Cover_T303 48
Cover_T304 38
Cover_T305 32
Cover_T306 28
Cover_T307 936
Cover_T308 38
Cover_T309 944
Cover_T310 22
Cover_T311 944
Cover_T312 950
Cover_T313 950
Cover_T314 964
Cover_T315 946
Cover_T316 50
Cover_T317 946
Cover_T318 52
Cover_T319 0
Cover_T320 54
Cover_T321 -42
Cover_T322 36
Cover_T323 -42
Cover_T324 20
Cover_T325 -48
Cover_T326 0
Cover_T327 -42
Cover_T328 2
Cover_T329 -26
Cover_T330 10
Cover_T331 -10
Cover_T332 -6
Cover_T333 6
Cover_T334 2
Cover_T335 6
Cover_T336 10
Cover_T337 -4
Cover_T338 -6
Cover_T339 12
Cover_T340 6
Cover_T341 4
Cover_T342 0
Cover_T343 -4
Cover_T344 48
Cover_T345 12
Cover_T346 32
Cover_T347 0
Cover_T348 16
Cover_T349 6
Cover_T350 6
Cover_T351 -38
Cover_T352 6
Cover_T353 -14
Cover_T354 6
Cover_T355 4
Cover_T356 48
Cover_T357 4
Cover_T358 24
Cover_T359 4
Cover_T360 48
Cover_T361 -38
Cover_T362 24
Cover_T363 -14
Cover_T364 4.54747e-13
Cover_T365 -38
Cover_T366 -7.94387e-12
Cover_T367 -14
Cover_T368 -2.12379e-11
Cover_T369 2
Cover_T370 1.9456e-11
Cover_T371 0
Cover_T372 -6.39622e-12
Cover_T373 2
Cover_T374 6
Cover_T375 0
Cover_T376 -12
Cover_T377 10
Cover_T378 -36
Cover_T379 4
Cover_T380 -7.48202e-12
Cover_T381 18
Cover_T382 6
Cover_T383 34
Cover_T384 0
Cover_T385 50
Cover_T386 -12
Cover_T387 6
Cover_T388 -28
Cover_T389 -3.87668e-12
Cover_T390 -44
Cover_T391 6
Cover_T392 -12
Cover_T393 18
Cover_T394 -28
Cover_T395 34
Cover_T396 -44
Cover_T397 50
Cover_T398 10
Cover_T399 18
Cover_T400 8
Cover_T401 34
Cover_T402 2
Cover_T403 50
Cover_T404 -10
Cover_T405 -2
Cover_T406 -26
Cover_T407 0
Cover_T408 -42
Cover_T409 6
Cover_T410 -8
Cover_T411 20
Cover_T412 -24
Cover_T413 40
Cover_T414 -40
Cover_T415 58
Cover_T416 0
Cover_T417 26
Cover_T418 22
Cover_T419 46
Cover_T420 20
Cover_T421 62
Cover_T422 6
Cover_T423 24
Cover_T424 36
Cover_T425 10
Cover_T426 14
Cover_T427 6
Cover_T428 0
Cover_T429 34
Cover_T430 -6
Cover_T431 0
Cover_T432 24
Cover_T433 14
Cover_T434 8
Cover_T435 44
Cover_T436 12
Cover_T437 46
Cover_T438 14
Cover_T439 16
Cover_T440 20
Cover_T441 32
Cover_T442 2
Cover_T443 18
Cover_T444 0
Cover_T445 24
Cover_T446 -4
Cover_T447 16
Cover_T448 -4
Cover_T449 24
Cover_T450 -2
Cover_T451 26
Cover_T452 -22
Cover_T453 24
Cover_T454 -38
Cover_T455 30
Cover_T456 -18
Cover_T457 26
Cover_T458 -18
Cover_T459 38
Cover_T460 -22
Cover_T461 58
Cover_T462 -20
Cover_T463 34
Cover_T464 -22
Cover_T465 32
Cover_T466 -22
Cover_T467 34
Cover_T468 -20
Cover_T469 36
Cover_T470 -26
Cover_T471 36
Cover_T472 -22
Cover_T473 34
Cover_T474 -20
Cover_T475 30
Cover_T476 -24
Cover_T477 34
Cover_T478 -30
Cover_T479 38
Cover_T480 -26
Cover_T481 36
Cover_T482 -24
Cover_T483 32
Cover_T484 -24
Cover_T485 34
Cover_T486 -26
Cover_T487 30
Cover_T488 -28
Cover_T489 36
Cover_T490 -26
Cover_T491 34
Cover_T492 -28
Cover_T493 34
Cover_T494 -28
Cover_T495 34
Cover_T496 -30
Cover_T497 34
Cover_T498 -30
Cover_T499 34
Cover_T500 -38
Cover_T501 34
Cover_T502 -30
Cover_T503 34
Cover_T504 -30
Cover_T505 34
Cover_T506 -34
Cover_T507 42
Cover_T508 -46
Cover_T509 58
Cover_T510 -34
Cover_T511 44
Cover_T512 -30
Cover_T513 36
Cover_T514 -32
Cover_T515 44
Cover_T516 -46
Cover_T517 56
Cover_T518 -32
Cover_T519 52
Cover_T520 -32
Cover_T521 48
Cover_T522 -32
Cover_T523 46
Cover_T524 -32
Cover_T525 62
Cover_T526 -40
Cover_T527 56
Cover_T528 -44
Cover_T529 46
Cover_T530 -40
Cover_T531 54
Cover_T532 -42
Cover_T533 58
Cover_T534 -44
Cover_T535 64
Cover_T536 -44
Cover_T537 60
Cover_T538 -50
Cover_T539 60
Cover_T540 -50
Cover_T541 56
Cover_T542 -42
Cover_T543 60
Cover_T544 -36
Cover_T545 72
Cover_T546 -38
Cover_T547 54
Cover_T548 -36
Cover_T549 56
Cover_T550 -34
Cover_T551 58
Cover_T552 -32
Cover_T553 52
Cover_T554 -34
Cover_T555 42
Cover_T556 -22
Cover_T557 50
Cover_T558 48
Cover_T559 44
Cover_T560 24
Cover_T561 44
Cover_T562 940
Cover_T563 30
Cover_T564 948
Cover_T565 992
Cover_T566 944
Cover_T567 1030
Cover_T568 950
Cover_T569 1016
Cover_T570 950
Cover_T571 948
Cover_T572 946
Cover_T573 956
Cover_T574 950
Cover_T575 50
Cover_T576 946
Cover_T577 38
Cover_T578 950
Cover_T579 22
Cover_T580 -48
Cover_T581 8
Cover_T582 -48
Cover_T583 8
Cover_T584 -46
Cover_T585 16
Cover_T586 -48
Cover_T587 0
Cover_T588 -32
Cover_T589 8
Cover_T590 -16
Cover_T591 16
Cover_T592 2.60197e-10
Cover_T593 0
Cover_T594 0
Cover_T595 12
Cover_T596 -12
Cover_T597 -5.05711e-11
Cover_T598 1.1968e-10
Cover_T599 -2
Cover_T600 12
Cover_T601 50
Cover_T602 0
Cover_T603 38
Cover_T604 -12
Cover_T605 26
Cover_T606 -2.86047e-11
Cover_T607 14
Cover_T608 12
Cover_T609 8
Cover_T610 -4
Cover_T611 -4
Cover_T612 0
Cover_T613 8
Cover_T614 10
Cover_T615 -4
Cover_T616 -42
Cover_T617 8
Cover_T618 -30
Cover_T619 -4
Cover_T620 -18
Cover_T621 50
Cover_T622 -6
Cover_T623 38
Cover_T624 0
Cover_T625 26
Cover_T626 12
Cover_T627 14
Cover_T628 0
Cover_T629 50
Cover_T630 12
Cover_T631 38
Cover_T632 0
Cover_T633 26
Cover_T634 12
Cover_T635 14
Cover_T636 -40
Cover_T637 6
Cover_T638 -24
Cover_T639 6
Cover_T640 -8
Cover_T641 4.61569e-11
Cover_T642 -40
Cover_T643 6
Cover_T644 -24
Cover_T645 6
Cover_T646 -8
Cover_T647 -2.44849e-12
Cover_T648 0
Cover_T649 -2
Cover_T650 -4.67395e-11
Cover_T651 8
Cover_T652 0
Cover_T653 -10
Cover_T654 0
Cover_T655 -34
Cover_T656 0
Cover_T657 2
Cover_T658 -6
Cover_T659 0
Cover_T660 12
Cover_T661 -10
Cover_T662 36
Cover_T663 -34
Cover_T664 0
Cover_T665 -10
Cover_T666 2
Cover_T667 -34
Cover_T668 12
Cover_T669 12
Cover_T670 36
Cover_T671 6
Cover_T672 52
Cover_T673 0
Cover_T674 20
Cover_T675 -12
Cover_T676 38
Cover_T677 -28
Cover_T678 54
Cover_T679 -44
Cover_T680 2
Cover_T681 -10
Cover_T682 2
Cover_T683 -26
Cover_T684 16
Cover_T685 -42
Cover_T686 26
Cover_T687 2
Cover_T688 44
Cover_T689 26
Cover_T690 44
Cover_T691 16
Cover_T692 66
Cover_T693 24
Cover_T694 30
Cover_T695 12
Cover_T696 46
Cover_T697 40
Cover_T698 54
Cover_T699 34
Cover_T700 72
Cover_T701 20
Cover_T702 32
Cover_T703 4
Cover_T704 22
Cover_T705 0
Cover_T706 16
Cover_T707 34
Cover_T708 16
Cover_T709 16
Cover_T710 6
Cover_T711 24
Cover_T712 24
Cover_T713 24
Cover_T714 40
Cover_T715 12
Cover_T716 46
Cover_T717 14
Cover_T718 18
Cover_T719 16
Cover_T720 34
Cover_T721 2
Cover_T722 20
Cover_T723 6.36972e-10
Cover_T724 20
Cover_T725 -4
Cover_T726 18
Cover_T727 -14
Cover_T728 22
Cover_T729 -32
Cover_T730 24
Cover_T731 -12
Cover_T732 20
Cover_T733 -8
Cover_T734 26
Cover_T735 -14
Cover_T736 18
Cover_T737 -14
Cover_T738 40
Cover_T739 -12
Cover_T740 56
Cover_T741 -18
Cover_T742 30
Cover_T743 -18
Cover_T744 30
Cover_T745 -16
Cover_T746 34
Cover_T747 -20
Cover_T748 34
Cover_T749 -22
Cover_T750 30
Cover_T751 -20
Cover_T752 36
Cover_T753 -20
Cover_T754 30
Cover_T755 -24
Cover_T756 36
Cover_T757 -24
Cover_T758 36
Cover_T759 -24
Cover_T760 36
Cover_T761 -24
Cover_T762 36
Cover_T763 -26
Cover_T764 36
Cover_T765 -26
Cover_T766 36
Cover_T767 -28
Cover_T768 30
Cover_T769 -28
Cover_T770 36
Cover_T771 -40
Cover_T772 38
Cover_T773 -30
Cover_T774 38
Cover_T775 -30
Cover_T776 38
Cover_T777 -38
Cover_T778 44
Cover_T779 -30
Cover_T780 44
Cover_T781 -30
Cover_T782 50
Cover_T783 -36
Cover_T784 44
Cover_T785 -30
Cover_T786 50
Cover_T787 -30
Cover_T788 58
Cover_T789 -36
Cover_T790 56
Cover_T791 -32
Cover_T792 56
Cover_T793 -32
Cover_T794 64
Cover_T795 -36
Cover_T796 46
Cover_T797 -40
Cover_T798 54
Cover_T799 -38
Cover_T800 54
Cover_T801 -44
Cover_T802 54
Cover_T803 -48
Cover_T804 58
Cover_T805 -46
Cover_T806 54
Cover_T807 -50
Cover_T808 56
Cover_T809 -50
Cover_T810 52
Cover_T811 10
Cover_T812 6
Cover_T813 18
Cover_T814 2
Cover_T815 10
Cover_T816 12
Cover_T817 10
Cover_T818 8
Cover_T819 16
Cover_T820 -1.58256e-11
Cover_T821 -2.89219e-10
Cover_T822 0
Cover_T823 4
Cover_T824 16
Cover_T825 0
Cover_T826 82
Cover_T827 0
Cover_T828 974
Cover_T829 948
Cover_T830 986
Cover_T831 924
Cover_T832 992
Cover_T833 1028
Cover_T834 986
Cover_T835 962
Cover_T836 990
Cover_T837 62
Cover_T838 44
Cover_T839 42
Cover_T840 60
Cover_T841 52
Cover_T842 -28
Cover_T843 52
Cover_T844 60
Cover_T845 0
Cover_T846 68
Cover_T847 -4
Cover_T848 64
Cover_T849 -28
Cover_T850 72
Cover_T851 -40
Cover_T852 34
Cover_T853 -10
Cover_T854 56
Cover_T855 0
Cover_T856 68
Cover_T857 0
Cover_T858 70
Cover_T859 0
Cover_T860 64
Cover_T861 60
Cover_T862 90
Cover_T863 58
Cover_T864 48
Cover_T865 78
Cover_T866 64
Cover_T867 62
Cover_T868 50
Cover_T869 48
Cover_T870 52
Cover_T871 64
Cover_T872 40
Cover_T873 50
Cover_T874 -6
Cover_T875 44
Cover_T876 -16
Cover_T877 0
Cover_T878 10
Cover_T879 0
Cover_T880 12
Cover_T881 34
Cover_T882 54
Count_D0 -984
Count_D1 -1000
Max_H0_P0 0
Max_H0_P1 0
Max_H0_P2 0
Max_H0_P3 0
Max_H0_P4 0
Max_H0_P5 4.43809e-11
Max_H0_P6 1.80693e-11
Max_H0_P7 -1.506e-11
Max_H0_P8 0
Max_H0_P9 0
Max_H0_P10 0
Max_H0_P11 0
Max_H0_P12 0
Max_H0_P13 0
Max_H0_P14 0
Max_H0_P15 4.34852e-12
Max_H0_P16 1.54018e-11
Max_H0_P17 0
Max_H0_P18 3.37437e-11
Max_H0_P19 -2.92355e-11
Max_H0_P20 -2.66692e-11
Max_H0_P21 5.68745e-12
Max_H0_P22 -1.85322e-11
Max_H0_P23 1.2637e-11
Max_H0_P24 6.46122e-12
Max_H0_P25 4.00817e-11
Max_H0_P26 1.12045e-11
Max_H0_P27 -1.35891e-12
Max_H0_P28 -1.72093e-11
Max_H0_P29 -1.1525e-11
Max_H0_P30 -1.26118e-11
Max_H0_P31 -3.93268e-11
Max_H0_P32 -6.36179e-13
Max_H0_P33 -9.28324e-12
Max_H0_P34 -4.60609e-12
Max_H0_P35 1.5536e-11
Max_H0_P36 -4.18616e-11
Max_H0_P37 -2.3177e-12
Max_H0_P38 -4.59366e-11
Max_H0_P39 8.2978e-12
Max_H0_P40 0
Max_H0_P41 -2.96957e-11
Max_H0_P42 0
Max_H0_P43 0
Max_H0_P44 0
Max_H0_P45 0
Max_H0_P46 0
Max_H0_P47 0
Max_H0_P48 0
Max_H0_P49 0
Max_H0_P50 0
Max_H0_P51 0
Max_H0_P52 0
Max_H0_P53 0
Max_H0_P54 0
Max_H0_P55 0
Max_H0_P56 0
Max_H0_P57 0
Max_H0_P58 0
Max_H0_P59 0
Max_H0_P60 -1.40021e-11
Max_H0_P61 0
Max_H0_P62 0
Max_H0_P63 0
Max_H0_P64 -7.05995e-11
Max_H0_P65 0
Max_H0_P66 0
Max_H0_P67 0
Max_H0_P68 0
Max_H0_P69 0
Max_H0_P70 0
Max_H0_P71 0
Max_H0_P72 0
Max_H0_P73 0
Max_H0_P74 0
Max_H0_P75 0
Max_H0_P76 0
Max_H0_P77 -2.45476e-11
Max_H0_P78 -3.2685e-12
Max_H0_P79 0
Max_H0_P80 0
Max_H0_P81 0
Max_H1_P0 0
Max_H1_P1 0
Max_H1_P2 0
Max_H1_P3 0
Max_H1_P4 2.84235e-11
Max_H1_P5 2.88653e-11
Max_H1_P6 4.87432e-12
Max_H1_P7 0
Max_H1_P8 0
Max_H1_P9 0
Max_H1_P10 0
Max_H1_P11 0
Max_H1_P12 0
Max_H1_P13 0
Max_H1_P14 0
Max_H1_P15 0
Max_H1_P16 3.49204e-12
Max_H1_P17 2.6167e-11
Max_H1_P18 3.61327e-11
Max_H1_P19 -6.08463e-11
Max_H1_P20 -1.6624e-11
Max_H1_P21 -7.67398e-12
Max_H1_P22 1.57385e-12
Max_H1_P23 -1.50004e-11
Max_H1_P24 -1.11555e-11
Max_H1_P25 6.06683e-12
Max_H1_P26 7.84385e-12
Max_H1_P27 1.81097e-11
Max_H1_P28 -2.19608e-11
Max_H1_P29 9.18021e-12
Max_H1_P30 -4.03851e-11
Max_H1_P31 -2.21556e-11
Max_H1_P32 -9.49285e-12
Max_H1_P33 -1.77578e-11
Max_H1_P34 -1.86995e-11
Max_H1_P35 1.73763e-11
Max_H1_P36 -4.99312e-11
Max_H1_P37 -1.83369e-11
Max_H1_P38 -3.3026e-11
Max_H1_P39 6.93134e-12
Max_H1_P40 -1.73397e-11
Max_H1_P41 -1.58353e-11
Max_H1_P42 9.99023e-12
Max_H1_P43 -7.17471e-12
Max_H1_P44 0
Max_H1_P45 0
Max_H1_P46 0
Max_H1_P47 0
Max_H1_P48 0
Max_H1_P49 0
Max_H1_P50 0
Max_H1_P51 0
Max_H1_P52 -3.36655e-11
Max_H1_P53 -1.8088e-11
Max_H1_P54 0
Max_H1_P55 0
Max_H1_P56 0
Max_H1_P57 0
Max_H1_P58 0
Max_H1_P59 0
Max_H1_P60 0
Max_H1_P61 1.20153e-11
Max_H1_P62 -6.22693e-12
Max_H1_P63 4.43379e-12
Max_H1_P64 -5.65876e-11
Max_H1_P65 -3.17707e-11
Max_H1_P66 0
Max_H1_P67 0
Max_H1_P68 0
Max_H1_P69 0
Max_H1_P70 0
Max_H1_P71 0
Max_H1_P72 0
Max_H1_P73 0
Max_H1_P74 0
Max_H1_P75 0
Max_H1_P76 2.04134e-11
Max_H1_P77 -7.78417e-11
Max_H1_P78 -2.58211e-11
Max_H1_P79 0
Max_H1_P80 5.41078e-11
Max_H1_P81 0
