
Branch and bound

  Entire solving process        :                           (Time   5222.9)
  No feasible solution was found
  Best relaxation cost          :     54044.68 (Node     0) (Time   5222.9)
  Lower bound after cuts        :     54044.68
  End lower bound               :     54044.68
  Deepest level reached         : 0
  Deepest real level reached    : 0
  Number of real nodes solved   : 1
  Stopping condition            : enough nodes explored

Problem identification

  Problem                       : <null>
  Machine                       : oslo1.gerad.lan

Solving process summary

  Linear relaxations            :        1
  Column generation iterations  :      484
  Shortest paths solved         :     8410
  Columns generated             :    90226

Instance characteristics

  Resources                     : 3
  Node types                    : no
  Arc types                     : no
  Strong resource windows       : no
  Weak resource windows         : no
  Resource windows (nodes)      : 3
  Resource values (arcs)        : 3
  Values on nodes               : no

  Rows                          : 1049
  Initial columns               : 2
  Tasks                         : 887
  Strong tasks                  : 883
  Weak tasks                    : 4
  Initial task constraints      : no
  Nodes                         : 1215
  Arc sets                      : 1
  Arcs                          : 35274
  Networks                      : 2
  Models                        : 1

Memory used per module (Megs)

  Parser (reused)               :      7.394
  Networks                      :     32.451
  Column generator              :     14.530
  Master problem                :     10.411
  -----------------
  Total                         :     57.393

Cpu time per module (seconds)

  Parser                        :        0.0
  Preprocessor                  :        0.0
  Lr solver manager             :        0.6
  Column generator              :      293.9
    (Shortest path)             :      269.7
  Master problem                :     4928.3
  -------------------
  Total (without b&b)           :     5222.9

Real elapsed time (seconds)

  Parser                        :        0.0
  Preprocessor                  :        0.0
  Lr solver manager             :        0.6
  Column generator              :      293.9
    (Shortest path)             :      269.2
  Master problem                :     4928.3
  -------------------
  Total (without b&b)           :     5222.9
