Cover_T0 52
Cover_T1 -52
Cover_T2 52
Cover_T3 -52
Cover_T4 52
Cover_T5 -52
Cover_T6 52
Cover_T7 -52
Cover_T8 52
Cover_T9 -52
Cover_T10 52
Cover_T11 -52
Cover_T12 52
Cover_T13 -52
Cover_T14 52
Cover_T15 -52
Cover_T16 52
Cover_T17 -52
Cover_T18 52
Cover_T19 -52
Cover_T20 52
Cover_T21 -52
Cover_T22 52
Cover_T23 -52
Cover_T24 54
Cover_T25 -52
Cover_T26 52
Cover_T27 -46
Cover_T28 58
Cover_T29 -46
Cover_T30 56
Cover_T31 -48
Cover_T32 56
Cover_T33 -48
Cover_T34 56
Cover_T35 -42
Cover_T36 56
Cover_T37 -42
Cover_T38 56
Cover_T39 -42
Cover_T40 54
Cover_T41 -42
Cover_T42 56
Cover_T43 -42
Cover_T44 56
Cover_T45 -38
Cover_T46 52
Cover_T47 -38
Cover_T48 46
Cover_T49 -26
Cover_T50 50
Cover_T51 -38
Cover_T52 56
Cover_T53 6
Cover_T54 52
Cover_T55 984
Cover_T56 48
Cover_T57 988
Cover_T58 982
Cover_T59 988
Cover_T60 1030
Cover_T61 992
Cover_T62 1042
Cover_T63 986
Cover_T64 994
Cover_T65 990
Cover_T66 12
Cover_T67 990
Cover_T68 12
Cover_T69 56
Cover_T70 10
Cover_T71 3.19957e-10
Cover_T72 2
Cover_T73 -4
Cover_T74 6
Cover_T75 -4
Cover_T76 8
Cover_T77 2.05027e-10
Cover_T78 2
Cover_T79 4
Cover_T80 0
Cover_T81 8
Cover_T82 6
Cover_T83 4
Cover_T84 4
Cover_T85 -4
Cover_T86 2
Cover_T87 6
Cover_T88 0
Cover_T89 4.97237e-10
Cover_T90 0
Cover_T91 -4
Cover_T92 -18
Cover_T93 0
Cover_T94 -42
Cover_T95 4
Cover_T96 6
Cover_T97 4
Cover_T98 6
Cover_T99 20
Cover_T100 -10
Cover_T101 36
Cover_T102 -10
Cover_T103 52
Cover_T104 -26
Cover_T105 4
Cover_T106 -42
Cover_T107 4
Cover_T108 4
Cover_T109 20
Cover_T110 4
Cover_T111 20
Cover_T112 4
Cover_T113 36
Cover_T114 4
Cover_T115 52
Cover_T116 4
Cover_T117 6
Cover_T118 4
Cover_T119 6
Cover_T120 0
Cover_T121 6
Cover_T122 4
Cover_T123 6
Cover_T124 4
Cover_T125 6
Cover_T126 0
Cover_T127 6
Cover_T128 4
Cover_T129 10
Cover_T130 0
Cover_T131 6
Cover_T132 0
Cover_T133 6
Cover_T134 4
Cover_T135 10
Cover_T136 0
Cover_T137 6
Cover_T138 4
Cover_T139 10
Cover_T140 -2
Cover_T141 10
Cover_T142 4
Cover_T143 6
Cover_T144 -8
Cover_T145 10
Cover_T146 -24
Cover_T147 6
Cover_T148 -40
Cover_T149 12
Cover_T150 -8
Cover_T151 6
Cover_T152 -24
Cover_T153 18
Cover_T154 -40
Cover_T155 34
Cover_T156 0
Cover_T157 50
Cover_T158 4
Cover_T159 18
Cover_T160 -12
Cover_T161 34
Cover_T162 -8
Cover_T163 50
Cover_T164 -24
Cover_T165 10
Cover_T166 -40
Cover_T167 6
Cover_T168 -4
Cover_T169 22
Cover_T170 -24
Cover_T171 26
Cover_T172 0
Cover_T173 52
Cover_T174 2
Cover_T175 24
Cover_T176 6
Cover_T177 2
Cover_T178 6.20197e-11
Cover_T179 7.8994e-09
Cover_T180 8
Cover_T181 2
Cover_T182 4
Cover_T183 2
Cover_T184 6
Cover_T185 2
Cover_T186 -10
Cover_T187 8
Cover_T188 4
Cover_T189 12
Cover_T190 4
Cover_T191 16
Cover_T192 2
Cover_T193 12
Cover_T194 2
Cover_T195 28
Cover_T196 2
Cover_T197 12
Cover_T198 -14
Cover_T199 8
Cover_T200 -2
Cover_T201 14
Cover_T202 -2
Cover_T203 12
Cover_T204 -18
Cover_T205 14
Cover_T206 -2
Cover_T207 32
Cover_T208 -2
Cover_T209 12
Cover_T210 -18
Cover_T211 18
Cover_T212 -2
Cover_T213 34
Cover_T214 -2
Cover_T215 16
Cover_T216 -2
Cover_T217 22
Cover_T218 -4
Cover_T219 38
Cover_T220 -4
Cover_T221 26
Cover_T222 -8
Cover_T223 20
Cover_T224 -6
Cover_T225 20
Cover_T226 -8
Cover_T227 20
Cover_T228 -10
Cover_T229 16
Cover_T230 -14
Cover_T231 20
Cover_T232 -22
Cover_T233 20
Cover_T234 -38
Cover_T235 16
Cover_T236 -18
Cover_T237 30
Cover_T238 -26
Cover_T239 28
Cover_T240 -42
Cover_T241 42
Cover_T242 -18
Cover_T243 58
Cover_T244 -18
Cover_T245 34
Cover_T246 -34
Cover_T247 44
Cover_T248 -20
Cover_T249 64
Cover_T250 -18
Cover_T251 40
Cover_T252 -36
Cover_T253 42
Cover_T254 -20
Cover_T255 62
Cover_T256 -24
Cover_T257 46
Cover_T258 -34
Cover_T259 50
Cover_T260 -26
Cover_T261 64
Cover_T262 -26
Cover_T263 52
Cover_T264 -32
Cover_T265 46
Cover_T266 -32
Cover_T267 66
Cover_T268 -32
Cover_T269 56
Cover_T270 -38
Cover_T271 48
Cover_T272 -38
Cover_T273 54
Cover_T274 -40
Cover_T275 62
Cover_T276 -38
Cover_T277 64
Cover_T278 -40
Cover_T279 64
Cover_T280 -40
Cover_T281 64
Cover_T282 -46
Cover_T283 64
Cover_T284 -46
Cover_T285 52
Cover_T286 -52
Cover_T287 52
Cover_T288 -52
Cover_T289 52
Cover_T290 -52
Cover_T291 52
Cover_T292 -52
Cover_T293 56
Cover_T294 -46
Cover_T295 56
Cover_T296 -48
Cover_T297 52
Cover_T298 -46
Cover_T299 60
Cover_T300 -46
Cover_T301 56
Cover_T302 -42
Cover_T303 52
Cover_T304 -42
Cover_T305 56
Cover_T306 -44
Cover_T307 50
Cover_T308 -40
Cover_T309 48
Cover_T310 -20
Cover_T311 46
Cover_T312 -28
Cover_T313 50
Cover_T314 -38
Cover_T315 56
Cover_T316 12
Cover_T317 48
Cover_T318 4
Cover_T319 48
Cover_T320 982
Cover_T321 40
Cover_T322 990
Cover_T323 24
Cover_T324 990
Cover_T325 970
Cover_T326 984
Cover_T327 1038
Cover_T328 976
Cover_T329 986
Cover_T330 988
Cover_T331 998
Cover_T332 988
Cover_T333 16
Cover_T334 992
Cover_T335 12
Cover_T336 992
Cover_T337 12
Cover_T338 54
Cover_T339 10
Cover_T340 -6
Cover_T341 10
Cover_T342 -2
Cover_T343 6
Cover_T344 -2
Cover_T345 8
Cover_T346 -6
Cover_T347 8
Cover_T348 -2
Cover_T349 4
Cover_T350 2
Cover_T351 2
Cover_T352 -2
Cover_T353 8
Cover_T354 -2
Cover_T355 0
Cover_T356 2
Cover_T357 0
Cover_T358 4
Cover_T359 0
Cover_T360 -2
Cover_T361 -5.01302e-11
Cover_T362 0
Cover_T363 0
Cover_T364 6
Cover_T365 -1.45176e-09
Cover_T366 6
Cover_T367 -16
Cover_T368 4
Cover_T369 -32
Cover_T370 -8.93845e-11
Cover_T371 8
Cover_T372 18
Cover_T373 -5.32125e-11
Cover_T374 42
Cover_T375 -8
Cover_T376 2
Cover_T377 -32
Cover_T378 10
Cover_T379 6
Cover_T380 14
Cover_T381 6
Cover_T382 30
Cover_T383 6
Cover_T384 46
Cover_T385 6
Cover_T386 -1.39793e-10
Cover_T387 6
Cover_T388 -9.70886e-11
Cover_T389 6
Cover_T390 0
Cover_T391 2
Cover_T392 0
Cover_T393 6
Cover_T394 -4.17444e-12
Cover_T395 6
Cover_T396 0
Cover_T397 2
Cover_T398 4
Cover_T399 6
Cover_T400 0
Cover_T401 2
Cover_T402 0
Cover_T403 2
Cover_T404 4
Cover_T405 6
Cover_T406 0
Cover_T407 2
Cover_T408 4
Cover_T409 6
Cover_T410 4
Cover_T411 1.51221e-11
Cover_T412 -4.36183e-11
Cover_T413 6
Cover_T414 4
Cover_T415 -6
Cover_T416 0
Cover_T417 -22
Cover_T418 6
Cover_T419 -38
Cover_T420 0
Cover_T421 -6
Cover_T422 12
Cover_T423 -22
Cover_T424 28
Cover_T425 -38
Cover_T426 44
Cover_T427 2
Cover_T428 12
Cover_T429 6
Cover_T430 28
Cover_T431 -10
Cover_T432 44
Cover_T433 -6
Cover_T434 4
Cover_T435 -22
Cover_T436 -6.98286e-11
Cover_T437 -38
Cover_T438 16
Cover_T439 -2
Cover_T440 12
Cover_T441 -18
Cover_T442 28
Cover_T443 8
Cover_T444 44
Cover_T445 8
Cover_T446 10
Cover_T447 8
Cover_T448 26
Cover_T449 8
Cover_T450 0
Cover_T451 8
Cover_T452 2
Cover_T453 6
Cover_T454 4
Cover_T455 0
Cover_T456 6.20988e-09
Cover_T457 0
Cover_T458 8
Cover_T459 -6
Cover_T460 6
Cover_T461 2
Cover_T462 18
Cover_T463 -2
Cover_T464 22
Cover_T465 -2
Cover_T466 14
Cover_T467 -12
Cover_T468 8
Cover_T469 -4
Cover_T470 16
Cover_T471 -12
Cover_T472 24
Cover_T473 -4
Cover_T474 18
Cover_T475 -12
Cover_T476 28
Cover_T477 -4
Cover_T478 24
Cover_T479 -6
Cover_T480 32
Cover_T481 -4
Cover_T482 24
Cover_T483 -6
Cover_T484 20
Cover_T485 -8
Cover_T486 18
Cover_T487 -8
Cover_T488 20
Cover_T489 -12
Cover_T490 20
Cover_T491 -12
Cover_T492 20
Cover_T493 -20
Cover_T494 20
Cover_T495 -36
Cover_T496 22
Cover_T497 -16
Cover_T498 24
Cover_T499 -24
Cover_T500 30
Cover_T501 -36
Cover_T502 44
Cover_T503 -48
Cover_T504 54
Cover_T505 -20
Cover_T506 30
Cover_T507 -16
Cover_T508 36
Cover_T509 -28
Cover_T510 44
Cover_T511 -40
Cover_T512 58
Cover_T513 -20
Cover_T514 36
Cover_T515 -18
Cover_T516 34
Cover_T517 -34
Cover_T518 42
Cover_T519 -42
Cover_T520 54
Cover_T521 -26
Cover_T522 42
Cover_T523 -24
Cover_T524 40
Cover_T525 -34
Cover_T526 48
Cover_T527 -42
Cover_T528 62
Cover_T529 -28
Cover_T530 44
Cover_T531 -30
Cover_T532 44
Cover_T533 -34
Cover_T534 48
Cover_T535 -30
Cover_T536 58
Cover_T537 -34
Cover_T538 52
Cover_T539 -32
Cover_T540 52
Cover_T541 -36
Cover_T542 56
Cover_T543 -36
Cover_T544 58
Cover_T545 -40
Cover_T546 58
Cover_T547 -40
Cover_T548 58
Cover_T549 -44
Cover_T550 58
Cover_T551 -46
Cover_T552 58
Cover_T553 -46
Cover_T554 56
Cover_T555 60
Cover_T556 -46
Cover_T557 58
Cover_T558 -42
Cover_T559 58
Cover_T560 -46
Cover_T561 54
Cover_T562 -44
Cover_T563 60
Cover_T564 -42
Cover_T565 52
Cover_T566 -42
Cover_T567 54
Cover_T568 -34
Cover_T569 54
Cover_T570 -22
Cover_T571 48
Cover_T572 -34
Cover_T573 58
Cover_T574 10
Cover_T575 48
Cover_T576 984
Cover_T577 44
Cover_T578 984
Cover_T579 48
Cover_T580 990
Cover_T581 48
Cover_T582 988
Cover_T583 974
Cover_T584 990
Cover_T585 1034
Cover_T586 992
Cover_T587 1034
Cover_T588 992
Cover_T589 1022
Cover_T590 992
Cover_T591 1030
Cover_T592 990
Cover_T593 1038
Cover_T594 984
Cover_T595 990
Cover_T596 992
Cover_T597 16
Cover_T598 992
Cover_T599 4
Cover_T600 988
Cover_T601 6
Cover_T602 992
Cover_T603 2.81352e-09
Cover_T604 58
Cover_T605 2
Cover_T606 2
Cover_T607 0
Cover_T608 -2
Cover_T609 1.42845e-09
Cover_T610 -2
Cover_T611 8
Cover_T612 2
Cover_T613 -6
Cover_T614 6
Cover_T615 6
Cover_T616 10
Cover_T617 6
Cover_T618 6
Cover_T619 4
Cover_T620 6
Cover_T621 6
Cover_T622 0
Cover_T623 6
Cover_T624 12
Cover_T625 2
Cover_T626 0
Cover_T627 -8
Cover_T628 0
Cover_T629 -24
Cover_T630 2
Cover_T631 -40
Cover_T632 0
Cover_T633 8
Cover_T634 0
Cover_T635 8
Cover_T636 4
Cover_T637 -8
Cover_T638 14
Cover_T639 -8
Cover_T640 30
Cover_T641 -24
Cover_T642 46
Cover_T643 -40
Cover_T644 -2
Cover_T645 6
Cover_T646 -2
Cover_T647 6
Cover_T648 14
Cover_T649 6
Cover_T650 14
Cover_T651 6
Cover_T652 30
Cover_T653 6
Cover_T654 46
Cover_T655 6
Cover_T656 0
Cover_T657 2
Cover_T658 0
Cover_T659 6
Cover_T660 -1.1932e-11
Cover_T661 6
Cover_T662 -1.03592e-10
Cover_T663 2
Cover_T664 0
Cover_T665 6
Cover_T666 5.98952e-11
Cover_T667 2
Cover_T668 4
Cover_T669 2
Cover_T670 3.86908e-11
Cover_T671 6
Cover_T672 -2.05915e-11
Cover_T673 2
Cover_T674 4
Cover_T675 6
Cover_T676 4.9261e-11
Cover_T677 0
Cover_T678 4
Cover_T679 6
Cover_T680 4
Cover_T681 -6
Cover_T682 0
Cover_T683 -22
Cover_T684 4
Cover_T685 -38
Cover_T686 2.48974e-11
Cover_T687 -6
Cover_T688 6
Cover_T689 -22
Cover_T690 3.42583e-11
Cover_T691 -38
Cover_T692 12
Cover_T693 2
Cover_T694 28
Cover_T695 8
Cover_T696 40
Cover_T697 -4
Cover_T698 52
Cover_T699 -16
Cover_T700 16
Cover_T701 -8
Cover_T702 28
Cover_T703 -20
Cover_T704 40
Cover_T705 -32
Cover_T706 52
Cover_T707 -44
Cover_T708 8
Cover_T709 -4
Cover_T710 -9.26049e-11
Cover_T711 -16
Cover_T712 12
Cover_T713 8
Cover_T714 24
Cover_T715 4
Cover_T716 12
Cover_T717 0
Cover_T718 22
Cover_T719 4
Cover_T720 30
Cover_T721 8
Cover_T722 38
Cover_T723 4
Cover_T724 46
Cover_T725 8
Cover_T726 56
Cover_T727 4
Cover_T728 10
Cover_T729 8
Cover_T730 20
Cover_T731 4
Cover_T732 28
Cover_T733 8
Cover_T734 2
Cover_T735 4
Cover_T736 4
Cover_T737 8
Cover_T738 6
Cover_T739 2
Cover_T740 4
Cover_T741 4
Cover_T742 6.34485e-09
Cover_T743 -2
Cover_T744 4
Cover_T745 -2
Cover_T746 8
Cover_T747 2
Cover_T748 8
Cover_T749 -16
Cover_T750 8
Cover_T751 -4.00853e-11
Cover_T752 10
Cover_T753 4
Cover_T754 14
Cover_T755 -2
Cover_T756 18
Cover_T757 -4
Cover_T758 14
Cover_T759 -4
Cover_T760 30
Cover_T761 -20
Cover_T762 16
Cover_T763 -4
Cover_T764 10
Cover_T765 -8
Cover_T766 16
Cover_T767 -24
Cover_T768 16
Cover_T769 -8
Cover_T770 18
Cover_T771 -8
Cover_T772 36
Cover_T773 -24
Cover_T774 18
Cover_T775 -8
Cover_T776 24
Cover_T777 -2
Cover_T778 38
Cover_T779 -2
Cover_T780 24
Cover_T781 -2
Cover_T782 24
Cover_T783 -4
Cover_T784 44
Cover_T785 -4
Cover_T786 28
Cover_T787 -6
Cover_T788 22
Cover_T789 -6
Cover_T790 16
Cover_T791 -8
Cover_T792 18
Cover_T793 -28
Cover_T794 16
Cover_T795 -12
Cover_T796 20
Cover_T797 -32
Cover_T798 20
Cover_T799 -16
Cover_T800 36
Cover_T801 -16
Cover_T802 54
Cover_T803 -32
Cover_T804 30
Cover_T805 -16
Cover_T806 44
Cover_T807 -16
Cover_T808 60
Cover_T809 -34
Cover_T810 36
Cover_T811 -18
Cover_T812 42
Cover_T813 -18
Cover_T814 58
Cover_T815 -32
Cover_T816 44
Cover_T817 -24
Cover_T818 44
Cover_T819 -24
Cover_T820 62
Cover_T821 -26
Cover_T822 46
Cover_T823 -30
Cover_T824 52
Cover_T825 -30
Cover_T826 62
Cover_T827 -34
Cover_T828 56
Cover_T829 -32
Cover_T830 58
Cover_T831 -36
Cover_T832 58
Cover_T833 -36
Cover_T834 58
Cover_T835 -40
Cover_T836 58
Cover_T837 -40
Cover_T838 58
Cover_T839 -44
Cover_T840 58
Cover_T841 -46
Cover_T842 58
Cover_T843 -46
Cover_T844 56
Cover_T845 10
Cover_T846 -7.17364e-11
Cover_T847 18
Cover_T848 2
Cover_T849 4
Cover_T850 0
Cover_T851 8
Cover_T852 6
Cover_T853 30
Cover_T854 -4
Cover_T855 10
Cover_T856 0
Cover_T857 0
Cover_T858 22
Cover_T859 6
Cover_T860 2
Cover_T861 4
Cover_T862 46
Cover_T863 12
Cover_T864 1018
Cover_T865 8.53818e-10
Cover_T866 1030
Cover_T867 1080
Cover_T868 1036
Cover_T869 1056
Cover_T870 1038
Cover_T871 1080
Cover_T872 1040
Cover_T873 1036
Cover_T874 1040
Cover_T875 46
Cover_T876 1028
Cover_T877 54
Cover_T878 1040
Cover_T879 46
Cover_T880 -34
Cover_T881 54
Cover_T882 -34
Cover_T883 52
Cover_T884 -22
Cover_T885 52
Cover_T886 52
Cover_T887 0
Cover_T888 54
Cover_T889 -32
Cover_T890 56
Cover_T891 22
Cover_T892 24
Cover_T893 0
Cover_T894 38
Cover_T895 10
Cover_T896 58
Cover_T897 0
Cover_T898 58
Cover_T899 0
Cover_T900 0
Cover_T901 52
Cover_T902 8
Cover_T903 36
Cover_T904 0
Cover_T905 48
Cover_T906 8
Cover_T907 32
Cover_T908 16
Cover_T909 18
Cover_T910 -14
Cover_T911 -22
Cover_T912 -12
Cover_T913 0
Cover_T914 10
Cover_T915 0
Cover_T916 38
Cover_T917 0
Cover_T918 62
Cover_T919 46
Cover_T920 28
Cover_T921 42
Cover_T922 26
Cover_T923 42
Cover_T924 26
Count_D0 -984
Count_D1 -1000
Max_H0_P0 0
Max_H0_P1 0
Max_H0_P2 0
Max_H0_P3 0
Max_H0_P4 4.43983e-11
Max_H0_P5 -3.93415e-11
Max_H0_P6 -1.9952e-11
Max_H0_P7 0
Max_H0_P8 0
Max_H0_P9 0
Max_H0_P10 0
Max_H0_P11 0
Max_H0_P12 0
Max_H0_P13 0
Max_H0_P14 0
Max_H0_P15 0
Max_H0_P16 -1.3796e-10
Max_H0_P17 -5.67121e-10
Max_H0_P18 -2.4329e-11
Max_H0_P19 -1.71005e-11
Max_H0_P20 -5.24345e-11
Max_H0_P21 5.88329e-12
Max_H0_P22 -3.84788e-11
Max_H0_P23 -4.9007e-11
Max_H0_P24 -5.22178e-11
Max_H0_P25 -2.31752e-11
Max_H0_P26 -1.79001e-11
Max_H0_P27 -7.64526e-11
Max_H0_P28 1.70015e-11
Max_H0_P29 1.24432e-11
Max_H0_P30 3.65752e-11
Max_H0_P31 -3.08568e-11
Max_H0_P32 -5.39249e-11
Max_H0_P33 -2.07905e-11
Max_H0_P34 -6.74493e-11
Max_H0_P35 -7.05103e-11
Max_H0_P36 -1.68939e-11
Max_H0_P37 -3.89281e-12
Max_H0_P38 -7.69429e-12
Max_H0_P39 3.01159e-11
Max_H0_P40 -6.32189e-11
Max_H0_P41 -2.44555e-11
Max_H0_P42 -4.14424e-11
Max_H0_P43 0
Max_H0_P44 0
Max_H0_P45 0
Max_H0_P46 0
Max_H0_P47 0
Max_H0_P48 0
Max_H0_P49 0
Max_H0_P50 0
Max_H0_P51 0
Max_H0_P52 0
Max_H0_P53 0
Max_H0_P54 -2
Max_H0_P55 0
Max_H0_P56 0
Max_H0_P57 0
Max_H0_P58 0
Max_H0_P59 0
Max_H0_P60 -5.28901e-11
Max_H0_P61 0
Max_H0_P62 3.52608e-11
Max_H0_P63 0
Max_H0_P64 0
Max_H0_P65 0
Max_H0_P66 0
Max_H0_P67 0
Max_H0_P68 0
Max_H0_P69 0
Max_H0_P70 0
Max_H0_P71 0
Max_H0_P72 0
Max_H0_P73 0
Max_H0_P74 0
Max_H0_P75 0
Max_H0_P76 4.0177e-11
Max_H0_P77 -4.38152e-11
Max_H0_P78 0
Max_H0_P79 0
Max_H0_P80 0
Max_H0_P81 0
Max_H1_P0 0
Max_H1_P1 0
Max_H1_P2 0
Max_H1_P3 5.12305e-11
Max_H1_P4 -4.32824e-11
Max_H1_P5 -1.27685e-11
Max_H1_P6 -3.40661e-11
Max_H1_P7 0
Max_H1_P8 0
Max_H1_P9 0
Max_H1_P10 0
Max_H1_P11 0
Max_H1_P12 0
Max_H1_P13 0
Max_H1_P14 0
Max_H1_P15 0
Max_H1_P16 -1.60617e-10
Max_H1_P17 -6.25875e-10
Max_H1_P18 -6.60894e-12
Max_H1_P19 -4.27933e-11
Max_H1_P20 -3.43636e-11
Max_H1_P21 2.60059e-11
Max_H1_P22 -4.74643e-11
Max_H1_P23 -6.44924e-11
Max_H1_P24 -3.01675e-11
Max_H1_P25 -3.53566e-11
Max_H1_P26 -5.44197e-11
Max_H1_P27 -1.03718e-10
Max_H1_P28 4.04707e-11
Max_H1_P29 -8.01137e-12
Max_H1_P30 -9.51453e-12
Max_H1_P31 -6.58569e-11
Max_H1_P32 -1.06881e-10
Max_H1_P33 -4.25583e-11
Max_H1_P34 -7.60575e-11
Max_H1_P35 -8.9489e-11
Max_H1_P36 -3.75868e-11
Max_H1_P37 3.5924e-11
Max_H1_P38 -5.34328e-12
Max_H1_P39 8.49063e-11
Max_H1_P40 -6.1596e-11
Max_H1_P41 -3.44471e-11
Max_H1_P42 -5.13904e-11
Max_H1_P43 0
Max_H1_P44 0
Max_H1_P45 -7.67852e-11
Max_H1_P46 0
Max_H1_P47 -5.96989e-12
Max_H1_P48 0
Max_H1_P49 6.83826e-11
Max_H1_P50 4.61637e-11
Max_H1_P51 -6.88853e-11
Max_H1_P52 6.25609e-12
Max_H1_P53 6.26632e-12
Max_H1_P54 -2
Max_H1_P55 0
Max_H1_P56 0
Max_H1_P57 2.50964e-11
Max_H1_P58 0
Max_H1_P59 0
Max_H1_P60 0
Max_H1_P61 7.9492e-12
Max_H1_P62 0
Max_H1_P63 0
Max_H1_P64 0
Max_H1_P65 0
Max_H1_P66 -5.1898e-11
Max_H1_P67 0
Max_H1_P68 0
Max_H1_P69 0
Max_H1_P70 0
Max_H1_P71 2.96746e-11
Max_H1_P72 0
Max_H1_P73 0
Max_H1_P74 0
Max_H1_P75 0
Max_H1_P76 0
Max_H1_P77 -1.61924e-11
Max_H1_P78 8.71072e-11
Max_H1_P79 -4.4128e-11
Max_H1_P80 0
Max_H1_P81 0
