
Branch and bound

  Entire solving process        :                           (Time    722.5)
  No feasible solution was found
  Best relaxation cost          :     63476.34 (Node     0) (Time    722.5)
  Lower bound after cuts        :     63476.34
  End lower bound               :     63476.34
  Deepest level reached         : 0
  Deepest real level reached    : 0
  Number of real nodes solved   : 1
  Stopping condition            : enough nodes explored

Problem identification

  Problem                       : <null>
  Machine                       : oslo1.gerad.lan

Solving process summary

  Linear relaxations            :        1
  Column generation iterations  :      210
  Shortest paths solved         :     9703
  Columns generated             :    75394

Instance characteristics

  Resources                     : 3
  Node types                    : no
  Arc types                     : no
  Strong resource windows       : no
  Weak resource windows         : no
  Resource windows (nodes)      : 3
  Resource values (arcs)        : 3
  Values on nodes               : no

  Rows                          : 1091
  Initial columns               : 441
  Tasks                         : 929
  Strong tasks                  : 659
  Weak tasks                    : 4
  Initial task constraints      : no
  Nodes                         : 1257
  Arc sets                      : 1
  Arcs                          : 37786
  Networks                      : 2
  Models                        : 1

Memory used per module (Megs)

  Parser (reused)               :      7.878
  Networks                      :     35.841
  Column generator              :     16.952
  Master problem                :     10.683
  -----------------
  Total                         :     63.477

Cpu time per module (seconds)

  Parser                        :        0.0
  Preprocessor                  :        0.0
  Lr solver manager             :        0.2
  Column generator              :      164.3
    (Shortest path)             :      147.6
  Master problem                :      558.0
  -------------------
  Total (without b&b)           :      722.5

Real elapsed time (seconds)

  Parser                        :        0.0
  Preprocessor                  :        0.0
  Lr solver manager             :        0.2
  Column generator              :      164.3
    (Shortest path)             :      146.7
  Master problem                :      558.1
  -------------------
  Total (without b&b)           :      722.5
