
Branch and bound

  Entire solving process        :                           (Time   1631.1)
  No feasible solution was found
  Best relaxation cost          :     63608.41 (Node     0) (Time   1631.0)
  Lower bound after cuts        :     63608.41
  End lower bound               :     63608.41
  Deepest level reached         : 0
  Deepest real level reached    : 0
  Number of real nodes solved   : 1
  Stopping condition            : enough nodes explored

Problem identification

  Problem                       : <null>
  Machine                       : oslo3.gerad.lan

Solving process summary

  Linear relaxations            :        1
  Column generation iterations  :      274
  Shortest paths solved         :     5773
  Columns generated             :    64692

Instance characteristics

  Resources                     : 3
  Node types                    : no
  Arc types                     : no
  Strong resource windows       : no
  Weak resource windows         : no
  Resource windows (nodes)      : 3
  Resource values (arcs)        : 3
  Values on nodes               : no

  Rows                          : 1091
  Initial columns               : 2
  Tasks                         : 929
  Strong tasks                  : 925
  Weak tasks                    : 4
  Initial task constraints      : no
  Nodes                         : 1257
  Arc sets                      : 1
  Arcs                          : 37786
  Networks                      : 2
  Models                        : 1

Memory used per module (Megs)

  Parser (reused)               :      7.878
  Networks                      :     33.904
  Column generator              :     13.804
  Master problem                :     10.630
  -----------------
  Total                         :     58.338

Cpu time per module (seconds)

  Parser                        :        0.0
  Preprocessor                  :        0.0
  Lr solver manager             :        0.2
  Column generator              :      141.2
    (Shortest path)             :      129.2
  Master problem                :     1489.5
  -------------------
  Total (without b&b)           :     1631.0

Real elapsed time (seconds)

  Parser                        :        0.0
  Preprocessor                  :        0.0
  Lr solver manager             :        0.1
  Column generator              :      141.4
    (Shortest path)             :      129.1
  Master problem                :     1489.4
  -------------------
  Total (without b&b)           :     1631.0
