Cover_T0 52
Cover_T1 -52
Cover_T2 52
Cover_T3 -52
Cover_T4 54
Cover_T5 -50
Cover_T6 54
Cover_T7 -50
Cover_T8 54
Cover_T9 -50
Cover_T10 54
Cover_T11 -50
Cover_T12 54
Cover_T13 -50
Cover_T14 54
Cover_T15 -46
Cover_T16 52
Cover_T17 -46
Cover_T18 52
Cover_T19 -46
Cover_T20 52
Cover_T21 -42
Cover_T22 50
Cover_T23 -46
Cover_T24 72
Cover_T25 12
Cover_T26 68
Cover_T27 -6
Cover_T28 1046
Cover_T29 20
Cover_T30 1016
Cover_T31 952
Cover_T32 1000
Cover_T33 976
Cover_T34 1024
Cover_T35 -4
Cover_T36 36
Cover_T37 -14
Cover_T38 0
Cover_T39 -16
Cover_T40 16
Cover_T41 -6
Cover_T42 10
Cover_T43 8
Cover_T44 0
Cover_T45 1.17304e-10
Cover_T46 12
Cover_T47 0
Cover_T48 0
Cover_T49 -20
Cover_T50 2
Cover_T51 0
Cover_T52 -3.96128e-12
Cover_T53 6
Cover_T54 0
Cover_T55 26
Cover_T56 -4
Cover_T57 28
Cover_T58 -30
Cover_T59 22
Cover_T60 24
Cover_T61 14
Cover_T62 -8.11156e-11
Cover_T63 28
Cover_T64 -4
Cover_T65 52
Cover_T66 8
Cover_T67 -2
Cover_T68 24
Cover_T69 8
Cover_T70 0
Cover_T71 8
Cover_T72 0
Cover_T73 0
Cover_T74 -20
Cover_T75 2
Cover_T76 18
Cover_T77 12
Cover_T78 2
Cover_T79 48
Cover_T80 0
Cover_T81 10
Cover_T82 2
Cover_T83 26
Cover_T84 2
Cover_T85 28
Cover_T86 0
Cover_T87 26
Cover_T88 0
Cover_T89 22
Cover_T90 4
Cover_T91 16
Cover_T92 -8
Cover_T93 12
Cover_T94 -36
Cover_T95 8
Cover_T96 -8
Cover_T97 20
Cover_T98 16
Cover_T99 56
Cover_T100 0
Cover_T101 34
Cover_T102 14
Cover_T103 6
Cover_T104 10
Cover_T105 34
Cover_T106 0
Cover_T107 16
Cover_T108 6
Cover_T109 20
Cover_T110 0
Cover_T111 22
Cover_T112 0
Cover_T113 10
Cover_T114 -2
Cover_T115 18
Cover_T116 -2
Cover_T117 14
Cover_T118 -2
Cover_T119 36
Cover_T120 -2
Cover_T121 28
Cover_T122 -2
Cover_T123 28
Cover_T124 -2
Cover_T125 12
Cover_T126 -12
Cover_T127 32
Cover_T128 -42
Cover_T129 32
Cover_T130 -18
Cover_T131 60
Cover_T132 -16
Cover_T133 68
Cover_T134 -20
Cover_T135 44
Cover_T136 -10
Cover_T137 42
Cover_T138 -18
Cover_T139 42
Cover_T140 -28
Cover_T141 32
Cover_T142 -24
Cover_T143 36
Cover_T144 -24
Cover_T145 44
Cover_T146 -32
Cover_T147 44
Cover_T148 -28
Cover_T149 52
Cover_T150 -24
Cover_T151 68
Cover_T152 -28
Cover_T153 64
Cover_T154 -36
Cover_T155 54
Cover_T156 -50
Cover_T157 54
Cover_T158 -50
Cover_T159 56
Cover_T160 -46
Cover_T161 56
Cover_T162 -46
Cover_T163 54
Cover_T164 -40
Cover_T165 54
Cover_T166 -40
Cover_T167 50
Cover_T168 -36
Cover_T169 50
Cover_T170 -2
Cover_T171 56
Cover_T172 -16
Cover_T173 1030
Cover_T174 8
Cover_T175 974
Cover_T176 940
Cover_T177 1006
Cover_T178 -16
Cover_T179 986
Cover_T180 4
Cover_T181 48
Cover_T182 -6
Cover_T183 10
Cover_T184 -18
Cover_T185 0
Cover_T186 4
Cover_T187 9.51939e-12
Cover_T188 4
Cover_T189 24
Cover_T190 2
Cover_T191 12
Cover_T192 12
Cover_T193 14
Cover_T194 -4
Cover_T195 2
Cover_T196 3.25531e-11
Cover_T197 4
Cover_T198 -2
Cover_T199 4
Cover_T200 0
Cover_T201 0
Cover_T202 5.96856e-12
Cover_T203 -26
Cover_T204 4
Cover_T205 16
Cover_T206 30
Cover_T207 -1.10454e-11
Cover_T208 -12
Cover_T209 0
Cover_T210 0
Cover_T211 14
Cover_T212 2
Cover_T213 -1.54529e-11
Cover_T214 12
Cover_T215 4
Cover_T216 -4
Cover_T217 0
Cover_T218 8
Cover_T219 -18
Cover_T220 2
Cover_T221 20
Cover_T222 22
Cover_T223 4
Cover_T224 -16
Cover_T225 2
Cover_T226 0
Cover_T227 4
Cover_T228 2
Cover_T229 4
Cover_T230 0
Cover_T231 2
Cover_T232 0
Cover_T233 2
Cover_T234 2
Cover_T235 -2
Cover_T236 2
Cover_T237 -22
Cover_T238 10
Cover_T239 -2
Cover_T240 26
Cover_T241 22
Cover_T242 62
Cover_T243 6
Cover_T244 40
Cover_T245 20
Cover_T246 16
Cover_T247 16
Cover_T248 36
Cover_T249 0
Cover_T250 4
Cover_T251 8.89593e-11
Cover_T252 16
Cover_T253 -2.56577e-11
Cover_T254 12
Cover_T255 -28
Cover_T256 14
Cover_T257 -8
Cover_T258 36
Cover_T259 -2
Cover_T260 16
Cover_T261 -2
Cover_T262 14
Cover_T263 -12
Cover_T264 14
Cover_T265 -6
Cover_T266 16
Cover_T267 -10
Cover_T268 26
Cover_T269 -34
Cover_T270 20
Cover_T271 -32
Cover_T272 26
Cover_T273 -8
Cover_T274 62
Cover_T275 -6
Cover_T276 70
Cover_T277 -10
Cover_T278 46
Cover_T279 -10
Cover_T280 44
Cover_T281 -18
Cover_T282 36
Cover_T283 -24
Cover_T284 26
Cover_T285 -26
Cover_T286 24
Cover_T287 -24
Cover_T288 34
Cover_T289 -24
Cover_T290 28
Cover_T291 -26
Cover_T292 32
Cover_T293 -30
Cover_T294 46
Cover_T295 -26
Cover_T296 52
Cover_T297 -28
Cover_T298 78
Cover_T299 -32
Cover_T300 74
Cover_T301 52
Cover_T302 -40
Cover_T303 52
Cover_T304 -40
Cover_T305 62
Cover_T306 -28
Cover_T307 64
Cover_T308 4
Cover_T309 56
Cover_T310 -14
Cover_T311 1034
Cover_T312 18
Cover_T313 1024
Cover_T314 958
Cover_T315 1036
Cover_T316 966
Cover_T317 980
Cover_T318 958
Cover_T319 1004
Cover_T320 974
Cover_T321 1022
Cover_T322 -12
Cover_T323 972
Cover_T324 4
Cover_T325 30
Cover_T326 -12
Cover_T327 16
Cover_T328 -14
Cover_T329 26
Cover_T330 -4
Cover_T331 6
Cover_T332 10
Cover_T333 22
Cover_T334 2
Cover_T335 10
Cover_T336 0
Cover_T337 12
Cover_T338 10
Cover_T339 0
Cover_T340 -6
Cover_T341 6
Cover_T342 6
Cover_T343 -20
Cover_T344 0
Cover_T345 -8
Cover_T346 8
Cover_T347 6.32809e-11
Cover_T348 -2
Cover_T349 -14
Cover_T350 22
Cover_T351 -38
Cover_T352 10
Cover_T353 14
Cover_T354 6
Cover_T355 6
Cover_T356 24
Cover_T357 0
Cover_T358 52
Cover_T359 0
Cover_T360 2
Cover_T361 2
Cover_T362 14
Cover_T363 0
Cover_T364 -3.57173e-11
Cover_T365 -10
Cover_T366 0
Cover_T367 -46
Cover_T368 6
Cover_T369 0
Cover_T370 10
Cover_T371 -4
Cover_T372 28
Cover_T373 6
Cover_T374 52
Cover_T375 -18
Cover_T376 2
Cover_T377 -4
Cover_T378 8
Cover_T379 4
Cover_T380 2
Cover_T381 10
Cover_T382 30
Cover_T383 10
Cover_T384 20
Cover_T385 0
Cover_T386 12
Cover_T387 -4
Cover_T388 2
Cover_T389 -12
Cover_T390 0
Cover_T391 -36
Cover_T392 4
Cover_T393 -4
Cover_T394 10
Cover_T395 24
Cover_T396 18
Cover_T397 10
Cover_T398 60
Cover_T399 24
Cover_T400 28
Cover_T401 18
Cover_T402 16
Cover_T403 0
Cover_T404 28
Cover_T405 12
Cover_T406 12
Cover_T407 12
Cover_T408 12
Cover_T409 6
Cover_T410 26
Cover_T411 -4
Cover_T412 4
Cover_T413 -4
Cover_T414 6
Cover_T415 -6
Cover_T416 12
Cover_T417 -2
Cover_T418 26
Cover_T419 -6
Cover_T420 22
Cover_T421 -12
Cover_T422 26
Cover_T423 -22
Cover_T424 10
Cover_T425 -12
Cover_T426 20
Cover_T427 -48
Cover_T428 38
Cover_T429 -6
Cover_T430 32
Cover_T431 -8
Cover_T432 66
Cover_T433 -8
Cover_T434 68
Cover_T435 -10
Cover_T436 44
Cover_T437 -10
Cover_T438 42
Cover_T439 -18
Cover_T440 50
Cover_T441 -28
Cover_T442 28
Cover_T443 -24
Cover_T444 38
Cover_T445 -24
Cover_T446 60
Cover_T447 -24
Cover_T448 60
Cover_T449 -24
Cover_T450 68
Cover_T451 -28
Cover_T452 64
Cover_T453 -36
Cover_T454 28
Cover_T455 2
Cover_T456 24
Cover_T457 8
Cover_T458 16
Cover_T459 18
Cover_T460 6
Cover_T461 46
Cover_T462 112
Cover_T463 28
Cover_T464 1010
Cover_T465 1014
Cover_T466 1068
Cover_T467 1012
Cover_T468 1032
Cover_T469 1016
Cover_T470 1046
Cover_T471 928
Cover_T472 996
Cover_T473 30
Cover_T474 80
Cover_T475 -28
Cover_T476 52
Cover_T477 52
Cover_T478 -20
Cover_T479 58
Cover_T480 0
Cover_T481 38
Cover_T482 38
Cover_T483 70
Cover_T484 66
Cover_T485 70
Cover_T486 42
Cover_T487 36
Cover_T488 68
Cover_T489 0
Cover_T490 24
Cover_T491 -6.6926e-11
Cover_T492 26
Cover_T493 0
Cover_T494 46
Cover_T495 54
Count_D0 -984
Count_D1 -1000
Max_H0_P0 0
Max_H0_P1 0
Max_H0_P2 0
Max_H0_P3 0
Max_H0_P4 0
Max_H0_P5 0
Max_H0_P6 0
Max_H0_P7 0
Max_H0_P8 0
Max_H0_P9 0
Max_H0_P10 0
Max_H0_P11 0
Max_H0_P12 0
Max_H0_P13 0
Max_H0_P14 0
Max_H0_P15 0
Max_H0_P16 0
Max_H0_P17 0
Max_H0_P18 0
Max_H0_P19 0
Max_H0_P20 5.96856e-13
Max_H0_P21 0
Max_H0_P22 0
Max_H0_P23 2.28256e-11
Max_H0_P24 8.68106e-12
Max_H0_P25 0
Max_H0_P26 0
Max_H0_P27 2.06115e-11
Max_H0_P28 0
Max_H0_P29 0
Max_H0_P30 0
Max_H0_P31 0
Max_H0_P32 -1.8308e-11
Max_H0_P33 0
Max_H0_P34 -1.24771e-11
Max_H0_P35 0
Max_H0_P36 0
Max_H0_P37 -4.83169e-12
Max_H0_P38 9.59588e-12
Max_H0_P39 0
Max_H0_P40 -8.23919e-12
Max_H0_P41 0
Max_H0_P42 4.34963e-12
Max_H0_P43 0
Max_H0_P44 0
Max_H0_P45 0
Max_H0_P46 0
Max_H0_P47 0
Max_H0_P48 0
Max_H0_P49 0
Max_H0_P50 0
Max_H0_P51 0
Max_H0_P52 0
Max_H0_P53 0
Max_H0_P54 0
Max_H0_P55 0
Max_H0_P56 0
Max_H0_P57 0
Max_H0_P58 0
Max_H0_P59 0
Max_H0_P60 0
Max_H0_P61 0
Max_H0_P62 0
Max_H0_P63 0
Max_H0_P64 0
Max_H0_P65 0
Max_H0_P66 0
Max_H0_P67 0
Max_H0_P68 0
Max_H0_P69 0
Max_H0_P70 0
Max_H0_P71 0
Max_H0_P72 0
Max_H0_P73 0
Max_H0_P74 0
Max_H0_P75 0
Max_H0_P76 0
Max_H0_P77 0
Max_H0_P78 0
Max_H0_P79 0
Max_H0_P80 0
Max_H0_P81 0
Max_H1_P0 0
Max_H1_P1 0
Max_H1_P2 0
Max_H1_P3 0
Max_H1_P4 0
Max_H1_P5 0
Max_H1_P6 0
Max_H1_P7 -5.04592e-11
Max_H1_P8 0
Max_H1_P9 0
Max_H1_P10 0
Max_H1_P11 0
Max_H1_P12 0
Max_H1_P13 0
Max_H1_P14 0
Max_H1_P15 0
Max_H1_P16 3.38114e-11
Max_H1_P17 0
Max_H1_P18 5.96856e-13
Max_H1_P19 -1.21076e-11
Max_H1_P20 0
Max_H1_P21 0
Max_H1_P22 3.08501e-11
Max_H1_P23 -1.63691e-11
Max_H1_P24 1.46196e-11
Max_H1_P25 5.84421e-13
Max_H1_P26 1.30207e-12
Max_H1_P27 0
Max_H1_P28 0
Max_H1_P29 0
Max_H1_P30 0
Max_H1_P31 -7.79554e-12
Max_H1_P32 0
Max_H1_P33 0
Max_H1_P34 -5.50027e-12
Max_H1_P35 -1.06501e-11
Max_H1_P36 5.14788e-12
Max_H1_P37 0
Max_H1_P38 -2.25693e-11
Max_H1_P39 0
Max_H1_P40 -2.27374e-12
Max_H1_P41 1.12523e-11
Max_H1_P42 7.91944e-12
Max_H1_P43 0
Max_H1_P44 0
Max_H1_P45 0
Max_H1_P46 0
Max_H1_P47 0
Max_H1_P48 0
Max_H1_P49 0
Max_H1_P50 0
Max_H1_P51 0
Max_H1_P52 0
Max_H1_P53 0
Max_H1_P54 0
Max_H1_P55 0
Max_H1_P56 0
Max_H1_P57 0
Max_H1_P58 0
Max_H1_P59 0
Max_H1_P60 5.1561e-12
Max_H1_P61 0
Max_H1_P62 0
Max_H1_P63 0
Max_H1_P64 0
Max_H1_P65 0
Max_H1_P66 0
Max_H1_P67 0
Max_H1_P68 0
Max_H1_P69 0
Max_H1_P70 0
Max_H1_P71 0
Max_H1_P72 0
Max_H1_P73 0
Max_H1_P74 0
Max_H1_P75 0
Max_H1_P76 0
Max_H1_P77 -7.79554e-12
Max_H1_P78 0
Max_H1_P79 0
Max_H1_P80 0
Max_H1_P81 0
