
Branch and bound

  Entire solving process        :                           (Time     55.1)
  No feasible solution was found
  Best relaxation cost          :     35588.08 (Node     0) (Time     55.1)
  Lower bound after cuts        :     35588.08
  End lower bound               :     35588.08
  Deepest level reached         : 0
  Deepest real level reached    : 0
  Number of real nodes solved   : 1
  Stopping condition            : enough nodes explored

Problem identification

  Problem                       : <null>
  Machine                       : oslo1.gerad.lan

Solving process summary

  Linear relaxations            :        1
  Column generation iterations  :      129
  Shortest paths solved         :     2534
  Columns generated             :    22241

Instance characteristics

  Resources                     : 3
  Node types                    : no
  Arc types                     : no
  Strong resource windows       : no
  Weak resource windows         : no
  Resource windows (nodes)      : 3
  Resource values (arcs)        : 3
  Values on nodes               : no

  Rows                          : 662
  Initial columns               : 2
  Tasks                         : 500
  Strong tasks                  : 496
  Weak tasks                    : 4
  Initial task constraints      : no
  Nodes                         : 828
  Arc sets                      : 1
  Arcs                          : 13125
  Networks                      : 2
  Models                        : 1

Memory used per module (Megs)

  Parser (reused)               :      3.035
  Networks                      :     19.011
  Column generator              :      4.480
  Master problem                :      6.926
  -----------------
  Total                         :     30.416

Cpu time per module (seconds)

  Parser                        :        0.0
  Preprocessor                  :        0.0
  Lr solver manager             :        0.0
  Column generator              :        8.1
    (Shortest path)             :        6.4
  Master problem                :       47.0
  -------------------
  Total (without b&b)           :       55.1

Real elapsed time (seconds)

  Parser                        :        0.0
  Preprocessor                  :        0.0
  Lr solver manager             :        0.1
  Column generator              :        8.0
    (Shortest path)             :        6.2
  Master problem                :       47.0
  -------------------
  Total (without b&b)           :       55.1
