Cover_T0 52
Cover_T1 -52
Cover_T2 52
Cover_T3 -52
Cover_T4 52
Cover_T5 -52
Cover_T6 52
Cover_T7 -52
Cover_T8 52
Cover_T9 -52
Cover_T10 52
Cover_T11 -52
Cover_T12 52
Cover_T13 -52
Cover_T14 52
Cover_T15 -48
Cover_T16 52
Cover_T17 -48
Cover_T18 56
Cover_T19 -48
Cover_T20 56
Cover_T21 -48
Cover_T22 58
Cover_T23 -44
Cover_T24 56
Cover_T25 -44
Cover_T26 54
Cover_T27 -44
Cover_T28 56
Cover_T29 -44
Cover_T30 54
Cover_T31 -44
Cover_T32 56
Cover_T33 -42
Cover_T34 50
Cover_T35 -40
Cover_T36 52
Cover_T37 -22
Cover_T38 52
Cover_T39 -34
Cover_T40 54
Cover_T41 2
Cover_T42 1002
Cover_T43 936
Cover_T44 986
Cover_T45 942
Cover_T46 1000
Cover_T47 944
Cover_T48 1022
Cover_T49 946
Cover_T50 1038
Cover_T51 950
Cover_T52 998
Cover_T53 2
Cover_T54 68
Cover_T55 14
Cover_T56 50
Cover_T57 -3.35731e-13
Cover_T58 22
Cover_T59 -48
Cover_T60 12
Cover_T61 -36
Cover_T62 40
Cover_T63 -8
Cover_T64 12
Cover_T65 0
Cover_T66 32
Cover_T67 -32
Cover_T68 4
Cover_T69 -4
Cover_T70 0
Cover_T71 -24
Cover_T72 18
Cover_T73 4
Cover_T74 -10
Cover_T75 4
Cover_T76 8
Cover_T77 10
Cover_T78 22
Cover_T79 -2
Cover_T80 2
Cover_T81 18
Cover_T82 -18
Cover_T83 0
Cover_T84 -38
Cover_T85 -14
Cover_T86 -4.02878e-12
Cover_T87 4
Cover_T88 4
Cover_T89 20
Cover_T90 16
Cover_T91 36
Cover_T92 0
Cover_T93 52
Cover_T94 6
Cover_T95 10
Cover_T96 6
Cover_T97 6
Cover_T98 48
Cover_T99 -6
Cover_T100 32
Cover_T101 10
Cover_T102 10
Cover_T103 0
Cover_T104 8
Cover_T105 -30
Cover_T106 -2
Cover_T107 -2
Cover_T108 -30
Cover_T109 0
Cover_T110 -42
Cover_T111 4
Cover_T112 24
Cover_T113 20
Cover_T114 8
Cover_T115 36
Cover_T116 -8
Cover_T117 52
Cover_T118 -22
Cover_T119 52
Cover_T120 -38
Cover_T121 -14
Cover_T122 48
Cover_T123 2
Cover_T124 32
Cover_T125 18
Cover_T126 16
Cover_T127 32
Cover_T128 12
Cover_T129 48
Cover_T130 6
Cover_T131 -38
Cover_T132 -6
Cover_T133 -22
Cover_T134 -22
Cover_T135 -6
Cover_T136 -38
Cover_T137 4.04157e-11
Cover_T138 22
Cover_T139 6
Cover_T140 6
Cover_T141 26
Cover_T142 10
Cover_T143 54
Cover_T144 4
Cover_T145 18
Cover_T146 -6
Cover_T147 4
Cover_T148 -36
Cover_T149 30
Cover_T150 38
Cover_T151 24
Cover_T152 28
Cover_T153 48
Cover_T154 12
Cover_T155 82
Cover_T156 28
Cover_T157 94
Cover_T158 24
Cover_T159 18
Cover_T160 0
Cover_T161 38
Cover_T162 24
Cover_T163 54
Cover_T164 0
Cover_T165 14
Cover_T166 0
Cover_T167 26
Cover_T168 -20
Cover_T169 30
Cover_T170 -8
Cover_T171 22
Cover_T172 -8
Cover_T173 28
Cover_T174 -8
Cover_T175 24
Cover_T176 -26
Cover_T177 40
Cover_T178 -42
Cover_T179 32
Cover_T180 -16
Cover_T181 28
Cover_T182 -14
Cover_T183 28
Cover_T184 -14
Cover_T185 42
Cover_T186 -12
Cover_T187 58
Cover_T188 -14
Cover_T189 32
Cover_T190 -16
Cover_T191 30
Cover_T192 -22
Cover_T193 30
Cover_T194 -18
Cover_T195 20
Cover_T196 -36
Cover_T197 24
Cover_T198 -26
Cover_T199 34
Cover_T200 -28
Cover_T201 26
Cover_T202 -28
Cover_T203 46
Cover_T204 -44
Cover_T205 36
Cover_T206 -24
Cover_T207 36
Cover_T208 -40
Cover_T209 32
Cover_T210 -28
Cover_T211 56
Cover_T212 -28
Cover_T213 36
Cover_T214 -20
Cover_T215 52
Cover_T216 -28
Cover_T217 44
Cover_T218 -28
Cover_T219 54
Cover_T220 -28
Cover_T221 46
Cover_T222 -28
Cover_T223 48
Cover_T224 -28
Cover_T225 52
Cover_T226 -28
Cover_T227 46
Cover_T228 -40
Cover_T229 56
Cover_T230 -34
Cover_T231 44
Cover_T232 -34
Cover_T233 60
Cover_T234 -42
Cover_T235 56
Cover_T236 -44
Cover_T237 56
Cover_T238 -50
Cover_T239 52
Cover_T240 -52
Cover_T241 52
Cover_T242 -48
Cover_T243 52
Cover_T244 -50
Cover_T245 52
Cover_T246 -48
Cover_T247 50
Cover_T248 -44
Cover_T249 50
Cover_T250 -46
Cover_T251 58
Cover_T252 -40
Cover_T253 46
Cover_T254 -16
Cover_T255 48
Cover_T256 -24
Cover_T257 52
Cover_T258 -32
Cover_T259 46
Cover_T260 2
Cover_T261 50
Cover_T262 0
Cover_T263 998
Cover_T264 936
Cover_T265 986
Cover_T266 942
Cover_T267 956
Cover_T268 940
Cover_T269 982
Cover_T270 944
Cover_T271 1034
Cover_T272 952
Cover_T273 986
Cover_T274 944
Cover_T275 1002
Cover_T276 0
Cover_T277 64
Cover_T278 8
Cover_T279 46
Cover_T280 14
Cover_T281 62
Cover_T282 -2
Cover_T283 48
Cover_T284 -40
Cover_T285 20
Cover_T286 -44
Cover_T287 4
Cover_T288 -40
Cover_T289 -8.53128e-12
Cover_T290 -20
Cover_T291 40
Cover_T292 -9.12557e-10
Cover_T293 20
Cover_T294 1.13474e-11
Cover_T295 48
Cover_T296 -36
Cover_T297 20
Cover_T298 -8
Cover_T299 16
Cover_T300 -28
Cover_T301 2
Cover_T302 -2.9349e-10
Cover_T303 6
Cover_T304 4
Cover_T305 16
Cover_T306 -14
Cover_T307 22
Cover_T308 14
Cover_T309 -6
Cover_T310 4
Cover_T311 -34
Cover_T312 -2
Cover_T313 3.51127e-10
Cover_T314 18
Cover_T315 -3.29052e-11
Cover_T316 38
Cover_T317 8
Cover_T318 0
Cover_T319 0
Cover_T320 0
Cover_T321 6
Cover_T322 -8
Cover_T323 44
Cover_T324 -3.28683e-10
Cover_T325 26
Cover_T326 6
Cover_T327 10
Cover_T328 6
Cover_T329 -6
Cover_T330 -36
Cover_T331 4
Cover_T332 -20
Cover_T333 6
Cover_T334 -4
Cover_T335 -10
Cover_T336 12
Cover_T337 -26
Cover_T338 2
Cover_T339 -42
Cover_T340 6
Cover_T341 28
Cover_T342 34
Cover_T343 0
Cover_T344 46
Cover_T345 -26
Cover_T346 -8
Cover_T347 48
Cover_T348 20
Cover_T349 26
Cover_T350 34
Cover_T351 10
Cover_T352 50
Cover_T353 6
Cover_T354 -36
Cover_T355 3.68638e-12
Cover_T356 -20
Cover_T357 -12
Cover_T358 -4
Cover_T359 -28
Cover_T360 8.38519e-10
Cover_T361 -44
Cover_T362 8
Cover_T363 16
Cover_T364 20
Cover_T365 1.03384e-12
Cover_T366 38
Cover_T367 16
Cover_T368 54
Cover_T369 8.83347e-11
Cover_T370 -6
Cover_T371 6
Cover_T372 22
Cover_T373 -8.50378e-11
Cover_T374 0
Cover_T375 -10
Cover_T376 16
Cover_T377 -26
Cover_T378 26
Cover_T379 40
Cover_T380 60
Cover_T381 16
Cover_T382 96
Cover_T383 32
Cover_T384 28
Cover_T385 12
Cover_T386 4
Cover_T387 2
Cover_T388 16
Cover_T389 -2
Cover_T390 26
Cover_T391 -24
Cover_T392 12
Cover_T393 -20
Cover_T394 12
Cover_T395 -10
Cover_T396 32
Cover_T397 -26
Cover_T398 24
Cover_T399 -46
Cover_T400 14
Cover_T401 -24
Cover_T402 28
Cover_T403 -12
Cover_T404 52
Cover_T405 -14
Cover_T406 32
Cover_T407 -14
Cover_T408 20
Cover_T409 -18
Cover_T410 20
Cover_T411 -18
Cover_T412 20
Cover_T413 -24
Cover_T414 22
Cover_T415 -40
Cover_T416 28
Cover_T417 -26
Cover_T418 22
Cover_T419 -24
Cover_T420 32
Cover_T421 -20
Cover_T422 48
Cover_T423 -32
Cover_T424 34
Cover_T425 -48
Cover_T426 28
Cover_T427 -20
Cover_T428 24
Cover_T429 -28
Cover_T430 36
Cover_T431 -40
Cover_T432 44
Cover_T433 -20
Cover_T434 52
Cover_T435 -32
Cover_T436 28
Cover_T437 -24
Cover_T438 40
Cover_T439 -36
Cover_T440 52
Cover_T441 -20
Cover_T442 32
Cover_T443 -20
Cover_T444 40
Cover_T445 -32
Cover_T446 36
Cover_T447 -28
Cover_T448 54
Cover_T449 -28
Cover_T450 38
Cover_T451 -24
Cover_T452 32
Cover_T453 -28
Cover_T454 48
Cover_T455 -24
Cover_T456 40
Cover_T457 -30
Cover_T458 50
Cover_T459 -38
Cover_T460 44
Cover_T461 -28
Cover_T462 50
Cover_T463 -28
Cover_T464 48
Cover_T465 -28
Cover_T466 52
Cover_T467 -34
Cover_T468 56
Cover_T469 -34
Cover_T470 58
Cover_T471 -42
Cover_T472 62
Cover_T473 -44
Cover_T474 60
Cover_T475 -44
Cover_T476 58
Cover_T477 -44
Cover_T478 54
Cover_T479 -38
Cover_T480 58
Cover_T481 -42
Cover_T482 60
Cover_T483 -20
Cover_T484 50
Cover_T485 8
Cover_T486 1006
Cover_T487 940
Cover_T488 994
Cover_T489 946
Cover_T490 1008
Cover_T491 948
Cover_T492 1044
Cover_T493 950
Cover_T494 1044
Cover_T495 952
Cover_T496 1026
Cover_T497 952
Cover_T498 1038
Cover_T499 950
Cover_T500 994
Cover_T501 2
Cover_T502 48
Cover_T503 14
Cover_T504 30
Cover_T505 0
Cover_T506 16
Cover_T507 -40
Cover_T508 22
Cover_T509 -44
Cover_T510 4
Cover_T511 -40
Cover_T512 52
Cover_T513 -44
Cover_T514 40
Cover_T515 -32
Cover_T516 24
Cover_T517 -20
Cover_T518 12
Cover_T519 -8
Cover_T520 48
Cover_T521 4
Cover_T522 36
Cover_T523 -4
Cover_T524 24
Cover_T525 8
Cover_T526 10
Cover_T527 -36
Cover_T528 18
Cover_T529 -20
Cover_T530 2
Cover_T531 -4
Cover_T532 0
Cover_T533 -36
Cover_T534 16
Cover_T535 -20
Cover_T536 0
Cover_T537 -4
Cover_T538 -16
Cover_T539 -12
Cover_T540 6
Cover_T541 6
Cover_T542 20
Cover_T543 12
Cover_T544 1.21157e-10
Cover_T545 2.72845e-11
Cover_T546 -20
Cover_T547 20
Cover_T548 -40
Cover_T549 2
Cover_T550 -2
Cover_T551 -12
Cover_T552 -2
Cover_T553 8
Cover_T554 6
Cover_T555 28
Cover_T556 8
Cover_T557 48
Cover_T558 4
Cover_T559 10
Cover_T560 42
Cover_T561 10
Cover_T562 22
Cover_T563 2
Cover_T564 2
Cover_T565 0
Cover_T566 8
Cover_T567 4
Cover_T568 6
Cover_T569 -34
Cover_T570 -14
Cover_T571 -14
Cover_T572 -34
Cover_T573 6
Cover_T574 -38
Cover_T575 -1.04146e-10
Cover_T576 24
Cover_T577 -7.96945e-11
Cover_T578 8
Cover_T579 16
Cover_T580 -8
Cover_T581 32
Cover_T582 -22
Cover_T583 48
Cover_T584 -38
Cover_T585 48
Cover_T586 48
Cover_T587 -18
Cover_T588 32
Cover_T589 -2
Cover_T590 16
Cover_T591 14
Cover_T592 10
Cover_T593 32
Cover_T594 0
Cover_T595 52
Cover_T596 -16
Cover_T597 -30
Cover_T598 -36
Cover_T599 -8
Cover_T600 20
Cover_T601 0
Cover_T602 0
Cover_T603 12
Cover_T604 16
Cover_T605 20
Cover_T606 4
Cover_T607 32
Cover_T608 14
Cover_T609 42
Cover_T610 0
Cover_T611 66
Cover_T612 0
Cover_T613 1.70701e-10
Cover_T614 -4
Cover_T615 16
Cover_T616 -16
Cover_T617 16
Cover_T618 -28
Cover_T619 16
Cover_T620 -42
Cover_T621 32
Cover_T622 46
Cover_T623 10
Cover_T624 32
Cover_T625 46
Cover_T626 8
Cover_T627 36
Cover_T628 8
Cover_T629 64
Cover_T630 40
Cover_T631 74
Cover_T632 44
Cover_T633 84
Cover_T634 20
Cover_T635 98
Cover_T636 16
Cover_T637 20
Cover_T638 4
Cover_T639 32
Cover_T640 16
Cover_T641 40
Cover_T642 12
Cover_T643 56
Cover_T644 -10
Cover_T645 16
Cover_T646 -6
Cover_T647 24
Cover_T648 -8
Cover_T649 22
Cover_T650 -12
Cover_T651 30
Cover_T652 -30
Cover_T653 28
Cover_T654 -12
Cover_T655 26
Cover_T656 -12
Cover_T657 22
Cover_T658 -12
Cover_T659 22
Cover_T660 -12
Cover_T661 38
Cover_T662 -12
Cover_T663 54
Cover_T664 -14
Cover_T665 28
Cover_T666 -20
Cover_T667 26
Cover_T668 -14
Cover_T669 26
Cover_T670 -24
Cover_T671 26
Cover_T672 -18
Cover_T673 26
Cover_T674 -18
Cover_T675 26
Cover_T676 -18
Cover_T677 20
Cover_T678 -36
Cover_T679 38
Cover_T680 -20
Cover_T681 32
Cover_T682 -32
Cover_T683 32
Cover_T684 -20
Cover_T685 28
Cover_T686 -20
Cover_T687 52
Cover_T688 -40
Cover_T689 28
Cover_T690 -20
Cover_T691 44
Cover_T692 -20
Cover_T693 42
Cover_T694 -32
Cover_T695 40
Cover_T696 -24
Cover_T697 56
Cover_T698 -24
Cover_T699 40
Cover_T700 -24
Cover_T701 56
Cover_T702 -24
Cover_T703 52
Cover_T704 -28
Cover_T705 56
Cover_T706 -28
Cover_T707 50
Cover_T708 -36
Cover_T709 50
Cover_T710 -36
Cover_T711 56
Cover_T712 -36
Cover_T713 54
Cover_T714 -42
Cover_T715 54
Cover_T716 -42
Cover_T717 66
Cover_T718 -42
Cover_T719 62
Cover_T720 -44
Cover_T721 62
Cover_T722 32
Cover_T723 -4.04395e-10
Cover_T724 28
Cover_T725 4
Cover_T726 12
Cover_T727 -3.25552e-10
Cover_T728 74
Cover_T729 28
Cover_T730 38
Cover_T731 52
Cover_T732 24
Cover_T733 986
Cover_T734 10
Cover_T735 988
Cover_T736 996
Cover_T737 942
Cover_T738 988
Cover_T739 958
Cover_T740 996
Cover_T741 972
Cover_T742 50
Cover_T743 990
Cover_T744 32
Cover_T745 0
Cover_T746 4
Cover_T747 -5.94567e-10
Cover_T748 56
Cover_T749 -28
Cover_T750 52
Cover_T751 -1.15662e-10
Cover_T752 52
Cover_T753 28
Cover_T754 40
Cover_T755 56
Cover_T756 -2.87855e-09
Cover_T757 68
Cover_T758 -10
Cover_T759 12
Cover_T760 0
Cover_T761 62
Cover_T762 68
Cover_T763 64
Cover_T764 86
Cover_T765 80
Cover_T766 62
Cover_T767 104
Cover_T768 70
Cover_T769 72
Cover_T770 52
Cover_T771 0
Cover_T772 50
Cover_T773 0
Cover_T774 40
Cover_T775 0
Cover_T776 0
Cover_T777 0
Cover_T778 30
Cover_T779 3.51836e-09
Cover_T780 36
Cover_T781 34
Cover_T782 34
Cover_T783 6
Count_D0 -984
Count_D1 -1000
Max_H0_P0 0
Max_H0_P1 0
Max_H0_P2 0
Max_H0_P3 0
Max_H0_P4 0
Max_H0_P5 0
Max_H0_P6 0
Max_H0_P7 0
Max_H0_P8 0
Max_H0_P9 0
Max_H0_P10 0
Max_H0_P11 0
Max_H0_P12 0
Max_H0_P13 0
Max_H0_P14 0
Max_H0_P15 -7.43387e-11
Max_H0_P16 -3.44471e-11
Max_H0_P17 4.45034e-12
Max_H0_P18 -9.59233e-14
Max_H0_P19 0
Max_H0_P20 3.41212e-11
Max_H0_P21 -3.26228e-11
Max_H0_P22 4.53149e-11
Max_H0_P23 -7.6281e-12
Max_H0_P24 1.15598e-11
Max_H0_P25 2.71291e-11
Max_H0_P26 -1.37845e-12
Max_H0_P27 -1.20979e-11
Max_H0_P28 1.20979e-11
Max_H0_P29 -1.46088e-11
Max_H0_P30 -8.88671e-13
Max_H0_P31 -2.06484e-11
Max_H0_P32 4.08136e-11
Max_H0_P33 -2.16937e-11
Max_H0_P34 -4.48519e-12
Max_H0_P35 3.49587e-12
Max_H0_P36 -2.07901e-11
Max_H0_P37 5.41291e-12
Max_H0_P38 -0
Max_H0_P39 1.69176e-11
Max_H0_P40 2.91038e-11
Max_H0_P41 1.48151e-11
Max_H0_P42 -2.01936e-11
Max_H0_P43 2.01936e-11
Max_H0_P44 0
Max_H0_P45 0
Max_H0_P46 0
Max_H0_P47 0
Max_H0_P48 0
Max_H0_P49 0
Max_H0_P50 0
Max_H0_P51 0
Max_H0_P52 0
Max_H0_P53 0
Max_H0_P54 0
Max_H0_P55 0
Max_H0_P56 0
Max_H0_P57 0
Max_H0_P58 0
Max_H0_P59 0
Max_H0_P60 0
Max_H0_P61 0
Max_H0_P62 0
Max_H0_P63 0
Max_H0_P64 0
Max_H0_P65 0
Max_H0_P66 0
Max_H0_P67 0
Max_H0_P68 0
Max_H0_P69 0
Max_H0_P70 0
Max_H0_P71 0
Max_H0_P72 0
Max_H0_P73 0
Max_H0_P74 0
Max_H0_P75 0
Max_H0_P76 0
Max_H0_P77 -0
Max_H0_P78 -1.10553e-10
Max_H0_P79 0
Max_H0_P80 7.16938e-11
Max_H0_P81 0
Max_H1_P0 0
Max_H1_P1 0
Max_H1_P2 0
Max_H1_P3 0
Max_H1_P4 0
Max_H1_P5 9.84581e-11
Max_H1_P6 0
Max_H1_P7 0
Max_H1_P8 0
Max_H1_P9 -4.61462e-11
Max_H1_P10 0
Max_H1_P11 0
Max_H1_P12 0
Max_H1_P13 0
Max_H1_P14 0
Max_H1_P15 -8.79448e-11
Max_H1_P16 -5.25e-11
Max_H1_P17 1.09168e-11
Max_H1_P18 2.06857e-11
Max_H1_P19 -9.15838e-13
Max_H1_P20 4.41281e-11
Max_H1_P21 -4.36202e-11
Max_H1_P22 -1.21823e-11
Max_H1_P23 1.62617e-11
Max_H1_P24 3.41212e-11
Max_H1_P25 5.42904e-11
Max_H1_P26 -2.60636e-11
Max_H1_P27 7.34324e-12
Max_H1_P28 9.92095e-12
Max_H1_P29 1.14753e-11
Max_H1_P30 1.68436e-11
Max_H1_P31 2.91038e-11
Max_H1_P32 1.15108e-11
Max_H1_P33 -2.19558e-12
Max_H1_P34 -6.46594e-12
Max_H1_P35 -5.23527e-11
Max_H1_P36 -1.81521e-11
Max_H1_P37 -2.34613e-12
Max_H1_P38 2.39941e-11
Max_H1_P39 3.24221e-11
Max_H1_P40 3.05834e-11
Max_H1_P41 6.5456e-11
Max_H1_P42 -2.62485e-11
Max_H1_P43 0
Max_H1_P44 -3.39071e-11
Max_H1_P45 3.03899e-11
Max_H1_P46 0
Max_H1_P47 0
Max_H1_P48 0
Max_H1_P49 0
Max_H1_P50 0
Max_H1_P51 0
Max_H1_P52 0
Max_H1_P53 1.12834e-11
Max_H1_P54 -2.47019e-11
Max_H1_P55 0
Max_H1_P56 0
Max_H1_P57 0
Max_H1_P58 0
Max_H1_P59 -2.89141e-11
Max_H1_P60 0
Max_H1_P61 0
Max_H1_P62 0
Max_H1_P63 0
Max_H1_P64 0
Max_H1_P65 8.41425e-11
Max_H1_P66 0
Max_H1_P67 0
Max_H1_P68 0
Max_H1_P69 0
Max_H1_P70 0
Max_H1_P71 6.84608e-12
Max_H1_P72 0
Max_H1_P73 0
Max_H1_P74 0
Max_H1_P75 0
Max_H1_P76 2.64834e-11
Max_H1_P77 -2.4988e-11
Max_H1_P78 0
Max_H1_P79 0
Max_H1_P80 0
Max_H1_P81 0
