
Branch and bound

  Entire solving process        :                           (Time     41.4)
  No feasible solution was found
  Best relaxation cost          :     36330.39 (Node     0) (Time     41.4)
  Lower bound after cuts        :     36330.39
  End lower bound               :     36330.39
  Deepest level reached         : 0
  Deepest real level reached    : 0
  Number of real nodes solved   : 1
  Stopping condition            : enough nodes explored

Problem identification

  Problem                       : <null>
  Machine                       : oslo3.gerad.lan

Solving process summary

  Linear relaxations            :        1
  Column generation iterations  :      105
  Shortest paths solved         :     7035
  Columns generated             :    32455

Instance characteristics

  Resources                     : 3
  Node types                    : no
  Arc types                     : no
  Strong resource windows       : no
  Weak resource windows         : no
  Resource windows (nodes)      : 3
  Resource values (arcs)        : 3
  Values on nodes               : no

  Rows                          : 693
  Initial columns               : 331
  Tasks                         : 531
  Strong tasks                  : 338
  Weak tasks                    : 4
  Initial task constraints      : no
  Nodes                         : 859
  Arc sets                      : 1
  Arcs                          : 14696
  Networks                      : 2
  Models                        : 1

Memory used per module (Megs)

  Parser (reused)               :      3.277
  Networks                      :     21.432
  Column generator              :      2.785
  Master problem                :      6.933
  -----------------
  Total                         :     31.150

Cpu time per module (seconds)

  Parser                        :        0.0
  Preprocessor                  :        0.0
  Lr solver manager             :        0.1
  Column generator              :       13.1
    (Shortest path)             :       11.0
  Master problem                :       28.2
  -------------------
  Total (without b&b)           :       41.4

Real elapsed time (seconds)

  Parser                        :        0.0
  Preprocessor                  :        0.0
  Lr solver manager             :        0.0
  Column generator              :       13.3
    (Shortest path)             :       10.8
  Master problem                :       28.1
  -------------------
  Total (without b&b)           :       41.4
