
Branch and bound

  Entire solving process        :                           (Time     64.4)
  No feasible solution was found
  Best relaxation cost          :     36593.91 (Node     0) (Time     64.4)
  Lower bound after cuts        :     36593.91
  End lower bound               :     36593.91
  Deepest level reached         : 0
  Deepest real level reached    : 0
  Number of real nodes solved   : 1
  Stopping condition            : enough nodes explored

Problem identification

  Problem                       : <null>
  Machine                       : oslo5.gerad.lan

Solving process summary

  Linear relaxations            :        1
  Column generation iterations  :      142
  Shortest paths solved         :     2722
  Columns generated             :    23878

Instance characteristics

  Resources                     : 3
  Node types                    : no
  Arc types                     : no
  Strong resource windows       : no
  Weak resource windows         : no
  Resource windows (nodes)      : 3
  Resource values (arcs)        : 3
  Values on nodes               : no

  Rows                          : 693
  Initial columns               : 2
  Tasks                         : 531
  Strong tasks                  : 527
  Weak tasks                    : 4
  Initial task constraints      : no
  Nodes                         : 859
  Arc sets                      : 1
  Arcs                          : 14696
  Networks                      : 2
  Models                        : 1

Memory used per module (Megs)

  Parser (reused)               :      3.277
  Networks                      :     19.616
  Column generator              :      6.418
  Master problem                :      7.107
  -----------------
  Total                         :     33.141

Cpu time per module (seconds)

  Parser                        :        0.0
  Preprocessor                  :        0.0
  Lr solver manager             :        0.0
  Column generator              :       10.1
    (Shortest path)             :        8.8
  Master problem                :       54.2
  -------------------
  Total (without b&b)           :       64.4

Real elapsed time (seconds)

  Parser                        :        0.0
  Preprocessor                  :        0.0
  Lr solver manager             :        0.0
  Column generator              :       10.1
    (Shortest path)             :        8.8
  Master problem                :       54.3
  -------------------
  Total (without b&b)           :       64.4
