
Branch and bound

  Entire solving process        :                           (Time    965.9)
  No feasible solution was found
  Best relaxation cost          :     64787.79 (Node     0) (Time    965.9)
  Lower bound after cuts        :     64787.79
  End lower bound               :     64787.79
  Deepest level reached         : 0
  Deepest real level reached    : 0
  Number of real nodes solved   : 1
  Stopping condition            : enough nodes explored

Problem identification

  Problem                       : <null>
  Machine                       : oslo4.gerad.lan

Solving process summary

  Linear relaxations            :        1
  Column generation iterations  :      198
  Shortest paths solved         :     4949
  Columns generated             :    57675

Instance characteristics

  Resources                     : 3
  Node types                    : no
  Arc types                     : no
  Strong resource windows       : no
  Weak resource windows         : no
  Resource windows (nodes)      : 3
  Resource values (arcs)        : 3
  Values on nodes               : no

  Rows                          : 1168
  Initial columns               : 2
  Tasks                         : 1006
  Strong tasks                  : 1002
  Weak tasks                    : 4
  Initial task constraints      : no
  Nodes                         : 1334
  Arc sets                      : 1
  Arcs                          : 44099
  Networks                      : 2
  Models                        : 1

Memory used per module (Megs)

  Parser (reused)               :      9.089
  Networks                      :     36.447
  Column generator              :     12.714
  Master problem                :     11.560
  -----------------
  Total                         :     60.721

Cpu time per module (seconds)

  Parser                        :        0.0
  Preprocessor                  :        0.0
  Lr solver manager             :        0.2
  Column generator              :      112.0
    (Shortest path)             :       99.6
  Master problem                :      853.6
  -------------------
  Total (without b&b)           :      965.9

Real elapsed time (seconds)

  Parser                        :        0.0
  Preprocessor                  :        0.0
  Lr solver manager             :        0.1
  Column generator              :      112.2
    (Shortest path)             :       99.6
  Master problem                :      853.6
  -------------------
  Total (without b&b)           :      965.9
