Cover_T0 53.771
Cover_T1 -51.9992
Cover_T2 51.9479
Cover_T3 -52
Cover_T4 52
Cover_T5 -52
Cover_T6 52
Cover_T7 -52
Cover_T8 52.0042
Cover_T9 -52.0001
Cover_T10 52.0001
Cover_T11 -52
Cover_T12 51.9967
Cover_T13 -51.9999
Cover_T14 51.9987
Cover_T15 -52
Cover_T16 52.0001
Cover_T17 -51.9999
Cover_T18 52.0001
Cover_T19 -51.9999
Cover_T20 52.0001
Cover_T21 -51.9999
Cover_T22 52.0001
Cover_T23 -51.9999
Cover_T24 53.9997
Cover_T25 -51.9998
Cover_T26 54
Cover_T27 -50.0001
Cover_T28 58.0002
Cover_T29 -50.0032
Cover_T30 52
Cover_T31 -46.4066
Cover_T32 52
Cover_T33 -46.0822
Cover_T34 52
Cover_T35 -49.9999
Cover_T36 53.9995
Cover_T37 -45.9265
Cover_T38 52.3874
Cover_T39 -39.9964
Cover_T40 52.0064
Cover_T41 -44.0002
Cover_T42 52.0175
Cover_T43 -42.0007
Cover_T44 52.0008
Cover_T45 -35.9265
Cover_T46 51.9999
Cover_T47 -43.9266
Cover_T48 60.2478
Cover_T49 -38.4962
Cover_T50 52.3895
Cover_T51 -48.7241
Cover_T52 47.9297
Cover_T53 -26.0061
Cover_T54 52
Cover_T55 -38.0092
Cover_T56 52.1485
Cover_T57 896.259
Cover_T58 60.0786
Cover_T59 893.512
Cover_T60 48.6116
Cover_T61 936.298
Cover_T62 900.928
Cover_T63 925.139
Cover_T64 897.683
Cover_T65 929.692
Cover_T66 956.724
Cover_T67 935.386
Cover_T68 924.878
Cover_T69 939.782
Cover_T70 926.266
Cover_T71 929.852
Cover_T72 935.51
Cover_T73 933.921
Cover_T74 100.49
Cover_T75 939.866
Cover_T76 98.7738
Cover_T77 79.199
Cover_T78 69.7047
Cover_T79 95.0383
Cover_T80 66.0582
Cover_T81 96.9861
Cover_T82 72.058
Cover_T83 45.5099
Cover_T84 66.6111
Cover_T85 52.9767
Cover_T86 48.0006
Cover_T87 51.6596
Cover_T88 39.9994
Cover_T89 0
Cover_T90 52.0011
Cover_T91 -42.0091
Cover_T92 48.0422
Cover_T93 -45.9998
Cover_T94 24.4109
Cover_T95 -48.0001
Cover_T96 14.8786
Cover_T97 -46.0001
Cover_T98 3.99988
Cover_T99 -34.0006
Cover_T100 11.9998
Cover_T101 -44.0003
Cover_T102 0.00039667
Cover_T103 -32.2418
Cover_T104 -11.9998
Cover_T105 -20.2427
Cover_T106 49.9918
Cover_T107 -8.30721
Cover_T108 37.9918
Cover_T109 0
Cover_T110 21.9921
Cover_T111 -9.19598e-05
Cover_T112 4
Cover_T113 19.9999
Cover_T114 8.14699
Cover_T115 -33.9916
Cover_T116 6.00413
Cover_T117 -13.9921
Cover_T118 -2.7171
Cover_T119 4.00004
Cover_T120 -22.0047
Cover_T121 0
Cover_T122 -42.0004
Cover_T123 2.00004
Cover_T124 7.24154
Cover_T125 10.7183
Cover_T126 7.99999
Cover_T127 30.0047
Cover_T128 48.0036
Cover_T129 50.004
Cover_T130 44.0147
Cover_T131 0.762258
Cover_T132 52.0036
Cover_T133 0.0036733
Cover_T134 52.0036
Cover_T135 -44
Cover_T136 39.3303
Cover_T137 -44.011
Cover_T138 27.5848
Cover_T139 -28.0109
Cover_T140 14.0036
Cover_T141 -42.4907
Cover_T142 0
Cover_T143 -45.2735
Cover_T144 -5.99679
Cover_T145 -29.3267
Cover_T146 2.00368
Cover_T147 -17.575
Cover_T148 2.00345
Cover_T149 -3.99947
Cover_T150 18.0034
Cover_T151 0
Cover_T152 2.00336
Cover_T153 -8.00325
Cover_T154 -13.9966
Cover_T155 8
Cover_T156 -2
Cover_T157 7.99893
Cover_T158 -9.13124
Cover_T159 -8.00001
Cover_T160 -22.817
Cover_T161 8.00004
Cover_T162 -36.3051
Cover_T163 24
Cover_T164 -46.3936
Cover_T165 12.0034
Cover_T166 0
Cover_T167 19.1347
Cover_T168 0
Cover_T169 32.6845
Cover_T170 -10.3292
Cover_T171 43.0762
Cover_T172 -26.3476
Cover_T173 52.0002
Cover_T174 -42.1994
Cover_T175 10.0033
Cover_T176 -44.0583
Cover_T177 10.0032
Cover_T178 0.00324161
Cover_T179 18.3427
Cover_T180 0.00332365
Cover_T181 30.3508
Cover_T182 -7.5972
Cover_T183 42.2022
Cover_T184 -19.5979
Cover_T185 40.0612
Cover_T186 -31.9974
Cover_T187 52.0033
Cover_T188 -43.9973
Cover_T189 4.00008
Cover_T190 -7.41531
Cover_T191 3.99939
Cover_T192 -19.4561
Cover_T193 11.6
Cover_T194 -31.4021
Cover_T195 24.0006
Cover_T196 -43.4021
Cover_T197 36.0006
Cover_T198 -21.9026
Cover_T199 53.9999
Cover_T200 -45.8572
Cover_T201 25.4535
Cover_T202 7.99995
Cover_T203 45.4023
Cover_T204 -2.00133
Cover_T205 37.6856
Cover_T206 12.0002
Cover_T207 54.8505
Cover_T208 5.83429
Cover_T209 19.783
Cover_T210 52.0003
Cover_T211 25.7865
Cover_T212 34.0023
Cover_T213 42.0162
Cover_T214 18.4459
Cover_T215 26.0546
Cover_T216 49.3267
Cover_T217 80.0292
Cover_T218 44.2172
Cover_T219 43.9955
Cover_T220 44.2174
Cover_T221 59.9941
Cover_T222 9.99991
Cover_T223 76.6993
Cover_T224 25.9664
Cover_T225 45.9953
Cover_T226 -16.0091
Cover_T227 39.9956
Cover_T228 -33.9951
Cover_T229 47.9956
Cover_T230 -29.998
Cover_T231 37.9953
Cover_T232 -24.0782
Cover_T233 45.9802
Cover_T234 -38.0095
Cover_T235 37.9954
Cover_T236 -35.9953
Cover_T237 37.9953
Cover_T238 -38.009
Cover_T239 37.9954
Cover_T240 -35.9953
Cover_T241 45.9944
Cover_T242 -37.9955
Cover_T243 37.9955
Cover_T244 -29.7606
Cover_T245 37.9954
Cover_T246 -33.9959
Cover_T247 45.9954
Cover_T248 -34.0006
Cover_T249 45.9606
Cover_T250 -46.4799
Cover_T251 53.9606
Cover_T252 -35.9953
Cover_T253 43.9953
Cover_T254 -38.9248
Cover_T255 53.96
Cover_T256 -37.9954
Cover_T257 41.9962
Cover_T258 -37.9968
Cover_T259 43.9962
Cover_T260 -37.9956
Cover_T261 41.969
Cover_T262 -43.8685
Cover_T263 54.0007
Cover_T264 -37.9955
Cover_T265 39.847
Cover_T266 -37.9955
Cover_T267 43.9961
Cover_T268 -37.9841
Cover_T269 43.9975
Cover_T270 -41.7006
Cover_T271 43.9962
Cover_T272 -39.9601
Cover_T273 49.8698
Cover_T274 -39.9601
Cover_T275 43.9961
Cover_T276 -39.961
Cover_T277 39.9797
Cover_T278 -39.9611
Cover_T279 51.7016
Cover_T280 -39.9972
Cover_T281 43.9951
Cover_T282 -39.9962
Cover_T283 43.9958
Cover_T284 -39.997
Cover_T285 47.9963
Cover_T286 -39.9961
Cover_T287 47.9967
Cover_T288 -39.9962
Cover_T289 47.9964
Cover_T290 -39.996
Cover_T291 44.0463
Cover_T292 -44.0002
Cover_T293 47.9963
Cover_T294 -39.9961
Cover_T295 49.9963
Cover_T296 -39.9962
Cover_T297 49.9963
Cover_T298 -41.9966
Cover_T299 54.0001
Cover_T300 -43.9963
Cover_T301 36.6348
Cover_T302 -39.9963
Cover_T303 51.9963
Cover_T304 -42.0458
Cover_T305 53.9967
Cover_T306 -41.9961
Cover_T307 56.0022
Cover_T308 -41.9965
Cover_T309 56.0487
Cover_T310 -41.9963
Cover_T311 53.9992
Cover_T312 -43.9982
Cover_T313 54.0024
Cover_T314 -43.9963
Cover_T315 52.0003
Cover_T316 -43.9964
Cover_T317 56.0031
Cover_T318 -43.9963
Cover_T319 58.0056
Cover_T320 -43.9985
Cover_T321 58.0039
Cover_T322 -43.9985
Cover_T323 54.0002
Cover_T324 -49.9539
Cover_T325 60.4217
Cover_T326 -49.999
Cover_T327 52.0087
Cover_T328 -52
Cover_T329 51.9998
Cover_T330 -51.9999
Cover_T331 52.0001
Cover_T332 -51.9999
Cover_T333 52
Cover_T334 -52.0004
Cover_T335 52.0813
Cover_T336 -51.9999
Cover_T337 53.9998
Cover_T338 -50.0003
Cover_T339 55.9949
Cover_T340 -50.0001
Cover_T341 54.0001
Cover_T342 -45.9999
Cover_T343 58.0516
Cover_T344 -45.9266
Cover_T345 58.0045
Cover_T346 -44.0002
Cover_T347 57.9973
Cover_T348 -35.9265
Cover_T349 64.2478
Cover_T350 -38.4962
Cover_T351 56.0031
Cover_T352 -26.0125
Cover_T353 64.1485
Cover_T354 896.262
Cover_T355 48.0049
Cover_T356 897.51
Cover_T357 48.6116
Cover_T358 930.048
Cover_T359 899.497
Cover_T360 935.387
Cover_T361 902.904
Cover_T362 931.939
Cover_T363 940.234
Cover_T364 939.389
Cover_T365 936.874
Cover_T366 935.532
Cover_T367 0
Cover_T368 933.922
Cover_T369 0
Cover_T370 945.314
Cover_T371 65.7053
Cover_T372 86.9981
Cover_T373 58.622
Cover_T374 85.2223
Cover_T375 70.0582
Cover_T376 37.7717
Cover_T377 62.6112
Cover_T378 48.9605
Cover_T379 56.3197
Cover_T380 55.7405
Cover_T381 60
Cover_T382 54.49
Cover_T383 48.0011
Cover_T384 -46.0089
Cover_T385 59.8007
Cover_T386 -45.9999
Cover_T387 36.4098
Cover_T388 -44.0001
Cover_T389 20.2499
Cover_T390 -38.0006
Cover_T391 6.00027
Cover_T392 -44.0003
Cover_T393 10.0003
Cover_T394 -28.2419
Cover_T395 -5.99976
Cover_T396 -12.3055
Cover_T397 51.9917
Cover_T398 6.48136e-05
Cover_T399 37.9892
Cover_T400 -8.00014
Cover_T401 25.9922
Cover_T402 3.99989
Cover_T403 13.992
Cover_T404 15.9999
Cover_T405 4.00401
Cover_T406 -45.9916
Cover_T407 4.00223
Cover_T408 -33.9916
Cover_T409 1.36164
Cover_T410 -21.992
Cover_T411 10.0029
Cover_T412 -9.99227
Cover_T413 -1.99582
Cover_T414 0
Cover_T415 -2.79689
Cover_T416 0
Cover_T417 -13.9974
Cover_T418 2.63953
Cover_T419 -30.0009
Cover_T420 1.9964
Cover_T421 -50.0001
Cover_T422 10.7179
Cover_T423 0
Cover_T424 30.0011
Cover_T425 0
Cover_T426 50.0004
Cover_T427 41.7734
Cover_T428 0.758907
Cover_T429 36.0146
Cover_T430 0.00290085
Cover_T431 46.4944
Cover_T432 -41.7698
Cover_T433 45.2739
Cover_T434 -36.0143
Cover_T435 29.7063
Cover_T436 -46.4907
Cover_T437 12.0001
Cover_T438 -45.2704
Cover_T439 4.00348
Cover_T440 -29.706
Cover_T441 8.34117
Cover_T442 -12
Cover_T443 6.00328
Cover_T444 2.00356
Cover_T445 22.0033
Cover_T446 7.9975
Cover_T447 6.00327
Cover_T448 0
Cover_T449 -9.99664
Cover_T450 0
Cover_T451 2.00001
Cover_T452 -15.9999
Cover_T453 -5.13129
Cover_T454 0
Cover_T455 -18.8169
Cover_T456 16
Cover_T457 -32.3051
Cover_T458 4.0033
Cover_T459 -42.3922
Cover_T460 11.1346
Cover_T461 3.99998
Cover_T462 24.8203
Cover_T463 4
Cover_T464 38.3085
Cover_T465 -6.33735
Cover_T466 48.3958
Cover_T467 -22.3479
Cover_T468 2.00342
Cover_T469 -38.7742
Cover_T470 2.00333
Cover_T471 -40.0585
Cover_T472 12.3532
Cover_T473 4.00717
Cover_T474 28.3509
Cover_T475 0.00330116
Cover_T476 44.2028
Cover_T477 -11.5973
Cover_T478 46.0616
Cover_T479 -27.9974
Cover_T480 1.99991
Cover_T481 -43.9999
Cover_T482 6
Cover_T483 -11.4539
Cover_T484 17.6005
Cover_T485 -27.4508
Cover_T486 34.0007
Cover_T487 -43.4021
Cover_T488 48.0005
Cover_T489 -21.9031
Cover_T490 13.4541
Cover_T491 -33.903
Cover_T492 23.4386
Cover_T493 -48.0007
Cover_T494 37.4019
Cover_T495 12
Cover_T496 50.0008
Cover_T497 0
Cover_T498 27.9026
Cover_T499 -4.00119
Cover_T500 39.9027
Cover_T501 17.9846
Cover_T502 55.9971
Cover_T503 7.98421
Cover_T504 -5.14927
Cover_T505 8.46963
Cover_T506 10.6737
Cover_T507 -0.0199343
Cover_T508 21.7844
Cover_T509 40.0009
Cover_T510 3.79869
Cover_T511 22.0016
Cover_T512 38.0539
Cover_T513 40.2175
Cover_T514 28.0091
Cover_T515 40.2171
Cover_T516 55.9969
Cover_T517 7.96607
Cover_T518 26.0091
Cover_T519 -22.0089
Cover_T520 39.9952
Cover_T521 -27.9981
Cover_T522 42.0368
Cover_T523 -26.0104
Cover_T524 40.4751
Cover_T525 -39.9952
Cover_T526 35.9952
Cover_T527 -36.0366
Cover_T528 37.9963
Cover_T529 -38.4751
Cover_T530 43.9604
Cover_T531 -35.9952
Cover_T532 41.9602
Cover_T533 -38.0504
Cover_T534 39.9962
Cover_T535 -43.9954
Cover_T536 39.9955
Cover_T537 -43.9968
Cover_T538 48.0009
Cover_T539 -37.9964
Cover_T540 41.9604
Cover_T541 -38.3981
Cover_T542 44.0511
Cover_T543 -43.9968
Cover_T544 49.962
Cover_T545 -39.9957
Cover_T546 49.9975
Cover_T547 -39.9603
Cover_T548 43.8341
Cover_T549 -49.701
Cover_T550 43.9968
Cover_T551 -45.9601
Cover_T552 49.961
Cover_T553 -45.9598
Cover_T554 45.9963
Cover_T555 -39.9617
Cover_T556 41.9962
Cover_T557 -39.996
Cover_T558 52.0353
Cover_T559 -45.9962
Cover_T560 49.9959
Cover_T561 -39.9988
Cover_T562 49.9957
Cover_T563 -39.9963
Cover_T564 41.9961
Cover_T565 -41.9962
Cover_T566 39.9962
Cover_T567 -39.9961
Cover_T568 39.9967
Cover_T569 -42.0461
Cover_T570 41.9634
Cover_T571 -39.997
Cover_T572 39.9964
Cover_T573 -39.9929
Cover_T574 45.9964
Cover_T575 -41.9965
Cover_T576 39.9964
Cover_T577 -39.9245
Cover_T578 39.9964
Cover_T579 -45.9961
Cover_T580 41.9963
Cover_T581 -42.0002
Cover_T582 43.9929
Cover_T583 -39.9966
Cover_T584 47.9971
Cover_T585 -39.9962
Cover_T586 45.9244
Cover_T587 -48.0007
Cover_T588 51.9963
Cover_T589 -45.9962
Cover_T590 48.0003
Cover_T591 -39.9966
Cover_T592 45.9965
Cover_T593 -43.2795
Cover_T594 47.9963
Cover_T595 -45.9963
Cover_T596 50.3814
Cover_T597 -41.9965
Cover_T598 53.9962
Cover_T599 -44.0461
Cover_T600 47.9966
Cover_T601 -40.1259
Cover_T602 49.631
Cover_T603 -42.9515
Cover_T604 53.9983
Cover_T605 -41.9989
Cover_T606 49.9986
Cover_T607 -41.9963
Cover_T608 52.0482
Cover_T609 -39.7336
Cover_T610 54.0484
Cover_T611 -41.9966
Cover_T612 52.0022
Cover_T613 -43.9985
Cover_T614 52.0044
Cover_T615 -44.5947
Cover_T616 51.1565
Cover_T617 -49.6665
Cover_T618 49.999
Cover_T619 -50.0006
Cover_T620 52.5984
Cover_T621 -51.1562
Cover_T622 57.668
Cover_T623 -49.999
Cover_T624 55.9999
Cover_T625 -45.9266
Cover_T626 52
Cover_T627 -50.0001
Cover_T628 56.0064
Cover_T629 -42.0002
Cover_T630 52
Cover_T631 -50.0002
Cover_T632 55.9975
Cover_T633 -45.9264
Cover_T634 49.9966
Cover_T635 -41.9265
Cover_T636 62.2479
Cover_T637 -40.7054
Cover_T638 52.2496
Cover_T639 -44.4963
Cover_T640 50.4097
Cover_T641 -24.0063
Cover_T642 49.8983
Cover_T643 -32.0061
Cover_T644 62.1482
Cover_T645 -41.9999
Cover_T646 58.0048
Cover_T647 899.122
Cover_T648 44.1294
Cover_T649 891.229
Cover_T650 905.001
Cover_T651 930.278
Cover_T652 892.962
Cover_T653 931.944
Cover_T654 886.772
Cover_T655 925.942
Cover_T656 946.417
Cover_T657 925.141
Cover_T658 933.52
Cover_T659 943.61
Cover_T660 941.064
Cover_T661 941.998
Cover_T662 974.006
Cover_T663 944
Cover_T664 1028.01
Cover_T665 935.852
Cover_T666 101.168
Cover_T667 932.245
Cover_T668 96.4901
Cover_T669 945.315
Cover_T670 63.7053
Cover_T671 88.9988
Cover_T672 56.6129
Cover_T673 91.0223
Cover_T674 62.0583
Cover_T675 35.7718
Cover_T676 46.6117
Cover_T677 47.1284
Cover_T678 56.3197
Cover_T679 53.7405
Cover_T680 50.0003
Cover_T681 52.4899
Cover_T682 38.2424
Cover_T683 -52
Cover_T684 32.2435
Cover_T685 -40.0092
Cover_T686 19.9818
Cover_T687 -52
Cover_T688 8.16809
Cover_T689 -46
Cover_T690 14.0001
Cover_T691 -44.0006
Cover_T692 4.0001
Cover_T693 -32.0006
Cover_T694 -9.99988
Cover_T695 -42.0003
Cover_T696 51.9919
Cover_T697 -30.2418
Cover_T698 39.9919
Cover_T699 -18.2427
Cover_T700 27.9922
Cover_T701 -6.30548
Cover_T702 15.9922
Cover_T703 2.00008
Cover_T704 6.00001
Cover_T705 -6.00007
Cover_T706 5.99807
Cover_T707 5.9999
Cover_T708 3.35754
Cover_T709 17.9999
Cover_T710 12.0029
Cover_T711 -43.9916
Cover_T712 0.00406331
Cover_T713 -31.9916
Cover_T714 -0.712361
Cover_T715 -19.992
Cover_T716 -12.0122
Cover_T717 -7.992
Cover_T718 -24.0006
Cover_T719 2
Cover_T720 -36.0003
Cover_T721 2.00188
Cover_T722 -48.0002
Cover_T723 4.64246
Cover_T724 2.0038
Cover_T725 -7.99893
Cover_T726 3.23789
Cover_T727 0
Cover_T728 2.00006
Cover_T729 7.99147
Cover_T730 8.00064
Cover_T731 4.72099
Cover_T732 -0.00108326
Cover_T733 12.0163
Cover_T734 52.0038
Cover_T735 20.0012
Cover_T736 44.0038
Cover_T737 28.0046
Cover_T738 52.0038
Cover_T739 36.0042
Cover_T740 44.0146
Cover_T741 44.0042
Cover_T742 36.0145
Cover_T743 52.0037
Cover_T744 28.0145
Cover_T745 0
Cover_T746 50.4943
Cover_T747 -1.23774
Cover_T748 42.4935
Cover_T749 0
Cover_T750 53.274
Cover_T751 -5.99691
Cover_T752 45.274
Cover_T753 2.00311
Cover_T754 33.3291
Cover_T755 -42
Cover_T756 21.5787
Cover_T757 -42.0111
Cover_T758 8.00323
Cover_T759 -26.0109
Cover_T760 4.00335
Cover_T761 -40.4907
Cover_T762 12.0035
Cover_T763 -43.2704
Cover_T764 -3.9963
Cover_T765 -27.3246
Cover_T766 -3.99547
Cover_T767 -15.5751
Cover_T768 12.0035
Cover_T769 0
Cover_T770 -7.99698
Cover_T771 8.0002
Cover_T772 0
Cover_T773 3.99993
Cover_T774 -11.1313
Cover_T775 7.99892
Cover_T776 -28.6813
Cover_T777 -4.0002
Cover_T778 -43.0729
Cover_T779 16
Cover_T780 1.99998
Cover_T781 6.00335
Cover_T782 1.99999
Cover_T783 13.1346
Cover_T784 -8.33376
Cover_T785 26.8203
Cover_T786 -24.3477
Cover_T787 40.3059
Cover_T788 -40.1994
Cover_T789 50.3942
Cover_T790 -42.0583
Cover_T791 4.00333
Cover_T792 2.00327
Cover_T793 4.00328
Cover_T794 -1.99667
Cover_T795 14.3405
Cover_T796 -11.5973
Cover_T797 26.3507
Cover_T798 -23.9979
Cover_T799 38.7769
Cover_T800 -35.9973
Cover_T801 52.0027
Cover_T802 -47.9972
Cover_T803 48.0616
Cover_T804 -11.4514
Cover_T805 0
Cover_T806 -23.454
Cover_T807 0
Cover_T808 -35.4022
Cover_T809 7.59991
Cover_T810 -48.0006
Cover_T811 19.6
Cover_T812 -25.9026
Cover_T813 34
Cover_T814 -37.9023
Cover_T815 45.9997
Cover_T816 -49.9998
Cover_T817 53.9998
Cover_T818 14
Cover_T819 13.5997
Cover_T820 6.00004
Cover_T821 22.9639
Cover_T822 -1.99991
Cover_T823 29.4511
Cover_T824 -0.0012838
Cover_T825 37.4021
Cover_T826 -8.00126
Cover_T827 51.1852
Cover_T828 17.9844
Cover_T829 56
Cover_T830 9.98442
Cover_T831 29.9027
Cover_T832 2.00007
Cover_T833 37.9032
Cover_T834 9.97944
Cover_T835 52.5313
Cover_T836 1.98006
Cover_T837 71.7828
Cover_T838 -6.0198
Cover_T839 -0.216918
Cover_T840 50.0003
Cover_T841 15.7851
Cover_T842 42.0002
Cover_T843 15.783
Cover_T844 34.004
Cover_T845 56.0019
Cover_T846 24.0018
Cover_T847 56.0019
Cover_T848 13.5134
Cover_T849 22.0497
Cover_T850 9.29655
Cover_T851 22.0497
Cover_T852 48.0004
Cover_T853 76.0094
Cover_T854 39.9998
Cover_T855 60.0301
Cover_T856 45.3266
Cover_T857 86.0154
Cover_T858 24.2173
Cover_T859 88.0183
Cover_T860 42.2174
Cover_T861 28.0775
Cover_T862 26.2306
Cover_T863 42.0091
Cover_T864 42.2175
Cover_T865 55.994
Cover_T866 0
Cover_T867 58.0077
Cover_T868 7.99991
Cover_T869 70.6994
Cover_T870 7.96749
Cover_T871 80.6988
Cover_T872 23.9664
Cover_T873 33.7606
Cover_T874 -22.0091
Cover_T875 45.9953
Cover_T876 -12.01
Cover_T877 50.4752
Cover_T878 -23.9978
Cover_T879 47.1025
Cover_T880 -24.0091
Cover_T881 39.9955
Cover_T882 -24.0091
Cover_T883 37.9955
Cover_T884 -36.0004
Cover_T885 41.9603
Cover_T886 -33.9953
Cover_T887 46.3986
Cover_T888 -35.9953
Cover_T889 48.0006
Cover_T890 -39.9967
Cover_T891 39.9964
Cover_T892 -39.8685
Cover_T893 39.9963
Cover_T894 -37.9954
Cover_T895 48.001
Cover_T896 -37.9963
Cover_T897 41.8192
Cover_T898 -37.9955
Cover_T899 45.996
Cover_T900 -37.9954
Cover_T901 49.9974
Cover_T902 -43.9626
Cover_T903 47.8691
Cover_T904 -39.9601
Cover_T905 45.9962
Cover_T906 -39.962
Cover_T907 41.9962
Cover_T908 -39.9965
Cover_T909 39.9964
Cover_T910 -41.9616
Cover_T911 49.7018
Cover_T912 -39.9963
Cover_T913 45.9961
Cover_T914 -45.9962
Cover_T915 45.9953
Cover_T916 -39.9961
Cover_T917 39.9969
Cover_T918 -39.9962
Cover_T919 39.9962
Cover_T920 -41.9962
Cover_T921 45.9962
Cover_T922 -43.9926
Cover_T923 39.999
Cover_T924 -45.9958
Cover_T925 39.9964
Cover_T926 -39.996
Cover_T927 45.9964
Cover_T928 -39.9961
Cover_T929 41.9973
Cover_T930 -41.9964
Cover_T931 41.6456
Cover_T932 -41.9975
Cover_T933 45.9931
Cover_T934 -43.9963
Cover_T935 51.9963
Cover_T936 -41.9966
Cover_T937 46.1258
Cover_T938 -39.9962
Cover_T939 50.0002
Cover_T940 -39.9965
Cover_T941 51.9965
Cover_T942 -46.0461
Cover_T943 47.7381
Cover_T944 -39.9966
Cover_T945 53.9964
Cover_T946 -39.9963
Cover_T947 51.9988
Cover_T948 -42.0001
Cover_T949 53.9944
Cover_T950 -34.6339
Cover_T951 50.012
Cover_T952 -44.0018
Cover_T953 61.6207
Cover_T954 -44.0002
Cover_T955 48.9177
Cover_T956 -43.9965
Cover_T957 57.9538
Cover_T958 -43.9985
Cover_T959 56
Cover_T960 -44.0117
Cover_T961 56.0056
Cover_T962 -43.9985
Cover_T963 60.0037
Cover_T964 -43.9985
Cover_T965 52.0001
Cover_T966 -49.9989
Cover_T967 54.0011
Cover_T968 35.9939
Cover_T969 -1.99992
Cover_T970 23.9973
Cover_T971 2.07347
Cover_T972 62.2841
Cover_T973 7.99983
Cover_T974 64.4174
Cover_T975 7.9997
Cover_T976 54.6271
Cover_T977 8.07352
Cover_T978 46.4493
Cover_T979 9.50376
Cover_T980 35.117
Cover_T981 0
Cover_T982 23.1163
Cover_T983 0
Cover_T984 16.0856
Cover_T985 897.226
Cover_T986 18.1488
Cover_T987 929.877
Cover_T988 904.746
Cover_T989 939.315
Cover_T990 893.162
Cover_T991 950.939
Cover_T992 934.536
Cover_T993 968.883
Cover_T994 982.006
Cover_T995 980.883
Cover_T996 1039.83
Cover_T997 987.914
Cover_T998 102.077
Cover_T999 981.851
Cover_T1000 69.7048
Cover_T1001 95.1807
Cover_T1002 70.0585
Cover_T1003 106.764
Cover_T1004 54.67
Cover_T1005 63.9601
Cover_T1006 36.059
Cover_T1007 0
Cover_T1008 28
Cover_T1009 -39.5871
Cover_T1010 54
Cover_T1011 -38.0564
Cover_T1012 52.0001
Cover_T1013 -10.059
Cover_T1014 52.0001
Cover_T1015 0
Cover_T1016 0
Cover_T1017 54
Cover_T1018 -16.0012
Cover_T1019 51.9979
Cover_T1020 -44.0012
Cover_T1021 59.7831
Cover_T1022 -30.0158
Cover_T1023 43.783
Cover_T1024 -51.273
Cover_T1025 47.7842
Cover_T1026 0
Cover_T1027 98.0018
Cover_T1028 2.26345
Cover_T1029 98.0004
Cover_T1030 0
Cover_T1031 90.0339
Cover_T1032 89.1452
Cover_T1033 80.0341
Cover_T1034 87.9266
Cover_T1035 110.025
Cover_T1036 97.3267
Cover_T1037 110.025
Cover_T1038 76.2327
Cover_T1039 135.995
Cover_T1040 92.2175
Cover_T1041 129.271
Cover_T1042 84.2153
Cover_T1043 126.078
Cover_T1044 92.2174
Cover_T1045 84.0087
Cover_T1046 42.0009
Cover_T1047 87.7324
Cover_T1048 57.9999
Cover_T1049 84.0096
Cover_T1050 65.9664
Cover_T1051 0
Cover_T1052 65.9662
Cover_T1053 4.06912
Cover_T1054 19.2342
Cover_T1055 3.98019
Cover_T1056 23.9225
Cover_T1057 -0.00563735
Cover_T1058 0
Cover_T1059 3.99561
Cover_T1060 14.1537
Cover_T1061 24.753
Cover_T1062 0
Cover_T1063 25.9871
Cover_T1064 10.0046
Cover_T1065 16.0007
Cover_T1066 4.04003
Count_D0 -994.803
Count_D1 -1000
Max_H0_P0 0
Max_H0_P1 0
Max_H0_P2 0
Max_H0_P3 0
Max_H0_P4 -8.403e-05
Max_H0_P5 -6.11773e-05
Max_H0_P6 -0.000139871
Max_H0_P7 0
Max_H0_P8 0
Max_H0_P9 0
Max_H0_P10 0
Max_H0_P11 0
Max_H0_P12 0
Max_H0_P13 0
Max_H0_P14 0
Max_H0_P15 -0.000251279
Max_H0_P16 -0.000126221
Max_H0_P17 -4.21336e-05
Max_H0_P18 -0.00403563
Max_H0_P19 -0.00407246
Max_H0_P20 -0.00382634
Max_H0_P21 -0.00379921
Max_H0_P22 -0.00380626
Max_H0_P23 -0.00366604
Max_H0_P24 -0.0036366
Max_H0_P25 -0.00359998
Max_H0_P26 -0.00362421
Max_H0_P27 -0.00353925
Max_H0_P28 -0.00349592
Max_H0_P29 -0.00336489
Max_H0_P30 -0.00335602
Max_H0_P31 -0.00338955
Max_H0_P32 -0.00335891
Max_H0_P33 -0.00332006
Max_H0_P34 -0.00329597
Max_H0_P35 -0.00330578
Max_H0_P36 -0.00333288
Max_H0_P37 -0.00332118
Max_H0_P38 -0.00331812
Max_H0_P39 -0.000606086
Max_H0_P40 -0.00058986
Max_H0_P41 -0.000578612
Max_H0_P42 -0.000598552
Max_H0_P43 -0.000441877
Max_H0_P44 -0.000442369
Max_H0_P45 -3.30608e-06
Max_H0_P46 0
Max_H0_P47 0
Max_H0_P48 0
Max_H0_P49 0
Max_H0_P50 0
Max_H0_P51 0
Max_H0_P52 0
Max_H0_P53 0
Max_H0_P54 0
Max_H0_P55 0
Max_H0_P56 0
Max_H0_P57 -0.0351814
Max_H0_P58 0
Max_H0_P59 0
Max_H0_P60 0
Max_H0_P61 0
Max_H0_P62 -0.000109621
Max_H0_P63 -5.59909e-05
Max_H0_P64 9.59588e-12
Max_H0_P65 0
Max_H0_P66 0
Max_H0_P67 0
Max_H0_P68 0
Max_H0_P69 0
Max_H0_P70 0
Max_H0_P71 0
Max_H0_P72 0
Max_H0_P73 0
Max_H0_P74 0
Max_H0_P75 0
Max_H0_P76 0
Max_H0_P77 0
Max_H0_P78 0
Max_H0_P79 3.6664e-12
Max_H0_P80 0
Max_H0_P81 0
Max_H1_P0 0
Max_H1_P1 0
Max_H1_P2 0
Max_H1_P3 -4.85373e-06
Max_H1_P4 0
Max_H1_P5 -8.77701e-05
Max_H1_P6 -0.00012844
Max_H1_P7 -1.41936e-05
Max_H1_P8 0
Max_H1_P9 0
Max_H1_P10 0
Max_H1_P11 0
Max_H1_P12 0
Max_H1_P13 0
Max_H1_P14 0
Max_H1_P15 -0.000219034
Max_H1_P16 -0.000126701
Max_H1_P17 0
Max_H1_P18 -0.0040695
Max_H1_P19 -0.00402831
Max_H1_P20 -0.00382634
Max_H1_P21 -0.003807
Max_H1_P22 -0.0037923
Max_H1_P23 -0.00364003
Max_H1_P24 -0.00361787
Max_H1_P25 -0.00362194
Max_H1_P26 -0.00362389
Max_H1_P27 -0.00357438
Max_H1_P28 -0.00345658
Max_H1_P29 -0.00338341
Max_H1_P30 -0.00335456
Max_H1_P31 -0.00336138
Max_H1_P32 -0.00333829
Max_H1_P33 -0.00335761
Max_H1_P34 -0.00330023
Max_H1_P35 -0.00332038
Max_H1_P36 -0.00331356
Max_H1_P37 -0.00329325
Max_H1_P38 -0.00325437
Max_H1_P39 -0.000605794
Max_H1_P40 -0.000598552
Max_H1_P41 -0.000603154
Max_H1_P42 -0.000589076
Max_H1_P43 -0.000402751
Max_H1_P44 -0.00041818
Max_H1_P45 0
Max_H1_P46 0
Max_H1_P47 0
Max_H1_P48 0
Max_H1_P49 0
Max_H1_P50 0
Max_H1_P51 0
Max_H1_P52 -3.74473e-06
Max_H1_P53 0
Max_H1_P54 0
Max_H1_P55 0
Max_H1_P56 -0.000112561
Max_H1_P57 -0.0352015
Max_H1_P58 -5.91276e-05
Max_H1_P59 -3.71872e-05
Max_H1_P60 -3.30365e-06
Max_H1_P61 -3.26475e-05
Max_H1_P62 -0.000242963
Max_H1_P63 -1.87196e-06
Max_H1_P64 -1.55439e-05
Max_H1_P65 0
Max_H1_P66 0
Max_H1_P67 0
Max_H1_P68 -1.96006e-05
Max_H1_P69 0
Max_H1_P70 0
Max_H1_P71 0
Max_H1_P72 0
Max_H1_P73 0
Max_H1_P74 0
Max_H1_P75 0
Max_H1_P76 0
Max_H1_P77 -1.64804e-05
Max_H1_P78 2.42292e-11
Max_H1_P79 0
Max_H1_P80 0
Max_H1_P81 0
