
Branch and bound

  Entire solving process        :                           (Time  21893.7)
  No feasible solution was found
  Best relaxation cost          :     69159.52 (Node     0) (Time  21893.7)
  Lower bound after cuts        :     69159.52
  End lower bound               : -inf
  Deepest level reached         : 0
  Deepest real level reached    : 0
  Number of real nodes solved   : 1
  Stopping condition            : too much time

Problem identification

  Problem                       : <null>
  Machine                       : oslo2.gerad.lan

Solving process summary

  Linear relaxations            :        1
  Column generation iterations  :      525
  Shortest paths solved         :    11112
  Columns generated             :   119459

Instance characteristics

  Resources                     : 3
  Node types                    : no
  Arc types                     : no
  Strong resource windows       : no
  Weak resource windows         : no
  Resource windows (nodes)      : 3
  Resource values (arcs)        : 3
  Values on nodes               : no

  Rows                          : 1233
  Initial columns               : 2
  Tasks                         : 1071
  Strong tasks                  : 1067
  Weak tasks                    : 4
  Initial task constraints      : no
  Nodes                         : 1399
  Arc sets                      : 1
  Arcs                          : 50512
  Networks                      : 2
  Models                        : 1

Memory used per module (Megs)

  Parser (reused)               :     10.300
  Networks                      :     39.111
  Column generator              :     16.226
  Master problem                :     11.696
  -----------------
  Total                         :     67.033

Cpu time per module (seconds)

  Parser                        :        0.0
  Preprocessor                  :        0.0
  Lr solver manager             :        0.4
  Column generator              :      420.6
    (Shortest path)             :      389.8
  Master problem                :    21472.6
  -------------------
  Total (without b&b)           :    21893.7

Real elapsed time (seconds)

  Parser                        :        0.1
  Preprocessor                  :        0.0
  Lr solver manager             :        0.4
  Column generator              :      421.1
    (Shortest path)             :      390.2
  Master problem                :    21507.9
  -------------------
  Total (without b&b)           :    21929.5
