
Branch and bound

  Entire solving process        :                           (Time    135.2)
  No feasible solution was found
  Best relaxation cost          :     69748.76 (Node     0) (Time    135.2)
  Lower bound after cuts        :     69748.76
  End lower bound               :     69748.76
  Deepest level reached         : 0
  Deepest real level reached    : 0
  Number of real nodes solved   : 1
  Stopping condition            : enough nodes explored

Problem identification

  Problem                       : <null>
  Machine                       : oslo3.gerad.lan

Solving process summary

  Linear relaxations            :        1
  Column generation iterations  :      107
  Shortest paths solved         :     6395
  Columns generated             :    53755

Instance characteristics

  Resources                     : 3
  Node types                    : no
  Arc types                     : no
  Strong resource windows       : no
  Weak resource windows         : no
  Resource windows (nodes)      : 3
  Resource values (arcs)        : 3
  Values on nodes               : no

  Rows                          : 1024
  Initial columns               : 475
  Tasks                         : 862
  Strong tasks                  : 584
  Weak tasks                    : 4
  Initial task constraints      : no
  Nodes                         : 1190
  Arc sets                      : 1
  Arcs                          : 33776
  Networks                      : 2
  Models                        : 1

Memory used per module (Megs)

  Parser (reused)               :      7.031
  Networks                      :     33.057
  Column generator              :      6.902
  Master problem                :      9.882
  -----------------
  Total                         :     49.840

Cpu time per module (seconds)

  Parser                        :        0.0
  Preprocessor                  :        0.0
  Lr solver manager             :        0.1
  Column generator              :       58.2
    (Shortest path)             :       50.4
  Master problem                :       76.9
  -------------------
  Total (without b&b)           :      135.1

Real elapsed time (seconds)

  Parser                        :        0.0
  Preprocessor                  :        0.0
  Lr solver manager             :        0.1
  Column generator              :       58.1
    (Shortest path)             :       50.1
  Master problem                :       76.9
  -------------------
  Total (without b&b)           :      135.2
