Cover_T0 52
Cover_T1 -52
Cover_T2 52
Cover_T3 -52
Cover_T4 52
Cover_T5 -52
Cover_T6 52
Cover_T7 -52
Cover_T8 52
Cover_T9 -52
Cover_T10 52
Cover_T11 -52
Cover_T12 52
Cover_T13 -52
Cover_T14 52
Cover_T15 -52
Cover_T16 52
Cover_T17 -52
Cover_T18 54
Cover_T19 -52
Cover_T20 52
Cover_T21 -42
Cover_T22 62
Cover_T23 -42
Cover_T24 62
Cover_T25 -42
Cover_T26 66
Cover_T27 -42
Cover_T28 62
Cover_T29 -36
Cover_T30 60
Cover_T31 -36
Cover_T32 64
Cover_T33 -22
Cover_T34 52
Cover_T35 0
Cover_T36 68
Cover_T37 896
Cover_T38 52
Cover_T39 882
Cover_T40 1002
Cover_T41 896
Cover_T42 972
Cover_T43 916
Cover_T44 972
Cover_T45 904
Cover_T46 930
Cover_T47 882
Cover_T48 22
Cover_T49 950
Cover_T50 22
Cover_T51 14
Cover_T52 100
Cover_T53 14
Cover_T54 76
Cover_T55 38
Cover_T56 78
Cover_T57 50
Cover_T58 90
Cover_T59 66
Cover_T60 26
Cover_T61 82
Cover_T62 12
Cover_T63 -14
Cover_T64 8
Cover_T65 0
Cover_T66 34
Cover_T67 -4
Cover_T68 10
Cover_T69 8
Cover_T70 4
Cover_T71 12
Cover_T72 6
Cover_T73 8
Cover_T74 8
Cover_T75 -10
Cover_T76 6
Cover_T77 -2.0199e-09
Cover_T78 2
Cover_T79 2
Cover_T80 18
Cover_T81 -1.98725e-10
Cover_T82 -6.62226e-12
Cover_T83 2
Cover_T84 10
Cover_T85 6
Cover_T86 0
Cover_T87 -2
Cover_T88 8
Cover_T89 -6
Cover_T90 -18
Cover_T91 8
Cover_T92 -46
Cover_T93 0
Cover_T94 4
Cover_T95 20
Cover_T96 -8
Cover_T97 36
Cover_T98 -24
Cover_T99 52
Cover_T100 -40
Cover_T101 6
Cover_T102 26
Cover_T103 2
Cover_T104 10
Cover_T105 18
Cover_T106 0
Cover_T107 34
Cover_T108 26
Cover_T109 52
Cover_T110 6
Cover_T111 -10
Cover_T112 0
Cover_T113 4
Cover_T114 8
Cover_T115 -18
Cover_T116 6
Cover_T117 2
Cover_T118 -14
Cover_T119 8
Cover_T120 -34
Cover_T121 -3.62572e-11
Cover_T122 8
Cover_T123 2
Cover_T124 4
Cover_T125 22
Cover_T126 6
Cover_T127 42
Cover_T128 0
Cover_T129 0
Cover_T130 8
Cover_T131 4
Cover_T132 8
Cover_T133 2
Cover_T134 6
Cover_T135 8
Cover_T136 0
Cover_T137 0
Cover_T138 12
Cover_T139 0
Cover_T140 10
Cover_T141 2
Cover_T142 2.48129e-10
Cover_T143 8
Cover_T144 -2
Cover_T145 0
Cover_T146 12
Cover_T147 0
Cover_T148 10
Cover_T149 14
Cover_T150 10
Cover_T151 4
Cover_T152 -16
Cover_T153 6
Cover_T154 -40
Cover_T155 2
Cover_T156 7.47562e-11
Cover_T157 26
Cover_T158 22
Cover_T159 48
Cover_T160 0
Cover_T161 64
Cover_T162 4
Cover_T163 32
Cover_T164 16
Cover_T165 6
Cover_T166 -6
Cover_T167 0
Cover_T168 -26
Cover_T169 24
Cover_T170 0
Cover_T171 10
Cover_T172 8
Cover_T173 28
Cover_T174 -12
Cover_T175 52
Cover_T176 -36
Cover_T177 16
Cover_T178 2
Cover_T179 6
Cover_T180 4
Cover_T181 26
Cover_T182 -5.72271e-11
Cover_T183 42
Cover_T184 -2
Cover_T185 54
Cover_T186 -8
Cover_T187 14
Cover_T188 -4
Cover_T189 6
Cover_T190 -14
Cover_T191 16
Cover_T192 -4
Cover_T193 10
Cover_T194 -2
Cover_T195 10
Cover_T196 -26
Cover_T197 26
Cover_T198 -10
Cover_T199 20
Cover_T200 -6
Cover_T201 18
Cover_T202 -20
Cover_T203 38
Cover_T204 -40
Cover_T205 28
Cover_T206 -16
Cover_T207 26
Cover_T208 -16
Cover_T209 54
Cover_T210 -30
Cover_T211 30
Cover_T212 -10
Cover_T213 28
Cover_T214 -14
Cover_T215 30
Cover_T216 -34
Cover_T217 62
Cover_T218 -12
Cover_T219 52
Cover_T220 -12
Cover_T221 54
Cover_T222 -12
Cover_T223 80
Cover_T224 -18
Cover_T225 54
Cover_T226 -36
Cover_T227 62
Cover_T228 -44
Cover_T229 56
Cover_T230 -50
Cover_T231 52
Cover_T232 -52
Cover_T233 52
Cover_T234 -52
Cover_T235 52
Cover_T236 -52
Cover_T237 54
Cover_T238 -52
Cover_T239 52
Cover_T240 -42
Cover_T241 62
Cover_T242 -44
Cover_T243 62
Cover_T244 -38
Cover_T245 44
Cover_T246 -52
Cover_T247 60
Cover_T248 -30
Cover_T249 38
Cover_T250 0
Cover_T251 64
Cover_T252 894
Cover_T253 52
Cover_T254 874
Cover_T255 984
Cover_T256 904
Cover_T257 984
Cover_T258 916
Cover_T259 942
Cover_T260 886
Cover_T261 34
Cover_T262 894
Cover_T263 34
Cover_T264 0
Cover_T265 1.52365e-08
Cover_T266 26
Cover_T267 88
Cover_T268 26
Cover_T269 88
Cover_T270 50
Cover_T271 82
Cover_T272 62
Cover_T273 34
Cover_T274 82
Cover_T275 12
Cover_T276 -14
Cover_T277 0
Cover_T278 1.61307e-10
Cover_T279 8
Cover_T280 -4
Cover_T281 22
Cover_T282 8
Cover_T283 8
Cover_T284 12
Cover_T285 6.05839e-09
Cover_T286 8
Cover_T287 0
Cover_T288 -14
Cover_T289 6
Cover_T290 0
Cover_T291 8
Cover_T292 8
Cover_T293 8
Cover_T294 6
Cover_T295 28
Cover_T296 -2.35787e-10
Cover_T297 12
Cover_T298 -2
Cover_T299 28
Cover_T300 -2
Cover_T301 12
Cover_T302 -20
Cover_T303 4.888e-11
Cover_T304 -3.60663e-09
Cover_T305 0
Cover_T306 -12
Cover_T307 2
Cover_T308 0
Cover_T309 -16
Cover_T310 3.31042e-11
Cover_T311 -36
Cover_T312 -2
Cover_T313 6
Cover_T314 20
Cover_T315 -2
Cover_T316 48
Cover_T317 -30
Cover_T318 -2
Cover_T319 24
Cover_T320 22
Cover_T321 2
Cover_T322 50
Cover_T323 22
Cover_T324 -16
Cover_T325 6
Cover_T326 0
Cover_T327 4
Cover_T328 10
Cover_T329 -12
Cover_T330 -16
Cover_T331 0
Cover_T332 -2.39241e-09
Cover_T333 2
Cover_T334 2
Cover_T335 -14
Cover_T336 18
Cover_T337 -32
Cover_T338 10
Cover_T339 -52
Cover_T340 12
Cover_T341 0
Cover_T342 32
Cover_T343 0
Cover_T344 52
Cover_T345 2
Cover_T346 6.4711e-11
Cover_T347 -1.14447e-09
Cover_T348 5.8856e-11
Cover_T349 3.82336e-10
Cover_T350 -2
Cover_T351 0
Cover_T352 0
Cover_T353 2
Cover_T354 0
Cover_T355 -6
Cover_T356 9.63638e-11
Cover_T357 5.39755e-09
Cover_T358 -2
Cover_T359 0
Cover_T360 6
Cover_T361 -1.28737e-10
Cover_T362 0
Cover_T363 0
Cover_T364 5.32452e-09
Cover_T365 2
Cover_T366 0
Cover_T367 8
Cover_T368 6
Cover_T369 16
Cover_T370 8.60911e-12
Cover_T371 -2
Cover_T372 0
Cover_T373 -28
Cover_T374 0
Cover_T375 0
Cover_T376 38
Cover_T377 16
Cover_T378 60
Cover_T379 12
Cover_T380 38
Cover_T381 20
Cover_T382 12
Cover_T383 -12
Cover_T384 24
Cover_T385 8
Cover_T386 16
Cover_T387 6
Cover_T388 48
Cover_T389 -26
Cover_T390 2
Cover_T391 2
Cover_T392 22
Cover_T393 -7.58001e-11
Cover_T394 56
Cover_T395 -1.35003e-10
Cover_T396 6
Cover_T397 -2
Cover_T398 6
Cover_T399 -2
Cover_T400 14
Cover_T401 -14
Cover_T402 10
Cover_T403 -12
Cover_T404 22
Cover_T405 -28
Cover_T406 12
Cover_T407 -8
Cover_T408 28
Cover_T409 -6
Cover_T410 22
Cover_T411 -10
Cover_T412 38
Cover_T413 -26
Cover_T414 18
Cover_T415 -44
Cover_T416 12
Cover_T417 -6
Cover_T418 22
Cover_T419 -26
Cover_T420 38
Cover_T421 -10
Cover_T422 52
Cover_T423 -26
Cover_T424 18
Cover_T425 -28
Cover_T426 34
Cover_T427 -44
Cover_T428 18
Cover_T429 -14
Cover_T430 40
Cover_T431 -12
Cover_T432 36
Cover_T433 -28
Cover_T434 52
Cover_T435 -44
Cover_T436 26
Cover_T437 -18
Cover_T438 46
Cover_T439 -12
Cover_T440 66
Cover_T441 -12
Cover_T442 76
Cover_T443 -18
Cover_T444 56
Cover_T445 -30
Cover_T446 60
Cover_T447 -36
Cover_T448 56
Cover_T449 -42
Cover_T450 50
Cover_T451 -48
Cover_T452 52
Cover_T453 -50
Cover_T454 52
Cover_T455 -50
Cover_T456 62
Cover_T457 -36
Cover_T458 58
Cover_T459 -36
Cover_T460 56
Cover_T461 -40
Cover_T462 60
Cover_T463 -26
Cover_T464 60
Cover_T465 4.7621e-11
Cover_T466 74
Cover_T467 888
Cover_T468 48
Cover_T469 910
Cover_T470 994
Cover_T471 918
Cover_T472 978
Cover_T473 900
Cover_T474 952
Cover_T475 960
Cover_T476 910
Cover_T477 954
Cover_T478 114
Cover_T479 970
Cover_T480 80
Cover_T481 24
Cover_T482 78
Cover_T483 40
Cover_T484 82
Cover_T485 58
Cover_T486 18
Cover_T487 74
Cover_T488 12
Cover_T489 -22
Cover_T490 36
Cover_T491 -6
Cover_T492 14
Cover_T493 -12
Cover_T494 8
Cover_T495 0
Cover_T496 10
Cover_T497 4
Cover_T498 16
Cover_T499 0
Cover_T500 3.13515e-10
Cover_T501 -22
Cover_T502 0
Cover_T503 -6
Cover_T504 0
Cover_T505 -2.01935e-09
Cover_T506 20
Cover_T507 -2
Cover_T508 4
Cover_T509 -8
Cover_T510 20
Cover_T511 8
Cover_T512 4
Cover_T513 6
Cover_T514 2
Cover_T515 6
Cover_T516 -5.8094e-11
Cover_T517 -14
Cover_T518 6
Cover_T519 0
Cover_T520 -8
Cover_T521 -14
Cover_T522 -24
Cover_T523 2
Cover_T524 -40
Cover_T525 4
Cover_T526 6
Cover_T527 6
Cover_T528 6
Cover_T529 3.39924e-11
Cover_T530 -6
Cover_T531 14
Cover_T532 -22
Cover_T533 30
Cover_T534 -38
Cover_T535 46
Cover_T536 28
Cover_T537 0
Cover_T538 12
Cover_T539 0
Cover_T540 2
Cover_T541 12
Cover_T542 28
Cover_T543 28
Cover_T544 12
Cover_T545 44
Cover_T546 4
Cover_T547 -10
Cover_T548 4
Cover_T549 12
Cover_T550 -6
Cover_T551 -2
Cover_T552 -34
Cover_T553 12
Cover_T554 1.15863e-12
Cover_T555 6
Cover_T556 0
Cover_T557 4
Cover_T558 6
Cover_T559 20
Cover_T560 4
Cover_T561 36
Cover_T562 6
Cover_T563 52
Cover_T564 1.01221e-11
Cover_T565 6
Cover_T566 4
Cover_T567 6
Cover_T568 6
Cover_T569 0
Cover_T570 4
Cover_T571 2
Cover_T572 1.17578e-10
Cover_T573 1.83853e-11
Cover_T574 4
Cover_T575 6
Cover_T576 6
Cover_T577 2
Cover_T578 1.84066e-10
Cover_T579 0
Cover_T580 2
Cover_T581 2
Cover_T582 6
Cover_T583 6
Cover_T584 12
Cover_T585 2
Cover_T586 18
Cover_T587 0
Cover_T588 6
Cover_T589 12
Cover_T590 18
Cover_T591 10
Cover_T592 4
Cover_T593 6
Cover_T594 -12
Cover_T595 0
Cover_T596 -28
Cover_T597 0
Cover_T598 -44
Cover_T599 12
Cover_T600 4.94751e-11
Cover_T601 8
Cover_T602 28
Cover_T603 14
Cover_T604 18
Cover_T605 38
Cover_T606 22
Cover_T607 46
Cover_T608 0
Cover_T609 72
Cover_T610 20
Cover_T611 30
Cover_T612 -4
Cover_T613 2
Cover_T614 -26
Cover_T615 20
Cover_T616 14
Cover_T617 20
Cover_T618 6
Cover_T619 4
Cover_T620 -6
Cover_T621 26
Cover_T622 -26
Cover_T623 46
Cover_T624 4
Cover_T625 8
Cover_T626 2
Cover_T627 8
Cover_T628 8.48104e-11
Cover_T629 28
Cover_T630 -5.6481e-11
Cover_T631 48
Cover_T632 -1.60298e-10
Cover_T633 12
Cover_T634 -12
Cover_T635 14
Cover_T636 -8
Cover_T637 18
Cover_T638 -10
Cover_T639 26
Cover_T640 -6
Cover_T641 26
Cover_T642 -6
Cover_T643 28
Cover_T644 -32
Cover_T645 36
Cover_T646 -8
Cover_T647 24
Cover_T648 -28
Cover_T649 14
Cover_T650 -20
Cover_T651 34
Cover_T652 -26
Cover_T653 54
Cover_T654 -46
Cover_T655 22
Cover_T656 -18
Cover_T657 42
Cover_T658 -20
Cover_T659 30
Cover_T660 -38
Cover_T661 42
Cover_T662 -12
Cover_T663 70
Cover_T664 -12
Cover_T665 32
Cover_T666 -28
Cover_T667 40
Cover_T668 -12
Cover_T669 66
Cover_T670 -12
Cover_T671 80
Cover_T672 -18
Cover_T673 58
Cover_T674 -34
Cover_T675 64
Cover_T676 -36
Cover_T677 54
Cover_T678 -44
Cover_T679 62
Cover_T680 -50
Cover_T681 56
Cover_T682 10
Cover_T683 -4
Cover_T684 32
Cover_T685 6
Cover_T686 16
Cover_T687 6
Cover_T688 70
Cover_T689 6
Cover_T690 54
Cover_T691 10
Cover_T692 108
Cover_T693 14
Cover_T694 996
Cover_T695 922
Cover_T696 980
Cover_T697 886
Cover_T698 964
Cover_T699 910
Cover_T700 938
Cover_T701 840
Cover_T702 944
Cover_T703 2
Cover_T704 136
Cover_T705 28
Cover_T706 102
Cover_T707 42
Cover_T708 112
Cover_T709 64
Cover_T710 112
Cover_T711 32
Cover_T712 10
Cover_T713 -28
Cover_T714 58
Cover_T715 -20
Cover_T716 54
Cover_T717 20
Cover_T718 0
Cover_T719 52
Cover_T720 0
Cover_T721 42
Cover_T722 -26
Cover_T723 54
Cover_T724 18
Cover_T725 32
Cover_T726 0
Cover_T727 26
Cover_T728 24
Cover_T729 40
Cover_T730 22
Cover_T731 64
Cover_T732 16
Cover_T733 14
Cover_T734 0
Cover_T735 20
Cover_T736 70
Cover_T737 0
Cover_T738 54
Cover_T739 0
Cover_T740 30
Cover_T741 8
Cover_T742 42
Cover_T743 40
Cover_T744 52
Cover_T745 -24
Cover_T746 28
Cover_T747 4
Cover_T748 52
Cover_T749 0
Cover_T750 52
Cover_T751 12
Cover_T752 48
Count_D0 -984
Count_D1 -1000
Max_H0_P0 0
Max_H0_P1 0
Max_H0_P2 0
Max_H0_P3 0
Max_H0_P4 0
Max_H0_P5 -0
Max_H0_P6 1.44951e-11
Max_H0_P7 0
Max_H0_P8 0
Max_H0_P9 0
Max_H0_P10 0
Max_H0_P11 0
Max_H0_P12 0
Max_H0_P13 0
Max_H0_P14 0
Max_H0_P15 0
Max_H0_P16 0
Max_H0_P17 0
Max_H0_P18 0
Max_H0_P19 0
Max_H0_P20 -1.06434e-11
Max_H0_P21 3.41993e-12
Max_H0_P22 -5.8531e-13
Max_H0_P23 1.21192e-11
Max_H0_P24 8.35243e-12
Max_H0_P25 3.04823e-12
Max_H0_P26 1.69172e-11
Max_H0_P27 -1.99362e-11
Max_H0_P28 2.89901e-12
Max_H0_P29 0
Max_H0_P30 -9.59252e-12
Max_H0_P31 -4.0945e-11
Max_H0_P32 -1.63425e-13
Max_H0_P33 -1.9407e-11
Max_H0_P34 -4.79309e-12
Max_H0_P35 -1.48226e-11
Max_H0_P36 -3.7657e-11
Max_H0_P37 -5.42324e-12
Max_H0_P38 1.91323e-11
Max_H0_P39 0
Max_H0_P40 -4.42943e-11
Max_H0_P41 -2.03073e-11
Max_H0_P42 0
Max_H0_P43 0
Max_H0_P44 0
Max_H0_P45 0
Max_H0_P46 0
Max_H0_P47 0
Max_H0_P48 0
Max_H0_P49 0
Max_H0_P50 0
Max_H0_P51 0
Max_H0_P52 0
Max_H0_P53 0
Max_H0_P54 0
Max_H0_P55 0
Max_H0_P56 0
Max_H0_P57 0
Max_H0_P58 0
Max_H0_P59 0
Max_H0_P60 0
Max_H0_P61 0
Max_H0_P62 0
Max_H0_P63 0
Max_H0_P64 0
Max_H0_P65 0
Max_H0_P66 0
Max_H0_P67 0
Max_H0_P68 0
Max_H0_P69 0
Max_H0_P70 0
Max_H0_P71 0
Max_H0_P72 0
Max_H0_P73 0
Max_H0_P74 0
Max_H0_P75 0
Max_H0_P76 0
Max_H0_P77 1.99965e-11
Max_H0_P78 -1.31308e-11
Max_H0_P79 0
Max_H0_P80 -2.41194e-11
Max_H0_P81 0
Max_H1_P0 0
Max_H1_P1 0
Max_H1_P2 0
Max_H1_P3 4.67395e-11
Max_H1_P4 0
Max_H1_P5 1.83604e-11
Max_H1_P6 1.19913e-11
Max_H1_P7 1.84173e-11
Max_H1_P8 0
Max_H1_P9 0
Max_H1_P10 0
Max_H1_P11 0
Max_H1_P12 0
Max_H1_P13 0
Max_H1_P14 0
Max_H1_P15 0
Max_H1_P16 0
Max_H1_P17 0
Max_H1_P18 3.46958e-11
Max_H1_P19 1.26831e-11
Max_H1_P20 7.23599e-12
Max_H1_P21 -2.73051e-11
Max_H1_P22 0
Max_H1_P23 -1.78479e-12
Max_H1_P24 0
Max_H1_P25 2.92829e-12
Max_H1_P26 0
Max_H1_P27 -7.22356e-12
Max_H1_P28 -2.37255e-11
Max_H1_P29 -5.20184e-12
Max_H1_P30 0
Max_H1_P31 7.64673e-12
Max_H1_P32 6.87006e-12
Max_H1_P33 -3.11481e-11
Max_H1_P34 -0
Max_H1_P35 -3.32006e-11
Max_H1_P36 -6.81943e-12
Max_H1_P37 0
Max_H1_P38 1.06697e-11
Max_H1_P39 -5.00435e-11
Max_H1_P40 0
Max_H1_P41 -2.1215e-11
Max_H1_P42 0
Max_H1_P43 0
Max_H1_P44 0
Max_H1_P45 -2.73748e-13
Max_H1_P46 0
Max_H1_P47 0
Max_H1_P48 0
Max_H1_P49 0
Max_H1_P50 0
Max_H1_P51 0
Max_H1_P52 0
Max_H1_P53 0
Max_H1_P54 0
Max_H1_P55 0
Max_H1_P56 0
Max_H1_P57 0
Max_H1_P58 2.81841e-11
Max_H1_P59 0
Max_H1_P60 0
Max_H1_P61 0
Max_H1_P62 0
Max_H1_P63 0
Max_H1_P64 0
Max_H1_P65 0
Max_H1_P66 0
Max_H1_P67 0
Max_H1_P68 0
Max_H1_P69 0
Max_H1_P70 0
Max_H1_P71 0
Max_H1_P72 0
Max_H1_P73 0
Max_H1_P74 0
Max_H1_P75 0
Max_H1_P76 0
Max_H1_P77 -4.98765e-12
Max_H1_P78 -1.01217e-11
Max_H1_P79 0
Max_H1_P80 0
Max_H1_P81 0
