Cover_T0 52
Cover_T1 -52
Cover_T2 52
Cover_T3 -52
Cover_T4 52
Cover_T5 -52
Cover_T6 52
Cover_T7 -52
Cover_T8 52
Cover_T9 -52
Cover_T10 54
Cover_T11 -52
Cover_T12 54
Cover_T13 -50
Cover_T14 52
Cover_T15 -50
Cover_T16 54
Cover_T17 -48
Cover_T18 54
Cover_T19 -48
Cover_T20 54
Cover_T21 -44
Cover_T22 50
Cover_T23 -30
Cover_T24 62
Cover_T25 7.68914e-11
Cover_T26 54
Cover_T27 -24
Cover_T28 1034
Cover_T29 948
Cover_T30 1006
Cover_T31 948
Cover_T32 1012
Cover_T33 950
Cover_T34 1008
Cover_T35 -14
Cover_T36 64
Cover_T37 -40
Cover_T38 12
Cover_T39 -42
Cover_T40 -12
Cover_T41 -32
Cover_T42 -42
Cover_T43 -4
Cover_T44 0
Cover_T45 22
Cover_T46 12
Cover_T47 46
Cover_T48 -12
Cover_T49 -4.33564e-11
Cover_T50 16
Cover_T51 -14
Cover_T52 8
Cover_T53 10
Cover_T54 12
Cover_T55 34
Cover_T56 14
Cover_T57 6
Cover_T58 16
Cover_T59 14
Cover_T60 40
Cover_T61 10
Cover_T62 16
Cover_T63 8
Cover_T64 -8
Cover_T65 6
Cover_T66 10
Cover_T67 -14
Cover_T68 2
Cover_T69 14
Cover_T70 4
Cover_T71 -2
Cover_T72 36
Cover_T73 6
Cover_T74 10
Cover_T75 0
Cover_T76 -2
Cover_T77 -36
Cover_T78 0
Cover_T79 -12
Cover_T80 2
Cover_T81 0
Cover_T82 8
Cover_T83 0
Cover_T84 8
Cover_T85 0
Cover_T86 2
Cover_T87 -2
Cover_T88 0
Cover_T89 0
Cover_T90 -14
Cover_T91 6
Cover_T92 -42
Cover_T93 8
Cover_T94 0
Cover_T95 22
Cover_T96 -4
Cover_T97 50
Cover_T98 0
Cover_T99 8
Cover_T100 18
Cover_T101 12
Cover_T102 0
Cover_T103 2
Cover_T104 2
Cover_T105 0
Cover_T106 12
Cover_T107 6
Cover_T108 12
Cover_T109 0
Cover_T110 10
Cover_T111 6
Cover_T112 48
Cover_T113 26
Cover_T114 28
Cover_T115 12
Cover_T116 40
Cover_T117 26
Cover_T118 36
Cover_T119 2
Cover_T120 38
Cover_T121 26
Cover_T122 34
Cover_T123 28
Cover_T124 16
Cover_T125 10
Cover_T126 -2
Cover_T127 42
Cover_T128 -6
Cover_T129 42
Cover_T130 -6
Cover_T131 34
Cover_T132 -12
Cover_T133 34
Cover_T134 -12
Cover_T135 32
Cover_T136 -20
Cover_T137 32
Cover_T138 -20
Cover_T139 32
Cover_T140 -24
Cover_T141 32
Cover_T142 -32
Cover_T143 32
Cover_T144 -34
Cover_T145 36
Cover_T146 -24
Cover_T147 44
Cover_T148 -24
Cover_T149 50
Cover_T150 -24
Cover_T151 44
Cover_T152 -24
Cover_T153 54
Cover_T154 -26
Cover_T155 56
Cover_T156 -34
Cover_T157 44
Cover_T158 -24
Cover_T159 42
Cover_T160 -26
Cover_T161 56
Cover_T162 -26
Cover_T163 54
Cover_T164 -28
Cover_T165 58
Cover_T166 -38
Cover_T167 64
Cover_T168 52
Cover_T169 -52
Cover_T170 52
Cover_T171 -50
Cover_T172 56
Cover_T173 -50
Cover_T174 58
Cover_T175 -48
Cover_T176 58
Cover_T177 -44
Cover_T178 56
Cover_T179 -42
Cover_T180 54
Cover_T181 -42
Cover_T182 46
Cover_T183 -14
Cover_T184 58
Cover_T185 0
Cover_T186 1022
Cover_T187 942
Cover_T188 972
Cover_T189 936
Cover_T190 990
Cover_T191 -28
Cover_T192 58
Cover_T193 -8
Cover_T194 52
Cover_T195 -32
Cover_T196 14
Cover_T197 -44
Cover_T198 -22
Cover_T199 -8
Cover_T200 12
Cover_T201 24
Cover_T202 20
Cover_T203 52
Cover_T204 -8
Cover_T205 10
Cover_T206 16
Cover_T207 -6.27447e-11
Cover_T208 4
Cover_T209 28
Cover_T210 6
Cover_T211 -7.82769e-11
Cover_T212 8
Cover_T213 8
Cover_T214 10
Cover_T215 4
Cover_T216 34
Cover_T217 2
Cover_T218 10
Cover_T219 -6.80056e-11
Cover_T220 -14
Cover_T221 -24
Cover_T222 6
Cover_T223 0
Cover_T224 2
Cover_T225 24
Cover_T226 8
Cover_T227 4
Cover_T228 44
Cover_T229 8
Cover_T230 18
Cover_T231 6
Cover_T232 2
Cover_T233 -26
Cover_T234 1.44647e-10
Cover_T235 2
Cover_T236 -2
Cover_T237 18
Cover_T238 -1.06013e-11
Cover_T239 18
Cover_T240 2
Cover_T241 16
Cover_T242 0
Cover_T243 10
Cover_T244 2
Cover_T245 8
Cover_T246 -8
Cover_T247 10
Cover_T248 -32
Cover_T249 10
Cover_T250 10
Cover_T251 24
Cover_T252 6
Cover_T253 52
Cover_T254 10
Cover_T255 10
Cover_T256 10
Cover_T257 14
Cover_T258 0
Cover_T259 12
Cover_T260 2
Cover_T261 -6
Cover_T262 10
Cover_T263 16
Cover_T264 6
Cover_T265 18
Cover_T266 -3.13598e-11
Cover_T267 18
Cover_T268 38
Cover_T269 24
Cover_T270 46
Cover_T271 38
Cover_T272 48
Cover_T273 14
Cover_T274 40
Cover_T275 6
Cover_T276 10
Cover_T277 14
Cover_T278 0
Cover_T279 22
Cover_T280 10
Cover_T281 30
Cover_T282 6
Cover_T283 46
Cover_T284 3.45596e-10
Cover_T285 36
Cover_T286 -12
Cover_T287 42
Cover_T288 -16
Cover_T289 28
Cover_T290 -28
Cover_T291 24
Cover_T292 -20
Cover_T293 30
Cover_T294 -20
Cover_T295 30
Cover_T296 -20
Cover_T297 34
Cover_T298 -24
Cover_T299 42
Cover_T300 -38
Cover_T301 40
Cover_T302 -30
Cover_T303 32
Cover_T304 -50
Cover_T305 38
Cover_T306 -34
Cover_T307 30
Cover_T308 -24
Cover_T309 52
Cover_T310 -34
Cover_T311 36
Cover_T312 -24
Cover_T313 28
Cover_T314 -24
Cover_T315 44
Cover_T316 -24
Cover_T317 38
Cover_T318 -26
Cover_T319 44
Cover_T320 -30
Cover_T321 48
Cover_T322 -26
Cover_T323 58
Cover_T324 -28
Cover_T325 72
Cover_T326 -34
Cover_T327 72
Cover_T328 -38
Cover_T329 60
Cover_T330 -46
Cover_T331 58
Cover_T332 54
Cover_T333 -44
Cover_T334 54
Cover_T335 -36
Cover_T336 62
Cover_T337 -36
Cover_T338 56
Cover_T339 -10
Cover_T340 58
Cover_T341 0
Cover_T342 1028
Cover_T343 946
Cover_T344 994
Cover_T345 930
Cover_T346 1042
Cover_T347 946
Cover_T348 992
Cover_T349 950
Cover_T350 1022
Cover_T351 948
Cover_T352 1006
Cover_T353 -24
Cover_T354 44
Cover_T355 -8
Cover_T356 20
Cover_T357 -38
Cover_T358 -6
Cover_T359 -40
Cover_T360 -34
Cover_T361 -30
Cover_T362 6
Cover_T363 -2
Cover_T364 16
Cover_T365 24
Cover_T366 -12
Cover_T367 52
Cover_T368 12
Cover_T369 10
Cover_T370 0
Cover_T371 2.39311e-11
Cover_T372 0
Cover_T373 28
Cover_T374 0
Cover_T375 0
Cover_T376 2
Cover_T377 8
Cover_T378 26
Cover_T379 4
Cover_T380 2
Cover_T381 2
Cover_T382 -22
Cover_T383 0
Cover_T384 0
Cover_T385 -28
Cover_T386 0
Cover_T387 -8
Cover_T388 10
Cover_T389 12
Cover_T390 50
Cover_T391 32
Cover_T392 30
Cover_T393 8
Cover_T394 10
Cover_T395 8
Cover_T396 2.94165e-11
Cover_T397 2
Cover_T398 -2.51703e-11
Cover_T399 -34
Cover_T400 4
Cover_T401 -10
Cover_T402 10
Cover_T403 2
Cover_T404 12
Cover_T405 -4.15006e-11
Cover_T406 8
Cover_T407 2
Cover_T408 6
Cover_T409 0
Cover_T410 -8
Cover_T411 2
Cover_T412 -36
Cover_T413 8
Cover_T414 6
Cover_T415 6
Cover_T416 10
Cover_T417 12
Cover_T418 -10
Cover_T419 32
Cover_T420 2
Cover_T421 52
Cover_T422 10
Cover_T423 2
Cover_T424 8
Cover_T425 0
Cover_T426 -6
Cover_T427 20
Cover_T428 0
Cover_T429 8
Cover_T430 14
Cover_T431 -2.07042e-10
Cover_T432 -6
Cover_T433 2
Cover_T434 -2
Cover_T435 16
Cover_T436 0
Cover_T437 20
Cover_T438 42
Cover_T439 16
Cover_T440 48
Cover_T441 28
Cover_T442 48
Cover_T443 42
Cover_T444 38
Cover_T445 6
Cover_T446 14
Cover_T447 8
Cover_T448 6
Cover_T449 -3.35149e-10
Cover_T450 30
Cover_T451 26
Cover_T452 0
Cover_T453 28
Cover_T454 8
Cover_T455 50
Cover_T456 4
Cover_T457 38
Cover_T458 -6
Cover_T459 28
Cover_T460 -8
Cover_T461 46
Cover_T462 -8
Cover_T463 38
Cover_T464 -12
Cover_T465 32
Cover_T466 -18
Cover_T467 28
Cover_T468 -24
Cover_T469 40
Cover_T470 -20
Cover_T471 32
Cover_T472 -20
Cover_T473 32
Cover_T474 -30
Cover_T475 26
Cover_T476 -28
Cover_T477 32
Cover_T478 -36
Cover_T479 42
Cover_T480 -36
Cover_T481 38
Cover_T482 -32
Cover_T483 46
Cover_T484 -38
Cover_T485 48
Cover_T486 -24
Cover_T487 34
Cover_T488 -30
Cover_T489 66
Cover_T490 -24
Cover_T491 60
Cover_T492 -26
Cover_T493 48
Cover_T494 -46
Cover_T495 48
Cover_T496 -30
Cover_T497 66
Cover_T498 -28
Cover_T499 74
Cover_T500 -38
Cover_T501 60
Cover_T502 -46
Cover_T503 32
Cover_T504 -1.5779e-10
Cover_T505 28
Cover_T506 4
Cover_T507 62
Cover_T508 14
Cover_T509 32
Cover_T510 38
Cover_T511 1018
Cover_T512 48
Cover_T513 1012
Cover_T514 948
Cover_T515 1042
Cover_T516 972
Cover_T517 1012
Cover_T518 994
Cover_T519 1030
Cover_T520 0
Cover_T521 34
Cover_T522 0
Cover_T523 76
Cover_T524 -26
Cover_T525 52
Cover_T526 54
Cover_T527 -18
Cover_T528 70
Cover_T529 0
Cover_T530 40
Cover_T531 28
Cover_T532 82
Cover_T533 4
Cover_T534 72
Cover_T535 30
Cover_T536 60
Cover_T537 -1.89534e-10
Cover_T538 40
Cover_T539 74
Cover_T540 72
Cover_T541 66
Cover_T542 46
Cover_T543 28
Cover_T544 82
Cover_T545 0
Cover_T546 1.4677e-10
Cover_T547 42
Cover_T548 0
Cover_T549 30
Cover_T550 34
Cover_T551 28
Cover_T552 0
Cover_T553 26
Count_D0 -984
Count_D1 -1000
Max_H0_P0 0
Max_H0_P1 0
Max_H0_P2 0
Max_H0_P3 0
Max_H0_P4 0
Max_H0_P5 0
Max_H0_P6 0
Max_H0_P7 0
Max_H0_P8 0
Max_H0_P9 0
Max_H0_P10 0
Max_H0_P11 0
Max_H0_P12 0
Max_H0_P13 0
Max_H0_P14 0
Max_H0_P15 0
Max_H0_P16 1.1555e-11
Max_H0_P17 2.17986e-11
Max_H0_P18 3.72324e-12
Max_H0_P19 -2.33538e-11
Max_H0_P20 2.30216e-11
Max_H0_P21 -5.70655e-11
Max_H0_P22 -7.64263e-12
Max_H0_P23 0
Max_H0_P24 1.42638e-11
Max_H0_P25 -1.31591e-11
Max_H0_P26 0
Max_H0_P27 0
Max_H0_P28 0
Max_H0_P29 6.70219e-11
Max_H0_P30 0
Max_H0_P31 -2.39441e-11
Max_H0_P32 -9.83924e-12
Max_H0_P33 0
Max_H0_P34 1.74341e-11
Max_H0_P35 -6.70744e-11
Max_H0_P36 4.01101e-12
Max_H0_P37 -3.93256e-11
Max_H0_P38 0
Max_H0_P39 0
Max_H0_P40 0
Max_H0_P41 0
Max_H0_P42 0
Max_H0_P43 0
Max_H0_P44 0
Max_H0_P45 0
Max_H0_P46 0
Max_H0_P47 0
Max_H0_P48 0
Max_H0_P49 0
Max_H0_P50 0
Max_H0_P51 0
Max_H0_P52 0
Max_H0_P53 0
Max_H0_P54 0
Max_H0_P55 0
Max_H0_P56 0
Max_H0_P57 0
Max_H0_P58 0
Max_H0_P59 0
Max_H0_P60 0
Max_H0_P61 0
Max_H0_P62 0
Max_H0_P63 0
Max_H0_P64 6.24958e-11
Max_H0_P65 0
Max_H0_P66 0
Max_H0_P67 0
Max_H0_P68 0
Max_H0_P69 0
Max_H0_P70 0
Max_H0_P71 -0
Max_H0_P72 0
Max_H0_P73 0
Max_H0_P74 0
Max_H0_P75 0
Max_H0_P76 0
Max_H0_P77 0
Max_H0_P78 0
Max_H0_P79 0
Max_H0_P80 0
Max_H0_P81 0
Max_H1_P0 0
Max_H1_P1 0
Max_H1_P2 0
Max_H1_P3 0
Max_H1_P4 0
Max_H1_P5 5.14255e-12
Max_H1_P6 0
Max_H1_P7 0
Max_H1_P8 0
Max_H1_P9 0
Max_H1_P10 0
Max_H1_P11 0
Max_H1_P12 0
Max_H1_P13 0
Max_H1_P14 0
Max_H1_P15 0
Max_H1_P16 1.55946e-11
Max_H1_P17 2.5441e-11
Max_H1_P18 -1.11555e-12
Max_H1_P19 6.29344e-12
Max_H1_P20 0
Max_H1_P21 -4.46221e-12
Max_H1_P22 -2.00586e-11
Max_H1_P23 -7.16159e-12
Max_H1_P24 3.04681e-11
Max_H1_P25 -7.36122e-11
Max_H1_P26 2.9985e-11
Max_H1_P27 2.54161e-11
Max_H1_P28 0
Max_H1_P29 1.21467e-11
Max_H1_P30 -5.41576e-11
Max_H1_P31 -1.19798e-11
Max_H1_P32 5.40012e-11
Max_H1_P33 -6.55322e-11
Max_H1_P34 0
Max_H1_P35 -7.39818e-11
Max_H1_P36 5.52572e-12
Max_H1_P37 -1.8358e-12
Max_H1_P38 5.45324e-11
Max_H1_P39 -1.16612e-10
Max_H1_P40 0
Max_H1_P41 6.98884e-11
Max_H1_P42 0
Max_H1_P43 0
Max_H1_P44 -2.07976e-11
Max_H1_P45 0
Max_H1_P46 0
Max_H1_P47 0
Max_H1_P48 0
Max_H1_P49 0
Max_H1_P50 0
Max_H1_P51 0
Max_H1_P52 0
Max_H1_P53 0
Max_H1_P54 0
Max_H1_P55 0
Max_H1_P56 0
Max_H1_P57 0
Max_H1_P58 0
Max_H1_P59 0
Max_H1_P60 0
Max_H1_P61 0
Max_H1_P62 0
Max_H1_P63 0
Max_H1_P64 0
Max_H1_P65 0
Max_H1_P66 0
Max_H1_P67 0
Max_H1_P68 0
Max_H1_P69 0
Max_H1_P70 0
Max_H1_P71 0
Max_H1_P72 0
Max_H1_P73 0
Max_H1_P74 0
Max_H1_P75 0
Max_H1_P76 2.19984e-11
Max_H1_P77 -2.19984e-11
Max_H1_P78 0
Max_H1_P79 0
Max_H1_P80 0
Max_H1_P81 0
