
Branch and bound

  Entire solving process        :                           (Time     64.0)
  No feasible solution was found
  Best relaxation cost          :     36009.86 (Node     0) (Time     64.0)
  Lower bound after cuts        :     36009.86
  End lower bound               :     36009.86
  Deepest level reached         : 0
  Deepest real level reached    : 0
  Number of real nodes solved   : 1
  Stopping condition            : enough nodes explored

Problem identification

  Problem                       : <null>
  Machine                       : oslo3.gerad.lan

Solving process summary

  Linear relaxations            :        1
  Column generation iterations  :      136
  Shortest paths solved         :     2805
  Columns generated             :    26201

Instance characteristics

  Resources                     : 3
  Node types                    : no
  Arc types                     : no
  Strong resource windows       : no
  Weak resource windows         : no
  Resource windows (nodes)      : 3
  Resource values (arcs)        : 3
  Values on nodes               : no

  Rows                          : 720
  Initial columns               : 2
  Tasks                         : 558
  Strong tasks                  : 554
  Weak tasks                    : 4
  Initial task constraints      : no
  Nodes                         : 886
  Arc sets                      : 1
  Arcs                          : 15890
  Networks                      : 2
  Models                        : 1

Memory used per module (Megs)

  Parser (reused)               :      3.519
  Networks                      :     20.948
  Column generator              :      4.722
  Master problem                :      7.508
  -----------------
  Total                         :     33.178

Cpu time per module (seconds)

  Parser                        :        0.0
  Preprocessor                  :        0.0
  Lr solver manager             :        0.0
  Column generator              :       11.0
    (Shortest path)             :        9.5
  Master problem                :       52.9
  -------------------
  Total (without b&b)           :       64.0

Real elapsed time (seconds)

  Parser                        :        0.0
  Preprocessor                  :        0.0
  Lr solver manager             :        0.1
  Column generator              :       10.9
    (Shortest path)             :        9.6
  Master problem                :       53.0
  -------------------
  Total (without b&b)           :       64.0
