
Branch and bound

  Entire solving process        :                           (Time   1336.6)
  No feasible solution was found
  Best relaxation cost          :     44185.30 (Node     0) (Time   1336.6)
  Lower bound after cuts        :     44185.30
  End lower bound               :     44185.30
  Deepest level reached         : 0
  Deepest real level reached    : 0
  Number of real nodes solved   : 1
  Stopping condition            : enough nodes explored

Problem identification

  Problem                       : <null>
  Machine                       : oslo1.gerad.lan

Solving process summary

  Linear relaxations            :        1
  Column generation iterations  :      360
  Shortest paths solved         :     5936
  Columns generated             :    62555

Instance characteristics

  Resources                     : 3
  Node types                    : no
  Arc types                     : no
  Strong resource windows       : no
  Weak resource windows         : no
  Resource windows (nodes)      : 3
  Resource values (arcs)        : 3
  Values on nodes               : no

  Rows                          : 919
  Initial columns               : 2
  Tasks                         : 757
  Strong tasks                  : 753
  Weak tasks                    : 4
  Initial task constraints      : no
  Nodes                         : 1085
  Arc sets                      : 1
  Arcs                          : 26884
  Networks                      : 2
  Models                        : 1

Memory used per module (Megs)

  Parser (reused)               :      5.699
  Networks                      :     27.365
  Column generator              :     11.745
  Master problem                :      9.232
  -----------------
  Total                         :     48.342

Cpu time per module (seconds)

  Parser                        :        0.0
  Preprocessor                  :        0.0
  Lr solver manager             :        0.4
  Column generator              :      123.2
    (Shortest path)             :      108.6
  Master problem                :     1212.9
  -------------------
  Total (without b&b)           :     1336.6

Real elapsed time (seconds)

  Parser                        :        0.0
  Preprocessor                  :        0.0
  Lr solver manager             :        0.3
  Column generator              :      123.5
    (Shortest path)             :      108.0
  Master problem                :     1212.8
  -------------------
  Total (without b&b)           :     1336.6
