
Branch and bound

  Entire solving process        :                           (Time    176.8)
  No feasible solution was found
  Best relaxation cost          :     55524.89 (Node     0) (Time    176.8)
  Lower bound after cuts        :     55524.89
  End lower bound               :     55524.89
  Deepest level reached         : 0
  Deepest real level reached    : 0
  Number of real nodes solved   : 1
  Stopping condition            : enough nodes explored

Problem identification

  Problem                       : <null>
  Machine                       : oslo2.gerad.lan

Solving process summary

  Linear relaxations            :        1
  Column generation iterations  :      141
  Shortest paths solved         :     3899
  Columns generated             :    37256

Instance characteristics

  Resources                     : 3
  Node types                    : no
  Arc types                     : no
  Strong resource windows       : no
  Weak resource windows         : no
  Resource windows (nodes)      : 3
  Resource values (arcs)        : 3
  Values on nodes               : no

  Rows                          : 935
  Initial columns               : 2
  Tasks                         : 773
  Strong tasks                  : 769
  Weak tasks                    : 4
  Initial task constraints      : no
  Nodes                         : 1101
  Arc sets                      : 1
  Arcs                          : 28861
  Networks                      : 2
  Models                        : 1

Memory used per module (Megs)

  Parser (reused)               :      6.062
  Networks                      :     27.971
  Column generator              :     10.292
  Master problem                :      9.141
  -----------------
  Total                         :     47.404

Cpu time per module (seconds)

  Parser                        :        0.0
  Preprocessor                  :        0.0
  Lr solver manager             :        0.1
  Column generator              :       31.6
    (Shortest path)             :       26.6
  Master problem                :      145.1
  -------------------
  Total (without b&b)           :      176.8

Real elapsed time (seconds)

  Parser                        :        0.0
  Preprocessor                  :        0.0
  Lr solver manager             :        0.1
  Column generator              :       31.7
    (Shortest path)             :       26.9
  Master problem                :      145.3
  -------------------
  Total (without b&b)           :      177.1
