Cover_T0 52
Cover_T1 -52
Cover_T2 52
Cover_T3 -52
Cover_T4 52
Cover_T5 -52
Cover_T6 52
Cover_T7 -52
Cover_T8 52
Cover_T9 -52
Cover_T10 60
Cover_T11 -44
Cover_T12 60
Cover_T13 -44
Cover_T14 60
Cover_T15 -44
Cover_T16 62
Cover_T17 -32
Cover_T18 62
Cover_T19 -32
Cover_T20 62
Cover_T21 -32
Cover_T22 58
Cover_T23 -18
Cover_T24 46
Cover_T25 12
Cover_T26 60
Cover_T27 4
Cover_T28 24
Cover_T29 930
Cover_T30 954
Cover_T31 914
Cover_T32 906
Cover_T33 938
Cover_T34 956
Cover_T35 928
Cover_T36 66
Cover_T37 34
Cover_T38 88
Cover_T39 54
Cover_T40 40
Cover_T41 0
Cover_T42 34
Cover_T43 -32
Cover_T44 24
Cover_T45 -30
Cover_T46 2
Cover_T47 -34
Cover_T48 0
Cover_T49 -20
Cover_T50 -10
Cover_T51 4
Cover_T52 -2
Cover_T53 28
Cover_T54 -2
Cover_T55 8
Cover_T56 2.09587e-11
Cover_T57 0
Cover_T58 3.48507e-11
Cover_T59 0
Cover_T60 0
Cover_T61 8
Cover_T62 0
Cover_T63 8
Cover_T64 -8
Cover_T65 0
Cover_T66 4.50684e-11
Cover_T67 -2
Cover_T68 7.19034e-11
Cover_T69 6
Cover_T70 1.10902e-10
Cover_T71 2
Cover_T72 -2
Cover_T73 0
Cover_T74 -2
Cover_T75 8
Cover_T76 0
Cover_T77 0
Cover_T78 36
Cover_T79 0
Cover_T80 52
Cover_T81 0
Cover_T82 18
Cover_T83 -18
Cover_T84 0
Cover_T85 -14
Cover_T86 -2.72694e-10
Cover_T87 1.25269e-11
Cover_T88 -30
Cover_T89 12
Cover_T90 12
Cover_T91 4
Cover_T92 -12
Cover_T93 28
Cover_T94 52
Cover_T95 52
Cover_T96 28
Cover_T97 14
Cover_T98 4
Cover_T99 -42
Cover_T100 8.02345e-11
Cover_T101 -10
Cover_T102 -2.23757e-10
Cover_T103 14
Cover_T104 -32
Cover_T105 18
Cover_T106 0
Cover_T107 20
Cover_T108 -3.44642e-10
Cover_T109 52
Cover_T110 -8
Cover_T111 8
Cover_T112 -36
Cover_T113 38
Cover_T114 48
Cover_T115 14
Cover_T116 42
Cover_T117 62
Cover_T118 30
Cover_T119 82
Cover_T120 14
Cover_T121 4
Cover_T122 50
Cover_T123 0
Cover_T124 6
Cover_T125 8
Cover_T126 12
Cover_T127 6
Cover_T128 -20
Cover_T129 22
Cover_T130 8
Cover_T131 22
Cover_T132 -2
Cover_T133 52
Cover_T134 2.82157e-11
Cover_T135 72
Cover_T136 6
Cover_T137 26
Cover_T138 6
Cover_T139 30
Cover_T140 -6
Cover_T141 28
Cover_T142 -4
Cover_T143 20
Cover_T144 -12
Cover_T145 26
Cover_T146 -12
Cover_T147 18
Cover_T148 -12
Cover_T149 52
Cover_T150 -12
Cover_T151 32
Cover_T152 -12
Cover_T153 56
Cover_T154 -24
Cover_T155 28
Cover_T156 -18
Cover_T157 40
Cover_T158 -20
Cover_T159 44
Cover_T160 -26
Cover_T161 46
Cover_T162 -18
Cover_T163 64
Cover_T164 -20
Cover_T165 62
Cover_T166 -40
Cover_T167 50
Cover_T168 -32
Cover_T169 64
Cover_T170 -42
Cover_T171 56
Cover_T172 52
Cover_T173 -52
Cover_T174 52
Cover_T175 -48
Cover_T176 60
Cover_T177 -42
Cover_T178 52
Cover_T179 -42
Cover_T180 54
Cover_T181 -32
Cover_T182 44
Cover_T183 -20
Cover_T184 44
Cover_T185 -34
Cover_T186 32
Cover_T187 8
Cover_T188 20
Cover_T189 -12
Cover_T190 38
Cover_T191 924
Cover_T192 902
Cover_T193 904
Cover_T194 956
Cover_T195 934
Cover_T196 24
Cover_T197 34
Cover_T198 78
Cover_T199 0
Cover_T200 44
Cover_T201 0
Cover_T202 46
Cover_T203 -30
Cover_T204 36
Cover_T205 -28
Cover_T206 12
Cover_T207 -32
Cover_T208 -20
Cover_T209 -18
Cover_T210 0
Cover_T211 6
Cover_T212 8
Cover_T213 -4.93294e-11
Cover_T214 8
Cover_T215 10
Cover_T216 0
Cover_T217 2
Cover_T218 0
Cover_T219 2
Cover_T220 8
Cover_T221 0
Cover_T222 10
Cover_T223 0
Cover_T224 2
Cover_T225 1.28158e-10
Cover_T226 6
Cover_T227 -1.76001e-10
Cover_T228 8
Cover_T229 8
Cover_T230 0
Cover_T231 0
Cover_T232 8
Cover_T233 0
Cover_T234 8
Cover_T235 0
Cover_T236 8
Cover_T237 2
Cover_T238 46
Cover_T239 2
Cover_T240 22
Cover_T241 7.38964e-13
Cover_T242 38
Cover_T243 -36
Cover_T244 14
Cover_T245 -52
Cover_T246 4
Cover_T247 -28
Cover_T248 4
Cover_T249 -4
Cover_T250 0
Cover_T251 6
Cover_T252 -22
Cover_T253 6
Cover_T254 0
Cover_T255 38
Cover_T256 44
Cover_T257 10
Cover_T258 16
Cover_T259 34
Cover_T260 2.27522e-11
Cover_T261 -30
Cover_T262 4
Cover_T263 -6
Cover_T264 0
Cover_T265 10
Cover_T266 -12
Cover_T267 10
Cover_T268 -44
Cover_T269 10
Cover_T270 0
Cover_T271 44
Cover_T272 12
Cover_T273 12
Cover_T274 -20
Cover_T275 44
Cover_T276 52
Cover_T277 26
Cover_T278 42
Cover_T279 84
Cover_T280 26
Cover_T281 0
Cover_T282 10
Cover_T283 22
Cover_T284 0
Cover_T285 22
Cover_T286 14
Cover_T287 12
Cover_T288 -10
Cover_T289 22
Cover_T290 -40
Cover_T291 14
Cover_T292 8
Cover_T293 64
Cover_T294 6
Cover_T295 28
Cover_T296 -4
Cover_T297 22
Cover_T298 -12
Cover_T299 22
Cover_T300 -12
Cover_T301 24
Cover_T302 -30
Cover_T303 12
Cover_T304 -50
Cover_T305 14
Cover_T306 -26
Cover_T307 32
Cover_T308 -44
Cover_T309 56
Cover_T310 -12
Cover_T311 34
Cover_T312 -12
Cover_T313 18
Cover_T314 -14
Cover_T315 20
Cover_T316 -14
Cover_T317 20
Cover_T318 -16
Cover_T319 28
Cover_T320 -30
Cover_T321 32
Cover_T322 -26
Cover_T323 32
Cover_T324 -48
Cover_T325 46
Cover_T326 -34
Cover_T327 50
Cover_T328 -32
Cover_T329 70
Cover_T330 -32
Cover_T331 54
Cover_T332 -32
Cover_T333 64
Cover_T334 -34
Cover_T335 72
Cover_T336 -42
Cover_T337 52
Cover_T338 -42
Cover_T339 52
Cover_T340 -18
Cover_T341 60
Cover_T342 -28
Cover_T343 48
Cover_T344 0
Cover_T345 50
Cover_T346 -4
Cover_T347 46
Cover_T348 930
Cover_T349 940
Cover_T350 910
Cover_T351 932
Cover_T352 940
Cover_T353 952
Cover_T354 934
Cover_T355 1000
Cover_T356 942
Cover_T357 1000
Cover_T358 948
Cover_T359 68
Cover_T360 38
Cover_T361 96
Cover_T362 46
Cover_T363 50
Cover_T364 4
Cover_T365 44
Cover_T366 -36
Cover_T367 4
Cover_T368 -26
Cover_T369 10
Cover_T370 -22
Cover_T371 10
Cover_T372 0
Cover_T373 6
Cover_T374 22
Cover_T375 2
Cover_T376 -2
Cover_T377 6
Cover_T378 18
Cover_T379 0
Cover_T380 6
Cover_T381 -5.19229e-11
Cover_T382 2
Cover_T383 4
Cover_T384 6
Cover_T385 0
Cover_T386 2
Cover_T387 8
Cover_T388 8
Cover_T389 14
Cover_T390 8
Cover_T391 0
Cover_T392 4
Cover_T393 -3.38442e-11
Cover_T394 8
Cover_T395 2
Cover_T396 0
Cover_T397 6
Cover_T398 -6
Cover_T399 10
Cover_T400 8
Cover_T401 52
Cover_T402 8
Cover_T403 32
Cover_T404 6
Cover_T405 52
Cover_T406 2
Cover_T407 32
Cover_T408 -2
Cover_T409 10
Cover_T410 -40
Cover_T411 0
Cover_T412 -16
Cover_T413 0
Cover_T414 -32
Cover_T415 -4
Cover_T416 -8
Cover_T417 -16
Cover_T418 2
Cover_T419 -40
Cover_T420 2
Cover_T421 2
Cover_T422 6
Cover_T423 -22
Cover_T424 18
Cover_T425 42
Cover_T426 42
Cover_T427 18
Cover_T428 -1.22575e-11
Cover_T429 -2
Cover_T430 32
Cover_T431 -6
Cover_T432 -24
Cover_T433 -6
Cover_T434 0
Cover_T435 -38
Cover_T436 4
Cover_T437 4.14602e-11
Cover_T438 6
Cover_T439 0
Cover_T440 12
Cover_T441 -8
Cover_T442 32
Cover_T443 -4
Cover_T444 54
Cover_T445 -24
Cover_T446 10
Cover_T447 -44
Cover_T448 30
Cover_T449 38
Cover_T450 34
Cover_T451 36
Cover_T452 56
Cover_T453 36
Cover_T454 88
Cover_T455 30
Cover_T456 4
Cover_T457 4
Cover_T458 4
Cover_T459 0
Cover_T460 10
Cover_T461 -8
Cover_T462 -4
Cover_T463 -28
Cover_T464 18
Cover_T465 14
Cover_T466 24
Cover_T467 -7.14834e-10
Cover_T468 32
Cover_T469 0
Cover_T470 52
Cover_T471 8
Cover_T472 72
Cover_T473 6
Cover_T474 26
Cover_T475 4
Cover_T476 30
Cover_T477 -4
Cover_T478 28
Cover_T479 -4
Cover_T480 20
Cover_T481 -32
Cover_T482 28
Cover_T483 -30
Cover_T484 20
Cover_T485 -18
Cover_T486 54
Cover_T487 -18
Cover_T488 36
Cover_T489 -18
Cover_T490 56
Cover_T491 -14
Cover_T492 40
Cover_T493 -14
Cover_T494 40
Cover_T495 -16
Cover_T496 44
Cover_T497 -16
Cover_T498 46
Cover_T499 -18
Cover_T500 64
Cover_T501 -20
Cover_T502 76
Cover_T503 -32
Cover_T504 64
Cover_T505 -32
Cover_T506 50
Cover_T507 -32
Cover_T508 62
Cover_T509 -42
Cover_T510 54
Cover_T511 -48
Cover_T512 54
Cover_T513 -42
Cover_T514 12
Cover_T515 12
Cover_T516 72
Cover_T517 30
Cover_T518 40
Cover_T519 54
Cover_T520 16
Cover_T521 46
Cover_T522 0
Cover_T523 920
Cover_T524 920
Cover_T525 920
Cover_T526 872
Cover_T527 968
Cover_T528 1006
Cover_T529 982
Cover_T530 72
Cover_T531 996
Cover_T532 92
Cover_T533 76
Cover_T534 66
Cover_T535 96
Cover_T536 58
Cover_T537 14
Cover_T538 0
Cover_T539 54
Cover_T540 -18
Cover_T541 54
Cover_T542 -20
Cover_T543 72
Cover_T544 56
Cover_T545 52
Cover_T546 62
Cover_T547 90
Cover_T548 88
Cover_T549 68
Cover_T550 68
Cover_T551 86
Cover_T552 64
Cover_T553 6
Cover_T554 64
Cover_T555 0
Cover_T556 6
Cover_T557 -14
Cover_T558 26
Cover_T559 -18
Cover_T560 46
Cover_T561 24
Cover_T562 38
Cover_T563 8
Cover_T564 50
Cover_T565 0
Cover_T566 38
Cover_T567 14
Cover_T568 42
Count_D0 -984
Count_D1 -1000
Max_H0_P0 0
Max_H0_P1 0
Max_H0_P2 0
Max_H0_P3 0
Max_H0_P4 0
Max_H0_P5 1.43752e-11
Max_H0_P6 0
Max_H0_P7 0
Max_H0_P8 0
Max_H0_P9 0
Max_H0_P10 0
Max_H0_P11 0
Max_H0_P12 0
Max_H0_P13 0
Max_H0_P14 0
Max_H0_P15 0
Max_H0_P16 3.59492e-11
Max_H0_P17 -1.66906e-11
Max_H0_P18 2.19416e-11
Max_H0_P19 -3.27134e-11
Max_H0_P20 0
Max_H0_P21 9.77973e-12
Max_H0_P22 -1.95546e-11
Max_H0_P23 -1.09708e-11
Max_H0_P24 1.3884e-11
Max_H0_P25 1.38911e-11
Max_H0_P26 -1.20363e-11
Max_H0_P27 -4.53979e-12
Max_H0_P28 2.45255e-12
Max_H0_P29 3.0056e-12
Max_H0_P30 -5.2972e-12
Max_H0_P31 2.78233e-11
Max_H0_P32 -1.05556e-11
Max_H0_P33 1.31014e-11
Max_H0_P34 0
Max_H0_P35 -4.503e-12
Max_H0_P36 -1.98754e-11
Max_H0_P37 1.0661e-11
Max_H0_P38 -1.166e-11
Max_H0_P39 2.18074e-11
Max_H0_P40 1.39555e-12
Max_H0_P41 -1.45075e-11
Max_H0_P42 1.45368e-11
Max_H0_P43 1.00329e-11
Max_H0_P44 0
Max_H0_P45 0
Max_H0_P46 0
Max_H0_P47 0
Max_H0_P48 0
Max_H0_P49 0
Max_H0_P50 0
Max_H0_P51 0
Max_H0_P52 0
Max_H0_P53 0
Max_H0_P54 0
Max_H0_P55 0
Max_H0_P56 0
Max_H0_P57 0
Max_H0_P58 0
Max_H0_P59 0
Max_H0_P60 1.34067e-11
Max_H0_P61 0
Max_H0_P62 0
Max_H0_P63 0
Max_H0_P64 0
Max_H0_P65 0
Max_H0_P66 0
Max_H0_P67 0
Max_H0_P68 0
Max_H0_P69 0
Max_H0_P70 0
Max_H0_P71 0
Max_H0_P72 0
Max_H0_P73 0
Max_H0_P74 0
Max_H0_P75 0
Max_H0_P76 0
Max_H0_P77 0
Max_H0_P78 0
Max_H0_P79 0
Max_H0_P80 0
Max_H0_P81 0
Max_H1_P0 0
Max_H1_P1 0
Max_H1_P2 1.00521e-10
Max_H1_P3 0
Max_H1_P4 0
Max_H1_P5 0
Max_H1_P6 0
Max_H1_P7 0
Max_H1_P8 0
Max_H1_P9 0
Max_H1_P10 0
Max_H1_P11 0
Max_H1_P12 0
Max_H1_P13 0
Max_H1_P14 0
Max_H1_P15 0
Max_H1_P16 3.71803e-11
Max_H1_P17 8.76099e-12
Max_H1_P18 -8.72017e-13
Max_H1_P19 -3.24867e-11
Max_H1_P20 1.95196e-11
Max_H1_P21 -9.08917e-12
Max_H1_P22 -2.15741e-11
Max_H1_P23 7.74064e-12
Max_H1_P24 7.00062e-12
Max_H1_P25 0
Max_H1_P26 2.45509e-11
Max_H1_P27 -1.65761e-11
Max_H1_P28 -2.08724e-12
Max_H1_P29 1.03029e-13
Max_H1_P30 -1.349e-11
Max_H1_P31 2.84619e-11
Max_H1_P32 -3.95088e-11
Max_H1_P33 1.59482e-11
Max_H1_P34 0
Max_H1_P35 3.2685e-12
Max_H1_P36 -2.24931e-11
Max_H1_P37 -1.03314e-11
Max_H1_P38 4.34497e-12
Max_H1_P39 1.69909e-12
Max_H1_P40 1.54806e-11
Max_H1_P41 -1.33149e-11
Max_H1_P42 3.51252e-11
Max_H1_P43 -7.90834e-12
Max_H1_P44 0
Max_H1_P45 0
Max_H1_P46 -4.13674e-11
Max_H1_P47 0
Max_H1_P48 0
Max_H1_P49 0
Max_H1_P50 0
Max_H1_P51 0
Max_H1_P52 0
Max_H1_P53 4.38072e-12
Max_H1_P54 0
Max_H1_P55 0
Max_H1_P56 0
Max_H1_P57 0
Max_H1_P58 0
Max_H1_P59 0
Max_H1_P60 -1.61973e-11
Max_H1_P61 1.56373e-11
Max_H1_P62 0
Max_H1_P63 3.80282e-11
Max_H1_P64 0
Max_H1_P65 0
Max_H1_P66 0
Max_H1_P67 0
Max_H1_P68 0
Max_H1_P69 0
Max_H1_P70 0
Max_H1_P71 0
Max_H1_P72 0
Max_H1_P73 0
Max_H1_P74 0
Max_H1_P75 0
Max_H1_P76 3.74864e-11
Max_H1_P77 -1.51124e-11
Max_H1_P78 -1.84102e-11
Max_H1_P79 0
Max_H1_P80 0
Max_H1_P81 0
