
Branch and bound

  Entire solving process        :                           (Time    201.6)
  No feasible solution was found
  Best relaxation cost          :     60026.55 (Node     0) (Time    201.6)
  Lower bound after cuts        :     60026.55
  End lower bound               :     60026.55
  Deepest level reached         : 0
  Deepest real level reached    : 0
  Number of real nodes solved   : 1
  Stopping condition            : enough nodes explored

Problem identification

  Problem                       : <null>
  Machine                       : oslo1.gerad.lan

Solving process summary

  Linear relaxations            :        1
  Column generation iterations  :      139
  Shortest paths solved         :     3775
  Columns generated             :    39110

Instance characteristics

  Resources                     : 3
  Node types                    : no
  Arc types                     : no
  Strong resource windows       : no
  Weak resource windows         : no
  Resource windows (nodes)      : 3
  Resource values (arcs)        : 3
  Values on nodes               : no

  Rows                          : 952
  Initial columns               : 2
  Tasks                         : 790
  Strong tasks                  : 786
  Weak tasks                    : 4
  Initial task constraints      : no
  Nodes                         : 1118
  Arc sets                      : 1
  Arcs                          : 29139
  Networks                      : 2
  Models                        : 1

Memory used per module (Megs)

  Parser (reused)               :      6.183
  Networks                      :     28.334
  Column generator              :      7.507
  Master problem                :      9.300
  -----------------
  Total                         :     45.141

Cpu time per module (seconds)

  Parser                        :        0.0
  Preprocessor                  :        0.0
  Lr solver manager             :        0.1
  Column generator              :       33.0
    (Shortest path)             :       28.1
  Master problem                :      168.5
  -------------------
  Total (without b&b)           :      201.6

Real elapsed time (seconds)

  Parser                        :        0.0
  Preprocessor                  :        0.0
  Lr solver manager             :        0.1
  Column generator              :       32.9
    (Shortest path)             :       28.1
  Master problem                :      168.5
  -------------------
  Total (without b&b)           :      201.6
