
Branch and bound

  Entire solving process        :                           (Time     61.4)
  No feasible solution was found
  Best relaxation cost          :     37747.19 (Node     0) (Time     61.4)
  Lower bound after cuts        :     37747.19
  End lower bound               :     37747.19
  Deepest level reached         : 0
  Deepest real level reached    : 0
  Number of real nodes solved   : 1
  Stopping condition            : enough nodes explored

Problem identification

  Problem                       : <null>
  Machine                       : oslo3.gerad.lan

Solving process summary

  Linear relaxations            :        1
  Column generation iterations  :      123
  Shortest paths solved         :     5890
  Columns generated             :    35059

Instance characteristics

  Resources                     : 3
  Node types                    : no
  Arc types                     : no
  Strong resource windows       : no
  Weak resource windows         : no
  Resource windows (nodes)      : 3
  Resource values (arcs)        : 3
  Values on nodes               : no

  Rows                          : 710
  Initial columns               : 328
  Tasks                         : 548
  Strong tasks                  : 363
  Weak tasks                    : 4
  Initial task constraints      : no
  Nodes                         : 876
  Arc sets                      : 1
  Arcs                          : 15580
  Networks                      : 2
  Models                        : 1

Memory used per module (Megs)

  Parser (reused)               :      3.519
  Networks                      :     21.311
  Column generator              :      4.965
  Master problem                :      7.084
  -----------------
  Total                         :     33.360

Cpu time per module (seconds)

  Parser                        :        0.0
  Preprocessor                  :        0.0
  Lr solver manager             :        0.0
  Column generator              :       17.1
    (Shortest path)             :       14.2
  Master problem                :       44.2
  -------------------
  Total (without b&b)           :       61.4

Real elapsed time (seconds)

  Parser                        :        0.0
  Preprocessor                  :        0.0
  Lr solver manager             :        0.1
  Column generator              :       17.1
    (Shortest path)             :       14.7
  Master problem                :       44.2
  -------------------
  Total (without b&b)           :       61.4
