
Branch and bound

  Entire solving process        :                           (Time    307.7)
  No feasible solution was found
  Best relaxation cost          :     63358.12 (Node     0) (Time    307.7)
  Lower bound after cuts        :     63358.12
  End lower bound               :     63358.12
  Deepest level reached         : 0
  Deepest real level reached    : 0
  Number of real nodes solved   : 1
  Stopping condition            : enough nodes explored

Problem identification

  Problem                       : <null>
  Machine                       : oslo4.gerad.lan

Solving process summary

  Linear relaxations            :        1
  Column generation iterations  :      145
  Shortest paths solved         :     4188
  Columns generated             :    46045

Instance characteristics

  Resources                     : 3
  Node types                    : no
  Arc types                     : no
  Strong resource windows       : no
  Weak resource windows         : no
  Resource windows (nodes)      : 3
  Resource values (arcs)        : 3
  Values on nodes               : no

  Rows                          : 1036
  Initial columns               : 2
  Tasks                         : 874
  Strong tasks                  : 870
  Weak tasks                    : 4
  Initial task constraints      : no
  Nodes                         : 1202
  Arc sets                      : 1
  Arcs                          : 35062
  Networks                      : 2
  Models                        : 1

Memory used per module (Megs)

  Parser (reused)               :      7.273
  Networks                      :     31.361
  Column generator              :      9.687
  Master problem                :      9.889
  -----------------
  Total                         :     50.938

Cpu time per module (seconds)

  Parser                        :        0.0
  Preprocessor                  :        0.0
  Lr solver manager             :        0.1
  Column generator              :       62.1
    (Shortest path)             :       52.7
  Master problem                :      245.5
  -------------------
  Total (without b&b)           :      307.7

Real elapsed time (seconds)

  Parser                        :        0.0
  Preprocessor                  :        0.0
  Lr solver manager             :        0.1
  Column generator              :       62.3
    (Shortest path)             :       52.5
  Master problem                :      249.9
  -------------------
  Total (without b&b)           :      312.3
