
Branch and bound

  Entire solving process        :                           (Time    343.0)
  No feasible solution was found
  Best relaxation cost          :     62350.02 (Node     0) (Time    343.0)
  Lower bound after cuts        :     62350.02
  End lower bound               :     62350.02
  Deepest level reached         : 0
  Deepest real level reached    : 0
  Number of real nodes solved   : 1
  Stopping condition            : enough nodes explored

Problem identification

  Problem                       : <null>
  Machine                       : oslo3.gerad.lan

Solving process summary

  Linear relaxations            :        1
  Column generation iterations  :      178
  Shortest paths solved         :    10877
  Columns generated             :    81046

Instance characteristics

  Resources                     : 3
  Node types                    : no
  Arc types                     : no
  Strong resource windows       : no
  Weak resource windows         : no
  Resource windows (nodes)      : 3
  Resource values (arcs)        : 3
  Values on nodes               : no

  Rows                          : 1036
  Initial columns               : 437
  Tasks                         : 874
  Strong tasks                  : 609
  Weak tasks                    : 4
  Initial task constraints      : no
  Nodes                         : 1202
  Arc sets                      : 1
  Arcs                          : 35062
  Networks                      : 2
  Models                        : 1

Memory used per module (Megs)

  Parser (reused)               :      7.273
  Networks                      :     33.420
  Column generator              :      9.929
  Master problem                :      9.799
  -----------------
  Total                         :     53.148

Cpu time per module (seconds)

  Parser                        :        0.0
  Preprocessor                  :        0.0
  Lr solver manager             :        0.2
  Column generator              :      107.5
    (Shortest path)             :       92.8
  Master problem                :      235.2
  -------------------
  Total (without b&b)           :      343.0

Real elapsed time (seconds)

  Parser                        :        0.0
  Preprocessor                  :        0.0
  Lr solver manager             :        0.2
  Column generator              :      107.6
    (Shortest path)             :       92.9
  Master problem                :      235.2
  -------------------
  Total (without b&b)           :      343.0
