
Branch and bound

  Entire solving process        :                           (Time     79.7)
  No feasible solution was found
  Best relaxation cost          :     39241.60 (Node     0) (Time     79.7)
  Lower bound after cuts        :     39241.60
  End lower bound               :     39241.60
  Deepest level reached         : 0
  Deepest real level reached    : 0
  Number of real nodes solved   : 1
  Stopping condition            : enough nodes explored

Problem identification

  Problem                       : <null>
  Machine                       : oslo1.gerad.lan

Solving process summary

  Linear relaxations            :        1
  Column generation iterations  :      152
  Shortest paths solved         :     2644
  Columns generated             :    24129

Instance characteristics

  Resources                     : 3
  Node types                    : no
  Arc types                     : no
  Strong resource windows       : no
  Weak resource windows         : no
  Resource windows (nodes)      : 3
  Resource values (arcs)        : 3
  Values on nodes               : no

  Rows                          : 701
  Initial columns               : 2
  Tasks                         : 539
  Strong tasks                  : 535
  Weak tasks                    : 4
  Initial task constraints      : no
  Nodes                         : 867
  Arc sets                      : 1
  Arcs                          : 15064
  Networks                      : 2
  Models                        : 1

Memory used per module (Megs)

  Parser (reused)               :      3.398
  Networks                      :     19.737
  Column generator              :      8.839
  Master problem                :      7.031
  -----------------
  Total                         :     35.608

Cpu time per module (seconds)

  Parser                        :        0.0
  Preprocessor                  :        0.0
  Lr solver manager             :        0.0
  Column generator              :        9.8
    (Shortest path)             :        8.5
  Master problem                :       69.9
  -------------------
  Total (without b&b)           :       79.7

Real elapsed time (seconds)

  Parser                        :        0.0
  Preprocessor                  :        0.0
  Lr solver manager             :        0.1
  Column generator              :        9.8
    (Shortest path)             :        8.6
  Master problem                :       69.7
  -------------------
  Total (without b&b)           :       79.7
