
Branch and bound

  Entire solving process        :                           (Time     54.1)
  No feasible solution was found
  Best relaxation cost          :     47191.21 (Node     0) (Time     54.1)
  Lower bound after cuts        :     47191.21
  End lower bound               :     47191.21
  Deepest level reached         : 0
  Deepest real level reached    : 0
  Number of real nodes solved   : 1
  Stopping condition            : enough nodes explored

Problem identification

  Problem                       : <null>
  Machine                       : oslo2.gerad.lan

Solving process summary

  Linear relaxations            :        1
  Column generation iterations  :      103
  Shortest paths solved         :     2648
  Columns generated             :    25200

Instance characteristics

  Resources                     : 3
  Node types                    : no
  Arc types                     : no
  Strong resource windows       : no
  Weak resource windows         : no
  Resource windows (nodes)      : 3
  Resource values (arcs)        : 3
  Values on nodes               : no

  Rows                          : 797
  Initial columns               : 2
  Tasks                         : 635
  Strong tasks                  : 631
  Weak tasks                    : 4
  Initial task constraints      : no
  Nodes                         : 963
  Arc sets                      : 1
  Arcs                          : 20107
  Networks                      : 2
  Models                        : 1

Memory used per module (Megs)

  Parser (reused)               :      4.367
  Networks                      :     23.127
  Column generator              :      4.480
  Master problem                :      7.946
  -----------------
  Total                         :     35.554

Cpu time per module (seconds)

  Parser                        :        0.0
  Preprocessor                  :        0.0
  Lr solver manager             :        0.0
  Column generator              :       11.8
    (Shortest path)             :       10.2
  Master problem                :       42.2
  -------------------
  Total (without b&b)           :       54.1

Real elapsed time (seconds)

  Parser                        :        0.0
  Preprocessor                  :        0.0
  Lr solver manager             :        0.1
  Column generator              :       11.9
    (Shortest path)             :       10.3
  Master problem                :       42.3
  -------------------
  Total (without b&b)           :       54.2
