Cover_T0 52
Cover_T1 -52
Cover_T2 52
Cover_T3 -52
Cover_T4 52
Cover_T5 -52
Cover_T6 52
Cover_T7 -52
Cover_T8 52
Cover_T9 -52
Cover_T10 52
Cover_T11 -52
Cover_T12 52
Cover_T13 -52
Cover_T14 54
Cover_T15 -48
Cover_T16 56
Cover_T17 -48
Cover_T18 62
Cover_T19 -42
Cover_T20 64
Cover_T21 -42
Cover_T22 48
Cover_T23 -38
Cover_T24 60
Cover_T25 -32
Cover_T26 62
Cover_T27 -24
Cover_T28 62
Cover_T29 -22
Cover_T30 58
Cover_T31 6
Cover_T32 58
Cover_T33 -10
Cover_T34 58
Cover_T35 4
Cover_T36 44
Cover_T37 944
Cover_T38 40
Cover_T39 930
Cover_T40 1004
Cover_T41 948
Cover_T42 1004
Cover_T43 942
Cover_T44 1004
Cover_T45 948
Cover_T46 54
Cover_T47 948
Cover_T48 18
Cover_T49 -30
Cover_T50 10
Cover_T51 -38
Cover_T52 -6
Cover_T53 -10
Cover_T54 -34
Cover_T55 0
Cover_T56 38
Cover_T57 8
Cover_T58 22
Cover_T59 24
Cover_T60 6
Cover_T61 40
Cover_T62 16
Cover_T63 52
Cover_T64 0
Cover_T65 -28
Cover_T66 2
Cover_T67 -12
Cover_T68 0
Cover_T69 4
Cover_T70 2
Cover_T71 -6
Cover_T72 0
Cover_T73 10
Cover_T74 2
Cover_T75 8
Cover_T76 48
Cover_T77 10
Cover_T78 32
Cover_T79 8
Cover_T80 16
Cover_T81 10
Cover_T82 2.45592e-10
Cover_T83 8
Cover_T84 -16
Cover_T85 -38
Cover_T86 -32
Cover_T87 -20
Cover_T88 8
Cover_T89 -2.21126e-10
Cover_T90 4
Cover_T91 20
Cover_T92 -8.52784e-12
Cover_T93 40
Cover_T94 44
Cover_T95 -5.69571e-11
Cover_T96 24
Cover_T97 4
Cover_T98 6
Cover_T99 8
Cover_T100 2
Cover_T101 -36
Cover_T102 8
Cover_T103 -16
Cover_T104 8
Cover_T105 2
Cover_T106 2
Cover_T107 6
Cover_T108 14
Cover_T109 8.55422e-11
Cover_T110 8
Cover_T111 -2
Cover_T112 16
Cover_T113 0
Cover_T114 0
Cover_T115 0
Cover_T116 -2.28866e-11
Cover_T117 9.67337e-11
Cover_T118 6
Cover_T119 2
Cover_T120 -10
Cover_T121 -6
Cover_T122 0
Cover_T123 10
Cover_T124 0
Cover_T125 10
Cover_T126 6
Cover_T127 16
Cover_T128 -10
Cover_T129 2
Cover_T130 -36
Cover_T131 2
Cover_T132 -34
Cover_T133 20
Cover_T134 18
Cover_T135 42
Cover_T136 10
Cover_T137 58
Cover_T138 0
Cover_T139 38
Cover_T140 18
Cover_T141 62
Cover_T142 10
Cover_T143 0
Cover_T144 -6
Cover_T145 10
Cover_T146 38
Cover_T147 22
Cover_T148 20
Cover_T149 6
Cover_T150 28
Cover_T151 32
Cover_T152 30
Cover_T153 -10
Cover_T154 10
Cover_T155 16
Cover_T156 14
Cover_T157 0
Cover_T158 -14
Cover_T159 0
Cover_T160 -32
Cover_T161 32
Cover_T162 24
Cover_T163 22
Cover_T164 8
Cover_T165 40
Cover_T166 18
Cover_T167 42
Cover_T168 0
Cover_T169 70
Cover_T170 6
Cover_T171 8
Cover_T172 6
Cover_T173 26
Cover_T174 0
Cover_T175 20
Cover_T176 0
Cover_T177 4
Cover_T178 0
Cover_T179 4
Cover_T180 -8
Cover_T181 24
Cover_T182 -4
Cover_T183 12
Cover_T184 -6
Cover_T185 14
Cover_T186 -4
Cover_T187 10
Cover_T188 -14
Cover_T189 12
Cover_T190 -10
Cover_T191 30
Cover_T192 -8
Cover_T193 22
Cover_T194 -20
Cover_T195 34
Cover_T196 -18
Cover_T197 50
Cover_T198 -18
Cover_T199 36
Cover_T200 -22
Cover_T201 24
Cover_T202 -26
Cover_T203 32
Cover_T204 -32
Cover_T205 30
Cover_T206 -20
Cover_T207 44
Cover_T208 -20
Cover_T209 46
Cover_T210 -24
Cover_T211 48
Cover_T212 -22
Cover_T213 70
Cover_T214 -38
Cover_T215 54
Cover_T216 -22
Cover_T217 44
Cover_T218 -26
Cover_T219 52
Cover_T220 -26
Cover_T221 56
Cover_T222 -34
Cover_T223 72
Cover_T224 -38
Cover_T225 48
Cover_T226 -40
Cover_T227 48
Cover_T228 -40
Cover_T229 64
Cover_T230 -46
Cover_T231 60
Cover_T232 -46
Cover_T233 52
Cover_T234 -52
Cover_T235 54
Cover_T236 -48
Cover_T237 52
Cover_T238 -42
Cover_T239 62
Cover_T240 -42
Cover_T241 48
Cover_T242 -46
Cover_T243 42
Cover_T244 -30
Cover_T245 54
Cover_T246 -20
Cover_T247 70
Cover_T248 2
Cover_T249 48
Cover_T250 -14
Cover_T251 46
Cover_T252 0
Cover_T253 36
Cover_T254 924
Cover_T255 10
Cover_T256 942
Cover_T257 1016
Cover_T258 938
Cover_T259 986
Cover_T260 948
Cover_T261 66
Cover_T262 946
Cover_T263 48
Cover_T264 -38
Cover_T265 14
Cover_T266 -48
Cover_T267 0
Cover_T268 -34
Cover_T269 0
Cover_T270 -14
Cover_T271 -14
Cover_T272 2
Cover_T273 -34
Cover_T274 1.25056e-11
Cover_T275 42
Cover_T276 22
Cover_T277 14
Cover_T278 50
Cover_T279 12
Cover_T280 -22
Cover_T281 2
Cover_T282 6
Cover_T283 6
Cover_T284 2
Cover_T285 4
Cover_T286 0
Cover_T287 6
Cover_T288 2
Cover_T289 52
Cover_T290 0
Cover_T291 36
Cover_T292 2
Cover_T293 20
Cover_T294 0
Cover_T295 4
Cover_T296 -46
Cover_T297 -12
Cover_T298 -30
Cover_T299 -28
Cover_T300 -14
Cover_T301 -44
Cover_T302 2
Cover_T303 0
Cover_T304 18
Cover_T305 0
Cover_T306 34
Cover_T307 0
Cover_T308 50
Cover_T309 48
Cover_T310 6
Cover_T311 32
Cover_T312 6
Cover_T313 16
Cover_T314 8
Cover_T315 -2
Cover_T316 -36
Cover_T317 -6
Cover_T318 -16
Cover_T319 1.90191e-11
Cover_T320 2
Cover_T321 0
Cover_T322 6
Cover_T323 -6
Cover_T324 7.09113e-11
Cover_T325 6
Cover_T326 1.01441e-10
Cover_T327 -6.26033e-11
Cover_T328 6
Cover_T329 4
Cover_T330 -6
Cover_T331 0
Cover_T332 7.41759e-11
Cover_T333 2
Cover_T334 -4
Cover_T335 8
Cover_T336 9.02466e-11
Cover_T337 4
Cover_T338 -4
Cover_T339 16
Cover_T340 12
Cover_T341 0
Cover_T342 2
Cover_T343 -4
Cover_T344 2
Cover_T345 -18
Cover_T346 -10
Cover_T347 -34
Cover_T348 6
Cover_T349 -50
Cover_T350 12
Cover_T351 -36
Cover_T352 24
Cover_T353 18
Cover_T354 56
Cover_T355 6
Cover_T356 60
Cover_T357 10
Cover_T358 2
Cover_T359 50
Cover_T360 0
Cover_T361 20
Cover_T362 10
Cover_T363 16
Cover_T364 18
Cover_T365 18
Cover_T366 -16
Cover_T367 24
Cover_T368 2
Cover_T369 0
Cover_T370 16
Cover_T371 20
Cover_T372 12
Cover_T373 -4
Cover_T374 2
Cover_T375 -20
Cover_T376 20
Cover_T377 20
Cover_T378 34
Cover_T379 0
Cover_T380 74
Cover_T381 16
Cover_T382 20
Cover_T383 0
Cover_T384 24
Cover_T385 0
Cover_T386 10
Cover_T387 -2
Cover_T388 14
Cover_T389 -2
Cover_T390 22
Cover_T391 -2
Cover_T392 8
Cover_T393 -8.95284e-12
Cover_T394 16
Cover_T395 -1.35622e-11
Cover_T396 20
Cover_T397 -4
Cover_T398 22
Cover_T399 -6
Cover_T400 24
Cover_T401 -10
Cover_T402 14
Cover_T403 -10
Cover_T404 24
Cover_T405 -14
Cover_T406 26
Cover_T407 -30
Cover_T408 26
Cover_T409 -14
Cover_T410 28
Cover_T411 -18
Cover_T412 28
Cover_T413 -18
Cover_T414 44
Cover_T415 -22
Cover_T416 32
Cover_T417 -22
Cover_T418 34
Cover_T419 -26
Cover_T420 24
Cover_T421 -32
Cover_T422 26
Cover_T423 -36
Cover_T424 32
Cover_T425 -24
Cover_T426 40
Cover_T427 -24
Cover_T428 44
Cover_T429 -26
Cover_T430 60
Cover_T431 -24
Cover_T432 52
Cover_T433 -42
Cover_T434 48
Cover_T435 -28
Cover_T436 50
Cover_T437 -28
Cover_T438 48
Cover_T439 -34
Cover_T440 70
Cover_T441 -36
Cover_T442 52
Cover_T443 -34
Cover_T444 56
Cover_T445 -40
Cover_T446 54
Cover_T447 -40
Cover_T448 52
Cover_T449 -40
Cover_T450 58
Cover_T451 -42
Cover_T452 58
Cover_T453 -46
Cover_T454 58
Cover_T455 -46
Cover_T456 58
Cover_T457 56
Cover_T458 -32
Cover_T459 66
Cover_T460 -30
Cover_T461 62
Cover_T462 -26
Cover_T463 58
Cover_T464 -26
Cover_T465 70
Cover_T466 -4
Cover_T467 60
Cover_T468 -2.31657e-10
Cover_T469 48
Cover_T470 940
Cover_T471 40
Cover_T472 940
Cover_T473 1024
Cover_T474 926
Cover_T475 984
Cover_T476 942
Cover_T477 1014
Cover_T478 936
Cover_T479 990
Cover_T480 942
Cover_T481 34
Cover_T482 942
Cover_T483 16
Cover_T484 -46
Cover_T485 16
Cover_T486 -26
Cover_T487 4
Cover_T488 -42
Cover_T489 -18
Cover_T490 -22
Cover_T491 -38
Cover_T492 -2
Cover_T493 42
Cover_T494 2.94236e-11
Cover_T495 22
Cover_T496 4
Cover_T497 6
Cover_T498 20
Cover_T499 16
Cover_T500 36
Cover_T501 -4.30116e-11
Cover_T502 52
Cover_T503 2
Cover_T504 -32
Cover_T505 6.36176e-11
Cover_T506 -16
Cover_T507 2
Cover_T508 4.79377e-11
Cover_T509 -6.09153e-11
Cover_T510 -10
Cover_T511 2.84898e-11
Cover_T512 10
Cover_T513 42
Cover_T514 12
Cover_T515 22
Cover_T516 -5.24731e-11
Cover_T517 2
Cover_T518 6
Cover_T519 -18
Cover_T520 8
Cover_T521 -38
Cover_T522 -34
Cover_T523 4
Cover_T524 -18
Cover_T525 4
Cover_T526 -2
Cover_T527 4
Cover_T528 14
Cover_T529 52
Cover_T530 30
Cover_T531 36
Cover_T532 46
Cover_T533 20
Cover_T534 2
Cover_T535 6
Cover_T536 2
Cover_T537 6
Cover_T538 2
Cover_T539 0
Cover_T540 -46
Cover_T541 0
Cover_T542 -30
Cover_T543 4
Cover_T544 -14
Cover_T545 2
Cover_T546 0
Cover_T547 2
Cover_T548 0
Cover_T549 2
Cover_T550 6
Cover_T551 0
Cover_T552 6
Cover_T553 6
Cover_T554 6
Cover_T555 2
Cover_T556 12
Cover_T557 4
Cover_T558 0
Cover_T559 -16
Cover_T560 6
Cover_T561 6
Cover_T562 2
Cover_T563 14
Cover_T564 6
Cover_T565 -4
Cover_T566 0
Cover_T567 -8
Cover_T568 16
Cover_T569 -22
Cover_T570 6
Cover_T571 -38
Cover_T572 6
Cover_T573 -24
Cover_T574 -4
Cover_T575 -40
Cover_T576 12
Cover_T577 0
Cover_T578 22
Cover_T579 12
Cover_T580 34
Cover_T581 0
Cover_T582 42
Cover_T583 -4
Cover_T584 60
Cover_T585 24
Cover_T586 42
Cover_T587 12
Cover_T588 52
Cover_T589 0
Cover_T590 10
Cover_T591 50
Cover_T592 10
Cover_T593 36
Cover_T594 10
Cover_T595 22
Cover_T596 18
Cover_T597 24
Cover_T598 26
Cover_T599 32
Cover_T600 14
Cover_T601 30
Cover_T602 32
Cover_T603 -6.09127e-10
Cover_T604 -4
Cover_T605 14
Cover_T606 0
Cover_T607 -6
Cover_T608 4
Cover_T609 -34
Cover_T610 12
Cover_T611 28
Cover_T612 28
Cover_T613 4
Cover_T614 20
Cover_T615 12
Cover_T616 46
Cover_T617 26
Cover_T618 62
Cover_T619 26
Cover_T620 78
Cover_T621 2
Cover_T622 12
Cover_T623 16
Cover_T624 28
Cover_T625 16
Cover_T626 28
Cover_T627 6
Cover_T628 18
Cover_T629 4
Cover_T630 22
Cover_T631 -6
Cover_T632 14
Cover_T633 -1.0951e-10
Cover_T634 24
Cover_T635 -8.30391e-11
Cover_T636 26
Cover_T637 -6
Cover_T638 24
Cover_T639 -14
Cover_T640 30
Cover_T641 -14
Cover_T642 20
Cover_T643 -30
Cover_T644 30
Cover_T645 -12
Cover_T646 30
Cover_T647 -16
Cover_T648 30
Cover_T649 -12
Cover_T650 32
Cover_T651 -24
Cover_T652 34
Cover_T653 -20
Cover_T654 50
Cover_T655 -18
Cover_T656 32
Cover_T657 -18
Cover_T658 32
Cover_T659 -22
Cover_T660 32
Cover_T661 -38
Cover_T662 38
Cover_T663 -22
Cover_T664 42
Cover_T665 -20
Cover_T666 40
Cover_T667 -20
Cover_T668 40
Cover_T669 -26
Cover_T670 54
Cover_T671 -22
Cover_T672 52
Cover_T673 -32
Cover_T674 56
Cover_T675 -34
Cover_T676 72
Cover_T677 -36
Cover_T678 58
Cover_T679 -40
Cover_T680 52
Cover_T681 -46
Cover_T682 56
Cover_T683 -40
Cover_T684 58
Cover_T685 -40
Cover_T686 62
Cover_T687 -46
Cover_T688 64
Cover_T689 30
Cover_T690 6
Cover_T691 52
Cover_T692 18
Cover_T693 24
Cover_T694 16
Cover_T695 24
Cover_T696 50
Cover_T697 24
Cover_T698 0
Cover_T699 2
Cover_T700 30
Cover_T701 0
Cover_T702 974
Cover_T703 0
Cover_T704 976
Cover_T705 1002
Cover_T706 972
Cover_T707 1020
Cover_T708 988
Cover_T709 1006
Cover_T710 982
Cover_T711 50
Cover_T712 978
Cover_T713 38
Cover_T714 -16
Cover_T715 52
Cover_T716 60
Cover_T717 24
Cover_T718 56
Cover_T719 -16
Cover_T720 62
Cover_T721 0
Cover_T722 16
Cover_T723 0
Cover_T724 44
Cover_T725 44
Cover_T726 62
Cover_T727 24
Cover_T728 40
Cover_T729 0
Cover_T730 60
Cover_T731 -2.92317e-11
Cover_T732 42
Cover_T733 0
Cover_T734 0
Cover_T735 48
Cover_T736 34
Cover_T737 72
Cover_T738 56
Cover_T739 52
Cover_T740 48
Cover_T741 28
Cover_T742 50
Cover_T743 20
Cover_T744 0
Cover_T745 0
Cover_T746 -16
Cover_T747 0
Cover_T748 0
Cover_T749 48
Cover_T750 28
Cover_T751 46
Cover_T752 62
Cover_T753 44
Cover_T754 50
Count_D0 -984
Count_D1 -1000
Max_H0_P0 0
Max_H0_P1 0
Max_H0_P2 0
Max_H0_P3 0
Max_H0_P4 0
Max_H0_P5 0
Max_H0_P6 0
Max_H0_P7 0
Max_H0_P8 0
Max_H0_P9 0
Max_H0_P10 0
Max_H0_P11 0
Max_H0_P12 0
Max_H0_P13 0
Max_H0_P14 0
Max_H0_P15 5.85754e-13
Max_H0_P16 5.67901e-11
Max_H0_P17 2.40211e-11
Max_H0_P18 2.22962e-12
Max_H0_P19 -5.57066e-12
Max_H0_P20 -1.13807e-11
Max_H0_P21 -4.25331e-11
Max_H0_P22 6.19665e-11
Max_H0_P23 -1.553e-11
Max_H0_P24 4.00044e-11
Max_H0_P25 0
Max_H0_P26 4.98078e-11
Max_H0_P27 -1.25297e-11
Max_H0_P28 1.75504e-11
Max_H0_P29 0
Max_H0_P30 -2.59615e-11
Max_H0_P31 -6.26699e-11
Max_H0_P32 1.87949e-11
Max_H0_P33 2.22836e-11
Max_H0_P34 4.60822e-11
Max_H0_P35 1.51736e-11
Max_H0_P36 4.13839e-11
Max_H0_P37 -1.58145e-11
Max_H0_P38 1.73599e-11
Max_H0_P39 1.77653e-11
Max_H0_P40 3.57033e-11
Max_H0_P41 6.94952e-12
Max_H0_P42 -1.13118e-11
Max_H0_P43 0
Max_H0_P44 0
Max_H0_P45 0
Max_H0_P46 0
Max_H0_P47 0
Max_H0_P48 0
Max_H0_P49 0
Max_H0_P50 0
Max_H0_P51 0
Max_H0_P52 0
Max_H0_P53 0
Max_H0_P54 0
Max_H0_P55 0
Max_H0_P56 0
Max_H0_P57 0
Max_H0_P58 0
Max_H0_P59 0
Max_H0_P60 0
Max_H0_P61 0
Max_H0_P62 0
Max_H0_P63 0
Max_H0_P64 0
Max_H0_P65 0
Max_H0_P66 0
Max_H0_P67 0
Max_H0_P68 0
Max_H0_P69 0
Max_H0_P70 0
Max_H0_P71 0
Max_H0_P72 0
Max_H0_P73 0
Max_H0_P74 0
Max_H0_P75 0
Max_H0_P76 1.70211e-11
Max_H0_P77 -4.02796e-11
Max_H0_P78 2.65147e-11
Max_H0_P79 0
Max_H0_P80 0
Max_H0_P81 0
Max_H1_P0 0
Max_H1_P1 0
Max_H1_P2 0
Max_H1_P3 0
Max_H1_P4 0
Max_H1_P5 -1.01108e-11
Max_H1_P6 7.64668e-11
Max_H1_P7 -8.99747e-12
Max_H1_P8 0
Max_H1_P9 0
Max_H1_P10 0
Max_H1_P11 0
Max_H1_P12 0
Max_H1_P13 0
Max_H1_P14 0
Max_H1_P15 0
Max_H1_P16 3.58815e-11
Max_H1_P17 -3.30488e-11
Max_H1_P18 -3.14344e-11
Max_H1_P19 1.13116e-11
Max_H1_P20 -2.93078e-11
Max_H1_P21 -3.87956e-11
Max_H1_P22 1.376e-10
Max_H1_P23 4.93117e-12
Max_H1_P24 1.92497e-11
Max_H1_P25 9.80611e-12
Max_H1_P26 4.47731e-11
Max_H1_P27 0
Max_H1_P28 -4.5024e-11
Max_H1_P29 1.21982e-11
Max_H1_P30 -1.72856e-11
Max_H1_P31 -4.15507e-11
Max_H1_P32 9.72889e-12
Max_H1_P33 1.69686e-11
Max_H1_P34 1.82227e-11
Max_H1_P35 4.16696e-11
Max_H1_P36 -2.35367e-12
Max_H1_P37 -4.87677e-12
Max_H1_P38 -8.85229e-12
Max_H1_P39 3.29239e-11
Max_H1_P40 7.41529e-12
Max_H1_P41 3.10058e-12
Max_H1_P42 -2.52108e-12
Max_H1_P43 -4.19072e-11
Max_H1_P44 0
Max_H1_P45 0
Max_H1_P46 0
Max_H1_P47 0
Max_H1_P48 0
Max_H1_P49 0
Max_H1_P50 0
Max_H1_P51 0
Max_H1_P52 0
Max_H1_P53 0
Max_H1_P54 0
Max_H1_P55 0
Max_H1_P56 0
Max_H1_P57 0
Max_H1_P58 0
Max_H1_P59 0
Max_H1_P60 -2.76437e-11
Max_H1_P61 1.62963e-11
Max_H1_P62 0
Max_H1_P63 0
Max_H1_P64 5.07576e-11
Max_H1_P65 0
Max_H1_P66 4.91225e-11
Max_H1_P67 0
Max_H1_P68 0
Max_H1_P69 0
Max_H1_P70 2.14928e-10
Max_H1_P71 0
Max_H1_P72 0
Max_H1_P73 0
Max_H1_P74 0
Max_H1_P75 0
Max_H1_P76 0
Max_H1_P77 9.68186e-11
Max_H1_P78 0
Max_H1_P79 -1.28821e-10
Max_H1_P80 0
Max_H1_P81 0
