
Branch and bound

  Entire solving process        :                           (Time    577.6)
  No feasible solution was found
  Best relaxation cost          :     41849.54 (Node     0) (Time    577.6)
  Lower bound after cuts        :     41849.54
  End lower bound               :     41849.54
  Deepest level reached         : 0
  Deepest real level reached    : 0
  Number of real nodes solved   : 1
  Stopping condition            : enough nodes explored

Problem identification

  Problem                       : <null>
  Machine                       : oslo1.gerad.lan

Solving process summary

  Linear relaxations            :        1
  Column generation iterations  :      208
  Shortest paths solved         :     3859
  Columns generated             :    44827

Instance characteristics

  Resources                     : 3
  Node types                    : no
  Arc types                     : no
  Strong resource windows       : no
  Weak resource windows         : no
  Resource windows (nodes)      : 3
  Resource values (arcs)        : 3
  Values on nodes               : no

  Rows                          : 921
  Initial columns               : 2
  Tasks                         : 759
  Strong tasks                  : 755
  Weak tasks                    : 4
  Initial task constraints      : no
  Nodes                         : 1087
  Arc sets                      : 1
  Arcs                          : 26873
  Networks                      : 2
  Models                        : 1

Memory used per module (Megs)

  Parser (reused)               :      5.699
  Networks                      :     27.244
  Column generator              :      8.234
  Master problem                :      9.466
  -----------------
  Total                         :     44.944

Cpu time per module (seconds)

  Parser                        :        0.0
  Preprocessor                  :        0.0
  Lr solver manager             :        0.2
  Column generator              :       62.8
    (Shortest path)             :       55.1
  Master problem                :      514.5
  -------------------
  Total (without b&b)           :      577.6

Real elapsed time (seconds)

  Parser                        :        0.0
  Preprocessor                  :        0.0
  Lr solver manager             :        0.2
  Column generator              :       62.8
    (Shortest path)             :       55.0
  Master problem                :      514.5
  -------------------
  Total (without b&b)           :      577.6
