
Branch and bound

  Entire solving process        :                           (Time    190.7)
  No feasible solution was found
  Best relaxation cost          :     41582.44 (Node     0) (Time    190.7)
  Lower bound after cuts        :     41582.44
  End lower bound               :     41582.44
  Deepest level reached         : 0
  Deepest real level reached    : 0
  Number of real nodes solved   : 1
  Stopping condition            : enough nodes explored

Problem identification

  Problem                       : <null>
  Machine                       : oslo5.gerad.lan

Solving process summary

  Linear relaxations            :        1
  Column generation iterations  :      147
  Shortest paths solved         :     6715
  Columns generated             :    50267

Instance characteristics

  Resources                     : 3
  Node types                    : no
  Arc types                     : no
  Strong resource windows       : no
  Weak resource windows         : no
  Resource windows (nodes)      : 3
  Resource values (arcs)        : 3
  Values on nodes               : no

  Rows                          : 921
  Initial columns               : 357
  Tasks                         : 759
  Strong tasks                  : 543
  Weak tasks                    : 4
  Initial task constraints      : no
  Nodes                         : 1087
  Arc sets                      : 1
  Arcs                          : 26873
  Networks                      : 2
  Models                        : 1

Memory used per module (Megs)

  Parser (reused)               :      5.699
  Networks                      :     29.908
  Column generator              :     10.898
  Master problem                :      9.678
  -----------------
  Total                         :     50.484

Cpu time per module (seconds)

  Parser                        :        0.0
  Preprocessor                  :        0.0
  Lr solver manager             :        0.1
  Column generator              :       65.6
    (Shortest path)             :       58.7
  Master problem                :      125.0
  -------------------
  Total (without b&b)           :      190.7

Real elapsed time (seconds)

  Parser                        :        0.0
  Preprocessor                  :        0.0
  Lr solver manager             :        0.1
  Column generator              :       65.6
    (Shortest path)             :       59.4
  Master problem                :      124.9
  -------------------
  Total (without b&b)           :      190.7
