
Branch and bound

  Entire solving process        :                           (Time    233.1)
  No feasible solution was found
  Best relaxation cost          :     64649.74 (Node     0) (Time    233.1)
  Lower bound after cuts        :     64649.74
  End lower bound               :     64649.74
  Deepest level reached         : 0
  Deepest real level reached    : 0
  Number of real nodes solved   : 1
  Stopping condition            : enough nodes explored

Problem identification

  Problem                       : <null>
  Machine                       : oslo3.gerad.lan

Solving process summary

  Linear relaxations            :        1
  Column generation iterations  :      116
  Shortest paths solved         :     3842
  Columns generated             :    42939

Instance characteristics

  Resources                     : 3
  Node types                    : no
  Arc types                     : no
  Strong resource windows       : no
  Weak resource windows         : no
  Resource windows (nodes)      : 3
  Resource values (arcs)        : 3
  Values on nodes               : no

  Rows                          : 1122
  Initial columns               : 2
  Tasks                         : 960
  Strong tasks                  : 956
  Weak tasks                    : 4
  Initial task constraints      : no
  Nodes                         : 1288
  Arc sets                      : 1
  Arcs                          : 41177
  Networks                      : 2
  Models                        : 1

Memory used per module (Megs)

  Parser (reused)               :      8.484
  Networks                      :     34.752
  Column generator              :     10.898
  Master problem                :     10.925
  -----------------
  Total                         :     56.575

Cpu time per module (seconds)

  Parser                        :        0.0
  Preprocessor                  :        0.0
  Lr solver manager             :        0.1
  Column generator              :       61.7
    (Shortest path)             :       52.0
  Master problem                :      171.3
  -------------------
  Total (without b&b)           :      233.0

Real elapsed time (seconds)

  Parser                        :        0.0
  Preprocessor                  :        0.0
  Lr solver manager             :        0.1
  Column generator              :       61.7
    (Shortest path)             :       51.9
  Master problem                :      171.2
  -------------------
  Total (without b&b)           :      233.0
