
Branch and bound

  Entire solving process        :                           (Time   9968.9)
  No feasible solution was found
  Best relaxation cost          :     64528.04 (Node     0) (Time   9968.9)
  Lower bound after cuts        :     64528.04
  End lower bound               :     64528.04
  Deepest level reached         : 0
  Deepest real level reached    : 0
  Number of real nodes solved   : 1
  Stopping condition            : enough nodes explored

Problem identification

  Problem                       : <null>
  Machine                       : oslo5.gerad.lan

Solving process summary

  Linear relaxations            :        1
  Column generation iterations  :      482
  Shortest paths solved         :    10069
  Columns generated             :   116398

Instance characteristics

  Resources                     : 3
  Node types                    : no
  Arc types                     : no
  Strong resource windows       : no
  Weak resource windows         : no
  Resource windows (nodes)      : 3
  Resource values (arcs)        : 3
  Values on nodes               : no

  Rows                          : 1055
  Initial columns               : 2
  Tasks                         : 893
  Strong tasks                  : 889
  Weak tasks                    : 4
  Initial task constraints      : no
  Nodes                         : 1221
  Arc sets                      : 1
  Arcs                          : 36009
  Networks                      : 2
  Models                        : 1

Memory used per module (Megs)

  Parser (reused)               :      7.515
  Networks                      :     32.451
  Column generator              :     25.912
  Master problem                :     10.139
  -----------------
  Total                         :     68.502

Cpu time per module (seconds)

  Parser                        :        0.0
  Preprocessor                  :        0.0
  Lr solver manager             :        0.4
  Column generator              :      367.9
    (Shortest path)             :      347.1
  Master problem                :     9600.6
  -------------------
  Total (without b&b)           :     9968.9

Real elapsed time (seconds)

  Parser                        :        0.0
  Preprocessor                  :        0.0
  Lr solver manager             :        0.4
  Column generator              :      367.9
    (Shortest path)             :      346.4
  Master problem                :     9600.6
  -------------------
  Total (without b&b)           :     9968.9
