
Branch and bound

  Entire solving process        :                           (Time    147.6)
  No feasible solution was found
  Best relaxation cost          :     49322.93 (Node     0) (Time    147.6)
  Lower bound after cuts        :     49322.93
  End lower bound               :     49322.93
  Deepest level reached         : 0
  Deepest real level reached    : 0
  Number of real nodes solved   : 1
  Stopping condition            : enough nodes explored

Problem identification

  Problem                       : <null>
  Machine                       : oslo1.gerad.lan

Solving process summary

  Linear relaxations            :        1
  Column generation iterations  :      136
  Shortest paths solved         :     3152
  Columns generated             :    31266

Instance characteristics

  Resources                     : 3
  Node types                    : no
  Arc types                     : no
  Strong resource windows       : no
  Weak resource windows         : no
  Resource windows (nodes)      : 3
  Resource values (arcs)        : 3
  Values on nodes               : no

  Rows                          : 842
  Initial columns               : 2
  Tasks                         : 680
  Strong tasks                  : 676
  Weak tasks                    : 4
  Initial task constraints      : no
  Nodes                         : 1008
  Arc sets                      : 1
  Arcs                          : 22427
  Networks                      : 2
  Models                        : 1

Memory used per module (Megs)

  Parser (reused)               :      4.851
  Networks                      :     24.580
  Column generator              :      6.418
  Master problem                :      8.362
  -----------------
  Total                         :     39.360

Cpu time per module (seconds)

  Parser                        :        0.0
  Preprocessor                  :        0.0
  Lr solver manager             :        0.1
  Column generator              :       22.9
    (Shortest path)             :       18.5
  Master problem                :      124.7
  -------------------
  Total (without b&b)           :      147.6

Real elapsed time (seconds)

  Parser                        :        0.0
  Preprocessor                  :        0.0
  Lr solver manager             :        0.1
  Column generator              :       22.8
    (Shortest path)             :       18.3
  Master problem                :      124.6
  -------------------
  Total (without b&b)           :      147.6
