Cover_T0 52
Cover_T1 -52
Cover_T2 52
Cover_T3 -52
Cover_T4 52
Cover_T5 -52
Cover_T6 52
Cover_T7 -52
Cover_T8 52
Cover_T9 -52
Cover_T10 52
Cover_T11 -52
Cover_T12 54
Cover_T13 -52
Cover_T14 54
Cover_T15 -50
Cover_T16 52
Cover_T17 -50
Cover_T18 60
Cover_T19 -44
Cover_T20 62
Cover_T21 -44
Cover_T22 62
Cover_T23 -40
Cover_T24 62
Cover_T25 -38
Cover_T26 62
Cover_T27 -38
Cover_T28 62
Cover_T29 -38
Cover_T30 56
Cover_T31 -34
Cover_T32 52
Cover_T33 -38
Cover_T34 76
Cover_T35 -30
Cover_T36 62
Cover_T37 -18
Cover_T38 42
Cover_T39 -30
Cover_T40 990
Cover_T41 934
Cover_T42 988
Cover_T43 940
Cover_T44 978
Cover_T45 918
Cover_T46 992
Cover_T47 936
Cover_T48 1018
Cover_T49 948
Cover_T50 1034
Cover_T51 -2.90839e-10
Cover_T52 58
Cover_T53 2
Cover_T54 40
Cover_T55 -3.84173e-10
Cover_T56 60
Cover_T57 0
Cover_T58 40
Cover_T59 -38
Cover_T60 16
Cover_T61 -38
Cover_T62 14
Cover_T63 -22
Cover_T64 54
Cover_T65 -38
Cover_T66 36
Cover_T67 -22
Cover_T68 20
Cover_T69 -6
Cover_T70 4
Cover_T71 2.33252e-10
Cover_T72 6
Cover_T73 -34
Cover_T74 8
Cover_T75 -10
Cover_T76 -6
Cover_T77 14
Cover_T78 -30
Cover_T79 16
Cover_T80 4
Cover_T81 14
Cover_T82 -8
Cover_T83 20
Cover_T84 -24
Cover_T85 36
Cover_T86 -40
Cover_T87 52
Cover_T88 52
Cover_T89 10
Cover_T90 36
Cover_T91 18
Cover_T92 20
Cover_T93 34
Cover_T94 52
Cover_T95 50
Cover_T96 36
Cover_T97 -38
Cover_T98 12
Cover_T99 -14
Cover_T100 10
Cover_T101 -38
Cover_T102 2
Cover_T103 -14
Cover_T104 4
Cover_T105 10
Cover_T106 -1.57229e-10
Cover_T107 8
Cover_T108 12
Cover_T109 8
Cover_T110 -4
Cover_T111 -2
Cover_T112 0
Cover_T113 14
Cover_T114 48
Cover_T115 10
Cover_T116 32
Cover_T117 -2
Cover_T118 16
Cover_T119 14
Cover_T120 48
Cover_T121 10
Cover_T122 28
Cover_T123 -30
Cover_T124 8
Cover_T125 -6
Cover_T126 -6
Cover_T127 -30
Cover_T128 -30
Cover_T129 -6
Cover_T130 -30
Cover_T131 14
Cover_T132 10
Cover_T133 28
Cover_T134 8
Cover_T135 52
Cover_T136 6
Cover_T137 52
Cover_T138 6
Cover_T139 0
Cover_T140 8
Cover_T141 4
Cover_T142 6
Cover_T143 8
Cover_T144 -10
Cover_T145 0
Cover_T146 -10
Cover_T147 0
Cover_T148 -26
Cover_T149 8
Cover_T150 -42
Cover_T151 6
Cover_T152 -26
Cover_T153 32
Cover_T154 -42
Cover_T155 28
Cover_T156 4
Cover_T157 42
Cover_T158 36
Cover_T159 58
Cover_T160 32
Cover_T161 42
Cover_T162 32
Cover_T163 60
Cover_T164 20
Cover_T165 76
Cover_T166 8
Cover_T167 26
Cover_T168 44
Cover_T169 0
Cover_T170 44
Cover_T171 0
Cover_T172 30
Cover_T173 6
Cover_T174 22
Cover_T175 18
Cover_T176 10
Cover_T177 32
Cover_T178 30
Cover_T179 0
Cover_T180 4
Cover_T181 -6.48671e-10
Cover_T182 0
Cover_T183 6
Cover_T184 -1.60684e-08
Cover_T185 18
Cover_T186 -22
Cover_T187 2
Cover_T188 -42
Cover_T189 20
Cover_T190 -6
Cover_T191 20
Cover_T192 -22
Cover_T193 26
Cover_T194 -38
Cover_T195 42
Cover_T196 8
Cover_T197 58
Cover_T198 8
Cover_T199 24
Cover_T200 6
Cover_T201 40
Cover_T202 6
Cover_T203 58
Cover_T204 6
Cover_T205 8
Cover_T206 6
Cover_T207 10
Cover_T208 4
Cover_T209 10
Cover_T210 4
Cover_T211 2
Cover_T212 2
Cover_T213 2
Cover_T214 2
Cover_T215 12
Cover_T216 2
Cover_T217 12
Cover_T218 5.03405e-10
Cover_T219 12
Cover_T220 5.89026e-10
Cover_T221 12
Cover_T222 4
Cover_T223 14
Cover_T224 -8
Cover_T225 14
Cover_T226 -26
Cover_T227 20
Cover_T228 -42
Cover_T229 8
Cover_T230 -40
Cover_T231 16
Cover_T232 -26
Cover_T233 32
Cover_T234 -42
Cover_T235 54
Cover_T236 -2
Cover_T237 72
Cover_T238 -1.34567e-08
Cover_T239 80
Cover_T240 -1.3545e-08
Cover_T241 66
Cover_T242 -8
Cover_T243 94
Cover_T244 -6
Cover_T245 54
Cover_T246 -8
Cover_T247 52
Cover_T248 -18
Cover_T249 60
Cover_T250 -18
Cover_T251 60
Cover_T252 -28
Cover_T253 44
Cover_T254 -40
Cover_T255 62
Cover_T256 -40
Cover_T257 56
Cover_T258 -40
Cover_T259 64
Cover_T260 -48
Cover_T261 56
Cover_T262 52
Cover_T263 -52
Cover_T264 54
Cover_T265 -44
Cover_T266 58
Cover_T267 -44
Cover_T268 58
Cover_T269 -44
Cover_T270 58
Cover_T271 -38
Cover_T272 58
Cover_T273 -38
Cover_T274 56
Cover_T275 -34
Cover_T276 52
Cover_T277 -38
Cover_T278 54
Cover_T279 -18
Cover_T280 72
Cover_T281 -34
Cover_T282 54
Cover_T283 -18
Cover_T284 42
Cover_T285 -30
Cover_T286 990
Cover_T287 934
Cover_T288 976
Cover_T289 918
Cover_T290 990
Cover_T291 928
Cover_T292 976
Cover_T293 948
Cover_T294 1030
Cover_T295 0
Cover_T296 70
Cover_T297 2
Cover_T298 52
Cover_T299 0
Cover_T300 40
Cover_T301 1.04499e-09
Cover_T302 52
Cover_T303 -38
Cover_T304 28
Cover_T305 -38
Cover_T306 16
Cover_T307 -22
Cover_T308 8
Cover_T309 -38
Cover_T310 48
Cover_T311 -22
Cover_T312 32
Cover_T313 -6
Cover_T314 16
Cover_T315 0
Cover_T316 3.05504e-09
Cover_T317 -42
Cover_T318 6
Cover_T319 -26
Cover_T320 -10
Cover_T321 -10
Cover_T322 0
Cover_T323 6
Cover_T324 -6
Cover_T325 1.20465e-10
Cover_T326 -22
Cover_T327 16
Cover_T328 -38
Cover_T329 6
Cover_T330 4
Cover_T331 16
Cover_T332 -12
Cover_T333 40
Cover_T334 -36
Cover_T335 6
Cover_T336 48
Cover_T337 22
Cover_T338 24
Cover_T339 46
Cover_T340 48
Cover_T341 -42
Cover_T342 32
Cover_T343 -26
Cover_T344 16
Cover_T345 -10
Cover_T346 3.45522e-09
Cover_T347 -42
Cover_T348 6
Cover_T349 -26
Cover_T350 6
Cover_T351 -10
Cover_T352 16
Cover_T353 6
Cover_T354 -3.22551e-10
Cover_T355 0
Cover_T356 0
Cover_T357 8
Cover_T358 4
Cover_T359 6
Cover_T360 0
Cover_T361 10
Cover_T362 40
Cover_T363 6
Cover_T364 16
Cover_T365 10
Cover_T366 44
Cover_T367 -38
Cover_T368 28
Cover_T369 -22
Cover_T370 12
Cover_T371 -6
Cover_T372 0
Cover_T373 -38
Cover_T374 -6
Cover_T375 -22
Cover_T376 -22
Cover_T377 -6
Cover_T378 -38
Cover_T379 6
Cover_T380 -30
Cover_T381 16
Cover_T382 10
Cover_T383 40
Cover_T384 8
Cover_T385 40
Cover_T386 6
Cover_T387 0
Cover_T388 6
Cover_T389 2
Cover_T390 8
Cover_T391 4
Cover_T392 2
Cover_T393 4
Cover_T394 -6
Cover_T395 4
Cover_T396 -30
Cover_T397 10
Cover_T398 -22
Cover_T399 28
Cover_T400 -46
Cover_T401 40
Cover_T402 0
Cover_T403 70
Cover_T404 36
Cover_T405 54
Cover_T406 32
Cover_T407 72
Cover_T408 16
Cover_T409 34
Cover_T410 40
Cover_T411 4
Cover_T412 40
Cover_T413 2
Cover_T414 34
Cover_T415 26
Cover_T416 10
Cover_T417 -8
Cover_T418 24
Cover_T419 -8
Cover_T420 8
Cover_T421 -2
Cover_T422 1.27732e-09
Cover_T423 10
Cover_T424 -2
Cover_T425 -4
Cover_T426 -20
Cover_T427 12
Cover_T428 -38
Cover_T429 12
Cover_T430 -2
Cover_T431 16
Cover_T432 -18
Cover_T433 34
Cover_T434 -34
Cover_T435 48
Cover_T436 12
Cover_T437 16
Cover_T438 12
Cover_T439 32
Cover_T440 10
Cover_T441 48
Cover_T442 10
Cover_T443 -2.91881e-09
Cover_T444 10
Cover_T445 2
Cover_T446 8
Cover_T447 2
Cover_T448 8
Cover_T449 2
Cover_T450 6
Cover_T451 4
Cover_T452 6
Cover_T453 4
Cover_T454 6
Cover_T455 4
Cover_T456 6
Cover_T457 4
Cover_T458 4
Cover_T459 4
Cover_T460 4
Cover_T461 2
Cover_T462 4
Cover_T463 2.06946e-08
Cover_T464 2.90603e-09
Cover_T465 12
Cover_T466 -10
Cover_T467 8
Cover_T468 -22
Cover_T469 2
Cover_T470 -34
Cover_T471 6
Cover_T472 -46
Cover_T473 12
Cover_T474 -40
Cover_T475 22
Cover_T476 -22
Cover_T477 26
Cover_T478 -34
Cover_T479 50
Cover_T480 -46
Cover_T481 66
Cover_T482 -4
Cover_T483 48
Cover_T484 -8
Cover_T485 66
Cover_T486 -2
Cover_T487 36
Cover_T488 -6
Cover_T489 62
Cover_T490 -6
Cover_T491 62
Cover_T492 -14
Cover_T493 78
Cover_T494 -12
Cover_T495 22
Cover_T496 -14
Cover_T497 52
Cover_T498 -14
Cover_T499 34
Cover_T500 -6
Cover_T501 50
Cover_T502 -24
Cover_T503 34
Cover_T504 -16
Cover_T505 50
Cover_T506 -24
Cover_T507 42
Cover_T508 -22
Cover_T509 58
Cover_T510 -38
Cover_T511 40
Cover_T512 -38
Cover_T513 48
Cover_T514 -38
Cover_T515 54
Cover_T516 -46
Cover_T517 52
Cover_T518 -44
Cover_T519 52
Cover_T520 -42
Cover_T521 58
Cover_T522 -48
Cover_T523 56
Cover_T524 -48
Cover_T525 52
Cover_T526 58
Cover_T527 -38
Cover_T528 58
Cover_T529 -38
Cover_T530 58
Cover_T531 -34
Cover_T532 54
Cover_T533 -38
Cover_T534 60
Cover_T535 -18
Cover_T536 78
Cover_T537 -34
Cover_T538 58
Cover_T539 -22
Cover_T540 1002
Cover_T541 938
Cover_T542 992
Cover_T543 944
Cover_T544 994
Cover_T545 944
Cover_T546 996
Cover_T547 944
Cover_T548 1026
Cover_T549 918
Cover_T550 1026
Cover_T551 936
Cover_T552 1014
Cover_T553 948
Cover_T554 1014
Cover_T555 1.07202e-09
Cover_T556 70
Cover_T557 0
Cover_T558 52
Cover_T559 -6.24141e-11
Cover_T560 40
Cover_T561 8.68056e-10
Cover_T562 20
Cover_T563 -38
Cover_T564 6
Cover_T565 -38
Cover_T566 52
Cover_T567 -22
Cover_T568 34
Cover_T569 -38
Cover_T570 16
Cover_T571 -22
Cover_T572 3.57895e-09
Cover_T573 -6
Cover_T574 6
Cover_T575 2.99526e-10
Cover_T576 -10
Cover_T577 -42
Cover_T578 -4.26006e-11
Cover_T579 -26
Cover_T580 -6
Cover_T581 -10
Cover_T582 -22
Cover_T583 6
Cover_T584 -38
Cover_T585 0
Cover_T586 4
Cover_T587 16
Cover_T588 -4
Cover_T589 6
Cover_T590 -20
Cover_T591 10
Cover_T592 -32
Cover_T593 22
Cover_T594 -44
Cover_T595 34
Cover_T596 52
Cover_T597 46
Cover_T598 40
Cover_T599 0
Cover_T600 28
Cover_T601 4
Cover_T602 16
Cover_T603 16
Cover_T604 52
Cover_T605 28
Cover_T606 40
Cover_T607 40
Cover_T608 28
Cover_T609 52
Cover_T610 16
Cover_T611 -42
Cover_T612 3.41424e-09
Cover_T613 -26
Cover_T614 6
Cover_T615 -10
Cover_T616 6
Cover_T617 -42
Cover_T618 16
Cover_T619 -26
Cover_T620 0
Cover_T621 -10
Cover_T622 4
Cover_T623 6
Cover_T624 16
Cover_T625 -1.96081e-10
Cover_T626 0
Cover_T627 0
Cover_T628 4
Cover_T629 -10
Cover_T630 52
Cover_T631 6
Cover_T632 36
Cover_T633 2
Cover_T634 20
Cover_T635 -10
Cover_T636 52
Cover_T637 6
Cover_T638 36
Cover_T639 2
Cover_T640 20
Cover_T641 -42
Cover_T642 -6.12084e-12
Cover_T643 -18
Cover_T644 -14
Cover_T645 -42
Cover_T646 -38
Cover_T647 -18
Cover_T648 -38
Cover_T649 2
Cover_T650 2
Cover_T651 10
Cover_T652 2
Cover_T653 22
Cover_T654 0
Cover_T655 34
Cover_T656 -2
Cover_T657 46
Cover_T658 -2
Cover_T659 34
Cover_T660 4
Cover_T661 46
Cover_T662 -2
Cover_T663 -6
Cover_T664 4
Cover_T665 6
Cover_T666 0
Cover_T667 -4
Cover_T668 6
Cover_T669 8
Cover_T670 -6
Cover_T671 0
Cover_T672 -6
Cover_T673 0
Cover_T674 -22
Cover_T675 10
Cover_T676 -38
Cover_T677 2
Cover_T678 -22
Cover_T679 0
Cover_T680 -38
Cover_T681 24
Cover_T682 8
Cover_T683 22
Cover_T684 36
Cover_T685 38
Cover_T686 28
Cover_T687 72
Cover_T688 26
Cover_T689 56
Cover_T690 0
Cover_T691 68
Cover_T692 38
Cover_T693 32
Cover_T694 42
Cover_T695 8
Cover_T696 36
Cover_T697 12
Cover_T698 6
Cover_T699 18
Cover_T700 22
Cover_T701 34
Cover_T702 10
Cover_T703 2
Cover_T704 -2.76032e-10
Cover_T705 0
Cover_T706 -8
Cover_T707 8
Cover_T708 -20
Cover_T709 20
Cover_T710 -42
Cover_T711 4
Cover_T712 -10
Cover_T713 20
Cover_T714 -26
Cover_T715 22
Cover_T716 -42
Cover_T717 22
Cover_T718 8
Cover_T719 36
Cover_T720 0
Cover_T721 46
Cover_T722 0
Cover_T723 60
Cover_T724 6
Cover_T725 20
Cover_T726 8
Cover_T727 32
Cover_T728 4
Cover_T729 46
Cover_T730 10
Cover_T731 58
Cover_T732 4
Cover_T733 6
Cover_T734 4
Cover_T735 2
Cover_T736 8
Cover_T737 4
Cover_T738 8
Cover_T739 4
Cover_T740 6
Cover_T741 4
Cover_T742 6
Cover_T743 4
Cover_T744 6
Cover_T745 4
Cover_T746 6
Cover_T747 4
Cover_T748 0
Cover_T749 6
Cover_T750 -4
Cover_T751 10
Cover_T752 -28
Cover_T753 2
Cover_T754 -36
Cover_T755 16
Cover_T756 -30
Cover_T757 18
Cover_T758 2
Cover_T759 52
Cover_T760 -4
Cover_T761 78
Cover_T762 -4
Cover_T763 76
Cover_T764 -4
Cover_T765 76
Cover_T766 -6
Cover_T767 92
Cover_T768 -6
Cover_T769 52
Cover_T770 -12
Cover_T771 58
Cover_T772 -22
Cover_T773 56
Cover_T774 -18
Cover_T775 54
Cover_T776 -38
Cover_T777 52
Cover_T778 -36
Cover_T779 52
Cover_T780 -40
Cover_T781 62
Cover_T782 -40
Cover_T783 62
Cover_T784 -40
Cover_T785 58
Cover_T786 -40
Cover_T787 64
Cover_T788 -48
Cover_T789 62
Cover_T790 -48
Cover_T791 26
Cover_T792 10
Cover_T793 46
Cover_T794 6
Cover_T795 22
Cover_T796 14
Cover_T797 10
Cover_T798 16
Cover_T799 64
Cover_T800 0
Cover_T801 986
Cover_T802 976
Cover_T803 968
Cover_T804 990
Cover_T805 954
Cover_T806 986
Cover_T807 1032
Cover_T808 928
Cover_T809 1004
Cover_T810 0
Cover_T811 58
Cover_T812 14
Cover_T813 58
Cover_T814 32
Cover_T815 46
Cover_T816 -24
Cover_T817 52
Cover_T818 8.29942e-10
Cover_T819 8
Cover_T820 52
Cover_T821 -28
Cover_T822 52
Cover_T823 -40
Cover_T824 12
Cover_T825 -30
Cover_T826 54
Cover_T827 0
Cover_T828 70
Cover_T829 0
Cover_T830 64
Cover_T831 0
Cover_T832 80
Cover_T833 84
Cover_T834 80
Cover_T835 72
Cover_T836 64
Cover_T837 86
Cover_T838 72
Cover_T839 74
Cover_T840 44
Cover_T841 58
Cover_T842 44
Cover_T843 72
Cover_T844 42
Cover_T845 56
Cover_T846 -30
Cover_T847 14
Cover_T848 -24
Cover_T849 0
Cover_T850 -18
Cover_T851 0
Cover_T852 20
Cover_T853 0
Cover_T854 30
Cover_T855 60
Cover_T856 26
Cover_T857 44
Cover_T858 28
Count_D0 -984
Count_D1 -1000
Max_H0_P0 0
Max_H0_P1 0
Max_H0_P2 0
Max_H0_P3 0
Max_H0_P4 0
Max_H0_P5 0
Max_H0_P6 -2.59886e-10
Max_H0_P7 0
Max_H0_P8 0
Max_H0_P9 0
Max_H0_P10 0
Max_H0_P11 0
Max_H0_P12 0
Max_H0_P13 0
Max_H0_P14 0
Max_H0_P15 0
Max_H0_P16 -9.78954e-10
Max_H0_P17 -9.47409e-10
Max_H0_P18 -7.49378e-10
Max_H0_P19 -7.82734e-10
Max_H0_P20 -7.47108e-10
Max_H0_P21 -8.97865e-10
Max_H0_P22 -9.75767e-10
Max_H0_P23 -1.21965e-10
Max_H0_P24 -1.14648e-10
Max_H0_P25 -3.36229e-11
Max_H0_P26 5.74133e-11
Max_H0_P27 -1.87398e-10
Max_H0_P28 -4.73379e-11
Max_H0_P29 -5.20145e-11
Max_H0_P30 6.09361e-11
Max_H0_P31 4.7964e-11
Max_H0_P32 -5.2241e-12
Max_H0_P33 8.16929e-11
Max_H0_P34 -4.04745e-11
Max_H0_P35 -1.03206e-12
Max_H0_P36 1.4885e-11
Max_H0_P37 6.9582e-11
Max_H0_P38 6.02152e-11
Max_H0_P39 -1.60355e-10
Max_H0_P40 0
Max_H0_P41 5.28644e-12
Max_H0_P42 8.96989e-11
Max_H0_P43 9.81437e-13
Max_H0_P44 1.28239e-10
Max_H0_P45 -3.09634e-11
Max_H0_P46 0
Max_H0_P47 0
Max_H0_P48 0
Max_H0_P49 0
Max_H0_P50 0
Max_H0_P51 0
Max_H0_P52 1.11072e-10
Max_H0_P53 0
Max_H0_P54 0
Max_H0_P55 0
Max_H0_P56 0
Max_H0_P57 0
Max_H0_P58 0
Max_H0_P59 0
Max_H0_P60 0
Max_H0_P61 0
Max_H0_P62 0
Max_H0_P63 0
Max_H0_P64 0
Max_H0_P65 -2
Max_H0_P66 0
Max_H0_P67 0
Max_H0_P68 0
Max_H0_P69 0
Max_H0_P70 0
Max_H0_P71 0
Max_H0_P72 0
Max_H0_P73 0
Max_H0_P74 0
Max_H0_P75 0
Max_H0_P76 0
Max_H0_P77 3.86596e-10
Max_H0_P78 0
Max_H0_P79 -3.41901e-10
Max_H0_P80 0
Max_H0_P81 0
Max_H1_P0 0
Max_H1_P1 0
Max_H1_P2 0
Max_H1_P3 0
Max_H1_P4 0
Max_H1_P5 -2.58638e-10
Max_H1_P6 -2.3939e-10
Max_H1_P7 0
Max_H1_P8 3.47569e-10
Max_H1_P9 -2.143e-10
Max_H1_P10 -2.30491e-11
Max_H1_P11 0
Max_H1_P12 0
Max_H1_P13 0
Max_H1_P14 0
Max_H1_P15 1.11982e-11
Max_H1_P16 -1.11734e-09
Max_H1_P17 -1.13942e-09
Max_H1_P18 -9.26384e-10
Max_H1_P19 -8.31312e-10
Max_H1_P20 -7.83323e-10
Max_H1_P21 -7.34218e-10
Max_H1_P22 -9.81235e-10
Max_H1_P23 -1.35117e-10
Max_H1_P24 -1.08753e-10
Max_H1_P25 -7.19975e-11
Max_H1_P26 -1.91449e-10
Max_H1_P27 -7.10253e-11
Max_H1_P28 -1.28706e-10
Max_H1_P29 -4.51905e-11
Max_H1_P30 -8.89282e-12
Max_H1_P31 -4.55831e-12
Max_H1_P32 2.80711e-11
Max_H1_P33 -9.27231e-12
Max_H1_P34 -1.31788e-10
Max_H1_P35 1.46673e-10
Max_H1_P36 6.44691e-11
Max_H1_P37 -1.59391e-11
Max_H1_P38 -1.08035e-12
Max_H1_P39 -2.65093e-11
Max_H1_P40 7.32914e-11
Max_H1_P41 -2.85967e-11
Max_H1_P42 5.28644e-12
Max_H1_P43 4.67821e-11
Max_H1_P44 1.83705e-10
Max_H1_P45 2.56374e-11
Max_H1_P46 -2.35326e-10
Max_H1_P47 0
Max_H1_P48 0
Max_H1_P49 0
Max_H1_P50 0
Max_H1_P51 0
Max_H1_P52 0
Max_H1_P53 0
Max_H1_P54 0
Max_H1_P55 0
Max_H1_P56 0
Max_H1_P57 -5.84087e-10
Max_H1_P58 1.03382e-10
Max_H1_P59 0
Max_H1_P60 0
Max_H1_P61 0
Max_H1_P62 0
Max_H1_P63 5.56603e-11
Max_H1_P64 7.89813e-11
Max_H1_P65 -2
Max_H1_P66 0
Max_H1_P67 0
Max_H1_P68 0
Max_H1_P69 0
Max_H1_P70 0
Max_H1_P71 -4.26668e-11
Max_H1_P72 0
Max_H1_P73 0
Max_H1_P74 0
Max_H1_P75 0
Max_H1_P76 0
Max_H1_P77 0
Max_H1_P78 6.47616e-11
Max_H1_P79 0
Max_H1_P80 0
Max_H1_P81 0
