
Branch and bound

  Entire solving process        :                           (Time    169.8)
  No feasible solution was found
  Best relaxation cost          :     50715.61 (Node     0) (Time    169.8)
  Lower bound after cuts        :     50715.61
  End lower bound               :     50715.61
  Deepest level reached         : 0
  Deepest real level reached    : 0
  Number of real nodes solved   : 1
  Stopping condition            : enough nodes explored

Problem identification

  Problem                       : <null>
  Machine                       : oslo1.gerad.lan

Solving process summary

  Linear relaxations            :        1
  Column generation iterations  :      110
  Shortest paths solved         :     4216
  Columns generated             :    53643

Instance characteristics

  Resources                     : 3
  Node types                    : no
  Arc types                     : no
  Strong resource windows       : no
  Weak resource windows         : no
  Resource windows (nodes)      : 3
  Resource values (arcs)        : 3
  Values on nodes               : no

  Rows                          : 1025
  Initial columns               : 429
  Tasks                         : 863
  Strong tasks                  : 600
  Weak tasks                    : 4
  Initial task constraints      : no
  Nodes                         : 1191
  Arc sets                      : 1
  Arcs                          : 33608
  Networks                      : 2
  Models                        : 1

Memory used per module (Megs)

  Parser (reused)               :      7.031
  Networks                      :     33.662
  Column generator              :     13.562
  Master problem                :     10.207
  -----------------
  Total                         :     57.431

Cpu time per module (seconds)

  Parser                        :        0.0
  Preprocessor                  :        0.0
  Lr solver manager             :        0.1
  Column generator              :       73.5
    (Shortest path)             :       68.0
  Master problem                :       96.2
  -------------------
  Total (without b&b)           :      169.7

Real elapsed time (seconds)

  Parser                        :        0.0
  Preprocessor                  :        0.0
  Lr solver manager             :        0.1
  Column generator              :       73.4
    (Shortest path)             :       67.8
  Master problem                :       96.2
  -------------------
  Total (without b&b)           :      169.8
