
Branch and bound

  Entire solving process        :                           (Time    366.3)
  No feasible solution was found
  Best relaxation cost          :     76265.13 (Node     0) (Time    366.2)
  Lower bound after cuts        :     76265.13
  End lower bound               :     76265.13
  Deepest level reached         : 0
  Deepest real level reached    : 0
  Number of real nodes solved   : 1
  Stopping condition            : enough nodes explored

Problem identification

  Problem                       : <null>
  Machine                       : oslo5.gerad.lan

Solving process summary

  Linear relaxations            :        1
  Column generation iterations  :      136
  Shortest paths solved         :     8044
  Columns generated             :    74370

Instance characteristics

  Resources                     : 3
  Node types                    : no
  Arc types                     : no
  Strong resource windows       : no
  Weak resource windows         : no
  Resource windows (nodes)      : 3
  Resource values (arcs)        : 3
  Values on nodes               : no

  Rows                          : 1192
  Initial columns               : 571
  Tasks                         : 1030
  Strong tasks                  : 677
  Weak tasks                    : 4
  Initial task constraints      : no
  Nodes                         : 1358
  Arc sets                      : 1
  Arcs                          : 46882
  Networks                      : 2
  Models                        : 1

Memory used per module (Megs)

  Parser (reused)               :      9.573
  Networks                      :     41.048
  Column generator              :     10.171
  Master problem                :     11.470
  -----------------
  Total                         :     62.689

Cpu time per module (seconds)

  Parser                        :        0.0
  Preprocessor                  :        0.0
  Lr solver manager             :        0.1
  Column generator              :      164.9
    (Shortest path)             :      146.9
  Master problem                :      201.2
  -------------------
  Total (without b&b)           :      366.2

Real elapsed time (seconds)

  Parser                        :        0.0
  Preprocessor                  :        0.0
  Lr solver manager             :        0.2
  Column generator              :      164.9
    (Shortest path)             :      147.0
  Master problem                :      201.1
  -------------------
  Total (without b&b)           :      366.2
