
Branch and bound

  Entire solving process        :                           (Time   1320.3)
  No feasible solution was found
  Best relaxation cost          :     76535.34 (Node     0) (Time   1320.3)
  Lower bound after cuts        :     76535.34
  End lower bound               :     76535.34
  Deepest level reached         : 0
  Deepest real level reached    : 0
  Number of real nodes solved   : 1
  Stopping condition            : enough nodes explored

Problem identification

  Problem                       : <null>
  Machine                       : oslo4.gerad.lan

Solving process summary

  Linear relaxations            :        1
  Column generation iterations  :      215
  Shortest paths solved         :     5320
  Columns generated             :    65860

Instance characteristics

  Resources                     : 3
  Node types                    : no
  Arc types                     : no
  Strong resource windows       : no
  Weak resource windows         : no
  Resource windows (nodes)      : 3
  Resource values (arcs)        : 3
  Values on nodes               : no

  Rows                          : 1192
  Initial columns               : 2
  Tasks                         : 1030
  Strong tasks                  : 1026
  Weak tasks                    : 4
  Initial task constraints      : no
  Nodes                         : 1358
  Arc sets                      : 1
  Arcs                          : 46882
  Networks                      : 2
  Models                        : 1

Memory used per module (Megs)

  Parser (reused)               :      9.573
  Networks                      :     37.537
  Column generator              :     13.804
  Master problem                :     11.046
  -----------------
  Total                         :     62.387

Cpu time per module (seconds)

  Parser                        :        0.0
  Preprocessor                  :        0.0
  Lr solver manager             :        0.1
  Column generator              :      172.0
    (Shortest path)             :      155.9
  Master problem                :     1148.1
  -------------------
  Total (without b&b)           :     1320.3

Real elapsed time (seconds)

  Parser                        :        0.0
  Preprocessor                  :        0.0
  Lr solver manager             :        0.2
  Column generator              :      172.1
    (Shortest path)             :      155.9
  Master problem                :     1148.0
  -------------------
  Total (without b&b)           :     1320.3
