
Branch and bound

  Entire solving process        :                           (Time    171.8)
  No feasible solution was found
  Best relaxation cost          :     43447.61 (Node     0) (Time    171.8)
  Lower bound after cuts        :     43447.61
  End lower bound               :     43447.61
  Deepest level reached         : 0
  Deepest real level reached    : 0
  Number of real nodes solved   : 1
  Stopping condition            : enough nodes explored

Problem identification

  Problem                       : <null>
  Machine                       : oslo3.gerad.lan

Solving process summary

  Linear relaxations            :        1
  Column generation iterations  :      146
  Shortest paths solved         :     3537
  Columns generated             :    40879

Instance characteristics

  Resources                     : 3
  Node types                    : no
  Arc types                     : no
  Strong resource windows       : no
  Weak resource windows         : no
  Resource windows (nodes)      : 3
  Resource values (arcs)        : 3
  Values on nodes               : no

  Rows                          : 945
  Initial columns               : 2
  Tasks                         : 783
  Strong tasks                  : 779
  Weak tasks                    : 4
  Initial task constraints      : no
  Nodes                         : 1111
  Arc sets                      : 1
  Arcs                          : 28241
  Networks                      : 2
  Models                        : 1

Memory used per module (Megs)

  Parser (reused)               :      5.941
  Networks                      :     28.092
  Column generator              :     10.898
  Master problem                :      9.821
  -----------------
  Total                         :     48.811

Cpu time per module (seconds)

  Parser                        :        0.0
  Preprocessor                  :        0.0
  Lr solver manager             :        0.1
  Column generator              :       44.1
    (Shortest path)             :       38.8
  Master problem                :      127.6
  -------------------
  Total (without b&b)           :      171.8

Real elapsed time (seconds)

  Parser                        :        0.0
  Preprocessor                  :        0.0
  Lr solver manager             :        0.1
  Column generator              :       44.0
    (Shortest path)             :       38.9
  Master problem                :      127.6
  -------------------
  Total (without b&b)           :      171.8
