
Branch and bound

  Entire solving process        :                           (Time    260.1)
  No feasible solution was found
  Best relaxation cost          :     43379.38 (Node     0) (Time    260.1)
  Lower bound after cuts        :     43379.38
  End lower bound               :     43379.38
  Deepest level reached         : 0
  Deepest real level reached    : 0
  Number of real nodes solved   : 1
  Stopping condition            : enough nodes explored

Problem identification

  Problem                       : <null>
  Machine                       : oslo2.gerad.lan

Solving process summary

  Linear relaxations            :        1
  Column generation iterations  :      156
  Shortest paths solved         :     8410
  Columns generated             :    52735

Instance characteristics

  Resources                     : 3
  Node types                    : no
  Arc types                     : no
  Strong resource windows       : no
  Weak resource windows         : no
  Resource windows (nodes)      : 3
  Resource values (arcs)        : 3
  Values on nodes               : no

  Rows                          : 945
  Initial columns               : 350
  Tasks                         : 783
  Strong tasks                  : 580
  Weak tasks                    : 4
  Initial task constraints      : no
  Nodes                         : 1111
  Arc sets                      : 1
  Arcs                          : 28241
  Networks                      : 2
  Models                        : 1

Memory used per module (Megs)

  Parser (reused)               :      5.941
  Networks                      :     29.666
  Column generator              :      9.081
  Master problem                :      9.973
  -----------------
  Total                         :     48.720

Cpu time per module (seconds)

  Parser                        :        0.0
  Preprocessor                  :        0.0
  Lr solver manager             :        0.1
  Column generator              :       65.7
    (Shortest path)             :       56.5
  Master problem                :      194.3
  -------------------
  Total (without b&b)           :      260.1

Real elapsed time (seconds)

  Parser                        :        0.0
  Preprocessor                  :        0.0
  Lr solver manager             :        0.1
  Column generator              :       65.8
    (Shortest path)             :       56.5
  Master problem                :      194.5
  -------------------
  Total (without b&b)           :      260.4
