
Branch and bound

  Entire solving process        :                           (Time    160.6)
  No feasible solution was found
  Best relaxation cost          :     43516.87 (Node     0) (Time    160.6)
  Lower bound after cuts        :     43516.87
  End lower bound               :     43516.87
  Deepest level reached         : 0
  Deepest real level reached    : 0
  Number of real nodes solved   : 1
  Stopping condition            : enough nodes explored

Problem identification

  Problem                       : <null>
  Machine                       : oslo4.gerad.lan

Solving process summary

  Linear relaxations            :        1
  Column generation iterations  :      142
  Shortest paths solved         :     4228
  Columns generated             :    43382

Instance characteristics

  Resources                     : 3
  Node types                    : no
  Arc types                     : no
  Strong resource windows       : no
  Weak resource windows         : no
  Resource windows (nodes)      : 3
  Resource values (arcs)        : 3
  Values on nodes               : no

  Rows                          : 903
  Initial columns               : 373
  Tasks                         : 741
  Strong tasks                  : 528
  Weak tasks                    : 4
  Initial task constraints      : no
  Nodes                         : 1069
  Arc sets                      : 1
  Arcs                          : 25677
  Networks                      : 2
  Models                        : 1

Memory used per module (Megs)

  Parser (reused)               :      5.456
  Networks                      :     28.213
  Column generator              :      8.355
  Master problem                :      9.632
  -----------------
  Total                         :     46.200

Cpu time per module (seconds)

  Parser                        :        0.0
  Preprocessor                  :        0.0
  Lr solver manager             :        0.1
  Column generator              :       44.2
    (Shortest path)             :       40.8
  Master problem                :      116.2
  -------------------
  Total (without b&b)           :      160.5

Real elapsed time (seconds)

  Parser                        :        0.0
  Preprocessor                  :        0.0
  Lr solver manager             :        0.1
  Column generator              :       44.2
    (Shortest path)             :       40.6
  Master problem                :      116.3
  -------------------
  Total (without b&b)           :      160.6
