Cover_T0 52
Cover_T1 -52
Cover_T2 52
Cover_T3 -52
Cover_T4 52
Cover_T5 -52
Cover_T6 52
Cover_T7 -52
Cover_T8 52
Cover_T9 -52
Cover_T10 52
Cover_T11 -52
Cover_T12 54
Cover_T13 -50
Cover_T14 54
Cover_T15 -48
Cover_T16 58
Cover_T17 -48
Cover_T18 60
Cover_T19 -38
Cover_T20 62
Cover_T21 -36
Cover_T22 58
Cover_T23 -44
Cover_T24 52
Cover_T25 -32
Cover_T26 60
Cover_T27 22
Cover_T28 84
Cover_T29 -10
Cover_T30 1028
Cover_T31 960
Cover_T32 976
Cover_T33 960
Cover_T34 992
Cover_T35 946
Cover_T36 40
Cover_T37 -36
Cover_T38 20
Cover_T39 -16
Cover_T40 20
Cover_T41 -12
Cover_T42 40
Cover_T43 18
Cover_T44 4
Cover_T45 8
Cover_T46 14
Cover_T47 -12
Cover_T48 12
Cover_T49 24
Cover_T50 8
Cover_T51 6
Cover_T52 8
Cover_T53 0
Cover_T54 -2
Cover_T55 0
Cover_T56 -26
Cover_T57 0
Cover_T58 24
Cover_T59 8
Cover_T60 0
Cover_T61 28
Cover_T62 6
Cover_T63 52
Cover_T64 6
Cover_T65 -2
Cover_T66 6
Cover_T67 22
Cover_T68 -2
Cover_T69 16
Cover_T70 0
Cover_T71 16
Cover_T72 0
Cover_T73 0
Cover_T74 0
Cover_T75 -2
Cover_T76 6
Cover_T77 -2
Cover_T78 6
Cover_T79 4
Cover_T80 20
Cover_T81 10
Cover_T82 0
Cover_T83 22
Cover_T84 4
Cover_T85 8
Cover_T86 -6
Cover_T87 16
Cover_T88 -30
Cover_T89 0
Cover_T90 18
Cover_T91 8
Cover_T92 -6
Cover_T93 28
Cover_T94 36
Cover_T95 52
Cover_T96 10
Cover_T97 8
Cover_T98 -18
Cover_T99 -28
Cover_T100 -46
Cover_T101 9.89075e-12
Cover_T102 16
Cover_T103 38
Cover_T104 -8
Cover_T105 58
Cover_T106 -28
Cover_T107 72
Cover_T108 32
Cover_T109 22
Cover_T110 36
Cover_T111 42
Cover_T112 22
Cover_T113 62
Cover_T114 22
Cover_T115 0
Cover_T116 22
Cover_T117 -2
Cover_T118 0
Cover_T119 20
Cover_T120 -34
Cover_T121 2
Cover_T122 12
Cover_T123 30
Cover_T124 6
Cover_T125 64
Cover_T126 14
Cover_T127 76
Cover_T128 -6
Cover_T129 42
Cover_T130 -4
Cover_T131 40
Cover_T132 -10
Cover_T133 36
Cover_T134 -12
Cover_T135 56
Cover_T136 -18
Cover_T137 44
Cover_T138 -24
Cover_T139 32
Cover_T140 -30
Cover_T141 50
Cover_T142 -28
Cover_T143 32
Cover_T144 -28
Cover_T145 32
Cover_T146 -28
Cover_T147 34
Cover_T148 -28
Cover_T149 40
Cover_T150 -32
Cover_T151 42
Cover_T152 -38
Cover_T153 42
Cover_T154 -44
Cover_T155 48
Cover_T156 -42
Cover_T157 52
Cover_T158 -36
Cover_T159 72
Cover_T160 -34
Cover_T161 64
Cover_T162 -40
Cover_T163 64
Cover_T164 -42
Cover_T165 54
Cover_T166 52
Cover_T167 -52
Cover_T168 52
Cover_T169 -50
Cover_T170 62
Cover_T171 -48
Cover_T172 60
Cover_T173 -40
Cover_T174 58
Cover_T175 -42
Cover_T176 64
Cover_T177 -22
Cover_T178 56
Cover_T179 -30
Cover_T180 50
Cover_T181 18
Cover_T182 84
Cover_T183 2
Cover_T184 52
Cover_T185 -14
Cover_T186 1028
Cover_T187 960
Cover_T188 988
Cover_T189 930
Cover_T190 1004
Cover_T191 946
Cover_T192 1004
Cover_T193 -26
Cover_T194 30
Cover_T195 -30
Cover_T196 0
Cover_T197 -26
Cover_T198 10
Cover_T199 4
Cover_T200 30
Cover_T201 -6
Cover_T202 -6
Cover_T203 -26
Cover_T204 4
Cover_T205 10
Cover_T206 2
Cover_T207 0
Cover_T208 0
Cover_T209 2
Cover_T210 4
Cover_T211 4
Cover_T212 -28
Cover_T213 0
Cover_T214 18
Cover_T215 24
Cover_T216 -10
Cover_T217 52
Cover_T218 -8
Cover_T219 2
Cover_T220 -12
Cover_T221 0
Cover_T222 2
Cover_T223 -4.76601e-11
Cover_T224 4
Cover_T225 0
Cover_T226 4
Cover_T227 8
Cover_T228 4
Cover_T229 6
Cover_T230 10
Cover_T231 6
Cover_T232 10
Cover_T233 6
Cover_T234 -14
Cover_T235 0
Cover_T236 12
Cover_T237 0
Cover_T238 4
Cover_T239 24
Cover_T240 6
Cover_T241 -2
Cover_T242 0
Cover_T243 18
Cover_T244 -26
Cover_T245 4
Cover_T246 10
Cover_T247 30
Cover_T248 40
Cover_T249 -12
Cover_T250 16
Cover_T251 12
Cover_T252 -8
Cover_T253 -28
Cover_T254 -32
Cover_T255 -4
Cover_T256 -36
Cover_T257 28
Cover_T258 10
Cover_T259 50
Cover_T260 -18
Cover_T261 68
Cover_T262 30
Cover_T263 36
Cover_T264 28
Cover_T265 58
Cover_T266 0
Cover_T267 10
Cover_T268 14
Cover_T269 2
Cover_T270 -8
Cover_T271 -2
Cover_T272 -32
Cover_T273 12
Cover_T274 14
Cover_T275 42
Cover_T276 14
Cover_T277 76
Cover_T278 6
Cover_T279 28
Cover_T280 8
Cover_T281 48
Cover_T282 -10
Cover_T283 50
Cover_T284 -18
Cover_T285 48
Cover_T286 -18
Cover_T287 40
Cover_T288 -28
Cover_T289 32
Cover_T290 -42
Cover_T291 28
Cover_T292 -28
Cover_T293 38
Cover_T294 -28
Cover_T295 42
Cover_T296 -36
Cover_T297 28
Cover_T298 -28
Cover_T299 36
Cover_T300 -28
Cover_T301 54
Cover_T302 -28
Cover_T303 46
Cover_T304 -28
Cover_T305 38
Cover_T306 -28
Cover_T307 36
Cover_T308 -28
Cover_T309 36
Cover_T310 -30
Cover_T311 44
Cover_T312 -32
Cover_T313 50
Cover_T314 -30
Cover_T315 52
Cover_T316 -32
Cover_T317 68
Cover_T318 -34
Cover_T319 56
Cover_T320 -34
Cover_T321 58
Cover_T322 -48
Cover_T323 54
Cover_T324 -42
Cover_T325 58
Cover_T326 -38
Cover_T327 62
Cover_T328 -40
Cover_T329 66
Cover_T330 -30
Cover_T331 54
Cover_T332 24
Cover_T333 86
Cover_T334 2
Cover_T335 64
Cover_T336 -14
Cover_T337 1040
Cover_T338 960
Cover_T339 1032
Cover_T340 960
Cover_T341 1036
Cover_T342 960
Cover_T343 972
Cover_T344 930
Cover_T345 1004
Cover_T346 946
Cover_T347 1004
Cover_T348 -26
Cover_T349 20
Cover_T350 -26
Cover_T351 -14
Cover_T352 -18
Cover_T353 8
Cover_T354 -26
Cover_T355 40
Cover_T356 -8
Cover_T357 16
Cover_T358 16
Cover_T359 -10
Cover_T360 -2
Cover_T361 8
Cover_T362 -30
Cover_T363 14
Cover_T364 -2
Cover_T365 14
Cover_T366 26
Cover_T367 14
Cover_T368 8
Cover_T369 4
Cover_T370 2
Cover_T371 -20
Cover_T372 2
Cover_T373 -48
Cover_T374 2
Cover_T375 2
Cover_T376 12
Cover_T377 4
Cover_T378 36
Cover_T379 0
Cover_T380 -14
Cover_T381 12
Cover_T382 14
Cover_T383 10
Cover_T384 12
Cover_T385 6
Cover_T386 16
Cover_T387 2
Cover_T388 4
Cover_T389 4
Cover_T390 6
Cover_T391 -3.39391e-11
Cover_T392 10
Cover_T393 2
Cover_T394 10
Cover_T395 0
Cover_T396 4
Cover_T397 -8
Cover_T398 4
Cover_T399 8
Cover_T400 0
Cover_T401 0
Cover_T402 2
Cover_T403 -18
Cover_T404 6
Cover_T405 -38
Cover_T406 0
Cover_T407 14
Cover_T408 6
Cover_T409 -6
Cover_T410 6
Cover_T411 40
Cover_T412 26
Cover_T413 20
Cover_T414 46
Cover_T415 -2
Cover_T416 0
Cover_T417 -26
Cover_T418 22
Cover_T419 -30
Cover_T420 -18
Cover_T421 16
Cover_T422 10
Cover_T423 -8
Cover_T424 38
Cover_T425 -30
Cover_T426 72
Cover_T427 32
Cover_T428 74
Cover_T429 36
Cover_T430 24
Cover_T431 22
Cover_T432 44
Cover_T433 36
Cover_T434 64
Cover_T435 24
Cover_T436 2
Cover_T437 2
Cover_T438 6
Cover_T439 -22
Cover_T440 36
Cover_T441 14
Cover_T442 10
Cover_T443 14
Cover_T444 42
Cover_T445 10
Cover_T446 66
Cover_T447 -26
Cover_T448 90
Cover_T449 4
Cover_T450 46
Cover_T451 4
Cover_T452 42
Cover_T453 -10
Cover_T454 38
Cover_T455 -12
Cover_T456 58
Cover_T457 -18
Cover_T458 46
Cover_T459 -26
Cover_T460 46
Cover_T461 -28
Cover_T462 34
Cover_T463 -28
Cover_T464 40
Cover_T465 -28
Cover_T466 52
Cover_T467 -28
Cover_T468 42
Cover_T469 -34
Cover_T470 38
Cover_T471 -28
Cover_T472 30
Cover_T473 -28
Cover_T474 32
Cover_T475 -34
Cover_T476 40
Cover_T477 -34
Cover_T478 34
Cover_T479 -30
Cover_T480 42
Cover_T481 -32
Cover_T482 56
Cover_T483 -32
Cover_T484 52
Cover_T485 -32
Cover_T486 62
Cover_T487 -34
Cover_T488 62
Cover_T489 -42
Cover_T490 56
Cover_T491 38
Cover_T492 -2
Cover_T493 42
Cover_T494 8
Cover_T495 22
Cover_T496 0
Cover_T497 26
Cover_T498 36
Cover_T499 22
Cover_T500 36
Cover_T501 1040
Cover_T502 1004
Cover_T503 1020
Cover_T504 1008
Cover_T505 994
Cover_T506 996
Cover_T507 1014
Cover_T508 998
Cover_T509 1014
Cover_T510 -6
Cover_T511 52
Cover_T512 -20
Cover_T513 52
Cover_T514 52
Cover_T515 -12
Cover_T516 68
Cover_T517 52
Cover_T518 50
Cover_T519 70
Cover_T520 72
Cover_T521 48
Cover_T522 62
Cover_T523 66
Cover_T524 0
Cover_T525 28
Cover_T526 -6
Cover_T527 44
Cover_T528 4
Cover_T529 0
Cover_T530 0
Cover_T531 56
Cover_T532 54
Cover_T533 30
Count_D0 -984
Count_D1 -1000
Max_H0_P0 0
Max_H0_P1 0
Max_H0_P2 0
Max_H0_P3 0
Max_H0_P4 0
Max_H0_P5 0
Max_H0_P6 0
Max_H0_P7 0
Max_H0_P8 0
Max_H0_P9 0
Max_H0_P10 0
Max_H0_P11 0
Max_H0_P12 0
Max_H0_P13 0
Max_H0_P14 0
Max_H0_P15 0
Max_H0_P16 0
Max_H0_P17 -1.45853e-11
Max_H0_P18 8.17124e-13
Max_H0_P19 1.69309e-12
Max_H0_P20 1.0016e-11
Max_H0_P21 -1.22213e-11
Max_H0_P22 1.76792e-11
Max_H0_P23 -9.47065e-12
Max_H0_P24 -1.50067e-11
Max_H0_P25 -2.05113e-11
Max_H0_P26 9.31166e-12
Max_H0_P27 -2.10005e-11
Max_H0_P28 -4.80856e-12
Max_H0_P29 -8.33834e-12
Max_H0_P30 2.28206e-12
Max_H0_P31 -2.4464e-11
Max_H0_P32 -2.0691e-11
Max_H0_P33 6.54154e-12
Max_H0_P34 0
Max_H0_P35 -1.09797e-11
Max_H0_P36 0
Max_H0_P37 2.64748e-11
Max_H0_P38 -2.96283e-11
Max_H0_P39 0
Max_H0_P40 0
Max_H0_P41 0
Max_H0_P42 0
Max_H0_P43 0
Max_H0_P44 -2.23212e-12
Max_H0_P45 -4.08329e-12
Max_H0_P46 0
Max_H0_P47 0
Max_H0_P48 0
Max_H0_P49 0
Max_H0_P50 0
Max_H0_P51 0
Max_H0_P52 0
Max_H0_P53 0
Max_H0_P54 0
Max_H0_P55 0
Max_H0_P56 0
Max_H0_P57 0
Max_H0_P58 0
Max_H0_P59 0
Max_H0_P60 0
Max_H0_P61 0
Max_H0_P62 0
Max_H0_P63 0
Max_H0_P64 0
Max_H0_P65 0
Max_H0_P66 0
Max_H0_P67 0
Max_H0_P68 0
Max_H0_P69 0
Max_H0_P70 0
Max_H0_P71 0
Max_H0_P72 0
Max_H0_P73 0
Max_H0_P74 0
Max_H0_P75 0
Max_H0_P76 0
Max_H0_P77 0
Max_H0_P78 0
Max_H0_P79 0
Max_H0_P80 0
Max_H0_P81 0
Max_H1_P0 0
Max_H1_P1 0
Max_H1_P2 0
Max_H1_P3 4.33165e-11
Max_H1_P4 0
Max_H1_P5 1.61431e-11
Max_H1_P6 -7.30438e-12
Max_H1_P7 0
Max_H1_P8 0
Max_H1_P9 0
Max_H1_P10 0
Max_H1_P11 0
Max_H1_P12 0
Max_H1_P13 0
Max_H1_P14 0
Max_H1_P15 0
Max_H1_P16 0
Max_H1_P17 -6.59863e-11
Max_H1_P18 1.7053e-13
Max_H1_P19 -1.8026e-11
Max_H1_P20 2.32383e-11
Max_H1_P21 -2.81553e-11
Max_H1_P22 2.24282e-11
Max_H1_P23 -2.85192e-11
Max_H1_P24 -9.64628e-12
Max_H1_P25 8.38559e-12
Max_H1_P26 -2.75469e-11
Max_H1_P27 0
Max_H1_P28 -7.86056e-12
Max_H1_P29 7.18048e-12
Max_H1_P30 -1.08389e-11
Max_H1_P31 7.11852e-12
Max_H1_P32 0
Max_H1_P33 -1.05457e-11
Max_H1_P34 -1.01288e-11
Max_H1_P35 0
Max_H1_P36 -1.32117e-14
Max_H1_P37 -1.02407e-11
Max_H1_P38 2.79599e-12
Max_H1_P39 -1.76545e-11
Max_H1_P40 0
Max_H1_P41 -3.72325e-12
Max_H1_P42 0
Max_H1_P43 0
Max_H1_P44 0
Max_H1_P45 0
Max_H1_P46 0
Max_H1_P47 0
Max_H1_P48 0
Max_H1_P49 0
Max_H1_P50 0
Max_H1_P51 0
Max_H1_P52 0
Max_H1_P53 0
Max_H1_P54 0
Max_H1_P55 0
Max_H1_P56 0
Max_H1_P57 0
Max_H1_P58 0
Max_H1_P59 -2.06235e-12
Max_H1_P60 2.99991e-11
Max_H1_P61 0
Max_H1_P62 0
Max_H1_P63 0
Max_H1_P64 2.92471e-11
Max_H1_P65 0
Max_H1_P66 0
Max_H1_P67 0
Max_H1_P68 0
Max_H1_P69 0
Max_H1_P70 0
Max_H1_P71 0
Max_H1_P72 0
Max_H1_P73 0
Max_H1_P74 0
Max_H1_P75 0
Max_H1_P76 3.67155e-11
Max_H1_P77 -3.36406e-11
Max_H1_P78 -1.05659e-11
Max_H1_P79 0
Max_H1_P80 0
Max_H1_P81 0
