
Branch and bound

  Entire solving process        :                           (Time     42.5)
  No feasible solution was found
  Best relaxation cost          :     37932.78 (Node     0) (Time     42.5)
  Lower bound after cuts        :     37932.78
  End lower bound               :     37932.78
  Deepest level reached         : 0
  Deepest real level reached    : 0
  Number of real nodes solved   : 1
  Stopping condition            : enough nodes explored

Problem identification

  Problem                       : <null>
  Machine                       : oslo1.gerad.lan

Solving process summary

  Linear relaxations            :        1
  Column generation iterations  :      101
  Shortest paths solved         :     5518
  Columns generated             :    33787

Instance characteristics

  Resources                     : 3
  Node types                    : no
  Arc types                     : no
  Strong resource windows       : no
  Weak resource windows         : no
  Resource windows (nodes)      : 3
  Resource values (arcs)        : 3
  Values on nodes               : no

  Rows                          : 700
  Initial columns               : 326
  Tasks                         : 538
  Strong tasks                  : 358
  Weak tasks                    : 4
  Initial task constraints      : no
  Nodes                         : 866
  Arc sets                      : 1
  Arcs                          : 15060
  Networks                      : 2
  Models                        : 1

Memory used per module (Megs)

  Parser (reused)               :      3.398
  Networks                      :     22.522
  Column generator              :      3.390
  Master problem                :      7.077
  -----------------
  Total                         :     32.989

Cpu time per module (seconds)

  Parser                        :        0.0
  Preprocessor                  :        0.0
  Lr solver manager             :        0.1
  Column generator              :       12.5
    (Shortest path)             :       10.6
  Master problem                :       29.9
  -------------------
  Total (without b&b)           :       42.5

Real elapsed time (seconds)

  Parser                        :        0.0
  Preprocessor                  :        0.0
  Lr solver manager             :        0.1
  Column generator              :       12.5
    (Shortest path)             :       10.2
  Master problem                :       29.9
  -------------------
  Total (without b&b)           :       42.5
