
Branch and bound

  Entire solving process        :                           (Time     70.0)
  No feasible solution was found
  Best relaxation cost          :     38099.76 (Node     0) (Time     70.0)
  Lower bound after cuts        :     38099.76
  End lower bound               :     38099.76
  Deepest level reached         : 0
  Deepest real level reached    : 0
  Number of real nodes solved   : 1
  Stopping condition            : enough nodes explored

Problem identification

  Problem                       : <null>
  Machine                       : oslo1.gerad.lan

Solving process summary

  Linear relaxations            :        1
  Column generation iterations  :      125
  Shortest paths solved         :     2502
  Columns generated             :    23436

Instance characteristics

  Resources                     : 3
  Node types                    : no
  Arc types                     : no
  Strong resource windows       : no
  Weak resource windows         : no
  Resource windows (nodes)      : 3
  Resource values (arcs)        : 3
  Values on nodes               : no

  Rows                          : 700
  Initial columns               : 2
  Tasks                         : 538
  Strong tasks                  : 534
  Weak tasks                    : 4
  Initial task constraints      : no
  Nodes                         : 866
  Arc sets                      : 1
  Arcs                          : 15060
  Networks                      : 2
  Models                        : 1

Memory used per module (Megs)

  Parser (reused)               :      3.398
  Networks                      :     19.737
  Column generator              :      5.328
  Master problem                :      7.084
  -----------------
  Total                         :     32.149

Cpu time per module (seconds)

  Parser                        :        0.0
  Preprocessor                  :        0.0
  Lr solver manager             :        0.0
  Column generator              :       11.6
    (Shortest path)             :        9.0
  Master problem                :       58.3
  -------------------
  Total (without b&b)           :       70.0

Real elapsed time (seconds)

  Parser                        :        0.0
  Preprocessor                  :        0.0
  Lr solver manager             :        0.1
  Column generator              :       11.6
    (Shortest path)             :        9.2
  Master problem                :       58.3
  -------------------
  Total (without b&b)           :       70.0
