
Branch and bound

  Entire solving process        :                           (Time    383.9)
  No feasible solution was found
  Best relaxation cost          :     54327.06 (Node     0) (Time    383.9)
  Lower bound after cuts        :     54327.06
  End lower bound               :     54327.06
  Deepest level reached         : 0
  Deepest real level reached    : 0
  Number of real nodes solved   : 1
  Stopping condition            : enough nodes explored

Problem identification

  Problem                       : <null>
  Machine                       : oslo1.gerad.lan

Solving process summary

  Linear relaxations            :        1
  Column generation iterations  :      155
  Shortest paths solved         :     9409
  Columns generated             :    67302

Instance characteristics

  Resources                     : 3
  Node types                    : no
  Arc types                     : no
  Strong resource windows       : no
  Weak resource windows         : no
  Resource windows (nodes)      : 3
  Resource values (arcs)        : 3
  Values on nodes               : no

  Rows                          : 1046
  Initial columns               : 456
  Tasks                         : 884
  Strong tasks                  : 631
  Weak tasks                    : 4
  Initial task constraints      : no
  Nodes                         : 1212
  Arc sets                      : 1
  Arcs                          : 35226
  Networks                      : 2
  Models                        : 1

Memory used per module (Megs)

  Parser (reused)               :      7.394
  Networks                      :     34.631
  Column generator              :     11.382
  Master problem                :     10.162
  -----------------
  Total                         :     56.174

Cpu time per module (seconds)

  Parser                        :        0.0
  Preprocessor                  :        0.0
  Lr solver manager             :        0.2
  Column generator              :      142.9
    (Shortest path)             :      126.7
  Master problem                :      240.8
  -------------------
  Total (without b&b)           :      383.9

Real elapsed time (seconds)

  Parser                        :        0.0
  Preprocessor                  :        0.0
  Lr solver manager             :        0.2
  Column generator              :      142.9
    (Shortest path)             :      127.2
  Master problem                :      240.8
  -------------------
  Total (without b&b)           :      383.9
