Cover_T0 52
Cover_T1 -52
Cover_T2 52
Cover_T3 -52
Cover_T4 52
Cover_T5 -52
Cover_T6 52
Cover_T7 -52
Cover_T8 54
Cover_T9 -52
Cover_T10 56
Cover_T11 -52
Cover_T12 56
Cover_T13 -46
Cover_T14 60
Cover_T15 -44
Cover_T16 60
Cover_T17 -46
Cover_T18 54
Cover_T19 -44
Cover_T20 52
Cover_T21 -38
Cover_T22 90
Cover_T23 4
Cover_T24 66
Cover_T25 -16
Cover_T26 38
Cover_T27 952
Cover_T28 1044
Cover_T29 904
Cover_T30 1014
Cover_T31 952
Cover_T32 1038
Cover_T33 956
Cover_T34 46
Cover_T35 -22
Cover_T36 12
Cover_T37 -36
Cover_T38 40
Cover_T39 -4
Cover_T40 26
Cover_T41 10
Cover_T42 12
Cover_T43 -20
Cover_T44 4
Cover_T45 -4
Cover_T46 -24
Cover_T47 6
Cover_T48 18
Cover_T49 14
Cover_T50 6
Cover_T51 42
Cover_T52 26
Cover_T53 0
Cover_T54 10
Cover_T55 12
Cover_T56 2
Cover_T57 -8
Cover_T58 -3.23589e-11
Cover_T59 0
Cover_T60 6
Cover_T61 0
Cover_T62 6
Cover_T63 24
Cover_T64 6
Cover_T65 16
Cover_T66 42
Cover_T67 12
Cover_T68 8
Cover_T69 12
Cover_T70 2
Cover_T71 -4
Cover_T72 4
Cover_T73 0
Cover_T74 8
Cover_T75 32
Cover_T76 6
Cover_T77 18
Cover_T78 -26
Cover_T79 10
Cover_T80 38
Cover_T81 12
Cover_T82 6
Cover_T83 44
Cover_T84 -3.02816e-11
Cover_T85 -20
Cover_T86 -32
Cover_T87 12
Cover_T88 6
Cover_T89 18
Cover_T90 -26
Cover_T91 54
Cover_T92 30
Cover_T93 16
Cover_T94 10
Cover_T95 54
Cover_T96 14
Cover_T97 20
Cover_T98 34
Cover_T99 44
Cover_T100 26
Cover_T101 42
Cover_T102 0
Cover_T103 30
Cover_T104 10
Cover_T105 22
Cover_T106 -18
Cover_T107 38
Cover_T108 4
Cover_T109 62
Cover_T110 0
Cover_T111 30
Cover_T112 -6
Cover_T113 56
Cover_T114 -8
Cover_T115 26
Cover_T116 -8
Cover_T117 36
Cover_T118 -10
Cover_T119 22
Cover_T120 -8
Cover_T121 26
Cover_T122 -10
Cover_T123 28
Cover_T124 -14
Cover_T125 22
Cover_T126 -14
Cover_T127 22
Cover_T128 -44
Cover_T129 24
Cover_T130 -20
Cover_T131 52
Cover_T132 -18
Cover_T133 28
Cover_T134 -20
Cover_T135 64
Cover_T136 -22
Cover_T137 50
Cover_T138 -26
Cover_T139 66
Cover_T140 -28
Cover_T141 66
Cover_T142 -32
Cover_T143 68
Cover_T144 -44
Cover_T145 56
Cover_T146 -48
Cover_T147 52
Cover_T148 -48
Cover_T149 52
Cover_T150 -52
Cover_T151 54
Cover_T152 -48
Cover_T153 60
Cover_T154 -48
Cover_T155 54
Cover_T156 -44
Cover_T157 54
Cover_T158 -38
Cover_T159 88
Cover_T160 2
Cover_T161 64
Cover_T162 -14
Cover_T163 50
Cover_T164 -30
Cover_T165 54
Cover_T166 916
Cover_T167 1002
Cover_T168 916
Cover_T169 1002
Cover_T170 952
Cover_T171 1026
Cover_T172 948
Cover_T173 58
Cover_T174 -34
Cover_T175 58
Cover_T176 -28
Cover_T177 0
Cover_T178 -8
Cover_T179 20
Cover_T180 18
Cover_T181 14
Cover_T182 -10
Cover_T183 6
Cover_T184 6
Cover_T185 -22
Cover_T186 16
Cover_T187 20
Cover_T188 24
Cover_T189 8
Cover_T190 52
Cover_T191 28
Cover_T192 10
Cover_T193 12
Cover_T194 22
Cover_T195 4
Cover_T196 2
Cover_T197 4
Cover_T198 18
Cover_T199 0
Cover_T200 0
Cover_T201 12
Cover_T202 2
Cover_T203 40
Cover_T204 6
Cover_T205 16
Cover_T206 6
Cover_T207 -8
Cover_T208 -30
Cover_T209 6
Cover_T210 -6
Cover_T211 -18
Cover_T212 18
Cover_T213 4
Cover_T214 14
Cover_T215 0
Cover_T216 12
Cover_T217 -14
Cover_T218 16
Cover_T219 42
Cover_T220 20
Cover_T221 10
Cover_T222 52
Cover_T223 4
Cover_T224 -12
Cover_T225 -28
Cover_T226 2
Cover_T227 10
Cover_T228 26
Cover_T229 -22
Cover_T230 6
Cover_T231 34
Cover_T232 24
Cover_T233 14
Cover_T234 56
Cover_T235 18
Cover_T236 28
Cover_T237 38
Cover_T238 52
Cover_T239 38
Cover_T240 48
Cover_T241 8
Cover_T242 12
Cover_T243 -6
Cover_T244 46
Cover_T245 2
Cover_T246 36
Cover_T247 -8
Cover_T248 18
Cover_T249 -8
Cover_T250 36
Cover_T251 -8
Cover_T252 20
Cover_T253 -10
Cover_T254 32
Cover_T255 -14
Cover_T256 34
Cover_T257 -10
Cover_T258 26
Cover_T259 -14
Cover_T260 18
Cover_T261 -14
Cover_T262 28
Cover_T263 -18
Cover_T264 30
Cover_T265 -36
Cover_T266 28
Cover_T267 -18
Cover_T268 24
Cover_T269 -18
Cover_T270 50
Cover_T271 -34
Cover_T272 32
Cover_T273 -20
Cover_T274 36
Cover_T275 -26
Cover_T276 56
Cover_T277 -30
Cover_T278 42
Cover_T279 -24
Cover_T280 60
Cover_T281 -22
Cover_T282 68
Cover_T283 -44
Cover_T284 60
Cover_T285 -32
Cover_T286 62
Cover_T287 -44
Cover_T288 52
Cover_T289 -48
Cover_T290 56
Cover_T291 -48
Cover_T292 54
Cover_T293 -44
Cover_T294 54
Cover_T295 -38
Cover_T296 58
Cover_T297 -38
Cover_T298 76
Cover_T299 -6
Cover_T300 56
Cover_T301 -30
Cover_T302 46
Cover_T303 942
Cover_T304 1032
Cover_T305 916
Cover_T306 994
Cover_T307 936
Cover_T308 1018
Cover_T309 958
Cover_T310 1018
Cover_T311 958
Cover_T312 26
Cover_T313 -26
Cover_T314 6
Cover_T315 -30
Cover_T316 48
Cover_T317 -34
Cover_T318 26
Cover_T319 -14
Cover_T320 22
Cover_T321 6
Cover_T322 2
Cover_T323 8
Cover_T324 0
Cover_T325 -34
Cover_T326 -2
Cover_T327 -18
Cover_T328 -30
Cover_T329 -8
Cover_T330 12
Cover_T331 0
Cover_T332 0
Cover_T333 28
Cover_T334 24
Cover_T335 52
Cover_T336 0
Cover_T337 2
Cover_T338 -8
Cover_T339 6
Cover_T340 -8
Cover_T341 -22
Cover_T342 0
Cover_T343 2
Cover_T344 0
Cover_T345 10
Cover_T346 0
Cover_T347 10
Cover_T348 0
Cover_T349 2
Cover_T350 36
Cover_T351 2
Cover_T352 12
Cover_T353 6
Cover_T354 18
Cover_T355 14
Cover_T356 -14
Cover_T357 -14
Cover_T358 0
Cover_T359 18
Cover_T360 8
Cover_T361 8
Cover_T362 -16
Cover_T363 32
Cover_T364 -10
Cover_T365 10
Cover_T366 -34
Cover_T367 -6
Cover_T368 38
Cover_T369 18
Cover_T370 14
Cover_T371 16
Cover_T372 0
Cover_T373 48
Cover_T374 -24
Cover_T375 -16
Cover_T376 0
Cover_T377 16
Cover_T378 -14
Cover_T379 14
Cover_T380 -34
Cover_T381 36
Cover_T382 34
Cover_T383 52
Cover_T384 14
Cover_T385 10
Cover_T386 6
Cover_T387 32
Cover_T388 -14
Cover_T389 54
Cover_T390 0
Cover_T391 0
Cover_T392 32
Cover_T393 26
Cover_T394 36
Cover_T395 52
Cover_T396 14
Cover_T397 50
Cover_T398 -20
Cover_T399 12
Cover_T400 -2
Cover_T401 12
Cover_T402 -28
Cover_T403 28
Cover_T404 -8
Cover_T405 52
Cover_T406 -8
Cover_T407 22
Cover_T408 -6
Cover_T409 46
Cover_T410 -8
Cover_T411 28
Cover_T412 -8
Cover_T413 18
Cover_T414 -8
Cover_T415 22
Cover_T416 -10
Cover_T417 22
Cover_T418 -10
Cover_T419 22
Cover_T420 -14
Cover_T421 30
Cover_T422 -18
Cover_T423 20
Cover_T424 -18
Cover_T425 18
Cover_T426 -18
Cover_T427 30
Cover_T428 -44
Cover_T429 62
Cover_T430 -18
Cover_T431 32
Cover_T432 -32
Cover_T433 56
Cover_T434 -34
Cover_T435 48
Cover_T436 -32
Cover_T437 54
Cover_T438 -28
Cover_T439 58
Cover_T440 -32
Cover_T441 72
Cover_T442 -44
Cover_T443 54
Cover_T444 -48
Cover_T445 60
Cover_T446 4
Cover_T447 36
Cover_T448 10
Cover_T449 26
Cover_T450 8
Cover_T451 42
Cover_T452 0
Cover_T453 10
Cover_T454 968
Cover_T455 950
Cover_T456 1002
Cover_T457 1022
Cover_T458 974
Cover_T459 1022
Cover_T460 1002
Cover_T461 30
Cover_T462 64
Cover_T463 58
Cover_T464 -20
Cover_T465 56
Cover_T466 24
Cover_T467 52
Cover_T468 52
Cover_T469 -4
Cover_T470 64
Cover_T471 60
Cover_T472 34
Cover_T473 62
Cover_T474 72
Cover_T475 68
Cover_T476 86
Cover_T477 18
Cover_T478 0
Cover_T479 70
Cover_T480 0
Cover_T481 54
Cover_T482 20
Cover_T483 32
Cover_T484 10
Cover_T485 32
Cover_T486 0
Cover_T487 40
Cover_T488 2
Count_D0 -984
Count_D1 -1000
Max_H0_P0 0
Max_H0_P1 0
Max_H0_P2 0
Max_H0_P3 0
Max_H0_P4 0
Max_H0_P5 0
Max_H0_P6 0
Max_H0_P7 0
Max_H0_P8 0
Max_H0_P9 0
Max_H0_P10 0
Max_H0_P11 0
Max_H0_P12 0
Max_H0_P13 0
Max_H0_P14 0
Max_H0_P15 0
Max_H0_P16 0
Max_H0_P17 0
Max_H0_P18 -1.72626e-11
Max_H0_P19 0
Max_H0_P20 0
Max_H0_P21 0
Max_H0_P22 -2.98073e-12
Max_H0_P23 -1.09145e-12
Max_H0_P24 -2.6088e-11
Max_H0_P25 -8.78244e-12
Max_H0_P26 8.3249e-12
Max_H0_P27 -2.94191e-11
Max_H0_P28 1.20146e-11
Max_H0_P29 0
Max_H0_P30 0
Max_H0_P31 -8.475e-12
Max_H0_P32 2.08153e-11
Max_H0_P33 0
Max_H0_P34 -6.44107e-12
Max_H0_P35 1.07754e-11
Max_H0_P36 0
Max_H0_P37 1.61293e-12
Max_H0_P38 -2.19025e-11
Max_H0_P39 1.22524e-12
Max_H0_P40 2.49549e-11
Max_H0_P41 -1.39339e-11
Max_H0_P42 0
Max_H0_P43 2.2033e-11
Max_H0_P44 0
Max_H0_P45 0
Max_H0_P46 0
Max_H0_P47 0
Max_H0_P48 0
Max_H0_P49 0
Max_H0_P50 0
Max_H0_P51 0
Max_H0_P52 0
Max_H0_P53 0
Max_H0_P54 0
Max_H0_P55 0
Max_H0_P56 0
Max_H0_P57 0
Max_H0_P58 0
Max_H0_P59 0
Max_H0_P60 0
Max_H0_P61 0
Max_H0_P62 0
Max_H0_P63 0
Max_H0_P64 0
Max_H0_P65 0
Max_H0_P66 0
Max_H0_P67 0
Max_H0_P68 0
Max_H0_P69 0
Max_H0_P70 0
Max_H0_P71 0
Max_H0_P72 0
Max_H0_P73 0
Max_H0_P74 0
Max_H0_P75 0
Max_H0_P76 0
Max_H0_P77 0
Max_H0_P78 0
Max_H0_P79 0
Max_H0_P80 0
Max_H0_P81 0
Max_H1_P0 0
Max_H1_P1 0
Max_H1_P2 0
Max_H1_P3 0
Max_H1_P4 0
Max_H1_P5 0
Max_H1_P6 0
Max_H1_P7 0
Max_H1_P8 0
Max_H1_P9 0
Max_H1_P10 0
Max_H1_P11 0
Max_H1_P12 0
Max_H1_P13 0
Max_H1_P14 0
Max_H1_P15 0
Max_H1_P16 1.22196e-11
Max_H1_P17 0
Max_H1_P18 0
Max_H1_P19 -4.45954e-11
Max_H1_P20 0
Max_H1_P21 0
Max_H1_P22 -5.76683e-12
Max_H1_P23 -1.53735e-11
Max_H1_P24 -3.19688e-11
Max_H1_P25 -5.30604e-12
Max_H1_P26 0
Max_H1_P27 -4.73576e-12
Max_H1_P28 0
Max_H1_P29 -1.34026e-12
Max_H1_P30 0
Max_H1_P31 -2.01175e-11
Max_H1_P32 2.86704e-11
Max_H1_P33 0
Max_H1_P34 0
Max_H1_P35 -3.87423e-12
Max_H1_P36 0
Max_H1_P37 1.39018e-11
Max_H1_P38 1.86478e-11
Max_H1_P39 -1.01063e-11
Max_H1_P40 8.67682e-12
Max_H1_P41 0
Max_H1_P42 0
Max_H1_P43 0
Max_H1_P44 1.61151e-11
Max_H1_P45 0
Max_H1_P46 0
Max_H1_P47 0
Max_H1_P48 0
Max_H1_P49 0
Max_H1_P50 0
Max_H1_P51 0
Max_H1_P52 0
Max_H1_P53 0
Max_H1_P54 0
Max_H1_P55 0
Max_H1_P56 0
Max_H1_P57 0
Max_H1_P58 0
Max_H1_P59 0
Max_H1_P60 0
Max_H1_P61 0
Max_H1_P62 0
Max_H1_P63 0
Max_H1_P64 0
Max_H1_P65 0
Max_H1_P66 0
Max_H1_P67 0
Max_H1_P68 0
Max_H1_P69 0
Max_H1_P70 0
Max_H1_P71 0
Max_H1_P72 0
Max_H1_P73 0
Max_H1_P74 0
Max_H1_P75 0
Max_H1_P76 1.23905e-11
Max_H1_P77 2.06057e-12
Max_H1_P78 -1.28344e-10
Max_H1_P79 0
Max_H1_P80 1.28344e-10
Max_H1_P81 0
