
Branch and bound

  Entire solving process        :                           (Time     60.5)
  No feasible solution was found
  Best relaxation cost          :     34739.71 (Node     0) (Time     60.5)
  Lower bound after cuts        :     34739.71
  End lower bound               :     34739.71
  Deepest level reached         : 0
  Deepest real level reached    : 0
  Number of real nodes solved   : 1
  Stopping condition            : enough nodes explored

Problem identification

  Problem                       : <null>
  Machine                       : oslo1.gerad.lan

Solving process summary

  Linear relaxations            :        1
  Column generation iterations  :      130
  Shortest paths solved         :     2375
  Columns generated             :    20649

Instance characteristics

  Resources                     : 3
  Node types                    : no
  Arc types                     : no
  Strong resource windows       : no
  Weak resource windows         : no
  Resource windows (nodes)      : 3
  Resource values (arcs)        : 3
  Values on nodes               : no

  Rows                          : 655
  Initial columns               : 2
  Tasks                         : 493
  Strong tasks                  : 489
  Weak tasks                    : 4
  Initial task constraints      : no
  Nodes                         : 821
  Arc sets                      : 1
  Arcs                          : 12968
  Networks                      : 2
  Models                        : 1

Memory used per module (Megs)

  Parser (reused)               :      3.035
  Networks                      :     18.405
  Column generator              :      3.027
  Master problem                :      6.774
  -----------------
  Total                         :     28.207

Cpu time per module (seconds)

  Parser                        :        0.0
  Preprocessor                  :        0.0
  Lr solver manager             :        0.1
  Column generator              :        7.8
    (Shortest path)             :        6.1
  Master problem                :       52.6
  -------------------
  Total (without b&b)           :       60.5

Real elapsed time (seconds)

  Parser                        :        0.0
  Preprocessor                  :        0.0
  Lr solver manager             :        0.1
  Column generator              :        7.8
    (Shortest path)             :        6.1
  Master problem                :       52.6
  -------------------
  Total (without b&b)           :       60.5
