Cover_T0 52
Cover_T1 -52
Cover_T2 52
Cover_T3 -52
Cover_T4 52
Cover_T5 -52
Cover_T6 52
Cover_T7 -52
Cover_T8 52
Cover_T9 -52
Cover_T10 52
Cover_T11 -52
Cover_T12 52
Cover_T13 -52
Cover_T14 56
Cover_T15 -52
Cover_T16 54
Cover_T17 -52
Cover_T18 56
Cover_T19 -48
Cover_T20 56
Cover_T21 -48
Cover_T22 56
Cover_T23 -48
Cover_T24 52
Cover_T25 -48
Cover_T26 56
Cover_T27 -44
Cover_T28 60
Cover_T29 -44
Cover_T30 58
Cover_T31 -42
Cover_T32 52
Cover_T33 -40
Cover_T34 52
Cover_T35 -40
Cover_T36 52
Cover_T37 -40
Cover_T38 56
Cover_T39 -34
Cover_T40 74
Cover_T41 -4
Cover_T42 58
Cover_T43 -20
Cover_T44 54
Cover_T45 4
Cover_T46 56
Cover_T47 944
Cover_T48 1038
Cover_T49 928
Cover_T50 1014
Cover_T51 928
Cover_T52 1030
Cover_T53 944
Cover_T54 988
Cover_T55 946
Cover_T56 24
Cover_T57 -48
Cover_T58 8
Cover_T59 -50
Cover_T60 -12
Cover_T61 -30
Cover_T62 42
Cover_T63 -10
Cover_T64 48
Cover_T65 0
Cover_T66 28
Cover_T67 20
Cover_T68 44
Cover_T69 -34
Cover_T70 24
Cover_T71 -40
Cover_T72 4
Cover_T73 -20
Cover_T74 -16
Cover_T75 -36
Cover_T76 -36
Cover_T77 -16
Cover_T78 4
Cover_T79 4
Cover_T80 6
Cover_T81 20
Cover_T82 10
Cover_T83 36
Cover_T84 10
Cover_T85 52
Cover_T86 4
Cover_T87 8
Cover_T88 0
Cover_T89 4
Cover_T90 3.64579e-11
Cover_T91 6.35225e-12
Cover_T92 -2.77396e-11
Cover_T93 0
Cover_T94 0
Cover_T95 6
Cover_T96 5.99574e-11
Cover_T97 -7.58094e-11
Cover_T98 1.33482e-10
Cover_T99 1.14035e-11
Cover_T100 0
Cover_T101 -8.44835e-12
Cover_T102 0
Cover_T103 -8.24953e-11
Cover_T104 40
Cover_T105 4.81011e-11
Cover_T106 24
Cover_T107 -1.89146e-11
Cover_T108 8
Cover_T109 -6.56821e-11
Cover_T110 4
Cover_T111 -34
Cover_T112 8
Cover_T113 -6
Cover_T114 22
Cover_T115 4
Cover_T116 -6
Cover_T117 4.24088e-11
Cover_T118 40
Cover_T119 -18
Cover_T120 20
Cover_T121 2
Cover_T122 0
Cover_T123 22
Cover_T124 -20
Cover_T125 -32
Cover_T126 2
Cover_T127 -12
Cover_T128 10
Cover_T129 8
Cover_T130 6
Cover_T131 26
Cover_T132 10
Cover_T133 0
Cover_T134 -6
Cover_T135 4
Cover_T136 -20
Cover_T137 4
Cover_T138 -36
Cover_T139 4
Cover_T140 -52
Cover_T141 0
Cover_T142 -48
Cover_T143 16
Cover_T144 -16
Cover_T145 32
Cover_T146 -36
Cover_T147 52
Cover_T148 2
Cover_T149 52
Cover_T150 2
Cover_T151 26
Cover_T152 -2
Cover_T153 46
Cover_T154 -18
Cover_T155 10
Cover_T156 -38
Cover_T157 16
Cover_T158 26
Cover_T159 14
Cover_T160 18
Cover_T161 22
Cover_T162 6
Cover_T163 36
Cover_T164 24
Cover_T165 48
Cover_T166 50
Cover_T167 58
Cover_T168 32
Cover_T169 0
Cover_T170 22
Cover_T171 14
Cover_T172 42
Cover_T173 14
Cover_T174 30
Cover_T175 0
Cover_T176 18
Cover_T177 -14
Cover_T178 5.19265e-11
Cover_T179 0
Cover_T180 -6
Cover_T181 -12
Cover_T182 -22
Cover_T183 8
Cover_T184 6
Cover_T185 20
Cover_T186 -14
Cover_T187 24
Cover_T188 -34
Cover_T189 50
Cover_T190 -48
Cover_T191 62
Cover_T192 18
Cover_T193 14
Cover_T194 6
Cover_T195 30
Cover_T196 22
Cover_T197 38
Cover_T198 18
Cover_T199 62
Cover_T200 3.12573e-10
Cover_T201 74
Cover_T202 12
Cover_T203 8
Cover_T204 2.34884e-10
Cover_T205 20
Cover_T206 12
Cover_T207 -2.89528e-10
Cover_T208 12
Cover_T209 20
Cover_T210 1.10018e-10
Cover_T211 24
Cover_T212 -20
Cover_T213 18
Cover_T214 -2
Cover_T215 26
Cover_T216 -30
Cover_T217 48
Cover_T218 -6
Cover_T219 64
Cover_T220 -4
Cover_T221 36
Cover_T222 -4
Cover_T223 54
Cover_T224 -4
Cover_T225 74
Cover_T226 -10
Cover_T227 28
Cover_T228 -26
Cover_T229 38
Cover_T230 -12
Cover_T231 44
Cover_T232 -18
Cover_T233 48
Cover_T234 -16
Cover_T235 60
Cover_T236 -24
Cover_T237 48
Cover_T238 -28
Cover_T239 52
Cover_T240 -28
Cover_T241 58
Cover_T242 -34
Cover_T243 58
Cover_T244 -34
Cover_T245 58
Cover_T246 -36
Cover_T247 60
Cover_T248 -44
Cover_T249 60
Cover_T250 -42
Cover_T251 60
Cover_T252 -42
Cover_T253 62
Cover_T254 -50
Cover_T255 62
Cover_T256 52
Cover_T257 -52
Cover_T258 52
Cover_T259 -48
Cover_T260 54
Cover_T261 -48
Cover_T262 58
Cover_T263 -48
Cover_T264 58
Cover_T265 -44
Cover_T266 58
Cover_T267 -44
Cover_T268 52
Cover_T269 -44
Cover_T270 50
Cover_T271 -40
Cover_T272 50
Cover_T273 -44
Cover_T274 50
Cover_T275 -34
Cover_T276 76
Cover_T277 -2
Cover_T278 62
Cover_T279 -10
Cover_T280 60
Cover_T281 -18
Cover_T282 64
Cover_T283 -26
Cover_T284 54
Cover_T285 5.32903e-11
Cover_T286 48
Cover_T287 0
Cover_T288 46
Cover_T289 922
Cover_T290 6
Cover_T291 930
Cover_T292 1010
Cover_T293 938
Cover_T294 1020
Cover_T295 930
Cover_T296 1026
Cover_T297 936
Cover_T298 984
Cover_T299 946
Cover_T300 1000
Cover_T301 940
Cover_T302 44
Cover_T303 948
Cover_T304 26
Cover_T305 -44
Cover_T306 6
Cover_T307 -32
Cover_T308 52
Cover_T309 -4
Cover_T310 50
Cover_T311 14
Cover_T312 24
Cover_T313 -38
Cover_T314 40
Cover_T315 -44
Cover_T316 20
Cover_T317 -24
Cover_T318 -9.63656e-11
Cover_T319 -40
Cover_T320 -20
Cover_T321 -20
Cover_T322 -40
Cover_T323 2.08088e-10
Cover_T324 -2.81375e-10
Cover_T325 20
Cover_T326 0
Cover_T327 40
Cover_T328 -3.07292e-12
Cover_T329 0
Cover_T330 1.2695e-11
Cover_T331 -1.94388e-10
Cover_T332 8
Cover_T333 0
Cover_T334 4
Cover_T335 0
Cover_T336 -1.56195e-10
Cover_T337 8.63949e-11
Cover_T338 8.38725e-11
Cover_T339 0
Cover_T340 0
Cover_T341 0
Cover_T342 2.0374e-11
Cover_T343 3.68983e-11
Cover_T344 2.24247e-11
Cover_T345 0
Cover_T346 46
Cover_T347 0
Cover_T348 30
Cover_T349 -2.63964e-11
Cover_T350 14
Cover_T351 -2.35155e-11
Cover_T352 4.71445e-11
Cover_T353 -40
Cover_T354 8.92371e-11
Cover_T355 -24
Cover_T356 1.07113e-12
Cover_T357 -8
Cover_T358 0
Cover_T359 6
Cover_T360 26
Cover_T361 6
Cover_T362 10
Cover_T363 6
Cover_T364 -6
Cover_T365 6
Cover_T366 46
Cover_T367 -8
Cover_T368 18
Cover_T369 20
Cover_T370 -10
Cover_T371 -26
Cover_T372 4
Cover_T373 2
Cover_T374 4
Cover_T375 26
Cover_T376 0
Cover_T377 4
Cover_T378 5.79057e-11
Cover_T379 -4
Cover_T380 -18
Cover_T381 2.82796e-12
Cover_T382 -38
Cover_T383 9.9158e-11
Cover_T384 -38
Cover_T385 18
Cover_T386 -10
Cover_T387 36
Cover_T388 -26
Cover_T389 52
Cover_T390 -42
Cover_T391 48
Cover_T392 0
Cover_T393 16
Cover_T394 4
Cover_T395 32
Cover_T396 4
Cover_T397 50
Cover_T398 -8
Cover_T399 10
Cover_T400 -24
Cover_T401 2
Cover_T402 -42
Cover_T403 12
Cover_T404 16
Cover_T405 34
Cover_T406 0
Cover_T407 48
Cover_T408 44
Cover_T409 12
Cover_T410 22
Cover_T411 26
Cover_T412 42
Cover_T413 -28
Cover_T414 16
Cover_T415 -4
Cover_T416 12
Cover_T417 8
Cover_T418 -6
Cover_T419 -10
Cover_T420 -10
Cover_T421 6
Cover_T422 -38
Cover_T423 14
Cover_T424 6
Cover_T425 32
Cover_T426 -10
Cover_T427 32
Cover_T428 -26
Cover_T429 62
Cover_T430 18
Cover_T431 26
Cover_T432 22
Cover_T433 66
Cover_T434 8
Cover_T435 20
Cover_T436 12
Cover_T437 4
Cover_T438 0
Cover_T439 4
Cover_T440 4
Cover_T441 12
Cover_T442 -1.03764e-10
Cover_T443 24
Cover_T444 -12
Cover_T445 8
Cover_T446 -12
Cover_T447 12
Cover_T448 -28
Cover_T449 10
Cover_T450 -40
Cover_T451 18
Cover_T452 -2
Cover_T453 30
Cover_T454 -14
Cover_T455 26
Cover_T456 -26
Cover_T457 42
Cover_T458 -46
Cover_T459 64
Cover_T460 -18
Cover_T461 30
Cover_T462 -10
Cover_T463 48
Cover_T464 -10
Cover_T465 70
Cover_T466 -16
Cover_T467 40
Cover_T468 -16
Cover_T469 40
Cover_T470 -10
Cover_T471 40
Cover_T472 -22
Cover_T473 42
Cover_T474 -26
Cover_T475 36
Cover_T476 -16
Cover_T477 46
Cover_T478 -26
Cover_T479 48
Cover_T480 -24
Cover_T481 46
Cover_T482 -36
Cover_T483 44
Cover_T484 -28
Cover_T485 46
Cover_T486 -28
Cover_T487 42
Cover_T488 -42
Cover_T489 46
Cover_T490 -34
Cover_T491 52
Cover_T492 -42
Cover_T493 42
Cover_T494 -34
Cover_T495 52
Cover_T496 -42
Cover_T497 58
Cover_T498 -42
Cover_T499 52
Cover_T500 -42
Cover_T501 52
Cover_T502 -50
Cover_T503 52
Cover_T504 52
Cover_T505 -44
Cover_T506 60
Cover_T507 -44
Cover_T508 52
Cover_T509 -40
Cover_T510 52
Cover_T511 -36
Cover_T512 56
Cover_T513 -38
Cover_T514 70
Cover_T515 -14
Cover_T516 68
Cover_T517 -28
Cover_T518 54
Cover_T519 2
Cover_T520 58
Cover_T521 946
Cover_T522 1038
Cover_T523 942
Cover_T524 1044
Cover_T525 948
Cover_T526 1034
Cover_T527 928
Cover_T528 1010
Cover_T529 940
Cover_T530 1010
Cover_T531 936
Cover_T532 968
Cover_T533 948
Cover_T534 968
Cover_T535 946
Cover_T536 14
Cover_T537 -46
Cover_T538 4.09273e-12
Cover_T539 -50
Cover_T540 -12
Cover_T541 -38
Cover_T542 50
Cover_T543 -42
Cover_T544 38
Cover_T545 -30
Cover_T546 52
Cover_T547 -18
Cover_T548 40
Cover_T549 -6
Cover_T550 28
Cover_T551 -4
Cover_T552 52
Cover_T553 8
Cover_T554 40
Cover_T555 20
Cover_T556 24
Cover_T557 -34
Cover_T558 4
Cover_T559 -40
Cover_T560 -16
Cover_T561 -20
Cover_T562 -36
Cover_T563 -36
Cover_T564 4
Cover_T565 -16
Cover_T566 4
Cover_T567 4
Cover_T568 6
Cover_T569 20
Cover_T570 6
Cover_T571 36
Cover_T572 0
Cover_T573 52
Cover_T574 6
Cover_T575 8
Cover_T576 6
Cover_T577 4
Cover_T578 6
Cover_T579 2.31157e-11
Cover_T580 6
Cover_T581 -2.38138e-11
Cover_T582 6
Cover_T583 6
Cover_T584 6
Cover_T585 0
Cover_T586 6
Cover_T587 0
Cover_T588 52
Cover_T589 0
Cover_T590 36
Cover_T591 0
Cover_T592 20
Cover_T593 5.99574e-11
Cover_T594 6
Cover_T595 0
Cover_T596 6
Cover_T597 0
Cover_T598 6
Cover_T599 -46
Cover_T600 6
Cover_T601 -30
Cover_T602 32
Cover_T603 -14
Cover_T604 16
Cover_T605 0
Cover_T606 0
Cover_T607 0
Cover_T608 -16
Cover_T609 0
Cover_T610 42
Cover_T611 5.88116e-11
Cover_T612 26
Cover_T613 -26
Cover_T614 10
Cover_T615 -10
Cover_T616 -6
Cover_T617 6
Cover_T618 -22
Cover_T619 22
Cover_T620 4
Cover_T621 -36
Cover_T622 0
Cover_T623 -20
Cover_T624 0
Cover_T625 -4
Cover_T626 4.04157e-11
Cover_T627 12
Cover_T628 2
Cover_T629 32
Cover_T630 -16
Cover_T631 10
Cover_T632 -36
Cover_T633 2
Cover_T634 -36
Cover_T635 6
Cover_T636 -8
Cover_T637 6
Cover_T638 -28
Cover_T639 24
Cover_T640 -44
Cover_T641 36
Cover_T642 2
Cover_T643 48
Cover_T644 10
Cover_T645 40
Cover_T646 -2
Cover_T647 54
Cover_T648 2
Cover_T649 18
Cover_T650 -6
Cover_T651 28
Cover_T652 -18
Cover_T653 42
Cover_T654 -30
Cover_T655 56
Cover_T656 -42
Cover_T657 16
Cover_T658 24
Cover_T659 10
Cover_T660 16
Cover_T661 22
Cover_T662 4
Cover_T663 20
Cover_T664 20
Cover_T665 28
Cover_T666 50
Cover_T667 42
Cover_T668 38
Cover_T669 58
Cover_T670 28
Cover_T671 76
Cover_T672 50
Cover_T673 12
Cover_T674 36
Cover_T675 10
Cover_T676 24
Cover_T677 34
Cover_T678 22
Cover_T679 14
Cover_T680 0
Cover_T681 -8
Cover_T682 -8
Cover_T683 4
Cover_T684 -26
Cover_T685 -12
Cover_T686 -42
Cover_T687 8
Cover_T688 -8
Cover_T689 12
Cover_T690 -22
Cover_T691 24
Cover_T692 -38
Cover_T693 40
Cover_T694 24
Cover_T695 54
Cover_T696 10
Cover_T697 60
Cover_T698 22
Cover_T699 18
Cover_T700 22
Cover_T701 34
Cover_T702 10
Cover_T703 50
Cover_T704 22
Cover_T705 54
Cover_T706 4
Cover_T707 74
Cover_T708 16
Cover_T709 8
Cover_T710 16
Cover_T711 20
Cover_T712 0
Cover_T713 8
Cover_T714 16
Cover_T715 16
Cover_T716 -8
Cover_T717 24
Cover_T718 -40
Cover_T719 22
Cover_T720 -22
Cover_T721 22
Cover_T722 1.8094e-10
Cover_T723 48
Cover_T724 -8
Cover_T725 66
Cover_T726 -8
Cover_T727 38
Cover_T728 -8
Cover_T729 58
Cover_T730 -8
Cover_T731 74
Cover_T732 -10
Cover_T733 36
Cover_T734 -14
Cover_T735 42
Cover_T736 -16
Cover_T737 44
Cover_T738 -16
Cover_T739 56
Cover_T740 -16
Cover_T741 60
Cover_T742 -24
Cover_T743 48
Cover_T744 -28
Cover_T745 60
Cover_T746 -28
Cover_T747 58
Cover_T748 -34
Cover_T749 58
Cover_T750 -36
Cover_T751 56
Cover_T752 -40
Cover_T753 52
Cover_T754 -42
Cover_T755 54
Cover_T756 -42
Cover_T757 62
Cover_T758 -42
Cover_T759 60
Cover_T760 -44
Cover_T761 58
Cover_T762 -50
Cover_T763 54
Cover_T764 -50
Cover_T765 48
Cover_T766 -4.12427e-10
Cover_T767 24
Cover_T768 4
Cover_T769 22
Cover_T770 2
Cover_T771 18
Cover_T772 0
Cover_T773 44
Cover_T774 36
Cover_T775 30
Cover_T776 10
Cover_T777 16
Cover_T778 52
Cover_T779 998
Cover_T780 26
Cover_T781 1044
Cover_T782 990
Cover_T783 1022
Cover_T784 996
Cover_T785 1006
Cover_T786 958
Cover_T787 1006
Cover_T788 970
Cover_T789 1030
Cover_T790 982
Cover_T791 988
Cover_T792 0
Cover_T793 32
Cover_T794 -38
Cover_T795 54
Cover_T796 -34
Cover_T797 52
Cover_T798 -30
Cover_T799 52
Cover_T800 -2
Cover_T801 52
Cover_T802 52
Cover_T803 -20
Cover_T804 56
Cover_T805 0
Cover_T806 44
Cover_T807 0
Cover_T808 56
Cover_T809 12
Cover_T810 66
Cover_T811 0
Cover_T812 80
Cover_T813 70
Cover_T814 28
Cover_T815 56
Cover_T816 26
Cover_T817 44
Cover_T818 12
Cover_T819 30
Cover_T820 36
Cover_T821 0
Cover_T822 -32
Cover_T823 0
Cover_T824 1.3146e-09
Cover_T825 0
Cover_T826 12
Cover_T827 0
Cover_T828 54
Cover_T829 0
Cover_T830 48
Cover_T831 68
Cover_T832 46
Cover_T833 56
Cover_T834 50
Cover_T835 64
Cover_T836 52
Count_D0 -984
Count_D1 -1000
Max_H0_P0 0
Max_H0_P1 0
Max_H0_P2 0
Max_H0_P3 0
Max_H0_P4 0
Max_H0_P5 0
Max_H0_P6 -9.73541e-11
Max_H0_P7 0
Max_H0_P8 0
Max_H0_P9 0
Max_H0_P10 0
Max_H0_P11 0
Max_H0_P12 0
Max_H0_P13 0
Max_H0_P14 0
Max_H0_P15 -1.07698e-11
Max_H0_P16 -8.03642e-11
Max_H0_P17 8.6402e-12
Max_H0_P18 8.19922e-12
Max_H0_P19 3.50591e-11
Max_H0_P20 5.15499e-12
Max_H0_P21 -4.41105e-11
Max_H0_P22 -4.58365e-12
Max_H0_P23 -8.27248e-12
Max_H0_P24 -1.69962e-11
Max_H0_P25 7.2999e-12
Max_H0_P26 -1.89865e-11
Max_H0_P27 -8.6227e-11
Max_H0_P28 -1.68205e-11
Max_H0_P29 2.22258e-11
Max_H0_P30 1.1513e-12
Max_H0_P31 -2.3971e-11
Max_H0_P32 -2.33391e-11
Max_H0_P33 -4.10338e-11
Max_H0_P34 4.59468e-12
Max_H0_P35 1.62374e-11
Max_H0_P36 3.0199e-11
Max_H0_P37 2.40397e-11
Max_H0_P38 -3.12763e-11
Max_H0_P39 1.82432e-11
Max_H0_P40 -2.38628e-11
Max_H0_P41 -3.66356e-11
Max_H0_P42 2.20837e-11
Max_H0_P43 -6.08009e-11
Max_H0_P44 -5.10271e-11
Max_H0_P45 -1.20545e-10
Max_H0_P46 0
Max_H0_P47 0
Max_H0_P48 0
Max_H0_P49 0
Max_H0_P50 0
Max_H0_P51 0
Max_H0_P52 0
Max_H0_P53 0
Max_H0_P54 0
Max_H0_P55 0
Max_H0_P56 0
Max_H0_P57 0
Max_H0_P58 0
Max_H0_P59 0
Max_H0_P60 0
Max_H0_P61 -3.39639e-11
Max_H0_P62 0
Max_H0_P63 0
Max_H0_P64 0
Max_H0_P65 0
Max_H0_P66 0
Max_H0_P67 0
Max_H0_P68 0
Max_H0_P69 0
Max_H0_P70 0
Max_H0_P71 0
Max_H0_P72 0
Max_H0_P73 0
Max_H0_P74 0
Max_H0_P75 0
Max_H0_P76 0
Max_H0_P77 1.47679e-10
Max_H0_P78 -1.27182e-10
Max_H0_P79 0
Max_H0_P80 0
Max_H0_P81 0
Max_H1_P0 0
Max_H1_P1 0
Max_H1_P2 0
Max_H1_P3 0
Max_H1_P4 0
Max_H1_P5 -7.26572e-11
Max_H1_P6 -5.81785e-11
Max_H1_P7 0
Max_H1_P8 0
Max_H1_P9 -2.20624e-12
Max_H1_P10 -1.20135e-11
Max_H1_P11 0
Max_H1_P12 0
Max_H1_P13 0
Max_H1_P14 0
Max_H1_P15 0
Max_H1_P16 -1.87889e-10
Max_H1_P17 -1.08678e-11
Max_H1_P18 2.64273e-11
Max_H1_P19 -2.20188e-11
Max_H1_P20 -3.32499e-12
Max_H1_P21 2.37491e-12
Max_H1_P22 -4.62588e-11
Max_H1_P23 3.36868e-11
Max_H1_P24 -8.89451e-11
Max_H1_P25 -2.41854e-12
Max_H1_P26 1.34923e-11
Max_H1_P27 -4.69367e-11
Max_H1_P28 1.42262e-11
Max_H1_P29 3.94493e-11
Max_H1_P30 -4.82787e-11
Max_H1_P31 -8.09663e-12
Max_H1_P32 3.82556e-11
Max_H1_P33 -2.05268e-11
Max_H1_P34 1.07873e-11
Max_H1_P35 5.15894e-12
Max_H1_P36 -8.71048e-12
Max_H1_P37 2.1405e-11
Max_H1_P38 3.78293e-11
Max_H1_P39 -8.50244e-11
Max_H1_P40 2.5602e-11
Max_H1_P41 3.65491e-12
Max_H1_P42 2.51874e-11
Max_H1_P43 -5.94498e-11
Max_H1_P44 -4.61284e-11
Max_H1_P45 -1.06507e-10
Max_H1_P46 -2.06286e-11
Max_H1_P47 0
Max_H1_P48 0
Max_H1_P49 0
Max_H1_P50 0
Max_H1_P51 0
Max_H1_P52 0
Max_H1_P53 0
Max_H1_P54 1.28502e-11
Max_H1_P55 0
Max_H1_P56 0
Max_H1_P57 0
Max_H1_P58 0
Max_H1_P59 -7.76623e-12
Max_H1_P60 0
Max_H1_P61 0
Max_H1_P62 0
Max_H1_P63 0
Max_H1_P64 0
Max_H1_P65 0
Max_H1_P66 0
Max_H1_P67 -4.64393e-11
Max_H1_P68 0
Max_H1_P69 0
Max_H1_P70 0
Max_H1_P71 0
Max_H1_P72 0
Max_H1_P73 0
Max_H1_P74 0
Max_H1_P75 0
Max_H1_P76 2.04974e-11
Max_H1_P77 -5.2139e-11
Max_H1_P78 1.77579e-10
Max_H1_P79 2.21711e-10
Max_H1_P80 -3.84587e-10
Max_H1_P81 0
