
Branch and bound

  Entire solving process        :                           (Time    318.1)
  No feasible solution was found
  Best relaxation cost          :     55412.12 (Node     0) (Time    318.1)
  Lower bound after cuts        :     55412.12
  End lower bound               :     55412.12
  Deepest level reached         : 0
  Deepest real level reached    : 0
  Number of real nodes solved   : 1
  Stopping condition            : enough nodes explored

Problem identification

  Problem                       : <null>
  Machine                       : oslo1.gerad.lan

Solving process summary

  Linear relaxations            :        1
  Column generation iterations  :      136
  Shortest paths solved         :     3749
  Columns generated             :    43138

Instance characteristics

  Resources                     : 3
  Node types                    : no
  Arc types                     : no
  Strong resource windows       : no
  Weak resource windows         : no
  Resource windows (nodes)      : 3
  Resource values (arcs)        : 3
  Values on nodes               : no

  Rows                          : 1003
  Initial columns               : 2
  Tasks                         : 841
  Strong tasks                  : 837
  Weak tasks                    : 4
  Initial task constraints      : no
  Nodes                         : 1169
  Arc sets                      : 1
  Arcs                          : 32371
  Networks                      : 2
  Models                        : 1

Memory used per module (Megs)

  Parser (reused)               :      6.788
  Networks                      :     30.150
  Column generator              :     11.988
  Master problem                :      9.859
  -----------------
  Total                         :     51.997

Cpu time per module (seconds)

  Parser                        :        0.0
  Preprocessor                  :        0.0
  Lr solver manager             :        0.2
  Column generator              :       87.3
    (Shortest path)             :       75.0
  Master problem                :      230.6
  -------------------
  Total (without b&b)           :      318.1

Real elapsed time (seconds)

  Parser                        :        0.0
  Preprocessor                  :        0.0
  Lr solver manager             :        0.2
  Column generator              :       87.2
    (Shortest path)             :       75.6
  Master problem                :      230.6
  -------------------
  Total (without b&b)           :      318.1
