Cover_T0 52
Cover_T1 -52
Cover_T2 52
Cover_T3 -52
Cover_T4 52
Cover_T5 -52
Cover_T6 52
Cover_T7 -52
Cover_T8 54
Cover_T9 -52
Cover_T10 54
Cover_T11 -50
Cover_T12 54
Cover_T13 -50
Cover_T14 54
Cover_T15 -50
Cover_T16 54
Cover_T17 -50
Cover_T18 56
Cover_T19 -50
Cover_T20 56
Cover_T21 -48
Cover_T22 56
Cover_T23 -48
Cover_T24 54
Cover_T25 -48
Cover_T26 56
Cover_T27 -48
Cover_T28 56
Cover_T29 -48
Cover_T30 56
Cover_T31 -44
Cover_T32 54
Cover_T33 -44
Cover_T34 52
Cover_T35 -44
Cover_T36 56
Cover_T37 -44
Cover_T38 52
Cover_T39 -44
Cover_T40 50
Cover_T41 -42
Cover_T42 48
Cover_T43 -42
Cover_T44 50
Cover_T45 -42
Cover_T46 56
Cover_T47 2
Cover_T48 60
Cover_T49 -14
Cover_T50 54
Cover_T51 -30
Cover_T52 1040
Cover_T53 978
Cover_T54 1038
Cover_T55 980
Cover_T56 1008
Cover_T57 978
Cover_T58 1024
Cover_T59 978
Cover_T60 1034
Cover_T61 -14
Cover_T62 8.20819e-11
Cover_T63 -10
Cover_T64 12
Cover_T65 -6
Cover_T66 10
Cover_T67 12
Cover_T68 10
Cover_T69 -2
Cover_T70 10
Cover_T71 -2
Cover_T72 -12
Cover_T73 -2
Cover_T74 -40
Cover_T75 -2
Cover_T76 -36
Cover_T77 20
Cover_T78 16
Cover_T79 36
Cover_T80 -2.81219e-10
Cover_T81 52
Cover_T82 -16
Cover_T83 36
Cover_T84 18
Cover_T85 52
Cover_T86 2
Cover_T87 -6
Cover_T88 -14
Cover_T89 10
Cover_T90 -30
Cover_T91 26
Cover_T92 0
Cover_T93 -6
Cover_T94 12
Cover_T95 14
Cover_T96 -8
Cover_T97 34
Cover_T98 -4.189e-11
Cover_T99 8
Cover_T100 -2
Cover_T101 -4
Cover_T102 0
Cover_T103 16
Cover_T104 6
Cover_T105 8
Cover_T106 8
Cover_T107 10
Cover_T108 8
Cover_T109 8
Cover_T110 6
Cover_T111 2
Cover_T112 2
Cover_T113 3.62661e-11
Cover_T114 8
Cover_T115 -9.5461e-11
Cover_T116 8
Cover_T117 0
Cover_T118 12
Cover_T119 0
Cover_T120 -4
Cover_T121 0
Cover_T122 2
Cover_T123 6
Cover_T124 -14
Cover_T125 2
Cover_T126 -30
Cover_T127 -2
Cover_T128 -46
Cover_T129 14
Cover_T130 0
Cover_T131 8
Cover_T132 2.37605e-11
Cover_T133 28
Cover_T134 5.69944e-11
Cover_T135 48
Cover_T136 -4
Cover_T137 6
Cover_T138 -24
Cover_T139 8
Cover_T140 -44
Cover_T141 8
Cover_T142 -4
Cover_T143 12
Cover_T144 -22
Cover_T145 28
Cover_T146 -38
Cover_T147 44
Cover_T148 2
Cover_T149 6.18824e-10
Cover_T150 12
Cover_T151 16
Cover_T152 -4
Cover_T153 32
Cover_T154 -20
Cover_T155 48
Cover_T156 0
Cover_T157 10
Cover_T158 6
Cover_T159 5.11022e-11
Cover_T160 4
Cover_T161 16
Cover_T162 16
Cover_T163 28
Cover_T164 4
Cover_T165 2
Cover_T166 0
Cover_T167 0
Cover_T168 -6.53806e-11
Cover_T169 12
Cover_T170 18
Cover_T171 12
Cover_T172 6
Cover_T173 0
Cover_T174 -6
Cover_T175 12
Cover_T176 0
Cover_T177 14
Cover_T178 14
Cover_T179 20
Cover_T180 -4
Cover_T181 -2.37979e-10
Cover_T182 -16
Cover_T183 12
Cover_T184 6.42046e-11
Cover_T185 26
Cover_T186 0
Cover_T187 20
Cover_T188 10
Cover_T189 8
Cover_T190 -8
Cover_T191 24
Cover_T192 6
Cover_T193 36
Cover_T194 6
Cover_T195 22
Cover_T196 4
Cover_T197 18
Cover_T198 -8
Cover_T199 18
Cover_T200 2.18545e-10
Cover_T201 32
Cover_T202 -2
Cover_T203 22
Cover_T204 -2
Cover_T205 18
Cover_T206 -16
Cover_T207 20
Cover_T208 1.16713e-10
Cover_T209 40
Cover_T210 -8
Cover_T211 24
Cover_T212 -22
Cover_T213 28
Cover_T214 -12
Cover_T215 28
Cover_T216 -10
Cover_T217 40
Cover_T218 -10
Cover_T219 32
Cover_T220 -18
Cover_T221 40
Cover_T222 -22
Cover_T223 26
Cover_T224 -24
Cover_T225 32
Cover_T226 -22
Cover_T227 34
Cover_T228 -26
Cover_T229 38
Cover_T230 -24
Cover_T231 40
Cover_T232 -34
Cover_T233 36
Cover_T234 -34
Cover_T235 40
Cover_T236 -24
Cover_T237 42
Cover_T238 -28
Cover_T239 46
Cover_T240 -32
Cover_T241 50
Cover_T242 -26
Cover_T243 42
Cover_T244 -40
Cover_T245 42
Cover_T246 -30
Cover_T247 44
Cover_T248 -28
Cover_T249 58
Cover_T250 -28
Cover_T251 46
Cover_T252 -44
Cover_T253 60
Cover_T254 -42
Cover_T255 52
Cover_T256 -36
Cover_T257 46
Cover_T258 -38
Cover_T259 60
Cover_T260 -38
Cover_T261 64
Cover_T262 -40
Cover_T263 62
Cover_T264 -40
Cover_T265 56
Cover_T266 -44
Cover_T267 58
Cover_T268 -44
Cover_T269 60
Cover_T270 52
Cover_T271 -50
Cover_T272 52
Cover_T273 -48
Cover_T274 54
Cover_T275 -48
Cover_T276 56
Cover_T277 -48
Cover_T278 56
Cover_T279 -48
Cover_T280 50
Cover_T281 -44
Cover_T282 56
Cover_T283 -44
Cover_T284 54
Cover_T285 -46
Cover_T286 50
Cover_T287 -46
Cover_T288 48
Cover_T289 -44
Cover_T290 48
Cover_T291 -44
Cover_T292 52
Cover_T293 -42
Cover_T294 50
Cover_T295 -42
Cover_T296 60
Cover_T297 -44
Cover_T298 48
Cover_T299 -8.02806e-10
Cover_T300 60
Cover_T301 -8
Cover_T302 50
Cover_T303 -16
Cover_T304 56
Cover_T305 -24
Cover_T306 48
Cover_T307 -32
Cover_T308 1044
Cover_T309 -50
Cover_T310 1044
Cover_T311 974
Cover_T312 998
Cover_T313 968
Cover_T314 1010
Cover_T315 976
Cover_T316 1018
Cover_T317 960
Cover_T318 1022
Cover_T319 976
Cover_T320 1022
Cover_T321 -18
Cover_T322 1042
Cover_T323 -12
Cover_T324 12
Cover_T325 -8
Cover_T326 16
Cover_T327 -4
Cover_T328 20
Cover_T329 14
Cover_T330 20
Cover_T331 -1.49852e-10
Cover_T332 20
Cover_T333 -1.22826e-10
Cover_T334 -2
Cover_T335 6.26642e-10
Cover_T336 -30
Cover_T337 -1.37831e-10
Cover_T338 -26
Cover_T339 22
Cover_T340 20
Cover_T341 50
Cover_T342 -8
Cover_T343 46
Cover_T344 14
Cover_T345 2.78144e-10
Cover_T346 -14
Cover_T347 28
Cover_T348 4
Cover_T349 -2.63793e-10
Cover_T350 20
Cover_T351 16
Cover_T352 4
Cover_T353 32
Cover_T354 -12
Cover_T355 2
Cover_T356 0
Cover_T357 -14
Cover_T358 2
Cover_T359 2
Cover_T360 8
Cover_T361 18
Cover_T362 -8
Cover_T363 8
Cover_T364 -2
Cover_T365 10
Cover_T366 -6.45173e-11
Cover_T367 8
Cover_T368 8.26219e-11
Cover_T369 2
Cover_T370 -2
Cover_T371 0
Cover_T372 -6
Cover_T373 -5.40759e-11
Cover_T374 5.10898e-11
Cover_T375 2
Cover_T376 0
Cover_T377 6
Cover_T378 0
Cover_T379 0
Cover_T380 2
Cover_T381 4.36007e-11
Cover_T382 -18
Cover_T383 2.13465e-11
Cover_T384 -38
Cover_T385 -2
Cover_T386 4
Cover_T387 16
Cover_T388 6
Cover_T389 32
Cover_T390 10
Cover_T391 48
Cover_T392 -6
Cover_T393 2
Cover_T394 -6
Cover_T395 0
Cover_T396 -22
Cover_T397 -4
Cover_T398 -38
Cover_T399 12
Cover_T400 6
Cover_T401 12
Cover_T402 -12
Cover_T403 32
Cover_T404 -32
Cover_T405 52
Cover_T406 -52
Cover_T407 12
Cover_T408 10
Cover_T409 32
Cover_T410 -10
Cover_T411 52
Cover_T412 6
Cover_T413 -8
Cover_T414 10
Cover_T415 8
Cover_T416 6
Cover_T417 28
Cover_T418 14
Cover_T419 4
Cover_T420 8
Cover_T421 2
Cover_T422 4
Cover_T423 12
Cover_T424 18
Cover_T425 2.38742e-11
Cover_T426 8.65974e-11
Cover_T427 10
Cover_T428 3.1303e-10
Cover_T429 14
Cover_T430 8
Cover_T431 2
Cover_T432 -12
Cover_T433 22
Cover_T434 0
Cover_T435 20
Cover_T436 9.39053e-11
Cover_T437 6
Cover_T438 2.62096e-10
Cover_T439 36
Cover_T440 6
Cover_T441 20
Cover_T442 4
Cover_T443 22
Cover_T444 -6
Cover_T445 22
Cover_T446 -2
Cover_T447 20
Cover_T448 -2
Cover_T449 22
Cover_T450 -6
Cover_T451 32
Cover_T452 -10
Cover_T453 28
Cover_T454 -10
Cover_T455 28
Cover_T456 -8
Cover_T457 32
Cover_T458 -12
Cover_T459 28
Cover_T460 -18
Cover_T461 28
Cover_T462 -20
Cover_T463 38
Cover_T464 -22
Cover_T465 28
Cover_T466 -18
Cover_T467 30
Cover_T468 -30
Cover_T469 28
Cover_T470 -28
Cover_T471 32
Cover_T472 -24
Cover_T473 34
Cover_T474 -26
Cover_T475 30
Cover_T476 -22
Cover_T477 42
Cover_T478 -34
Cover_T479 36
Cover_T480 -26
Cover_T481 34
Cover_T482 -24
Cover_T483 34
Cover_T484 -36
Cover_T485 32
Cover_T486 -30
Cover_T487 44
Cover_T488 -42
Cover_T489 34
Cover_T490 -26
Cover_T491 36
Cover_T492 -26
Cover_T493 48
Cover_T494 -32
Cover_T495 40
Cover_T496 -28
Cover_T497 54
Cover_T498 -40
Cover_T499 36
Cover_T500 -32
Cover_T501 42
Cover_T502 -36
Cover_T503 44
Cover_T504 -48
Cover_T505 42
Cover_T506 -32
Cover_T507 58
Cover_T508 -28
Cover_T509 44
Cover_T510 -34
Cover_T511 52
Cover_T512 -34
Cover_T513 64
Cover_T514 -32
Cover_T515 46
Cover_T516 -46
Cover_T517 46
Cover_T518 -36
Cover_T519 44
Cover_T520 -38
Cover_T521 58
Cover_T522 -42
Cover_T523 56
Cover_T524 -44
Cover_T525 54
Cover_T526 -42
Cover_T527 52
Cover_T528 -40
Cover_T529 62
Cover_T530 -42
Cover_T531 62
Cover_T532 -42
Cover_T533 60
Cover_T534 54
Cover_T535 -44
Cover_T536 58
Cover_T537 -48
Cover_T538 54
Cover_T539 -44
Cover_T540 48
Cover_T541 -42
Cover_T542 54
Cover_T543 -42
Cover_T544 58
Cover_T545 -4.41196e-10
Cover_T546 58
Cover_T547 -16
Cover_T548 46
Cover_T549 -20
Cover_T550 56
Cover_T551 -28
Cover_T552 50
Cover_T553 -36
Cover_T554 1038
Cover_T555 978
Cover_T556 1044
Cover_T557 976
Cover_T558 1036
Cover_T559 978
Cover_T560 1038
Cover_T561 976
Cover_T562 1044
Cover_T563 974
Cover_T564 990
Cover_T565 978
Cover_T566 1004
Cover_T567 972
Cover_T568 1014
Cover_T569 980
Cover_T570 1014
Cover_T571 972
Cover_T572 1014
Cover_T573 980
Cover_T574 1024
Cover_T575 -14
Cover_T576 6.29967e-11
Cover_T577 -14
Cover_T578 22
Cover_T579 -14
Cover_T580 22
Cover_T581 -14
Cover_T582 4
Cover_T583 -16
Cover_T584 20
Cover_T585 -14
Cover_T586 6
Cover_T587 -2
Cover_T588 2.58069e-11
Cover_T589 0
Cover_T590 10
Cover_T591 12
Cover_T592 20
Cover_T593 -12
Cover_T594 14
Cover_T595 -6
Cover_T596 4
Cover_T597 -14
Cover_T598 -16
Cover_T599 0
Cover_T600 -36
Cover_T601 -2
Cover_T602 -24
Cover_T603 -10
Cover_T604 -44
Cover_T605 4
Cover_T606 10
Cover_T607 24
Cover_T608 -10
Cover_T609 44
Cover_T610 20
Cover_T611 32
Cover_T612 -2.95557e-10
Cover_T613 52
Cover_T614 -20
Cover_T615 -2
Cover_T616 6
Cover_T617 18
Cover_T618 18
Cover_T619 -12
Cover_T620 -2
Cover_T621 8
Cover_T622 6
Cover_T623 28
Cover_T624 4
Cover_T625 2
Cover_T626 6
Cover_T627 -10
Cover_T628 12
Cover_T629 10
Cover_T630 14
Cover_T631 2
Cover_T632 0
Cover_T633 0
Cover_T634 0
Cover_T635 -6
Cover_T636 2
Cover_T637 10
Cover_T638 2
Cover_T639 0
Cover_T640 2
Cover_T641 -6
Cover_T642 -4
Cover_T643 6
Cover_T644 -4.76996e-12
Cover_T645 6
Cover_T646 4
Cover_T647 6
Cover_T648 6
Cover_T649 10
Cover_T650 -14
Cover_T651 4
Cover_T652 -34
Cover_T653 4
Cover_T654 8
Cover_T655 4
Cover_T656 6
Cover_T657 2
Cover_T658 6
Cover_T659 20
Cover_T660 -10
Cover_T661 36
Cover_T662 -10
Cover_T663 52
Cover_T664 -26
Cover_T665 6
Cover_T666 -42
Cover_T667 4
Cover_T668 2
Cover_T669 0
Cover_T670 -14
Cover_T671 16
Cover_T672 -30
Cover_T673 16
Cover_T674 -44
Cover_T675 28
Cover_T676 0
Cover_T677 40
Cover_T678 14
Cover_T679 52
Cover_T680 2
Cover_T681 4
Cover_T682 -10
Cover_T683 16
Cover_T684 -22
Cover_T685 28
Cover_T686 2
Cover_T687 42
Cover_T688 6
Cover_T689 54
Cover_T690 0
Cover_T691 10
Cover_T692 0
Cover_T693 -4
Cover_T694 10
Cover_T695 14
Cover_T696 4
Cover_T697 32
Cover_T698 0
Cover_T699 14
Cover_T700 14
Cover_T701 12
Cover_T702 -2
Cover_T703 16
Cover_T704 0
Cover_T705 4
Cover_T706 8
Cover_T707 16
Cover_T708 -8
Cover_T709 22
Cover_T710 4
Cover_T711 4
Cover_T712 4
Cover_T713 16
Cover_T714 14
Cover_T715 28
Cover_T716 2
Cover_T717 30
Cover_T718 14
Cover_T719 16
Cover_T720 8
Cover_T721 30
Cover_T722 8
Cover_T723 32
Cover_T724 -4
Cover_T725 26
Cover_T726 8
Cover_T727 34
Cover_T728 8
Cover_T729 26
Cover_T730 2
Cover_T731 28
Cover_T732 -10
Cover_T733 24
Cover_T734 2
Cover_T735 26
Cover_T736 2.26692e-10
Cover_T737 26
Cover_T738 -8
Cover_T739 42
Cover_T740 -8
Cover_T741 30
Cover_T742 -8
Cover_T743 30
Cover_T744 -10
Cover_T745 30
Cover_T746 -8
Cover_T747 44
Cover_T748 -10
Cover_T749 34
Cover_T750 -20
Cover_T751 34
Cover_T752 -20
Cover_T753 28
Cover_T754 -18
Cover_T755 36
Cover_T756 -28
Cover_T757 26
Cover_T758 -28
Cover_T759 34
Cover_T760 -22
Cover_T761 36
Cover_T762 -24
Cover_T763 32
Cover_T764 -24
Cover_T765 32
Cover_T766 -40
Cover_T767 40
Cover_T768 -26
Cover_T769 44
Cover_T770 -24
Cover_T771 38
Cover_T772 -26
Cover_T773 40
Cover_T774 -42
Cover_T775 34
Cover_T776 -28
Cover_T777 60
Cover_T778 -44
Cover_T779 44
Cover_T780 -34
Cover_T781 42
Cover_T782 -28
Cover_T783 46
Cover_T784 -28
Cover_T785 62
Cover_T786 -32
Cover_T787 48
Cover_T788 -32
Cover_T789 64
Cover_T790 -42
Cover_T791 54
Cover_T792 -32
Cover_T793 50
Cover_T794 -38
Cover_T795 60
Cover_T796 -40
Cover_T797 66
Cover_T798 -40
Cover_T799 64
Cover_T800 -40
Cover_T801 56
Cover_T802 -42
Cover_T803 60
Cover_T804 -42
Cover_T805 62
Cover_T806 36
Cover_T807 -5.57865e-11
Cover_T808 44
Cover_T809 4
Cover_T810 16
Cover_T811 1.25622e-10
Cover_T812 22
Cover_T813 0
Cover_T814 82
Cover_T815 26
Cover_T816 70
Cover_T817 26
Cover_T818 58
Cover_T819 26
Cover_T820 1030
Cover_T821 14
Cover_T822 1074
Cover_T823 1014
Cover_T824 1060
Cover_T825 1028
Cover_T826 1076
Cover_T827 946
Cover_T828 1024
Cover_T829 964
Cover_T830 1048
Cover_T831 976
Cover_T832 1048
Cover_T833 0
Cover_T834 1048
Cover_T835 -36
Cover_T836 56
Cover_T837 -34
Cover_T838 54
Cover_T839 -30
Cover_T840 52
Cover_T841 -2
Cover_T842 52
Cover_T843 52
Cover_T844 -14
Cover_T845 52
Cover_T846 26
Cover_T847 34
Cover_T848 36
Cover_T849 54
Cover_T850 60
Cover_T851 64
Cover_T852 40
Cover_T853 64
Cover_T854 64
Cover_T855 0
Cover_T856 42
Cover_T857 0
Cover_T858 48
Cover_T859 -8
Cover_T860 26
Cover_T861 2
Cover_T862 -14
Cover_T863 6
Cover_T864 0
Cover_T865 10
Cover_T866 50
Cover_T867 44
Cover_T868 36
Cover_T869 76
Cover_T870 26
Cover_T871 46
Cover_T872 40
Count_D0 -984
Count_D1 -1000
Max_H0_P0 0
Max_H0_P1 0
Max_H0_P2 0
Max_H0_P3 0
Max_H0_P4 0
Max_H0_P5 -5.8467e-11
Max_H0_P6 2.4416e-10
Max_H0_P7 0
Max_H0_P8 0
Max_H0_P9 0
Max_H0_P10 0
Max_H0_P11 0
Max_H0_P12 0
Max_H0_P13 0
Max_H0_P14 0
Max_H0_P15 0
Max_H0_P16 -1.47935e-11
Max_H0_P17 -7.73183e-12
Max_H0_P18 0
Max_H0_P19 0
Max_H0_P20 -2.40714e-11
Max_H0_P21 -1.65504e-11
Max_H0_P22 -3.95062e-12
Max_H0_P23 -1.56675e-11
Max_H0_P24 -4.19909e-11
Max_H0_P25 -4.02912e-11
Max_H0_P26 -1.84741e-13
Max_H0_P27 -3.4926e-11
Max_H0_P28 1.46302e-11
Max_H0_P29 -1.22759e-11
Max_H0_P30 -1.17097e-11
Max_H0_P31 1.52636e-11
Max_H0_P32 -1.85068e-11
Max_H0_P33 7.48886e-12
Max_H0_P34 -1.50635e-12
Max_H0_P35 -5.29674e-11
Max_H0_P36 3.47486e-11
Max_H0_P37 -1.49608e-11
Max_H0_P38 0
Max_H0_P39 -1.55858e-11
Max_H0_P40 3.50834e-11
Max_H0_P41 2.35321e-11
Max_H0_P42 -2.36143e-12
Max_H0_P43 1.18246e-11
Max_H0_P44 -2.54136e-11
Max_H0_P45 -2.86526e-12
Max_H0_P46 0
Max_H0_P47 0
Max_H0_P48 0
Max_H0_P49 0
Max_H0_P50 0
Max_H0_P51 0
Max_H0_P52 0
Max_H0_P53 0
Max_H0_P54 0
Max_H0_P55 0
Max_H0_P56 0
Max_H0_P57 0
Max_H0_P58 0
Max_H0_P59 0
Max_H0_P60 0
Max_H0_P61 0
Max_H0_P62 0
Max_H0_P63 0
Max_H0_P64 0
Max_H0_P65 0
Max_H0_P66 0
Max_H0_P67 0
Max_H0_P68 0
Max_H0_P69 0
Max_H0_P70 0
Max_H0_P71 0
Max_H0_P72 0
Max_H0_P73 0
Max_H0_P74 0
Max_H0_P75 0
Max_H0_P76 0
Max_H0_P77 7.64402e-11
Max_H0_P78 -7.2685e-11
Max_H0_P79 0
Max_H0_P80 0
Max_H0_P81 0
Max_H1_P0 0
Max_H1_P1 0
Max_H1_P2 0
Max_H1_P3 0
Max_H1_P4 0
Max_H1_P5 -3.62315e-11
Max_H1_P6 2.16001e-10
Max_H1_P7 0
Max_H1_P8 0
Max_H1_P9 -6.19146e-12
Max_H1_P10 -1.13367e-11
Max_H1_P11 5.66835e-12
Max_H1_P12 0
Max_H1_P13 0
Max_H1_P14 0
Max_H1_P15 1.0445e-11
Max_H1_P16 6.31069e-11
Max_H1_P17 -7.73183e-12
Max_H1_P18 -3.28087e-11
Max_H1_P19 -7.85772e-11
Max_H1_P20 -1.55242e-12
Max_H1_P21 4.55138e-11
Max_H1_P22 -3.33095e-11
Max_H1_P23 -3.56394e-11
Max_H1_P24 3.94706e-12
Max_H1_P25 -1.76056e-12
Max_H1_P26 -4.04759e-11
Max_H1_P27 3.62679e-11
Max_H1_P28 -4.97522e-11
Max_H1_P29 3.84843e-11
Max_H1_P30 -1.95541e-11
Max_H1_P31 1.02733e-11
Max_H1_P32 -3.27622e-11
Max_H1_P33 -1.95365e-11
Max_H1_P34 7.44116e-12
Max_H1_P35 -1.28502e-11
Max_H1_P36 -4.04054e-12
Max_H1_P37 3.55189e-11
Max_H1_P38 -2.6741e-11
Max_H1_P39 -2.13032e-13
Max_H1_P40 1.60565e-11
Max_H1_P41 3.08407e-11
Max_H1_P42 -6.2832e-12
Max_H1_P43 4.37066e-11
Max_H1_P44 -2.98144e-11
Max_H1_P45 3.05818e-11
Max_H1_P46 1.24408e-11
Max_H1_P47 0
Max_H1_P48 0
Max_H1_P49 0
Max_H1_P50 0
Max_H1_P51 0
Max_H1_P52 0
Max_H1_P53 0
Max_H1_P54 0
Max_H1_P55 0
Max_H1_P56 0
Max_H1_P57 0
Max_H1_P58 0
Max_H1_P59 0
Max_H1_P60 0
Max_H1_P61 -7.3328e-12
Max_H1_P62 0
Max_H1_P63 0
Max_H1_P64 -4.10654e-11
Max_H1_P65 8.71632e-11
Max_H1_P66 -4.39542e-11
Max_H1_P67 0
Max_H1_P68 0
Max_H1_P69 0
Max_H1_P70 0
Max_H1_P71 0
Max_H1_P72 0
Max_H1_P73 0
Max_H1_P74 0
Max_H1_P75 0
Max_H1_P76 -1.89735e-12
Max_H1_P77 5.27454e-12
Max_H1_P78 -2.24672e-11
Max_H1_P79 0
Max_H1_P80 0
Max_H1_P81 0
