
Branch and bound

  Entire solving process        :                           (Time    268.8)
  No feasible solution was found
  Best relaxation cost          :     62682.07 (Node     0) (Time    268.8)
  Lower bound after cuts        :     62682.07
  End lower bound               :     62682.07
  Deepest level reached         : 0
  Deepest real level reached    : 0
  Number of real nodes solved   : 1
  Stopping condition            : enough nodes explored

Problem identification

  Problem                       : <null>
  Machine                       : oslo1.gerad.lan

Solving process summary

  Linear relaxations            :        1
  Column generation iterations  :      122
  Shortest paths solved         :     3619
  Columns generated             :    42136

Instance characteristics

  Resources                     : 3
  Node types                    : no
  Arc types                     : no
  Strong resource windows       : no
  Weak resource windows         : no
  Resource windows (nodes)      : 3
  Resource values (arcs)        : 3
  Values on nodes               : no

  Rows                          : 1039
  Initial columns               : 2
  Tasks                         : 877
  Strong tasks                  : 873
  Weak tasks                    : 4
  Initial task constraints      : no
  Nodes                         : 1205
  Arc sets                      : 1
  Arcs                          : 35143
  Networks                      : 2
  Models                        : 1

Memory used per module (Megs)

  Parser (reused)               :      7.273
  Networks                      :     31.967
  Column generator              :     14.530
  Master problem                :     10.116
  -----------------
  Total                         :     56.613

Cpu time per module (seconds)

  Parser                        :        0.0
  Preprocessor                  :        0.0
  Lr solver manager             :        0.1
  Column generator              :       85.9
    (Shortest path)             :       74.5
  Master problem                :      182.8
  -------------------
  Total (without b&b)           :      268.8

Real elapsed time (seconds)

  Parser                        :        0.0
  Preprocessor                  :        0.0
  Lr solver manager             :        0.1
  Column generator              :       86.0
    (Shortest path)             :       75.0
  Master problem                :      182.7
  -------------------
  Total (without b&b)           :      268.8
