Cover_T0 52
Cover_T1 -52
Cover_T2 52
Cover_T3 -52
Cover_T4 52
Cover_T5 -52
Cover_T6 52
Cover_T7 -52
Cover_T8 52
Cover_T9 -52
Cover_T10 52
Cover_T11 -52
Cover_T12 52
Cover_T13 -52
Cover_T14 54
Cover_T15 -52
Cover_T16 54
Cover_T17 -50
Cover_T18 54
Cover_T19 -50
Cover_T20 56
Cover_T21 -50
Cover_T22 56
Cover_T23 -50
Cover_T24 62
Cover_T25 -40
Cover_T26 62
Cover_T27 -40
Cover_T28 62
Cover_T29 -40
Cover_T30 62
Cover_T31 -30
Cover_T32 60
Cover_T33 -30
Cover_T34 64
Cover_T35 -28
Cover_T36 60
Cover_T37 -18
Cover_T38 60
Cover_T39 12
Cover_T40 66
Cover_T41 -4
Cover_T42 50
Cover_T43 940
Cover_T44 992
Cover_T45 942
Cover_T46 966
Cover_T47 926
Cover_T48 998
Cover_T49 930
Cover_T50 1000
Cover_T51 946
Cover_T52 54
Cover_T53 4
Cover_T54 68
Cover_T55 20
Cover_T56 80
Cover_T57 -38
Cover_T58 22
Cover_T59 -44
Cover_T60 -6
Cover_T61 -40
Cover_T62 -36
Cover_T63 -12
Cover_T64 -32
Cover_T65 16
Cover_T66 52
Cover_T67 32
Cover_T68 36
Cover_T69 48
Cover_T70 20
Cover_T71 32
Cover_T72 4
Cover_T73 48
Cover_T74 -10
Cover_T75 -42
Cover_T76 -26
Cover_T77 -26
Cover_T78 -42
Cover_T79 -10
Cover_T80 26
Cover_T81 4
Cover_T82 10
Cover_T83 20
Cover_T84 -6
Cover_T85 36
Cover_T86 2
Cover_T87 52
Cover_T88 6
Cover_T89 -16
Cover_T90 -10
Cover_T91 -2.53249e-09
Cover_T92 -26
Cover_T93 16
Cover_T94 6
Cover_T95 8
Cover_T96 1.70233e-11
Cover_T97 8
Cover_T98 6
Cover_T99 28
Cover_T100 6
Cover_T101 0
Cover_T102 50
Cover_T103 8
Cover_T104 30
Cover_T105 2
Cover_T106 42
Cover_T107 2
Cover_T108 18
Cover_T109 -34
Cover_T110 8.29838e-10
Cover_T111 -38
Cover_T112 -28
Cover_T113 -10
Cover_T114 50
Cover_T115 8
Cover_T116 26
Cover_T117 28
Cover_T118 6
Cover_T119 48
Cover_T120 -14
Cover_T121 -38
Cover_T122 8
Cover_T123 -18
Cover_T124 8
Cover_T125 2
Cover_T126 8
Cover_T127 22
Cover_T128 8
Cover_T129 0
Cover_T130 8
Cover_T131 -1.93552e-11
Cover_T132 6
Cover_T133 4.17621e-12
Cover_T134 -14
Cover_T135 0
Cover_T136 -34
Cover_T137 0
Cover_T138 -36
Cover_T139 4
Cover_T140 8
Cover_T141 24
Cover_T142 18
Cover_T143 40
Cover_T144 6
Cover_T145 58
Cover_T146 6
Cover_T147 56
Cover_T148 0
Cover_T149 10
Cover_T150 4
Cover_T151 0
Cover_T152 6
Cover_T153 16
Cover_T154 0
Cover_T155 14
Cover_T156 0
Cover_T157 0
Cover_T158 20
Cover_T159 0
Cover_T160 2
Cover_T161 16
Cover_T162 0
Cover_T163 28
Cover_T164 24
Cover_T165 0
Cover_T166 8
Cover_T167 -1.92006e-07
Cover_T168 18
Cover_T169 18
Cover_T170 8
Cover_T171 0
Cover_T172 8
Cover_T173 10
Cover_T174 -8.61323e-08
Cover_T175 -1.94873e-10
Cover_T176 14
Cover_T177 10
Cover_T178 20
Cover_T179 8
Cover_T180 22
Cover_T181 12
Cover_T182 8
Cover_T183 32
Cover_T184 22
Cover_T185 2
Cover_T186 4
Cover_T187 4
Cover_T188 10
Cover_T189 4
Cover_T190 14
Cover_T191 16
Cover_T192 16
Cover_T193 6
Cover_T194 12
Cover_T195 20
Cover_T196 12
Cover_T197 14
Cover_T198 10
Cover_T199 6
Cover_T200 0
Cover_T201 0
Cover_T202 -22
Cover_T203 4
Cover_T204 -28
Cover_T205 30
Cover_T206 4
Cover_T207 48
Cover_T208 4
Cover_T209 62
Cover_T210 4
Cover_T211 54
Cover_T212 4
Cover_T213 70
Cover_T214 -12
Cover_T215 26
Cover_T216 -28
Cover_T217 26
Cover_T218 -4
Cover_T219 36
Cover_T220 -6
Cover_T221 36
Cover_T222 -8
Cover_T223 44
Cover_T224 -24
Cover_T225 78
Cover_T226 -18
Cover_T227 42
Cover_T228 -18
Cover_T229 38
Cover_T230 -20
Cover_T231 40
Cover_T232 -18
Cover_T233 68
Cover_T234 -32
Cover_T235 48
Cover_T236 -28
Cover_T237 50
Cover_T238 -42
Cover_T239 60
Cover_T240 -36
Cover_T241 60
Cover_T242 -42
Cover_T243 66
Cover_T244 -48
Cover_T245 52
Cover_T246 -52
Cover_T247 54
Cover_T248 -50
Cover_T249 54
Cover_T250 -50
Cover_T251 54
Cover_T252 -50
Cover_T253 58
Cover_T254 -44
Cover_T255 58
Cover_T256 -44
Cover_T257 58
Cover_T258 -44
Cover_T259 56
Cover_T260 -34
Cover_T261 56
Cover_T262 -34
Cover_T263 60
Cover_T264 -32
Cover_T265 56
Cover_T266 -22
Cover_T267 46
Cover_T268 8
Cover_T269 62
Cover_T270 -12
Cover_T271 44
Cover_T272 940
Cover_T273 978
Cover_T274 938
Cover_T275 932
Cover_T276 906
Cover_T277 1012
Cover_T278 948
Cover_T279 66
Cover_T280 4
Cover_T281 68
Cover_T282 20
Cover_T283 80
Cover_T284 -42
Cover_T285 42
Cover_T286 -40
Cover_T287 22
Cover_T288 -48
Cover_T289 9.23706e-10
Cover_T290 -40
Cover_T291 -20
Cover_T292 -20
Cover_T293 -40
Cover_T294 -9.95904e-10
Cover_T295 -28
Cover_T296 24
Cover_T297 50
Cover_T298 52
Cover_T299 22
Cover_T300 48
Cover_T301 -4
Cover_T302 -30
Cover_T303 -32
Cover_T304 -2
Cover_T305 30
Cover_T306 12
Cover_T307 14
Cover_T308 28
Cover_T309 -2
Cover_T310 44
Cover_T311 6
Cover_T312 -24
Cover_T313 10
Cover_T314 -8
Cover_T315 -6
Cover_T316 8
Cover_T317 -22
Cover_T318 0
Cover_T319 10
Cover_T320 -4
Cover_T321 6
Cover_T322 12
Cover_T323 16
Cover_T324 28
Cover_T325 0
Cover_T326 -4
Cover_T327 4
Cover_T328 0
Cover_T329 52
Cover_T330 -10
Cover_T331 36
Cover_T332 6
Cover_T333 52
Cover_T334 2
Cover_T335 34
Cover_T336 -42
Cover_T337 14
Cover_T338 -22
Cover_T339 0
Cover_T340 -34
Cover_T341 -16
Cover_T342 -14
Cover_T343 -36
Cover_T344 6.74163e-11
Cover_T345 50
Cover_T346 16
Cover_T347 26
Cover_T348 44
Cover_T349 -2
Cover_T350 -34
Cover_T351 12
Cover_T352 -6
Cover_T353 4
Cover_T354 22
Cover_T355 0
Cover_T356 -2.58232e-10
Cover_T357 -3.76659e-11
Cover_T358 0
Cover_T359 -4.42526e-11
Cover_T360 4.46718e-11
Cover_T361 -2
Cover_T362 -1.06278e-10
Cover_T363 -22
Cover_T364 1.14177e-10
Cover_T365 -42
Cover_T366 2
Cover_T367 -44
Cover_T368 24
Cover_T369 0
Cover_T370 42
Cover_T371 6
Cover_T372 50
Cover_T373 4
Cover_T374 4
Cover_T375 16
Cover_T376 2
Cover_T377 10
Cover_T378 2
Cover_T379 2
Cover_T380 8
Cover_T381 2
Cover_T382 10
Cover_T383 22
Cover_T384 6
Cover_T385 4
Cover_T386 12
Cover_T387 0
Cover_T388 28
Cover_T389 28
Cover_T390 -8
Cover_T391 8
Cover_T392 10
Cover_T393 22
Cover_T394 16
Cover_T395 0
Cover_T396 0
Cover_T397 0
Cover_T398 20
Cover_T399 10
Cover_T400 2
Cover_T401 26
Cover_T402 12
Cover_T403 10
Cover_T404 16
Cover_T405 16
Cover_T406 20
Cover_T407 6
Cover_T408 0
Cover_T409 8
Cover_T410 1.01949e-08
Cover_T411 0
Cover_T412 2
Cover_T413 2
Cover_T414 0
Cover_T415 -4
Cover_T416 12
Cover_T417 8
Cover_T418 10
Cover_T419 4
Cover_T420 6
Cover_T421 2
Cover_T422 1.04427e-08
Cover_T423 4
Cover_T424 8
Cover_T425 6
Cover_T426 9.96663e-09
Cover_T427 -6
Cover_T428 6
Cover_T429 -24
Cover_T430 4
Cover_T431 -40
Cover_T432 2
Cover_T433 -20
Cover_T434 14
Cover_T435 -36
Cover_T436 32
Cover_T437 4
Cover_T438 60
Cover_T439 -9.6933e-09
Cover_T440 48
Cover_T441 -4
Cover_T442 6
Cover_T443 -16
Cover_T444 22
Cover_T445 -40
Cover_T446 34
Cover_T447 -6
Cover_T448 32
Cover_T449 -10
Cover_T450 48
Cover_T451 -12
Cover_T452 56
Cover_T453 -28
Cover_T454 66
Cover_T455 -40
Cover_T456 38
Cover_T457 -18
Cover_T458 42
Cover_T459 -22
Cover_T460 36
Cover_T461 -18
Cover_T462 52
Cover_T463 -26
Cover_T464 64
Cover_T465 -30
Cover_T466 44
Cover_T467 -36
Cover_T468 48
Cover_T469 -34
Cover_T470 46
Cover_T471 -44
Cover_T472 52
Cover_T473 -38
Cover_T474 58
Cover_T475 -38
Cover_T476 64
Cover_T477 -36
Cover_T478 66
Cover_T479 -42
Cover_T480 60
Cover_T481 -42
Cover_T482 60
Cover_T483 64
Cover_T484 -28
Cover_T485 64
Cover_T486 -28
Cover_T487 66
Cover_T488 -32
Cover_T489 44
Cover_T490 -22
Cover_T491 56
Cover_T492 8
Cover_T493 72
Cover_T494 -8
Cover_T495 46
Cover_T496 940
Cover_T497 990
Cover_T498 934
Cover_T499 972
Cover_T500 934
Cover_T501 972
Cover_T502 922
Cover_T503 1026
Cover_T504 942
Cover_T505 980
Cover_T506 924
Cover_T507 998
Cover_T508 936
Cover_T509 1014
Cover_T510 948
Cover_T511 62
Cover_T512 0
Cover_T513 60
Cover_T514 12
Cover_T515 60
Cover_T516 24
Cover_T517 60
Cover_T518 -40
Cover_T519 8
Cover_T520 -38
Cover_T521 -14
Cover_T522 -46
Cover_T523 -32
Cover_T524 -38
Cover_T525 -22
Cover_T526 -18
Cover_T527 -42
Cover_T528 2
Cover_T529 44
Cover_T530 20
Cover_T531 28
Cover_T532 36
Cover_T533 12
Cover_T534 52
Cover_T535 -2
Cover_T536 36
Cover_T537 -18
Cover_T538 52
Cover_T539 -34
Cover_T540 -38
Cover_T541 -50
Cover_T542 -22
Cover_T543 18
Cover_T544 -6
Cover_T545 0
Cover_T546 12
Cover_T547 4
Cover_T548 32
Cover_T549 4
Cover_T550 52
Cover_T551 -16
Cover_T552 -12
Cover_T553 12
Cover_T554 8
Cover_T555 4
Cover_T556 4
Cover_T557 12
Cover_T558 0
Cover_T559 -4
Cover_T560 16
Cover_T561 0
Cover_T562 32
Cover_T563 48
Cover_T564 -8.74203e-11
Cover_T565 32
Cover_T566 4
Cover_T567 48
Cover_T568 -6
Cover_T569 32
Cover_T570 10
Cover_T571 16
Cover_T572 6
Cover_T573 6
Cover_T574 -42
Cover_T575 -6
Cover_T576 -26
Cover_T577 -22
Cover_T578 -42
Cover_T579 -38
Cover_T580 -26
Cover_T581 52
Cover_T582 -10
Cover_T583 36
Cover_T584 2.47553e-11
Cover_T585 20
Cover_T586 12
Cover_T587 2
Cover_T588 32
Cover_T589 -18
Cover_T590 52
Cover_T591 4
Cover_T592 -34
Cover_T593 4
Cover_T594 -14
Cover_T595 4
Cover_T596 6
Cover_T597 4
Cover_T598 26
Cover_T599 4
Cover_T600 4
Cover_T601 2
Cover_T602 4
Cover_T603 -18
Cover_T604 4
Cover_T605 -38
Cover_T606 6
Cover_T607 -40
Cover_T608 6
Cover_T609 4
Cover_T610 10
Cover_T611 12
Cover_T612 28
Cover_T613 0
Cover_T614 44
Cover_T615 0
Cover_T616 44
Cover_T617 14
Cover_T618 60
Cover_T619 18
Cover_T620 16
Cover_T621 2
Cover_T622 6
Cover_T623 0
Cover_T624 18
Cover_T625 32
Cover_T626 18
Cover_T627 16
Cover_T628 4
Cover_T629 0
Cover_T630 2
Cover_T631 32
Cover_T632 14
Cover_T633 20
Cover_T634 16
Cover_T635 28
Cover_T636 -1.63775e-08
Cover_T637 18
Cover_T638 16
Cover_T639 22
Cover_T640 26
Cover_T641 0
Cover_T642 -1.41169e-08
Cover_T643 -8.82462e-08
Cover_T644 14
Cover_T645 30
Cover_T646 0
Cover_T647 24
Cover_T648 14
Cover_T649 16
Cover_T650 14
Cover_T651 0
Cover_T652 16
Cover_T653 16
Cover_T654 0
Cover_T655 2
Cover_T656 0
Cover_T657 0
Cover_T658 0
Cover_T659 8
Cover_T660 6
Cover_T661 16
Cover_T662 18
Cover_T663 8
Cover_T664 8
Cover_T665 14
Cover_T666 20
Cover_T667 -1.27437e-08
Cover_T668 16
Cover_T669 6
Cover_T670 8
Cover_T671 2
Cover_T672 -2
Cover_T673 -14
Cover_T674 2
Cover_T675 -34
Cover_T676 4
Cover_T677 -20
Cover_T678 10
Cover_T679 -40
Cover_T680 12
Cover_T681 4.40878e-08
Cover_T682 28
Cover_T683 -2
Cover_T684 52
Cover_T685 -2
Cover_T686 34
Cover_T687 -2
Cover_T688 50
Cover_T689 -18
Cover_T690 66
Cover_T691 -34
Cover_T692 34
Cover_T693 2
Cover_T694 32
Cover_T695 -10
Cover_T696 34
Cover_T697 -12
Cover_T698 44
Cover_T699 -8
Cover_T700 82
Cover_T701 -22
Cover_T702 46
Cover_T703 -18
Cover_T704 64
Cover_T705 -26
Cover_T706 54
Cover_T707 -26
Cover_T708 54
Cover_T709 -26
Cover_T710 54
Cover_T711 -38
Cover_T712 60
Cover_T713 -38
Cover_T714 64
Cover_T715 -36
Cover_T716 64
Cover_T717 -44
Cover_T718 58
Cover_T719 -44
Cover_T720 58
Cover_T721 20
Cover_T722 2
Cover_T723 4
Cover_T724 14
Cover_T725 38
Cover_T726 14
Cover_T727 16
Cover_T728 16
Cover_T729 0
Cover_T730 10
Cover_T731 0
Cover_T732 56
Cover_T733 0
Cover_T734 4
Cover_T735 982
Cover_T736 968
Cover_T737 964
Cover_T738 982
Cover_T739 970
Cover_T740 966
Cover_T741 924
Cover_T742 982
Cover_T743 1008
Cover_T744 0
Cover_T745 60
Cover_T746 16
Cover_T747 62
Cover_T748 0
Cover_T749 62
Cover_T750 16
Cover_T751 18
Cover_T752 -16
Cover_T753 34
Cover_T754 58
Cover_T755 -6
Cover_T756 60
Cover_T757 -8
Cover_T758 6
Cover_T759 0
Cover_T760 36
Cover_T761 0
Cover_T762 58
Cover_T763 44
Cover_T764 56
Cover_T765 24
Cover_T766 76
Cover_T767 46
Cover_T768 44
Cover_T769 42
Cover_T770 44
Cover_T771 22
Cover_T772 0
Cover_T773 2
Cover_T774 22
Cover_T775 76
Cover_T776 0
Cover_T777 40
Cover_T778 0
Cover_T779 30
Cover_T780 20
Cover_T781 28
Cover_T782 50
Cover_T783 0
Cover_T784 -18
Cover_T785 60
Cover_T786 0
Cover_T787 62
Cover_T788 12
Cover_T789 62
Cover_T790 40
Cover_T791 48
Count_D0 -984
Count_D1 -1000
Max_H0_P0 0
Max_H0_P1 0
Max_H0_P2 0
Max_H0_P3 0
Max_H0_P4 0
Max_H0_P5 0
Max_H0_P6 2.94092e-10
Max_H0_P7 0
Max_H0_P8 0
Max_H0_P9 0
Max_H0_P10 0
Max_H0_P11 0
Max_H0_P12 0
Max_H0_P13 0
Max_H0_P14 0
Max_H0_P15 -6.28864e-11
Max_H0_P16 4.39246e-11
Max_H0_P17 6.39084e-11
Max_H0_P18 1.8404e-11
Max_H0_P19 -1.17e-11
Max_H0_P20 -8.7585e-11
Max_H0_P21 -2.17837e-11
Max_H0_P22 -4.61971e-12
Max_H0_P23 1.83452e-12
Max_H0_P24 -4.87171e-11
Max_H0_P25 1.0181e-11
Max_H0_P26 -4.28599e-11
Max_H0_P27 2.85022e-11
Max_H0_P28 -2.55239e-11
Max_H0_P29 5.51692e-11
Max_H0_P30 1.83452e-12
Max_H0_P31 6.6418e-12
Max_H0_P32 7.49623e-12
Max_H0_P33 1.09192e-11
Max_H0_P34 -5.94509e-11
Max_H0_P35 5.40155e-11
Max_H0_P36 -4.10374e-11
Max_H0_P37 2.6779e-12
Max_H0_P38 -1.19371e-12
Max_H0_P39 0
Max_H0_P40 3.52369e-12
Max_H0_P41 -5.60129e-13
Max_H0_P42 -5.60063e-11
Max_H0_P43 0
Max_H0_P44 0
Max_H0_P45 0
Max_H0_P46 0
Max_H0_P47 0
Max_H0_P48 0
Max_H0_P49 0
Max_H0_P50 0
Max_H0_P51 0
Max_H0_P52 0
Max_H0_P53 0
Max_H0_P54 0
Max_H0_P55 0
Max_H0_P56 0
Max_H0_P57 0
Max_H0_P58 0
Max_H0_P59 0
Max_H0_P60 -1.83452e-12
Max_H0_P61 0
Max_H0_P62 0
Max_H0_P63 0
Max_H0_P64 0
Max_H0_P65 0
Max_H0_P66 0
Max_H0_P67 0
Max_H0_P68 0
Max_H0_P69 -0
Max_H0_P70 0
Max_H0_P71 0
Max_H0_P72 0
Max_H0_P73 0
Max_H0_P74 0
Max_H0_P75 0
Max_H0_P76 0
Max_H0_P77 -1.57385e-11
Max_H0_P78 1.57385e-11
Max_H0_P79 0
Max_H0_P80 0
Max_H0_P81 0
Max_H1_P0 0
Max_H1_P1 0
Max_H1_P2 0
Max_H1_P3 0
Max_H1_P4 0
Max_H1_P5 -1.96927e-11
Max_H1_P6 2.94092e-10
Max_H1_P7 0
Max_H1_P8 0
Max_H1_P9 0
Max_H1_P10 0
Max_H1_P11 0
Max_H1_P12 0
Max_H1_P13 0
Max_H1_P14 0
Max_H1_P15 -6.28546e-11
Max_H1_P16 8.23124e-11
Max_H1_P17 -3.55641e-11
Max_H1_P18 -5.76108e-11
Max_H1_P19 -3.43334e-11
Max_H1_P20 -3.33458e-11
Max_H1_P21 -4.07105e-12
Max_H1_P22 -5.59247e-12
Max_H1_P23 -1.19855e-11
Max_H1_P24 -4.3646e-11
Max_H1_P25 -4.39013e-11
Max_H1_P26 7.08162e-11
Max_H1_P27 -3.24363e-12
Max_H1_P28 -3.16618e-11
Max_H1_P29 6.05844e-11
Max_H1_P30 0
Max_H1_P31 8.8531e-12
Max_H1_P32 -4.10355e-11
Max_H1_P33 -1.85247e-11
Max_H1_P34 0
Max_H1_P35 -2.21592e-11
Max_H1_P36 -3.72808e-11
Max_H1_P37 -2.99871e-11
Max_H1_P38 -3.76588e-13
Max_H1_P39 4.08993e-11
Max_H1_P40 -4.2307e-11
Max_H1_P41 4.05227e-11
Max_H1_P42 -6.09143e-11
Max_H1_P43 0
Max_H1_P44 0
Max_H1_P45 0
Max_H1_P46 0
Max_H1_P47 0
Max_H1_P48 0
Max_H1_P49 0
Max_H1_P50 0
Max_H1_P51 0
Max_H1_P52 0
Max_H1_P53 0
Max_H1_P54 0
Max_H1_P55 0
Max_H1_P56 0
Max_H1_P57 0
Max_H1_P58 0
Max_H1_P59 0
Max_H1_P60 -1.77949e-11
Max_H1_P61 1.10916e-11
Max_H1_P62 0
Max_H1_P63 0
Max_H1_P64 0
Max_H1_P65 0
Max_H1_P66 0
Max_H1_P67 0
Max_H1_P68 0
Max_H1_P69 0
Max_H1_P70 0
Max_H1_P71 0
Max_H1_P72 0
Max_H1_P73 0
Max_H1_P74 0
Max_H1_P75 0
Max_H1_P76 0
Max_H1_P77 -3.24267e-12
Max_H1_P78 0
Max_H1_P79 8.18545e-12
Max_H1_P80 -7.02105e-12
Max_H1_P81 0
