
Branch and bound

  Entire solving process        :                           (Time    210.0)
  No feasible solution was found
  Best relaxation cost          :     71105.68 (Node     0) (Time    210.0)
  Lower bound after cuts        :     71105.68
  End lower bound               :     71105.68
  Deepest level reached         : 0
  Deepest real level reached    : 0
  Number of real nodes solved   : 1
  Stopping condition            : enough nodes explored

Problem identification

  Problem                       : <null>
  Machine                       : oslo4.gerad.lan

Solving process summary

  Linear relaxations            :        1
  Column generation iterations  :      119
  Shortest paths solved         :     4072
  Columns generated             :    47937

Instance characteristics

  Resources                     : 3
  Node types                    : no
  Arc types                     : no
  Strong resource windows       : no
  Weak resource windows         : no
  Resource windows (nodes)      : 3
  Resource values (arcs)        : 3
  Values on nodes               : no

  Rows                          : 1153
  Initial columns               : 2
  Tasks                         : 991
  Strong tasks                  : 987
  Weak tasks                    : 4
  Initial task constraints      : no
  Nodes                         : 1319
  Arc sets                      : 1
  Arcs                          : 43381
  Networks                      : 2
  Models                        : 1

Memory used per module (Megs)

  Parser (reused)               :      8.968
  Networks                      :     35.599
  Column generator              :     13.683
  Master problem                :     10.971
  -----------------
  Total                         :     60.253

Cpu time per module (seconds)

  Parser                        :        0.0
  Preprocessor                  :        0.0
  Lr solver manager             :        0.1
  Column generator              :       79.6
    (Shortest path)             :       70.5
  Master problem                :      130.3
  -------------------
  Total (without b&b)           :      210.0

Real elapsed time (seconds)

  Parser                        :        0.0
  Preprocessor                  :        0.0
  Lr solver manager             :        0.1
  Column generator              :       79.5
    (Shortest path)             :       70.1
  Master problem                :      130.3
  -------------------
  Total (without b&b)           :      210.0
