
Branch and bound

  Entire solving process        :                           (Time     77.9)
  No feasible solution was found
  Best relaxation cost          :     52589.24 (Node     0) (Time     77.8)
  Lower bound after cuts        :     52589.24
  End lower bound               :     52589.24
  Deepest level reached         : 0
  Deepest real level reached    : 0
  Number of real nodes solved   : 1
  Stopping condition            : enough nodes explored

Problem identification

  Problem                       : <null>
  Machine                       : oslo3.gerad.lan

Solving process summary

  Linear relaxations            :        1
  Column generation iterations  :      109
  Shortest paths solved         :     6556
  Columns generated             :    45031

Instance characteristics

  Resources                     : 3
  Node types                    : no
  Arc types                     : no
  Strong resource windows       : no
  Weak resource windows         : no
  Resource windows (nodes)      : 3
  Resource values (arcs)        : 3
  Values on nodes               : no

  Rows                          : 861
  Initial columns               : 364
  Tasks                         : 699
  Strong tasks                  : 482
  Weak tasks                    : 4
  Initial task constraints      : no
  Nodes                         : 1027
  Arc sets                      : 1
  Arcs                          : 23582
  Networks                      : 2
  Models                        : 1

Memory used per module (Megs)

  Parser (reused)               :      5.093
  Networks                      :     26.760
  Column generator              :      5.328
  Master problem                :      8.521
  -----------------
  Total                         :     40.609

Cpu time per module (seconds)

  Parser                        :        0.0
  Preprocessor                  :        0.0
  Lr solver manager             :        0.1
  Column generator              :       27.3
    (Shortest path)             :       23.5
  Master problem                :       50.4
  -------------------
  Total (without b&b)           :       77.8

Real elapsed time (seconds)

  Parser                        :        0.0
  Preprocessor                  :        0.0
  Lr solver manager             :        0.1
  Column generator              :       27.4
    (Shortest path)             :       23.3
  Master problem                :       50.4
  -------------------
  Total (without b&b)           :       77.8
