
Branch and bound

  Entire solving process        :                           (Time    130.3)
  No feasible solution was found
  Best relaxation cost          :     41589.78 (Node     0) (Time    130.2)
  Lower bound after cuts        :     41589.78
  End lower bound               :     41589.78
  Deepest level reached         : 0
  Deepest real level reached    : 0
  Number of real nodes solved   : 1
  Stopping condition            : enough nodes explored

Problem identification

  Problem                       : <null>
  Machine                       : oslo2.gerad.lan

Solving process summary

  Linear relaxations            :        1
  Column generation iterations  :      157
  Shortest paths solved         :     3733
  Columns generated             :    43305

Instance characteristics

  Resources                     : 3
  Node types                    : no
  Arc types                     : no
  Strong resource windows       : no
  Weak resource windows         : no
  Resource windows (nodes)      : 3
  Resource values (arcs)        : 3
  Values on nodes               : no

  Rows                          : 906
  Initial columns               : 2
  Tasks                         : 744
  Strong tasks                  : 740
  Weak tasks                    : 4
  Initial task constraints      : no
  Nodes                         : 1072
  Arc sets                      : 1
  Arcs                          : 25805
  Networks                      : 2
  Models                        : 1

Memory used per module (Megs)

  Parser (reused)               :      5.456
  Networks                      :     27.244
  Column generator              :      8.960
  Master problem                :      9.458
  -----------------
  Total                         :     45.663

Cpu time per module (seconds)

  Parser                        :        0.0
  Preprocessor                  :        0.0
  Lr solver manager             :        0.1
  Column generator              :       30.0
    (Shortest path)             :       26.5
  Master problem                :      100.1
  -------------------
  Total (without b&b)           :      130.2

Real elapsed time (seconds)

  Parser                        :        0.0
  Preprocessor                  :        0.0
  Lr solver manager             :        0.1
  Column generator              :       30.0
    (Shortest path)             :       26.4
  Master problem                :      100.2
  -------------------
  Total (without b&b)           :      130.4
