Cover_T0 52
Cover_T1 -52
Cover_T2 52
Cover_T3 -52
Cover_T4 52
Cover_T5 -52
Cover_T6 52
Cover_T7 -52
Cover_T8 52
Cover_T9 -52
Cover_T10 52
Cover_T11 -52
Cover_T12 52
Cover_T13 -52
Cover_T14 52
Cover_T15 -52
Cover_T16 52
Cover_T17 -52
Cover_T18 52
Cover_T19 -52
Cover_T20 52
Cover_T21 -52
Cover_T22 52
Cover_T23 -52
Cover_T24 52
Cover_T25 -46
Cover_T26 52
Cover_T27 -46
Cover_T28 54
Cover_T29 -46
Cover_T30 52
Cover_T31 -46
Cover_T32 54
Cover_T33 -46
Cover_T34 54
Cover_T35 -46
Cover_T36 54
Cover_T37 -46
Cover_T38 54
Cover_T39 -44
Cover_T40 54
Cover_T41 -44
Cover_T42 58
Cover_T43 -44
Cover_T44 54
Cover_T45 -44
Cover_T46 58
Cover_T47 -40
Cover_T48 54
Cover_T49 -40
Cover_T50 52
Cover_T51 -34
Cover_T52 54
Cover_T53 -42
Cover_T54 56
Cover_T55 -38
Cover_T56 64
Cover_T57 -30
Cover_T58 56
Cover_T59 -38
Cover_T60 56
Cover_T61 4
Cover_T62 52
Cover_T63 946
Cover_T64 52
Cover_T65 938
Cover_T66 52
Cover_T67 946
Cover_T68 1040
Cover_T69 942
Cover_T70 1028
Cover_T71 948
Cover_T72 1038
Cover_T73 940
Cover_T74 1036
Cover_T75 948
Cover_T76 1036
Cover_T77 948
Cover_T78 998
Cover_T79 948
Cover_T80 60
Cover_T81 948
Cover_T82 66
Cover_T83 948
Cover_T84 46
Cover_T85 -42
Cover_T86 32
Cover_T87 -40
Cover_T88 16
Cover_T89 -42
Cover_T90 6
Cover_T91 -42
Cover_T92 0
Cover_T93 -48
Cover_T94 12
Cover_T95 -36
Cover_T96 2
Cover_T97 -24
Cover_T98 2
Cover_T99 -12
Cover_T100 6
Cover_T101 -1.79483e-10
Cover_T102 -7.52512e-10
Cover_T103 4
Cover_T104 4.58416e-10
Cover_T105 -2
Cover_T106 8
Cover_T107 2.1398e-10
Cover_T108 2
Cover_T109 -2.29363e-10
Cover_T110 1.76236e-10
Cover_T111 10
Cover_T112 18
Cover_T113 12
Cover_T114 2
Cover_T115 4
Cover_T116 -14
Cover_T117 10
Cover_T118 1.22697e-11
Cover_T119 10
Cover_T120 -1.16169e-11
Cover_T121 -12
Cover_T122 6
Cover_T123 0
Cover_T124 -7.31859e-12
Cover_T125 10
Cover_T126 1.64404e-11
Cover_T127 24
Cover_T128 6
Cover_T129 6
Cover_T130 50
Cover_T131 6
Cover_T132 38
Cover_T133 0
Cover_T134 50
Cover_T135 6
Cover_T136 38
Cover_T137 6
Cover_T138 50
Cover_T139 2
Cover_T140 32
Cover_T141 -38
Cover_T142 16
Cover_T143 -46
Cover_T144 48
Cover_T145 -30
Cover_T146 32
Cover_T147 -38
Cover_T148 52
Cover_T149 -22
Cover_T150 36
Cover_T151 -6
Cover_T152 20
Cover_T153 -38
Cover_T154 2
Cover_T155 -18
Cover_T156 8
Cover_T157 -34
Cover_T158 6
Cover_T159 -14
Cover_T160 0
Cover_T161 6
Cover_T162 8
Cover_T163 0
Cover_T164 42
Cover_T165 2
Cover_T166 26
Cover_T167 -1.50976e-10
Cover_T168 14
Cover_T169 12
Cover_T170 2
Cover_T171 -4
Cover_T172 -4
Cover_T173 -46
Cover_T174 4
Cover_T175 -34
Cover_T176 4
Cover_T177 -22
Cover_T178 8.84994e-11
Cover_T179 -10
Cover_T180 -1.31291e-10
Cover_T181 2
Cover_T182 4
Cover_T183 8
Cover_T184 2
Cover_T185 0
Cover_T186 2
Cover_T187 -2.75676e-10
Cover_T188 -2.62256e-10
Cover_T189 0
Cover_T190 -20
Cover_T191 2
Cover_T192 -40
Cover_T193 6
Cover_T194 -36
Cover_T195 8
Cover_T196 -44
Cover_T197 28
Cover_T198 -44
Cover_T199 40
Cover_T200 2
Cover_T201 52
Cover_T202 0
Cover_T203 42
Cover_T204 10
Cover_T205 54
Cover_T206 2
Cover_T207 54
Cover_T208 -4
Cover_T209 50
Cover_T210 2
Cover_T211 4
Cover_T212 14
Cover_T213 10
Cover_T214 1.44998e-09
Cover_T215 0
Cover_T216 46
Cover_T217 8
Cover_T218 34
Cover_T219 14
Cover_T220 22
Cover_T221 10
Cover_T222 10
Cover_T223 0
Cover_T224 -4
Cover_T225 14
Cover_T226 -16
Cover_T227 -24
Cover_T228 -28
Cover_T229 10
Cover_T230 2
Cover_T231 10
Cover_T232 -3.32477e-10
Cover_T233 18
Cover_T234 -14
Cover_T235 34
Cover_T236 -28
Cover_T237 70
Cover_T238 36
Cover_T239 72
Cover_T240 44
Cover_T241 88
Cover_T242 10
Cover_T243 46
Cover_T244 20
Cover_T245 56
Cover_T246 12
Cover_T247 58
Cover_T248 12
Cover_T249 80
Cover_T250 26
Cover_T251 82
Cover_T252 34
Cover_T253 90
Cover_T254 0
Cover_T255 24
Cover_T256 12
Cover_T257 16
Cover_T258 4
Cover_T259 28
Cover_T260 12
Cover_T261 30
Cover_T262 -6
Cover_T263 38
Cover_T264 0
Cover_T265 44
Cover_T266 -12
Cover_T267 24
Cover_T268 -8
Cover_T269 20
Cover_T270 -8
Cover_T271 26
Cover_T272 -18
Cover_T273 30
Cover_T274 -34
Cover_T275 22
Cover_T276 -18
Cover_T277 32
Cover_T278 -18
Cover_T279 32
Cover_T280 -18
Cover_T281 32
Cover_T282 -18
Cover_T283 50
Cover_T284 -20
Cover_T285 32
Cover_T286 -36
Cover_T287 24
Cover_T288 -20
Cover_T289 32
Cover_T290 -22
Cover_T291 30
Cover_T292 -24
Cover_T293 32
Cover_T294 -42
Cover_T295 50
Cover_T296 -22
Cover_T297 34
Cover_T298 -22
Cover_T299 36
Cover_T300 -22
Cover_T301 38
Cover_T302 -22
Cover_T303 54
Cover_T304 -38
Cover_T305 26
Cover_T306 -40
Cover_T307 36
Cover_T308 -22
Cover_T309 38
Cover_T310 -36
Cover_T311 36
Cover_T312 -24
Cover_T313 56
Cover_T314 -24
Cover_T315 58
Cover_T316 -32
Cover_T317 38
Cover_T318 -26
Cover_T319 58
Cover_T320 -26
Cover_T321 50
Cover_T322 -26
Cover_T323 44
Cover_T324 -28
Cover_T325 64
Cover_T326 -28
Cover_T327 56
Cover_T328 -30
Cover_T329 62
Cover_T330 -30
Cover_T331 62
Cover_T332 -36
Cover_T333 62
Cover_T334 -36
Cover_T335 62
Cover_T336 -42
Cover_T337 62
Cover_T338 -42
Cover_T339 60
Cover_T340 -46
Cover_T341 60
Cover_T342 -46
Cover_T343 52
Cover_T344 -52
Cover_T345 52
Cover_T346 -52
Cover_T347 54
Cover_T348 -52
Cover_T349 54
Cover_T350 -46
Cover_T351 54
Cover_T352 -46
Cover_T353 54
Cover_T354 -46
Cover_T355 54
Cover_T356 -46
Cover_T357 54
Cover_T358 -44
Cover_T359 54
Cover_T360 -44
Cover_T361 52
Cover_T362 -40
Cover_T363 52
Cover_T364 -38
Cover_T365 52
Cover_T366 -34
Cover_T367 52
Cover_T368 -42
Cover_T369 60
Cover_T370 -34
Cover_T371 48
Cover_T372 -42
Cover_T373 48
Cover_T374 0
Cover_T375 48
Cover_T376 942
Cover_T377 42
Cover_T378 934
Cover_T379 38
Cover_T380 946
Cover_T381 1040
Cover_T382 940
Cover_T383 1034
Cover_T384 944
Cover_T385 1034
Cover_T386 948
Cover_T387 998
Cover_T388 948
Cover_T389 60
Cover_T390 946
Cover_T391 60
Cover_T392 948
Cover_T393 58
Cover_T394 -42
Cover_T395 44
Cover_T396 -40
Cover_T397 28
Cover_T398 -42
Cover_T399 18
Cover_T400 -42
Cover_T401 4
Cover_T402 -48
Cover_T403 2
Cover_T404 -36
Cover_T405 12
Cover_T406 -24
Cover_T407 2
Cover_T408 -12
Cover_T409 2
Cover_T410 -2.06491e-10
Cover_T411 6
Cover_T412 4
Cover_T413 0
Cover_T414 -6
Cover_T415 2
Cover_T416 4
Cover_T417 -10
Cover_T418 4
Cover_T419 2
Cover_T420 0
Cover_T421 0
Cover_T422 6
Cover_T423 2
Cover_T424 4
Cover_T425 22
Cover_T426 16
Cover_T427 12
Cover_T428 4
Cover_T429 0
Cover_T430 6
Cover_T431 -12
Cover_T432 4
Cover_T433 4
Cover_T434 -14
Cover_T435 0
Cover_T436 2
Cover_T437 2
Cover_T438 18
Cover_T439 4
Cover_T440 4
Cover_T441 6
Cover_T442 8
Cover_T443 46
Cover_T444 6
Cover_T445 54
Cover_T446 4
Cover_T447 38
Cover_T448 0
Cover_T449 48
Cover_T450 -44
Cover_T451 36
Cover_T452 -32
Cover_T453 24
Cover_T454 -44
Cover_T455 12
Cover_T456 -32
Cover_T457 48
Cover_T458 -44
Cover_T459 36
Cover_T460 -32
Cover_T461 24
Cover_T462 -20
Cover_T463 48
Cover_T464 -8
Cover_T465 36
Cover_T466 -44
Cover_T467 24
Cover_T468 -30
Cover_T469 8
Cover_T470 -50
Cover_T471 8
Cover_T472 -34
Cover_T473 2
Cover_T474 -18
Cover_T475 4
Cover_T476 -2
Cover_T477 2
Cover_T478 -2
Cover_T479 14
Cover_T480 4
Cover_T481 52
Cover_T482 2
Cover_T483 34
Cover_T484 8
Cover_T485 14
Cover_T486 1.94589e-10
Cover_T487 2.72955e-10
Cover_T488 -34
Cover_T489 2.36987e-10
Cover_T490 -14
Cover_T491 0
Cover_T492 0
Cover_T493 1.66811e-10
Cover_T494 -1.93774e-11
Cover_T495 2
Cover_T496 0
Cover_T497 6
Cover_T498 4
Cover_T499 -6
Cover_T500 4
Cover_T501 -2.85653e-10
Cover_T502 1.07717e-10
Cover_T503 -12
Cover_T504 2
Cover_T505 -24
Cover_T506 -2
Cover_T507 -36
Cover_T508 10
Cover_T509 -48
Cover_T510 4
Cover_T511 -36
Cover_T512 16
Cover_T513 -48
Cover_T514 28
Cover_T515 -52
Cover_T516 48
Cover_T517 2
Cover_T518 44
Cover_T519 0
Cover_T520 54
Cover_T521 -2
Cover_T522 0
Cover_T523 2
Cover_T524 -6.66068e-10
Cover_T525 4
Cover_T526 8
Cover_T527 46
Cover_T528 14
Cover_T529 34
Cover_T530 8
Cover_T531 22
Cover_T532 -2
Cover_T533 8
Cover_T534 12
Cover_T535 -4
Cover_T536 -30
Cover_T537 -16
Cover_T538 -12
Cover_T539 -28
Cover_T540 22
Cover_T541 0
Cover_T542 22
Cover_T543 -2
Cover_T544 30
Cover_T545 -16
Cover_T546 46
Cover_T547 -34
Cover_T548 84
Cover_T549 22
Cover_T550 46
Cover_T551 24
Cover_T552 68
Cover_T553 8
Cover_T554 94
Cover_T555 8
Cover_T556 24
Cover_T557 8
Cover_T558 30
Cover_T559 3.90362e-10
Cover_T560 46
Cover_T561 -8
Cover_T562 20
Cover_T563 -16
Cover_T564 20
Cover_T565 -12
Cover_T566 24
Cover_T567 -16
Cover_T568 24
Cover_T569 -16
Cover_T570 22
Cover_T571 -26
Cover_T572 24
Cover_T573 -40
Cover_T574 30
Cover_T575 -18
Cover_T576 26
Cover_T577 -18
Cover_T578 22
Cover_T579 -18
Cover_T580 36
Cover_T581 -22
Cover_T582 50
Cover_T583 -22
Cover_T584 32
Cover_T585 -24
Cover_T586 22
Cover_T587 -40
Cover_T588 32
Cover_T589 -24
Cover_T590 30
Cover_T591 -26
Cover_T592 32
Cover_T593 -30
Cover_T594 48
Cover_T595 -46
Cover_T596 32
Cover_T597 -22
Cover_T598 28
Cover_T599 -22
Cover_T600 36
Cover_T601 -22
Cover_T602 30
Cover_T603 -30
Cover_T604 38
Cover_T605 -22
Cover_T606 44
Cover_T607 -30
Cover_T608 56
Cover_T609 -22
Cover_T610 28
Cover_T611 -30
Cover_T612 28
Cover_T613 -38
Cover_T614 28
Cover_T615 -46
Cover_T616 36
Cover_T617 -40
Cover_T618 26
Cover_T619 -48
Cover_T620 36
Cover_T621 -24
Cover_T622 28
Cover_T623 -32
Cover_T624 38
Cover_T625 -36
Cover_T626 46
Cover_T627 -44
Cover_T628 54
Cover_T629 -24
Cover_T630 46
Cover_T631 -32
Cover_T632 56
Cover_T633 -24
Cover_T634 32
Cover_T635 -26
Cover_T636 36
Cover_T637 -34
Cover_T638 44
Cover_T639 -42
Cover_T640 56
Cover_T641 -26
Cover_T642 30
Cover_T643 -34
Cover_T644 46
Cover_T645 -26
Cover_T646 44
Cover_T647 -36
Cover_T648 38
Cover_T649 -26
Cover_T650 52
Cover_T651 -36
Cover_T652 60
Cover_T653 -32
Cover_T654 48
Cover_T655 -36
Cover_T656 52
Cover_T657 -34
Cover_T658 58
Cover_T659 -34
Cover_T660 58
Cover_T661 -38
Cover_T662 62
Cover_T663 -38
Cover_T664 62
Cover_T665 -42
Cover_T666 62
Cover_T667 -42
Cover_T668 60
Cover_T669 -46
Cover_T670 60
Cover_T671 -46
Cover_T672 54
Cover_T673 -46
Cover_T674 54
Cover_T675 -46
Cover_T676 54
Cover_T677 -44
Cover_T678 54
Cover_T679 -44
Cover_T680 54
Cover_T681 -40
Cover_T682 52
Cover_T683 -34
Cover_T684 54
Cover_T685 -38
Cover_T686 62
Cover_T687 -38
Cover_T688 52
Cover_T689 4
Cover_T690 52
Cover_T691 942
Cover_T692 52
Cover_T693 938
Cover_T694 52
Cover_T695 942
Cover_T696 1042
Cover_T697 942
Cover_T698 1034
Cover_T699 948
Cover_T700 1030
Cover_T701 948
Cover_T702 1044
Cover_T703 944
Cover_T704 1032
Cover_T705 936
Cover_T706 1028
Cover_T707 944
Cover_T708 1040
Cover_T709 944
Cover_T710 996
Cover_T711 944
Cover_T712 46
Cover_T713 944
Cover_T714 46
Cover_T715 942
Cover_T716 30
Cover_T717 -48
Cover_T718 16
Cover_T719 -46
Cover_T720 4
Cover_T721 -48
Cover_T722 -5.45882e-11
Cover_T723 -48
Cover_T724 10
Cover_T725 -48
Cover_T726 0
Cover_T727 -42
Cover_T728 0
Cover_T729 -32
Cover_T730 4
Cover_T731 -18
Cover_T732 -2
Cover_T733 -6
Cover_T734 4.97829e-10
Cover_T735 6
Cover_T736 -12
Cover_T737 8
Cover_T738 4
Cover_T739 -6
Cover_T740 2
Cover_T741 -2
Cover_T742 -2
Cover_T743 8
Cover_T744 4
Cover_T745 4
Cover_T746 -4
Cover_T747 -4
Cover_T748 22
Cover_T749 4
Cover_T750 14
Cover_T751 6
Cover_T752 4
Cover_T753 0
Cover_T754 -2
Cover_T755 8
Cover_T756 -10
Cover_T757 16
Cover_T758 -18
Cover_T759 0
Cover_T760 4
Cover_T761 0
Cover_T762 -4
Cover_T763 6
Cover_T764 1.12976e-11
Cover_T765 0
Cover_T766 4
Cover_T767 8
Cover_T768 2
Cover_T769 -18
Cover_T770 0
Cover_T771 -10
Cover_T772 4
Cover_T773 -2
Cover_T774 -4
Cover_T775 6
Cover_T776 6
Cover_T777 14
Cover_T778 54
Cover_T779 22
Cover_T780 46
Cover_T781 0
Cover_T782 38
Cover_T783 8
Cover_T784 54
Cover_T785 4
Cover_T786 44
Cover_T787 0
Cover_T788 38
Cover_T789 2
Cover_T790 54
Cover_T791 4
Cover_T792 46
Cover_T793 0
Cover_T794 38
Cover_T795 8
Cover_T796 30
Cover_T797 1.42791e-10
Cover_T798 16
Cover_T799 -44
Cover_T800 52
Cover_T801 -32
Cover_T802 40
Cover_T803 -44
Cover_T804 28
Cover_T805 -32
Cover_T806 52
Cover_T807 -44
Cover_T808 40
Cover_T809 -32
Cover_T810 28
Cover_T811 -20
Cover_T812 16
Cover_T813 -8
Cover_T814 4
Cover_T815 -44
Cover_T816 8
Cover_T817 -32
Cover_T818 6
Cover_T819 -20
Cover_T820 12
Cover_T821 -44
Cover_T822 0
Cover_T823 -32
Cover_T824 2
Cover_T825 -20
Cover_T826 -10
Cover_T827 -8
Cover_T828 6
Cover_T829 4
Cover_T830 48
Cover_T831 0
Cover_T832 36
Cover_T833 2
Cover_T834 24
Cover_T835 -4
Cover_T836 12
Cover_T837 10
Cover_T838 2
Cover_T839 12
Cover_T840 6
Cover_T841 0
Cover_T842 2
Cover_T843 -38
Cover_T844 6
Cover_T845 -22
Cover_T846 6
Cover_T847 -6
Cover_T848 0
Cover_T849 4
Cover_T850 0
Cover_T851 -5.99627e-11
Cover_T852 2
Cover_T853 4
Cover_T854 -14
Cover_T855 0
Cover_T856 -30
Cover_T857 0
Cover_T858 -46
Cover_T859 6
Cover_T860 -38
Cover_T861 6
Cover_T862 -42
Cover_T863 4
Cover_T864 -42
Cover_T865 20
Cover_T866 8.36394e-10
Cover_T867 32
Cover_T868 2
Cover_T869 40
Cover_T870 2
Cover_T871 50
Cover_T872 8
Cover_T873 54
Cover_T874 4
Cover_T875 42
Cover_T876 2
Cover_T877 48
Cover_T878 -6
Cover_T879 46
Cover_T880 4
Cover_T881 54
Cover_T882 20
Cover_T883 44
Cover_T884 12
Cover_T885 58
Cover_T886 4
Cover_T887 6
Cover_T888 52
Cover_T889 2
Cover_T890 44
Cover_T891 6
Cover_T892 36
Cover_T893 2
Cover_T894 28
Cover_T895 1.36919e-09
Cover_T896 20
Cover_T897 8
Cover_T898 4
Cover_T899 18
Cover_T900 -12
Cover_T901 12
Cover_T902 -30
Cover_T903 -10
Cover_T904 6
Cover_T905 -2
Cover_T906 -8
Cover_T907 14
Cover_T908 -28
Cover_T909 52
Cover_T910 42
Cover_T911 68
Cover_T912 24
Cover_T913 68
Cover_T914 34
Cover_T915 90
Cover_T916 0
Cover_T917 54
Cover_T918 -5.3425e-10
Cover_T919 62
Cover_T920 22
Cover_T921 70
Cover_T922 30
Cover_T923 82
Cover_T924 26
Cover_T925 86
Cover_T926 30
Cover_T927 98
Cover_T928 -2.77555e-10
Cover_T929 24
Cover_T930 12
Cover_T931 24
Cover_T932 -4
Cover_T933 30
Cover_T934 8
Cover_T935 30
Cover_T936 -2
Cover_T937 38
Cover_T938 -7.9126e-11
Cover_T939 48
Cover_T940 -20
Cover_T941 26
Cover_T942 -12
Cover_T943 26
Cover_T944 -14
Cover_T945 26
Cover_T946 -26
Cover_T947 22
Cover_T948 -42
Cover_T949 32
Cover_T950 -18
Cover_T951 24
Cover_T952 -18
Cover_T953 24
Cover_T954 -20
Cover_T955 36
Cover_T956 -24
Cover_T957 32
Cover_T958 -18
Cover_T959 30
Cover_T960 -18
Cover_T961 42
Cover_T962 -30
Cover_T963 54
Cover_T964 -42
Cover_T965 32
Cover_T966 -22
Cover_T967 28
Cover_T968 -20
Cover_T969 24
Cover_T970 -32
Cover_T971 36
Cover_T972 -30
Cover_T973 30
Cover_T974 -42
Cover_T975 30
Cover_T976 -20
Cover_T977 42
Cover_T978 -24
Cover_T979 52
Cover_T980 -28
Cover_T981 34
Cover_T982 -28
Cover_T983 42
Cover_T984 -32
Cover_T985 48
Cover_T986 -38
Cover_T987 32
Cover_T988 -24
Cover_T989 38
Cover_T990 -40
Cover_T991 42
Cover_T992 -34
Cover_T993 48
Cover_T994 -26
Cover_T995 46
Cover_T996 -38
Cover_T997 62
Cover_T998 -26
Cover_T999 42
Cover_T1000 -28
Cover_T1001 56
Cover_T1002 -36
Cover_T1003 58
Cover_T1004 -32
Cover_T1005 52
Cover_T1006 -28
Cover_T1007 52
Cover_T1008 -26
Cover_T1009 56
Cover_T1010 -38
Cover_T1011 66
Cover_T1012 -34
Cover_T1013 58
Cover_T1014 -32
Cover_T1015 62
Cover_T1016 -32
Cover_T1017 62
Cover_T1018 -36
Cover_T1019 62
Cover_T1020 -36
Cover_T1021 62
Cover_T1022 -42
Cover_T1023 62
Cover_T1024 -42
Cover_T1025 60
Cover_T1026 -46
Cover_T1027 60
Cover_T1028 -46
Cover_T1029 22
Cover_T1030 0
Cover_T1031 34
Cover_T1032 -2
Cover_T1033 30
Cover_T1034 2
Cover_T1035 22
Cover_T1036 -2
Cover_T1037 8
Cover_T1038 6
Cover_T1039 14
Cover_T1040 0
Cover_T1041 10
Cover_T1042 0
Cover_T1043 94
Cover_T1044 38
Cover_T1045 1004
Cover_T1046 988
Cover_T1047 996
Cover_T1048 992
Cover_T1049 1046
Cover_T1050 984
Cover_T1051 1032
Cover_T1052 996
Cover_T1053 1044
Cover_T1054 994
Cover_T1055 1038
Cover_T1056 906
Cover_T1057 988
Cover_T1058 0
Cover_T1059 38
Cover_T1060 0
Cover_T1061 28
Cover_T1062 -30
Cover_T1063 52
Cover_T1064 -38
Cover_T1065 54
Cover_T1066 -8
Cover_T1067 46
Cover_T1068 0
Cover_T1069 0
Cover_T1070 52
Cover_T1071 -2
Cover_T1072 54
Cover_T1073 -22
Cover_T1074 52
Cover_T1075 -42
Cover_T1076 54
Cover_T1077 -38
Cover_T1078 22
Cover_T1079 -34
Cover_T1080 22
Cover_T1081 16
Cover_T1082 36
Cover_T1083 8
Cover_T1084 48
Cover_T1085 0
Cover_T1086 56
Cover_T1087 0
Cover_T1088 70
Cover_T1089 0
Cover_T1090 52
Cover_T1091 46
Cover_T1092 68
Cover_T1093 52
Cover_T1094 46
Cover_T1095 46
Cover_T1096 80
Cover_T1097 38
Cover_T1098 78
Cover_T1099 28
Cover_T1100 18
Cover_T1101 22
Cover_T1102 18
Cover_T1103 96
Cover_T1104 34
Cover_T1105 90
Cover_T1106 26
Cover_T1107 76
Cover_T1108 54
Cover_T1109 76
Cover_T1110 0
Cover_T1111 58
Cover_T1112 0
Cover_T1113 24
Cover_T1114 48
Cover_T1115 62
Cover_T1116 -22
Cover_T1117 44
Cover_T1118 7.01263e-10
Cover_T1119 46
Cover_T1120 20
Cover_T1121 0
Cover_T1122 40
Cover_T1123 22
Cover_T1124 0
Cover_T1125 8
Cover_T1126 0
Cover_T1127 32
Cover_T1128 4
Cover_T1129 30
Cover_T1130 22
Cover_T1131 28
Cover_T1132 0
Cover_T1133 20
Cover_T1134 18
Count_D0 -984
Count_D1 -1000
Max_H0_P0 0
Max_H0_P1 0
Max_H0_P2 0
Max_H0_P3 0
Max_H0_P4 0
Max_H0_P5 -6.00253e-12
Max_H0_P6 -1.47065e-10
Max_H0_P7 1.32871e-12
Max_H0_P8 0
Max_H0_P9 -4
Max_H0_P10 0
Max_H0_P11 0
Max_H0_P12 0
Max_H0_P13 0
Max_H0_P14 0
Max_H0_P15 -2
Max_H0_P16 -2
Max_H0_P17 -2
Max_H0_P18 -2
Max_H0_P19 -2
Max_H0_P20 -2
Max_H0_P21 -2
Max_H0_P22 -2
Max_H0_P23 -2
Max_H0_P24 -2
Max_H0_P25 -1.41136e-10
Max_H0_P26 -7.70934e-11
Max_H0_P27 -1.18234e-11
Max_H0_P28 -3.65716e-11
Max_H0_P29 2.78799e-11
Max_H0_P30 8.90367e-11
Max_H0_P31 -2.25668e-11
Max_H0_P32 -3.745e-11
Max_H0_P33 0
Max_H0_P34 4.55509e-11
Max_H0_P35 1.64846e-12
Max_H0_P36 4.44835e-11
Max_H0_P37 1.48575e-10
Max_H0_P38 1.11527e-10
Max_H0_P39 -4.05098e-12
Max_H0_P40 4.30997e-11
Max_H0_P41 1.21666e-10
Max_H0_P42 1.221e-10
Max_H0_P43 -2.69144e-11
Max_H0_P44 8.02487e-11
Max_H0_P45 0
Max_H0_P46 0
Max_H0_P47 0
Max_H0_P48 0
Max_H0_P49 0
Max_H0_P50 0
Max_H0_P51 0
Max_H0_P52 0
Max_H0_P53 0
Max_H0_P54 0
Max_H0_P55 0
Max_H0_P56 0
Max_H0_P57 8.52651e-13
Max_H0_P58 0
Max_H0_P59 -2
Max_H0_P60 -2.39783e-10
Max_H0_P61 5.55156e-11
Max_H0_P62 9.11227e-11
Max_H0_P63 0
Max_H0_P64 0
Max_H0_P65 4.28467e-10
Max_H0_P66 0
Max_H0_P67 0
Max_H0_P68 0
Max_H0_P69 0
Max_H0_P70 0
Max_H0_P71 0
Max_H0_P72 0
Max_H0_P73 0
Max_H0_P74 0
Max_H0_P75 0
Max_H0_P76 0
Max_H0_P77 4.67892e-12
Max_H0_P78 -3.11928e-11
Max_H0_P79 2.62531e-10
Max_H0_P80 -2.36037e-10
Max_H0_P81 0
Max_H1_P0 0
Max_H1_P1 0
Max_H1_P2 0
Max_H1_P3 0
Max_H1_P4 -5.96161e-11
Max_H1_P5 -6.00253e-12
Max_H1_P6 0
Max_H1_P7 1.96503e-11
Max_H1_P8 0
Max_H1_P9 -4
Max_H1_P10 -1.51418e-10
Max_H1_P11 0
Max_H1_P12 0
Max_H1_P13 0
Max_H1_P14 0
Max_H1_P15 -2
Max_H1_P16 -2
Max_H1_P17 -2
Max_H1_P18 -2
Max_H1_P19 -2
Max_H1_P20 -2
Max_H1_P21 -2
Max_H1_P22 -2
Max_H1_P23 -2
Max_H1_P24 -2
Max_H1_P25 -9.79679e-11
Max_H1_P26 -7.96945e-11
Max_H1_P27 -8.79137e-11
Max_H1_P28 -7.62643e-11
Max_H1_P29 5.27649e-11
Max_H1_P30 3.65392e-11
Max_H1_P31 -2.07301e-12
Max_H1_P32 -1.22853e-11
Max_H1_P33 -2.53779e-11
Max_H1_P34 1.81188e-12
Max_H1_P35 0
Max_H1_P36 -1.78062e-11
Max_H1_P37 3.49887e-11
Max_H1_P38 1.37643e-10
Max_H1_P39 6.91947e-11
Max_H1_P40 0
Max_H1_P41 2.55917e-11
Max_H1_P42 9.11089e-11
Max_H1_P43 -1.73372e-11
Max_H1_P44 0
Max_H1_P45 1.0272e-10
Max_H1_P46 -1.67688e-11
Max_H1_P47 0
Max_H1_P48 0
Max_H1_P49 0
Max_H1_P50 0
Max_H1_P51 0
Max_H1_P52 0
Max_H1_P53 0
Max_H1_P54 0
Max_H1_P55 -9.62426e-11
Max_H1_P56 2.19984e-11
Max_H1_P57 0
Max_H1_P58 0
Max_H1_P59 -2
Max_H1_P60 -2.54168e-10
Max_H1_P61 6.43139e-11
Max_H1_P62 1.97858e-10
Max_H1_P63 1.4257e-11
Max_H1_P64 8.35101e-11
Max_H1_P65 5.91955e-10
Max_H1_P66 0
Max_H1_P67 0
Max_H1_P68 0
Max_H1_P69 0
Max_H1_P70 0
Max_H1_P71 0
Max_H1_P72 0
Max_H1_P73 0
Max_H1_P74 0
Max_H1_P75 0
Max_H1_P76 -2.97072e-11
Max_H1_P77 1.62892e-11
Max_H1_P78 2.20127e-10
Max_H1_P79 -1.93882e-10
Max_H1_P80 0
Max_H1_P81 0
