Cover_T0 52
Cover_T1 -52
Cover_T2 52
Cover_T3 -52
Cover_T4 52
Cover_T5 -52
Cover_T6 52
Cover_T7 -52
Cover_T8 52
Cover_T9 -52
Cover_T10 52
Cover_T11 -52
Cover_T12 52
Cover_T13 -52
Cover_T14 52
Cover_T15 -52
Cover_T16 52
Cover_T17 -50
Cover_T18 56
Cover_T19 -50
Cover_T20 56
Cover_T21 -50
Cover_T22 56
Cover_T23 -48
Cover_T24 56
Cover_T25 -48
Cover_T26 56
Cover_T27 -40
Cover_T28 58
Cover_T29 -44
Cover_T30 56
Cover_T31 -40
Cover_T32 54
Cover_T33 -44
Cover_T34 58
Cover_T35 -40
Cover_T36 62
Cover_T37 -7.71989e-11
Cover_T38 54
Cover_T39 -12
Cover_T40 50
Cover_T41 -28
Cover_T42 1026
Cover_T43 970
Cover_T44 1046
Cover_T45 974
Cover_T46 998
Cover_T47 962
Cover_T48 1022
Cover_T49 974
Cover_T50 1034
Cover_T51 6
Cover_T52 26
Cover_T53 -16
Cover_T54 4
Cover_T55 -16
Cover_T56 28
Cover_T57 -4
Cover_T58 18
Cover_T59 10
Cover_T60 0
Cover_T61 20
Cover_T62 4
Cover_T63 -12
Cover_T64 -1.27258e-11
Cover_T65 14
Cover_T66 26
Cover_T67 14
Cover_T68 -6
Cover_T69 16
Cover_T70 0
Cover_T71 -18
Cover_T72 -2
Cover_T73 6
Cover_T74 0
Cover_T75 30
Cover_T76 16
Cover_T77 2.74731e-11
Cover_T78 -3.08997e-12
Cover_T79 2
Cover_T80 16
Cover_T81 -6
Cover_T82 10
Cover_T83 18
Cover_T84 26
Cover_T85 2
Cover_T86 -6
Cover_T87 8
Cover_T88 12
Cover_T89 -8
Cover_T90 8
Cover_T91 24
Cover_T92 -24
Cover_T93 6
Cover_T94 8
Cover_T95 0
Cover_T96 8
Cover_T97 20
Cover_T98 2
Cover_T99 40
Cover_T100 -18
Cover_T101 0
Cover_T102 -38
Cover_T103 0
Cover_T104 0
Cover_T105 6
Cover_T106 0
Cover_T107 26
Cover_T108 2
Cover_T109 46
Cover_T110 -16
Cover_T111 8
Cover_T112 -36
Cover_T113 8
Cover_T114 -44
Cover_T115 6
Cover_T116 -40
Cover_T117 24
Cover_T118 -36
Cover_T119 44
Cover_T120 0
Cover_T121 54
Cover_T122 2
Cover_T123 50
Cover_T124 14
Cover_T125 50
Cover_T126 26
Cover_T127 20
Cover_T128 8
Cover_T129 18
Cover_T130 26
Cover_T131 10
Cover_T132 0
Cover_T133 4
Cover_T134 24
Cover_T135 30
Cover_T136 12
Cover_T137 26
Cover_T138 14
Cover_T139 50
Cover_T140 12
Cover_T141 22
Cover_T142 4
Cover_T143 16
Cover_T144 -4
Cover_T145 8
Cover_T146 6
Cover_T147 22
Cover_T148 -6
Cover_T149 22
Cover_T150 -6
Cover_T151 20
Cover_T152 -6
Cover_T153 16
Cover_T154 -6
Cover_T155 28
Cover_T156 -6
Cover_T157 26
Cover_T158 -6
Cover_T159 28
Cover_T160 -8
Cover_T161 28
Cover_T162 -8
Cover_T163 30
Cover_T164 -16
Cover_T165 28
Cover_T166 -10
Cover_T167 30
Cover_T168 -22
Cover_T169 30
Cover_T170 -22
Cover_T171 36
Cover_T172 -24
Cover_T173 40
Cover_T174 -26
Cover_T175 32
Cover_T176 -20
Cover_T177 48
Cover_T178 -26
Cover_T179 42
Cover_T180 -24
Cover_T181 28
Cover_T182 -24
Cover_T183 36
Cover_T184 -24
Cover_T185 56
Cover_T186 -24
Cover_T187 36
Cover_T188 -24
Cover_T189 44
Cover_T190 -28
Cover_T191 54
Cover_T192 -30
Cover_T193 54
Cover_T194 -30
Cover_T195 64
Cover_T196 -34
Cover_T197 68
Cover_T198 -36
Cover_T199 70
Cover_T200 -36
Cover_T201 68
Cover_T202 52
Cover_T203 -52
Cover_T204 52
Cover_T205 -52
Cover_T206 52
Cover_T207 -50
Cover_T208 56
Cover_T209 -52
Cover_T210 52
Cover_T211 -48
Cover_T212 50
Cover_T213 -52
Cover_T214 56
Cover_T215 -42
Cover_T216 58
Cover_T217 -40
Cover_T218 54
Cover_T219 0
Cover_T220 58
Cover_T221 -6
Cover_T222 56
Cover_T223 -18
Cover_T224 54
Cover_T225 -32
Cover_T226 1022
Cover_T227 964
Cover_T228 1002
Cover_T229 958
Cover_T230 1010
Cover_T231 962
Cover_T232 1010
Cover_T233 972
Cover_T234 1034
Cover_T235 0
Cover_T236 32
Cover_T237 -18
Cover_T238 18
Cover_T239 -4
Cover_T240 4
Cover_T241 -16
Cover_T242 26
Cover_T243 -2
Cover_T244 18
Cover_T245 8
Cover_T246 3.0179e-11
Cover_T247 -16
Cover_T248 8
Cover_T249 -8
Cover_T250 12
Cover_T251 10
Cover_T252 -12
Cover_T253 2
Cover_T254 22
Cover_T255 -2
Cover_T256 -2
Cover_T257 26
Cover_T258 20
Cover_T259 0
Cover_T260 14
Cover_T261 4.68168e-12
Cover_T262 22
Cover_T263 10
Cover_T264 0
Cover_T265 10
Cover_T266 24
Cover_T267 -6
Cover_T268 0
Cover_T269 10
Cover_T270 2
Cover_T271 -14
Cover_T272 26
Cover_T273 10
Cover_T274 -2
Cover_T275 16
Cover_T276 16
Cover_T277 -2.35468e-10
Cover_T278 12
Cover_T279 32
Cover_T280 -20
Cover_T281 14
Cover_T282 8
Cover_T283 18
Cover_T284 10
Cover_T285 0
Cover_T286 -22
Cover_T287 2
Cover_T288 0
Cover_T289 16
Cover_T290 3.51292e-11
Cover_T291 36
Cover_T292 9.33453e-11
Cover_T293 2
Cover_T294 -14
Cover_T295 0
Cover_T296 -34
Cover_T297 0
Cover_T298 -42
Cover_T299 14
Cover_T300 -38
Cover_T301 34
Cover_T302 -34
Cover_T303 42
Cover_T304 0
Cover_T305 38
Cover_T306 4
Cover_T307 36
Cover_T308 16
Cover_T309 3.65965e-11
Cover_T310 0
Cover_T311 0
Cover_T312 10
Cover_T313 -14
Cover_T314 2
Cover_T315 6
Cover_T316 6
Cover_T317 0
Cover_T318 -12
Cover_T319 14
Cover_T320 12
Cover_T321 16
Cover_T322 6
Cover_T323 40
Cover_T324 10
Cover_T325 16
Cover_T326 0
Cover_T327 32
Cover_T328 -2
Cover_T329 18
Cover_T330 -16
Cover_T331 24
Cover_T332 -18
Cover_T333 12
Cover_T334 -6
Cover_T335 22
Cover_T336 -10
Cover_T337 28
Cover_T338 -14
Cover_T339 16
Cover_T340 -14
Cover_T341 20
Cover_T342 -16
Cover_T343 26
Cover_T344 -24
Cover_T345 28
Cover_T346 -16
Cover_T347 32
Cover_T348 -16
Cover_T349 28
Cover_T350 -16
Cover_T351 34
Cover_T352 -34
Cover_T353 30
Cover_T354 -20
Cover_T355 30
Cover_T356 -38
Cover_T357 30
Cover_T358 -20
Cover_T359 46
Cover_T360 -20
Cover_T361 36
Cover_T362 -30
Cover_T363 56
Cover_T364 -24
Cover_T365 24
Cover_T366 -24
Cover_T367 40
Cover_T368 -24
Cover_T369 28
Cover_T370 -24
Cover_T371 30
Cover_T372 -30
Cover_T373 42
Cover_T374 -24
Cover_T375 38
Cover_T376 -34
Cover_T377 34
Cover_T378 -26
Cover_T379 46
Cover_T380 -38
Cover_T381 42
Cover_T382 -30
Cover_T383 48
Cover_T384 -34
Cover_T385 42
Cover_T386 -30
Cover_T387 74
Cover_T388 -34
Cover_T389 70
Cover_T390 -36
Cover_T391 68
Cover_T392 -36
Cover_T393 68
Cover_T394 54
Cover_T395 -48
Cover_T396 54
Cover_T397 -40
Cover_T398 56
Cover_T399 -40
Cover_T400 64
Cover_T401 -40
Cover_T402 54
Cover_T403 -6
Cover_T404 62
Cover_T405 -20
Cover_T406 54
Cover_T407 -32
Cover_T408 1026
Cover_T409 970
Cover_T410 1048
Cover_T411 954
Cover_T412 1046
Cover_T413 970
Cover_T414 1026
Cover_T415 974
Cover_T416 1006
Cover_T417 974
Cover_T418 1014
Cover_T419 966
Cover_T420 1014
Cover_T421 974
Cover_T422 1024
Cover_T423 6
Cover_T424 6
Cover_T425 -24
Cover_T426 0
Cover_T427 -8
Cover_T428 30
Cover_T429 -16
Cover_T430 30
Cover_T431 -12
Cover_T432 10
Cover_T433 -6
Cover_T434 2.8216e-10
Cover_T435 10
Cover_T436 0
Cover_T437 12
Cover_T438 0
Cover_T439 -18
Cover_T440 8
Cover_T441 -14
Cover_T442 -12
Cover_T443 -2.40732e-10
Cover_T444 26
Cover_T445 4
Cover_T446 6
Cover_T447 8
Cover_T448 -14
Cover_T449 0
Cover_T450 20
Cover_T451 20
Cover_T452 0
Cover_T453 -18
Cover_T454 6
Cover_T455 2
Cover_T456 26
Cover_T457 22
Cover_T458 6
Cover_T459 -12
Cover_T460 -6
Cover_T461 8
Cover_T462 22
Cover_T463 4
Cover_T464 -2
Cover_T465 -12
Cover_T466 0
Cover_T467 4
Cover_T468 24
Cover_T469 -20
Cover_T470 1.98922e-10
Cover_T471 4
Cover_T472 -24
Cover_T473 2
Cover_T474 2
Cover_T475 -22
Cover_T476 6
Cover_T477 2
Cover_T478 -18
Cover_T479 26
Cover_T480 8
Cover_T481 0
Cover_T482 14
Cover_T483 1.0866e-11
Cover_T484 -4
Cover_T485 32
Cover_T486 -36
Cover_T487 4
Cover_T488 8
Cover_T489 2
Cover_T490 2
Cover_T491 28
Cover_T492 -20
Cover_T493 52
Cover_T494 -44
Cover_T495 -3.09619e-11
Cover_T496 -32
Cover_T497 0
Cover_T498 -32
Cover_T499 22
Cover_T500 -1.60645e-11
Cover_T501 40
Cover_T502 10
Cover_T503 54
Cover_T504 -2
Cover_T505 54
Cover_T506 18
Cover_T507 46
Cover_T508 6
Cover_T509 54
Cover_T510 26
Cover_T511 46
Cover_T512 18
Cover_T513 64
Cover_T514 16
Cover_T515 20
Cover_T516 4
Cover_T517 6
Cover_T518 20
Cover_T519 22
Cover_T520 6
Cover_T521 12
Cover_T522 -10
Cover_T523 -4
Cover_T524 12
Cover_T525 20
Cover_T526 24
Cover_T527 12
Cover_T528 4
Cover_T529 8
Cover_T530 16
Cover_T531 30
Cover_T532 14
Cover_T533 48
Cover_T534 14
Cover_T535 16
Cover_T536 0
Cover_T537 14
Cover_T538 14
Cover_T539 30
Cover_T540 8
Cover_T541 20
Cover_T542 0
Cover_T543 16
Cover_T544 -4
Cover_T545 22
Cover_T546 -4
Cover_T547 22
Cover_T548 -4
Cover_T549 22
Cover_T550 -8
Cover_T551 30
Cover_T552 -18
Cover_T553 22
Cover_T554 -16
Cover_T555 32
Cover_T556 -14
Cover_T557 24
Cover_T558 -16
Cover_T559 32
Cover_T560 -22
Cover_T561 30
Cover_T562 -26
Cover_T563 28
Cover_T564 -16
Cover_T565 38
Cover_T566 -38
Cover_T567 34
Cover_T568 -18
Cover_T569 38
Cover_T570 -20
Cover_T571 42
Cover_T572 -38
Cover_T573 34
Cover_T574 -20
Cover_T575 54
Cover_T576 -24
Cover_T577 36
Cover_T578 -24
Cover_T579 36
Cover_T580 -24
Cover_T581 56
Cover_T582 -40
Cover_T583 40
Cover_T584 -30
Cover_T585 32
Cover_T586 -26
Cover_T587 40
Cover_T588 -26
Cover_T589 50
Cover_T590 -42
Cover_T591 44
Cover_T592 -36
Cover_T593 44
Cover_T594 -34
Cover_T595 50
Cover_T596 -34
Cover_T597 66
Cover_T598 -34
Cover_T599 60
Cover_T600 -40
Cover_T601 52
Cover_T602 -46
Cover_T603 54
Cover_T604 12
Cover_T605 -7.71989e-11
Cover_T606 16
Cover_T607 6
Cover_T608 12
Cover_T609 0
Cover_T610 10
Cover_T611 40
Cover_T612 60
Cover_T613 32
Cover_T614 1024
Cover_T615 16
Cover_T616 1022
Cover_T617 1014
Cover_T618 1024
Cover_T619 1022
Cover_T620 1030
Cover_T621 956
Cover_T622 1026
Cover_T623 0
Cover_T624 1058
Cover_T625 0
Cover_T626 40
Cover_T627 0
Cover_T628 4
Cover_T629 -28
Cover_T630 52
Cover_T631 -28
Cover_T632 52
Cover_T633 4
Cover_T634 0
Cover_T635 52
Cover_T636 -32
Cover_T637 4
Cover_T638 -10
Cover_T639 44
Cover_T640 0
Cover_T641 70
Cover_T642 56
Cover_T643 62
Cover_T644 40
Cover_T645 46
Cover_T646 62
Cover_T647 70
Cover_T648 56
Cover_T649 48
Cover_T650 32
Cover_T651 0
Cover_T652 0
Cover_T653 -12
Cover_T654 0
Cover_T655 20
Cover_T656 10
Cover_T657 12
Cover_T658 24
Cover_T659 0
Cover_T660 26
Count_D0 -984
Count_D1 -1000
Max_H0_P0 0
Max_H0_P1 0
Max_H0_P2 0
Max_H0_P3 0
Max_H0_P4 0
Max_H0_P5 0
Max_H0_P6 0
Max_H0_P7 0
Max_H0_P8 0
Max_H0_P9 0
Max_H0_P10 0
Max_H0_P11 0
Max_H0_P12 0
Max_H0_P13 0
Max_H0_P14 0
Max_H0_P15 0
Max_H0_P16 1.71483e-10
Max_H0_P17 -4.82019e-11
Max_H0_P18 8.19034e-12
Max_H0_P19 -1.88614e-11
Max_H0_P20 8.05448e-12
Max_H0_P21 -1.0126e-11
Max_H0_P22 4.66019e-12
Max_H0_P23 -1.53282e-11
Max_H0_P24 3.08358e-11
Max_H0_P25 -6.63602e-12
Max_H0_P26 8.12306e-12
Max_H0_P27 3.57592e-12
Max_H0_P28 0
Max_H0_P29 4.21352e-12
Max_H0_P30 -2.27374e-11
Max_H0_P31 4.73466e-11
Max_H0_P32 4.23539e-11
Max_H0_P33 -1.50209e-11
Max_H0_P34 7.26985e-12
Max_H0_P35 1.20893e-11
Max_H0_P36 9.19531e-12
Max_H0_P37 4.07852e-12
Max_H0_P38 1.31937e-11
Max_H0_P39 -7.30893e-12
Max_H0_P40 -1.02318e-11
Max_H0_P41 -2.22045e-12
Max_H0_P42 -1.18315e-11
Max_H0_P43 0
Max_H0_P44 0
Max_H0_P45 0
Max_H0_P46 0
Max_H0_P47 0
Max_H0_P48 0
Max_H0_P49 0
Max_H0_P50 0
Max_H0_P51 0
Max_H0_P52 0
Max_H0_P53 0
Max_H0_P54 0
Max_H0_P55 0
Max_H0_P56 0
Max_H0_P57 0
Max_H0_P58 0
Max_H0_P59 0
Max_H0_P60 0
Max_H0_P61 0
Max_H0_P62 0
Max_H0_P63 0
Max_H0_P64 0
Max_H0_P65 0
Max_H0_P66 0
Max_H0_P67 0
Max_H0_P68 0
Max_H0_P69 0
Max_H0_P70 0
Max_H0_P71 0
Max_H0_P72 0
Max_H0_P73 0
Max_H0_P74 0
Max_H0_P75 0
Max_H0_P76 0
Max_H0_P77 -3.6664e-11
Max_H0_P78 1.60796e-10
Max_H0_P79 0
Max_H0_P80 -1.3609e-10
Max_H0_P81 0
Max_H1_P0 0
Max_H1_P1 0
Max_H1_P2 0
Max_H1_P3 0
Max_H1_P4 0
Max_H1_P5 0
Max_H1_P6 -4.06706e-11
Max_H1_P7 0
Max_H1_P8 0
Max_H1_P9 0
Max_H1_P10 2.42834e-12
Max_H1_P11 0
Max_H1_P12 0
Max_H1_P13 0
Max_H1_P14 0
Max_H1_P15 0
Max_H1_P16 1.95088e-10
Max_H1_P17 -4.94488e-11
Max_H1_P18 7.43228e-12
Max_H1_P19 -5.27844e-12
Max_H1_P20 1.10568e-11
Max_H1_P21 -1.0126e-11
Max_H1_P22 5.51555e-12
Max_H1_P23 2.31237e-11
Max_H1_P24 -2.89934e-11
Max_H1_P25 -6.52997e-12
Max_H1_P26 2.98428e-13
Max_H1_P27 3.11364e-11
Max_H1_P28 -1.74378e-11
Max_H1_P29 -1.04294e-11
Max_H1_P30 1.83326e-11
Max_H1_P31 2.15697e-11
Max_H1_P32 2.08593e-11
Max_H1_P33 -1.46283e-11
Max_H1_P34 -7.75102e-12
Max_H1_P35 4.18154e-12
Max_H1_P36 1.36375e-11
Max_H1_P37 -2.79649e-11
Max_H1_P38 0
Max_H1_P39 3.46913e-11
Max_H1_P40 -2.27374e-11
Max_H1_P41 3.46913e-11
Max_H1_P42 0
Max_H1_P43 3.75002e-11
Max_H1_P44 0
Max_H1_P45 0
Max_H1_P46 0
Max_H1_P47 0
Max_H1_P48 0
Max_H1_P49 0
Max_H1_P50 0
Max_H1_P51 0
Max_H1_P52 0
Max_H1_P53 -7.97301e-11
Max_H1_P54 0
Max_H1_P55 0
Max_H1_P56 0
Max_H1_P57 0
Max_H1_P58 0
Max_H1_P59 0
Max_H1_P60 -2.40272e-11
Max_H1_P61 0
Max_H1_P62 0
Max_H1_P63 0
Max_H1_P64 0
Max_H1_P65 0
Max_H1_P66 0
Max_H1_P67 0
Max_H1_P68 -6.02807e-12
Max_H1_P69 0
Max_H1_P70 -2.57216e-12
Max_H1_P71 0
Max_H1_P72 0
Max_H1_P73 0
Max_H1_P74 0
Max_H1_P75 0
Max_H1_P76 2.20234e-11
Max_H1_P77 -5.08611e-12
Max_H1_P78 -3.0344e-11
Max_H1_P79 0
Max_H1_P80 0
Max_H1_P81 0
