
Branch and bound

  Entire solving process        :                           (Time    293.3)
  No feasible solution was found
  Best relaxation cost          :     47359.15 (Node     0) (Time    293.3)
  Lower bound after cuts        :     47359.15
  End lower bound               :     47359.15
  Deepest level reached         : 0
  Deepest real level reached    : 0
  Number of real nodes solved   : 1
  Stopping condition            : enough nodes explored

Problem identification

  Problem                       : <null>
  Machine                       : oslo1.gerad.lan

Solving process summary

  Linear relaxations            :        1
  Column generation iterations  :      200
  Shortest paths solved         :     3862
  Columns generated             :    38307

Instance characteristics

  Resources                     : 3
  Node types                    : no
  Arc types                     : no
  Strong resource windows       : no
  Weak resource windows         : no
  Resource windows (nodes)      : 3
  Resource values (arcs)        : 3
  Values on nodes               : no

  Rows                          : 827
  Initial columns               : 2
  Tasks                         : 665
  Strong tasks                  : 661
  Weak tasks                    : 4
  Initial task constraints      : no
  Nodes                         : 993
  Arc sets                      : 1
  Arcs                          : 21966
  Networks                      : 2
  Models                        : 1

Memory used per module (Megs)

  Parser (reused)               :      4.730
  Networks                      :     24.217
  Column generator              :      6.418
  Master problem                :      8.203
  -----------------
  Total                         :     38.838

Cpu time per module (seconds)

  Parser                        :        0.0
  Preprocessor                  :        0.0
  Lr solver manager             :        0.1
  Column generator              :       33.2
    (Shortest path)             :       29.8
  Master problem                :      259.9
  -------------------
  Total (without b&b)           :      293.2

Real elapsed time (seconds)

  Parser                        :        0.0
  Preprocessor                  :        0.0
  Lr solver manager             :        0.0
  Column generator              :       33.3
    (Shortest path)             :       29.5
  Master problem                :      259.9
  -------------------
  Total (without b&b)           :      293.2
