
Branch and bound

  Entire solving process        :                           (Time    255.9)
  No feasible solution was found
  Best relaxation cost          :     64764.38 (Node     0) (Time    255.8)
  Lower bound after cuts        :     64764.38
  End lower bound               :     64764.38
  Deepest level reached         : 0
  Deepest real level reached    : 0
  Number of real nodes solved   : 1
  Stopping condition            : enough nodes explored

Problem identification

  Problem                       : <null>
  Machine                       : oslo5.gerad.lan

Solving process summary

  Linear relaxations            :        1
  Column generation iterations  :      118
  Shortest paths solved         :     6262
  Columns generated             :    63882

Instance characteristics

  Resources                     : 3
  Node types                    : no
  Arc types                     : no
  Strong resource windows       : no
  Weak resource windows         : no
  Resource windows (nodes)      : 3
  Resource values (arcs)        : 3
  Values on nodes               : no

  Rows                          : 1172
  Initial columns               : 501
  Tasks                         : 1010
  Strong tasks                  : 711
  Weak tasks                    : 4
  Initial task constraints      : no
  Nodes                         : 1338
  Arc sets                      : 1
  Arcs                          : 44471
  Networks                      : 2
  Models                        : 1

Memory used per module (Megs)

  Parser (reused)               :      9.089
  Networks                      :     39.111
  Column generator              :      9.081
  Master problem                :     11.500
  -----------------
  Total                         :     59.692

Cpu time per module (seconds)

  Parser                        :        0.0
  Preprocessor                  :        0.0
  Lr solver manager             :        0.1
  Column generator              :      104.5
    (Shortest path)             :       90.6
  Master problem                :      151.3
  -------------------
  Total (without b&b)           :      255.8

Real elapsed time (seconds)

  Parser                        :        0.0
  Preprocessor                  :        0.0
  Lr solver manager             :        0.1
  Column generator              :      104.3
    (Shortest path)             :       90.2
  Master problem                :      151.3
  -------------------
  Total (without b&b)           :      255.8
