Cover_T0 52
Cover_T1 -52
Cover_T2 52
Cover_T3 -52
Cover_T4 52
Cover_T5 -52
Cover_T6 52
Cover_T7 -52
Cover_T8 52
Cover_T9 -52
Cover_T10 52
Cover_T11 -52
Cover_T12 52
Cover_T13 -52
Cover_T14 52
Cover_T15 -52
Cover_T16 54
Cover_T17 -52
Cover_T18 54
Cover_T19 -50
Cover_T20 54
Cover_T21 -50
Cover_T22 56
Cover_T23 -50
Cover_T24 56
Cover_T25 -48
Cover_T26 56
Cover_T27 -48
Cover_T28 52
Cover_T29 -48
Cover_T30 54
Cover_T31 -48
Cover_T32 56
Cover_T33 -48
Cover_T34 58
Cover_T35 -44
Cover_T36 50
Cover_T37 -44
Cover_T38 50
Cover_T39 -44
Cover_T40 52
Cover_T41 -42
Cover_T42 54
Cover_T43 -42
Cover_T44 50
Cover_T45 -32
Cover_T46 44
Cover_T47 -30
Cover_T48 56
Cover_T49 990
Cover_T50 58
Cover_T51 988
Cover_T52 1042
Cover_T53 988
Cover_T54 1040
Cover_T55 990
Cover_T56 1040
Cover_T57 990
Cover_T58 18
Cover_T59 990
Cover_T60 0
Cover_T61 -4
Cover_T62 6
Cover_T63 -4
Cover_T64 6
Cover_T65 -4
Cover_T66 4
Cover_T67 -4
Cover_T68 2
Cover_T69 4
Cover_T70 -14
Cover_T71 8
Cover_T72 6
Cover_T73 0
Cover_T74 -2
Cover_T75 -4
Cover_T76 8
Cover_T77 20
Cover_T78 -2
Cover_T79 0
Cover_T80 0
Cover_T81 8
Cover_T82 -16
Cover_T83 0
Cover_T84 -40
Cover_T85 4
Cover_T86 6
Cover_T87 4
Cover_T88 8
Cover_T89 18
Cover_T90 -8
Cover_T91 34
Cover_T92 6
Cover_T93 50
Cover_T94 -10
Cover_T95 4
Cover_T96 -2
Cover_T97 2
Cover_T98 6
Cover_T99 18
Cover_T100 0
Cover_T101 12
Cover_T102 0
Cover_T103 12
Cover_T104 0
Cover_T105 4
Cover_T106 -6
Cover_T107 4
Cover_T108 -22
Cover_T109 0
Cover_T110 -42
Cover_T111 0
Cover_T112 4
Cover_T113 4
Cover_T114 6
Cover_T115 20
Cover_T116 -10
Cover_T117 36
Cover_T118 2
Cover_T119 52
Cover_T120 6
Cover_T121 6
Cover_T122 -10
Cover_T123 4
Cover_T124 4
Cover_T125 20
Cover_T126 6
Cover_T127 8
Cover_T128 -8
Cover_T129 4
Cover_T130 -24
Cover_T131 20
Cover_T132 -40
Cover_T133 6
Cover_T134 -8
Cover_T135 4
Cover_T136 -24
Cover_T137 18
Cover_T138 -40
Cover_T139 34
Cover_T140 4
Cover_T141 50
Cover_T142 6
Cover_T143 18
Cover_T144 -4
Cover_T145 34
Cover_T146 6
Cover_T147 50
Cover_T148 -10
Cover_T149 6
Cover_T150 -26
Cover_T151 4
Cover_T152 -42
Cover_T153 14
Cover_T154 -8
Cover_T155 6
Cover_T156 -24
Cover_T157 20
Cover_T158 -40
Cover_T159 40
Cover_T160 6
Cover_T161 56
Cover_T162 6
Cover_T163 20
Cover_T164 0
Cover_T165 38
Cover_T166 6
Cover_T167 56
Cover_T168 0
Cover_T169 6
Cover_T170 5.19504e-11
Cover_T171 14
Cover_T172 4
Cover_T173 22
Cover_T174 0
Cover_T175 12
Cover_T176 0
Cover_T177 16
Cover_T178 0
Cover_T179 30
Cover_T180 2
Cover_T181 28
Cover_T182 -2
Cover_T183 30
Cover_T184 -1.47622e-10
Cover_T185 34
Cover_T186 -6
Cover_T187 32
Cover_T188 -22
Cover_T189 32
Cover_T190 -14
Cover_T191 32
Cover_T192 -14
Cover_T193 30
Cover_T194 -34
Cover_T195 34
Cover_T196 -18
Cover_T197 50
Cover_T198 -18
Cover_T199 32
Cover_T200 -38
Cover_T201 38
Cover_T202 -22
Cover_T203 54
Cover_T204 -20
Cover_T205 36
Cover_T206 -22
Cover_T207 38
Cover_T208 -22
Cover_T209 54
Cover_T210 -24
Cover_T211 38
Cover_T212 -24
Cover_T213 26
Cover_T214 -24
Cover_T215 26
Cover_T216 -26
Cover_T217 34
Cover_T218 -30
Cover_T219 26
Cover_T220 -26
Cover_T221 34
Cover_T222 -30
Cover_T223 28
Cover_T224 -26
Cover_T225 52
Cover_T226 -26
Cover_T227 28
Cover_T228 -32
Cover_T229 52
Cover_T230 -28
Cover_T231 26
Cover_T232 -32
Cover_T233 34
Cover_T234 -28
Cover_T235 60
Cover_T236 -28
Cover_T237 48
Cover_T238 -28
Cover_T239 48
Cover_T240 -32
Cover_T241 64
Cover_T242 -30
Cover_T243 52
Cover_T244 -32
Cover_T245 54
Cover_T246 -36
Cover_T247 58
Cover_T248 -34
Cover_T249 56
Cover_T250 -40
Cover_T251 54
Cover_T252 -38
Cover_T253 54
Cover_T254 -42
Cover_T255 62
Cover_T256 -42
Cover_T257 56
Cover_T258 -42
Cover_T259 56
Cover_T260 -42
Cover_T261 60
Cover_T262 -46
Cover_T263 62
Cover_T264 -46
Cover_T265 52
Cover_T266 -52
Cover_T267 52
Cover_T268 -52
Cover_T269 54
Cover_T270 -50
Cover_T271 54
Cover_T272 -52
Cover_T273 52
Cover_T274 -50
Cover_T275 52
Cover_T276 -48
Cover_T277 52
Cover_T278 -48
Cover_T279 54
Cover_T280 -50
Cover_T281 50
Cover_T282 -44
Cover_T283 50
Cover_T284 -44
Cover_T285 50
Cover_T286 -46
Cover_T287 50
Cover_T288 -46
Cover_T289 54
Cover_T290 -30
Cover_T291 48
Cover_T292 -38
Cover_T293 58
Cover_T294 -28
Cover_T295 50
Cover_T296 -36
Cover_T297 54
Cover_T298 988
Cover_T299 50
Cover_T300 984
Cover_T301 58
Cover_T302 988
Cover_T303 34
Cover_T304 992
Cover_T305 1038
Cover_T306 984
Cover_T307 1026
Cover_T308 992
Cover_T309 1034
Cover_T310 984
Cover_T311 6
Cover_T312 992
Cover_T313 16
Cover_T314 984
Cover_T315 6
Cover_T316 992
Cover_T317 6
Cover_T318 -2
Cover_T319 -1.2285e-10
Cover_T320 -2
Cover_T321 5.33512e-11
Cover_T322 6
Cover_T323 8.78078e-10
Cover_T324 10
Cover_T325 8
Cover_T326 2.0151e-11
Cover_T327 1.45519e-11
Cover_T328 2
Cover_T329 2.15117e-12
Cover_T330 18
Cover_T331 6
Cover_T332 -2
Cover_T333 -7.63265e-11
Cover_T334 6
Cover_T335 1.02813e-10
Cover_T336 6
Cover_T337 0
Cover_T338 1.355e-11
Cover_T339 -14
Cover_T340 6
Cover_T341 -30
Cover_T342 -1.14539e-11
Cover_T343 8
Cover_T344 16
Cover_T345 2
Cover_T346 40
Cover_T347 8
Cover_T348 2
Cover_T349 8
Cover_T350 8
Cover_T351 8
Cover_T352 -2
Cover_T353 0
Cover_T354 14
Cover_T355 0
Cover_T356 6
Cover_T357 0
Cover_T358 -2
Cover_T359 4
Cover_T360 3.1104e-12
Cover_T361 4
Cover_T362 6
Cover_T363 -4.64141e-10
Cover_T364 6
Cover_T365 -16
Cover_T366 8.96616e-11
Cover_T367 -36
Cover_T368 6
Cover_T369 2
Cover_T370 22
Cover_T371 -4
Cover_T372 46
Cover_T373 0
Cover_T374 8
Cover_T375 -4
Cover_T376 14
Cover_T377 6
Cover_T378 2
Cover_T379 8
Cover_T380 -2
Cover_T381 -6
Cover_T382 14
Cover_T383 -22
Cover_T384 0
Cover_T385 -38
Cover_T386 -2
Cover_T387 -6
Cover_T388 12
Cover_T389 -22
Cover_T390 28
Cover_T391 -38
Cover_T392 44
Cover_T393 6
Cover_T394 12
Cover_T395 8
Cover_T396 28
Cover_T397 -2
Cover_T398 44
Cover_T399 8
Cover_T400 0
Cover_T401 -8
Cover_T402 -2
Cover_T403 -24
Cover_T404 8
Cover_T405 -40
Cover_T406 -2
Cover_T407 -6
Cover_T408 16
Cover_T409 -22
Cover_T410 32
Cover_T411 -38
Cover_T412 50
Cover_T413 8
Cover_T414 16
Cover_T415 8
Cover_T416 30
Cover_T417 -8.66565e-10
Cover_T418 46
Cover_T419 8
Cover_T420 6
Cover_T421 2
Cover_T422 6
Cover_T423 2
Cover_T424 16
Cover_T425 6
Cover_T426 10
Cover_T427 2
Cover_T428 24
Cover_T429 2
Cover_T430 22
Cover_T431 -3.67599e-10
Cover_T432 22
Cover_T433 -7.57188e-11
Cover_T434 24
Cover_T435 -6
Cover_T436 24
Cover_T437 -6
Cover_T438 36
Cover_T439 -28
Cover_T440 26
Cover_T441 -16
Cover_T442 32
Cover_T443 -30
Cover_T444 44
Cover_T445 -20
Cover_T446 36
Cover_T447 -32
Cover_T448 48
Cover_T449 -24
Cover_T450 40
Cover_T451 -20
Cover_T452 48
Cover_T453 -22
Cover_T454 40
Cover_T455 -24
Cover_T456 32
Cover_T457 -26
Cover_T458 28
Cover_T459 -26
Cover_T460 32
Cover_T461 -26
Cover_T462 32
Cover_T463 -28
Cover_T464 32
Cover_T465 -44
Cover_T466 32
Cover_T467 -26
Cover_T468 32
Cover_T469 -28
Cover_T470 34
Cover_T471 -44
Cover_T472 50
Cover_T473 -26
Cover_T474 32
Cover_T475 -26
Cover_T476 34
Cover_T477 -26
Cover_T478 54
Cover_T479 -38
Cover_T480 36
Cover_T481 -26
Cover_T482 34
Cover_T483 -26
Cover_T484 36
Cover_T485 -38
Cover_T486 52
Cover_T487 -26
Cover_T488 44
Cover_T489 -26
Cover_T490 44
Cover_T491 -30
Cover_T492 60
Cover_T493 -30
Cover_T494 48
Cover_T495 -32
Cover_T496 48
Cover_T497 -32
Cover_T498 48
Cover_T499 -36
Cover_T500 52
Cover_T501 -36
Cover_T502 50
Cover_T503 -38
Cover_T504 58
Cover_T505 -38
Cover_T506 58
Cover_T507 -42
Cover_T508 56
Cover_T509 -42
Cover_T510 58
Cover_T511 -46
Cover_T512 56
Cover_T513 -46
Cover_T514 56
Cover_T515 -46
Cover_T516 56
Cover_T517 52
Cover_T518 -48
Cover_T519 58
Cover_T520 -48
Cover_T521 58
Cover_T522 -44
Cover_T523 52
Cover_T524 -44
Cover_T525 50
Cover_T526 -42
Cover_T527 52
Cover_T528 -44
Cover_T529 52
Cover_T530 -38
Cover_T531 58
Cover_T532 -34
Cover_T533 58
Cover_T534 -40
Cover_T535 52
Cover_T536 988
Cover_T537 58
Cover_T538 980
Cover_T539 52
Cover_T540 986
Cover_T541 1042
Cover_T542 990
Cover_T543 1048
Cover_T544 992
Cover_T545 1044
Cover_T546 988
Cover_T547 1044
Cover_T548 990
Cover_T549 1036
Cover_T550 992
Cover_T551 1044
Cover_T552 988
Cover_T553 1034
Cover_T554 980
Cover_T555 1042
Cover_T556 988
Cover_T557 6
Cover_T558 980
Cover_T559 0
Cover_T560 988
Cover_T561 10
Cover_T562 -4
Cover_T563 8
Cover_T564 -2
Cover_T565 10
Cover_T566 -4
Cover_T567 4
Cover_T568 -2
Cover_T569 -12
Cover_T570 6
Cover_T571 8
Cover_T572 2
Cover_T573 -3.82219e-11
Cover_T574 -2
Cover_T575 0
Cover_T576 0
Cover_T577 6
Cover_T578 2
Cover_T579 -2.53294e-10
Cover_T580 18
Cover_T581 0
Cover_T582 -2
Cover_T583 3.48903e-11
Cover_T584 6
Cover_T585 -14
Cover_T586 6
Cover_T587 -30
Cover_T588 0
Cover_T589 -46
Cover_T590 6
Cover_T591 0
Cover_T592 6
Cover_T593 2
Cover_T594 6
Cover_T595 -14
Cover_T596 20
Cover_T597 0
Cover_T598 36
Cover_T599 8
Cover_T600 52
Cover_T601 -8
Cover_T602 6
Cover_T603 6.69882e-10
Cover_T604 4
Cover_T605 0
Cover_T606 20
Cover_T607 0
Cover_T608 6
Cover_T609 0
Cover_T610 -2
Cover_T611 6
Cover_T612 14
Cover_T613 0
Cover_T614 6
Cover_T615 -8
Cover_T616 6
Cover_T617 -24
Cover_T618 5.07619e-12
Cover_T619 -40
Cover_T620 6
Cover_T621 6
Cover_T622 0
Cover_T623 8
Cover_T624 6
Cover_T625 -8
Cover_T626 14
Cover_T627 4
Cover_T628 30
Cover_T629 8
Cover_T630 46
Cover_T631 -8
Cover_T632 0
Cover_T633 6
Cover_T634 -2
Cover_T635 8
Cover_T636 14
Cover_T637 -10
Cover_T638 10
Cover_T639 -34
Cover_T640 14
Cover_T641 -10
Cover_T642 8
Cover_T643 -34
Cover_T644 12
Cover_T645 2
Cover_T646 36
Cover_T647 0
Cover_T648 52
Cover_T649 -10
Cover_T650 20
Cover_T651 -4.67623e-10
Cover_T652 36
Cover_T653 -16
Cover_T654 52
Cover_T655 -32
Cover_T656 8
Cover_T657 -48
Cover_T658 6
Cover_T659 -14
Cover_T660 18
Cover_T661 -30
Cover_T662 6
Cover_T663 -42
Cover_T664 20
Cover_T665 8
Cover_T666 32
Cover_T667 0
Cover_T668 44
Cover_T669 5.01757e-10
Cover_T670 54
Cover_T671 -2
Cover_T672 18
Cover_T673 8
Cover_T674 34
Cover_T675 6
Cover_T676 44
Cover_T677 8
Cover_T678 54
Cover_T679 0
Cover_T680 10
Cover_T681 8
Cover_T682 10
Cover_T683 4
Cover_T684 24
Cover_T685 4
Cover_T686 18
Cover_T687 2
Cover_T688 28
Cover_T689 4
Cover_T690 26
Cover_T691 2
Cover_T692 22
Cover_T693 -1.1804e-11
Cover_T694 28
Cover_T695 -6
Cover_T696 28
Cover_T697 -24
Cover_T698 28
Cover_T699 -10
Cover_T700 26
Cover_T701 -12
Cover_T702 28
Cover_T703 -28
Cover_T704 26
Cover_T705 -16
Cover_T706 28
Cover_T707 -16
Cover_T708 44
Cover_T709 -32
Cover_T710 32
Cover_T711 -16
Cover_T712 32
Cover_T713 -20
Cover_T714 48
Cover_T715 -20
Cover_T716 32
Cover_T717 -20
Cover_T718 32
Cover_T719 -22
Cover_T720 48
Cover_T721 -22
Cover_T722 32
Cover_T723 -22
Cover_T724 30
Cover_T725 -22
Cover_T726 32
Cover_T727 -30
Cover_T728 36
Cover_T729 -40
Cover_T730 32
Cover_T731 -30
Cover_T732 40
Cover_T733 -40
Cover_T734 32
Cover_T735 -30
Cover_T736 42
Cover_T737 -26
Cover_T738 34
Cover_T739 -30
Cover_T740 44
Cover_T741 -46
Cover_T742 46
Cover_T743 -34
Cover_T744 34
Cover_T745 -30
Cover_T746 48
Cover_T747 -46
Cover_T748 40
Cover_T749 -34
Cover_T750 44
Cover_T751 -34
Cover_T752 64
Cover_T753 -34
Cover_T754 52
Cover_T755 -34
Cover_T756 52
Cover_T757 -30
Cover_T758 68
Cover_T759 -30
Cover_T760 56
Cover_T761 -38
Cover_T762 60
Cover_T763 -34
Cover_T764 60
Cover_T765 -34
Cover_T766 58
Cover_T767 -48
Cover_T768 58
Cover_T769 -44
Cover_T770 66
Cover_T771 -44
Cover_T772 58
Cover_T773 -42
Cover_T774 62
Cover_T775 -50
Cover_T776 56
Cover_T777 8
Cover_T778 -1.96404e-10
Cover_T779 4
Cover_T780 -1.42109e-13
Cover_T781 4
Cover_T782 -2
Cover_T783 14
Cover_T784 4
Cover_T785 10
Cover_T786 0
Cover_T787 2
Cover_T788 2
Cover_T789 10
Cover_T790 6
Cover_T791 24
Cover_T792 8
Cover_T793 8
Cover_T794 14
Cover_T795 98
Cover_T796 1036
Cover_T797 1046
Cover_T798 1040
Cover_T799 1090
Cover_T800 1040
Cover_T801 1078
Cover_T802 1040
Cover_T803 1078
Cover_T804 1024
Cover_T805 1072
Cover_T806 1036
Cover_T807 1072
Cover_T808 948
Cover_T809 60
Cover_T810 0
Cover_T811 44
Cover_T812 -34
Cover_T813 52
Cover_T814 -34
Cover_T815 52
Cover_T816 -22
Cover_T817 40
Cover_T818 54
Cover_T819 -20
Cover_T820 56
Cover_T821 0
Cover_T822 42
Cover_T823 0
Cover_T824 60
Cover_T825 0
Cover_T826 68
Cover_T827 0
Cover_T828 70
Cover_T829 40
Cover_T830 22
Cover_T831 20
Cover_T832 22
Cover_T833 36
Cover_T834 20
Cover_T835 20
Cover_T836 22
Cover_T837 0
Cover_T838 -2
Cover_T839 0
Cover_T840 1.11753e-09
Cover_T841 0
Cover_T842 36
Cover_T843 0
Cover_T844 28
Cover_T845 28
Cover_T846 28
Cover_T847 22
Cover_T848 24
Cover_T849 26
Count_D0 -984
Count_D1 -1000
Max_H0_P0 0
Max_H0_P1 0
Max_H0_P2 0
Max_H0_P3 0
Max_H0_P4 0
Max_H0_P5 -0
Max_H0_P6 0
Max_H0_P7 0
Max_H0_P8 0
Max_H0_P9 0
Max_H0_P10 0
Max_H0_P11 0
Max_H0_P12 0
Max_H0_P13 0
Max_H0_P14 0
Max_H0_P15 2.02363e-11
Max_H0_P16 5.35465e-11
Max_H0_P17 6.03109e-11
Max_H0_P18 5.15044e-11
Max_H0_P19 -6.30109e-11
Max_H0_P20 -3.74345e-11
Max_H0_P21 -9.04166e-12
Max_H0_P22 -3.55757e-11
Max_H0_P23 -9.85685e-12
Max_H0_P24 4.92306e-12
Max_H0_P25 0
Max_H0_P26 4.6505e-12
Max_H0_P27 -1.93401e-12
Max_H0_P28 4.92306e-12
Max_H0_P29 2.08367e-12
Max_H0_P30 -4.93379e-12
Max_H0_P31 -7.13385e-12
Max_H0_P32 2.01794e-12
Max_H0_P33 2.71214e-11
Max_H0_P34 -1.27127e-15
Max_H0_P35 -5.46824e-11
Max_H0_P36 6.9742e-12
Max_H0_P37 -2.4259e-11
Max_H0_P38 8.58485e-13
Max_H0_P39 -7.84306e-12
Max_H0_P40 -2.34408e-11
Max_H0_P41 1.92735e-12
Max_H0_P42 6.99876e-11
Max_H0_P43 0
Max_H0_P44 0
Max_H0_P45 0
Max_H0_P46 0
Max_H0_P47 0
Max_H0_P48 0
Max_H0_P49 0
Max_H0_P50 0
Max_H0_P51 0
Max_H0_P52 0
Max_H0_P53 0
Max_H0_P54 0
Max_H0_P55 0
Max_H0_P56 0
Max_H0_P57 0
Max_H0_P58 -5.15921e-11
Max_H0_P59 0
Max_H0_P60 0
Max_H0_P61 0
Max_H0_P62 0
Max_H0_P63 5.71276e-12
Max_H0_P64 0
Max_H0_P65 0
Max_H0_P66 0
Max_H0_P67 0
Max_H0_P68 0
Max_H0_P69 0
Max_H0_P70 0
Max_H0_P71 0
Max_H0_P72 0
Max_H0_P73 0
Max_H0_P74 0
Max_H0_P75 0
Max_H0_P76 3.93882e-11
Max_H0_P77 -4.49702e-11
Max_H0_P78 0
Max_H0_P79 0
Max_H0_P80 0
Max_H0_P81 0
Max_H1_P0 0
Max_H1_P1 0
Max_H1_P2 0
Max_H1_P3 9.31379e-11
Max_H1_P4 0
Max_H1_P5 0
Max_H1_P6 0
Max_H1_P7 0
Max_H1_P8 0
Max_H1_P9 1.03668e-11
Max_H1_P10 -3.05582e-11
Max_H1_P11 0
Max_H1_P12 0
Max_H1_P13 0
Max_H1_P14 0
Max_H1_P15 2.02647e-11
Max_H1_P16 1.29674e-12
Max_H1_P17 6.03109e-11
Max_H1_P18 7.6235e-11
Max_H1_P19 1.1996e-11
Max_H1_P20 2.22077e-11
Max_H1_P21 -2.78922e-11
Max_H1_P22 -1.75403e-11
Max_H1_P23 -2.05931e-12
Max_H1_P24 -7.66256e-12
Max_H1_P25 3.18527e-11
Max_H1_P26 7.20402e-12
Max_H1_P27 3.41061e-13
Max_H1_P28 -3.94424e-11
Max_H1_P29 1.39044e-12
Max_H1_P30 -5.11591e-12
Max_H1_P31 1.94689e-12
Max_H1_P32 -6.32383e-13
Max_H1_P33 1.68956e-11
Max_H1_P34 1.43884e-11
Max_H1_P35 -4.71987e-11
Max_H1_P36 -6.82121e-13
Max_H1_P37 7.70045e-12
Max_H1_P38 -7.99787e-11
Max_H1_P39 -1.09246e-11
Max_H1_P40 3.40221e-11
Max_H1_P41 4.38323e-11
Max_H1_P42 6.77041e-11
Max_H1_P43 0
Max_H1_P44 0
Max_H1_P45 0
Max_H1_P46 0
Max_H1_P47 0
Max_H1_P48 0
Max_H1_P49 0
Max_H1_P50 0
Max_H1_P51 -5.40701e-11
Max_H1_P52 0
Max_H1_P53 0
Max_H1_P54 -2.9897e-11
Max_H1_P55 4.35421e-11
Max_H1_P56 0
Max_H1_P57 -1.76144e-11
Max_H1_P58 0
Max_H1_P59 4.87894e-11
Max_H1_P60 4.4983e-11
Max_H1_P61 -5.73134e-11
Max_H1_P62 0
Max_H1_P63 9.27258e-12
Max_H1_P64 -5.95399e-11
Max_H1_P65 0
Max_H1_P66 0
Max_H1_P67 0
Max_H1_P68 0
Max_H1_P69 0
Max_H1_P70 0
Max_H1_P71 0
Max_H1_P72 0
Max_H1_P73 0
Max_H1_P74 0
Max_H1_P75 0
Max_H1_P76 -1.36424e-12
Max_H1_P77 -0
Max_H1_P78 0
Max_H1_P79 0
Max_H1_P80 0
Max_H1_P81 0
