
Branch and bound

  Entire solving process        :                           (Time    332.2)
  No feasible solution was found
  Best relaxation cost          :     62818.18 (Node     0) (Time    332.2)
  Lower bound after cuts        :     62818.18
  End lower bound               :     62818.18
  Deepest level reached         : 0
  Deepest real level reached    : 0
  Number of real nodes solved   : 1
  Stopping condition            : enough nodes explored

Problem identification

  Problem                       : <null>
  Machine                       : oslo4.gerad.lan

Solving process summary

  Linear relaxations            :        1
  Column generation iterations  :      187
  Shortest paths solved         :     4735
  Columns generated             :    48504

Instance characteristics

  Resources                     : 3
  Node types                    : no
  Arc types                     : no
  Strong resource windows       : no
  Weak resource windows         : no
  Resource windows (nodes)      : 3
  Resource values (arcs)        : 3
  Values on nodes               : no

  Rows                          : 1000
  Initial columns               : 2
  Tasks                         : 838
  Strong tasks                  : 834
  Weak tasks                    : 4
  Initial task constraints      : no
  Nodes                         : 1166
  Arc sets                      : 1
  Arcs                          : 32582
  Networks                      : 2
  Models                        : 1

Memory used per module (Megs)

  Parser (reused)               :      6.788
  Networks                      :     30.756
  Column generator              :      8.597
  Master problem                :      9.957
  -----------------
  Total                         :     49.310

Cpu time per module (seconds)

  Parser                        :        0.0
  Preprocessor                  :        0.0
  Lr solver manager             :        0.2
  Column generator              :       53.0
    (Shortest path)             :       44.9
  Master problem                :      279.0
  -------------------
  Total (without b&b)           :      332.2

Real elapsed time (seconds)

  Parser                        :        0.0
  Preprocessor                  :        0.0
  Lr solver manager             :        0.0
  Column generator              :       53.2
    (Shortest path)             :       45.5
  Master problem                :      278.9
  -------------------
  Total (without b&b)           :      332.2
