Cover_T0 52
Cover_T1 -52
Cover_T2 52
Cover_T3 -52
Cover_T4 52
Cover_T5 -52
Cover_T6 52
Cover_T7 -52
Cover_T8 52
Cover_T9 -52
Cover_T10 54
Cover_T11 -52
Cover_T12 54
Cover_T13 -52
Cover_T14 54
Cover_T15 -50
Cover_T16 54
Cover_T17 -50
Cover_T18 52
Cover_T19 -50
Cover_T20 52
Cover_T21 -50
Cover_T22 56
Cover_T23 -50
Cover_T24 56
Cover_T25 -48
Cover_T26 56
Cover_T27 -48
Cover_T28 52
Cover_T29 -48
Cover_T30 56
Cover_T31 -48
Cover_T32 62
Cover_T33 -48
Cover_T34 54
Cover_T35 -44
Cover_T36 54
Cover_T37 -44
Cover_T38 54
Cover_T39 -40
Cover_T40 52
Cover_T41 -40
Cover_T42 54
Cover_T43 -46
Cover_T44 52
Cover_T45 -32
Cover_T46 52
Cover_T47 -30
Cover_T48 48
Cover_T49 -18
Cover_T50 48
Cover_T51 -30
Cover_T52 46
Cover_T53 6
Cover_T54 58
Cover_T55 8
Cover_T56 984
Cover_T57 950
Cover_T58 1034
Cover_T59 946
Cover_T60 1020
Cover_T61 950
Cover_T62 1028
Cover_T63 950
Cover_T64 988
Cover_T65 938
Cover_T66 996
Cover_T67 6
Cover_T68 48
Cover_T69 -48
Cover_T70 38
Cover_T71 -36
Cover_T72 8
Cover_T73 -40
Cover_T74 2
Cover_T75 -28
Cover_T76 0
Cover_T77 -9.8982e-10
Cover_T78 0
Cover_T79 0
Cover_T80 10
Cover_T81 10
Cover_T82 -6
Cover_T83 -1.41348e-10
Cover_T84 8
Cover_T85 4
Cover_T86 8
Cover_T87 10
Cover_T88 0
Cover_T89 0
Cover_T90 8.88178e-13
Cover_T91 16
Cover_T92 4
Cover_T93 2
Cover_T94 6
Cover_T95 2
Cover_T96 -10
Cover_T97 10
Cover_T98 -26
Cover_T99 10
Cover_T100 -42
Cover_T101 6
Cover_T102 -24
Cover_T103 4
Cover_T104 -40
Cover_T105 20
Cover_T106 -8
Cover_T107 36
Cover_T108 -24
Cover_T109 52
Cover_T110 -40
Cover_T111 34
Cover_T112 4
Cover_T113 50
Cover_T114 46
Cover_T115 18
Cover_T116 30
Cover_T117 34
Cover_T118 14
Cover_T119 50
Cover_T120 46
Cover_T121 6
Cover_T122 30
Cover_T123 -36
Cover_T124 14
Cover_T125 -20
Cover_T126 6
Cover_T127 -4
Cover_T128 4
Cover_T129 -36
Cover_T130 50
Cover_T131 -20
Cover_T132 34
Cover_T133 -4
Cover_T134 18
Cover_T135 4
Cover_T136 4
Cover_T137 8
Cover_T138 -1.00142e-11
Cover_T139 -34
Cover_T140 6
Cover_T141 -14
Cover_T142 -14
Cover_T143 4
Cover_T144 -34
Cover_T145 8
Cover_T146 12
Cover_T147 2
Cover_T148 -8
Cover_T149 20
Cover_T150 -24
Cover_T151 36
Cover_T152 -40
Cover_T153 52
Cover_T154 -8
Cover_T155 2
Cover_T156 -24
Cover_T157 18
Cover_T158 -40
Cover_T159 34
Cover_T160 2
Cover_T161 52
Cover_T162 18
Cover_T163 20
Cover_T164 2
Cover_T165 40
Cover_T166 4
Cover_T167 56
Cover_T168 16
Cover_T169 12
Cover_T170 0
Cover_T171 -2
Cover_T172 -2
Cover_T173 20
Cover_T174 -18
Cover_T175 12
Cover_T176 -36
Cover_T177 34
Cover_T178 8
Cover_T179 34
Cover_T180 14
Cover_T181 26
Cover_T182 0
Cover_T183 66
Cover_T184 0
Cover_T185 78
Cover_T186 26
Cover_T187 102
Cover_T188 16
Cover_T189 64
Cover_T190 16
Cover_T191 40
Cover_T192 34
Cover_T193 62
Cover_T194 6
Cover_T195 64
Cover_T196 8
Cover_T197 38
Cover_T198 -6
Cover_T199 30
Cover_T200 -16
Cover_T201 18
Cover_T202 -16
Cover_T203 26
Cover_T204 -14
Cover_T205 28
Cover_T206 -16
Cover_T207 26
Cover_T208 -24
Cover_T209 32
Cover_T210 -22
Cover_T211 38
Cover_T212 -24
Cover_T213 26
Cover_T214 -26
Cover_T215 40
Cover_T216 -36
Cover_T217 36
Cover_T218 -26
Cover_T219 42
Cover_T220 -28
Cover_T221 40
Cover_T222 -28
Cover_T223 48
Cover_T224 -30
Cover_T225 32
Cover_T226 -32
Cover_T227 40
Cover_T228 -32
Cover_T229 36
Cover_T230 -40
Cover_T231 32
Cover_T232 -44
Cover_T233 42
Cover_T234 -40
Cover_T235 36
Cover_T236 -36
Cover_T237 50
Cover_T238 -42
Cover_T239 56
Cover_T240 -40
Cover_T241 54
Cover_T242 -34
Cover_T243 50
Cover_T244 -34
Cover_T245 56
Cover_T246 -34
Cover_T247 54
Cover_T248 -38
Cover_T249 50
Cover_T250 -36
Cover_T251 58
Cover_T252 -38
Cover_T253 54
Cover_T254 -44
Cover_T255 54
Cover_T256 -40
Cover_T257 52
Cover_T258 -44
Cover_T259 62
Cover_T260 -48
Cover_T261 60
Cover_T262 -46
Cover_T263 56
Cover_T264 -46
Cover_T265 58
Cover_T266 -50
Cover_T267 52
Cover_T268 -52
Cover_T269 54
Cover_T270 -50
Cover_T271 52
Cover_T272 -48
Cover_T273 56
Cover_T274 -48
Cover_T275 56
Cover_T276 -48
Cover_T277 56
Cover_T278 -48
Cover_T279 54
Cover_T280 -44
Cover_T281 60
Cover_T282 -42
Cover_T283 60
Cover_T284 -44
Cover_T285 54
Cover_T286 -44
Cover_T287 52
Cover_T288 -44
Cover_T289 58
Cover_T290 -44
Cover_T291 46
Cover_T292 -44
Cover_T293 54
Cover_T294 -36
Cover_T295 50
Cover_T296 -24
Cover_T297 58
Cover_T298 -42
Cover_T299 46
Cover_T300 0
Cover_T301 996
Cover_T302 0
Cover_T303 994
Cover_T304 948
Cover_T305 1022
Cover_T306 944
Cover_T307 1040
Cover_T308 950
Cover_T309 1000
Cover_T310 0
Cover_T311 1002
Cover_T312 0
Cover_T313 52
Cover_T314 -50
Cover_T315 50
Cover_T316 -38
Cover_T317 26
Cover_T318 -50
Cover_T319 6
Cover_T320 -46
Cover_T321 2
Cover_T322 -26
Cover_T323 14
Cover_T324 -6
Cover_T325 2
Cover_T326 0
Cover_T327 10
Cover_T328 2
Cover_T329 12
Cover_T330 8
Cover_T331 0
Cover_T332 10
Cover_T333 -4
Cover_T334 2
Cover_T335 0
Cover_T336 2
Cover_T337 2
Cover_T338 10
Cover_T339 -14
Cover_T340 10
Cover_T341 -30
Cover_T342 6
Cover_T343 -46
Cover_T344 4
Cover_T345 -28
Cover_T346 20
Cover_T347 -44
Cover_T348 36
Cover_T349 -12
Cover_T350 52
Cover_T351 -28
Cover_T352 34
Cover_T353 -44
Cover_T354 50
Cover_T355 0
Cover_T356 18
Cover_T357 42
Cover_T358 34
Cover_T359 26
Cover_T360 50
Cover_T361 10
Cover_T362 6
Cover_T363 42
Cover_T364 -36
Cover_T365 26
Cover_T366 -20
Cover_T367 10
Cover_T368 -4
Cover_T369 2
Cover_T370 -36
Cover_T371 0
Cover_T372 -20
Cover_T373 46
Cover_T374 -4
Cover_T375 30
Cover_T376 4
Cover_T377 14
Cover_T378 6
Cover_T379 0
Cover_T380 -40
Cover_T381 0
Cover_T382 -24
Cover_T383 10
Cover_T384 -8
Cover_T385 -6
Cover_T386 6
Cover_T387 -22
Cover_T388 6
Cover_T389 -38
Cover_T390 -4
Cover_T391 12
Cover_T392 12
Cover_T393 -6
Cover_T394 32
Cover_T395 -26
Cover_T396 52
Cover_T397 -46
Cover_T398 6
Cover_T399 -18
Cover_T400 26
Cover_T401 -38
Cover_T402 46
Cover_T403 -5.15854e-11
Cover_T404 20
Cover_T405 14
Cover_T406 36
Cover_T407 -2
Cover_T408 56
Cover_T409 0
Cover_T410 14
Cover_T411 12
Cover_T412 -2
Cover_T413 -4
Cover_T414 18
Cover_T415 -6
Cover_T416 14
Cover_T417 -24
Cover_T418 6
Cover_T419 -40
Cover_T420 46
Cover_T421 0
Cover_T422 32
Cover_T423 8
Cover_T424 78
Cover_T425 2
Cover_T426 90
Cover_T427 0
Cover_T428 54
Cover_T429 28
Cover_T430 52
Cover_T431 6
Cover_T432 64
Cover_T433 6
Cover_T434 38
Cover_T435 -6
Cover_T436 24
Cover_T437 -4
Cover_T438 30
Cover_T439 -14
Cover_T440 30
Cover_T441 -18
Cover_T442 20
Cover_T443 -22
Cover_T444 34
Cover_T445 -22
Cover_T446 28
Cover_T447 -22
Cover_T448 32
Cover_T449 -22
Cover_T450 34
Cover_T451 -46
Cover_T452 36
Cover_T453 -30
Cover_T454 30
Cover_T455 -26
Cover_T456 50
Cover_T457 -32
Cover_T458 36
Cover_T459 -30
Cover_T460 32
Cover_T461 -30
Cover_T462 32
Cover_T463 -32
Cover_T464 32
Cover_T465 -32
Cover_T466 32
Cover_T467 -36
Cover_T468 32
Cover_T469 -40
Cover_T470 34
Cover_T471 -36
Cover_T472 38
Cover_T473 -32
Cover_T474 40
Cover_T475 -32
Cover_T476 54
Cover_T477 -44
Cover_T478 42
Cover_T479 -34
Cover_T480 54
Cover_T481 -46
Cover_T482 44
Cover_T483 -32
Cover_T484 42
Cover_T485 -46
Cover_T486 56
Cover_T487 -34
Cover_T488 46
Cover_T489 -46
Cover_T490 58
Cover_T491 -40
Cover_T492 44
Cover_T493 -36
Cover_T494 56
Cover_T495 -40
Cover_T496 46
Cover_T497 -36
Cover_T498 60
Cover_T499 -48
Cover_T500 52
Cover_T501 -40
Cover_T502 52
Cover_T503 -40
Cover_T504 54
Cover_T505 -40
Cover_T506 46
Cover_T507 -46
Cover_T508 60
Cover_T509 -40
Cover_T510 52
Cover_T511 -42
Cover_T512 56
Cover_T513 -44
Cover_T514 56
Cover_T515 -44
Cover_T516 54
Cover_T517 -46
Cover_T518 54
Cover_T519 -48
Cover_T520 58
Cover_T521 -50
Cover_T522 60
Cover_T523 -48
Cover_T524 62
Cover_T525 -42
Cover_T526 54
Cover_T527 -40
Cover_T528 52
Cover_T529 -42
Cover_T530 60
Cover_T531 -40
Cover_T532 48
Cover_T533 -32
Cover_T534 54
Cover_T535 -26
Cover_T536 56
Cover_T537 -38
Cover_T538 46
Cover_T539 0
Cover_T540 62
Cover_T541 6
Cover_T542 994
Cover_T543 0
Cover_T544 996
Cover_T545 946
Cover_T546 1040
Cover_T547 950
Cover_T548 1038
Cover_T549 948
Cover_T550 1032
Cover_T551 950
Cover_T552 1040
Cover_T553 950
Cover_T554 1016
Cover_T555 950
Cover_T556 1032
Cover_T557 946
Cover_T558 1038
Cover_T559 948
Cover_T560 1000
Cover_T561 938
Cover_T562 986
Cover_T563 2
Cover_T564 1002
Cover_T565 -2
Cover_T566 44
Cover_T567 -42
Cover_T568 30
Cover_T569 -44
Cover_T570 12
Cover_T571 -36
Cover_T572 6
Cover_T573 -42
Cover_T574 -3.69481e-09
Cover_T575 -36
Cover_T576 10
Cover_T577 -36
Cover_T578 6
Cover_T579 -20
Cover_T580 2.99565e-11
Cover_T581 -4
Cover_T582 10
Cover_T583 0
Cover_T584 -6
Cover_T585 6
Cover_T586 8
Cover_T587 -4
Cover_T588 8
Cover_T589 0
Cover_T590 1.78346e-12
Cover_T591 6
Cover_T592 -7.16653e-11
Cover_T593 -4
Cover_T594 4
Cover_T595 12
Cover_T596 6
Cover_T597 0
Cover_T598 -14
Cover_T599 4
Cover_T600 -34
Cover_T601 0
Cover_T602 -20
Cover_T603 8.79723e-11
Cover_T604 -40
Cover_T605 2
Cover_T606 -12
Cover_T607 22
Cover_T608 -32
Cover_T609 38
Cover_T610 -44
Cover_T611 50
Cover_T612 4
Cover_T613 28
Cover_T614 50
Cover_T615 40
Cover_T616 38
Cover_T617 52
Cover_T618 26
Cover_T619 16
Cover_T620 14
Cover_T621 28
Cover_T622 50
Cover_T623 40
Cover_T624 38
Cover_T625 52
Cover_T626 26
Cover_T627 4
Cover_T628 14
Cover_T629 -40
Cover_T630 6
Cover_T631 -24
Cover_T632 4
Cover_T633 -8
Cover_T634 50
Cover_T635 -40
Cover_T636 34
Cover_T637 -24
Cover_T638 18
Cover_T639 -8
Cover_T640 4
Cover_T641 0
Cover_T642 4
Cover_T643 2
Cover_T644 14
Cover_T645 -44
Cover_T646 -2
Cover_T647 -28
Cover_T648 -18
Cover_T649 -12
Cover_T650 -34
Cover_T651 2
Cover_T652 -50
Cover_T653 2
Cover_T654 0
Cover_T655 -8
Cover_T656 -16
Cover_T657 8
Cover_T658 -32
Cover_T659 22
Cover_T660 -44
Cover_T661 34
Cover_T662 -8
Cover_T663 46
Cover_T664 -20
Cover_T665 -8
Cover_T666 -32
Cover_T667 4
Cover_T668 -44
Cover_T669 16
Cover_T670 2
Cover_T671 30
Cover_T672 22
Cover_T673 40
Cover_T674 10
Cover_T675 54
Cover_T676 -2
Cover_T677 22
Cover_T678 4
Cover_T679 34
Cover_T680 20
Cover_T681 42
Cover_T682 8
Cover_T683 58
Cover_T684 -4
Cover_T685 12
Cover_T686 -2
Cover_T687 0
Cover_T688 -14
Cover_T689 4
Cover_T690 -26
Cover_T691 20
Cover_T692 -38
Cover_T693 42
Cover_T694 6
Cover_T695 14
Cover_T696 20
Cover_T697 14
Cover_T698 8
Cover_T699 60
Cover_T700 2
Cover_T701 58
Cover_T702 28
Cover_T703 82
Cover_T704 44
Cover_T705 84
Cover_T706 32
Cover_T707 104
Cover_T708 20
Cover_T709 66
Cover_T710 32
Cover_T711 54
Cover_T712 36
Cover_T713 58
Cover_T714 10
Cover_T715 68
Cover_T716 10
Cover_T717 50
Cover_T718 -2
Cover_T719 34
Cover_T720 -12
Cover_T721 42
Cover_T722 -4.24206e-09
Cover_T723 34
Cover_T724 -10
Cover_T725 34
Cover_T726 -10
Cover_T727 32
Cover_T728 -10
Cover_T729 36
Cover_T730 -18
Cover_T731 38
Cover_T732 -18
Cover_T733 38
Cover_T734 -30
Cover_T735 38
Cover_T736 -18
Cover_T737 40
Cover_T738 -18
Cover_T739 36
Cover_T740 -38
Cover_T741 40
Cover_T742 -26
Cover_T743 32
Cover_T744 -26
Cover_T745 40
Cover_T746 -26
Cover_T747 40
Cover_T748 -26
Cover_T749 52
Cover_T750 -28
Cover_T751 40
Cover_T752 -28
Cover_T753 40
Cover_T754 -30
Cover_T755 52
Cover_T756 -30
Cover_T757 36
Cover_T758 -30
Cover_T759 32
Cover_T760 -32
Cover_T761 32
Cover_T762 -36
Cover_T763 34
Cover_T764 -32
Cover_T765 34
Cover_T766 -32
Cover_T767 34
Cover_T768 -34
Cover_T769 44
Cover_T770 -32
Cover_T771 54
Cover_T772 -34
Cover_T773 38
Cover_T774 -38
Cover_T775 50
Cover_T776 -34
Cover_T777 56
Cover_T778 -34
Cover_T779 60
Cover_T780 -36
Cover_T781 54
Cover_T782 -40
Cover_T783 50
Cover_T784 -38
Cover_T785 52
Cover_T786 -40
Cover_T787 58
Cover_T788 -40
Cover_T789 56
Cover_T790 -40
Cover_T791 56
Cover_T792 -40
Cover_T793 62
Cover_T794 -44
Cover_T795 62
Cover_T796 -44
Cover_T797 52
Cover_T798 -46
Cover_T799 54
Cover_T800 -46
Cover_T801 52
Cover_T802 -46
Cover_T803 58
Cover_T804 -50
Cover_T805 52
Cover_T806 30
Cover_T807 -2.52072e-10
Cover_T808 24
Cover_T809 6
Cover_T810 20
Cover_T811 6
Cover_T812 16
Cover_T813 -2.22258e-11
Cover_T814 34
Cover_T815 0
Cover_T816 12
Cover_T817 26
Cover_T818 108
Cover_T819 8
Cover_T820 96
Cover_T821 38
Cover_T822 84
Cover_T823 52
Cover_T824 66
Cover_T825 974
Cover_T826 1044
Cover_T827 986
Cover_T828 1042
Cover_T829 998
Cover_T830 1018
Cover_T831 896
Cover_T832 1042
Cover_T833 908
Cover_T834 1006
Cover_T835 920
Cover_T836 992
Cover_T837 932
Cover_T838 14
Cover_T839 -30
Cover_T840 40
Cover_T841 -26
Cover_T842 48
Cover_T843 14
Cover_T844 0
Cover_T845 56
Cover_T846 -6
Cover_T847 66
Cover_T848 -8
Cover_T849 62
Cover_T850 0
Cover_T851 74
Cover_T852 86
Cover_T853 86
Cover_T854 88
Cover_T855 94
Cover_T856 62
Cover_T857 114
Cover_T858 76
Cover_T859 74
Cover_T860 26
Cover_T861 0
Cover_T862 0
Cover_T863 0
Cover_T864 46
Cover_T865 0
Cover_T866 34
Cover_T867 6
Cover_T868 20
Cover_T869 26
Cover_T870 16
Cover_T871 46
Cover_T872 30
Cover_T873 2
Cover_T874 0
Cover_T875 0
Cover_T876 20
Cover_T877 12
Cover_T878 18
Cover_T879 6
Cover_T880 20
Cover_T881 32
Cover_T882 18
Count_D0 -984
Count_D1 -1000
Max_H0_P0 0
Max_H0_P1 0
Max_H0_P2 0
Max_H0_P3 0
Max_H0_P4 0
Max_H0_P5 0
Max_H0_P6 -2.45053e-09
Max_H0_P7 0
Max_H0_P8 0
Max_H0_P9 0
Max_H0_P10 0
Max_H0_P11 0
Max_H0_P12 0
Max_H0_P13 0
Max_H0_P14 0
Max_H0_P15 1.98674e-11
Max_H0_P16 -1.32871e-12
Max_H0_P17 0
Max_H0_P18 2.50022e-13
Max_H0_P19 0
Max_H0_P20 -9.03055e-12
Max_H0_P21 8.2423e-12
Max_H0_P22 1.61099e-11
Max_H0_P23 -7.11279e-12
Max_H0_P24 -1.39462e-11
Max_H0_P25 7.24564e-12
Max_H0_P26 -4.59255e-12
Max_H0_P27 -2.07976e-11
Max_H0_P28 1.22178e-11
Max_H0_P29 0
Max_H0_P30 2.86909e-11
Max_H0_P31 -3.20872e-11
Max_H0_P32 4.99464e-12
Max_H0_P33 -3.08731e-12
Max_H0_P34 -7.90231e-11
Max_H0_P35 6.33734e-11
Max_H0_P36 -5.222e-11
Max_H0_P37 -2.01084e-12
Max_H0_P38 4.43379e-12
Max_H0_P39 -3.09477e-11
Max_H0_P40 3.85559e-11
Max_H0_P41 -7.57261e-12
Max_H0_P42 3.4782e-11
Max_H0_P43 -1.12604e-10
Max_H0_P44 0
Max_H0_P45 -1.48637e-12
Max_H0_P46 0
Max_H0_P47 0
Max_H0_P48 0
Max_H0_P49 0
Max_H0_P50 0
Max_H0_P51 0
Max_H0_P52 0
Max_H0_P53 0
Max_H0_P54 0
Max_H0_P55 -0
Max_H0_P56 0
Max_H0_P57 0
Max_H0_P58 0
Max_H0_P59 0
Max_H0_P60 2.61187e-11
Max_H0_P61 3.37774e-11
Max_H0_P62 0
Max_H0_P63 0
Max_H0_P64 0
Max_H0_P65 0
Max_H0_P66 0
Max_H0_P67 0
Max_H0_P68 0
Max_H0_P69 0
Max_H0_P70 0
Max_H0_P71 0
Max_H0_P72 0
Max_H0_P73 0
Max_H0_P74 0
Max_H0_P75 0
Max_H0_P76 0
Max_H0_P77 0
Max_H0_P78 0
Max_H0_P79 0
Max_H0_P80 0
Max_H0_P81 0
Max_H1_P0 0
Max_H1_P1 0
Max_H1_P2 0
Max_H1_P3 0
Max_H1_P4 -1.52175e-12
Max_H1_P5 -3.97904e-13
Max_H1_P6 -2.45013e-09
Max_H1_P7 0
Max_H1_P8 0
Max_H1_P9 0
Max_H1_P10 0
Max_H1_P11 0
Max_H1_P12 0
Max_H1_P13 0
Max_H1_P14 0
Max_H1_P15 0
Max_H1_P16 2.05929e-11
Max_H1_P17 1.14255e-11
Max_H1_P18 2.89293e-11
Max_H1_P19 -2.15326e-11
Max_H1_P20 -3.75806e-11
Max_H1_P21 -1.92124e-11
Max_H1_P22 2.66684e-11
Max_H1_P23 -4.07674e-13
Max_H1_P24 -1.81899e-11
Max_H1_P25 1.33511e-11
Max_H1_P26 -4.68621e-11
Max_H1_P27 -1.53774e-11
Max_H1_P28 2.22597e-11
Max_H1_P29 -1.25602e-11
Max_H1_P30 5.08539e-11
Max_H1_P31 -5.24269e-11
Max_H1_P32 -2.00093e-11
Max_H1_P33 -6.52802e-13
Max_H1_P34 -6.90363e-11
Max_H1_P35 7.42308e-11
Max_H1_P36 -3.40172e-11
Max_H1_P37 -2.47695e-11
Max_H1_P38 -7.63123e-12
Max_H1_P39 1.77351e-11
Max_H1_P40 2.9388e-11
Max_H1_P41 -5.1629e-11
Max_H1_P42 -2.47009e-11
Max_H1_P43 -1.70358e-10
Max_H1_P44 0
Max_H1_P45 0
Max_H1_P46 0
Max_H1_P47 0
Max_H1_P48 0
Max_H1_P49 0
Max_H1_P50 0
Max_H1_P51 0
Max_H1_P52 0
Max_H1_P53 0
Max_H1_P54 -8.69971e-12
Max_H1_P55 0
Max_H1_P56 -1.49702e-11
Max_H1_P57 0
Max_H1_P58 -3.98721e-11
Max_H1_P59 7.05155e-12
Max_H1_P60 1.2756e-11
Max_H1_P61 0
Max_H1_P62 0
Max_H1_P63 4.22862e-12
Max_H1_P64 -1.01994e-11
Max_H1_P65 0
Max_H1_P66 -2.08651e-11
Max_H1_P67 0
Max_H1_P68 0
Max_H1_P69 0
Max_H1_P70 0
Max_H1_P71 5.00264e-11
Max_H1_P72 0
Max_H1_P73 0
Max_H1_P74 0
Max_H1_P75 0
Max_H1_P76 6.59952e-11
Max_H1_P77 -2.70077e-11
Max_H1_P78 -3.89875e-11
Max_H1_P79 0
Max_H1_P80 0
Max_H1_P81 0
