
Branch and bound

  Entire solving process        :                           (Time   1272.5)
  No feasible solution was found
  Best relaxation cost          :     60568.17 (Node     0) (Time   1272.5)
  Lower bound after cuts        :     60568.17
  End lower bound               :     60568.17
  Deepest level reached         : 0
  Deepest real level reached    : 0
  Number of real nodes solved   : 1
  Stopping condition            : enough nodes explored

Problem identification

  Problem                       : <null>
  Machine                       : oslo2.gerad.lan

Solving process summary

  Linear relaxations            :        1
  Column generation iterations  :      261
  Shortest paths solved         :     5532
  Columns generated             :    62215

Instance characteristics

  Resources                     : 3
  Node types                    : no
  Arc types                     : no
  Strong resource windows       : no
  Weak resource windows         : no
  Resource windows (nodes)      : 3
  Resource values (arcs)        : 3
  Values on nodes               : no

  Rows                          : 1049
  Initial columns               : 2
  Tasks                         : 887
  Strong tasks                  : 883
  Weak tasks                    : 4
  Initial task constraints      : no
  Nodes                         : 1215
  Arc sets                      : 1
  Arcs                          : 35752
  Networks                      : 2
  Models                        : 1

Memory used per module (Megs)

  Parser (reused)               :      7.394
  Networks                      :     31.482
  Column generator              :     13.198
  Master problem                :     10.184
  -----------------
  Total                         :     54.865

Cpu time per module (seconds)

  Parser                        :        0.0
  Preprocessor                  :        0.0
  Lr solver manager             :        0.2
  Column generator              :      137.2
    (Shortest path)             :      127.3
  Master problem                :     1135.1
  -------------------
  Total (without b&b)           :     1272.5

Real elapsed time (seconds)

  Parser                        :        0.0
  Preprocessor                  :        0.0
  Lr solver manager             :        0.1
  Column generator              :      137.4
    (Shortest path)             :      127.4
  Master problem                :     1136.8
  -------------------
  Total (without b&b)           :     1274.4
