Cover_T0 52
Cover_T1 -52
Cover_T2 52
Cover_T3 -52
Cover_T4 52
Cover_T5 -52
Cover_T6 52
Cover_T7 -52
Cover_T8 54
Cover_T9 -52
Cover_T10 54
Cover_T11 -50
Cover_T12 54
Cover_T13 -50
Cover_T14 54
Cover_T15 -50
Cover_T16 54
Cover_T17 -50
Cover_T18 54
Cover_T19 -50
Cover_T20 56
Cover_T21 -48
Cover_T22 56
Cover_T23 -48
Cover_T24 52
Cover_T25 -48
Cover_T26 56
Cover_T27 -48
Cover_T28 56
Cover_T29 -48
Cover_T30 56
Cover_T31 -46
Cover_T32 54
Cover_T33 -46
Cover_T34 50
Cover_T35 -46
Cover_T36 54
Cover_T37 -46
Cover_T38 52
Cover_T39 -46
Cover_T40 50
Cover_T41 -44
Cover_T42 50
Cover_T43 -44
Cover_T44 50
Cover_T45 -44
Cover_T46 56
Cover_T47 1.18283e-08
Cover_T48 66
Cover_T49 -16
Cover_T50 58
Cover_T51 -32
Cover_T52 1042
Cover_T53 994
Cover_T54 1044
Cover_T55 996
Cover_T56 1008
Cover_T57 988
Cover_T58 1026
Cover_T59 994
Cover_T60 1036
Cover_T61 2
Cover_T62 4
Cover_T63 -2
Cover_T64 4
Cover_T65 -2.09564e-09
Cover_T66 0
Cover_T67 10
Cover_T68 -9.50539e-12
Cover_T69 6
Cover_T70 1.67938e-09
Cover_T71 4
Cover_T72 2
Cover_T73 8
Cover_T74 4
Cover_T75 6.64159e-10
Cover_T76 -5.47075e-10
Cover_T77 4
Cover_T78 -12
Cover_T79 4
Cover_T80 -40
Cover_T81 8
Cover_T82 -4
Cover_T83 20
Cover_T84 -4
Cover_T85 48
Cover_T86 -10
Cover_T87 12
Cover_T88 -8
Cover_T89 12
Cover_T90 -1.42978e-09
Cover_T91 10
Cover_T92 -20
Cover_T93 0
Cover_T94 -40
Cover_T95 20
Cover_T96 -4
Cover_T97 8
Cover_T98 -4.25548e-12
Cover_T99 28
Cover_T100 4
Cover_T101 48
Cover_T102 -2
Cover_T103 12
Cover_T104 -2
Cover_T105 8
Cover_T106 4
Cover_T107 4
Cover_T108 -16
Cover_T109 10
Cover_T110 -36
Cover_T111 10
Cover_T112 2
Cover_T113 4
Cover_T114 4
Cover_T115 20
Cover_T116 -12
Cover_T117 36
Cover_T118 0
Cover_T119 52
Cover_T120 2
Cover_T121 10
Cover_T122 -14
Cover_T123 6
Cover_T124 -8
Cover_T125 22
Cover_T126 -24
Cover_T127 10
Cover_T128 -1.2927e-08
Cover_T129 14
Cover_T130 -7.15528e-10
Cover_T131 20
Cover_T132 1.20053e-10
Cover_T133 8
Cover_T134 -8
Cover_T135 8
Cover_T136 -36
Cover_T137 8
Cover_T138 4
Cover_T139 4
Cover_T140 2
Cover_T141 20
Cover_T142 2
Cover_T143 36
Cover_T144 4
Cover_T145 52
Cover_T146 -10
Cover_T147 6
Cover_T148 -26
Cover_T149 2
Cover_T150 -42
Cover_T151 10
Cover_T152 2
Cover_T153 6
Cover_T154 -14
Cover_T155 22
Cover_T156 -30
Cover_T157 40
Cover_T158 -8
Cover_T159 58
Cover_T160 -24
Cover_T161 16
Cover_T162 -40
Cover_T163 32
Cover_T164 2
Cover_T165 50
Cover_T166 -2
Cover_T167 30
Cover_T168 2
Cover_T169 42
Cover_T170 3.02777e-09
Cover_T171 54
Cover_T172 -4
Cover_T173 12
Cover_T174 -8
Cover_T175 10
Cover_T176 -2
Cover_T177 18
Cover_T178 -8
Cover_T179 12
Cover_T180 -18
Cover_T181 8
Cover_T182 -8
Cover_T183 10
Cover_T184 -8
Cover_T185 10
Cover_T186 -14
Cover_T187 10
Cover_T188 -10
Cover_T189 12
Cover_T190 -8
Cover_T191 24
Cover_T192 -20
Cover_T193 16
Cover_T194 -14
Cover_T195 14
Cover_T196 -10
Cover_T197 24
Cover_T198 -8
Cover_T199 20
Cover_T200 -14
Cover_T201 16
Cover_T202 -14
Cover_T203 32
Cover_T204 -10
Cover_T205 26
Cover_T206 -10
Cover_T207 22
Cover_T208 -14
Cover_T209 32
Cover_T210 -14
Cover_T211 20
Cover_T212 -28
Cover_T213 54
Cover_T214 -16
Cover_T215 28
Cover_T216 -16
Cover_T217 26
Cover_T218 -22
Cover_T219 42
Cover_T220 -38
Cover_T221 58
Cover_T222 -18
Cover_T223 34
Cover_T224 -18
Cover_T225 38
Cover_T226 -18
Cover_T227 42
Cover_T228 -18
Cover_T229 62
Cover_T230 -18
Cover_T231 42
Cover_T232 -26
Cover_T233 34
Cover_T234 -36
Cover_T235 48
Cover_T236 -24
Cover_T237 52
Cover_T238 -24
Cover_T239 50
Cover_T240 -28
Cover_T241 48
Cover_T242 -30
Cover_T243 64
Cover_T244 -34
Cover_T245 50
Cover_T246 -42
Cover_T247 50
Cover_T248 -42
Cover_T249 60
Cover_T250 -42
Cover_T251 62
Cover_T252 -42
Cover_T253 62
Cover_T254 -42
Cover_T255 62
Cover_T256 52
Cover_T257 -50
Cover_T258 52
Cover_T259 -48
Cover_T260 56
Cover_T261 -48
Cover_T262 54
Cover_T263 -48
Cover_T264 56
Cover_T265 -48
Cover_T266 54
Cover_T267 -46
Cover_T268 54
Cover_T269 -46
Cover_T270 54
Cover_T271 -46
Cover_T272 50
Cover_T273 -48
Cover_T274 48
Cover_T275 -46
Cover_T276 48
Cover_T277 -44
Cover_T278 52
Cover_T279 -44
Cover_T280 50
Cover_T281 -44
Cover_T282 58
Cover_T283 -46
Cover_T284 50
Cover_T285 -2
Cover_T286 68
Cover_T287 -10
Cover_T288 58
Cover_T289 -18
Cover_T290 58
Cover_T291 -26
Cover_T292 50
Cover_T293 -34
Cover_T294 1046
Cover_T295 -52
Cover_T296 1046
Cover_T297 990
Cover_T298 1004
Cover_T299 978
Cover_T300 1012
Cover_T301 986
Cover_T302 1020
Cover_T303 984
Cover_T304 1024
Cover_T305 992
Cover_T306 1032
Cover_T307 -2
Cover_T308 1044
Cover_T309 -4.85724e-08
Cover_T310 8
Cover_T311 4.65079e-10
Cover_T312 -2.36059e-10
Cover_T313 12
Cover_T314 4
Cover_T315 16
Cover_T316 0
Cover_T317 0
Cover_T318 -6.70823e-10
Cover_T319 4
Cover_T320 9.112e-11
Cover_T321 2
Cover_T322 6.43411e-11
Cover_T323 0
Cover_T324 -8
Cover_T325 0
Cover_T326 -12
Cover_T327 0
Cover_T328 -32
Cover_T329 12
Cover_T330 4
Cover_T331 24
Cover_T332 4
Cover_T333 52
Cover_T334 -2
Cover_T335 16
Cover_T336 2.0755e-11
Cover_T337 16
Cover_T338 4
Cover_T339 22
Cover_T340 -24
Cover_T341 20
Cover_T342 4
Cover_T343 16
Cover_T344 0
Cover_T345 44
Cover_T346 -2
Cover_T347 10
Cover_T348 -8
Cover_T349 6
Cover_T350 -8
Cover_T351 2
Cover_T352 -2
Cover_T353 8
Cover_T354 -22
Cover_T355 8
Cover_T356 -42
Cover_T357 2
Cover_T358 -4
Cover_T359 22
Cover_T360 -4
Cover_T361 42
Cover_T362 -3.10491e-10
Cover_T363 4
Cover_T364 2
Cover_T365 4
Cover_T366 4
Cover_T367 0
Cover_T368 -16
Cover_T369 -2
Cover_T370 4
Cover_T371 16
Cover_T372 4
Cover_T373 10
Cover_T374 0
Cover_T375 26
Cover_T376 0
Cover_T377 2
Cover_T378 -4
Cover_T379 2
Cover_T380 -9.29327e-09
Cover_T381 6
Cover_T382 -16
Cover_T383 6
Cover_T384 -32
Cover_T385 16
Cover_T386 2
Cover_T387 24
Cover_T388 4
Cover_T389 52
Cover_T390 -4
Cover_T391 4
Cover_T392 -32
Cover_T393 -3.24003e-09
Cover_T394 4
Cover_T395 12
Cover_T396 -10
Cover_T397 30
Cover_T398 -26
Cover_T399 50
Cover_T400 -4
Cover_T401 6
Cover_T402 -20
Cover_T403 28
Cover_T404 -36
Cover_T405 44
Cover_T406 0
Cover_T407 22
Cover_T408 1.06611e-09
Cover_T409 38
Cover_T410 1.91201e-09
Cover_T411 60
Cover_T412 -2
Cover_T413 8
Cover_T414 -6
Cover_T415 10
Cover_T416 -8
Cover_T417 8
Cover_T418 -8
Cover_T419 10
Cover_T420 -8
Cover_T421 10
Cover_T422 -8
Cover_T423 24
Cover_T424 -10
Cover_T425 16
Cover_T426 -8
Cover_T427 20
Cover_T428 -8
Cover_T429 20
Cover_T430 -8
Cover_T431 18
Cover_T432 -10
Cover_T433 22
Cover_T434 -12
Cover_T435 22
Cover_T436 -10
Cover_T437 18
Cover_T438 -16
Cover_T439 26
Cover_T440 -12
Cover_T441 26
Cover_T442 -22
Cover_T443 20
Cover_T444 -34
Cover_T445 22
Cover_T446 -46
Cover_T447 28
Cover_T448 -16
Cover_T449 24
Cover_T450 -14
Cover_T451 30
Cover_T452 -20
Cover_T453 42
Cover_T454 -30
Cover_T455 54
Cover_T456 -46
Cover_T457 18
Cover_T458 -26
Cover_T459 28
Cover_T460 -20
Cover_T461 54
Cover_T462 -40
Cover_T463 34
Cover_T464 -24
Cover_T465 20
Cover_T466 -24
Cover_T467 48
Cover_T468 -34
Cover_T469 60
Cover_T470 -24
Cover_T471 38
Cover_T472 -20
Cover_T473 38
Cover_T474 -24
Cover_T475 40
Cover_T476 -34
Cover_T477 44
Cover_T478 -42
Cover_T479 48
Cover_T480 -24
Cover_T481 48
Cover_T482 -28
Cover_T483 36
Cover_T484 -44
Cover_T485 50
Cover_T486 -30
Cover_T487 60
Cover_T488 -38
Cover_T489 54
Cover_T490 -36
Cover_T491 60
Cover_T492 -38
Cover_T493 58
Cover_T494 -38
Cover_T495 64
Cover_T496 -42
Cover_T497 62
Cover_T498 -44
Cover_T499 58
Cover_T500 -46
Cover_T501 56
Cover_T502 -46
Cover_T503 56
Cover_T504 -46
Cover_T505 50
Cover_T506 -46
Cover_T507 54
Cover_T508 -46
Cover_T509 52
Cover_T510 -44
Cover_T511 48
Cover_T512 -44
Cover_T513 60
Cover_T514 0
Cover_T515 64
Cover_T516 -16
Cover_T517 54
Cover_T518 -22
Cover_T519 58
Cover_T520 -30
Cover_T521 50
Cover_T522 -38
Cover_T523 1040
Cover_T524 994
Cover_T525 1042
Cover_T526 992
Cover_T527 1042
Cover_T528 994
Cover_T529 1044
Cover_T530 994
Cover_T531 1046
Cover_T532 990
Cover_T533 1000
Cover_T534 996
Cover_T535 1006
Cover_T536 982
Cover_T537 1016
Cover_T538 988
Cover_T539 1016
Cover_T540 988
Cover_T541 1016
Cover_T542 996
Cover_T543 1040
Cover_T544 2
Cover_T545 -2
Cover_T546 -2
Cover_T547 6
Cover_T548 -2
Cover_T549 4
Cover_T550 2
Cover_T551 0
Cover_T552 -1.57292e-09
Cover_T553 6
Cover_T554 2
Cover_T555 4
Cover_T556 14
Cover_T557 -5.70602e-10
Cover_T558 2
Cover_T559 4
Cover_T560 14
Cover_T561 -3.87272e-11
Cover_T562 4
Cover_T563 0
Cover_T564 2
Cover_T565 0
Cover_T566 0
Cover_T567 4
Cover_T568 0
Cover_T569 1.50709e-09
Cover_T570 -2
Cover_T571 -20
Cover_T572 4
Cover_T573 -40
Cover_T574 8
Cover_T575 4
Cover_T576 4
Cover_T577 -14
Cover_T578 4
Cover_T579 -2
Cover_T580 20
Cover_T581 4
Cover_T582 36
Cover_T583 -12
Cover_T584 52
Cover_T585 2
Cover_T586 4
Cover_T587 -14
Cover_T588 20
Cover_T589 2
Cover_T590 8
Cover_T591 -14
Cover_T592 4
Cover_T593 -34
Cover_T594 24
Cover_T595 2
Cover_T596 14
Cover_T597 4
Cover_T598 2
Cover_T599 9.71401e-12
Cover_T600 22
Cover_T601 4
Cover_T602 42
Cover_T603 4
Cover_T604 10
Cover_T605 2
Cover_T606 0
Cover_T607 -26
Cover_T608 4
Cover_T609 4
Cover_T610 12
Cover_T611 -4
Cover_T612 12
Cover_T613 2
Cover_T614 32
Cover_T615 0
Cover_T616 52
Cover_T617 2
Cover_T618 14
Cover_T619 -18
Cover_T620 14
Cover_T621 2
Cover_T622 6
Cover_T623 -2
Cover_T624 8
Cover_T625 -8
Cover_T626 2
Cover_T627 4
Cover_T628 18
Cover_T629 -12
Cover_T630 34
Cover_T631 -8
Cover_T632 10
Cover_T633 -24
Cover_T634 10
Cover_T635 -40
Cover_T636 14
Cover_T637 -5.14378e-10
Cover_T638 2
Cover_T639 4
Cover_T640 16
Cover_T641 0
Cover_T642 8
Cover_T643 -4
Cover_T644 20
Cover_T645 2
Cover_T646 32
Cover_T647 -8
Cover_T648 44
Cover_T649 -20
Cover_T650 0
Cover_T651 -32
Cover_T652 8
Cover_T653 -44
Cover_T654 6
Cover_T655 4
Cover_T656 5.57814e-09
Cover_T657 -8
Cover_T658 14
Cover_T659 -24
Cover_T660 18
Cover_T661 -6
Cover_T662 38
Cover_T663 -26
Cover_T664 56
Cover_T665 -46
Cover_T666 18
Cover_T667 0
Cover_T668 44
Cover_T669 2
Cover_T670 26
Cover_T671 2
Cover_T672 38
Cover_T673 -4
Cover_T674 50
Cover_T675 -8
Cover_T676 62
Cover_T677 -2
Cover_T678 10
Cover_T679 -4
Cover_T680 14
Cover_T681 -22
Cover_T682 8
Cover_T683 -12
Cover_T684 8
Cover_T685 -8
Cover_T686 8
Cover_T687 -18
Cover_T688 8
Cover_T689 -14
Cover_T690 8
Cover_T691 -14
Cover_T692 14
Cover_T693 -12
Cover_T694 32
Cover_T695 -12
Cover_T696 10
Cover_T697 -8
Cover_T698 24
Cover_T699 -12
Cover_T700 26
Cover_T701 -8
Cover_T702 26
Cover_T703 -10
Cover_T704 26
Cover_T705 -10
Cover_T706 26
Cover_T707 -20
Cover_T708 24
Cover_T709 -36
Cover_T710 28
Cover_T711 -14
Cover_T712 20
Cover_T713 -14
Cover_T714 22
Cover_T715 -22
Cover_T716 24
Cover_T717 -40
Cover_T718 34
Cover_T719 -16
Cover_T720 50
Cover_T721 -16
Cover_T722 30
Cover_T723 -20
Cover_T724 30
Cover_T725 -38
Cover_T726 38
Cover_T727 -18
Cover_T728 54
Cover_T729 -18
Cover_T730 34
Cover_T731 -18
Cover_T732 34
Cover_T733 -18
Cover_T734 42
Cover_T735 -18
Cover_T736 64
Cover_T737 -30
Cover_T738 46
Cover_T739 -30
Cover_T740 46
Cover_T741 -24
Cover_T742 40
Cover_T743 -28
Cover_T744 72
Cover_T745 -34
Cover_T746 60
Cover_T747 -32
Cover_T748 62
Cover_T749 -38
Cover_T750 60
Cover_T751 -38
Cover_T752 66
Cover_T753 -42
Cover_T754 64
Cover_T755 -42
Cover_T756 60
Cover_T757 -44
Cover_T758 58
Cover_T759 32
Cover_T760 5.72666e-09
Cover_T761 20
Cover_T762 2
Cover_T763 16
Cover_T764 5.43935e-09
Cover_T765 22
Cover_T766 2
Cover_T767 80
Cover_T768 48
Cover_T769 68
Cover_T770 24
Cover_T771 56
Cover_T772 24
Cover_T773 1048
Cover_T774 12
Cover_T775 1094
Cover_T776 1030
Cover_T777 1082
Cover_T778 1044
Cover_T779 1092
Cover_T780 966
Cover_T781 1040
Cover_T782 982
Cover_T783 1050
Cover_T784 994
Cover_T785 1050
Cover_T786 0
Cover_T787 1050
Cover_T788 -38
Cover_T789 52
Cover_T790 -32
Cover_T791 54
Cover_T792 -14
Cover_T793 52
Cover_T794 14
Cover_T795 52
Cover_T796 52
Cover_T797 -16
Cover_T798 54
Cover_T799 12
Cover_T800 34
Cover_T801 12
Cover_T802 54
Cover_T803 0
Cover_T804 58
Cover_T805 0
Cover_T806 64
Cover_T807 52
Cover_T808 0
Cover_T809 42
Cover_T810 0
Cover_T811 22
Cover_T812 10
Cover_T813 6
Cover_T814 22
Cover_T815 46
Cover_T816 -12
Cover_T817 0
Cover_T818 30
Cover_T819 30
Cover_T820 14
Cover_T821 38
Cover_T822 24
Count_D0 -984
Count_D1 -1000
Max_H0_P0 0
Max_H0_P1 0
Max_H0_P2 0
Max_H0_P3 0
Max_H0_P4 0
Max_H0_P5 0
Max_H0_P6 -2.74459e-08
Max_H0_P7 0
Max_H0_P8 0
Max_H0_P9 0
Max_H0_P10 1.32388e-10
Max_H0_P11 0
Max_H0_P12 0
Max_H0_P13 0
Max_H0_P14 0
Max_H0_P15 -1.59255e-10
Max_H0_P16 4.44079e-11
Max_H0_P17 1.03316e-10
Max_H0_P18 -3.40086e-12
Max_H0_P19 2.85978e-11
Max_H0_P20 -9.99023e-11
Max_H0_P21 -3.38281e-11
Max_H0_P22 -1.14558e-10
Max_H0_P23 -6.13909e-12
Max_H0_P24 0
Max_H0_P25 -5.9372e-12
Max_H0_P26 -1.05132e-10
Max_H0_P27 1.39998e-10
Max_H0_P28 -1.43196e-10
Max_H0_P29 5.1684e-11
Max_H0_P30 -1.55254e-12
Max_H0_P31 -8.85354e-11
Max_H0_P32 -1.48249e-10
Max_H0_P33 6.11689e-13
Max_H0_P34 -1.18461e-10
Max_H0_P35 -1.96407e-10
Max_H0_P36 -5.35011e-11
Max_H0_P37 4.52454e-11
Max_H0_P38 -1.47278e-11
Max_H0_P39 1.22453e-11
Max_H0_P40 0
Max_H0_P41 3.26281e-11
Max_H0_P42 -2.70322e-10
Max_H0_P43 0
Max_H0_P44 -2.56705e-10
Max_H0_P45 -5.8783e-10
Max_H0_P46 0
Max_H0_P47 0
Max_H0_P48 0
Max_H0_P49 0
Max_H0_P50 0
Max_H0_P51 0
Max_H0_P52 0
Max_H0_P53 0
Max_H0_P54 0
Max_H0_P55 0
Max_H0_P56 0
Max_H0_P57 0
Max_H0_P58 0
Max_H0_P59 0
Max_H0_P60 -4.24222e-10
Max_H0_P61 0
Max_H0_P62 0
Max_H0_P63 0
Max_H0_P64 0
Max_H0_P65 0
Max_H0_P66 0
Max_H0_P67 0
Max_H0_P68 0
Max_H0_P69 0
Max_H0_P70 0
Max_H0_P71 0
Max_H0_P72 0
Max_H0_P73 0
Max_H0_P74 0
Max_H0_P75 0
Max_H0_P76 0
Max_H0_P77 0
Max_H0_P78 0
Max_H0_P79 0
Max_H0_P80 0
Max_H0_P81 0
Max_H1_P0 0
Max_H1_P1 0
Max_H1_P2 0
Max_H1_P3 0
Max_H1_P4 -4.40608e-11
Max_H1_P5 0
Max_H1_P6 -2.74686e-08
Max_H1_P7 -2.71491e-10
Max_H1_P8 0
Max_H1_P9 0
Max_H1_P10 2.91643e-10
Max_H1_P11 0
Max_H1_P12 0
Max_H1_P13 0
Max_H1_P14 0
Max_H1_P15 0
Max_H1_P16 -1.35052e-11
Max_H1_P17 6.46791e-11
Max_H1_P18 7.66525e-11
Max_H1_P19 0
Max_H1_P20 5.36016e-11
Max_H1_P21 -2.02746e-10
Max_H1_P22 -1.09452e-10
Max_H1_P23 -2.03348e-10
Max_H1_P24 3.02373e-12
Max_H1_P25 -1.03857e-10
Max_H1_P26 -1.03857e-10
Max_H1_P27 -4.189e-11
Max_H1_P28 -9.59158e-11
Max_H1_P29 -7.36884e-11
Max_H1_P30 -2.0037e-11
Max_H1_P31 -1.31456e-10
Max_H1_P32 -1.47743e-10
Max_H1_P33 -8.34506e-11
Max_H1_P34 1.80535e-10
Max_H1_P35 -2.49908e-10
Max_H1_P36 -9.4952e-11
Max_H1_P37 1.02748e-10
Max_H1_P38 1.02833e-10
Max_H1_P39 -2.48246e-12
Max_H1_P40 -2.22968e-10
Max_H1_P41 0
Max_H1_P42 -1.83198e-10
Max_H1_P43 0
Max_H1_P44 -3.76533e-10
Max_H1_P45 -6.00134e-10
Max_H1_P46 4.16259e-10
Max_H1_P47 0
Max_H1_P48 0
Max_H1_P49 0
Max_H1_P50 0
Max_H1_P51 0
Max_H1_P52 0
Max_H1_P53 0
Max_H1_P54 0
Max_H1_P55 0
Max_H1_P56 0
Max_H1_P57 1.25118e-10
Max_H1_P58 1.42077e-11
Max_H1_P59 0
Max_H1_P60 -2.04478e-10
Max_H1_P61 0
Max_H1_P62 0
Max_H1_P63 1.35258e-10
Max_H1_P64 0
Max_H1_P65 0
Max_H1_P66 0
Max_H1_P67 0
Max_H1_P68 0
Max_H1_P69 1.11819e-10
Max_H1_P70 0
Max_H1_P71 0
Max_H1_P72 0
Max_H1_P73 0
Max_H1_P74 0
Max_H1_P75 0
Max_H1_P76 0
Max_H1_P77 -1.85516e-10
Max_H1_P78 0
Max_H1_P79 0
Max_H1_P80 0
Max_H1_P81 0
