
Branch and bound

  Entire solving process        :                           (Time   2742.2)
  No feasible solution was found
  Best relaxation cost          :     64986.26 (Node     0) (Time   2742.1)
  Lower bound after cuts        :     64986.26
  End lower bound               :     64986.26
  Deepest level reached         : 0
  Deepest real level reached    : 0
  Number of real nodes solved   : 1
  Stopping condition            : enough nodes explored

Problem identification

  Problem                       : <null>
  Machine                       : oslo1.gerad.lan

Solving process summary

  Linear relaxations            :        1
  Column generation iterations  :      289
  Shortest paths solved         :     7023
  Columns generated             :    88614

Instance characteristics

  Resources                     : 3
  Node types                    : no
  Arc types                     : no
  Strong resource windows       : no
  Weak resource windows         : no
  Resource windows (nodes)      : 3
  Resource values (arcs)        : 3
  Values on nodes               : no

  Rows                          : 1167
  Initial columns               : 2
  Tasks                         : 1005
  Strong tasks                  : 1001
  Weak tasks                    : 4
  Initial task constraints      : no
  Nodes                         : 1333
  Arc sets                      : 1
  Arcs                          : 44115
  Networks                      : 2
  Models                        : 1

Memory used per module (Megs)

  Parser (reused)               :      9.089
  Networks                      :     36.205
  Column generator              :     15.862
  Master problem                :     11.349
  -----------------
  Total                         :     63.416

Cpu time per module (seconds)

  Parser                        :        0.1
  Preprocessor                  :        0.0
  Lr solver manager             :        0.5
  Column generator              :      315.5
    (Shortest path)             :      285.2
  Master problem                :     2426.1
  -------------------
  Total (without b&b)           :     2742.1

Real elapsed time (seconds)

  Parser                        :        0.1
  Preprocessor                  :        0.0
  Lr solver manager             :        0.5
  Column generator              :      315.4
    (Shortest path)             :      285.4
  Master problem                :     2426.1
  -------------------
  Total (without b&b)           :     2742.2
