
Branch and bound

  Entire solving process        :                           (Time     56.9)
  No feasible solution was found
  Best relaxation cost          :     36999.92 (Node     0) (Time     56.9)
  Lower bound after cuts        :     36999.92
  End lower bound               :     36999.92
  Deepest level reached         : 0
  Deepest real level reached    : 0
  Number of real nodes solved   : 1
  Stopping condition            : enough nodes explored

Problem identification

  Problem                       : <null>
  Machine                       : oslo3.gerad.lan

Solving process summary

  Linear relaxations            :        1
  Column generation iterations  :      134
  Shortest paths solved         :     2799
  Columns generated             :    24441

Instance characteristics

  Resources                     : 3
  Node types                    : no
  Arc types                     : no
  Strong resource windows       : no
  Weak resource windows         : no
  Resource windows (nodes)      : 3
  Resource values (arcs)        : 3
  Values on nodes               : no

  Rows                          : 707
  Initial columns               : 2
  Tasks                         : 545
  Strong tasks                  : 541
  Weak tasks                    : 4
  Initial task constraints      : no
  Nodes                         : 873
  Arc sets                      : 1
  Arcs                          : 15427
  Networks                      : 2
  Models                        : 1

Memory used per module (Megs)

  Parser (reused)               :      3.519
  Networks                      :     20.100
  Column generator              :      6.660
  Master problem                :      7.236
  -----------------
  Total                         :     33.996

Cpu time per module (seconds)

  Parser                        :        0.0
  Preprocessor                  :        0.0
  Lr solver manager             :        0.0
  Column generator              :       10.7
    (Shortest path)             :        9.2
  Master problem                :       46.2
  -------------------
  Total (without b&b)           :       56.9

Real elapsed time (seconds)

  Parser                        :        0.0
  Preprocessor                  :        0.0
  Lr solver manager             :        0.0
  Column generator              :       10.6
    (Shortest path)             :        9.1
  Master problem                :       46.3
  -------------------
  Total (without b&b)           :       56.9
