
Branch and bound

  Entire solving process        :                           (Time    286.7)
  No feasible solution was found
  Best relaxation cost          :     41737.37 (Node     0) (Time    286.7)
  Lower bound after cuts        :     41737.37
  End lower bound               :     41737.37
  Deepest level reached         : 0
  Deepest real level reached    : 0
  Number of real nodes solved   : 1
  Stopping condition            : enough nodes explored

Problem identification

  Problem                       : <null>
  Machine                       : oslo1.gerad.lan

Solving process summary

  Linear relaxations            :        1
  Column generation iterations  :      169
  Shortest paths solved         :     3105
  Columns generated             :    32100

Instance characteristics

  Resources                     : 3
  Node types                    : no
  Arc types                     : no
  Strong resource windows       : no
  Weak resource windows         : no
  Resource windows (nodes)      : 3
  Resource values (arcs)        : 3
  Values on nodes               : no

  Rows                          : 850
  Initial columns               : 2
  Tasks                         : 688
  Strong tasks                  : 684
  Weak tasks                    : 4
  Initial task constraints      : no
  Nodes                         : 1016
  Arc sets                      : 1
  Arcs                          : 22814
  Networks                      : 2
  Models                        : 1

Memory used per module (Megs)

  Parser (reused)               :      4.972
  Networks                      :     25.307
  Column generator              :      7.265
  Master problem                :      8.619
  -----------------
  Total                         :     41.191

Cpu time per module (seconds)

  Parser                        :        0.0
  Preprocessor                  :        0.0
  Lr solver manager             :        0.1
  Column generator              :       25.7
    (Shortest path)             :       21.7
  Master problem                :      260.9
  -------------------
  Total (without b&b)           :      286.6

Real elapsed time (seconds)

  Parser                        :        0.0
  Preprocessor                  :        0.0
  Lr solver manager             :        0.1
  Column generator              :       25.6
    (Shortest path)             :       21.9
  Master problem                :      260.9
  -------------------
  Total (without b&b)           :      286.6
