
Branch and bound

  Entire solving process        :                           (Time     66.2)
  No feasible solution was found
  Best relaxation cost          :     35056.12 (Node     0) (Time     66.2)
  Lower bound after cuts        :     35056.12
  End lower bound               :     35056.12
  Deepest level reached         : 0
  Deepest real level reached    : 0
  Number of real nodes solved   : 1
  Stopping condition            : enough nodes explored

Problem identification

  Problem                       : <null>
  Machine                       : oslo1.gerad.lan

Solving process summary

  Linear relaxations            :        1
  Column generation iterations  :      125
  Shortest paths solved         :     2561
  Columns generated             :    25188

Instance characteristics

  Resources                     : 3
  Node types                    : no
  Arc types                     : no
  Strong resource windows       : no
  Weak resource windows         : no
  Resource windows (nodes)      : 3
  Resource values (arcs)        : 3
  Values on nodes               : no

  Rows                          : 710
  Initial columns               : 2
  Tasks                         : 548
  Strong tasks                  : 544
  Weak tasks                    : 4
  Initial task constraints      : no
  Nodes                         : 876
  Arc sets                      : 1
  Arcs                          : 15546
  Networks                      : 2
  Models                        : 1

Memory used per module (Megs)

  Parser (reused)               :      3.519
  Networks                      :     20.464
  Column generator              :      5.570
  Master problem                :      7.243
  -----------------
  Total                         :     33.277

Cpu time per module (seconds)

  Parser                        :        0.0
  Preprocessor                  :        0.0
  Lr solver manager             :        0.0
  Column generator              :       13.7
    (Shortest path)             :       11.6
  Master problem                :       52.5
  -------------------
  Total (without b&b)           :       66.2

Real elapsed time (seconds)

  Parser                        :        0.0
  Preprocessor                  :        0.0
  Lr solver manager             :        0.0
  Column generator              :       13.6
    (Shortest path)             :       11.3
  Master problem                :       52.5
  -------------------
  Total (without b&b)           :       66.2
