
Branch and bound

  Entire solving process        :                           (Time    694.5)
  No feasible solution was found
  Best relaxation cost          :     76416.61 (Node     0) (Time    694.4)
  Lower bound after cuts        :     76416.61
  End lower bound               :     76416.61
  Deepest level reached         : 0
  Deepest real level reached    : 0
  Number of real nodes solved   : 1
  Stopping condition            : enough nodes explored

Problem identification

  Problem                       : <null>
  Machine                       : oslo2.gerad.lan

Solving process summary

  Linear relaxations            :        1
  Column generation iterations  :      139
  Shortest paths solved         :     8604
  Columns generated             :    77379

Instance characteristics

  Resources                     : 3
  Node types                    : no
  Arc types                     : no
  Strong resource windows       : no
  Weak resource windows         : no
  Resource windows (nodes)      : 3
  Resource values (arcs)        : 3
  Values on nodes               : no

  Rows                          : 1223
  Initial columns               : 586
  Tasks                         : 1061
  Strong tasks                  : 712
  Weak tasks                    : 4
  Initial task constraints      : no
  Nodes                         : 1389
  Arc sets                      : 1
  Arcs                          : 49770
  Networks                      : 2
  Models                        : 1

Memory used per module (Megs)

  Parser (reused)               :     10.179
  Networks                      :     41.654
  Column generator              :     26.034
  Master problem                :     11.621
  -----------------
  Total                         :     79.308

Cpu time per module (seconds)

  Parser                        :        0.0
  Preprocessor                  :        0.0
  Lr solver manager             :        0.2
  Column generator              :      438.1
    (Shortest path)             :      408.2
  Master problem                :      256.1
  -------------------
  Total (without b&b)           :      694.4

Real elapsed time (seconds)

  Parser                        :        0.0
  Preprocessor                  :        0.0
  Lr solver manager             :        0.2
  Column generator              :      438.5
    (Shortest path)             :      408.3
  Master problem                :      256.6
  -------------------
  Total (without b&b)           :      695.2
