
Branch and bound

  Entire solving process        :                           (Time     56.6)
  No feasible solution was found
  Best relaxation cost          :     37957.92 (Node     0) (Time     56.6)
  Lower bound after cuts        :     37957.92
  End lower bound               :     37957.92
  Deepest level reached         : 0
  Deepest real level reached    : 0
  Number of real nodes solved   : 1
  Stopping condition            : enough nodes explored

Problem identification

  Problem                       : <null>
  Machine                       : oslo2.gerad.lan

Solving process summary

  Linear relaxations            :        1
  Column generation iterations  :      128
  Shortest paths solved         :     2760
  Columns generated             :    23354

Instance characteristics

  Resources                     : 3
  Node types                    : no
  Arc types                     : no
  Strong resource windows       : no
  Weak resource windows         : no
  Resource windows (nodes)      : 3
  Resource values (arcs)        : 3
  Values on nodes               : no

  Rows                          : 717
  Initial columns               : 2
  Tasks                         : 555
  Strong tasks                  : 551
  Weak tasks                    : 4
  Initial task constraints      : no
  Nodes                         : 883
  Arc sets                      : 1
  Arcs                          : 15918
  Networks                      : 2
  Models                        : 1

Memory used per module (Megs)

  Parser (reused)               :      3.519
  Networks                      :     20.221
  Column generator              :      6.054
  Master problem                :      7.319
  -----------------
  Total                         :     33.594

Cpu time per module (seconds)

  Parser                        :        0.0
  Preprocessor                  :        0.0
  Lr solver manager             :        0.1
  Column generator              :        9.3
    (Shortest path)             :        8.0
  Master problem                :       47.1
  -------------------
  Total (without b&b)           :       56.6

Real elapsed time (seconds)

  Parser                        :        0.0
  Preprocessor                  :        0.0
  Lr solver manager             :        0.1
  Column generator              :        9.4
    (Shortest path)             :        8.1
  Master problem                :       47.2
  -------------------
  Total (without b&b)           :       56.7
