
Branch and bound

  Entire solving process        :                           (Time     77.9)
  No feasible solution was found
  Best relaxation cost          :     51483.16 (Node     0) (Time     77.9)
  Lower bound after cuts        :     51483.16
  End lower bound               :     51483.16
  Deepest level reached         : 0
  Deepest real level reached    : 0
  Number of real nodes solved   : 1
  Stopping condition            : enough nodes explored

Problem identification

  Problem                       : <null>
  Machine                       : oslo2.gerad.lan

Solving process summary

  Linear relaxations            :        1
  Column generation iterations  :      107
  Shortest paths solved         :     7324
  Columns generated             :    42002

Instance characteristics

  Resources                     : 3
  Node types                    : no
  Arc types                     : no
  Strong resource windows       : no
  Weak resource windows         : no
  Resource windows (nodes)      : 3
  Resource values (arcs)        : 3
  Values on nodes               : no

  Rows                          : 826
  Initial columns               : 364
  Tasks                         : 664
  Strong tasks                  : 448
  Weak tasks                    : 4
  Initial task constraints      : no
  Nodes                         : 992
  Arc sets                      : 1
  Arcs                          : 21435
  Networks                      : 2
  Models                        : 1

Memory used per module (Megs)

  Parser (reused)               :      4.609
  Networks                      :     25.670
  Column generator              :      4.965
  Master problem                :      7.961
  -----------------
  Total                         :     38.596

Cpu time per module (seconds)

  Parser                        :        0.0
  Preprocessor                  :        0.0
  Lr solver manager             :        0.0
  Column generator              :       25.8
    (Shortest path)             :       21.9
  Master problem                :       52.0
  -------------------
  Total (without b&b)           :       77.9

Real elapsed time (seconds)

  Parser                        :        0.0
  Preprocessor                  :        0.0
  Lr solver manager             :        0.0
  Column generator              :       25.8
    (Shortest path)             :       21.7
  Master problem                :       52.1
  -------------------
  Total (without b&b)           :       78.0
