
Branch and bound

  Entire solving process        :                           (Time     88.9)
  No feasible solution was found
  Best relaxation cost          :     38903.80 (Node     0) (Time     88.9)
  Lower bound after cuts        :     38903.80
  End lower bound               :     38903.80
  Deepest level reached         : 0
  Deepest real level reached    : 0
  Number of real nodes solved   : 1
  Stopping condition            : enough nodes explored

Problem identification

  Problem                       : <null>
  Machine                       : oslo1.gerad.lan

Solving process summary

  Linear relaxations            :        1
  Column generation iterations  :      156
  Shortest paths solved         :     2891
  Columns generated             :    26052

Instance characteristics

  Resources                     : 3
  Node types                    : no
  Arc types                     : no
  Strong resource windows       : no
  Weak resource windows         : no
  Resource windows (nodes)      : 3
  Resource values (arcs)        : 3
  Values on nodes               : no

  Rows                          : 706
  Initial columns               : 2
  Tasks                         : 544
  Strong tasks                  : 540
  Weak tasks                    : 4
  Initial task constraints      : no
  Nodes                         : 872
  Arc sets                      : 1
  Arcs                          : 15366
  Networks                      : 2
  Models                        : 1

Memory used per module (Megs)

  Parser (reused)               :      3.398
  Networks                      :     19.858
  Column generator              :      4.117
  Master problem                :      7.160
  -----------------
  Total                         :     31.135

Cpu time per module (seconds)

  Parser                        :        0.0
  Preprocessor                  :        0.0
  Lr solver manager             :        0.1
  Column generator              :       10.2
    (Shortest path)             :        8.7
  Master problem                :       78.6
  -------------------
  Total (without b&b)           :       88.9

Real elapsed time (seconds)

  Parser                        :        0.0
  Preprocessor                  :        0.0
  Lr solver manager             :        0.1
  Column generator              :       10.2
    (Shortest path)             :        8.5
  Master problem                :       78.6
  -------------------
  Total (without b&b)           :       88.9
