
Branch and bound

  Entire solving process        :                           (Time     48.0)
  No feasible solution was found
  Best relaxation cost          :     38810.65 (Node     0) (Time     48.0)
  Lower bound after cuts        :     38810.65
  End lower bound               :     38810.65
  Deepest level reached         : 0
  Deepest real level reached    : 0
  Number of real nodes solved   : 1
  Stopping condition            : enough nodes explored

Problem identification

  Problem                       : <null>
  Machine                       : oslo1.gerad.lan

Solving process summary

  Linear relaxations            :        1
  Column generation iterations  :      106
  Shortest paths solved         :     6089
  Columns generated             :    32571

Instance characteristics

  Resources                     : 3
  Node types                    : no
  Arc types                     : no
  Strong resource windows       : no
  Weak resource windows         : no
  Resource windows (nodes)      : 3
  Resource values (arcs)        : 3
  Values on nodes               : no

  Rows                          : 706
  Initial columns               : 286
  Tasks                         : 544
  Strong tasks                  : 369
  Weak tasks                    : 4
  Initial task constraints      : no
  Nodes                         : 872
  Arc sets                      : 1
  Arcs                          : 15366
  Networks                      : 2
  Models                        : 1

Memory used per module (Megs)

  Parser (reused)               :      3.519
  Networks                      :     22.522
  Column generator              :      3.754
  Master problem                :      7.432
  -----------------
  Total                         :     33.708

Cpu time per module (seconds)

  Parser                        :        0.0
  Preprocessor                  :        0.0
  Lr solver manager             :        0.1
  Column generator              :       14.1
    (Shortest path)             :       11.4
  Master problem                :       33.9
  -------------------
  Total (without b&b)           :       48.0

Real elapsed time (seconds)

  Parser                        :        0.0
  Preprocessor                  :        0.0
  Lr solver manager             :        0.1
  Column generator              :       14.0
    (Shortest path)             :       11.6
  Master problem                :       33.9
  -------------------
  Total (without b&b)           :       48.0
