Cover_T0 52
Cover_T1 -52
Cover_T2 52
Cover_T3 -52
Cover_T4 52
Cover_T5 -52
Cover_T6 60
Cover_T7 -44
Cover_T8 60
Cover_T9 -44
Cover_T10 60
Cover_T11 -44
Cover_T12 60
Cover_T13 -44
Cover_T14 52
Cover_T15 -44
Cover_T16 60
Cover_T17 -44
Cover_T18 68
Cover_T19 -36
Cover_T20 52
Cover_T21 -36
Cover_T22 50
Cover_T23 -36
Cover_T24 52
Cover_T25 -36
Cover_T26 42
Cover_T27 -28
Cover_T28 1012
Cover_T29 -28
Cover_T30 1014
Cover_T31 946
Cover_T32 1008
Cover_T33 968
Cover_T34 1028
Cover_T35 0
Cover_T36 1024
Cover_T37 2
Cover_T38 62
Cover_T39 6
Cover_T40 8
Cover_T41 -6
Cover_T42 4
Cover_T43 6
Cover_T44 0
Cover_T45 -6.23062e-11
Cover_T46 -10
Cover_T47 4
Cover_T48 24
Cover_T49 14
Cover_T50 30
Cover_T51 48
Cover_T52 6
Cover_T53 -6
Cover_T54 -6
Cover_T55 18
Cover_T56 -30
Cover_T57 -8
Cover_T58 20
Cover_T59 16
Cover_T60 12
Cover_T61 28
Cover_T62 2
Cover_T63 52
Cover_T64 0
Cover_T65 2
Cover_T66 -6
Cover_T67 10
Cover_T68 -30
Cover_T69 0
Cover_T70 10
Cover_T71 4
Cover_T72 12
Cover_T73 28
Cover_T74 10
Cover_T75 52
Cover_T76 12
Cover_T77 12
Cover_T78 12
Cover_T79 10
Cover_T80 10
Cover_T81 12
Cover_T82 22
Cover_T83 10
Cover_T84 12
Cover_T85 10
Cover_T86 -12
Cover_T87 12
Cover_T88 0
Cover_T89 -3.03373e-11
Cover_T90 12
Cover_T91 14
Cover_T92 4
Cover_T93 10
Cover_T94 -4
Cover_T95 6
Cover_T96 8
Cover_T97 16
Cover_T98 2
Cover_T99 22
Cover_T100 18
Cover_T101 6
Cover_T102 -6
Cover_T103 30
Cover_T104 10
Cover_T105 -12
Cover_T106 0
Cover_T107 14
Cover_T108 18
Cover_T109 44
Cover_T110 18
Cover_T111 28
Cover_T112 22
Cover_T113 24
Cover_T114 0
Cover_T115 20
Cover_T116 2
Cover_T117 20
Cover_T118 2
Cover_T119 18
Cover_T120 -30
Cover_T121 24
Cover_T122 -2
Cover_T123 20
Cover_T124 10
Cover_T125 60
Cover_T126 10
Cover_T127 22
Cover_T128 8
Cover_T129 44
Cover_T130 2
Cover_T131 18
Cover_T132 6
Cover_T133 14
Cover_T134 4
Cover_T135 16
Cover_T136 2
Cover_T137 12
Cover_T138 -4
Cover_T139 18
Cover_T140 -16
Cover_T141 48
Cover_T142 -28
Cover_T143 38
Cover_T144 -12
Cover_T145 66
Cover_T146 -6
Cover_T147 68
Cover_T148 -8
Cover_T149 56
Cover_T150 -26
Cover_T151 50
Cover_T152 -26
Cover_T153 34
Cover_T154 -26
Cover_T155 78
Cover_T156 -32
Cover_T157 70
Cover_T158 -32
Cover_T159 72
Cover_T160 52
Cover_T161 -52
Cover_T162 52
Cover_T163 -44
Cover_T164 52
Cover_T165 -44
Cover_T166 52
Cover_T167 -38
Cover_T168 44
Cover_T169 -44
Cover_T170 44
Cover_T171 -46
Cover_T172 38
Cover_T173 -36
Cover_T174 44
Cover_T175 -36
Cover_T176 998
Cover_T177 -36
Cover_T178 1004
Cover_T179 938
Cover_T180 1000
Cover_T181 10
Cover_T182 1036
Cover_T183 2
Cover_T184 42
Cover_T185 6
Cover_T186 20
Cover_T187 -26
Cover_T188 2
Cover_T189 -2
Cover_T190 0
Cover_T191 -10
Cover_T192 18
Cover_T193 14
Cover_T194 14
Cover_T195 10
Cover_T196 4
Cover_T197 -8
Cover_T198 -30
Cover_T199 12
Cover_T200 4
Cover_T201 46
Cover_T202 10
Cover_T203 12
Cover_T204 -22
Cover_T205 6
Cover_T206 8
Cover_T207 28
Cover_T208 0
Cover_T209 52
Cover_T210 10
Cover_T211 2
Cover_T212 6
Cover_T213 10
Cover_T214 -18
Cover_T215 -1.651e-11
Cover_T216 -42
Cover_T217 4
Cover_T218 -2
Cover_T219 28
Cover_T220 0
Cover_T221 52
Cover_T222 -2
Cover_T223 12
Cover_T224 0
Cover_T225 10
Cover_T226 0
Cover_T227 12
Cover_T228 -2
Cover_T229 10
Cover_T230 10
Cover_T231 10
Cover_T232 0
Cover_T233 12
Cover_T234 12
Cover_T235 0
Cover_T236 -12
Cover_T237 10
Cover_T238 0
Cover_T239 -2
Cover_T240 0
Cover_T241 22
Cover_T242 -3.9222e-11
Cover_T243 10
Cover_T244 20
Cover_T245 10
Cover_T246 -4
Cover_T247 18
Cover_T248 30
Cover_T249 6
Cover_T250 -2
Cover_T251 16
Cover_T252 6
Cover_T253 12
Cover_T254 0
Cover_T255 44
Cover_T256 6
Cover_T257 28
Cover_T258 2
Cover_T259 22
Cover_T260 10
Cover_T261 20
Cover_T262 0
Cover_T263 20
Cover_T264 14
Cover_T265 18
Cover_T266 -18
Cover_T267 20
Cover_T268 10
Cover_T269 24
Cover_T270 -22
Cover_T271 60
Cover_T272 10
Cover_T273 46
Cover_T274 4
Cover_T275 20
Cover_T276 2
Cover_T277 16
Cover_T278 -16
Cover_T279 12
Cover_T280 -24
Cover_T281 8
Cover_T282 -16
Cover_T283 18
Cover_T284 -36
Cover_T285 24
Cover_T286 -6
Cover_T287 16
Cover_T288 -22
Cover_T289 44
Cover_T290 -22
Cover_T291 32
Cover_T292 -6
Cover_T293 72
Cover_T294 -6
Cover_T295 72
Cover_T296 -8
Cover_T297 56
Cover_T298 -18
Cover_T299 32
Cover_T300 -38
Cover_T301 32
Cover_T302 -32
Cover_T303 32
Cover_T304 -36
Cover_T305 42
Cover_T306 -32
Cover_T307 52
Cover_T308 -50
Cover_T309 50
Cover_T310 -32
Cover_T311 68
Cover_T312 -56
Cover_T313 52
Cover_T314 -52
Cover_T315 72
Cover_T316 68
Cover_T317 -36
Cover_T318 58
Cover_T319 -36
Cover_T320 48
Cover_T321 -18
Cover_T322 1012
Cover_T323 -30
Cover_T324 1020
Cover_T325 948
Cover_T326 1016
Cover_T327 964
Cover_T328 1028
Cover_T329 970
Cover_T330 1024
Cover_T331 970
Cover_T332 1020
Cover_T333 12
Cover_T334 1036
Cover_T335 0
Cover_T336 42
Cover_T337 0
Cover_T338 0
Cover_T339 -20
Cover_T340 16
Cover_T341 -12
Cover_T342 3.00808e-11
Cover_T343 -20
Cover_T344 16
Cover_T345 4
Cover_T346 16
Cover_T347 -1.55662e-11
Cover_T348 -8
Cover_T349 0
Cover_T350 -18
Cover_T351 0
Cover_T352 -38
Cover_T353 -4.52687e-11
Cover_T354 20
Cover_T355 -4
Cover_T356 0
Cover_T357 16
Cover_T358 30
Cover_T359 26
Cover_T360 10
Cover_T361 52
Cover_T362 -10
Cover_T363 6
Cover_T364 -42
Cover_T365 -12
Cover_T366 0
Cover_T367 8
Cover_T368 18
Cover_T369 40
Cover_T370 6
Cover_T371 -2
Cover_T372 -26
Cover_T373 0
Cover_T374 6
Cover_T375 10
Cover_T376 4
Cover_T377 16
Cover_T378 2
Cover_T379 40
Cover_T380 4
Cover_T381 0
Cover_T382 4
Cover_T383 -2
Cover_T384 2
Cover_T385 0
Cover_T386 14
Cover_T387 -2
Cover_T388 4
Cover_T389 -2
Cover_T390 16
Cover_T391 0
Cover_T392 -8
Cover_T393 -12
Cover_T394 4
Cover_T395 -2
Cover_T396 6
Cover_T397 18
Cover_T398 -14
Cover_T399 2
Cover_T400 -10
Cover_T401 22
Cover_T402 14
Cover_T403 10
Cover_T404 -6
Cover_T405 4
Cover_T406 0
Cover_T407 26
Cover_T408 20
Cover_T409 26
Cover_T410 1.29737e-10
Cover_T411 2
Cover_T412 -20
Cover_T413 22
Cover_T414 0
Cover_T415 20
Cover_T416 10
Cover_T417 1.80663e-10
Cover_T418 16
Cover_T419 24
Cover_T420 16
Cover_T421 8
Cover_T422 24
Cover_T423 14
Cover_T424 2.27569e-11
Cover_T425 0
Cover_T426 0
Cover_T427 0
Cover_T428 8
Cover_T429 -8
Cover_T430 -18
Cover_T431 12
Cover_T432 -36
Cover_T433 18
Cover_T434 8
Cover_T435 24
Cover_T436 -16
Cover_T437 16
Cover_T438 10
Cover_T439 36
Cover_T440 0
Cover_T441 60
Cover_T442 10
Cover_T443 24
Cover_T444 10
Cover_T445 48
Cover_T446 6
Cover_T447 16
Cover_T448 5.99083e-10
Cover_T449 8
Cover_T450 -4
Cover_T451 8
Cover_T452 -10
Cover_T453 6
Cover_T454 -6
Cover_T455 26
Cover_T456 -46
Cover_T457 38
Cover_T458 -44
Cover_T459 18
Cover_T460 -20
Cover_T461 50
Cover_T462 -6
Cover_T463 48
Cover_T464 -6
Cover_T465 72
Cover_T466 -12
Cover_T467 58
Cover_T468 -26
Cover_T469 32
Cover_T470 -34
Cover_T471 58
Cover_T472 -32
Cover_T473 70
Cover_T474 -32
Cover_T475 70
Cover_T476 -34
Cover_T477 52
Cover_T478 -52
Cover_T479 72
Cover_T480 54
Cover_T481 10
Cover_T482 14
Cover_T483 12
Cover_T484 10
Cover_T485 2
Cover_T486 1032
Cover_T487 1000
Cover_T488 1006
Cover_T489 1016
Cover_T490 1058
Cover_T491 1014
Cover_T492 1058
Cover_T493 1016
Cover_T494 1058
Cover_T495 0
Cover_T496 64
Cover_T497 20
Cover_T498 26
Cover_T499 -30
Cover_T500 52
Cover_T501 0
Cover_T502 8
Cover_T503 60
Cover_T504 0
Cover_T505 60
Cover_T506 34
Cover_T507 46
Cover_T508 0
Cover_T509 40
Cover_T510 20
Cover_T511 0
Cover_T512 46
Cover_T513 24
Cover_T514 10
Cover_T515 0
Cover_T516 14
Cover_T517 10
Cover_T518 56
Cover_T519 22
Cover_T520 50
Cover_T521 68
Cover_T522 54
Cover_T523 2
Cover_T524 50
Count_D0 -984
Count_D1 -1000
Max_H0_P0 0
Max_H0_P1 0
Max_H0_P2 0
Max_H0_P3 0
Max_H0_P4 0
Max_H0_P5 0
Max_H0_P6 0
Max_H0_P7 0
Max_H0_P8 0
Max_H0_P9 0
Max_H0_P10 0
Max_H0_P11 0
Max_H0_P12 0
Max_H0_P13 0
Max_H0_P14 0
Max_H0_P15 0
Max_H0_P16 2.2168e-11
Max_H0_P17 -1.7792e-11
Max_H0_P18 0
Max_H0_P19 0
Max_H0_P20 0
Max_H0_P21 5.7252e-12
Max_H0_P22 0
Max_H0_P23 0
Max_H0_P24 0
Max_H0_P25 4.4443e-12
Max_H0_P26 0
Max_H0_P27 0
Max_H0_P28 0
Max_H0_P29 7.27596e-12
Max_H0_P30 0
Max_H0_P31 3.58806e-12
Max_H0_P32 0
Max_H0_P33 0
Max_H0_P34 0
Max_H0_P35 -2.63256e-11
Max_H0_P36 0
Max_H0_P37 0
Max_H0_P38 0
Max_H0_P39 0
Max_H0_P40 0
Max_H0_P41 0
Max_H0_P42 0
Max_H0_P43 0
Max_H0_P44 0
Max_H0_P45 0
Max_H0_P46 0
Max_H0_P47 0
Max_H0_P48 0
Max_H0_P49 0
Max_H0_P50 0
Max_H0_P51 0
Max_H0_P52 0
Max_H0_P53 0
Max_H0_P54 0
Max_H0_P55 0
Max_H0_P56 0
Max_H0_P57 0
Max_H0_P58 0
Max_H0_P59 0
Max_H0_P60 1.05693e-12
Max_H0_P61 0
Max_H0_P62 0
Max_H0_P63 0
Max_H0_P64 0
Max_H0_P65 0
Max_H0_P66 0
Max_H0_P67 0
Max_H0_P68 0
Max_H0_P69 0
Max_H0_P70 0
Max_H0_P71 0
Max_H0_P72 0
Max_H0_P73 0
Max_H0_P74 0
Max_H0_P75 0
Max_H0_P76 0
Max_H0_P77 0
Max_H0_P78 0
Max_H0_P79 0
Max_H0_P80 0
Max_H0_P81 0
Max_H1_P0 0
Max_H1_P1 0
Max_H1_P2 0
Max_H1_P3 0
Max_H1_P4 0
Max_H1_P5 0
Max_H1_P6 0
Max_H1_P7 0
Max_H1_P8 0
Max_H1_P9 0
Max_H1_P10 0
Max_H1_P11 0
Max_H1_P12 0
Max_H1_P13 0
Max_H1_P14 0
Max_H1_P15 0
Max_H1_P16 1.43494e-11
Max_H1_P17 -5.90994e-12
Max_H1_P18 -3.85114e-12
Max_H1_P19 0
Max_H1_P20 0
Max_H1_P21 1.49765e-11
Max_H1_P22 -1.08635e-12
Max_H1_P23 0
Max_H1_P24 4.4443e-12
Max_H1_P25 0
Max_H1_P26 -8.48743e-12
Max_H1_P27 0
Max_H1_P28 6.33626e-12
Max_H1_P29 -1.41653e-12
Max_H1_P30 0
Max_H1_P31 1.62754e-11
Max_H1_P32 0
Max_H1_P33 -1.27347e-11
Max_H1_P34 6.70897e-12
Max_H1_P35 -1.79625e-11
Max_H1_P36 -1.90425e-11
Max_H1_P37 8.43919e-12
Max_H1_P38 0
Max_H1_P39 -1.11937e-11
Max_H1_P40 -4.99799e-11
Max_H1_P41 2.47674e-11
Max_H1_P42 -3.07775e-11
Max_H1_P43 0
Max_H1_P44 0
Max_H1_P45 2.93827e-11
Max_H1_P46 0
Max_H1_P47 0
Max_H1_P48 0
Max_H1_P49 0
Max_H1_P50 0
Max_H1_P51 0
Max_H1_P52 0
Max_H1_P53 0
Max_H1_P54 0
Max_H1_P55 0
Max_H1_P56 0
Max_H1_P57 0
Max_H1_P58 0
Max_H1_P59 0
Max_H1_P60 0
Max_H1_P61 2.89848e-11
Max_H1_P62 -2.16218e-11
Max_H1_P63 -6.23633e-12
Max_H1_P64 0
Max_H1_P65 0
Max_H1_P66 0
Max_H1_P67 0
Max_H1_P68 0
Max_H1_P69 0
Max_H1_P70 0
Max_H1_P71 0
Max_H1_P72 0
Max_H1_P73 0
Max_H1_P74 0
Max_H1_P75 0
Max_H1_P76 0
Max_H1_P77 0
Max_H1_P78 0
Max_H1_P79 0
Max_H1_P80 0
Max_H1_P81 0
