
Branch and bound

  Entire solving process        :                           (Time     39.6)
  No feasible solution was found
  Best relaxation cost          :     36844.01 (Node     0) (Time     39.6)
  Lower bound after cuts        :     36844.01
  End lower bound               :     36844.01
  Deepest level reached         : 0
  Deepest real level reached    : 0
  Number of real nodes solved   : 1
  Stopping condition            : enough nodes explored

Problem identification

  Problem                       : <null>
  Machine                       : oslo1.gerad.lan

Solving process summary

  Linear relaxations            :        1
  Column generation iterations  :       94
  Shortest paths solved         :     5593
  Columns generated             :    30263

Instance characteristics

  Resources                     : 3
  Node types                    : no
  Arc types                     : no
  Strong resource windows       : no
  Weak resource windows         : no
  Resource windows (nodes)      : 3
  Resource values (arcs)        : 3
  Values on nodes               : no

  Rows                          : 691
  Initial columns               : 325
  Tasks                         : 529
  Strong tasks                  : 344
  Weak tasks                    : 4
  Initial task constraints      : no
  Nodes                         : 857
  Arc sets                      : 1
  Arcs                          : 14673
  Networks                      : 2
  Models                        : 1

Memory used per module (Megs)

  Parser (reused)               :      3.277
  Networks                      :     20.706
  Column generator              :      2.180
  Master problem                :      7.190
  -----------------
  Total                         :     30.076

Cpu time per module (seconds)

  Parser                        :        0.0
  Preprocessor                  :        0.0
  Lr solver manager             :        0.1
  Column generator              :       11.7
    (Shortest path)             :        9.4
  Master problem                :       27.9
  -------------------
  Total (without b&b)           :       39.6

Real elapsed time (seconds)

  Parser                        :        0.0
  Preprocessor                  :        0.0
  Lr solver manager             :        0.1
  Column generator              :       11.6
    (Shortest path)             :        9.2
  Master problem                :       27.9
  -------------------
  Total (without b&b)           :       39.6
