
Branch and bound

  Entire solving process        :                           (Time    104.1)
  No feasible solution was found
  Best relaxation cost          :     37012.14 (Node     0) (Time    104.1)
  Lower bound after cuts        :     37012.14
  End lower bound               :     37012.14
  Deepest level reached         : 0
  Deepest real level reached    : 0
  Number of real nodes solved   : 1
  Stopping condition            : enough nodes explored

Problem identification

  Problem                       : <null>
  Machine                       : oslo2.gerad.lan

Solving process summary

  Linear relaxations            :        1
  Column generation iterations  :      170
  Shortest paths solved         :     2625
  Columns generated             :    22238

Instance characteristics

  Resources                     : 3
  Node types                    : no
  Arc types                     : no
  Strong resource windows       : no
  Weak resource windows         : no
  Resource windows (nodes)      : 3
  Resource values (arcs)        : 3
  Values on nodes               : no

  Rows                          : 691
  Initial columns               : 2
  Tasks                         : 529
  Strong tasks                  : 525
  Weak tasks                    : 4
  Initial task constraints      : no
  Nodes                         : 857
  Arc sets                      : 1
  Arcs                          : 14673
  Networks                      : 2
  Models                        : 1

Memory used per module (Megs)

  Parser (reused)               :      3.277
  Networks                      :     19.374
  Column generator              :      3.511
  Master problem                :      7.039
  -----------------
  Total                         :     29.924

Cpu time per module (seconds)

  Parser                        :        0.0
  Preprocessor                  :        0.0
  Lr solver manager             :        0.0
  Column generator              :        8.7
    (Shortest path)             :        7.5
  Master problem                :       95.3
  -------------------
  Total (without b&b)           :      104.0

Real elapsed time (seconds)

  Parser                        :        0.0
  Preprocessor                  :        0.0
  Lr solver manager             :        0.1
  Column generator              :        8.7
    (Shortest path)             :        7.4
  Master problem                :       95.5
  -------------------
  Total (without b&b)           :      104.2
