Cover_T0 52
Cover_T1 -52
Cover_T2 52
Cover_T3 -52
Cover_T4 52
Cover_T5 -52
Cover_T6 52
Cover_T7 -52
Cover_T8 52
Cover_T9 -52
Cover_T10 52
Cover_T11 -52
Cover_T12 54
Cover_T13 -50
Cover_T14 54
Cover_T15 -50
Cover_T16 54
Cover_T17 -50
Cover_T18 54
Cover_T19 -48
Cover_T20 52
Cover_T21 -48
Cover_T22 56
Cover_T23 -48
Cover_T24 50
Cover_T25 -48
Cover_T26 56
Cover_T27 -38
Cover_T28 58
Cover_T29 -32
Cover_T30 54
Cover_T31 -44
Cover_T32 58
Cover_T33 -38
Cover_T34 60
Cover_T35 -4
Cover_T36 64
Cover_T37 -16
Cover_T38 46
Cover_T39 -32
Cover_T40 70
Cover_T41 4
Cover_T42 52
Cover_T43 8
Cover_T44 986
Cover_T45 966
Cover_T46 1020
Cover_T47 948
Cover_T48 1004
Cover_T49 968
Cover_T50 970
Cover_T51 10
Cover_T52 26
Cover_T53 -4
Cover_T54 24
Cover_T55 -12
Cover_T56 4
Cover_T57 8
Cover_T58 -24
Cover_T59 -4
Cover_T60 20
Cover_T61 -6
Cover_T62 10
Cover_T63 14
Cover_T64 20
Cover_T65 34
Cover_T66 2
Cover_T67 -10
Cover_T68 4
Cover_T69 -2
Cover_T70 6
Cover_T71 -12
Cover_T72 2.7832e-10
Cover_T73 0
Cover_T74 -20
Cover_T75 4
Cover_T76 -40
Cover_T77 2
Cover_T78 12
Cover_T79 20
Cover_T80 2
Cover_T81 52
Cover_T82 4
Cover_T83 6
Cover_T84 1.04539e-11
Cover_T85 14
Cover_T86 20
Cover_T87 4
Cover_T88 -4
Cover_T89 0
Cover_T90 2
Cover_T91 1.76942e-12
Cover_T92 10
Cover_T93 2
Cover_T94 18
Cover_T95 -1.23045e-10
Cover_T96 7.08411e-12
Cover_T97 -9.90009e-11
Cover_T98 10
Cover_T99 -5.74829e-11
Cover_T100 -22
Cover_T101 0
Cover_T102 10
Cover_T103 4
Cover_T104 0
Cover_T105 28
Cover_T106 4
Cover_T107 52
Cover_T108 4
Cover_T109 0
Cover_T110 4
Cover_T111 22
Cover_T112 4
Cover_T113 8
Cover_T114 2
Cover_T115 8
Cover_T116 -22
Cover_T117 0
Cover_T118 -46
Cover_T119 4
Cover_T120 -38
Cover_T121 20
Cover_T122 -44
Cover_T123 42
Cover_T124 -2
Cover_T125 30
Cover_T126 10
Cover_T127 52
Cover_T128 6
Cover_T129 62
Cover_T130 10
Cover_T131 20
Cover_T132 16
Cover_T133 8
Cover_T134 20
Cover_T135 22
Cover_T136 20
Cover_T137 26
Cover_T138 -6
Cover_T139 24
Cover_T140 10
Cover_T141 26
Cover_T142 8
Cover_T143 28
Cover_T144 8
Cover_T145 50
Cover_T146 2
Cover_T147 10
Cover_T148 -2
Cover_T149 36
Cover_T150 -4
Cover_T151 38
Cover_T152 -8
Cover_T153 36
Cover_T154 -6
Cover_T155 36
Cover_T156 -32
Cover_T157 32
Cover_T158 -14
Cover_T159 20
Cover_T160 -14
Cover_T161 24
Cover_T162 -18
Cover_T163 44
Cover_T164 -16
Cover_T165 24
Cover_T166 -24
Cover_T167 20
Cover_T168 -22
Cover_T169 36
Cover_T170 -32
Cover_T171 38
Cover_T172 -20
Cover_T173 58
Cover_T174 -16
Cover_T175 46
Cover_T176 -18
Cover_T177 56
Cover_T178 -18
Cover_T179 34
Cover_T180 -18
Cover_T181 40
Cover_T182 -30
Cover_T183 42
Cover_T184 -22
Cover_T185 32
Cover_T186 -28
Cover_T187 46
Cover_T188 -28
Cover_T189 42
Cover_T190 -38
Cover_T191 66
Cover_T192 -34
Cover_T193 68
Cover_T194 -42
Cover_T195 52
Cover_T196 52
Cover_T197 -52
Cover_T198 54
Cover_T199 -50
Cover_T200 54
Cover_T201 -50
Cover_T202 52
Cover_T203 -50
Cover_T204 52
Cover_T205 -50
Cover_T206 52
Cover_T207 -50
Cover_T208 50
Cover_T209 -48
Cover_T210 52
Cover_T211 -32
Cover_T212 62
Cover_T213 -6
Cover_T214 58
Cover_T215 -28
Cover_T216 82
Cover_T217 0
Cover_T218 64
Cover_T219 20
Cover_T220 18
Cover_T221 2
Cover_T222 998
Cover_T223 978
Cover_T224 1032
Cover_T225 936
Cover_T226 988
Cover_T227 960
Cover_T228 958
Cover_T229 972
Cover_T230 982
Cover_T231 0
Cover_T232 6
Cover_T233 -16
Cover_T234 38
Cover_T235 -6
Cover_T236 24
Cover_T237 -2.28588e-10
Cover_T238 -10
Cover_T239 -9.07612e-11
Cover_T240 22
Cover_T241 10
Cover_T242 3.14868e-11
Cover_T243 40
Cover_T244 6
Cover_T245 -4
Cover_T246 0
Cover_T247 4
Cover_T248 0
Cover_T249 -6
Cover_T250 0
Cover_T251 -3.75167e-11
Cover_T252 -14
Cover_T253 -3.96483e-11
Cover_T254 -34
Cover_T255 -1.77809e-11
Cover_T256 -3.88267e-12
Cover_T257 14
Cover_T258 4
Cover_T259 34
Cover_T260 6
Cover_T261 0
Cover_T262 -14
Cover_T263 -4
Cover_T264 0
Cover_T265 -6
Cover_T266 8
Cover_T267 20
Cover_T268 0
Cover_T269 18
Cover_T270 20
Cover_T271 22
Cover_T272 20
Cover_T273 8
Cover_T274 20
Cover_T275 6
Cover_T276 10
Cover_T277 -2
Cover_T278 4
Cover_T279 -10
Cover_T280 4
Cover_T281 0
Cover_T282 -20
Cover_T283 6
Cover_T284 -44
Cover_T285 10
Cover_T286 1.02354e-11
Cover_T287 42
Cover_T288 8
Cover_T289 10
Cover_T290 0
Cover_T291 0
Cover_T292 4
Cover_T293 0
Cover_T294 0
Cover_T295 0
Cover_T296 -16
Cover_T297 0
Cover_T298 -40
Cover_T299 2
Cover_T300 -32
Cover_T301 26
Cover_T302 -38
Cover_T303 50
Cover_T304 0
Cover_T305 42
Cover_T306 8
Cover_T307 50
Cover_T308 -1.73443e-11
Cover_T309 14
Cover_T310 0
Cover_T311 4
Cover_T312 4
Cover_T313 16
Cover_T314 8
Cover_T315 14
Cover_T316 10
Cover_T317 12
Cover_T318 -18
Cover_T319 14
Cover_T320 8
Cover_T321 6
Cover_T322 4
Cover_T323 34
Cover_T324 -20
Cover_T325 24
Cover_T326 -8
Cover_T327 34
Cover_T328 -18
Cover_T329 16
Cover_T330 -6
Cover_T331 28
Cover_T332 -18
Cover_T333 36
Cover_T334 -14
Cover_T335 20
Cover_T336 -16
Cover_T337 52
Cover_T338 -18
Cover_T339 18
Cover_T340 -26
Cover_T341 20
Cover_T342 -22
Cover_T343 18
Cover_T344 -42
Cover_T345 26
Cover_T346 -36
Cover_T347 24
Cover_T348 -18
Cover_T349 44
Cover_T350 -28
Cover_T351 44
Cover_T352 -16
Cover_T353 30
Cover_T354 -16
Cover_T355 50
Cover_T356 -24
Cover_T357 32
Cover_T358 -26
Cover_T359 38
Cover_T360 -22
Cover_T361 46
Cover_T362 -22
Cover_T363 36
Cover_T364 -22
Cover_T365 46
Cover_T366 -34
Cover_T367 36
Cover_T368 -34
Cover_T369 42
Cover_T370 -28
Cover_T371 38
Cover_T372 -28
Cover_T373 46
Cover_T374 -38
Cover_T375 52
Cover_T376 -32
Cover_T377 44
Cover_T378 -34
Cover_T379 46
Cover_T380 -32
Cover_T381 56
Cover_T382 -34
Cover_T383 64
Cover_T384 -34
Cover_T385 64
Cover_T386 -44
Cover_T387 58
Cover_T388 58
Cover_T389 -38
Cover_T390 58
Cover_T391 -36
Cover_T392 64
Cover_T393 -34
Cover_T394 62
Cover_T395 -4
Cover_T396 64
Cover_T397 -20
Cover_T398 90
Cover_T399 4
Cover_T400 68
Cover_T401 26
Cover_T402 50
Cover_T403 2
Cover_T404 1012
Cover_T405 964
Cover_T406 1046
Cover_T407 964
Cover_T408 1000
Cover_T409 970
Cover_T410 1026
Cover_T411 940
Cover_T412 988
Cover_T413 948
Cover_T414 982
Cover_T415 968
Cover_T416 982
Cover_T417 980
Cover_T418 982
Cover_T419 10
Cover_T420 28
Cover_T421 -10
Cover_T422 28
Cover_T423 0
Cover_T424 -8
Cover_T425 -8
Cover_T426 -16
Cover_T427 8
Cover_T428 22
Cover_T429 -8
Cover_T430 6
Cover_T431 -14
Cover_T432 2
Cover_T433 2
Cover_T434 14
Cover_T435 18
Cover_T436 6
Cover_T437 34
Cover_T438 2
Cover_T439 -6
Cover_T440 0
Cover_T441 6
Cover_T442 -10
Cover_T443 -2
Cover_T444 -34
Cover_T445 0
Cover_T446 20
Cover_T447 2
Cover_T448 0
Cover_T449 4
Cover_T450 6
Cover_T451 20
Cover_T452 -10
Cover_T453 36
Cover_T454 8
Cover_T455 52
Cover_T456 -8
Cover_T457 -10
Cover_T458 4
Cover_T459 6
Cover_T460 -12
Cover_T461 0
Cover_T462 18
Cover_T463 16
Cover_T464 2
Cover_T465 -2
Cover_T466 16
Cover_T467 14
Cover_T468 1.29235e-10
Cover_T469 2
Cover_T470 16
Cover_T471 18
Cover_T472 1.33014e-10
Cover_T473 -12
Cover_T474 16
Cover_T475 4
Cover_T476 6.9079e-11
Cover_T477 -10
Cover_T478 8
Cover_T479 -10
Cover_T480 -1.29489e-10
Cover_T481 -10
Cover_T482 -32
Cover_T483 8
Cover_T484 0
Cover_T485 -4
Cover_T486 -12
Cover_T487 20
Cover_T488 2
Cover_T489 44
Cover_T490 2
Cover_T491 4
Cover_T492 2
Cover_T493 14
Cover_T494 0
Cover_T495 0
Cover_T496 -10
Cover_T497 1.301e-11
Cover_T498 -34
Cover_T499 0
Cover_T500 -26
Cover_T501 2
Cover_T502 -50
Cover_T503 12
Cover_T504 6
Cover_T505 36
Cover_T506 6
Cover_T507 52
Cover_T508 2
Cover_T509 38
Cover_T510 2
Cover_T511 62
Cover_T512 10
Cover_T513 60
Cover_T514 20
Cover_T515 6
Cover_T516 4
Cover_T517 12
Cover_T518 12
Cover_T519 22
Cover_T520 18
Cover_T521 30
Cover_T522 -2
Cover_T523 18
Cover_T524 -24
Cover_T525 22
Cover_T526 0
Cover_T527 20
Cover_T528 0
Cover_T529 16
Cover_T530 0
Cover_T531 40
Cover_T532 -2
Cover_T533 56
Cover_T534 -18
Cover_T535 24
Cover_T536 -10
Cover_T537 22
Cover_T538 -4
Cover_T539 38
Cover_T540 -20
Cover_T541 30
Cover_T542 -4
Cover_T543 22
Cover_T544 -6
Cover_T545 38
Cover_T546 -26
Cover_T547 34
Cover_T548 -12
Cover_T549 34
Cover_T550 -14
Cover_T551 26
Cover_T552 -16
Cover_T553 34
Cover_T554 -16
Cover_T555 18
Cover_T556 -16
Cover_T557 16
Cover_T558 -22
Cover_T559 20
Cover_T560 -16
Cover_T561 42
Cover_T562 -38
Cover_T563 48
Cover_T564 -16
Cover_T565 56
Cover_T566 -16
Cover_T567 46
Cover_T568 -18
Cover_T569 60
Cover_T570 -18
Cover_T571 34
Cover_T572 -24
Cover_T573 36
Cover_T574 -22
Cover_T575 44
Cover_T576 -28
Cover_T577 54
Cover_T578 -28
Cover_T579 46
Cover_T580 -32
Cover_T581 48
Cover_T582 -38
Cover_T583 70
Cover_T584 -34
Cover_T585 58
Cover_T586 -36
Cover_T587 64
Cover_T588 -42
Cover_T589 52
Cover_T590 -42
Cover_T591 60
Cover_T592 -44
Cover_T593 60
Cover_T594 22
Cover_T595 -2.3137e-11
Cover_T596 56
Cover_T597 16
Cover_T598 78
Cover_T599 14
Cover_T600 78
Cover_T601 40
Cover_T602 76
Cover_T603 20
Cover_T604 54
Cover_T605 10
Cover_T606 36
Cover_T607 0
Cover_T608 18
Cover_T609 956
Cover_T610 0
Cover_T611 938
Cover_T612 1020
Cover_T613 974
Cover_T614 1034
Cover_T615 982
Cover_T616 1000
Cover_T617 1008
Cover_T618 56
Cover_T619 996
Cover_T620 56
Cover_T621 0
Cover_T622 18
Cover_T623 -26
Cover_T624 52
Cover_T625 -26
Cover_T626 54
Cover_T627 0
Cover_T628 0
Cover_T629 52
Cover_T630 -18
Cover_T631 66
Cover_T632 0
Cover_T633 68
Cover_T634 0
Cover_T635 64
Cover_T636 0
Cover_T637 40
Cover_T638 0
Cover_T639 56
Cover_T640 36
Cover_T641 12
Cover_T642 22
Cover_T643 24
Cover_T644 26
Cover_T645 22
Cover_T646 0
Cover_T647 38
Cover_T648 30
Cover_T649 -8
Cover_T650 28
Cover_T651 2
Cover_T652 30
Cover_T653 28
Cover_T654 8
Cover_T655 0
Cover_T656 34
Cover_T657 38
Count_D0 -984
Count_D1 -1000
Max_H0_P0 0
Max_H0_P1 0
Max_H0_P2 0
Max_H0_P3 0
Max_H0_P4 0
Max_H0_P5 -1.8616e-11
Max_H0_P6 0
Max_H0_P7 0
Max_H0_P8 0
Max_H0_P9 0
Max_H0_P10 0
Max_H0_P11 0
Max_H0_P12 0
Max_H0_P13 0
Max_H0_P14 0
Max_H0_P15 0
Max_H0_P16 0
Max_H0_P17 3.34849e-12
Max_H0_P18 -1.87557e-11
Max_H0_P19 -4.23268e-11
Max_H0_P20 -3.30738e-12
Max_H0_P21 2.57431e-12
Max_H0_P22 -3.80348e-11
Max_H0_P23 -9.26077e-12
Max_H0_P24 -4.71179e-12
Max_H0_P25 4.49046e-12
Max_H0_P26 -1.65414e-11
Max_H0_P27 1.29063e-12
Max_H0_P28 2.93565e-11
Max_H0_P29 -1.20453e-11
Max_H0_P30 2.20942e-12
Max_H0_P31 8.0073e-12
Max_H0_P32 -1.35094e-11
Max_H0_P33 -5.02798e-12
Max_H0_P34 -1.66554e-11
Max_H0_P35 2.98996e-11
Max_H0_P36 -3.24282e-11
Max_H0_P37 4.38164e-12
Max_H0_P38 2.51549e-11
Max_H0_P39 -1.38236e-11
Max_H0_P40 0
Max_H0_P41 -1.61516e-11
Max_H0_P42 2.64571e-11
Max_H0_P43 0
Max_H0_P44 0
Max_H0_P45 0
Max_H0_P46 0
Max_H0_P47 0
Max_H0_P48 0
Max_H0_P49 0
Max_H0_P50 0
Max_H0_P51 0
Max_H0_P52 0
Max_H0_P53 0
Max_H0_P54 0
Max_H0_P55 0
Max_H0_P56 0
Max_H0_P57 0
Max_H0_P58 0
Max_H0_P59 0
Max_H0_P60 9.09495e-13
Max_H0_P61 -1.36513e-11
Max_H0_P62 0
Max_H0_P63 0
Max_H0_P64 0
Max_H0_P65 0
Max_H0_P66 0
Max_H0_P67 0
Max_H0_P68 0
Max_H0_P69 0
Max_H0_P70 0
Max_H0_P71 0
Max_H0_P72 0
Max_H0_P73 0
Max_H0_P74 0
Max_H0_P75 0
Max_H0_P76 0
Max_H0_P77 1.87422e-12
Max_H0_P78 0
Max_H0_P79 0
Max_H0_P80 0
Max_H0_P81 0
Max_H1_P0 0
Max_H1_P1 0
Max_H1_P2 0
Max_H1_P3 0
Max_H1_P4 0
Max_H1_P5 -1.05018e-11
Max_H1_P6 0
Max_H1_P7 0
Max_H1_P8 0
Max_H1_P9 0
Max_H1_P10 0
Max_H1_P11 0
Max_H1_P12 0
Max_H1_P13 0
Max_H1_P14 0
Max_H1_P15 0
Max_H1_P16 0
Max_H1_P17 0
Max_H1_P18 -1.97903e-11
Max_H1_P19 -3.59384e-11
Max_H1_P20 7.74492e-13
Max_H1_P21 -4.75353e-12
Max_H1_P22 -4.22307e-11
Max_H1_P23 -1.94723e-11
Max_H1_P24 -4.13331e-13
Max_H1_P25 -2.83141e-11
Max_H1_P26 2.04659e-11
Max_H1_P27 -2.23359e-11
Max_H1_P28 3.98126e-12
Max_H1_P29 7.63967e-12
Max_H1_P30 -2.95231e-11
Max_H1_P31 1.61868e-11
Max_H1_P32 -1.18082e-11
Max_H1_P33 2.00245e-11
Max_H1_P34 -6.85554e-12
Max_H1_P35 -1.16245e-11
Max_H1_P36 -9.02661e-12
Max_H1_P37 1.08797e-11
Max_H1_P38 6.02949e-12
Max_H1_P39 -6.43041e-12
Max_H1_P40 -1.55875e-12
Max_H1_P41 1.5164e-11
Max_H1_P42 1.24238e-11
Max_H1_P43 0
Max_H1_P44 0
Max_H1_P45 1.90425e-11
Max_H1_P46 0
Max_H1_P47 0
Max_H1_P48 0
Max_H1_P49 0
Max_H1_P50 0
Max_H1_P51 0
Max_H1_P52 1.21984e-10
Max_H1_P53 0
Max_H1_P54 0
Max_H1_P55 0
Max_H1_P56 0
Max_H1_P57 0
Max_H1_P58 0
Max_H1_P59 0
Max_H1_P60 -1.60917e-12
Max_H1_P61 -1.18661e-11
Max_H1_P62 0
Max_H1_P63 0
Max_H1_P64 0
Max_H1_P65 0
Max_H1_P66 -2.61675e-11
Max_H1_P67 0
Max_H1_P68 0
Max_H1_P69 0
Max_H1_P70 0
Max_H1_P71 0
Max_H1_P72 0
Max_H1_P73 0
Max_H1_P74 0
Max_H1_P75 0
Max_H1_P76 7.75557e-12
Max_H1_P77 -3.34637e-11
Max_H1_P78 7.11342e-11
Max_H1_P79 0
Max_H1_P80 -4.59224e-11
Max_H1_P81 0
