
Branch and bound

  Entire solving process        :                           (Time    385.1)
  No feasible solution was found
  Best relaxation cost          :     77233.91 (Node     0) (Time    385.1)
  Lower bound after cuts        :     77233.91
  End lower bound               :     77233.91
  Deepest level reached         : 0
  Deepest real level reached    : 0
  Number of real nodes solved   : 1
  Stopping condition            : enough nodes explored

Problem identification

  Problem                       : <null>
  Machine                       : oslo1.gerad.lan

Solving process summary

  Linear relaxations            :        1
  Column generation iterations  :      133
  Shortest paths solved         :     8369
  Columns generated             :    80336

Instance characteristics

  Resources                     : 3
  Node types                    : no
  Arc types                     : no
  Strong resource windows       : no
  Weak resource windows         : no
  Resource windows (nodes)      : 3
  Resource values (arcs)        : 3
  Values on nodes               : no

  Rows                          : 1241
  Initial columns               : 558
  Tasks                         : 1079
  Strong tasks                  : 723
  Weak tasks                    : 4
  Initial task constraints      : no
  Nodes                         : 1407
  Arc sets                      : 1
  Arcs                          : 50795
  Networks                      : 2
  Models                        : 1

Memory used per module (Megs)

  Parser (reused)               :     10.300
  Networks                      :     42.743
  Column generator              :     14.288
  Master problem                :     12.362
  -----------------
  Total                         :     69.393

Cpu time per module (seconds)

  Parser                        :        0.0
  Preprocessor                  :        0.0
  Lr solver manager             :        0.2
  Column generator              :      209.3
    (Shortest path)             :      185.7
  Master problem                :      175.6
  -------------------
  Total (without b&b)           :      385.1

Real elapsed time (seconds)

  Parser                        :        0.0
  Preprocessor                  :        0.0
  Lr solver manager             :        0.2
  Column generator              :      209.2
    (Shortest path)             :      185.7
  Master problem                :      175.7
  -------------------
  Total (without b&b)           :      385.1
