
Branch and bound

  Entire solving process        :                           (Time     41.9)
  No feasible solution was found
  Best relaxation cost          :     35871.64 (Node     0) (Time     41.9)
  Lower bound after cuts        :     35871.64
  End lower bound               :     35871.64
  Deepest level reached         : 0
  Deepest real level reached    : 0
  Number of real nodes solved   : 1
  Stopping condition            : enough nodes explored

Problem identification

  Problem                       : <null>
  Machine                       : oslo3.gerad.lan

Solving process summary

  Linear relaxations            :        1
  Column generation iterations  :      102
  Shortest paths solved         :     6739
  Columns generated             :    33086

Instance characteristics

  Resources                     : 3
  Node types                    : no
  Arc types                     : no
  Strong resource windows       : no
  Weak resource windows         : no
  Resource windows (nodes)      : 3
  Resource values (arcs)        : 3
  Values on nodes               : no

  Rows                          : 691
  Initial columns               : 322
  Tasks                         : 529
  Strong tasks                  : 344
  Weak tasks                    : 4
  Initial task constraints      : no
  Nodes                         : 857
  Arc sets                      : 1
  Arcs                          : 14470
  Networks                      : 2
  Models                        : 1

Memory used per module (Megs)

  Parser (reused)               :      3.277
  Networks                      :     22.038
  Column generator              :      4.117
  Master problem                :      6.918
  -----------------
  Total                         :     33.073

Cpu time per module (seconds)

  Parser                        :        0.0
  Preprocessor                  :        0.0
  Lr solver manager             :        0.0
  Column generator              :       12.6
    (Shortest path)             :       10.4
  Master problem                :       29.3
  -------------------
  Total (without b&b)           :       41.9

Real elapsed time (seconds)

  Parser                        :        0.0
  Preprocessor                  :        0.0
  Lr solver manager             :        0.0
  Column generator              :       12.7
    (Shortest path)             :       10.6
  Master problem                :       29.2
  -------------------
  Total (without b&b)           :       41.9
