
Branch and bound

  Entire solving process        :                           (Time     46.1)
  No feasible solution was found
  Best relaxation cost          :     34972.05 (Node     0) (Time     46.1)
  Lower bound after cuts        :     34972.05
  End lower bound               :     34972.05
  Deepest level reached         : 0
  Deepest real level reached    : 0
  Number of real nodes solved   : 1
  Stopping condition            : enough nodes explored

Problem identification

  Problem                       : <null>
  Machine                       : oslo5.gerad.lan

Solving process summary

  Linear relaxations            :        1
  Column generation iterations  :      132
  Shortest paths solved         :     2415
  Columns generated             :    21681

Instance characteristics

  Resources                     : 3
  Node types                    : no
  Arc types                     : no
  Strong resource windows       : no
  Weak resource windows         : no
  Resource windows (nodes)      : 3
  Resource values (arcs)        : 3
  Values on nodes               : no

  Rows                          : 643
  Initial columns               : 2
  Tasks                         : 481
  Strong tasks                  : 477
  Weak tasks                    : 4
  Initial task constraints      : no
  Nodes                         : 809
  Arc sets                      : 1
  Arcs                          : 12615
  Networks                      : 2
  Models                        : 1

Memory used per module (Megs)

  Parser (reused)               :      2.914
  Networks                      :     17.800
  Column generator              :      3.390
  Master problem                :      6.419
  -----------------
  Total                         :     27.609

Cpu time per module (seconds)

  Parser                        :        0.0
  Preprocessor                  :        0.0
  Lr solver manager             :        0.0
  Column generator              :        6.4
    (Shortest path)             :        5.5
  Master problem                :       39.6
  -------------------
  Total (without b&b)           :       46.1

Real elapsed time (seconds)

  Parser                        :        0.0
  Preprocessor                  :        0.0
  Lr solver manager             :        0.1
  Column generator              :        6.4
    (Shortest path)             :        5.5
  Master problem                :       39.6
  -------------------
  Total (without b&b)           :       46.1
