
Branch and bound

  Entire solving process        :                           (Time    280.0)
  No feasible solution was found
  Best relaxation cost          :     66949.95 (Node     0) (Time    279.9)
  Lower bound after cuts        :     66949.95
  End lower bound               :     66949.95
  Deepest level reached         : 0
  Deepest real level reached    : 0
  Number of real nodes solved   : 1
  Stopping condition            : enough nodes explored

Problem identification

  Problem                       : <null>
  Machine                       : oslo3.gerad.lan

Solving process summary

  Linear relaxations            :        1
  Column generation iterations  :      122
  Shortest paths solved         :     4079
  Columns generated             :    48642

Instance characteristics

  Resources                     : 3
  Node types                    : no
  Arc types                     : no
  Strong resource windows       : no
  Weak resource windows         : no
  Resource windows (nodes)      : 3
  Resource values (arcs)        : 3
  Values on nodes               : no

  Rows                          : 1125
  Initial columns               : 2
  Tasks                         : 963
  Strong tasks                  : 959
  Weak tasks                    : 4
  Initial task constraints      : no
  Nodes                         : 1291
  Arc sets                      : 1
  Arcs                          : 40429
  Networks                      : 2
  Models                        : 1

Memory used per module (Megs)

  Parser (reused)               :      8.363
  Networks                      :     35.720
  Column generator              :     14.894
  Master problem                :     10.850
  -----------------
  Total                         :     61.464

Cpu time per module (seconds)

  Parser                        :        0.0
  Preprocessor                  :        0.0
  Lr solver manager             :        0.1
  Column generator              :       83.5
    (Shortest path)             :       73.5
  Master problem                :      196.2
  -------------------
  Total (without b&b)           :      279.9

Real elapsed time (seconds)

  Parser                        :        0.0
  Preprocessor                  :        0.0
  Lr solver manager             :        0.2
  Column generator              :       83.5
    (Shortest path)             :       74.0
  Master problem                :      196.2
  -------------------
  Total (without b&b)           :      279.9
