Cover_T0 52
Cover_T1 -52
Cover_T2 52
Cover_T3 -52
Cover_T4 52
Cover_T5 -52
Cover_T6 52
Cover_T7 -52
Cover_T8 54
Cover_T9 -52
Cover_T10 54
Cover_T11 -50
Cover_T12 54
Cover_T13 -50
Cover_T14 54
Cover_T15 -50
Cover_T16 54
Cover_T17 -50
Cover_T18 54
Cover_T19 -42
Cover_T20 60
Cover_T21 -42
Cover_T22 56
Cover_T23 -42
Cover_T24 52
Cover_T25 -40
Cover_T26 56
Cover_T27 -40
Cover_T28 64
Cover_T29 -10
Cover_T30 58
Cover_T31 -40
Cover_T32 48
Cover_T33 962
Cover_T34 1034
Cover_T35 952
Cover_T36 1010
Cover_T37 966
Cover_T38 1038
Cover_T39 968
Cover_T40 42
Cover_T41 -12
Cover_T42 -4.39364e-11
Cover_T43 -28
Cover_T44 28
Cover_T45 6
Cover_T46 4
Cover_T47 38
Cover_T48 0
Cover_T49 -6
Cover_T50 32
Cover_T51 14
Cover_T52 4
Cover_T53 24
Cover_T54 4
Cover_T55 0
Cover_T56 4
Cover_T57 0
Cover_T58 4
Cover_T59 0
Cover_T60 -10
Cover_T61 0
Cover_T62 32
Cover_T63 14
Cover_T64 -6
Cover_T65 46
Cover_T66 6
Cover_T67 -8
Cover_T68 2
Cover_T69 24
Cover_T70 0
Cover_T71 12
Cover_T72 0
Cover_T73 16
Cover_T74 6
Cover_T75 -14
Cover_T76 -14
Cover_T77 18
Cover_T78 -46
Cover_T79 18
Cover_T80 -12
Cover_T81 50
Cover_T82 12
Cover_T83 16
Cover_T84 10
Cover_T85 48
Cover_T86 22
Cover_T87 12
Cover_T88 -10
Cover_T89 8
Cover_T90 -42
Cover_T91 -4
Cover_T92 8
Cover_T93 16
Cover_T94 20
Cover_T95 38
Cover_T96 10
Cover_T97 -16
Cover_T98 -10
Cover_T99 6
Cover_T100 -30
Cover_T101 0
Cover_T102 10
Cover_T103 12
Cover_T104 -10
Cover_T105 30
Cover_T106 0
Cover_T107 58
Cover_T108 26
Cover_T109 20
Cover_T110 26
Cover_T111 50
Cover_T112 8
Cover_T113 40
Cover_T114 10
Cover_T115 10
Cover_T116 -16
Cover_T117 10
Cover_T118 14
Cover_T119 48
Cover_T120 10
Cover_T121 52
Cover_T122 1.93239e-10
Cover_T123 76
Cover_T124 1.76303e-10
Cover_T125 46
Cover_T126 -8
Cover_T127 38
Cover_T128 -24
Cover_T129 54
Cover_T130 -26
Cover_T131 58
Cover_T132 -26
Cover_T133 48
Cover_T134 -26
Cover_T135 46
Cover_T136 -26
Cover_T137 38
Cover_T138 -26
Cover_T139 40
Cover_T140 -30
Cover_T141 36
Cover_T142 -32
Cover_T143 52
Cover_T144 -32
Cover_T145 40
Cover_T146 -44
Cover_T147 56
Cover_T148 -32
Cover_T149 56
Cover_T150 52
Cover_T151 -52
Cover_T152 52
Cover_T153 -50
Cover_T154 52
Cover_T155 -50
Cover_T156 52
Cover_T157 -50
Cover_T158 50
Cover_T159 -50
Cover_T160 50
Cover_T161 -48
Cover_T162 60
Cover_T163 -40
Cover_T164 50
Cover_T165 -40
Cover_T166 54
Cover_T167 -12
Cover_T168 50
Cover_T169 -28
Cover_T170 54
Cover_T171 964
Cover_T172 1042
Cover_T173 964
Cover_T174 1018
Cover_T175 964
Cover_T176 1022
Cover_T177 960
Cover_T178 38
Cover_T179 -18
Cover_T180 32
Cover_T181 -6
Cover_T182 4
Cover_T183 -2
Cover_T184 -24
Cover_T185 -2
Cover_T186 14
Cover_T187 34
Cover_T188 10
Cover_T189 2
Cover_T190 30
Cover_T191 6
Cover_T192 0
Cover_T193 -26
Cover_T194 8
Cover_T195 2
Cover_T196 0
Cover_T197 0
Cover_T198 16
Cover_T199 4
Cover_T200 2
Cover_T201 0
Cover_T202 -26
Cover_T203 14
Cover_T204 16
Cover_T205 42
Cover_T206 16
Cover_T207 -1.78737e-11
Cover_T208 0
Cover_T209 0
Cover_T210 24
Cover_T211 4
Cover_T212 -8
Cover_T213 6
Cover_T214 -2
Cover_T215 6
Cover_T216 -22
Cover_T217 0
Cover_T218 10
Cover_T219 20
Cover_T220 -8
Cover_T221 52
Cover_T222 -40
Cover_T223 20
Cover_T224 -4
Cover_T225 44
Cover_T226 32
Cover_T227 20
Cover_T228 -12
Cover_T229 -16
Cover_T230 22
Cover_T231 20
Cover_T232 22
Cover_T233 56
Cover_T234 -3.78691e-10
Cover_T235 14
Cover_T236 -32
Cover_T237 2
Cover_T238 0
Cover_T239 40
Cover_T240 6
Cover_T241 64
Cover_T242 22
Cover_T243 32
Cover_T244 22
Cover_T245 32
Cover_T246 2
Cover_T247 10
Cover_T248 -4
Cover_T249 18
Cover_T250 -28
Cover_T251 34
Cover_T252 -2
Cover_T253 46
Cover_T254 -6
Cover_T255 66
Cover_T256 2.50932e-10
Cover_T257 46
Cover_T258 -20
Cover_T259 42
Cover_T260 -8
Cover_T261 26
Cover_T262 -32
Cover_T263 30
Cover_T264 -34
Cover_T265 28
Cover_T266 -24
Cover_T267 46
Cover_T268 -26
Cover_T269 58
Cover_T270 -26
Cover_T271 28
Cover_T272 -26
Cover_T273 40
Cover_T274 -34
Cover_T275 38
Cover_T276 -34
Cover_T277 50
Cover_T278 -30
Cover_T279 46
Cover_T280 -30
Cover_T281 36
Cover_T282 -40
Cover_T283 32
Cover_T284 -34
Cover_T285 32
Cover_T286 -36
Cover_T287 68
Cover_T288 -32
Cover_T289 72
Cover_T290 -32
Cover_T291 68
Cover_T292 56
Cover_T293 -42
Cover_T294 62
Cover_T295 -42
Cover_T296 60
Cover_T297 -40
Cover_T298 64
Cover_T299 -16
Cover_T300 56
Cover_T301 -32
Cover_T302 56
Cover_T303 964
Cover_T304 1038
Cover_T305 960
Cover_T306 1040
Cover_T307 968
Cover_T308 1026
Cover_T309 968
Cover_T310 1018
Cover_T311 966
Cover_T312 1018
Cover_T313 966
Cover_T314 38
Cover_T315 -20
Cover_T316 22
Cover_T317 -20
Cover_T318 2.79883e-11
Cover_T319 -28
Cover_T320 -20
Cover_T321 -8
Cover_T322 32
Cover_T323 -20
Cover_T324 12
Cover_T325 -1.97483e-10
Cover_T326 4
Cover_T327 14
Cover_T328 8
Cover_T329 38
Cover_T330 -16
Cover_T331 -14
Cover_T332 24
Cover_T333 -2
Cover_T334 4
Cover_T335 -6
Cover_T336 14
Cover_T337 22
Cover_T338 16
Cover_T339 -10
Cover_T340 4
Cover_T341 14
Cover_T342 2.359e-11
Cover_T343 6
Cover_T344 2
Cover_T345 6
Cover_T346 -6
Cover_T347 10
Cover_T348 -30
Cover_T349 6
Cover_T350 32
Cover_T351 0
Cover_T352 8
Cover_T353 8
Cover_T354 18
Cover_T355 52
Cover_T356 2
Cover_T357 10
Cover_T358 20
Cover_T359 10
Cover_T360 14
Cover_T361 26
Cover_T362 -18
Cover_T363 8
Cover_T364 2
Cover_T365 4
Cover_T366 -8
Cover_T367 16
Cover_T368 -32
Cover_T369 40
Cover_T370 12
Cover_T371 0
Cover_T372 -12
Cover_T373 10
Cover_T374 0
Cover_T375 32
Cover_T376 24
Cover_T377 52
Cover_T378 4
Cover_T379 4
Cover_T380 -16
Cover_T381 24
Cover_T382 -36
Cover_T383 8
Cover_T384 20
Cover_T385 -16
Cover_T386 0
Cover_T387 10
Cover_T388 10
Cover_T389 44
Cover_T390 -22
Cover_T391 12
Cover_T392 6
Cover_T393 16
Cover_T394 4
Cover_T395 38
Cover_T396 30
Cover_T397 60
Cover_T398 26
Cover_T399 30
Cover_T400 0
Cover_T401 28
Cover_T402 -8
Cover_T403 12
Cover_T404 -30
Cover_T405 10
Cover_T406 -6
Cover_T407 44
Cover_T408 4
Cover_T409 34
Cover_T410 4
Cover_T411 56
Cover_T412 0
Cover_T413 76
Cover_T414 2.56293e-10
Cover_T415 42
Cover_T416 -14
Cover_T417 36
Cover_T418 -22
Cover_T419 30
Cover_T420 -34
Cover_T421 42
Cover_T422 -26
Cover_T423 28
Cover_T424 -24
Cover_T425 44
Cover_T426 -24
Cover_T427 48
Cover_T428 -26
Cover_T429 48
Cover_T430 -26
Cover_T431 36
Cover_T432 -26
Cover_T433 44
Cover_T434 -30
Cover_T435 40
Cover_T436 -30
Cover_T437 70
Cover_T438 -32
Cover_T439 46
Cover_T440 -42
Cover_T441 58
Cover_T442 -32
Cover_T443 64
Cover_T444 -32
Cover_T445 62
Cover_T446 -36
Cover_T447 64
Cover_T448 -50
Cover_T449 48
Cover_T450 2
Cover_T451 20
Cover_T452 -1.04944e-10
Cover_T453 12
Cover_T454 0
Cover_T455 44
Cover_T456 24
Cover_T457 24
Cover_T458 1012
Cover_T459 1062
Cover_T460 1014
Cover_T461 1062
Cover_T462 1016
Cover_T463 1020
Cover_T464 992
Cover_T465 1020
Cover_T466 1012
Cover_T467 64
Cover_T468 -30
Cover_T469 52
Cover_T470 14
Cover_T471 52
Cover_T472 52
Cover_T473 -4
Cover_T474 52
Cover_T475 22
Cover_T476 20
Cover_T477 0
Cover_T478 56
Cover_T479 18
Cover_T480 0
Cover_T481 0
Cover_T482 22
Cover_T483 44
Cover_T484 14
Cover_T485 64
Cover_T486 58
Cover_T487 52
Cover_T488 26
Cover_T489 52
Cover_T490 78
Count_D0 -984
Count_D1 -1000
Max_H0_P0 0
Max_H0_P1 0
Max_H0_P2 0
Max_H0_P3 0
Max_H0_P4 0
Max_H0_P5 0
Max_H0_P6 0
Max_H0_P7 0
Max_H0_P8 0
Max_H0_P9 0
Max_H0_P10 0
Max_H0_P11 0
Max_H0_P12 0
Max_H0_P13 0
Max_H0_P14 0
Max_H0_P15 0
Max_H0_P16 0
Max_H0_P17 0
Max_H0_P18 0
Max_H0_P19 0
Max_H0_P20 7.51754e-12
Max_H0_P21 1.46314e-11
Max_H0_P22 0
Max_H0_P23 -1.15463e-12
Max_H0_P24 0
Max_H0_P25 0
Max_H0_P26 0
Max_H0_P27 0
Max_H0_P28 0
Max_H0_P29 -1.93943e-11
Max_H0_P30 -3.25606e-12
Max_H0_P31 2.91323e-13
Max_H0_P32 0
Max_H0_P33 0
Max_H0_P34 0
Max_H0_P35 0
Max_H0_P36 1.23315e-11
Max_H0_P37 -9.20863e-12
Max_H0_P38 0
Max_H0_P39 0
Max_H0_P40 0
Max_H0_P41 -2.42306e-11
Max_H0_P42 0
Max_H0_P43 0
Max_H0_P44 0
Max_H0_P45 0
Max_H0_P46 0
Max_H0_P47 0
Max_H0_P48 0
Max_H0_P49 0
Max_H0_P50 0
Max_H0_P51 0
Max_H0_P52 0
Max_H0_P53 0
Max_H0_P54 0
Max_H0_P55 0
Max_H0_P56 0
Max_H0_P57 0
Max_H0_P58 0
Max_H0_P59 0
Max_H0_P60 0
Max_H0_P61 0
Max_H0_P62 0
Max_H0_P63 0
Max_H0_P64 0
Max_H0_P65 0
Max_H0_P66 0
Max_H0_P67 0
Max_H0_P68 -0
Max_H0_P69 0
Max_H0_P70 0
Max_H0_P71 0
Max_H0_P72 0
Max_H0_P73 0
Max_H0_P74 0
Max_H0_P75 0
Max_H0_P76 0
Max_H0_P77 0
Max_H0_P78 0
Max_H0_P79 0
Max_H0_P80 0
Max_H0_P81 0
Max_H1_P0 0
Max_H1_P1 0
Max_H1_P2 0
Max_H1_P3 0
Max_H1_P4 0
Max_H1_P5 0
Max_H1_P6 0
Max_H1_P7 0
Max_H1_P8 0
Max_H1_P9 0
Max_H1_P10 0
Max_H1_P11 0
Max_H1_P12 0
Max_H1_P13 0
Max_H1_P14 0
Max_H1_P15 0
Max_H1_P16 0
Max_H1_P17 -9.34453e-12
Max_H1_P18 0
Max_H1_P19 0
Max_H1_P20 -3.23719e-12
Max_H1_P21 0
Max_H1_P22 2.58229e-11
Max_H1_P23 0
Max_H1_P24 -3.87193e-11
Max_H1_P25 1.32907e-11
Max_H1_P26 -2.61924e-12
Max_H1_P27 0
Max_H1_P28 0
Max_H1_P29 -2.35758e-11
Max_H1_P30 -1.63768e-11
Max_H1_P31 8.66862e-13
Max_H1_P32 0
Max_H1_P33 0
Max_H1_P34 3.23297e-12
Max_H1_P35 -3.73694e-11
Max_H1_P36 1.05254e-11
Max_H1_P37 -6.19593e-12
Max_H1_P38 0
Max_H1_P39 2.27374e-13
Max_H1_P40 -4.32827e-11
Max_H1_P41 0
Max_H1_P42 0
Max_H1_P43 0
Max_H1_P44 6.06107e-12
Max_H1_P45 -1.08606e-11
Max_H1_P46 0
Max_H1_P47 0
Max_H1_P48 0
Max_H1_P49 0
Max_H1_P50 0
Max_H1_P51 0
Max_H1_P52 0
Max_H1_P53 0
Max_H1_P54 0
Max_H1_P55 0
Max_H1_P56 0
Max_H1_P57 0
Max_H1_P58 0
Max_H1_P59 0
Max_H1_P60 1.18785e-11
Max_H1_P61 0
Max_H1_P62 0
Max_H1_P63 0
Max_H1_P64 0
Max_H1_P65 0
Max_H1_P66 0
Max_H1_P67 0
Max_H1_P68 0
Max_H1_P69 0
Max_H1_P70 0
Max_H1_P71 0
Max_H1_P72 0
Max_H1_P73 0
Max_H1_P74 0
Max_H1_P75 0
Max_H1_P76 0
Max_H1_P77 0
Max_H1_P78 0
Max_H1_P79 0
Max_H1_P80 0
Max_H1_P81 0
