Cover_T0 52
Cover_T1 -52
Cover_T2 52
Cover_T3 -52
Cover_T4 52
Cover_T5 -52
Cover_T6 52
Cover_T7 -52
Cover_T8 52
Cover_T9 -52
Cover_T10 54
Cover_T11 -50
Cover_T12 54
Cover_T13 -50
Cover_T14 58
Cover_T15 -50
Cover_T16 52
Cover_T17 -44
Cover_T18 62
Cover_T19 -40
Cover_T20 74
Cover_T21 -24
Cover_T22 78
Cover_T23 -36
Cover_T24 54
Cover_T25 -34
Cover_T26 52
Cover_T27 -6
Cover_T28 44
Cover_T29 956
Cover_T30 34
Cover_T31 950
Cover_T32 1018
Cover_T33 928
Cover_T34 1002
Cover_T35 958
Cover_T36 1004
Cover_T37 978
Cover_T38 38
Cover_T39 978
Cover_T40 52
Cover_T41 0
Cover_T42 26
Cover_T43 0
Cover_T44 14
Cover_T45 -14
Cover_T46 28
Cover_T47 -4
Cover_T48 2
Cover_T49 6
Cover_T50 18
Cover_T51 12
Cover_T52 5.2861e-12
Cover_T53 5.46491e-10
Cover_T54 10
Cover_T55 24
Cover_T56 6
Cover_T57 4
Cover_T58 10
Cover_T59 0
Cover_T60 2
Cover_T61 2.03682e-12
Cover_T62 6
Cover_T63 4
Cover_T64 -9.29958e-11
Cover_T65 0
Cover_T66 2.82085e-12
Cover_T67 0
Cover_T68 -8
Cover_T69 8
Cover_T70 0
Cover_T71 8
Cover_T72 0
Cover_T73 14
Cover_T74 4
Cover_T75 2
Cover_T76 8
Cover_T77 2
Cover_T78 0
Cover_T79 6
Cover_T80 14
Cover_T81 8
Cover_T82 16
Cover_T83 10
Cover_T84 6
Cover_T85 8
Cover_T86 -18
Cover_T87 2
Cover_T88 6
Cover_T89 16
Cover_T90 4
Cover_T91 28
Cover_T92 22
Cover_T93 52
Cover_T94 -2
Cover_T95 16
Cover_T96 4
Cover_T97 18
Cover_T98 0
Cover_T99 2
Cover_T100 2
Cover_T101 0
Cover_T102 -2
Cover_T103 8
Cover_T104 4
Cover_T105 6
Cover_T106 -24
Cover_T107 16
Cover_T108 10
Cover_T109 22
Cover_T110 22
Cover_T111 62
Cover_T112 22
Cover_T113 10
Cover_T114 2
Cover_T115 16
Cover_T116 16
Cover_T117 6
Cover_T118 2
Cover_T119 18
Cover_T120 12
Cover_T121 4
Cover_T122 12
Cover_T123 10
Cover_T124 -16
Cover_T125 30
Cover_T126 -4
Cover_T127 24
Cover_T128 4
Cover_T129 12
Cover_T130 -2
Cover_T131 36
Cover_T132 -12
Cover_T133 32
Cover_T134 -4
Cover_T135 34
Cover_T136 -8
Cover_T137 34
Cover_T138 -20
Cover_T139 38
Cover_T140 -18
Cover_T141 38
Cover_T142 -22
Cover_T143 46
Cover_T144 -24
Cover_T145 34
Cover_T146 -32
Cover_T147 52
Cover_T148 -40
Cover_T149 56
Cover_T150 -26
Cover_T151 52
Cover_T152 -26
Cover_T153 52
Cover_T154 -26
Cover_T155 50
Cover_T156 -32
Cover_T157 62
Cover_T158 -30
Cover_T159 44
Cover_T160 -30
Cover_T161 56
Cover_T162 -34
Cover_T163 46
Cover_T164 -34
Cover_T165 58
Cover_T166 -40
Cover_T167 64
Cover_T168 -44
Cover_T169 60
Cover_T170 52
Cover_T171 -52
Cover_T172 54
Cover_T173 -50
Cover_T174 58
Cover_T175 -50
Cover_T176 60
Cover_T177 -44
Cover_T178 56
Cover_T179 -40
Cover_T180 60
Cover_T181 -24
Cover_T182 66
Cover_T183 -22
Cover_T184 64
Cover_T185 -14
Cover_T186 36
Cover_T187 -24
Cover_T188 30
Cover_T189 940
Cover_T190 16
Cover_T191 934
Cover_T192 994
Cover_T193 954
Cover_T194 24
Cover_T195 978
Cover_T196 64
Cover_T197 3.24505e-11
Cover_T198 38
Cover_T199 0
Cover_T200 14
Cover_T201 -16
Cover_T202 26
Cover_T203 -6
Cover_T204 -2
Cover_T205 0
Cover_T206 18
Cover_T207 -12
Cover_T208 0
Cover_T209 12
Cover_T210 10
Cover_T211 -8
Cover_T212 6
Cover_T213 10
Cover_T214 10
Cover_T215 0
Cover_T216 2
Cover_T217 4
Cover_T218 6
Cover_T219 0
Cover_T220 2
Cover_T221 8
Cover_T222 6
Cover_T223 4
Cover_T224 2
Cover_T225 8
Cover_T226 14
Cover_T227 4
Cover_T228 14
Cover_T229 10
Cover_T230 6
Cover_T231 2
Cover_T232 0
Cover_T233 2
Cover_T234 6
Cover_T235 2
Cover_T236 16
Cover_T237 2
Cover_T238 22
Cover_T239 10
Cover_T240 8
Cover_T241 -4
Cover_T242 0
Cover_T243 -12
Cover_T244 -12
Cover_T245 2
Cover_T246 -36
Cover_T247 16
Cover_T248 -12
Cover_T249 40
Cover_T250 16
Cover_T251 16
Cover_T252 10
Cover_T253 -12
Cover_T254 4.13447e-12
Cover_T255 12
Cover_T256 6
Cover_T257 6
Cover_T258 6
Cover_T259 10
Cover_T260 16
Cover_T261 4
Cover_T262 -8
Cover_T263 4
Cover_T264 -34
Cover_T265 0
Cover_T266 8
Cover_T267 32
Cover_T268 -2
Cover_T269 4
Cover_T270 22
Cover_T271 22
Cover_T272 20
Cover_T273 -4
Cover_T274 16
Cover_T275 3.37776e-10
Cover_T276 4
Cover_T277 4
Cover_T278 -2
Cover_T279 8
Cover_T280 -14
Cover_T281 16
Cover_T282 -3.85832e-10
Cover_T283 36
Cover_T284 -2
Cover_T285 22
Cover_T286 -8
Cover_T287 24
Cover_T288 -8
Cover_T289 44
Cover_T290 -8
Cover_T291 40
Cover_T292 -14
Cover_T293 36
Cover_T294 -18
Cover_T295 36
Cover_T296 -30
Cover_T297 32
Cover_T298 -26
Cover_T299 32
Cover_T300 -26
Cover_T301 54
Cover_T302 -26
Cover_T303 50
Cover_T304 -26
Cover_T305 46
Cover_T306 -32
Cover_T307 42
Cover_T308 -26
Cover_T309 44
Cover_T310 -28
Cover_T311 46
Cover_T312 -40
Cover_T313 46
Cover_T314 -34
Cover_T315 44
Cover_T316 -32
Cover_T317 46
Cover_T318 -40
Cover_T319 62
Cover_T320 -36
Cover_T321 54
Cover_T322 -34
Cover_T323 50
Cover_T324 -38
Cover_T325 56
Cover_T326 -40
Cover_T327 58
Cover_T328 -40
Cover_T329 52
Cover_T330 -40
Cover_T331 56
Cover_T332 -44
Cover_T333 56
Cover_T334 -50
Cover_T335 54
Cover_T336 70
Cover_T337 -28
Cover_T338 80
Cover_T339 -34
Cover_T340 58
Cover_T341 -28
Cover_T342 66
Cover_T343 -16
Cover_T344 44
Cover_T345 -26
Cover_T346 36
Cover_T347 936
Cover_T348 40
Cover_T349 936
Cover_T350 1006
Cover_T351 948
Cover_T352 992
Cover_T353 978
Cover_T354 1010
Cover_T355 964
Cover_T356 32
Cover_T357 968
Cover_T358 32
Cover_T359 0
Cover_T360 46
Cover_T361 0
Cover_T362 24
Cover_T363 -2.95586e-11
Cover_T364 18
Cover_T365 -12
Cover_T366 -6
Cover_T367 2
Cover_T368 0
Cover_T369 12
Cover_T370 1.0453e-11
Cover_T371 4
Cover_T372 0
Cover_T373 24
Cover_T374 0
Cover_T375 -5.64171e-11
Cover_T376 0
Cover_T377 14
Cover_T378 -8
Cover_T379 1.08159e-10
Cover_T380 1.80105e-11
Cover_T381 0
Cover_T382 0
Cover_T383 -8
Cover_T384 8
Cover_T385 8
Cover_T386 8
Cover_T387 16
Cover_T388 -12
Cover_T389 8
Cover_T390 4
Cover_T391 8
Cover_T392 8
Cover_T393 0
Cover_T394 8
Cover_T395 0
Cover_T396 0
Cover_T397 20
Cover_T398 8
Cover_T399 4
Cover_T400 4
Cover_T401 0
Cover_T402 22
Cover_T403 0
Cover_T404 2
Cover_T405 8
Cover_T406 14
Cover_T407 0
Cover_T408 0
Cover_T409 12
Cover_T410 -12
Cover_T411 2
Cover_T412 -28
Cover_T413 -2
Cover_T414 4
Cover_T415 1.29585e-12
Cover_T416 0
Cover_T417 12
Cover_T418 18
Cover_T419 36
Cover_T420 -6
Cover_T421 0
Cover_T422 2.92188e-11
Cover_T423 2
Cover_T424 -4
Cover_T425 -16
Cover_T426 0
Cover_T427 12
Cover_T428 -4
Cover_T429 10
Cover_T430 2
Cover_T431 18
Cover_T432 -26
Cover_T433 16
Cover_T434 0
Cover_T435 16
Cover_T436 0
Cover_T437 2
Cover_T438 0
Cover_T439 18
Cover_T440 16
Cover_T441 38
Cover_T442 22
Cover_T443 52
Cover_T444 20
Cover_T445 -1.91903e-10
Cover_T446 22
Cover_T447 24
Cover_T448 6
Cover_T449 16
Cover_T450 18
Cover_T451 16
Cover_T452 0
Cover_T453 8
Cover_T454 0
Cover_T455 14
Cover_T456 2
Cover_T457 2
Cover_T458 0
Cover_T459 20
Cover_T460 4
Cover_T461 30
Cover_T462 4
Cover_T463 34
Cover_T464 -2.56585e-10
Cover_T465 38
Cover_T466 -2.28368e-10
Cover_T467 40
Cover_T468 -4
Cover_T469 42
Cover_T470 -12
Cover_T471 42
Cover_T472 -8
Cover_T473 42
Cover_T474 -14
Cover_T475 42
Cover_T476 -38
Cover_T477 44
Cover_T478 -34
Cover_T479 36
Cover_T480 -32
Cover_T481 34
Cover_T482 -28
Cover_T483 52
Cover_T484 -26
Cover_T485 42
Cover_T486 -32
Cover_T487 48
Cover_T488 -26
Cover_T489 56
Cover_T490 -38
Cover_T491 50
Cover_T492 -30
Cover_T493 40
Cover_T494 -30
Cover_T495 52
Cover_T496 -34
Cover_T497 54
Cover_T498 -38
Cover_T499 58
Cover_T500 -40
Cover_T501 46
Cover_T502 -40
Cover_T503 62
Cover_T504 -40
Cover_T505 64
Cover_T506 -44
Cover_T507 56
Cover_T508 -44
Cover_T509 54
Cover_T510 -50
Cover_T511 54
Cover_T512 20
Cover_T513 8
Cover_T514 30
Cover_T515 18
Cover_T516 70
Cover_T517 20
Cover_T518 42
Cover_T519 24
Cover_T520 2
Cover_T521 1000
Cover_T522 972
Cover_T523 936
Cover_T524 946
Cover_T525 976
Cover_T526 1048
Cover_T527 1006
Cover_T528 1052
Cover_T529 1026
Cover_T530 80
Cover_T531 60
Cover_T532 98
Cover_T533 84
Cover_T534 60
Cover_T535 4.18581e-11
Cover_T536 16
Cover_T537 54
Cover_T538 -20
Cover_T539 58
Cover_T540 0
Cover_T541 12
Cover_T542 -8
Cover_T543 50
Cover_T544 38
Cover_T545 70
Cover_T546 58
Cover_T547 28
Cover_T548 40
Cover_T549 30
Cover_T550 16
Cover_T551 50
Cover_T552 0
Cover_T553 0
Cover_T554 0
Cover_T555 -18
Cover_T556 52
Cover_T557 14
Cover_T558 52
Cover_T559 44
Cover_T560 48
Cover_T561 50
Cover_T562 48
Cover_T563 2
Cover_T564 32
Cover_T565 4
Cover_T566 32
Cover_T567 2
Count_D0 -984
Count_D1 -1000
Max_H0_P0 0
Max_H0_P1 0
Max_H0_P2 0
Max_H0_P3 0
Max_H0_P4 0
Max_H0_P5 0
Max_H0_P6 0
Max_H0_P7 0
Max_H0_P8 0
Max_H0_P9 0
Max_H0_P10 0
Max_H0_P11 0
Max_H0_P12 0
Max_H0_P13 0
Max_H0_P14 0
Max_H0_P15 0
Max_H0_P16 -2.79278e-11
Max_H0_P17 0
Max_H0_P18 -1.92664e-11
Max_H0_P19 8.57225e-12
Max_H0_P20 0
Max_H0_P21 0
Max_H0_P22 -0
Max_H0_P23 0
Max_H0_P24 0
Max_H0_P25 0
Max_H0_P26 0
Max_H0_P27 -3.09219e-11
Max_H0_P28 0
Max_H0_P29 3.64814e-11
Max_H0_P30 -5.35572e-12
Max_H0_P31 -1.2621e-11
Max_H0_P32 -1.84155e-11
Max_H0_P33 1.8161e-11
Max_H0_P34 0
Max_H0_P35 0
Max_H0_P36 3.0127e-12
Max_H0_P37 0
Max_H0_P38 -2.22702e-11
Max_H0_P39 0
Max_H0_P40 -2.84217e-13
Max_H0_P41 0
Max_H0_P42 0
Max_H0_P43 0
Max_H0_P44 0
Max_H0_P45 0
Max_H0_P46 0
Max_H0_P47 0
Max_H0_P48 0
Max_H0_P49 0
Max_H0_P50 0
Max_H0_P51 0
Max_H0_P52 0
Max_H0_P53 0
Max_H0_P54 0
Max_H0_P55 0
Max_H0_P56 0
Max_H0_P57 0
Max_H0_P58 0
Max_H0_P59 0
Max_H0_P60 0
Max_H0_P61 0
Max_H0_P62 0
Max_H0_P63 0
Max_H0_P64 0
Max_H0_P65 -0
Max_H0_P66 0
Max_H0_P67 0
Max_H0_P68 0
Max_H0_P69 0
Max_H0_P70 0
Max_H0_P71 0
Max_H0_P72 0
Max_H0_P73 0
Max_H0_P74 0
Max_H0_P75 0
Max_H0_P76 0
Max_H0_P77 0
Max_H0_P78 0
Max_H0_P79 0
Max_H0_P80 0
Max_H0_P81 0
Max_H1_P0 0
Max_H1_P1 0
Max_H1_P2 0
Max_H1_P3 0
Max_H1_P4 0
Max_H1_P5 0
Max_H1_P6 6.25267e-12
Max_H1_P7 0
Max_H1_P8 0
Max_H1_P9 0
Max_H1_P10 0
Max_H1_P11 0
Max_H1_P12 0
Max_H1_P13 0
Max_H1_P14 0
Max_H1_P15 0
Max_H1_P16 -4.31276e-11
Max_H1_P17 0
Max_H1_P18 -2.20158e-12
Max_H1_P19 0
Max_H1_P20 -9.17178e-12
Max_H1_P21 0
Max_H1_P22 -3.00027e-12
Max_H1_P23 4.9738e-13
Max_H1_P24 2.42271e-12
Max_H1_P25 2.24055e-11
Max_H1_P26 -6.78035e-12
Max_H1_P27 -8.91909e-12
Max_H1_P28 0
Max_H1_P29 0
Max_H1_P30 2.57379e-11
Max_H1_P31 1.43748e-12
Max_H1_P32 0
Max_H1_P33 -1.54046e-11
Max_H1_P34 4.85656e-12
Max_H1_P35 0
Max_H1_P36 0
Max_H1_P37 3.0127e-12
Max_H1_P38 5.35369e-12
Max_H1_P39 -1.43638e-11
Max_H1_P40 0
Max_H1_P41 -1.88773e-11
Max_H1_P42 -1.78346e-11
Max_H1_P43 0
Max_H1_P44 0
Max_H1_P45 0
Max_H1_P46 0
Max_H1_P47 0
Max_H1_P48 0
Max_H1_P49 0
Max_H1_P50 0
Max_H1_P51 0
Max_H1_P52 0
Max_H1_P53 0
Max_H1_P54 0
Max_H1_P55 0
Max_H1_P56 0
Max_H1_P57 0
Max_H1_P58 0
Max_H1_P59 0
Max_H1_P60 0
Max_H1_P61 0
Max_H1_P62 0
Max_H1_P63 0
Max_H1_P64 0
Max_H1_P65 0
Max_H1_P66 0
Max_H1_P67 0
Max_H1_P68 0
Max_H1_P69 0
Max_H1_P70 0
Max_H1_P71 0
Max_H1_P72 0
Max_H1_P73 0
Max_H1_P74 0
Max_H1_P75 0
Max_H1_P76 0
Max_H1_P77 0
Max_H1_P78 0
Max_H1_P79 0
Max_H1_P80 0
Max_H1_P81 0
