
Branch and bound

  Entire solving process        :                           (Time     75.5)
  No feasible solution was found
  Best relaxation cost          :     36836.74 (Node     0) (Time     75.5)
  Lower bound after cuts        :     36836.74
  End lower bound               :     36836.74
  Deepest level reached         : 0
  Deepest real level reached    : 0
  Number of real nodes solved   : 1
  Stopping condition            : enough nodes explored

Problem identification

  Problem                       : <null>
  Machine                       : oslo5.gerad.lan

Solving process summary

  Linear relaxations            :        1
  Column generation iterations  :      146
  Shortest paths solved         :     7650
  Columns generated             :    44669

Instance characteristics

  Resources                     : 3
  Node types                    : no
  Arc types                     : no
  Strong resource windows       : no
  Weak resource windows         : no
  Resource windows (nodes)      : 3
  Resource values (arcs)        : 3
  Values on nodes               : no

  Rows                          : 734
  Initial columns               : 313
  Tasks                         : 572
  Strong tasks                  : 390
  Weak tasks                    : 4
  Initial task constraints      : no
  Nodes                         : 900
  Arc sets                      : 1
  Arcs                          : 16500
  Networks                      : 2
  Models                        : 1

Memory used per module (Megs)

  Parser (reused)               :      3.640
  Networks                      :     24.217
  Column generator              :      3.633
  Master problem                :      7.621
  -----------------
  Total                         :     35.471

Cpu time per module (seconds)

  Parser                        :        0.0
  Preprocessor                  :        0.0
  Lr solver manager             :        0.1
  Column generator              :       20.4
    (Shortest path)             :       17.4
  Master problem                :       55.1
  -------------------
  Total (without b&b)           :       75.5

Real elapsed time (seconds)

  Parser                        :        0.0
  Preprocessor                  :        0.0
  Lr solver manager             :        0.1
  Column generator              :       20.5
    (Shortest path)             :       17.8
  Master problem                :       55.0
  -------------------
  Total (without b&b)           :       75.5
