
Branch and bound

  Entire solving process        :                           (Time     64.3)
  No feasible solution was found
  Best relaxation cost          :     31544.28 (Node     0) (Time     64.3)
  Lower bound after cuts        :     31544.28
  End lower bound               :     31544.28
  Deepest level reached         : 0
  Deepest real level reached    : 0
  Number of real nodes solved   : 1
  Stopping condition            : enough nodes explored

Problem identification

  Problem                       : <null>
  Machine                       : oslo2.gerad.lan

Solving process summary

  Linear relaxations            :        1
  Column generation iterations  :      143
  Shortest paths solved         :     5124
  Columns generated             :    34359

Instance characteristics

  Resources                     : 3
  Node types                    : no
  Arc types                     : no
  Strong resource windows       : no
  Weak resource windows         : no
  Resource windows (nodes)      : 3
  Resource values (arcs)        : 3
  Values on nodes               : no

  Rows                          : 692
  Initial columns               : 273
  Tasks                         : 530
  Strong tasks                  : 376
  Weak tasks                    : 4
  Initial task constraints      : no
  Nodes                         : 858
  Arc sets                      : 1
  Arcs                          : 14495
  Networks                      : 2
  Models                        : 1

Memory used per module (Megs)

  Parser (reused)               :      3.277
  Networks                      :     20.948
  Column generator              :      4.480
  Master problem                :      7.410
  -----------------
  Total                         :     32.838

Cpu time per module (seconds)

  Parser                        :        0.0
  Preprocessor                  :        0.0
  Lr solver manager             :        0.1
  Column generator              :       13.5
    (Shortest path)             :       11.4
  Master problem                :       50.7
  -------------------
  Total (without b&b)           :       64.3

Real elapsed time (seconds)

  Parser                        :        0.0
  Preprocessor                  :        0.0
  Lr solver manager             :        0.1
  Column generator              :       13.7
    (Shortest path)             :       11.7
  Master problem                :       50.6
  -------------------
  Total (without b&b)           :       64.4
