
Branch and bound

  Entire solving process        :                           (Time    226.3)
  No feasible solution was found
  Best relaxation cost          :     70505.98 (Node     0) (Time    226.3)
  Lower bound after cuts        :     70505.98
  End lower bound               :     70505.98
  Deepest level reached         : 0
  Deepest real level reached    : 0
  Number of real nodes solved   : 1
  Stopping condition            : enough nodes explored

Problem identification

  Problem                       : <null>
  Machine                       : oslo3.gerad.lan

Solving process summary

  Linear relaxations            :        1
  Column generation iterations  :      112
  Shortest paths solved         :     7480
  Columns generated             :    61801

Instance characteristics

  Resources                     : 3
  Node types                    : no
  Arc types                     : no
  Strong resource windows       : no
  Weak resource windows         : no
  Resource windows (nodes)      : 3
  Resource values (arcs)        : 3
  Values on nodes               : no

  Rows                          : 1120
  Initial columns               : 484
  Tasks                         : 958
  Strong tasks                  : 673
  Weak tasks                    : 4
  Initial task constraints      : no
  Nodes                         : 1286
  Arc sets                      : 1
  Arcs                          : 40733
  Networks                      : 2
  Models                        : 1

Memory used per module (Megs)

  Parser (reused)               :      8.363
  Networks                      :     36.568
  Column generator              :     21.311
  Master problem                :     10.978
  -----------------
  Total                         :     68.857

Cpu time per module (seconds)

  Parser                        :        0.0
  Preprocessor                  :        0.0
  Lr solver manager             :        0.1
  Column generator              :      128.7
    (Shortest path)             :      115.9
  Master problem                :       97.4
  -------------------
  Total (without b&b)           :      226.3

Real elapsed time (seconds)

  Parser                        :        0.0
  Preprocessor                  :        0.0
  Lr solver manager             :        0.1
  Column generator              :      128.8
    (Shortest path)             :      115.6
  Master problem                :       97.4
  -------------------
  Total (without b&b)           :      226.3
