Cover_T0 52
Cover_T1 -52
Cover_T2 52
Cover_T3 -52
Cover_T4 52
Cover_T5 -52
Cover_T6 52
Cover_T7 -52
Cover_T8 52
Cover_T9 -52
Cover_T10 52
Cover_T11 -52
Cover_T12 54
Cover_T13 -52
Cover_T14 52
Cover_T15 -50
Cover_T16 58
Cover_T17 -50
Cover_T18 58
Cover_T19 -46
Cover_T20 62
Cover_T21 -46
Cover_T22 62
Cover_T23 -42
Cover_T24 62
Cover_T25 -42
Cover_T26 62
Cover_T27 -42
Cover_T28 62
Cover_T29 -42
Cover_T30 52
Cover_T31 -38
Cover_T32 52
Cover_T33 -42
Cover_T34 56
Cover_T35 -34
Cover_T36 52
Cover_T37 -32
Cover_T38 46
Cover_T39 -12
Cover_T40 64
Cover_T41 -20
Cover_T42 56
Cover_T43 -28
Cover_T44 48
Cover_T45 12
Cover_T46 1036
Cover_T47 -1.79832e-08
Cover_T48 1034
Cover_T49 -1.79436e-08
Cover_T50 1040
Cover_T51 940
Cover_T52 1026
Cover_T53 946
Cover_T54 1038
Cover_T55 948
Cover_T56 1010
Cover_T57 932
Cover_T58 1026
Cover_T59 940
Cover_T60 1026
Cover_T61 948
Cover_T62 990
Cover_T63 -46
Cover_T64 990
Cover_T65 -38
Cover_T66 990
Cover_T67 -42
Cover_T68 28
Cover_T69 -42
Cover_T70 14
Cover_T71 -42
Cover_T72 4
Cover_T73 -42
Cover_T74 16
Cover_T75 -26
Cover_T76 0
Cover_T77 -10
Cover_T78 10
Cover_T79 2
Cover_T80 -6
Cover_T81 10
Cover_T82 -26
Cover_T83 2
Cover_T84 52
Cover_T85 -3.49357e-09
Cover_T86 52
Cover_T87 24
Cover_T88 28
Cover_T89 48
Cover_T90 4
Cover_T91 -30
Cover_T92 4
Cover_T93 -38
Cover_T94 10
Cover_T95 -22
Cover_T96 -6
Cover_T97 -6
Cover_T98 8
Cover_T99 10
Cover_T100 8
Cover_T101 6
Cover_T102 2
Cover_T103 0
Cover_T104 2
Cover_T105 16
Cover_T106 18
Cover_T107 6
Cover_T108 -6
Cover_T109 4
Cover_T110 52
Cover_T111 12
Cover_T112 28
Cover_T113 4
Cover_T114 4
Cover_T115 28
Cover_T116 1.56457e-11
Cover_T117 -34
Cover_T118 0
Cover_T119 -18
Cover_T120 -6
Cover_T121 -2
Cover_T122 -8
Cover_T123 0
Cover_T124 -24
Cover_T125 0
Cover_T126 -40
Cover_T127 -1.73342e-10
Cover_T128 50
Cover_T129 2
Cover_T130 34
Cover_T131 18
Cover_T132 18
Cover_T133 34
Cover_T134 2
Cover_T135 50
Cover_T136 -10
Cover_T137 -40
Cover_T138 -26
Cover_T139 -24
Cover_T140 -42
Cover_T141 -8
Cover_T142 -10
Cover_T143 8
Cover_T144 -26
Cover_T145 20
Cover_T146 -42
Cover_T147 36
Cover_T148 8
Cover_T149 52
Cover_T150 14
Cover_T151 20
Cover_T152 -2
Cover_T153 36
Cover_T154 -6
Cover_T155 52
Cover_T156 -22
Cover_T157 2
Cover_T158 -38
Cover_T159 4
Cover_T160 -10
Cover_T161 20
Cover_T162 -30
Cover_T163 46
Cover_T164 52
Cover_T165 78
Cover_T166 52
Cover_T167 66
Cover_T168 52
Cover_T169 96
Cover_T170 36
Cover_T171 14
Cover_T172 14
Cover_T173 6
Cover_T174 0
Cover_T175 -2
Cover_T176 -22
Cover_T177 0
Cover_T178 6
Cover_T179 18
Cover_T180 -6
Cover_T181 4
Cover_T182 -22
Cover_T183 24
Cover_T184 8
Cover_T185 40
Cover_T186 8
Cover_T187 10
Cover_T188 -4
Cover_T189 28
Cover_T190 4
Cover_T191 46
Cover_T192 -16
Cover_T193 8
Cover_T194 -32
Cover_T195 4
Cover_T196 -5.93445e-11
Cover_T197 20
Cover_T198 -6
Cover_T199 14
Cover_T200 -2
Cover_T201 30
Cover_T202 -2
Cover_T203 46
Cover_T204 -2
Cover_T205 14
Cover_T206 -4
Cover_T207 -2.46298e-08
Cover_T208 -4
Cover_T209 -4.64234e-08
Cover_T210 -6
Cover_T211 2
Cover_T212 -6
Cover_T213 2
Cover_T214 -4
Cover_T215 2
Cover_T216 -6
Cover_T217 10
Cover_T218 2.95839e-08
Cover_T219 18
Cover_T220 -26
Cover_T221 10
Cover_T222 -2
Cover_T223 34
Cover_T224 -26
Cover_T225 28
Cover_T226 -2
Cover_T227 48
Cover_T228 -6
Cover_T229 16
Cover_T230 -6
Cover_T231 32
Cover_T232 -18
Cover_T233 48
Cover_T234 -34
Cover_T235 20
Cover_T236 -50
Cover_T237 22
Cover_T238 -36
Cover_T239 24
Cover_T240 -26
Cover_T241 36
Cover_T242 -6
Cover_T243 68
Cover_T244 -6
Cover_T245 56
Cover_T246 -6
Cover_T247 76
Cover_T248 -12
Cover_T249 52
Cover_T250 -14
Cover_T251 64
Cover_T252 -34
Cover_T253 54
Cover_T254 -28
Cover_T255 58
Cover_T256 -28
Cover_T257 62
Cover_T258 -28
Cover_T259 58
Cover_T260 -38
Cover_T261 74
Cover_T262 -38
Cover_T263 62
Cover_T264 -42
Cover_T265 58
Cover_T266 -42
Cover_T267 52
Cover_T268 -52
Cover_T269 54
Cover_T270 -46
Cover_T271 58
Cover_T272 -46
Cover_T273 58
Cover_T274 -44
Cover_T275 58
Cover_T276 -42
Cover_T277 58
Cover_T278 -42
Cover_T279 56
Cover_T280 -38
Cover_T281 52
Cover_T282 -40
Cover_T283 56
Cover_T284 -34
Cover_T285 52
Cover_T286 -38
Cover_T287 46
Cover_T288 -32
Cover_T289 44
Cover_T290 -16
Cover_T291 58
Cover_T292 -28
Cover_T293 46
Cover_T294 12
Cover_T295 1036
Cover_T296 0
Cover_T297 1034
Cover_T298 948
Cover_T299 1020
Cover_T300 936
Cover_T301 1022
Cover_T302 944
Cover_T303 986
Cover_T304 -42
Cover_T305 1002
Cover_T306 -44
Cover_T307 40
Cover_T308 -44
Cover_T309 22
Cover_T310 -44
Cover_T311 10
Cover_T312 -44
Cover_T313 0
Cover_T314 -28
Cover_T315 14
Cover_T316 -12
Cover_T317 -2
Cover_T318 0
Cover_T319 8
Cover_T320 8
Cover_T321 -8
Cover_T322 -8
Cover_T323 -24
Cover_T324 8
Cover_T325 -40
Cover_T326 -2
Cover_T327 46
Cover_T328 14
Cover_T329 30
Cover_T330 30
Cover_T331 38
Cover_T332 46
Cover_T333 22
Cover_T334 -40
Cover_T335 6
Cover_T336 -44
Cover_T337 2
Cover_T338 -20
Cover_T339 1.75236e-10
Cover_T340 4
Cover_T341 6
Cover_T342 8
Cover_T343 8
Cover_T344 10
Cover_T345 -6.42357e-11
Cover_T346 3.82983e-11
Cover_T347 16
Cover_T348 0
Cover_T349 0
Cover_T350 6
Cover_T351 -16
Cover_T352 6
Cover_T353 50
Cover_T354 -10
Cover_T355 34
Cover_T356 6
Cover_T357 18
Cover_T358 22
Cover_T359 2
Cover_T360 -44
Cover_T361 2
Cover_T362 -20
Cover_T363 4
Cover_T364 4
Cover_T365 -6
Cover_T366 8
Cover_T367 -30
Cover_T368 6
Cover_T369 52
Cover_T370 16
Cover_T371 32
Cover_T372 32
Cover_T373 16
Cover_T374 48
Cover_T375 -2.27551e-08
Cover_T376 -42
Cover_T377 -12
Cover_T378 -26
Cover_T379 -28
Cover_T380 -10
Cover_T381 -44
Cover_T382 6
Cover_T383 -12
Cover_T384 18
Cover_T385 -28
Cover_T386 34
Cover_T387 -44
Cover_T388 50
Cover_T389 6
Cover_T390 18
Cover_T391 12
Cover_T392 34
Cover_T393 -4
Cover_T394 50
Cover_T395 -8
Cover_T396 0
Cover_T397 -24
Cover_T398 -6
Cover_T399 -40
Cover_T400 16
Cover_T401 -12
Cover_T402 20
Cover_T403 -28
Cover_T404 34
Cover_T405 -44
Cover_T406 58
Cover_T407 46
Cover_T408 46
Cover_T409 30
Cover_T410 72
Cover_T411 16
Cover_T412 86
Cover_T413 36
Cover_T414 2
Cover_T415 24
Cover_T416 0
Cover_T417 12
Cover_T418 -2
Cover_T419 -10
Cover_T420 12
Cover_T421 6
Cover_T422 8
Cover_T423 -22
Cover_T424 34
Cover_T425 6
Cover_T426 14
Cover_T427 0
Cover_T428 38
Cover_T429 -2
Cover_T430 8
Cover_T431 -26
Cover_T432 16
Cover_T433 -4
Cover_T434 16
Cover_T435 2
Cover_T436 36
Cover_T437 2
Cover_T438 4
Cover_T439 0
Cover_T440 8
Cover_T441 8.50082e-09
Cover_T442 4
Cover_T443 8.49811e-09
Cover_T444 4
Cover_T445 3.42173e-08
Cover_T446 6
Cover_T447 2.68275e-08
Cover_T448 6
Cover_T449 2.46238e-08
Cover_T450 6
Cover_T451 4.05654e-08
Cover_T452 8
Cover_T453 -16
Cover_T454 12
Cover_T455 -4
Cover_T456 6
Cover_T457 -20
Cover_T458 12
Cover_T459 -36
Cover_T460 28
Cover_T461 -4
Cover_T462 14
Cover_T463 -20
Cover_T464 30
Cover_T465 -36
Cover_T466 46
Cover_T467 -6
Cover_T468 14
Cover_T469 -8
Cover_T470 30
Cover_T471 -8
Cover_T472 46
Cover_T473 -20
Cover_T474 12
Cover_T475 -36
Cover_T476 18
Cover_T477 -52
Cover_T478 18
Cover_T479 -38
Cover_T480 32
Cover_T481 -26
Cover_T482 38
Cover_T483 -34
Cover_T484 52
Cover_T485 -42
Cover_T486 64
Cover_T487 -10
Cover_T488 60
Cover_T489 -18
Cover_T490 52
Cover_T491 -26
Cover_T492 56
Cover_T493 -12
Cover_T494 38
Cover_T495 -18
Cover_T496 46
Cover_T497 -32
Cover_T498 66
Cover_T499 -16
Cover_T500 30
Cover_T501 -16
Cover_T502 48
Cover_T503 -18
Cover_T504 60
Cover_T505 -18
Cover_T506 40
Cover_T507 -14
Cover_T508 56
Cover_T509 -22
Cover_T510 56
Cover_T511 -26
Cover_T512 54
Cover_T513 -32
Cover_T514 58
Cover_T515 -32
Cover_T516 66
Cover_T517 -42
Cover_T518 62
Cover_T519 -42
Cover_T520 52
Cover_T521 58
Cover_T522 -42
Cover_T523 58
Cover_T524 -42
Cover_T525 58
Cover_T526 -38
Cover_T527 54
Cover_T528 -40
Cover_T529 60
Cover_T530 -34
Cover_T531 56
Cover_T532 -38
Cover_T533 48
Cover_T534 -36
Cover_T535 68
Cover_T536 -24
Cover_T537 50
Cover_T538 16
Cover_T539 1038
Cover_T540 4
Cover_T541 1028
Cover_T542 944
Cover_T543 1032
Cover_T544 942
Cover_T545 1036
Cover_T546 948
Cover_T547 1034
Cover_T548 948
Cover_T549 1020
Cover_T550 936
Cover_T551 1022
Cover_T552 946
Cover_T553 970
Cover_T554 -42
Cover_T555 970
Cover_T556 -44
Cover_T557 12
Cover_T558 -44
Cover_T559 2
Cover_T560 -44
Cover_T561 18
Cover_T562 -44
Cover_T563 5.96454e-10
Cover_T564 -28
Cover_T565 8
Cover_T566 -12
Cover_T567 -8
Cover_T568 4.024e-11
Cover_T569 -24
Cover_T570 8
Cover_T571 -38
Cover_T572 -12
Cover_T573 52
Cover_T574 -6.07476e-10
Cover_T575 40
Cover_T576 12
Cover_T577 52
Cover_T578 -2
Cover_T579 40
Cover_T580 10
Cover_T581 28
Cover_T582 22
Cover_T583 16
Cover_T584 34
Cover_T585 4
Cover_T586 46
Cover_T587 -8
Cover_T588 -44
Cover_T589 0
Cover_T590 -32
Cover_T591 8
Cover_T592 -40
Cover_T593 -8
Cover_T594 -24
Cover_T595 6
Cover_T596 -8
Cover_T597 6
Cover_T598 8
Cover_T599 0
Cover_T600 4
Cover_T601 0
Cover_T602 -2
Cover_T603 16
Cover_T604 14
Cover_T605 -7.47367e-11
Cover_T606 0
Cover_T607 -16
Cover_T608 -2.65703e-11
Cover_T609 50
Cover_T610 6
Cover_T611 34
Cover_T612 6
Cover_T613 18
Cover_T614 -10
Cover_T615 2
Cover_T616 6
Cover_T617 -5.14362e-11
Cover_T618 22
Cover_T619 -1.16369e-11
Cover_T620 -44
Cover_T621 0
Cover_T622 -28
Cover_T623 -2
Cover_T624 -12
Cover_T625 -18
Cover_T626 4
Cover_T627 -34
Cover_T628 0
Cover_T629 -50
Cover_T630 -4.74358e-11
Cover_T631 40
Cover_T632 6
Cover_T633 24
Cover_T634 8
Cover_T635 8
Cover_T636 28
Cover_T637 -12
Cover_T638 52
Cover_T639 -36
Cover_T640 -30
Cover_T641 -12
Cover_T642 -6
Cover_T643 -36
Cover_T644 14
Cover_T645 6
Cover_T646 32
Cover_T647 16
Cover_T648 44
Cover_T649 4
Cover_T650 52
Cover_T651 -8
Cover_T652 20
Cover_T653 -8
Cover_T654 32
Cover_T655 -20
Cover_T656 44
Cover_T657 -32
Cover_T658 52
Cover_T659 -44
Cover_T660 6
Cover_T661 -12
Cover_T662 -5.60867e-10
Cover_T663 -24
Cover_T664 6
Cover_T665 -36
Cover_T666 38
Cover_T667 -46
Cover_T668 26
Cover_T669 52
Cover_T670 30
Cover_T671 44
Cover_T672 58
Cover_T673 36
Cover_T674 58
Cover_T675 52
Cover_T676 82
Cover_T677 38
Cover_T678 90
Cover_T679 36
Cover_T680 54
Cover_T681 46
Cover_T682 54
Cover_T683 44
Cover_T684 76
Cover_T685 48
Cover_T686 76
Cover_T687 24
Cover_T688 92
Cover_T689 24
Cover_T690 -6
Cover_T691 44
Cover_T692 -2
Cover_T693 20
Cover_T694 10
Cover_T695 20
Cover_T696 -2
Cover_T697 -12
Cover_T698 18
Cover_T699 24
Cover_T700 10
Cover_T701 2
Cover_T702 10
Cover_T703 -22
Cover_T704 -2
Cover_T705 10
Cover_T706 16
Cover_T707 0
Cover_T708 32
Cover_T709 0
Cover_T710 4
Cover_T711 6
Cover_T712 22
Cover_T713 -8
Cover_T714 38
Cover_T715 -28
Cover_T716 2
Cover_T717 4
Cover_T718 2
Cover_T719 0
Cover_T720 14
Cover_T721 4
Cover_T722 6
Cover_T723 2
Cover_T724 22
Cover_T725 2
Cover_T726 38
Cover_T727 2
Cover_T728 8
Cover_T729 2
Cover_T730 12
Cover_T731 -2
Cover_T732 8
Cover_T733 -2
Cover_T734 8
Cover_T735 8.52154e-09
Cover_T736 8
Cover_T737 -2
Cover_T738 12
Cover_T739 -18
Cover_T740 12
Cover_T741 -4
Cover_T742 14
Cover_T743 -20
Cover_T744 14
Cover_T745 -38
Cover_T746 12
Cover_T747 -6
Cover_T748 14
Cover_T749 -22
Cover_T750 30
Cover_T751 -38
Cover_T752 16
Cover_T753 -4
Cover_T754 32
Cover_T755 -6
Cover_T756 52
Cover_T757 -14
Cover_T758 28
Cover_T759 -38
Cover_T760 58
Cover_T761 -32
Cover_T762 20
Cover_T763 -30
Cover_T764 32
Cover_T765 -14
Cover_T766 50
Cover_T767 -10
Cover_T768 62
Cover_T769 -26
Cover_T770 60
Cover_T771 -12
Cover_T772 56
Cover_T773 -12
Cover_T774 72
Cover_T775 -16
Cover_T776 48
Cover_T777 -14
Cover_T778 50
Cover_T779 -30
Cover_T780 66
Cover_T781 -26
Cover_T782 54
Cover_T783 -28
Cover_T784 54
Cover_T785 -28
Cover_T786 62
Cover_T787 -28
Cover_T788 58
Cover_T789 -38
Cover_T790 74
Cover_T791 -38
Cover_T792 62
Cover_T793 -42
Cover_T794 58
Cover_T795 -42
Cover_T796 28
Cover_T797 6
Cover_T798 30
Cover_T799 6
Cover_T800 12
Cover_T801 6
Cover_T802 0
Cover_T803 0
Cover_T804 82
Cover_T805 0
Cover_T806 54
Cover_T807 26
Cover_T808 36
Cover_T809 56
Cover_T810 22
Cover_T811 46
Cover_T812 1032
Cover_T813 916
Cover_T814 1014
Cover_T815 934
Cover_T816 1020
Cover_T817 950
Cover_T818 986
Cover_T819 968
Cover_T820 986
Cover_T821 -20
Cover_T822 52
Cover_T823 0
Cover_T824 54
Cover_T825 72
Cover_T826 50
Cover_T827 80
Cover_T828 24
Cover_T829 88
Cover_T830 2
Cover_T831 0
Cover_T832 48
Cover_T833 4
Cover_T834 26
Cover_T835 24
Cover_T836 14
Cover_T837 42
Cover_T838 0
Cover_T839 60
Cover_T840 0
Cover_T841 0
Cover_T842 62
Cover_T843 0
Cover_T844 42
Cover_T845 4
Cover_T846 46
Cover_T847 20
Cover_T848 28
Cover_T849 30
Cover_T850 18
Cover_T851 -18
Cover_T852 -20
Cover_T853 -4
Cover_T854 22
Cover_T855 8
Cover_T856 0
Cover_T857 32
Cover_T858 18
Cover_T859 56
Cover_T860 48
Cover_T861 0
Cover_T862 42
Cover_T863 16
Cover_T864 48
Cover_T865 0
Count_D0 -984
Count_D1 -1000
Max_H0_P0 0
Max_H0_P1 0
Max_H0_P2 0
Max_H0_P3 0
Max_H0_P4 0
Max_H0_P5 2.88396e-11
Max_H0_P6 1.77768e-10
Max_H0_P7 0
Max_H0_P8 -3.27702e-11
Max_H0_P9 0
Max_H0_P10 0
Max_H0_P11 0
Max_H0_P12 0
Max_H0_P13 0
Max_H0_P14 0
Max_H0_P15 6.09893e-10
Max_H0_P16 5.89558e-10
Max_H0_P17 3.32061e-10
Max_H0_P18 3.43519e-10
Max_H0_P19 2.65891e-10
Max_H0_P20 1.85009e-11
Max_H0_P21 -1.94049e-11
Max_H0_P22 0
Max_H0_P23 -2.68976e-11
Max_H0_P24 4.00746e-11
Max_H0_P25 2.55795e-11
Max_H0_P26 -1.86309e-11
Max_H0_P27 1.26047e-11
Max_H0_P28 0
Max_H0_P29 -1.20481e-11
Max_H0_P30 1.75007e-11
Max_H0_P31 -4.77982e-11
Max_H0_P32 -2.23599e-11
Max_H0_P33 1.76623e-11
Max_H0_P34 1.09236e-11
Max_H0_P35 1.75691e-11
Max_H0_P36 5.31841e-11
Max_H0_P37 6.07647e-12
Max_H0_P38 3.99016e-12
Max_H0_P39 3.93676e-11
Max_H0_P40 -1.33575e-10
Max_H0_P41 -1.05347e-10
Max_H0_P42 0
Max_H0_P43 0
Max_H0_P44 0
Max_H0_P45 0
Max_H0_P46 0
Max_H0_P47 0
Max_H0_P48 0
Max_H0_P49 0
Max_H0_P50 0
Max_H0_P51 0
Max_H0_P52 -5.53779e-13
Max_H0_P53 0
Max_H0_P54 0
Max_H0_P55 0
Max_H0_P56 0
Max_H0_P57 0
Max_H0_P58 0
Max_H0_P59 2.94733e-11
Max_H0_P60 0
Max_H0_P61 0
Max_H0_P62 0
Max_H0_P63 0
Max_H0_P64 -5.84635e-11
Max_H0_P65 4.67147e-11
Max_H0_P66 0
Max_H0_P67 0
Max_H0_P68 0
Max_H0_P69 0
Max_H0_P70 0
Max_H0_P71 0
Max_H0_P72 0
Max_H0_P73 0
Max_H0_P74 0
Max_H0_P75 0
Max_H0_P76 0
Max_H0_P77 -1.75948e-11
Max_H0_P78 0
Max_H0_P79 0
Max_H0_P80 0
Max_H0_P81 0
Max_H1_P0 0
Max_H1_P1 0
Max_H1_P2 0
Max_H1_P3 0
Max_H1_P4 0
Max_H1_P5 0
Max_H1_P6 2.63412e-10
Max_H1_P7 0
Max_H1_P8 0
Max_H1_P9 0
Max_H1_P10 -3.33671e-11
Max_H1_P11 0
Max_H1_P12 0
Max_H1_P13 0
Max_H1_P14 0
Max_H1_P15 5.88735e-10
Max_H1_P16 6.1037e-10
Max_H1_P17 3.83269e-10
Max_H1_P18 3.37081e-10
Max_H1_P19 2.25839e-10
Max_H1_P20 -2.74429e-11
Max_H1_P21 3.21263e-11
Max_H1_P22 -4.06883e-11
Max_H1_P23 -3.83693e-11
Max_H1_P24 0
Max_H1_P25 4.09983e-11
Max_H1_P26 1.8707e-12
Max_H1_P27 0
Max_H1_P28 9.66338e-13
Max_H1_P29 -9.66338e-13
Max_H1_P30 -1.61344e-11
Max_H1_P31 -1.75948e-11
Max_H1_P32 -7.50333e-12
Max_H1_P33 -2.84424e-11
Max_H1_P34 1.79541e-11
Max_H1_P35 1.46017e-11
Max_H1_P36 9.44083e-12
Max_H1_P37 5.16138e-11
Max_H1_P38 3.44169e-11
Max_H1_P39 3.39835e-11
Max_H1_P40 -4.77307e-12
Max_H1_P41 -1.03921e-10
Max_H1_P42 -3.5173e-11
Max_H1_P43 0
Max_H1_P44 0
Max_H1_P45 0
Max_H1_P46 0
Max_H1_P47 0
Max_H1_P48 0
Max_H1_P49 0
Max_H1_P50 0
Max_H1_P51 -7.70193e-11
Max_H1_P52 0
Max_H1_P53 0
Max_H1_P54 0
Max_H1_P55 0
Max_H1_P56 0
Max_H1_P57 0
Max_H1_P58 -7.16227e-12
Max_H1_P59 -4.73985e-11
Max_H1_P60 0
Max_H1_P61 -1.51541e-11
Max_H1_P62 -4.93081e-11
Max_H1_P63 0
Max_H1_P64 -2.15661e-11
Max_H1_P65 -4.70745e-12
Max_H1_P66 2.06746e-12
Max_H1_P67 0
Max_H1_P68 0
Max_H1_P69 0
Max_H1_P70 0
Max_H1_P71 0
Max_H1_P72 0
Max_H1_P73 0
Max_H1_P74 0
Max_H1_P75 0
Max_H1_P76 8.71125e-12
Max_H1_P77 4.04583e-11
Max_H1_P78 -3.22209e-11
Max_H1_P79 0
Max_H1_P80 0
Max_H1_P81 0
