
Branch and bound

  Entire solving process        :                           (Time     60.8)
  No feasible solution was found
  Best relaxation cost          :     34842.10 (Node     0) (Time     60.8)
  Lower bound after cuts        :     34842.10
  End lower bound               :     34842.10
  Deepest level reached         : 0
  Deepest real level reached    : 0
  Number of real nodes solved   : 1
  Stopping condition            : enough nodes explored

Problem identification

  Problem                       : <null>
  Machine                       : oslo2.gerad.lan

Solving process summary

  Linear relaxations            :        1
  Column generation iterations  :      127
  Shortest paths solved         :     4199
  Columns generated             :    36531

Instance characteristics

  Resources                     : 3
  Node types                    : no
  Arc types                     : no
  Strong resource windows       : no
  Weak resource windows         : no
  Resource windows (nodes)      : 3
  Resource values (arcs)        : 3
  Values on nodes               : no

  Rows                          : 726
  Initial columns               : 288
  Tasks                         : 564
  Strong tasks                  : 392
  Weak tasks                    : 4
  Initial task constraints      : no
  Nodes                         : 892
  Arc sets                      : 1
  Arcs                          : 16112
  Networks                      : 2
  Models                        : 1

Memory used per module (Megs)

  Parser (reused)               :      3.640
  Networks                      :     21.917
  Column generator              :      4.965
  Master problem                :      7.674
  -----------------
  Total                         :     34.555

Cpu time per module (seconds)

  Parser                        :        0.0
  Preprocessor                  :        0.0
  Lr solver manager             :        0.1
  Column generator              :       15.0
    (Shortest path)             :       12.8
  Master problem                :       45.7
  -------------------
  Total (without b&b)           :       60.8

Real elapsed time (seconds)

  Parser                        :        0.0
  Preprocessor                  :        0.0
  Lr solver manager             :        0.1
  Column generator              :       15.0
    (Shortest path)             :       13.0
  Master problem                :       45.8
  -------------------
  Total (without b&b)           :       60.9
