Cover_T0 52
Cover_T1 -52
Cover_T2 52
Cover_T3 -52
Cover_T4 52
Cover_T5 -52
Cover_T6 52
Cover_T7 -52
Cover_T8 52
Cover_T9 -52
Cover_T10 52
Cover_T11 -52
Cover_T12 56
Cover_T13 -48
Cover_T14 58
Cover_T15 -48
Cover_T16 56
Cover_T17 -44
Cover_T18 56
Cover_T19 -44
Cover_T20 56
Cover_T21 -44
Cover_T22 56
Cover_T23 -44
Cover_T24 54
Cover_T25 -28
Cover_T26 52
Cover_T27 -40
Cover_T28 52
Cover_T29 -28
Cover_T30 52
Cover_T31 -40
Cover_T32 52
Cover_T33 4
Cover_T34 52
Cover_T35 -8
Cover_T36 36
Cover_T37 -20
Cover_T38 52
Cover_T39 956
Cover_T40 1000
Cover_T41 944
Cover_T42 1012
Cover_T43 954
Cover_T44 998
Cover_T45 964
Cover_T46 1012
Cover_T47 964
Cover_T48 1024
Cover_T49 960
Cover_T50 48
Cover_T51 0
Cover_T52 48
Cover_T53 6.23537e-11
Cover_T54 26
Cover_T55 -34
Cover_T56 12
Cover_T57 -26
Cover_T58 42
Cover_T59 6
Cover_T60 4
Cover_T61 6
Cover_T62 2
Cover_T63 -18
Cover_T64 2
Cover_T65 -2
Cover_T66 36
Cover_T67 -2
Cover_T68 36
Cover_T69 0
Cover_T70 4
Cover_T71 -18
Cover_T72 0
Cover_T73 -18
Cover_T74 10
Cover_T75 6
Cover_T76 2
Cover_T77 0
Cover_T78 0
Cover_T79 8
Cover_T80 10
Cover_T81 6
Cover_T82 16
Cover_T83 3.45324e-12
Cover_T84 30
Cover_T85 8
Cover_T86 -2
Cover_T87 2
Cover_T88 -34
Cover_T89 -12
Cover_T90 -10
Cover_T91 20
Cover_T92 -40
Cover_T93 44
Cover_T94 24
Cover_T95 12
Cover_T96 4
Cover_T97 28
Cover_T98 0
Cover_T99 48
Cover_T100 -6.85083e-11
Cover_T101 -16
Cover_T102 8
Cover_T103 4
Cover_T104 6
Cover_T105 0
Cover_T106 -26
Cover_T107 4
Cover_T108 -22
Cover_T109 12
Cover_T110 -42
Cover_T111 44
Cover_T112 -44
Cover_T113 30
Cover_T114 4
Cover_T115 58
Cover_T116 18
Cover_T117 42
Cover_T118 -2
Cover_T119 62
Cover_T120 28
Cover_T121 22
Cover_T122 30
Cover_T123 8
Cover_T124 34
Cover_T125 28
Cover_T126 24
Cover_T127 -1.3249e-09
Cover_T128 2
Cover_T129 -4
Cover_T130 0
Cover_T131 -2
Cover_T132 16
Cover_T133 2
Cover_T134 0
Cover_T135 16
Cover_T136 2
Cover_T137 28
Cover_T138 16
Cover_T139 22
Cover_T140 16
Cover_T141 10
Cover_T142 10
Cover_T143 38
Cover_T144 6
Cover_T145 12
Cover_T146 -24
Cover_T147 12
Cover_T148 4
Cover_T149 12
Cover_T150 3.343e-10
Cover_T151 28
Cover_T152 -10
Cover_T153 52
Cover_T154 -14
Cover_T155 4
Cover_T156 -2
Cover_T157 16
Cover_T158 -2
Cover_T159 28
Cover_T160 -22
Cover_T161 20
Cover_T162 -2
Cover_T163 16
Cover_T164 -2
Cover_T165 28
Cover_T166 -14
Cover_T167 52
Cover_T168 -38
Cover_T169 32
Cover_T170 -30
Cover_T171 16
Cover_T172 -2
Cover_T173 56
Cover_T174 -2
Cover_T175 42
Cover_T176 -6
Cover_T177 62
Cover_T178 -6
Cover_T179 32
Cover_T180 -16
Cover_T181 32
Cover_T182 -14
Cover_T183 48
Cover_T184 -14
Cover_T185 50
Cover_T186 -24
Cover_T187 56
Cover_T188 -26
Cover_T189 70
Cover_T190 -36
Cover_T191 66
Cover_T192 -36
Cover_T193 52
Cover_T194 -52
Cover_T195 56
Cover_T196 -48
Cover_T197 54
Cover_T198 -44
Cover_T199 58
Cover_T200 -44
Cover_T201 62
Cover_T202 -28
Cover_T203 62
Cover_T204 -28
Cover_T205 58
Cover_T206 4
Cover_T207 36
Cover_T208 -8
Cover_T209 48
Cover_T210 -20
Cover_T211 40
Cover_T212 956
Cover_T213 1012
Cover_T214 944
Cover_T215 968
Cover_T216 954
Cover_T217 1010
Cover_T218 964
Cover_T219 1024
Cover_T220 960
Cover_T221 48
Cover_T222 3.49698e-11
Cover_T223 60
Cover_T224 0
Cover_T225 38
Cover_T226 -30
Cover_T227 4
Cover_T228 -32
Cover_T229 6
Cover_T230 -24
Cover_T231 0
Cover_T232 -4
Cover_T233 32
Cover_T234 0
Cover_T235 12
Cover_T236 4
Cover_T237 8
Cover_T238 -26
Cover_T239 8
Cover_T240 6
Cover_T241 6
Cover_T242 8
Cover_T243 24
Cover_T244 8
Cover_T245 24
Cover_T246 -26
Cover_T247 0
Cover_T248 -26
Cover_T249 6
Cover_T250 6
Cover_T251 -2
Cover_T252 10
Cover_T253 0
Cover_T254 0
Cover_T255 6
Cover_T256 8
Cover_T257 -2
Cover_T258 10
Cover_T259 4
Cover_T260 0
Cover_T261 18
Cover_T262 -6
Cover_T263 -14
Cover_T264 -20
Cover_T265 0
Cover_T266 12
Cover_T267 -22
Cover_T268 44
Cover_T269 4
Cover_T270 20
Cover_T271 -2
Cover_T272 52
Cover_T273 2
Cover_T274 0
Cover_T275 0
Cover_T276 8
Cover_T277 4
Cover_T278 8
Cover_T279 -16
Cover_T280 -1.57385e-12
Cover_T281 -36
Cover_T282 -4
Cover_T283 -20
Cover_T284 16
Cover_T285 -40
Cover_T286 38
Cover_T287 -30
Cover_T288 34
Cover_T289 6
Cover_T290 58
Cover_T291 8
Cover_T292 2
Cover_T293 18
Cover_T294 6
Cover_T295 22
Cover_T296 20
Cover_T297 26
Cover_T298 -10
Cover_T299 2
Cover_T300 -6
Cover_T301 0
Cover_T302 -6
Cover_T303 -2
Cover_T304 8
Cover_T305 -1.49238e-09
Cover_T306 12
Cover_T307 14
Cover_T308 28
Cover_T309 -10
Cover_T310 18
Cover_T311 16
Cover_T312 8
Cover_T313 10
Cover_T314 38
Cover_T315 10
Cover_T316 12
Cover_T317 -16
Cover_T318 4
Cover_T319 4
Cover_T320 20
Cover_T321 -2
Cover_T322 52
Cover_T323 -6
Cover_T324 8
Cover_T325 -30
Cover_T326 12
Cover_T327 -14
Cover_T328 16
Cover_T329 -6
Cover_T330 40
Cover_T331 -18
Cover_T332 24
Cover_T333 -42
Cover_T334 14
Cover_T335 -10
Cover_T336 22
Cover_T337 -6
Cover_T338 42
Cover_T339 -14
Cover_T340 10
Cover_T341 -34
Cover_T342 6
Cover_T343 -22
Cover_T344 14
Cover_T345 -42
Cover_T346 38
Cover_T347 -8
Cover_T348 68
Cover_T349 -4
Cover_T350 54
Cover_T351 -4
Cover_T352 74
Cover_T353 -2
Cover_T354 38
Cover_T355 -14
Cover_T356 44
Cover_T357 -16
Cover_T358 44
Cover_T359 -20
Cover_T360 36
Cover_T361 -24
Cover_T362 36
Cover_T363 -24
Cover_T364 36
Cover_T365 -40
Cover_T366 50
Cover_T367 -36
Cover_T368 52
Cover_T369 -36
Cover_T370 56
Cover_T371 -50
Cover_T372 52
Cover_T373 58
Cover_T374 -44
Cover_T375 62
Cover_T376 -28
Cover_T377 58
Cover_T378 -28
Cover_T379 56
Cover_T380 8.10132e-10
Cover_T381 56
Cover_T382 -28
Cover_T383 50
Cover_T384 952
Cover_T385 1016
Cover_T386 958
Cover_T387 1034
Cover_T388 956
Cover_T389 1042
Cover_T390 960
Cover_T391 1010
Cover_T392 958
Cover_T393 1016
Cover_T394 964
Cover_T395 28
Cover_T396 -4
Cover_T397 6
Cover_T398 -30
Cover_T399 16
Cover_T400 -28
Cover_T401 -2
Cover_T402 -36
Cover_T403 36
Cover_T404 -20
Cover_T405 24
Cover_T406 -4
Cover_T407 2
Cover_T408 12
Cover_T409 2
Cover_T410 -4
Cover_T411 0
Cover_T412 12
Cover_T413 2
Cover_T414 -28
Cover_T415 0
Cover_T416 -12
Cover_T417 1.38272e-11
Cover_T418 4
Cover_T419 34
Cover_T420 4
Cover_T421 18
Cover_T422 6
Cover_T423 34
Cover_T424 4
Cover_T425 18
Cover_T426 6
Cover_T427 2
Cover_T428 10
Cover_T429 2
Cover_T430 -16
Cover_T431 2.25235e-10
Cover_T432 -24
Cover_T433 2.0429e-11
Cover_T434 -1.64182e-09
Cover_T435 0
Cover_T436 0
Cover_T437 0
Cover_T438 2
Cover_T439 0
Cover_T440 2
Cover_T441 -1.78488e-11
Cover_T442 2
Cover_T443 14
Cover_T444 2
Cover_T445 36
Cover_T446 2
Cover_T447 12
Cover_T448 6
Cover_T449 -20
Cover_T450 0
Cover_T451 0
Cover_T452 -14
Cover_T453 -28
Cover_T454 18
Cover_T455 24
Cover_T456 4
Cover_T457 8
Cover_T458 26
Cover_T459 -4
Cover_T460 0
Cover_T461 6
Cover_T462 6
Cover_T463 -12
Cover_T464 14
Cover_T465 -36
Cover_T466 18
Cover_T467 -24
Cover_T468 0
Cover_T469 -48
Cover_T470 16
Cover_T471 -36
Cover_T472 40
Cover_T473 12
Cover_T474 52
Cover_T475 0
Cover_T476 38
Cover_T477 22
Cover_T478 50
Cover_T479 10
Cover_T480 58
Cover_T481 -2
Cover_T482 62
Cover_T483 36
Cover_T484 42
Cover_T485 22
Cover_T486 70
Cover_T487 36
Cover_T488 8
Cover_T489 22
Cover_T490 22
Cover_T491 34
Cover_T492 4
Cover_T493 24
Cover_T494 30
Cover_T495 6
Cover_T496 10
Cover_T497 0
Cover_T498 10
Cover_T499 0
Cover_T500 0
Cover_T501 12
Cover_T502 18
Cover_T503 -8
Cover_T504 22
Cover_T505 14
Cover_T506 32
Cover_T507 8
Cover_T508 24
Cover_T509 16
Cover_T510 28
Cover_T511 10
Cover_T512 18
Cover_T513 2
Cover_T514 30
Cover_T515 -6
Cover_T516 12
Cover_T517 -22
Cover_T518 6
Cover_T519 4
Cover_T520 2
Cover_T521 4
Cover_T522 10
Cover_T523 4
Cover_T524 22
Cover_T525 -2
Cover_T526 42
Cover_T527 -22
Cover_T528 10
Cover_T529 -2
Cover_T530 4
Cover_T531 -2
Cover_T532 8
Cover_T533 -22
Cover_T534 40
Cover_T535 -2
Cover_T536 32
Cover_T537 -2
Cover_T538 20
Cover_T539 -30
Cover_T540 64
Cover_T541 -30
Cover_T542 18
Cover_T543 -10
Cover_T544 42
Cover_T545 -2
Cover_T546 74
Cover_T547 -2
Cover_T548 68
Cover_T549 -2
Cover_T550 48
Cover_T551 -14
Cover_T552 30
Cover_T553 -34
Cover_T554 40
Cover_T555 -24
Cover_T556 52
Cover_T557 -32
Cover_T558 54
Cover_T559 -26
Cover_T560 66
Cover_T561 -36
Cover_T562 54
Cover_T563 -50
Cover_T564 54
Cover_T565 12
Cover_T566 2
Cover_T567 32
Cover_T568 4
Cover_T569 18
Cover_T570 14
Cover_T571 4
Cover_T572 18
Cover_T573 2
Cover_T574 1006
Cover_T575 966
Cover_T576 1006
Cover_T577 1060
Cover_T578 1010
Cover_T579 1004
Cover_T580 1008
Cover_T581 1044
Cover_T582 1008
Cover_T583 56
Cover_T584 60
Cover_T585 12
Cover_T586 -22
Cover_T587 54
Cover_T588 -30
Cover_T589 52
Cover_T590 2
Cover_T591 52
Cover_T592 54
Cover_T593 16
Cover_T594 58
Cover_T595 -16
Cover_T596 62
Cover_T597 5.34953e-10
Cover_T598 8
Cover_T599 24
Cover_T600 38
Cover_T601 0
Cover_T602 64
Cover_T603 40
Cover_T604 44
Cover_T605 20
Cover_T606 4
Cover_T607 68
Cover_T608 28
Cover_T609 36
Cover_T610 -2
Cover_T611 0
Cover_T612 -16
Cover_T613 2
Cover_T614 18
Cover_T615 50
Cover_T616 52
Count_D0 -984
Count_D1 -1000
Max_H0_P0 0
Max_H0_P1 0
Max_H0_P2 0
Max_H0_P3 0
Max_H0_P4 0
Max_H0_P5 0
Max_H0_P6 0
Max_H0_P7 0
Max_H0_P8 0
Max_H0_P9 0
Max_H0_P10 0
Max_H0_P11 0
Max_H0_P12 0
Max_H0_P13 0
Max_H0_P14 0
Max_H0_P15 9.7484e-12
Max_H0_P16 -8.45191e-12
Max_H0_P17 3.29337e-12
Max_H0_P18 -1.46327e-11
Max_H0_P19 1.52485e-11
Max_H0_P20 -2.10491e-11
Max_H0_P21 -5.48539e-12
Max_H0_P22 2.58349e-11
Max_H0_P23 -1.84547e-11
Max_H0_P24 -8.50697e-12
Max_H0_P25 -1.29283e-11
Max_H0_P26 0
Max_H0_P27 5.62395e-11
Max_H0_P28 3.83693e-12
Max_H0_P29 -5.14788e-12
Max_H0_P30 -1.94115e-12
Max_H0_P31 5.23137e-12
Max_H0_P32 -9.38805e-13
Max_H0_P33 -2.62013e-13
Max_H0_P34 -4.14685e-11
Max_H0_P35 0
Max_H0_P36 0
Max_H0_P37 -4.14685e-11
Max_H0_P38 3.55408e-12
Max_H0_P39 2.21614e-11
Max_H0_P40 -2.2856e-11
Max_H0_P41 0
Max_H0_P42 0
Max_H0_P43 0
Max_H0_P44 0
Max_H0_P45 0
Max_H0_P46 0
Max_H0_P47 0
Max_H0_P48 0
Max_H0_P49 0
Max_H0_P50 0
Max_H0_P51 0
Max_H0_P52 0
Max_H0_P53 0
Max_H0_P54 0
Max_H0_P55 0
Max_H0_P56 0
Max_H0_P57 0
Max_H0_P58 0
Max_H0_P59 0
Max_H0_P60 -6.64215e-11
Max_H0_P61 0
Max_H0_P62 0
Max_H0_P63 0
Max_H0_P64 0
Max_H0_P65 0
Max_H0_P66 0
Max_H0_P67 0
Max_H0_P68 0
Max_H0_P69 0
Max_H0_P70 0
Max_H0_P71 0
Max_H0_P72 0
Max_H0_P73 0
Max_H0_P74 0
Max_H0_P75 0
Max_H0_P76 0
Max_H0_P77 -5.68489e-11
Max_H0_P78 0
Max_H0_P79 0
Max_H0_P80 0
Max_H0_P81 0
Max_H1_P0 0
Max_H1_P1 0
Max_H1_P2 0
Max_H1_P3 0
Max_H1_P4 0
Max_H1_P5 0
Max_H1_P6 0
Max_H1_P7 0
Max_H1_P8 0
Max_H1_P9 0
Max_H1_P10 0
Max_H1_P11 0
Max_H1_P12 0
Max_H1_P13 0
Max_H1_P14 0
Max_H1_P15 0
Max_H1_P16 0
Max_H1_P17 0
Max_H1_P18 -3.21815e-13
Max_H1_P19 1.51914e-11
Max_H1_P20 -2.98037e-11
Max_H1_P21 -1.13687e-12
Max_H1_P22 -1.81895e-11
Max_H1_P23 -1.69784e-11
Max_H1_P24 2.42728e-11
Max_H1_P25 -1.27207e-11
Max_H1_P26 5.58384e-12
Max_H1_P27 8.745e-12
Max_H1_P28 -3.06403e-11
Max_H1_P29 4.93718e-12
Max_H1_P30 1.24096e-11
Max_H1_P31 -1.84898e-11
Max_H1_P32 -2.46034e-11
Max_H1_P33 2.88681e-11
Max_H1_P34 -4.78195e-11
Max_H1_P35 4.81867e-11
Max_H1_P36 -6.15971e-11
Max_H1_P37 6.97931e-12
Max_H1_P38 -6.97931e-12
Max_H1_P39 5.22959e-12
Max_H1_P40 -3.475e-11
Max_H1_P41 -1.21503e-11
Max_H1_P42 1.34989e-11
Max_H1_P43 0
Max_H1_P44 0
Max_H1_P45 0
Max_H1_P46 0
Max_H1_P47 0
Max_H1_P48 0
Max_H1_P49 0
Max_H1_P50 0
Max_H1_P51 0
Max_H1_P52 0
Max_H1_P53 0
Max_H1_P54 1.60645e-11
Max_H1_P55 0
Max_H1_P56 0
Max_H1_P57 0
Max_H1_P58 0
Max_H1_P59 0
Max_H1_P60 -6.20837e-11
Max_H1_P61 2.42363e-11
Max_H1_P62 0
Max_H1_P63 0
Max_H1_P64 0
Max_H1_P65 0
Max_H1_P66 0
Max_H1_P67 0
Max_H1_P68 0
Max_H1_P69 0
Max_H1_P70 0
Max_H1_P71 0
Max_H1_P72 0
Max_H1_P73 0
Max_H1_P74 0
Max_H1_P75 0
Max_H1_P76 0
Max_H1_P77 4.54747e-13
Max_H1_P78 0
Max_H1_P79 0
Max_H1_P80 0
Max_H1_P81 0
