
Branch and bound

  Entire solving process        :                           (Time    115.2)
  No feasible solution was found
  Best relaxation cost          :     43924.20 (Node     0) (Time    115.2)
  Lower bound after cuts        :     43924.20
  End lower bound               :     43924.20
  Deepest level reached         : 0
  Deepest real level reached    : 0
  Number of real nodes solved   : 1
  Stopping condition            : enough nodes explored

Problem identification

  Problem                       : <null>
  Machine                       : oslo1.gerad.lan

Solving process summary

  Linear relaxations            :        1
  Column generation iterations  :      138
  Shortest paths solved         :     6819
  Columns generated             :    39165

Instance characteristics

  Resources                     : 3
  Node types                    : no
  Arc types                     : no
  Strong resource windows       : no
  Weak resource windows         : no
  Resource windows (nodes)      : 3
  Resource values (arcs)        : 3
  Values on nodes               : no

  Rows                          : 783
  Initial columns               : 361
  Tasks                         : 621
  Strong tasks                  : 413
  Weak tasks                    : 4
  Initial task constraints      : no
  Nodes                         : 949
  Arc sets                      : 1
  Arcs                          : 19486
  Networks                      : 2
  Models                        : 1

Memory used per module (Megs)

  Parser (reused)               :      4.246
  Networks                      :     24.580
  Column generator              :      6.296
  Master problem                :      7.735
  -----------------
  Total                         :     38.612

Cpu time per module (seconds)

  Parser                        :        0.0
  Preprocessor                  :        0.0
  Lr solver manager             :        0.1
  Column generator              :       25.5
    (Shortest path)             :       21.6
  Master problem                :       89.6
  -------------------
  Total (without b&b)           :      115.2

Real elapsed time (seconds)

  Parser                        :        0.0
  Preprocessor                  :        0.0
  Lr solver manager             :        0.1
  Column generator              :       25.5
    (Shortest path)             :       21.6
  Master problem                :       89.6
  -------------------
  Total (without b&b)           :      115.2
