
Branch and bound

  Entire solving process        :                           (Time    311.9)
  No feasible solution was found
  Best relaxation cost          :     71047.70 (Node     0) (Time    311.8)
  Lower bound after cuts        :     71047.70
  End lower bound               :     71047.70
  Deepest level reached         : 0
  Deepest real level reached    : 0
  Number of real nodes solved   : 1
  Stopping condition            : enough nodes explored

Problem identification

  Problem                       : <null>
  Machine                       : oslo1.gerad.lan

Solving process summary

  Linear relaxations            :        1
  Column generation iterations  :      113
  Shortest paths solved         :     4042
  Columns generated             :    49796

Instance characteristics

  Resources                     : 3
  Node types                    : no
  Arc types                     : no
  Strong resource windows       : no
  Weak resource windows         : no
  Resource windows (nodes)      : 3
  Resource values (arcs)        : 3
  Values on nodes               : no

  Rows                          : 1215
  Initial columns               : 2
  Tasks                         : 1053
  Strong tasks                  : 1049
  Weak tasks                    : 4
  Initial task constraints      : no
  Nodes                         : 1381
  Arc sets                      : 1
  Arcs                          : 47815
  Networks                      : 2
  Models                        : 1

Memory used per module (Megs)

  Parser (reused)               :      9.816
  Networks                      :     38.990
  Column generator              :     18.163
  Master problem                :     11.734
  -----------------
  Total                         :     68.887

Cpu time per module (seconds)

  Parser                        :        0.0
  Preprocessor                  :        0.0
  Lr solver manager             :        0.3
  Column generator              :      132.1
    (Shortest path)             :      111.2
  Master problem                :      179.3
  -------------------
  Total (without b&b)           :      311.8

Real elapsed time (seconds)

  Parser                        :        0.0
  Preprocessor                  :        0.0
  Lr solver manager             :        0.2
  Column generator              :      132.2
    (Shortest path)             :      111.5
  Master problem                :      179.4
  -------------------
  Total (without b&b)           :      311.8
