
Branch and bound

  Entire solving process        :                           (Time   1410.1)
  No feasible solution was found
  Best relaxation cost          :     71271.44 (Node     0) (Time   1410.1)
  Lower bound after cuts        :     71271.44
  End lower bound               :     71271.44
  Deepest level reached         : 0
  Deepest real level reached    : 0
  Number of real nodes solved   : 1
  Stopping condition            : enough nodes explored

Problem identification

  Problem                       : <null>
  Machine                       : oslo5.gerad.lan

Solving process summary

  Linear relaxations            :        1
  Column generation iterations  :      191
  Shortest paths solved         :     5110
  Columns generated             :    62577

Instance characteristics

  Resources                     : 3
  Node types                    : no
  Arc types                     : no
  Strong resource windows       : no
  Weak resource windows         : no
  Resource windows (nodes)      : 3
  Resource values (arcs)        : 3
  Values on nodes               : no

  Rows                          : 1256
  Initial columns               : 2
  Tasks                         : 1094
  Strong tasks                  : 1090
  Weak tasks                    : 4
  Initial task constraints      : no
  Nodes                         : 1422
  Arc sets                      : 1
  Arcs                          : 52072
  Networks                      : 2
  Models                        : 1

Memory used per module (Megs)

  Parser (reused)               :     10.542
  Networks                      :     39.716
  Column generator              :     19.616
  Master problem                :     12.090
  -----------------
  Total                         :     71.422

Cpu time per module (seconds)

  Parser                        :        0.0
  Preprocessor                  :        0.0
  Lr solver manager             :        0.1
  Column generator              :      227.5
    (Shortest path)             :      209.2
  Master problem                :     1182.4
  -------------------
  Total (without b&b)           :     1410.1

Real elapsed time (seconds)

  Parser                        :        0.1
  Preprocessor                  :        0.0
  Lr solver manager             :        0.1
  Column generator              :      227.5
    (Shortest path)             :      209.6
  Master problem                :     1182.5
  -------------------
  Total (without b&b)           :     1410.2
