Cover_T0 52
Cover_T1 -52
Cover_T2 52
Cover_T3 -52
Cover_T4 52
Cover_T5 -52
Cover_T6 52
Cover_T7 -52
Cover_T8 52
Cover_T9 -52
Cover_T10 52
Cover_T11 -52
Cover_T12 52
Cover_T13 -52
Cover_T14 52
Cover_T15 -52
Cover_T16 52
Cover_T17 -52
Cover_T18 54
Cover_T19 -52
Cover_T20 56
Cover_T21 -48
Cover_T22 52
Cover_T23 -48
Cover_T24 56
Cover_T25 -48
Cover_T26 52
Cover_T27 -50
Cover_T28 56
Cover_T29 -42
Cover_T30 60
Cover_T31 -42
Cover_T32 62
Cover_T33 -44
Cover_T34 54
Cover_T35 -44
Cover_T36 56
Cover_T37 -40
Cover_T38 58
Cover_T39 -32
Cover_T40 50
Cover_T41 -42
Cover_T42 50
Cover_T43 -40
Cover_T44 52
Cover_T45 0
Cover_T46 58
Cover_T47 6
Cover_T48 66
Cover_T49 8
Cover_T50 46
Cover_T51 2
Cover_T52 1042
Cover_T53 944
Cover_T54 1026
Cover_T55 938
Cover_T56 1004
Cover_T57 942
Cover_T58 986
Cover_T59 932
Cover_T60 990
Cover_T61 942
Cover_T62 990
Cover_T63 -46
Cover_T64 30
Cover_T65 -30
Cover_T66 16
Cover_T67 -38
Cover_T68 -4
Cover_T69 -46
Cover_T70 48
Cover_T71 -30
Cover_T72 34
Cover_T73 -14
Cover_T74 16
Cover_T75 -2
Cover_T76 6
Cover_T77 14
Cover_T78 18
Cover_T79 -36
Cover_T80 -4
Cover_T81 -16
Cover_T82 4
Cover_T83 2.90399e-11
Cover_T84 2
Cover_T85 -8
Cover_T86 48
Cover_T87 12
Cover_T88 42
Cover_T89 4
Cover_T90 22
Cover_T91 10
Cover_T92 0
Cover_T93 -42
Cover_T94 1.28928e-11
Cover_T95 -14
Cover_T96 34
Cover_T97 8
Cover_T98 6
Cover_T99 8
Cover_T100 10
Cover_T101 -34
Cover_T102 -10
Cover_T103 -14
Cover_T104 40
Cover_T105 6
Cover_T106 48
Cover_T107 -2
Cover_T108 28
Cover_T109 18
Cover_T110 50
Cover_T111 -28
Cover_T112 22
Cover_T113 -28
Cover_T114 -4
Cover_T115 -42
Cover_T116 -32
Cover_T117 -14
Cover_T118 10
Cover_T119 12
Cover_T120 -4
Cover_T121 32
Cover_T122 -24
Cover_T123 52
Cover_T124 -44
Cover_T125 2
Cover_T126 2
Cover_T127 12
Cover_T128 4
Cover_T129 32
Cover_T130 8
Cover_T131 52
Cover_T132 8
Cover_T133 6
Cover_T134 -2
Cover_T135 4
Cover_T136 -22
Cover_T137 1.95052e-11
Cover_T138 -42
Cover_T139 0
Cover_T140 -24
Cover_T141 10
Cover_T142 -44
Cover_T143 30
Cover_T144 -42
Cover_T145 50
Cover_T146 8
Cover_T147 32
Cover_T148 4
Cover_T149 52
Cover_T150 -16
Cover_T151 50
Cover_T152 -36
Cover_T153 3.63272e-10
Cover_T154 48
Cover_T155 12
Cover_T156 32
Cover_T157 56
Cover_T158 20
Cover_T159 56
Cover_T160 8
Cover_T161 56
Cover_T162 50
Cover_T163 96
Cover_T164 48
Cover_T165 4
Cover_T166 32
Cover_T167 20
Cover_T168 14
Cover_T169 26
Cover_T170 14
Cover_T171 48
Cover_T172 34
Cover_T173 6
Cover_T174 10
Cover_T175 0
Cover_T176 10
Cover_T177 24
Cover_T178 0
Cover_T179 14
Cover_T180 -5.05123e-10
Cover_T181 10
Cover_T182 4
Cover_T183 10
Cover_T184 -12
Cover_T185 14
Cover_T186 -28
Cover_T187 10
Cover_T188 -44
Cover_T189 12
Cover_T190 -8
Cover_T191 12
Cover_T192 -4
Cover_T193 26
Cover_T194 -2
Cover_T195 38
Cover_T196 -2
Cover_T197 50
Cover_T198 -6
Cover_T199 62
Cover_T200 -2
Cover_T201 26
Cover_T202 -4
Cover_T203 22
Cover_T204 -8
Cover_T205 20
Cover_T206 -8
Cover_T207 20
Cover_T208 -8
Cover_T209 20
Cover_T210 -8
Cover_T211 16
Cover_T212 -16
Cover_T213 20
Cover_T214 -32
Cover_T215 16
Cover_T216 -12
Cover_T217 24
Cover_T218 -16
Cover_T219 26
Cover_T220 -36
Cover_T221 46
Cover_T222 -28
Cover_T223 34
Cover_T224 -20
Cover_T225 42
Cover_T226 -24
Cover_T227 44
Cover_T228 -18
Cover_T229 40
Cover_T230 -30
Cover_T231 54
Cover_T232 -24
Cover_T233 70
Cover_T234 -22
Cover_T235 52
Cover_T236 -24
Cover_T237 52
Cover_T238 -24
Cover_T239 68
Cover_T240 -30
Cover_T241 56
Cover_T242 -30
Cover_T243 58
Cover_T244 -32
Cover_T245 58
Cover_T246 -46
Cover_T247 54
Cover_T248 -42
Cover_T249 56
Cover_T250 -48
Cover_T251 58
Cover_T252 52
Cover_T253 -52
Cover_T254 52
Cover_T255 -52
Cover_T256 52
Cover_T257 -52
Cover_T258 56
Cover_T259 -48
Cover_T260 52
Cover_T261 -48
Cover_T262 60
Cover_T263 -48
Cover_T264 60
Cover_T265 -42
Cover_T266 58
Cover_T267 -38
Cover_T268 58
Cover_T269 -40
Cover_T270 56
Cover_T271 -36
Cover_T272 48
Cover_T273 -28
Cover_T274 42
Cover_T275 -36
Cover_T276 52
Cover_T277 4.25016e-11
Cover_T278 42
Cover_T279 0
Cover_T280 54
Cover_T281 0
Cover_T282 58
Cover_T283 14
Cover_T284 52
Cover_T285 8
Cover_T286 36
Cover_T287 0
Cover_T288 1038
Cover_T289 946
Cover_T290 992
Cover_T291 944
Cover_T292 986
Cover_T293 944
Cover_T294 998
Cover_T295 926
Cover_T296 978
Cover_T297 936
Cover_T298 978
Cover_T299 946
Cover_T300 1002
Cover_T301 -48
Cover_T302 46
Cover_T303 -36
Cover_T304 30
Cover_T305 -44
Cover_T306 18
Cover_T307 -28
Cover_T308 0
Cover_T309 -36
Cover_T310 52
Cover_T311 -20
Cover_T312 36
Cover_T313 -8
Cover_T314 20
Cover_T315 8
Cover_T316 8
Cover_T317 -44
Cover_T318 18
Cover_T319 -28
Cover_T320 2
Cover_T321 -12
Cover_T322 14
Cover_T323 -4.17411e-11
Cover_T324 -2
Cover_T325 -12
Cover_T326 0
Cover_T327 4
Cover_T328 50
Cover_T329 -8
Cover_T330 48
Cover_T331 8
Cover_T332 32
Cover_T333 8
Cover_T334 12
Cover_T335 -38
Cover_T336 -2
Cover_T337 -32
Cover_T338 5.58624e-11
Cover_T339 -12
Cover_T340 48
Cover_T341 2
Cover_T342 28
Cover_T343 0
Cover_T344 8
Cover_T345 -44
Cover_T346 8
Cover_T347 -16
Cover_T348 50
Cover_T349 12
Cover_T350 50
Cover_T351 12
Cover_T352 22
Cover_T353 -32
Cover_T354 42
Cover_T355 -40
Cover_T356 22
Cover_T357 -20
Cover_T358 2
Cover_T359 -42
Cover_T360 -16
Cover_T361 -22
Cover_T362 -36
Cover_T363 -2
Cover_T364 14
Cover_T365 20
Cover_T366 -4
Cover_T367 48
Cover_T368 -32
Cover_T369 6
Cover_T370 6
Cover_T371 24
Cover_T372 0
Cover_T373 52
Cover_T374 8.14637e-12
Cover_T375 6
Cover_T376 2.94271e-11
Cover_T377 4
Cover_T378 -10
Cover_T379 0
Cover_T380 -30
Cover_T381 -1.02638e-11
Cover_T382 -50
Cover_T383 10
Cover_T384 -32
Cover_T385 30
Cover_T386 -52
Cover_T387 50
Cover_T388 -50
Cover_T389 32
Cover_T390 6.89919e-11
Cover_T391 52
Cover_T392 -4
Cover_T393 50
Cover_T394 -24
Cover_T395 0
Cover_T396 -44
Cover_T397 4
Cover_T398 40
Cover_T399 26
Cover_T400 20
Cover_T401 68
Cover_T402 0
Cover_T403 4
Cover_T404 42
Cover_T405 32
Cover_T406 26
Cover_T407 50
Cover_T408 6
Cover_T409 8
Cover_T410 10
Cover_T411 24
Cover_T412 2
Cover_T413 14
Cover_T414 -4.22347e-10
Cover_T415 10
Cover_T416 4
Cover_T417 8
Cover_T418 -2
Cover_T419 14
Cover_T420 -16
Cover_T421 10
Cover_T422 -32
Cover_T423 12
Cover_T424 -48
Cover_T425 10
Cover_T426 -18
Cover_T427 38
Cover_T428 -6
Cover_T429 52
Cover_T430 -2
Cover_T431 22
Cover_T432 -12
Cover_T433 20
Cover_T434 -10
Cover_T435 12
Cover_T436 -8
Cover_T437 20
Cover_T438 -12
Cover_T439 20
Cover_T440 -12
Cover_T441 20
Cover_T442 -16
Cover_T443 20
Cover_T444 -28
Cover_T445 20
Cover_T446 -40
Cover_T447 20
Cover_T448 -16
Cover_T449 22
Cover_T450 -28
Cover_T451 26
Cover_T452 -20
Cover_T453 38
Cover_T454 -32
Cover_T455 50
Cover_T456 -16
Cover_T457 20
Cover_T458 -28
Cover_T459 36
Cover_T460 -40
Cover_T461 30
Cover_T462 -16
Cover_T463 42
Cover_T464 -28
Cover_T465 26
Cover_T466 -22
Cover_T467 36
Cover_T468 -30
Cover_T469 56
Cover_T470 -42
Cover_T471 32
Cover_T472 -18
Cover_T473 38
Cover_T474 -30
Cover_T475 34
Cover_T476 -26
Cover_T477 44
Cover_T478 -46
Cover_T479 66
Cover_T480 -30
Cover_T481 46
Cover_T482 -30
Cover_T483 48
Cover_T484 -36
Cover_T485 72
Cover_T486 -28
Cover_T487 60
Cover_T488 -30
Cover_T489 60
Cover_T490 -28
Cover_T491 62
Cover_T492 -40
Cover_T493 54
Cover_T494 -42
Cover_T495 58
Cover_T496 -42
Cover_T497 58
Cover_T498 -42
Cover_T499 58
Cover_T500 -46
Cover_T501 60
Cover_T502 -46
Cover_T503 54
Cover_T504 -48
Cover_T505 58
Cover_T506 -48
Cover_T507 58
Cover_T508 -42
Cover_T509 58
Cover_T510 -44
Cover_T511 56
Cover_T512 -40
Cover_T513 58
Cover_T514 -40
Cover_T515 60
Cover_T516 -36
Cover_T517 56
Cover_T518 -30
Cover_T519 48
Cover_T520 0
Cover_T521 56
Cover_T522 4
Cover_T523 62
Cover_T524 6
Cover_T525 46
Cover_T526 -1.70068e-11
Cover_T527 1040
Cover_T528 948
Cover_T529 1028
Cover_T530 948
Cover_T531 1030
Cover_T532 948
Cover_T533 984
Cover_T534 950
Cover_T535 1002
Cover_T536 950
Cover_T537 970
Cover_T538 938
Cover_T539 970
Cover_T540 950
Cover_T541 18
Cover_T542 -40
Cover_T543 14
Cover_T544 -28
Cover_T545 -4
Cover_T546 -40
Cover_T547 50
Cover_T548 -28
Cover_T549 36
Cover_T550 -40
Cover_T551 24
Cover_T552 -28
Cover_T553 14
Cover_T554 -16
Cover_T555 6
Cover_T556 -8
Cover_T557 22
Cover_T558 4
Cover_T559 8
Cover_T560 16
Cover_T561 -2
Cover_T562 -40
Cover_T563 12
Cover_T564 -28
Cover_T565 0
Cover_T566 -16
Cover_T567 6
Cover_T568 -4
Cover_T569 -6
Cover_T570 4
Cover_T571 48
Cover_T572 -12
Cover_T573 50
Cover_T574 -3.79205e-10
Cover_T575 38
Cover_T576 12
Cover_T577 26
Cover_T578 -4
Cover_T579 14
Cover_T580 8
Cover_T581 8
Cover_T582 2
Cover_T583 -4
Cover_T584 14
Cover_T585 6
Cover_T586 -40
Cover_T587 0
Cover_T588 -42
Cover_T589 50
Cover_T590 -30
Cover_T591 38
Cover_T592 -18
Cover_T593 26
Cover_T594 -6
Cover_T595 14
Cover_T596 -3.87672e-11
Cover_T597 2
Cover_T598 12
Cover_T599 -10
Cover_T600 2
Cover_T601 6
Cover_T602 10
Cover_T603 -10
Cover_T604 -36
Cover_T605 44
Cover_T606 -20
Cover_T607 28
Cover_T608 -4
Cover_T609 40
Cover_T610 12
Cover_T611 24
Cover_T612 0
Cover_T613 50
Cover_T614 16
Cover_T615 34
Cover_T616 -38
Cover_T617 12
Cover_T618 -38
Cover_T619 -14
Cover_T620 -10
Cover_T621 -42
Cover_T622 -24
Cover_T623 0
Cover_T624 4
Cover_T625 -18
Cover_T626 26
Cover_T627 -38
Cover_T628 46
Cover_T629 8
Cover_T630 -4
Cover_T631 10
Cover_T632 6
Cover_T633 14
Cover_T634 26
Cover_T635 14
Cover_T636 46
Cover_T637 4
Cover_T638 0
Cover_T639 -16
Cover_T640 -2
Cover_T641 -36
Cover_T642 -6
Cover_T643 -18
Cover_T644 -6
Cover_T645 -38
Cover_T646 4
Cover_T647 -36
Cover_T648 24
Cover_T649 14
Cover_T650 40
Cover_T651 2
Cover_T652 52
Cover_T653 6
Cover_T654 26
Cover_T655 -6
Cover_T656 40
Cover_T657 -18
Cover_T658 52
Cover_T659 -30
Cover_T660 42
Cover_T661 -42
Cover_T662 54
Cover_T663 50
Cover_T664 2
Cover_T665 38
Cover_T666 10
Cover_T667 26
Cover_T668 36
Cover_T669 12
Cover_T670 36
Cover_T671 50
Cover_T672 76
Cover_T673 44
Cover_T674 90
Cover_T675 28
Cover_T676 6
Cover_T677 36
Cover_T678 28
Cover_T679 14
Cover_T680 40
Cover_T681 32
Cover_T682 8
Cover_T683 4
Cover_T684 14
Cover_T685 -4
Cover_T686 4
Cover_T687 -6
Cover_T688 20
Cover_T689 -5.61499e-10
Cover_T690 16
Cover_T691 -14
Cover_T692 4
Cover_T693 -38
Cover_T694 12
Cover_T695 -2
Cover_T696 4
Cover_T697 -2
Cover_T698 12
Cover_T699 -2
Cover_T700 20
Cover_T701 -2
Cover_T702 30
Cover_T703 -2
Cover_T704 42
Cover_T705 -2
Cover_T706 58
Cover_T707 -2
Cover_T708 18
Cover_T709 -4
Cover_T710 30
Cover_T711 -4
Cover_T712 26
Cover_T713 -4
Cover_T714 24
Cover_T715 -6
Cover_T716 24
Cover_T717 -6
Cover_T718 24
Cover_T719 -24
Cover_T720 20
Cover_T721 -40
Cover_T722 16
Cover_T723 -20
Cover_T724 26
Cover_T725 -24
Cover_T726 22
Cover_T727 -16
Cover_T728 32
Cover_T729 -36
Cover_T730 58
Cover_T731 -18
Cover_T732 30
Cover_T733 -16
Cover_T734 26
Cover_T735 -26
Cover_T736 52
Cover_T737 -42
Cover_T738 38
Cover_T739 -24
Cover_T740 56
Cover_T741 -24
Cover_T742 36
Cover_T743 -40
Cover_T744 40
Cover_T745 -24
Cover_T746 50
Cover_T747 -28
Cover_T748 68
Cover_T749 -28
Cover_T750 54
Cover_T751 -22
Cover_T752 52
Cover_T753 -22
Cover_T754 74
Cover_T755 -28
Cover_T756 60
Cover_T757 -28
Cover_T758 60
Cover_T759 -30
Cover_T760 64
Cover_T761 -40
Cover_T762 54
Cover_T763 -42
Cover_T764 56
Cover_T765 -46
Cover_T766 62
Cover_T767 -48
Cover_T768 56
Cover_T769 32
Cover_T770 1.66544e-10
Cover_T771 40
Cover_T772 6
Cover_T773 18
Cover_T774 8
Cover_T775 14
Cover_T776 4
Cover_T777 12
Cover_T778 0
Cover_T779 6
Cover_T780 34
Cover_T781 18
Cover_T782 40
Cover_T783 6
Cover_T784 58
Cover_T785 8
Cover_T786 52
Cover_T787 990
Cover_T788 996
Cover_T789 1042
Cover_T790 982
Cover_T791 1026
Cover_T792 994
Cover_T793 1006
Cover_T794 984
Cover_T795 1000
Cover_T796 998
Cover_T797 980
Cover_T798 992
Cover_T799 980
Cover_T800 0
Cover_T801 38
Cover_T802 -28
Cover_T803 54
Cover_T804 -38
Cover_T805 54
Cover_T806 -10
Cover_T807 54
Cover_T808 0
Cover_T809 20
Cover_T810 52
Cover_T811 -8
Cover_T812 52
Cover_T813 -36
Cover_T814 54
Cover_T815 -38
Cover_T816 6
Cover_T817 8
Cover_T818 66
Cover_T819 12
Cover_T820 66
Cover_T821 0
Cover_T822 66
Cover_T823 0
Cover_T824 80
Cover_T825 96
Cover_T826 94
Cover_T827 78
Cover_T828 104
Cover_T829 90
Cover_T830 52
Cover_T831 48
Cover_T832 44
Cover_T833 78
Cover_T834 56
Cover_T835 78
Cover_T836 58
Cover_T837 38
Cover_T838 -30
Cover_T839 56
Cover_T840 -22
Cover_T841 22
Cover_T842 -22
Cover_T843 44
Cover_T844 8
Cover_T845 16
Cover_T846 16
Cover_T847 42
Cover_T848 46
Count_D0 -984
Count_D1 -1000
Max_H0_P0 0
Max_H0_P1 0
Max_H0_P2 0
Max_H0_P3 0
Max_H0_P4 0
Max_H0_P5 0
Max_H0_P6 0
Max_H0_P7 0
Max_H0_P8 0
Max_H0_P9 0
Max_H0_P10 0
Max_H0_P11 0
Max_H0_P12 0
Max_H0_P13 0
Max_H0_P14 0
Max_H0_P15 3.25429e-11
Max_H0_P16 -2
Max_H0_P17 -3.14993e-11
Max_H0_P18 -5.18305e-11
Max_H0_P19 -1.37127e-11
Max_H0_P20 -1.03952e-11
Max_H0_P21 -4.35963e-11
Max_H0_P22 -2.9786e-11
Max_H0_P23 2.78018e-11
Max_H0_P24 1.19482e-11
Max_H0_P25 1.39346e-11
Max_H0_P26 4.41476e-12
Max_H0_P27 2.58211e-11
Max_H0_P28 -2.11813e-11
Max_H0_P29 2.13499e-11
Max_H0_P30 2.41016e-11
Max_H0_P31 -6.76437e-12
Max_H0_P32 -2.2399e-11
Max_H0_P33 -1.93327e-11
Max_H0_P34 -8.11716e-14
Max_H0_P35 1.78311e-11
Max_H0_P36 -1.65912e-12
Max_H0_P37 -3.55648e-11
Max_H0_P38 -2.02904e-11
Max_H0_P39 1.10073e-11
Max_H0_P40 4.17045e-12
Max_H0_P41 -6.80722e-12
Max_H0_P42 -2.70553e-11
Max_H0_P43 -9.68114e-12
Max_H0_P44 0
Max_H0_P45 -2.14868e-11
Max_H0_P46 0
Max_H0_P47 0
Max_H0_P48 0
Max_H0_P49 0
Max_H0_P50 0
Max_H0_P51 0
Max_H0_P52 0
Max_H0_P53 0
Max_H0_P54 0
Max_H0_P55 0
Max_H0_P56 0
Max_H0_P57 0
Max_H0_P58 0
Max_H0_P59 0
Max_H0_P60 0
Max_H0_P61 0
Max_H0_P62 0
Max_H0_P63 0
Max_H0_P64 0
Max_H0_P65 0
Max_H0_P66 0
Max_H0_P67 0
Max_H0_P68 0
Max_H0_P69 0
Max_H0_P70 0
Max_H0_P71 0
Max_H0_P72 0
Max_H0_P73 0
Max_H0_P74 0
Max_H0_P75 0
Max_H0_P76 0
Max_H0_P77 7.35554e-11
Max_H0_P78 0
Max_H0_P79 -6.7816e-11
Max_H0_P80 0
Max_H0_P81 0
Max_H1_P0 0
Max_H1_P1 0
Max_H1_P2 -3.47296e-11
Max_H1_P3 0
Max_H1_P4 0
Max_H1_P5 2.44462e-11
Max_H1_P6 4.78337e-11
Max_H1_P7 0
Max_H1_P8 0
Max_H1_P9 -3.63798e-11
Max_H1_P10 0
Max_H1_P11 0
Max_H1_P12 0
Max_H1_P13 0
Max_H1_P14 0
Max_H1_P15 0
Max_H1_P16 -2
Max_H1_P17 -3.86753e-11
Max_H1_P18 -3.1391e-11
Max_H1_P19 -1.76019e-11
Max_H1_P20 -4.2931e-11
Max_H1_P21 -5.58633e-11
Max_H1_P22 -2.98321e-11
Max_H1_P23 -8.279e-12
Max_H1_P24 -1.93811e-12
Max_H1_P25 -5.86356e-12
Max_H1_P26 -1.56746e-11
Max_H1_P27 2.28014e-11
Max_H1_P28 -4.64034e-11
Max_H1_P29 -5.43821e-12
Max_H1_P30 3.59393e-11
Max_H1_P31 -2.69063e-11
Max_H1_P32 1.6172e-11
Max_H1_P33 1.29005e-11
Max_H1_P34 -1.74257e-11
Max_H1_P35 -1.62773e-12
Max_H1_P36 4.0585e-12
Max_H1_P37 1.02176e-11
Max_H1_P38 3.43666e-12
Max_H1_P39 3.93644e-11
Max_H1_P40 3.6483e-13
Max_H1_P41 2.79528e-11
Max_H1_P42 -2.47562e-11
Max_H1_P43 0
Max_H1_P44 -3.2415e-11
Max_H1_P45 0
Max_H1_P46 0
Max_H1_P47 0
Max_H1_P48 0
Max_H1_P49 0
Max_H1_P50 0
Max_H1_P51 0
Max_H1_P52 0
Max_H1_P53 0
Max_H1_P54 0
Max_H1_P55 0
Max_H1_P56 0
Max_H1_P57 0
Max_H1_P58 0
Max_H1_P59 0
Max_H1_P60 0
Max_H1_P61 0
Max_H1_P62 0
Max_H1_P63 0
Max_H1_P64 0
Max_H1_P65 -1.69787e-11
Max_H1_P66 0
Max_H1_P67 0
Max_H1_P68 0
Max_H1_P69 0
Max_H1_P70 0
Max_H1_P71 -4.36984e-12
Max_H1_P72 0
Max_H1_P73 0
Max_H1_P74 0
Max_H1_P75 0
Max_H1_P76 -1.52081e-11
Max_H1_P77 7.61702e-12
Max_H1_P78 -4.61e-11
Max_H1_P79 5.70921e-11
Max_H1_P80 0
Max_H1_P81 0
