
Branch and bound

  Entire solving process        :                           (Time    392.5)
  No feasible solution was found
  Best relaxation cost          :     45981.60 (Node     0) (Time    392.5)
  Lower bound after cuts        :     45981.60
  End lower bound               :     45981.60
  Deepest level reached         : 0
  Deepest real level reached    : 0
  Number of real nodes solved   : 1
  Stopping condition            : enough nodes explored

Problem identification

  Problem                       : <null>
  Machine                       : oslo2.gerad.lan

Solving process summary

  Linear relaxations            :        1
  Column generation iterations  :      203
  Shortest paths solved         :     4276
  Columns generated             :    47993

Instance characteristics

  Resources                     : 3
  Node types                    : no
  Arc types                     : no
  Strong resource windows       : no
  Weak resource windows         : no
  Resource windows (nodes)      : 3
  Resource values (arcs)        : 3
  Values on nodes               : no

  Rows                          : 951
  Initial columns               : 2
  Tasks                         : 789
  Strong tasks                  : 785
  Weak tasks                    : 4
  Initial task constraints      : no
  Nodes                         : 1117
  Arc sets                      : 1
  Arcs                          : 28997
  Networks                      : 2
  Models                        : 1

Memory used per module (Megs)

  Parser (reused)               :      6.183
  Networks                      :     28.213
  Column generator              :      7.750
  Master problem                :      9.549
  -----------------
  Total                         :     45.512

Cpu time per module (seconds)

  Parser                        :        0.0
  Preprocessor                  :        0.0
  Lr solver manager             :        0.1
  Column generator              :       59.2
    (Shortest path)             :       53.5
  Master problem                :      333.2
  -------------------
  Total (without b&b)           :      392.5

Real elapsed time (seconds)

  Parser                        :        0.0
  Preprocessor                  :        0.0
  Lr solver manager             :        0.1
  Column generator              :       59.4
    (Shortest path)             :       53.7
  Master problem                :      333.6
  -------------------
  Total (without b&b)           :      393.1
