
Branch and bound

  Entire solving process        :                           (Time    138.9)
  No feasible solution was found
  Best relaxation cost          :     45808.55 (Node     0) (Time    138.9)
  Lower bound after cuts        :     45808.55
  End lower bound               :     45808.55
  Deepest level reached         : 0
  Deepest real level reached    : 0
  Number of real nodes solved   : 1
  Stopping condition            : enough nodes explored

Problem identification

  Problem                       : <null>
  Machine                       : oslo1.gerad.lan

Solving process summary

  Linear relaxations            :        1
  Column generation iterations  :      119
  Shortest paths solved         :     5013
  Columns generated             :    44608

Instance characteristics

  Resources                     : 3
  Node types                    : no
  Arc types                     : no
  Strong resource windows       : no
  Weak resource windows         : no
  Resource windows (nodes)      : 3
  Resource values (arcs)        : 3
  Values on nodes               : no

  Rows                          : 951
  Initial columns               : 372
  Tasks                         : 789
  Strong tasks                  : 567
  Weak tasks                    : 4
  Initial task constraints      : no
  Nodes                         : 1117
  Arc sets                      : 1
  Arcs                          : 28997
  Networks                      : 2
  Models                        : 1

Memory used per module (Megs)

  Parser (reused)               :      6.183
  Networks                      :     30.272
  Column generator              :      8.113
  Master problem                :      9.867
  -----------------
  Total                         :     48.251

Cpu time per module (seconds)

  Parser                        :        0.0
  Preprocessor                  :        0.0
  Lr solver manager             :        0.1
  Column generator              :       48.6
    (Shortest path)             :       43.1
  Master problem                :       90.2
  -------------------
  Total (without b&b)           :      138.9

Real elapsed time (seconds)

  Parser                        :        0.0
  Preprocessor                  :        0.0
  Lr solver manager             :        0.1
  Column generator              :       48.7
    (Shortest path)             :       43.3
  Master problem                :       90.1
  -------------------
  Total (without b&b)           :      138.9
