
Branch and bound

  Entire solving process        :                           (Time     94.5)
  No feasible solution was found
  Best relaxation cost          :     34387.97 (Node     0) (Time     94.4)
  Lower bound after cuts        :     34387.97
  End lower bound               :     34387.97
  Deepest level reached         : 0
  Deepest real level reached    : 0
  Number of real nodes solved   : 1
  Stopping condition            : enough nodes explored

Problem identification

  Problem                       : <null>
  Machine                       : oslo5.gerad.lan

Solving process summary

  Linear relaxations            :        1
  Column generation iterations  :      144
  Shortest paths solved         :     5569
  Columns generated             :    34284

Instance characteristics

  Resources                     : 3
  Node types                    : no
  Arc types                     : no
  Strong resource windows       : no
  Weak resource windows         : no
  Resource windows (nodes)      : 3
  Resource values (arcs)        : 3
  Values on nodes               : no

  Rows                          : 728
  Initial columns               : 273
  Tasks                         : 566
  Strong tasks                  : 408
  Weak tasks                    : 4
  Initial task constraints      : no
  Nodes                         : 894
  Arc sets                      : 1
  Arcs                          : 16295
  Networks                      : 2
  Models                        : 1

Memory used per module (Megs)

  Parser (reused)               :      3.640
  Networks                      :     22.038
  Column generator              :      4.722
  Master problem                :      7.636
  -----------------
  Total                         :     34.396

Cpu time per module (seconds)

  Parser                        :        0.0
  Preprocessor                  :        0.0
  Lr solver manager             :        0.1
  Column generator              :       15.7
    (Shortest path)             :       13.4
  Master problem                :       78.6
  -------------------
  Total (without b&b)           :       94.4

Real elapsed time (seconds)

  Parser                        :        0.0
  Preprocessor                  :        0.0
  Lr solver manager             :        0.0
  Column generator              :       15.6
    (Shortest path)             :       13.1
  Master problem                :       78.8
  -------------------
  Total (without b&b)           :       94.4
