
Branch and bound

  Entire solving process        :                           (Time     99.2)
  No feasible solution was found
  Best relaxation cost          :     36742.00 (Node     0) (Time     99.2)
  Lower bound after cuts        :     36742.00
  End lower bound               :     36742.00
  Deepest level reached         : 0
  Deepest real level reached    : 0
  Number of real nodes solved   : 1
  Stopping condition            : enough nodes explored

Problem identification

  Problem                       : <null>
  Machine                       : oslo4.gerad.lan

Solving process summary

  Linear relaxations            :        1
  Column generation iterations  :      177
  Shortest paths solved         :     2921
  Columns generated             :    25933

Instance characteristics

  Resources                     : 3
  Node types                    : no
  Arc types                     : no
  Strong resource windows       : no
  Weak resource windows         : no
  Resource windows (nodes)      : 3
  Resource values (arcs)        : 3
  Values on nodes               : no

  Rows                          : 674
  Initial columns               : 2
  Tasks                         : 512
  Strong tasks                  : 508
  Weak tasks                    : 4
  Initial task constraints      : no
  Nodes                         : 840
  Arc sets                      : 1
  Arcs                          : 13719
  Networks                      : 2
  Models                        : 1

Memory used per module (Megs)

  Parser (reused)               :      3.156
  Networks                      :     19.132
  Column generator              :      4.238
  Master problem                :      6.888
  -----------------
  Total                         :     30.257

Cpu time per module (seconds)

  Parser                        :        0.0
  Preprocessor                  :        0.0
  Lr solver manager             :        0.1
  Column generator              :        9.2
    (Shortest path)             :        8.0
  Master problem                :       89.9
  -------------------
  Total (without b&b)           :       99.2

Real elapsed time (seconds)

  Parser                        :        0.0
  Preprocessor                  :        0.0
  Lr solver manager             :        0.1
  Column generator              :        9.3
    (Shortest path)             :        7.9
  Master problem                :       89.8
  -------------------
  Total (without b&b)           :       99.2
