
Branch and bound

  Entire solving process        :                           (Time    162.1)
  No feasible solution was found
  Best relaxation cost          :     60676.83 (Node     0) (Time    162.1)
  Lower bound after cuts        :     60676.83
  End lower bound               :     60676.83
  Deepest level reached         : 0
  Deepest real level reached    : 0
  Number of real nodes solved   : 1
  Stopping condition            : enough nodes explored

Problem identification

  Problem                       : <null>
  Machine                       : oslo3.gerad.lan

Solving process summary

  Linear relaxations            :        1
  Column generation iterations  :      121
  Shortest paths solved         :     7678
  Columns generated             :    53714

Instance characteristics

  Resources                     : 3
  Node types                    : no
  Arc types                     : no
  Strong resource windows       : no
  Weak resource windows         : no
  Resource windows (nodes)      : 3
  Resource values (arcs)        : 3
  Values on nodes               : no

  Rows                          : 997
  Initial columns               : 420
  Tasks                         : 835
  Strong tasks                  : 589
  Weak tasks                    : 4
  Initial task constraints      : no
  Nodes                         : 1163
  Arc sets                      : 1
  Arcs                          : 31895
  Networks                      : 2
  Models                        : 1

Memory used per module (Megs)

  Parser (reused)               :      6.667
  Networks                      :     32.451
  Column generator              :      6.902
  Master problem                :      9.852
  -----------------
  Total                         :     49.205

Cpu time per module (seconds)

  Parser                        :        0.0
  Preprocessor                  :        0.0
  Lr solver manager             :        0.1
  Column generator              :       63.4
    (Shortest path)             :       52.4
  Master problem                :       98.5
  -------------------
  Total (without b&b)           :      162.1

Real elapsed time (seconds)

  Parser                        :        0.0
  Preprocessor                  :        0.0
  Lr solver manager             :        0.1
  Column generator              :       63.5
    (Shortest path)             :       52.9
  Master problem                :       98.5
  -------------------
  Total (without b&b)           :      162.1
