
Branch and bound

  Entire solving process        :                           (Time   1070.5)
  No feasible solution was found
  Best relaxation cost          :     62325.84 (Node     0) (Time   1070.5)
  Lower bound after cuts        :     62325.84
  End lower bound               :     62325.84
  Deepest level reached         : 0
  Deepest real level reached    : 0
  Number of real nodes solved   : 1
  Stopping condition            : enough nodes explored

Problem identification

  Problem                       : <null>
  Machine                       : oslo1.gerad.lan

Solving process summary

  Linear relaxations            :        1
  Column generation iterations  :      217
  Shortest paths solved         :     4304
  Columns generated             :    42900

Instance characteristics

  Resources                     : 3
  Node types                    : no
  Arc types                     : no
  Strong resource windows       : no
  Weak resource windows         : no
  Resource windows (nodes)      : 3
  Resource values (arcs)        : 3
  Values on nodes               : no

  Rows                          : 997
  Initial columns               : 2
  Tasks                         : 835
  Strong tasks                  : 831
  Weak tasks                    : 4
  Initial task constraints      : no
  Nodes                         : 1163
  Arc sets                      : 1
  Arcs                          : 31895
  Networks                      : 2
  Models                        : 1

Memory used per module (Megs)

  Parser (reused)               :      6.667
  Networks                      :     30.272
  Column generator              :      7.992
  Master problem                :      9.738
  -----------------
  Total                         :     48.001

Cpu time per module (seconds)

  Parser                        :        0.0
  Preprocessor                  :        0.0
  Lr solver manager             :        0.4
  Column generator              :       55.8
    (Shortest path)             :       44.4
  Master problem                :     1014.3
  -------------------
  Total (without b&b)           :     1070.5

Real elapsed time (seconds)

  Parser                        :        0.0
  Preprocessor                  :        0.0
  Lr solver manager             :        0.2
  Column generator              :       56.1
    (Shortest path)             :       44.8
  Master problem                :     1014.2
  -------------------
  Total (without b&b)           :     1070.5
