
Branch and bound

  Entire solving process        :                           (Time     66.0)
  No feasible solution was found
  Best relaxation cost          :     46855.48 (Node     0) (Time     66.0)
  Lower bound after cuts        :     46855.48
  End lower bound               :     46855.48
  Deepest level reached         : 0
  Deepest real level reached    : 0
  Number of real nodes solved   : 1
  Stopping condition            : enough nodes explored

Problem identification

  Problem                       : <null>
  Machine                       : oslo3.gerad.lan

Solving process summary

  Linear relaxations            :        1
  Column generation iterations  :      110
  Shortest paths solved         :     6875
  Columns generated             :    41274

Instance characteristics

  Resources                     : 3
  Node types                    : no
  Arc types                     : no
  Strong resource windows       : no
  Weak resource windows         : no
  Resource windows (nodes)      : 3
  Resource values (arcs)        : 3
  Values on nodes               : no

  Rows                          : 796
  Initial columns               : 345
  Tasks                         : 634
  Strong tasks                  : 444
  Weak tasks                    : 4
  Initial task constraints      : no
  Nodes                         : 962
  Arc sets                      : 1
  Arcs                          : 19474
  Networks                      : 2
  Models                        : 1

Memory used per module (Megs)

  Parser (reused)               :      4.246
  Networks                      :     25.791
  Column generator              :      5.812
  Master problem                :      7.992
  -----------------
  Total                         :     39.595

Cpu time per module (seconds)

  Parser                        :        0.0
  Preprocessor                  :        0.0
  Lr solver manager             :        0.1
  Column generator              :       21.7
    (Shortest path)             :       17.6
  Master problem                :       44.2
  -------------------
  Total (without b&b)           :       65.9

Real elapsed time (seconds)

  Parser                        :        0.0
  Preprocessor                  :        0.0
  Lr solver manager             :        0.0
  Column generator              :       21.7
    (Shortest path)             :       17.6
  Master problem                :       44.2
  -------------------
  Total (without b&b)           :       66.0
