Cover_T0 52
Cover_T1 -52
Cover_T2 52
Cover_T3 -52
Cover_T4 52
Cover_T5 -52
Cover_T6 52
Cover_T7 -52
Cover_T8 52
Cover_T9 -52
Cover_T10 54
Cover_T11 -50
Cover_T12 54
Cover_T13 -50
Cover_T14 54
Cover_T15 -50
Cover_T16 54
Cover_T17 -48
Cover_T18 62
Cover_T19 -42
Cover_T20 72
Cover_T21 -42
Cover_T22 50
Cover_T23 -32
Cover_T24 58
Cover_T25 -30
Cover_T26 66
Cover_T27 -34
Cover_T28 62
Cover_T29 6
Cover_T30 68
Cover_T31 -12
Cover_T32 44
Cover_T33 950
Cover_T34 34
Cover_T35 950
Cover_T36 1030
Cover_T37 974
Cover_T38 1002
Cover_T39 954
Cover_T40 1020
Cover_T41 970
Cover_T42 28
Cover_T43 974
Cover_T44 50
Cover_T45 -12
Cover_T46 30
Cover_T47 -10
Cover_T48 8
Cover_T49 4
Cover_T50 26
Cover_T51 6
Cover_T52 24
Cover_T53 22
Cover_T54 -12
Cover_T55 4
Cover_T56 18
Cover_T57 4
Cover_T58 8
Cover_T59 36
Cover_T60 2
Cover_T61 -2
Cover_T62 -14
Cover_T63 -7.11269e-11
Cover_T64 -42
Cover_T65 6
Cover_T66 3.21378e-11
Cover_T67 22
Cover_T68 -6
Cover_T69 46
Cover_T70 -30
Cover_T71 0
Cover_T72 24
Cover_T73 4
Cover_T74 1.02486e-10
Cover_T75 28
Cover_T76 24
Cover_T77 52
Cover_T78 -2
Cover_T79 2
Cover_T80 -30
Cover_T81 -18
Cover_T82 -4
Cover_T83 10
Cover_T84 -6
Cover_T85 38
Cover_T86 0
Cover_T87 12
Cover_T88 8
Cover_T89 14
Cover_T90 0
Cover_T91 8
Cover_T92 14
Cover_T93 8.49099e-12
Cover_T94 10
Cover_T95 12
Cover_T96 -18
Cover_T97 2
Cover_T98 2
Cover_T99 10
Cover_T100 -26
Cover_T101 44
Cover_T102 4
Cover_T103 18
Cover_T104 24
Cover_T105 34
Cover_T106 9.64127e-11
Cover_T107 60
Cover_T108 10
Cover_T109 26
Cover_T110 24
Cover_T111 14
Cover_T112 16
Cover_T113 34
Cover_T114 -2
Cover_T115 18
Cover_T116 12
Cover_T117 6
Cover_T118 10
Cover_T119 4
Cover_T120 -4
Cover_T121 24
Cover_T122 -24
Cover_T123 22
Cover_T124 4
Cover_T125 28
Cover_T126 2
Cover_T127 60
Cover_T128 -2
Cover_T129 20
Cover_T130 3.79465e-10
Cover_T131 26
Cover_T132 -12
Cover_T133 22
Cover_T134 -8
Cover_T135 46
Cover_T136 -12
Cover_T137 32
Cover_T138 -32
Cover_T139 30
Cover_T140 -24
Cover_T141 28
Cover_T142 -16
Cover_T143 28
Cover_T144 -20
Cover_T145 36
Cover_T146 -24
Cover_T147 40
Cover_T148 -24
Cover_T149 60
Cover_T150 -30
Cover_T151 58
Cover_T152 -20
Cover_T153 50
Cover_T154 -20
Cover_T155 54
Cover_T156 -24
Cover_T157 44
Cover_T158 -32
Cover_T159 44
Cover_T160 -32
Cover_T161 44
Cover_T162 -32
Cover_T163 44
Cover_T164 -44
Cover_T165 44
Cover_T166 -36
Cover_T167 48
Cover_T168 -36
Cover_T169 56
Cover_T170 -36
Cover_T171 40
Cover_T172 -40
Cover_T173 52
Cover_T174 -40
Cover_T175 52
Cover_T176 52
Cover_T177 -52
Cover_T178 54
Cover_T179 -50
Cover_T180 54
Cover_T181 -50
Cover_T182 58
Cover_T183 -48
Cover_T184 56
Cover_T185 -48
Cover_T186 60
Cover_T187 -32
Cover_T188 64
Cover_T189 -24
Cover_T190 64
Cover_T191 -22
Cover_T192 46
Cover_T193 -3.30964e-10
Cover_T194 56
Cover_T195 -8
Cover_T196 56
Cover_T197 962
Cover_T198 46
Cover_T199 946
Cover_T200 998
Cover_T201 950
Cover_T202 1014
Cover_T203 966
Cover_T204 38
Cover_T205 966
Cover_T206 40
Cover_T207 -18
Cover_T208 16
Cover_T209 -10
Cover_T210 26
Cover_T211 -4
Cover_T212 0
Cover_T213 -2
Cover_T214 -4
Cover_T215 -12
Cover_T216 24
Cover_T217 12
Cover_T218 -6
Cover_T219 4
Cover_T220 -6
Cover_T221 10
Cover_T222 24
Cover_T223 10
Cover_T224 0
Cover_T225 -20
Cover_T226 0
Cover_T227 4
Cover_T228 -24
Cover_T229 4
Cover_T230 10
Cover_T231 24
Cover_T232 2
Cover_T233 52
Cover_T234 -26
Cover_T235 10
Cover_T236 24
Cover_T237 18
Cover_T238 0
Cover_T239 46
Cover_T240 18
Cover_T241 -8
Cover_T242 -6
Cover_T243 12
Cover_T244 -30
Cover_T245 -8
Cover_T246 0
Cover_T247 16
Cover_T248 2
Cover_T249 40
Cover_T250 10
Cover_T251 14
Cover_T252 18
Cover_T253 16
Cover_T254 10
Cover_T255 10
Cover_T256 24
Cover_T257 2
Cover_T258 0
Cover_T259 10
Cover_T260 0
Cover_T261 -4
Cover_T262 -28
Cover_T263 0
Cover_T264 0
Cover_T265 20
Cover_T266 -20
Cover_T267 52
Cover_T268 2
Cover_T269 26
Cover_T270 10
Cover_T271 10
Cover_T272 8
Cover_T273 2
Cover_T274 8
Cover_T275 32
Cover_T276 8
Cover_T277 26
Cover_T278 18
Cover_T279 12
Cover_T280 16
Cover_T281 16
Cover_T282 -10
Cover_T283 6
Cover_T284 -38
Cover_T285 8
Cover_T286 -2.55113e-10
Cover_T287 40
Cover_T288 4
Cover_T289 64
Cover_T290 4
Cover_T291 28
Cover_T292 -22
Cover_T293 22
Cover_T294 -4
Cover_T295 38
Cover_T296 -20
Cover_T297 24
Cover_T298 -12
Cover_T299 36
Cover_T300 -18
Cover_T301 42
Cover_T302 -16
Cover_T303 34
Cover_T304 -38
Cover_T305 20
Cover_T306 -22
Cover_T307 20
Cover_T308 -42
Cover_T309 42
Cover_T310 -26
Cover_T311 34
Cover_T312 -20
Cover_T313 58
Cover_T314 -20
Cover_T315 46
Cover_T316 -24
Cover_T317 42
Cover_T318 -30
Cover_T319 46
Cover_T320 -34
Cover_T321 46
Cover_T322 -40
Cover_T323 48
Cover_T324 -36
Cover_T325 40
Cover_T326 -44
Cover_T327 44
Cover_T328 -36
Cover_T329 40
Cover_T330 -36
Cover_T331 48
Cover_T332 -36
Cover_T333 36
Cover_T334 -36
Cover_T335 48
Cover_T336 -36
Cover_T337 40
Cover_T338 -40
Cover_T339 52
Cover_T340 -40
Cover_T341 52
Cover_T342 -40
Cover_T343 68
Cover_T344 -42
Cover_T345 60
Cover_T346 -34
Cover_T347 56
Cover_T348 -30
Cover_T349 66
Cover_T350 -24
Cover_T351 62
Cover_T352 -4
Cover_T353 74
Cover_T354 -14
Cover_T355 48
Cover_T356 960
Cover_T357 40
Cover_T358 930
Cover_T359 1016
Cover_T360 960
Cover_T361 1024
Cover_T362 974
Cover_T363 1000
Cover_T364 960
Cover_T365 1022
Cover_T366 976
Cover_T367 30
Cover_T368 976
Cover_T369 44
Cover_T370 -22
Cover_T371 10
Cover_T372 -16
Cover_T373 0
Cover_T374 -14
Cover_T375 0
Cover_T376 -4
Cover_T377 6
Cover_T378 -1.37454e-11
Cover_T379 16
Cover_T380 2
Cover_T381 -4
Cover_T382 22
Cover_T383 -24
Cover_T384 -12
Cover_T385 22
Cover_T386 8
Cover_T387 2
Cover_T388 -8
Cover_T389 8
Cover_T390 12
Cover_T391 10
Cover_T392 36
Cover_T393 -6
Cover_T394 -2
Cover_T395 -34
Cover_T396 0
Cover_T397 8
Cover_T398 6
Cover_T399 -3.34883e-10
Cover_T400 22
Cover_T401 -28
Cover_T402 50
Cover_T403 22
Cover_T404 8
Cover_T405 -2
Cover_T406 16
Cover_T407 14
Cover_T408 44
Cover_T409 -14
Cover_T410 -6
Cover_T411 12
Cover_T412 18
Cover_T413 10
Cover_T414 2
Cover_T415 16
Cover_T416 30
Cover_T417 0
Cover_T418 2
Cover_T419 0
Cover_T420 0
Cover_T421 -4
Cover_T422 -10
Cover_T423 14
Cover_T424 2
Cover_T425 0
Cover_T426 2
Cover_T427 -2
Cover_T428 6
Cover_T429 -26
Cover_T430 -12
Cover_T431 -50
Cover_T432 2
Cover_T433 -10
Cover_T434 4
Cover_T435 -34
Cover_T436 34
Cover_T437 0
Cover_T438 56
Cover_T439 24
Cover_T440 14
Cover_T441 4
Cover_T442 34
Cover_T443 -16
Cover_T444 54
Cover_T445 -2
Cover_T446 16
Cover_T447 16
Cover_T448 -1.63784e-10
Cover_T449 18
Cover_T450 26
Cover_T451 18
Cover_T452 20
Cover_T453 16
Cover_T454 12
Cover_T455 -14
Cover_T456 18
Cover_T457 16
Cover_T458 18
Cover_T459 -8
Cover_T460 8
Cover_T461 -2.42757e-11
Cover_T462 40
Cover_T463 4
Cover_T464 60
Cover_T465 -22
Cover_T466 20
Cover_T467 -4
Cover_T468 40
Cover_T469 -4
Cover_T470 30
Cover_T471 -8
Cover_T472 30
Cover_T473 -12
Cover_T474 50
Cover_T475 -8
Cover_T476 36
Cover_T477 -28
Cover_T478 36
Cover_T479 -16
Cover_T480 32
Cover_T481 -16
Cover_T482 40
Cover_T483 -16
Cover_T484 50
Cover_T485 -20
Cover_T486 40
Cover_T487 -28
Cover_T488 38
Cover_T489 -20
Cover_T490 64
Cover_T491 -20
Cover_T492 56
Cover_T493 -20
Cover_T494 52
Cover_T495 -28
Cover_T496 38
Cover_T497 -32
Cover_T498 38
Cover_T499 -32
Cover_T500 42
Cover_T501 -32
Cover_T502 50
Cover_T503 -36
Cover_T504 54
Cover_T505 -36
Cover_T506 68
Cover_T507 -36
Cover_T508 58
Cover_T509 -36
Cover_T510 66
Cover_T511 -36
Cover_T512 68
Cover_T513 -40
Cover_T514 56
Cover_T515 -40
Cover_T516 34
Cover_T517 6
Cover_T518 40
Cover_T519 16
Cover_T520 14
Cover_T521 16
Cover_T522 4
Cover_T523 0
Cover_T524 12
Cover_T525 20
Cover_T526 34
Cover_T527 1012
Cover_T528 1032
Cover_T529 994
Cover_T530 1058
Cover_T531 1010
Cover_T532 1030
Cover_T533 1014
Cover_T534 1030
Cover_T535 1002
Cover_T536 78
Cover_T537 0
Cover_T538 16
Cover_T539 -18
Cover_T540 54
Cover_T541 -2
Cover_T542 0
Cover_T543 58
Cover_T544 24
Cover_T545 60
Cover_T546 -12
Cover_T547 26
Cover_T548 0
Cover_T549 4
Cover_T550 0
Cover_T551 32
Cover_T552 58
Cover_T553 62
Cover_T554 24
Cover_T555 46
Cover_T556 60
Cover_T557 48
Cover_T558 10
Cover_T559 26
Cover_T560 36
Cover_T561 22
Cover_T562 28
Cover_T563 0
Cover_T564 36
Cover_T565 0
Count_D0 -984
Count_D1 -1000
Max_H0_P0 0
Max_H0_P1 0
Max_H0_P2 0
Max_H0_P3 0
Max_H0_P4 0
Max_H0_P5 0
Max_H0_P6 0
Max_H0_P7 0
Max_H0_P8 0
Max_H0_P9 0
Max_H0_P10 0
Max_H0_P11 0
Max_H0_P12 0
Max_H0_P13 0
Max_H0_P14 0
Max_H0_P15 0
Max_H0_P16 0
Max_H0_P17 0
Max_H0_P18 -1.7617e-11
Max_H0_P19 1.5324e-11
Max_H0_P20 -1.61378e-11
Max_H0_P21 4.73321e-11
Max_H0_P22 -2.12141e-11
Max_H0_P23 0
Max_H0_P24 -8.82494e-12
Max_H0_P25 -1.29265e-11
Max_H0_P26 1.23794e-11
Max_H0_P27 2.25686e-12
Max_H0_P28 -4.41869e-12
Max_H0_P29 -2.03988e-11
Max_H0_P30 -6.25209e-12
Max_H0_P31 -2.16034e-11
Max_H0_P32 -1.41722e-11
Max_H0_P33 0
Max_H0_P34 3.55271e-14
Max_H0_P35 -5.9841e-11
Max_H0_P36 4.22915e-11
Max_H0_P37 0
Max_H0_P38 -5.57395e-12
Max_H0_P39 6.78568e-12
Max_H0_P40 3.45679e-12
Max_H0_P41 5.27223e-12
Max_H0_P42 4.19931e-12
Max_H0_P43 0
Max_H0_P44 0
Max_H0_P45 0
Max_H0_P46 0
Max_H0_P47 0
Max_H0_P48 0
Max_H0_P49 0
Max_H0_P50 0
Max_H0_P51 0
Max_H0_P52 0
Max_H0_P53 0
Max_H0_P54 0
Max_H0_P55 0
Max_H0_P56 0
Max_H0_P57 0
Max_H0_P58 0
Max_H0_P59 0
Max_H0_P60 0
Max_H0_P61 0
Max_H0_P62 0
Max_H0_P63 0
Max_H0_P64 0
Max_H0_P65 0
Max_H0_P66 0
Max_H0_P67 0
Max_H0_P68 0
Max_H0_P69 0
Max_H0_P70 0
Max_H0_P71 0
Max_H0_P72 0
Max_H0_P73 0
Max_H0_P74 0
Max_H0_P75 0
Max_H0_P76 0
Max_H0_P77 -0
Max_H0_P78 0
Max_H0_P79 0
Max_H0_P80 0
Max_H0_P81 0
Max_H1_P0 0
Max_H1_P1 0
Max_H1_P2 0
Max_H1_P3 0
Max_H1_P4 -4.4551e-12
Max_H1_P5 -3.95417e-12
Max_H1_P6 0
Max_H1_P7 0
Max_H1_P8 0
Max_H1_P9 0
Max_H1_P10 0
Max_H1_P11 0
Max_H1_P12 0
Max_H1_P13 0
Max_H1_P14 0
Max_H1_P15 -2.6489e-11
Max_H1_P16 -1.77656e-12
Max_H1_P17 -1.83122e-11
Max_H1_P18 1.60192e-11
Max_H1_P19 -8.138e-13
Max_H1_P20 -2.933e-12
Max_H1_P21 0
Max_H1_P22 3.77061e-12
Max_H1_P23 3.91656e-12
Max_H1_P24 -2.14694e-11
Max_H1_P25 1.21337e-11
Max_H1_P26 -2.67413e-11
Max_H1_P27 6.46594e-12
Max_H1_P28 1.58549e-11
Max_H1_P29 0
Max_H1_P30 -2.78555e-11
Max_H1_P31 -2.4394e-11
Max_H1_P32 -5.45008e-12
Max_H1_P33 -1.58247e-11
Max_H1_P34 -6.85008e-12
Max_H1_P35 -1.42654e-11
Max_H1_P36 1.00107e-11
Max_H1_P37 9.36449e-12
Max_H1_P38 -5.85605e-12
Max_H1_P39 0
Max_H1_P40 0
Max_H1_P41 -1.18181e-11
Max_H1_P42 -1.09721e-12
Max_H1_P43 -6.23671e-12
Max_H1_P44 0
Max_H1_P45 0
Max_H1_P46 -1.77316e-11
Max_H1_P47 0
Max_H1_P48 0
Max_H1_P49 0
Max_H1_P50 0
Max_H1_P51 0
Max_H1_P52 0
Max_H1_P53 0
Max_H1_P54 0
Max_H1_P55 0
Max_H1_P56 0
Max_H1_P57 0
Max_H1_P58 0
Max_H1_P59 -1.68623e-11
Max_H1_P60 -1.38574e-11
Max_H1_P61 -5.59552e-12
Max_H1_P62 0
Max_H1_P63 0
Max_H1_P64 0
Max_H1_P65 6.36979e-11
Max_H1_P66 0
Max_H1_P67 0
Max_H1_P68 0
Max_H1_P69 0
Max_H1_P70 0
Max_H1_P71 0
Max_H1_P72 0
Max_H1_P73 0
Max_H1_P74 0
Max_H1_P75 0
Max_H1_P76 0
Max_H1_P77 6.66844e-12
Max_H1_P78 -6.66844e-12
Max_H1_P79 0
Max_H1_P80 0
Max_H1_P81 0
