
Branch and bound

  Entire solving process        :                           (Time     73.5)
  No feasible solution was found
  Best relaxation cost          :     41009.54 (Node     0) (Time     73.5)
  Lower bound after cuts        :     41009.54
  End lower bound               :     41009.54
  Deepest level reached         : 0
  Deepest real level reached    : 0
  Number of real nodes solved   : 1
  Stopping condition            : enough nodes explored

Problem identification

  Problem                       : <null>
  Machine                       : oslo1.gerad.lan

Solving process summary

  Linear relaxations            :        1
  Column generation iterations  :      129
  Shortest paths solved         :     2795
  Columns generated             :    25950

Instance characteristics

  Resources                     : 3
  Node types                    : no
  Arc types                     : no
  Strong resource windows       : no
  Weak resource windows         : no
  Resource windows (nodes)      : 3
  Resource values (arcs)        : 3
  Values on nodes               : no

  Rows                          : 732
  Initial columns               : 2
  Tasks                         : 570
  Strong tasks                  : 566
  Weak tasks                    : 4
  Initial task constraints      : no
  Nodes                         : 898
  Arc sets                      : 1
  Arcs                          : 16365
  Networks                      : 2
  Models                        : 1

Memory used per module (Megs)

  Parser (reused)               :      3.640
  Networks                      :     20.948
  Column generator              :      5.933
  Master problem                :      7.462
  -----------------
  Total                         :     34.344

Cpu time per module (seconds)

  Parser                        :        0.0
  Preprocessor                  :        0.0
  Lr solver manager             :        0.1
  Column generator              :       14.3
    (Shortest path)             :       11.2
  Master problem                :       59.1
  -------------------
  Total (without b&b)           :       73.5

Real elapsed time (seconds)

  Parser                        :        0.0
  Preprocessor                  :        0.0
  Lr solver manager             :        0.0
  Column generator              :       14.2
    (Shortest path)             :       11.4
  Master problem                :       59.3
  -------------------
  Total (without b&b)           :       73.5
