
Branch and bound

  Entire solving process        :                           (Time    198.7)
  No feasible solution was found
  Best relaxation cost          :     46830.80 (Node     0) (Time    198.7)
  Lower bound after cuts        :     46830.80
  End lower bound               :     46830.80
  Deepest level reached         : 0
  Deepest real level reached    : 0
  Number of real nodes solved   : 1
  Stopping condition            : enough nodes explored

Problem identification

  Problem                       : <null>
  Machine                       : oslo2.gerad.lan

Solving process summary

  Linear relaxations            :        1
  Column generation iterations  :      149
  Shortest paths solved         :     6593
  Columns generated             :    49016

Instance characteristics

  Resources                     : 3
  Node types                    : no
  Arc types                     : no
  Strong resource windows       : no
  Weak resource windows         : no
  Resource windows (nodes)      : 3
  Resource values (arcs)        : 3
  Values on nodes               : no

  Rows                          : 903
  Initial columns               : 367
  Tasks                         : 741
  Strong tasks                  : 530
  Weak tasks                    : 4
  Initial task constraints      : no
  Nodes                         : 1069
  Arc sets                      : 1
  Arcs                          : 25522
  Networks                      : 2
  Models                        : 1

Memory used per module (Megs)

  Parser (reused)               :      5.456
  Networks                      :     28.940
  Column generator              :      6.902
  Master problem                :      9.406
  -----------------
  Total                         :     45.247

Cpu time per module (seconds)

  Parser                        :        0.0
  Preprocessor                  :        0.0
  Lr solver manager             :        0.1
  Column generator              :       34.0
    (Shortest path)             :       28.4
  Master problem                :      164.6
  -------------------
  Total (without b&b)           :      198.7

Real elapsed time (seconds)

  Parser                        :        0.0
  Preprocessor                  :        0.0
  Lr solver manager             :        0.1
  Column generator              :       34.0
    (Shortest path)             :       28.4
  Master problem                :      164.8
  -------------------
  Total (without b&b)           :      199.0
