
Branch and bound

  Entire solving process        :                           (Time     67.7)
  No feasible solution was found
  Best relaxation cost          :     49531.06 (Node     0) (Time     67.7)
  Lower bound after cuts        :     49531.06
  End lower bound               :     49531.06
  Deepest level reached         : 0
  Deepest real level reached    : 0
  Number of real nodes solved   : 1
  Stopping condition            : enough nodes explored

Problem identification

  Problem                       : <null>
  Machine                       : oslo4.gerad.lan

Solving process summary

  Linear relaxations            :        1
  Column generation iterations  :      104
  Shortest paths solved         :     5810
  Columns generated             :    41879

Instance characteristics

  Resources                     : 3
  Node types                    : no
  Arc types                     : no
  Strong resource windows       : no
  Weak resource windows         : no
  Resource windows (nodes)      : 3
  Resource values (arcs)        : 3
  Values on nodes               : no

  Rows                          : 815
  Initial columns               : 369
  Tasks                         : 653
  Strong tasks                  : 440
  Weak tasks                    : 4
  Initial task constraints      : no
  Nodes                         : 981
  Arc sets                      : 1
  Arcs                          : 20908
  Networks                      : 2
  Models                        : 1

Memory used per module (Megs)

  Parser (reused)               :      4.609
  Networks                      :     26.034
  Column generator              :      3.148
  Master problem                :      7.863
  -----------------
  Total                         :     37.045

Cpu time per module (seconds)

  Parser                        :        0.0
  Preprocessor                  :        0.0
  Lr solver manager             :        0.0
  Column generator              :       20.3
    (Shortest path)             :       17.0
  Master problem                :       47.4
  -------------------
  Total (without b&b)           :       67.7

Real elapsed time (seconds)

  Parser                        :        0.0
  Preprocessor                  :        0.0
  Lr solver manager             :        0.1
  Column generator              :       20.4
    (Shortest path)             :       17.0
  Master problem                :       47.3
  -------------------
  Total (without b&b)           :       67.7
