
Branch and bound

  Entire solving process        :                           (Time    190.2)
  No feasible solution was found
  Best relaxation cost          :     49692.73 (Node     0) (Time    190.2)
  Lower bound after cuts        :     49692.73
  End lower bound               :     49692.73
  Deepest level reached         : 0
  Deepest real level reached    : 0
  Number of real nodes solved   : 1
  Stopping condition            : enough nodes explored

Problem identification

  Problem                       : <null>
  Machine                       : oslo5.gerad.lan

Solving process summary

  Linear relaxations            :        1
  Column generation iterations  :      171
  Shortest paths solved         :     3691
  Columns generated             :    35300

Instance characteristics

  Resources                     : 3
  Node types                    : no
  Arc types                     : no
  Strong resource windows       : no
  Weak resource windows         : no
  Resource windows (nodes)      : 3
  Resource values (arcs)        : 3
  Values on nodes               : no

  Rows                          : 815
  Initial columns               : 2
  Tasks                         : 653
  Strong tasks                  : 649
  Weak tasks                    : 4
  Initial task constraints      : no
  Nodes                         : 981
  Arc sets                      : 1
  Arcs                          : 20908
  Networks                      : 2
  Models                        : 1

Memory used per module (Megs)

  Parser (reused)               :      4.609
  Networks                      :     24.338
  Column generator              :      6.296
  Master problem                :      7.977
  -----------------
  Total                         :     38.611

Cpu time per module (seconds)

  Parser                        :        0.0
  Preprocessor                  :        0.0
  Lr solver manager             :        0.1
  Column generator              :       19.5
    (Shortest path)             :       16.8
  Master problem                :      170.5
  -------------------
  Total (without b&b)           :      190.2

Real elapsed time (seconds)

  Parser                        :        0.0
  Preprocessor                  :        0.0
  Lr solver manager             :        0.0
  Column generator              :       19.6
    (Shortest path)             :       16.6
  Master problem                :      170.5
  -------------------
  Total (without b&b)           :      190.2
