
Branch and bound

  Entire solving process        :                           (Time     76.0)
  No feasible solution was found
  Best relaxation cost          :     37207.85 (Node     0) (Time     76.0)
  Lower bound after cuts        :     37207.85
  End lower bound               :     37207.85
  Deepest level reached         : 0
  Deepest real level reached    : 0
  Number of real nodes solved   : 1
  Stopping condition            : enough nodes explored

Problem identification

  Problem                       : <null>
  Machine                       : oslo1.gerad.lan

Solving process summary

  Linear relaxations            :        1
  Column generation iterations  :      131
  Shortest paths solved         :     2547
  Columns generated             :    25165

Instance characteristics

  Resources                     : 3
  Node types                    : no
  Arc types                     : no
  Strong resource windows       : no
  Weak resource windows         : no
  Resource windows (nodes)      : 3
  Resource values (arcs)        : 3
  Values on nodes               : no

  Rows                          : 722
  Initial columns               : 2
  Tasks                         : 560
  Strong tasks                  : 556
  Weak tasks                    : 4
  Initial task constraints      : no
  Nodes                         : 888
  Arc sets                      : 1
  Arcs                          : 16028
  Networks                      : 2
  Models                        : 1

Memory used per module (Megs)

  Parser (reused)               :      3.640
  Networks                      :     20.221
  Column generator              :      7.628
  Master problem                :      7.394
  -----------------
  Total                         :     35.244

Cpu time per module (seconds)

  Parser                        :        0.0
  Preprocessor                  :        0.0
  Lr solver manager             :        0.1
  Column generator              :       14.3
    (Shortest path)             :       11.8
  Master problem                :       61.5
  -------------------
  Total (without b&b)           :       75.9

Real elapsed time (seconds)

  Parser                        :        0.0
  Preprocessor                  :        0.0
  Lr solver manager             :        0.1
  Column generator              :       14.4
    (Shortest path)             :       11.7
  Master problem                :       61.4
  -------------------
  Total (without b&b)           :       75.9
