
Branch and bound

  Entire solving process        :                           (Time     64.1)
  No feasible solution was found
  Best relaxation cost          :     37401.93 (Node     0) (Time     64.1)
  Lower bound after cuts        :     37401.93
  End lower bound               :     37401.93
  Deepest level reached         : 0
  Deepest real level reached    : 0
  Number of real nodes solved   : 1
  Stopping condition            : enough nodes explored

Problem identification

  Problem                       : <null>
  Machine                       : oslo2.gerad.lan

Solving process summary

  Linear relaxations            :        1
  Column generation iterations  :      149
  Shortest paths solved         :     2715
  Columns generated             :    24472

Instance characteristics

  Resources                     : 3
  Node types                    : no
  Arc types                     : no
  Strong resource windows       : no
  Weak resource windows         : no
  Resource windows (nodes)      : 3
  Resource values (arcs)        : 3
  Values on nodes               : no

  Rows                          : 685
  Initial columns               : 2
  Tasks                         : 523
  Strong tasks                  : 519
  Weak tasks                    : 4
  Initial task constraints      : no
  Nodes                         : 851
  Arc sets                      : 1
  Arcs                          : 14269
  Networks                      : 2
  Models                        : 1

Memory used per module (Megs)

  Parser (reused)               :      3.277
  Networks                      :     19.616
  Column generator              :      5.570
  Master problem                :      7.152
  -----------------
  Total                         :     32.338

Cpu time per module (seconds)

  Parser                        :        0.0
  Preprocessor                  :        0.0
  Lr solver manager             :        0.1
  Column generator              :        8.3
    (Shortest path)             :        7.0
  Master problem                :       55.6
  -------------------
  Total (without b&b)           :       64.1

Real elapsed time (seconds)

  Parser                        :        0.0
  Preprocessor                  :        0.0
  Lr solver manager             :        0.0
  Column generator              :        8.3
    (Shortest path)             :        7.1
  Master problem                :       55.9
  -------------------
  Total (without b&b)           :       64.2
