Cover_T0 52
Cover_T1 -52
Cover_T2 52
Cover_T3 -52
Cover_T4 52
Cover_T5 -52
Cover_T6 52
Cover_T7 -52
Cover_T8 52
Cover_T9 -52
Cover_T10 52
Cover_T11 -52
Cover_T12 52
Cover_T13 -52
Cover_T14 52
Cover_T15 -52
Cover_T16 54
Cover_T17 -52
Cover_T18 54
Cover_T19 -50
Cover_T20 54
Cover_T21 -50
Cover_T22 56
Cover_T23 -50
Cover_T24 56
Cover_T25 -48
Cover_T26 62
Cover_T27 -48
Cover_T28 62
Cover_T29 -42
Cover_T30 60
Cover_T31 -42
Cover_T32 58
Cover_T33 -42
Cover_T34 56
Cover_T35 -44
Cover_T36 50
Cover_T37 -32
Cover_T38 52
Cover_T39 -36
Cover_T40 54
Cover_T41 -30
Cover_T42 54
Cover_T43 -38
Cover_T44 50
Cover_T45 940
Cover_T46 984
Cover_T47 930
Cover_T48 972
Cover_T49 924
Cover_T50 956
Cover_T51 912
Cover_T52 956
Cover_T53 974
Cover_T54 1038
Cover_T55 968
Cover_T56 1042
Cover_T57 976
Cover_T58 1036
Cover_T59 972
Cover_T60 58
Cover_T61 976
Cover_T62 66
Cover_T63 44
Cover_T64 74
Cover_T65 52
Cover_T66 82
Cover_T67 60
Cover_T68 90
Cover_T69 68
Cover_T70 12
Cover_T71 -18
Cover_T72 22
Cover_T73 -18
Cover_T74 -2
Cover_T75 -10
Cover_T76 24
Cover_T77 10
Cover_T78 7.6825e-11
Cover_T79 -1.03745e-10
Cover_T80 0
Cover_T81 24
Cover_T82 2
Cover_T83 -2
Cover_T84 24
Cover_T85 22
Cover_T86 6
Cover_T87 -2.15437e-11
Cover_T88 24
Cover_T89 -1.8483e-11
Cover_T90 2
Cover_T91 -2
Cover_T92 8
Cover_T93 1.81899e-11
Cover_T94 6
Cover_T95 -2
Cover_T96 8
Cover_T97 -1.77831e-11
Cover_T98 6
Cover_T99 1.61815e-11
Cover_T100 8
Cover_T101 0
Cover_T102 -8.99759e-12
Cover_T103 1.13194e-11
Cover_T104 22
Cover_T105 2.59114e-11
Cover_T106 24
Cover_T107 1.00044e-11
Cover_T108 22
Cover_T109 -2.26974e-11
Cover_T110 24
Cover_T111 -3.89877e-11
Cover_T112 -1.3648e-10
Cover_T113 -2
Cover_T114 -24
Cover_T115 -2.03926e-11
Cover_T116 -14
Cover_T117 -2
Cover_T118 -38
Cover_T119 22
Cover_T120 2
Cover_T121 38
Cover_T122 10
Cover_T123 20
Cover_T124 -6
Cover_T125 36
Cover_T126 -12
Cover_T127 52
Cover_T128 -28
Cover_T129 8
Cover_T130 -44
Cover_T131 0
Cover_T132 -10
Cover_T133 16
Cover_T134 -26
Cover_T135 22
Cover_T136 -42
Cover_T137 38
Cover_T138 2
Cover_T139 52
Cover_T140 -10
Cover_T141 20
Cover_T142 -26
Cover_T143 36
Cover_T144 -42
Cover_T145 52
Cover_T146 -10
Cover_T147 8
Cover_T148 -26
Cover_T149 20
Cover_T150 -42
Cover_T151 40
Cover_T152 18
Cover_T153 56
Cover_T154 2
Cover_T155 24
Cover_T156 -4.44111e-10
Cover_T157 44
Cover_T158 -16
Cover_T159 60
Cover_T160 -36
Cover_T161 8
Cover_T162 2
Cover_T163 20
Cover_T164 16
Cover_T165 20
Cover_T166 0
Cover_T167 32
Cover_T168 0
Cover_T169 52
Cover_T170 0
Cover_T171 66
Cover_T172 12
Cover_T173 28
Cover_T174 2
Cover_T175 18
Cover_T176 0
Cover_T177 26
Cover_T178 8
Cover_T179 24
Cover_T180 4
Cover_T181 30
Cover_T182 1.64736e-09
Cover_T183 14
Cover_T184 2
Cover_T185 26
Cover_T186 -2
Cover_T187 26
Cover_T188 -4
Cover_T189 18
Cover_T190 -2
Cover_T191 16
Cover_T192 -14
Cover_T193 18
Cover_T194 -26
Cover_T195 20
Cover_T196 -42
Cover_T197 16
Cover_T198 -6
Cover_T199 20
Cover_T200 -16
Cover_T201 14
Cover_T202 -28
Cover_T203 28
Cover_T204 -40
Cover_T205 44
Cover_T206 -8
Cover_T207 56
Cover_T208 -20
Cover_T209 20
Cover_T210 -32
Cover_T211 32
Cover_T212 -8
Cover_T213 44
Cover_T214 -8
Cover_T215 54
Cover_T216 -12
Cover_T217 24
Cover_T218 -12
Cover_T219 36
Cover_T220 -12
Cover_T221 52
Cover_T222 -14
Cover_T223 22
Cover_T224 -16
Cover_T225 28
Cover_T226 -16
Cover_T227 22
Cover_T228 -24
Cover_T229 28
Cover_T230 -40
Cover_T231 30
Cover_T232 -20
Cover_T233 36
Cover_T234 -24
Cover_T235 28
Cover_T236 -32
Cover_T237 40
Cover_T238 -28
Cover_T239 56
Cover_T240 -24
Cover_T241 34
Cover_T242 -26
Cover_T243 48
Cover_T244 -26
Cover_T245 54
Cover_T246 -28
Cover_T247 54
Cover_T248 -28
Cover_T249 56
Cover_T250 -28
Cover_T251 56
Cover_T252 -28
Cover_T253 50
Cover_T254 -30
Cover_T255 66
Cover_T256 -30
Cover_T257 62
Cover_T258 -32
Cover_T259 54
Cover_T260 -32
Cover_T261 60
Cover_T262 -34
Cover_T263 60
Cover_T264 -34
Cover_T265 66
Cover_T266 -42
Cover_T267 58
Cover_T268 -42
Cover_T269 62
Cover_T270 -48
Cover_T271 56
Cover_T272 -50
Cover_T273 56
Cover_T274 -50
Cover_T275 52
Cover_T276 -52
Cover_T277 52
Cover_T278 -52
Cover_T279 52
Cover_T280 -50
Cover_T281 56
Cover_T282 -52
Cover_T283 52
Cover_T284 -50
Cover_T285 58
Cover_T286 -48
Cover_T287 58
Cover_T288 -44
Cover_T289 56
Cover_T290 -42
Cover_T291 52
Cover_T292 -42
Cover_T293 52
Cover_T294 -42
Cover_T295 52
Cover_T296 -36
Cover_T297 52
Cover_T298 -38
Cover_T299 50
Cover_T300 -34
Cover_T301 52
Cover_T302 942
Cover_T303 980
Cover_T304 930
Cover_T305 968
Cover_T306 918
Cover_T307 956
Cover_T308 974
Cover_T309 1032
Cover_T310 974
Cover_T311 62
Cover_T312 42
Cover_T313 70
Cover_T314 54
Cover_T315 86
Cover_T316 66
Cover_T317 18
Cover_T318 -20
Cover_T319 10
Cover_T320 -20
Cover_T321 -2
Cover_T322 -20
Cover_T323 16
Cover_T324 -20
Cover_T325 0
Cover_T326 -8
Cover_T327 -16
Cover_T328 8
Cover_T329 18
Cover_T330 -10
Cover_T331 2
Cover_T332 10
Cover_T333 -22
Cover_T334 -16
Cover_T335 0
Cover_T336 8
Cover_T337 0
Cover_T338 8
Cover_T339 2
Cover_T340 6
Cover_T341 -3.49445e-11
Cover_T342 -16
Cover_T343 2
Cover_T344 2
Cover_T345 0
Cover_T346 -16
Cover_T347 0
Cover_T348 6
Cover_T349 5.34194e-11
Cover_T350 1.38485e-11
Cover_T351 0
Cover_T352 2
Cover_T353 0
Cover_T354 0
Cover_T355 0
Cover_T356 2
Cover_T357 1.98952e-13
Cover_T358 -4.81748e-11
Cover_T359 2.17639e-11
Cover_T360 8
Cover_T361 2
Cover_T362 -14
Cover_T363 8.00071e-12
Cover_T364 -16
Cover_T365 2
Cover_T366 -14
Cover_T367 -22
Cover_T368 -16
Cover_T369 -12
Cover_T370 8
Cover_T371 -36
Cover_T372 32
Cover_T373 0
Cover_T374 22
Cover_T375 1.56319e-11
Cover_T376 46
Cover_T377 -14
Cover_T378 10
Cover_T379 -38
Cover_T380 10
Cover_T381 -12
Cover_T382 20
Cover_T383 -28
Cover_T384 36
Cover_T385 -44
Cover_T386 52
Cover_T387 1.49022e-10
Cover_T388 18
Cover_T389 -12
Cover_T390 34
Cover_T391 -28
Cover_T392 50
Cover_T393 -44
Cover_T394 6
Cover_T395 -12
Cover_T396 18
Cover_T397 -28
Cover_T398 34
Cover_T399 -44
Cover_T400 54
Cover_T401 16
Cover_T402 20
Cover_T403 -1.34271e-10
Cover_T404 38
Cover_T405 -2
Cover_T406 58
Cover_T407 -18
Cover_T408 -4
Cover_T409 -34
Cover_T410 22
Cover_T411 0
Cover_T412 18
Cover_T413 10
Cover_T414 32
Cover_T415 8
Cover_T416 64
Cover_T417 -4
Cover_T418 28
Cover_T419 14
Cover_T420 10
Cover_T421 -2.79237e-10
Cover_T422 24
Cover_T423 0
Cover_T424 26
Cover_T425 2
Cover_T426 14
Cover_T427 2.27033e-10
Cover_T428 22
Cover_T429 1.47982e-10
Cover_T430 18
Cover_T431 -8
Cover_T432 8
Cover_T433 -8
Cover_T434 10
Cover_T435 -28
Cover_T436 16
Cover_T437 -44
Cover_T438 20
Cover_T439 -10
Cover_T440 22
Cover_T441 -26
Cover_T442 40
Cover_T443 -42
Cover_T444 56
Cover_T445 -12
Cover_T446 24
Cover_T447 -30
Cover_T448 44
Cover_T449 -10
Cover_T450 58
Cover_T451 -16
Cover_T452 28
Cover_T453 -14
Cover_T454 48
Cover_T455 -14
Cover_T456 30
Cover_T457 -18
Cover_T458 30
Cover_T459 -20
Cover_T460 30
Cover_T461 -16
Cover_T462 32
Cover_T463 -18
Cover_T464 32
Cover_T465 -28
Cover_T466 32
Cover_T467 -42
Cover_T468 32
Cover_T469 -20
Cover_T470 28
Cover_T471 -20
Cover_T472 30
Cover_T473 -24
Cover_T474 40
Cover_T475 -36
Cover_T476 52
Cover_T477 -28
Cover_T478 30
Cover_T479 -40
Cover_T480 32
Cover_T481 -28
Cover_T482 30
Cover_T483 -42
Cover_T484 44
Cover_T485 -30
Cover_T486 36
Cover_T487 -42
Cover_T488 50
Cover_T489 -30
Cover_T490 40
Cover_T491 -26
Cover_T492 48
Cover_T493 -34
Cover_T494 42
Cover_T495 -46
Cover_T496 54
Cover_T497 -34
Cover_T498 46
Cover_T499 -30
Cover_T500 46
Cover_T501 -34
Cover_T502 64
Cover_T503 -32
Cover_T504 54
Cover_T505 -34
Cover_T506 56
Cover_T507 -34
Cover_T508 50
Cover_T509 -38
Cover_T510 58
Cover_T511 -36
Cover_T512 58
Cover_T513 -42
Cover_T514 52
Cover_T515 -42
Cover_T516 60
Cover_T517 -44
Cover_T518 56
Cover_T519 -44
Cover_T520 54
Cover_T521 -48
Cover_T522 52
Cover_T523 -50
Cover_T524 54
Cover_T525 -50
Cover_T526 56
Cover_T527 62
Cover_T528 -42
Cover_T529 62
Cover_T530 -42
Cover_T531 60
Cover_T532 -42
Cover_T533 52
Cover_T534 -42
Cover_T535 52
Cover_T536 -48
Cover_T537 52
Cover_T538 -40
Cover_T539 52
Cover_T540 -36
Cover_T541 46
Cover_T542 936
Cover_T543 980
Cover_T544 932
Cover_T545 974
Cover_T546 920
Cover_T547 964
Cover_T548 916
Cover_T549 958
Cover_T550 976
Cover_T551 1042
Cover_T552 976
Cover_T553 1038
Cover_T554 976
Cover_T555 1034
Cover_T556 976
Cover_T557 1042
Cover_T558 972
Cover_T559 1032
Cover_T560 968
Cover_T561 1040
Cover_T562 976
Cover_T563 62
Cover_T564 40
Cover_T565 70
Cover_T566 48
Cover_T567 70
Cover_T568 56
Cover_T569 74
Cover_T570 64
Cover_T571 4
Cover_T572 -18
Cover_T573 24
Cover_T574 -18
Cover_T575 8
Cover_T576 -18
Cover_T577 -10
Cover_T578 -18
Cover_T579 24
Cover_T580 -10
Cover_T581 8
Cover_T582 2
Cover_T583 -8
Cover_T584 -16
Cover_T585 5.29852e-11
Cover_T586 -1.0078e-10
Cover_T587 8
Cover_T588 12
Cover_T589 0
Cover_T590 24
Cover_T591 8
Cover_T592 -14
Cover_T593 22
Cover_T594 -2
Cover_T595 10
Cover_T596 10
Cover_T597 4
Cover_T598 22
Cover_T599 8
Cover_T600 10
Cover_T601 22
Cover_T602 -6.85141e-12
Cover_T603 10
Cover_T604 8
Cover_T605 0
Cover_T606 -3.19886e-11
Cover_T607 6
Cover_T608 -10
Cover_T609 0
Cover_T610 0
Cover_T611 6
Cover_T612 0
Cover_T613 6
Cover_T614 -10
Cover_T615 -1.58655e-11
Cover_T616 4
Cover_T617 6
Cover_T618 -5.79803e-12
Cover_T619 6
Cover_T620 6
Cover_T621 0
Cover_T622 0
Cover_T623 0
Cover_T624 -5.0008e-11
Cover_T625 6
Cover_T626 6
Cover_T627 14
Cover_T628 0
Cover_T629 24
Cover_T630 1.66267e-11
Cover_T631 8
Cover_T632 6
Cover_T633 14
Cover_T634 6
Cover_T635 24
Cover_T636 0
Cover_T637 4
Cover_T638 0
Cover_T639 -20
Cover_T640 -2
Cover_T641 -10
Cover_T642 0
Cover_T643 -34
Cover_T644 -2
Cover_T645 2
Cover_T646 22
Cover_T647 2
Cover_T648 12
Cover_T649 -12
Cover_T650 36
Cover_T651 -36
Cover_T652 -8.75389e-12
Cover_T653 -10
Cover_T654 -2.45564e-11
Cover_T655 -34
Cover_T656 14
Cover_T657 6
Cover_T658 30
Cover_T659 -6
Cover_T660 46
Cover_T661 -22
Cover_T662 12
Cover_T663 -38
Cover_T664 28
Cover_T665 -6
Cover_T666 44
Cover_T667 -22
Cover_T668 0
Cover_T669 -38
Cover_T670 14
Cover_T671 22
Cover_T672 30
Cover_T673 10
Cover_T674 40
Cover_T675 -2
Cover_T676 54
Cover_T677 -4.53205e-10
Cover_T678 18
Cover_T679 -12
Cover_T680 34
Cover_T681 -24
Cover_T682 44
Cover_T683 -36
Cover_T684 66
Cover_T685 2
Cover_T686 0
Cover_T687 18
Cover_T688 14
Cover_T689 8
Cover_T690 26
Cover_T691 10
Cover_T692 32
Cover_T693 4
Cover_T694 46
Cover_T695 18
Cover_T696 58
Cover_T697 8
Cover_T698 70
Cover_T699 4
Cover_T700 36
Cover_T701 14
Cover_T702 18
Cover_T703 16
Cover_T704 30
Cover_T705 14
Cover_T706 26
Cover_T707 8
Cover_T708 30
Cover_T709 6
Cover_T710 14
Cover_T711 6
Cover_T712 16
Cover_T713 -6
Cover_T714 14
Cover_T715 -18
Cover_T716 14
Cover_T717 -34
Cover_T718 6
Cover_T719 -6
Cover_T720 10
Cover_T721 -20
Cover_T722 18
Cover_T723 -36
Cover_T724 18
Cover_T725 -6
Cover_T726 36
Cover_T727 -20
Cover_T728 48
Cover_T729 -32
Cover_T730 62
Cover_T731 -8
Cover_T732 26
Cover_T733 -8
Cover_T734 40
Cover_T735 -10
Cover_T736 50
Cover_T737 -14
Cover_T738 64
Cover_T739 -14
Cover_T740 34
Cover_T741 -12
Cover_T742 46
Cover_T743 -14
Cover_T744 58
Cover_T745 -12
Cover_T746 34
Cover_T747 -16
Cover_T748 28
Cover_T749 -30
Cover_T750 32
Cover_T751 -18
Cover_T752 36
Cover_T753 -18
Cover_T754 28
Cover_T755 -26
Cover_T756 30
Cover_T757 -20
Cover_T758 34
Cover_T759 -40
Cover_T760 48
Cover_T761 -32
Cover_T762 30
Cover_T763 -24
Cover_T764 36
Cover_T765 -40
Cover_T766 40
Cover_T767 -34
Cover_T768 38
Cover_T769 -28
Cover_T770 54
Cover_T771 -44
Cover_T772 48
Cover_T773 -36
Cover_T774 42
Cover_T775 -32
Cover_T776 60
Cover_T777 -32
Cover_T778 54
Cover_T779 -32
Cover_T780 48
Cover_T781 -34
Cover_T782 70
Cover_T783 -30
Cover_T784 60
Cover_T785 -36
Cover_T786 58
Cover_T787 -32
Cover_T788 58
Cover_T789 -34
Cover_T790 62
Cover_T791 -36
Cover_T792 64
Cover_T793 -44
Cover_T794 58
Cover_T795 -42
Cover_T796 62
Cover_T797 -48
Cover_T798 56
Cover_T799 -50
Cover_T800 56
Cover_T801 -50
Cover_T802 10
Cover_T803 -7.22867e-10
Cover_T804 16
Cover_T805 4
Cover_T806 12
Cover_T807 6
Cover_T808 16
Cover_T809 6
Cover_T810 32
Cover_T811 0
Cover_T812 14
Cover_T813 0
Cover_T814 56
Cover_T815 0
Cover_T816 1024
Cover_T817 12
Cover_T818 1012
Cover_T819 984
Cover_T820 1006
Cover_T821 950
Cover_T822 988
Cover_T823 950
Cover_T824 1064
Cover_T825 1024
Cover_T826 1064
Cover_T827 972
Cover_T828 1058
Cover_T829 0
Cover_T830 1058
Cover_T831 12
Cover_T832 96
Cover_T833 24
Cover_T834 108
Cover_T835 36
Cover_T836 40
Cover_T837 -40
Cover_T838 52
Cover_T839 -4
Cover_T840 0
Cover_T841 56
Cover_T842 0
Cover_T843 56
Cover_T844 -6
Cover_T845 60
Cover_T846 -30
Cover_T847 28
Cover_T848 26
Cover_T849 28
Cover_T850 0
Cover_T851 22
Cover_T852 26
Cover_T853 56
Cover_T854 22
Cover_T855 68
Cover_T856 26
Cover_T857 6
Cover_T858 60
Cover_T859 26
Cover_T860 48
Cover_T861 0
Cover_T862 44
Cover_T863 0
Cover_T864 32
Cover_T865 0
Cover_T866 0
Cover_T867 -10
Cover_T868 26
Cover_T869 0
Cover_T870 0
Cover_T871 32
Cover_T872 36
Cover_T873 28
Cover_T874 36
Count_D0 -984
Count_D1 -1000
Max_H0_P0 0
Max_H0_P1 0
Max_H0_P2 0
Max_H0_P3 0
Max_H0_P4 0
Max_H0_P5 -5.56957e-11
Max_H0_P6 0
Max_H0_P7 0
Max_H0_P8 0
Max_H0_P9 0
Max_H0_P10 0
Max_H0_P11 0
Max_H0_P12 0
Max_H0_P13 0
Max_H0_P14 0
Max_H0_P15 -9.92831e-12
Max_H0_P16 -4.61853e-12
Max_H0_P17 -1.71152e-11
Max_H0_P18 2.65532e-11
Max_H0_P19 -8.62421e-13
Max_H0_P20 -8.10116e-14
Max_H0_P21 4.00126e-12
Max_H0_P22 -7.14806e-12
Max_H0_P23 1.21361e-11
Max_H0_P24 -1.74162e-12
Max_H0_P25 -4.14246e-12
Max_H0_P26 -1.47736e-11
Max_H0_P27 -9.05231e-12
Max_H0_P28 -2.49871e-11
Max_H0_P29 -3.97904e-13
Max_H0_P30 1.25677e-11
Max_H0_P31 -1.89713e-12
Max_H0_P32 -1.46091e-11
Max_H0_P33 -1.98952e-13
Max_H0_P34 -1.01278e-11
Max_H0_P35 -1.94547e-11
Max_H0_P36 -1.57795e-11
Max_H0_P37 5.25802e-12
Max_H0_P38 6.95799e-12
Max_H0_P39 -2.04636e-12
Max_H0_P40 1.11458e-11
Max_H0_P41 -1.00473e-11
Max_H0_P42 3.93356e-11
Max_H0_P43 0
Max_H0_P44 -1.69556e-11
Max_H0_P45 0
Max_H0_P46 0
Max_H0_P47 0
Max_H0_P48 0
Max_H0_P49 0
Max_H0_P50 0
Max_H0_P51 0
Max_H0_P52 0
Max_H0_P53 0
Max_H0_P54 0
Max_H0_P55 0
Max_H0_P56 0
Max_H0_P57 0
Max_H0_P58 0
Max_H0_P59 0
Max_H0_P60 0
Max_H0_P61 0
Max_H0_P62 0
Max_H0_P63 0
Max_H0_P64 0
Max_H0_P65 0
Max_H0_P66 0
Max_H0_P67 0
Max_H0_P68 0
Max_H0_P69 0
Max_H0_P70 0
Max_H0_P71 0
Max_H0_P72 0
Max_H0_P73 0
Max_H0_P74 0
Max_H0_P75 0
Max_H0_P76 0
Max_H0_P77 0
Max_H0_P78 0
Max_H0_P79 0
Max_H0_P80 0
Max_H0_P81 0
Max_H1_P0 0
Max_H1_P1 0
Max_H1_P2 0
Max_H1_P3 0
Max_H1_P4 0
Max_H1_P5 -3.39924e-11
Max_H1_P6 0
Max_H1_P7 0
Max_H1_P8 0
Max_H1_P9 0
Max_H1_P10 0
Max_H1_P11 0
Max_H1_P12 0
Max_H1_P13 0
Max_H1_P14 0
Max_H1_P15 -9.92831e-12
Max_H1_P16 -1.10312e-12
Max_H1_P17 -8.44835e-12
Max_H1_P18 2.36611e-11
Max_H1_P19 1.023e-11
Max_H1_P20 -8.62421e-13
Max_H1_P21 1.98135e-11
Max_H1_P22 -3.1468e-12
Max_H1_P23 -1.70154e-11
Max_H1_P24 -9.14758e-12
Max_H1_P25 2.18671e-12
Max_H1_P26 6.13243e-12
Max_H1_P27 1.79687e-11
Max_H1_P28 0
Max_H1_P29 -3.51976e-12
Max_H1_P30 1.16529e-11
Max_H1_P31 0
Max_H1_P32 -1.01513e-11
Max_H1_P33 -5.38732e-13
Max_H1_P34 5.3646e-13
Max_H1_P35 6.60672e-12
Max_H1_P36 4.39815e-13
Max_H1_P37 -5.73726e-12
Max_H1_P38 -1.16103e-11
Max_H1_P39 -8.34888e-13
Max_H1_P40 7.92537e-12
Max_H1_P41 3.10392e-11
Max_H1_P42 4.87219e-11
Max_H1_P43 0
Max_H1_P44 0
Max_H1_P45 0
Max_H1_P46 0
Max_H1_P47 0
Max_H1_P48 0
Max_H1_P49 0
Max_H1_P50 0
Max_H1_P51 0
Max_H1_P52 0
Max_H1_P53 2.90072e-11
Max_H1_P54 0
Max_H1_P55 0
Max_H1_P56 4.24407e-11
Max_H1_P57 0
Max_H1_P58 0
Max_H1_P59 0
Max_H1_P60 -1.53562e-11
Max_H1_P61 0
Max_H1_P62 0
Max_H1_P63 0
Max_H1_P64 0
Max_H1_P65 0
Max_H1_P66 0
Max_H1_P67 0
Max_H1_P68 0
Max_H1_P69 0
Max_H1_P70 0
Max_H1_P71 0
Max_H1_P72 0
Max_H1_P73 0
Max_H1_P74 0
Max_H1_P75 0
Max_H1_P76 0
Max_H1_P77 0
Max_H1_P78 0
Max_H1_P79 0
Max_H1_P80 0
Max_H1_P81 0
