Cover_T0 52
Cover_T1 -52
Cover_T2 52
Cover_T3 -52
Cover_T4 52
Cover_T5 -52
Cover_T6 52
Cover_T7 -52
Cover_T8 52
Cover_T9 -52
Cover_T10 52
Cover_T11 -48
Cover_T12 52
Cover_T13 -40
Cover_T14 52
Cover_T15 -40
Cover_T16 78
Cover_T17 -42
Cover_T18 58
Cover_T19 -30
Cover_T20 62
Cover_T21 -28
Cover_T22 52
Cover_T23 -54
Cover_T24 42
Cover_T25 -26
Cover_T26 68
Cover_T27 -2
Cover_T28 46
Cover_T29 928
Cover_T30 50
Cover_T31 942
Cover_T32 904
Cover_T33 940
Cover_T34 994
Cover_T35 914
Cover_T36 996
Cover_T37 946
Cover_T38 50
Cover_T39 946
Cover_T40 68
Cover_T41 74
Cover_T42 48
Cover_T43 -38
Cover_T44 12
Cover_T45 -10
Cover_T46 12
Cover_T47 -30
Cover_T48 2
Cover_T49 -2
Cover_T50 0
Cover_T51 0
Cover_T52 0
Cover_T53 0
Cover_T54 0
Cover_T55 24
Cover_T56 -1.1827e-11
Cover_T57 10
Cover_T58 4
Cover_T59 4
Cover_T60 30
Cover_T61 0
Cover_T62 2
Cover_T63 0
Cover_T64 -26
Cover_T65 -22
Cover_T66 38
Cover_T67 6
Cover_T68 10
Cover_T69 34
Cover_T70 -18
Cover_T71 -30
Cover_T72 14
Cover_T73 -2
Cover_T74 18
Cover_T75 26
Cover_T76 -10
Cover_T77 -6
Cover_T78 52
Cover_T79 -14
Cover_T80 28
Cover_T81 10
Cover_T82 4
Cover_T83 34
Cover_T84 -7.86216e-12
Cover_T85 -30
Cover_T86 -6
Cover_T87 -6
Cover_T88 4
Cover_T89 2
Cover_T90 1.1724e-11
Cover_T91 12
Cover_T92 -4
Cover_T93 4
Cover_T94 2
Cover_T95 8
Cover_T96 -26
Cover_T97 12
Cover_T98 8
Cover_T99 6
Cover_T100 18
Cover_T101 40
Cover_T102 -10
Cover_T103 2
Cover_T104 -28
Cover_T105 0
Cover_T106 52
Cover_T107 20
Cover_T108 28
Cover_T109 38
Cover_T110 0
Cover_T111 64
Cover_T112 0
Cover_T113 -10
Cover_T114 24
Cover_T115 18
Cover_T116 26
Cover_T117 20
Cover_T118 30
Cover_T119 -2
Cover_T120 14
Cover_T121 0
Cover_T122 -10
Cover_T123 0
Cover_T124 28
Cover_T125 22
Cover_T126 26
Cover_T127 42
Cover_T128 26
Cover_T129 66
Cover_T130 0
Cover_T131 24
Cover_T132 10
Cover_T133 2
Cover_T134 0
Cover_T135 4
Cover_T136 -18
Cover_T137 18
Cover_T138 -38
Cover_T139 20
Cover_T140 -3.86027e-11
Cover_T141 16
Cover_T142 -5.45977e-11
Cover_T143 36
Cover_T144 -10
Cover_T145 56
Cover_T146 -2
Cover_T147 22
Cover_T148 -28
Cover_T149 32
Cover_T150 -10
Cover_T151 34
Cover_T152 -24
Cover_T153 20
Cover_T154 -10
Cover_T155 32
Cover_T156 -16
Cover_T157 72
Cover_T158 -14
Cover_T159 40
Cover_T160 -18
Cover_T161 68
Cover_T162 -22
Cover_T163 72
Cover_T164 -30
Cover_T165 62
Cover_T166 -30
Cover_T167 68
Cover_T168 -34
Cover_T169 70
Cover_T170 52
Cover_T171 -52
Cover_T172 58
Cover_T173 -46
Cover_T174 62
Cover_T175 -40
Cover_T176 72
Cover_T177 -40
Cover_T178 68
Cover_T179 -26
Cover_T180 48
Cover_T181 -12
Cover_T182 48
Cover_T183 10
Cover_T184 58
Cover_T185 -6
Cover_T186 46
Cover_T187 924
Cover_T188 32
Cover_T189 936
Cover_T190 870
Cover_T191 926
Cover_T192 1008
Cover_T193 948
Cover_T194 62
Cover_T195 946
Cover_T196 34
Cover_T197 80
Cover_T198 60
Cover_T199 -34
Cover_T200 24
Cover_T201 -10
Cover_T202 8
Cover_T203 -34
Cover_T204 0
Cover_T205 -10
Cover_T206 -4
Cover_T207 6
Cover_T208 8
Cover_T209 0
Cover_T210 10
Cover_T211 22
Cover_T212 12
Cover_T213 2.02e-12
Cover_T214 12
Cover_T215 4
Cover_T216 34
Cover_T217 6
Cover_T218 10
Cover_T219 2
Cover_T220 -14
Cover_T221 -24
Cover_T222 -38
Cover_T223 3.09814e-11
Cover_T224 30
Cover_T225 24
Cover_T226 6
Cover_T227 50
Cover_T228 -22
Cover_T229 -14
Cover_T230 10
Cover_T231 14
Cover_T232 14
Cover_T233 42
Cover_T234 -14
Cover_T235 10
Cover_T236 46
Cover_T237 6
Cover_T238 18
Cover_T239 34
Cover_T240 10
Cover_T241 -26
Cover_T242 0
Cover_T243 2
Cover_T244 10
Cover_T245 6
Cover_T246 10
Cover_T247 12
Cover_T248 10
Cover_T249 0
Cover_T250 8
Cover_T251 0
Cover_T252 -4
Cover_T253 0
Cover_T254 -30
Cover_T255 6
Cover_T256 4
Cover_T257 22
Cover_T258 14
Cover_T259 52
Cover_T260 -14
Cover_T261 22
Cover_T262 -32
Cover_T263 16
Cover_T264 46
Cover_T265 50
Cover_T266 20
Cover_T267 72
Cover_T268 12
Cover_T269 -6
Cover_T270 36
Cover_T271 18
Cover_T272 36
Cover_T273 20
Cover_T274 36
Cover_T275 -6
Cover_T276 30
Cover_T277 6
Cover_T278 12
Cover_T279 0
Cover_T280 -12
Cover_T281 16
Cover_T282 14
Cover_T283 42
Cover_T284 4
Cover_T285 16
Cover_T286 2
Cover_T287 6
Cover_T288 -1.43284e-10
Cover_T289 20
Cover_T290 -24
Cover_T291 14
Cover_T292 -5.43992e-11
Cover_T293 28
Cover_T294 -6
Cover_T295 54
Cover_T296 -18
Cover_T297 12
Cover_T298 -2
Cover_T299 14
Cover_T300 -18
Cover_T301 24
Cover_T302 -10
Cover_T303 10
Cover_T304 -20
Cover_T305 18
Cover_T306 -12
Cover_T307 10
Cover_T308 -10
Cover_T309 32
Cover_T310 -10
Cover_T311 34
Cover_T312 -34
Cover_T313 26
Cover_T314 -12
Cover_T315 38
Cover_T316 -10
Cover_T317 64
Cover_T318 -38
Cover_T319 46
Cover_T320 -24
Cover_T321 40
Cover_T322 -18
Cover_T323 68
Cover_T324 -22
Cover_T325 60
Cover_T326 -28
Cover_T327 48
Cover_T328 -36
Cover_T329 56
Cover_T330 -34
Cover_T331 62
Cover_T332 -44
Cover_T333 58
Cover_T334 -30
Cover_T335 60
Cover_T336 -32
Cover_T337 52
Cover_T338 -14
Cover_T339 54
Cover_T340 2
Cover_T341 48
Cover_T342 924
Cover_T343 42
Cover_T344 936
Cover_T345 914
Cover_T346 940
Cover_T347 1018
Cover_T348 922
Cover_T349 976
Cover_T350 942
Cover_T351 78
Cover_T352 946
Cover_T353 50
Cover_T354 82
Cover_T355 28
Cover_T356 -32
Cover_T357 0
Cover_T358 -8
Cover_T359 10
Cover_T360 -32
Cover_T361 -14
Cover_T362 -8
Cover_T363 0
Cover_T364 8
Cover_T365 8
Cover_T366 8
Cover_T367 18
Cover_T368 8
Cover_T369 -2
Cover_T370 2
Cover_T371 6
Cover_T372 10
Cover_T373 36
Cover_T374 0
Cover_T375 16
Cover_T376 -10
Cover_T377 -6
Cover_T378 14
Cover_T379 -30
Cover_T380 10
Cover_T381 38
Cover_T382 -16
Cover_T383 14
Cover_T384 8
Cover_T385 -10
Cover_T386 32
Cover_T387 -32
Cover_T388 52
Cover_T389 8
Cover_T390 -20
Cover_T391 20
Cover_T392 0
Cover_T393 0
Cover_T394 20
Cover_T395 -20
Cover_T396 40
Cover_T397 48
Cover_T398 0
Cover_T399 24
Cover_T400 -4
Cover_T401 16
Cover_T402 24
Cover_T403 6
Cover_T404 -36
Cover_T405 14
Cover_T406 -8
Cover_T407 10
Cover_T408 0
Cover_T409 6
Cover_T410 10
Cover_T411 0
Cover_T412 2
Cover_T413 -16
Cover_T414 6
Cover_T415 -44
Cover_T416 6
Cover_T417 -2
Cover_T418 4
Cover_T419 16
Cover_T420 18
Cover_T421 -4
Cover_T422 38
Cover_T423 -24
Cover_T424 54
Cover_T425 -34
Cover_T426 20
Cover_T427 52
Cover_T428 0
Cover_T429 32
Cover_T430 28
Cover_T431 14
Cover_T432 52
Cover_T433 20
Cover_T434 62
Cover_T435 46
Cover_T436 -24
Cover_T437 26
Cover_T438 4.15447e-10
Cover_T439 32
Cover_T440 18
Cover_T441 36
Cover_T442 18
Cover_T443 28
Cover_T444 8
Cover_T445 2
Cover_T446 2
Cover_T447 -18
Cover_T448 8
Cover_T449 24
Cover_T450 4
Cover_T451 12
Cover_T452 22
Cover_T453 10
Cover_T454 42
Cover_T455 22
Cover_T456 62
Cover_T457 0
Cover_T458 14
Cover_T459 0
Cover_T460 10
Cover_T461 -1.21172e-10
Cover_T462 12
Cover_T463 -34
Cover_T464 20
Cover_T465 -1.55623e-10
Cover_T466 28
Cover_T467 -3.10216e-10
Cover_T468 32
Cover_T469 -2
Cover_T470 60
Cover_T471 -12
Cover_T472 10
Cover_T473 -10
Cover_T474 26
Cover_T475 -10
Cover_T476 20
Cover_T477 -12
Cover_T478 38
Cover_T479 -10
Cover_T480 30
Cover_T481 -30
Cover_T482 26
Cover_T483 -10
Cover_T484 24
Cover_T485 -10
Cover_T486 24
Cover_T487 -28
Cover_T488 52
Cover_T489 -14
Cover_T490 38
Cover_T491 -18
Cover_T492 48
Cover_T493 -22
Cover_T494 52
Cover_T495 -22
Cover_T496 60
Cover_T497 -30
Cover_T498 60
Cover_T499 -36
Cover_T500 60
Cover_T501 -44
Cover_T502 52
Cover_T503 8
Cover_T504 28
Cover_T505 22
Cover_T506 84
Cover_T507 10
Cover_T508 50
Cover_T509 36
Cover_T510 32
Cover_T511 978
Cover_T512 8
Cover_T513 922
Cover_T514 1026
Cover_T515 944
Cover_T516 980
Cover_T517 964
Cover_T518 82
Cover_T519 988
Cover_T520 38
Cover_T521 -24
Cover_T522 56
Cover_T523 -16
Cover_T524 52
Cover_T525 58
Cover_T526 12
Cover_T527 62
Cover_T528 -8
Cover_T529 72
Cover_T530 14
Cover_T531 26
Cover_T532 44
Cover_T533 38
Cover_T534 20
Cover_T535 64
Cover_T536 0
Cover_T537 36
Cover_T538 24
Cover_T539 0
Cover_T540 0
Cover_T541 14
Cover_T542 56
Cover_T543 46
Cover_T544 64
Cover_T545 28
Cover_T546 22
Cover_T547 56
Cover_T548 34
Cover_T549 0
Cover_T550 12
Cover_T551 12
Cover_T552 46
Cover_T553 20
Cover_T554 36
Count_D0 -984
Count_D1 -1000
Max_H0_P0 0
Max_H0_P1 0
Max_H0_P2 0
Max_H0_P3 0
Max_H0_P4 0
Max_H0_P5 0
Max_H0_P6 0
Max_H0_P7 0
Max_H0_P8 0
Max_H0_P9 0
Max_H0_P10 0
Max_H0_P11 0
Max_H0_P12 0
Max_H0_P13 0
Max_H0_P14 0
Max_H0_P15 0
Max_H0_P16 0
Max_H0_P17 0
Max_H0_P18 -4.68381e-12
Max_H0_P19 -7.32658e-12
Max_H0_P20 1.12266e-11
Max_H0_P21 -1.42109e-13
Max_H0_P22 5.64127e-12
Max_H0_P23 -1.07455e-11
Max_H0_P24 7.60281e-13
Max_H0_P25 2.58549e-12
Max_H0_P26 -3.44407e-11
Max_H0_P27 2.99547e-11
Max_H0_P28 0
Max_H0_P29 -1.11129e-11
Max_H0_P30 9.29745e-12
Max_H0_P31 1.9007e-13
Max_H0_P32 -7.09699e-12
Max_H0_P33 4.9365e-12
Max_H0_P34 1.27827e-11
Max_H0_P35 -4.26992e-12
Max_H0_P36 -1.7363e-11
Max_H0_P37 3.48166e-12
Max_H0_P38 -9.11449e-12
Max_H0_P39 -6.71996e-12
Max_H0_P40 8.68576e-12
Max_H0_P41 -7.82787e-12
Max_H0_P42 0
Max_H0_P43 0
Max_H0_P44 0
Max_H0_P45 0
Max_H0_P46 0
Max_H0_P47 0
Max_H0_P48 0
Max_H0_P49 0
Max_H0_P50 0
Max_H0_P51 0
Max_H0_P52 0
Max_H0_P53 0
Max_H0_P54 0
Max_H0_P55 0
Max_H0_P56 0
Max_H0_P57 0
Max_H0_P58 0
Max_H0_P59 0
Max_H0_P60 0
Max_H0_P61 0
Max_H0_P62 0
Max_H0_P63 0
Max_H0_P64 0
Max_H0_P65 0
Max_H0_P66 0
Max_H0_P67 0
Max_H0_P68 0
Max_H0_P69 0
Max_H0_P70 0
Max_H0_P71 0
Max_H0_P72 0
Max_H0_P73 0
Max_H0_P74 0
Max_H0_P75 0
Max_H0_P76 0
Max_H0_P77 0
Max_H0_P78 0
Max_H0_P79 0
Max_H0_P80 0
Max_H0_P81 0
Max_H1_P0 0
Max_H1_P1 0
Max_H1_P2 0
Max_H1_P3 0
Max_H1_P4 0
Max_H1_P5 0
Max_H1_P6 2.7813e-11
Max_H1_P7 0
Max_H1_P8 0
Max_H1_P9 0
Max_H1_P10 0
Max_H1_P11 0
Max_H1_P12 0
Max_H1_P13 0
Max_H1_P14 0
Max_H1_P15 0
Max_H1_P16 1.3748e-11
Max_H1_P17 0
Max_H1_P18 0
Max_H1_P19 1.2939e-11
Max_H1_P20 0
Max_H1_P21 -2.03446e-11
Max_H1_P22 2.07868e-11
Max_H1_P23 0
Max_H1_P24 3.27383e-12
Max_H1_P25 -5.40434e-12
Max_H1_P26 -1.14124e-11
Max_H1_P27 2.07727e-11
Max_H1_P28 -8.87823e-12
Max_H1_P29 -2.13447e-11
Max_H1_P30 1.30242e-11
Max_H1_P31 -9.91029e-12
Max_H1_P32 0
Max_H1_P33 0
Max_H1_P34 0
Max_H1_P35 -1.27642e-11
Max_H1_P36 1.40257e-11
Max_H1_P37 -5.65237e-12
Max_H1_P38 -1.07291e-11
Max_H1_P39 9.67589e-12
Max_H1_P40 4.15834e-12
Max_H1_P41 0
Max_H1_P42 0
Max_H1_P43 0
Max_H1_P44 0
Max_H1_P45 0
Max_H1_P46 0
Max_H1_P47 0
Max_H1_P48 0
Max_H1_P49 0
Max_H1_P50 0
Max_H1_P51 0
Max_H1_P52 0
Max_H1_P53 0
Max_H1_P54 0
Max_H1_P55 0
Max_H1_P56 0
Max_H1_P57 0
Max_H1_P58 0
Max_H1_P59 2.51177e-11
Max_H1_P60 2.672e-11
Max_H1_P61 6.6913e-12
Max_H1_P62 0
Max_H1_P63 0
Max_H1_P64 -2.73204e-12
Max_H1_P65 0
Max_H1_P66 0
Max_H1_P67 0
Max_H1_P68 0
Max_H1_P69 0
Max_H1_P70 0
Max_H1_P71 0
Max_H1_P72 0
Max_H1_P73 0
Max_H1_P74 0
Max_H1_P75 0
Max_H1_P76 -1.09215e-11
Max_H1_P77 0
Max_H1_P78 1.89809e-11
Max_H1_P79 0
Max_H1_P80 0
Max_H1_P81 0
