
Branch and bound

  Entire solving process        :                           (Time     72.1)
  No feasible solution was found
  Best relaxation cost          :     36913.88 (Node     0) (Time     72.0)
  Lower bound after cuts        :     36913.88
  End lower bound               :     36913.88
  Deepest level reached         : 0
  Deepest real level reached    : 0
  Number of real nodes solved   : 1
  Stopping condition            : enough nodes explored

Problem identification

  Problem                       : <null>
  Machine                       : oslo1.gerad.lan

Solving process summary

  Linear relaxations            :        1
  Column generation iterations  :      125
  Shortest paths solved         :     6143
  Columns generated             :    32690

Instance characteristics

  Resources                     : 3
  Node types                    : no
  Arc types                     : no
  Strong resource windows       : no
  Weak resource windows         : no
  Resource windows (nodes)      : 3
  Resource values (arcs)        : 3
  Values on nodes               : no

  Rows                          : 721
  Initial columns               : 284
  Tasks                         : 559
  Strong tasks                  : 398
  Weak tasks                    : 4
  Initial task constraints      : no
  Nodes                         : 887
  Arc sets                      : 1
  Arcs                          : 16133
  Networks                      : 2
  Models                        : 1

Memory used per module (Megs)

  Parser (reused)               :      3.640
  Networks                      :     21.796
  Column generator              :      4.601
  Master problem                :      7.289
  -----------------
  Total                         :     33.685

Cpu time per module (seconds)

  Parser                        :        0.0
  Preprocessor                  :        0.0
  Lr solver manager             :        0.0
  Column generator              :       15.3
    (Shortest path)             :       12.5
  Master problem                :       56.7
  -------------------
  Total (without b&b)           :       72.0

Real elapsed time (seconds)

  Parser                        :        0.0
  Preprocessor                  :        0.0
  Lr solver manager             :        0.1
  Column generator              :       15.3
    (Shortest path)             :       12.4
  Master problem                :       56.6
  -------------------
  Total (without b&b)           :       72.0
