
Branch and bound

  Entire solving process        :                           (Time    355.6)
  No feasible solution was found
  Best relaxation cost          :     75843.31 (Node     0) (Time    355.6)
  Lower bound after cuts        :     75843.31
  End lower bound               :     75843.31
  Deepest level reached         : 0
  Deepest real level reached    : 0
  Number of real nodes solved   : 1
  Stopping condition            : enough nodes explored

Problem identification

  Problem                       : <null>
  Machine                       : oslo2.gerad.lan

Solving process summary

  Linear relaxations            :        1
  Column generation iterations  :      132
  Shortest paths solved         :     7177
  Columns generated             :    76535

Instance characteristics

  Resources                     : 3
  Node types                    : no
  Arc types                     : no
  Strong resource windows       : no
  Weak resource windows         : no
  Resource windows (nodes)      : 3
  Resource values (arcs)        : 3
  Values on nodes               : no

  Rows                          : 1181
  Initial columns               : 541
  Tasks                         : 1019
  Strong tasks                  : 687
  Weak tasks                    : 4
  Initial task constraints      : no
  Nodes                         : 1347
  Arc sets                      : 1
  Arcs                          : 45619
  Networks                      : 2
  Models                        : 1

Memory used per module (Megs)

  Parser (reused)               :      9.331
  Networks                      :     38.990
  Column generator              :     26.276
  Master problem                :     11.288
  -----------------
  Total                         :     76.554

Cpu time per module (seconds)

  Parser                        :        0.0
  Preprocessor                  :        0.0
  Lr solver manager             :        0.1
  Column generator              :      195.5
    (Shortest path)             :      175.6
  Master problem                :      160.0
  -------------------
  Total (without b&b)           :      355.6

Real elapsed time (seconds)

  Parser                        :        0.0
  Preprocessor                  :        0.0
  Lr solver manager             :        0.1
  Column generator              :      195.8
    (Shortest path)             :      175.2
  Master problem                :      160.1
  -------------------
  Total (without b&b)           :      356.0
