
Branch and bound

  Entire solving process        :                           (Time    136.6)
  No feasible solution was found
  Best relaxation cost          :     45445.44 (Node     0) (Time    136.5)
  Lower bound after cuts        :     45445.44
  End lower bound               :     45445.44
  Deepest level reached         : 0
  Deepest real level reached    : 0
  Number of real nodes solved   : 1
  Stopping condition            : enough nodes explored

Problem identification

  Problem                       : <null>
  Machine                       : oslo2.gerad.lan

Solving process summary

  Linear relaxations            :        1
  Column generation iterations  :      147
  Shortest paths solved         :     3776
  Columns generated             :    40143

Instance characteristics

  Resources                     : 3
  Node types                    : no
  Arc types                     : no
  Strong resource windows       : no
  Weak resource windows         : no
  Resource windows (nodes)      : 3
  Resource values (arcs)        : 3
  Values on nodes               : no

  Rows                          : 935
  Initial columns               : 2
  Tasks                         : 773
  Strong tasks                  : 769
  Weak tasks                    : 4
  Initial task constraints      : no
  Nodes                         : 1101
  Arc sets                      : 1
  Arcs                          : 28189
  Networks                      : 2
  Models                        : 1

Memory used per module (Megs)

  Parser (reused)               :      5.941
  Networks                      :     27.487
  Column generator              :     10.171
  Master problem                :      9.534
  -----------------
  Total                         :     47.192

Cpu time per module (seconds)

  Parser                        :        0.0
  Preprocessor                  :        0.0
  Lr solver manager             :        0.1
  Column generator              :       37.5
    (Shortest path)             :       33.4
  Master problem                :       99.0
  -------------------
  Total (without b&b)           :      136.5

Real elapsed time (seconds)

  Parser                        :        0.0
  Preprocessor                  :        0.0
  Lr solver manager             :        0.1
  Column generator              :       37.5
    (Shortest path)             :       33.5
  Master problem                :       99.1
  -------------------
  Total (without b&b)           :      136.7
