
Branch and bound

  Entire solving process        :                           (Time    222.2)
  No feasible solution was found
  Best relaxation cost          :     70823.08 (Node     0) (Time    222.2)
  Lower bound after cuts        :     70823.08
  End lower bound               :     70823.08
  Deepest level reached         : 0
  Deepest real level reached    : 0
  Number of real nodes solved   : 1
  Stopping condition            : enough nodes explored

Problem identification

  Problem                       : <null>
  Machine                       : oslo4.gerad.lan

Solving process summary

  Linear relaxations            :        1
  Column generation iterations  :      116
  Shortest paths solved         :     6204
  Columns generated             :    61832

Instance characteristics

  Resources                     : 3
  Node types                    : no
  Arc types                     : no
  Strong resource windows       : no
  Weak resource windows         : no
  Resource windows (nodes)      : 3
  Resource values (arcs)        : 3
  Values on nodes               : no

  Rows                          : 1127
  Initial columns               : 505
  Tasks                         : 965
  Strong tasks                  : 665
  Weak tasks                    : 4
  Initial task constraints      : no
  Nodes                         : 1293
  Arc sets                      : 1
  Arcs                          : 40883
  Networks                      : 2
  Models                        : 1

Memory used per module (Megs)

  Parser (reused)               :      8.484
  Networks                      :     37.537
  Column generator              :      9.566
  Master problem                :     10.895
  -----------------
  Total                         :     57.998

Cpu time per module (seconds)

  Parser                        :        0.0
  Preprocessor                  :        0.0
  Lr solver manager             :        0.1
  Column generator              :       87.6
    (Shortest path)             :       77.2
  Master problem                :      134.5
  -------------------
  Total (without b&b)           :      222.2

Real elapsed time (seconds)

  Parser                        :        0.0
  Preprocessor                  :        0.0
  Lr solver manager             :        0.1
  Column generator              :       87.6
    (Shortest path)             :       76.8
  Master problem                :      134.5
  -------------------
  Total (without b&b)           :      222.2
