Cover_T0 52
Cover_T1 -52
Cover_T2 52
Cover_T3 -52
Cover_T4 52
Cover_T5 -52
Cover_T6 52
Cover_T7 -52
Cover_T8 52
Cover_T9 -52
Cover_T10 52
Cover_T11 -52
Cover_T12 52
Cover_T13 -52
Cover_T14 52
Cover_T15 -52
Cover_T16 52
Cover_T17 -52
Cover_T18 52
Cover_T19 -52
Cover_T20 52
Cover_T21 -52
Cover_T22 54
Cover_T23 -52
Cover_T24 54
Cover_T25 -50
Cover_T26 56
Cover_T27 -50
Cover_T28 52
Cover_T29 -50
Cover_T30 56
Cover_T31 -48
Cover_T32 56
Cover_T33 -48
Cover_T34 56
Cover_T35 -48
Cover_T36 52
Cover_T37 -48
Cover_T38 54
Cover_T39 -48
Cover_T40 52
Cover_T41 -42
Cover_T42 56
Cover_T43 -42
Cover_T44 52
Cover_T45 -42
Cover_T46 56
Cover_T47 -20
Cover_T48 56
Cover_T49 -28
Cover_T50 56
Cover_T51 -36
Cover_T52 56
Cover_T53 988
Cover_T54 998
Cover_T55 980
Cover_T56 1038
Cover_T57 972
Cover_T58 1044
Cover_T59 988
Cover_T60 1048
Cover_T61 988
Cover_T62 1048
Cover_T63 988
Cover_T64 1026
Cover_T65 988
Cover_T66 1034
Cover_T67 988
Cover_T68 1042
Cover_T69 988
Cover_T70 18
Cover_T71 44
Cover_T72 22
Cover_T73 4
Cover_T74 30
Cover_T75 -6
Cover_T76 6
Cover_T77 -6
Cover_T78 0
Cover_T79 -10
Cover_T80 4
Cover_T81 -2
Cover_T82 -18
Cover_T83 0
Cover_T84 -42
Cover_T85 0
Cover_T86 8
Cover_T87 6
Cover_T88 -8
Cover_T89 20
Cover_T90 2
Cover_T91 36
Cover_T92 8
Cover_T93 52
Cover_T94 -8
Cover_T95 2
Cover_T96 -24
Cover_T97 18
Cover_T98 8
Cover_T99 8
Cover_T100 8
Cover_T101 2
Cover_T102 2
Cover_T103 18
Cover_T104 0
Cover_T105 34
Cover_T106 2
Cover_T107 2
Cover_T108 -10
Cover_T109 2
Cover_T110 -26
Cover_T111 8
Cover_T112 -42
Cover_T113 10
Cover_T114 -10
Cover_T115 8
Cover_T116 -26
Cover_T117 20
Cover_T118 -42
Cover_T119 36
Cover_T120 8
Cover_T121 52
Cover_T122 0
Cover_T123 20
Cover_T124 0
Cover_T125 36
Cover_T126 8
Cover_T127 52
Cover_T128 2
Cover_T129 2
Cover_T130 8
Cover_T131 2
Cover_T132 12
Cover_T133 0
Cover_T134 8
Cover_T135 2
Cover_T136 12
Cover_T137 14
Cover_T138 12
Cover_T139 10
Cover_T140 -8
Cover_T141 6
Cover_T142 4
Cover_T143 -6
Cover_T144 12
Cover_T145 10
Cover_T146 -4
Cover_T147 2
Cover_T148 -10
Cover_T149 18
Cover_T150 -26
Cover_T151 6
Cover_T152 -42
Cover_T153 -2
Cover_T154 2
Cover_T155 14
Cover_T156 4
Cover_T157 20
Cover_T158 -2
Cover_T159 36
Cover_T160 -18
Cover_T161 52
Cover_T162 -34
Cover_T163 10
Cover_T164 -50
Cover_T165 8
Cover_T166 -42
Cover_T167 12
Cover_T168 -34
Cover_T169 30
Cover_T170 12
Cover_T171 56
Cover_T172 12
Cover_T173 56
Cover_T174 12
Cover_T175 62
Cover_T176 10
Cover_T177 20
Cover_T178 10
Cover_T179 24
Cover_T180 2
Cover_T181 12
Cover_T182 3.69559e-10
Cover_T183 22
Cover_T184 2
Cover_T185 18
Cover_T186 2
Cover_T187 20
Cover_T188 -10
Cover_T189 14
Cover_T190 -8
Cover_T191 14
Cover_T192 -20
Cover_T193 14
Cover_T194 -32
Cover_T195 20
Cover_T196 -50
Cover_T197 16
Cover_T198 -10
Cover_T199 26
Cover_T200 -6
Cover_T201 26
Cover_T202 -8
Cover_T203 36
Cover_T204 -6
Cover_T205 56
Cover_T206 -14
Cover_T207 64
Cover_T208 -10
Cover_T209 28
Cover_T210 -14
Cover_T211 24
Cover_T212 -10
Cover_T213 28
Cover_T214 -14
Cover_T215 26
Cover_T216 -14
Cover_T217 32
Cover_T218 -18
Cover_T219 28
Cover_T220 -16
Cover_T221 36
Cover_T222 -24
Cover_T223 32
Cover_T224 -20
Cover_T225 28
Cover_T226 -22
Cover_T227 42
Cover_T228 -24
Cover_T229 34
Cover_T230 -22
Cover_T231 50
Cover_T232 -24
Cover_T233 28
Cover_T234 -22
Cover_T235 38
Cover_T236 -26
Cover_T237 34
Cover_T238 -28
Cover_T239 46
Cover_T240 -28
Cover_T241 50
Cover_T242 -30
Cover_T243 36
Cover_T244 -30
Cover_T245 52
Cover_T246 -32
Cover_T247 36
Cover_T248 -32
Cover_T249 36
Cover_T250 -44
Cover_T251 44
Cover_T252 -36
Cover_T253 44
Cover_T254 -32
Cover_T255 46
Cover_T256 -34
Cover_T257 52
Cover_T258 -34
Cover_T259 54
Cover_T260 -34
Cover_T261 40
Cover_T262 -46
Cover_T263 42
Cover_T264 -40
Cover_T265 42
Cover_T266 -46
Cover_T267 54
Cover_T268 -38
Cover_T269 54
Cover_T270 -44
Cover_T271 58
Cover_T272 -42
Cover_T273 62
Cover_T274 -46
Cover_T275 54
Cover_T276 52
Cover_T277 -52
Cover_T278 52
Cover_T279 -52
Cover_T280 52
Cover_T281 -52
Cover_T282 54
Cover_T283 -52
Cover_T284 52
Cover_T285 -52
Cover_T286 52
Cover_T287 -50
Cover_T288 52
Cover_T289 -48
Cover_T290 54
Cover_T291 -52
Cover_T292 54
Cover_T293 -48
Cover_T294 56
Cover_T295 -48
Cover_T296 54
Cover_T297 -46
Cover_T298 52
Cover_T299 -42
Cover_T300 54
Cover_T301 -42
Cover_T302 56
Cover_T303 -22
Cover_T304 54
Cover_T305 -28
Cover_T306 54
Cover_T307 -36
Cover_T308 50
Cover_T309 984
Cover_T310 998
Cover_T311 980
Cover_T312 1034
Cover_T313 968
Cover_T314 1044
Cover_T315 984
Cover_T316 1022
Cover_T317 984
Cover_T318 1030
Cover_T319 984
Cover_T320 1038
Cover_T321 984
Cover_T322 14
Cover_T323 40
Cover_T324 22
Cover_T325 0
Cover_T326 30
Cover_T327 -10
Cover_T328 16
Cover_T329 -10
Cover_T330 18
Cover_T331 -10
Cover_T332 6
Cover_T333 -10
Cover_T334 2
Cover_T335 -6
Cover_T336 6
Cover_T337 -6
Cover_T338 0
Cover_T339 0
Cover_T340 -14
Cover_T341 2
Cover_T342 -30
Cover_T343 0
Cover_T344 12
Cover_T345 16
Cover_T346 -12
Cover_T347 40
Cover_T348 12
Cover_T349 -2
Cover_T350 -12
Cover_T351 22
Cover_T352 12
Cover_T353 -6
Cover_T354 12
Cover_T355 10
Cover_T356 6
Cover_T357 26
Cover_T358 4
Cover_T359 -6
Cover_T360 6
Cover_T361 -6
Cover_T362 -6
Cover_T363 0
Cover_T364 -22
Cover_T365 2
Cover_T366 -38
Cover_T367 0
Cover_T368 -6
Cover_T369 12
Cover_T370 -22
Cover_T371 28
Cover_T372 -38
Cover_T373 44
Cover_T374 12
Cover_T375 12
Cover_T376 4
Cover_T377 28
Cover_T378 4
Cover_T379 44
Cover_T380 12
Cover_T381 -6
Cover_T382 6
Cover_T383 2
Cover_T384 4
Cover_T385 2
Cover_T386 0
Cover_T387 -6
Cover_T388 12
Cover_T389 -6.4018e-11
Cover_T390 -4
Cover_T391 2
Cover_T392 0
Cover_T393 6
Cover_T394 12
Cover_T395 -6
Cover_T396 -4
Cover_T397 10
Cover_T398 -2.33382e-11
Cover_T399 14
Cover_T400 4
Cover_T401 10
Cover_T402 4
Cover_T403 10
Cover_T404 -10
Cover_T405 6
Cover_T406 -34
Cover_T407 6
Cover_T408 6
Cover_T409 12
Cover_T410 8
Cover_T411 28
Cover_T412 2
Cover_T413 44
Cover_T414 -14
Cover_T415 0
Cover_T416 -30
Cover_T417 -3.81218e-10
Cover_T418 -46
Cover_T419 6
Cover_T420 -38
Cover_T421 22
Cover_T422 -30
Cover_T423 38
Cover_T424 -46
Cover_T425 56
Cover_T426 4
Cover_T427 48
Cover_T428 12
Cover_T429 40
Cover_T430 -6
Cover_T431 60
Cover_T432 2
Cover_T433 12
Cover_T434 10
Cover_T435 4
Cover_T436 4
Cover_T437 24
Cover_T438 8
Cover_T439 24
Cover_T440 4
Cover_T441 20
Cover_T442 -2
Cover_T443 18
Cover_T444 -14
Cover_T445 18
Cover_T446 -42
Cover_T447 28
Cover_T448 -10
Cover_T449 26
Cover_T450 -2
Cover_T451 46
Cover_T452 -8
Cover_T453 68
Cover_T454 -16
Cover_T455 26
Cover_T456 -8
Cover_T457 26
Cover_T458 -8
Cover_T459 24
Cover_T460 -20
Cover_T461 32
Cover_T462 -12
Cover_T463 28
Cover_T464 -16
Cover_T465 32
Cover_T466 -20
Cover_T467 34
Cover_T468 -18
Cover_T469 32
Cover_T470 -20
Cover_T471 32
Cover_T472 -20
Cover_T473 42
Cover_T474 -24
Cover_T475 32
Cover_T476 -22
Cover_T477 34
Cover_T478 -26
Cover_T479 36
Cover_T480 -26
Cover_T481 34
Cover_T482 -42
Cover_T483 36
Cover_T484 -26
Cover_T485 34
Cover_T486 -42
Cover_T487 38
Cover_T488 -28
Cover_T489 54
Cover_T490 -44
Cover_T491 38
Cover_T492 -28
Cover_T493 52
Cover_T494 -30
Cover_T495 40
Cover_T496 -38
Cover_T497 56
Cover_T498 -40
Cover_T499 40
Cover_T500 -40
Cover_T501 40
Cover_T502 -36
Cover_T503 48
Cover_T504 -32
Cover_T505 48
Cover_T506 -44
Cover_T507 50
Cover_T508 -34
Cover_T509 42
Cover_T510 -34
Cover_T511 56
Cover_T512 -34
Cover_T513 44
Cover_T514 -34
Cover_T515 58
Cover_T516 -34
Cover_T517 44
Cover_T518 -34
Cover_T519 42
Cover_T520 -34
Cover_T521 44
Cover_T522 -44
Cover_T523 44
Cover_T524 -36
Cover_T525 50
Cover_T526 -38
Cover_T527 48
Cover_T528 -38
Cover_T529 62
Cover_T530 -44
Cover_T531 58
Cover_T532 -40
Cover_T533 62
Cover_T534 -42
Cover_T535 54
Cover_T536 -50
Cover_T537 58
Cover_T538 52
Cover_T539 -48
Cover_T540 54
Cover_T541 -48
Cover_T542 56
Cover_T543 -50
Cover_T544 52
Cover_T545 -50
Cover_T546 52
Cover_T547 -48
Cover_T548 54
Cover_T549 -44
Cover_T550 52
Cover_T551 -50
Cover_T552 56
Cover_T553 -32
Cover_T554 52
Cover_T555 -40
Cover_T556 52
Cover_T557 984
Cover_T558 996
Cover_T559 976
Cover_T560 1036
Cover_T561 968
Cover_T562 1048
Cover_T563 986
Cover_T564 1044
Cover_T565 988
Cover_T566 1044
Cover_T567 984
Cover_T568 1048
Cover_T569 986
Cover_T570 1044
Cover_T571 988
Cover_T572 1026
Cover_T573 988
Cover_T574 1034
Cover_T575 988
Cover_T576 1042
Cover_T577 988
Cover_T578 10
Cover_T579 44
Cover_T580 26
Cover_T581 4
Cover_T582 26
Cover_T583 -10
Cover_T584 8
Cover_T585 -10
Cover_T586 10
Cover_T587 -10
Cover_T588 2
Cover_T589 -6
Cover_T590 -6
Cover_T591 2
Cover_T592 -22
Cover_T593 2
Cover_T594 -38
Cover_T595 0
Cover_T596 12
Cover_T597 0
Cover_T598 -2
Cover_T599 9.24967e-11
Cover_T600 -14
Cover_T601 6
Cover_T602 0
Cover_T603 16
Cover_T604 10
Cover_T605 28
Cover_T606 -2
Cover_T607 40
Cover_T608 -14
Cover_T609 52
Cover_T610 -26
Cover_T611 -2
Cover_T612 10
Cover_T613 10
Cover_T614 -2
Cover_T615 22
Cover_T616 2
Cover_T617 8
Cover_T618 -2
Cover_T619 2
Cover_T620 -4
Cover_T621 18
Cover_T622 -2
Cover_T623 34
Cover_T624 -14
Cover_T625 2
Cover_T626 -30
Cover_T627 2
Cover_T628 -46
Cover_T629 8
Cover_T630 -14
Cover_T631 10
Cover_T632 -30
Cover_T633 6
Cover_T634 -42
Cover_T635 14
Cover_T636 12
Cover_T637 26
Cover_T638 0
Cover_T639 38
Cover_T640 12
Cover_T641 50
Cover_T642 6.29328e-11
Cover_T643 14
Cover_T644 12
Cover_T645 26
Cover_T646 2
Cover_T647 38
Cover_T648 12
Cover_T649 50
Cover_T650 -1.27401e-10
Cover_T651 -4
Cover_T652 -7.52181e-11
Cover_T653 2
Cover_T654 12
Cover_T655 2
Cover_T656 -4
Cover_T657 -6
Cover_T658 7.16796e-11
Cover_T659 0
Cover_T660 12
Cover_T661 2
Cover_T662 -4
Cover_T663 6
Cover_T664 4
Cover_T665 -6
Cover_T666 -12
Cover_T667 10
Cover_T668 0
Cover_T669 6
Cover_T670 8
Cover_T671 -6
Cover_T672 -8
Cover_T673 10
Cover_T674 -14
Cover_T675 2
Cover_T676 -30
Cover_T677 18
Cover_T678 -46
Cover_T679 6
Cover_T680 -2
Cover_T681 -2
Cover_T682 0
Cover_T683 14
Cover_T684 -6
Cover_T685 20
Cover_T686 -22
Cover_T687 36
Cover_T688 -38
Cover_T689 54
Cover_T690 -30
Cover_T691 10
Cover_T692 -46
Cover_T693 8
Cover_T694 -38
Cover_T695 16
Cover_T696 12
Cover_T697 32
Cover_T698 -1.50152e-10
Cover_T699 40
Cover_T700 -8
Cover_T701 52
Cover_T702 8
Cover_T703 56
Cover_T704 1.76468e-10
Cover_T705 44
Cover_T706 -8
Cover_T707 52
Cover_T708 8
Cover_T709 58
Cover_T710 1.87519e-10
Cover_T711 46
Cover_T712 -8
Cover_T713 52
Cover_T714 6
Cover_T715 62
Cover_T716 8
Cover_T717 4
Cover_T718 0
Cover_T719 16
Cover_T720 10
Cover_T721 20
Cover_T722 4
Cover_T723 4
Cover_T724 2
Cover_T725 16
Cover_T726 6
Cover_T727 22
Cover_T728 4
Cover_T729 22
Cover_T730 6
Cover_T731 10
Cover_T732 -8.80576e-10
Cover_T733 20
Cover_T734 -16
Cover_T735 10
Cover_T736 -34
Cover_T737 10
Cover_T738 2
Cover_T739 22
Cover_T740 -2
Cover_T741 20
Cover_T742 -10
Cover_T743 18
Cover_T744 -2
Cover_T745 44
Cover_T746 -2
Cover_T747 60
Cover_T748 -16
Cover_T749 20
Cover_T750 -8
Cover_T751 26
Cover_T752 -8
Cover_T753 36
Cover_T754 -20
Cover_T755 26
Cover_T756 -12
Cover_T757 32
Cover_T758 -28
Cover_T759 36
Cover_T760 -14
Cover_T761 32
Cover_T762 -14
Cover_T763 34
Cover_T764 -18
Cover_T765 32
Cover_T766 -24
Cover_T767 38
Cover_T768 -20
Cover_T769 34
Cover_T770 -22
Cover_T771 38
Cover_T772 -20
Cover_T773 50
Cover_T774 -24
Cover_T775 38
Cover_T776 -24
Cover_T777 36
Cover_T778 -42
Cover_T779 38
Cover_T780 -26
Cover_T781 36
Cover_T782 -40
Cover_T783 36
Cover_T784 -26
Cover_T785 34
Cover_T786 -44
Cover_T787 38
Cover_T788 -28
Cover_T789 54
Cover_T790 -28
Cover_T791 40
Cover_T792 -36
Cover_T793 58
Cover_T794 -30
Cover_T795 52
Cover_T796 -36
Cover_T797 44
Cover_T798 -36
Cover_T799 46
Cover_T800 -34
Cover_T801 38
Cover_T802 -34
Cover_T803 44
Cover_T804 -36
Cover_T805 44
Cover_T806 -34
Cover_T807 46
Cover_T808 -34
Cover_T809 46
Cover_T810 -36
Cover_T811 54
Cover_T812 -36
Cover_T813 50
Cover_T814 -38
Cover_T815 66
Cover_T816 -38
Cover_T817 58
Cover_T818 -40
Cover_T819 66
Cover_T820 -42
Cover_T821 62
Cover_T822 -42
Cover_T823 58
Cover_T824 -46
Cover_T825 58
Cover_T826 -46
Cover_T827 58
Cover_T828 4
Cover_T829 -2
Cover_T830 8
Cover_T831 0
Cover_T832 8
Cover_T833 -2
Cover_T834 16
Cover_T835 -5.15001e-11
Cover_T836 10
Cover_T837 5.17897e-12
Cover_T838 6
Cover_T839 0
Cover_T840 12
Cover_T841 0
Cover_T842 62
Cover_T843 14
Cover_T844 1044
Cover_T845 14
Cover_T846 1032
Cover_T847 1034
Cover_T848 1042
Cover_T849 1022
Cover_T850 1080
Cover_T851 1024
Cover_T852 1064
Cover_T853 1034
Cover_T854 1086
Cover_T855 984
Cover_T856 1068
Cover_T857 0
Cover_T858 1068
Cover_T859 12
Cover_T860 60
Cover_T861 0
Cover_T862 60
Cover_T863 -28
Cover_T864 50
Cover_T865 -34
Cover_T866 22
Cover_T867 -22
Cover_T868 52
Cover_T869 54
Cover_T870 22
Cover_T871 60
Cover_T872 -2
Cover_T873 56
Cover_T874 -28
Cover_T875 56
Cover_T876 28
Cover_T877 2
Cover_T878 18
Cover_T879 26
Cover_T880 0
Cover_T881 44
Cover_T882 16
Cover_T883 60
Cover_T884 12
Cover_T885 0
Cover_T886 0
Cover_T887 0
Cover_T888 16
Cover_T889 20
Cover_T890 0
Cover_T891 0
Cover_T892 18
Cover_T893 0
Cover_T894 0
Cover_T895 16
Cover_T896 18
Cover_T897 0
Cover_T898 0
Cover_T899 10
Cover_T900 0
Cover_T901 0
Cover_T902 40
Cover_T903 10
Cover_T904 20
Cover_T905 0
Cover_T906 30
Cover_T907 10
Cover_T908 18
Cover_T909 22
Cover_T910 36
Cover_T911 8
Cover_T912 28
Cover_T913 16
Cover_T914 20
Cover_T915 4.61176e-10
Count_D0 -984
Count_D1 -1000
Max_H0_P0 0
Max_H0_P1 0
Max_H0_P2 0
Max_H0_P3 0
Max_H0_P4 0
Max_H0_P5 -8.2256e-11
Max_H0_P6 2.99508e-11
Max_H0_P7 0
Max_H0_P8 0
Max_H0_P9 0
Max_H0_P10 -9.12275e-11
Max_H0_P11 0
Max_H0_P12 0
Max_H0_P13 0
Max_H0_P14 0
Max_H0_P15 -1.62366e-10
Max_H0_P16 -1.70796e-10
Max_H0_P17 -1.58353e-10
Max_H0_P18 -7.11184e-11
Max_H0_P19 -1.05127e-10
Max_H0_P20 -8.95054e-11
Max_H0_P21 -1.80345e-11
Max_H0_P22 -4.23832e-11
Max_H0_P23 -4.55165e-11
Max_H0_P24 -9.09833e-11
Max_H0_P25 -2.47837e-11
Max_H0_P26 -1.32284e-10
Max_H0_P27 8.49871e-11
Max_H0_P28 6.69509e-12
Max_H0_P29 1.02354e-11
Max_H0_P30 -3.68345e-11
Max_H0_P31 -5.0063e-11
Max_H0_P32 4.32969e-11
Max_H0_P33 -2.84954e-11
Max_H0_P34 -3.94786e-11
Max_H0_P35 -2.38032e-11
Max_H0_P36 2.67078e-12
Max_H0_P37 -2.98428e-11
Max_H0_P38 1.37277e-11
Max_H0_P39 -8.11156e-11
Max_H0_P40 1.00727e-10
Max_H0_P41 7.458e-11
Max_H0_P42 -1.30903e-10
Max_H0_P43 0
Max_H0_P44 0
Max_H0_P45 0
Max_H0_P46 0
Max_H0_P47 0
Max_H0_P48 0
Max_H0_P49 0
Max_H0_P50 0
Max_H0_P51 0
Max_H0_P52 0
Max_H0_P53 0
Max_H0_P54 0
Max_H0_P55 0
Max_H0_P56 0
Max_H0_P57 0
Max_H0_P58 0
Max_H0_P59 6.24096e-11
Max_H0_P60 0
Max_H0_P61 0
Max_H0_P62 0
Max_H0_P63 0
Max_H0_P64 0
Max_H0_P65 -6.30207e-11
Max_H0_P66 0
Max_H0_P67 0
Max_H0_P68 0
Max_H0_P69 0
Max_H0_P70 0
Max_H0_P71 0
Max_H0_P72 0
Max_H0_P73 0
Max_H0_P74 0
Max_H0_P75 0
Max_H0_P76 0
Max_H0_P77 0
Max_H0_P78 -1.36922e-11
Max_H0_P79 0
Max_H0_P80 0
Max_H0_P81 0
Max_H1_P0 0
Max_H1_P1 0
Max_H1_P2 0
Max_H1_P3 0
Max_H1_P4 -3.79772e-11
Max_H1_P5 -6.87546e-11
Max_H1_P6 6.55547e-11
Max_H1_P7 -3.7155e-11
Max_H1_P8 0
Max_H1_P9 -5.41167e-11
Max_H1_P10 0
Max_H1_P11 0
Max_H1_P12 0
Max_H1_P13 0
Max_H1_P14 0
Max_H1_P15 -9.52447e-11
Max_H1_P16 -4.02054e-10
Max_H1_P17 -1.42379e-10
Max_H1_P18 -3.93448e-11
Max_H1_P19 -5.48946e-11
Max_H1_P20 -7.76867e-11
Max_H1_P21 -1.06448e-10
Max_H1_P22 -2.23466e-11
Max_H1_P23 -1.12436e-10
Max_H1_P24 -7.47704e-11
Max_H1_P25 -6.07869e-11
Max_H1_P26 -2.60343e-11
Max_H1_P27 -3.84778e-11
Max_H1_P28 -1.73941e-11
Max_H1_P29 1.76736e-11
Max_H1_P30 6.14495e-11
Max_H1_P31 -3.61773e-11
Max_H1_P32 1.13971e-11
Max_H1_P33 3.98837e-12
Max_H1_P34 2.31424e-11
Max_H1_P35 -5.40608e-11
Max_H1_P36 -2.11324e-11
Max_H1_P37 -7.38986e-11
Max_H1_P38 -7.10454e-12
Max_H1_P39 -2.25261e-12
Max_H1_P40 1.8634e-11
Max_H1_P41 1.53076e-10
Max_H1_P42 -2.00527e-11
Max_H1_P43 0
Max_H1_P44 0
Max_H1_P45 0
Max_H1_P46 0
Max_H1_P47 0
Max_H1_P48 0
Max_H1_P49 4.83623e-11
Max_H1_P50 0
Max_H1_P51 0
Max_H1_P52 0
Max_H1_P53 0
Max_H1_P54 0
Max_H1_P55 0
Max_H1_P56 1.47828e-11
Max_H1_P57 0
Max_H1_P58 0
Max_H1_P59 0
Max_H1_P60 7.94605e-11
Max_H1_P61 -2.05294e-11
Max_H1_P62 -9.4521e-11
Max_H1_P63 0
Max_H1_P64 -5.60725e-11
Max_H1_P65 0
Max_H1_P66 0
Max_H1_P67 7.29212e-11
Max_H1_P68 0
Max_H1_P69 0
Max_H1_P70 0
Max_H1_P71 0
Max_H1_P72 0
Max_H1_P73 0
Max_H1_P74 0
Max_H1_P75 0
Max_H1_P76 0
Max_H1_P77 -1.0246e-10
Max_H1_P78 7.97814e-11
Max_H1_P79 6.0929e-12
Max_H1_P80 0
Max_H1_P81 0
