Cover_T0 52
Cover_T1 -52
Cover_T2 52
Cover_T3 -52
Cover_T4 52
Cover_T5 -52
Cover_T6 52
Cover_T7 -52
Cover_T8 52
Cover_T9 -52
Cover_T10 52
Cover_T11 -52
Cover_T12 52
Cover_T13 -52
Cover_T14 52
Cover_T15 -52
Cover_T16 52
Cover_T17 -52
Cover_T18 52
Cover_T19 -52
Cover_T20 52
Cover_T21 -52
Cover_T22 52
Cover_T23 -52
Cover_T24 52
Cover_T25 -52
Cover_T26 52
Cover_T27 -52
Cover_T28 52
Cover_T29 -52
Cover_T30 52
Cover_T31 -48
Cover_T32 54
Cover_T33 -50
Cover_T34 52
Cover_T35 -48
Cover_T36 52
Cover_T37 -50
Cover_T38 56
Cover_T39 -48
Cover_T40 56
Cover_T41 -48
Cover_T42 52
Cover_T43 -46
Cover_T44 56
Cover_T45 -44
Cover_T46 56
Cover_T47 -44
Cover_T48 52
Cover_T49 -46
Cover_T50 54
Cover_T51 -44
Cover_T52 50
Cover_T53 -46
Cover_T54 50
Cover_T55 -46
Cover_T56 54
Cover_T57 -44
Cover_T58 46
Cover_T59 -42
Cover_T60 46
Cover_T61 -42
Cover_T62 54
Cover_T63 -38
Cover_T64 66
Cover_T65 -34
Cover_T66 58
Cover_T67 -42
Cover_T68 54
Cover_T69 1.14751e-09
Cover_T70 50
Cover_T71 8
Cover_T72 58
Cover_T73 1.7053e-11
Cover_T74 50
Cover_T75 28
Cover_T76 46
Cover_T77 14
Cover_T78 1036
Cover_T79 988
Cover_T80 1036
Cover_T81 976
Cover_T82 1040
Cover_T83 982
Cover_T84 998
Cover_T85 992
Cover_T86 990
Cover_T87 992
Cover_T88 998
Cover_T89 984
Cover_T90 998
Cover_T91 992
Cover_T92 978
Cover_T93 992
Cover_T94 986
Cover_T95 4
Cover_T96 6
Cover_T97 -8
Cover_T98 2
Cover_T99 4
Cover_T100 10
Cover_T101 1.50862e-09
Cover_T102 0
Cover_T103 6
Cover_T104 8
Cover_T105 10
Cover_T106 8
Cover_T107 -2
Cover_T108 6
Cover_T109 4
Cover_T110 -4
Cover_T111 4
Cover_T112 8
Cover_T113 6
Cover_T114 8
Cover_T115 2
Cover_T116 8
Cover_T117 -2
Cover_T118 8
Cover_T119 14
Cover_T120 6
Cover_T121 2
Cover_T122 8
Cover_T123 0
Cover_T124 -2
Cover_T125 -6
Cover_T126 -14
Cover_T127 1.06092e-09
Cover_T128 -34
Cover_T129 -6.95763e-11
Cover_T130 8
Cover_T131 10
Cover_T132 -12
Cover_T133 22
Cover_T134 -32
Cover_T135 42
Cover_T136 2
Cover_T137 1.45848e-09
Cover_T138 2
Cover_T139 20
Cover_T140 8
Cover_T141 40
Cover_T142 8
Cover_T143 6
Cover_T144 8
Cover_T145 2
Cover_T146 0
Cover_T147 0
Cover_T148 0
Cover_T149 2.55618e-09
Cover_T150 -14
Cover_T151 -6.89795e-11
Cover_T152 -34
Cover_T153 8
Cover_T154 -34
Cover_T155 8
Cover_T156 8
Cover_T157 22
Cover_T158 2
Cover_T159 34
Cover_T160 4
Cover_T161 46
Cover_T162 0
Cover_T163 38
Cover_T164 4
Cover_T165 50
Cover_T166 -8
Cover_T167 0
Cover_T168 -20
Cover_T169 2
Cover_T170 -32
Cover_T171 0
Cover_T172 -44
Cover_T173 4
Cover_T174 8
Cover_T175 -1.50998e-08
Cover_T176 -4
Cover_T177 12
Cover_T178 -2
Cover_T179 32
Cover_T180 1.22748e-09
Cover_T181 52
Cover_T182 -20
Cover_T183 8
Cover_T184 -40
Cover_T185 10
Cover_T186 -36
Cover_T187 8
Cover_T188 -40
Cover_T189 28
Cover_T190 -48
Cover_T191 42
Cover_T192 2
Cover_T193 54
Cover_T194 8
Cover_T195 44
Cover_T196 0
Cover_T197 56
Cover_T198 2
Cover_T199 52
Cover_T200 6
Cover_T201 58
Cover_T202 8
Cover_T203 8
Cover_T204 0
Cover_T205 2
Cover_T206 8
Cover_T207 10
Cover_T208 2
Cover_T209 8
Cover_T210 6
Cover_T211 8
Cover_T212 0
Cover_T213 4
Cover_T214 0
Cover_T215 14
Cover_T216 4
Cover_T217 6
Cover_T218 0
Cover_T219 12
Cover_T220 -2
Cover_T221 6
Cover_T222 2
Cover_T223 16
Cover_T224 2.8019e-09
Cover_T225 14
Cover_T226 -12
Cover_T227 10
Cover_T228 -24
Cover_T229 14
Cover_T230 -42
Cover_T231 10
Cover_T232 -6
Cover_T233 10
Cover_T234 -22
Cover_T235 26
Cover_T236 -38
Cover_T237 44
Cover_T238 -8
Cover_T239 60
Cover_T240 -6
Cover_T241 24
Cover_T242 -6
Cover_T243 40
Cover_T244 -6
Cover_T245 56
Cover_T246 -16
Cover_T247 12
Cover_T248 -8
Cover_T249 18
Cover_T250 -12
Cover_T251 20
Cover_T252 -30
Cover_T253 12
Cover_T254 -12
Cover_T255 28
Cover_T256 -10
Cover_T257 20
Cover_T258 -10
Cover_T259 24
Cover_T260 -10
Cover_T261 40
Cover_T262 -14
Cover_T263 22
Cover_T264 -10
Cover_T265 20
Cover_T266 -20
Cover_T267 16
Cover_T268 -36
Cover_T269 20
Cover_T270 -52
Cover_T271 24
Cover_T272 -44
Cover_T273 20
Cover_T274 -10
Cover_T275 32
Cover_T276 -10
Cover_T277 44
Cover_T278 -14
Cover_T279 56
Cover_T280 -16
Cover_T281 44
Cover_T282 -28
Cover_T283 56
Cover_T284 -40
Cover_T285 22
Cover_T286 -44
Cover_T287 22
Cover_T288 -36
Cover_T289 26
Cover_T290 -32
Cover_T291 28
Cover_T292 -44
Cover_T293 40
Cover_T294 -26
Cover_T295 56
Cover_T296 -42
Cover_T297 60
Cover_T298 -18
Cover_T299 54
Cover_T300 -18
Cover_T301 50
Cover_T302 -18
Cover_T303 62
Cover_T304 -18
Cover_T305 54
Cover_T306 -18
Cover_T307 66
Cover_T308 -18
Cover_T309 42
Cover_T310 -24
Cover_T311 42
Cover_T312 -24
Cover_T313 44
Cover_T314 -20
Cover_T315 48
Cover_T316 -38
Cover_T317 52
Cover_T318 -34
Cover_T319 56
Cover_T320 -30
Cover_T321 52
Cover_T322 -36
Cover_T323 54
Cover_T324 -40
Cover_T325 66
Cover_T326 -40
Cover_T327 62
Cover_T328 -40
Cover_T329 54
Cover_T330 52
Cover_T331 -52
Cover_T332 52
Cover_T333 -52
Cover_T334 52
Cover_T335 -52
Cover_T336 52
Cover_T337 -52
Cover_T338 52
Cover_T339 -52
Cover_T340 52
Cover_T341 -48
Cover_T342 56
Cover_T343 -48
Cover_T344 54
Cover_T345 -48
Cover_T346 56
Cover_T347 -48
Cover_T348 54
Cover_T349 -44
Cover_T350 56
Cover_T351 -44
Cover_T352 54
Cover_T353 -44
Cover_T354 54
Cover_T355 -46
Cover_T356 54
Cover_T357 -44
Cover_T358 50
Cover_T359 -44
Cover_T360 50
Cover_T361 -40
Cover_T362 54
Cover_T363 -38
Cover_T364 68
Cover_T365 -34
Cover_T366 62
Cover_T367 -42
Cover_T368 54
Cover_T369 0
Cover_T370 50
Cover_T371 8
Cover_T372 58
Cover_T373 0
Cover_T374 50
Cover_T375 24
Cover_T376 46
Cover_T377 0
Cover_T378 1036
Cover_T379 976
Cover_T380 1036
Cover_T381 988
Cover_T382 1002
Cover_T383 986
Cover_T384 994
Cover_T385 980
Cover_T386 1002
Cover_T387 988
Cover_T388 974
Cover_T389 988
Cover_T390 974
Cover_T391 -6
Cover_T392 14
Cover_T393 6
Cover_T394 4
Cover_T395 -6
Cover_T396 8
Cover_T397 -2
Cover_T398 -8
Cover_T399 2
Cover_T400 0
Cover_T401 -2
Cover_T402 0
Cover_T403 2
Cover_T404 4
Cover_T405 1.46258e-10
Cover_T406 2
Cover_T407 12
Cover_T408 4
Cover_T409 8
Cover_T410 6
Cover_T411 6
Cover_T412 -10
Cover_T413 9.67702e-10
Cover_T414 4
Cover_T415 4
Cover_T416 -10
Cover_T417 10
Cover_T418 -2
Cover_T419 -4
Cover_T420 4.13207e-11
Cover_T421 10
Cover_T422 6
Cover_T423 2
Cover_T424 2
Cover_T425 2
Cover_T426 6
Cover_T427 2
Cover_T428 0
Cover_T429 2
Cover_T430 -8
Cover_T431 4
Cover_T432 -24
Cover_T433 -6.45031e-10
Cover_T434 -40
Cover_T435 6
Cover_T436 6
Cover_T437 14
Cover_T438 -10
Cover_T439 32
Cover_T440 -30
Cover_T441 52
Cover_T442 -5.8305e-10
Cover_T443 10
Cover_T444 4
Cover_T445 30
Cover_T446 -4.72889e-10
Cover_T447 6.5386e-10
Cover_T448 1.02887e-10
Cover_T449 -4
Cover_T450 -9.04921e-10
Cover_T451 5.15273e-10
Cover_T452 2.07194e-11
Cover_T453 1.27648e-10
Cover_T454 -9.50422e-11
Cover_T455 0
Cover_T456 -12
Cover_T457 -1.65272e-10
Cover_T458 -32
Cover_T459 0
Cover_T460 -52
Cover_T461 12
Cover_T462 -52
Cover_T463 32
Cover_T464 5.73972e-11
Cover_T465 52
Cover_T466 -6
Cover_T467 52
Cover_T468 -2
Cover_T469 0
Cover_T470 -22
Cover_T471 6
Cover_T472 -42
Cover_T473 2
Cover_T474 2
Cover_T475 18
Cover_T476 8
Cover_T477 30
Cover_T478 -4
Cover_T479 42
Cover_T480 0
Cover_T481 0
Cover_T482 -6
Cover_T483 2
Cover_T484 -18
Cover_T485 -4
Cover_T486 -30
Cover_T487 8
Cover_T488 -42
Cover_T489 4
Cover_T490 -30
Cover_T491 10
Cover_T492 -42
Cover_T493 22
Cover_T494 -38
Cover_T495 38
Cover_T496 -50
Cover_T497 36
Cover_T498 0
Cover_T499 40
Cover_T500 6
Cover_T501 50
Cover_T502 2
Cover_T503 6
Cover_T504 4.20831e-09
Cover_T505 0
Cover_T506 8
Cover_T507 6
Cover_T508 0
Cover_T509 14
Cover_T510 6
Cover_T511 8
Cover_T512 4
Cover_T513 14
Cover_T514 0
Cover_T515 2
Cover_T516 -2
Cover_T517 12
Cover_T518 2
Cover_T519 6
Cover_T520 0
Cover_T521 10
Cover_T522 0
Cover_T523 10
Cover_T524 -6
Cover_T525 16
Cover_T526 -18
Cover_T527 6
Cover_T528 -38
Cover_T529 12
Cover_T530 -2
Cover_T531 18
Cover_T532 -18
Cover_T533 34
Cover_T534 -38
Cover_T535 50
Cover_T536 -6
Cover_T537 16
Cover_T538 -6
Cover_T539 32
Cover_T540 -6
Cover_T541 46
Cover_T542 -8
Cover_T543 18
Cover_T544 -18
Cover_T545 18
Cover_T546 -14
Cover_T547 10
Cover_T548 -24
Cover_T549 20
Cover_T550 -10
Cover_T551 16
Cover_T552 -12
Cover_T553 24
Cover_T554 -10
Cover_T555 40
Cover_T556 -14
Cover_T557 22
Cover_T558 -18
Cover_T559 20
Cover_T560 -14
Cover_T561 16
Cover_T562 -24
Cover_T563 20
Cover_T564 -40
Cover_T565 24
Cover_T566 -32
Cover_T567 20
Cover_T568 -48
Cover_T569 28
Cover_T570 -10
Cover_T571 44
Cover_T572 -10
Cover_T573 56
Cover_T574 -14
Cover_T575 44
Cover_T576 -16
Cover_T577 56
Cover_T578 -28
Cover_T579 18
Cover_T580 -40
Cover_T581 22
Cover_T582 -44
Cover_T583 26
Cover_T584 -36
Cover_T585 28
Cover_T586 -32
Cover_T587 40
Cover_T588 -44
Cover_T589 52
Cover_T590 -30
Cover_T591 60
Cover_T592 -34
Cover_T593 60
Cover_T594 -42
Cover_T595 52
Cover_T596 -18
Cover_T597 66
Cover_T598 -22
Cover_T599 50
Cover_T600 -18
Cover_T601 62
Cover_T602 -18
Cover_T603 44
Cover_T604 -26
Cover_T605 44
Cover_T606 -22
Cover_T607 66
Cover_T608 -22
Cover_T609 38
Cover_T610 -32
Cover_T611 42
Cover_T612 -20
Cover_T613 42
Cover_T614 -24
Cover_T615 42
Cover_T616 -36
Cover_T617 42
Cover_T618 -24
Cover_T619 44
Cover_T620 -30
Cover_T621 44
Cover_T622 -30
Cover_T623 44
Cover_T624 -42
Cover_T625 52
Cover_T626 -34
Cover_T627 56
Cover_T628 -32
Cover_T629 48
Cover_T630 -36
Cover_T631 56
Cover_T632 -36
Cover_T633 68
Cover_T634 -40
Cover_T635 60
Cover_T636 -44
Cover_T637 56
Cover_T638 -40
Cover_T639 56
Cover_T640 -48
Cover_T641 54
Cover_T642 -44
Cover_T643 56
Cover_T644 -44
Cover_T645 54
Cover_T646 -44
Cover_T647 54
Cover_T648 -48
Cover_T649 54
Cover_T650 -44
Cover_T651 54
Cover_T652 -44
Cover_T653 60
Cover_T654 -36
Cover_T655 70
Cover_T656 -36
Cover_T657 58
Cover_T658 2
Cover_T659 54
Cover_T660 8
Cover_T661 60
Cover_T662 9.70442e-11
Cover_T663 54
Cover_T664 28
Cover_T665 54
Cover_T666 20
Cover_T667 1044
Cover_T668 988
Cover_T669 1036
Cover_T670 992
Cover_T671 1044
Cover_T672 986
Cover_T673 1040
Cover_T674 972
Cover_T675 1036
Cover_T676 980
Cover_T677 1044
Cover_T678 988
Cover_T679 994
Cover_T680 988
Cover_T681 994
Cover_T682 980
Cover_T683 1002
Cover_T684 986
Cover_T685 966
Cover_T686 988
Cover_T687 980
Cover_T688 -6
Cover_T689 4
Cover_T690 6
Cover_T691 2
Cover_T692 -6
Cover_T693 6
Cover_T694 -2
Cover_T695 6
Cover_T696 2
Cover_T697 8
Cover_T698 -2
Cover_T699 10
Cover_T700 2
Cover_T701 -2
Cover_T702 0
Cover_T703 -1.55553e-09
Cover_T704 12
Cover_T705 6
Cover_T706 8
Cover_T707 8
Cover_T708 6
Cover_T709 2
Cover_T710 2
Cover_T711 -10
Cover_T712 4
Cover_T713 6
Cover_T714 0
Cover_T715 8
Cover_T716 -2
Cover_T717 -2
Cover_T718 10
Cover_T719 2
Cover_T720 2
Cover_T721 6
Cover_T722 1.58885e-09
Cover_T723 8
Cover_T724 6
Cover_T725 -4
Cover_T726 18
Cover_T727 4
Cover_T728 2
Cover_T729 -2.0944e-10
Cover_T730 2
Cover_T731 -8
Cover_T732 2
Cover_T733 -24
Cover_T734 2
Cover_T735 -40
Cover_T736 4
Cover_T737 6
Cover_T738 0
Cover_T739 -10
Cover_T740 6
Cover_T741 -26
Cover_T742 14
Cover_T743 8
Cover_T744 28
Cover_T745 0
Cover_T746 40
Cover_T747 8
Cover_T748 52
Cover_T749 0
Cover_T750 2
Cover_T751 0
Cover_T752 14
Cover_T753 8
Cover_T754 26
Cover_T755 6
Cover_T756 38
Cover_T757 4
Cover_T758 0
Cover_T759 2
Cover_T760 8
Cover_T761 1.31594e-10
Cover_T762 2.98519e-09
Cover_T763 8
Cover_T764 3.66274e-10
Cover_T765 -4
Cover_T766 0
Cover_T767 -24
Cover_T768 1.15023e-09
Cover_T769 -44
Cover_T770 0
Cover_T771 -44
Cover_T772 1.46034e-10
Cover_T773 8
Cover_T774 12
Cover_T775 2
Cover_T776 32
Cover_T777 6
Cover_T778 52
Cover_T779 -14
Cover_T780 52
Cover_T781 -34
Cover_T782 -2.51446e-10
Cover_T783 -1.21823e-11
Cover_T784 6
Cover_T785 8
Cover_T786 2
Cover_T787 4
Cover_T788 20
Cover_T789 -6
Cover_T790 36
Cover_T791 -22
Cover_T792 52
Cover_T793 -38
Cover_T794 4
Cover_T795 -30
Cover_T796 2
Cover_T797 -46
Cover_T798 2
Cover_T799 -46
Cover_T800 12
Cover_T801 8
Cover_T802 30
Cover_T803 4
Cover_T804 36
Cover_T805 6
Cover_T806 48
Cover_T807 2
Cover_T808 56
Cover_T809 6
Cover_T810 36
Cover_T811 0
Cover_T812 48
Cover_T813 0
Cover_T814 56
Cover_T815 0
Cover_T816 46
Cover_T817 6
Cover_T818 58
Cover_T819 2
Cover_T820 58
Cover_T821 0
Cover_T822 2
Cover_T823 6
Cover_T824 4
Cover_T825 4
Cover_T826 2
Cover_T827 0
Cover_T828 10
Cover_T829 6
Cover_T830 6
Cover_T831 4
Cover_T832 12
Cover_T833 2
Cover_T834 12
Cover_T835 4
Cover_T836 6
Cover_T837 2
Cover_T838 10
Cover_T839 2
Cover_T840 14
Cover_T841 -2
Cover_T842 12
Cover_T843 -18
Cover_T844 16
Cover_T845 -34
Cover_T846 16
Cover_T847 2
Cover_T848 10
Cover_T849 -16
Cover_T850 8
Cover_T851 -26
Cover_T852 12
Cover_T853 -38
Cover_T854 20
Cover_T855 -2
Cover_T856 32
Cover_T857 -4
Cover_T858 46
Cover_T859 -8
Cover_T860 58
Cover_T861 -6
Cover_T862 18
Cover_T863 -6
Cover_T864 30
Cover_T865 -6
Cover_T866 42
Cover_T867 -18
Cover_T868 54
Cover_T869 -8
Cover_T870 16
Cover_T871 -8
Cover_T872 10
Cover_T873 -20
Cover_T874 10
Cover_T875 -32
Cover_T876 18
Cover_T877 -10
Cover_T878 14
Cover_T879 -10
Cover_T880 18
Cover_T881 -18
Cover_T882 30
Cover_T883 -10
Cover_T884 18
Cover_T885 -10
Cover_T886 18
Cover_T887 -10
Cover_T888 34
Cover_T889 -10
Cover_T890 20
Cover_T891 -24
Cover_T892 22
Cover_T893 -44
Cover_T894 10
Cover_T895 -40
Cover_T896 18
Cover_T897 -10
Cover_T898 18
Cover_T899 -10
Cover_T900 36
Cover_T901 -20
Cover_T902 56
Cover_T903 -40
Cover_T904 52
Cover_T905 -32
Cover_T906 26
Cover_T907 -40
Cover_T908 28
Cover_T909 -26
Cover_T910 36
Cover_T911 -10
Cover_T912 62
Cover_T913 -14
Cover_T914 66
Cover_T915 -14
Cover_T916 58
Cover_T917 -14
Cover_T918 56
Cover_T919 -14
Cover_T920 72
Cover_T921 -14
Cover_T922 56
Cover_T923 -18
Cover_T924 70
Cover_T925 -18
Cover_T926 48
Cover_T927 -20
Cover_T928 44
Cover_T929 -20
Cover_T930 52
Cover_T931 -28
Cover_T932 56
Cover_T933 -30
Cover_T934 56
Cover_T935 -30
Cover_T936 44
Cover_T937 -30
Cover_T938 60
Cover_T939 -30
Cover_T940 60
Cover_T941 -32
Cover_T942 56
Cover_T943 -36
Cover_T944 56
Cover_T945 -36
Cover_T946 68
Cover_T947 -40
Cover_T948 60
Cover_T949 -44
Cover_T950 56
Cover_T951 -40
Cover_T952 10
Cover_T953 -2.18578e-10
Cover_T954 10
Cover_T955 4
Cover_T956 10
Cover_T957 4
Cover_T958 6
Cover_T959 4
Cover_T960 6
Cover_T961 2
Cover_T962 22
Cover_T963 2
Cover_T964 14
Cover_T965 4
Cover_T966 14
Cover_T967 8
Cover_T968 2
Cover_T969 8
Cover_T970 38
Cover_T971 8
Cover_T972 32
Cover_T973 48
Cover_T974 22
Cover_T975 56
Cover_T976 16
Cover_T977 34
Cover_T978 8
Cover_T979 34
Cover_T980 20
Cover_T981 70
Cover_T982 12
Cover_T983 54
Cover_T984 1084
Cover_T985 1040
Cover_T986 1082
Cover_T987 1040
Cover_T988 1070
Cover_T989 1004
Cover_T990 1084
Cover_T991 1012
Cover_T992 1034
Cover_T993 1016
Cover_T994 1036
Cover_T995 1028
Cover_T996 1044
Cover_T997 1036
Cover_T998 1008
Cover_T999 1020
Cover_T1000 1008
Cover_T1001 1028
Cover_T1002 20
Cover_T1003 -42
Cover_T1004 4
Cover_T1005 -36
Cover_T1006 52
Cover_T1007 -42
Cover_T1008 54
Cover_T1009 -22
Cover_T1010 54
Cover_T1011 -2
Cover_T1012 52
Cover_T1013 18
Cover_T1014 0
Cover_T1015 54
Cover_T1016 28
Cover_T1017 56
Cover_T1018 24
Cover_T1019 54
Cover_T1020 20
Cover_T1021 58
Cover_T1022 18
Cover_T1023 24
Cover_T1024 0
Cover_T1025 0
Cover_T1026 0
Cover_T1027 0
Cover_T1028 0
Cover_T1029 0
Cover_T1030 0
Cover_T1031 0
Cover_T1032 14
Cover_T1033 16
Cover_T1034 0
Cover_T1035 12
Cover_T1036 0
Cover_T1037 8
Cover_T1038 2
Cover_T1039 8
Cover_T1040 0
Cover_T1041 0
Cover_T1042 16
Cover_T1043 12
Cover_T1044 46
Cover_T1045 18
Cover_T1046 46
Cover_T1047 22
Cover_T1048 22
Cover_T1049 26
Cover_T1050 40
Cover_T1051 10
Cover_T1052 28
Cover_T1053 -18
Cover_T1054 40
Cover_T1055 0
Count_D0 -984
Count_D1 -1000
Max_H0_P0 0
Max_H0_P1 0
Max_H0_P2 0
Max_H0_P3 0
Max_H0_P4 0
Max_H0_P5 -7.11644e-11
Max_H0_P6 0
Max_H0_P7 -4.47617e-11
Max_H0_P8 0
Max_H0_P9 0
Max_H0_P10 0
Max_H0_P11 0
Max_H0_P12 0
Max_H0_P13 0
Max_H0_P14 0
Max_H0_P15 -2
Max_H0_P16 4.02303e-09
Max_H0_P17 6.25278e-12
Max_H0_P18 -1.0869e-10
Max_H0_P19 -7.55094e-11
Max_H0_P20 -2.7627e-10
Max_H0_P21 -2.78221e-10
Max_H0_P22 -2.21921e-10
Max_H0_P23 -1.70791e-10
Max_H0_P24 -2.03002e-10
Max_H0_P25 -3.61052e-11
Max_H0_P26 -2.43462e-10
Max_H0_P27 -1.35799e-10
Max_H0_P28 -1.97225e-10
Max_H0_P29 -3.35478e-11
Max_H0_P30 -3.24181e-11
Max_H0_P31 7.3118e-11
Max_H0_P32 -3.31752e-11
Max_H0_P33 2.76237e-11
Max_H0_P34 -1.51411e-10
Max_H0_P35 -2.67891e-10
Max_H0_P36 -3.01753e-10
Max_H0_P37 1.20158e-10
Max_H0_P38 -1.24567e-10
Max_H0_P39 1.17097e-11
Max_H0_P40 1.53269e-10
Max_H0_P41 1.20679e-10
Max_H0_P42 6.73808e-11
Max_H0_P43 0
Max_H0_P44 0
Max_H0_P45 0
Max_H0_P46 0
Max_H0_P47 0
Max_H0_P48 0
Max_H0_P49 0
Max_H0_P50 -6.95763e-11
Max_H0_P51 -1.45996e-10
Max_H0_P52 -1.75824e-10
Max_H0_P53 0
Max_H0_P54 0
Max_H0_P55 3.27688e-10
Max_H0_P56 1.62734e-11
Max_H0_P57 1.76598e-10
Max_H0_P58 1.7867e-10
Max_H0_P59 -2.63981e-10
Max_H0_P60 -1.27586e-11
Max_H0_P61 -4.88285e-11
Max_H0_P62 -2.00998e-10
Max_H0_P63 1.99983e-11
Max_H0_P64 -3.15891e-10
Max_H0_P65 1.05061e-10
Max_H0_P66 0
Max_H0_P67 0
Max_H0_P68 0
Max_H0_P69 0
Max_H0_P70 0
Max_H0_P71 0
Max_H0_P72 0
Max_H0_P73 0
Max_H0_P74 0
Max_H0_P75 0
Max_H0_P76 0
Max_H0_P77 1.02818e-09
Max_H0_P78 -7.33047e-10
Max_H0_P79 0
Max_H0_P80 -3.30132e-10
Max_H0_P81 0
Max_H1_P0 0
Max_H1_P1 0
Max_H1_P2 1.72893e-10
Max_H1_P3 -8.46835e-11
Max_H1_P4 9.49147e-11
Max_H1_P5 -1.61197e-10
Max_H1_P6 -1.29543e-11
Max_H1_P7 -1.28426e-10
Max_H1_P8 0
Max_H1_P9 6.57504e-11
Max_H1_P10 1.74861e-11
Max_H1_P11 0
Max_H1_P12 0
Max_H1_P13 0
Max_H1_P14 0
Max_H1_P15 -2
Max_H1_P16 3.89872e-09
Max_H1_P17 2.11805e-10
Max_H1_P18 2.93249e-10
Max_H1_P19 2.67956e-11
Max_H1_P20 -7.50475e-11
Max_H1_P21 -1.34906e-10
Max_H1_P22 -6.3452e-11
Max_H1_P23 -6.09219e-11
Max_H1_P24 -2.03593e-10
Max_H1_P25 -1.06038e-10
Max_H1_P26 -7.24185e-11
Max_H1_P27 -8.31751e-11
Max_H1_P28 1.29041e-12
Max_H1_P29 -1.90492e-10
Max_H1_P30 -3.89466e-11
Max_H1_P31 -2.54843e-10
Max_H1_P32 -6.77532e-11
Max_H1_P33 -5.8904e-12
Max_H1_P34 -1.45586e-10
Max_H1_P35 -2.14033e-10
Max_H1_P36 -1.24861e-10
Max_H1_P37 5.1333e-11
Max_H1_P38 -4.57514e-11
Max_H1_P39 -1.10106e-10
Max_H1_P40 1.08449e-10
Max_H1_P41 6.14614e-11
Max_H1_P42 1.50248e-10
Max_H1_P43 2.84563e-11
Max_H1_P44 0
Max_H1_P45 -1.73197e-10
Max_H1_P46 0
Max_H1_P47 4.23435e-10
Max_H1_P48 7.47537e-10
Max_H1_P49 0
Max_H1_P50 0
Max_H1_P51 0
Max_H1_P52 -2.76534e-10
Max_H1_P53 -3.7474e-11
Max_H1_P54 5.79483e-11
Max_H1_P55 0
Max_H1_P56 -3.87566e-11
Max_H1_P57 2.20355e-10
Max_H1_P58 -3.26571e-11
Max_H1_P59 -1.97398e-10
Max_H1_P60 1.14121e-10
Max_H1_P61 -2.33738e-10
Max_H1_P62 -6.28347e-10
Max_H1_P63 0
Max_H1_P64 -2.78989e-10
Max_H1_P65 0
Max_H1_P66 0
Max_H1_P67 0
Max_H1_P68 0
Max_H1_P69 0
Max_H1_P70 0
Max_H1_P71 0
Max_H1_P72 0
Max_H1_P73 0
Max_H1_P74 0
Max_H1_P75 0
Max_H1_P76 0
Max_H1_P77 -4.22418e-11
Max_H1_P78 -6.45969e-10
Max_H1_P79 5.67379e-10
Max_H1_P80 0
Max_H1_P81 0
