
Branch and bound

  Entire solving process        :                           (Time   2962.3)
  No feasible solution was found
  Best relaxation cost          :     76423.00 (Node     0) (Time   2962.3)
  Lower bound after cuts        :     76423.00
  End lower bound               :     76423.00
  Deepest level reached         : 0
  Deepest real level reached    : 0
  Number of real nodes solved   : 1
  Stopping condition            : enough nodes explored

Problem identification

  Problem                       : <null>
  Machine                       : oslo1.gerad.lan

Solving process summary

  Linear relaxations            :        1
  Column generation iterations  :      264
  Shortest paths solved         :     6028
  Columns generated             :    70612

Instance characteristics

  Resources                     : 3
  Node types                    : no
  Arc types                     : no
  Strong resource windows       : no
  Weak resource windows         : no
  Resource windows (nodes)      : 3
  Resource values (arcs)        : 3
  Values on nodes               : no

  Rows                          : 1222
  Initial columns               : 2
  Tasks                         : 1060
  Strong tasks                  : 1056
  Weak tasks                    : 4
  Initial task constraints      : no
  Nodes                         : 1388
  Arc sets                      : 1
  Arcs                          : 48990
  Networks                      : 2
  Models                        : 1

Memory used per module (Megs)

  Parser (reused)               :      9.937
  Networks                      :     39.232
  Column generator              :     18.284
  Master problem                :     11.447
  -----------------
  Total                         :     68.963

Cpu time per module (seconds)

  Parser                        :        0.1
  Preprocessor                  :        0.0
  Lr solver manager             :        0.5
  Column generator              :      233.2
    (Shortest path)             :      205.9
  Master problem                :     2728.5
  -------------------
  Total (without b&b)           :     2962.3

Real elapsed time (seconds)

  Parser                        :        0.0
  Preprocessor                  :        0.0
  Lr solver manager             :        0.4
  Column generator              :      233.3
    (Shortest path)             :      204.9
  Master problem                :     2728.5
  -------------------
  Total (without b&b)           :     2962.3
