
Branch and bound

  Entire solving process        :                           (Time    409.6)
  No feasible solution was found
  Best relaxation cost          :     60592.08 (Node     0) (Time    409.6)
  Lower bound after cuts        :     60592.08
  End lower bound               :     60592.08
  Deepest level reached         : 0
  Deepest real level reached    : 0
  Number of real nodes solved   : 1
  Stopping condition            : enough nodes explored

Problem identification

  Problem                       : <null>
  Machine                       : oslo5.gerad.lan

Solving process summary

  Linear relaxations            :        1
  Column generation iterations  :      154
  Shortest paths solved         :     4225
  Columns generated             :    44518

Instance characteristics

  Resources                     : 3
  Node types                    : no
  Arc types                     : no
  Strong resource windows       : no
  Weak resource windows         : no
  Resource windows (nodes)      : 3
  Resource values (arcs)        : 3
  Values on nodes               : no

  Rows                          : 1006
  Initial columns               : 2
  Tasks                         : 844
  Strong tasks                  : 840
  Weak tasks                    : 4
  Initial task constraints      : no
  Nodes                         : 1172
  Arc sets                      : 1
  Arcs                          : 32529
  Networks                      : 2
  Models                        : 1

Memory used per module (Megs)

  Parser (reused)               :      6.788
  Networks                      :     30.272
  Column generator              :      8.839
  Master problem                :      9.776
  -----------------
  Total                         :     48.887

Cpu time per module (seconds)

  Parser                        :        0.0
  Preprocessor                  :        0.0
  Lr solver manager             :        0.1
  Column generator              :       45.8
    (Shortest path)             :       39.7
  Master problem                :      363.7
  -------------------
  Total (without b&b)           :      409.6

Real elapsed time (seconds)

  Parser                        :        0.0
  Preprocessor                  :        0.0
  Lr solver manager             :        0.1
  Column generator              :       45.8
    (Shortest path)             :       40.2
  Master problem                :      363.7
  -------------------
  Total (without b&b)           :      409.6
