
Branch and bound

  Entire solving process        :                           (Time    155.9)
  No feasible solution was found
  Best relaxation cost          :     60506.05 (Node     0) (Time    155.9)
  Lower bound after cuts        :     60506.05
  End lower bound               :     60506.05
  Deepest level reached         : 0
  Deepest real level reached    : 0
  Number of real nodes solved   : 1
  Stopping condition            : enough nodes explored

Problem identification

  Problem                       : <null>
  Machine                       : oslo4.gerad.lan

Solving process summary

  Linear relaxations            :        1
  Column generation iterations  :      127
  Shortest paths solved         :     6707
  Columns generated             :    61287

Instance characteristics

  Resources                     : 3
  Node types                    : no
  Arc types                     : no
  Strong resource windows       : no
  Weak resource windows         : no
  Resource windows (nodes)      : 3
  Resource values (arcs)        : 3
  Values on nodes               : no

  Rows                          : 1006
  Initial columns               : 444
  Tasks                         : 844
  Strong tasks                  : 582
  Weak tasks                    : 4
  Initial task constraints      : no
  Nodes                         : 1172
  Arc sets                      : 1
  Arcs                          : 32529
  Networks                      : 2
  Models                        : 1

Memory used per module (Megs)

  Parser (reused)               :      6.788
  Networks                      :     32.209
  Column generator              :      8.718
  Master problem                :      9.753
  -----------------
  Total                         :     50.680

Cpu time per module (seconds)

  Parser                        :        0.0
  Preprocessor                  :        0.0
  Lr solver manager             :        0.2
  Column generator              :       58.0
    (Shortest path)             :       51.5
  Master problem                :       97.7
  -------------------
  Total (without b&b)           :      155.9

Real elapsed time (seconds)

  Parser                        :        0.0
  Preprocessor                  :        0.0
  Lr solver manager             :        0.1
  Column generator              :       58.1
    (Shortest path)             :       51.5
  Master problem                :       97.7
  -------------------
  Total (without b&b)           :      155.9
