Cover_T0 52
Cover_T1 -52
Cover_T2 52
Cover_T3 -52
Cover_T4 52
Cover_T5 -52
Cover_T6 52
Cover_T7 -52
Cover_T8 58
Cover_T9 -46
Cover_T10 58
Cover_T11 -46
Cover_T12 58
Cover_T13 -46
Cover_T14 52
Cover_T15 -44
Cover_T16 60
Cover_T17 -44
Cover_T18 60
Cover_T19 -44
Cover_T20 60
Cover_T21 -40
Cover_T22 52
Cover_T23 -40
Cover_T24 52
Cover_T25 -40
Cover_T26 46
Cover_T27 -32
Cover_T28 50
Cover_T29 -32
Cover_T30 52
Cover_T31 -32
Cover_T32 52
Cover_T33 932
Cover_T34 992
Cover_T35 950
Cover_T36 1030
Cover_T37 950
Cover_T38 1040
Cover_T39 952
Cover_T40 56
Cover_T41 8
Cover_T42 42
Cover_T43 -26
Cover_T44 24
Cover_T45 -32
Cover_T46 0
Cover_T47 -40
Cover_T48 0
Cover_T49 -16
Cover_T50 0
Cover_T51 8
Cover_T52 4
Cover_T53 12
Cover_T54 0
Cover_T55 0
Cover_T56 4
Cover_T57 -4
Cover_T58 0
Cover_T59 4
Cover_T60 -2.40483e-11
Cover_T61 4
Cover_T62 4
Cover_T63 -6
Cover_T64 -2
Cover_T65 0
Cover_T66 16
Cover_T67 6
Cover_T68 0
Cover_T69 -12
Cover_T70 2
Cover_T71 4
Cover_T72 0
Cover_T73 12
Cover_T74 -24
Cover_T75 16
Cover_T76 48
Cover_T77 -2
Cover_T78 24
Cover_T79 22
Cover_T80 1.6918e-10
Cover_T81 46
Cover_T82 -24
Cover_T83 -22
Cover_T84 18
Cover_T85 10
Cover_T86 5.19162e-11
Cover_T87 42
Cover_T88 -32
Cover_T89 0
Cover_T90 -30
Cover_T91 12
Cover_T92 20
Cover_T93 36
Cover_T94 -4
Cover_T95 30
Cover_T96 -5.74119e-11
Cover_T97 54
Cover_T98 -2
Cover_T99 4
Cover_T100 10
Cover_T101 0
Cover_T102 6
Cover_T103 10
Cover_T104 0
Cover_T105 0
Cover_T106 -2
Cover_T107 0
Cover_T108 8
Cover_T109 2
Cover_T110 18
Cover_T111 24
Cover_T112 44
Cover_T113 60
Cover_T114 40
Cover_T115 54
Cover_T116 16
Cover_T117 32
Cover_T118 -4.50129e-11
Cover_T119 34
Cover_T120 -8
Cover_T121 62
Cover_T122 -8
Cover_T123 52
Cover_T124 -30
Cover_T125 40
Cover_T126 -16
Cover_T127 32
Cover_T128 -24
Cover_T129 38
Cover_T130 -24
Cover_T131 32
Cover_T132 -24
Cover_T133 30
Cover_T134 -40
Cover_T135 34
Cover_T136 -40
Cover_T137 44
Cover_T138 -26
Cover_T139 44
Cover_T140 -26
Cover_T141 30
Cover_T142 -48
Cover_T143 30
Cover_T144 -32
Cover_T145 54
Cover_T146 -38
Cover_T147 42
Cover_T148 -26
Cover_T149 54
Cover_T150 -28
Cover_T151 40
Cover_T152 -38
Cover_T153 52
Cover_T154 -38
Cover_T155 66
Cover_T156 -38
Cover_T157 56
Cover_T158 -38
Cover_T159 52
Cover_T160 -52
Cover_T161 52
Cover_T162 -44
Cover_T163 54
Cover_T164 -44
Cover_T165 54
Cover_T166 -44
Cover_T167 48
Cover_T168 -44
Cover_T169 44
Cover_T170 -44
Cover_T171 44
Cover_T172 -44
Cover_T173 42
Cover_T174 -38
Cover_T175 42
Cover_T176 -38
Cover_T177 44
Cover_T178 -38
Cover_T179 40
Cover_T180 926
Cover_T181 984
Cover_T182 948
Cover_T183 1022
Cover_T184 948
Cover_T185 68
Cover_T186 6
Cover_T187 54
Cover_T188 -20
Cover_T189 18
Cover_T190 -18
Cover_T191 6
Cover_T192 -18
Cover_T193 8
Cover_T194 6
Cover_T195 8
Cover_T196 6
Cover_T197 0
Cover_T198 4
Cover_T199 0
Cover_T200 0
Cover_T201 6
Cover_T202 4
Cover_T203 6
Cover_T204 0
Cover_T205 -10
Cover_T206 4
Cover_T207 10
Cover_T208 4
Cover_T209 10
Cover_T210 20
Cover_T211 48
Cover_T212 0
Cover_T213 24
Cover_T214 0
Cover_T215 12
Cover_T216 -18
Cover_T217 0
Cover_T218 4
Cover_T219 18
Cover_T220 16
Cover_T221 -26
Cover_T222 -2
Cover_T223 26
Cover_T224 42
Cover_T225 -18
Cover_T226 -20
Cover_T227 -42
Cover_T228 4
Cover_T229 8
Cover_T230 28
Cover_T231 -2
Cover_T232 52
Cover_T233 -26
Cover_T234 2
Cover_T235 -22
Cover_T236 20
Cover_T237 20
Cover_T238 52
Cover_T239 16
Cover_T240 54
Cover_T241 0
Cover_T242 12
Cover_T243 6
Cover_T244 8
Cover_T245 10
Cover_T246 12
Cover_T247 2
Cover_T248 0
Cover_T249 2
Cover_T250 4
Cover_T251 12
Cover_T252 14
Cover_T253 26
Cover_T254 14
Cover_T255 0
Cover_T256 14
Cover_T257 36
Cover_T258 36
Cover_T259 28
Cover_T260 36
Cover_T261 16
Cover_T262 34
Cover_T263 12
Cover_T264 46
Cover_T265 -16
Cover_T266 42
Cover_T267 -16
Cover_T268 28
Cover_T269 -18
Cover_T270 42
Cover_T271 -26
Cover_T272 30
Cover_T273 -38
Cover_T274 34
Cover_T275 -26
Cover_T276 34
Cover_T277 -42
Cover_T278 48
Cover_T279 -34
Cover_T280 36
Cover_T281 -26
Cover_T282 52
Cover_T283 -26
Cover_T284 44
Cover_T285 -26
Cover_T286 36
Cover_T287 -38
Cover_T288 36
Cover_T289 -30
Cover_T290 28
Cover_T291 -26
Cover_T292 50
Cover_T293 -26
Cover_T294 42
Cover_T295 -36
Cover_T296 48
Cover_T297 -26
Cover_T298 40
Cover_T299 -26
Cover_T300 58
Cover_T301 -28
Cover_T302 48
Cover_T303 -28
Cover_T304 68
Cover_T305 -38
Cover_T306 66
Cover_T307 -38
Cover_T308 58
Cover_T309 60
Cover_T310 -42
Cover_T311 54
Cover_T312 -42
Cover_T313 46
Cover_T314 -40
Cover_T315 48
Cover_T316 -32
Cover_T317 56
Cover_T318 -30
Cover_T319 52
Cover_T320 934
Cover_T321 1000
Cover_T322 950
Cover_T323 1030
Cover_T324 950
Cover_T325 1010
Cover_T326 950
Cover_T327 1024
Cover_T328 952
Cover_T329 1020
Cover_T330 948
Cover_T331 68
Cover_T332 0
Cover_T333 38
Cover_T334 -38
Cover_T335 10
Cover_T336 -44
Cover_T337 2
Cover_T338 -20
Cover_T339 4
Cover_T340 -28
Cover_T341 4
Cover_T342 -4
Cover_T343 0
Cover_T344 2.87798e-10
Cover_T345 0
Cover_T346 0
Cover_T347 -7.49081e-11
Cover_T348 0
Cover_T349 16
Cover_T350 2
Cover_T351 0
Cover_T352 2
Cover_T353 6
Cover_T354 0
Cover_T355 6.68194e-11
Cover_T356 4
Cover_T357 4
Cover_T358 0
Cover_T359 46
Cover_T360 12
Cover_T361 26
Cover_T362 2
Cover_T363 8
Cover_T364 8
Cover_T365 8
Cover_T366 4
Cover_T367 8
Cover_T368 -38
Cover_T369 3.33324e-11
Cover_T370 -18
Cover_T371 0
Cover_T372 0
Cover_T373 22
Cover_T374 0
Cover_T375 2
Cover_T376 0
Cover_T377 -18
Cover_T378 -5.22959e-12
Cover_T379 34
Cover_T380 2
Cover_T381 -10
Cover_T382 46
Cover_T383 20
Cover_T384 -6
Cover_T385 -10
Cover_T386 38
Cover_T387 -22
Cover_T388 8
Cover_T389 20
Cover_T390 14
Cover_T391 0
Cover_T392 34
Cover_T393 8
Cover_T394 24
Cover_T395 4
Cover_T396 44
Cover_T397 16
Cover_T398 -10
Cover_T399 6
Cover_T400 10
Cover_T401 6
Cover_T402 2
Cover_T403 4
Cover_T404 8
Cover_T405 8
Cover_T406 0
Cover_T407 20
Cover_T408 6
Cover_T409 0
Cover_T410 6
Cover_T411 18
Cover_T412 28
Cover_T413 -2
Cover_T414 16
Cover_T415 38
Cover_T416 42
Cover_T417 44
Cover_T418 42
Cover_T419 24
Cover_T420 52
Cover_T421 8
Cover_T422 72
Cover_T423 40
Cover_T424 24
Cover_T425 -20
Cover_T426 22
Cover_T427 20
Cover_T428 42
Cover_T429 -8
Cover_T430 56
Cover_T431 -8
Cover_T432 32
Cover_T433 -18
Cover_T434 54
Cover_T435 -16
Cover_T436 34
Cover_T437 -16
Cover_T438 26
Cover_T439 -20
Cover_T440 48
Cover_T441 -24
Cover_T442 36
Cover_T443 -26
Cover_T444 32
Cover_T445 -26
Cover_T446 42
Cover_T447 -26
Cover_T448 42
Cover_T449 -26
Cover_T450 48
Cover_T451 -26
Cover_T452 36
Cover_T453 -26
Cover_T454 34
Cover_T455 -26
Cover_T456 64
Cover_T457 -26
Cover_T458 64
Cover_T459 -26
Cover_T460 44
Cover_T461 -26
Cover_T462 62
Cover_T463 -42
Cover_T464 38
Cover_T465 -38
Cover_T466 52
Cover_T467 -38
Cover_T468 60
Cover_T469 -38
Cover_T470 30
Cover_T471 4
Cover_T472 26
Cover_T473 6
Cover_T474 36
Cover_T475 0
Cover_T476 0
Cover_T477 0
Cover_T478 18
Cover_T479 988
Cover_T480 950
Cover_T481 976
Cover_T482 1042
Cover_T483 994
Cover_T484 1044
Cover_T485 992
Cover_T486 1044
Cover_T487 996
Cover_T488 60
Cover_T489 62
Cover_T490 58
Cover_T491 -30
Cover_T492 54
Cover_T493 40
Cover_T494 -14
Cover_T495 60
Cover_T496 -18
Cover_T497 58
Cover_T498 0
Cover_T499 70
Cover_T500 92
Cover_T501 106
Cover_T502 72
Cover_T503 68
Cover_T504 48
Cover_T505 112
Cover_T506 86
Cover_T507 80
Cover_T508 68
Cover_T509 -10
Cover_T510 52
Cover_T511 26
Cover_T512 34
Cover_T513 4
Cover_T514 8
Cover_T515 0
Cover_T516 30
Cover_T517 34
Count_D0 -984
Count_D1 -1000
Max_H0_P0 0
Max_H0_P1 0
Max_H0_P2 0
Max_H0_P3 0
Max_H0_P4 0
Max_H0_P5 0
Max_H0_P6 0
Max_H0_P7 0
Max_H0_P8 0
Max_H0_P9 0
Max_H0_P10 0
Max_H0_P11 0
Max_H0_P12 0
Max_H0_P13 0
Max_H0_P14 0
Max_H0_P15 0
Max_H0_P16 4.83737e-11
Max_H0_P17 -5.80087e-11
Max_H0_P18 0
Max_H0_P19 -1.59872e-14
Max_H0_P20 -1.24056e-12
Max_H0_P21 -1.97152e-11
Max_H0_P22 -8.48988e-12
Max_H0_P23 7.23333e-12
Max_H0_P24 0
Max_H0_P25 0
Max_H0_P26 0
Max_H0_P27 -1.81544e-12
Max_H0_P28 2.3181e-11
Max_H0_P29 0
Max_H0_P30 -5.61706e-12
Max_H0_P31 0
Max_H0_P32 0
Max_H0_P33 2.3181e-11
Max_H0_P34 0
Max_H0_P35 0
Max_H0_P36 0
Max_H0_P37 0
Max_H0_P38 2.39249e-11
Max_H0_P39 0
Max_H0_P40 0
Max_H0_P41 0
Max_H0_P42 0
Max_H0_P43 0
Max_H0_P44 0
Max_H0_P45 0
Max_H0_P46 0
Max_H0_P47 0
Max_H0_P48 0
Max_H0_P49 0
Max_H0_P50 0
Max_H0_P51 0
Max_H0_P52 0
Max_H0_P53 0
Max_H0_P54 0
Max_H0_P55 0
Max_H0_P56 0
Max_H0_P57 0
Max_H0_P58 0
Max_H0_P59 0
Max_H0_P60 0
Max_H0_P61 0
Max_H0_P62 0
Max_H0_P63 0
Max_H0_P64 0
Max_H0_P65 0
Max_H0_P66 0
Max_H0_P67 0
Max_H0_P68 0
Max_H0_P69 0
Max_H0_P70 0
Max_H0_P71 0
Max_H0_P72 0
Max_H0_P73 0
Max_H0_P74 0
Max_H0_P75 0
Max_H0_P76 0
Max_H0_P77 0
Max_H0_P78 0
Max_H0_P79 0
Max_H0_P80 0
Max_H0_P81 0
Max_H1_P0 0
Max_H1_P1 0
Max_H1_P2 0
Max_H1_P3 0
Max_H1_P4 0
Max_H1_P5 0
Max_H1_P6 0
Max_H1_P7 0
Max_H1_P8 0
Max_H1_P9 0
Max_H1_P10 0
Max_H1_P11 0
Max_H1_P12 0
Max_H1_P13 0
Max_H1_P14 0
Max_H1_P15 0
Max_H1_P16 0
Max_H1_P17 0
Max_H1_P18 0
Max_H1_P19 0
Max_H1_P20 4.55327e-11
Max_H1_P21 -3.63496e-11
Max_H1_P22 0
Max_H1_P23 0
Max_H1_P24 0
Max_H1_P25 1.84709e-11
Max_H1_P26 0
Max_H1_P27 0
Max_H1_P28 0
Max_H1_P29 0
Max_H1_P30 1.8173e-11
Max_H1_P31 0
Max_H1_P32 0
Max_H1_P33 0
Max_H1_P34 -1.67848e-11
Max_H1_P35 6.10001e-11
Max_H1_P36 0
Max_H1_P37 0
Max_H1_P38 4.92662e-11
Max_H1_P39 0
Max_H1_P40 0
Max_H1_P41 -1.31628e-12
Max_H1_P42 0
Max_H1_P43 0
Max_H1_P44 0
Max_H1_P45 0
Max_H1_P46 0
Max_H1_P47 0
Max_H1_P48 0
Max_H1_P49 0
Max_H1_P50 0
Max_H1_P51 0
Max_H1_P52 0
Max_H1_P53 0
Max_H1_P54 0
Max_H1_P55 0
Max_H1_P56 0
Max_H1_P57 -7.10898e-11
Max_H1_P58 0
Max_H1_P59 2.08233e-11
Max_H1_P60 3.20894e-13
Max_H1_P61 0
Max_H1_P62 0
Max_H1_P63 0
Max_H1_P64 -7.13385e-12
Max_H1_P65 0
Max_H1_P66 0
Max_H1_P67 0
Max_H1_P68 0
Max_H1_P69 0
Max_H1_P70 0
Max_H1_P71 0
Max_H1_P72 0
Max_H1_P73 0
Max_H1_P74 0
Max_H1_P75 0
Max_H1_P76 0
Max_H1_P77 1.33582e-11
Max_H1_P78 -1.05445e-11
Max_H1_P79 0
Max_H1_P80 0
Max_H1_P81 0
