
Branch and bound

  Entire solving process        :                           (Time    102.5)
  No feasible solution was found
  Best relaxation cost          :     36729.86 (Node     0) (Time    102.5)
  Lower bound after cuts        :     36729.86
  End lower bound               :     36729.86
  Deepest level reached         : 0
  Deepest real level reached    : 0
  Number of real nodes solved   : 1
  Stopping condition            : enough nodes explored

Problem identification

  Problem                       : <null>
  Machine                       : oslo1.gerad.lan

Solving process summary

  Linear relaxations            :        1
  Column generation iterations  :      177
  Shortest paths solved         :     3036
  Columns generated             :    22689

Instance characteristics

  Resources                     : 3
  Node types                    : no
  Arc types                     : no
  Strong resource windows       : no
  Weak resource windows         : no
  Resource windows (nodes)      : 3
  Resource values (arcs)        : 3
  Values on nodes               : no

  Rows                          : 684
  Initial columns               : 2
  Tasks                         : 522
  Strong tasks                  : 518
  Weak tasks                    : 4
  Initial task constraints      : no
  Nodes                         : 850
  Arc sets                      : 1
  Arcs                          : 14472
  Networks                      : 2
  Models                        : 1

Memory used per module (Megs)

  Parser (reused)               :      3.277
  Networks                      :     19.495
  Column generator              :      3.269
  Master problem                :      6.956
  -----------------
  Total                         :     29.720

Cpu time per module (seconds)

  Parser                        :        0.0
  Preprocessor                  :        0.0
  Lr solver manager             :        0.1
  Column generator              :       10.8
    (Shortest path)             :        8.5
  Master problem                :       91.6
  -------------------
  Total (without b&b)           :      102.5

Real elapsed time (seconds)

  Parser                        :        0.0
  Preprocessor                  :        0.0
  Lr solver manager             :        0.1
  Column generator              :       10.7
    (Shortest path)             :        8.4
  Master problem                :       91.7
  -------------------
  Total (without b&b)           :      102.5
