
Branch and bound

  Entire solving process        :                           (Time     46.5)
  No feasible solution was found
  Best relaxation cost          :     36651.71 (Node     0) (Time     46.5)
  Lower bound after cuts        :     36651.71
  End lower bound               :     36651.71
  Deepest level reached         : 0
  Deepest real level reached    : 0
  Number of real nodes solved   : 1
  Stopping condition            : enough nodes explored

Problem identification

  Problem                       : <null>
  Machine                       : oslo4.gerad.lan

Solving process summary

  Linear relaxations            :        1
  Column generation iterations  :      114
  Shortest paths solved         :     5938
  Columns generated             :    35650

Instance characteristics

  Resources                     : 3
  Node types                    : no
  Arc types                     : no
  Strong resource windows       : no
  Weak resource windows         : no
  Resource windows (nodes)      : 3
  Resource values (arcs)        : 3
  Values on nodes               : no

  Rows                          : 684
  Initial columns               : 321
  Tasks                         : 522
  Strong tasks                  : 339
  Weak tasks                    : 4
  Initial task constraints      : no
  Nodes                         : 850
  Arc sets                      : 1
  Arcs                          : 14472
  Networks                      : 2
  Models                        : 1

Memory used per module (Megs)

  Parser (reused)               :      3.277
  Networks                      :     21.311
  Column generator              :      2.422
  Master problem                :      6.865
  -----------------
  Total                         :     30.598

Cpu time per module (seconds)

  Parser                        :        0.0
  Preprocessor                  :        0.0
  Lr solver manager             :        0.0
  Column generator              :       12.3
    (Shortest path)             :       10.1
  Master problem                :       34.1
  -------------------
  Total (without b&b)           :       46.4

Real elapsed time (seconds)

  Parser                        :        0.0
  Preprocessor                  :        0.0
  Lr solver manager             :        0.1
  Column generator              :       12.2
    (Shortest path)             :       10.2
  Master problem                :       34.2
  -------------------
  Total (without b&b)           :       46.4
