
Branch and bound

  Entire solving process        :                           (Time   2521.2)
  No feasible solution was found
  Best relaxation cost          :     58054.20 (Node     0) (Time   2521.2)
  Lower bound after cuts        :     58054.20
  End lower bound               :     58054.20
  Deepest level reached         : 0
  Deepest real level reached    : 0
  Number of real nodes solved   : 1
  Stopping condition            : enough nodes explored

Problem identification

  Problem                       : <null>
  Machine                       : oslo1.gerad.lan

Solving process summary

  Linear relaxations            :        1
  Column generation iterations  :      260
  Shortest paths solved         :     5599
  Columns generated             :    66564

Instance characteristics

  Resources                     : 3
  Node types                    : no
  Arc types                     : no
  Strong resource windows       : no
  Weak resource windows         : no
  Resource windows (nodes)      : 3
  Resource values (arcs)        : 3
  Values on nodes               : no

  Rows                          : 1163
  Initial columns               : 2
  Tasks                         : 1001
  Strong tasks                  : 997
  Weak tasks                    : 4
  Initial task constraints      : no
  Nodes                         : 1329
  Arc sets                      : 1
  Arcs                          : 44367
  Networks                      : 2
  Models                        : 1

Memory used per module (Megs)

  Parser (reused)               :      9.089
  Networks                      :     36.326
  Column generator              :     18.889
  Master problem                :     11.424
  -----------------
  Total                         :     66.640

Cpu time per module (seconds)

  Parser                        :        0.0
  Preprocessor                  :        0.0
  Lr solver manager             :        0.3
  Column generator              :      216.0
    (Shortest path)             :      192.5
  Master problem                :     2304.8
  -------------------
  Total (without b&b)           :     2521.2

Real elapsed time (seconds)

  Parser                        :        0.1
  Preprocessor                  :        0.0
  Lr solver manager             :        0.3
  Column generator              :      216.1
    (Shortest path)             :      192.9
  Master problem                :     2304.8
  -------------------
  Total (without b&b)           :     2521.2
