Cover_T0 52
Cover_T1 -52
Cover_T2 52
Cover_T3 -52
Cover_T4 52
Cover_T5 -52
Cover_T6 52
Cover_T7 -52
Cover_T8 52
Cover_T9 -52
Cover_T10 52
Cover_T11 -52
Cover_T12 52
Cover_T13 -52
Cover_T14 52
Cover_T15 -48
Cover_T16 52
Cover_T17 -48
Cover_T18 56
Cover_T19 -48
Cover_T20 56
Cover_T21 -48
Cover_T22 56
Cover_T23 -44
Cover_T24 56
Cover_T25 -44
Cover_T26 52
Cover_T27 -44
Cover_T28 56
Cover_T29 -44
Cover_T30 54
Cover_T31 -44
Cover_T32 56
Cover_T33 -40
Cover_T34 58
Cover_T35 -40
Cover_T36 48
Cover_T37 -10
Cover_T38 66
Cover_T39 -22
Cover_T40 54
Cover_T41 -34
Cover_T42 52
Cover_T43 956
Cover_T44 50
Cover_T45 954
Cover_T46 1018
Cover_T47 964
Cover_T48 1010
Cover_T49 950
Cover_T50 1022
Cover_T51 966
Cover_T52 1038
Cover_T53 970
Cover_T54 48
Cover_T55 966
Cover_T56 32
Cover_T57 7.76392e-11
Cover_T58 12
Cover_T59 -30
Cover_T60 8
Cover_T61 -18
Cover_T62 22
Cover_T63 2
Cover_T64 10
Cover_T65 4
Cover_T66 10
Cover_T67 -14
Cover_T68 8
Cover_T69 -2
Cover_T70 28
Cover_T71 -2
Cover_T72 26
Cover_T73 0
Cover_T74 22
Cover_T75 -20
Cover_T76 8
Cover_T77 -18
Cover_T78 4
Cover_T79 -14
Cover_T80 8
Cover_T81 0
Cover_T82 -2
Cover_T83 4
Cover_T84 8
Cover_T85 0
Cover_T86 4
Cover_T87 10
Cover_T88 26
Cover_T89 0
Cover_T90 8
Cover_T91 4
Cover_T92 0
Cover_T93 -18
Cover_T94 -6
Cover_T95 4.14673e-11
Cover_T96 -34
Cover_T97 8
Cover_T98 -30
Cover_T99 14
Cover_T100 12
Cover_T101 36
Cover_T102 -4
Cover_T103 52
Cover_T104 -20
Cover_T105 36
Cover_T106 20
Cover_T107 52
Cover_T108 4
Cover_T109 -2
Cover_T110 -12
Cover_T111 14
Cover_T112 -28
Cover_T113 30
Cover_T114 2
Cover_T115 -10
Cover_T116 8
Cover_T117 18
Cover_T118 -6
Cover_T119 0
Cover_T120 -34
Cover_T121 0
Cover_T122 -32
Cover_T123 14
Cover_T124 16
Cover_T125 38
Cover_T126 10
Cover_T127 54
Cover_T128 16
Cover_T129 42
Cover_T130 0
Cover_T131 58
Cover_T132 10
Cover_T133 0
Cover_T134 -6
Cover_T135 8
Cover_T136 2
Cover_T137 4
Cover_T138 26
Cover_T139 -4
Cover_T140 22
Cover_T141 12
Cover_T142 2
Cover_T143 4
Cover_T144 -12
Cover_T145 20
Cover_T146 20
Cover_T147 -4.04214e-10
Cover_T148 14
Cover_T149 -7.34232e-10
Cover_T150 16
Cover_T151 16
Cover_T152 6.76881e-10
Cover_T153 36
Cover_T154 -20
Cover_T155 8
Cover_T156 0
Cover_T157 2
Cover_T158 14
Cover_T159 16
Cover_T160 14
Cover_T161 42
Cover_T162 8
Cover_T163 20
Cover_T164 8
Cover_T165 10
Cover_T166 10
Cover_T167 6
Cover_T168 -10
Cover_T169 8
Cover_T170 -36
Cover_T171 8
Cover_T172 4
Cover_T173 6
Cover_T174 4
Cover_T175 26
Cover_T176 2
Cover_T177 46
Cover_T178 2
Cover_T179 14
Cover_T180 -14
Cover_T181 2
Cover_T182 -42
Cover_T183 6
Cover_T184 -36
Cover_T185 22
Cover_T186 -4
Cover_T187 46
Cover_T188 2
Cover_T189 34
Cover_T190 -2
Cover_T191 54
Cover_T192 -22
Cover_T193 18
Cover_T194 -42
Cover_T195 12
Cover_T196 -48
Cover_T197 14
Cover_T198 -38
Cover_T199 44
Cover_T200 -4
Cover_T201 68
Cover_T202 -4
Cover_T203 72
Cover_T204 7.58131e-10
Cover_T205 56
Cover_T206 -10
Cover_T207 74
Cover_T208 -16
Cover_T209 48
Cover_T210 -12
Cover_T211 52
Cover_T212 -18
Cover_T213 44
Cover_T214 -24
Cover_T215 52
Cover_T216 -30
Cover_T217 58
Cover_T218 -38
Cover_T219 60
Cover_T220 -44
Cover_T221 52
Cover_T222 52
Cover_T223 -52
Cover_T224 52
Cover_T225 -48
Cover_T226 52
Cover_T227 -50
Cover_T228 52
Cover_T229 -48
Cover_T230 50
Cover_T231 -44
Cover_T232 50
Cover_T233 -46
Cover_T234 58
Cover_T235 -40
Cover_T236 52
Cover_T237 -4
Cover_T238 48
Cover_T239 -12
Cover_T240 66
Cover_T241 -20
Cover_T242 54
Cover_T243 -34
Cover_T244 50
Cover_T245 -36
Cover_T246 48
Cover_T247 950
Cover_T248 50
Cover_T249 966
Cover_T250 8
Cover_T251 958
Cover_T252 988
Cover_T253 950
Cover_T254 1022
Cover_T255 962
Cover_T256 1022
Cover_T257 962
Cover_T258 1034
Cover_T259 968
Cover_T260 44
Cover_T261 962
Cover_T262 32
Cover_T263 968
Cover_T264 44
Cover_T265 -2
Cover_T266 28
Cover_T267 -24
Cover_T268 16
Cover_T269 -20
Cover_T270 0
Cover_T271 -20
Cover_T272 10
Cover_T273 -16
Cover_T274 -8
Cover_T275 0
Cover_T276 22
Cover_T277 8
Cover_T278 6
Cover_T279 -2
Cover_T280 6
Cover_T281 14
Cover_T282 12
Cover_T283 -4
Cover_T284 10
Cover_T285 8
Cover_T286 30
Cover_T287 8
Cover_T288 28
Cover_T289 10
Cover_T290 24
Cover_T291 -10
Cover_T292 10
Cover_T293 -8
Cover_T294 6
Cover_T295 -4
Cover_T296 10
Cover_T297 10
Cover_T298 0
Cover_T299 14
Cover_T300 10
Cover_T301 10
Cover_T302 6
Cover_T303 20
Cover_T304 28
Cover_T305 10
Cover_T306 10
Cover_T307 14
Cover_T308 2
Cover_T309 -8
Cover_T310 -4
Cover_T311 10
Cover_T312 -32
Cover_T313 18
Cover_T314 -28
Cover_T315 24
Cover_T316 14
Cover_T317 52
Cover_T318 -14
Cover_T319 48
Cover_T320 14
Cover_T321 6
Cover_T322 -14
Cover_T323 34
Cover_T324 4
Cover_T325 0
Cover_T326 0
Cover_T327 16
Cover_T328 4.43179e-12
Cover_T329 32
Cover_T330 -2
Cover_T331 2
Cover_T332 -18
Cover_T333 6
Cover_T334 -34
Cover_T335 6
Cover_T336 -50
Cover_T337 8
Cover_T338 -36
Cover_T339 24
Cover_T340 16
Cover_T341 54
Cover_T342 20
Cover_T343 56
Cover_T344 18
Cover_T345 2
Cover_T346 14
Cover_T347 6
Cover_T348 26
Cover_T349 2
Cover_T350 26
Cover_T351 20
Cover_T352 8
Cover_T353 12
Cover_T354 -10
Cover_T355 -12
Cover_T356 20
Cover_T357 -12
Cover_T358 4
Cover_T359 8
Cover_T360 20
Cover_T361 28
Cover_T362 4
Cover_T363 -2
Cover_T364 -18
Cover_T365 0
Cover_T366 6
Cover_T367 12
Cover_T368 8
Cover_T369 26
Cover_T370 12
Cover_T371 8
Cover_T372 4
Cover_T373 0
Cover_T374 10
Cover_T375 -6.63462e-10
Cover_T376 4
Cover_T377 10
Cover_T378 -30
Cover_T379 18
Cover_T380 2
Cover_T381 24
Cover_T382 2
Cover_T383 52
Cover_T384 0
Cover_T385 12
Cover_T386 -8
Cover_T387 2
Cover_T388 -16
Cover_T389 6.99418e-12
Cover_T390 -36
Cover_T391 8
Cover_T392 -22
Cover_T393 16
Cover_T394 -42
Cover_T395 36
Cover_T396 6.22071e-10
Cover_T397 54
Cover_T398 0
Cover_T399 36
Cover_T400 -6
Cover_T401 52
Cover_T402 -6
Cover_T403 6
Cover_T404 -22
Cover_T405 14
Cover_T406 -38
Cover_T407 24
Cover_T408 -40
Cover_T409 20
Cover_T410 -26
Cover_T411 32
Cover_T412 -44
Cover_T413 56
Cover_T414 7.44621e-10
Cover_T415 62
Cover_T416 -12
Cover_T417 66
Cover_T418 -4
Cover_T419 54
Cover_T420 8.71145e-10
Cover_T421 68
Cover_T422 -12
Cover_T423 34
Cover_T424 -10
Cover_T425 54
Cover_T426 -12
Cover_T427 40
Cover_T428 -18
Cover_T429 48
Cover_T430 -20
Cover_T431 46
Cover_T432 -22
Cover_T433 46
Cover_T434 -38
Cover_T435 52
Cover_T436 -40
Cover_T437 58
Cover_T438 -38
Cover_T439 58
Cover_T440 -38
Cover_T441 64
Cover_T442 -44
Cover_T443 58
Cover_T444 -46
Cover_T445 56
Cover_T446 60
Cover_T447 -44
Cover_T448 52
Cover_T449 -44
Cover_T450 56
Cover_T451 -48
Cover_T452 60
Cover_T453 -40
Cover_T454 54
Cover_T455 -6
Cover_T456 66
Cover_T457 -26
Cover_T458 56
Cover_T459 960
Cover_T460 58
Cover_T461 964
Cover_T462 1026
Cover_T463 966
Cover_T464 1044
Cover_T465 962
Cover_T466 1044
Cover_T467 970
Cover_T468 1014
Cover_T469 954
Cover_T470 1018
Cover_T471 968
Cover_T472 1030
Cover_T473 970
Cover_T474 28
Cover_T475 968
Cover_T476 20
Cover_T477 0
Cover_T478 4
Cover_T479 -22
Cover_T480 18
Cover_T481 -22
Cover_T482 2
Cover_T483 -26
Cover_T484 34
Cover_T485 -26
Cover_T486 22
Cover_T487 -14
Cover_T488 6
Cover_T489 -2
Cover_T490 10
Cover_T491 2
Cover_T492 -2
Cover_T493 14
Cover_T494 14
Cover_T495 0
Cover_T496 2
Cover_T497 12
Cover_T498 16
Cover_T499 -22
Cover_T500 4
Cover_T501 -10
Cover_T502 -8
Cover_T503 2
Cover_T504 28
Cover_T505 -2
Cover_T506 16
Cover_T507 10
Cover_T508 30
Cover_T509 -6
Cover_T510 18
Cover_T511 6
Cover_T512 30
Cover_T513 -8
Cover_T514 18
Cover_T515 4
Cover_T516 6
Cover_T517 16
Cover_T518 4
Cover_T519 -12
Cover_T520 8
Cover_T521 -18
Cover_T522 -12
Cover_T523 -22
Cover_T524 8.10727e-11
Cover_T525 -2
Cover_T526 -2
Cover_T527 4
Cover_T528 16
Cover_T529 0
Cover_T530 -4
Cover_T531 20
Cover_T532 0
Cover_T533 8
Cover_T534 30
Cover_T535 10
Cover_T536 10
Cover_T537 -8
Cover_T538 0
Cover_T539 12
Cover_T540 2.79758e-11
Cover_T541 8
Cover_T542 -2
Cover_T543 -14
Cover_T544 -30
Cover_T545 4
Cover_T546 -26
Cover_T547 12
Cover_T548 16
Cover_T549 18
Cover_T550 -12
Cover_T551 46
Cover_T552 16
Cover_T553 42
Cover_T554 -12
Cover_T555 0
Cover_T556 6
Cover_T557 28
Cover_T558 6
Cover_T559 -4
Cover_T560 1.49157e-10
Cover_T561 16
Cover_T562 -20
Cover_T563 36
Cover_T564 -40
Cover_T565 10
Cover_T566 -30
Cover_T567 2
Cover_T568 -50
Cover_T569 8
Cover_T570 14
Cover_T571 28
Cover_T572 0
Cover_T573 40
Cover_T574 10
Cover_T575 56
Cover_T576 24
Cover_T577 38
Cover_T578 12
Cover_T579 54
Cover_T580 0
Cover_T581 62
Cover_T582 12
Cover_T583 2
Cover_T584 1.82219e-10
Cover_T585 6
Cover_T586 28
Cover_T587 -4
Cover_T588 10
Cover_T589 10
Cover_T590 20
Cover_T591 -2.4579e-10
Cover_T592 -6
Cover_T593 20
Cover_T594 20
Cover_T595 20
Cover_T596 16
Cover_T597 -3.79138e-10
Cover_T598 8
Cover_T599 8
Cover_T600 -12
Cover_T601 24
Cover_T602 12
Cover_T603 -4
Cover_T604 -4
Cover_T605 14
Cover_T606 14
Cover_T607 12
Cover_T608 6
Cover_T609 4
Cover_T610 18
Cover_T611 14
Cover_T612 0
Cover_T613 24
Cover_T614 8
Cover_T615 44
Cover_T616 14
Cover_T617 12
Cover_T618 6.72892e-10
Cover_T619 22
Cover_T620 10
Cover_T621 6
Cover_T622 -2
Cover_T623 0
Cover_T624 -20
Cover_T625 10
Cover_T626 -34
Cover_T627 10
Cover_T628 4
Cover_T629 6
Cover_T630 -12
Cover_T631 -7.25322e-10
Cover_T632 0
Cover_T633 16
Cover_T634 2
Cover_T635 32
Cover_T636 2
Cover_T637 48
Cover_T638 -8
Cover_T639 16
Cover_T640 -36
Cover_T641 4
Cover_T642 -30
Cover_T643 8
Cover_T644 2
Cover_T645 26
Cover_T646 8.03063e-10
Cover_T647 54
Cover_T648 -12
Cover_T649 58
Cover_T650 -40
Cover_T651 18
Cover_T652 -24
Cover_T653 30
Cover_T654 1.16429e-09
Cover_T655 48
Cover_T656 -4
Cover_T657 66
Cover_T658 -2
Cover_T659 84
Cover_T660 5.68775e-10
Cover_T661 80
Cover_T662 -10
Cover_T663 52
Cover_T664 -20
Cover_T665 52
Cover_T666 -12
Cover_T667 54
Cover_T668 -24
Cover_T669 60
Cover_T670 -30
Cover_T671 58
Cover_T672 -34
Cover_T673 66
Cover_T674 -38
Cover_T675 60
Cover_T676 -46
Cover_T677 58
Cover_T678 -44
Cover_T679 32
Cover_T680 3.73344e-11
Cover_T681 44
Cover_T682 4
Cover_T683 28
Cover_T684 3.26421e-11
Cover_T685 20
Cover_T686 40
Cover_T687 4
Cover_T688 0
Cover_T689 1014
Cover_T690 990
Cover_T691 1000
Cover_T692 1006
Cover_T693 1014
Cover_T694 1014
Cover_T695 976
Cover_T696 1012
Cover_T697 1050
Cover_T698 0
Cover_T699 48
Cover_T700 18
Cover_T701 32
Cover_T702 0
Cover_T703 4
Cover_T704 18
Cover_T705 56
Cover_T706 -28
Cover_T707 52
Cover_T708 1.72766e-11
Cover_T709 52
Cover_T710 28
Cover_T711 34
Cover_T712 56
Cover_T713 34
Cover_T714 52
Cover_T715 8
Cover_T716 62
Cover_T717 -20
Cover_T718 0
Cover_T719 38
Cover_T720 0
Cover_T721 28
Cover_T722 18
Cover_T723 58
Cover_T724 38
Cover_T725 38
Cover_T726 62
Cover_T727 46
Cover_T728 0
Cover_T729 26
Cover_T730 2
Cover_T731 6
Cover_T732 -16
Cover_T733 62
Cover_T734 -2
Cover_T735 20
Cover_T736 40
Cover_T737 2
Cover_T738 0
Cover_T739 48
Cover_T740 54
Count_D0 -984
Count_D1 -1000
Max_H0_P0 0
Max_H0_P1 0
Max_H0_P2 0
Max_H0_P3 0
Max_H0_P4 0
Max_H0_P5 0
Max_H0_P6 0
Max_H0_P7 0
Max_H0_P8 0
Max_H0_P9 0
Max_H0_P10 0
Max_H0_P11 0
Max_H0_P12 0
Max_H0_P13 0
Max_H0_P14 0
Max_H0_P15 0
Max_H0_P16 -4.11648e-12
Max_H0_P17 0
Max_H0_P18 -2.45794e-11
Max_H0_P19 -4.19309e-12
Max_H0_P20 -5.35194e-12
Max_H0_P21 9.95204e-13
Max_H0_P22 0
Max_H0_P23 2.45386e-11
Max_H0_P24 9.92273e-12
Max_H0_P25 -7.25921e-12
Max_H0_P26 2.18794e-11
Max_H0_P27 -8.27405e-12
Max_H0_P28 2.15774e-11
Max_H0_P29 0
Max_H0_P30 8.1215e-12
Max_H0_P31 -2.33502e-12
Max_H0_P32 -5.64948e-12
Max_H0_P33 0
Max_H0_P34 5.11358e-12
Max_H0_P35 -1.30605e-11
Max_H0_P36 3.86713e-12
Max_H0_P37 -7.63656e-12
Max_H0_P38 3.53595e-12
Max_H0_P39 0
Max_H0_P40 4.59187e-12
Max_H0_P41 1.13154e-11
Max_H0_P42 -1.07257e-11
Max_H0_P43 0
Max_H0_P44 0
Max_H0_P45 0
Max_H0_P46 0
Max_H0_P47 0
Max_H0_P48 0
Max_H0_P49 0
Max_H0_P50 0
Max_H0_P51 0
Max_H0_P52 0
Max_H0_P53 0
Max_H0_P54 0
Max_H0_P55 0
Max_H0_P56 1.27791e-11
Max_H0_P57 0
Max_H0_P58 0
Max_H0_P59 0
Max_H0_P60 0
Max_H0_P61 7.45323e-12
Max_H0_P62 0
Max_H0_P63 0
Max_H0_P64 0
Max_H0_P65 0
Max_H0_P66 0
Max_H0_P67 0
Max_H0_P68 0
Max_H0_P69 0
Max_H0_P70 0
Max_H0_P71 0
Max_H0_P72 0
Max_H0_P73 0
Max_H0_P74 0
Max_H0_P75 0
Max_H0_P76 0
Max_H0_P77 0
Max_H0_P78 0
Max_H0_P79 0
Max_H0_P80 0
Max_H0_P81 0
Max_H1_P0 0
Max_H1_P1 0
Max_H1_P2 0
Max_H1_P3 0
Max_H1_P4 0
Max_H1_P5 0
Max_H1_P6 2.60786e-11
Max_H1_P7 -8.95284e-12
Max_H1_P8 0
Max_H1_P9 0
Max_H1_P10 0
Max_H1_P11 0
Max_H1_P12 0
Max_H1_P13 0
Max_H1_P14 0
Max_H1_P15 -1.23014e-11
Max_H1_P16 -4.00067e-11
Max_H1_P17 -1.00497e-11
Max_H1_P18 -1.19531e-11
Max_H1_P19 -0
Max_H1_P20 0
Max_H1_P21 0
Max_H1_P22 1.79898e-11
Max_H1_P23 1.30742e-11
Max_H1_P24 -9.59381e-13
Max_H1_P25 1.28297e-12
Max_H1_P26 2.4215e-11
Max_H1_P27 -1.26509e-11
Max_H1_P28 0
Max_H1_P29 -8.6891e-12
Max_H1_P30 0
Max_H1_P31 -3.07132e-12
Max_H1_P32 0
Max_H1_P33 0
Max_H1_P34 2.05358e-12
Max_H1_P35 -7.4527e-12
Max_H1_P36 2.66615e-12
Max_H1_P37 0
Max_H1_P38 5.22249e-13
Max_H1_P39 2.39098e-12
Max_H1_P40 8.92442e-12
Max_H1_P41 -2.80628e-11
Max_H1_P42 1.22911e-11
Max_H1_P43 0
Max_H1_P44 4.97309e-11
Max_H1_P45 0
Max_H1_P46 -1.15398e-11
Max_H1_P47 0
Max_H1_P48 0
Max_H1_P49 0
Max_H1_P50 0
Max_H1_P51 0
Max_H1_P52 0
Max_H1_P53 0
Max_H1_P54 0
Max_H1_P55 0
Max_H1_P56 0
Max_H1_P57 0
Max_H1_P58 -9.11227e-12
Max_H1_P59 0
Max_H1_P60 0
Max_H1_P61 0
Max_H1_P62 0
Max_H1_P63 0
Max_H1_P64 0
Max_H1_P65 0
Max_H1_P66 0
Max_H1_P67 0
Max_H1_P68 0
Max_H1_P69 0
Max_H1_P70 0
Max_H1_P71 0
Max_H1_P72 0
Max_H1_P73 0
Max_H1_P74 0
Max_H1_P75 0
Max_H1_P76 0
Max_H1_P77 0
Max_H1_P78 0
Max_H1_P79 0
Max_H1_P80 0
Max_H1_P81 0
