
Branch and bound

  Entire solving process        :                           (Time    197.9)
  No feasible solution was found
  Best relaxation cost          :     54114.87 (Node     0) (Time    197.9)
  Lower bound after cuts        :     54114.87
  End lower bound               :     54114.87
  Deepest level reached         : 0
  Deepest real level reached    : 0
  Number of real nodes solved   : 1
  Stopping condition            : enough nodes explored

Problem identification

  Problem                       : <null>
  Machine                       : oslo1.gerad.lan

Solving process summary

  Linear relaxations            :        1
  Column generation iterations  :      123
  Shortest paths solved         :     3186
  Columns generated             :    33320

Instance characteristics

  Resources                     : 3
  Node types                    : no
  Arc types                     : no
  Strong resource windows       : no
  Weak resource windows         : no
  Resource windows (nodes)      : 3
  Resource values (arcs)        : 3
  Values on nodes               : no

  Rows                          : 907
  Initial columns               : 2
  Tasks                         : 745
  Strong tasks                  : 741
  Weak tasks                    : 4
  Initial task constraints      : no
  Nodes                         : 1073
  Arc sets                      : 1
  Arcs                          : 26725
  Networks                      : 2
  Models                        : 1

Memory used per module (Megs)

  Parser (reused)               :      5.699
  Networks                      :     26.760
  Column generator              :      5.207
  Master problem                :      8.816
  -----------------
  Total                         :     40.783

Cpu time per module (seconds)

  Parser                        :        0.0
  Preprocessor                  :        0.0
  Lr solver manager             :        0.1
  Column generator              :       32.1
    (Shortest path)             :       25.6
  Master problem                :      165.7
  -------------------
  Total (without b&b)           :      197.9

Real elapsed time (seconds)

  Parser                        :        0.0
  Preprocessor                  :        0.0
  Lr solver manager             :        0.2
  Column generator              :       32.0
    (Shortest path)             :       25.1
  Master problem                :      165.7
  -------------------
  Total (without b&b)           :      197.9
