
Branch and bound

  Entire solving process        :                           (Time   1822.6)
  No feasible solution was found
  Best relaxation cost          :     55162.71 (Node     0) (Time   1822.6)
  Lower bound after cuts        :     55162.71
  End lower bound               :     55162.71
  Deepest level reached         : 0
  Deepest real level reached    : 0
  Number of real nodes solved   : 1
  Stopping condition            : enough nodes explored

Problem identification

  Problem                       : <null>
  Machine                       : oslo1.gerad.lan

Solving process summary

  Linear relaxations            :        1
  Column generation iterations  :      322
  Shortest paths solved         :     6115
  Columns generated             :    65161

Instance characteristics

  Resources                     : 3
  Node types                    : no
  Arc types                     : no
  Strong resource windows       : no
  Weak resource windows         : no
  Resource windows (nodes)      : 3
  Resource values (arcs)        : 3
  Values on nodes               : no

  Rows                          : 968
  Initial columns               : 2
  Tasks                         : 806
  Strong tasks                  : 802
  Weak tasks                    : 4
  Initial task constraints      : no
  Nodes                         : 1134
  Arc sets                      : 1
  Arcs                          : 30438
  Networks                      : 2
  Models                        : 1

Memory used per module (Megs)

  Parser (reused)               :      6.425
  Networks                      :     29.061
  Column generator              :     12.956
  Master problem                :      9.496
  -----------------
  Total                         :     51.513

Cpu time per module (seconds)

  Parser                        :        0.0
  Preprocessor                  :        0.0
  Lr solver manager             :        0.4
  Column generator              :       92.9
    (Shortest path)             :       76.9
  Master problem                :     1729.3
  -------------------
  Total (without b&b)           :     1822.6

Real elapsed time (seconds)

  Parser                        :        0.0
  Preprocessor                  :        0.0
  Lr solver manager             :        0.4
  Column generator              :       92.8
    (Shortest path)             :       76.8
  Master problem                :     1729.4
  -------------------
  Total (without b&b)           :     1822.6
