
Branch and bound

  Entire solving process        :                           (Time    239.0)
  No feasible solution was found
  Best relaxation cost          :     53646.69 (Node     0) (Time    239.0)
  Lower bound after cuts        :     53646.69
  End lower bound               :     53646.69
  Deepest level reached         : 0
  Deepest real level reached    : 0
  Number of real nodes solved   : 1
  Stopping condition            : enough nodes explored

Problem identification

  Problem                       : <null>
  Machine                       : oslo2.gerad.lan

Solving process summary

  Linear relaxations            :        1
  Column generation iterations  :      146
  Shortest paths solved         :     5077
  Columns generated             :    49380

Instance characteristics

  Resources                     : 3
  Node types                    : no
  Arc types                     : no
  Strong resource windows       : no
  Weak resource windows         : no
  Resource windows (nodes)      : 3
  Resource values (arcs)        : 3
  Values on nodes               : no

  Rows                          : 974
  Initial columns               : 359
  Tasks                         : 812
  Strong tasks                  : 598
  Weak tasks                    : 4
  Initial task constraints      : no
  Nodes                         : 1140
  Arc sets                      : 1
  Arcs                          : 30668
  Networks                      : 2
  Models                        : 1

Memory used per module (Megs)

  Parser (reused)               :      6.425
  Networks                      :     30.393
  Column generator              :     16.710
  Master problem                :     10.094
  -----------------
  Total                         :     57.196

Cpu time per module (seconds)

  Parser                        :        0.0
  Preprocessor                  :        0.0
  Lr solver manager             :        0.1
  Column generator              :       77.1
    (Shortest path)             :       69.9
  Master problem                :      161.7
  -------------------
  Total (without b&b)           :      239.0

Real elapsed time (seconds)

  Parser                        :        0.0
  Preprocessor                  :        0.0
  Lr solver manager             :        0.1
  Column generator              :       77.1
    (Shortest path)             :       69.5
  Master problem                :      162.0
  -------------------
  Total (without b&b)           :      239.3
