
Branch and bound

  Entire solving process        :                           (Time    258.7)
  No feasible solution was found
  Best relaxation cost          :     53896.73 (Node     0) (Time    258.7)
  Lower bound after cuts        :     53896.73
  End lower bound               :     53896.73
  Deepest level reached         : 0
  Deepest real level reached    : 0
  Number of real nodes solved   : 1
  Stopping condition            : enough nodes explored

Problem identification

  Problem                       : <null>
  Machine                       : oslo3.gerad.lan

Solving process summary

  Linear relaxations            :        1
  Column generation iterations  :      156
  Shortest paths solved         :     3943
  Columns generated             :    43509

Instance characteristics

  Resources                     : 3
  Node types                    : no
  Arc types                     : no
  Strong resource windows       : no
  Weak resource windows         : no
  Resource windows (nodes)      : 3
  Resource values (arcs)        : 3
  Values on nodes               : no

  Rows                          : 974
  Initial columns               : 2
  Tasks                         : 812
  Strong tasks                  : 808
  Weak tasks                    : 4
  Initial task constraints      : no
  Nodes                         : 1140
  Arc sets                      : 1
  Arcs                          : 30668
  Networks                      : 2
  Models                        : 1

Memory used per module (Megs)

  Parser (reused)               :      6.425
  Networks                      :     29.061
  Column generator              :     11.019
  Master problem                :      9.723
  -----------------
  Total                         :     49.803

Cpu time per module (seconds)

  Parser                        :        0.0
  Preprocessor                  :        0.0
  Lr solver manager             :        0.2
  Column generator              :       61.9
    (Shortest path)             :       56.1
  Master problem                :      196.6
  -------------------
  Total (without b&b)           :      258.7

Real elapsed time (seconds)

  Parser                        :        0.0
  Preprocessor                  :        0.0
  Lr solver manager             :        0.1
  Column generator              :       61.8
    (Shortest path)             :       56.1
  Master problem                :      196.8
  -------------------
  Total (without b&b)           :      258.7
