
Branch and bound

  Entire solving process        :                           (Time    263.5)
  No feasible solution was found
  Best relaxation cost          :     60183.93 (Node     0) (Time    263.5)
  Lower bound after cuts        :     60183.93
  End lower bound               :     60183.93
  Deepest level reached         : 0
  Deepest real level reached    : 0
  Number of real nodes solved   : 1
  Stopping condition            : enough nodes explored

Problem identification

  Problem                       : <null>
  Machine                       : oslo3.gerad.lan

Solving process summary

  Linear relaxations            :        1
  Column generation iterations  :      137
  Shortest paths solved         :     6774
  Columns generated             :    56018

Instance characteristics

  Resources                     : 3
  Node types                    : no
  Arc types                     : no
  Strong resource windows       : no
  Weak resource windows         : no
  Resource windows (nodes)      : 3
  Resource values (arcs)        : 3
  Values on nodes               : no

  Rows                          : 997
  Initial columns               : 434
  Tasks                         : 835
  Strong tasks                  : 591
  Weak tasks                    : 4
  Initial task constraints      : no
  Nodes                         : 1163
  Arc sets                      : 1
  Arcs                          : 31885
  Networks                      : 2
  Models                        : 1

Memory used per module (Megs)

  Parser (reused)               :      6.667
  Networks                      :     31.361
  Column generator              :     12.472
  Master problem                :      9.617
  -----------------
  Total                         :     53.450

Cpu time per module (seconds)

  Parser                        :        0.0
  Preprocessor                  :        0.0
  Lr solver manager             :        0.1
  Column generator              :       90.6
    (Shortest path)             :       80.8
  Master problem                :      172.8
  -------------------
  Total (without b&b)           :      263.4

Real elapsed time (seconds)

  Parser                        :        0.0
  Preprocessor                  :        0.0
  Lr solver manager             :        0.1
  Column generator              :       90.6
    (Shortest path)             :       81.0
  Master problem                :      172.8
  -------------------
  Total (without b&b)           :      263.5
