Cover_T0 52
Cover_T1 -52
Cover_T2 52
Cover_T3 -52
Cover_T4 52
Cover_T5 -52
Cover_T6 52
Cover_T7 -52
Cover_T8 54
Cover_T9 -52
Cover_T10 54
Cover_T11 -50
Cover_T12 54
Cover_T13 -50
Cover_T14 54
Cover_T15 -50
Cover_T16 54
Cover_T17 -50
Cover_T18 54
Cover_T19 -50
Cover_T20 52
Cover_T21 -50
Cover_T22 56
Cover_T23 -50
Cover_T24 54
Cover_T25 -50
Cover_T26 56
Cover_T27 -48
Cover_T28 58
Cover_T29 -48
Cover_T30 52
Cover_T31 -46
Cover_T32 50
Cover_T33 -46
Cover_T34 54
Cover_T35 -46
Cover_T36 50
Cover_T37 -36
Cover_T38 54
Cover_T39 -40
Cover_T40 54
Cover_T41 -40
Cover_T42 52
Cover_T43 -38
Cover_T44 68
Cover_T45 6
Cover_T46 54
Cover_T47 4
Cover_T48 50
Cover_T49 980
Cover_T50 1042
Cover_T51 986
Cover_T52 1044
Cover_T53 986
Cover_T54 1042
Cover_T55 968
Cover_T56 998
Cover_T57 982
Cover_T58 1000
Cover_T59 986
Cover_T60 12
Cover_T61 -6
Cover_T62 18
Cover_T63 -4
Cover_T64 0
Cover_T65 -12
Cover_T66 4
Cover_T67 -8
Cover_T68 -6
Cover_T69 -6
Cover_T70 -26
Cover_T71 2.37247e-10
Cover_T72 -42
Cover_T73 12
Cover_T74 6
Cover_T75 10
Cover_T76 0
Cover_T77 20
Cover_T78 -10
Cover_T79 36
Cover_T80 -26
Cover_T81 52
Cover_T82 -42
Cover_T83 4
Cover_T84 -10
Cover_T85 4
Cover_T86 -26
Cover_T87 20
Cover_T88 -42
Cover_T89 36
Cover_T90 -10
Cover_T91 52
Cover_T92 -26
Cover_T93 20
Cover_T94 -42
Cover_T95 36
Cover_T96 10
Cover_T97 52
Cover_T98 2
Cover_T99 20
Cover_T100 2
Cover_T101 36
Cover_T102 2
Cover_T103 52
Cover_T104 6
Cover_T105 -7.40842e-09
Cover_T106 -12
Cover_T107 -9.26548e-11
Cover_T108 -4.02167e-11
Cover_T109 0
Cover_T110 10
Cover_T111 0
Cover_T112 0
Cover_T113 20
Cover_T114 6
Cover_T115 8
Cover_T116 6
Cover_T117 -2
Cover_T118 4
Cover_T119 4
Cover_T120 0
Cover_T121 -6
Cover_T122 0
Cover_T123 0
Cover_T124 2
Cover_T125 4
Cover_T126 12
Cover_T127 6
Cover_T128 0
Cover_T129 10
Cover_T130 2
Cover_T131 10
Cover_T132 2
Cover_T133 10
Cover_T134 6
Cover_T135 5.78897e-11
Cover_T136 -14
Cover_T137 2
Cover_T138 -24
Cover_T139 6
Cover_T140 -44
Cover_T141 2
Cover_T142 0
Cover_T143 22
Cover_T144 -16
Cover_T145 32
Cover_T146 -36
Cover_T147 52
Cover_T148 6
Cover_T149 8
Cover_T150 -14
Cover_T151 24
Cover_T152 -34
Cover_T153 44
Cover_T154 -4
Cover_T155 2
Cover_T156 -24
Cover_T157 20
Cover_T158 8
Cover_T159 36
Cover_T160 10
Cover_T161 52
Cover_T162 -6
Cover_T163 18
Cover_T164 12
Cover_T165 38
Cover_T166 8
Cover_T167 2
Cover_T168 4
Cover_T169 5.11884e-09
Cover_T170 2.29763e-11
Cover_T171 24
Cover_T172 12
Cover_T173 4
Cover_T174 -2
Cover_T175 14
Cover_T176 -18
Cover_T177 20
Cover_T178 -32
Cover_T179 26
Cover_T180 4
Cover_T181 20
Cover_T182 4
Cover_T183 34
Cover_T184 4
Cover_T185 52
Cover_T186 2
Cover_T187 68
Cover_T188 -14
Cover_T189 26
Cover_T190 2
Cover_T191 32
Cover_T192 -4
Cover_T193 26
Cover_T194 -2
Cover_T195 32
Cover_T196 -12
Cover_T197 50
Cover_T198 -12
Cover_T199 34
Cover_T200 -12
Cover_T201 24
Cover_T202 -16
Cover_T203 32
Cover_T204 -18
Cover_T205 36
Cover_T206 -22
Cover_T207 28
Cover_T208 -20
Cover_T209 32
Cover_T210 -26
Cover_T211 40
Cover_T212 -26
Cover_T213 42
Cover_T214 -24
Cover_T215 42
Cover_T216 -28
Cover_T217 32
Cover_T218 -28
Cover_T219 44
Cover_T220 -32
Cover_T221 42
Cover_T222 -32
Cover_T223 38
Cover_T224 -34
Cover_T225 44
Cover_T226 -34
Cover_T227 34
Cover_T228 -34
Cover_T229 56
Cover_T230 -34
Cover_T231 50
Cover_T232 -34
Cover_T233 46
Cover_T234 -40
Cover_T235 48
Cover_T236 -34
Cover_T237 50
Cover_T238 -32
Cover_T239 48
Cover_T240 -34
Cover_T241 50
Cover_T242 -42
Cover_T243 46
Cover_T244 -38
Cover_T245 52
Cover_T246 -40
Cover_T247 54
Cover_T248 -36
Cover_T249 62
Cover_T250 -38
Cover_T251 66
Cover_T252 -38
Cover_T253 64
Cover_T254 -38
Cover_T255 60
Cover_T256 -44
Cover_T257 60
Cover_T258 52
Cover_T259 -50
Cover_T260 52
Cover_T261 -50
Cover_T262 54
Cover_T263 -48
Cover_T264 56
Cover_T265 -48
Cover_T266 58
Cover_T267 -48
Cover_T268 52
Cover_T269 -46
Cover_T270 56
Cover_T271 -46
Cover_T272 54
Cover_T273 -44
Cover_T274 54
Cover_T275 -46
Cover_T276 48
Cover_T277 -44
Cover_T278 54
Cover_T279 -42
Cover_T280 54
Cover_T281 -40
Cover_T282 52
Cover_T283 -40
Cover_T284 52
Cover_T285 -38
Cover_T286 66
Cover_T287 6
Cover_T288 54
Cover_T289 4
Cover_T290 48
Cover_T291 980
Cover_T292 1042
Cover_T293 986
Cover_T294 1042
Cover_T295 970
Cover_T296 998
Cover_T297 980
Cover_T298 1000
Cover_T299 986
Cover_T300 24
Cover_T301 -4
Cover_T302 8
Cover_T303 -10
Cover_T304 -1.18641e-09
Cover_T305 -14
Cover_T306 0
Cover_T307 -8
Cover_T308 -14
Cover_T309 2
Cover_T310 -34
Cover_T311 -1.12713e-10
Cover_T312 0
Cover_T313 12
Cover_T314 1.29489e-10
Cover_T315 28
Cover_T316 -6
Cover_T317 44
Cover_T318 -22
Cover_T319 -4
Cover_T320 -38
Cover_T321 2
Cover_T322 -6
Cover_T323 12
Cover_T324 -22
Cover_T325 28
Cover_T326 -38
Cover_T327 44
Cover_T328 -6
Cover_T329 12
Cover_T330 -22
Cover_T331 28
Cover_T332 -38
Cover_T333 44
Cover_T334 14
Cover_T335 12
Cover_T336 6
Cover_T337 28
Cover_T338 2
Cover_T339 44
Cover_T340 6
Cover_T341 -8
Cover_T342 10
Cover_T343 -2.498e-12
Cover_T344 -6
Cover_T345 0
Cover_T346 10
Cover_T347 1.87249e-10
Cover_T348 -6
Cover_T349 -4
Cover_T350 8
Cover_T351 12
Cover_T352 -3.89733e-12
Cover_T353 -4
Cover_T354 12
Cover_T355 12
Cover_T356 0
Cover_T357 -2
Cover_T358 4.37612e-11
Cover_T359 8
Cover_T360 -6
Cover_T361 2
Cover_T362 2
Cover_T363 0
Cover_T364 -1.42772e-10
Cover_T365 6
Cover_T366 6
Cover_T367 -2
Cover_T368 2
Cover_T369 0
Cover_T370 6
Cover_T371 -10
Cover_T372 14
Cover_T373 2
Cover_T374 -2
Cover_T375 0
Cover_T376 -18
Cover_T377 0
Cover_T378 -24
Cover_T379 -8
Cover_T380 -40
Cover_T381 8
Cover_T382 8
Cover_T383 24
Cover_T384 -8
Cover_T385 32
Cover_T386 -24
Cover_T387 52
Cover_T388 -44
Cover_T389 8
Cover_T390 -2
Cover_T391 24
Cover_T392 -22
Cover_T393 44
Cover_T394 -42
Cover_T395 2
Cover_T396 -12
Cover_T397 22
Cover_T398 -32
Cover_T399 42
Cover_T400 14
Cover_T401 12
Cover_T402 -6
Cover_T403 32
Cover_T404 8
Cover_T405 -8
Cover_T406 0
Cover_T407 8
Cover_T408 0
Cover_T409 0
Cover_T410 12
Cover_T411 0
Cover_T412 7.55784e-09
Cover_T413 4
Cover_T414 -12
Cover_T415 12
Cover_T416 -34
Cover_T417 0
Cover_T418 8
Cover_T419 28
Cover_T420 4
Cover_T421 44
Cover_T422 2
Cover_T423 50
Cover_T424 2
Cover_T425 22
Cover_T426 -18
Cover_T427 24
Cover_T428 -8
Cover_T429 12
Cover_T430 -12
Cover_T431 34
Cover_T432 -12
Cover_T433 30
Cover_T434 -14
Cover_T435 20
Cover_T436 -16
Cover_T437 24
Cover_T438 -34
Cover_T439 26
Cover_T440 -20
Cover_T441 28
Cover_T442 -26
Cover_T443 40
Cover_T444 -24
Cover_T445 30
Cover_T446 -40
Cover_T447 32
Cover_T448 -28
Cover_T449 34
Cover_T450 -28
Cover_T451 34
Cover_T452 -28
Cover_T453 32
Cover_T454 -28
Cover_T455 36
Cover_T456 -38
Cover_T457 36
Cover_T458 -34
Cover_T459 36
Cover_T460 -40
Cover_T461 36
Cover_T462 -30
Cover_T463 44
Cover_T464 -46
Cover_T465 42
Cover_T466 -38
Cover_T467 48
Cover_T468 -34
Cover_T469 40
Cover_T470 -30
Cover_T471 56
Cover_T472 -46
Cover_T473 46
Cover_T474 -30
Cover_T475 44
Cover_T476 -44
Cover_T477 42
Cover_T478 -34
Cover_T479 54
Cover_T480 -32
Cover_T481 46
Cover_T482 -38
Cover_T483 44
Cover_T484 -40
Cover_T485 58
Cover_T486 -34
Cover_T487 44
Cover_T488 -36
Cover_T489 42
Cover_T490 -34
Cover_T491 46
Cover_T492 -40
Cover_T493 48
Cover_T494 -36
Cover_T495 46
Cover_T496 -36
Cover_T497 46
Cover_T498 -36
Cover_T499 66
Cover_T500 -38
Cover_T501 58
Cover_T502 -44
Cover_T503 66
Cover_T504 -44
Cover_T505 60
Cover_T506 54
Cover_T507 -46
Cover_T508 56
Cover_T509 -50
Cover_T510 58
Cover_T511 -44
Cover_T512 48
Cover_T513 -38
Cover_T514 54
Cover_T515 -44
Cover_T516 58
Cover_T517 -38
Cover_T518 64
Cover_T519 0
Cover_T520 58
Cover_T521 8
Cover_T522 48
Cover_T523 0
Cover_T524 50
Cover_T525 980
Cover_T526 1036
Cover_T527 982
Cover_T528 1036
Cover_T529 978
Cover_T530 1036
Cover_T531 986
Cover_T532 1036
Cover_T533 986
Cover_T534 1042
Cover_T535 982
Cover_T536 1034
Cover_T537 986
Cover_T538 1044
Cover_T539 968
Cover_T540 990
Cover_T541 978
Cover_T542 994
Cover_T543 986
Cover_T544 994
Cover_T545 986
Cover_T546 16
Cover_T547 -12
Cover_T548 2
Cover_T549 -6
Cover_T550 -2
Cover_T551 -10
Cover_T552 -16
Cover_T553 -2
Cover_T554 -38
Cover_T555 -6
Cover_T556 6
Cover_T557 10
Cover_T558 2
Cover_T559 12
Cover_T560 -16
Cover_T561 22
Cover_T562 -32
Cover_T563 38
Cover_T564 -48
Cover_T565 1.4652e-10
Cover_T566 -16
Cover_T567 0
Cover_T568 -32
Cover_T569 6
Cover_T570 -48
Cover_T571 22
Cover_T572 -16
Cover_T573 38
Cover_T574 -32
Cover_T575 52
Cover_T576 -44
Cover_T577 16
Cover_T578 12
Cover_T579 28
Cover_T580 7.51902e-09
Cover_T581 40
Cover_T582 8
Cover_T583 52
Cover_T584 9.2061e-11
Cover_T585 16
Cover_T586 4
Cover_T587 28
Cover_T588 12
Cover_T589 40
Cover_T590 2.92502e-10
Cover_T591 52
Cover_T592 -12
Cover_T593 -4
Cover_T594 8
Cover_T595 0
Cover_T596 -4
Cover_T597 0
Cover_T598 14
Cover_T599 8
Cover_T600 2
Cover_T601 4
Cover_T602 1.77661e-11
Cover_T603 -4
Cover_T604 14
Cover_T605 8
Cover_T606 2
Cover_T607 20
Cover_T608 -3.17284e-11
Cover_T609 0
Cover_T610 -6.96865e-11
Cover_T611 12
Cover_T612 2
Cover_T613 -6
Cover_T614 2
Cover_T615 0
Cover_T616 2
Cover_T617 -12
Cover_T618 4
Cover_T619 -4.65388e-11
Cover_T620 14
Cover_T621 0
Cover_T622 2
Cover_T623 0
Cover_T624 4
Cover_T625 4
Cover_T626 4
Cover_T627 4
Cover_T628 12
Cover_T629 2
Cover_T630 -6
Cover_T631 -4
Cover_T632 -16
Cover_T633 0
Cover_T634 -36
Cover_T635 -2
Cover_T636 8
Cover_T637 -6
Cover_T638 -8
Cover_T639 14
Cover_T640 -28
Cover_T641 24
Cover_T642 -44
Cover_T643 36
Cover_T644 6
Cover_T645 48
Cover_T646 -6
Cover_T647 -4
Cover_T648 -18
Cover_T649 8
Cover_T650 -30
Cover_T651 16
Cover_T652 -42
Cover_T653 28
Cover_T654 -4
Cover_T655 40
Cover_T656 -16
Cover_T657 52
Cover_T658 -28
Cover_T659 2
Cover_T660 8
Cover_T661 14
Cover_T662 14
Cover_T663 26
Cover_T664 2
Cover_T665 38
Cover_T666 -10
Cover_T667 50
Cover_T668 12
Cover_T669 18
Cover_T670 7.52698e-09
Cover_T671 26
Cover_T672 4.60406e-09
Cover_T673 42
Cover_T674 0
Cover_T675 0
Cover_T676 0
Cover_T677 4
Cover_T678 14
Cover_T679 12
Cover_T680 4
Cover_T681 30
Cover_T682 -6
Cover_T683 12
Cover_T684 -22
Cover_T685 20
Cover_T686 -38
Cover_T687 16
Cover_T688 -6
Cover_T689 2
Cover_T690 0
Cover_T691 22
Cover_T692 2
Cover_T693 32
Cover_T694 -2
Cover_T695 58
Cover_T696 -18
Cover_T697 68
Cover_T698 -2
Cover_T699 30
Cover_T700 -4
Cover_T701 24
Cover_T702 -10
Cover_T703 20
Cover_T704 -2
Cover_T705 28
Cover_T706 -4
Cover_T707 30
Cover_T708 -12
Cover_T709 42
Cover_T710 -12
Cover_T711 52
Cover_T712 -12
Cover_T713 34
Cover_T714 -14
Cover_T715 34
Cover_T716 -12
Cover_T717 32
Cover_T718 -18
Cover_T719 30
Cover_T720 -20
Cover_T721 32
Cover_T722 -20
Cover_T723 34
Cover_T724 -24
Cover_T725 34
Cover_T726 -24
Cover_T727 34
Cover_T728 -26
Cover_T729 36
Cover_T730 -26
Cover_T731 34
Cover_T732 -32
Cover_T733 32
Cover_T734 -28
Cover_T735 44
Cover_T736 -28
Cover_T737 34
Cover_T738 -40
Cover_T739 38
Cover_T740 -34
Cover_T741 42
Cover_T742 -30
Cover_T743 40
Cover_T744 -30
Cover_T745 42
Cover_T746 -30
Cover_T747 52
Cover_T748 -30
Cover_T749 44
Cover_T750 -36
Cover_T751 44
Cover_T752 -30
Cover_T753 44
Cover_T754 -30
Cover_T755 44
Cover_T756 -40
Cover_T757 46
Cover_T758 -32
Cover_T759 52
Cover_T760 -34
Cover_T761 46
Cover_T762 -36
Cover_T763 52
Cover_T764 -40
Cover_T765 60
Cover_T766 -40
Cover_T767 54
Cover_T768 -36
Cover_T769 60
Cover_T770 -36
Cover_T771 62
Cover_T772 -38
Cover_T773 66
Cover_T774 -38
Cover_T775 64
Cover_T776 -38
Cover_T777 60
Cover_T778 -44
Cover_T779 60
Cover_T780 30
Cover_T781 -1.776e-10
Cover_T782 34
Cover_T783 2
Cover_T784 18
Cover_T785 -2.26009e-10
Cover_T786 10
Cover_T787 6
Cover_T788 8
Cover_T789 0
Cover_T790 46
Cover_T791 44
Cover_T792 34
Cover_T793 54
Cover_T794 20
Cover_T795 1030
Cover_T796 1084
Cover_T797 1030
Cover_T798 1082
Cover_T799 1034
Cover_T800 1082
Cover_T801 1034
Cover_T802 1068
Cover_T803 994
Cover_T804 1036
Cover_T805 1006
Cover_T806 1038
Cover_T807 1018
Cover_T808 54
Cover_T809 -36
Cover_T810 52
Cover_T811 4
Cover_T812 14
Cover_T813 52
Cover_T814 -26
Cover_T815 52
Cover_T816 -30
Cover_T817 24
Cover_T818 32
Cover_T819 52
Cover_T820 20
Cover_T821 62
Cover_T822 8
Cover_T823 58
Cover_T824 0
Cover_T825 52
Cover_T826 60
Cover_T827 68
Cover_T828 42
Cover_T829 72
Cover_T830 30
Cover_T831 0
Cover_T832 52
Cover_T833 4
Cover_T834 36
Cover_T835 18
Cover_T836 24
Cover_T837 34
Cover_T838 6
Cover_T839 -16
Cover_T840 0
Cover_T841 0
Cover_T842 44
Cover_T843 -2
Cover_T844 22
Cover_T845 16
Cover_T846 30
Cover_T847 38
Cover_T848 34
Cover_T849 42
Cover_T850 16
Cover_T851 0
Cover_T852 24
Cover_T853 0
Cover_T854 24
Cover_T855 6
Cover_T856 24
Cover_T857 18
Count_D0 -984
Count_D1 -1000
Max_H0_P0 0
Max_H0_P1 0
Max_H0_P2 0
Max_H0_P3 0
Max_H0_P4 0
Max_H0_P5 0
Max_H0_P6 -2
Max_H0_P7 0
Max_H0_P8 0
Max_H0_P9 0
Max_H0_P10 0
Max_H0_P11 0
Max_H0_P12 0
Max_H0_P13 0
Max_H0_P14 0
Max_H0_P15 4.88354e-11
Max_H0_P16 -4.43077e-11
Max_H0_P17 -4.14531e-11
Max_H0_P18 -3.99503e-11
Max_H0_P19 -3.00151e-11
Max_H0_P20 -2.82538e-11
Max_H0_P21 0
Max_H0_P22 -3.28345e-11
Max_H0_P23 3.842e-11
Max_H0_P24 -1.24558e-11
Max_H0_P25 -1.20566e-11
Max_H0_P26 3.31468e-11
Max_H0_P27 2.14113e-11
Max_H0_P28 6.46486e-11
Max_H0_P29 -1.74887e-11
Max_H0_P30 -1.74887e-11
Max_H0_P31 -8.51585e-12
Max_H0_P32 2.48977e-11
Max_H0_P33 5.70233e-12
Max_H0_P34 -6.44248e-12
Max_H0_P35 -7.67574e-11
Max_H0_P36 8.02192e-12
Max_H0_P37 -1.13596e-11
Max_H0_P38 0
Max_H0_P39 -2.53664e-11
Max_H0_P40 0
Max_H0_P41 1.55802e-11
Max_H0_P42 0
Max_H0_P43 0
Max_H0_P44 0
Max_H0_P45 0
Max_H0_P46 0
Max_H0_P47 0
Max_H0_P48 0
Max_H0_P49 0
Max_H0_P50 0
Max_H0_P51 0
Max_H0_P52 0
Max_H0_P53 0
Max_H0_P54 0
Max_H0_P55 0
Max_H0_P56 0
Max_H0_P57 0
Max_H0_P58 0
Max_H0_P59 1.1855e-10
Max_H0_P60 -2.35989e-11
Max_H0_P61 0
Max_H0_P62 0
Max_H0_P63 0
Max_H0_P64 0
Max_H0_P65 0
Max_H0_P66 0
Max_H0_P67 0
Max_H0_P68 0
Max_H0_P69 0
Max_H0_P70 0
Max_H0_P71 0
Max_H0_P72 0
Max_H0_P73 0
Max_H0_P74 0
Max_H0_P75 0
Max_H0_P76 0
Max_H0_P77 -9.38277e-12
Max_H0_P78 2.00018e-12
Max_H0_P79 0
Max_H0_P80 0
Max_H0_P81 0
Max_H1_P0 0
Max_H1_P1 0
Max_H1_P2 0
Max_H1_P3 0
Max_H1_P4 0
Max_H1_P5 -3.26352e-11
Max_H1_P6 -2
Max_H1_P7 0
Max_H1_P8 0
Max_H1_P9 0
Max_H1_P10 8.98526e-11
Max_H1_P11 0
Max_H1_P12 0
Max_H1_P13 0
Max_H1_P14 0
Max_H1_P15 4.64211e-11
Max_H1_P16 -2.24438e-11
Max_H1_P17 -1.20337e-10
Max_H1_P18 2.89064e-11
Max_H1_P19 -4.39107e-11
Max_H1_P20 -1.04994e-10
Max_H1_P21 -2.67185e-11
Max_H1_P22 -2.86491e-11
Max_H1_P23 2.52052e-11
Max_H1_P24 9.17453e-11
Max_H1_P25 5.2637e-11
Max_H1_P26 3.36492e-11
Max_H1_P27 -2.88169e-11
Max_H1_P28 4.53707e-11
Max_H1_P29 -5.65414e-11
Max_H1_P30 -5.13968e-11
Max_H1_P31 -8.72952e-11
Max_H1_P32 0
Max_H1_P33 0
Max_H1_P34 0
Max_H1_P35 -2.18137e-11
Max_H1_P36 1.93978e-12
Max_H1_P37 1.47597e-11
Max_H1_P38 2.26237e-11
Max_H1_P39 0
Max_H1_P40 -7.33191e-11
Max_H1_P41 8.78606e-11
Max_H1_P42 0
Max_H1_P43 0
Max_H1_P44 0
Max_H1_P45 0
Max_H1_P46 -1.47811e-11
Max_H1_P47 0
Max_H1_P48 0
Max_H1_P49 0
Max_H1_P50 0
Max_H1_P51 0
Max_H1_P52 0
Max_H1_P53 0
Max_H1_P54 0
Max_H1_P55 0
Max_H1_P56 0
Max_H1_P57 0
Max_H1_P58 0
Max_H1_P59 0
Max_H1_P60 3.10832e-11
Max_H1_P61 -8.10054e-11
Max_H1_P62 0
Max_H1_P63 0
Max_H1_P64 -7.2907e-11
Max_H1_P65 0
Max_H1_P66 -7.45608e-11
Max_H1_P67 0
Max_H1_P68 0
Max_H1_P69 0
Max_H1_P70 0
Max_H1_P71 0
Max_H1_P72 0
Max_H1_P73 0
Max_H1_P74 0
Max_H1_P75 0
Max_H1_P76 0
Max_H1_P77 1.81899e-12
Max_H1_P78 2.82023e-11
Max_H1_P79 0
Max_H1_P80 0
Max_H1_P81 0
