
Branch and bound

  Entire solving process        :                           (Time    643.9)
  No feasible solution was found
  Best relaxation cost          :     60348.15 (Node     0) (Time    643.9)
  Lower bound after cuts        :     60348.15
  End lower bound               :     60348.15
  Deepest level reached         : 0
  Deepest real level reached    : 0
  Number of real nodes solved   : 1
  Stopping condition            : enough nodes explored

Problem identification

  Problem                       : <null>
  Machine                       : oslo1.gerad.lan

Solving process summary

  Linear relaxations            :        1
  Column generation iterations  :      176
  Shortest paths solved         :     4588
  Columns generated             :    52000

Instance characteristics

  Resources                     : 3
  Node types                    : no
  Arc types                     : no
  Strong resource windows       : no
  Weak resource windows         : no
  Resource windows (nodes)      : 3
  Resource values (arcs)        : 3
  Values on nodes               : no

  Rows                          : 1024
  Initial columns               : 2
  Tasks                         : 862
  Strong tasks                  : 858
  Weak tasks                    : 4
  Initial task constraints      : no
  Nodes                         : 1190
  Arc sets                      : 1
  Arcs                          : 33891
  Networks                      : 2
  Models                        : 1

Memory used per module (Megs)

  Parser (reused)               :      7.031
  Networks                      :     30.998
  Column generator              :     11.503
  Master problem                :     10.056
  -----------------
  Total                         :     52.557

Cpu time per module (seconds)

  Parser                        :        0.0
  Preprocessor                  :        0.0
  Lr solver manager             :        0.3
  Column generator              :       84.9
    (Shortest path)             :       70.5
  Master problem                :      558.7
  -------------------
  Total (without b&b)           :      643.9

Real elapsed time (seconds)

  Parser                        :        0.0
  Preprocessor                  :        0.0
  Lr solver manager             :        0.1
  Column generator              :       85.0
    (Shortest path)             :       70.1
  Master problem                :      558.8
  -------------------
  Total (without b&b)           :      643.9
