
Branch and bound

  Entire solving process        :                           (Time     72.9)
  No feasible solution was found
  Best relaxation cost          :     50983.99 (Node     0) (Time     72.9)
  Lower bound after cuts        :     50983.99
  End lower bound               :     50983.99
  Deepest level reached         : 0
  Deepest real level reached    : 0
  Number of real nodes solved   : 1
  Stopping condition            : enough nodes explored

Problem identification

  Problem                       : <null>
  Machine                       : oslo3.gerad.lan

Solving process summary

  Linear relaxations            :        1
  Column generation iterations  :      106
  Shortest paths solved         :     7202
  Columns generated             :    43570

Instance characteristics

  Resources                     : 3
  Node types                    : no
  Arc types                     : no
  Strong resource windows       : no
  Weak resource windows         : no
  Resource windows (nodes)      : 3
  Resource values (arcs)        : 3
  Values on nodes               : no

  Rows                          : 847
  Initial columns               : 352
  Tasks                         : 685
  Strong tasks                  : 477
  Weak tasks                    : 4
  Initial task constraints      : no
  Nodes                         : 1013
  Arc sets                      : 1
  Arcs                          : 22652
  Networks                      : 2
  Models                        : 1

Memory used per module (Megs)

  Parser (reused)               :      4.851
  Networks                      :     26.760
  Column generator              :      4.238
  Master problem                :      8.544
  -----------------
  Total                         :     39.542

Cpu time per module (seconds)

  Parser                        :        0.0
  Preprocessor                  :        0.0
  Lr solver manager             :        0.1
  Column generator              :       25.9
    (Shortest path)             :       21.8
  Master problem                :       46.9
  -------------------
  Total (without b&b)           :       72.9

Real elapsed time (seconds)

  Parser                        :        0.0
  Preprocessor                  :        0.0
  Lr solver manager             :        0.0
  Column generator              :       25.8
    (Shortest path)             :       21.7
  Master problem                :       47.0
  -------------------
  Total (without b&b)           :       72.9
