Cover_T0 52
Cover_T1 -52
Cover_T2 52
Cover_T3 -52
Cover_T4 52
Cover_T5 -52
Cover_T6 52
Cover_T7 -52
Cover_T8 52
Cover_T9 -52
Cover_T10 52
Cover_T11 -52
Cover_T12 54
Cover_T13 -50
Cover_T14 54
Cover_T15 -48
Cover_T16 54
Cover_T17 -46
Cover_T18 60
Cover_T19 -42
Cover_T20 56
Cover_T21 -48
Cover_T22 60
Cover_T23 -36
Cover_T24 72
Cover_T25 -36
Cover_T26 60
Cover_T27 -40
Cover_T28 68
Cover_T29 -18
Cover_T30 66
Cover_T31 -26
Cover_T32 50
Cover_T33 24
Cover_T34 60
Cover_T35 0
Cover_T36 44
Cover_T37 16
Cover_T38 40
Cover_T39 0
Cover_T40 64
Cover_T41 944
Cover_T42 974
Cover_T43 940
Cover_T44 988
Cover_T45 956
Cover_T46 960
Cover_T47 932
Cover_T48 42
Cover_T49 -24
Cover_T50 20
Cover_T51 -28
Cover_T52 -4
Cover_T53 -20
Cover_T54 32
Cover_T55 4
Cover_T56 0
Cover_T57 20
Cover_T58 42
Cover_T59 44
Cover_T60 16
Cover_T61 4
Cover_T62 14
Cover_T63 28
Cover_T64 4
Cover_T65 -16
Cover_T66 4
Cover_T67 8
Cover_T68 -6
Cover_T69 8
Cover_T70 -30
Cover_T71 6
Cover_T72 10
Cover_T73 4
Cover_T74 6
Cover_T75 28
Cover_T76 10
Cover_T77 52
Cover_T78 4
Cover_T79 12
Cover_T80 6
Cover_T81 12
Cover_T82 -14
Cover_T83 4
Cover_T84 0
Cover_T85 6
Cover_T86 32
Cover_T87 2
Cover_T88 12
Cover_T89 22
Cover_T90 34
Cover_T91 8
Cover_T92 14
Cover_T93 -12
Cover_T94 4
Cover_T95 -22
Cover_T96 -16
Cover_T97 4
Cover_T98 -48
Cover_T99 10
Cover_T100 14
Cover_T101 22
Cover_T102 14
Cover_T103 46
Cover_T104 14
Cover_T105 10
Cover_T106 6
Cover_T107 8
Cover_T108 20
Cover_T109 -2.71232e-11
Cover_T110 12
Cover_T111 -9.77707e-12
Cover_T112 -6
Cover_T113 16
Cover_T114 -30
Cover_T115 2
Cover_T116 -6
Cover_T117 10
Cover_T118 -30
Cover_T119 30
Cover_T120 10
Cover_T121 54
Cover_T122 14
Cover_T123 30
Cover_T124 -10
Cover_T125 54
Cover_T126 36
Cover_T127 26
Cover_T128 12
Cover_T129 32
Cover_T130 36
Cover_T131 50
Cover_T132 12
Cover_T133 0
Cover_T134 14
Cover_T135 42
Cover_T136 0
Cover_T137 16
Cover_T138 -26
Cover_T139 16
Cover_T140 6
Cover_T141 24
Cover_T142 -14
Cover_T143 44
Cover_T144 -34
Cover_T145 76
Cover_T146 2.38849e-11
Cover_T147 32
Cover_T148 4
Cover_T149 46
Cover_T150 0
Cover_T151 72
Cover_T152 -16
Cover_T153 36
Cover_T154 -16
Cover_T155 30
Cover_T156 -4
Cover_T157 38
Cover_T158 -18
Cover_T159 42
Cover_T160 -18
Cover_T161 38
Cover_T162 -18
Cover_T163 40
Cover_T164 -26
Cover_T165 32
Cover_T166 -24
Cover_T167 26
Cover_T168 -28
Cover_T169 44
Cover_T170 -26
Cover_T171 44
Cover_T172 -26
Cover_T173 46
Cover_T174 -28
Cover_T175 44
Cover_T176 -26
Cover_T177 46
Cover_T178 -26
Cover_T179 40
Cover_T180 -26
Cover_T181 32
Cover_T182 -26
Cover_T183 62
Cover_T184 -26
Cover_T185 58
Cover_T186 -28
Cover_T187 64
Cover_T188 -28
Cover_T189 68
Cover_T190 -28
Cover_T191 70
Cover_T192 -30
Cover_T193 74
Cover_T194 -36
Cover_T195 68
Cover_T196 -42
Cover_T197 56
Cover_T198 52
Cover_T199 -52
Cover_T200 54
Cover_T201 -52
Cover_T202 58
Cover_T203 -52
Cover_T204 62
Cover_T205 -46
Cover_T206 60
Cover_T207 -40
Cover_T208 58
Cover_T209 -28
Cover_T210 72
Cover_T211 -30
Cover_T212 60
Cover_T213 28
Cover_T214 36
Cover_T215 6
Cover_T216 30
Cover_T217 12
Cover_T218 76
Cover_T219 38
Cover_T220 10
Cover_T221 932
Cover_T222 970
Cover_T223 932
Cover_T224 970
Cover_T225 946
Cover_T226 980
Cover_T227 918
Cover_T228 954
Cover_T229 924
Cover_T230 54
Cover_T231 -32
Cover_T232 54
Cover_T233 -40
Cover_T234 8
Cover_T235 -22
Cover_T236 -32
Cover_T237 0
Cover_T238 6.77858e-11
Cover_T239 34
Cover_T240 36
Cover_T241 0
Cover_T242 12
Cover_T243 20
Cover_T244 10
Cover_T245 -24
Cover_T246 0
Cover_T247 0
Cover_T248 0
Cover_T249 0
Cover_T250 -10
Cover_T251 10
Cover_T252 -34
Cover_T253 10
Cover_T254 6
Cover_T255 20
Cover_T256 2
Cover_T257 44
Cover_T258 6
Cover_T259 4
Cover_T260 0
Cover_T261 8
Cover_T262 0
Cover_T263 4
Cover_T264 10
Cover_T265 10
Cover_T266 38
Cover_T267 10
Cover_T268 14
Cover_T269 1.73959e-10
Cover_T270 32
Cover_T271 -30
Cover_T272 12
Cover_T273 -10
Cover_T274 -2
Cover_T275 -32
Cover_T276 -2.7132e-11
Cover_T277 -12
Cover_T278 -8
Cover_T279 2
Cover_T280 -28
Cover_T281 -9.4591e-12
Cover_T282 6
Cover_T283 20
Cover_T284 0
Cover_T285 52
Cover_T286 0
Cover_T287 -2
Cover_T288 0
Cover_T289 6
Cover_T290 10
Cover_T291 6
Cover_T292 2
Cover_T293 14
Cover_T294 -16
Cover_T295 0
Cover_T296 -40
Cover_T297 8
Cover_T298 -16
Cover_T299 26
Cover_T300 -40
Cover_T301 52
Cover_T302 0
Cover_T303 26
Cover_T304 4
Cover_T305 52
Cover_T306 -20
Cover_T307 20
Cover_T308 26
Cover_T309 12
Cover_T310 -6.33783e-10
Cover_T311 50
Cover_T312 24
Cover_T313 10
Cover_T314 36
Cover_T315 34
Cover_T316 16
Cover_T317 14
Cover_T318 -14
Cover_T319 1.08585e-10
Cover_T320 6
Cover_T321 34
Cover_T322 -20
Cover_T323 56
Cover_T324 -4
Cover_T325 46
Cover_T326 -2
Cover_T327 74
Cover_T328 -4
Cover_T329 42
Cover_T330 -4
Cover_T331 40
Cover_T332 -18
Cover_T333 36
Cover_T334 -20
Cover_T335 36
Cover_T336 -18
Cover_T337 32
Cover_T338 -24
Cover_T339 30
Cover_T340 -24
Cover_T341 26
Cover_T342 -40
Cover_T343 26
Cover_T344 -30
Cover_T345 26
Cover_T346 -26
Cover_T347 42
Cover_T348 -40
Cover_T349 30
Cover_T350 -26
Cover_T351 26
Cover_T352 -26
Cover_T353 40
Cover_T354 -34
Cover_T355 26
Cover_T356 -26
Cover_T357 26
Cover_T358 -26
Cover_T359 34
Cover_T360 -30
Cover_T361 26
Cover_T362 -50
Cover_T363 26
Cover_T364 -42
Cover_T365 32
Cover_T366 -38
Cover_T367 54
Cover_T368 -34
Cover_T369 52
Cover_T370 -28
Cover_T371 48
Cover_T372 -30
Cover_T373 52
Cover_T374 -32
Cover_T375 52
Cover_T376 -30
Cover_T377 62
Cover_T378 -36
Cover_T379 56
Cover_T380 -36
Cover_T381 62
Cover_T382 -42
Cover_T383 64
Cover_T384 -36
Cover_T385 68
Cover_T386 -36
Cover_T387 70
Cover_T388 -18
Cover_T389 62
Cover_T390 28
Cover_T391 64
Cover_T392 20
Cover_T393 56
Cover_T394 16
Cover_T395 82
Cover_T396 20
Cover_T397 1020
Cover_T398 924
Cover_T399 1020
Cover_T400 930
Cover_T401 984
Cover_T402 952
Cover_T403 986
Cover_T404 954
Cover_T405 966
Cover_T406 916
Cover_T407 940
Cover_T408 -34
Cover_T409 30
Cover_T410 -18
Cover_T411 0
Cover_T412 -30
Cover_T413 -22
Cover_T414 -32
Cover_T415 16
Cover_T416 -16
Cover_T417 16
Cover_T418 2.92712e-10
Cover_T419 -12
Cover_T420 8
Cover_T421 40
Cover_T422 24
Cover_T423 22
Cover_T424 40
Cover_T425 0
Cover_T426 4
Cover_T427 0
Cover_T428 24
Cover_T429 0
Cover_T430 -20
Cover_T431 2
Cover_T432 4
Cover_T433 -22
Cover_T434 4
Cover_T435 -44
Cover_T436 10
Cover_T437 0
Cover_T438 6
Cover_T439 0
Cover_T440 12
Cover_T441 8
Cover_T442 32
Cover_T443 6
Cover_T444 52
Cover_T445 10
Cover_T446 8
Cover_T447 -10
Cover_T448 8
Cover_T449 4
Cover_T450 0
Cover_T451 36
Cover_T452 2
Cover_T453 16
Cover_T454 -2
Cover_T455 38
Cover_T456 18
Cover_T457 18
Cover_T458 4
Cover_T459 2
Cover_T460 -24
Cover_T461 0
Cover_T462 4.37311e-10
Cover_T463 -12
Cover_T464 -18
Cover_T465 -36
Cover_T466 0
Cover_T467 0
Cover_T468 2
Cover_T469 4
Cover_T470 10
Cover_T471 8
Cover_T472 30
Cover_T473 12
Cover_T474 50
Cover_T475 0
Cover_T476 10
Cover_T477 -12
Cover_T478 4
Cover_T479 6
Cover_T480 0
Cover_T481 0
Cover_T482 0
Cover_T483 -18
Cover_T484 8
Cover_T485 -42
Cover_T486 -6
Cover_T487 -18
Cover_T488 2
Cover_T489 -42
Cover_T490 22
Cover_T491 2
Cover_T492 38
Cover_T493 14
Cover_T494 52
Cover_T495 -2
Cover_T496 30
Cover_T497 -18
Cover_T498 46
Cover_T499 36
Cover_T500 56
Cover_T501 20
Cover_T502 8
Cover_T503 4
Cover_T504 12
Cover_T505 38
Cover_T506 22
Cover_T507 16
Cover_T508 48
Cover_T509 30
Cover_T510 12
Cover_T511 22
Cover_T512 32
Cover_T513 -16
Cover_T514 0
Cover_T515 -30
Cover_T516 30
Cover_T517 4
Cover_T518 16
Cover_T519 -14
Cover_T520 24
Cover_T521 -36
Cover_T522 56
Cover_T523 4
Cover_T524 80
Cover_T525 6
Cover_T526 26
Cover_T527 0
Cover_T528 54
Cover_T529 -4
Cover_T530 78
Cover_T531 -14
Cover_T532 38
Cover_T533 -14
Cover_T534 30
Cover_T535 -18
Cover_T536 38
Cover_T537 -18
Cover_T538 38
Cover_T539 -18
Cover_T540 38
Cover_T541 -38
Cover_T542 28
Cover_T543 -30
Cover_T544 26
Cover_T545 -26
Cover_T546 28
Cover_T547 -26
Cover_T548 42
Cover_T549 -40
Cover_T550 34
Cover_T551 -32
Cover_T552 28
Cover_T553 -26
Cover_T554 28
Cover_T555 -26
Cover_T556 44
Cover_T557 -40
Cover_T558 36
Cover_T559 -36
Cover_T560 30
Cover_T561 -36
Cover_T562 32
Cover_T563 -36
Cover_T564 48
Cover_T565 -32
Cover_T566 42
Cover_T567 -36
Cover_T568 48
Cover_T569 -32
Cover_T570 66
Cover_T571 -28
Cover_T572 52
Cover_T573 -38
Cover_T574 60
Cover_T575 -36
Cover_T576 60
Cover_T577 26
Cover_T578 6
Cover_T579 26
Cover_T580 12
Cover_T581 26
Cover_T582 30
Cover_T583 18
Cover_T584 62
Cover_T585 2
Cover_T586 54
Cover_T587 22
Cover_T588 76
Cover_T589 30
Cover_T590 972
Cover_T591 986
Cover_T592 988
Cover_T593 970
Cover_T594 986
Cover_T595 992
Cover_T596 996
Cover_T597 48
Cover_T598 972
Cover_T599 18
Cover_T600 -16
Cover_T601 0
Cover_T602 -26
Cover_T603 58
Cover_T604 6
Cover_T605 56
Cover_T606 12
Cover_T607 16
Cover_T608 54
Cover_T609 -10
Cover_T610 52
Cover_T611 4
Cover_T612 66
Cover_T613 76
Cover_T614 76
Cover_T615 56
Cover_T616 46
Cover_T617 24
Cover_T618 68
Cover_T619 72
Cover_T620 40
Cover_T621 52
Cover_T622 -14
Cover_T623 10
Cover_T624 10
Cover_T625 46
Cover_T626 -2
Cover_T627 48
Cover_T628 30
Cover_T629 32
Cover_T630 0
Cover_T631 18
Cover_T632 0
Cover_T633 30
Cover_T634 0
Count_D0 -984
Count_D1 -1000
Max_H0_P0 0
Max_H0_P1 0
Max_H0_P2 0
Max_H0_P3 0
Max_H0_P4 0
Max_H0_P5 1.58513e-11
Max_H0_P6 0
Max_H0_P7 0
Max_H0_P8 0
Max_H0_P9 0
Max_H0_P10 0
Max_H0_P11 0
Max_H0_P12 0
Max_H0_P13 0
Max_H0_P14 0
Max_H0_P15 0
Max_H0_P16 0
Max_H0_P17 0
Max_H0_P18 0
Max_H0_P19 0
Max_H0_P20 -2.17071e-11
Max_H0_P21 -3.08227e-11
Max_H0_P22 0
Max_H0_P23 -1.38948e-11
Max_H0_P24 2.53284e-11
Max_H0_P25 -4.93956e-11
Max_H0_P26 -1.77693e-11
Max_H0_P27 -5.0418e-12
Max_H0_P28 5.23448e-12
Max_H0_P29 2.09462e-11
Max_H0_P30 -3.02629e-12
Max_H0_P31 -2.66127e-11
Max_H0_P32 -6.15812e-11
Max_H0_P33 2.72569e-11
Max_H0_P34 -1.63038e-11
Max_H0_P35 4.54546e-11
Max_H0_P36 -7.72808e-11
Max_H0_P37 -6.52012e-12
Max_H0_P38 0
Max_H0_P39 3.12639e-13
Max_H0_P40 -1.74104e-11
Max_H0_P41 9.89778e-12
Max_H0_P42 -6.10306e-11
Max_H0_P43 0
Max_H0_P44 0
Max_H0_P45 0
Max_H0_P46 0
Max_H0_P47 0
Max_H0_P48 0
Max_H0_P49 0
Max_H0_P50 0
Max_H0_P51 0
Max_H0_P52 0
Max_H0_P53 0
Max_H0_P54 0
Max_H0_P55 0
Max_H0_P56 0
Max_H0_P57 0
Max_H0_P58 0
Max_H0_P59 0
Max_H0_P60 0
Max_H0_P61 0
Max_H0_P62 0
Max_H0_P63 0
Max_H0_P64 0
Max_H0_P65 0
Max_H0_P66 0
Max_H0_P67 0
Max_H0_P68 0
Max_H0_P69 0
Max_H0_P70 0
Max_H0_P71 0
Max_H0_P72 0
Max_H0_P73 0
Max_H0_P74 0
Max_H0_P75 0
Max_H0_P76 0
Max_H0_P77 -3.71169e-11
Max_H0_P78 8.06608e-11
Max_H0_P79 0
Max_H0_P80 0
Max_H0_P81 0
Max_H1_P0 0
Max_H1_P1 0
Max_H1_P2 0
Max_H1_P3 0
Max_H1_P4 0
Max_H1_P5 7.63829e-11
Max_H1_P6 0
Max_H1_P7 0
Max_H1_P8 0
Max_H1_P9 0
Max_H1_P10 0
Max_H1_P11 0
Max_H1_P12 0
Max_H1_P13 0
Max_H1_P14 0
Max_H1_P15 -1.31055e-11
Max_H1_P16 0
Max_H1_P17 1.9396e-11
Max_H1_P18 0
Max_H1_P19 4.88285e-11
Max_H1_P20 3.40522e-11
Max_H1_P21 -3.74749e-11
Max_H1_P22 -3.51645e-11
Max_H1_P23 -2.39773e-11
Max_H1_P24 3.40229e-11
Max_H1_P25 0
Max_H1_P26 8.25651e-12
Max_H1_P27 -3.97807e-12
Max_H1_P28 8.2121e-12
Max_H1_P29 -1.29603e-11
Max_H1_P30 -6.23675e-11
Max_H1_P31 5.95008e-11
Max_H1_P32 -1.93626e-11
Max_H1_P33 -3.38881e-11
Max_H1_P34 1.0953e-11
Max_H1_P35 0
Max_H1_P36 -4.61426e-11
Max_H1_P37 -1.06869e-11
Max_H1_P38 5.70393e-11
Max_H1_P39 6.11513e-11
Max_H1_P40 -7.99669e-11
Max_H1_P41 -3.94812e-12
Max_H1_P42 0
Max_H1_P43 0
Max_H1_P44 0
Max_H1_P45 8.78586e-12
Max_H1_P46 0
Max_H1_P47 0
Max_H1_P48 0
Max_H1_P49 0
Max_H1_P50 0
Max_H1_P51 0
Max_H1_P52 0
Max_H1_P53 0
Max_H1_P54 0
Max_H1_P55 0
Max_H1_P56 1.42599e-10
Max_H1_P57 0
Max_H1_P58 0
Max_H1_P59 -1.91233e-11
Max_H1_P60 0
Max_H1_P61 0
Max_H1_P62 0
Max_H1_P63 4.74074e-11
Max_H1_P64 0
Max_H1_P65 4.78959e-11
Max_H1_P66 -2.97762e-11
Max_H1_P67 0
Max_H1_P68 0
Max_H1_P69 0
Max_H1_P70 0
Max_H1_P71 0
Max_H1_P72 0
Max_H1_P73 0
Max_H1_P74 0
Max_H1_P75 0
Max_H1_P76 0
Max_H1_P77 7.37259e-11
Max_H1_P78 -5.51399e-11
Max_H1_P79 4.34852e-11
Max_H1_P80 0
Max_H1_P81 0
