
Branch and bound

  Entire solving process        :                           (Time     81.1)
  No feasible solution was found
  Best relaxation cost          :     40227.76 (Node     0) (Time     81.1)
  Lower bound after cuts        :     40227.76
  End lower bound               :     40227.76
  Deepest level reached         : 0
  Deepest real level reached    : 0
  Number of real nodes solved   : 1
  Stopping condition            : enough nodes explored

Problem identification

  Problem                       : <null>
  Machine                       : oslo5.gerad.lan

Solving process summary

  Linear relaxations            :        1
  Column generation iterations  :      119
  Shortest paths solved         :     6348
  Columns generated             :    38989

Instance characteristics

  Resources                     : 3
  Node types                    : no
  Arc types                     : no
  Strong resource windows       : no
  Weak resource windows         : no
  Resource windows (nodes)      : 3
  Resource values (arcs)        : 3
  Values on nodes               : no

  Rows                          : 801
  Initial columns               : 320
  Tasks                         : 639
  Strong tasks                  : 448
  Weak tasks                    : 4
  Initial task constraints      : no
  Nodes                         : 967
  Arc sets                      : 1
  Arcs                          : 19963
  Networks                      : 2
  Models                        : 1

Memory used per module (Megs)

  Parser (reused)               :      4.367
  Networks                      :     25.065
  Column generator              :      5.086
  Master problem                :      8.105
  -----------------
  Total                         :     38.256

Cpu time per module (seconds)

  Parser                        :        0.0
  Preprocessor                  :        0.0
  Lr solver manager             :        0.0
  Column generator              :       20.8
    (Shortest path)             :       17.6
  Master problem                :       60.3
  -------------------
  Total (without b&b)           :       81.1

Real elapsed time (seconds)

  Parser                        :        0.0
  Preprocessor                  :        0.0
  Lr solver manager             :        0.1
  Column generator              :       20.7
    (Shortest path)             :       17.8
  Master problem                :       60.3
  -------------------
  Total (without b&b)           :       81.1
