
Branch and bound

  Entire solving process        :                           (Time    234.0)
  No feasible solution was found
  Best relaxation cost          :     40391.77 (Node     0) (Time    233.9)
  Lower bound after cuts        :     40391.77
  End lower bound               :     40393.48
  Deepest level reached         : 0
  Deepest real level reached    : 0
  Number of real nodes solved   : 1
  Stopping condition            : enough nodes explored

Problem identification

  Problem                       : <null>
  Machine                       : oslo1.gerad.lan

Solving process summary

  Linear relaxations            :        1
  Column generation iterations  :      209
  Shortest paths solved         :     3623
  Columns generated             :    35107

Instance characteristics

  Resources                     : 3
  Node types                    : no
  Arc types                     : no
  Strong resource windows       : no
  Weak resource windows         : no
  Resource windows (nodes)      : 3
  Resource values (arcs)        : 3
  Values on nodes               : no

  Rows                          : 801
  Initial columns               : 2
  Tasks                         : 639
  Strong tasks                  : 635
  Weak tasks                    : 4
  Initial task constraints      : no
  Nodes                         : 967
  Arc sets                      : 1
  Arcs                          : 19963
  Networks                      : 2
  Models                        : 1

Memory used per module (Megs)

  Parser (reused)               :      4.367
  Networks                      :     23.006
  Column generator              :      6.660
  Master problem                :      8.181
  -----------------
  Total                         :     37.847

Cpu time per module (seconds)

  Parser                        :        0.0
  Preprocessor                  :        0.0
  Lr solver manager             :        0.1
  Column generator              :       21.7
    (Shortest path)             :       19.3
  Master problem                :      212.1
  -------------------
  Total (without b&b)           :      233.9

Real elapsed time (seconds)

  Parser                        :        0.0
  Preprocessor                  :        0.0
  Lr solver manager             :        0.1
  Column generator              :       21.7
    (Shortest path)             :       19.3
  Master problem                :      212.2
  -------------------
  Total (without b&b)           :      233.9
