Cover_T0 52
Cover_T1 -52
Cover_T2 52
Cover_T3 -52
Cover_T4 52
Cover_T5 -52
Cover_T6 52
Cover_T7 -52
Cover_T8 54
Cover_T9 -52
Cover_T10 54
Cover_T11 -50
Cover_T12 54
Cover_T13 -50
Cover_T14 54
Cover_T15 -50
Cover_T16 54
Cover_T17 -50
Cover_T18 54
Cover_T19 -50
Cover_T20 52
Cover_T21 -50
Cover_T22 56
Cover_T23 -50
Cover_T24 54
Cover_T25 -50
Cover_T26 56
Cover_T27 -48
Cover_T28 58
Cover_T29 -48
Cover_T30 52
Cover_T31 -46
Cover_T32 50
Cover_T33 -46
Cover_T34 54
Cover_T35 -46
Cover_T36 50
Cover_T37 -36
Cover_T38 54
Cover_T39 -40
Cover_T40 54
Cover_T41 -40
Cover_T42 56
Cover_T43 -38
Cover_T44 1044
Cover_T45 6
Cover_T46 1030
Cover_T47 0
Cover_T48 1044
Cover_T49 988
Cover_T50 1042
Cover_T51 994
Cover_T52 1044
Cover_T53 990
Cover_T54 1042
Cover_T55 0
Cover_T56 994
Cover_T57 14
Cover_T58 1004
Cover_T59 3.74304e-10
Cover_T60 4
Cover_T61 2
Cover_T62 14
Cover_T63 -4.97569e-11
Cover_T64 8
Cover_T65 -2.55439e-09
Cover_T66 6
Cover_T67 1.45258e-09
Cover_T68 10
Cover_T69 2.07598e-09
Cover_T70 -10
Cover_T71 4
Cover_T72 0
Cover_T73 4
Cover_T74 6
Cover_T75 8
Cover_T76 -16
Cover_T77 16
Cover_T78 2
Cover_T79 -4
Cover_T80 -12
Cover_T81 24
Cover_T82 -16
Cover_T83 6
Cover_T84 -44
Cover_T85 16
Cover_T86 -4
Cover_T87 12
Cover_T88 2
Cover_T89 32
Cover_T90 6
Cover_T91 52
Cover_T92 6
Cover_T93 12
Cover_T94 6
Cover_T95 6
Cover_T96 6
Cover_T97 2
Cover_T98 6
Cover_T99 2
Cover_T100 6
Cover_T101 2
Cover_T102 -14
Cover_T103 2
Cover_T104 -34
Cover_T105 2
Cover_T106 6
Cover_T107 2
Cover_T108 6
Cover_T109 20
Cover_T110 6
Cover_T111 36
Cover_T112 -10
Cover_T113 52
Cover_T114 4
Cover_T115 8
Cover_T116 6
Cover_T117 4
Cover_T118 4
Cover_T119 4
Cover_T120 6
Cover_T121 20
Cover_T122 -10
Cover_T123 8
Cover_T124 -1.54214e-09
Cover_T125 -4
Cover_T126 -7.73446e-10
Cover_T127 -2
Cover_T128 -14
Cover_T129 18
Cover_T130 -34
Cover_T131 8
Cover_T132 -4
Cover_T133 8
Cover_T134 -24
Cover_T135 22
Cover_T136 -44
Cover_T137 42
Cover_T138 2
Cover_T139 12
Cover_T140 -8
Cover_T141 32
Cover_T142 -4.4281e-10
Cover_T143 52
Cover_T144 6
Cover_T145 6
Cover_T146 -1.16373e-09
Cover_T147 20
Cover_T148 0
Cover_T149 8
Cover_T150 6
Cover_T151 6
Cover_T152 -1.29643e-09
Cover_T153 12
Cover_T154 -20
Cover_T155 12
Cover_T156 2
Cover_T157 8
Cover_T158 6
Cover_T159 16
Cover_T160 2
Cover_T161 36
Cover_T162 2
Cover_T163 54
Cover_T164 2
Cover_T165 8
Cover_T166 2
Cover_T167 22
Cover_T168 0
Cover_T169 22
Cover_T170 -1.34741e-09
Cover_T171 24
Cover_T172 -1.5443e-09
Cover_T173 24
Cover_T174 -8
Cover_T175 26
Cover_T176 -18
Cover_T177 18
Cover_T178 -10
Cover_T179 20
Cover_T180 -12
Cover_T181 22
Cover_T182 -14
Cover_T183 28
Cover_T184 -36
Cover_T185 22
Cover_T186 -24
Cover_T187 22
Cover_T188 -14
Cover_T189 26
Cover_T190 -16
Cover_T191 46
Cover_T192 -20
Cover_T193 34
Cover_T194 -18
Cover_T195 24
Cover_T196 -14
Cover_T197 16
Cover_T198 -16
Cover_T199 30
Cover_T200 -14
Cover_T201 28
Cover_T202 -16
Cover_T203 20
Cover_T204 -24
Cover_T205 26
Cover_T206 -44
Cover_T207 24
Cover_T208 -18
Cover_T209 26
Cover_T210 -20
Cover_T211 36
Cover_T212 -40
Cover_T213 54
Cover_T214 -24
Cover_T215 30
Cover_T216 -20
Cover_T217 34
Cover_T218 -38
Cover_T219 52
Cover_T220 -36
Cover_T221 40
Cover_T222 -24
Cover_T223 42
Cover_T224 -20
Cover_T225 64
Cover_T226 -28
Cover_T227 62
Cover_T228 -26
Cover_T229 50
Cover_T230 -22
Cover_T231 50
Cover_T232 -26
Cover_T233 58
Cover_T234 -38
Cover_T235 54
Cover_T236 -42
Cover_T237 62
Cover_T238 -46
Cover_T239 56
Cover_T240 52
Cover_T241 -50
Cover_T242 52
Cover_T243 -50
Cover_T244 54
Cover_T245 -48
Cover_T246 56
Cover_T247 -48
Cover_T248 58
Cover_T249 -48
Cover_T250 52
Cover_T251 -46
Cover_T252 56
Cover_T253 -46
Cover_T254 54
Cover_T255 -44
Cover_T256 54
Cover_T257 -46
Cover_T258 48
Cover_T259 -44
Cover_T260 54
Cover_T261 -42
Cover_T262 54
Cover_T263 -40
Cover_T264 52
Cover_T265 -40
Cover_T266 56
Cover_T267 -38
Cover_T268 1042
Cover_T269 6
Cover_T270 1030
Cover_T271 -1.54256e-11
Cover_T272 1042
Cover_T273 988
Cover_T274 1042
Cover_T275 990
Cover_T276 1042
Cover_T277 2
Cover_T278 998
Cover_T279 12
Cover_T280 1000
Cover_T281 0
Cover_T282 16
Cover_T283 2
Cover_T284 14
Cover_T285 0
Cover_T286 4
Cover_T287 -2.15455e-09
Cover_T288 6
Cover_T289 1.45155e-09
Cover_T290 2
Cover_T291 1.91937e-09
Cover_T292 2
Cover_T293 4
Cover_T294 -14
Cover_T295 4
Cover_T296 -4
Cover_T297 8
Cover_T298 2
Cover_T299 4
Cover_T300 -14
Cover_T301 20
Cover_T302 0
Cover_T303 10
Cover_T304 0
Cover_T305 4
Cover_T306 -2
Cover_T307 20
Cover_T308 6
Cover_T309 6
Cover_T310 -10
Cover_T311 6
Cover_T312 -26
Cover_T313 14
Cover_T314 6
Cover_T315 18
Cover_T316 4
Cover_T317 46
Cover_T318 -1.44907e-09
Cover_T319 14
Cover_T320 -7.45088e-11
Cover_T321 0
Cover_T322 6
Cover_T323 12
Cover_T324 0
Cover_T325 4
Cover_T326 0
Cover_T327 -6
Cover_T328 -12
Cover_T329 -9.0683e-13
Cover_T330 -32
Cover_T331 1.30206e-12
Cover_T332 -52
Cover_T333 12
Cover_T334 -1.77806e-10
Cover_T335 32
Cover_T336 4
Cover_T337 52
Cover_T338 -16
Cover_T339 0
Cover_T340 -6
Cover_T341 -4
Cover_T342 6
Cover_T343 16
Cover_T344 4
Cover_T345 6
Cover_T346 -14
Cover_T347 4
Cover_T348 -1.36435e-09
Cover_T349 6
Cover_T350 4
Cover_T351 4
Cover_T352 -6
Cover_T353 20
Cover_T354 -22
Cover_T355 6
Cover_T356 -38
Cover_T357 2
Cover_T358 -4
Cover_T359 12
Cover_T360 -22
Cover_T361 32
Cover_T362 -42
Cover_T363 52
Cover_T364 -2
Cover_T365 22
Cover_T366 -6
Cover_T367 42
Cover_T368 2
Cover_T369 2
Cover_T370 -2
Cover_T371 6
Cover_T372 2
Cover_T373 -2
Cover_T374 2
Cover_T375 2
Cover_T376 -2
Cover_T377 2
Cover_T378 2
Cover_T379 2
Cover_T380 -18
Cover_T381 6
Cover_T382 -42
Cover_T383 2
Cover_T384 0
Cover_T385 28
Cover_T386 0
Cover_T387 48
Cover_T388 -4
Cover_T389 4
Cover_T390 -14
Cover_T391 10
Cover_T392 -18
Cover_T393 18
Cover_T394 -6
Cover_T395 20
Cover_T396 -14
Cover_T397 26
Cover_T398 -20
Cover_T399 16
Cover_T400 -24
Cover_T401 20
Cover_T402 -20
Cover_T403 22
Cover_T404 -20
Cover_T405 28
Cover_T406 -24
Cover_T407 22
Cover_T408 -16
Cover_T409 30
Cover_T410 -14
Cover_T411 42
Cover_T412 -14
Cover_T413 38
Cover_T414 -14
Cover_T415 18
Cover_T416 -14
Cover_T417 26
Cover_T418 -20
Cover_T419 24
Cover_T420 -20
Cover_T421 16
Cover_T422 -20
Cover_T423 22
Cover_T424 -28
Cover_T425 20
Cover_T426 -48
Cover_T427 22
Cover_T428 -22
Cover_T429 26
Cover_T430 -16
Cover_T431 40
Cover_T432 -28
Cover_T433 52
Cover_T434 -40
Cover_T435 56
Cover_T436 -16
Cover_T437 28
Cover_T438 -28
Cover_T439 24
Cover_T440 -16
Cover_T441 38
Cover_T442 -28
Cover_T443 48
Cover_T444 -40
Cover_T445 26
Cover_T446 -28
Cover_T447 36
Cover_T448 -40
Cover_T449 28
Cover_T450 -20
Cover_T451 38
Cover_T452 -32
Cover_T453 52
Cover_T454 -20
Cover_T455 52
Cover_T456 -20
Cover_T457 52
Cover_T458 -32
Cover_T459 40
Cover_T460 -22
Cover_T461 60
Cover_T462 -22
Cover_T463 42
Cover_T464 -34
Cover_T465 50
Cover_T466 -24
Cover_T467 62
Cover_T468 -32
Cover_T469 50
Cover_T470 -44
Cover_T471 50
Cover_T472 -42
Cover_T473 46
Cover_T474 -42
Cover_T475 52
Cover_T476 -46
Cover_T477 52
Cover_T478 -46
Cover_T479 52
Cover_T480 -46
Cover_T481 54
Cover_T482 -46
Cover_T483 56
Cover_T484 -50
Cover_T485 58
Cover_T486 -44
Cover_T487 48
Cover_T488 -38
Cover_T489 54
Cover_T490 -44
Cover_T491 62
Cover_T492 -38
Cover_T493 1040
Cover_T494 0
Cover_T495 1034
Cover_T496 4
Cover_T497 1024
Cover_T498 -4
Cover_T499 1044
Cover_T500 988
Cover_T501 1036
Cover_T502 990
Cover_T503 1036
Cover_T504 986
Cover_T505 1036
Cover_T506 994
Cover_T507 1040
Cover_T508 994
Cover_T509 1042
Cover_T510 986
Cover_T511 1038
Cover_T512 994
Cover_T513 1044
Cover_T514 3.9792e-10
Cover_T515 990
Cover_T516 10
Cover_T517 998
Cover_T518 18
Cover_T519 1000
Cover_T520 3.74304e-10
Cover_T521 12
Cover_T522 -4
Cover_T523 10
Cover_T524 2
Cover_T525 0
Cover_T526 2
Cover_T527 -1.96738e-09
Cover_T528 6
Cover_T529 4
Cover_T530 -2
Cover_T531 6
Cover_T532 2
Cover_T533 -14
Cover_T534 10
Cover_T535 1.05034e-10
Cover_T536 2
Cover_T537 4
Cover_T538 14
Cover_T539 6
Cover_T540 1.41428e-10
Cover_T541 -6
Cover_T542 12
Cover_T543 6
Cover_T544 2
Cover_T545 -6
Cover_T546 14
Cover_T547 -18
Cover_T548 26
Cover_T549 -30
Cover_T550 8
Cover_T551 -42
Cover_T552 4
Cover_T553 6
Cover_T554 2
Cover_T555 -6
Cover_T556 14
Cover_T557 6
Cover_T558 2
Cover_T559 -4
Cover_T560 14
Cover_T561 6.14619e-12
Cover_T562 26
Cover_T563 -4
Cover_T564 38
Cover_T565 4
Cover_T566 50
Cover_T567 -1.18998e-10
Cover_T568 2
Cover_T569 -1.21973e-09
Cover_T570 14
Cover_T571 6
Cover_T572 0
Cover_T573 0
Cover_T574 12
Cover_T575 -1.4516e-09
Cover_T576 8
Cover_T577 5.38303e-10
Cover_T578 0
Cover_T579 -20
Cover_T580 8
Cover_T581 -40
Cover_T582 4
Cover_T583 -1.84985e-09
Cover_T584 8
Cover_T585 -2.37398e-09
Cover_T586 8
Cover_T587 -4
Cover_T588 28
Cover_T589 6
Cover_T590 48
Cover_T591 4
Cover_T592 8
Cover_T593 -2
Cover_T594 8
Cover_T595 -4
Cover_T596 12
Cover_T597 6
Cover_T598 2
Cover_T599 6
Cover_T600 4
Cover_T601 -8
Cover_T602 10
Cover_T603 -28
Cover_T604 12
Cover_T605 -48
Cover_T606 2
Cover_T607 -18
Cover_T608 2
Cover_T609 -38
Cover_T610 16
Cover_T611 6
Cover_T612 28
Cover_T613 0
Cover_T614 40
Cover_T615 -2
Cover_T616 52
Cover_T617 -14
Cover_T618 14
Cover_T619 2
Cover_T620 26
Cover_T621 6
Cover_T622 38
Cover_T623 4
Cover_T624 50
Cover_T625 6
Cover_T626 2
Cover_T627 -6
Cover_T628 12
Cover_T629 2
Cover_T630 14
Cover_T631 6
Cover_T632 24
Cover_T633 4
Cover_T634 10
Cover_T635 6
Cover_T636 6
Cover_T637 -6
Cover_T638 8
Cover_T639 -18
Cover_T640 6
Cover_T641 -30
Cover_T642 18
Cover_T643 0
Cover_T644 10
Cover_T645 6
Cover_T646 6
Cover_T647 -7.33397e-10
Cover_T648 10
Cover_T649 4
Cover_T650 16
Cover_T651 2
Cover_T652 34
Cover_T653 2
Cover_T654 48
Cover_T655 2
Cover_T656 26
Cover_T657 2
Cover_T658 18
Cover_T659 0
Cover_T660 20
Cover_T661 -2
Cover_T662 20
Cover_T663 -4
Cover_T664 20
Cover_T665 -2
Cover_T666 20
Cover_T667 -8
Cover_T668 20
Cover_T669 -14
Cover_T670 22
Cover_T671 -12
Cover_T672 20
Cover_T673 -12
Cover_T674 18
Cover_T675 -28
Cover_T676 20
Cover_T677 -14
Cover_T678 20
Cover_T679 -30
Cover_T680 26
Cover_T681 -16
Cover_T682 24
Cover_T683 -14
Cover_T684 22
Cover_T685 -14
Cover_T686 38
Cover_T687 -14
Cover_T688 20
Cover_T689 -24
Cover_T690 38
Cover_T691 -14
Cover_T692 24
Cover_T693 -14
Cover_T694 22
Cover_T695 -14
Cover_T696 28
Cover_T697 -16
Cover_T698 34
Cover_T699 -34
Cover_T700 20
Cover_T701 -16
Cover_T702 28
Cover_T703 -26
Cover_T704 38
Cover_T705 -18
Cover_T706 54
Cover_T707 -22
Cover_T708 38
Cover_T709 -24
Cover_T710 48
Cover_T711 -20
Cover_T712 46
Cover_T713 -20
Cover_T714 46
Cover_T715 -24
Cover_T716 66
Cover_T717 -20
Cover_T718 62
Cover_T719 -20
Cover_T720 78
Cover_T721 -26
Cover_T722 58
Cover_T723 -22
Cover_T724 48
Cover_T725 -30
Cover_T726 62
Cover_T727 -36
Cover_T728 52
Cover_T729 -38
Cover_T730 52
Cover_T731 -42
Cover_T732 52
Cover_T733 -42
Cover_T734 56
Cover_T735 -46
Cover_T736 60
Cover_T737 -46
Cover_T738 58
Cover_T739 -46
Cover_T740 36
Cover_T741 -2.50789e-10
Cover_T742 26
Cover_T743 2
Cover_T744 18
Cover_T745 0
Cover_T746 10
Cover_T747 0
Cover_T748 8
Cover_T749 0
Cover_T750 6
Cover_T751 44
Cover_T752 1048
Cover_T753 50
Cover_T754 1046
Cover_T755 1038
Cover_T756 1088
Cover_T757 1038
Cover_T758 1090
Cover_T759 1042
Cover_T760 1090
Cover_T761 1042
Cover_T762 1076
Cover_T763 1042
Cover_T764 1040
Cover_T765 0
Cover_T766 1046
Cover_T767 0
Cover_T768 58
Cover_T769 -36
Cover_T770 52
Cover_T771 0
Cover_T772 20
Cover_T773 52
Cover_T774 -8
Cover_T775 56
Cover_T776 -36
Cover_T777 56
Cover_T778 -36
Cover_T779 12
Cover_T780 0
Cover_T781 34
Cover_T782 0
Cover_T783 48
Cover_T784 12
Cover_T785 66
Cover_T786 0
Cover_T787 52
Cover_T788 46
Cover_T789 64
Cover_T790 34
Cover_T791 62
Cover_T792 48
Cover_T793 26
Cover_T794 40
Cover_T795 22
Cover_T796 46
Cover_T797 10
Cover_T798 32
Cover_T799 20
Cover_T800 18
Cover_T801 -10
Cover_T802 0
Cover_T803 -20
Cover_T804 0
Cover_T805 20
Cover_T806 28
Cover_T807 32
Cover_T808 22
Cover_T809 32
Cover_T810 32
Cover_T811 2
Cover_T812 26
Count_D0 -984
Count_D1 -1000
Max_H0_P0 0
Max_H0_P1 0
Max_H0_P2 0
Max_H0_P3 0
Max_H0_P4 0
Max_H0_P5 -7.75731e-11
Max_H0_P6 -2
Max_H0_P7 0
Max_H0_P8 0
Max_H0_P9 0
Max_H0_P10 -1.85986e-10
Max_H0_P11 0
Max_H0_P12 0
Max_H0_P13 0
Max_H0_P14 0
Max_H0_P15 0
Max_H0_P16 5.86615e-11
Max_H0_P17 -1.39684e-11
Max_H0_P18 -1.61435e-11
Max_H0_P19 -1.4835e-11
Max_H0_P20 1.93577e-11
Max_H0_P21 -2.55795e-12
Max_H0_P22 5.71119e-11
Max_H0_P23 0
Max_H0_P24 2.8974e-11
Max_H0_P25 -3.07365e-11
Max_H0_P26 -1.14246e-11
Max_H0_P27 -5.21823e-11
Max_H0_P28 -3.29305e-11
Max_H0_P29 -9.27719e-11
Max_H0_P30 -7.33902e-11
Max_H0_P31 9.17737e-11
Max_H0_P32 -3.6664e-12
Max_H0_P33 3.95843e-11
Max_H0_P34 -1.23722e-10
Max_H0_P35 3.71183e-11
Max_H0_P36 0
Max_H0_P37 1.61761e-11
Max_H0_P38 7.28733e-11
Max_H0_P39 5.65503e-11
Max_H0_P40 4.15631e-11
Max_H0_P41 -2.28439e-10
Max_H0_P42 0
Max_H0_P43 0
Max_H0_P44 0
Max_H0_P45 0
Max_H0_P46 0
Max_H0_P47 0
Max_H0_P48 0
Max_H0_P49 0
Max_H0_P50 0
Max_H0_P51 0
Max_H0_P52 0
Max_H0_P53 0
Max_H0_P54 0
Max_H0_P55 -2.07312e-10
Max_H0_P56 0
Max_H0_P57 0
Max_H0_P58 0
Max_H0_P59 0
Max_H0_P60 2.40673e-10
Max_H0_P61 -6.52349e-11
Max_H0_P62 0
Max_H0_P63 0
Max_H0_P64 0
Max_H0_P65 0
Max_H0_P66 0
Max_H0_P67 0
Max_H0_P68 0
Max_H0_P69 0
Max_H0_P70 0
Max_H0_P71 0
Max_H0_P72 0
Max_H0_P73 0
Max_H0_P74 0
Max_H0_P75 0
Max_H0_P76 0
Max_H0_P77 0
Max_H0_P78 3.5379e-12
Max_H0_P79 0
Max_H0_P80 0
Max_H0_P81 0
Max_H1_P0 0
Max_H1_P1 0
Max_H1_P2 0
Max_H1_P3 0
Max_H1_P4 0
Max_H1_P5 0
Max_H1_P6 -2
Max_H1_P7 0
Max_H1_P8 0
Max_H1_P9 1.01094e-10
Max_H1_P10 0
Max_H1_P11 0
Max_H1_P12 0
Max_H1_P13 0
Max_H1_P14 0
Max_H1_P15 -1.68797e-10
Max_H1_P16 -8.05525e-11
Max_H1_P17 -8.20687e-12
Max_H1_P18 2.59824e-11
Max_H1_P19 -1.51226e-10
Max_H1_P20 0
Max_H1_P21 8.08855e-11
Max_H1_P22 9.29174e-12
Max_H1_P23 5.7035e-11
Max_H1_P24 -8.17021e-17
Max_H1_P25 -2.40945e-11
Max_H1_P26 -5.2981e-12
Max_H1_P27 -2.72223e-10
Max_H1_P28 -1.98046e-11
Max_H1_P29 -8.37284e-11
Max_H1_P30 -1.16577e-11
Max_H1_P31 -1.28683e-11
Max_H1_P32 7.04988e-11
Max_H1_P33 -8.36859e-11
Max_H1_P34 -5.46435e-11
Max_H1_P35 -3.1287e-11
Max_H1_P36 3.71183e-11
Max_H1_P37 1.23919e-11
Max_H1_P38 6.66288e-12
Max_H1_P39 0
Max_H1_P40 -1.19372e-10
Max_H1_P41 -1.59758e-10
Max_H1_P42 -1.07389e-10
Max_H1_P43 -1.70024e-11
Max_H1_P44 0
Max_H1_P45 0
Max_H1_P46 0
Max_H1_P47 0
Max_H1_P48 0
Max_H1_P49 0
Max_H1_P50 0
Max_H1_P51 0
Max_H1_P52 3.27459e-10
Max_H1_P53 1.02806e-11
Max_H1_P54 0
Max_H1_P55 0
Max_H1_P56 9.51834e-11
Max_H1_P57 0
Max_H1_P58 -3.48701e-11
Max_H1_P59 0
Max_H1_P60 2.70173e-10
Max_H1_P61 2.84016e-10
Max_H1_P62 0
Max_H1_P63 0
Max_H1_P64 0
Max_H1_P65 3.21734e-11
Max_H1_P66 0
Max_H1_P67 0
Max_H1_P68 0
Max_H1_P69 0
Max_H1_P70 0
Max_H1_P71 0
Max_H1_P72 0
Max_H1_P73 0
Max_H1_P74 0
Max_H1_P75 0
Max_H1_P76 0
Max_H1_P77 5.90735e-11
Max_H1_P78 0
Max_H1_P79 0
Max_H1_P80 0
Max_H1_P81 0
