
Branch and bound

  Entire solving process        :                           (Time    125.6)
  No feasible solution was found
  Best relaxation cost          :     60050.38 (Node     0) (Time    125.6)
  Lower bound after cuts        :     60050.38
  End lower bound               :     60050.38
  Deepest level reached         : 0
  Deepest real level reached    : 0
  Number of real nodes solved   : 1
  Stopping condition            : enough nodes explored

Problem identification

  Problem                       : <null>
  Machine                       : oslo4.gerad.lan

Solving process summary

  Linear relaxations            :        1
  Column generation iterations  :      115
  Shortest paths solved         :     5702
  Columns generated             :    51847

Instance characteristics

  Resources                     : 3
  Node types                    : no
  Arc types                     : no
  Strong resource windows       : no
  Weak resource windows         : no
  Resource windows (nodes)      : 3
  Resource values (arcs)        : 3
  Values on nodes               : no

  Rows                          : 979
  Initial columns               : 421
  Tasks                         : 817
  Strong tasks                  : 570
  Weak tasks                    : 4
  Initial task constraints      : no
  Nodes                         : 1145
  Arc sets                      : 1
  Arcs                          : 30843
  Networks                      : 2
  Models                        : 1

Memory used per module (Megs)

  Parser (reused)               :      6.546
  Networks                      :     30.877
  Column generator              :      9.445
  Master problem                :      9.285
  -----------------
  Total                         :     49.606

Cpu time per module (seconds)

  Parser                        :        0.0
  Preprocessor                  :        0.0
  Lr solver manager             :        0.1
  Column generator              :       53.2
    (Shortest path)             :       47.0
  Master problem                :       72.3
  -------------------
  Total (without b&b)           :      125.6

Real elapsed time (seconds)

  Parser                        :        0.0
  Preprocessor                  :        0.0
  Lr solver manager             :        0.1
  Column generator              :       53.2
    (Shortest path)             :       46.7
  Master problem                :       72.2
  -------------------
  Total (without b&b)           :      125.6
