Cover_T0 52
Cover_T1 -52
Cover_T2 52
Cover_T3 -52
Cover_T4 52
Cover_T5 -52
Cover_T6 52
Cover_T7 -52
Cover_T8 52
Cover_T9 -52
Cover_T10 52
Cover_T11 -52
Cover_T12 52
Cover_T13 -52
Cover_T14 52
Cover_T15 -52
Cover_T16 54
Cover_T17 -52
Cover_T18 56
Cover_T19 -46
Cover_T20 58
Cover_T21 -46
Cover_T22 58
Cover_T23 -46
Cover_T24 62
Cover_T25 -46
Cover_T26 58
Cover_T27 -40
Cover_T28 60
Cover_T29 -40
Cover_T30 62
Cover_T31 -42
Cover_T32 52
Cover_T33 -30
Cover_T34 54
Cover_T35 -30
Cover_T36 50
Cover_T37 -16
Cover_T38 58
Cover_T39 988
Cover_T40 1038
Cover_T41 988
Cover_T42 1036
Cover_T43 974
Cover_T44 1028
Cover_T45 988
Cover_T46 1018
Cover_T47 986
Cover_T48 22
Cover_T49 2
Cover_T50 0
Cover_T51 0
Cover_T52 12
Cover_T53 -2
Cover_T54 2
Cover_T55 2
Cover_T56 6
Cover_T57 6
Cover_T58 0
Cover_T59 16
Cover_T60 10
Cover_T61 2
Cover_T62 10
Cover_T63 22
Cover_T64 -10
Cover_T65 16
Cover_T66 8
Cover_T67 -2
Cover_T68 12
Cover_T69 -2
Cover_T70 0
Cover_T71 18
Cover_T72 4
Cover_T73 0
Cover_T74 -4
Cover_T75 -4
Cover_T76 -24
Cover_T77 4
Cover_T78 -44
Cover_T79 4
Cover_T80 -16
Cover_T81 12
Cover_T82 -36
Cover_T83 32
Cover_T84 0
Cover_T85 52
Cover_T86 8
Cover_T87 24
Cover_T88 0
Cover_T89 44
Cover_T90 -2
Cover_T91 8
Cover_T92 2
Cover_T93 0
Cover_T94 8
Cover_T95 8
Cover_T96 -2
Cover_T97 10
Cover_T98 -2
Cover_T99 2
Cover_T100 0
Cover_T101 0
Cover_T102 0
Cover_T103 10
Cover_T104 6
Cover_T105 10
Cover_T106 -8
Cover_T107 8
Cover_T108 -30
Cover_T109 12
Cover_T110 12
Cover_T111 4
Cover_T112 -10
Cover_T113 28
Cover_T114 -34
Cover_T115 52
Cover_T116 8
Cover_T117 10
Cover_T118 2
Cover_T119 28
Cover_T120 0
Cover_T121 48
Cover_T122 10
Cover_T123 2
Cover_T124 2
Cover_T125 6
Cover_T126 -2
Cover_T127 8
Cover_T128 -2
Cover_T129 -2
Cover_T130 6
Cover_T131 6
Cover_T132 10
Cover_T133 12
Cover_T134 2
Cover_T135 12
Cover_T136 -12
Cover_T137 6
Cover_T138 -32
Cover_T139 0
Cover_T140 2
Cover_T141 14
Cover_T142 10
Cover_T143 26
Cover_T144 6
Cover_T145 46
Cover_T146 8
Cover_T147 62
Cover_T148 8
Cover_T149 26
Cover_T150 6
Cover_T151 16
Cover_T152 6
Cover_T153 20
Cover_T154 2
Cover_T155 18
Cover_T156 2
Cover_T157 20
Cover_T158 -10
Cover_T159 18
Cover_T160 -2
Cover_T161 22
Cover_T162 -2
Cover_T163 28
Cover_T164 -4
Cover_T165 32
Cover_T166 -10
Cover_T167 30
Cover_T168 -12
Cover_T169 36
Cover_T170 -28
Cover_T171 22
Cover_T172 -16
Cover_T173 40
Cover_T174 -18
Cover_T175 38
Cover_T176 -18
Cover_T177 64
Cover_T178 -22
Cover_T179 30
Cover_T180 -26
Cover_T181 52
Cover_T182 -28
Cover_T183 30
Cover_T184 -28
Cover_T185 30
Cover_T186 -28
Cover_T187 52
Cover_T188 -30
Cover_T189 56
Cover_T190 -30
Cover_T191 56
Cover_T192 -30
Cover_T193 46
Cover_T194 -34
Cover_T195 36
Cover_T196 -30
Cover_T197 58
Cover_T198 -34
Cover_T199 40
Cover_T200 -34
Cover_T201 48
Cover_T202 -38
Cover_T203 48
Cover_T204 -34
Cover_T205 66
Cover_T206 -38
Cover_T207 56
Cover_T208 -38
Cover_T209 62
Cover_T210 -46
Cover_T211 64
Cover_T212 -52
Cover_T213 58
Cover_T214 52
Cover_T215 -52
Cover_T216 52
Cover_T217 -52
Cover_T218 54
Cover_T219 -46
Cover_T220 58
Cover_T221 -46
Cover_T222 62
Cover_T223 -46
Cover_T224 58
Cover_T225 -40
Cover_T226 58
Cover_T227 -40
Cover_T228 60
Cover_T229 -46
Cover_T230 48
Cover_T231 -30
Cover_T232 54
Cover_T233 -32
Cover_T234 50
Cover_T235 -20
Cover_T236 60
Cover_T237 -26
Cover_T238 50
Cover_T239 982
Cover_T240 1032
Cover_T241 986
Cover_T242 1032
Cover_T243 986
Cover_T244 1010
Cover_T245 976
Cover_T246 1030
Cover_T247 988
Cover_T248 10
Cover_T249 -1.0747e-11
Cover_T250 18
Cover_T251 -4
Cover_T252 10
Cover_T253 1.15747e-10
Cover_T254 12
Cover_T255 4
Cover_T256 12
Cover_T257 -5.73452e-11
Cover_T258 -12
Cover_T259 -4
Cover_T260 0
Cover_T261 -2
Cover_T262 2
Cover_T263 22
Cover_T264 12
Cover_T265 18
Cover_T266 0
Cover_T267 24
Cover_T268 6
Cover_T269 -2
Cover_T270 0
Cover_T271 28
Cover_T272 0
Cover_T273 10
Cover_T274 -2
Cover_T275 4
Cover_T276 -22
Cover_T277 1.68939e-11
Cover_T278 -42
Cover_T279 2
Cover_T280 -14
Cover_T281 22
Cover_T282 -34
Cover_T283 42
Cover_T284 2.86726e-11
Cover_T285 14
Cover_T286 2.96545e-11
Cover_T287 34
Cover_T288 2
Cover_T289 0
Cover_T290 0
Cover_T291 0
Cover_T292 4
Cover_T293 -2
Cover_T294 -4.47962e-11
Cover_T295 -2.11351e-11
Cover_T296 2.0572e-11
Cover_T297 -4
Cover_T298 0
Cover_T299 0
Cover_T300 2
Cover_T301 -3.38746e-11
Cover_T302 2
Cover_T303 -2.06519e-11
Cover_T304 8
Cover_T305 -2
Cover_T306 -6
Cover_T307 -2
Cover_T308 -26
Cover_T309 -8
Cover_T310 -46
Cover_T311 6
Cover_T312 5.50244e-11
Cover_T313 26
Cover_T314 -18
Cover_T315 46
Cover_T316 -38
Cover_T317 0
Cover_T318 8
Cover_T319 20
Cover_T320 0
Cover_T321 44
Cover_T322 -6
Cover_T323 2
Cover_T324 0
Cover_T325 10
Cover_T326 4
Cover_T327 16
Cover_T328 0
Cover_T329 8
Cover_T330 -2.8006e-11
Cover_T331 -1.82331e-10
Cover_T332 7.60786e-11
Cover_T333 -2.18961e-10
Cover_T334 4
Cover_T335 0
Cover_T336 -10
Cover_T337 0
Cover_T338 -30
Cover_T339 0
Cover_T340 -50
Cover_T341 14
Cover_T342 12
Cover_T343 38
Cover_T344 0
Cover_T345 58
Cover_T346 0
Cover_T347 -2
Cover_T348 -8
Cover_T349 8
Cover_T350 4
Cover_T351 12
Cover_T352 -2
Cover_T353 14
Cover_T354 -8
Cover_T355 4
Cover_T356 -16
Cover_T357 14
Cover_T358 -8
Cover_T359 22
Cover_T360 -10
Cover_T361 28
Cover_T362 -10
Cover_T363 24
Cover_T364 -14
Cover_T365 30
Cover_T366 -20
Cover_T367 32
Cover_T368 -38
Cover_T369 38
Cover_T370 -22
Cover_T371 42
Cover_T372 -28
Cover_T373 60
Cover_T374 -22
Cover_T375 44
Cover_T376 -26
Cover_T377 50
Cover_T378 -38
Cover_T379 36
Cover_T380 -38
Cover_T381 36
Cover_T382 -38
Cover_T383 50
Cover_T384 -30
Cover_T385 48
Cover_T386 -30
Cover_T387 44
Cover_T388 -30
Cover_T389 36
Cover_T390 -42
Cover_T391 42
Cover_T392 -34
Cover_T393 34
Cover_T394 -30
Cover_T395 36
Cover_T396 -46
Cover_T397 52
Cover_T398 -34
Cover_T399 46
Cover_T400 -34
Cover_T401 42
Cover_T402 -38
Cover_T403 60
Cover_T404 -34
Cover_T405 46
Cover_T406 -46
Cover_T407 44
Cover_T408 -34
Cover_T409 56
Cover_T410 -34
Cover_T411 48
Cover_T412 -36
Cover_T413 60
Cover_T414 -40
Cover_T415 66
Cover_T416 -46
Cover_T417 60
Cover_T418 -38
Cover_T419 56
Cover_T420 -46
Cover_T421 52
Cover_T422 52
Cover_T423 -40
Cover_T424 62
Cover_T425 -40
Cover_T426 60
Cover_T427 -36
Cover_T428 56
Cover_T429 -38
Cover_T430 56
Cover_T431 -16
Cover_T432 58
Cover_T433 986
Cover_T434 1042
Cover_T435 982
Cover_T436 1044
Cover_T437 988
Cover_T438 1036
Cover_T439 988
Cover_T440 1040
Cover_T441 988
Cover_T442 1028
Cover_T443 988
Cover_T444 1018
Cover_T445 976
Cover_T446 1022
Cover_T447 988
Cover_T448 18
Cover_T449 0
Cover_T450 18
Cover_T451 -4
Cover_T452 6
Cover_T453 0
Cover_T454 6
Cover_T455 0
Cover_T456 -14
Cover_T457 -4
Cover_T458 2
Cover_T459 0
Cover_T460 -18
Cover_T461 4
Cover_T462 -12
Cover_T463 2
Cover_T464 6
Cover_T465 22
Cover_T466 6
Cover_T467 6
Cover_T468 -14
Cover_T469 1.17515e-11
Cover_T470 4
Cover_T471 20
Cover_T472 8
Cover_T473 2
Cover_T474 0
Cover_T475 2
Cover_T476 4.78142e-11
Cover_T477 22
Cover_T478 -10
Cover_T479 8
Cover_T480 -34
Cover_T481 2.69491e-11
Cover_T482 -10
Cover_T483 0
Cover_T484 -34
Cover_T485 12
Cover_T486 -2
Cover_T487 36
Cover_T488 6
Cover_T489 52
Cover_T490 2
Cover_T491 20
Cover_T492 4
Cover_T493 36
Cover_T494 12
Cover_T495 52
Cover_T496 0
Cover_T497 12
Cover_T498 6
Cover_T499 3.08304e-11
Cover_T500 0
Cover_T501 4
Cover_T502 4
Cover_T503 4
Cover_T504 6
Cover_T505 -1.25707e-10
Cover_T506 6
Cover_T507 -6
Cover_T508 12
Cover_T509 4
Cover_T510 -2
Cover_T511 4
Cover_T512 -22
Cover_T513 2
Cover_T514 -42
Cover_T515 2
Cover_T516 4
Cover_T517 -4
Cover_T518 -14
Cover_T519 10
Cover_T520 -34
Cover_T521 30
Cover_T522 12
Cover_T523 50
Cover_T524 8
Cover_T525 4
Cover_T526 6
Cover_T527 20
Cover_T528 -10
Cover_T529 36
Cover_T530 4
Cover_T531 52
Cover_T532 0
Cover_T533 2
Cover_T534 1.49831e-10
Cover_T535 2
Cover_T536 4
Cover_T537 -1.49178e-11
Cover_T538 8
Cover_T539 16
Cover_T540 0
Cover_T541 2
Cover_T542 8
Cover_T543 8
Cover_T544 4
Cover_T545 8
Cover_T546 -6
Cover_T547 6
Cover_T548 -22
Cover_T549 2
Cover_T550 -38
Cover_T551 14
Cover_T552 0
Cover_T553 6
Cover_T554 12
Cover_T555 12
Cover_T556 8
Cover_T557 24
Cover_T558 12
Cover_T559 42
Cover_T560 12
Cover_T561 58
Cover_T562 10
Cover_T563 22
Cover_T564 10
Cover_T565 10
Cover_T566 8
Cover_T567 18
Cover_T568 4
Cover_T569 16
Cover_T570 4
Cover_T571 16
Cover_T572 -1.25413e-10
Cover_T573 16
Cover_T574 -6
Cover_T575 22
Cover_T576 -4
Cover_T577 24
Cover_T578 -2
Cover_T579 24
Cover_T580 -4
Cover_T581 24
Cover_T582 -8
Cover_T583 28
Cover_T584 -10
Cover_T585 36
Cover_T586 -20
Cover_T587 28
Cover_T588 -42
Cover_T589 32
Cover_T590 -16
Cover_T591 28
Cover_T592 -16
Cover_T593 38
Cover_T594 -30
Cover_T595 34
Cover_T596 -18
Cover_T597 46
Cover_T598 -22
Cover_T599 62
Cover_T600 -22
Cover_T601 36
Cover_T602 -36
Cover_T603 42
Cover_T604 -38
Cover_T605 32
Cover_T606 -38
Cover_T607 32
Cover_T608 -28
Cover_T609 42
Cover_T610 -30
Cover_T611 46
Cover_T612 -44
Cover_T613 54
Cover_T614 -32
Cover_T615 34
Cover_T616 -36
Cover_T617 48
Cover_T618 -36
Cover_T619 56
Cover_T620 -40
Cover_T621 56
Cover_T622 -34
Cover_T623 56
Cover_T624 -34
Cover_T625 52
Cover_T626 -34
Cover_T627 70
Cover_T628 -36
Cover_T629 62
Cover_T630 -40
Cover_T631 56
Cover_T632 -38
Cover_T633 52
Cover_T634 -38
Cover_T635 64
Cover_T636 -48
Cover_T637 58
Cover_T638 -46
Cover_T639 54
Cover_T640 -52
Cover_T641 16
Cover_T642 0
Cover_T643 16
Cover_T644 8
Cover_T645 14
Cover_T646 10
Cover_T647 18
Cover_T648 20
Cover_T649 0
Cover_T650 26
Cover_T651 1040
Cover_T652 1020
Cover_T653 1038
Cover_T654 1036
Cover_T655 1040
Cover_T656 1024
Cover_T657 1034
Cover_T658 1036
Cover_T659 1076
Cover_T660 1032
Cover_T661 1058
Cover_T662 1036
Cover_T663 1070
Cover_T664 0
Cover_T665 50
Cover_T666 0
Cover_T667 52
Cover_T668 0
Cover_T669 58
Cover_T670 0
Cover_T671 22
Cover_T672 -34
Cover_T673 40
Cover_T674 -22
Cover_T675 50
Cover_T676 52
Cover_T677 -16
Cover_T678 52
Cover_T679 -14
Cover_T680 18
Cover_T681 34
Cover_T682 64
Cover_T683 26
Cover_T684 38
Cover_T685 0
Cover_T686 66
Cover_T687 26
Cover_T688 0
Cover_T689 0
Cover_T690 8
Cover_T691 30
Cover_T692 38
Cover_T693 6
Cover_T694 8
Cover_T695 40
Cover_T696 34
Cover_T697 36
Cover_T698 0
Cover_T699 6
Cover_T700 26
Cover_T701 -4
Cover_T702 4
Cover_T703 0
Cover_T704 16
Cover_T705 24
Cover_T706 24
Cover_T707 20
Cover_T708 20
Count_D0 -984
Count_D1 -1000
Max_H0_P0 0
Max_H0_P1 0
Max_H0_P2 0
Max_H0_P3 0
Max_H0_P4 0
Max_H0_P5 0
Max_H0_P6 0
Max_H0_P7 0
Max_H0_P8 0
Max_H0_P9 0
Max_H0_P10 0
Max_H0_P11 0
Max_H0_P12 0
Max_H0_P13 0
Max_H0_P14 0
Max_H0_P15 0
Max_H0_P16 1.87654e-11
Max_H0_P17 -1.6172e-11
Max_H0_P18 -7.48557e-12
Max_H0_P19 7.53708e-12
Max_H0_P20 3.09459e-11
Max_H0_P21 0
Max_H0_P22 -4.77485e-12
Max_H0_P23 5.24381e-12
Max_H0_P24 2.571e-11
Max_H0_P25 -6.19593e-12
Max_H0_P26 1.03595e-11
Max_H0_P27 -9.30989e-12
Max_H0_P28 -1.2731e-11
Max_H0_P29 6.5604e-12
Max_H0_P30 1.24434e-12
Max_H0_P31 -1.08786e-11
Max_H0_P32 -4.40973e-11
Max_H0_P33 -1.40385e-11
Max_H0_P34 -1.6948e-11
Max_H0_P35 2.98024e-11
Max_H0_P36 -4.08727e-11
Max_H0_P37 1.30349e-11
Max_H0_P38 1.47082e-11
Max_H0_P39 1.6297e-11
Max_H0_P40 -3.04139e-11
Max_H0_P41 0
Max_H0_P42 0
Max_H0_P43 0
Max_H0_P44 0
Max_H0_P45 0
Max_H0_P46 0
Max_H0_P47 0
Max_H0_P48 0
Max_H0_P49 0
Max_H0_P50 0
Max_H0_P51 0
Max_H0_P52 0
Max_H0_P53 0
Max_H0_P54 0
Max_H0_P55 0
Max_H0_P56 0
Max_H0_P57 0
Max_H0_P58 0
Max_H0_P59 -0
Max_H0_P60 0
Max_H0_P61 0
Max_H0_P62 0
Max_H0_P63 0
Max_H0_P64 0
Max_H0_P65 0
Max_H0_P66 0
Max_H0_P67 0
Max_H0_P68 0
Max_H0_P69 0
Max_H0_P70 0
Max_H0_P71 0
Max_H0_P72 0
Max_H0_P73 0
Max_H0_P74 0
Max_H0_P75 0
Max_H0_P76 0
Max_H0_P77 0
Max_H0_P78 0
Max_H0_P79 0
Max_H0_P80 0
Max_H0_P81 0
Max_H1_P0 0
Max_H1_P1 0
Max_H1_P2 0
Max_H1_P3 0
Max_H1_P4 0
Max_H1_P5 0
Max_H1_P6 4.49418e-11
Max_H1_P7 0
Max_H1_P8 0
Max_H1_P9 0
Max_H1_P10 0
Max_H1_P11 0
Max_H1_P12 0
Max_H1_P13 0
Max_H1_P14 0
Max_H1_P15 0
Max_H1_P16 4.20108e-12
Max_H1_P17 4.37162e-12
Max_H1_P18 0
Max_H1_P19 1.07647e-11
Max_H1_P20 -1.69109e-12
Max_H1_P21 -1.84524e-11
Max_H1_P22 2.46443e-11
Max_H1_P23 4.6884e-12
Max_H1_P24 -6.91003e-13
Max_H1_P25 1.60192e-11
Max_H1_P26 -3.48011e-11
Max_H1_P27 0
Max_H1_P28 3.7461e-12
Max_H1_P29 4.91142e-11
Max_H1_P30 -4.97906e-11
Max_H1_P31 -1.15818e-12
Max_H1_P32 -3.91083e-11
Max_H1_P33 0
Max_H1_P34 1.82183e-11
Max_H1_P35 -4.19284e-11
Max_H1_P36 0
Max_H1_P37 0
Max_H1_P38 2.02003e-11
Max_H1_P39 0
Max_H1_P40 -2.67448e-11
Max_H1_P41 -1.55325e-11
Max_H1_P42 0
Max_H1_P43 -5.62927e-11
Max_H1_P44 2.24323e-11
Max_H1_P45 2.41398e-11
Max_H1_P46 0
Max_H1_P47 0
Max_H1_P48 0
Max_H1_P49 0
Max_H1_P50 0
Max_H1_P51 0
Max_H1_P52 0
Max_H1_P53 0
Max_H1_P54 0
Max_H1_P55 0
Max_H1_P56 0
Max_H1_P57 0
Max_H1_P58 0
Max_H1_P59 0
Max_H1_P60 1.25056e-12
Max_H1_P61 5.07376e-12
Max_H1_P62 0
Max_H1_P63 3.58826e-11
Max_H1_P64 0
Max_H1_P65 0
Max_H1_P66 0
Max_H1_P67 0
Max_H1_P68 0
Max_H1_P69 0
Max_H1_P70 0
Max_H1_P71 0
Max_H1_P72 0
Max_H1_P73 0
Max_H1_P74 0
Max_H1_P75 0
Max_H1_P76 0
Max_H1_P77 0
Max_H1_P78 0
Max_H1_P79 0
Max_H1_P80 0
Max_H1_P81 0
