
Branch and bound

  Entire solving process        :                           (Time    143.5)
  No feasible solution was found
  Best relaxation cost          :     51501.13 (Node     0) (Time    143.5)
  Lower bound after cuts        :     51501.13
  End lower bound               :     51501.13
  Deepest level reached         : 0
  Deepest real level reached    : 0
  Number of real nodes solved   : 1
  Stopping condition            : enough nodes explored

Problem identification

  Problem                       : <null>
  Machine                       : oslo4.gerad.lan

Solving process summary

  Linear relaxations            :        1
  Column generation iterations  :      133
  Shortest paths solved         :     3215
  Columns generated             :    32098

Instance characteristics

  Resources                     : 3
  Node types                    : no
  Arc types                     : no
  Strong resource windows       : no
  Weak resource windows         : no
  Resource windows (nodes)      : 3
  Resource values (arcs)        : 3
  Values on nodes               : no

  Rows                          : 875
  Initial columns               : 2
  Tasks                         : 713
  Strong tasks                  : 709
  Weak tasks                    : 4
  Initial task constraints      : no
  Nodes                         : 1041
  Arc sets                      : 1
  Arcs                          : 24305
  Networks                      : 2
  Models                        : 1

Memory used per module (Megs)

  Parser (reused)               :      5.214
  Networks                      :     26.034
  Column generator              :      9.445
  Master problem                :      8.672
  -----------------
  Total                         :     44.150

Cpu time per module (seconds)

  Parser                        :        0.0
  Preprocessor                  :        0.0
  Lr solver manager             :        0.1
  Column generator              :       26.2
    (Shortest path)             :       22.3
  Master problem                :      117.2
  -------------------
  Total (without b&b)           :      143.5

Real elapsed time (seconds)

  Parser                        :        0.0
  Preprocessor                  :        0.0
  Lr solver manager             :        0.1
  Column generator              :       26.0
    (Shortest path)             :       22.6
  Master problem                :      117.3
  -------------------
  Total (without b&b)           :      143.5
