
Branch and bound

  Entire solving process        :                           (Time     51.8)
  No feasible solution was found
  Best relaxation cost          :     34653.10 (Node     0) (Time     51.7)
  Lower bound after cuts        :     34653.10
  End lower bound               :     34653.10
  Deepest level reached         : 0
  Deepest real level reached    : 0
  Number of real nodes solved   : 1
  Stopping condition            : enough nodes explored

Problem identification

  Problem                       : <null>
  Machine                       : oslo1.gerad.lan

Solving process summary

  Linear relaxations            :        1
  Column generation iterations  :      108
  Shortest paths solved         :     7609
  Columns generated             :    33338

Instance characteristics

  Resources                     : 3
  Node types                    : no
  Arc types                     : no
  Strong resource windows       : no
  Weak resource windows         : no
  Resource windows (nodes)      : 3
  Resource values (arcs)        : 3
  Values on nodes               : no

  Rows                          : 694
  Initial columns               : 299
  Tasks                         : 532
  Strong tasks                  : 359
  Weak tasks                    : 4
  Initial task constraints      : no
  Nodes                         : 860
  Arc sets                      : 1
  Arcs                          : 14788
  Networks                      : 2
  Models                        : 1

Memory used per module (Megs)

  Parser (reused)               :      3.398
  Networks                      :     22.159
  Column generator              :      4.117
  Master problem                :      6.933
  -----------------
  Total                         :     33.209

Cpu time per module (seconds)

  Parser                        :        0.0
  Preprocessor                  :        0.0
  Lr solver manager             :        0.1
  Column generator              :       17.2
    (Shortest path)             :       14.1
  Master problem                :       34.4
  -------------------
  Total (without b&b)           :       51.7

Real elapsed time (seconds)

  Parser                        :        0.0
  Preprocessor                  :        0.0
  Lr solver manager             :        0.1
  Column generator              :       17.1
    (Shortest path)             :       14.1
  Master problem                :       34.5
  -------------------
  Total (without b&b)           :       51.8
