
Branch and bound

  Entire solving process        :                           (Time    166.3)
  No feasible solution was found
  Best relaxation cost          :     56178.63 (Node     0) (Time    166.3)
  Lower bound after cuts        :     56178.63
  End lower bound               :     56178.63
  Deepest level reached         : 0
  Deepest real level reached    : 0
  Number of real nodes solved   : 1
  Stopping condition            : enough nodes explored

Problem identification

  Problem                       : <null>
  Machine                       : oslo4.gerad.lan

Solving process summary

  Linear relaxations            :        1
  Column generation iterations  :      113
  Shortest paths solved         :     5875
  Columns generated             :    54829

Instance characteristics

  Resources                     : 3
  Node types                    : no
  Arc types                     : no
  Strong resource windows       : no
  Weak resource windows         : no
  Resource windows (nodes)      : 3
  Resource values (arcs)        : 3
  Values on nodes               : no

  Rows                          : 1083
  Initial columns               : 467
  Tasks                         : 921
  Strong tasks                  : 650
  Weak tasks                    : 4
  Initial task constraints      : no
  Nodes                         : 1249
  Arc sets                      : 1
  Arcs                          : 38028
  Networks                      : 2
  Models                        : 1

Memory used per module (Megs)

  Parser (reused)               :      7.878
  Networks                      :     36.084
  Column generator              :      9.566
  Master problem                :     11.205
  -----------------
  Total                         :     56.854

Cpu time per module (seconds)

  Parser                        :        0.0
  Preprocessor                  :        0.0
  Lr solver manager             :        0.1
  Column generator              :       69.1
    (Shortest path)             :       60.0
  Master problem                :       97.0
  -------------------
  Total (without b&b)           :      166.3

Real elapsed time (seconds)

  Parser                        :        0.0
  Preprocessor                  :        0.0
  Lr solver manager             :        0.1
  Column generator              :       69.2
    (Shortest path)             :       60.1
  Master problem                :       97.0
  -------------------
  Total (without b&b)           :      166.3
