
Branch and bound

  Entire solving process        :                           (Time    224.2)
  No feasible solution was found
  Best relaxation cost          :     60037.02 (Node     0) (Time    224.1)
  Lower bound after cuts        :     60037.02
  End lower bound               :     60037.02
  Deepest level reached         : 0
  Deepest real level reached    : 0
  Number of real nodes solved   : 1
  Stopping condition            : enough nodes explored

Problem identification

  Problem                       : <null>
  Machine                       : oslo4.gerad.lan

Solving process summary

  Linear relaxations            :        1
  Column generation iterations  :      151
  Shortest paths solved         :     6088
  Columns generated             :    57733

Instance characteristics

  Resources                     : 3
  Node types                    : no
  Arc types                     : no
  Strong resource windows       : no
  Weak resource windows         : no
  Resource windows (nodes)      : 3
  Resource values (arcs)        : 3
  Values on nodes               : no

  Rows                          : 971
  Initial columns               : 458
  Tasks                         : 809
  Strong tasks                  : 539
  Weak tasks                    : 4
  Initial task constraints      : no
  Nodes                         : 1137
  Arc sets                      : 1
  Arcs                          : 30068
  Networks                      : 2
  Models                        : 1

Memory used per module (Megs)

  Parser (reused)               :      6.304
  Networks                      :     31.240
  Column generator              :      6.054
  Master problem                :      9.466
  -----------------
  Total                         :     46.761

Cpu time per module (seconds)

  Parser                        :        0.0
  Preprocessor                  :        0.0
  Lr solver manager             :        0.1
  Column generator              :       42.3
    (Shortest path)             :       36.4
  Master problem                :      181.7
  -------------------
  Total (without b&b)           :      224.1

Real elapsed time (seconds)

  Parser                        :        0.0
  Preprocessor                  :        0.0
  Lr solver manager             :        0.1
  Column generator              :       42.2
    (Shortest path)             :       36.6
  Master problem                :      181.7
  -------------------
  Total (without b&b)           :      224.1
