
Branch and bound

  Entire solving process        :                           (Time    609.5)
  No feasible solution was found
  Best relaxation cost          :     60216.34 (Node     0) (Time    609.5)
  Lower bound after cuts        :     60216.34
  End lower bound               :     60216.34
  Deepest level reached         : 0
  Deepest real level reached    : 0
  Number of real nodes solved   : 1
  Stopping condition            : enough nodes explored

Problem identification

  Problem                       : <null>
  Machine                       : oslo1.gerad.lan

Solving process summary

  Linear relaxations            :        1
  Column generation iterations  :      182
  Shortest paths solved         :     4247
  Columns generated             :    42773

Instance characteristics

  Resources                     : 3
  Node types                    : no
  Arc types                     : no
  Strong resource windows       : no
  Weak resource windows         : no
  Resource windows (nodes)      : 3
  Resource values (arcs)        : 3
  Values on nodes               : no

  Rows                          : 971
  Initial columns               : 2
  Tasks                         : 809
  Strong tasks                  : 805
  Weak tasks                    : 4
  Initial task constraints      : no
  Nodes                         : 1137
  Arc sets                      : 1
  Arcs                          : 30068
  Networks                      : 2
  Models                        : 1

Memory used per module (Megs)

  Parser (reused)               :      6.304
  Networks                      :     29.545
  Column generator              :     14.288
  Master problem                :      9.564
  -----------------
  Total                         :     53.397

Cpu time per module (seconds)

  Parser                        :        0.0
  Preprocessor                  :        0.0
  Lr solver manager             :        0.2
  Column generator              :       49.0
    (Shortest path)             :       37.1
  Master problem                :      560.2
  -------------------
  Total (without b&b)           :      609.5

Real elapsed time (seconds)

  Parser                        :        0.0
  Preprocessor                  :        0.0
  Lr solver manager             :        0.2
  Column generator              :       49.0
    (Shortest path)             :       36.6
  Master problem                :      560.3
  -------------------
  Total (without b&b)           :      609.5
