
Branch and bound

  Entire solving process        :                           (Time     59.7)
  No feasible solution was found
  Best relaxation cost          :     38311.57 (Node     0) (Time     59.7)
  Lower bound after cuts        :     38311.57
  End lower bound               :     38311.57
  Deepest level reached         : 0
  Deepest real level reached    : 0
  Number of real nodes solved   : 1
  Stopping condition            : enough nodes explored

Problem identification

  Problem                       : <null>
  Machine                       : oslo2.gerad.lan

Solving process summary

  Linear relaxations            :        1
  Column generation iterations  :      122
  Shortest paths solved         :     5948
  Columns generated             :    38950

Instance characteristics

  Resources                     : 3
  Node types                    : no
  Arc types                     : no
  Strong resource windows       : no
  Weak resource windows         : no
  Resource windows (nodes)      : 3
  Resource values (arcs)        : 3
  Values on nodes               : no

  Rows                          : 733
  Initial columns               : 295
  Tasks                         : 571
  Strong tasks                  : 401
  Weak tasks                    : 4
  Initial task constraints      : no
  Nodes                         : 899
  Arc sets                      : 1
  Arcs                          : 16309
  Networks                      : 2
  Models                        : 1

Memory used per module (Megs)

  Parser (reused)               :      3.640
  Networks                      :     22.522
  Column generator              :      4.480
  Master problem                :      7.553
  -----------------
  Total                         :     34.555

Cpu time per module (seconds)

  Parser                        :        0.0
  Preprocessor                  :        0.0
  Lr solver manager             :        0.1
  Column generator              :       15.6
    (Shortest path)             :       12.9
  Master problem                :       43.9
  -------------------
  Total (without b&b)           :       59.7

Real elapsed time (seconds)

  Parser                        :        0.0
  Preprocessor                  :        0.0
  Lr solver manager             :        0.2
  Column generator              :       15.7
    (Shortest path)             :       13.1
  Master problem                :       43.9
  -------------------
  Total (without b&b)           :       59.7
