
Branch and bound

  Entire solving process        :                           (Time    288.5)
  No feasible solution was found
  Best relaxation cost          :     54104.44 (Node     0) (Time    288.5)
  Lower bound after cuts        :     54104.44
  End lower bound               :     54104.44
  Deepest level reached         : 0
  Deepest real level reached    : 0
  Number of real nodes solved   : 1
  Stopping condition            : enough nodes explored

Problem identification

  Problem                       : <null>
  Machine                       : oslo1.gerad.lan

Solving process summary

  Linear relaxations            :        1
  Column generation iterations  :      139
  Shortest paths solved         :     3853
  Columns generated             :    41922

Instance characteristics

  Resources                     : 3
  Node types                    : no
  Arc types                     : no
  Strong resource windows       : no
  Weak resource windows         : no
  Resource windows (nodes)      : 3
  Resource values (arcs)        : 3
  Values on nodes               : no

  Rows                          : 972
  Initial columns               : 2
  Tasks                         : 810
  Strong tasks                  : 806
  Weak tasks                    : 4
  Initial task constraints      : no
  Nodes                         : 1138
  Arc sets                      : 1
  Arcs                          : 31012
  Networks                      : 2
  Models                        : 1

Memory used per module (Megs)

  Parser (reused)               :      6.546
  Networks                      :     28.818
  Column generator              :     10.898
  Master problem                :      9.458
  -----------------
  Total                         :     49.175

Cpu time per module (seconds)

  Parser                        :        0.0
  Preprocessor                  :        0.0
  Lr solver manager             :        0.2
  Column generator              :       53.8
    (Shortest path)             :       44.3
  Master problem                :      234.5
  -------------------
  Total (without b&b)           :      288.5

Real elapsed time (seconds)

  Parser                        :        0.0
  Preprocessor                  :        0.0
  Lr solver manager             :        0.2
  Column generator              :       53.8
    (Shortest path)             :       44.4
  Master problem                :      234.4
  -------------------
  Total (without b&b)           :      288.5
