
Branch and bound

  Entire solving process        :                           (Time    152.8)
  No feasible solution was found
  Best relaxation cost          :     53900.34 (Node     0) (Time    152.8)
  Lower bound after cuts        :     53900.34
  End lower bound               :     53900.34
  Deepest level reached         : 0
  Deepest real level reached    : 0
  Number of real nodes solved   : 1
  Stopping condition            : enough nodes explored

Problem identification

  Problem                       : <null>
  Machine                       : oslo4.gerad.lan

Solving process summary

  Linear relaxations            :        1
  Column generation iterations  :      119
  Shortest paths solved         :     6286
  Columns generated             :    52097

Instance characteristics

  Resources                     : 3
  Node types                    : no
  Arc types                     : no
  Strong resource windows       : no
  Weak resource windows         : no
  Resource windows (nodes)      : 3
  Resource values (arcs)        : 3
  Values on nodes               : no

  Rows                          : 972
  Initial columns               : 407
  Tasks                         : 810
  Strong tasks                  : 578
  Weak tasks                    : 4
  Initial task constraints      : no
  Nodes                         : 1138
  Arc sets                      : 1
  Arcs                          : 31012
  Networks                      : 2
  Models                        : 1

Memory used per module (Megs)

  Parser (reused)               :      6.546
  Networks                      :     31.240
  Column generator              :      9.081
  Master problem                :      9.700
  -----------------
  Total                         :     50.022

Cpu time per module (seconds)

  Parser                        :        0.0
  Preprocessor                  :        0.0
  Lr solver manager             :        0.1
  Column generator              :       56.7
    (Shortest path)             :       50.3
  Master problem                :       96.0
  -------------------
  Total (without b&b)           :      152.8

Real elapsed time (seconds)

  Parser                        :        0.0
  Preprocessor                  :        0.0
  Lr solver manager             :        0.1
  Column generator              :       56.6
    (Shortest path)             :       50.7
  Master problem                :       96.1
  -------------------
  Total (without b&b)           :      152.8
