Cover_T0 52
Cover_T1 -52
Cover_T2 52
Cover_T3 -52
Cover_T4 52
Cover_T5 -52
Cover_T6 52
Cover_T7 -52
Cover_T8 52
Cover_T9 -52
Cover_T10 52
Cover_T11 -52
Cover_T12 54
Cover_T13 -52
Cover_T14 54
Cover_T15 -50
Cover_T16 52
Cover_T17 -50
Cover_T18 58
Cover_T19 -48
Cover_T20 56
Cover_T21 -48
Cover_T22 54
Cover_T23 -46
Cover_T24 60
Cover_T25 -20
Cover_T26 62
Cover_T27 -36
Cover_T28 78
Cover_T29 -36
Cover_T30 60
Cover_T31 12
Cover_T32 68
Cover_T33 -4
Cover_T34 40
Cover_T35 26
Cover_T36 56
Cover_T37 10
Cover_T38 56
Cover_T39 40
Cover_T40 954
Cover_T41 934
Cover_T42 964
Cover_T43 948
Cover_T44 980
Cover_T45 948
Cover_T46 964
Cover_T47 948
Cover_T48 966
Cover_T49 2
Cover_T50 46
Cover_T51 8
Cover_T52 26
Cover_T53 -38
Cover_T54 6
Cover_T55 -22
Cover_T56 10
Cover_T57 -38
Cover_T58 -8.09024e-11
Cover_T59 -22
Cover_T60 0
Cover_T61 -6
Cover_T62 0
Cover_T63 4
Cover_T64 1.35409e-11
Cover_T65 0
Cover_T66 8
Cover_T67 4
Cover_T68 4
Cover_T69 2
Cover_T70 0
Cover_T71 6
Cover_T72 42
Cover_T73 -1.43668e-10
Cover_T74 52
Cover_T75 4
Cover_T76 32
Cover_T77 8
Cover_T78 8
Cover_T79 -26
Cover_T80 -6
Cover_T81 -28
Cover_T82 -28
Cover_T83 7.73861e-10
Cover_T84 8
Cover_T85 14
Cover_T86 0
Cover_T87 32
Cover_T88 8
Cover_T89 52
Cover_T90 -12
Cover_T91 8
Cover_T92 42
Cover_T93 8
Cover_T94 50
Cover_T95 -5.47881e-11
Cover_T96 52
Cover_T97 20
Cover_T98 28
Cover_T99 -26
Cover_T100 3.12621e-11
Cover_T101 -48
Cover_T102 -28
Cover_T103 -20
Cover_T104 10
Cover_T105 8
Cover_T106 0
Cover_T107 32
Cover_T108 -6
Cover_T109 52
Cover_T110 -26
Cover_T111 6
Cover_T112 -46
Cover_T113 8
Cover_T114 -2
Cover_T115 14
Cover_T116 -22
Cover_T117 34
Cover_T118 -42
Cover_T119 52
Cover_T120 0
Cover_T121 4
Cover_T122 -6
Cover_T123 20
Cover_T124 -22
Cover_T125 36
Cover_T126 -38
Cover_T127 54
Cover_T128 14
Cover_T129 12
Cover_T130 -2
Cover_T131 20
Cover_T132 2
Cover_T133 36
Cover_T134 22
Cover_T135 56
Cover_T136 -5.42499e-12
Cover_T137 14
Cover_T138 0
Cover_T139 12
Cover_T140 -2
Cover_T141 -6
Cover_T142 0
Cover_T143 20
Cover_T144 28
Cover_T145 26
Cover_T146 28
Cover_T147 28
Cover_T148 8
Cover_T149 30
Cover_T150 26
Cover_T151 6
Cover_T152 34
Cover_T153 6
Cover_T154 36
Cover_T155 20
Cover_T156 4
Cover_T157 4
Cover_T158 -16
Cover_T159 0
Cover_T160 24
Cover_T161 -14
Cover_T162 6
Cover_T163 14
Cover_T164 6
Cover_T165 28
Cover_T166 10
Cover_T167 46
Cover_T168 0
Cover_T169 6
Cover_T170 0
Cover_T171 22
Cover_T172 16
Cover_T173 22
Cover_T174 8
Cover_T175 16
Cover_T176 4
Cover_T177 14
Cover_T178 0
Cover_T179 4
Cover_T180 -12
Cover_T181 6
Cover_T182 -34
Cover_T183 0
Cover_T184 4
Cover_T185 2
Cover_T186 4
Cover_T187 22
Cover_T188 -1.18689e-10
Cover_T189 42
Cover_T190 -14
Cover_T191 4
Cover_T192 -34
Cover_T193 4
Cover_T194 4
Cover_T195 8
Cover_T196 2
Cover_T197 20
Cover_T198 2
Cover_T199 36
Cover_T200 -14
Cover_T201 56
Cover_T202 -10
Cover_T203 14
Cover_T204 -26
Cover_T205 18
Cover_T206 -42
Cover_T207 20
Cover_T208 -18
Cover_T209 36
Cover_T210 -34
Cover_T211 24
Cover_T212 4
Cover_T213 60
Cover_T214 4
Cover_T215 94
Cover_T216 -2
Cover_T217 54
Cover_T218 2.81688e-10
Cover_T219 94
Cover_T220 -8
Cover_T221 56
Cover_T222 -10
Cover_T223 50
Cover_T224 -28
Cover_T225 58
Cover_T226 -12
Cover_T227 52
Cover_T228 -40
Cover_T229 66
Cover_T230 -46
Cover_T231 52
Cover_T232 -46
Cover_T233 52
Cover_T234 -52
Cover_T235 52
Cover_T236 -52
Cover_T237 52
Cover_T238 -50
Cover_T239 52
Cover_T240 -48
Cover_T241 52
Cover_T242 -46
Cover_T243 60
Cover_T244 -24
Cover_T245 52
Cover_T246 -44
Cover_T247 62
Cover_T248 8
Cover_T249 46
Cover_T250 -8
Cover_T251 52
Cover_T252 6
Cover_T253 52
Cover_T254 22
Cover_T255 4
Cover_T256 26
Cover_T257 966
Cover_T258 940
Cover_T259 930
Cover_T260 944
Cover_T261 976
Cover_T262 944
Cover_T263 946
Cover_T264 0
Cover_T265 58
Cover_T266 8
Cover_T267 38
Cover_T268 -34
Cover_T269 6
Cover_T270 -46
Cover_T271 -6.7149e-11
Cover_T272 -26
Cover_T273 8
Cover_T274 -6
Cover_T275 10
Cover_T276 0
Cover_T277 0
Cover_T278 0
Cover_T279 -10
Cover_T280 -1.24336e-11
Cover_T281 0
Cover_T282 8.29559e-12
Cover_T283 1.20122e-10
Cover_T284 0
Cover_T285 1.30648e-10
Cover_T286 16
Cover_T287 46
Cover_T288 6
Cover_T289 30
Cover_T290 6
Cover_T291 44
Cover_T292 6
Cover_T293 26
Cover_T294 -36
Cover_T295 6
Cover_T296 -46
Cover_T297 0
Cover_T298 -26
Cover_T299 -14
Cover_T300 -6
Cover_T301 -34
Cover_T302 -3.21734e-11
Cover_T303 10
Cover_T304 14
Cover_T305 6
Cover_T306 42
Cover_T307 6
Cover_T308 6
Cover_T309 52
Cover_T310 14
Cover_T311 52
Cover_T312 14
Cover_T313 46
Cover_T314 -36
Cover_T315 26
Cover_T316 -44
Cover_T317 6
Cover_T318 -46
Cover_T319 -14
Cover_T320 -26
Cover_T321 -34
Cover_T322 -6
Cover_T323 12
Cover_T324 14
Cover_T325 10
Cover_T326 38
Cover_T327 -4
Cover_T328 -3.71188e-11
Cover_T329 -32
Cover_T330 0
Cover_T331 4
Cover_T332 24
Cover_T333 -24
Cover_T334 48
Cover_T335 -44
Cover_T336 4
Cover_T337 -6
Cover_T338 24
Cover_T339 -16
Cover_T340 44
Cover_T341 -36
Cover_T342 8
Cover_T343 12
Cover_T344 18
Cover_T345 -8
Cover_T346 40
Cover_T347 -6
Cover_T348 54
Cover_T349 16
Cover_T350 4
Cover_T351 0
Cover_T352 26
Cover_T353 2
Cover_T354 24
Cover_T355 4
Cover_T356 2
Cover_T357 4
Cover_T358 18
Cover_T359 -2
Cover_T360 20
Cover_T361 24
Cover_T362 18
Cover_T363 24
Cover_T364 18
Cover_T365 0
Cover_T366 0
Cover_T367 20
Cover_T368 0
Cover_T369 26
Cover_T370 14
Cover_T371 16
Cover_T372 0
Cover_T373 -4
Cover_T374 2
Cover_T375 18
Cover_T376 12
Cover_T377 10
Cover_T378 46
Cover_T379 4
Cover_T380 18
Cover_T381 18
Cover_T382 22
Cover_T383 4
Cover_T384 12
Cover_T385 2
Cover_T386 6
Cover_T387 6
Cover_T388 2
Cover_T389 2
Cover_T390 8
Cover_T391 -2
Cover_T392 6
Cover_T393 -20
Cover_T394 2
Cover_T395 -36
Cover_T396 -7.67013e-11
Cover_T397 4
Cover_T398 14
Cover_T399 4
Cover_T400 34
Cover_T401 -2.31334e-10
Cover_T402 -4
Cover_T403 -14
Cover_T404 -4
Cover_T405 -34
Cover_T406 0
Cover_T407 4
Cover_T408 14
Cover_T409 4
Cover_T410 30
Cover_T411 4
Cover_T412 46
Cover_T413 -12
Cover_T414 8
Cover_T415 -8
Cover_T416 6
Cover_T417 -24
Cover_T418 14
Cover_T419 -40
Cover_T420 30
Cover_T421 -16
Cover_T422 28
Cover_T423 -32
Cover_T424 32
Cover_T425 -54
Cover_T426 54
Cover_T427 -2
Cover_T428 72
Cover_T429 -2
Cover_T430 66
Cover_T431 -4
Cover_T432 66
Cover_T433 -12
Cover_T434 66
Cover_T435 -8
Cover_T436 56
Cover_T437 -14
Cover_T438 52
Cover_T439 -34
Cover_T440 42
Cover_T441 -26
Cover_T442 58
Cover_T443 -16
Cover_T444 52
Cover_T445 -38
Cover_T446 62
Cover_T447 -38
Cover_T448 56
Cover_T449 -38
Cover_T450 64
Cover_T451 -46
Cover_T452 58
Cover_T453 -46
Cover_T454 58
Cover_T455 -46
Cover_T456 58
Cover_T457 -46
Cover_T458 58
Cover_T459 64
Cover_T460 -16
Cover_T461 66
Cover_T462 -32
Cover_T463 82
Cover_T464 -32
Cover_T465 66
Cover_T466 14
Cover_T467 74
Cover_T468 0
Cover_T469 62
Cover_T470 22
Cover_T471 36
Cover_T472 22
Cover_T473 52
Cover_T474 20
Cover_T475 998
Cover_T476 940
Cover_T477 944
Cover_T478 930
Cover_T479 1006
Cover_T480 928
Cover_T481 960
Cover_T482 940
Cover_T483 976
Cover_T484 940
Cover_T485 946
Cover_T486 -6
Cover_T487 26
Cover_T488 0
Cover_T489 12
Cover_T490 -42
Cover_T491 16
Cover_T492 -22
Cover_T493 4
Cover_T494 -34
Cover_T495 6
Cover_T496 -14
Cover_T497 2
Cover_T498 0
Cover_T499 8
Cover_T500 8.40372e-11
Cover_T501 6
Cover_T502 0
Cover_T503 6
Cover_T504 -6
Cover_T505 52
Cover_T506 -3.04965e-11
Cover_T507 36
Cover_T508 10
Cover_T509 50
Cover_T510 -1.06572e-10
Cover_T511 34
Cover_T512 0
Cover_T513 18
Cover_T514 4.76348e-11
Cover_T515 2
Cover_T516 -46
Cover_T517 1.39377e-10
Cover_T518 -30
Cover_T519 -10
Cover_T520 -44
Cover_T521 -26
Cover_T522 -28
Cover_T523 -42
Cover_T524 -12
Cover_T525 6
Cover_T526 4
Cover_T527 10
Cover_T528 6
Cover_T529 -6
Cover_T530 16
Cover_T531 6
Cover_T532 32
Cover_T533 -10
Cover_T534 48
Cover_T535 48
Cover_T536 0
Cover_T537 32
Cover_T538 -4
Cover_T539 44
Cover_T540 12
Cover_T541 50
Cover_T542 0
Cover_T543 34
Cover_T544 16
Cover_T545 18
Cover_T546 -36
Cover_T547 -10
Cover_T548 -36
Cover_T549 -38
Cover_T550 -30
Cover_T551 1.05466e-10
Cover_T552 -2
Cover_T553 4.48864e-11
Cover_T554 26
Cover_T555 -20
Cover_T556 46
Cover_T557 -40
Cover_T558 0
Cover_T559 4
Cover_T560 2
Cover_T561 -16
Cover_T562 8
Cover_T563 -36
Cover_T564 28
Cover_T565 2
Cover_T566 48
Cover_T567 -8
Cover_T568 4
Cover_T569 -28
Cover_T570 26
Cover_T571 -48
Cover_T572 46
Cover_T573 0
Cover_T574 10
Cover_T575 0
Cover_T576 20
Cover_T577 18
Cover_T578 40
Cover_T579 5.39231e-11
Cover_T580 62
Cover_T581 2
Cover_T582 12
Cover_T583 6
Cover_T584 28
Cover_T585 6
Cover_T586 24
Cover_T587 0
Cover_T588 6
Cover_T589 28
Cover_T590 24
Cover_T591 30
Cover_T592 28
Cover_T593 20
Cover_T594 24
Cover_T595 40
Cover_T596 24
Cover_T597 20
Cover_T598 32
Cover_T599 32
Cover_T600 6
Cover_T601 38
Cover_T602 4
Cover_T603 16
Cover_T604 14
Cover_T605 0
Cover_T606 0
Cover_T607 -16
Cover_T608 8
Cover_T609 20
Cover_T610 2
Cover_T611 -1.83435e-09
Cover_T612 -6
Cover_T613 0
Cover_T614 18
Cover_T615 10
Cover_T616 34
Cover_T617 12
Cover_T618 52
Cover_T619 20
Cover_T620 10
Cover_T621 10
Cover_T622 8
Cover_T623 0
Cover_T624 2
Cover_T625 8
Cover_T626 22
Cover_T627 0
Cover_T628 -4.34616e-10
Cover_T629 -18
Cover_T630 10
Cover_T631 -38
Cover_T632 12
Cover_T633 -2
Cover_T634 0
Cover_T635 1.11852e-10
Cover_T636 4
Cover_T637 1.16343e-10
Cover_T638 20
Cover_T639 -10
Cover_T640 36
Cover_T641 -26
Cover_T642 52
Cover_T643 -42
Cover_T644 10
Cover_T645 8.43272e-11
Cover_T646 6
Cover_T647 2
Cover_T648 6
Cover_T649 2
Cover_T650 22
Cover_T651 -6
Cover_T652 52
Cover_T653 -34
Cover_T654 14
Cover_T655 -22
Cover_T656 18
Cover_T657 4
Cover_T658 40
Cover_T659 -2
Cover_T660 74
Cover_T661 -4
Cover_T662 72
Cover_T663 1.74921e-10
Cover_T664 78
Cover_T665 -6
Cover_T666 94
Cover_T667 -8
Cover_T668 56
Cover_T669 -14
Cover_T670 58
Cover_T671 -26
Cover_T672 64
Cover_T673 -10
Cover_T674 56
Cover_T675 -38
Cover_T676 64
Cover_T677 -38
Cover_T678 58
Cover_T679 -38
Cover_T680 64
Cover_T681 -46
Cover_T682 58
Cover_T683 -46
Cover_T684 58
Cover_T685 -46
Cover_T686 58
Cover_T687 -46
Cover_T688 58
Cover_T689 60
Cover_T690 2
Cover_T691 40
Cover_T692 18
Cover_T693 58
Cover_T694 14
Cover_T695 34
Cover_T696 58
Cover_T697 16
Cover_T698 0
Cover_T699 0
Cover_T700 46
Cover_T701 6
Cover_T702 24
Cover_T703 64
Cover_T704 54
Cover_T705 0
Cover_T706 974
Cover_T707 1014
Cover_T708 968
Cover_T709 984
Cover_T710 988
Cover_T711 968
Cover_T712 930
Cover_T713 970
Cover_T714 946
Cover_T715 66
Cover_T716 -34
Cover_T717 42
Cover_T718 54
Cover_T719 0
Cover_T720 64
Cover_T721 -30
Cover_T722 64
Cover_T723 0
Cover_T724 52
Cover_T725 30
Cover_T726 44
Cover_T727 14
Cover_T728 74
Cover_T729 0
Cover_T730 78
Cover_T731 0
Cover_T732 34
Cover_T733 52
Cover_T734 0
Cover_T735 48
Cover_T736 16
Cover_T737 18
Cover_T738 30
Cover_T739 50
Cover_T740 46
Cover_T741 64
Cover_T742 -6
Cover_T743 44
Cover_T744 22
Cover_T745 58
Cover_T746 0
Cover_T747 66
Cover_T748 0
Cover_T749 54
Count_D0 -984
Count_D1 -1000
Max_H0_P0 0
Max_H0_P1 0
Max_H0_P2 0
Max_H0_P3 0
Max_H0_P4 0
Max_H0_P5 0
Max_H0_P6 0
Max_H0_P7 0
Max_H0_P8 0
Max_H0_P9 0
Max_H0_P10 0
Max_H0_P11 0
Max_H0_P12 0
Max_H0_P13 0
Max_H0_P14 0
Max_H0_P15 0
Max_H0_P16 -3.16865e-11
Max_H0_P17 0
Max_H0_P18 -4.53305e-11
Max_H0_P19 4.14852e-11
Max_H0_P20 3.27587e-11
Max_H0_P21 -1.14255e-11
Max_H0_P22 -5.79397e-12
Max_H0_P23 0
Max_H0_P24 -3.745e-12
Max_H0_P25 1.50449e-11
Max_H0_P26 1.87139e-12
Max_H0_P27 -2.16051e-11
Max_H0_P28 4.74216e-11
Max_H0_P29 -5.83147e-11
Max_H0_P30 9.84102e-13
Max_H0_P31 -2.86111e-11
Max_H0_P32 2.36256e-11
Max_H0_P33 -1.08127e-11
Max_H0_P34 9.42165e-12
Max_H0_P35 -3.94931e-12
Max_H0_P36 1.73372e-11
Max_H0_P37 0
Max_H0_P38 2.44462e-11
Max_H0_P39 -2.91842e-11
Max_H0_P40 -2.75881e-11
Max_H0_P41 1.00137e-10
Max_H0_P42 0
Max_H0_P43 0
Max_H0_P44 0
Max_H0_P45 0
Max_H0_P46 0
Max_H0_P47 0
Max_H0_P48 0
Max_H0_P49 0
Max_H0_P50 0
Max_H0_P51 0
Max_H0_P52 0
Max_H0_P53 0
Max_H0_P54 0
Max_H0_P55 0
Max_H0_P56 0
Max_H0_P57 0
Max_H0_P58 -5.07339e-12
Max_H0_P59 0
Max_H0_P60 0
Max_H0_P61 2.71721e-11
Max_H0_P62 0
Max_H0_P63 0
Max_H0_P64 0
Max_H0_P65 1.76993e-10
Max_H0_P66 0
Max_H0_P67 0
Max_H0_P68 0
Max_H0_P69 0
Max_H0_P70 0
Max_H0_P71 0
Max_H0_P72 0
Max_H0_P73 0
Max_H0_P74 0
Max_H0_P75 0
Max_H0_P76 0
Max_H0_P77 -2.35193e-10
Max_H0_P78 3.07711e-10
Max_H0_P79 0
Max_H0_P80 0
Max_H0_P81 0
Max_H1_P0 0
Max_H1_P1 0
Max_H1_P2 1.82505e-10
Max_H1_P3 0
Max_H1_P4 0
Max_H1_P5 -5.71525e-11
Max_H1_P6 0
Max_H1_P7 0
Max_H1_P8 0
Max_H1_P9 0
Max_H1_P10 0
Max_H1_P11 0
Max_H1_P12 0
Max_H1_P13 0
Max_H1_P14 0
Max_H1_P15 0
Max_H1_P16 1.04786e-11
Max_H1_P17 0
Max_H1_P18 1.02318e-11
Max_H1_P19 0
Max_H1_P20 6.70433e-11
Max_H1_P21 -7.16831e-11
Max_H1_P22 3.9396e-11
Max_H1_P23 -9.43601e-12
Max_H1_P24 -1.94404e-11
Max_H1_P25 3.16689e-11
Max_H1_P26 7.04858e-12
Max_H1_P27 -2.55345e-12
Max_H1_P28 -1.10276e-11
Max_H1_P29 0
Max_H1_P30 -7.56083e-12
Max_H1_P31 2.33169e-11
Max_H1_P32 -1.87015e-11
Max_H1_P33 4.15978e-12
Max_H1_P34 2.40448e-11
Max_H1_P35 1.90905e-11
Max_H1_P36 0
Max_H1_P37 3.79039e-11
Max_H1_P38 -8.4488e-12
Max_H1_P39 -3.48949e-11
Max_H1_P40 7.30674e-12
Max_H1_P41 6.44522e-11
Max_H1_P42 0
Max_H1_P43 -2.68408e-11
Max_H1_P44 0
Max_H1_P45 0
Max_H1_P46 0
Max_H1_P47 0
Max_H1_P48 0
Max_H1_P49 0
Max_H1_P50 0
Max_H1_P51 0
Max_H1_P52 0
Max_H1_P53 0
Max_H1_P54 0
Max_H1_P55 0
Max_H1_P56 0
Max_H1_P57 1.70303e-10
Max_H1_P58 -5.07339e-12
Max_H1_P59 0
Max_H1_P60 0
Max_H1_P61 0
Max_H1_P62 0
Max_H1_P63 7.04752e-11
Max_H1_P64 0
Max_H1_P65 1.36492e-10
Max_H1_P66 0
Max_H1_P67 0
Max_H1_P68 0
Max_H1_P69 0
Max_H1_P70 0
Max_H1_P71 0
Max_H1_P72 0
Max_H1_P73 0
Max_H1_P74 0
Max_H1_P75 0
Max_H1_P76 0
Max_H1_P77 1.36993e-11
Max_H1_P78 -5.42002e-11
Max_H1_P79 0
Max_H1_P80 0
Max_H1_P81 0
