Cover_T0 54
Cover_T1 -52
Cover_T2 54
Cover_T3 -50
Cover_T4 54
Cover_T5 -50
Cover_T6 54
Cover_T7 -50
Cover_T8 54
Cover_T9 -50
Cover_T10 56
Cover_T11 -48
Cover_T12 54
Cover_T13 -48
Cover_T14 52
Cover_T15 -42
Cover_T16 52
Cover_T17 -36
Cover_T18 68
Cover_T19 -20
Cover_T20 64
Cover_T21 0
Cover_T22 118
Cover_T23 38
Cover_T24 94
Cover_T25 14
Cover_T26 64
Cover_T27 60
Cover_T28 124
Cover_T29 18
Cover_T30 984
Cover_T31 942
Cover_T32 938
Cover_T33 966
Cover_T34 940
Cover_T35 884
Cover_T36 942
Cover_T37 -10
Cover_T38 0
Cover_T39 -8
Cover_T40 0
Cover_T41 -12
Cover_T42 0
Cover_T43 10
Cover_T44 0
Cover_T45 8
Cover_T46 5.59623e-11
Cover_T47 -4
Cover_T48 -18
Cover_T49 0
Cover_T50 -46
Cover_T51 -1.67766e-11
Cover_T52 -8
Cover_T53 26
Cover_T54 0
Cover_T55 52
Cover_T56 0
Cover_T57 10
Cover_T58 8
Cover_T59 18
Cover_T60 0
Cover_T61 10
Cover_T62 0
Cover_T63 10
Cover_T64 0
Cover_T65 2
Cover_T66 2
Cover_T67 6
Cover_T68 12
Cover_T69 8
Cover_T70 20
Cover_T71 6
Cover_T72 18
Cover_T73 0
Cover_T74 32
Cover_T75 6.70175e-11
Cover_T76 16
Cover_T77 10
Cover_T78 4
Cover_T79 -4
Cover_T80 0
Cover_T81 9.64135e-11
Cover_T82 5.38929e-11
Cover_T83 8.20606e-11
Cover_T84 0
Cover_T85 0
Cover_T86 0
Cover_T87 2
Cover_T88 -22
Cover_T89 4
Cover_T90 22
Cover_T91 14
Cover_T92 18
Cover_T93 50
Cover_T94 -18
Cover_T95 10
Cover_T96 30
Cover_T97 20
Cover_T98 26
Cover_T99 62
Cover_T100 34
Cover_T101 12
Cover_T102 24
Cover_T103 22
Cover_T104 -4
Cover_T105 6
Cover_T106 -12
Cover_T107 4
Cover_T108 2.12612e-10
Cover_T109 36
Cover_T110 2
Cover_T111 42
Cover_T112 0
Cover_T113 20
Cover_T114 -12
Cover_T115 10
Cover_T116 -36
Cover_T117 16
Cover_T118 6
Cover_T119 26
Cover_T120 2.10655e-10
Cover_T121 56
Cover_T122 -3.63113e-11
Cover_T123 68
Cover_T124 -8
Cover_T125 30
Cover_T126 4.58096e-11
Cover_T127 32
Cover_T128 -34
Cover_T129 30
Cover_T130 -10
Cover_T131 38
Cover_T132 -10
Cover_T133 48
Cover_T134 -22
Cover_T135 44
Cover_T136 -26
Cover_T137 40
Cover_T138 -22
Cover_T139 54
Cover_T140 -22
Cover_T141 36
Cover_T142 -24
Cover_T143 52
Cover_T144 -24
Cover_T145 36
Cover_T146 -24
Cover_T147 54
Cover_T148 -30
Cover_T149 66
Cover_T150 -32
Cover_T151 52
Cover_T152 -34
Cover_T153 68
Cover_T154 -38
Cover_T155 66
Cover_T156 -44
Cover_T157 54
Cover_T158 -50
Cover_T159 54
Cover_T160 -48
Cover_T161 50
Cover_T162 -48
Cover_T163 60
Cover_T164 -42
Cover_T165 54
Cover_T166 -46
Cover_T167 48
Cover_T168 2
Cover_T169 116
Cover_T170 30
Cover_T171 76
Cover_T172 2
Cover_T173 30
Cover_T174 2.80664e-11
Cover_T175 76
Cover_T176 30
Cover_T177 76
Cover_T178 30
Cover_T179 926
Cover_T180 864
Cover_T181 922
Cover_T182 884
Cover_T183 954
Cover_T184 -16
Cover_T185 6
Cover_T186 -6
Cover_T187 4
Cover_T188 -2
Cover_T189 10
Cover_T190 0
Cover_T191 3.61433e-11
Cover_T192 2.83158e-11
Cover_T193 0
Cover_T194 -4.99152e-11
Cover_T195 -26
Cover_T196 0
Cover_T197 12
Cover_T198 18
Cover_T199 0
Cover_T200 46
Cover_T201 4
Cover_T202 8
Cover_T203 -5.11733e-11
Cover_T204 -3.70761e-11
Cover_T205 8
Cover_T206 4
Cover_T207 4
Cover_T208 0
Cover_T209 4
Cover_T210 8
Cover_T211 10
Cover_T212 8
Cover_T213 10
Cover_T214 6
Cover_T215 8.94573e-11
Cover_T216 0
Cover_T217 12
Cover_T218 0
Cover_T219 12
Cover_T220 14
Cover_T221 34
Cover_T222 6
Cover_T223 6
Cover_T224 8
Cover_T225 -2
Cover_T226 -14
Cover_T227 -10
Cover_T228 2
Cover_T229 0
Cover_T230 14
Cover_T231 0
Cover_T232 0
Cover_T233 -18
Cover_T234 5.62804e-11
Cover_T235 -42
Cover_T236 6
Cover_T237 14
Cover_T238 28
Cover_T239 22
Cover_T240 52
Cover_T241 -2
Cover_T242 0
Cover_T243 -26
Cover_T244 -2
Cover_T245 22
Cover_T246 38
Cover_T247 18
Cover_T248 -10
Cover_T249 22
Cover_T250 -2.93458e-10
Cover_T251 16
Cover_T252 2
Cover_T253 0
Cover_T254 12
Cover_T255 0
Cover_T256 22
Cover_T257 10
Cover_T258 18
Cover_T259 -4
Cover_T260 2
Cover_T261 -42
Cover_T262 18
Cover_T263 0
Cover_T264 52
Cover_T265 3.83125e-11
Cover_T266 14
Cover_T267 -16
Cover_T268 24
Cover_T269 -22
Cover_T270 30
Cover_T271 -18
Cover_T272 24
Cover_T273 -24
Cover_T274 48
Cover_T275 -20
Cover_T276 28
Cover_T277 -18
Cover_T278 28
Cover_T279 -36
Cover_T280 24
Cover_T281 -34
Cover_T282 22
Cover_T283 -22
Cover_T284 40
Cover_T285 -22
Cover_T286 48
Cover_T287 -32
Cover_T288 42
Cover_T289 -28
Cover_T290 36
Cover_T291 -22
Cover_T292 62
Cover_T293 -36
Cover_T294 54
Cover_T295 -30
Cover_T296 46
Cover_T297 -24
Cover_T298 56
Cover_T299 -30
Cover_T300 54
Cover_T301 -32
Cover_T302 48
Cover_T303 -38
Cover_T304 52
Cover_T305 -36
Cover_T306 62
Cover_T307 -38
Cover_T308 58
Cover_T309 58
Cover_T310 -28
Cover_T311 64
Cover_T312 -2
Cover_T313 116
Cover_T314 38
Cover_T315 84
Cover_T316 18
Cover_T317 74
Cover_T318 44
Cover_T319 44
Cover_T320 40
Cover_T321 104
Cover_T322 -2
Cover_T323 964
Cover_T324 926
Cover_T325 990
Cover_T326 946
Cover_T327 920
Cover_T328 966
Cover_T329 952
Cover_T330 880
Cover_T331 922
Cover_T332 -20
Cover_T333 16
Cover_T334 -18
Cover_T335 0
Cover_T336 -22
Cover_T337 2
Cover_T338 6
Cover_T339 16
Cover_T340 3.64011e-11
Cover_T341 -2.9582e-10
Cover_T342 16
Cover_T343 -28
Cover_T344 14
Cover_T345 10
Cover_T346 0
Cover_T347 -2
Cover_T348 16
Cover_T349 2
Cover_T350 42
Cover_T351 2
Cover_T352 0
Cover_T353 2
Cover_T354 8
Cover_T355 0
Cover_T356 0
Cover_T357 0
Cover_T358 0
Cover_T359 -8
Cover_T360 0
Cover_T361 -2
Cover_T362 2
Cover_T363 12
Cover_T364 2
Cover_T365 -12
Cover_T366 10
Cover_T367 0
Cover_T368 4
Cover_T369 2
Cover_T370 -10
Cover_T371 28
Cover_T372 14
Cover_T373 4
Cover_T374 2
Cover_T375 0
Cover_T376 0
Cover_T377 0
Cover_T378 -26
Cover_T379 3.7824e-11
Cover_T380 1.19442e-10
Cover_T381 0
Cover_T382 8
Cover_T383 0
Cover_T384 12
Cover_T385 -8
Cover_T386 14
Cover_T387 -36
Cover_T388 16
Cover_T389 16
Cover_T390 14
Cover_T391 20
Cover_T392 24
Cover_T393 -8
Cover_T394 56
Cover_T395 -36
Cover_T396 4
Cover_T397 22
Cover_T398 -8
Cover_T399 6
Cover_T400 14
Cover_T401 22
Cover_T402 36
Cover_T403 6
Cover_T404 42
Cover_T405 30
Cover_T406 68
Cover_T407 18
Cover_T408 0
Cover_T409 26
Cover_T410 24
Cover_T411 12
Cover_T412 14
Cover_T413 10
Cover_T414 2
Cover_T415 22
Cover_T416 0
Cover_T417 10
Cover_T418 28
Cover_T419 10
Cover_T420 32
Cover_T421 -2.43512e-10
Cover_T422 18
Cover_T423 -32
Cover_T424 22
Cover_T425 2
Cover_T426 22
Cover_T427 0
Cover_T428 40
Cover_T429 7.29372e-12
Cover_T430 72
Cover_T431 4.54108e-11
Cover_T432 26
Cover_T433 -6
Cover_T434 22
Cover_T435 -6
Cover_T436 38
Cover_T437 -10
Cover_T438 38
Cover_T439 -22
Cover_T440 26
Cover_T441 -24
Cover_T442 34
Cover_T443 -22
Cover_T444 38
Cover_T445 -24
Cover_T446 38
Cover_T447 -30
Cover_T448 40
Cover_T449 -22
Cover_T450 36
Cover_T451 -22
Cover_T452 36
Cover_T453 -22
Cover_T454 42
Cover_T455 -22
Cover_T456 40
Cover_T457 -24
Cover_T458 48
Cover_T459 -30
Cover_T460 52
Cover_T461 -32
Cover_T462 56
Cover_T463 -32
Cover_T464 60
Cover_T465 -36
Cover_T466 60
Cover_T467 -40
Cover_T468 56
Cover_T469 14
Cover_T470 28
Cover_T471 90
Cover_T472 50
Cover_T473 94
Cover_T474 86
Cover_T475 70
Cover_T476 62
Cover_T477 30
Cover_T478 32
Cover_T479 90
Cover_T480 32
Cover_T481 30
Cover_T482 956
Cover_T483 1016
Cover_T484 980
Cover_T485 970
Cover_T486 898
Cover_T487 940
Cover_T488 922
Cover_T489 52
Cover_T490 24
Cover_T491 40
Cover_T492 68
Cover_T493 32
Cover_T494 36
Cover_T495 4
Cover_T496 64
Cover_T497 42
Cover_T498 44
Cover_T499 64
Cover_T500 0
Cover_T501 32
Cover_T502 28
Cover_T503 44
Cover_T504 0
Cover_T505 0
Cover_T506 -16
Cover_T507 40
Cover_T508 2
Cover_T509 46
Cover_T510 44
Cover_T511 0
Cover_T512 0
Cover_T513 48
Cover_T514 0
Cover_T515 32
Cover_T516 34
Count_D0 -984
Count_D1 -1000
Max_H0_P0 0
Max_H0_P1 0
Max_H0_P2 0
Max_H0_P3 0
Max_H0_P4 0
Max_H0_P5 0
Max_H0_P6 0
Max_H0_P7 0
Max_H0_P8 0
Max_H0_P9 0
Max_H0_P10 0
Max_H0_P11 0
Max_H0_P12 0
Max_H0_P13 0
Max_H0_P14 0
Max_H0_P15 0
Max_H0_P16 0
Max_H0_P17 0
Max_H0_P18 0
Max_H0_P19 0
Max_H0_P20 0
Max_H0_P21 -1.88649e-11
Max_H0_P22 0
Max_H0_P23 0
Max_H0_P24 0
Max_H0_P25 0
Max_H0_P26 0
Max_H0_P27 0
Max_H0_P28 0
Max_H0_P29 0
Max_H0_P30 2.57678e-11
Max_H0_P31 0
Max_H0_P32 0
Max_H0_P33 0
Max_H0_P34 0
Max_H0_P35 0
Max_H0_P36 0
Max_H0_P37 3.98259e-11
Max_H0_P38 -2.36327e-11
Max_H0_P39 -4.9134e-12
Max_H0_P40 -1.62846e-11
Max_H0_P41 0
Max_H0_P42 0
Max_H0_P43 0
Max_H0_P44 0
Max_H0_P45 0
Max_H0_P46 0
Max_H0_P47 0
Max_H0_P48 0
Max_H0_P49 0
Max_H0_P50 0
Max_H0_P51 0
Max_H0_P52 0
Max_H0_P53 0
Max_H0_P54 0
Max_H0_P55 0
Max_H0_P56 0
Max_H0_P57 0
Max_H0_P58 0
Max_H0_P59 0
Max_H0_P60 0
Max_H0_P61 0
Max_H0_P62 0
Max_H0_P63 0
Max_H0_P64 0
Max_H0_P65 0
Max_H0_P66 0
Max_H0_P67 0
Max_H0_P68 0
Max_H0_P69 0
Max_H0_P70 0
Max_H0_P71 0
Max_H0_P72 0
Max_H0_P73 0
Max_H0_P74 0
Max_H0_P75 0
Max_H0_P76 0
Max_H0_P77 0
Max_H0_P78 0
Max_H0_P79 0
Max_H0_P80 0
Max_H0_P81 0
Max_H1_P0 0
Max_H1_P1 0
Max_H1_P2 0
Max_H1_P3 0
Max_H1_P4 0
Max_H1_P5 0
Max_H1_P6 -1.88827e-12
Max_H1_P7 0
Max_H1_P8 0
Max_H1_P9 0
Max_H1_P10 0
Max_H1_P11 0
Max_H1_P12 0
Max_H1_P13 0
Max_H1_P14 0
Max_H1_P15 0
Max_H1_P16 -4.78868e-11
Max_H1_P17 0
Max_H1_P18 6.0254e-12
Max_H1_P19 0
Max_H1_P20 0
Max_H1_P21 0
Max_H1_P22 3.33955e-12
Max_H1_P23 -2.22045e-11
Max_H1_P24 0
Max_H1_P25 -6.55254e-12
Max_H1_P26 0
Max_H1_P27 0
Max_H1_P28 2.55476e-11
Max_H1_P29 0
Max_H1_P30 0
Max_H1_P31 3.11718e-11
Max_H1_P32 0
Max_H1_P33 -2.60337e-12
Max_H1_P34 -5.25091e-12
Max_H1_P35 0
Max_H1_P36 1.61933e-11
Max_H1_P37 0
Max_H1_P38 0
Max_H1_P39 -5.771e-12
Max_H1_P40 0
Max_H1_P41 0
Max_H1_P42 -3.13172e-11
Max_H1_P43 0
Max_H1_P44 0
Max_H1_P45 0
Max_H1_P46 0
Max_H1_P47 0
Max_H1_P48 0
Max_H1_P49 0
Max_H1_P50 0
Max_H1_P51 0
Max_H1_P52 0
Max_H1_P53 0
Max_H1_P54 0
Max_H1_P55 0
Max_H1_P56 0
Max_H1_P57 0
Max_H1_P58 0
Max_H1_P59 0
Max_H1_P60 0
Max_H1_P61 0
Max_H1_P62 0
Max_H1_P63 0
Max_H1_P64 0
Max_H1_P65 0
Max_H1_P66 0
Max_H1_P67 0
Max_H1_P68 0
Max_H1_P69 0
Max_H1_P70 0
Max_H1_P71 0
Max_H1_P72 0
Max_H1_P73 0
Max_H1_P74 0
Max_H1_P75 0
Max_H1_P76 0
Max_H1_P77 -2.38742e-12
Max_H1_P78 0
Max_H1_P79 0
Max_H1_P80 0
Max_H1_P81 0
