
Branch and bound

  Entire solving process        :                           (Time    189.3)
  No feasible solution was found
  Best relaxation cost          :     43495.40 (Node     0) (Time    184.7)
  Lower bound after cuts        :     43495.40
  End lower bound               :     43497.43
  Deepest level reached         : 0
  Deepest real level reached    : 0
  Number of real nodes solved   : 1
  Stopping condition            : enough nodes explored

Problem identification

  Problem                       : <null>
  Machine                       : oslo3.gerad.lan

Solving process summary

  Linear relaxations            :        1
  Column generation iterations  :      137
  Shortest paths solved         :     4634
  Columns generated             :    47399

Instance characteristics

  Resources                     : 3
  Node types                    : no
  Arc types                     : no
  Strong resource windows       : no
  Weak resource windows         : no
  Resource windows (nodes)      : 3
  Resource values (arcs)        : 3
  Values on nodes               : no

  Rows                          : 916
  Initial columns               : 373
  Tasks                         : 754
  Strong tasks                  : 537
  Weak tasks                    : 4
  Initial task constraints      : no
  Nodes                         : 1082
  Arc sets                      : 1
  Arcs                          : 26557
  Networks                      : 2
  Models                        : 1

Memory used per module (Megs)

  Parser (reused)               :      5.699
  Networks                      :     28.940
  Column generator              :      7.992
  Master problem                :      9.602
  -----------------
  Total                         :     46.533

Cpu time per module (seconds)

  Parser                        :        0.0
  Preprocessor                  :        0.0
  Lr solver manager             :        0.0
  Column generator              :       41.7
    (Shortest path)             :       37.6
  Master problem                :      147.5
  -------------------
  Total (without b&b)           :      189.2

Real elapsed time (seconds)

  Parser                        :        0.0
  Preprocessor                  :        0.0
  Lr solver manager             :        0.0
  Column generator              :       41.6
    (Shortest path)             :       37.4
  Master problem                :      147.6
  -------------------
  Total (without b&b)           :      189.2
