
Branch and bound

  Entire solving process        :                           (Time    208.2)
  No feasible solution was found
  Best relaxation cost          :     57600.27 (Node     0) (Time    208.1)
  Lower bound after cuts        :     57600.27
  End lower bound               :     57600.27
  Deepest level reached         : 0
  Deepest real level reached    : 0
  Number of real nodes solved   : 1
  Stopping condition            : enough nodes explored

Problem identification

  Problem                       : <null>
  Machine                       : oslo1.gerad.lan

Solving process summary

  Linear relaxations            :        1
  Column generation iterations  :      127
  Shortest paths solved         :     3778
  Columns generated             :    44849

Instance characteristics

  Resources                     : 3
  Node types                    : no
  Arc types                     : no
  Strong resource windows       : no
  Weak resource windows         : no
  Resource windows (nodes)      : 3
  Resource values (arcs)        : 3
  Values on nodes               : no

  Rows                          : 1039
  Initial columns               : 2
  Tasks                         : 877
  Strong tasks                  : 873
  Weak tasks                    : 4
  Initial task constraints      : no
  Nodes                         : 1205
  Arc sets                      : 1
  Arcs                          : 34637
  Networks                      : 2
  Models                        : 1

Memory used per module (Megs)

  Parser (reused)               :      7.273
  Networks                      :     31.482
  Column generator              :     15.257
  Master problem                :     10.146
  -----------------
  Total                         :     56.886

Cpu time per module (seconds)

  Parser                        :        0.0
  Preprocessor                  :        0.0
  Lr solver manager             :        0.1
  Column generator              :       83.9
    (Shortest path)             :       77.1
  Master problem                :      124.1
  -------------------
  Total (without b&b)           :      208.1

Real elapsed time (seconds)

  Parser                        :        0.0
  Preprocessor                  :        0.0
  Lr solver manager             :        0.1
  Column generator              :       83.9
    (Shortest path)             :       76.7
  Master problem                :      124.1
  -------------------
  Total (without b&b)           :      208.1
