
Branch and bound

  Entire solving process        :                           (Time     39.2)
  No feasible solution was found
  Best relaxation cost          :     34939.98 (Node     0) (Time     39.2)
  Lower bound after cuts        :     34939.98
  End lower bound               :     34939.98
  Deepest level reached         : 0
  Deepest real level reached    : 0
  Number of real nodes solved   : 1
  Stopping condition            : enough nodes explored

Problem identification

  Problem                       : <null>
  Machine                       : oslo2.gerad.lan

Solving process summary

  Linear relaxations            :        1
  Column generation iterations  :      110
  Shortest paths solved         :     4394
  Columns generated             :    31445

Instance characteristics

  Resources                     : 3
  Node types                    : no
  Arc types                     : no
  Strong resource windows       : no
  Weak resource windows         : no
  Resource windows (nodes)      : 3
  Resource values (arcs)        : 3
  Values on nodes               : no

  Rows                          : 669
  Initial columns               : 258
  Tasks                         : 507
  Strong tasks                  : 350
  Weak tasks                    : 4
  Initial task constraints      : no
  Nodes                         : 835
  Arc sets                      : 1
  Arcs                          : 13760
  Networks                      : 2
  Models                        : 1

Memory used per module (Megs)

  Parser (reused)               :      3.156
  Networks                      :     20.221
  Column generator              :      3.148
  Master problem                :      6.895
  -----------------
  Total                         :     30.265

Cpu time per module (seconds)

  Parser                        :        0.0
  Preprocessor                  :        0.0
  Lr solver manager             :        0.1
  Column generator              :        9.5
    (Shortest path)             :        8.1
  Master problem                :       29.5
  -------------------
  Total (without b&b)           :       39.1

Real elapsed time (seconds)

  Parser                        :        0.0
  Preprocessor                  :        0.0
  Lr solver manager             :        0.1
  Column generator              :        9.5
    (Shortest path)             :        7.9
  Master problem                :       29.6
  -------------------
  Total (without b&b)           :       39.2
