
Branch and bound

  Entire solving process        :                           (Time    420.1)
  No feasible solution was found
  Best relaxation cost          :     76483.66 (Node     0) (Time    420.1)
  Lower bound after cuts        :     76483.66
  End lower bound               :     76483.66
  Deepest level reached         : 0
  Deepest real level reached    : 0
  Number of real nodes solved   : 1
  Stopping condition            : enough nodes explored

Problem identification

  Problem                       : <null>
  Machine                       : oslo3.gerad.lan

Solving process summary

  Linear relaxations            :        1
  Column generation iterations  :      126
  Shortest paths solved         :     4273
  Columns generated             :    51029

Instance characteristics

  Resources                     : 3
  Node types                    : no
  Arc types                     : no
  Strong resource windows       : no
  Weak resource windows         : no
  Resource windows (nodes)      : 3
  Resource values (arcs)        : 3
  Values on nodes               : no

  Rows                          : 1177
  Initial columns               : 2
  Tasks                         : 1015
  Strong tasks                  : 1011
  Weak tasks                    : 4
  Initial task constraints      : no
  Nodes                         : 1343
  Arc sets                      : 1
  Arcs                          : 45055
  Networks                      : 2
  Models                        : 1

Memory used per module (Megs)

  Parser (reused)               :      9.210
  Networks                      :     37.052
  Column generator              :     22.401
  Master problem                :     11.122
  -----------------
  Total                         :     70.575

Cpu time per module (seconds)

  Parser                        :        0.0
  Preprocessor                  :        0.0
  Lr solver manager             :        0.1
  Column generator              :      104.1
    (Shortest path)             :       93.0
  Master problem                :      315.9
  -------------------
  Total (without b&b)           :      420.1

Real elapsed time (seconds)

  Parser                        :        0.0
  Preprocessor                  :        0.0
  Lr solver manager             :        0.1
  Column generator              :      104.0
    (Shortest path)             :       92.5
  Master problem                :      315.9
  -------------------
  Total (without b&b)           :      420.1
