Cover_T0 52
Cover_T1 -52
Cover_T2 54
Cover_T3 -52
Cover_T4 58
Cover_T5 -50
Cover_T6 54
Cover_T7 -46
Cover_T8 66
Cover_T9 -46
Cover_T10 64
Cover_T11 -38
Cover_T12 60
Cover_T13 -38
Cover_T14 66
Cover_T15 -22
Cover_T16 62
Cover_T17 -22
Cover_T18 930
Cover_T19 876
Cover_T20 984
Cover_T21 86
Cover_T22 140
Cover_T23 26
Cover_T24 96
Cover_T25 2.13163e-11
Cover_T26 0
Cover_T27 36
Cover_T28 -24
Cover_T29 0
Cover_T30 -44
Cover_T31 24
Cover_T32 34
Cover_T33 52
Cover_T34 6
Cover_T35 52
Cover_T36 -22
Cover_T37 -26
Cover_T38 0
Cover_T39 38
Cover_T40 -18
Cover_T41 8
Cover_T42 18
Cover_T43 14
Cover_T44 0
Cover_T45 46
Cover_T46 12
Cover_T47 0
Cover_T48 48
Cover_T49 16
Cover_T50 20
Cover_T51 0
Cover_T52 -8
Cover_T53 -40
Cover_T54 -36
Cover_T55 -12
Cover_T56 -4
Cover_T57 16
Cover_T58 -34
Cover_T59 48
Cover_T60 -24
Cover_T61 20
Cover_T62 12
Cover_T63 62
Cover_T64 8
Cover_T65 50
Cover_T66 52
Cover_T67 10
Cover_T68 24
Cover_T69 16
Cover_T70 14
Cover_T71 -28
Cover_T72 -22
Cover_T73 2
Cover_T74 24
Cover_T75 40
Cover_T76 18
Cover_T77 18
Cover_T78 22
Cover_T79 18
Cover_T80 18
Cover_T81 12
Cover_T82 10
Cover_T83 2
Cover_T84 10
Cover_T85 38
Cover_T86 0
Cover_T87 12
Cover_T88 2
Cover_T89 12
Cover_T90 10
Cover_T91 32
Cover_T92 -14
Cover_T93 46
Cover_T94 6
Cover_T95 56
Cover_T96 6
Cover_T97 70
Cover_T98 0
Cover_T99 64
Cover_T100 -38
Cover_T101 58
Cover_T102 -14
Cover_T103 88
Cover_T104 58
Cover_T105 -46
Cover_T106 62
Cover_T107 -38
Cover_T108 72
Cover_T109 -24
Cover_T110 52
Cover_T111 -28
Cover_T112 56
Cover_T113 -12
Cover_T114 914
Cover_T115 852
Cover_T116 890
Cover_T117 866
Cover_T118 926
Cover_T119 0
Cover_T120 70
Cover_T121 22
Cover_T122 116
Cover_T123 32
Cover_T124 106
Cover_T125 -4
Cover_T126 -6
Cover_T127 8
Cover_T128 42
Cover_T129 48
Cover_T130 -26
Cover_T131 -6
Cover_T132 48
Cover_T133 22
Cover_T134 20
Cover_T135 -3.01981e-12
Cover_T136 -8
Cover_T137 -28
Cover_T138 -10
Cover_T139 -2.92744e-12
Cover_T140 4
Cover_T141 -4
Cover_T142 52
Cover_T143 26
Cover_T144 20
Cover_T145 2
Cover_T146 -12
Cover_T147 -22
Cover_T148 -44
Cover_T149 10
Cover_T150 -14
Cover_T151 38
Cover_T152 -42
Cover_T153 6
Cover_T154 -28
Cover_T155 34
Cover_T156 12
Cover_T157 30
Cover_T158 12
Cover_T159 60
Cover_T160 52
Cover_T161 26
Cover_T162 20
Cover_T163 34
Cover_T164 -2
Cover_T165 -4
Cover_T166 4
Cover_T167 2
Cover_T168 20
Cover_T169 36
Cover_T170 36
Cover_T171 44
Cover_T172 10
Cover_T173 28
Cover_T174 34
Cover_T175 28
Cover_T176 7.72218e-11
Cover_T177 42
Cover_T178 0
Cover_T179 6
Cover_T180 10
Cover_T181 12
Cover_T182 -4
Cover_T183 10
Cover_T184 6
Cover_T185 2
Cover_T186 -26
Cover_T187 34
Cover_T188 -28
Cover_T189 46
Cover_T190 4
Cover_T191 44
Cover_T192 2
Cover_T193 44
Cover_T194 2
Cover_T195 34
Cover_T196 -24
Cover_T197 28
Cover_T198 2
Cover_T199 34
Cover_T200 -12
Cover_T201 84
Cover_T202 934
Cover_T203 0
Cover_T204 910
Cover_T205 878
Cover_T206 954
Cover_T207 878
Cover_T208 1000
Cover_T209 4
Cover_T210 920
Cover_T211 66
Cover_T212 38
Cover_T213 66
Cover_T214 142
Cover_T215 50
Cover_T216 138
Cover_T217 0
Cover_T218 122
Cover_T219 20
Cover_T220 76
Cover_T221 40
Cover_T222 76
Cover_T223 -46
Cover_T224 0
Cover_T225 0
Cover_T226 4
Cover_T227 4
Cover_T228 42
Cover_T229 52
Cover_T230 48
Cover_T231 0
Cover_T232 0
Cover_T233 48
Cover_T234 -22
Cover_T235 -10
Cover_T236 14
Cover_T237 22
Cover_T238 0
Cover_T239 24
Cover_T240 16
Cover_T241 52
Cover_T242 0
Cover_T243 2
Cover_T244 28
Cover_T245 8
Cover_T246 -12
Cover_T247 18
Cover_T248 -12
Cover_T249 46
Cover_T250 -40
Cover_T251 14
Cover_T252 0
Cover_T253 42
Cover_T254 0
Cover_T255 30
Cover_T256 46
Cover_T257 64
Cover_T258 22
Cover_T259 24
Cover_T260 18
Cover_T261 20
Cover_T262 -6
Cover_T263 -26
Cover_T264 0
Cover_T265 10
Cover_T266 16
Cover_T267 18
Cover_T268 36
Cover_T269 58
Cover_T270 4
Cover_T271 42
Cover_T272 28
Cover_T273 30
Cover_T274 0
Cover_T275 8
Cover_T276 22
Cover_T277 32
Cover_T278 -2
Cover_T279 2
Cover_T280 10
Cover_T281 26
Cover_T282 -4
Cover_T283 -4
Cover_T284 4
Cover_T285 32
Cover_T286 10
Cover_T287 12
Cover_T288 4
Cover_T289 16
Cover_T290 -16
Cover_T291 10
Cover_T292 -14
Cover_T293 26
Cover_T294 6
Cover_T295 36
Cover_T296 6
Cover_T297 50
Cover_T298 0
Cover_T299 20
Cover_T300 2
Cover_T301 72
Cover_T302 -12
Cover_T303 72
Cover_T304 -14
Cover_T305 90
Cover_T306 -14
Cover_T307 946
Cover_T308 22
Cover_T309 916
Cover_T310 916
Cover_T311 920
Cover_T312 916
Cover_T313 880
Cover_T314 -1.68541e-11
Cover_T315 62
Cover_T316 52
Cover_T317 24
Cover_T318 24
Cover_T319 144
Cover_T320 102
Cover_T321 70
Cover_T322 56
Cover_T323 94
Cover_T324 80
Cover_T325 58
Cover_T326 84
Cover_T327 40
Cover_T328 52
Cover_T329 -4
Cover_T330 56
Cover_T331 38
Cover_T332 16
Cover_T333 56
Cover_T334 56
Cover_T335 32
Count_D0 -984
Count_D1 -1000
Max_H0_P0 0
Max_H0_P1 0
Max_H0_P2 0
Max_H0_P3 0
Max_H0_P4 0
Max_H0_P5 0
Max_H0_P6 0
Max_H0_P7 0
Max_H0_P8 0
Max_H0_P9 0
Max_H0_P10 0
Max_H0_P11 0
Max_H0_P12 0
Max_H0_P13 0
Max_H0_P14 0
Max_H0_P15 0
Max_H0_P16 0
Max_H0_P17 9.04738e-13
Max_H0_P18 1.79945e-12
Max_H0_P19 0
Max_H0_P20 -3.39107e-12
Max_H0_P21 -4.52509e-12
Max_H0_P22 0
Max_H0_P23 0
Max_H0_P24 0
Max_H0_P25 -6.2296e-12
Max_H0_P26 6.11067e-12
Max_H0_P27 -1.20792e-12
Max_H0_P28 0
Max_H0_P29 0
Max_H0_P30 7.34535e-12
Max_H0_P31 0
Max_H0_P32 0
Max_H0_P33 0
Max_H0_P34 0
Max_H0_P35 -1.15363e-11
Max_H0_P36 0
Max_H0_P37 0
Max_H0_P38 0
Max_H0_P39 0
Max_H0_P40 0
Max_H0_P41 0
Max_H0_P42 0
Max_H0_P43 0
Max_H0_P44 0
Max_H0_P45 0
Max_H0_P46 0
Max_H0_P47 0
Max_H0_P48 0
Max_H0_P49 0
Max_H0_P50 0
Max_H0_P51 0
Max_H0_P52 0
Max_H0_P53 0
Max_H0_P54 0
Max_H0_P55 0
Max_H0_P56 0
Max_H0_P57 0
Max_H0_P58 0
Max_H0_P59 0
Max_H0_P60 0
Max_H0_P61 0
Max_H0_P62 0
Max_H0_P63 0
Max_H0_P64 0
Max_H0_P65 0
Max_H0_P66 0
Max_H0_P67 0
Max_H0_P68 0
Max_H0_P69 0
Max_H0_P70 0
Max_H0_P71 0
Max_H0_P72 0
Max_H0_P73 0
Max_H0_P74 0
Max_H0_P75 0
Max_H0_P76 0
Max_H0_P77 0
Max_H0_P78 0
Max_H0_P79 0
Max_H0_P80 0
Max_H0_P81 0
Max_H1_P0 0
Max_H1_P1 0
Max_H1_P2 0
Max_H1_P3 0
Max_H1_P4 0
Max_H1_P5 6.75834e-12
Max_H1_P6 0
Max_H1_P7 0
Max_H1_P8 0
Max_H1_P9 0
Max_H1_P10 0
Max_H1_P11 0
Max_H1_P12 0
Max_H1_P13 0
Max_H1_P14 0
Max_H1_P15 0
Max_H1_P16 -5.49072e-12
Max_H1_P17 -4.45599e-12
Max_H1_P18 0
Max_H1_P19 -2.19602e-13
Max_H1_P20 0
Max_H1_P21 -8.20854e-12
Max_H1_P22 6.12754e-12
Max_H1_P23 0
Max_H1_P24 -5.02087e-12
Max_H1_P25 0
Max_H1_P26 -5.30295e-12
Max_H1_P27 0
Max_H1_P28 0
Max_H1_P29 2.18847e-12
Max_H1_P30 -4.08562e-12
Max_H1_P31 4.6505e-12
Max_H1_P32 0
Max_H1_P33 0
Max_H1_P34 0
Max_H1_P35 -1.28306e-11
Max_H1_P36 -3.10297e-12
Max_H1_P37 6.97042e-12
Max_H1_P38 0
Max_H1_P39 0
Max_H1_P40 0
Max_H1_P41 0
Max_H1_P42 0
Max_H1_P43 0
Max_H1_P44 0
Max_H1_P45 0
Max_H1_P46 0
Max_H1_P47 0
Max_H1_P48 0
Max_H1_P49 0
Max_H1_P50 0
Max_H1_P51 0
Max_H1_P52 0
Max_H1_P53 0
Max_H1_P54 0
Max_H1_P55 0
Max_H1_P56 0
Max_H1_P57 0
Max_H1_P58 0
Max_H1_P59 0
Max_H1_P60 5.55304e-12
Max_H1_P61 -4.93827e-12
Max_H1_P62 0
Max_H1_P63 0
Max_H1_P64 0
Max_H1_P65 0
Max_H1_P66 0
Max_H1_P67 0
Max_H1_P68 0
Max_H1_P69 0
Max_H1_P70 0
Max_H1_P71 0
Max_H1_P72 0
Max_H1_P73 0
Max_H1_P74 0
Max_H1_P75 0
Max_H1_P76 1.33014e-11
Max_H1_P77 0
Max_H1_P78 -1.34417e-11
Max_H1_P79 0
Max_H1_P80 0
Max_H1_P81 0
