
Branch and bound

  Entire solving process        :                           (Time    134.1)
  No feasible solution was found
  Best relaxation cost          :     62072.28 (Node     0) (Time    134.1)
  Lower bound after cuts        :     62072.28
  End lower bound               :     62072.28
  Deepest level reached         : 0
  Deepest real level reached    : 0
  Number of real nodes solved   : 1
  Stopping condition            : enough nodes explored

Problem identification

  Problem                       : <null>
  Machine                       : oslo5.gerad.lan

Solving process summary

  Linear relaxations            :        1
  Column generation iterations  :      120
  Shortest paths solved         :     7380
  Columns generated             :    55213

Instance characteristics

  Resources                     : 3
  Node types                    : no
  Arc types                     : no
  Strong resource windows       : no
  Weak resource windows         : no
  Resource windows (nodes)      : 3
  Resource values (arcs)        : 3
  Values on nodes               : no

  Rows                          : 973
  Initial columns               : 419
  Tasks                         : 811
  Strong tasks                  : 572
  Weak tasks                    : 4
  Initial task constraints      : no
  Nodes                         : 1139
  Arc sets                      : 1
  Arcs                          : 30443
  Networks                      : 2
  Models                        : 1

Memory used per module (Megs)

  Parser (reused)               :      6.425
  Networks                      :     32.088
  Column generator              :      6.296
  Master problem                :      9.655
  -----------------
  Total                         :     48.039

Cpu time per module (seconds)

  Parser                        :        0.0
  Preprocessor                  :        0.0
  Lr solver manager             :        0.1
  Column generator              :       45.5
    (Shortest path)             :       37.5
  Master problem                :       88.5
  -------------------
  Total (without b&b)           :      134.1

Real elapsed time (seconds)

  Parser                        :        0.0
  Preprocessor                  :        0.0
  Lr solver manager             :        0.1
  Column generator              :       45.5
    (Shortest path)             :       37.8
  Master problem                :       88.5
  -------------------
  Total (without b&b)           :      134.1
