
Branch and bound

  Entire solving process        :                           (Time    336.3)
  No feasible solution was found
  Best relaxation cost          :     62689.74 (Node     0) (Time    336.3)
  Lower bound after cuts        :     62689.74
  End lower bound               :     62689.74
  Deepest level reached         : 0
  Deepest real level reached    : 0
  Number of real nodes solved   : 1
  Stopping condition            : enough nodes explored

Problem identification

  Problem                       : <null>
  Machine                       : oslo1.gerad.lan

Solving process summary

  Linear relaxations            :        1
  Column generation iterations  :      136
  Shortest paths solved         :     8051
  Columns generated             :    68416

Instance characteristics

  Resources                     : 3
  Node types                    : no
  Arc types                     : no
  Strong resource windows       : no
  Weak resource windows         : no
  Resource windows (nodes)      : 3
  Resource values (arcs)        : 3
  Values on nodes               : no

  Rows                          : 1067
  Initial columns               : 430
  Tasks                         : 905
  Strong tasks                  : 642
  Weak tasks                    : 4
  Initial task constraints      : no
  Nodes                         : 1233
  Arc sets                      : 1
  Arcs                          : 36507
  Networks                      : 2
  Models                        : 1

Memory used per module (Megs)

  Parser (reused)               :      7.636
  Networks                      :     34.025
  Column generator              :     17.315
  Master problem                :     10.388
  -----------------
  Total                         :     61.729

Cpu time per module (seconds)

  Parser                        :        0.0
  Preprocessor                  :        0.0
  Lr solver manager             :        0.1
  Column generator              :      182.5
    (Shortest path)             :      170.3
  Master problem                :      153.7
  -------------------
  Total (without b&b)           :      336.3

Real elapsed time (seconds)

  Parser                        :        0.0
  Preprocessor                  :        0.0
  Lr solver manager             :        0.2
  Column generator              :      182.5
    (Shortest path)             :      169.8
  Master problem                :      153.7
  -------------------
  Total (without b&b)           :      336.3
