Cover_T0 52
Cover_T1 -52
Cover_T2 52
Cover_T3 -52
Cover_T4 52
Cover_T5 -52
Cover_T6 52
Cover_T7 -52
Cover_T8 52
Cover_T9 -52
Cover_T10 52
Cover_T11 -52
Cover_T12 52
Cover_T13 -52
Cover_T14 52
Cover_T15 -52
Cover_T16 52
Cover_T17 -52
Cover_T18 52
Cover_T19 -52
Cover_T20 52
Cover_T21 -52
Cover_T22 52
Cover_T23 -52
Cover_T24 56
Cover_T25 -52
Cover_T26 56
Cover_T27 -48
Cover_T28 56
Cover_T29 -48
Cover_T30 56
Cover_T31 -48
Cover_T32 56
Cover_T33 -48
Cover_T34 56
Cover_T35 -48
Cover_T36 56
Cover_T37 -44
Cover_T38 56
Cover_T39 -44
Cover_T40 56
Cover_T41 -44
Cover_T42 54
Cover_T43 -44
Cover_T44 58
Cover_T45 -44
Cover_T46 54
Cover_T47 -40
Cover_T48 52
Cover_T49 -40
Cover_T50 52
Cover_T51 -40
Cover_T52 54
Cover_T53 -40
Cover_T54 52
Cover_T55 -42
Cover_T56 1046
Cover_T57 976
Cover_T58 1038
Cover_T59 964
Cover_T60 1026
Cover_T61 990
Cover_T62 1044
Cover_T63 992
Cover_T64 1040
Cover_T65 990
Cover_T66 1044
Cover_T67 0
Cover_T68 28
Cover_T69 0
Cover_T70 40
Cover_T71 16
Cover_T72 18
Cover_T73 -2
Cover_T74 4
Cover_T75 -6
Cover_T76 1.58192e-10
Cover_T77 -2
Cover_T78 -2
Cover_T79 2
Cover_T80 0
Cover_T81 6
Cover_T82 6
Cover_T83 12
Cover_T84 4
Cover_T85 2
Cover_T86 0
Cover_T87 4
Cover_T88 4.48886e-11
Cover_T89 4
Cover_T90 4
Cover_T91 16
Cover_T92 0
Cover_T93 2
Cover_T94 -10
Cover_T95 -1.06066e-11
Cover_T96 -22
Cover_T97 4
Cover_T98 -34
Cover_T99 4
Cover_T100 -46
Cover_T101 -1.04137e-10
Cover_T102 2
Cover_T103 4
Cover_T104 -2
Cover_T105 14
Cover_T106 -2.4766e-11
Cover_T107 26
Cover_T108 6.98037e-11
Cover_T109 38
Cover_T110 2
Cover_T111 50
Cover_T112 -10
Cover_T113 2
Cover_T114 -12
Cover_T115 6
Cover_T116 -24
Cover_T117 4
Cover_T118 -36
Cover_T119 4
Cover_T120 -48
Cover_T121 2
Cover_T122 -3.00844e-11
Cover_T123 14
Cover_T124 0
Cover_T125 16
Cover_T126 0
Cover_T127 28
Cover_T128 0
Cover_T129 40
Cover_T130 -4.54747e-12
Cover_T131 52
Cover_T132 3.55129e-11
Cover_T133 4
Cover_T134 7.46855e-11
Cover_T135 4
Cover_T136 0
Cover_T137 0
Cover_T138 -3.04041e-11
Cover_T139 -6.00551e-11
Cover_T140 -1.2778e-10
Cover_T141 -1.65556e-11
Cover_T142 -3.86535e-11
Cover_T143 0
Cover_T144 0
Cover_T145 4.54747e-12
Cover_T146 1.7252e-11
Cover_T147 0
Cover_T148 0
Cover_T149 -4.54747e-13
Cover_T150 5.6982e-11
Cover_T151 0
Cover_T152 -7.42581e-11
Cover_T153 6.4976e-11
Cover_T154 0
Cover_T155 -2.92692e-11
Cover_T156 -4
Cover_T157 0
Cover_T158 -2
Cover_T159 0
Cover_T160 -2
Cover_T161 0
Cover_T162 -14
Cover_T163 1.08352e-11
Cover_T164 2
Cover_T165 0
Cover_T166 4
Cover_T167 2
Cover_T168 -12
Cover_T169 6
Cover_T170 6
Cover_T171 22
Cover_T172 4
Cover_T173 8
Cover_T174 -12
Cover_T175 6
Cover_T176 6
Cover_T177 22
Cover_T178 4
Cover_T179 2
Cover_T180 -8
Cover_T181 -3.13982e-10
Cover_T182 0
Cover_T183 12
Cover_T184 4
Cover_T185 24
Cover_T186 4
Cover_T187 2
Cover_T188 -8
Cover_T189 -1.12012e-10
Cover_T190 -10
Cover_T191 12
Cover_T192 -22
Cover_T193 4
Cover_T194 -34
Cover_T195 -1.19517e-10
Cover_T196 -46
Cover_T197 -2.17597e-10
Cover_T198 -5.4562e-09
Cover_T199 12
Cover_T200 0
Cover_T201 14
Cover_T202 0
Cover_T203 26
Cover_T204 2
Cover_T205 38
Cover_T206 -4
Cover_T207 50
Cover_T208 2
Cover_T209 4
Cover_T210 2
Cover_T211 6
Cover_T212 -6
Cover_T213 6
Cover_T214 2
Cover_T215 6
Cover_T216 0
Cover_T217 10
Cover_T218 2
Cover_T219 8
Cover_T220 2
Cover_T221 10
Cover_T222 2
Cover_T223 20
Cover_T224 0
Cover_T225 14
Cover_T226 2
Cover_T227 16
Cover_T228 2
Cover_T229 16
Cover_T230 -2
Cover_T231 20
Cover_T232 -2
Cover_T233 22
Cover_T234 -4
Cover_T235 26
Cover_T236 -6
Cover_T237 24
Cover_T238 -6
Cover_T239 26
Cover_T240 -10
Cover_T241 30
Cover_T242 -12
Cover_T243 32
Cover_T244 -14
Cover_T245 34
Cover_T246 -16
Cover_T247 34
Cover_T248 -16
Cover_T249 36
Cover_T250 -18
Cover_T251 38
Cover_T252 -18
Cover_T253 36
Cover_T254 -22
Cover_T255 42
Cover_T256 -26
Cover_T257 40
Cover_T258 -24
Cover_T259 44
Cover_T260 -28
Cover_T261 32
Cover_T262 -38
Cover_T263 42
Cover_T264 -32
Cover_T265 48
Cover_T266 -32
Cover_T267 38
Cover_T268 -30
Cover_T269 42
Cover_T270 -36
Cover_T271 58
Cover_T272 -36
Cover_T273 38
Cover_T274 -36
Cover_T275 42
Cover_T276 -36
Cover_T277 48
Cover_T278 -40
Cover_T279 38
Cover_T280 -40
Cover_T281 38
Cover_T282 -40
Cover_T283 50
Cover_T284 -40
Cover_T285 50
Cover_T286 -40
Cover_T287 50
Cover_T288 -40
Cover_T289 50
Cover_T290 -40
Cover_T291 50
Cover_T292 -38
Cover_T293 50
Cover_T294 -40
Cover_T295 50
Cover_T296 -38
Cover_T297 50
Cover_T298 -38
Cover_T299 50
Cover_T300 -42
Cover_T301 52
Cover_T302 -38
Cover_T303 54
Cover_T304 -40
Cover_T305 56
Cover_T306 -40
Cover_T307 50
Cover_T308 -38
Cover_T309 52
Cover_T310 -38
Cover_T311 56
Cover_T312 -38
Cover_T313 60
Cover_T314 -42
Cover_T315 60
Cover_T316 -42
Cover_T317 60
Cover_T318 -42
Cover_T319 60
Cover_T320 -46
Cover_T321 58
Cover_T322 -46
Cover_T323 56
Cover_T324 -46
Cover_T325 58
Cover_T326 -52
Cover_T327 58
Cover_T328 52
Cover_T329 -52
Cover_T330 52
Cover_T331 -52
Cover_T332 52
Cover_T333 -52
Cover_T334 54
Cover_T335 -48
Cover_T336 56
Cover_T337 -48
Cover_T338 56
Cover_T339 -48
Cover_T340 56
Cover_T341 -48
Cover_T342 56
Cover_T343 -44
Cover_T344 56
Cover_T345 -44
Cover_T346 56
Cover_T347 -44
Cover_T348 54
Cover_T349 -44
Cover_T350 58
Cover_T351 -44
Cover_T352 50
Cover_T353 -40
Cover_T354 52
Cover_T355 -40
Cover_T356 52
Cover_T357 -38
Cover_T358 52
Cover_T359 -34
Cover_T360 50
Cover_T361 -42
Cover_T362 52
Cover_T363 -38
Cover_T364 1036
Cover_T365 982
Cover_T366 1038
Cover_T367 974
Cover_T368 1038
Cover_T369 964
Cover_T370 1026
Cover_T371 984
Cover_T372 1014
Cover_T373 988
Cover_T374 1044
Cover_T375 992
Cover_T376 1040
Cover_T377 0
Cover_T378 20
Cover_T379 2
Cover_T380 28
Cover_T381 2
Cover_T382 36
Cover_T383 10
Cover_T384 12
Cover_T385 18
Cover_T386 14
Cover_T387 -4
Cover_T388 6
Cover_T389 -4
Cover_T390 6
Cover_T391 -4
Cover_T392 4
Cover_T393 -4
Cover_T394 6
Cover_T395 4
Cover_T396 0
Cover_T397 4
Cover_T398 -4
Cover_T399 6
Cover_T400 6
Cover_T401 2
Cover_T402 4.37337e-11
Cover_T403 2.3573e-10
Cover_T404 0
Cover_T405 -6
Cover_T406 8.39495e-11
Cover_T407 0
Cover_T408 -14
Cover_T409 -1.04031e-10
Cover_T410 -34
Cover_T411 0
Cover_T412 6
Cover_T413 10
Cover_T414 2
Cover_T415 22
Cover_T416 4
Cover_T417 34
Cover_T418 4
Cover_T419 46
Cover_T420 6
Cover_T421 -2
Cover_T422 -6
Cover_T423 2
Cover_T424 -8
Cover_T425 0
Cover_T426 -20
Cover_T427 0
Cover_T428 -32
Cover_T429 -2
Cover_T430 -44
Cover_T431 10
Cover_T432 4
Cover_T433 12
Cover_T434 4
Cover_T435 24
Cover_T436 4
Cover_T437 36
Cover_T438 4
Cover_T439 48
Cover_T440 4
Cover_T441 0
Cover_T442 4
Cover_T443 4.91696e-12
Cover_T444 4
Cover_T445 -4.11339e-11
Cover_T446 4
Cover_T447 -1.96492e-11
Cover_T448 4
Cover_T449 9.59233e-14
Cover_T450 4
Cover_T451 0
Cover_T452 4
Cover_T453 -5.61056e-11
Cover_T454 4
Cover_T455 -1.65358e-10
Cover_T456 4
Cover_T457 0
Cover_T458 4
Cover_T459 0
Cover_T460 4
Cover_T461 0
Cover_T462 4
Cover_T463 4.50163e-11
Cover_T464 4
Cover_T465 0
Cover_T466 1.04805e-12
Cover_T467 -2.90161e-11
Cover_T468 2
Cover_T469 0
Cover_T470 2
Cover_T471 9.17311e-12
Cover_T472 -10
Cover_T473 -1.79368e-11
Cover_T474 -22
Cover_T475 4
Cover_T476 -4
Cover_T477 2
Cover_T478 2
Cover_T479 2
Cover_T480 -10
Cover_T481 14
Cover_T482 -22
Cover_T483 26
Cover_T484 1.63965e-10
Cover_T485 8
Cover_T486 2
Cover_T487 2
Cover_T488 -10
Cover_T489 14
Cover_T490 -22
Cover_T491 26
Cover_T492 1.91819e-09
Cover_T493 6
Cover_T494 -2
Cover_T495 8
Cover_T496 2
Cover_T497 24
Cover_T498 2
Cover_T499 6
Cover_T500 -2
Cover_T501 8
Cover_T502 -8
Cover_T503 4
Cover_T504 -24
Cover_T505 4
Cover_T506 -40
Cover_T507 8
Cover_T508 4
Cover_T509 10
Cover_T510 4
Cover_T511 22
Cover_T512 4
Cover_T513 34
Cover_T514 6
Cover_T515 46
Cover_T516 -6.90124e-11
Cover_T517 0
Cover_T518 6
Cover_T519 -5.32346e-09
Cover_T520 6
Cover_T521 4
Cover_T522 -2
Cover_T523 2
Cover_T524 6
Cover_T525 10
Cover_T526 4
Cover_T527 4
Cover_T528 6
Cover_T529 4
Cover_T530 4
Cover_T531 18
Cover_T532 4
Cover_T533 10
Cover_T534 0
Cover_T535 16
Cover_T536 4
Cover_T537 14
Cover_T538 0
Cover_T539 14
Cover_T540 -2
Cover_T541 20
Cover_T542 -4
Cover_T543 22
Cover_T544 -6
Cover_T545 24
Cover_T546 -6
Cover_T547 24
Cover_T548 -8
Cover_T549 24
Cover_T550 -12
Cover_T551 30
Cover_T552 -14
Cover_T553 30
Cover_T554 -16
Cover_T555 34
Cover_T556 -16
Cover_T557 34
Cover_T558 -18
Cover_T559 34
Cover_T560 -22
Cover_T561 30
Cover_T562 -24
Cover_T563 30
Cover_T564 -26
Cover_T565 38
Cover_T566 -26
Cover_T567 38
Cover_T568 -26
Cover_T569 38
Cover_T570 -26
Cover_T571 34
Cover_T572 -40
Cover_T573 42
Cover_T574 -30
Cover_T575 44
Cover_T576 -30
Cover_T577 44
Cover_T578 -34
Cover_T579 52
Cover_T580 -34
Cover_T581 44
Cover_T582 -34
Cover_T583 44
Cover_T584 -34
Cover_T585 42
Cover_T586 -34
Cover_T587 44
Cover_T588 -38
Cover_T589 44
Cover_T590 -38
Cover_T591 44
Cover_T592 -38
Cover_T593 44
Cover_T594 -38
Cover_T595 44
Cover_T596 -38
Cover_T597 44
Cover_T598 -38
Cover_T599 40
Cover_T600 -48
Cover_T601 52
Cover_T602 -44
Cover_T603 48
Cover_T604 -38
Cover_T605 44
Cover_T606 -38
Cover_T607 40
Cover_T608 -48
Cover_T609 52
Cover_T610 -42
Cover_T611 48
Cover_T612 -38
Cover_T613 42
Cover_T614 -38
Cover_T615 44
Cover_T616 -48
Cover_T617 56
Cover_T618 -42
Cover_T619 50
Cover_T620 -38
Cover_T621 46
Cover_T622 -48
Cover_T623 44
Cover_T624 -42
Cover_T625 60
Cover_T626 -42
Cover_T627 54
Cover_T628 -44
Cover_T629 50
Cover_T630 -38
Cover_T631 60
Cover_T632 -38
Cover_T633 52
Cover_T634 -44
Cover_T635 60
Cover_T636 -42
Cover_T637 56
Cover_T638 -42
Cover_T639 46
Cover_T640 -48
Cover_T641 46
Cover_T642 -46
Cover_T643 52
Cover_T644 -46
Cover_T645 58
Cover_T646 -46
Cover_T647 52
Cover_T648 -52
Cover_T649 52
Cover_T650 56
Cover_T651 -48
Cover_T652 56
Cover_T653 -44
Cover_T654 56
Cover_T655 -44
Cover_T656 56
Cover_T657 -44
Cover_T658 54
Cover_T659 -48
Cover_T660 58
Cover_T661 -44
Cover_T662 54
Cover_T663 -44
Cover_T664 60
Cover_T665 -36
Cover_T666 56
Cover_T667 -36
Cover_T668 56
Cover_T669 -36
Cover_T670 1044
Cover_T671 982
Cover_T672 1038
Cover_T673 974
Cover_T674 1042
Cover_T675 966
Cover_T676 1034
Cover_T677 990
Cover_T678 1018
Cover_T679 988
Cover_T680 1044
Cover_T681 994
Cover_T682 1044
Cover_T683 992
Cover_T684 1040
Cover_T685 988
Cover_T686 1036
Cover_T687 994
Cover_T688 1044
Cover_T689 992
Cover_T690 1040
Cover_T691 -5.42357e-11
Cover_T692 20
Cover_T693 2
Cover_T694 28
Cover_T695 2
Cover_T696 36
Cover_T697 10
Cover_T698 4
Cover_T699 18
Cover_T700 14
Cover_T701 3.59535e-12
Cover_T702 6
Cover_T703 -4
Cover_T704 -2
Cover_T705 1.11482e-11
Cover_T706 4
Cover_T707 -4
Cover_T708 4
Cover_T709 4.37079e-11
Cover_T710 2
Cover_T711 -4
Cover_T712 -10
Cover_T713 8
Cover_T714 4
Cover_T715 4
Cover_T716 6
Cover_T717 2
Cover_T718 2
Cover_T719 14
Cover_T720 2
Cover_T721 4
Cover_T722 6
Cover_T723 6
Cover_T724 2
Cover_T725 6
Cover_T726 -8
Cover_T727 18
Cover_T728 -20
Cover_T729 4
Cover_T730 -32
Cover_T731 2
Cover_T732 -44
Cover_T733 6
Cover_T734 4
Cover_T735 6
Cover_T736 -2.33999e-11
Cover_T737 2
Cover_T738 2
Cover_T739 6
Cover_T740 4.03109e-11
Cover_T741 20
Cover_T742 -2
Cover_T743 36
Cover_T744 -8
Cover_T745 52
Cover_T746 -24
Cover_T747 0
Cover_T748 -40
Cover_T749 2
Cover_T750 4
Cover_T751 6
Cover_T752 -1.06706e-10
Cover_T753 8
Cover_T754 -8.70841e-11
Cover_T755 12
Cover_T756 0
Cover_T757 24
Cover_T758 0
Cover_T759 36
Cover_T760 4.84001e-11
Cover_T761 48
Cover_T762 0
Cover_T763 -1.32296e-10
Cover_T764 -1.11626e-11
Cover_T765 4.94067e-11
Cover_T766 0
Cover_T767 5.77529e-11
Cover_T768 -1.08514e-10
Cover_T769 3.08233e-11
Cover_T770 0
Cover_T771 0
Cover_T772 0
Cover_T773 -1.77209e-11
Cover_T774 -7.9595e-11
Cover_T775 0
Cover_T776 5.45485e-11
Cover_T777 -1.35458e-10
Cover_T778 -1.10016e-11
Cover_T779 -3.53566e-11
Cover_T780 0
Cover_T781 7.38287e-11
Cover_T782 4
Cover_T783 5.69814e-12
Cover_T784 6
Cover_T785 1.35802e-11
Cover_T786 6
Cover_T787 8.80207e-12
Cover_T788 -6
Cover_T789 -2.77727e-11
Cover_T790 -18
Cover_T791 2.0691e-11
Cover_T792 0
Cover_T793 0
Cover_T794 6
Cover_T795 -2.9388e-11
Cover_T796 -6
Cover_T797 4
Cover_T798 -18
Cover_T799 2
Cover_T800 4
Cover_T801 2
Cover_T802 6
Cover_T803 14
Cover_T804 -6
Cover_T805 26
Cover_T806 -18
Cover_T807 8
Cover_T808 4
Cover_T809 2
Cover_T810 6
Cover_T811 14
Cover_T812 -6
Cover_T813 26
Cover_T814 2
Cover_T815 4
Cover_T816 6
Cover_T817 2
Cover_T818 6
Cover_T819 14
Cover_T820 -6
Cover_T821 26
Cover_T822 -8
Cover_T823 4
Cover_T824 -20
Cover_T825 2
Cover_T826 -32
Cover_T827 14
Cover_T828 -44
Cover_T829 6
Cover_T830 2
Cover_T831 2
Cover_T832 2
Cover_T833 2
Cover_T834 2
Cover_T835 14
Cover_T836 4
Cover_T837 16
Cover_T838 -2
Cover_T839 28
Cover_T840 4
Cover_T841 40
Cover_T842 4
Cover_T843 56
Cover_T844 -4
Cover_T845 10
Cover_T846 4
Cover_T847 12
Cover_T848 2
Cover_T849 10
Cover_T850 4
Cover_T851 10
Cover_T852 4
Cover_T853 20
Cover_T854 4
Cover_T855 16
Cover_T856 2
Cover_T857 18
Cover_T858 4
Cover_T859 26
Cover_T860 4
Cover_T861 20
Cover_T862 4
Cover_T863 26
Cover_T864 4
Cover_T865 26
Cover_T866 1.68306e-10
Cover_T867 28
Cover_T868 0
Cover_T869 28
Cover_T870 -2
Cover_T871 32
Cover_T872 -2
Cover_T873 34
Cover_T874 -2
Cover_T875 36
Cover_T876 -8
Cover_T877 38
Cover_T878 -8
Cover_T879 38
Cover_T880 -12
Cover_T881 40
Cover_T882 -10
Cover_T883 40
Cover_T884 -10
Cover_T885 40
Cover_T886 -16
Cover_T887 42
Cover_T888 -18
Cover_T889 44
Cover_T890 -20
Cover_T891 44
Cover_T892 -20
Cover_T893 42
Cover_T894 -20
Cover_T895 44
Cover_T896 -38
Cover_T897 46
Cover_T898 -26
Cover_T899 44
Cover_T900 -30
Cover_T901 44
Cover_T902 -30
Cover_T903 44
Cover_T904 -32
Cover_T905 46
Cover_T906 -30
Cover_T907 42
Cover_T908 -32
Cover_T909 46
Cover_T910 -34
Cover_T911 58
Cover_T912 -38
Cover_T913 46
Cover_T914 -34
Cover_T915 44
Cover_T916 -34
Cover_T917 42
Cover_T918 -34
Cover_T919 44
Cover_T920 -38
Cover_T921 44
Cover_T922 -38
Cover_T923 44
Cover_T924 -38
Cover_T925 44
Cover_T926 -38
Cover_T927 44
Cover_T928 -38
Cover_T929 44
Cover_T930 -38
Cover_T931 48
Cover_T932 -44
Cover_T933 52
Cover_T934 -46
Cover_T935 40
Cover_T936 -38
Cover_T937 44
Cover_T938 -38
Cover_T939 50
Cover_T940 -42
Cover_T941 56
Cover_T942 -38
Cover_T943 50
Cover_T944 -38
Cover_T945 48
Cover_T946 -40
Cover_T947 50
Cover_T948 -38
Cover_T949 56
Cover_T950 -44
Cover_T951 52
Cover_T952 -38
Cover_T953 50
Cover_T954 -38
Cover_T955 62
Cover_T956 -38
Cover_T957 60
Cover_T958 -42
Cover_T959 54
Cover_T960 -44
Cover_T961 62
Cover_T962 -42
Cover_T963 58
Cover_T964 -42
Cover_T965 54
Cover_T966 -50
Cover_T967 56
Cover_T968 -46
Cover_T969 52
Cover_T970 -46
Cover_T971 58
Cover_T972 -46
Cover_T973 58
Cover_T974 -52
Cover_T975 54
Cover_T976 -52
Cover_T977 8
Cover_T978 -2
Cover_T979 4
Cover_T980 4
Cover_T981 8
Cover_T982 2
Cover_T983 18
Cover_T984 2
Cover_T985 16
Cover_T986 4.63842e-11
Cover_T987 12
Cover_T988 10
Cover_T989 12
Cover_T990 0
Cover_T991 10
Cover_T992 2
Cover_T993 8.84732e-11
Cover_T994 0
Cover_T995 1046
Cover_T996 1026
Cover_T997 1042
Cover_T998 1012
Cover_T999 1034
Cover_T1000 1012
Cover_T1001 1042
Cover_T1002 1032
Cover_T1003 1086
Cover_T1004 1030
Cover_T1005 1082
Cover_T1006 1032
Cover_T1007 1082
Cover_T1008 1040
Cover_T1009 1086
Cover_T1010 1034
Cover_T1011 1082
Cover_T1012 1042
Cover_T1013 1090
Cover_T1014 0
Cover_T1015 62
Cover_T1016 0
Cover_T1017 70
Cover_T1018 8
Cover_T1019 86
Cover_T1020 0
Cover_T1021 48
Cover_T1022 -44
Cover_T1023 18
Cover_T1024 -44
Cover_T1025 38
Cover_T1026 -36
Cover_T1027 46
Cover_T1028 -4
Cover_T1029 4
Cover_T1030 52
Cover_T1031 -28
Cover_T1032 52
Cover_T1033 -26
Cover_T1034 4
Cover_T1035 20
Cover_T1036 40
Cover_T1037 22
Cover_T1038 56
Cover_T1039 20
Cover_T1040 48
Cover_T1041 4
Cover_T1042 60
Cover_T1043 0
Cover_T1044 0
Cover_T1045 24
Cover_T1046 0
Cover_T1047 8
Cover_T1048 0
Cover_T1049 22
Cover_T1050 12
Cover_T1051 18
Cover_T1052 26
Cover_T1053 0
Cover_T1054 0
Cover_T1055 18
Cover_T1056 14
Cover_T1057 20
Cover_T1058 0
Cover_T1059 28
Cover_T1060 8
Cover_T1061 0
Cover_T1062 24
Cover_T1063 26
Cover_T1064 0
Cover_T1065 26
Cover_T1066 0
Cover_T1067 2.48681e-11
Cover_T1068 0
Cover_T1069 0
Cover_T1070 18
Cover_T1071 16
Cover_T1072 2
Cover_T1073 16
Cover_T1074 8
Cover_T1075 18
Cover_T1076 28
Cover_T1077 14
Cover_T1078 30
Count_D0 -984
Count_D1 -1000
Max_H0_P0 0
Max_H0_P1 0
Max_H0_P2 0
Max_H0_P3 1.71831e-10
Max_H0_P4 0
Max_H0_P5 1.11222e-09
Max_H0_P6 9.78575e-10
Max_H0_P7 9.5295e-10
Max_H0_P8 0
Max_H0_P9 0
Max_H0_P10 -9.73444e-12
Max_H0_P11 0
Max_H0_P12 0
Max_H0_P13 0
Max_H0_P14 0
Max_H0_P15 5.12427e-11
Max_H0_P16 2.21689e-12
Max_H0_P17 -3.83687e-11
Max_H0_P18 -5.91015e-12
Max_H0_P19 -1.25089e-11
Max_H0_P20 -1.25089e-11
Max_H0_P21 -2.73985e-11
Max_H0_P22 -3.01178e-12
Max_H0_P23 0
Max_H0_P24 1.43109e-11
Max_H0_P25 -3.05129e-11
Max_H0_P26 -3.08468e-11
Max_H0_P27 -9.30475e-13
Max_H0_P28 -5.52092e-12
Max_H0_P29 -6.59268e-11
Max_H0_P30 8.62199e-13
Max_H0_P31 -9.59233e-14
Max_H0_P32 -3.28916e-11
Max_H0_P33 -3.85681e-11
Max_H0_P34 5.85532e-11
Max_H0_P35 -3.01278e-11
Max_H0_P36 -6.55393e-11
Max_H0_P37 -5.52002e-11
Max_H0_P38 -5.36602e-11
Max_H0_P39 3.68992e-11
Max_H0_P40 1.86222e-11
Max_H0_P41 7.49108e-11
Max_H0_P42 7.69807e-11
Max_H0_P43 0
Max_H0_P44 0
Max_H0_P45 0
Max_H0_P46 0
Max_H0_P47 0
Max_H0_P48 0
Max_H0_P49 0
Max_H0_P50 0
Max_H0_P51 0
Max_H0_P52 0
Max_H0_P53 0
Max_H0_P54 0
Max_H0_P55 0
Max_H0_P56 0
Max_H0_P57 0
Max_H0_P58 0
Max_H0_P59 -6.19877e-11
Max_H0_P60 0
Max_H0_P61 -1.43743e-11
Max_H0_P62 5.25233e-11
Max_H0_P63 -6.19877e-11
Max_H0_P64 6.19877e-11
Max_H0_P65 -1.13868e-10
Max_H0_P66 0
Max_H0_P67 -5.56422e-11
Max_H0_P68 0
Max_H0_P69 0
Max_H0_P70 0
Max_H0_P71 0
Max_H0_P72 0
Max_H0_P73 0
Max_H0_P74 0
Max_H0_P75 0
Max_H0_P76 3.65445e-11
Max_H0_P77 -1.07008e-11
Max_H0_P78 0
Max_H0_P79 -1.2782e-12
Max_H0_P80 0
Max_H0_P81 0
Max_H1_P0 0
Max_H1_P1 0
Max_H1_P2 0
Max_H1_P3 6.82121e-11
Max_H1_P4 -1.87232e-11
Max_H1_P5 1.1236e-09
Max_H1_P6 9.78575e-10
Max_H1_P7 9.56054e-10
Max_H1_P8 0
Max_H1_P9 0
Max_H1_P10 0
Max_H1_P11 0
Max_H1_P12 0
Max_H1_P13 0
Max_H1_P14 0
Max_H1_P15 1.82922e-11
Max_H1_P16 -9.166e-13
Max_H1_P17 -1.96501e-11
Max_H1_P18 -3.11552e-11
Max_H1_P19 6.85674e-13
Max_H1_P20 -2.39231e-11
Max_H1_P21 -2.0357e-11
Max_H1_P22 7.0051e-12
Max_H1_P23 2.55427e-11
Max_H1_P24 -5.48663e-12
Max_H1_P25 -6.03255e-11
Max_H1_P26 -2.55607e-12
Max_H1_P27 0
Max_H1_P28 0
Max_H1_P29 -4.39948e-11
Max_H1_P30 -8.9102e-11
Max_H1_P31 -7.07434e-12
Max_H1_P32 -3.21246e-11
Max_H1_P33 -3.34666e-11
Max_H1_P34 -3.75415e-11
Max_H1_P35 -6.43003e-11
Max_H1_P36 -5.85673e-11
Max_H1_P37 -5.88369e-11
Max_H1_P38 -3.63913e-11
Max_H1_P39 -1.80989e-11
Max_H1_P40 -2.23821e-11
Max_H1_P41 4.29503e-11
Max_H1_P42 -3.43795e-11
Max_H1_P43 -1.15286e-11
Max_H1_P44 0
Max_H1_P45 0
Max_H1_P46 8.16939e-11
Max_H1_P47 0
Max_H1_P48 0
Max_H1_P49 0
Max_H1_P50 2.25948e-11
Max_H1_P51 0
Max_H1_P52 0
Max_H1_P53 0
Max_H1_P54 6.49543e-11
Max_H1_P55 0
Max_H1_P56 0
Max_H1_P57 0
Max_H1_P58 -2.80104e-11
Max_H1_P59 -8.40137e-11
Max_H1_P60 2.36644e-11
Max_H1_P61 1.92308e-11
Max_H1_P62 1.36389e-11
Max_H1_P63 6.08011e-11
Max_H1_P64 0
Max_H1_P65 -1.64491e-10
Max_H1_P66 0
Max_H1_P67 0
Max_H1_P68 1.31896e-11
Max_H1_P69 0
Max_H1_P70 0
Max_H1_P71 -2.39559e-11
Max_H1_P72 0
Max_H1_P73 0
Max_H1_P74 0
Max_H1_P75 0
Max_H1_P76 -6.19025e-11
Max_H1_P77 4.1642e-11
Max_H1_P78 3.38446e-11
Max_H1_P79 -3.38446e-11
Max_H1_P80 0
Max_H1_P81 0
