
Branch and bound

  Entire solving process        :                           (Time   1351.6)
  No feasible solution was found
  Best relaxation cost          :     70891.54 (Node     0) (Time   1351.6)
  Lower bound after cuts        :     70891.54
  End lower bound               :     70891.54
  Deepest level reached         : 0
  Deepest real level reached    : 0
  Number of real nodes solved   : 1
  Stopping condition            : enough nodes explored

Problem identification

  Problem                       : <null>
  Machine                       : oslo1.gerad.lan

Solving process summary

  Linear relaxations            :        1
  Column generation iterations  :      181
  Shortest paths solved         :     5021
  Columns generated             :    59662

Instance characteristics

  Resources                     : 3
  Node types                    : no
  Arc types                     : no
  Strong resource windows       : no
  Weak resource windows         : no
  Resource windows (nodes)      : 3
  Resource values (arcs)        : 3
  Values on nodes               : no

  Rows                          : 1245
  Initial columns               : 2
  Tasks                         : 1083
  Strong tasks                  : 1079
  Weak tasks                    : 4
  Initial task constraints      : no
  Nodes                         : 1411
  Arc sets                      : 1
  Arcs                          : 50718
  Networks                      : 2
  Models                        : 1

Memory used per module (Megs)

  Parser (reused)               :     10.300
  Networks                      :     40.322
  Column generator              :     15.257
  Master problem                :     12.271
  -----------------
  Total                         :     67.850

Cpu time per module (seconds)

  Parser                        :        0.0
  Preprocessor                  :        0.0
  Lr solver manager             :        0.3
  Column generator              :      179.9
    (Shortest path)             :      154.9
  Master problem                :     1171.4
  -------------------
  Total (without b&b)           :     1351.6

Real elapsed time (seconds)

  Parser                        :        0.1
  Preprocessor                  :        0.0
  Lr solver manager             :        0.2
  Column generator              :      179.9
    (Shortest path)             :      155.1
  Master problem                :     1171.4
  -------------------
  Total (without b&b)           :     1351.6
