
Branch and bound

  Entire solving process        :                           (Time     53.4)
  No feasible solution was found
  Best relaxation cost          :     40941.50 (Node     0) (Time     53.4)
  Lower bound after cuts        :     40941.50
  End lower bound               :     40941.50
  Deepest level reached         : 0
  Deepest real level reached    : 0
  Number of real nodes solved   : 1
  Stopping condition            : enough nodes explored

Problem identification

  Problem                       : <null>
  Machine                       : oslo2.gerad.lan

Solving process summary

  Linear relaxations            :        1
  Column generation iterations  :      127
  Shortest paths solved         :     2664
  Columns generated             :    23499

Instance characteristics

  Resources                     : 3
  Node types                    : no
  Arc types                     : no
  Strong resource windows       : no
  Weak resource windows         : no
  Resource windows (nodes)      : 3
  Resource values (arcs)        : 3
  Values on nodes               : no

  Rows                          : 702
  Initial columns               : 2
  Tasks                         : 540
  Strong tasks                  : 536
  Weak tasks                    : 4
  Initial task constraints      : no
  Nodes                         : 868
  Arc sets                      : 1
  Arcs                          : 15236
  Networks                      : 2
  Models                        : 1

Memory used per module (Megs)

  Parser (reused)               :      3.398
  Networks                      :     20.221
  Column generator              :      3.996
  Master problem                :      7.145
  -----------------
  Total                         :     31.362

Cpu time per module (seconds)

  Parser                        :        0.0
  Preprocessor                  :        0.0
  Lr solver manager             :        0.0
  Column generator              :        8.8
    (Shortest path)             :        7.5
  Master problem                :       44.5
  -------------------
  Total (without b&b)           :       53.3

Real elapsed time (seconds)

  Parser                        :        0.0
  Preprocessor                  :        0.0
  Lr solver manager             :        0.1
  Column generator              :        8.9
    (Shortest path)             :        7.5
  Master problem                :       44.5
  -------------------
  Total (without b&b)           :       53.4
