
Branch and bound

  Entire solving process        :                           (Time     46.8)
  No feasible solution was found
  Best relaxation cost          :     36070.81 (Node     0) (Time     46.8)
  Lower bound after cuts        :     36070.81
  End lower bound               :     36070.81
  Deepest level reached         : 0
  Deepest real level reached    : 0
  Number of real nodes solved   : 1
  Stopping condition            : enough nodes explored

Problem identification

  Problem                       : <null>
  Machine                       : oslo3.gerad.lan

Solving process summary

  Linear relaxations            :        1
  Column generation iterations  :      106
  Shortest paths solved         :     5044
  Columns generated             :    29359

Instance characteristics

  Resources                     : 3
  Node types                    : no
  Arc types                     : no
  Strong resource windows       : no
  Weak resource windows         : no
  Resource windows (nodes)      : 3
  Resource values (arcs)        : 3
  Values on nodes               : no

  Rows                          : 708
  Initial columns               : 278
  Tasks                         : 546
  Strong tasks                  : 384
  Weak tasks                    : 4
  Initial task constraints      : no
  Nodes                         : 874
  Arc sets                      : 1
  Arcs                          : 15430
  Networks                      : 2
  Models                        : 1

Memory used per module (Megs)

  Parser (reused)               :      3.519
  Networks                      :     20.342
  Column generator              :      3.633
  Master problem                :      7.077
  -----------------
  Total                         :     31.052

Cpu time per module (seconds)

  Parser                        :        0.0
  Preprocessor                  :        0.0
  Lr solver manager             :        0.1
  Column generator              :       12.3
    (Shortest path)             :       10.4
  Master problem                :       34.4
  -------------------
  Total (without b&b)           :       46.8

Real elapsed time (seconds)

  Parser                        :        0.0
  Preprocessor                  :        0.0
  Lr solver manager             :        0.0
  Column generator              :       12.2
    (Shortest path)             :       10.3
  Master problem                :       34.5
  -------------------
  Total (without b&b)           :       46.8
