Cover_T0 52
Cover_T1 -52
Cover_T2 52
Cover_T3 -52
Cover_T4 52
Cover_T5 -52
Cover_T6 52
Cover_T7 -52
Cover_T8 52
Cover_T9 -52
Cover_T10 54
Cover_T11 -52
Cover_T12 56
Cover_T13 -50
Cover_T14 56
Cover_T15 -48
Cover_T16 60
Cover_T17 -48
Cover_T18 52
Cover_T19 -48
Cover_T20 54
Cover_T21 -44
Cover_T22 64
Cover_T23 -38
Cover_T24 60
Cover_T25 -36
Cover_T26 60
Cover_T27 -28
Cover_T28 74
Cover_T29 -18
Cover_T30 64
Cover_T31 -24
Cover_T32 46
Cover_T33 980
Cover_T34 1038
Cover_T35 986
Cover_T36 1038
Cover_T37 968
Cover_T38 1008
Cover_T39 970
Cover_T40 1034
Cover_T41 986
Cover_T42 16
Cover_T43 0
Cover_T44 0
Cover_T45 4
Cover_T46 -2
Cover_T47 0
Cover_T48 10
Cover_T49 10
Cover_T50 10
Cover_T51 30
Cover_T52 0
Cover_T53 10
Cover_T54 0
Cover_T55 0
Cover_T56 10
Cover_T57 8
Cover_T58 -26
Cover_T59 28
Cover_T60 -24
Cover_T61 18
Cover_T62 14
Cover_T63 42
Cover_T64 -6
Cover_T65 28
Cover_T66 -30
Cover_T67 52
Cover_T68 14
Cover_T69 4
Cover_T70 14
Cover_T71 28
Cover_T72 8
Cover_T73 52
Cover_T74 12
Cover_T75 8
Cover_T76 8
Cover_T77 8
Cover_T78 2
Cover_T79 14
Cover_T80 0
Cover_T81 10
Cover_T82 6
Cover_T83 0
Cover_T84 8
Cover_T85 6
Cover_T86 0
Cover_T87 2
Cover_T88 4
Cover_T89 0
Cover_T90 6
Cover_T91 16
Cover_T92 -3.87604e-09
Cover_T93 0
Cover_T94 14
Cover_T95 10
Cover_T96 -22
Cover_T97 14
Cover_T98 2
Cover_T99 16
Cover_T100 2
Cover_T101 52
Cover_T102 0
Cover_T103 28
Cover_T104 4
Cover_T105 18
Cover_T106 12
Cover_T107 8
Cover_T108 10
Cover_T109 0
Cover_T110 8
Cover_T111 10
Cover_T112 12
Cover_T113 -2
Cover_T114 0
Cover_T115 0
Cover_T116 8
Cover_T117 0
Cover_T118 6
Cover_T119 6
Cover_T120 6
Cover_T121 0
Cover_T122 4
Cover_T123 4
Cover_T124 7.40406e-09
Cover_T125 4
Cover_T126 4
Cover_T127 4
Cover_T128 -2
Cover_T129 8
Cover_T130 2
Cover_T131 10
Cover_T132 -28
Cover_T133 20
Cover_T134 4
Cover_T135 28
Cover_T136 2
Cover_T137 52
Cover_T138 -16
Cover_T139 52
Cover_T140 -40
Cover_T141 22
Cover_T142 -4
Cover_T143 20
Cover_T144 4
Cover_T145 54
Cover_T146 -4
Cover_T147 30
Cover_T148 1.73195e-08
Cover_T149 28
Cover_T150 -16
Cover_T151 40
Cover_T152 -24
Cover_T153 40
Cover_T154 -28
Cover_T155 64
Cover_T156 -16
Cover_T157 76
Cover_T158 -20
Cover_T159 72
Cover_T160 -32
Cover_T161 52
Cover_T162 -52
Cover_T163 56
Cover_T164 -50
Cover_T165 52
Cover_T166 -48
Cover_T167 54
Cover_T168 -44
Cover_T169 58
Cover_T170 -42
Cover_T171 60
Cover_T172 -36
Cover_T173 60
Cover_T174 -38
Cover_T175 54
Cover_T176 -28
Cover_T177 74
Cover_T178 -8
Cover_T179 70
Cover_T180 -28
Cover_T181 54
Cover_T182 976
Cover_T183 1034
Cover_T184 966
Cover_T185 1014
Cover_T186 964
Cover_T187 1020
Cover_T188 982
Cover_T189 26
Cover_T190 3.7917e-10
Cover_T191 16
Cover_T192 2
Cover_T193 6
Cover_T194 9.43035e-09
Cover_T195 4
Cover_T196 -2
Cover_T197 -4
Cover_T198 4
Cover_T199 14
Cover_T200 2
Cover_T201 14
Cover_T202 -10
Cover_T203 4
Cover_T204 -10
Cover_T205 4
Cover_T206 -4.68688e-11
Cover_T207 14
Cover_T208 2.84057e-10
Cover_T209 -22
Cover_T210 -10
Cover_T211 -20
Cover_T212 26
Cover_T213 12
Cover_T214 24
Cover_T215 -20
Cover_T216 -8
Cover_T217 12
Cover_T218 24
Cover_T219 6
Cover_T220 48
Cover_T221 -6.247e-11
Cover_T222 4
Cover_T223 4
Cover_T224 4
Cover_T225 0
Cover_T226 10
Cover_T227 -6
Cover_T228 6
Cover_T229 12
Cover_T230 10
Cover_T231 0
Cover_T232 16
Cover_T233 6
Cover_T234 -2
Cover_T235 2
Cover_T236 10
Cover_T237 0
Cover_T238 4
Cover_T239 4
Cover_T240 12
Cover_T241 2
Cover_T242 8
Cover_T243 8
Cover_T244 2
Cover_T245 14
Cover_T246 0
Cover_T247 -18
Cover_T248 -12
Cover_T249 6
Cover_T250 24
Cover_T251 4
Cover_T252 0
Cover_T253 2
Cover_T254 0
Cover_T255 0
Cover_T256 6
Cover_T257 10
Cover_T258 10
Cover_T259 8
Cover_T260 0
Cover_T261 6
Cover_T262 0
Cover_T263 8
Cover_T264 -7.35035e-09
Cover_T265 6
Cover_T266 8
Cover_T267 -6
Cover_T268 -7.37396e-09
Cover_T269 0
Cover_T270 8
Cover_T271 4
Cover_T272 4
Cover_T273 7.44221e-09
Cover_T274 -8.63302e-09
Cover_T275 2
Cover_T276 -8.59978e-09
Cover_T277 4
Cover_T278 6
Cover_T279 2
Cover_T280 10
Cover_T281 -26
Cover_T282 16
Cover_T283 -30
Cover_T284 18
Cover_T285 0
Cover_T286 46
Cover_T287 -2.6876e-09
Cover_T288 50
Cover_T289 -28
Cover_T290 0
Cover_T291 4
Cover_T292 32
Cover_T293 4
Cover_T294 46
Cover_T295 1.35435e-08
Cover_T296 66
Cover_T297 4
Cover_T298 26
Cover_T299 -18
Cover_T300 20
Cover_T301 -9.06386e-10
Cover_T302 30
Cover_T303 -4
Cover_T304 24
Cover_T305 -24
Cover_T306 52
Cover_T307 -12
Cover_T308 44
Cover_T309 -16
Cover_T310 76
Cover_T311 -16
Cover_T312 74
Cover_T313 -20
Cover_T314 72
Cover_T315 -32
Cover_T316 58
Cover_T317 -44
Cover_T318 64
Cover_T319 -38
Cover_T320 50
Cover_T321 -36
Cover_T322 60
Cover_T323 -36
Cover_T324 78
Cover_T325 -8
Cover_T326 70
Cover_T327 -22
Cover_T328 60
Cover_T329 982
Cover_T330 1044
Cover_T331 980
Cover_T332 1028
Cover_T333 980
Cover_T334 1018
Cover_T335 964
Cover_T336 1012
Cover_T337 964
Cover_T338 1014
Cover_T339 980
Cover_T340 20
Cover_T341 -2
Cover_T342 0
Cover_T343 0
Cover_T344 2
Cover_T345 -2
Cover_T346 -10
Cover_T347 -4
Cover_T348 14
Cover_T349 4
Cover_T350 1.88258e-11
Cover_T351 0
Cover_T352 8
Cover_T353 4
Cover_T354 6
Cover_T355 24
Cover_T356 14
Cover_T357 -4
Cover_T358 -6
Cover_T359 8
Cover_T360 -10
Cover_T361 0
Cover_T362 12
Cover_T363 2
Cover_T364 -16
Cover_T365 10
Cover_T366 -6
Cover_T367 22
Cover_T368 -34
Cover_T369 4
Cover_T370 10
Cover_T371 32
Cover_T372 -18
Cover_T373 22
Cover_T374 -46
Cover_T375 50
Cover_T376 -6
Cover_T377 6
Cover_T378 8
Cover_T379 38
Cover_T380 0
Cover_T381 6
Cover_T382 2
Cover_T383 0
Cover_T384 8
Cover_T385 8
Cover_T386 -10
Cover_T387 12
Cover_T388 -4
Cover_T389 18
Cover_T390 -8
Cover_T391 0
Cover_T392 0
Cover_T393 12
Cover_T394 10
Cover_T395 6
Cover_T396 0
Cover_T397 6
Cover_T398 14
Cover_T399 4
Cover_T400 -6
Cover_T401 14
Cover_T402 8
Cover_T403 0
Cover_T404 -12
Cover_T405 8
Cover_T406 -32
Cover_T407 -4
Cover_T408 8
Cover_T409 16
Cover_T410 -12
Cover_T411 2
Cover_T412 4
Cover_T413 22
Cover_T414 14
Cover_T415 42
Cover_T416 -2
Cover_T417 2
Cover_T418 12
Cover_T419 26
Cover_T420 0
Cover_T421 16
Cover_T422 12
Cover_T423 14
Cover_T424 10
Cover_T425 8
Cover_T426 10
Cover_T427 6
Cover_T428 0
Cover_T429 12
Cover_T430 6
Cover_T431 14
Cover_T432 2
Cover_T433 6
Cover_T434 2.33582e-09
Cover_T435 6
Cover_T436 7.30443e-09
Cover_T437 4
Cover_T438 -2
Cover_T439 12
Cover_T440 4
Cover_T441 8
Cover_T442 4
Cover_T443 4
Cover_T444 4
Cover_T445 4
Cover_T446 2
Cover_T447 2
Cover_T448 -8
Cover_T449 0
Cover_T450 -44
Cover_T451 6
Cover_T452 2
Cover_T453 16
Cover_T454 -6
Cover_T455 52
Cover_T456 -42
Cover_T457 6
Cover_T458 4
Cover_T459 34
Cover_T460 1.33606e-08
Cover_T461 70
Cover_T462 -4
Cover_T463 24
Cover_T464 -8
Cover_T465 44
Cover_T466 -12
Cover_T467 60
Cover_T468 -16
Cover_T469 70
Cover_T470 -24
Cover_T471 66
Cover_T472 -24
Cover_T473 58
Cover_T474 -48
Cover_T475 54
Cover_T476 -50
Cover_T477 22
Cover_T478 4
Cover_T479 28
Cover_T480 4
Cover_T481 18
Cover_T482 12
Cover_T483 20
Cover_T484 0
Cover_T485 64
Cover_T486 26
Cover_T487 1074
Cover_T488 1030
Cover_T489 1056
Cover_T490 1034
Cover_T491 1068
Cover_T492 1034
Cover_T493 1048
Cover_T494 982
Cover_T495 1048
Cover_T496 -16
Cover_T497 56
Cover_T498 -14
Cover_T499 52
Cover_T500 54
Cover_T501 0
Cover_T502 54
Cover_T503 16
Cover_T504 54
Cover_T505 -20
Cover_T506 20
Cover_T507 32
Cover_T508 0
Cover_T509 54
Cover_T510 28
Cover_T511 26
Cover_T512 58
Cover_T513 56
Cover_T514 0
Cover_T515 32
Cover_T516 -6
Cover_T517 44
Cover_T518 -12
Cover_T519 54
Cover_T520 -1.48534e-08
Cover_T521 52
Count_D0 -984
Count_D1 -1000
Max_H0_P0 0
Max_H0_P1 0
Max_H0_P2 0
Max_H0_P3 0
Max_H0_P4 0
Max_H0_P5 0
Max_H0_P6 0
Max_H0_P7 0
Max_H0_P8 0
Max_H0_P9 0
Max_H0_P10 0
Max_H0_P11 0
Max_H0_P12 0
Max_H0_P13 0
Max_H0_P14 0
Max_H0_P15 0
Max_H0_P16 0
Max_H0_P17 0
Max_H0_P18 0
Max_H0_P19 0
Max_H0_P20 3.38082e-12
Max_H0_P21 0
Max_H0_P22 -3.53834e-11
Max_H0_P23 0
Max_H0_P24 2.50111e-12
Max_H0_P25 0
Max_H0_P26 4.1344e-11
Max_H0_P27 2.04201e-11
Max_H0_P28 4.44844e-12
Max_H0_P29 0
Max_H0_P30 2.4942e-11
Max_H0_P31 -4.50626e-11
Max_H0_P32 3.79036e-12
Max_H0_P33 0
Max_H0_P34 2.52539e-11
Max_H0_P35 0
Max_H0_P36 0
Max_H0_P37 0
Max_H0_P38 0
Max_H0_P39 8.39218e-12
Max_H0_P40 0
Max_H0_P41 0
Max_H0_P42 0
Max_H0_P43 0
Max_H0_P44 0
Max_H0_P45 0
Max_H0_P46 0
Max_H0_P47 0
Max_H0_P48 0
Max_H0_P49 0
Max_H0_P50 0
Max_H0_P51 0
Max_H0_P52 0
Max_H0_P53 0
Max_H0_P54 0
Max_H0_P55 0
Max_H0_P56 0
Max_H0_P57 0
Max_H0_P58 0
Max_H0_P59 0
Max_H0_P60 0
Max_H0_P61 0
Max_H0_P62 0
Max_H0_P63 0
Max_H0_P64 0
Max_H0_P65 0
Max_H0_P66 0
Max_H0_P67 0
Max_H0_P68 0
Max_H0_P69 0
Max_H0_P70 0
Max_H0_P71 0
Max_H0_P72 0
Max_H0_P73 0
Max_H0_P74 0
Max_H0_P75 0
Max_H0_P76 0
Max_H0_P77 0
Max_H0_P78 0
Max_H0_P79 0
Max_H0_P80 0
Max_H0_P81 0
Max_H1_P0 0
Max_H1_P1 0
Max_H1_P2 0
Max_H1_P3 0
Max_H1_P4 0
Max_H1_P5 0
Max_H1_P6 0
Max_H1_P7 0
Max_H1_P8 0
Max_H1_P9 0
Max_H1_P10 0
Max_H1_P11 0
Max_H1_P12 0
Max_H1_P13 0
Max_H1_P14 0
Max_H1_P15 1.39266e-12
Max_H1_P16 1.11982e-11
Max_H1_P17 -9.48752e-12
Max_H1_P18 4.34708e-12
Max_H1_P19 0
Max_H1_P20 4.47109e-12
Max_H1_P21 0
Max_H1_P22 -0
Max_H1_P23 0
Max_H1_P24 0
Max_H1_P25 1.43645e-12
Max_H1_P26 6.56897e-12
Max_H1_P27 3.77816e-11
Max_H1_P28 5.96003e-11
Max_H1_P29 0
Max_H1_P30 4.87421e-11
Max_H1_P31 -2.32816e-11
Max_H1_P32 -2.29647e-11
Max_H1_P33 0
Max_H1_P34 2.90442e-11
Max_H1_P35 -2.11837e-11
Max_H1_P36 0
Max_H1_P37 0
Max_H1_P38 9.83123e-12
Max_H1_P39 -1.47011e-11
Max_H1_P40 -2.82441e-12
Max_H1_P41 -1.11414e-11
Max_H1_P42 0
Max_H1_P43 0
Max_H1_P44 0
Max_H1_P45 0
Max_H1_P46 -4.01172e-11
Max_H1_P47 3.43347e-11
Max_H1_P48 0
Max_H1_P49 0
Max_H1_P50 0
Max_H1_P51 0
Max_H1_P52 0
Max_H1_P53 0
Max_H1_P54 0
Max_H1_P55 2.32847e-11
Max_H1_P56 0
Max_H1_P57 0
Max_H1_P58 0
Max_H1_P59 0
Max_H1_P60 0
Max_H1_P61 0
Max_H1_P62 0
Max_H1_P63 0
Max_H1_P64 0
Max_H1_P65 0
Max_H1_P66 0
Max_H1_P67 0
Max_H1_P68 0
Max_H1_P69 0
Max_H1_P70 0
Max_H1_P71 0
Max_H1_P72 0
Max_H1_P73 0
Max_H1_P74 0
Max_H1_P75 0
Max_H1_P76 0
Max_H1_P77 1.08136e-12
Max_H1_P78 0
Max_H1_P79 0
Max_H1_P80 0
Max_H1_P81 0
