
Branch and bound

  Entire solving process        :                           (Time    179.8)
  No feasible solution was found
  Best relaxation cost          :     63314.16 (Node     0) (Time    179.7)
  Lower bound after cuts        :     63314.16
  End lower bound               :     63314.16
  Deepest level reached         : 0
  Deepest real level reached    : 0
  Number of real nodes solved   : 1
  Stopping condition            : enough nodes explored

Problem identification

  Problem                       : <null>
  Machine                       : oslo1.gerad.lan

Solving process summary

  Linear relaxations            :        1
  Column generation iterations  :      120
  Shortest paths solved         :     8639
  Columns generated             :    61436

Instance characteristics

  Resources                     : 3
  Node types                    : no
  Arc types                     : no
  Strong resource windows       : no
  Weak resource windows         : no
  Resource windows (nodes)      : 3
  Resource values (arcs)        : 3
  Values on nodes               : no

  Rows                          : 1048
  Initial columns               : 442
  Tasks                         : 886
  Strong tasks                  : 624
  Weak tasks                    : 4
  Initial task constraints      : no
  Nodes                         : 1214
  Arc sets                      : 1
  Arcs                          : 35646
  Networks                      : 2
  Models                        : 1

Memory used per module (Megs)

  Parser (reused)               :      7.394
  Networks                      :     33.420
  Column generator              :      7.265
  Master problem                :     10.328
  -----------------
  Total                         :     51.013

Cpu time per module (seconds)

  Parser                        :        0.0
  Preprocessor                  :        0.0
  Lr solver manager             :        0.2
  Column generator              :       90.9
    (Shortest path)             :       79.0
  Master problem                :       88.6
  -------------------
  Total (without b&b)           :      179.7

Real elapsed time (seconds)

  Parser                        :        0.0
  Preprocessor                  :        0.0
  Lr solver manager             :        0.1
  Column generator              :       90.9
    (Shortest path)             :       78.6
  Master problem                :       88.7
  -------------------
  Total (without b&b)           :      179.8
