
Branch and bound

  Entire solving process        :                           (Time    975.8)
  No feasible solution was found
  Best relaxation cost          :     63428.24 (Node     0) (Time    975.8)
  Lower bound after cuts        :     63428.24
  End lower bound               :     63428.24
  Deepest level reached         : 0
  Deepest real level reached    : 0
  Number of real nodes solved   : 1
  Stopping condition            : enough nodes explored

Problem identification

  Problem                       : <null>
  Machine                       : oslo3.gerad.lan

Solving process summary

  Linear relaxations            :        1
  Column generation iterations  :      227
  Shortest paths solved         :     4888
  Columns generated             :    51476

Instance characteristics

  Resources                     : 3
  Node types                    : no
  Arc types                     : no
  Strong resource windows       : no
  Weak resource windows         : no
  Resource windows (nodes)      : 3
  Resource values (arcs)        : 3
  Values on nodes               : no

  Rows                          : 1048
  Initial columns               : 2
  Tasks                         : 886
  Strong tasks                  : 882
  Weak tasks                    : 4
  Initial task constraints      : no
  Nodes                         : 1214
  Arc sets                      : 1
  Arcs                          : 35646
  Networks                      : 2
  Models                        : 1

Memory used per module (Megs)

  Parser (reused)               :      7.394
  Networks                      :     32.330
  Column generator              :     11.261
  Master problem                :     10.222
  -----------------
  Total                         :     53.813

Cpu time per module (seconds)

  Parser                        :        0.0
  Preprocessor                  :        0.0
  Lr solver manager             :        0.1
  Column generator              :       67.5
    (Shortest path)             :       58.0
  Master problem                :      908.1
  -------------------
  Total (without b&b)           :      975.8

Real elapsed time (seconds)

  Parser                        :        0.0
  Preprocessor                  :        0.0
  Lr solver manager             :        0.1
  Column generator              :       67.7
    (Shortest path)             :       58.2
  Master problem                :      907.9
  -------------------
  Total (without b&b)           :      975.8
