
Branch and bound

  Entire solving process        :                           (Time    277.2)
  No feasible solution was found
  Best relaxation cost          :     63333.07 (Node     0) (Time    277.2)
  Lower bound after cuts        :     63333.07
  End lower bound               :     63333.07
  Deepest level reached         : 0
  Deepest real level reached    : 0
  Number of real nodes solved   : 1
  Stopping condition            : enough nodes explored

Problem identification

  Problem                       : <null>
  Machine                       : oslo5.gerad.lan

Solving process summary

  Linear relaxations            :        1
  Column generation iterations  :      143
  Shortest paths solved         :     7534
  Columns generated             :    65521

Instance characteristics

  Resources                     : 3
  Node types                    : no
  Arc types                     : no
  Strong resource windows       : no
  Weak resource windows         : no
  Resource windows (nodes)      : 3
  Resource values (arcs)        : 3
  Values on nodes               : no

  Rows                          : 1053
  Initial columns               : 499
  Tasks                         : 891
  Strong tasks                  : 594
  Weak tasks                    : 4
  Initial task constraints      : no
  Nodes                         : 1219
  Arc sets                      : 1
  Arcs                          : 36017
  Networks                      : 2
  Models                        : 1

Memory used per module (Megs)

  Parser (reused)               :      7.515
  Networks                      :     34.267
  Column generator              :      9.203
  Master problem                :     10.351
  -----------------
  Total                         :     53.821

Cpu time per module (seconds)

  Parser                        :        0.0
  Preprocessor                  :        0.0
  Lr solver manager             :        0.1
  Column generator              :       85.4
    (Shortest path)             :       74.0
  Master problem                :      191.7
  -------------------
  Total (without b&b)           :      277.2

Real elapsed time (seconds)

  Parser                        :        0.0
  Preprocessor                  :        0.0
  Lr solver manager             :        0.1
  Column generator              :       85.5
    (Shortest path)             :       73.8
  Master problem                :      191.5
  -------------------
  Total (without b&b)           :      277.2
