
Branch and bound

  Entire solving process        :                           (Time     70.8)
  No feasible solution was found
  Best relaxation cost          :     52507.55 (Node     0) (Time     70.8)
  Lower bound after cuts        :     52507.55
  End lower bound               :     52507.55
  Deepest level reached         : 0
  Deepest real level reached    : 0
  Number of real nodes solved   : 1
  Stopping condition            : enough nodes explored

Problem identification

  Problem                       : <null>
  Machine                       : oslo4.gerad.lan

Solving process summary

  Linear relaxations            :        1
  Column generation iterations  :      111
  Shortest paths solved         :     9314
  Columns generated             :    44467

Instance characteristics

  Resources                     : 3
  Node types                    : no
  Arc types                     : no
  Strong resource windows       : no
  Weak resource windows         : no
  Resource windows (nodes)      : 3
  Resource values (arcs)        : 3
  Values on nodes               : no

  Rows                          : 818
  Initial columns               : 360
  Tasks                         : 656
  Strong tasks                  : 447
  Weak tasks                    : 4
  Initial task constraints      : no
  Nodes                         : 984
  Arc sets                      : 1
  Arcs                          : 21053
  Networks                      : 2
  Models                        : 1

Memory used per module (Megs)

  Parser (reused)               :      4.609
  Networks                      :     26.639
  Column generator              :      5.812
  Master problem                :      7.712
  -----------------
  Total                         :     40.163

Cpu time per module (seconds)

  Parser                        :        0.0
  Preprocessor                  :        0.0
  Lr solver manager             :        0.0
  Column generator              :       28.5
    (Shortest path)             :       23.8
  Master problem                :       42.2
  -------------------
  Total (without b&b)           :       70.7

Real elapsed time (seconds)

  Parser                        :        0.0
  Preprocessor                  :        0.0
  Lr solver manager             :        0.1
  Column generator              :       28.3
    (Shortest path)             :       23.7
  Master problem                :       42.3
  -------------------
  Total (without b&b)           :       70.8
