
Branch and bound

  Entire solving process        :                           (Time    107.2)
  No feasible solution was found
  Best relaxation cost          :     44271.50 (Node     0) (Time    107.2)
  Lower bound after cuts        :     44271.50
  End lower bound               :     44271.50
  Deepest level reached         : 0
  Deepest real level reached    : 0
  Number of real nodes solved   : 1
  Stopping condition            : enough nodes explored

Problem identification

  Problem                       : <null>
  Machine                       : oslo2.gerad.lan

Solving process summary

  Linear relaxations            :        1
  Column generation iterations  :      138
  Shortest paths solved         :     8364
  Columns generated             :    44129

Instance characteristics

  Resources                     : 3
  Node types                    : no
  Arc types                     : no
  Strong resource windows       : no
  Weak resource windows         : no
  Resource windows (nodes)      : 3
  Resource values (arcs)        : 3
  Values on nodes               : no

  Rows                          : 778
  Initial columns               : 332
  Tasks                         : 616
  Strong tasks                  : 420
  Weak tasks                    : 4
  Initial task constraints      : no
  Nodes                         : 944
  Arc sets                      : 1
  Arcs                          : 19387
  Networks                      : 2
  Models                        : 1

Memory used per module (Megs)

  Parser (reused)               :      4.246
  Networks                      :     24.702
  Column generator              :      5.570
  Master problem                :      7.651
  -----------------
  Total                         :     37.923

Cpu time per module (seconds)

  Parser                        :        0.0
  Preprocessor                  :        0.0
  Lr solver manager             :        0.1
  Column generator              :       27.7
    (Shortest path)             :       23.7
  Master problem                :       79.4
  -------------------
  Total (without b&b)           :      107.2

Real elapsed time (seconds)

  Parser                        :        0.0
  Preprocessor                  :        0.0
  Lr solver manager             :        0.1
  Column generator              :       27.7
    (Shortest path)             :       23.3
  Master problem                :       79.6
  -------------------
  Total (without b&b)           :      107.4
