
Branch and bound

  Entire solving process        :                           (Time     47.3)
  No feasible solution was found
  Best relaxation cost          :     38893.73 (Node     0) (Time     47.3)
  Lower bound after cuts        :     38893.73
  End lower bound               :     38893.73
  Deepest level reached         : 0
  Deepest real level reached    : 0
  Number of real nodes solved   : 1
  Stopping condition            : enough nodes explored

Problem identification

  Problem                       : <null>
  Machine                       : oslo5.gerad.lan

Solving process summary

  Linear relaxations            :        1
  Column generation iterations  :      116
  Shortest paths solved         :     2320
  Columns generated             :    18966

Instance characteristics

  Resources                     : 3
  Node types                    : no
  Arc types                     : no
  Strong resource windows       : no
  Weak resource windows         : no
  Resource windows (nodes)      : 3
  Resource values (arcs)        : 3
  Values on nodes               : no

  Rows                          : 672
  Initial columns               : 2
  Tasks                         : 510
  Strong tasks                  : 506
  Weak tasks                    : 4
  Initial task constraints      : no
  Nodes                         : 838
  Arc sets                      : 1
  Arcs                          : 13971
  Networks                      : 2
  Models                        : 1

Memory used per module (Megs)

  Parser (reused)               :      3.156
  Networks                      :     18.889
  Column generator              :      3.269
  Master problem                :      6.729
  -----------------
  Total                         :     28.888

Cpu time per module (seconds)

  Parser                        :        0.0
  Preprocessor                  :        0.0
  Lr solver manager             :        0.1
  Column generator              :        6.6
    (Shortest path)             :        5.6
  Master problem                :       40.7
  -------------------
  Total (without b&b)           :       47.3

Real elapsed time (seconds)

  Parser                        :        0.0
  Preprocessor                  :        0.0
  Lr solver manager             :        0.0
  Column generator              :        6.7
    (Shortest path)             :        5.8
  Master problem                :       40.6
  -------------------
  Total (without b&b)           :       47.3
