
Branch and bound

  Entire solving process        :                           (Time    517.0)
  No feasible solution was found
  Best relaxation cost          :     49726.87 (Node     0) (Time    517.0)
  Lower bound after cuts        :     49726.87
  End lower bound               :     49726.87
  Deepest level reached         : 0
  Deepest real level reached    : 0
  Number of real nodes solved   : 1
  Stopping condition            : enough nodes explored

Problem identification

  Problem                       : <null>
  Machine                       : oslo1.gerad.lan

Solving process summary

  Linear relaxations            :        1
  Column generation iterations  :      243
  Shortest paths solved         :     4712
  Columns generated             :    50681

Instance characteristics

  Resources                     : 3
  Node types                    : no
  Arc types                     : no
  Strong resource windows       : no
  Weak resource windows         : no
  Resource windows (nodes)      : 3
  Resource values (arcs)        : 3
  Values on nodes               : no

  Rows                          : 903
  Initial columns               : 2
  Tasks                         : 741
  Strong tasks                  : 737
  Weak tasks                    : 4
  Initial task constraints      : no
  Nodes                         : 1069
  Arc sets                      : 1
  Arcs                          : 26124
  Networks                      : 2
  Models                        : 1

Memory used per module (Megs)

  Parser (reused)               :      5.578
  Networks                      :     26.276
  Column generator              :     11.140
  Master problem                :      8.990
  -----------------
  Total                         :     46.405

Cpu time per module (seconds)

  Parser                        :        0.0
  Preprocessor                  :        0.0
  Lr solver manager             :        0.2
  Column generator              :       72.5
    (Shortest path)             :       67.2
  Master problem                :      444.4
  -------------------
  Total (without b&b)           :      517.0

Real elapsed time (seconds)

  Parser                        :        0.0
  Preprocessor                  :        0.0
  Lr solver manager             :        0.8
  Column generator              :       72.4
    (Shortest path)             :       66.4
  Master problem                :      444.6
  -------------------
  Total (without b&b)           :      517.8
