
Branch and bound

  Entire solving process        :                           (Time     99.8)
  No feasible solution was found
  Best relaxation cost          :     49591.70 (Node     0) (Time     99.8)
  Lower bound after cuts        :     49591.70
  End lower bound               :     49591.70
  Deepest level reached         : 0
  Deepest real level reached    : 0
  Number of real nodes solved   : 1
  Stopping condition            : enough nodes explored

Problem identification

  Problem                       : <null>
  Machine                       : oslo4.gerad.lan

Solving process summary

  Linear relaxations            :        1
  Column generation iterations  :      103
  Shortest paths solved         :     6734
  Columns generated             :    43455

Instance characteristics

  Resources                     : 3
  Node types                    : no
  Arc types                     : no
  Strong resource windows       : no
  Weak resource windows         : no
  Resource windows (nodes)      : 3
  Resource values (arcs)        : 3
  Values on nodes               : no

  Rows                          : 903
  Initial columns               : 388
  Tasks                         : 741
  Strong tasks                  : 501
  Weak tasks                    : 4
  Initial task constraints      : no
  Nodes                         : 1069
  Arc sets                      : 1
  Arcs                          : 26124
  Networks                      : 2
  Models                        : 1

Memory used per module (Megs)

  Parser (reused)               :      5.578
  Networks                      :     28.455
  Column generator              :      7.628
  Master problem                :      8.861
  -----------------
  Total                         :     44.945

Cpu time per module (seconds)

  Parser                        :        0.0
  Preprocessor                  :        0.0
  Lr solver manager             :        0.1
  Column generator              :       42.9
    (Shortest path)             :       38.3
  Master problem                :       56.8
  -------------------
  Total (without b&b)           :       99.7

Real elapsed time (seconds)

  Parser                        :        0.0
  Preprocessor                  :        0.0
  Lr solver manager             :        0.1
  Column generator              :       42.9
    (Shortest path)             :       38.6
  Master problem                :       56.8
  -------------------
  Total (without b&b)           :       99.7
