Cover_T0 52
Cover_T1 -52
Cover_T2 52
Cover_T3 -52
Cover_T4 52
Cover_T5 -52
Cover_T6 52
Cover_T7 -52
Cover_T8 54
Cover_T9 -52
Cover_T10 54
Cover_T11 -50
Cover_T12 54
Cover_T13 -50
Cover_T14 60
Cover_T15 -50
Cover_T16 60
Cover_T17 -50
Cover_T18 58
Cover_T19 -44
Cover_T20 52
Cover_T21 -44
Cover_T22 62
Cover_T23 -44
Cover_T24 62
Cover_T25 -38
Cover_T26 62
Cover_T27 -38
Cover_T28 60
Cover_T29 -38
Cover_T30 54
Cover_T31 -38
Cover_T32 50
Cover_T33 -28
Cover_T34 54
Cover_T35 -10
Cover_T36 60
Cover_T37 -24
Cover_T38 38
Cover_T39 940
Cover_T40 994
Cover_T41 948
Cover_T42 1026
Cover_T43 948
Cover_T44 1018
Cover_T45 942
Cover_T46 1026
Cover_T47 946
Cover_T48 66
Cover_T49 2
Cover_T50 32
Cover_T51 -48
Cover_T52 20
Cover_T53 -44
Cover_T54 0
Cover_T55 -44
Cover_T56 10
Cover_T57 -24
Cover_T58 50
Cover_T59 -4
Cover_T60 30
Cover_T61 8
Cover_T62 10
Cover_T63 -2
Cover_T64 2
Cover_T65 -42
Cover_T66 8
Cover_T67 -22
Cover_T68 2
Cover_T69 -2
Cover_T70 -16
Cover_T71 6
Cover_T72 -36
Cover_T73 0
Cover_T74 2
Cover_T75 6
Cover_T76 8
Cover_T77 24
Cover_T78 0
Cover_T79 44
Cover_T80 -14
Cover_T81 6
Cover_T82 -34
Cover_T83 0
Cover_T84 8
Cover_T85 8
Cover_T86 0
Cover_T87 20
Cover_T88 0
Cover_T89 36
Cover_T90 4
Cover_T91 52
Cover_T92 8
Cover_T93 6
Cover_T94 6
Cover_T95 10
Cover_T96 6
Cover_T97 10
Cover_T98 52
Cover_T99 6
Cover_T100 36
Cover_T101 2
Cover_T102 14
Cover_T103 0
Cover_T104 8
Cover_T105 -34
Cover_T106 -8
Cover_T107 -6
Cover_T108 -30
Cover_T109 -5.53388e-11
Cover_T110 -22
Cover_T111 10
Cover_T112 -38
Cover_T113 20
Cover_T114 16
Cover_T115 36
Cover_T116 4.84421e-11
Cover_T117 52
Cover_T118 2
Cover_T119 32
Cover_T120 52
Cover_T121 48
Cover_T122 36
Cover_T123 -6
Cover_T124 20
Cover_T125 10
Cover_T126 4
Cover_T127 12
Cover_T128 0
Cover_T129 -34
Cover_T130 0
Cover_T131 -14
Cover_T132 4
Cover_T133 4
Cover_T134 0
Cover_T135 8
Cover_T136 -12
Cover_T137 8
Cover_T138 -36
Cover_T139 12
Cover_T140 6
Cover_T141 16
Cover_T142 -4
Cover_T143 44
Cover_T144 2
Cover_T145 6
Cover_T146 8
Cover_T147 18
Cover_T148 48
Cover_T149 42
Cover_T150 32
Cover_T151 14
Cover_T152 16
Cover_T153 20
Cover_T154 30
Cover_T155 40
Cover_T156 40
Cover_T157 0
Cover_T158 38
Cover_T159 16
Cover_T160 44
Cover_T161 36
Cover_T162 28
Cover_T163 0
Cover_T164 22
Cover_T165 0
Cover_T166 2
Cover_T167 -5.09978e-11
Cover_T168 16
Cover_T169 6
Cover_T170 -4
Cover_T171 2
Cover_T172 -20
Cover_T173 2
Cover_T174 0
Cover_T175 22
Cover_T176 0
Cover_T177 12
Cover_T178 6
Cover_T179 40
Cover_T180 4
Cover_T181 24
Cover_T182 6
Cover_T183 20
Cover_T184 0
Cover_T185 14
Cover_T186 2
Cover_T187 16
Cover_T188 4
Cover_T189 14
Cover_T190 4
Cover_T191 20
Cover_T192 -8
Cover_T193 8
Cover_T194 -12
Cover_T195 12
Cover_T196 -4
Cover_T197 12
Cover_T198 -4
Cover_T199 16
Cover_T200 -6
Cover_T201 12
Cover_T202 -6
Cover_T203 8
Cover_T204 -34
Cover_T205 20
Cover_T206 -46
Cover_T207 14
Cover_T208 -20
Cover_T209 46
Cover_T210 -36
Cover_T211 68
Cover_T212 -6
Cover_T213 68
Cover_T214 -6
Cover_T215 78
Cover_T216 -10
Cover_T217 66
Cover_T218 -12
Cover_T219 82
Cover_T220 -12
Cover_T221 58
Cover_T222 -12
Cover_T223 58
Cover_T224 -40
Cover_T225 60
Cover_T226 -38
Cover_T227 54
Cover_T228 -42
Cover_T229 52
Cover_T230 -48
Cover_T231 62
Cover_T232 52
Cover_T233 -50
Cover_T234 52
Cover_T235 -44
Cover_T236 58
Cover_T237 -44
Cover_T238 58
Cover_T239 -44
Cover_T240 56
Cover_T241 -38
Cover_T242 58
Cover_T243 -38
Cover_T244 56
Cover_T245 -42
Cover_T246 50
Cover_T247 -38
Cover_T248 50
Cover_T249 -34
Cover_T250 50
Cover_T251 -12
Cover_T252 60
Cover_T253 -22
Cover_T254 44
Cover_T255 -34
Cover_T256 42
Cover_T257 934
Cover_T258 990
Cover_T259 944
Cover_T260 1002
Cover_T261 936
Cover_T262 1022
Cover_T263 944
Cover_T264 1038
Cover_T265 948
Cover_T266 58
Cover_T267 0
Cover_T268 54
Cover_T269 -36
Cover_T270 32
Cover_T271 -44
Cover_T272 8
Cover_T273 -36
Cover_T274 10
Cover_T275 -8
Cover_T276 42
Cover_T277 12
Cover_T278 14
Cover_T279 6
Cover_T280 4
Cover_T281 -34
Cover_T282 1.39977e-12
Cover_T283 -14
Cover_T284 0
Cover_T285 -4
Cover_T286 -12
Cover_T287 0
Cover_T288 -32
Cover_T289 3.24007e-11
Cover_T290 -52
Cover_T291 12
Cover_T292 -6.69047e-11
Cover_T293 32
Cover_T294 1.39053e-11
Cover_T295 52
Cover_T296 -10
Cover_T297 0
Cover_T298 -30
Cover_T299 0
Cover_T300 -50
Cover_T301 10
Cover_T302 0
Cover_T303 30
Cover_T304 5.13936e-11
Cover_T305 50
Cover_T306 0
Cover_T307 1.00152e-11
Cover_T308 8.38331e-11
Cover_T309 -2.98108e-11
Cover_T310 10
Cover_T311 5.20479e-11
Cover_T312 52
Cover_T313 0
Cover_T314 32
Cover_T315 4
Cover_T316 16
Cover_T317 4
Cover_T318 -4.5174e-10
Cover_T319 -42
Cover_T320 6
Cover_T321 -26
Cover_T322 2
Cover_T323 -10
Cover_T324 -8
Cover_T325 6
Cover_T326 -24
Cover_T327 0
Cover_T328 -40
Cover_T329 10
Cover_T330 -32
Cover_T331 32
Cover_T332 10
Cover_T333 24
Cover_T334 0
Cover_T335 52
Cover_T336 38
Cover_T337 10
Cover_T338 16
Cover_T339 8
Cover_T340 2
Cover_T341 -42
Cover_T342 2
Cover_T343 -26
Cover_T344 6
Cover_T345 -10
Cover_T346 0
Cover_T347 4
Cover_T348 -2
Cover_T349 4
Cover_T350 6
Cover_T351 -2.68088e-11
Cover_T352 -10
Cover_T353 8
Cover_T354 -30
Cover_T355 14
Cover_T356 -50
Cover_T357 10
Cover_T358 0
Cover_T359 30
Cover_T360 -2
Cover_T361 54
Cover_T362 12
Cover_T363 4
Cover_T364 22
Cover_T365 30
Cover_T366 50
Cover_T367 20
Cover_T368 20
Cover_T369 32
Cover_T370 42
Cover_T371 8
Cover_T372 44
Cover_T373 32
Cover_T374 18
Cover_T375 2
Cover_T376 4
Cover_T377 -12
Cover_T378 1.82329e-10
Cover_T379 0
Cover_T380 8
Cover_T381 7.98686e-11
Cover_T382 -10
Cover_T383 6
Cover_T384 2
Cover_T385 -1.01269e-09
Cover_T386 6
Cover_T387 16
Cover_T388 10
Cover_T389 28
Cover_T390 -4.00718e-11
Cover_T391 18
Cover_T392 0
Cover_T393 14
Cover_T394 8
Cover_T395 10
Cover_T396 6
Cover_T397 18
Cover_T398 4
Cover_T399 16
Cover_T400 0
Cover_T401 14
Cover_T402 -4
Cover_T403 20
Cover_T404 -12
Cover_T405 8
Cover_T406 -16
Cover_T407 12
Cover_T408 -4
Cover_T409 12
Cover_T410 -8
Cover_T411 16
Cover_T412 -4
Cover_T413 16
Cover_T414 -4
Cover_T415 4
Cover_T416 -20
Cover_T417 16
Cover_T418 -8
Cover_T419 10
Cover_T420 -24
Cover_T421 16
Cover_T422 -40
Cover_T423 32
Cover_T424 -40
Cover_T425 20
Cover_T426 -38
Cover_T427 36
Cover_T428 -18
Cover_T429 58
Cover_T430 -34
Cover_T431 64
Cover_T432 -4
Cover_T433 62
Cover_T434 -4
Cover_T435 54
Cover_T436 -10
Cover_T437 78
Cover_T438 -16
Cover_T439 48
Cover_T440 -16
Cover_T441 54
Cover_T442 -28
Cover_T443 52
Cover_T444 -36
Cover_T445 56
Cover_T446 -36
Cover_T447 56
Cover_T448 -42
Cover_T449 58
Cover_T450 -42
Cover_T451 58
Cover_T452 -44
Cover_T453 52
Cover_T454 -48
Cover_T455 58
Cover_T456 -48
Cover_T457 62
Cover_T458 -38
Cover_T459 60
Cover_T460 -40
Cover_T461 52
Cover_T462 -38
Cover_T463 50
Cover_T464 -44
Cover_T465 56
Cover_T466 -12
Cover_T467 56
Cover_T468 -30
Cover_T469 52
Cover_T470 936
Cover_T471 1000
Cover_T472 948
Cover_T473 1032
Cover_T474 948
Cover_T475 1038
Cover_T476 948
Cover_T477 1034
Cover_T478 946
Cover_T479 1006
Cover_T480 936
Cover_T481 1026
Cover_T482 948
Cover_T483 1026
Cover_T484 948
Cover_T485 46
Cover_T486 1.19371e-11
Cover_T487 22
Cover_T488 -36
Cover_T489 10
Cover_T490 -48
Cover_T491 -4
Cover_T492 -40
Cover_T493 8
Cover_T494 -44
Cover_T495 52
Cover_T496 -28
Cover_T497 36
Cover_T498 -12
Cover_T499 20
Cover_T500 -4
Cover_T501 4
Cover_T502 12
Cover_T503 0
Cover_T504 0
Cover_T505 6
Cover_T506 -40
Cover_T507 0
Cover_T508 -20
Cover_T509 -18
Cover_T510 3.53314e-10
Cover_T511 -38
Cover_T512 8
Cover_T513 0
Cover_T514 2
Cover_T515 6
Cover_T516 6
Cover_T517 2
Cover_T518 20
Cover_T519 -8
Cover_T520 36
Cover_T521 -24
Cover_T522 52
Cover_T523 -40
Cover_T524 10
Cover_T525 6
Cover_T526 -1.95792e-14
Cover_T527 2
Cover_T528 4
Cover_T529 2
Cover_T530 14
Cover_T531 6
Cover_T532 30
Cover_T533 10
Cover_T534 46
Cover_T535 8
Cover_T536 0
Cover_T537 8
Cover_T538 4
Cover_T539 52
Cover_T540 4
Cover_T541 38
Cover_T542 4.93566e-11
Cover_T543 22
Cover_T544 -4
Cover_T545 6
Cover_T546 0
Cover_T547 8
Cover_T548 4
Cover_T549 0
Cover_T550 -38
Cover_T551 -14
Cover_T552 -18
Cover_T553 -34
Cover_T554 2
Cover_T555 -18
Cover_T556 -5.50813e-11
Cover_T557 -38
Cover_T558 6
Cover_T559 16
Cover_T560 16
Cover_T561 0
Cover_T562 32
Cover_T563 2
Cover_T564 48
Cover_T565 52
Cover_T566 28
Cover_T567 36
Cover_T568 44
Cover_T569 20
Cover_T570 -10
Cover_T571 6
Cover_T572 6
Cover_T573 4
Cover_T574 8
Cover_T575 4
Cover_T576 -38
Cover_T577 -6
Cover_T578 -18
Cover_T579 -12
Cover_T580 0
Cover_T581 -8
Cover_T582 4
Cover_T583 -28
Cover_T584 4
Cover_T585 -44
Cover_T586 6
Cover_T587 14
Cover_T588 4
Cover_T589 2
Cover_T590 6.80491e-11
Cover_T591 8
Cover_T592 8
Cover_T593 -4
Cover_T594 16
Cover_T595 -16
Cover_T596 32
Cover_T597 6
Cover_T598 44
Cover_T599 24
Cover_T600 56
Cover_T601 12
Cover_T602 16
Cover_T603 0
Cover_T604 16
Cover_T605 42
Cover_T606 22
Cover_T607 22
Cover_T608 28
Cover_T609 10
Cover_T610 30
Cover_T611 46
Cover_T612 22
Cover_T613 28
Cover_T614 42
Cover_T615 42
Cover_T616 7.24832e-10
Cover_T617 30
Cover_T618 22
Cover_T619 42
Cover_T620 38
Cover_T621 4
Cover_T622 0
Cover_T623 18
Cover_T624 -2
Cover_T625 -2
Cover_T626 6
Cover_T627 10
Cover_T628 10
Cover_T629 6
Cover_T630 14
Cover_T631 12
Cover_T632 2
Cover_T633 0
Cover_T634 22
Cover_T635 0
Cover_T636 40
Cover_T637 6
Cover_T638 22
Cover_T639 4
Cover_T640 16
Cover_T641 2
Cover_T642 12
Cover_T643 1.37761e-10
Cover_T644 20
Cover_T645 9.77977e-10
Cover_T646 18
Cover_T647 4
Cover_T648 12
Cover_T649 2
Cover_T650 14
Cover_T651 -4
Cover_T652 12
Cover_T653 -4
Cover_T654 8
Cover_T655 -4
Cover_T656 14
Cover_T657 -4
Cover_T658 10
Cover_T659 -4
Cover_T660 10
Cover_T661 -14
Cover_T662 16
Cover_T663 -14
Cover_T664 12
Cover_T665 -42
Cover_T666 12
Cover_T667 -36
Cover_T668 32
Cover_T669 -28
Cover_T670 48
Cover_T671 -4
Cover_T672 64
Cover_T673 -4
Cover_T674 76
Cover_T675 -4
Cover_T676 82
Cover_T677 -4
Cover_T678 62
Cover_T679 -10
Cover_T680 84
Cover_T681 -16
Cover_T682 54
Cover_T683 -16
Cover_T684 56
Cover_T685 -22
Cover_T686 54
Cover_T687 -34
Cover_T688 66
Cover_T689 -44
Cover_T690 54
Cover_T691 -50
Cover_T692 58
Cover_T693 -48
Cover_T694 64
Cover_T695 -2
Cover_T696 42
Cover_T697 8
Cover_T698 14
Cover_T699 8
Cover_T700 16
Cover_T701 8
Cover_T702 12
Cover_T703 0
Cover_T704 0
Cover_T705 980
Cover_T706 0
Cover_T707 992
Cover_T708 980
Cover_T709 992
Cover_T710 1012
Cover_T711 972
Cover_T712 1012
Cover_T713 990
Cover_T714 64
Cover_T715 986
Cover_T716 40
Cover_T717 0
Cover_T718 8
Cover_T719 -28
Cover_T720 52
Cover_T721 -20
Cover_T722 52
Cover_T723 20
Cover_T724 12
Cover_T725 52
Cover_T726 -20
Cover_T727 50
Cover_T728 36
Cover_T729 74
Cover_T730 32
Cover_T731 62
Cover_T732 12
Cover_T733 64
Cover_T734 0
Cover_T735 86
Cover_T736 76
Cover_T737 0
Cover_T738 52
Cover_T739 6
Cover_T740 52
Cover_T741 26
Cover_T742 46
Cover_T743 56
Cover_T744 52
Cover_T745 -22
Cover_T746 16
Cover_T747 0
Cover_T748 0
Cover_T749 0
Cover_T750 0
Cover_T751 -6
Cover_T752 56
Cover_T753 34
Cover_T754 56
Cover_T755 46
Cover_T756 48
Count_D0 -984
Count_D1 -1000
Max_H0_P0 0
Max_H0_P1 0
Max_H0_P2 0
Max_H0_P3 0
Max_H0_P4 0
Max_H0_P5 0
Max_H0_P6 0
Max_H0_P7 0
Max_H0_P8 0
Max_H0_P9 0
Max_H0_P10 0
Max_H0_P11 0
Max_H0_P12 0
Max_H0_P13 0
Max_H0_P14 0
Max_H0_P15 -3.89377e-12
Max_H0_P16 -8.16791e-12
Max_H0_P17 3.6529e-11
Max_H0_P18 2.4529e-11
Max_H0_P19 1.14808e-11
Max_H0_P20 -1.23812e-11
Max_H0_P21 2.68345e-11
Max_H0_P22 -1.10708e-11
Max_H0_P23 -1.00897e-12
Max_H0_P24 1.51497e-13
Max_H0_P25 2.91323e-13
Max_H0_P26 -2.2401e-12
Max_H0_P27 -2.90754e-11
Max_H0_P28 -2.40075e-12
Max_H0_P29 -1.79029e-11
Max_H0_P30 1.69262e-11
Max_H0_P31 9.0796e-12
Max_H0_P32 -2.21192e-11
Max_H0_P33 5.47833e-12
Max_H0_P34 9.69359e-12
Max_H0_P35 2.32872e-13
Max_H0_P36 1.45164e-11
Max_H0_P37 3.22237e-11
Max_H0_P38 -3.26784e-11
Max_H0_P39 4.54747e-13
Max_H0_P40 0
Max_H0_P41 6.14619e-13
Max_H0_P42 -6.07504e-12
Max_H0_P43 -4.15339e-11
Max_H0_P44 0
Max_H0_P45 0
Max_H0_P46 0
Max_H0_P47 0
Max_H0_P48 0
Max_H0_P49 0
Max_H0_P50 0
Max_H0_P51 0
Max_H0_P52 0
Max_H0_P53 0
Max_H0_P54 0
Max_H0_P55 0
Max_H0_P56 0
Max_H0_P57 0
Max_H0_P58 0
Max_H0_P59 0
Max_H0_P60 0
Max_H0_P61 0
Max_H0_P62 0
Max_H0_P63 0
Max_H0_P64 3.83604e-11
Max_H0_P65 -2.30204e-11
Max_H0_P66 0
Max_H0_P67 0
Max_H0_P68 0
Max_H0_P69 0
Max_H0_P70 0
Max_H0_P71 0
Max_H0_P72 0
Max_H0_P73 0
Max_H0_P74 0
Max_H0_P75 0
Max_H0_P76 0
Max_H0_P77 2.90079e-12
Max_H0_P78 0
Max_H0_P79 0
Max_H0_P80 0
Max_H0_P81 0
Max_H1_P0 0
Max_H1_P1 0
Max_H1_P2 0
Max_H1_P3 0
Max_H1_P4 0
Max_H1_P5 3.13882e-12
Max_H1_P6 2.80842e-11
Max_H1_P7 0
Max_H1_P8 0
Max_H1_P9 0
Max_H1_P10 0
Max_H1_P11 0
Max_H1_P12 0
Max_H1_P13 0
Max_H1_P14 0
Max_H1_P15 -9.90497e-12
Max_H1_P16 1.94295e-12
Max_H1_P17 4.70313e-11
Max_H1_P18 1.45803e-11
Max_H1_P19 1.22395e-12
Max_H1_P20 3.03313e-12
Max_H1_P21 -7.88392e-12
Max_H1_P22 8.05844e-12
Max_H1_P23 -1.38698e-11
Max_H1_P24 -4.83169e-12
Max_H1_P25 3.55713e-12
Max_H1_P26 2.21039e-11
Max_H1_P27 -5.67808e-11
Max_H1_P28 -2.43754e-11
Max_H1_P29 5.35749e-12
Max_H1_P30 1.68061e-11
Max_H1_P31 2.27581e-11
Max_H1_P32 2.57501e-12
Max_H1_P33 1.56017e-11
Max_H1_P34 -2.58954e-11
Max_H1_P35 9.92646e-12
Max_H1_P36 -6.37179e-12
Max_H1_P37 0
Max_H1_P38 -1.12189e-11
Max_H1_P39 -1.03162e-12
Max_H1_P40 -4.05453e-12
Max_H1_P41 -1.83173e-12
Max_H1_P42 0
Max_H1_P43 6.76081e-12
Max_H1_P44 0
Max_H1_P45 0
Max_H1_P46 0
Max_H1_P47 0
Max_H1_P48 0
Max_H1_P49 0
Max_H1_P50 0
Max_H1_P51 0
Max_H1_P52 1.63921e-11
Max_H1_P53 0
Max_H1_P54 0
Max_H1_P55 0
Max_H1_P56 0
Max_H1_P57 0
Max_H1_P58 0
Max_H1_P59 0
Max_H1_P60 0
Max_H1_P61 0
Max_H1_P62 0
Max_H1_P63 0
Max_H1_P64 0
Max_H1_P65 -3.44671e-11
Max_H1_P66 0
Max_H1_P67 0
Max_H1_P68 0
Max_H1_P69 0
Max_H1_P70 0
Max_H1_P71 0
Max_H1_P72 0
Max_H1_P73 0
Max_H1_P74 0
Max_H1_P75 0
Max_H1_P76 0
Max_H1_P77 -2.30092e-11
Max_H1_P78 2.30092e-11
Max_H1_P79 0
Max_H1_P80 0
Max_H1_P81 0
