
Branch and bound

  Entire solving process        :                           (Time    138.1)
  No feasible solution was found
  Best relaxation cost          :     46733.32 (Node     0) (Time    138.1)
  Lower bound after cuts        :     46733.32
  End lower bound               :     46733.32
  Deepest level reached         : 0
  Deepest real level reached    : 0
  Number of real nodes solved   : 1
  Stopping condition            : enough nodes explored

Problem identification

  Problem                       : <null>
  Machine                       : oslo4.gerad.lan

Solving process summary

  Linear relaxations            :        1
  Column generation iterations  :      126
  Shortest paths solved         :     8395
  Columns generated             :    53614

Instance characteristics

  Resources                     : 3
  Node types                    : no
  Arc types                     : no
  Strong resource windows       : no
  Weak resource windows         : no
  Resource windows (nodes)      : 3
  Resource values (arcs)        : 3
  Values on nodes               : no

  Rows                          : 923
  Initial columns               : 356
  Tasks                         : 761
  Strong tasks                  : 558
  Weak tasks                    : 4
  Initial task constraints      : no
  Nodes                         : 1089
  Arc sets                      : 1
  Arcs                          : 26969
  Networks                      : 2
  Models                        : 1

Memory used per module (Megs)

  Parser (reused)               :      5.699
  Networks                      :     29.061
  Column generator              :      5.812
  Master problem                :      9.338
  -----------------
  Total                         :     44.210

Cpu time per module (seconds)

  Parser                        :        0.0
  Preprocessor                  :        0.0
  Lr solver manager             :        0.1
  Column generator              :       57.0
    (Shortest path)             :       49.2
  Master problem                :       80.9
  -------------------
  Total (without b&b)           :      138.1

Real elapsed time (seconds)

  Parser                        :        0.0
  Preprocessor                  :        0.0
  Lr solver manager             :        0.1
  Column generator              :       57.0
    (Shortest path)             :       49.1
  Master problem                :       81.0
  -------------------
  Total (without b&b)           :      138.1
