
Branch and bound

  Entire solving process        :                           (Time    743.6)
  No feasible solution was found
  Best relaxation cost          :     47743.43 (Node     0) (Time    743.6)
  Lower bound after cuts        :     47743.43
  End lower bound               :     47743.43
  Deepest level reached         : 0
  Deepest real level reached    : 0
  Number of real nodes solved   : 1
  Stopping condition            : enough nodes explored

Problem identification

  Problem                       : <null>
  Machine                       : oslo5.gerad.lan

Solving process summary

  Linear relaxations            :        1
  Column generation iterations  :      295
  Shortest paths solved         :     4711
  Columns generated             :    49968

Instance characteristics

  Resources                     : 3
  Node types                    : no
  Arc types                     : no
  Strong resource windows       : no
  Weak resource windows         : no
  Resource windows (nodes)      : 3
  Resource values (arcs)        : 3
  Values on nodes               : no

  Rows                          : 923
  Initial columns               : 2
  Tasks                         : 761
  Strong tasks                  : 757
  Weak tasks                    : 4
  Initial task constraints      : no
  Nodes                         : 1089
  Arc sets                      : 1
  Arcs                          : 26969
  Networks                      : 2
  Models                        : 1

Memory used per module (Megs)

  Parser (reused)               :      5.699
  Networks                      :     27.365
  Column generator              :      9.929
  Master problem                :      9.292
  -----------------
  Total                         :     46.587

Cpu time per module (seconds)

  Parser                        :        0.0
  Preprocessor                  :        0.0
  Lr solver manager             :        0.1
  Column generator              :       49.0
    (Shortest path)             :       43.0
  Master problem                :      694.4
  -------------------
  Total (without b&b)           :      743.6

Real elapsed time (seconds)

  Parser                        :        0.0
  Preprocessor                  :        0.0
  Lr solver manager             :        0.2
  Column generator              :       49.0
    (Shortest path)             :       42.9
  Master problem                :      694.4
  -------------------
  Total (without b&b)           :      743.6
