
Branch and bound

  Entire solving process        :                           (Time    302.9)
  No feasible solution was found
  Best relaxation cost          :     57356.50 (Node     0) (Time    302.9)
  Lower bound after cuts        :     57356.50
  End lower bound               :     57356.50
  Deepest level reached         : 0
  Deepest real level reached    : 0
  Number of real nodes solved   : 1
  Stopping condition            : enough nodes explored

Problem identification

  Problem                       : <null>
  Machine                       : oslo5.gerad.lan

Solving process summary

  Linear relaxations            :        1
  Column generation iterations  :      117
  Shortest paths solved         :     6901
  Columns generated             :    57358

Instance characteristics

  Resources                     : 3
  Node types                    : no
  Arc types                     : no
  Strong resource windows       : no
  Weak resource windows         : no
  Resource windows (nodes)      : 3
  Resource values (arcs)        : 3
  Values on nodes               : no

  Rows                          : 1141
  Initial columns               : 448
  Tasks                         : 979
  Strong tasks                  : 715
  Weak tasks                    : 4
  Initial task constraints      : no
  Nodes                         : 1307
  Arc sets                      : 1
  Arcs                          : 42374
  Networks                      : 2
  Models                        : 1

Memory used per module (Megs)

  Parser (reused)               :      8.726
  Networks                      :     37.900
  Column generator              :     19.132
  Master problem                :     11.462
  -----------------
  Total                         :     68.494

Cpu time per module (seconds)

  Parser                        :        0.0
  Preprocessor                  :        0.0
  Lr solver manager             :        0.2
  Column generator              :      157.1
    (Shortest path)             :      144.4
  Master problem                :      145.5
  -------------------
  Total (without b&b)           :      302.8

Real elapsed time (seconds)

  Parser                        :        0.0
  Preprocessor                  :        0.0
  Lr solver manager             :        0.2
  Column generator              :      157.1
    (Shortest path)             :      143.9
  Master problem                :      145.5
  -------------------
  Total (without b&b)           :      302.9
