
Branch and bound

  Entire solving process        :                           (Time    379.6)
  No feasible solution was found
  Best relaxation cost          :     45653.46 (Node     0) (Time    379.6)
  Lower bound after cuts        :     45653.46
  End lower bound               :     45653.46
  Deepest level reached         : 0
  Deepest real level reached    : 0
  Number of real nodes solved   : 1
  Stopping condition            : enough nodes explored

Problem identification

  Problem                       : <null>
  Machine                       : oslo1.gerad.lan

Solving process summary

  Linear relaxations            :        1
  Column generation iterations  :      182
  Shortest paths solved         :     4081
  Columns generated             :    47875

Instance characteristics

  Resources                     : 3
  Node types                    : no
  Arc types                     : no
  Strong resource windows       : no
  Weak resource windows         : no
  Resource windows (nodes)      : 3
  Resource values (arcs)        : 3
  Values on nodes               : no

  Rows                          : 961
  Initial columns               : 2
  Tasks                         : 799
  Strong tasks                  : 795
  Weak tasks                    : 4
  Initial task constraints      : no
  Nodes                         : 1127
  Arc sets                      : 1
  Arcs                          : 29332
  Networks                      : 2
  Models                        : 1

Memory used per module (Megs)

  Parser (reused)               :      6.183
  Networks                      :     28.818
  Column generator              :      8.597
  Master problem                :      9.821
  -----------------
  Total                         :     47.237

Cpu time per module (seconds)

  Parser                        :        0.0
  Preprocessor                  :        0.0
  Lr solver manager             :        0.2
  Column generator              :       66.3
    (Shortest path)             :       56.2
  Master problem                :      313.0
  -------------------
  Total (without b&b)           :      379.5

Real elapsed time (seconds)

  Parser                        :        0.0
  Preprocessor                  :        0.0
  Lr solver manager             :        0.2
  Column generator              :       66.3
    (Shortest path)             :       55.6
  Master problem                :      313.1
  -------------------
  Total (without b&b)           :      379.6
