
Branch and bound

  Entire solving process        :                           (Time    113.0)
  No feasible solution was found
  Best relaxation cost          :     57093.64 (Node     0) (Time    113.0)
  Lower bound after cuts        :     57093.64
  End lower bound               :     57093.64
  Deepest level reached         : 0
  Deepest real level reached    : 0
  Number of real nodes solved   : 1
  Stopping condition            : enough nodes explored

Problem identification

  Problem                       : <null>
  Machine                       : oslo4.gerad.lan

Solving process summary

  Linear relaxations            :        1
  Column generation iterations  :      108
  Shortest paths solved         :     6545
  Columns generated             :    50170

Instance characteristics

  Resources                     : 3
  Node types                    : no
  Arc types                     : no
  Strong resource windows       : no
  Weak resource windows         : no
  Resource windows (nodes)      : 3
  Resource values (arcs)        : 3
  Values on nodes               : no

  Rows                          : 967
  Initial columns               : 425
  Tasks                         : 805
  Strong tasks                  : 567
  Weak tasks                    : 4
  Initial task constraints      : no
  Nodes                         : 1133
  Arc sets                      : 1
  Arcs                          : 29373
  Networks                      : 2
  Models                        : 1

Memory used per module (Megs)

  Parser (reused)               :      6.183
  Networks                      :     31.240
  Column generator              :      5.933
  Master problem                :      9.610
  -----------------
  Total                         :     46.783

Cpu time per module (seconds)

  Parser                        :        0.0
  Preprocessor                  :        0.0
  Lr solver manager             :        0.1
  Column generator              :       43.2
    (Shortest path)             :       37.1
  Master problem                :       69.6
  -------------------
  Total (without b&b)           :      113.0

Real elapsed time (seconds)

  Parser                        :        0.0
  Preprocessor                  :        0.0
  Lr solver manager             :        0.1
  Column generator              :       43.2
    (Shortest path)             :       37.2
  Master problem                :       69.6
  -------------------
  Total (without b&b)           :      113.0
