
Branch and bound

  Entire solving process        :                           (Time    339.7)
  No feasible solution was found
  Best relaxation cost          :     57244.67 (Node     0) (Time    339.7)
  Lower bound after cuts        :     57244.67
  End lower bound               :     57244.67
  Deepest level reached         : 0
  Deepest real level reached    : 0
  Number of real nodes solved   : 1
  Stopping condition            : enough nodes explored

Problem identification

  Problem                       : <null>
  Machine                       : oslo1.gerad.lan

Solving process summary

  Linear relaxations            :        1
  Column generation iterations  :      149
  Shortest paths solved         :     3844
  Columns generated             :    40969

Instance characteristics

  Resources                     : 3
  Node types                    : no
  Arc types                     : no
  Strong resource windows       : no
  Weak resource windows         : no
  Resource windows (nodes)      : 3
  Resource values (arcs)        : 3
  Values on nodes               : no

  Rows                          : 967
  Initial columns               : 2
  Tasks                         : 805
  Strong tasks                  : 801
  Weak tasks                    : 4
  Initial task constraints      : no
  Nodes                         : 1133
  Arc sets                      : 1
  Arcs                          : 29373
  Networks                      : 2
  Models                        : 1

Memory used per module (Megs)

  Parser (reused)               :      6.183
  Networks                      :     29.182
  Column generator              :      9.445
  Master problem                :      9.489
  -----------------
  Total                         :     48.115

Cpu time per module (seconds)

  Parser                        :        0.0
  Preprocessor                  :        0.0
  Lr solver manager             :        0.1
  Column generator              :       42.8
    (Shortest path)             :       35.6
  Master problem                :      296.7
  -------------------
  Total (without b&b)           :      339.7

Real elapsed time (seconds)

  Parser                        :        0.0
  Preprocessor                  :        0.0
  Lr solver manager             :        0.1
  Column generator              :       43.0
    (Shortest path)             :       35.7
  Master problem                :      296.6
  -------------------
  Total (without b&b)           :      339.7
