Cover_T0 52
Cover_T1 -52
Cover_T2 52
Cover_T3 -52
Cover_T4 52
Cover_T5 -52
Cover_T6 52
Cover_T7 -52
Cover_T8 52
Cover_T9 -52
Cover_T10 52
Cover_T11 -52
Cover_T12 52
Cover_T13 -52
Cover_T14 52
Cover_T15 -52
Cover_T16 52
Cover_T17 -52
Cover_T18 52
Cover_T19 -52
Cover_T20 54
Cover_T21 -50
Cover_T22 54
Cover_T23 -48
Cover_T24 56
Cover_T25 -48
Cover_T26 56
Cover_T27 -48
Cover_T28 56
Cover_T29 -48
Cover_T30 56
Cover_T31 -38
Cover_T32 56
Cover_T33 -46
Cover_T34 52
Cover_T35 -44
Cover_T36 52
Cover_T37 -38
Cover_T38 56
Cover_T39 -8
Cover_T40 68
Cover_T41 -20
Cover_T42 46
Cover_T43 -32
Cover_T44 52
Cover_T45 0
Cover_T46 52
Cover_T47 4
Cover_T48 46
Cover_T49 960
Cover_T50 1008
Cover_T51 956
Cover_T52 1018
Cover_T53 956
Cover_T54 1032
Cover_T55 982
Cover_T56 1004
Cover_T57 982
Cover_T58 988
Cover_T59 976
Cover_T60 20
Cover_T61 -14
Cover_T62 0
Cover_T63 -6
Cover_T64 0
Cover_T65 -2
Cover_T66 18
Cover_T67 18
Cover_T68 16
Cover_T69 38
Cover_T70 6
Cover_T71 20
Cover_T72 8
Cover_T73 4
Cover_T74 8
Cover_T75 -4
Cover_T76 6
Cover_T77 2
Cover_T78 10
Cover_T79 4
Cover_T80 0
Cover_T81 1.32918e-10
Cover_T82 8
Cover_T83 2
Cover_T84 10
Cover_T85 -2
Cover_T86 -2.46057e-10
Cover_T87 8
Cover_T88 0
Cover_T89 0
Cover_T90 10
Cover_T91 -2
Cover_T92 14
Cover_T93 8
Cover_T94 -5.86162e-11
Cover_T95 8
Cover_T96 2
Cover_T97 2
Cover_T98 2
Cover_T99 1.36424e-11
Cover_T100 4
Cover_T101 6
Cover_T102 6
Cover_T103 6
Cover_T104 8
Cover_T105 4
Cover_T106 0
Cover_T107 6.26699e-12
Cover_T108 6
Cover_T109 0
Cover_T110 12
Cover_T111 8
Cover_T112 0
Cover_T113 2
Cover_T114 8
Cover_T115 -4
Cover_T116 -6.31871e-10
Cover_T117 8
Cover_T118 -28
Cover_T119 0
Cover_T120 8
Cover_T121 8
Cover_T122 -4
Cover_T123 32
Cover_T124 -24
Cover_T125 52
Cover_T126 -44
Cover_T127 8
Cover_T128 6
Cover_T129 12
Cover_T130 12
Cover_T131 32
Cover_T132 -8
Cover_T133 52
Cover_T134 6
Cover_T135 6
Cover_T136 2
Cover_T137 8
Cover_T138 2
Cover_T139 6
Cover_T140 -26
Cover_T141 8
Cover_T142 12
Cover_T143 8
Cover_T144 -6
Cover_T145 26
Cover_T146 10
Cover_T147 46
Cover_T148 -6
Cover_T149 62
Cover_T150 -22
Cover_T151 12
Cover_T152 6
Cover_T153 30
Cover_T154 0
Cover_T155 14
Cover_T156 8
Cover_T157 30
Cover_T158 0
Cover_T159 48
Cover_T160 0
Cover_T161 16
Cover_T162 0
Cover_T163 22
Cover_T164 0
Cover_T165 10
Cover_T166 -8
Cover_T167 18
Cover_T168 -24
Cover_T169 18
Cover_T170 -40
Cover_T171 22
Cover_T172 1.28004e-09
Cover_T173 24
Cover_T174 -2
Cover_T175 22
Cover_T176 -8
Cover_T177 36
Cover_T178 -4
Cover_T179 54
Cover_T180 -2
Cover_T181 66
Cover_T182 -2
Cover_T183 20
Cover_T184 -12
Cover_T185 26
Cover_T186 -4
Cover_T187 32
Cover_T188 -10
Cover_T189 28
Cover_T190 -12
Cover_T191 26
Cover_T192 -12
Cover_T193 30
Cover_T194 -16
Cover_T195 30
Cover_T196 -22
Cover_T197 22
Cover_T198 -34
Cover_T199 52
Cover_T200 -24
Cover_T201 42
Cover_T202 -22
Cover_T203 44
Cover_T204 -36
Cover_T205 42
Cover_T206 -28
Cover_T207 46
Cover_T208 -22
Cover_T209 48
Cover_T210 -34
Cover_T211 68
Cover_T212 -26
Cover_T213 48
Cover_T214 -26
Cover_T215 60
Cover_T216 -28
Cover_T217 50
Cover_T218 -36
Cover_T219 66
Cover_T220 -32
Cover_T221 54
Cover_T222 -38
Cover_T223 52
Cover_T224 -42
Cover_T225 54
Cover_T226 -44
Cover_T227 60
Cover_T228 -44
Cover_T229 54
Cover_T230 -44
Cover_T231 52
Cover_T232 -52
Cover_T233 52
Cover_T234 -52
Cover_T235 52
Cover_T236 -52
Cover_T237 52
Cover_T238 -52
Cover_T239 52
Cover_T240 -50
Cover_T241 52
Cover_T242 -50
Cover_T243 52
Cover_T244 -48
Cover_T245 52
Cover_T246 -38
Cover_T247 56
Cover_T248 -40
Cover_T249 50
Cover_T250 -12
Cover_T251 58
Cover_T252 -20
Cover_T253 54
Cover_T254 -28
Cover_T255 52
Cover_T256 -36
Cover_T257 50
Cover_T258 -1.31842e-11
Cover_T259 46
Cover_T260 4
Cover_T261 58
Cover_T262 0
Cover_T263 16
Cover_T264 948
Cover_T265 1020
Cover_T266 968
Cover_T267 1030
Cover_T268 956
Cover_T269 1030
Cover_T270 956
Cover_T271 1000
Cover_T272 978
Cover_T273 994
Cover_T274 970
Cover_T275 1000
Cover_T276 982
Cover_T277 32
Cover_T278 -16
Cover_T279 12
Cover_T280 -4
Cover_T281 12
Cover_T282 -12
Cover_T283 12
Cover_T284 -2
Cover_T285 -6
Cover_T286 14
Cover_T287 6
Cover_T288 30
Cover_T289 16
Cover_T290 8
Cover_T291 16
Cover_T292 24
Cover_T293 1.92956e-09
Cover_T294 6
Cover_T295 -6
Cover_T296 -2
Cover_T297 0
Cover_T298 4
Cover_T299 -4
Cover_T300 6
Cover_T301 0
Cover_T302 3.23194e-10
Cover_T303 6.05527e-11
Cover_T304 4
Cover_T305 -2
Cover_T306 7.50902e-11
Cover_T307 8.53774e-10
Cover_T308 0
Cover_T309 -1.46656e-10
Cover_T310 2
Cover_T311 -2.76958e-10
Cover_T312 -3.96597e-10
Cover_T313 -2.71129e-10
Cover_T314 0
Cover_T315 4
Cover_T316 0
Cover_T317 0
Cover_T318 0
Cover_T319 0
Cover_T320 -4
Cover_T321 1.65114e-09
Cover_T322 -1.55271e-11
Cover_T323 -5.06673e-11
Cover_T324 -2.01157e-10
Cover_T325 4
Cover_T326 0
Cover_T327 2
Cover_T328 9.64704e-11
Cover_T329 10
Cover_T330 0
Cover_T331 2
Cover_T332 10
Cover_T333 8
Cover_T334 10
Cover_T335 14
Cover_T336 18
Cover_T337 2
Cover_T338 12
Cover_T339 10
Cover_T340 6
Cover_T341 2
Cover_T342 18
Cover_T343 -26
Cover_T344 10
Cover_T345 10
Cover_T346 18
Cover_T347 -2
Cover_T348 46
Cover_T349 -30
Cover_T350 10
Cover_T351 12
Cover_T352 22
Cover_T353 10
Cover_T354 50
Cover_T355 0
Cover_T356 4
Cover_T357 0
Cover_T358 -2
Cover_T359 3.56613e-10
Cover_T360 1.31386e-09
Cover_T361 -2.54236e-09
Cover_T362 -6.23402e-09
Cover_T363 -12
Cover_T364 4
Cover_T365 -32
Cover_T366 0
Cover_T367 10
Cover_T368 28
Cover_T369 14
Cover_T370 60
Cover_T371 -18
Cover_T372 24
Cover_T373 2
Cover_T374 18
Cover_T375 8
Cover_T376 42
Cover_T377 -2
Cover_T378 10
Cover_T379 -12
Cover_T380 -9.46642e-10
Cover_T381 2
Cover_T382 8
Cover_T383 -8
Cover_T384 16
Cover_T385 -28
Cover_T386 2
Cover_T387 -48
Cover_T388 10
Cover_T389 -2
Cover_T390 34
Cover_T391 -2
Cover_T392 58
Cover_T393 -4
Cover_T394 10
Cover_T395 -6
Cover_T396 20
Cover_T397 -10
Cover_T398 24
Cover_T399 -10
Cover_T400 20
Cover_T401 -14
Cover_T402 30
Cover_T403 -20
Cover_T404 22
Cover_T405 -16
Cover_T406 26
Cover_T407 -16
Cover_T408 26
Cover_T409 -24
Cover_T410 26
Cover_T411 -42
Cover_T412 30
Cover_T413 -22
Cover_T414 26
Cover_T415 -28
Cover_T416 24
Cover_T417 -40
Cover_T418 34
Cover_T419 -24
Cover_T420 50
Cover_T421 -44
Cover_T422 32
Cover_T423 -26
Cover_T424 24
Cover_T425 -22
Cover_T426 44
Cover_T427 -22
Cover_T428 28
Cover_T429 -42
Cover_T430 30
Cover_T431 -26
Cover_T432 40
Cover_T433 -42
Cover_T434 44
Cover_T435 -26
Cover_T436 68
Cover_T437 -42
Cover_T438 44
Cover_T439 -32
Cover_T440 68
Cover_T441 -24
Cover_T442 54
Cover_T443 -40
Cover_T444 70
Cover_T445 -32
Cover_T446 58
Cover_T447 -42
Cover_T448 46
Cover_T449 -40
Cover_T450 64
Cover_T451 -42
Cover_T452 52
Cover_T453 -42
Cover_T454 62
Cover_T455 -44
Cover_T456 60
Cover_T457 -44
Cover_T458 58
Cover_T459 -44
Cover_T460 58
Cover_T461 -46
Cover_T462 54
Cover_T463 -48
Cover_T464 62
Cover_T465 -48
Cover_T466 58
Cover_T467 -38
Cover_T468 54
Cover_T469 -48
Cover_T470 54
Cover_T471 -34
Cover_T472 56
Cover_T473 -8
Cover_T474 66
Cover_T475 -28
Cover_T476 60
Cover_T477 4
Cover_T478 50
Cover_T479 8
Cover_T480 56
Cover_T481 964
Cover_T482 1048
Cover_T483 972
Cover_T484 1040
Cover_T485 960
Cover_T486 1012
Cover_T487 970
Cover_T488 1022
Cover_T489 974
Cover_T490 1028
Cover_T491 980
Cover_T492 984
Cover_T493 982
Cover_T494 968
Cover_T495 986
Cover_T496 0
Cover_T497 -6
Cover_T498 18
Cover_T499 -4
Cover_T500 18
Cover_T501 -6
Cover_T502 16
Cover_T503 -10
Cover_T504 2
Cover_T505 2
Cover_T506 26
Cover_T507 14
Cover_T508 16
Cover_T509 26
Cover_T510 2
Cover_T511 38
Cover_T512 12
Cover_T513 12
Cover_T514 7.38503e-11
Cover_T515 24
Cover_T516 12
Cover_T517 0
Cover_T518 14
Cover_T519 12
Cover_T520 2
Cover_T521 -4
Cover_T522 14
Cover_T523 -6
Cover_T524 2
Cover_T525 6
Cover_T526 1.13493e-10
Cover_T527 0
Cover_T528 6
Cover_T529 12
Cover_T530 4
Cover_T531 6.06093e-12
Cover_T532 14
Cover_T533 -6
Cover_T534 2
Cover_T535 6
Cover_T536 0
Cover_T537 -4
Cover_T538 4
Cover_T539 2
Cover_T540 6
Cover_T541 0
Cover_T542 2
Cover_T543 6
Cover_T544 10
Cover_T545 2.40732e-11
Cover_T546 0
Cover_T547 6
Cover_T548 6
Cover_T549 2
Cover_T550 6
Cover_T551 0
Cover_T552 2
Cover_T553 4
Cover_T554 6
Cover_T555 -4
Cover_T556 0
Cover_T557 6
Cover_T558 14
Cover_T559 0
Cover_T560 0
Cover_T561 0
Cover_T562 -4.06999e-11
Cover_T563 4
Cover_T564 -4
Cover_T565 0
Cover_T566 1.187e-10
Cover_T567 8
Cover_T568 14
Cover_T569 -2
Cover_T570 -6
Cover_T571 0
Cover_T572 8
Cover_T573 8
Cover_T574 -1.79625e-10
Cover_T575 8
Cover_T576 -16
Cover_T577 -6
Cover_T578 1.12825e-11
Cover_T579 18
Cover_T580 -8
Cover_T581 0
Cover_T582 -36
Cover_T583 24
Cover_T584 -3.0613e-10
Cover_T585 16
Cover_T586 -12
Cover_T587 24
Cover_T588 -36
Cover_T589 44
Cover_T590 14
Cover_T591 0
Cover_T592 -6
Cover_T593 4
Cover_T594 0
Cover_T595 24
Cover_T596 14
Cover_T597 44
Cover_T598 14
Cover_T599 -6
Cover_T600 0
Cover_T601 10
Cover_T602 4
Cover_T603 -2.80167e-09
Cover_T604 -4
Cover_T605 20
Cover_T606 -20
Cover_T607 2
Cover_T608 -36
Cover_T609 -2.99034e-09
Cover_T610 14
Cover_T611 12
Cover_T612 -2
Cover_T613 10
Cover_T614 14
Cover_T615 18
Cover_T616 -2
Cover_T617 38
Cover_T618 -18
Cover_T619 56
Cover_T620 14
Cover_T621 6
Cover_T622 0
Cover_T623 20
Cover_T624 0
Cover_T625 6
Cover_T626 2
Cover_T627 24
Cover_T628 2
Cover_T629 42
Cover_T630 4
Cover_T631 14
Cover_T632 -2
Cover_T633 12
Cover_T634 -14
Cover_T635 6
Cover_T636 -36
Cover_T637 20
Cover_T638 -5.30989e-10
Cover_T639 22
Cover_T640 1.76796e-09
Cover_T641 24
Cover_T642 -2
Cover_T643 34
Cover_T644 -4
Cover_T645 46
Cover_T646 -2
Cover_T647 72
Cover_T648 -2
Cover_T649 32
Cover_T650 -4
Cover_T651 24
Cover_T652 -12
Cover_T653 28
Cover_T654 -10
Cover_T655 30
Cover_T656 -16
Cover_T657 28
Cover_T658 -20
Cover_T659 22
Cover_T660 -44
Cover_T661 28
Cover_T662 -30
Cover_T663 28
Cover_T664 -22
Cover_T665 32
Cover_T666 -42
Cover_T667 36
Cover_T668 -22
Cover_T669 52
Cover_T670 -22
Cover_T671 30
Cover_T672 -24
Cover_T673 48
Cover_T674 -26
Cover_T675 36
Cover_T676 -42
Cover_T677 60
Cover_T678 -22
Cover_T679 38
Cover_T680 -38
Cover_T681 40
Cover_T682 -22
Cover_T683 36
Cover_T684 -22
Cover_T685 70
Cover_T686 -22
Cover_T687 64
Cover_T688 -24
Cover_T689 58
Cover_T690 -32
Cover_T691 48
Cover_T692 -38
Cover_T693 64
Cover_T694 -42
Cover_T695 56
Cover_T696 -44
Cover_T697 62
Cover_T698 -44
Cover_T699 60
Cover_T700 24
Cover_T701 5.00597e-09
Cover_T702 42
Cover_T703 7.36236e-10
Cover_T704 22
Cover_T705 8
Cover_T706 12
Cover_T707 6
Cover_T708 42
Cover_T709 2
Cover_T710 22
Cover_T711 6
Cover_T712 0
Cover_T713 6
Cover_T714 20
Cover_T715 54
Cover_T716 4
Cover_T717 974
Cover_T718 12
Cover_T719 994
Cover_T720 1054
Cover_T721 1030
Cover_T722 1054
Cover_T723 1010
Cover_T724 994
Cover_T725 1026
Cover_T726 26
Cover_T727 1028
Cover_T728 6
Cover_T729 -28
Cover_T730 60
Cover_T731 -1.86354e-10
Cover_T732 56
Cover_T733 28
Cover_T734 56
Cover_T735 56
Cover_T736 0
Cover_T737 52
Cover_T738 -1.37388e-09
Cover_T739 52
Cover_T740 -28
Cover_T741 54
Cover_T742 22
Cover_T743 32
Cover_T744 0
Cover_T745 24
Cover_T746 0
Cover_T747 40
Cover_T748 0
Cover_T749 58
Cover_T750 14
Cover_T751 0
Cover_T752 26
Cover_T753 8
Cover_T754 56
Cover_T755 12
Cover_T756 40
Cover_T757 14
Cover_T758 22
Cover_T759 0
Cover_T760 0
Cover_T761 0
Cover_T762 38
Cover_T763 -20
Cover_T764 8
Cover_T765 10
Cover_T766 38
Cover_T767 30
Cover_T768 44
Cover_T769 6
Cover_T770 38
Cover_T771 0
Cover_T772 36
Cover_T773 6
Cover_T774 38
Count_D0 -984
Count_D1 -1000
Max_H0_P0 0
Max_H0_P1 0
Max_H0_P2 0
Max_H0_P3 0
Max_H0_P4 0
Max_H0_P5 6.87059e-11
Max_H0_P6 -5.57689e-12
Max_H0_P7 0
Max_H0_P8 0
Max_H0_P9 0
Max_H0_P10 0
Max_H0_P11 0
Max_H0_P12 0
Max_H0_P13 0
Max_H0_P14 0
Max_H0_P15 0
Max_H0_P16 4.90654e-10
Max_H0_P17 0
Max_H0_P18 -2.54931e-10
Max_H0_P19 1.43346e-11
Max_H0_P20 -8.40087e-11
Max_H0_P21 2.5409e-11
Max_H0_P22 -9.92486e-11
Max_H0_P23 -1.2138e-10
Max_H0_P24 0
Max_H0_P25 -3.79572e-11
Max_H0_P26 -5.40723e-11
Max_H0_P27 2.87628e-11
Max_H0_P28 -3.67493e-11
Max_H0_P29 6.57976e-11
Max_H0_P30 -5.07896e-11
Max_H0_P31 6.55405e-11
Max_H0_P32 -6.55405e-11
Max_H0_P33 -1.08997e-10
Max_H0_P34 2.94342e-11
Max_H0_P35 -4.84115e-11
Max_H0_P36 -1.79367e-12
Max_H0_P37 -1.62421e-10
Max_H0_P38 3.57532e-11
Max_H0_P39 -1.25597e-10
Max_H0_P40 -9.65364e-11
Max_H0_P41 6.16123e-11
Max_H0_P42 -1.84107e-10
Max_H0_P43 4.72484e-11
Max_H0_P44 0
Max_H0_P45 9.37526e-11
Max_H0_P46 0
Max_H0_P47 0
Max_H0_P48 0
Max_H0_P49 0
Max_H0_P50 0
Max_H0_P51 0
Max_H0_P52 0
Max_H0_P53 0
Max_H0_P54 0
Max_H0_P55 0
Max_H0_P56 0
Max_H0_P57 0
Max_H0_P58 0
Max_H0_P59 0
Max_H0_P60 0
Max_H0_P61 0
Max_H0_P62 0
Max_H0_P63 0
Max_H0_P64 0
Max_H0_P65 0
Max_H0_P66 0
Max_H0_P67 0
Max_H0_P68 0
Max_H0_P69 0
Max_H0_P70 0
Max_H0_P71 0
Max_H0_P72 0
Max_H0_P73 0
Max_H0_P74 0
Max_H0_P75 0
Max_H0_P76 0
Max_H0_P77 0
Max_H0_P78 -7.45786e-11
Max_H0_P79 0
Max_H0_P80 0
Max_H0_P81 0
Max_H1_P0 0
Max_H1_P1 0
Max_H1_P2 0
Max_H1_P3 0
Max_H1_P4 0
Max_H1_P5 -6.98037e-11
Max_H1_P6 -5.57689e-12
Max_H1_P7 -6.4926e-11
Max_H1_P8 0
Max_H1_P9 0
Max_H1_P10 -7.99893e-11
Max_H1_P11 0
Max_H1_P12 0
Max_H1_P13 0
Max_H1_P14 0
Max_H1_P15 2.20531e-10
Max_H1_P16 3.12639e-10
Max_H1_P17 0
Max_H1_P18 -1.25587e-10
Max_H1_P19 4.49549e-11
Max_H1_P20 -1.93392e-11
Max_H1_P21 2.64775e-10
Max_H1_P22 -4.54332e-11
Max_H1_P23 -7.92966e-11
Max_H1_P24 -3.93652e-11
Max_H1_P25 4.34213e-11
Max_H1_P26 -5.65255e-11
Max_H1_P27 -2.66986e-11
Max_H1_P28 -1.44942e-10
Max_H1_P29 -9.65716e-12
Max_H1_P30 2.4194e-11
Max_H1_P31 -3.20468e-11
Max_H1_P32 -1.17983e-10
Max_H1_P33 2.03879e-11
Max_H1_P34 -7.9563e-11
Max_H1_P35 -7.49019e-11
Max_H1_P36 -1.55299e-10
Max_H1_P37 4.24365e-11
Max_H1_P38 -6.09788e-11
Max_H1_P39 -5.59741e-11
Max_H1_P40 -5.7181e-11
Max_H1_P41 -3.36389e-11
Max_H1_P42 -1.14798e-10
Max_H1_P43 0
Max_H1_P44 -2.06858e-10
Max_H1_P45 7.67947e-11
Max_H1_P46 0
Max_H1_P47 0
Max_H1_P48 0
Max_H1_P49 0
Max_H1_P50 0
Max_H1_P51 -1.91899e-10
Max_H1_P52 0
Max_H1_P53 0
Max_H1_P54 -1.21824e-10
Max_H1_P55 0
Max_H1_P56 0
Max_H1_P57 0
Max_H1_P58 0
Max_H1_P59 -8.10321e-11
Max_H1_P60 -1.16218e-10
Max_H1_P61 -1.87566e-10
Max_H1_P62 1.06368e-10
Max_H1_P63 -3.30454e-10
Max_H1_P64 9.44767e-11
Max_H1_P65 5.35914e-12
Max_H1_P66 0
Max_H1_P67 0
Max_H1_P68 0
Max_H1_P69 0
Max_H1_P70 7.90017e-11
Max_H1_P71 4.92768e-11
Max_H1_P72 0
Max_H1_P73 0
Max_H1_P74 0
Max_H1_P75 0
Max_H1_P76 0
Max_H1_P77 9.18234e-11
Max_H1_P78 -9.40366e-11
Max_H1_P79 0
Max_H1_P80 0
Max_H1_P81 0
