
Branch and bound

  Entire solving process        :                           (Time    207.3)
  No feasible solution was found
  Best relaxation cost          :     47573.10 (Node     0) (Time    207.3)
  Lower bound after cuts        :     47573.10
  End lower bound               :     47573.10
  Deepest level reached         : 0
  Deepest real level reached    : 0
  Number of real nodes solved   : 1
  Stopping condition            : enough nodes explored

Problem identification

  Problem                       : <null>
  Machine                       : oslo2.gerad.lan

Solving process summary

  Linear relaxations            :        1
  Column generation iterations  :      166
  Shortest paths solved         :     4047
  Columns generated             :    47318

Instance characteristics

  Resources                     : 3
  Node types                    : no
  Arc types                     : no
  Strong resource windows       : no
  Weak resource windows         : no
  Resource windows (nodes)      : 3
  Resource values (arcs)        : 3
  Values on nodes               : no

  Rows                          : 938
  Initial columns               : 2
  Tasks                         : 776
  Strong tasks                  : 772
  Weak tasks                    : 4
  Initial task constraints      : no
  Nodes                         : 1104
  Arc sets                      : 1
  Arcs                          : 27988
  Networks                      : 2
  Models                        : 1

Memory used per module (Megs)

  Parser (reused)               :      5.941
  Networks                      :     27.971
  Column generator              :      9.687
  Master problem                :      9.398
  -----------------
  Total                         :     47.056

Cpu time per module (seconds)

  Parser                        :        0.0
  Preprocessor                  :        0.0
  Lr solver manager             :        0.2
  Column generator              :       62.5
    (Shortest path)             :       57.8
  Master problem                :      144.6
  -------------------
  Total (without b&b)           :      207.3

Real elapsed time (seconds)

  Parser                        :        0.0
  Preprocessor                  :        0.0
  Lr solver manager             :        0.1
  Column generator              :       62.5
    (Shortest path)             :       58.0
  Master problem                :      144.9
  -------------------
  Total (without b&b)           :      207.6
