
Branch and bound

  Entire solving process        :                           (Time    106.6)
  No feasible solution was found
  Best relaxation cost          :     41095.54 (Node     0) (Time    106.6)
  Lower bound after cuts        :     41095.54
  End lower bound               :     41095.54
  Deepest level reached         : 0
  Deepest real level reached    : 0
  Number of real nodes solved   : 1
  Stopping condition            : enough nodes explored

Problem identification

  Problem                       : <null>
  Machine                       : oslo1.gerad.lan

Solving process summary

  Linear relaxations            :        1
  Column generation iterations  :      158
  Shortest paths solved         :     3160
  Columns generated             :    29328

Instance characteristics

  Resources                     : 3
  Node types                    : no
  Arc types                     : no
  Strong resource windows       : no
  Weak resource windows         : no
  Resource windows (nodes)      : 3
  Resource values (arcs)        : 3
  Values on nodes               : no

  Rows                          : 734
  Initial columns               : 2
  Tasks                         : 572
  Strong tasks                  : 568
  Weak tasks                    : 4
  Initial task constraints      : no
  Nodes                         : 900
  Arc sets                      : 1
  Arcs                          : 16648
  Networks                      : 2
  Models                        : 1

Memory used per module (Megs)

  Parser (reused)               :      3.761
  Networks                      :     21.432
  Column generator              :      4.238
  Master problem                :      7.440
  -----------------
  Total                         :     33.110

Cpu time per module (seconds)

  Parser                        :        0.0
  Preprocessor                  :        0.0
  Lr solver manager             :        0.1
  Column generator              :       15.3
    (Shortest path)             :       12.3
  Master problem                :       91.2
  -------------------
  Total (without b&b)           :      106.6

Real elapsed time (seconds)

  Parser                        :        0.0
  Preprocessor                  :        0.0
  Lr solver manager             :        0.1
  Column generator              :       15.3
    (Shortest path)             :       11.9
  Master problem                :       91.2
  -------------------
  Total (without b&b)           :      106.6
