Cover_T0 52
Cover_T1 -52
Cover_T2 52
Cover_T3 -52
Cover_T4 52
Cover_T5 -52
Cover_T6 52
Cover_T7 -52
Cover_T8 54
Cover_T9 -50
Cover_T10 54
Cover_T11 -50
Cover_T12 54
Cover_T13 -50
Cover_T14 54
Cover_T15 -50
Cover_T16 54
Cover_T17 -50
Cover_T18 54
Cover_T19 -50
Cover_T20 52
Cover_T21 -50
Cover_T22 56
Cover_T23 -50
Cover_T24 56
Cover_T25 -48
Cover_T26 54
Cover_T27 -48
Cover_T28 52
Cover_T29 -48
Cover_T30 56
Cover_T31 -48
Cover_T32 60
Cover_T33 -48
Cover_T34 54
Cover_T35 -44
Cover_T36 54
Cover_T37 -44
Cover_T38 54
Cover_T39 -40
Cover_T40 54
Cover_T41 -40
Cover_T42 50
Cover_T43 -50
Cover_T44 50
Cover_T45 -34
Cover_T46 52
Cover_T47 -30
Cover_T48 48
Cover_T49 -28
Cover_T50 48
Cover_T51 62
Cover_T52 58
Cover_T53 46
Cover_T54 50
Cover_T55 972
Cover_T56 1038
Cover_T57 976
Cover_T58 1038
Cover_T59 976
Cover_T60 948
Cover_T61 976
Cover_T62 958
Cover_T63 974
Cover_T64 18
Cover_T65 -14
Cover_T66 -3.42482e-12
Cover_T67 -20
Cover_T68 4
Cover_T69 -10
Cover_T70 12
Cover_T71 -8
Cover_T72 20
Cover_T73 6
Cover_T74 3.6593e-11
Cover_T75 2
Cover_T76 6
Cover_T77 0
Cover_T78 0
Cover_T79 4
Cover_T80 -6
Cover_T81 2
Cover_T82 -34
Cover_T83 8
Cover_T84 6
Cover_T85 14
Cover_T86 0
Cover_T87 42
Cover_T88 4
Cover_T89 2
Cover_T90 -4
Cover_T91 8
Cover_T92 0
Cover_T93 0
Cover_T94 18
Cover_T95 0
Cover_T96 -2
Cover_T97 20
Cover_T98 -22
Cover_T99 8
Cover_T100 16
Cover_T101 -10
Cover_T102 16
Cover_T103 10
Cover_T104 6
Cover_T105 34
Cover_T106 0
Cover_T107 -16
Cover_T108 8
Cover_T109 2
Cover_T110 8
Cover_T111 8
Cover_T112 -8
Cover_T113 0
Cover_T114 -36
Cover_T115 0
Cover_T116 -4
Cover_T117 16
Cover_T118 -32
Cover_T119 44
Cover_T120 -34
Cover_T121 12
Cover_T122 20
Cover_T123 30
Cover_T124 4
Cover_T125 46
Cover_T126 8
Cover_T127 36
Cover_T128 -2
Cover_T129 52
Cover_T130 -18
Cover_T131 -10
Cover_T132 -34
Cover_T133 -2.03926e-11
Cover_T134 -50
Cover_T135 2
Cover_T136 8
Cover_T137 18
Cover_T138 6
Cover_T139 46
Cover_T140 -18
Cover_T141 2.39098e-11
Cover_T142 -46
Cover_T143 6
Cover_T144 -34
Cover_T145 30
Cover_T146 -22
Cover_T147 42
Cover_T148 -34
Cover_T149 60
Cover_T150 -46
Cover_T151 62
Cover_T152 18
Cover_T153 50
Cover_T154 4
Cover_T155 62
Cover_T156 22
Cover_T157 40
Cover_T158 10
Cover_T159 52
Cover_T160 14
Cover_T161 68
Cover_T162 4
Cover_T163 4
Cover_T164 8
Cover_T165 16
Cover_T166 8
Cover_T167 8
Cover_T168 -2
Cover_T169 2
Cover_T170 -30
Cover_T171 2
Cover_T172 -48
Cover_T173 12
Cover_T174 -10
Cover_T175 20
Cover_T176 -30
Cover_T177 42
Cover_T178 -48
Cover_T179 58
Cover_T180 2
Cover_T181 12
Cover_T182 -10
Cover_T183 26
Cover_T184 2
Cover_T185 36
Cover_T186 2
Cover_T187 52
Cover_T188 -2
Cover_T189 66
Cover_T190 -2
Cover_T191 16
Cover_T192 -14
Cover_T193 28
Cover_T194 -2
Cover_T195 14
Cover_T196 -2.98179e-11
Cover_T197 16
Cover_T198 -4
Cover_T199 32
Cover_T200 -24
Cover_T201 12
Cover_T202 -30
Cover_T203 24
Cover_T204 -10
Cover_T205 38
Cover_T206 -10
Cover_T207 56
Cover_T208 -10
Cover_T209 40
Cover_T210 -10
Cover_T211 56
Cover_T212 -20
Cover_T213 30
Cover_T214 -10
Cover_T215 34
Cover_T216 -10
Cover_T217 32
Cover_T218 -14
Cover_T219 40
Cover_T220 -36
Cover_T221 50
Cover_T222 -14
Cover_T223 46
Cover_T224 -14
Cover_T225 30
Cover_T226 -20
Cover_T227 50
Cover_T228 -26
Cover_T229 68
Cover_T230 -24
Cover_T231 48
Cover_T232 -26
Cover_T233 42
Cover_T234 -36
Cover_T235 48
Cover_T236 -38
Cover_T237 54
Cover_T238 -44
Cover_T239 60
Cover_T240 -40
Cover_T241 54
Cover_T242 54
Cover_T243 -50
Cover_T244 54
Cover_T245 -50
Cover_T246 54
Cover_T247 -50
Cover_T248 56
Cover_T249 -48
Cover_T250 56
Cover_T251 -48
Cover_T252 56
Cover_T253 -50
Cover_T254 52
Cover_T255 -44
Cover_T256 60
Cover_T257 -44
Cover_T258 60
Cover_T259 -44
Cover_T260 50
Cover_T261 -46
Cover_T262 52
Cover_T263 -42
Cover_T264 56
Cover_T265 -46
Cover_T266 48
Cover_T267 -46
Cover_T268 50
Cover_T269 -34
Cover_T270 52
Cover_T271 -26
Cover_T272 42
Cover_T273 -34
Cover_T274 56
Cover_T275 58
Cover_T276 42
Cover_T277 56
Cover_T278 46
Cover_T279 44
Cover_T280 46
Cover_T281 40
Cover_T282 46
Cover_T283 972
Cover_T284 30
Cover_T285 976
Cover_T286 1034
Cover_T287 970
Cover_T288 934
Cover_T289 978
Cover_T290 946
Cover_T291 970
Cover_T292 946
Cover_T293 978
Cover_T294 960
Cover_T295 968
Cover_T296 26
Cover_T297 978
Cover_T298 26
Cover_T299 -16
Cover_T300 2
Cover_T301 -12
Cover_T302 22
Cover_T303 -2
Cover_T304 22
Cover_T305 0
Cover_T306 -4
Cover_T307 -8
Cover_T308 6
Cover_T309 -16
Cover_T310 0
Cover_T311 4
Cover_T312 0
Cover_T313 -6
Cover_T314 -10
Cover_T315 -1.17015e-12
Cover_T316 -30
Cover_T317 -2.00764e-11
Cover_T318 14
Cover_T319 18
Cover_T320 8
Cover_T321 46
Cover_T322 12
Cover_T323 6
Cover_T324 4
Cover_T325 12
Cover_T326 8
Cover_T327 8
Cover_T328 18
Cover_T329 16
Cover_T330 -10
Cover_T331 12
Cover_T332 20
Cover_T333 2
Cover_T334 12
Cover_T335 28
Cover_T336 0
Cover_T337 -10
Cover_T338 5.11591e-12
Cover_T339 -10
Cover_T340 5.01643e-12
Cover_T341 -9.95448e-12
Cover_T342 4
Cover_T343 0
Cover_T344 6
Cover_T345 0
Cover_T346 -2
Cover_T347 0
Cover_T348 -30
Cover_T349 6
Cover_T350 2
Cover_T351 22
Cover_T352 -26
Cover_T353 50
Cover_T354 -28
Cover_T355 18
Cover_T356 22
Cover_T357 46
Cover_T358 0
Cover_T359 48
Cover_T360 -8
Cover_T361 -2
Cover_T362 -36
Cover_T363 6
Cover_T364 12
Cover_T365 20
Cover_T366 -4
Cover_T367 36
Cover_T368 6
Cover_T369 52
Cover_T370 -6
Cover_T371 -6
Cover_T372 -22
Cover_T373 10
Cover_T374 -38
Cover_T375 0
Cover_T376 -42
Cover_T377 16
Cover_T378 -30
Cover_T379 34
Cover_T380 -26
Cover_T381 60
Cover_T382 22
Cover_T383 62
Cover_T384 22
Cover_T385 62
Cover_T386 16
Cover_T387 16
Cover_T388 8
Cover_T389 4
Cover_T390 0
Cover_T391 -2
Cover_T392 -6
Cover_T393 10
Cover_T394 -22
Cover_T395 6
Cover_T396 -38
Cover_T397 12
Cover_T398 2
Cover_T399 18
Cover_T400 -12
Cover_T401 32
Cover_T402 -28
Cover_T403 60
Cover_T404 2
Cover_T405 26
Cover_T406 2
Cover_T407 62
Cover_T408 4.63842e-11
Cover_T409 30
Cover_T410 -2
Cover_T411 16
Cover_T412 -4
Cover_T413 10
Cover_T414 -4
Cover_T415 18
Cover_T416 -8
Cover_T417 30
Cover_T418 -12
Cover_T419 16
Cover_T420 -8
Cover_T421 14
Cover_T422 -22
Cover_T423 14
Cover_T424 -30
Cover_T425 14
Cover_T426 -42
Cover_T427 18
Cover_T428 -22
Cover_T429 14
Cover_T430 -34
Cover_T431 30
Cover_T432 -52
Cover_T433 46
Cover_T434 -10
Cover_T435 36
Cover_T436 -14
Cover_T437 56
Cover_T438 -12
Cover_T439 16
Cover_T440 -12
Cover_T441 18
Cover_T442 -14
Cover_T443 28
Cover_T444 -12
Cover_T445 30
Cover_T446 -24
Cover_T447 30
Cover_T448 -38
Cover_T449 36
Cover_T450 -18
Cover_T451 40
Cover_T452 -20
Cover_T453 30
Cover_T454 -20
Cover_T455 54
Cover_T456 -26
Cover_T457 64
Cover_T458 -24
Cover_T459 40
Cover_T460 -34
Cover_T461 40
Cover_T462 -24
Cover_T463 46
Cover_T464 -40
Cover_T465 54
Cover_T466 -38
Cover_T467 52
Cover_T468 -36
Cover_T469 56
Cover_T470 -36
Cover_T471 62
Cover_T472 -38
Cover_T473 60
Cover_T474 -44
Cover_T475 54
Cover_T476 -44
Cover_T477 58
Cover_T478 58
Cover_T479 -48
Cover_T480 62
Cover_T481 -44
Cover_T482 56
Cover_T483 -40
Cover_T484 52
Cover_T485 -40
Cover_T486 58
Cover_T487 -42
Cover_T488 56
Cover_T489 -30
Cover_T490 54
Cover_T491 -34
Cover_T492 56
Cover_T493 60
Cover_T494 56
Cover_T495 48
Cover_T496 54
Cover_T497 44
Cover_T498 56
Cover_T499 36
Cover_T500 54
Cover_T501 974
Cover_T502 1044
Cover_T503 978
Cover_T504 1040
Cover_T505 974
Cover_T506 1024
Cover_T507 978
Cover_T508 1036
Cover_T509 978
Cover_T510 1032
Cover_T511 978
Cover_T512 1034
Cover_T513 974
Cover_T514 938
Cover_T515 966
Cover_T516 938
Cover_T517 974
Cover_T518 956
Cover_T519 966
Cover_T520 956
Cover_T521 974
Cover_T522 8
Cover_T523 -20
Cover_T524 0
Cover_T525 -14
Cover_T526 8
Cover_T527 -14
Cover_T528 0
Cover_T529 -16
Cover_T530 14
Cover_T531 -14
Cover_T532 6
Cover_T533 -20
Cover_T534 16
Cover_T535 -8
Cover_T536 4
Cover_T537 0
Cover_T538 22
Cover_T539 10
Cover_T540 10
Cover_T541 2
Cover_T542 -2
Cover_T543 -12
Cover_T544 3.99583e-11
Cover_T545 -20
Cover_T546 2
Cover_T547 0
Cover_T548 -18
Cover_T549 -10
Cover_T550 -38
Cover_T551 10
Cover_T552 10
Cover_T553 8
Cover_T554 12
Cover_T555 4
Cover_T556 -4
Cover_T557 20
Cover_T558 12
Cover_T559 36
Cover_T560 -4
Cover_T561 52
Cover_T562 1.26912e-11
Cover_T563 0
Cover_T564 -16
Cover_T565 -6
Cover_T566 1.18074e-11
Cover_T567 10
Cover_T568 22
Cover_T569 -6
Cover_T570 4
Cover_T571 14
Cover_T572 -16
Cover_T573 14
Cover_T574 22
Cover_T575 2
Cover_T576 22
Cover_T577 -16
Cover_T578 4
Cover_T579 4
Cover_T580 12
Cover_T581 24
Cover_T582 8
Cover_T583 -6
Cover_T584 4
Cover_T585 0
Cover_T586 -2
Cover_T587 -5.40012e-13
Cover_T588 -18
Cover_T589 8
Cover_T590 -44
Cover_T591 6
Cover_T592 -4
Cover_T593 4
Cover_T594 -24
Cover_T595 12
Cover_T596 -44
Cover_T597 32
Cover_T598 -38
Cover_T599 52
Cover_T600 20
Cover_T601 12
Cover_T602 6
Cover_T603 32
Cover_T604 0
Cover_T605 52
Cover_T606 -14
Cover_T607 46
Cover_T608 -34
Cover_T609 -12
Cover_T610 20
Cover_T611 2
Cover_T612 0
Cover_T613 2
Cover_T614 6
Cover_T615 20
Cover_T616 -6
Cover_T617 36
Cover_T618 -22
Cover_T619 52
Cover_T620 -38
Cover_T621 -6
Cover_T622 -42
Cover_T623 14
Cover_T624 -30
Cover_T625 4
Cover_T626 -46
Cover_T627 12
Cover_T628 -30
Cover_T629 38
Cover_T630 -44
Cover_T631 54
Cover_T632 20
Cover_T633 68
Cover_T634 8
Cover_T635 68
Cover_T636 0
Cover_T637 52
Cover_T638 12
Cover_T639 64
Cover_T640 22
Cover_T641 46
Cover_T642 14
Cover_T643 58
Cover_T644 18
Cover_T645 70
Cover_T646 16
Cover_T647 4
Cover_T648 2
Cover_T649 18
Cover_T650 -10
Cover_T651 14
Cover_T652 -36
Cover_T653 8
Cover_T654 4
Cover_T655 -2
Cover_T656 -16
Cover_T657 14
Cover_T658 -36
Cover_T659 28
Cover_T660 6
Cover_T661 44
Cover_T662 -8
Cover_T663 64
Cover_T664 4
Cover_T665 16
Cover_T666 4
Cover_T667 30
Cover_T668 4
Cover_T669 44
Cover_T670 4
Cover_T671 50
Cover_T672 -12
Cover_T673 66
Cover_T674 0
Cover_T675 18
Cover_T676 2.116e-11
Cover_T677 28
Cover_T678 -1.14115e-10
Cover_T679 16
Cover_T680 -8.29914e-12
Cover_T681 12
Cover_T682 -4
Cover_T683 30
Cover_T684 -32
Cover_T685 10
Cover_T686 -30
Cover_T687 14
Cover_T688 -10
Cover_T689 28
Cover_T690 -16
Cover_T691 42
Cover_T692 -16
Cover_T693 26
Cover_T694 -10
Cover_T695 48
Cover_T696 -26
Cover_T697 60
Cover_T698 -16
Cover_T699 30
Cover_T700 -10
Cover_T701 36
Cover_T702 -20
Cover_T703 42
Cover_T704 -12
Cover_T705 52
Cover_T706 -14
Cover_T707 40
Cover_T708 -20
Cover_T709 60
Cover_T710 -24
Cover_T711 46
Cover_T712 -30
Cover_T713 48
Cover_T714 -36
Cover_T715 48
Cover_T716 -40
Cover_T717 54
Cover_T718 -36
Cover_T719 54
Cover_T720 -38
Cover_T721 66
Cover_T722 -38
Cover_T723 64
Cover_T724 -40
Cover_T725 52
Cover_T726 -40
Cover_T727 62
Cover_T728 32
Cover_T729 1.68363e-11
Cover_T730 44
Cover_T731 5.74119e-11
Cover_T732 34
Cover_T733 8
Cover_T734 14
Cover_T735 4
Cover_T736 42
Cover_T737 0
Cover_T738 18
Cover_T739 0
Cover_T740 6
Cover_T741 94
Cover_T742 6
Cover_T743 94
Cover_T744 10
Cover_T745 88
Cover_T746 1028
Cover_T747 994
Cover_T748 1074
Cover_T749 1008
Cover_T750 1058
Cover_T751 1020
Cover_T752 1066
Cover_T753 1026
Cover_T754 972
Cover_T755 1026
Cover_T756 972
Cover_T757 1020
Cover_T758 972
Cover_T759 0
Cover_T760 10
Cover_T761 -30
Cover_T762 54
Cover_T763 -38
Cover_T764 52
Cover_T765 -10
Cover_T766 52
Cover_T767 18
Cover_T768 12
Cover_T769 52
Cover_T770 -36
Cover_T771 40
Cover_T772 0
Cover_T773 58
Cover_T774 18
Cover_T775 40
Cover_T776 2
Cover_T777 68
Cover_T778 70
Cover_T779 68
Cover_T780 50
Cover_T781 18
Cover_T782 64
Cover_T783 0
Cover_T784 50
Cover_T785 16
Cover_T786 12
Cover_T787 -28
Cover_T788 40
Cover_T789 -16
Cover_T790 -5.47118e-13
Cover_T791 26
Cover_T792 50
Cover_T793 44
Cover_T794 48
Count_D0 -984
Count_D1 -1000
Max_H0_P0 0
Max_H0_P1 0
Max_H0_P2 0
Max_H0_P3 0
Max_H0_P4 0
Max_H0_P5 -2
Max_H0_P6 8.13489e-11
Max_H0_P7 4.72014e-11
Max_H0_P8 0
Max_H0_P9 0
Max_H0_P10 0
Max_H0_P11 0
Max_H0_P12 0
Max_H0_P13 0
Max_H0_P14 0
Max_H0_P15 -1.50292e-11
Max_H0_P16 -7.44272e-12
Max_H0_P17 -2.08677e-11
Max_H0_P18 -2.89848e-11
Max_H0_P19 1.13735e-11
Max_H0_P20 -1.71667e-11
Max_H0_P21 2.68083e-11
Max_H0_P22 3.47917e-11
Max_H0_P23 -8.33527e-13
Max_H0_P24 2.01349e-11
Max_H0_P25 2.89333e-11
Max_H0_P26 2.99953e-12
Max_H0_P27 -9.10602e-12
Max_H0_P28 -1.24608e-11
Max_H0_P29 6.39488e-12
Max_H0_P30 -5.57066e-12
Max_H0_P31 -1.054e-11
Max_H0_P32 -1.34479e-11
Max_H0_P33 3.24718e-12
Max_H0_P34 1.04319e-11
Max_H0_P35 -9.57101e-12
Max_H0_P36 2.45866e-11
Max_H0_P37 8.98559e-12
Max_H0_P38 1.25594e-11
Max_H0_P39 -5.04485e-12
Max_H0_P40 2.10485e-11
Max_H0_P41 -1.13687e-11
Max_H0_P42 3.18998e-11
Max_H0_P43 1.43245e-11
Max_H0_P44 2.99953e-12
Max_H0_P45 7.0699e-13
Max_H0_P46 0
Max_H0_P47 0
Max_H0_P48 0
Max_H0_P49 0
Max_H0_P50 0
Max_H0_P51 0
Max_H0_P52 -2
Max_H0_P53 0
Max_H0_P54 0
Max_H0_P55 0
Max_H0_P56 0
Max_H0_P57 0
Max_H0_P58 0
Max_H0_P59 0
Max_H0_P60 0
Max_H0_P61 0
Max_H0_P62 0
Max_H0_P63 0
Max_H0_P64 0
Max_H0_P65 0
Max_H0_P66 0
Max_H0_P67 0
Max_H0_P68 0
Max_H0_P69 0
Max_H0_P70 0
Max_H0_P71 0
Max_H0_P72 0
Max_H0_P73 0
Max_H0_P74 0
Max_H0_P75 0
Max_H0_P76 0
Max_H0_P77 -6.4829e-11
Max_H0_P78 6.13909e-11
Max_H0_P79 0
Max_H0_P80 0
Max_H0_P81 0
Max_H1_P0 0
Max_H1_P1 0
Max_H1_P2 1.02673e-11
Max_H1_P3 0
Max_H1_P4 -5.48077e-11
Max_H1_P5 -2
Max_H1_P6 8.98872e-11
Max_H1_P7 4.72014e-11
Max_H1_P8 0
Max_H1_P9 0
Max_H1_P10 0
Max_H1_P11 0
Max_H1_P12 0
Max_H1_P13 0
Max_H1_P14 0
Max_H1_P15 -1.53193e-11
Max_H1_P16 4.06561e-11
Max_H1_P17 -3.84089e-11
Max_H1_P18 1.41175e-11
Max_H1_P19 2.92428e-12
Max_H1_P20 5.68079e-12
Max_H1_P21 -1.57989e-11
Max_H1_P22 2.81854e-11
Max_H1_P23 5.01137e-12
Max_H1_P24 8.13571e-12
Max_H1_P25 1.70825e-11
Max_H1_P26 2.11349e-12
Max_H1_P27 -1.04994e-11
Max_H1_P28 -8.49099e-12
Max_H1_P29 -1.44724e-14
Max_H1_P30 -1.63851e-11
Max_H1_P31 -6.74522e-12
Max_H1_P32 2.65814e-11
Max_H1_P33 2.49756e-11
Max_H1_P34 -5.1287e-11
Max_H1_P35 3.38787e-11
Max_H1_P36 -1.61146e-11
Max_H1_P37 9.60654e-12
Max_H1_P38 -2.03926e-12
Max_H1_P39 2.38626e-13
Max_H1_P40 2.96442e-12
Max_H1_P41 -2.86696e-11
Max_H1_P42 3.20304e-12
Max_H1_P43 2.98723e-11
Max_H1_P44 5.50848e-12
Max_H1_P45 2.43681e-11
Max_H1_P46 0
Max_H1_P47 0
Max_H1_P48 0
Max_H1_P49 0
Max_H1_P50 0
Max_H1_P51 0
Max_H1_P52 -2
Max_H1_P53 -1.66338e-11
Max_H1_P54 -2.02522e-11
Max_H1_P55 0
Max_H1_P56 0
Max_H1_P57 0
Max_H1_P58 0
Max_H1_P59 -3.87814e-11
Max_H1_P60 8.79918e-12
Max_H1_P61 -9.44222e-12
Max_H1_P62 -9.45199e-12
Max_H1_P63 -2.0546e-11
Max_H1_P64 0
Max_H1_P65 0
Max_H1_P66 0
Max_H1_P67 0
Max_H1_P68 0
Max_H1_P69 0
Max_H1_P70 0
Max_H1_P71 0
Max_H1_P72 0
Max_H1_P73 0
Max_H1_P74 0
Max_H1_P75 0
Max_H1_P76 0
Max_H1_P77 -1.59872e-11
Max_H1_P78 -1.07284e-11
Max_H1_P79 2.16708e-11
Max_H1_P80 0
Max_H1_P81 0
