
Branch and bound

  Entire solving process        :                           (Time     40.3)
  No feasible solution was found
  Best relaxation cost          :     37531.80 (Node     0) (Time     40.3)
  Lower bound after cuts        :     37531.80
  End lower bound               :     37531.80
  Deepest level reached         : 0
  Deepest real level reached    : 0
  Number of real nodes solved   : 1
  Stopping condition            : enough nodes explored

Problem identification

  Problem                       : <null>
  Machine                       : oslo2.gerad.lan

Solving process summary

  Linear relaxations            :        1
  Column generation iterations  :      116
  Shortest paths solved         :     2313
  Columns generated             :    20279

Instance characteristics

  Resources                     : 3
  Node types                    : no
  Arc types                     : no
  Strong resource windows       : no
  Weak resource windows         : no
  Resource windows (nodes)      : 3
  Resource values (arcs)        : 3
  Values on nodes               : no

  Rows                          : 660
  Initial columns               : 2
  Tasks                         : 498
  Strong tasks                  : 494
  Weak tasks                    : 4
  Initial task constraints      : no
  Nodes                         : 826
  Arc sets                      : 1
  Arcs                          : 13335
  Networks                      : 2
  Models                        : 1

Memory used per module (Megs)

  Parser (reused)               :      3.035
  Networks                      :     18.526
  Column generator              :      5.086
  Master problem                :      6.729
  -----------------
  Total                         :     30.341

Cpu time per module (seconds)

  Parser                        :        0.0
  Preprocessor                  :        0.0
  Lr solver manager             :        0.1
  Column generator              :        5.9
    (Shortest path)             :        4.7
  Master problem                :       34.3
  -------------------
  Total (without b&b)           :       40.3

Real elapsed time (seconds)

  Parser                        :        0.0
  Preprocessor                  :        0.0
  Lr solver manager             :        0.0
  Column generator              :        6.0
    (Shortest path)             :        4.8
  Master problem                :       34.3
  -------------------
  Total (without b&b)           :       40.3
