Cover_T0 52
Cover_T1 -52
Cover_T2 52
Cover_T3 -52
Cover_T4 52
Cover_T5 -52
Cover_T6 52
Cover_T7 -52
Cover_T8 52
Cover_T9 -52
Cover_T10 54
Cover_T11 -52
Cover_T12 52
Cover_T13 -50
Cover_T14 52
Cover_T15 -46
Cover_T16 52
Cover_T17 -46
Cover_T18 60
Cover_T19 -28
Cover_T20 80
Cover_T21 -8
Cover_T22 70
Cover_T23 4
Cover_T24 56
Cover_T25 -2
Cover_T26 92
Cover_T27 0
Cover_T28 64
Cover_T29 28
Cover_T30 24
Cover_T31 868
Cover_T32 978
Cover_T33 912
Cover_T34 942
Cover_T35 924
Cover_T36 70
Cover_T37 948
Cover_T38 52
Cover_T39 -34
Cover_T40 12
Cover_T41 -10
Cover_T42 0
Cover_T43 -30
Cover_T44 10
Cover_T45 -6
Cover_T46 42
Cover_T47 14
Cover_T48 12
Cover_T49 -8.29914e-11
Cover_T50 10
Cover_T51 -20
Cover_T52 3.36335e-11
Cover_T53 16
Cover_T54 8
Cover_T55 12
Cover_T56 -2
Cover_T57 10
Cover_T58 -4.448e-11
Cover_T59 0
Cover_T60 -6
Cover_T61 -6.09255e-11
Cover_T62 -30
Cover_T63 0
Cover_T64 -9.46443e-12
Cover_T65 4
Cover_T66 0
Cover_T67 28
Cover_T68 52
Cover_T69 52
Cover_T70 28
Cover_T71 22
Cover_T72 10
Cover_T73 22
Cover_T74 10
Cover_T75 -18
Cover_T76 6
Cover_T77 12
Cover_T78 46
Cover_T79 18
Cover_T80 10
Cover_T81 18
Cover_T82 0
Cover_T83 -30
Cover_T84 -20
Cover_T85 -2
Cover_T86 -48
Cover_T87 8
Cover_T88 0
Cover_T89 28
Cover_T90 4
Cover_T91 52
Cover_T92 10
Cover_T93 6.20899e-11
Cover_T94 -14
Cover_T95 14
Cover_T96 -38
Cover_T97 18
Cover_T98 8
Cover_T99 14
Cover_T100 0
Cover_T101 42
Cover_T102 6
Cover_T103 0
Cover_T104 -10
Cover_T105 10
Cover_T106 -18
Cover_T107 4
Cover_T108 34
Cover_T109 32
Cover_T110 6
Cover_T111 48
Cover_T112 20
Cover_T113 24
Cover_T114 42
Cover_T115 52
Cover_T116 38
Cover_T117 24
Cover_T118 2
Cover_T119 10
Cover_T120 6
Cover_T121 10
Cover_T122 -8.38292e-10
Cover_T123 18
Cover_T124 -4
Cover_T125 20
Cover_T126 -12
Cover_T127 20
Cover_T128 -10
Cover_T129 24
Cover_T130 -2
Cover_T131 34
Cover_T132 -4
Cover_T133 30
Cover_T134 -8
Cover_T135 20
Cover_T136 -26
Cover_T137 16
Cover_T138 -10
Cover_T139 14
Cover_T140 -12
Cover_T141 36
Cover_T142 -12
Cover_T143 28
Cover_T144 -12
Cover_T145 36
Cover_T146 -42
Cover_T147 42
Cover_T148 -12
Cover_T149 58
Cover_T150 -12
Cover_T151 80
Cover_T152 -12
Cover_T153 80
Cover_T154 -12
Cover_T155 62
Cover_T156 -18
Cover_T157 68
Cover_T158 -18
Cover_T159 56
Cover_T160 -40
Cover_T161 64
Cover_T162 -46
Cover_T163 52
Cover_T164 -52
Cover_T165 54
Cover_T166 -50
Cover_T167 54
Cover_T168 -46
Cover_T169 52
Cover_T170 -20
Cover_T171 84
Cover_T172 -8
Cover_T173 66
Cover_T174 0
Cover_T175 104
Cover_T176 12
Cover_T177 64
Cover_T178 0
Cover_T179 40
Cover_T180 34
Cover_T181 30
Cover_T182 880
Cover_T183 -12
Cover_T184 896
Cover_T185 994
Cover_T186 912
Cover_T187 954
Cover_T188 930
Cover_T189 38
Cover_T190 940
Cover_T191 38
Cover_T192 -24
Cover_T193 14
Cover_T194 -32
Cover_T195 18
Cover_T196 0
Cover_T197 38
Cover_T198 28
Cover_T199 14
Cover_T200 4
Cover_T201 -10
Cover_T202 -28
Cover_T203 0
Cover_T204 -4
Cover_T205 2
Cover_T206 20
Cover_T207 -22
Cover_T208 16
Cover_T209 0
Cover_T210 26
Cover_T211 0
Cover_T212 4
Cover_T213 -28
Cover_T214 8.46967e-12
Cover_T215 0
Cover_T216 16
Cover_T217 4.7951e-11
Cover_T218 40
Cover_T219 52
Cover_T220 10
Cover_T221 28
Cover_T222 10
Cover_T223 10
Cover_T224 -42
Cover_T225 16
Cover_T226 -18
Cover_T227 -8
Cover_T228 0
Cover_T229 0
Cover_T230 -6
Cover_T231 52
Cover_T232 18
Cover_T233 28
Cover_T234 16
Cover_T235 4
Cover_T236 -24
Cover_T237 -18
Cover_T238 0
Cover_T239 22
Cover_T240 22
Cover_T241 0
Cover_T242 50
Cover_T243 -8
Cover_T244 2
Cover_T245 -6
Cover_T246 0
Cover_T247 -34
Cover_T248 -2
Cover_T249 8
Cover_T250 24
Cover_T251 4
Cover_T252 48
Cover_T253 14
Cover_T254 2
Cover_T255 2
Cover_T256 14
Cover_T257 -2
Cover_T258 4
Cover_T259 52
Cover_T260 24
Cover_T261 24
Cover_T262 54
Cover_T263 52
Cover_T264 18
Cover_T265 40
Cover_T266 38
Cover_T267 20
Cover_T268 22
Cover_T269 0
Cover_T270 16
Cover_T271 0
Cover_T272 16
Cover_T273 -6
Cover_T274 10
Cover_T275 2
Cover_T276 20
Cover_T277 -4
Cover_T278 12
Cover_T279 -6
Cover_T280 20
Cover_T281 -10
Cover_T282 14
Cover_T283 -10
Cover_T284 20
Cover_T285 -32
Cover_T286 34
Cover_T287 -16
Cover_T288 26
Cover_T289 -18
Cover_T290 50
Cover_T291 -12
Cover_T292 26
Cover_T293 -26
Cover_T294 18
Cover_T295 -12
Cover_T296 12
Cover_T297 -30
Cover_T298 26
Cover_T299 -44
Cover_T300 16
Cover_T301 -40
Cover_T302 38
Cover_T303 -22
Cover_T304 66
Cover_T305 -22
Cover_T306 68
Cover_T307 -12
Cover_T308 62
Cover_T309 -18
Cover_T310 66
Cover_T311 -20
Cover_T312 56
Cover_T313 -36
Cover_T314 62
Cover_T315 -40
Cover_T316 56
Cover_T317 -42
Cover_T318 62
Cover_T319 -48
Cover_T320 62
Cover_T321 -46
Cover_T322 58
Cover_T323 -32
Cover_T324 74
Cover_T325 -16
Cover_T326 62
Cover_T327 0
Cover_T328 110
Cover_T329 20
Cover_T330 72
Cover_T331 20
Cover_T332 44
Cover_T333 922
Cover_T334 8
Cover_T335 934
Cover_T336 1002
Cover_T337 900
Cover_T338 962
Cover_T339 908
Cover_T340 966
Cover_T341 928
Cover_T342 50
Cover_T343 948
Cover_T344 32
Cover_T345 -34
Cover_T346 -8
Cover_T347 -10
Cover_T348 28
Cover_T349 -30
Cover_T350 46
Cover_T351 -6
Cover_T352 22
Cover_T353 14
Cover_T354 -4
Cover_T355 -8
Cover_T356 2
Cover_T357 -36
Cover_T358 0
Cover_T359 -8
Cover_T360 6
Cover_T361 20
Cover_T362 2
Cover_T363 10
Cover_T364 6
Cover_T365 4
Cover_T366 6
Cover_T367 24
Cover_T368 -14
Cover_T369 0
Cover_T370 -34
Cover_T371 6
Cover_T372 -6.85674e-12
Cover_T373 0
Cover_T374 8.52651e-14
Cover_T375 10
Cover_T376 48
Cover_T377 38
Cover_T378 20
Cover_T379 12
Cover_T380 -2
Cover_T381 16
Cover_T382 0
Cover_T383 -34
Cover_T384 8
Cover_T385 -10
Cover_T386 -16
Cover_T387 8
Cover_T388 36
Cover_T389 2
Cover_T390 12
Cover_T391 -6
Cover_T392 6.23237e-11
Cover_T393 18
Cover_T394 -10
Cover_T395 -34
Cover_T396 -34
Cover_T397 -10
Cover_T398 18
Cover_T399 2
Cover_T400 4
Cover_T401 12
Cover_T402 4.59011e-12
Cover_T403 38
Cover_T404 2
Cover_T405 -10
Cover_T406 -26
Cover_T407 8
Cover_T408 16
Cover_T409 16
Cover_T410 8
Cover_T411 12
Cover_T412 20
Cover_T413 32
Cover_T414 0
Cover_T415 52
Cover_T416 -8
Cover_T417 2
Cover_T418 -8
Cover_T419 6
Cover_T420 52
Cover_T421 0
Cover_T422 32
Cover_T423 16
Cover_T424 12
Cover_T425 48
Cover_T426 48
Cover_T427 66
Cover_T428 28
Cover_T429 6
Cover_T430 44
Cover_T431 26
Cover_T432 44
Cover_T433 46
Cover_T434 18
Cover_T435 12
Cover_T436 0
Cover_T437 10
Cover_T438 12
Cover_T439 20
Cover_T440 2
Cover_T441 16
Cover_T442 2
Cover_T443 18
Cover_T444 -2
Cover_T445 18
Cover_T446 2
Cover_T447 18
Cover_T448 -9.02059e-10
Cover_T449 22
Cover_T450 -2
Cover_T451 30
Cover_T452 -18
Cover_T453 28
Cover_T454 -18
Cover_T455 26
Cover_T456 -12
Cover_T457 30
Cover_T458 -20
Cover_T459 30
Cover_T460 -26
Cover_T461 22
Cover_T462 -26
Cover_T463 30
Cover_T464 -32
Cover_T465 40
Cover_T466 -26
Cover_T467 40
Cover_T468 -26
Cover_T469 60
Cover_T470 -16
Cover_T471 76
Cover_T472 -16
Cover_T473 62
Cover_T474 -22
Cover_T475 60
Cover_T476 -28
Cover_T477 60
Cover_T478 -36
Cover_T479 52
Cover_T480 -42
Cover_T481 64
Cover_T482 -46
Cover_T483 52
Cover_T484 30
Cover_T485 28
Cover_T486 60
Cover_T487 40
Cover_T488 96
Cover_T489 48
Cover_T490 114
Cover_T491 72
Cover_T492 118
Cover_T493 54
Cover_T494 46
Cover_T495 902
Cover_T496 1008
Cover_T497 876
Cover_T498 966
Cover_T499 884
Cover_T500 974
Cover_T501 898
Cover_T502 42
Cover_T503 -24
Cover_T504 66
Cover_T505 -16
Cover_T506 52
Cover_T507 52
Cover_T508 -28
Cover_T509 66
Cover_T510 20
Cover_T511 46
Cover_T512 0
Cover_T513 82
Cover_T514 94
Cover_T515 102
Cover_T516 82
Cover_T517 100
Cover_T518 66
Cover_T519 48
Cover_T520 56
Cover_T521 68
Cover_T522 1.77238e-10
Cover_T523 -8
Cover_T524 40
Cover_T525 18
Cover_T526 0
Cover_T527 60
Cover_T528 46
Cover_T529 0
Cover_T530 46
Cover_T531 32
Cover_T532 44
Count_D0 -984
Count_D1 -1000
Max_H0_P0 0
Max_H0_P1 0
Max_H0_P2 0
Max_H0_P3 0
Max_H0_P4 0
Max_H0_P5 0
Max_H0_P6 0
Max_H0_P7 0
Max_H0_P8 0
Max_H0_P9 0
Max_H0_P10 0
Max_H0_P11 0
Max_H0_P12 0
Max_H0_P13 0
Max_H0_P14 0
Max_H0_P15 0
Max_H0_P16 0
Max_H0_P17 0
Max_H0_P18 0
Max_H0_P19 1.86022e-11
Max_H0_P20 0
Max_H0_P21 9.46787e-12
Max_H0_P22 1.74767e-11
Max_H0_P23 0
Max_H0_P24 -1.80119e-11
Max_H0_P25 -2.5544e-12
Max_H0_P26 0
Max_H0_P27 -2.45019e-11
Max_H0_P28 1.29471e-11
Max_H0_P29 -2.3284e-11
Max_H0_P30 0
Max_H0_P31 3.09427e-11
Max_H0_P32 -2.12488e-11
Max_H0_P33 0
Max_H0_P34 0
Max_H0_P35 0
Max_H0_P36 0
Max_H0_P37 0
Max_H0_P38 2.69718e-11
Max_H0_P39 1.96181e-11
Max_H0_P40 0
Max_H0_P41 -2.97891e-11
Max_H0_P42 -1.65479e-11
Max_H0_P43 0
Max_H0_P44 0
Max_H0_P45 0
Max_H0_P46 0
Max_H0_P47 0
Max_H0_P48 0
Max_H0_P49 0
Max_H0_P50 0
Max_H0_P51 0
Max_H0_P52 0
Max_H0_P53 0
Max_H0_P54 0
Max_H0_P55 0
Max_H0_P56 0
Max_H0_P57 0
Max_H0_P58 0
Max_H0_P59 0
Max_H0_P60 0
Max_H0_P61 0
Max_H0_P62 0
Max_H0_P63 0
Max_H0_P64 0
Max_H0_P65 0
Max_H0_P66 0
Max_H0_P67 0
Max_H0_P68 0
Max_H0_P69 0
Max_H0_P70 0
Max_H0_P71 0
Max_H0_P72 0
Max_H0_P73 0
Max_H0_P74 0
Max_H0_P75 0
Max_H0_P76 0
Max_H0_P77 0
Max_H0_P78 0
Max_H0_P79 0
Max_H0_P80 0
Max_H0_P81 0
Max_H1_P0 0
Max_H1_P1 0
Max_H1_P2 0
Max_H1_P3 0
Max_H1_P4 0
Max_H1_P5 0
Max_H1_P6 0
Max_H1_P7 0
Max_H1_P8 0
Max_H1_P9 0
Max_H1_P10 0
Max_H1_P11 0
Max_H1_P12 0
Max_H1_P13 0
Max_H1_P14 0
Max_H1_P15 0
Max_H1_P16 0
Max_H1_P17 1.89672e-11
Max_H1_P18 8.80312e-13
Max_H1_P19 0
Max_H1_P20 -2.44853e-11
Max_H1_P21 0
Max_H1_P22 1.42005e-12
Max_H1_P23 0
Max_H1_P24 0
Max_H1_P25 1.77372e-11
Max_H1_P26 -5.50271e-11
Max_H1_P27 -6.68798e-13
Max_H1_P28 -1.03369e-11
Max_H1_P29 0
Max_H1_P30 -1.359e-11
Max_H1_P31 -2.12488e-11
Max_H1_P32 1.08579e-12
Max_H1_P33 0
Max_H1_P34 8.02395e-13
Max_H1_P35 0
Max_H1_P36 9.64038e-14
Max_H1_P37 0
Max_H1_P38 0
Max_H1_P39 3.36244e-11
Max_H1_P40 1.07579e-11
Max_H1_P41 -1.07579e-11
Max_H1_P42 -5.94591e-11
Max_H1_P43 -3.95525e-12
Max_H1_P44 0
Max_H1_P45 0
Max_H1_P46 3.6076e-11
Max_H1_P47 0
Max_H1_P48 0
Max_H1_P49 0
Max_H1_P50 0
Max_H1_P51 0
Max_H1_P52 0
Max_H1_P53 0
Max_H1_P54 0
Max_H1_P55 0
Max_H1_P56 2.16005e-12
Max_H1_P57 0
Max_H1_P58 0
Max_H1_P59 0
Max_H1_P60 0
Max_H1_P61 -4.0524e-11
Max_H1_P62 0
Max_H1_P63 0
Max_H1_P64 -1.63034e-11
Max_H1_P65 1.67708e-11
Max_H1_P66 0
Max_H1_P67 0
Max_H1_P68 0
Max_H1_P69 0
Max_H1_P70 0
Max_H1_P71 0
Max_H1_P72 0
Max_H1_P73 0
Max_H1_P74 0
Max_H1_P75 0
Max_H1_P76 0
Max_H1_P77 -2.18861e-11
Max_H1_P78 0
Max_H1_P79 0
Max_H1_P80 0
Max_H1_P81 0
