
Branch and bound

  Entire solving process        :                           (Time     57.7)
  No feasible solution was found
  Best relaxation cost          :     34232.01 (Node     0) (Time     57.7)
  Lower bound after cuts        :     34232.01
  End lower bound               :     34232.01
  Deepest level reached         : 0
  Deepest real level reached    : 0
  Number of real nodes solved   : 1
  Stopping condition            : enough nodes explored

Problem identification

  Problem                       : <null>
  Machine                       : oslo4.gerad.lan

Solving process summary

  Linear relaxations            :        1
  Column generation iterations  :      125
  Shortest paths solved         :     6696
  Columns generated             :    34046

Instance characteristics

  Resources                     : 3
  Node types                    : no
  Arc types                     : no
  Strong resource windows       : no
  Weak resource windows         : no
  Resource windows (nodes)      : 3
  Resource values (arcs)        : 3
  Values on nodes               : no

  Rows                          : 697
  Initial columns               : 283
  Tasks                         : 535
  Strong tasks                  : 357
  Weak tasks                    : 4
  Initial task constraints      : no
  Nodes                         : 863
  Arc sets                      : 1
  Arcs                          : 14833
  Networks                      : 2
  Models                        : 1

Memory used per module (Megs)

  Parser (reused)               :      3.398
  Networks                      :     21.796
  Column generator              :      3.269
  Master problem                :      6.926
  -----------------
  Total                         :     31.990

Cpu time per module (seconds)

  Parser                        :        0.0
  Preprocessor                  :        0.0
  Lr solver manager             :        0.1
  Column generator              :       15.3
    (Shortest path)             :       12.9
  Master problem                :       42.3
  -------------------
  Total (without b&b)           :       57.7

Real elapsed time (seconds)

  Parser                        :        0.0
  Preprocessor                  :        0.0
  Lr solver manager             :        0.1
  Column generator              :       15.2
    (Shortest path)             :       12.8
  Master problem                :       42.4
  -------------------
  Total (without b&b)           :       57.7
