
Branch and bound

  Entire solving process        :                           (Time    107.9)
  No feasible solution was found
  Best relaxation cost          :     52947.20 (Node     0) (Time    107.8)
  Lower bound after cuts        :     52947.20
  End lower bound               :     52947.20
  Deepest level reached         : 0
  Deepest real level reached    : 0
  Number of real nodes solved   : 1
  Stopping condition            : enough nodes explored

Problem identification

  Problem                       : <null>
  Machine                       : oslo1.gerad.lan

Solving process summary

  Linear relaxations            :        1
  Column generation iterations  :      121
  Shortest paths solved         :     3307
  Columns generated             :    32658

Instance characteristics

  Resources                     : 3
  Node types                    : no
  Arc types                     : no
  Strong resource windows       : no
  Weak resource windows         : no
  Resource windows (nodes)      : 3
  Resource values (arcs)        : 3
  Values on nodes               : no

  Rows                          : 853
  Initial columns               : 2
  Tasks                         : 691
  Strong tasks                  : 687
  Weak tasks                    : 4
  Initial task constraints      : no
  Nodes                         : 1019
  Arc sets                      : 1
  Arcs                          : 23117
  Networks                      : 2
  Models                        : 1

Memory used per module (Megs)

  Parser (reused)               :      4.972
  Networks                      :     25.186
  Column generator              :      5.812
  Master problem                :      8.287
  -----------------
  Total                         :     39.285

Cpu time per module (seconds)

  Parser                        :        0.0
  Preprocessor                  :        0.0
  Lr solver manager             :        0.1
  Column generator              :       22.1
    (Shortest path)             :       16.3
  Master problem                :       85.7
  -------------------
  Total (without b&b)           :      107.8

Real elapsed time (seconds)

  Parser                        :        0.0
  Preprocessor                  :        0.0
  Lr solver manager             :        0.1
  Column generator              :       22.0
    (Shortest path)             :       16.6
  Master problem                :       85.7
  -------------------
  Total (without b&b)           :      107.8
