
Branch and bound

  Entire solving process        :                           (Time    290.5)
  No feasible solution was found
  Best relaxation cost          :     60168.27 (Node     0) (Time    290.5)
  Lower bound after cuts        :     60168.27
  End lower bound               :     60168.27
  Deepest level reached         : 0
  Deepest real level reached    : 0
  Number of real nodes solved   : 1
  Stopping condition            : enough nodes explored

Problem identification

  Problem                       : <null>
  Machine                       : oslo2.gerad.lan

Solving process summary

  Linear relaxations            :        1
  Column generation iterations  :      159
  Shortest paths solved         :     3945
  Columns generated             :    40423

Instance characteristics

  Resources                     : 3
  Node types                    : no
  Arc types                     : no
  Strong resource windows       : no
  Weak resource windows         : no
  Resource windows (nodes)      : 3
  Resource values (arcs)        : 3
  Values on nodes               : no

  Rows                          : 960
  Initial columns               : 2
  Tasks                         : 798
  Strong tasks                  : 794
  Weak tasks                    : 4
  Initial task constraints      : no
  Nodes                         : 1126
  Arc sets                      : 1
  Arcs                          : 29516
  Networks                      : 2
  Models                        : 1

Memory used per module (Megs)

  Parser (reused)               :      6.183
  Networks                      :     29.424
  Column generator              :     11.745
  Master problem                :      9.375
  -----------------
  Total                         :     50.545

Cpu time per module (seconds)

  Parser                        :        0.0
  Preprocessor                  :        0.0
  Lr solver manager             :        0.1
  Column generator              :       48.0
    (Shortest path)             :       42.5
  Master problem                :      242.3
  -------------------
  Total (without b&b)           :      290.4

Real elapsed time (seconds)

  Parser                        :        0.0
  Preprocessor                  :        0.0
  Lr solver manager             :        0.1
  Column generator              :       48.1
    (Shortest path)             :       43.1
  Master problem                :      242.7
  -------------------
  Total (without b&b)           :      290.9
