
Branch and bound

  Entire solving process        :                           (Time    270.3)
  No feasible solution was found
  Best relaxation cost          :     69911.35 (Node     0) (Time    270.3)
  Lower bound after cuts        :     69911.35
  End lower bound               :     69911.35
  Deepest level reached         : 0
  Deepest real level reached    : 0
  Number of real nodes solved   : 1
  Stopping condition            : enough nodes explored

Problem identification

  Problem                       : <null>
  Machine                       : oslo1.gerad.lan

Solving process summary

  Linear relaxations            :        1
  Column generation iterations  :      129
  Shortest paths solved         :     7196
  Columns generated             :    73093

Instance characteristics

  Resources                     : 3
  Node types                    : no
  Arc types                     : no
  Strong resource windows       : no
  Weak resource windows         : no
  Resource windows (nodes)      : 3
  Resource values (arcs)        : 3
  Values on nodes               : no

  Rows                          : 1170
  Initial columns               : 528
  Tasks                         : 1008
  Strong tasks                  : 687
  Weak tasks                    : 4
  Initial task constraints      : no
  Nodes                         : 1336
  Arc sets                      : 1
  Arcs                          : 45155
  Networks                      : 2
  Models                        : 1

Memory used per module (Megs)

  Parser (reused)               :      9.210
  Networks                      :     38.990
  Column generator              :     19.011
  Master problem                :     11.129
  -----------------
  Total                         :     69.130

Cpu time per module (seconds)

  Parser                        :        0.0
  Preprocessor                  :        0.0
  Lr solver manager             :        0.1
  Column generator              :      144.9
    (Shortest path)             :      130.4
  Master problem                :      125.2
  -------------------
  Total (without b&b)           :      270.3

Real elapsed time (seconds)

  Parser                        :        0.0
  Preprocessor                  :        0.0
  Lr solver manager             :        0.1
  Column generator              :      145.1
    (Shortest path)             :      130.6
  Master problem                :      125.1
  -------------------
  Total (without b&b)           :      270.3
