
Branch and bound

  Entire solving process        :                           (Time    533.0)
  No feasible solution was found
  Best relaxation cost          :     70997.47 (Node     0) (Time    533.0)
  Lower bound after cuts        :     70997.47
  End lower bound               :     70997.47
  Deepest level reached         : 0
  Deepest real level reached    : 0
  Number of real nodes solved   : 1
  Stopping condition            : enough nodes explored

Problem identification

  Problem                       : <null>
  Machine                       : oslo1.gerad.lan

Solving process summary

  Linear relaxations            :        1
  Column generation iterations  :      139
  Shortest paths solved         :     4551
  Columns generated             :    54591

Instance characteristics

  Resources                     : 3
  Node types                    : no
  Arc types                     : no
  Strong resource windows       : no
  Weak resource windows         : no
  Resource windows (nodes)      : 3
  Resource values (arcs)        : 3
  Values on nodes               : no

  Rows                          : 1170
  Initial columns               : 2
  Tasks                         : 1008
  Strong tasks                  : 1004
  Weak tasks                    : 4
  Initial task constraints      : no
  Nodes                         : 1336
  Arc sets                      : 1
  Arcs                          : 45155
  Networks                      : 2
  Models                        : 1

Memory used per module (Megs)

  Parser (reused)               :      9.210
  Networks                      :     36.447
  Column generator              :     12.593
  Master problem                :     10.940
  -----------------
  Total                         :     59.980

Cpu time per module (seconds)

  Parser                        :        0.0
  Preprocessor                  :        0.0
  Lr solver manager             :        0.2
  Column generator              :      138.7
    (Shortest path)             :      119.7
  Master problem                :      394.1
  -------------------
  Total (without b&b)           :      533.0

Real elapsed time (seconds)

  Parser                        :        0.0
  Preprocessor                  :        0.0
  Lr solver manager             :        0.2
  Column generator              :      138.7
    (Shortest path)             :      119.6
  Master problem                :      394.1
  -------------------
  Total (without b&b)           :      533.0
