Cover_T0 52
Cover_T1 -52
Cover_T2 52
Cover_T3 -52
Cover_T4 52
Cover_T5 -52
Cover_T6 56
Cover_T7 -52
Cover_T8 56
Cover_T9 -48
Cover_T10 56
Cover_T11 -48
Cover_T12 56
Cover_T13 -48
Cover_T14 56
Cover_T15 -44
Cover_T16 58
Cover_T17 -44
Cover_T18 60
Cover_T19 -44
Cover_T20 60
Cover_T21 -42
Cover_T22 52
Cover_T23 -42
Cover_T24 50
Cover_T25 -44
Cover_T26 60
Cover_T27 -30
Cover_T28 54
Cover_T29 -30
Cover_T30 48
Cover_T31 -42
Cover_T32 1042
Cover_T33 948
Cover_T34 1040
Cover_T35 938
Cover_T36 1024
Cover_T37 950
Cover_T38 1012
Cover_T39 -50
Cover_T40 18
Cover_T41 -50
Cover_T42 26
Cover_T43 -18
Cover_T44 48
Cover_T45 8
Cover_T46 16
Cover_T47 0
Cover_T48 0
Cover_T49 -12
Cover_T50 4
Cover_T51 4
Cover_T52 4
Cover_T53 0
Cover_T54 -16
Cover_T55 5.17701e-11
Cover_T56 6
Cover_T57 20
Cover_T58 26
Cover_T59 52
Cover_T60 -6
Cover_T61 18
Cover_T62 38
Cover_T63 -8
Cover_T64 6
Cover_T65 24
Cover_T66 14
Cover_T67 -8
Cover_T68 0
Cover_T69 -10
Cover_T70 -2
Cover_T71 4
Cover_T72 -46
Cover_T73 6
Cover_T74 18
Cover_T75 50
Cover_T76 -6
Cover_T77 52
Cover_T78 -30
Cover_T79 0
Cover_T80 50
Cover_T81 14
Cover_T82 26
Cover_T83 28
Cover_T84 2
Cover_T85 52
Cover_T86 6
Cover_T87 -18
Cover_T88 -26
Cover_T89 4
Cover_T90 -22
Cover_T91 46
Cover_T92 44
Cover_T93 66
Cover_T94 44
Cover_T95 54
Cover_T96 44
Cover_T97 74
Cover_T98 44
Cover_T99 0
Cover_T100 24
Cover_T101 0
Cover_T102 28
Cover_T103 0
Cover_T104 28
Cover_T105 6
Cover_T106 4
Cover_T107 0
Cover_T108 -2
Cover_T109 10
Cover_T110 -34
Cover_T111 34
Cover_T112 0
Cover_T113 28
Cover_T114 14
Cover_T115 50
Cover_T116 4
Cover_T117 70
Cover_T118 2
Cover_T119 30
Cover_T120 0
Cover_T121 16
Cover_T122 1.44839e-10
Cover_T123 22
Cover_T124 -8
Cover_T125 22
Cover_T126 -18
Cover_T127 48
Cover_T128 -8
Cover_T129 54
Cover_T130 -8
Cover_T131 44
Cover_T132 -28
Cover_T133 66
Cover_T134 -10
Cover_T135 44
Cover_T136 -14
Cover_T137 46
Cover_T138 -20
Cover_T139 32
Cover_T140 -22
Cover_T141 32
Cover_T142 -30
Cover_T143 40
Cover_T144 -22
Cover_T145 62
Cover_T146 -36
Cover_T147 54
Cover_T148 -30
Cover_T149 68
Cover_T150 -38
Cover_T151 56
Cover_T152 52
Cover_T153 -52
Cover_T154 52
Cover_T155 -48
Cover_T156 54
Cover_T157 -44
Cover_T158 56
Cover_T159 -44
Cover_T160 52
Cover_T161 -44
Cover_T162 44
Cover_T163 -46
Cover_T164 58
Cover_T165 -42
Cover_T166 52
Cover_T167 -34
Cover_T168 48
Cover_T169 -32
Cover_T170 50
Cover_T171 -30
Cover_T172 50
Cover_T173 -18
Cover_T174 1036
Cover_T175 948
Cover_T176 1038
Cover_T177 950
Cover_T178 1036
Cover_T179 948
Cover_T180 1024
Cover_T181 -38
Cover_T182 42
Cover_T183 -46
Cover_T184 -2
Cover_T185 -18
Cover_T186 50
Cover_T187 20
Cover_T188 14
Cover_T189 -48
Cover_T190 10
Cover_T191 -16
Cover_T192 18
Cover_T193 -2
Cover_T194 -6
Cover_T195 6
Cover_T196 0
Cover_T197 16
Cover_T198 -20
Cover_T199 16
Cover_T200 2
Cover_T201 36
Cover_T202 16
Cover_T203 14
Cover_T204 48
Cover_T205 0
Cover_T206 50
Cover_T207 -38
Cover_T208 18
Cover_T209 -6
Cover_T210 0
Cover_T211 -20
Cover_T212 4
Cover_T213 6
Cover_T214 -12
Cover_T215 6
Cover_T216 -24
Cover_T217 28
Cover_T218 8
Cover_T219 40
Cover_T220 -16
Cover_T221 8
Cover_T222 44
Cover_T223 32
Cover_T224 2.37854e-11
Cover_T225 -38
Cover_T226 4
Cover_T227 -14
Cover_T228 -8
Cover_T229 10
Cover_T230 -32
Cover_T231 12
Cover_T232 -8
Cover_T233 24
Cover_T234 -32
Cover_T235 58
Cover_T236 44
Cover_T237 68
Cover_T238 36
Cover_T239 8
Cover_T240 20
Cover_T241 -4
Cover_T242 2
Cover_T243 20
Cover_T244 0
Cover_T245 8
Cover_T246 8
Cover_T247 20
Cover_T248 -16
Cover_T249 24
Cover_T250 10
Cover_T251 40
Cover_T252 10
Cover_T253 28
Cover_T254 1.31455e-10
Cover_T255 24
Cover_T256 -16
Cover_T257 18
Cover_T258 -18
Cover_T259 20
Cover_T260 -16
Cover_T261 18
Cover_T262 -36
Cover_T263 20
Cover_T264 -48
Cover_T265 18
Cover_T266 -22
Cover_T267 48
Cover_T268 -52
Cover_T269 32
Cover_T270 -8
Cover_T271 64
Cover_T272 -10
Cover_T273 26
Cover_T274 -16
Cover_T275 48
Cover_T276 -20
Cover_T277 24
Cover_T278 -36
Cover_T279 26
Cover_T280 -24
Cover_T281 24
Cover_T282 -36
Cover_T283 50
Cover_T284 -26
Cover_T285 40
Cover_T286 -34
Cover_T287 64
Cover_T288 -32
Cover_T289 60
Cover_T290 -34
Cover_T291 72
Cover_T292 -38
Cover_T293 62
Cover_T294 -48
Cover_T295 64
Cover_T296 -50
Cover_T297 62
Cover_T298 -42
Cover_T299 50
Cover_T300 -42
Cover_T301 60
Cover_T302 -38
Cover_T303 52
Cover_T304 -50
Cover_T305 56
Cover_T306 -28
Cover_T307 50
Cover_T308 -18
Cover_T309 1038
Cover_T310 948
Cover_T311 1042
Cover_T312 950
Cover_T313 1042
Cover_T314 950
Cover_T315 1038
Cover_T316 950
Cover_T317 1020
Cover_T318 948
Cover_T319 992
Cover_T320 -38
Cover_T321 16
Cover_T322 -42
Cover_T323 -2
Cover_T324 -38
Cover_T325 14
Cover_T326 -34
Cover_T327 52
Cover_T328 -14
Cover_T329 30
Cover_T330 0
Cover_T331 10
Cover_T332 20
Cover_T333 8
Cover_T334 -1.018e-11
Cover_T335 0
Cover_T336 -24
Cover_T337 2
Cover_T338 8
Cover_T339 14
Cover_T340 12
Cover_T341 2
Cover_T342 0
Cover_T343 -18
Cover_T344 16
Cover_T345 -42
Cover_T346 -4
Cover_T347 0
Cover_T348 0
Cover_T349 34
Cover_T350 20
Cover_T351 6
Cover_T352 52
Cover_T353 50
Cover_T354 18
Cover_T355 18
Cover_T356 -8
Cover_T357 32
Cover_T358 24
Cover_T359 0
Cover_T360 -8
Cover_T361 0
Cover_T362 -10
Cover_T363 -22
Cover_T364 14
Cover_T365 -22
Cover_T366 10
Cover_T367 22
Cover_T368 20
Cover_T369 0
Cover_T370 52
Cover_T371 -22
Cover_T372 52
Cover_T373 50
Cover_T374 8
Cover_T375 18
Cover_T376 20
Cover_T377 14
Cover_T378 52
Cover_T379 -4
Cover_T380 -26
Cover_T381 -28
Cover_T382 -2
Cover_T383 -52
Cover_T384 0
Cover_T385 -28
Cover_T386 6
Cover_T387 48
Cover_T388 46
Cover_T389 44
Cover_T390 82
Cover_T391 44
Cover_T392 54
Cover_T393 50
Cover_T394 80
Cover_T395 24
Cover_T396 2.6489e-11
Cover_T397 44
Cover_T398 1.0111e-11
Cover_T399 28
Cover_T400 -5.12778e-11
Cover_T401 30
Cover_T402 10
Cover_T403 16
Cover_T404 10
Cover_T405 -22
Cover_T406 14
Cover_T407 6
Cover_T408 40
Cover_T409 14
Cover_T410 30
Cover_T411 8
Cover_T412 50
Cover_T413 10
Cover_T414 70
Cover_T415 1.51458e-10
Cover_T416 30
Cover_T417 2
Cover_T418 16
Cover_T419 3.67211e-10
Cover_T420 22
Cover_T421 -18
Cover_T422 24
Cover_T423 -8
Cover_T424 30
Cover_T425 -50
Cover_T426 40
Cover_T427 -28
Cover_T428 60
Cover_T429 -22
Cover_T430 44
Cover_T431 -10
Cover_T432 68
Cover_T433 -10
Cover_T434 46
Cover_T435 -14
Cover_T436 56
Cover_T437 -22
Cover_T438 42
Cover_T439 -22
Cover_T440 48
Cover_T441 -40
Cover_T442 66
Cover_T443 -42
Cover_T444 60
Cover_T445 -30
Cover_T446 74
Cover_T447 -38
Cover_T448 64
Cover_T449 -48
Cover_T450 66
Cover_T451 12
Cover_T452 4
Cover_T453 14
Cover_T454 6
Cover_T455 16
Cover_T456 6
Cover_T457 8
Cover_T458 4
Cover_T459 18
Cover_T460 34
Cover_T461 12
Cover_T462 996
Cover_T463 1038
Cover_T464 986
Cover_T465 1038
Cover_T466 990
Cover_T467 1020
Cover_T468 994
Cover_T469 1006
Cover_T470 996
Cover_T471 64
Cover_T472 -30
Cover_T473 54
Cover_T474 0
Cover_T475 52
Cover_T476 52
Cover_T477 -14
Cover_T478 66
Cover_T479 48
Cover_T480 48
Cover_T481 88
Cover_T482 68
Cover_T483 58
Cover_T484 88
Cover_T485 74
Cover_T486 0
Cover_T487 40
Cover_T488 -16
Cover_T489 8
Cover_T490 18
Cover_T491 58
Cover_T492 70
Count_D0 -984
Count_D1 -1000
Max_H0_P0 0
Max_H0_P1 0
Max_H0_P2 0
Max_H0_P3 0
Max_H0_P4 0
Max_H0_P5 0
Max_H0_P6 0
Max_H0_P7 0
Max_H0_P8 0
Max_H0_P9 0
Max_H0_P10 0
Max_H0_P11 0
Max_H0_P12 0
Max_H0_P13 0
Max_H0_P14 0
Max_H0_P15 0
Max_H0_P16 8.16861e-12
Max_H0_P17 0
Max_H0_P18 2.71783e-13
Max_H0_P19 0
Max_H0_P20 -9.08581e-12
Max_H0_P21 2.08331e-11
Max_H0_P22 -6.87983e-12
Max_H0_P23 0
Max_H0_P24 2.39808e-12
Max_H0_P25 8.22057e-13
Max_H0_P26 0
Max_H0_P27 0
Max_H0_P28 3.98778e-12
Max_H0_P29 0
Max_H0_P30 0
Max_H0_P31 0
Max_H0_P32 1.2722e-11
Max_H0_P33 -1.50422e-11
Max_H0_P34 1.7098e-11
Max_H0_P35 0
Max_H0_P36 2.24152e-11
Max_H0_P37 0
Max_H0_P38 8.60467e-12
Max_H0_P39 -1.73331e-11
Max_H0_P40 1.27162e-11
Max_H0_P41 1.23266e-11
Max_H0_P42 -3.11493e-11
Max_H0_P43 3.08239e-11
Max_H0_P44 2.46558e-12
Max_H0_P45 0
Max_H0_P46 0
Max_H0_P47 0
Max_H0_P48 0
Max_H0_P49 0
Max_H0_P50 0
Max_H0_P51 0
Max_H0_P52 0
Max_H0_P53 0
Max_H0_P54 0
Max_H0_P55 0
Max_H0_P56 0
Max_H0_P57 0
Max_H0_P58 0
Max_H0_P59 0
Max_H0_P60 0
Max_H0_P61 0
Max_H0_P62 0
Max_H0_P63 0
Max_H0_P64 0
Max_H0_P65 0
Max_H0_P66 0
Max_H0_P67 0
Max_H0_P68 0
Max_H0_P69 0
Max_H0_P70 0
Max_H0_P71 0
Max_H0_P72 0
Max_H0_P73 0
Max_H0_P74 0
Max_H0_P75 0
Max_H0_P76 0
Max_H0_P77 0
Max_H0_P78 -0
Max_H0_P79 0
Max_H0_P80 0
Max_H0_P81 0
Max_H1_P0 0
Max_H1_P1 0
Max_H1_P2 0
Max_H1_P3 0
Max_H1_P4 0
Max_H1_P5 2.44476e-11
Max_H1_P6 0
Max_H1_P7 0
Max_H1_P8 0
Max_H1_P9 0
Max_H1_P10 0
Max_H1_P11 0
Max_H1_P12 0
Max_H1_P13 0
Max_H1_P14 0
Max_H1_P15 0
Max_H1_P16 0
Max_H1_P17 0
Max_H1_P18 -6.71108e-12
Max_H1_P19 0
Max_H1_P20 -2.84217e-12
Max_H1_P21 0
Max_H1_P22 1.54654e-11
Max_H1_P23 0
Max_H1_P24 0
Max_H1_P25 -1.40741e-11
Max_H1_P26 2.57927e-11
Max_H1_P27 -1.11684e-11
Max_H1_P28 0
Max_H1_P29 3.05e-12
Max_H1_P30 1.34062e-11
Max_H1_P31 -4.38249e-12
Max_H1_P32 0
Max_H1_P33 6.42561e-12
Max_H1_P34 0
Max_H1_P35 0
Max_H1_P36 1.89289e-11
Max_H1_P37 4.88498e-12
Max_H1_P38 1.18803e-11
Max_H1_P39 -1.96589e-11
Max_H1_P40 1.28644e-11
Max_H1_P41 0
Max_H1_P42 4.66195e-12
Max_H1_P43 1.64707e-11
Max_H1_P44 0
Max_H1_P45 -4.44977e-12
Max_H1_P46 0
Max_H1_P47 0
Max_H1_P48 0
Max_H1_P49 0
Max_H1_P50 0
Max_H1_P51 0
Max_H1_P52 0
Max_H1_P53 1.4003e-11
Max_H1_P54 0
Max_H1_P55 0
Max_H1_P56 0
Max_H1_P57 0
Max_H1_P58 0
Max_H1_P59 0
Max_H1_P60 -4.3201e-12
Max_H1_P61 3.73914e-11
Max_H1_P62 0
Max_H1_P63 0
Max_H1_P64 0
Max_H1_P65 0
Max_H1_P66 0
Max_H1_P67 0
Max_H1_P68 0
Max_H1_P69 0
Max_H1_P70 0
Max_H1_P71 0
Max_H1_P72 0
Max_H1_P73 0
Max_H1_P74 0
Max_H1_P75 0
Max_H1_P76 0
Max_H1_P77 0
Max_H1_P78 0
Max_H1_P79 0
Max_H1_P80 0
Max_H1_P81 0
