
Branch and bound

  Entire solving process        :                           (Time     49.7)
  No feasible solution was found
  Best relaxation cost          :     39131.59 (Node     0) (Time     49.7)
  Lower bound after cuts        :     39131.59
  End lower bound               :     39131.59
  Deepest level reached         : 0
  Deepest real level reached    : 0
  Number of real nodes solved   : 1
  Stopping condition            : enough nodes explored

Problem identification

  Problem                       : <null>
  Machine                       : oslo5.gerad.lan

Solving process summary

  Linear relaxations            :        1
  Column generation iterations  :      136
  Shortest paths solved         :     2636
  Columns generated             :    23504

Instance characteristics

  Resources                     : 3
  Node types                    : no
  Arc types                     : no
  Strong resource windows       : no
  Weak resource windows         : no
  Resource windows (nodes)      : 3
  Resource values (arcs)        : 3
  Values on nodes               : no

  Rows                          : 659
  Initial columns               : 2
  Tasks                         : 497
  Strong tasks                  : 493
  Weak tasks                    : 4
  Initial task constraints      : no
  Nodes                         : 825
  Arc sets                      : 1
  Arcs                          : 13235
  Networks                      : 2
  Models                        : 1

Memory used per module (Megs)

  Parser (reused)               :      3.035
  Networks                      :     18.768
  Column generator              :      5.086
  Master problem                :      6.653
  -----------------
  Total                         :     30.507

Cpu time per module (seconds)

  Parser                        :        0.0
  Preprocessor                  :        0.0
  Lr solver manager             :        0.1
  Column generator              :        7.5
    (Shortest path)             :        6.7
  Master problem                :       42.1
  -------------------
  Total (without b&b)           :       49.7

Real elapsed time (seconds)

  Parser                        :        0.0
  Preprocessor                  :        0.0
  Lr solver manager             :        0.1
  Column generator              :        7.5
    (Shortest path)             :        6.5
  Master problem                :       42.2
  -------------------
  Total (without b&b)           :       49.7
