
Branch and bound

  Entire solving process        :                           (Time     61.0)
  No feasible solution was found
  Best relaxation cost          :     37936.00 (Node     0) (Time     61.0)
  Lower bound after cuts        :     37936.00
  End lower bound               :     37936.00
  Deepest level reached         : 0
  Deepest real level reached    : 0
  Number of real nodes solved   : 1
  Stopping condition            : enough nodes explored

Problem identification

  Problem                       : <null>
  Machine                       : oslo1.gerad.lan

Solving process summary

  Linear relaxations            :        1
  Column generation iterations  :      122
  Shortest paths solved         :     2514
  Columns generated             :    23805

Instance characteristics

  Resources                     : 3
  Node types                    : no
  Arc types                     : no
  Strong resource windows       : no
  Weak resource windows         : no
  Resource windows (nodes)      : 3
  Resource values (arcs)        : 3
  Values on nodes               : no

  Rows                          : 717
  Initial columns               : 2
  Tasks                         : 555
  Strong tasks                  : 551
  Weak tasks                    : 4
  Initial task constraints      : no
  Nodes                         : 883
  Arc sets                      : 1
  Arcs                          : 15675
  Networks                      : 2
  Models                        : 1

Memory used per module (Megs)

  Parser (reused)               :      3.519
  Networks                      :     20.464
  Column generator              :      6.902
  Master problem                :      7.364
  -----------------
  Total                         :     34.730

Cpu time per module (seconds)

  Parser                        :        0.0
  Preprocessor                  :        0.0
  Lr solver manager             :        0.1
  Column generator              :        9.4
    (Shortest path)             :        7.9
  Master problem                :       51.4
  -------------------
  Total (without b&b)           :       60.9

Real elapsed time (seconds)

  Parser                        :        0.0
  Preprocessor                  :        0.0
  Lr solver manager             :       11.2
  Column generator              :        9.4
    (Shortest path)             :        7.8
  Master problem                :       51.5
  -------------------
  Total (without b&b)           :       72.1
