
Branch and bound

  Entire solving process        :                           (Time     78.1)
  No feasible solution was found
  Best relaxation cost          :     37201.92 (Node     0) (Time     78.1)
  Lower bound after cuts        :     37201.92
  End lower bound               :     37201.92
  Deepest level reached         : 0
  Deepest real level reached    : 0
  Number of real nodes solved   : 1
  Stopping condition            : enough nodes explored

Problem identification

  Problem                       : <null>
  Machine                       : oslo3.gerad.lan

Solving process summary

  Linear relaxations            :        1
  Column generation iterations  :      151
  Shortest paths solved         :     2921
  Columns generated             :    26256

Instance characteristics

  Resources                     : 3
  Node types                    : no
  Arc types                     : no
  Strong resource windows       : no
  Weak resource windows         : no
  Resource windows (nodes)      : 3
  Resource values (arcs)        : 3
  Values on nodes               : no

  Rows                          : 697
  Initial columns               : 2
  Tasks                         : 535
  Strong tasks                  : 531
  Weak tasks                    : 4
  Initial task constraints      : no
  Nodes                         : 863
  Arc sets                      : 1
  Arcs                          : 15155
  Networks                      : 2
  Models                        : 1

Memory used per module (Megs)

  Parser (reused)               :      3.398
  Networks                      :     19.858
  Column generator              :      3.148
  Master problem                :      7.001
  -----------------
  Total                         :     30.008

Cpu time per module (seconds)

  Parser                        :        0.0
  Preprocessor                  :        0.0
  Lr solver manager             :        0.1
  Column generator              :       10.0
    (Shortest path)             :        8.4
  Master problem                :       68.0
  -------------------
  Total (without b&b)           :       78.1

Real elapsed time (seconds)

  Parser                        :        0.0
  Preprocessor                  :        0.0
  Lr solver manager             :        0.1
  Column generator              :        9.9
    (Shortest path)             :        8.3
  Master problem                :       68.1
  -------------------
  Total (without b&b)           :       78.1
