
Branch and bound

  Entire solving process        :                           (Time    461.2)
  No feasible solution was found
  Best relaxation cost          :     68881.17 (Node     0) (Time    452.5)
  Lower bound after cuts        :     68881.17
  End lower bound               :     68884.84
  Deepest level reached         : 0
  Deepest real level reached    : 0
  Number of real nodes solved   : 1
  Stopping condition            : enough nodes explored

Problem identification

  Problem                       : <null>
  Machine                       : oslo4.gerad.lan

Solving process summary

  Linear relaxations            :        1
  Column generation iterations  :      132
  Shortest paths solved         :     6703
  Columns generated             :    74836

Instance characteristics

  Resources                     : 3
  Node types                    : no
  Arc types                     : no
  Strong resource windows       : no
  Weak resource windows         : no
  Resource windows (nodes)      : 3
  Resource values (arcs)        : 3
  Values on nodes               : no

  Rows                          : 1292
  Initial columns               : 520
  Tasks                         : 1130
  Strong tasks                  : 816
  Weak tasks                    : 4
  Initial task constraints      : no
  Nodes                         : 1458
  Arc sets                      : 1
  Arcs                          : 54945
  Networks                      : 2
  Models                        : 1

Memory used per module (Megs)

  Parser (reused)               :     11.148
  Networks                      :     42.864
  Column generator              :     19.979
  Master problem                :     12.808
  -----------------
  Total                         :     75.652

Cpu time per module (seconds)

  Parser                        :        0.0
  Preprocessor                  :        0.0
  Lr solver manager             :        0.0
  Column generator              :      255.3
    (Shortest path)             :      236.2
  Master problem                :      205.6
  -------------------
  Total (without b&b)           :      461.0

Real elapsed time (seconds)

  Parser                        :        0.0
  Preprocessor                  :        0.0
  Lr solver manager             :        0.0
  Column generator              :      255.4
    (Shortest path)             :      235.9
  Master problem                :      205.6
  -------------------
  Total (without b&b)           :      461.0
