
Branch and bound

  Entire solving process        :                           (Time    658.0)
  No feasible solution was found
  Best relaxation cost          :     69229.49 (Node     0) (Time    658.0)
  Lower bound after cuts        :     69229.49
  End lower bound               :     69229.49
  Deepest level reached         : 0
  Deepest real level reached    : 0
  Number of real nodes solved   : 1
  Stopping condition            : enough nodes explored

Problem identification

  Problem                       : <null>
  Machine                       : oslo1.gerad.lan

Solving process summary

  Linear relaxations            :        1
  Column generation iterations  :      154
  Shortest paths solved         :     4961
  Columns generated             :    64837

Instance characteristics

  Resources                     : 3
  Node types                    : no
  Arc types                     : no
  Strong resource windows       : no
  Weak resource windows         : no
  Resource windows (nodes)      : 3
  Resource values (arcs)        : 3
  Values on nodes               : no

  Rows                          : 1292
  Initial columns               : 2
  Tasks                         : 1130
  Strong tasks                  : 1126
  Weak tasks                    : 4
  Initial task constraints      : no
  Nodes                         : 1458
  Arc sets                      : 1
  Arcs                          : 54945
  Networks                      : 2
  Models                        : 1

Memory used per module (Megs)

  Parser (reused)               :     11.148
  Networks                      :     40.080
  Column generator              :     20.221
  Master problem                :     12.475
  -----------------
  Total                         :     72.776

Cpu time per module (seconds)

  Parser                        :        0.0
  Preprocessor                  :        0.0
  Lr solver manager             :        0.2
  Column generator              :      236.9
    (Shortest path)             :      219.4
  Master problem                :      420.9
  -------------------
  Total (without b&b)           :      657.9

Real elapsed time (seconds)

  Parser                        :        0.0
  Preprocessor                  :        0.0
  Lr solver manager             :        0.2
  Column generator              :      236.8
    (Shortest path)             :      218.6
  Master problem                :      421.0
  -------------------
  Total (without b&b)           :      658.0
