
Branch and bound

  Entire solving process        :                           (Time     44.6)
  No feasible solution was found
  Best relaxation cost          :     36765.77 (Node     0) (Time     44.6)
  Lower bound after cuts        :     36765.77
  End lower bound               :     36765.77
  Deepest level reached         : 0
  Deepest real level reached    : 0
  Number of real nodes solved   : 1
  Stopping condition            : enough nodes explored

Problem identification

  Problem                       : <null>
  Machine                       : oslo2.gerad.lan

Solving process summary

  Linear relaxations            :        1
  Column generation iterations  :      107
  Shortest paths solved         :     5566
  Columns generated             :    34264

Instance characteristics

  Resources                     : 3
  Node types                    : no
  Arc types                     : no
  Strong resource windows       : no
  Weak resource windows         : no
  Resource windows (nodes)      : 3
  Resource values (arcs)        : 3
  Values on nodes               : no

  Rows                          : 673
  Initial columns               : 302
  Tasks                         : 511
  Strong tasks                  : 338
  Weak tasks                    : 4
  Initial task constraints      : no
  Nodes                         : 839
  Arc sets                      : 1
  Arcs                          : 14077
  Networks                      : 2
  Models                        : 1

Memory used per module (Megs)

  Parser (reused)               :      3.156
  Networks                      :     21.069
  Column generator              :      4.965
  Master problem                :      7.054
  -----------------
  Total                         :     33.088

Cpu time per module (seconds)

  Parser                        :        0.0
  Preprocessor                  :        0.0
  Lr solver manager             :        0.1
  Column generator              :       13.3
    (Shortest path)             :       11.0
  Master problem                :       31.1
  -------------------
  Total (without b&b)           :       44.6

Real elapsed time (seconds)

  Parser                        :        0.0
  Preprocessor                  :        0.0
  Lr solver manager             :        0.0
  Column generator              :       13.4
    (Shortest path)             :       10.8
  Master problem                :       31.2
  -------------------
  Total (without b&b)           :       44.6
