
Branch and bound

  Entire solving process        :                           (Time     75.6)
  No feasible solution was found
  Best relaxation cost          :     36957.87 (Node     0) (Time     75.6)
  Lower bound after cuts        :     36957.87
  End lower bound               :     36957.87
  Deepest level reached         : 0
  Deepest real level reached    : 0
  Number of real nodes solved   : 1
  Stopping condition            : enough nodes explored

Problem identification

  Problem                       : <null>
  Machine                       : oslo1.gerad.lan

Solving process summary

  Linear relaxations            :        1
  Column generation iterations  :      142
  Shortest paths solved         :     2705
  Columns generated             :    24231

Instance characteristics

  Resources                     : 3
  Node types                    : no
  Arc types                     : no
  Strong resource windows       : no
  Weak resource windows         : no
  Resource windows (nodes)      : 3
  Resource values (arcs)        : 3
  Values on nodes               : no

  Rows                          : 673
  Initial columns               : 2
  Tasks                         : 511
  Strong tasks                  : 507
  Weak tasks                    : 4
  Initial task constraints      : no
  Nodes                         : 839
  Arc sets                      : 1
  Arcs                          : 14077
  Networks                      : 2
  Models                        : 1

Memory used per module (Megs)

  Parser (reused)               :      3.156
  Networks                      :     19.253
  Column generator              :      6.054
  Master problem                :      6.812
  -----------------
  Total                         :     32.119

Cpu time per module (seconds)

  Parser                        :        0.0
  Preprocessor                  :        0.0
  Lr solver manager             :        0.1
  Column generator              :       10.5
    (Shortest path)             :        8.8
  Master problem                :       65.0
  -------------------
  Total (without b&b)           :       75.6

Real elapsed time (seconds)

  Parser                        :        0.0
  Preprocessor                  :        0.0
  Lr solver manager             :        0.0
  Column generator              :       10.4
    (Shortest path)             :        8.8
  Master problem                :       65.1
  -------------------
  Total (without b&b)           :       75.6
