
Branch and bound

  Entire solving process        :                           (Time    325.6)
  No feasible solution was found
  Best relaxation cost          :     57062.42 (Node     0) (Time    325.6)
  Lower bound after cuts        :     57062.42
  End lower bound               :     57062.42
  Deepest level reached         : 0
  Deepest real level reached    : 0
  Number of real nodes solved   : 1
  Stopping condition            : enough nodes explored

Problem identification

  Problem                       : <null>
  Machine                       : oslo5.gerad.lan

Solving process summary

  Linear relaxations            :        1
  Column generation iterations  :      158
  Shortest paths solved         :     7672
  Columns generated             :    58178

Instance characteristics

  Resources                     : 3
  Node types                    : no
  Arc types                     : no
  Strong resource windows       : no
  Weak resource windows         : no
  Resource windows (nodes)      : 3
  Resource values (arcs)        : 3
  Values on nodes               : no

  Rows                          : 977
  Initial columns               : 399
  Tasks                         : 815
  Strong tasks                  : 585
  Weak tasks                    : 4
  Initial task constraints      : no
  Nodes                         : 1143
  Arc sets                      : 1
  Arcs                          : 29930
  Networks                      : 2
  Models                        : 1

Memory used per module (Megs)

  Parser (reused)               :      6.304
  Networks                      :     31.725
  Column generator              :     16.104
  Master problem                :      9.821
  -----------------
  Total                         :     57.650

Cpu time per module (seconds)

  Parser                        :        0.0
  Preprocessor                  :        0.0
  Lr solver manager             :        0.1
  Column generator              :       72.8
    (Shortest path)             :       64.5
  Master problem                :      252.6
  -------------------
  Total (without b&b)           :      325.6

Real elapsed time (seconds)

  Parser                        :        0.0
  Preprocessor                  :        0.0
  Lr solver manager             :        0.1
  Column generator              :       72.7
    (Shortest path)             :       64.9
  Master problem                :      252.7
  -------------------
  Total (without b&b)           :      325.6
