
Branch and bound

  Entire solving process        :                           (Time    120.8)
  No feasible solution was found
  Best relaxation cost          :     42469.33 (Node     0) (Time    120.8)
  Lower bound after cuts        :     42469.33
  End lower bound               :     42469.33
  Deepest level reached         : 0
  Deepest real level reached    : 0
  Number of real nodes solved   : 1
  Stopping condition            : enough nodes explored

Problem identification

  Problem                       : <null>
  Machine                       : oslo3.gerad.lan

Solving process summary

  Linear relaxations            :        1
  Column generation iterations  :      116
  Shortest paths solved         :     6186
  Columns generated             :    44969

Instance characteristics

  Resources                     : 3
  Node types                    : no
  Arc types                     : no
  Strong resource windows       : no
  Weak resource windows         : no
  Resource windows (nodes)      : 3
  Resource values (arcs)        : 3
  Values on nodes               : no

  Rows                          : 923
  Initial columns               : 335
  Tasks                         : 761
  Strong tasks                  : 557
  Weak tasks                    : 4
  Initial task constraints      : no
  Nodes                         : 1089
  Arc sets                      : 1
  Arcs                          : 27267
  Networks                      : 2
  Models                        : 1

Memory used per module (Megs)

  Parser (reused)               :      5.820
  Networks                      :     28.455
  Column generator              :      6.175
  Master problem                :      9.353
  -----------------
  Total                         :     43.983

Cpu time per module (seconds)

  Parser                        :        0.0
  Preprocessor                  :        0.0
  Lr solver manager             :        0.0
  Column generator              :       45.8
    (Shortest path)             :       40.9
  Master problem                :       74.9
  -------------------
  Total (without b&b)           :      120.8

Real elapsed time (seconds)

  Parser                        :        0.0
  Preprocessor                  :        0.0
  Lr solver manager             :        0.1
  Column generator              :       45.9
    (Shortest path)             :       41.0
  Master problem                :       74.9
  -------------------
  Total (without b&b)           :      120.8
