
Branch and bound

  Entire solving process        :                           (Time    833.4)
  No feasible solution was found
  Best relaxation cost          :     71115.47 (Node     0) (Time    833.4)
  Lower bound after cuts        :     71115.47
  End lower bound               :     71115.47
  Deepest level reached         : 0
  Deepest real level reached    : 0
  Number of real nodes solved   : 1
  Stopping condition            : enough nodes explored

Problem identification

  Problem                       : <null>
  Machine                       : oslo4.gerad.lan

Solving process summary

  Linear relaxations            :        1
  Column generation iterations  :      169
  Shortest paths solved         :     4218
  Columns generated             :    47324

Instance characteristics

  Resources                     : 3
  Node types                    : no
  Arc types                     : no
  Strong resource windows       : no
  Weak resource windows         : no
  Resource windows (nodes)      : 3
  Resource values (arcs)        : 3
  Values on nodes               : no

  Rows                          : 1157
  Initial columns               : 2
  Tasks                         : 995
  Strong tasks                  : 991
  Weak tasks                    : 4
  Initial task constraints      : no
  Nodes                         : 1323
  Arc sets                      : 1
  Arcs                          : 43756
  Networks                      : 2
  Models                        : 1

Memory used per module (Megs)

  Parser (reused)               :      8.968
  Networks                      :     35.841
  Column generator              :     11.261
  Master problem                :     11.092
  -----------------
  Total                         :     58.194

Cpu time per module (seconds)

  Parser                        :        0.0
  Preprocessor                  :        0.0
  Lr solver manager             :        0.1
  Column generator              :       75.0
    (Shortest path)             :       63.0
  Master problem                :      758.3
  -------------------
  Total (without b&b)           :      833.4

Real elapsed time (seconds)

  Parser                        :        0.0
  Preprocessor                  :        0.0
  Lr solver manager             :        0.1
  Column generator              :       75.0
    (Shortest path)             :       63.7
  Master problem                :      758.3
  -------------------
  Total (without b&b)           :      833.4
