
Branch and bound

  Entire solving process        :                           (Time    593.9)
  No feasible solution was found
  Best relaxation cost          :     65902.33 (Node     0) (Time    593.9)
  Lower bound after cuts        :     65902.33
  End lower bound               :     65902.33
  Deepest level reached         : 0
  Deepest real level reached    : 0
  Number of real nodes solved   : 1
  Stopping condition            : enough nodes explored

Problem identification

  Problem                       : <null>
  Machine                       : oslo1.gerad.lan

Solving process summary

  Linear relaxations            :        1
  Column generation iterations  :      173
  Shortest paths solved         :     7952
  Columns generated             :    82757

Instance characteristics

  Resources                     : 3
  Node types                    : no
  Arc types                     : no
  Strong resource windows       : no
  Weak resource windows         : no
  Resource windows (nodes)      : 3
  Resource values (arcs)        : 3
  Values on nodes               : no

  Rows                          : 1213
  Initial columns               : 476
  Tasks                         : 1051
  Strong tasks                  : 755
  Weak tasks                    : 4
  Initial task constraints      : no
  Nodes                         : 1379
  Arc sets                      : 1
  Arcs                          : 48381
  Networks                      : 2
  Models                        : 1

Memory used per module (Megs)

  Parser (reused)               :      9.937
  Networks                      :     40.564
  Column generator              :     21.311
  Master problem                :     12.188
  -----------------
  Total                         :     74.063

Cpu time per module (seconds)

  Parser                        :        0.0
  Preprocessor                  :        0.0
  Lr solver manager             :        0.2
  Column generator              :      256.4
    (Shortest path)             :      237.2
  Master problem                :      337.3
  -------------------
  Total (without b&b)           :      593.9

Real elapsed time (seconds)

  Parser                        :        0.0
  Preprocessor                  :        0.0
  Lr solver manager             :        0.1
  Column generator              :      256.4
    (Shortest path)             :      237.3
  Master problem                :      337.3
  -------------------
  Total (without b&b)           :      593.9
