
Branch and bound

  Entire solving process        :                           (Time    112.3)
  No feasible solution was found
  Best relaxation cost          :     49644.19 (Node     0) (Time    112.3)
  Lower bound after cuts        :     49644.19
  End lower bound               :     49644.19
  Deepest level reached         : 0
  Deepest real level reached    : 0
  Number of real nodes solved   : 1
  Stopping condition            : enough nodes explored

Problem identification

  Problem                       : <null>
  Machine                       : oslo2.gerad.lan

Solving process summary

  Linear relaxations            :        1
  Column generation iterations  :      122
  Shortest paths solved         :     4245
  Columns generated             :    41993

Instance characteristics

  Resources                     : 3
  Node types                    : no
  Arc types                     : no
  Strong resource windows       : no
  Weak resource windows         : no
  Resource windows (nodes)      : 3
  Resource values (arcs)        : 3
  Values on nodes               : no

  Rows                          : 855
  Initial columns               : 390
  Tasks                         : 693
  Strong tasks                  : 464
  Weak tasks                    : 4
  Initial task constraints      : no
  Nodes                         : 1021
  Arc sets                      : 1
  Arcs                          : 22962
  Networks                      : 2
  Models                        : 1

Memory used per module (Megs)

  Parser (reused)               :      4.972
  Networks                      :     27.244
  Column generator              :      6.902
  Master problem                :      8.559
  -----------------
  Total                         :     42.705

Cpu time per module (seconds)

  Parser                        :        0.0
  Preprocessor                  :        0.0
  Lr solver manager             :        0.1
  Column generator              :       23.1
    (Shortest path)             :       19.9
  Master problem                :       89.0
  -------------------
  Total (without b&b)           :      112.3

Real elapsed time (seconds)

  Parser                        :        0.0
  Preprocessor                  :        0.0
  Lr solver manager             :        0.1
  Column generator              :       23.1
    (Shortest path)             :       19.9
  Master problem                :       89.2
  -------------------
  Total (without b&b)           :      112.4
