Cover_T0 52
Cover_T1 -52
Cover_T2 52
Cover_T3 -52
Cover_T4 52
Cover_T5 -52
Cover_T6 52
Cover_T7 -52
Cover_T8 52
Cover_T9 -52
Cover_T10 52
Cover_T11 -52
Cover_T12 52
Cover_T13 -52
Cover_T14 64
Cover_T15 -40
Cover_T16 60
Cover_T17 -44
Cover_T18 60
Cover_T19 -28
Cover_T20 68
Cover_T21 -5.06723e-10
Cover_T22 54
Cover_T23 -16
Cover_T24 62
Cover_T25 914
Cover_T26 938
Cover_T27 910
Cover_T28 984
Cover_T29 938
Cover_T30 984
Cover_T31 922
Cover_T32 76
Cover_T33 54
Cover_T34 88
Cover_T35 -24
Cover_T36 42
Cover_T37 -22
Cover_T38 4
Cover_T39 -14
Cover_T40 26
Cover_T41 4
Cover_T42 0
Cover_T43 -22
Cover_T44 46
Cover_T45 4
Cover_T46 2
Cover_T47 -42
Cover_T48 4
Cover_T49 2
Cover_T50 22
Cover_T51 0
Cover_T52 -22
Cover_T53 -18
Cover_T54 40
Cover_T55 26
Cover_T56 4
Cover_T57 -36
Cover_T58 4
Cover_T59 0
Cover_T60 -28
Cover_T61 0
Cover_T62 -28
Cover_T63 24
Cover_T64 52
Cover_T65 48
Cover_T66 28
Cover_T67 28
Cover_T68 8
Cover_T69 52
Cover_T70 0
Cover_T71 -30
Cover_T72 -10
Cover_T73 0
Cover_T74 -2
Cover_T75 14
Cover_T76 -10
Cover_T77 6
Cover_T78 -30
Cover_T79 14
Cover_T80 52
Cover_T81 38
Cover_T82 38
Cover_T83 76
Cover_T84 4
Cover_T85 76
Cover_T86 0
Cover_T87 -2
Cover_T88 32
Cover_T89 20
Cover_T90 8
Cover_T91 46
Cover_T92 2
Cover_T93 8
Cover_T94 4.35589e-11
Cover_T95 32
Cover_T96 24
Cover_T97 44
Cover_T98 -2
Cover_T99 34
Cover_T100 4
Cover_T101 16
Cover_T102 -10
Cover_T103 20
Cover_T104 -4.08908e-11
Cover_T105 24
Cover_T106 -4
Cover_T107 34
Cover_T108 -6
Cover_T109 24
Cover_T110 -10
Cover_T111 8
Cover_T112 -6
Cover_T113 8
Cover_T114 -32
Cover_T115 8
Cover_T116 -28
Cover_T117 36
Cover_T118 -24
Cover_T119 26
Cover_T120 -8
Cover_T121 18
Cover_T122 -6
Cover_T123 48
Cover_T124 -18
Cover_T125 34
Cover_T126 -6
Cover_T127 26
Cover_T128 -6
Cover_T129 38
Cover_T130 -14
Cover_T131 72
Cover_T132 -18
Cover_T133 54
Cover_T134 -14
Cover_T135 40
Cover_T136 -26
Cover_T137 66
Cover_T138 -26
Cover_T139 56
Cover_T140 -40
Cover_T141 52
Cover_T142 -52
Cover_T143 52
Cover_T144 -52
Cover_T145 52
Cover_T146 -40
Cover_T147 52
Cover_T148 -26
Cover_T149 56
Cover_T150 -4
Cover_T151 56
Cover_T152 -24
Cover_T153 38
Cover_T154 898
Cover_T155 944
Cover_T156 922
Cover_T157 996
Cover_T158 906
Cover_T159 996
Cover_T160 934
Cover_T161 88
Cover_T162 44
Cover_T163 64
Cover_T164 -32
Cover_T165 100
Cover_T166 -12
Cover_T167 54
Cover_T168 -30
Cover_T169 8
Cover_T170 -42
Cover_T171 12
Cover_T172 -18
Cover_T173 58
Cover_T174 6
Cover_T175 28
Cover_T176 14
Cover_T177 2
Cover_T178 -12
Cover_T179 48
Cover_T180 14
Cover_T181 4
Cover_T182 -32
Cover_T183 6
Cover_T184 12
Cover_T185 24
Cover_T186 10
Cover_T187 -20
Cover_T188 -8
Cover_T189 42
Cover_T190 36
Cover_T191 6
Cover_T192 -26
Cover_T193 6
Cover_T194 10
Cover_T195 -26
Cover_T196 10
Cover_T197 -26
Cover_T198 42
Cover_T199 36
Cover_T200 42
Cover_T201 12
Cover_T202 -20
Cover_T203 -10
Cover_T204 0
Cover_T205 -34
Cover_T206 10
Cover_T207 -6
Cover_T208 20
Cover_T209 6
Cover_T210 44
Cover_T211 -18
Cover_T212 16
Cover_T213 -52
Cover_T214 34
Cover_T215 34
Cover_T216 68
Cover_T217 0
Cover_T218 0
Cover_T219 24
Cover_T220 32
Cover_T221 4
Cover_T222 58
Cover_T223 0
Cover_T224 20
Cover_T225 0
Cover_T226 44
Cover_T227 14
Cover_T228 42
Cover_T229 16
Cover_T230 52
Cover_T231 -3.7361e-10
Cover_T232 6
Cover_T233 -14
Cover_T234 8
Cover_T235 -4
Cover_T236 24
Cover_T237 -4
Cover_T238 26
Cover_T239 -6
Cover_T240 8
Cover_T241 -6
Cover_T242 10
Cover_T243 -22
Cover_T244 6
Cover_T245 -6
Cover_T246 20
Cover_T247 -38
Cover_T248 52
Cover_T249 -18
Cover_T250 28
Cover_T251 -42
Cover_T252 56
Cover_T253 -18
Cover_T254 36
Cover_T255 -8
Cover_T256 60
Cover_T257 -32
Cover_T258 36
Cover_T259 -34
Cover_T260 22
Cover_T261 -18
Cover_T262 52
Cover_T263 -18
Cover_T264 50
Cover_T265 -14
Cover_T266 44
Cover_T267 -24
Cover_T268 30
Cover_T269 -42
Cover_T270 36
Cover_T271 -36
Cover_T272 50
Cover_T273 -36
Cover_T274 50
Cover_T275 -26
Cover_T276 64
Cover_T277 -36
Cover_T278 66
Cover_T279 -40
Cover_T280 60
Cover_T281 64
Cover_T282 -40
Cover_T283 68
Cover_T284 -26
Cover_T285 64
Cover_T286 -6
Cover_T287 54
Cover_T288 912
Cover_T289 952
Cover_T290 916
Cover_T291 1016
Cover_T292 936
Cover_T293 1006
Cover_T294 920
Cover_T295 1006
Cover_T296 948
Cover_T297 92
Cover_T298 54
Cover_T299 68
Cover_T300 -22
Cover_T301 22
Cover_T302 -44
Cover_T303 26
Cover_T304 -24
Cover_T305 0
Cover_T306 -40
Cover_T307 50
Cover_T308 -20
Cover_T309 30
Cover_T310 5.69393e-11
Cover_T311 8
Cover_T312 -6
Cover_T313 2
Cover_T314 14
Cover_T315 0
Cover_T316 -36
Cover_T317 52
Cover_T318 -16
Cover_T319 32
Cover_T320 0
Cover_T321 12
Cover_T322 6
Cover_T323 -8
Cover_T324 8
Cover_T325 12
Cover_T326 -32
Cover_T327 42
Cover_T328 -4.59723e-11
Cover_T329 10
Cover_T330 32
Cover_T331 -22
Cover_T332 18
Cover_T333 52
Cover_T334 -12
Cover_T335 20
Cover_T336 20
Cover_T337 -4
Cover_T338 52
Cover_T339 8
Cover_T340 -16
Cover_T341 -24
Cover_T342 20
Cover_T343 -24
Cover_T344 20
Cover_T345 38
Cover_T346 52
Cover_T347 9.93339e-12
Cover_T348 52
Cover_T349 -16
Cover_T350 -10
Cover_T351 -2
Cover_T352 2
Cover_T353 2
Cover_T354 20
Cover_T355 -30
Cover_T356 52
Cover_T357 -38
Cover_T358 38
Cover_T359 46
Cover_T360 20
Cover_T361 36
Cover_T362 56
Cover_T363 16
Cover_T364 62
Cover_T365 6
Cover_T366 76
Cover_T367 50
Cover_T368 -2
Cover_T369 32
Cover_T370 14
Cover_T371 0
Cover_T372 48
Cover_T373 2.84928e-12
Cover_T374 18
Cover_T375 18
Cover_T376 54
Cover_T377 14
Cover_T378 50
Cover_T379 14
Cover_T380 44
Cover_T381 4
Cover_T382 16
Cover_T383 -16
Cover_T384 12
Cover_T385 -9.46443e-11
Cover_T386 24
Cover_T387 -18
Cover_T388 16
Cover_T389 -3.95435e-11
Cover_T390 16
Cover_T391 -4
Cover_T392 40
Cover_T393 -4
Cover_T394 22
Cover_T395 -6
Cover_T396 8
Cover_T397 -6
Cover_T398 8
Cover_T399 -18
Cover_T400 12
Cover_T401 -14
Cover_T402 14
Cover_T403 -10
Cover_T404 46
Cover_T405 -6
Cover_T406 50
Cover_T407 -16
Cover_T408 46
Cover_T409 -40
Cover_T410 54
Cover_T411 -6
Cover_T412 52
Cover_T413 -14
Cover_T414 74
Cover_T415 -14
Cover_T416 32
Cover_T417 -14
Cover_T418 66
Cover_T419 -26
Cover_T420 78
Cover_T421 -26
Cover_T422 70
Cover_T423 -36
Cover_T424 52
Cover_T425 48
Cover_T426 8
Cover_T427 22
Cover_T428 12
Cover_T429 58
Cover_T430 964
Cover_T431 24
Cover_T432 970
Cover_T433 900
Cover_T434 990
Cover_T435 1016
Cover_T436 958
Cover_T437 66
Cover_T438 984
Cover_T439 54
Cover_T440 100
Cover_T441 78
Cover_T442 -20
Cover_T443 58
Cover_T444 12
Cover_T445 52
Cover_T446 62
Cover_T447 62
Cover_T448 66
Cover_T449 44
Cover_T450 80
Cover_T451 0
Cover_T452 2
Cover_T453 0
Cover_T454 12
Cover_T455 34
Cover_T456 60
Cover_T457 76
Cover_T458 50
Cover_T459 40
Cover_T460 22
Cover_T461 42
Cover_T462 12
Cover_T463 44
Cover_T464 52
Count_D0 -984
Count_D1 -1000
Max_H0_P0 0
Max_H0_P1 0
Max_H0_P2 0
Max_H0_P3 0
Max_H0_P4 0
Max_H0_P5 0
Max_H0_P6 0
Max_H0_P7 0
Max_H0_P8 0
Max_H0_P9 0
Max_H0_P10 0
Max_H0_P11 0
Max_H0_P12 0
Max_H0_P13 0
Max_H0_P14 0
Max_H0_P15 0
Max_H0_P16 0
Max_H0_P17 0
Max_H0_P18 0
Max_H0_P19 -4.02377e-11
Max_H0_P20 -1.34492e-11
Max_H0_P21 0
Max_H0_P22 -5.07225e-12
Max_H0_P23 0
Max_H0_P24 0
Max_H0_P25 -3.09414e-12
Max_H0_P26 -1.45756e-11
Max_H0_P27 3.084e-11
Max_H0_P28 -9.61209e-12
Max_H0_P29 0
Max_H0_P30 4.18754e-12
Max_H0_P31 1.9833e-12
Max_H0_P32 -8.27693e-12
Max_H0_P33 0
Max_H0_P34 -3.06387e-12
Max_H0_P35 -5.62039e-12
Max_H0_P36 8.40944e-12
Max_H0_P37 1.61492e-11
Max_H0_P38 -2.50134e-11
Max_H0_P39 -1.93989e-11
Max_H0_P40 -7.17717e-12
Max_H0_P41 0
Max_H0_P42 0
Max_H0_P43 0
Max_H0_P44 0
Max_H0_P45 0
Max_H0_P46 0
Max_H0_P47 0
Max_H0_P48 0
Max_H0_P49 0
Max_H0_P50 0
Max_H0_P51 0
Max_H0_P52 0
Max_H0_P53 0
Max_H0_P54 0
Max_H0_P55 0
Max_H0_P56 0
Max_H0_P57 0
Max_H0_P58 0
Max_H0_P59 0
Max_H0_P60 0
Max_H0_P61 0
Max_H0_P62 0
Max_H0_P63 0
Max_H0_P64 0
Max_H0_P65 0
Max_H0_P66 0
Max_H0_P67 0
Max_H0_P68 0
Max_H0_P69 0
Max_H0_P70 0
Max_H0_P71 0
Max_H0_P72 0
Max_H0_P73 0
Max_H0_P74 0
Max_H0_P75 0
Max_H0_P76 0
Max_H0_P77 0
Max_H0_P78 0
Max_H0_P79 0
Max_H0_P80 0
Max_H0_P81 0
Max_H1_P0 0
Max_H1_P1 0
Max_H1_P2 0
Max_H1_P3 0
Max_H1_P4 0
Max_H1_P5 1.42464e-12
Max_H1_P6 -6.34515e-12
Max_H1_P7 0
Max_H1_P8 0
Max_H1_P9 0
Max_H1_P10 0
Max_H1_P11 0
Max_H1_P12 0
Max_H1_P13 0
Max_H1_P14 0
Max_H1_P15 -4.86722e-12
Max_H1_P16 7.44116e-12
Max_H1_P17 -9.47908e-12
Max_H1_P18 -3.70086e-11
Max_H1_P19 8.35598e-12
Max_H1_P20 -3.53084e-11
Max_H1_P21 0
Max_H1_P22 1.25544e-11
Max_H1_P23 -1.64349e-11
Max_H1_P24 1.05129e-11
Max_H1_P25 0
Max_H1_P26 -1.51394e-11
Max_H1_P27 2.12452e-11
Max_H1_P28 5.46563e-13
Max_H1_P29 -1.74083e-11
Max_H1_P30 -3.12653e-12
Max_H1_P31 2.01187e-12
Max_H1_P32 -7.16227e-12
Max_H1_P33 -1.76623e-11
Max_H1_P34 4.92939e-12
Max_H1_P35 7.85372e-13
Max_H1_P36 0
Max_H1_P37 1.903e-12
Max_H1_P38 -1.04983e-11
Max_H1_P39 -1.49161e-11
Max_H1_P40 0
Max_H1_P41 -1.92452e-11
Max_H1_P42 0
Max_H1_P43 0
Max_H1_P44 0
Max_H1_P45 0
Max_H1_P46 0
Max_H1_P47 0
Max_H1_P48 0
Max_H1_P49 0
Max_H1_P50 0
Max_H1_P51 0
Max_H1_P52 0
Max_H1_P53 0
Max_H1_P54 0
Max_H1_P55 2.89386e-11
Max_H1_P56 0
Max_H1_P57 0
Max_H1_P58 1.6618e-12
Max_H1_P59 0
Max_H1_P60 0
Max_H1_P61 1.4606e-11
Max_H1_P62 9.52127e-12
Max_H1_P63 0
Max_H1_P64 0
Max_H1_P65 0
Max_H1_P66 0
Max_H1_P67 0
Max_H1_P68 0
Max_H1_P69 0
Max_H1_P70 0
Max_H1_P71 0
Max_H1_P72 0
Max_H1_P73 0
Max_H1_P74 0
Max_H1_P75 0
Max_H1_P76 3.03282e-11
Max_H1_P77 -6.7736e-11
Max_H1_P78 0
Max_H1_P79 0
Max_H1_P80 4.21805e-11
Max_H1_P81 0
