
Branch and bound

  Entire solving process        :                           (Time     87.5)
  No feasible solution was found
  Best relaxation cost          :     34851.88 (Node     0) (Time     87.5)
  Lower bound after cuts        :     34851.88
  End lower bound               :     34851.88
  Deepest level reached         : 0
  Deepest real level reached    : 0
  Number of real nodes solved   : 1
  Stopping condition            : enough nodes explored

Problem identification

  Problem                       : <null>
  Machine                       : oslo1.gerad.lan

Solving process summary

  Linear relaxations            :        1
  Column generation iterations  :      152
  Shortest paths solved         :     2630
  Columns generated             :    22698

Instance characteristics

  Resources                     : 3
  Node types                    : no
  Arc types                     : no
  Strong resource windows       : no
  Weak resource windows         : no
  Resource windows (nodes)      : 3
  Resource values (arcs)        : 3
  Values on nodes               : no

  Rows                          : 631
  Initial columns               : 2
  Tasks                         : 469
  Strong tasks                  : 465
  Weak tasks                    : 4
  Initial task constraints      : no
  Nodes                         : 797
  Arc sets                      : 1
  Arcs                          : 12214
  Networks                      : 2
  Models                        : 1

Memory used per module (Megs)

  Parser (reused)               :      2.793
  Networks                      :     17.557
  Column generator              :      3.027
  Master problem                :      6.328
  -----------------
  Total                         :     26.913

Cpu time per module (seconds)

  Parser                        :        0.0
  Preprocessor                  :        0.0
  Lr solver manager             :        0.1
  Column generator              :        8.5
    (Shortest path)             :        6.6
  Master problem                :       78.9
  -------------------
  Total (without b&b)           :       87.5

Real elapsed time (seconds)

  Parser                        :        0.0
  Preprocessor                  :        0.0
  Lr solver manager             :        0.0
  Column generator              :        8.5
    (Shortest path)             :        6.6
  Master problem                :       79.0
  -------------------
  Total (without b&b)           :       87.5
