
Branch and bound

  Entire solving process        :                           (Time     36.8)
  No feasible solution was found
  Best relaxation cost          :     33667.79 (Node     0) (Time     36.8)
  Lower bound after cuts        :     33667.79
  End lower bound               :     33667.79
  Deepest level reached         : 0
  Deepest real level reached    : 0
  Number of real nodes solved   : 1
  Stopping condition            : enough nodes explored

Problem identification

  Problem                       : <null>
  Machine                       : oslo4.gerad.lan

Solving process summary

  Linear relaxations            :        1
  Column generation iterations  :       99
  Shortest paths solved         :     6298
  Columns generated             :    28313

Instance characteristics

  Resources                     : 3
  Node types                    : no
  Arc types                     : no
  Strong resource windows       : no
  Weak resource windows         : no
  Resource windows (nodes)      : 3
  Resource values (arcs)        : 3
  Values on nodes               : no

  Rows                          : 631
  Initial columns               : 303
  Tasks                         : 469
  Strong tasks                  : 297
  Weak tasks                    : 4
  Initial task constraints      : no
  Nodes                         : 797
  Arc sets                      : 1
  Arcs                          : 12214
  Networks                      : 2
  Models                        : 1

Memory used per module (Megs)

  Parser (reused)               :      2.793
  Networks                      :     18.284
  Column generator              :      3.148
  Master problem                :      6.525
  -----------------
  Total                         :     27.957

Cpu time per module (seconds)

  Parser                        :        0.0
  Preprocessor                  :        0.0
  Lr solver manager             :        0.0
  Column generator              :       11.0
    (Shortest path)             :        9.1
  Master problem                :       25.8
  -------------------
  Total (without b&b)           :       36.8

Real elapsed time (seconds)

  Parser                        :        0.0
  Preprocessor                  :        0.0
  Lr solver manager             :        0.1
  Column generator              :       11.1
    (Shortest path)             :        9.1
  Master problem                :       25.7
  -------------------
  Total (without b&b)           :       36.8
