
Branch and bound

  Entire solving process        :                           (Time    896.9)
  No feasible solution was found
  Best relaxation cost          :     64797.68 (Node     0) (Time    896.8)
  Lower bound after cuts        :     64797.68
  End lower bound               :     64797.68
  Deepest level reached         : 0
  Deepest real level reached    : 0
  Number of real nodes solved   : 1
  Stopping condition            : enough nodes explored

Problem identification

  Problem                       : <null>
  Machine                       : oslo2.gerad.lan

Solving process summary

  Linear relaxations            :        1
  Column generation iterations  :      185
  Shortest paths solved         :     9681
  Columns generated             :    75643

Instance characteristics

  Resources                     : 3
  Node types                    : no
  Arc types                     : no
  Strong resource windows       : no
  Weak resource windows         : no
  Resource windows (nodes)      : 3
  Resource values (arcs)        : 3
  Values on nodes               : no

  Rows                          : 1179
  Initial columns               : 529
  Tasks                         : 1017
  Strong tasks                  : 697
  Weak tasks                    : 4
  Initial task constraints      : no
  Nodes                         : 1345
  Arc sets                      : 1
  Arcs                          : 46005
  Networks                      : 2
  Models                        : 1

Memory used per module (Megs)

  Parser (reused)               :      9.452
  Networks                      :     39.474
  Column generator              :     20.464
  Master problem                :     11.462
  -----------------
  Total                         :     71.400

Cpu time per module (seconds)

  Parser                        :        0.0
  Preprocessor                  :        0.0
  Lr solver manager             :        0.2
  Column generator              :      290.4
    (Shortest path)             :      260.1
  Master problem                :      606.2
  -------------------
  Total (without b&b)           :      896.8

Real elapsed time (seconds)

  Parser                        :        0.0
  Preprocessor                  :        0.0
  Lr solver manager             :        0.2
  Column generator              :      290.7
    (Shortest path)             :      260.5
  Master problem                :      607.3
  -------------------
  Total (without b&b)           :      898.2
