
Branch and bound

  Entire solving process        :                           (Time     74.6)
  No feasible solution was found
  Best relaxation cost          :     33725.94 (Node     0) (Time     74.6)
  Lower bound after cuts        :     33725.94
  End lower bound               :     33725.94
  Deepest level reached         : 0
  Deepest real level reached    : 0
  Number of real nodes solved   : 1
  Stopping condition            : enough nodes explored

Problem identification

  Problem                       : <null>
  Machine                       : oslo4.gerad.lan

Solving process summary

  Linear relaxations            :        1
  Column generation iterations  :      155
  Shortest paths solved         :     2567
  Columns generated             :    24351

Instance characteristics

  Resources                     : 3
  Node types                    : no
  Arc types                     : no
  Strong resource windows       : no
  Weak resource windows         : no
  Resource windows (nodes)      : 3
  Resource values (arcs)        : 3
  Values on nodes               : no

  Rows                          : 656
  Initial columns               : 2
  Tasks                         : 494
  Strong tasks                  : 490
  Weak tasks                    : 4
  Initial task constraints      : no
  Nodes                         : 822
  Arc sets                      : 1
  Arcs                          : 13120
  Networks                      : 2
  Models                        : 1

Memory used per module (Megs)

  Parser (reused)               :      3.035
  Networks                      :     18.647
  Column generator              :      5.207
  Master problem                :      6.752
  -----------------
  Total                         :     30.606

Cpu time per module (seconds)

  Parser                        :        0.0
  Preprocessor                  :        0.0
  Lr solver manager             :        0.0
  Column generator              :        8.1
    (Shortest path)             :        7.1
  Master problem                :       66.4
  -------------------
  Total (without b&b)           :       74.6

Real elapsed time (seconds)

  Parser                        :        0.0
  Preprocessor                  :        0.0
  Lr solver manager             :        0.1
  Column generator              :        8.2
    (Shortest path)             :        7.1
  Master problem                :       66.3
  -------------------
  Total (without b&b)           :       74.6
