Cover_T0 54
Cover_T1 -52
Cover_T2 54
Cover_T3 -50
Cover_T4 54
Cover_T5 -50
Cover_T6 54
Cover_T7 -50
Cover_T8 54
Cover_T9 -50
Cover_T10 54
Cover_T11 -50
Cover_T12 54
Cover_T13 -48
Cover_T14 52
Cover_T15 -48
Cover_T16 56
Cover_T17 -42
Cover_T18 58
Cover_T19 -42
Cover_T20 58
Cover_T21 -44
Cover_T22 58
Cover_T23 -36
Cover_T24 52
Cover_T25 -14
Cover_T26 58
Cover_T27 -34
Cover_T28 52
Cover_T29 6
Cover_T30 68
Cover_T31 38
Cover_T32 26
Cover_T33 12
Cover_T34 1030
Cover_T35 978
Cover_T36 1040
Cover_T37 962
Cover_T38 992
Cover_T39 970
Cover_T40 970
Cover_T41 988
Cover_T42 988
Cover_T43 -6.69349e-11
Cover_T44 34
Cover_T45 2
Cover_T46 10
Cover_T47 -3.01865e-10
Cover_T48 12
Cover_T49 6
Cover_T50 4
Cover_T51 12
Cover_T52 10
Cover_T53 20
Cover_T54 8
Cover_T55 0
Cover_T56 -6
Cover_T57 -4
Cover_T58 12
Cover_T59 0
Cover_T60 10
Cover_T61 14
Cover_T62 12
Cover_T63 -1.87015e-10
Cover_T64 1.2729e-10
Cover_T65 10
Cover_T66 4
Cover_T67 -8
Cover_T68 0
Cover_T69 8
Cover_T70 10
Cover_T71 8
Cover_T72 12
Cover_T73 1.17666e-11
Cover_T74 -12
Cover_T75 24
Cover_T76 -36
Cover_T77 12
Cover_T78 0
Cover_T79 12
Cover_T80 8
Cover_T81 40
Cover_T82 -2
Cover_T83 8
Cover_T84 -30
Cover_T85 0
Cover_T86 6
Cover_T87 10
Cover_T88 8
Cover_T89 38
Cover_T90 8
Cover_T91 2
Cover_T92 4
Cover_T93 0
Cover_T94 -0
Cover_T95 -2.04524e-10
Cover_T96 8
Cover_T97 4
Cover_T98 8
Cover_T99 10
Cover_T100 -8
Cover_T101 2
Cover_T102 -4.46789e-11
Cover_T103 2
Cover_T104 4
Cover_T105 22
Cover_T106 -4
Cover_T107 22
Cover_T108 6
Cover_T109 0
Cover_T110 10
Cover_T111 22
Cover_T112 2
Cover_T113 26
Cover_T114 4
Cover_T115 20
Cover_T116 8
Cover_T117 22
Cover_T118 -6
Cover_T119 28
Cover_T120 -8
Cover_T121 24
Cover_T122 -16
Cover_T123 30
Cover_T124 -16
Cover_T125 34
Cover_T126 -8
Cover_T127 36
Cover_T128 -24
Cover_T129 38
Cover_T130 -26
Cover_T131 26
Cover_T132 -20
Cover_T133 30
Cover_T134 -20
Cover_T135 32
Cover_T136 -24
Cover_T137 56
Cover_T138 -24
Cover_T139 24
Cover_T140 -24
Cover_T141 28
Cover_T142 -32
Cover_T143 32
Cover_T144 -28
Cover_T145 32
Cover_T146 -24
Cover_T147 44
Cover_T148 -24
Cover_T149 52
Cover_T150 -24
Cover_T151 56
Cover_T152 -24
Cover_T153 62
Cover_T154 -28
Cover_T155 46
Cover_T156 -36
Cover_T157 46
Cover_T158 -28
Cover_T159 46
Cover_T160 -34
Cover_T161 64
Cover_T162 -34
Cover_T163 50
Cover_T164 -36
Cover_T165 52
Cover_T166 54
Cover_T167 -50
Cover_T168 52
Cover_T169 -50
Cover_T170 50
Cover_T171 -48
Cover_T172 54
Cover_T173 -48
Cover_T174 58
Cover_T175 -44
Cover_T176 50
Cover_T177 -40
Cover_T178 56
Cover_T179 -22
Cover_T180 60
Cover_T181 -34
Cover_T182 48
Cover_T183 2
Cover_T184 38
Cover_T185 24
Cover_T186 38
Cover_T187 18
Cover_T188 1034
Cover_T189 974
Cover_T190 1004
Cover_T191 970
Cover_T192 956
Cover_T193 982
Cover_T194 982
Cover_T195 0
Cover_T196 28
Cover_T197 2
Cover_T198 6
Cover_T199 -3.03011e-10
Cover_T200 -5.89822e-11
Cover_T201 6
Cover_T202 -8
Cover_T203 12
Cover_T204 -10
Cover_T205 20
Cover_T206 -2
Cover_T207 20
Cover_T208 12
Cover_T209 20
Cover_T210 -12
Cover_T211 12
Cover_T212 10
Cover_T213 -2
Cover_T214 12
Cover_T215 22
Cover_T216 0
Cover_T217 4
Cover_T218 12
Cover_T219 6
Cover_T220 0
Cover_T221 4
Cover_T222 -4
Cover_T223 8
Cover_T224 -3.10791e-11
Cover_T225 0
Cover_T226 0
Cover_T227 4
Cover_T228 -10
Cover_T229 4
Cover_T230 12
Cover_T231 10
Cover_T232 4
Cover_T233 34
Cover_T234 -1.11726e-10
Cover_T235 -1.86416e-10
Cover_T236 -6
Cover_T237 6
Cover_T238 -30
Cover_T239 10
Cover_T240 10
Cover_T241 18
Cover_T242 12
Cover_T243 46
Cover_T244 12
Cover_T245 10
Cover_T246 8
Cover_T247 8
Cover_T248 4
Cover_T249 8
Cover_T250 12
Cover_T251 12
Cover_T252 12
Cover_T253 18
Cover_T254 -4
Cover_T255 10
Cover_T256 4
Cover_T257 10
Cover_T258 4
Cover_T259 26
Cover_T260 8
Cover_T261 20
Cover_T262 0
Cover_T263 16
Cover_T264 -2
Cover_T265 14
Cover_T266 8
Cover_T267 8
Cover_T268 0
Cover_T269 8
Cover_T270 4
Cover_T271 22
Cover_T272 1.07326e-10
Cover_T273 20
Cover_T274 -10
Cover_T275 16
Cover_T276 -32
Cover_T277 30
Cover_T278 -8
Cover_T279 44
Cover_T280 -20
Cover_T281 24
Cover_T282 -38
Cover_T283 32
Cover_T284 -20
Cover_T285 46
Cover_T286 -24
Cover_T287 42
Cover_T288 -32
Cover_T289 24
Cover_T290 -28
Cover_T291 34
Cover_T292 -32
Cover_T293 42
Cover_T294 -24
Cover_T295 38
Cover_T296 -48
Cover_T297 40
Cover_T298 -36
Cover_T299 28
Cover_T300 -24
Cover_T301 48
Cover_T302 -40
Cover_T303 36
Cover_T304 -24
Cover_T305 28
Cover_T306 -38
Cover_T307 48
Cover_T308 -28
Cover_T309 36
Cover_T310 -24
Cover_T311 54
Cover_T312 -28
Cover_T313 50
Cover_T314 -28
Cover_T315 44
Cover_T316 -28
Cover_T317 46
Cover_T318 -34
Cover_T319 50
Cover_T320 -34
Cover_T321 52
Cover_T322 -48
Cover_T323 68
Cover_T324 -36
Cover_T325 62
Cover_T326 -50
Cover_T327 54
Cover_T328 62
Cover_T329 -40
Cover_T330 60
Cover_T331 -40
Cover_T332 58
Cover_T333 -10
Cover_T334 60
Cover_T335 -34
Cover_T336 44
Cover_T337 6
Cover_T338 76
Cover_T339 34
Cover_T340 48
Cover_T341 18
Cover_T342 1010
Cover_T343 958
Cover_T344 1032
Cover_T345 986
Cover_T346 998
Cover_T347 968
Cover_T348 968
Cover_T349 988
Cover_T350 986
Cover_T351 4
Cover_T352 30
Cover_T353 6
Cover_T354 12
Cover_T355 4
Cover_T356 4
Cover_T357 -8
Cover_T358 12
Cover_T359 0
Cover_T360 10
Cover_T361 0
Cover_T362 2
Cover_T363 20
Cover_T364 -18
Cover_T365 16
Cover_T366 8
Cover_T367 4
Cover_T368 12
Cover_T369 -1.8332e-12
Cover_T370 -6
Cover_T371 6
Cover_T372 4
Cover_T373 26
Cover_T374 8
Cover_T375 -1.74488e-10
Cover_T376 4
Cover_T377 -6
Cover_T378 8
Cover_T379 -3.89804e-11
Cover_T380 0
Cover_T381 4
Cover_T382 -6.6688e-11
Cover_T383 -1.20016e-10
Cover_T384 -20
Cover_T385 4
Cover_T386 -6
Cover_T387 4
Cover_T388 -4
Cover_T389 16
Cover_T390 -28
Cover_T391 20
Cover_T392 6
Cover_T393 8
Cover_T394 0
Cover_T395 6
Cover_T396 -10
Cover_T397 42
Cover_T398 -28
Cover_T399 2
Cover_T400 0
Cover_T401 18
Cover_T402 -4
Cover_T403 28
Cover_T404 1.6079e-10
Cover_T405 52
Cover_T406 0
Cover_T407 12
Cover_T408 -1.22213e-12
Cover_T409 6
Cover_T410 12
Cover_T411 2
Cover_T412 0
Cover_T413 4
Cover_T414 -8
Cover_T415 4
Cover_T416 -20
Cover_T417 -8
Cover_T418 -8
Cover_T419 4
Cover_T420 0
Cover_T421 12
Cover_T422 4
Cover_T423 24
Cover_T424 6
Cover_T425 8
Cover_T426 10
Cover_T427 0
Cover_T428 -10
Cover_T429 24
Cover_T430 10
Cover_T431 16
Cover_T432 10
Cover_T433 16
Cover_T434 0
Cover_T435 16
Cover_T436 0
Cover_T437 42
Cover_T438 6
Cover_T439 8
Cover_T440 -1.2929e-10
Cover_T441 28
Cover_T442 -2
Cover_T443 28
Cover_T444 -2
Cover_T445 28
Cover_T446 -8
Cover_T447 30
Cover_T448 -8
Cover_T449 38
Cover_T450 -8
Cover_T451 40
Cover_T452 -22
Cover_T453 40
Cover_T454 -16
Cover_T455 32
Cover_T456 -20
Cover_T457 40
Cover_T458 -20
Cover_T459 46
Cover_T460 -36
Cover_T461 24
Cover_T462 -24
Cover_T463 24
Cover_T464 -28
Cover_T465 44
Cover_T466 -32
Cover_T467 32
Cover_T468 -28
Cover_T469 32
Cover_T470 -24
Cover_T471 28
Cover_T472 -42
Cover_T473 56
Cover_T474 -24
Cover_T475 52
Cover_T476 -24
Cover_T477 46
Cover_T478 -40
Cover_T479 64
Cover_T480 -28
Cover_T481 42
Cover_T482 -28
Cover_T483 52
Cover_T484 -46
Cover_T485 54
Cover_T486 -42
Cover_T487 58
Cover_T488 -36
Cover_T489 66
Cover_T490 -36
Cover_T491 68
Cover_T492 -50
Cover_T493 34
Cover_T494 6
Cover_T495 14
Cover_T496 2
Cover_T497 42
Cover_T498 44
Cover_T499 16
Cover_T500 0
Cover_T501 24
Cover_T502 56
Cover_T503 12
Cover_T504 52
Cover_T505 1016
Cover_T506 1022
Cover_T507 1074
Cover_T508 1020
Cover_T509 1014
Cover_T510 1030
Cover_T511 1020
Cover_T512 0
Cover_T513 20
Cover_T514 -2
Cover_T515 54
Cover_T516 1.21645e-10
Cover_T517 18
Cover_T518 54
Cover_T519 -20
Cover_T520 56
Cover_T521 0
Cover_T522 12
Cover_T523 -24
Cover_T524 44
Cover_T525 0
Cover_T526 70
Cover_T527 56
Cover_T528 34
Cover_T529 36
Cover_T530 42
Cover_T531 46
Cover_T532 62
Cover_T533 18
Cover_T534 44
Cover_T535 42
Cover_T536 -6
Cover_T537 0
Cover_T538 0
Cover_T539 32
Cover_T540 0
Cover_T541 10
Cover_T542 32
Cover_T543 28
Cover_T544 56
Count_D0 -984
Count_D1 -1000
Max_H0_P0 0
Max_H0_P1 0
Max_H0_P2 0
Max_H0_P3 0
Max_H0_P4 0
Max_H0_P5 0
Max_H0_P6 0
Max_H0_P7 0
Max_H0_P8 0
Max_H0_P9 0
Max_H0_P10 0
Max_H0_P11 0
Max_H0_P12 0
Max_H0_P13 0
Max_H0_P14 0
Max_H0_P15 0
Max_H0_P16 0
Max_H0_P17 -9.15596e-12
Max_H0_P18 0
Max_H0_P19 0
Max_H0_P20 0
Max_H0_P21 2.57572e-12
Max_H0_P22 0
Max_H0_P23 0
Max_H0_P24 0
Max_H0_P25 0
Max_H0_P26 -1.9301e-11
Max_H0_P27 2.4067e-11
Max_H0_P28 0
Max_H0_P29 3.16085e-11
Max_H0_P30 -1.67066e-11
Max_H0_P31 0
Max_H0_P32 2.50794e-11
Max_H0_P33 -2.25597e-13
Max_H0_P34 0
Max_H0_P35 0
Max_H0_P36 0
Max_H0_P37 -3.92211e-11
Max_H0_P38 0
Max_H0_P39 -2.66935e-11
Max_H0_P40 0
Max_H0_P41 0
Max_H0_P42 0
Max_H0_P43 0
Max_H0_P44 0
Max_H0_P45 0
Max_H0_P46 0
Max_H0_P47 0
Max_H0_P48 0
Max_H0_P49 0
Max_H0_P50 0
Max_H0_P51 0
Max_H0_P52 0
Max_H0_P53 0
Max_H0_P54 0
Max_H0_P55 0
Max_H0_P56 0
Max_H0_P57 0
Max_H0_P58 0
Max_H0_P59 0
Max_H0_P60 0
Max_H0_P61 0
Max_H0_P62 0
Max_H0_P63 0
Max_H0_P64 0
Max_H0_P65 0
Max_H0_P66 0
Max_H0_P67 0
Max_H0_P68 0
Max_H0_P69 0
Max_H0_P70 0
Max_H0_P71 0
Max_H0_P72 0
Max_H0_P73 0
Max_H0_P74 0
Max_H0_P75 0
Max_H0_P76 0
Max_H0_P77 0
Max_H0_P78 0
Max_H0_P79 0
Max_H0_P80 0
Max_H0_P81 0
Max_H1_P0 0
Max_H1_P1 0
Max_H1_P2 0
Max_H1_P3 0
Max_H1_P4 0
Max_H1_P5 0
Max_H1_P6 1.05143e-11
Max_H1_P7 0
Max_H1_P8 0
Max_H1_P9 0
Max_H1_P10 0
Max_H1_P11 0
Max_H1_P12 0
Max_H1_P13 0
Max_H1_P14 0
Max_H1_P15 0
Max_H1_P16 0
Max_H1_P17 0
Max_H1_P18 -2.13465e-11
Max_H1_P19 -3.59712e-13
Max_H1_P20 -2.01226e-11
Max_H1_P21 0
Max_H1_P22 1.04787e-11
Max_H1_P23 0
Max_H1_P24 1.20792e-12
Max_H1_P25 0
Max_H1_P26 -1.23528e-11
Max_H1_P27 0
Max_H1_P28 0
Max_H1_P29 -6.03428e-12
Max_H1_P30 5.7005e-11
Max_H1_P31 -2.18243e-11
Max_H1_P32 0
Max_H1_P33 0
Max_H1_P34 -9.78567e-12
Max_H1_P35 -1.09104e-11
Max_H1_P36 -1.18217e-12
Max_H1_P37 0
Max_H1_P38 2.08611e-12
Max_H1_P39 0
Max_H1_P40 -1.94686e-11
Max_H1_P41 -2.74072e-12
Max_H1_P42 0
Max_H1_P43 0
Max_H1_P44 0
Max_H1_P45 0
Max_H1_P46 0
Max_H1_P47 0
Max_H1_P48 0
Max_H1_P49 0
Max_H1_P50 0
Max_H1_P51 3.93614e-12
Max_H1_P52 0
Max_H1_P53 0
Max_H1_P54 0
Max_H1_P55 0
Max_H1_P56 0
Max_H1_P57 0
Max_H1_P58 -9.53371e-12
Max_H1_P59 0
Max_H1_P60 0
Max_H1_P61 -1.81895e-11
Max_H1_P62 0
Max_H1_P63 6.84253e-12
Max_H1_P64 0
Max_H1_P65 0
Max_H1_P66 0
Max_H1_P67 0
Max_H1_P68 0
Max_H1_P69 0
Max_H1_P70 0
Max_H1_P71 0
Max_H1_P72 0
Max_H1_P73 0
Max_H1_P74 0
Max_H1_P75 0
Max_H1_P76 -7.39409e-13
Max_H1_P77 0
Max_H1_P78 0
Max_H1_P79 0
Max_H1_P80 0
Max_H1_P81 0
