Cover_T0 52
Cover_T1 -52
Cover_T2 52
Cover_T3 -52
Cover_T4 52
Cover_T5 -52
Cover_T6 52
Cover_T7 -52
Cover_T8 52
Cover_T9 -52
Cover_T10 52
Cover_T11 -52
Cover_T12 54
Cover_T13 -52
Cover_T14 54
Cover_T15 -50
Cover_T16 54
Cover_T17 -50
Cover_T18 54
Cover_T19 -50
Cover_T20 54
Cover_T21 -50
Cover_T22 52
Cover_T23 -50
Cover_T24 56
Cover_T25 -50
Cover_T26 56
Cover_T27 -44
Cover_T28 62
Cover_T29 -44
Cover_T30 62
Cover_T31 -40
Cover_T32 52
Cover_T33 -38
Cover_T34 62
Cover_T35 -34
Cover_T36 62
Cover_T37 -34
Cover_T38 50
Cover_T39 -34
Cover_T40 60
Cover_T41 -34
Cover_T42 54
Cover_T43 -20
Cover_T44 44
Cover_T45 48
Cover_T46 42
Cover_T47 40
Cover_T48 42
Cover_T49 32
Cover_T50 52
Cover_T51 16
Cover_T52 40
Cover_T53 16
Cover_T54 40
Cover_T55 0
Cover_T56 984
Cover_T57 946
Cover_T58 974
Cover_T59 946
Cover_T60 1028
Cover_T61 946
Cover_T62 958
Cover_T63 948
Cover_T64 958
Cover_T65 932
Cover_T66 970
Cover_T67 940
Cover_T68 978
Cover_T69 948
Cover_T70 978
Cover_T71 948
Cover_T72 992
Cover_T73 4
Cover_T74 46
Cover_T75 -44
Cover_T76 30
Cover_T77 -42
Cover_T78 6
Cover_T79 -46
Cover_T80 -8
Cover_T81 -44
Cover_T82 10
Cover_T83 -28
Cover_T84 -6
Cover_T85 -12
Cover_T86 8
Cover_T87 4
Cover_T88 10
Cover_T89 20
Cover_T90 -10
Cover_T91 8
Cover_T92 0
Cover_T93 2
Cover_T94 46
Cover_T95 8
Cover_T96 52
Cover_T97 4
Cover_T98 46
Cover_T99 -48
Cover_T100 22
Cover_T101 -24
Cover_T102 -2
Cover_T103 -48
Cover_T104 8
Cover_T105 -24
Cover_T106 -2
Cover_T107 1.05553e-08
Cover_T108 8
Cover_T109 3.36269e-11
Cover_T110 0
Cover_T111 2.00702e-11
Cover_T112 6
Cover_T113 2.10744e-12
Cover_T114 -2
Cover_T115 -2
Cover_T116 6
Cover_T117 0
Cover_T118 -2
Cover_T119 -1.18234e-11
Cover_T120 10
Cover_T121 0
Cover_T122 20
Cover_T123 1.06139e-10
Cover_T124 4
Cover_T125 0
Cover_T126 10
Cover_T127 0
Cover_T128 8
Cover_T129 -1.16444e-10
Cover_T130 4
Cover_T131 -10
Cover_T132 10
Cover_T133 6
Cover_T134 24
Cover_T135 4
Cover_T136 0
Cover_T137 2
Cover_T138 -14
Cover_T139 4
Cover_T140 -38
Cover_T141 -2
Cover_T142 -38
Cover_T143 22
Cover_T144 -42
Cover_T145 32
Cover_T146 18
Cover_T147 48
Cover_T148 2
Cover_T149 40
Cover_T150 2
Cover_T151 36
Cover_T152 -7.64944e-13
Cover_T153 52
Cover_T154 0
Cover_T155 -8
Cover_T156 8
Cover_T157 0
Cover_T158 0
Cover_T159 8
Cover_T160 20
Cover_T161 4
Cover_T162 4
Cover_T163 0
Cover_T164 -12
Cover_T165 2
Cover_T166 -28
Cover_T167 8
Cover_T168 -44
Cover_T169 -4
Cover_T170 -28
Cover_T171 12
Cover_T172 -44
Cover_T173 28
Cover_T174 -44
Cover_T175 50
Cover_T176 16
Cover_T177 74
Cover_T178 0
Cover_T179 42
Cover_T180 2.62983e-10
Cover_T181 54
Cover_T182 46
Cover_T183 104
Cover_T184 52
Cover_T185 88
Cover_T186 42
Cover_T187 48
Cover_T188 30
Cover_T189 60
Cover_T190 42
Cover_T191 66
Cover_T192 42
Cover_T193 14
Cover_T194 4
Cover_T195 20
Cover_T196 14
Cover_T197 8
Cover_T198 -16
Cover_T199 12
Cover_T200 -22
Cover_T201 20
Cover_T202 -40
Cover_T203 20
Cover_T204 -20
Cover_T205 18
Cover_T206 -12
Cover_T207 32
Cover_T208 -26
Cover_T209 56
Cover_T210 -22
Cover_T211 64
Cover_T212 -34
Cover_T213 38
Cover_T214 -22
Cover_T215 44
Cover_T216 -34
Cover_T217 46
Cover_T218 -16
Cover_T219 58
Cover_T220 -26
Cover_T221 48
Cover_T222 -26
Cover_T223 60
Cover_T224 -26
Cover_T225 48
Cover_T226 -32
Cover_T227 60
Cover_T228 -32
Cover_T229 38
Cover_T230 -32
Cover_T231 40
Cover_T232 -36
Cover_T233 40
Cover_T234 -36
Cover_T235 40
Cover_T236 -38
Cover_T237 40
Cover_T238 -38
Cover_T239 40
Cover_T240 -40
Cover_T241 40
Cover_T242 -40
Cover_T243 40
Cover_T244 -40
Cover_T245 48
Cover_T246 -40
Cover_T247 40
Cover_T248 -40
Cover_T249 40
Cover_T250 -40
Cover_T251 44
Cover_T252 -40
Cover_T253 44
Cover_T254 -40
Cover_T255 46
Cover_T256 -44
Cover_T257 52
Cover_T258 -44
Cover_T259 52
Cover_T260 -44
Cover_T261 60
Cover_T262 -46
Cover_T263 52
Cover_T264 -46
Cover_T265 58
Cover_T266 54
Cover_T267 -50
Cover_T268 54
Cover_T269 -50
Cover_T270 54
Cover_T271 -50
Cover_T272 54
Cover_T273 -50
Cover_T274 58
Cover_T275 -44
Cover_T276 58
Cover_T277 -44
Cover_T278 58
Cover_T279 -44
Cover_T280 58
Cover_T281 -38
Cover_T282 58
Cover_T283 -38
Cover_T284 56
Cover_T285 -34
Cover_T286 56
Cover_T287 -36
Cover_T288 50
Cover_T289 -32
Cover_T290 50
Cover_T291 -24
Cover_T292 38
Cover_T293 44
Cover_T294 40
Cover_T295 28
Cover_T296 50
Cover_T297 12
Cover_T298 36
Cover_T299 12
Cover_T300 28
Cover_T301 942
Cover_T302 956
Cover_T303 948
Cover_T304 968
Cover_T305 936
Cover_T306 970
Cover_T307 948
Cover_T308 990
Cover_T309 0
Cover_T310 58
Cover_T311 -46
Cover_T312 42
Cover_T313 -44
Cover_T314 20
Cover_T315 -48
Cover_T316 6
Cover_T317 -46
Cover_T318 -10
Cover_T319 -30
Cover_T320 8
Cover_T321 -14
Cover_T322 -8
Cover_T323 2
Cover_T324 6
Cover_T325 18
Cover_T326 8
Cover_T327 -2
Cover_T328 -8
Cover_T329 14
Cover_T330 4
Cover_T331 0
Cover_T332 5.60334e-11
Cover_T333 -2
Cover_T334 48
Cover_T335 14
Cover_T336 32
Cover_T337 2
Cover_T338 46
Cover_T339 6
Cover_T340 48
Cover_T341 -38
Cover_T342 24
Cover_T343 -44
Cover_T344 -1.05137e-08
Cover_T345 -38
Cover_T346 0
Cover_T347 -14
Cover_T348 0
Cover_T349 10
Cover_T350 0
Cover_T351 0
Cover_T352 2
Cover_T353 10
Cover_T354 3.06461e-11
Cover_T355 0
Cover_T356 0
Cover_T357 8
Cover_T358 8
Cover_T359 2
Cover_T360 8.70415e-13
Cover_T361 10
Cover_T362 8
Cover_T363 2
Cover_T364 10
Cover_T365 10
Cover_T366 8
Cover_T367 2
Cover_T368 10
Cover_T369 0
Cover_T370 8
Cover_T371 -2
Cover_T372 22
Cover_T373 0
Cover_T374 6
Cover_T375 4
Cover_T376 -10
Cover_T377 -2
Cover_T378 -16
Cover_T379 -16
Cover_T380 -32
Cover_T381 4.94245e-11
Cover_T382 -48
Cover_T383 16
Cover_T384 -40
Cover_T385 22
Cover_T386 -40
Cover_T387 46
Cover_T388 12
Cover_T389 46
Cover_T390 4
Cover_T391 50
Cover_T392 0
Cover_T393 -2
Cover_T394 10
Cover_T395 6
Cover_T396 6
Cover_T397 2
Cover_T398 18
Cover_T399 8
Cover_T400 2
Cover_T401 0
Cover_T402 -14
Cover_T403 0
Cover_T404 -30
Cover_T405 -8
Cover_T406 -46
Cover_T407 8
Cover_T408 -30
Cover_T409 24
Cover_T410 -46
Cover_T411 40
Cover_T412 -46
Cover_T413 62
Cover_T414 10
Cover_T415 54
Cover_T416 2
Cover_T417 66
Cover_T418 50
Cover_T419 100
Cover_T420 40
Cover_T421 28
Cover_T422 40
Cover_T423 64
Cover_T424 42
Cover_T425 14
Cover_T426 4
Cover_T427 8
Cover_T428 -6
Cover_T429 18
Cover_T430 -4
Cover_T431 20
Cover_T432 -10
Cover_T433 10
Cover_T434 -40
Cover_T435 32
Cover_T436 -8
Cover_T437 30
Cover_T438 -16
Cover_T439 34
Cover_T440 -24
Cover_T441 68
Cover_T442 -34
Cover_T443 40
Cover_T444 -32
Cover_T445 56
Cover_T446 -26
Cover_T447 52
Cover_T448 -32
Cover_T449 56
Cover_T450 -32
Cover_T451 40
Cover_T452 -32
Cover_T453 42
Cover_T454 -32
Cover_T455 42
Cover_T456 -36
Cover_T457 42
Cover_T458 -36
Cover_T459 42
Cover_T460 -36
Cover_T461 44
Cover_T462 -38
Cover_T463 42
Cover_T464 -38
Cover_T465 44
Cover_T466 -38
Cover_T467 42
Cover_T468 -38
Cover_T469 44
Cover_T470 -38
Cover_T471 44
Cover_T472 -40
Cover_T473 42
Cover_T474 -40
Cover_T475 42
Cover_T476 -40
Cover_T477 44
Cover_T478 -40
Cover_T479 46
Cover_T480 -40
Cover_T481 50
Cover_T482 -40
Cover_T483 48
Cover_T484 -40
Cover_T485 50
Cover_T486 -40
Cover_T487 50
Cover_T488 -40
Cover_T489 48
Cover_T490 -40
Cover_T491 52
Cover_T492 -40
Cover_T493 52
Cover_T494 -44
Cover_T495 50
Cover_T496 -44
Cover_T497 52
Cover_T498 -48
Cover_T499 58
Cover_T500 -44
Cover_T501 54
Cover_T502 -44
Cover_T503 58
Cover_T504 -46
Cover_T505 54
Cover_T506 -46
Cover_T507 54
Cover_T508 -52
Cover_T509 58
Cover_T510 -52
Cover_T511 58
Cover_T512 -38
Cover_T513 62
Cover_T514 -34
Cover_T515 66
Cover_T516 -48
Cover_T517 54
Cover_T518 -36
Cover_T519 58
Cover_T520 -36
Cover_T521 56
Cover_T522 -40
Cover_T523 56
Cover_T524 -30
Cover_T525 52
Cover_T526 -26
Cover_T527 50
Cover_T528 44
Cover_T529 42
Cover_T530 28
Cover_T531 50
Cover_T532 22
Cover_T533 40
Cover_T534 10
Cover_T535 988
Cover_T536 942
Cover_T537 1032
Cover_T538 942
Cover_T539 1022
Cover_T540 948
Cover_T541 1034
Cover_T542 942
Cover_T543 958
Cover_T544 948
Cover_T545 972
Cover_T546 942
Cover_T547 972
Cover_T548 946
Cover_T549 972
Cover_T550 0
Cover_T551 12
Cover_T552 -52
Cover_T553 -2
Cover_T554 -48
Cover_T555 -20
Cover_T556 -40
Cover_T557 6.4293e-11
Cover_T558 -38
Cover_T559 14
Cover_T560 -22
Cover_T561 -2
Cover_T562 -6
Cover_T563 0
Cover_T564 10
Cover_T565 12
Cover_T566 24
Cover_T567 0
Cover_T568 0
Cover_T569 0
Cover_T570 12
Cover_T571 52
Cover_T572 -6
Cover_T573 40
Cover_T574 6
Cover_T575 28
Cover_T576 3.71453e-11
Cover_T577 46
Cover_T578 12
Cover_T579 52
Cover_T580 -4
Cover_T581 40
Cover_T582 2
Cover_T583 28
Cover_T584 8
Cover_T585 16
Cover_T586 -42
Cover_T587 -1.08502e-08
Cover_T588 -26
Cover_T589 0
Cover_T590 -40
Cover_T591 2
Cover_T592 -42
Cover_T593 -7.77627e-11
Cover_T594 -26
Cover_T595 6
Cover_T596 -10
Cover_T597 2
Cover_T598 6
Cover_T599 2
Cover_T600 6
Cover_T601 0
Cover_T602 4
Cover_T603 0
Cover_T604 6
Cover_T605 -5.93829e-10
Cover_T606 0
Cover_T607 5.06439e-12
Cover_T608 4
Cover_T609 0
Cover_T610 4
Cover_T611 2.46661e-10
Cover_T612 6
Cover_T613 7.82485e-11
Cover_T614 6
Cover_T615 0
Cover_T616 10
Cover_T617 2
Cover_T618 2
Cover_T619 0
Cover_T620 10
Cover_T621 2
Cover_T622 2
Cover_T623 0
Cover_T624 3.3646e-11
Cover_T625 6
Cover_T626 2
Cover_T627 -18
Cover_T628 0
Cover_T629 -32
Cover_T630 2
Cover_T631 -32
Cover_T632 -4
Cover_T633 -36
Cover_T634 20
Cover_T635 16
Cover_T636 28
Cover_T637 4
Cover_T638 40
Cover_T639 3.39009e-11
Cover_T640 52
Cover_T641 -4
Cover_T642 40
Cover_T643 4
Cover_T644 52
Cover_T645 2
Cover_T646 44
Cover_T647 1.41206e-10
Cover_T648 52
Cover_T649 2
Cover_T650 -8
Cover_T651 6
Cover_T652 4
Cover_T653 22
Cover_T654 0
Cover_T655 10
Cover_T656 0
Cover_T657 -6
Cover_T658 -4.64471e-10
Cover_T659 -22
Cover_T660 -8
Cover_T661 -38
Cover_T662 -2.85056e-10
Cover_T663 -22
Cover_T664 -16
Cover_T665 -38
Cover_T666 2
Cover_T667 -38
Cover_T668 18
Cover_T669 18
Cover_T670 54
Cover_T671 4
Cover_T672 54
Cover_T673 0
Cover_T674 66
Cover_T675 52
Cover_T676 84
Cover_T677 48
Cover_T678 84
Cover_T679 50
Cover_T680 100
Cover_T681 46
Cover_T682 112
Cover_T683 46
Cover_T684 54
Cover_T685 34
Cover_T686 66
Cover_T687 46
Cover_T688 76
Cover_T689 44
Cover_T690 22
Cover_T691 8
Cover_T692 24
Cover_T693 16
Cover_T694 24
Cover_T695 -16
Cover_T696 24
Cover_T697 -28
Cover_T698 34
Cover_T699 -2
Cover_T700 34
Cover_T701 -8
Cover_T702 28
Cover_T703 -8
Cover_T704 34
Cover_T705 -20
Cover_T706 40
Cover_T707 -10
Cover_T708 40
Cover_T709 -22
Cover_T710 56
Cover_T711 -16
Cover_T712 68
Cover_T713 -30
Cover_T714 42
Cover_T715 -18
Cover_T716 42
Cover_T717 -18
Cover_T718 42
Cover_T719 -16
Cover_T720 54
Cover_T721 -28
Cover_T722 46
Cover_T723 -26
Cover_T724 58
Cover_T725 -28
Cover_T726 46
Cover_T727 -34
Cover_T728 60
Cover_T729 -34
Cover_T730 42
Cover_T731 -32
Cover_T732 42
Cover_T733 -36
Cover_T734 42
Cover_T735 -36
Cover_T736 50
Cover_T737 -38
Cover_T738 42
Cover_T739 -42
Cover_T740 42
Cover_T741 -40
Cover_T742 42
Cover_T743 -40
Cover_T744 44
Cover_T745 -40
Cover_T746 46
Cover_T747 -40
Cover_T748 56
Cover_T749 -40
Cover_T750 48
Cover_T751 -40
Cover_T752 50
Cover_T753 -40
Cover_T754 50
Cover_T755 -40
Cover_T756 48
Cover_T757 -40
Cover_T758 52
Cover_T759 -40
Cover_T760 52
Cover_T761 -40
Cover_T762 50
Cover_T763 -40
Cover_T764 52
Cover_T765 -44
Cover_T766 58
Cover_T767 -44
Cover_T768 56
Cover_T769 -44
Cover_T770 52
Cover_T771 -44
Cover_T772 58
Cover_T773 -46
Cover_T774 58
Cover_T775 -46
Cover_T776 56
Cover_T777 -46
Cover_T778 54
Cover_T779 -52
Cover_T780 54
Cover_T781 10
Cover_T782 0
Cover_T783 20
Cover_T784 12
Cover_T785 10
Cover_T786 4
Cover_T787 10
Cover_T788 10
Cover_T789 8
Cover_T790 8
Cover_T791 52
Cover_T792 0
Cover_T793 22
Cover_T794 10
Cover_T795 22
Cover_T796 78
Cover_T797 0
Cover_T798 62
Cover_T799 982
Cover_T800 0
Cover_T801 980
Cover_T802 960
Cover_T803 1032
Cover_T804 968
Cover_T805 964
Cover_T806 986
Cover_T807 980
Cover_T808 0
Cover_T809 980
Cover_T810 0
Cover_T811 52
Cover_T812 -28
Cover_T813 52
Cover_T814 52
Cover_T815 14
Cover_T816 52
Cover_T817 -6
Cover_T818 52
Cover_T819 -30
Cover_T820 52
Cover_T821 0
Cover_T822 0
Cover_T823 0
Cover_T824 24
Cover_T825 0
Cover_T826 48
Cover_T827 0
Cover_T828 60
Cover_T829 68
Cover_T830 56
Cover_T831 100
Cover_T832 64
Cover_T833 78
Cover_T834 56
Cover_T835 86
Cover_T836 54
Cover_T837 74
Cover_T838 0
Cover_T839 24
Cover_T840 -12
Cover_T841 44
Cover_T842 2
Cover_T843 4
Cover_T844 44
Cover_T845 6
Cover_T846 24
Cover_T847 22
Cover_T848 58
Count_D0 -984
Count_D1 -1000
Max_H0_P0 0
Max_H0_P1 0
Max_H0_P2 0
Max_H0_P3 0
Max_H0_P4 0
Max_H0_P5 -2
Max_H0_P6 -2
Max_H0_P7 0
Max_H0_P8 0
Max_H0_P9 0
Max_H0_P10 0
Max_H0_P11 0
Max_H0_P12 0
Max_H0_P13 0
Max_H0_P14 0
Max_H0_P15 0
Max_H0_P16 5.62324e-11
Max_H0_P17 5.1032e-11
Max_H0_P18 1.05038e-10
Max_H0_P19 6.87578e-11
Max_H0_P20 6.24203e-11
Max_H0_P21 9.36531e-11
Max_H0_P22 -5.33493e-11
Max_H0_P23 6.62478e-11
Max_H0_P24 -2.92695e-11
Max_H0_P25 -7.38396e-11
Max_H0_P26 8.89497e-11
Max_H0_P27 -2.28224e-11
Max_H0_P28 -4.19129e-11
Max_H0_P29 6.64968e-11
Max_H0_P30 -4.44516e-11
Max_H0_P31 1.03958e-10
Max_H0_P32 -4.13038e-11
Max_H0_P33 -4.94245e-11
Max_H0_P34 2.63469e-11
Max_H0_P35 -4.94538e-12
Max_H0_P36 -6.57077e-11
Max_H0_P37 -7.48316e-11
Max_H0_P38 1.44205e-11
Max_H0_P39 -7.38964e-12
Max_H0_P40 -7.60814e-12
Max_H0_P41 5.82786e-11
Max_H0_P42 5.30553e-11
Max_H0_P43 0
Max_H0_P44 0
Max_H0_P45 0
Max_H0_P46 0
Max_H0_P47 0
Max_H0_P48 0
Max_H0_P49 0
Max_H0_P50 0
Max_H0_P51 0
Max_H0_P52 0
Max_H0_P53 0
Max_H0_P54 0
Max_H0_P55 0
Max_H0_P56 0
Max_H0_P57 0
Max_H0_P58 0
Max_H0_P59 0
Max_H0_P60 0
Max_H0_P61 0
Max_H0_P62 0
Max_H0_P63 0
Max_H0_P64 0
Max_H0_P65 0
Max_H0_P66 0
Max_H0_P67 0
Max_H0_P68 0
Max_H0_P69 0
Max_H0_P70 0
Max_H0_P71 0
Max_H0_P72 0
Max_H0_P73 0
Max_H0_P74 0
Max_H0_P75 0
Max_H0_P76 0
Max_H0_P77 -2.58349e-12
Max_H0_P78 6.96354e-12
Max_H0_P79 -5.06617e-11
Max_H0_P80 0
Max_H0_P81 0
Max_H1_P0 0
Max_H1_P1 0
Max_H1_P2 0
Max_H1_P3 0
Max_H1_P4 0
Max_H1_P5 -2
Max_H1_P6 -2
Max_H1_P7 -1.66516e-11
Max_H1_P8 0
Max_H1_P9 0
Max_H1_P10 0
Max_H1_P11 0
Max_H1_P12 0
Max_H1_P13 0
Max_H1_P14 0
Max_H1_P15 0
Max_H1_P16 5.69014e-11
Max_H1_P17 1.32219e-10
Max_H1_P18 1.87392e-10
Max_H1_P19 2.29911e-11
Max_H1_P20 1.04841e-10
Max_H1_P21 4.35493e-11
Max_H1_P22 3.97904e-11
Max_H1_P23 1.45181e-11
Max_H1_P24 4.74567e-11
Max_H1_P25 3.60208e-11
Max_H1_P26 2.47728e-11
Max_H1_P27 0
Max_H1_P28 -8.79822e-11
Max_H1_P29 8.3453e-11
Max_H1_P30 1.72018e-11
Max_H1_P31 7.78755e-12
Max_H1_P32 1.27611e-10
Max_H1_P33 -6.75598e-12
Max_H1_P34 -1.11163e-10
Max_H1_P35 4.66152e-11
Max_H1_P36 -1.75526e-11
Max_H1_P37 1.70157e-11
Max_H1_P38 -5.28395e-11
Max_H1_P39 -9.32676e-12
Max_H1_P40 2.85283e-11
Max_H1_P41 7.22132e-11
Max_H1_P42 -5.4357e-11
Max_H1_P43 4.48032e-11
Max_H1_P44 0
Max_H1_P45 0
Max_H1_P46 0
Max_H1_P47 0
Max_H1_P48 0
Max_H1_P49 0
Max_H1_P50 0
Max_H1_P51 0
Max_H1_P52 0
Max_H1_P53 0
Max_H1_P54 0
Max_H1_P55 0
Max_H1_P56 0
Max_H1_P57 0
Max_H1_P58 0
Max_H1_P59 0
Max_H1_P60 0
Max_H1_P61 0
Max_H1_P62 -2.65388e-11
Max_H1_P63 9.62146e-11
Max_H1_P64 0
Max_H1_P65 0
Max_H1_P66 1.37209e-10
Max_H1_P67 0
Max_H1_P68 0
Max_H1_P69 0
Max_H1_P70 2.70575e-11
Max_H1_P71 0
Max_H1_P72 8.30017e-11
Max_H1_P73 0
Max_H1_P74 0
Max_H1_P75 -4.43459e-11
Max_H1_P76 2.88507e-11
Max_H1_P77 -2.43769e-11
Max_H1_P78 3.98721e-11
Max_H1_P79 0
Max_H1_P80 0
Max_H1_P81 0
