
Branch and bound

  Entire solving process        :                           (Time    438.0)
  No feasible solution was found
  Best relaxation cost          :     54918.63 (Node     0) (Time    437.9)
  Lower bound after cuts        :     54918.63
  End lower bound               :     54918.63
  Deepest level reached         : 0
  Deepest real level reached    : 0
  Number of real nodes solved   : 1
  Stopping condition            : enough nodes explored

Problem identification

  Problem                       : <null>
  Machine                       : oslo1.gerad.lan

Solving process summary

  Linear relaxations            :        1
  Column generation iterations  :      164
  Shortest paths solved         :     4358
  Columns generated             :    49285

Instance characteristics

  Resources                     : 3
  Node types                    : no
  Arc types                     : no
  Strong resource windows       : no
  Weak resource windows         : no
  Resource windows (nodes)      : 3
  Resource values (arcs)        : 3
  Values on nodes               : no

  Rows                          : 1015
  Initial columns               : 2
  Tasks                         : 853
  Strong tasks                  : 849
  Weak tasks                    : 4
  Initial task constraints      : no
  Nodes                         : 1181
  Arc sets                      : 1
  Arcs                          : 33326
  Networks                      : 2
  Models                        : 1

Memory used per module (Megs)

  Parser (reused)               :      6.910
  Networks                      :     30.998
  Column generator              :     12.714
  Master problem                :      9.905
  -----------------
  Total                         :     53.617

Cpu time per module (seconds)

  Parser                        :        0.0
  Preprocessor                  :        0.0
  Lr solver manager             :        0.2
  Column generator              :       82.4
    (Shortest path)             :       68.2
  Master problem                :      355.2
  -------------------
  Total (without b&b)           :      437.9

Real elapsed time (seconds)

  Parser                        :        0.1
  Preprocessor                  :        0.0
  Lr solver manager             :        0.2
  Column generator              :       82.6
    (Shortest path)             :       68.0
  Master problem                :      355.2
  -------------------
  Total (without b&b)           :      437.9
