
Branch and bound

  Entire solving process        :                           (Time    516.6)
  No feasible solution was found
  Best relaxation cost          :     52028.42 (Node     0) (Time    516.6)
  Lower bound after cuts        :     52028.42
  End lower bound               :     52028.42
  Deepest level reached         : 0
  Deepest real level reached    : 0
  Number of real nodes solved   : 1
  Stopping condition            : enough nodes explored

Problem identification

  Problem                       : <null>
  Machine                       : oslo2.gerad.lan

Solving process summary

  Linear relaxations            :        1
  Column generation iterations  :      179
  Shortest paths solved         :     4391
  Columns generated             :    53078

Instance characteristics

  Resources                     : 3
  Node types                    : no
  Arc types                     : no
  Strong resource windows       : no
  Weak resource windows         : no
  Resource windows (nodes)      : 3
  Resource values (arcs)        : 3
  Values on nodes               : no

  Rows                          : 1051
  Initial columns               : 2
  Tasks                         : 889
  Strong tasks                  : 885
  Weak tasks                    : 4
  Initial task constraints      : no
  Nodes                         : 1217
  Arc sets                      : 1
  Arcs                          : 35683
  Networks                      : 2
  Models                        : 1

Memory used per module (Megs)

  Parser (reused)               :      7.394
  Networks                      :     32.088
  Column generator              :     10.656
  Master problem                :     10.464
  -----------------
  Total                         :     53.207

Cpu time per module (seconds)

  Parser                        :        0.0
  Preprocessor                  :        0.0
  Lr solver manager             :        0.1
  Column generator              :      113.5
    (Shortest path)             :      104.9
  Master problem                :      402.9
  -------------------
  Total (without b&b)           :      516.6

Real elapsed time (seconds)

  Parser                        :        0.0
  Preprocessor                  :        0.0
  Lr solver manager             :        0.1
  Column generator              :      113.7
    (Shortest path)             :      104.9
  Master problem                :      403.5
  -------------------
  Total (without b&b)           :      517.4
