Cover_T0 52
Cover_T1 -52
Cover_T2 52
Cover_T3 -52
Cover_T4 52
Cover_T5 -52
Cover_T6 52
Cover_T7 -52
Cover_T8 52
Cover_T9 -52
Cover_T10 52
Cover_T11 -52
Cover_T12 52
Cover_T13 -52
Cover_T14 52
Cover_T15 -52
Cover_T16 52
Cover_T17 -52
Cover_T18 52
Cover_T19 -52
Cover_T20 52
Cover_T21 -52
Cover_T22 52
Cover_T23 -52
Cover_T24 56
Cover_T25 -52
Cover_T26 52
Cover_T27 -48
Cover_T28 52
Cover_T29 -48
Cover_T30 56
Cover_T31 -48
Cover_T32 56
Cover_T33 -48
Cover_T34 54
Cover_T35 -48
Cover_T36 56
Cover_T37 -48
Cover_T38 56
Cover_T39 -48
Cover_T40 54
Cover_T41 -48
Cover_T42 54
Cover_T43 -44
Cover_T44 58
Cover_T45 -48
Cover_T46 54
Cover_T47 -44
Cover_T48 50
Cover_T49 -48
Cover_T50 54
Cover_T51 -38
Cover_T52 62
Cover_T53 -38
Cover_T54 54
Cover_T55 20
Cover_T56 1044
Cover_T57 8
Cover_T58 1040
Cover_T59 4
Cover_T60 1040
Cover_T61 988
Cover_T62 1040
Cover_T63 988
Cover_T64 1048
Cover_T65 990
Cover_T66 1036
Cover_T67 990
Cover_T68 1044
Cover_T69 982
Cover_T70 1044
Cover_T71 990
Cover_T72 986
Cover_T73 0
Cover_T74 994
Cover_T75 4
Cover_T76 1002
Cover_T77 4
Cover_T78 12
Cover_T79 4
Cover_T80 8
Cover_T81 -4
Cover_T82 4
Cover_T83 -4
Cover_T84 4
Cover_T85 -4
Cover_T86 4
Cover_T87 2
Cover_T88 2
Cover_T89 4
Cover_T90 -4
Cover_T91 8
Cover_T92 4
Cover_T93 8
Cover_T94 2
Cover_T95 8
Cover_T96 -5.32583e-11
Cover_T97 8
Cover_T98 -8
Cover_T99 0
Cover_T100 6
Cover_T101 6
Cover_T102 -10
Cover_T103 8
Cover_T104 -26
Cover_T105 2
Cover_T106 6
Cover_T107 18
Cover_T108 -10
Cover_T109 4
Cover_T110 -26
Cover_T111 20
Cover_T112 6
Cover_T113 36
Cover_T114 0
Cover_T115 4
Cover_T116 8.51254e-11
Cover_T117 20
Cover_T118 6
Cover_T119 36
Cover_T120 2
Cover_T121 0
Cover_T122 6
Cover_T123 0
Cover_T124 6
Cover_T125 -8
Cover_T126 0
Cover_T127 4
Cover_T128 0
Cover_T129 -8
Cover_T130 0
Cover_T131 0
Cover_T132 10
Cover_T133 0
Cover_T134 -14
Cover_T135 -2.28942e-10
Cover_T136 10
Cover_T137 8
Cover_T138 -14
Cover_T139 12
Cover_T140 10
Cover_T141 36
Cover_T142 10
Cover_T143 12
Cover_T144 10
Cover_T145 36
Cover_T146 6
Cover_T147 8
Cover_T148 -18
Cover_T149 12
Cover_T150 -42
Cover_T151 8
Cover_T152 -34
Cover_T153 16
Cover_T154 -42
Cover_T155 36
Cover_T156 4
Cover_T157 52
Cover_T158 2
Cover_T159 36
Cover_T160 4
Cover_T161 52
Cover_T162 -10
Cover_T163 52
Cover_T164 -26
Cover_T165 6
Cover_T166 -42
Cover_T167 8
Cover_T168 -6
Cover_T169 6
Cover_T170 0
Cover_T171 22
Cover_T172 4
Cover_T173 38
Cover_T174 4
Cover_T175 54
Cover_T176 4
Cover_T177 18
Cover_T178 -10
Cover_T179 10
Cover_T180 -26
Cover_T181 10
Cover_T182 -42
Cover_T183 10
Cover_T184 6
Cover_T185 10
Cover_T186 10
Cover_T187 20
Cover_T188 6
Cover_T189 34
Cover_T190 0
Cover_T191 46
Cover_T192 4
Cover_T193 58
Cover_T194 2.47688e-10
Cover_T195 12
Cover_T196 4
Cover_T197 6
Cover_T198 8
Cover_T199 8
Cover_T200 -6
Cover_T201 16
Cover_T202 0
Cover_T203 12
Cover_T204 0
Cover_T205 22
Cover_T206 -4
Cover_T207 22
Cover_T208 -20
Cover_T209 18
Cover_T210 -2
Cover_T211 20
Cover_T212 -4
Cover_T213 26
Cover_T214 -20
Cover_T215 22
Cover_T216 -4
Cover_T217 40
Cover_T218 -6
Cover_T219 20
Cover_T220 -26
Cover_T221 20
Cover_T222 -8
Cover_T223 16
Cover_T224 -8
Cover_T225 18
Cover_T226 -16
Cover_T227 22
Cover_T228 -10
Cover_T229 38
Cover_T230 -12
Cover_T231 20
Cover_T232 -10
Cover_T233 12
Cover_T234 -10
Cover_T235 12
Cover_T236 -10
Cover_T237 18
Cover_T238 -34
Cover_T239 12
Cover_T240 -34
Cover_T241 20
Cover_T242 -34
Cover_T243 32
Cover_T244 -26
Cover_T245 54
Cover_T246 -42
Cover_T247 46
Cover_T248 -14
Cover_T249 38
Cover_T250 -26
Cover_T251 54
Cover_T252 -42
Cover_T253 40
Cover_T254 -40
Cover_T255 56
Cover_T256 -40
Cover_T257 30
Cover_T258 -14
Cover_T259 42
Cover_T260 -16
Cover_T261 66
Cover_T262 -16
Cover_T263 70
Cover_T264 -18
Cover_T265 70
Cover_T266 -14
Cover_T267 50
Cover_T268 -18
Cover_T269 54
Cover_T270 -14
Cover_T271 56
Cover_T272 -22
Cover_T273 56
Cover_T274 -24
Cover_T275 60
Cover_T276 -42
Cover_T277 60
Cover_T278 -44
Cover_T279 52
Cover_T280 -46
Cover_T281 52
Cover_T282 -52
Cover_T283 52
Cover_T284 -52
Cover_T285 52
Cover_T286 -52
Cover_T287 52
Cover_T288 -52
Cover_T289 56
Cover_T290 -48
Cover_T291 56
Cover_T292 -50
Cover_T293 52
Cover_T294 -48
Cover_T295 56
Cover_T296 -48
Cover_T297 56
Cover_T298 -48
Cover_T299 52
Cover_T300 -44
Cover_T301 50
Cover_T302 -44
Cover_T303 54
Cover_T304 -42
Cover_T305 50
Cover_T306 -42
Cover_T307 52
Cover_T308 -30
Cover_T309 52
Cover_T310 -38
Cover_T311 58
Cover_T312 -38
Cover_T313 52
Cover_T314 20
Cover_T315 1040
Cover_T316 8
Cover_T317 1036
Cover_T318 4
Cover_T319 1036
Cover_T320 984
Cover_T321 1024
Cover_T322 984
Cover_T323 1040
Cover_T324 978
Cover_T325 1040
Cover_T326 986
Cover_T327 982
Cover_T328 -4
Cover_T329 990
Cover_T330 0
Cover_T331 998
Cover_T332 0
Cover_T333 14
Cover_T334 0
Cover_T335 14
Cover_T336 -4
Cover_T337 10
Cover_T338 -4
Cover_T339 8
Cover_T340 -4
Cover_T341 6
Cover_T342 -4
Cover_T343 6
Cover_T344 -4
Cover_T345 6
Cover_T346 -1.5401e-12
Cover_T347 0
Cover_T348 -2.62261e-11
Cover_T349 1.02915e-11
Cover_T350 0
Cover_T351 6
Cover_T352 1.25489e-10
Cover_T353 4
Cover_T354 6
Cover_T355 -4
Cover_T356 -2
Cover_T357 10
Cover_T358 0
Cover_T359 -6
Cover_T360 2
Cover_T361 -22
Cover_T362 10
Cover_T363 10
Cover_T364 -4
Cover_T365 -6
Cover_T366 12
Cover_T367 -22
Cover_T368 28
Cover_T369 10
Cover_T370 -4
Cover_T371 4
Cover_T372 12
Cover_T373 -5.13802e-11
Cover_T374 28
Cover_T375 10
Cover_T376 -4
Cover_T377 6
Cover_T378 2
Cover_T379 10
Cover_T380 2
Cover_T381 10
Cover_T382 -4
Cover_T383 6
Cover_T384 0
Cover_T385 0
Cover_T386 -4
Cover_T387 2
Cover_T388 -4
Cover_T389 10
Cover_T390 0
Cover_T391 10
Cover_T392 6
Cover_T393 -6
Cover_T394 2
Cover_T395 -2
Cover_T396 -1.19557e-10
Cover_T397 -26
Cover_T398 8
Cover_T399 -2
Cover_T400 12
Cover_T401 -26
Cover_T402 36
Cover_T403 2
Cover_T404 12
Cover_T405 -2
Cover_T406 36
Cover_T407 2
Cover_T408 8
Cover_T409 -6
Cover_T410 12
Cover_T411 -30
Cover_T412 8
Cover_T413 -22
Cover_T414 16
Cover_T415 -46
Cover_T416 40
Cover_T417 8
Cover_T418 32
Cover_T419 -2
Cover_T420 40
Cover_T421 -6
Cover_T422 2
Cover_T423 -30
Cover_T424 12
Cover_T425 -2
Cover_T426 12
Cover_T427 4
Cover_T428 30
Cover_T429 8
Cover_T430 46
Cover_T431 8
Cover_T432 10
Cover_T433 8
Cover_T434 4
Cover_T435 -6
Cover_T436 0
Cover_T437 -22
Cover_T438 0
Cover_T439 -38
Cover_T440 2
Cover_T441 10
Cover_T442 20
Cover_T443 10
Cover_T444 32
Cover_T445 5.93138e-10
Cover_T446 56
Cover_T447 8
Cover_T448 6
Cover_T449 0
Cover_T450 10
Cover_T451 0
Cover_T452 18
Cover_T453 -6
Cover_T454 8
Cover_T455 -6.23483e-11
Cover_T456 18
Cover_T457 -10
Cover_T458 22
Cover_T459 -8
Cover_T460 18
Cover_T461 -26
Cover_T462 20
Cover_T463 -8
Cover_T464 24
Cover_T465 -8
Cover_T466 22
Cover_T467 -4
Cover_T468 40
Cover_T469 -6
Cover_T470 20
Cover_T471 -18
Cover_T472 28
Cover_T473 -8
Cover_T474 18
Cover_T475 -8
Cover_T476 30
Cover_T477 -10
Cover_T478 20
Cover_T479 -10
Cover_T480 20
Cover_T481 -10
Cover_T482 12
Cover_T483 -10
Cover_T484 14
Cover_T485 -14
Cover_T486 12
Cover_T487 -30
Cover_T488 12
Cover_T489 -46
Cover_T490 16
Cover_T491 -38
Cover_T492 20
Cover_T493 -30
Cover_T494 36
Cover_T495 -46
Cover_T496 52
Cover_T497 -30
Cover_T498 46
Cover_T499 -46
Cover_T500 38
Cover_T501 -18
Cover_T502 56
Cover_T503 -30
Cover_T504 40
Cover_T505 -46
Cover_T506 56
Cover_T507 -44
Cover_T508 28
Cover_T509 -44
Cover_T510 42
Cover_T511 -16
Cover_T512 54
Cover_T513 -24
Cover_T514 58
Cover_T515 -16
Cover_T516 60
Cover_T517 -24
Cover_T518 60
Cover_T519 -18
Cover_T520 66
Cover_T521 -26
Cover_T522 66
Cover_T523 -18
Cover_T524 40
Cover_T525 -30
Cover_T526 40
Cover_T527 -14
Cover_T528 46
Cover_T529 -26
Cover_T530 58
Cover_T531 -22
Cover_T532 50
Cover_T533 -32
Cover_T534 58
Cover_T535 -24
Cover_T536 50
Cover_T537 -32
Cover_T538 60
Cover_T539 -26
Cover_T540 48
Cover_T541 -34
Cover_T542 56
Cover_T543 -38
Cover_T544 52
Cover_T545 -40
Cover_T546 56
Cover_T547 -40
Cover_T548 58
Cover_T549 -44
Cover_T550 58
Cover_T551 -44
Cover_T552 58
Cover_T553 -46
Cover_T554 58
Cover_T555 -46
Cover_T556 56
Cover_T557 -48
Cover_T558 54
Cover_T559 -48
Cover_T560 58
Cover_T561 -48
Cover_T562 54
Cover_T563 -46
Cover_T564 54
Cover_T565 -48
Cover_T566 54
Cover_T567 -46
Cover_T568 54
Cover_T569 -48
Cover_T570 54
Cover_T571 -44
Cover_T572 50
Cover_T573 -36
Cover_T574 62
Cover_T575 -40
Cover_T576 50
Cover_T577 16
Cover_T578 1040
Cover_T579 8
Cover_T580 1036
Cover_T581 0
Cover_T582 1036
Cover_T583 980
Cover_T584 1036
Cover_T585 988
Cover_T586 1044
Cover_T587 990
Cover_T588 1044
Cover_T589 990
Cover_T590 1044
Cover_T591 990
Cover_T592 1032
Cover_T593 990
Cover_T594 1040
Cover_T595 982
Cover_T596 1040
Cover_T597 990
Cover_T598 982
Cover_T599 0
Cover_T600 984
Cover_T601 4
Cover_T602 998
Cover_T603 4
Cover_T604 6
Cover_T605 4
Cover_T606 0
Cover_T607 -4
Cover_T608 0
Cover_T609 -4
Cover_T610 1.65496e-10
Cover_T611 -4
Cover_T612 0
Cover_T613 2
Cover_T614 6
Cover_T615 4
Cover_T616 1.06034e-09
Cover_T617 8
Cover_T618 -2
Cover_T619 8
Cover_T620 4
Cover_T621 6
Cover_T622 -8
Cover_T623 2
Cover_T624 10
Cover_T625 4
Cover_T626 -2
Cover_T627 0
Cover_T628 -14
Cover_T629 4
Cover_T630 -26
Cover_T631 2
Cover_T632 10
Cover_T633 0
Cover_T634 -2
Cover_T635 4
Cover_T636 -14
Cover_T637 16
Cover_T638 -26
Cover_T639 -2
Cover_T640 10
Cover_T641 10
Cover_T642 2
Cover_T643 22
Cover_T644 6
Cover_T645 34
Cover_T646 0
Cover_T647 -2
Cover_T648 10
Cover_T649 10
Cover_T650 2
Cover_T651 22
Cover_T652 -2
Cover_T653 34
Cover_T654 6
Cover_T655 -2
Cover_T656 10
Cover_T657 8.32419e-11
Cover_T658 0
Cover_T659 0
Cover_T660 2
Cover_T661 10
Cover_T662 0
Cover_T663 0
Cover_T664 0
Cover_T665 8
Cover_T666 2
Cover_T667 4
Cover_T668 2
Cover_T669 2
Cover_T670 6
Cover_T671 2
Cover_T672 -10
Cover_T673 6
Cover_T674 -26
Cover_T675 6
Cover_T676 6
Cover_T677 2
Cover_T678 -10
Cover_T679 4
Cover_T680 -26
Cover_T681 -3.94884e-10
Cover_T682 10
Cover_T683 16
Cover_T684 -6
Cover_T685 32
Cover_T686 -2
Cover_T687 -1.95813e-10
Cover_T688 10
Cover_T689 16
Cover_T690 -6
Cover_T691 36
Cover_T692 -14
Cover_T693 8
Cover_T694 -38
Cover_T695 12
Cover_T696 -30
Cover_T697 8
Cover_T698 -38
Cover_T699 16
Cover_T700 0
Cover_T701 36
Cover_T702 -2
Cover_T703 52
Cover_T704 0
Cover_T705 36
Cover_T706 -14
Cover_T707 52
Cover_T708 -30
Cover_T709 52
Cover_T710 -46
Cover_T711 6
Cover_T712 -10
Cover_T713 10
Cover_T714 -4
Cover_T715 8
Cover_T716 -1.24928e-10
Cover_T717 22
Cover_T718 1.99108e-11
Cover_T719 38
Cover_T720 1.845e-10
Cover_T721 54
Cover_T722 -14
Cover_T723 18
Cover_T724 -30
Cover_T725 14
Cover_T726 -46
Cover_T727 10
Cover_T728 2
Cover_T729 16
Cover_T730 10
Cover_T731 16
Cover_T732 2
Cover_T733 26
Cover_T734 2
Cover_T735 48
Cover_T736 8
Cover_T737 62
Cover_T738 8
Cover_T739 18
Cover_T740 4
Cover_T741 10
Cover_T742 0
Cover_T743 18
Cover_T744 6
Cover_T745 22
Cover_T746 -14
Cover_T747 8
Cover_T748 -26
Cover_T749 22
Cover_T750 -2
Cover_T751 18
Cover_T752 -2
Cover_T753 16
Cover_T754 -12
Cover_T755 18
Cover_T756 -6
Cover_T757 26
Cover_T758 -4
Cover_T759 20
Cover_T760 -4
Cover_T761 32
Cover_T762 -16
Cover_T763 44
Cover_T764 -28
Cover_T765 20
Cover_T766 -10
Cover_T767 16
Cover_T768 -8
Cover_T769 28
Cover_T770 -10
Cover_T771 20
Cover_T772 -8
Cover_T773 18
Cover_T774 -10
Cover_T775 18
Cover_T776 -10
Cover_T777 30
Cover_T778 -10
Cover_T779 42
Cover_T780 -10
Cover_T781 20
Cover_T782 -12
Cover_T783 16
Cover_T784 -12
Cover_T785 20
Cover_T786 -18
Cover_T787 20
Cover_T788 -42
Cover_T789 12
Cover_T790 -42
Cover_T791 20
Cover_T792 -42
Cover_T793 20
Cover_T794 -34
Cover_T795 46
Cover_T796 -10
Cover_T797 40
Cover_T798 -22
Cover_T799 56
Cover_T800 -38
Cover_T801 48
Cover_T802 -36
Cover_T803 32
Cover_T804 -36
Cover_T805 50
Cover_T806 -10
Cover_T807 26
Cover_T808 -10
Cover_T809 46
Cover_T810 -10
Cover_T811 68
Cover_T812 -12
Cover_T813 66
Cover_T814 -12
Cover_T815 72
Cover_T816 -14
Cover_T817 50
Cover_T818 -14
Cover_T819 50
Cover_T820 -22
Cover_T821 52
Cover_T822 -28
Cover_T823 56
Cover_T824 -28
Cover_T825 52
Cover_T826 -34
Cover_T827 58
Cover_T828 -38
Cover_T829 54
Cover_T830 -40
Cover_T831 56
Cover_T832 -40
Cover_T833 58
Cover_T834 -44
Cover_T835 58
Cover_T836 -44
Cover_T837 58
Cover_T838 -46
Cover_T839 58
Cover_T840 -46
Cover_T841 8
Cover_T842 -2
Cover_T843 4
Cover_T844 -2.73502e-10
Cover_T845 8
Cover_T846 -1.26337e-10
Cover_T847 18
Cover_T848 4
Cover_T849 10
Cover_T850 -3.35541e-10
Cover_T851 4
Cover_T852 -7.26434e-10
Cover_T853 10
Cover_T854 14
Cover_T855 6
Cover_T856 4
Cover_T857 6
Cover_T858 62
Cover_T859 14
Cover_T860 54
Cover_T861 22
Cover_T862 1034
Cover_T863 1088
Cover_T864 1036
Cover_T865 1074
Cover_T866 1038
Cover_T867 1080
Cover_T868 1038
Cover_T869 1084
Cover_T870 1036
Cover_T871 1018
Cover_T872 1026
Cover_T873 1042
Cover_T874 1022
Cover_T875 42
Cover_T876 -32
Cover_T877 52
Cover_T878 -34
Cover_T879 52
Cover_T880 -22
Cover_T881 52
Cover_T882 54
Cover_T883 10
Cover_T884 54
Cover_T885 -14
Cover_T886 54
Cover_T887 -38
Cover_T888 54
Cover_T889 -38
Cover_T890 6
Cover_T891 -36
Cover_T892 36
Cover_T893 0
Cover_T894 40
Cover_T895 0
Cover_T896 62
Cover_T897 0
Cover_T898 42
Cover_T899 44
Cover_T900 62
Cover_T901 30
Cover_T902 46
Cover_T903 50
Cover_T904 60
Cover_T905 38
Cover_T906 18
Cover_T907 38
Cover_T908 20
Cover_T909 26
Cover_T910 18
Cover_T911 26
Cover_T912 -16
Cover_T913 0
Cover_T914 -24
Cover_T915 0
Cover_T916 -12
Cover_T917 34
Cover_T918 0
Cover_T919 12
Cover_T920 22
Cover_T921 20
Cover_T922 26
Cover_T923 38
Cover_T924 -2
Cover_T925 38
Cover_T926 0
Cover_T927 30
Count_D0 -984
Count_D1 -1000
Max_H0_P0 0
Max_H0_P1 0
Max_H0_P2 0
Max_H0_P3 -4.03064e-11
Max_H0_P4 4.03064e-11
Max_H0_P5 5.09068e-11
Max_H0_P6 2.26867e-12
Max_H0_P7 0
Max_H0_P8 0
Max_H0_P9 -1.76742e-10
Max_H0_P10 0
Max_H0_P11 0
Max_H0_P12 0
Max_H0_P13 0
Max_H0_P14 0
Max_H0_P15 -5.85516e-11
Max_H0_P16 -1.07434e-10
Max_H0_P17 4.74323e-11
Max_H0_P18 -1.00256e-11
Max_H0_P19 -1.29552e-11
Max_H0_P20 8.97954e-12
Max_H0_P21 6.54103e-11
Max_H0_P22 1.85338e-11
Max_H0_P23 -9.68825e-12
Max_H0_P24 -2.84288e-11
Max_H0_P25 -3.21863e-11
Max_H0_P26 -1.66551e-11
Max_H0_P27 3.41742e-11
Max_H0_P28 -2.04198e-11
Max_H0_P29 5.02213e-11
Max_H0_P30 -3.02818e-11
Max_H0_P31 -4.1015e-11
Max_H0_P32 1.60014e-11
Max_H0_P33 -1.73053e-11
Max_H0_P34 -1.53193e-11
Max_H0_P35 -1.05951e-11
Max_H0_P36 -2.34802e-11
Max_H0_P37 -1.41944e-11
Max_H0_P38 -5.34195e-12
Max_H0_P39 -2.59259e-11
Max_H0_P40 -4.80467e-12
Max_H0_P41 5.28431e-11
Max_H0_P42 -3.21201e-11
Max_H0_P43 -1.20031e-10
Max_H0_P44 -1.59446e-11
Max_H0_P45 -2
Max_H0_P46 -4.03782e-10
Max_H0_P47 0
Max_H0_P48 0
Max_H0_P49 0
Max_H0_P50 0
Max_H0_P51 0
Max_H0_P52 0
Max_H0_P53 0
Max_H0_P54 0
Max_H0_P55 0
Max_H0_P56 -1.95165e-11
Max_H0_P57 0
Max_H0_P58 -7.34826e-11
Max_H0_P59 1.71525e-11
Max_H0_P60 -6.05382e-12
Max_H0_P61 9.08926e-11
Max_H0_P62 0
Max_H0_P63 0
Max_H0_P64 0
Max_H0_P65 0
Max_H0_P66 0
Max_H0_P67 0
Max_H0_P68 0
Max_H0_P69 0
Max_H0_P70 0
Max_H0_P71 0
Max_H0_P72 0
Max_H0_P73 0
Max_H0_P74 0
Max_H0_P75 0
Max_H0_P76 0
Max_H0_P77 8.8207e-11
Max_H0_P78 0
Max_H0_P79 0
Max_H0_P80 0
Max_H0_P81 0
Max_H1_P0 0
Max_H1_P1 0
Max_H1_P2 0
Max_H1_P3 0
Max_H1_P4 2.36202e-11
Max_H1_P5 -1.65023e-11
Max_H1_P6 9.83391e-12
Max_H1_P7 -2.64322e-11
Max_H1_P8 0
Max_H1_P9 -2.14865e-10
Max_H1_P10 -1.51484e-10
Max_H1_P11 0
Max_H1_P12 0
Max_H1_P13 0
Max_H1_P14 0
Max_H1_P15 -4.42011e-11
Max_H1_P16 -2.629e-11
Max_H1_P17 2.58034e-11
Max_H1_P18 -1.08182e-12
Max_H1_P19 -1.1221e-11
Max_H1_P20 -1.99457e-11
Max_H1_P21 4.53492e-11
Max_H1_P22 6.8896e-11
Max_H1_P23 8.60201e-12
Max_H1_P24 -7.88702e-12
Max_H1_P25 -7.84439e-12
Max_H1_P26 2.84217e-12
Max_H1_P27 8.40714e-11
Max_H1_P28 3.27796e-11
Max_H1_P29 -7.5367e-12
Max_H1_P30 -2.03062e-11
Max_H1_P31 -1.92109e-11
Max_H1_P32 -1.26557e-11
Max_H1_P33 -7.23035e-12
Max_H1_P34 5.84777e-12
Max_H1_P35 -3.64789e-11
Max_H1_P36 -4.27962e-11
Max_H1_P37 4.16005e-11
Max_H1_P38 1.60014e-11
Max_H1_P39 1.15215e-11
Max_H1_P40 -1.28629e-11
Max_H1_P41 2.43743e-11
Max_H1_P42 3.89997e-11
Max_H1_P43 -3.19894e-11
Max_H1_P44 -4.9539e-11
Max_H1_P45 -2
Max_H1_P46 -3.39408e-10
Max_H1_P47 0
Max_H1_P48 0
Max_H1_P49 0
Max_H1_P50 0
Max_H1_P51 0
Max_H1_P52 1.94831e-11
Max_H1_P53 -6.11564e-11
Max_H1_P54 0
Max_H1_P55 0
Max_H1_P56 0
Max_H1_P57 3.99827e-11
Max_H1_P58 -6.37995e-11
Max_H1_P59 -8.57447e-12
Max_H1_P60 -5.67736e-11
Max_H1_P61 5.58202e-11
Max_H1_P62 0
Max_H1_P63 8.07177e-12
Max_H1_P64 0
Max_H1_P65 -9.35074e-12
Max_H1_P66 1.83744e-10
Max_H1_P67 0
Max_H1_P68 0
Max_H1_P69 0
Max_H1_P70 0
Max_H1_P71 0
Max_H1_P72 0
Max_H1_P73 0
Max_H1_P74 0
Max_H1_P75 0
Max_H1_P76 0
Max_H1_P77 8.81357e-11
Max_H1_P78 0
Max_H1_P79 0
Max_H1_P80 0
Max_H1_P81 0
