
Branch and bound

  Entire solving process        :                           (Time    417.5)
  No feasible solution was found
  Best relaxation cost          :     71011.83 (Node     0) (Time    417.5)
  Lower bound after cuts        :     71011.83
  End lower bound               :     71011.83
  Deepest level reached         : 0
  Deepest real level reached    : 0
  Number of real nodes solved   : 1
  Stopping condition            : enough nodes explored

Problem identification

  Problem                       : <null>
  Machine                       : oslo1.gerad.lan

Solving process summary

  Linear relaxations            :        1
  Column generation iterations  :      130
  Shortest paths solved         :     3968
  Columns generated             :    45351

Instance characteristics

  Resources                     : 3
  Node types                    : no
  Arc types                     : no
  Strong resource windows       : no
  Weak resource windows         : no
  Resource windows (nodes)      : 3
  Resource values (arcs)        : 3
  Values on nodes               : no

  Rows                          : 1094
  Initial columns               : 2
  Tasks                         : 932
  Strong tasks                  : 928
  Weak tasks                    : 4
  Initial task constraints      : no
  Nodes                         : 1260
  Arc sets                      : 1
  Arcs                          : 38942
  Networks                      : 2
  Models                        : 1

Memory used per module (Megs)

  Parser (reused)               :      7.999
  Networks                      :     33.904
  Column generator              :      8.234
  Master problem                :     10.313
  -----------------
  Total                         :     52.451

Cpu time per module (seconds)

  Parser                        :        0.0
  Preprocessor                  :        0.0
  Lr solver manager             :        0.2
  Column generator              :       76.1
    (Shortest path)             :       62.0
  Master problem                :      341.2
  -------------------
  Total (without b&b)           :      417.5

Real elapsed time (seconds)

  Parser                        :        0.0
  Preprocessor                  :        0.0
  Lr solver manager             :        0.1
  Column generator              :       76.0
    (Shortest path)             :       62.8
  Master problem                :      341.3
  -------------------
  Total (without b&b)           :      417.5
