Cover_T0 52
Cover_T1 -52
Cover_T2 52
Cover_T3 -52
Cover_T4 52
Cover_T5 -52
Cover_T6 52
Cover_T7 -52
Cover_T8 52
Cover_T9 -52
Cover_T10 52
Cover_T11 -52
Cover_T12 52
Cover_T13 -52
Cover_T14 52
Cover_T15 -52
Cover_T16 52
Cover_T17 -52
Cover_T18 52
Cover_T19 -52
Cover_T20 52
Cover_T21 -52
Cover_T22 52
Cover_T23 -52
Cover_T24 54
Cover_T25 -52
Cover_T26 58
Cover_T27 -44
Cover_T28 60
Cover_T29 -44
Cover_T30 60
Cover_T31 -42
Cover_T32 62
Cover_T33 -32
Cover_T34 82
Cover_T35 -4
Cover_T36 66
Cover_T37 -20
Cover_T38 62
Cover_T39 2
Cover_T40 82
Cover_T41 24
Cover_T42 56
Cover_T43 -6
Cover_T44 24
Cover_T45 64
Cover_T46 76
Cover_T47 52
Cover_T48 38
Cover_T49 16
Cover_T50 0
Cover_T51 942
Cover_T52 994
Cover_T53 948
Cover_T54 924
Cover_T55 912
Cover_T56 958
Cover_T57 928
Cover_T58 970
Cover_T59 944
Cover_T60 36
Cover_T61 -40
Cover_T62 20
Cover_T63 -24
Cover_T64 8
Cover_T65 -42
Cover_T66 6
Cover_T67 -38
Cover_T68 1.51016e-10
Cover_T69 -22
Cover_T70 10
Cover_T71 -6
Cover_T72 4
Cover_T73 4
Cover_T74 4
Cover_T75 6
Cover_T76 10
Cover_T77 10
Cover_T78 4
Cover_T79 0
Cover_T80 4
Cover_T81 6
Cover_T82 4
Cover_T83 6
Cover_T84 4
Cover_T85 0
Cover_T86 4
Cover_T87 6
Cover_T88 4
Cover_T89 6
Cover_T90 10
Cover_T91 6
Cover_T92 10
Cover_T93 6
Cover_T94 10
Cover_T95 6
Cover_T96 10
Cover_T97 6
Cover_T98 4
Cover_T99 7.81015e-11
Cover_T100 10
Cover_T101 6.07692e-11
Cover_T102 4
Cover_T103 0
Cover_T104 4
Cover_T105 4.34568e-11
Cover_T106 10
Cover_T107 6
Cover_T108 10
Cover_T109 0
Cover_T110 4
Cover_T111 6
Cover_T112 52
Cover_T113 6
Cover_T114 36
Cover_T115 2.21978e-11
Cover_T116 20
Cover_T117 1.05786e-10
Cover_T118 10
Cover_T119 6
Cover_T120 6
Cover_T121 -34
Cover_T122 14
Cover_T123 -10
Cover_T124 -4.28697e-11
Cover_T125 8
Cover_T126 6
Cover_T127 16
Cover_T128 0
Cover_T129 8
Cover_T130 10
Cover_T131 14
Cover_T132 -6
Cover_T133 0
Cover_T134 2
Cover_T135 16
Cover_T136 10
Cover_T137 14
Cover_T138 -6
Cover_T139 0
Cover_T140 2
Cover_T141 16
Cover_T142 46
Cover_T143 8
Cover_T144 30
Cover_T145 4
Cover_T146 6
Cover_T147 4
Cover_T148 -18
Cover_T149 -32
Cover_T150 -42
Cover_T151 -8
Cover_T152 -42
Cover_T153 16
Cover_T154 -36
Cover_T155 48
Cover_T156 -6
Cover_T157 48
Cover_T158 -30
Cover_T159 60
Cover_T160 26
Cover_T161 20
Cover_T162 14
Cover_T163 46
Cover_T164 42
Cover_T165 76
Cover_T166 40
Cover_T167 12
Cover_T168 24
Cover_T169 18
Cover_T170 30
Cover_T171 38
Cover_T172 42
Cover_T173 -4
Cover_T174 14
Cover_T175 -4
Cover_T176 1.81181e-10
Cover_T177 16
Cover_T178 20
Cover_T179 2
Cover_T180 -6
Cover_T181 0
Cover_T182 9.37057e-10
Cover_T183 16
Cover_T184 6
Cover_T185 32
Cover_T186 -12
Cover_T187 12
Cover_T188 -28
Cover_T189 28
Cover_T190 -44
Cover_T191 24
Cover_T192 -26
Cover_T193 18
Cover_T194 -46
Cover_T195 34
Cover_T196 0
Cover_T197 46
Cover_T198 10
Cover_T199 78
Cover_T200 6
Cover_T201 40
Cover_T202 -12
Cover_T203 54
Cover_T204 0
Cover_T205 80
Cover_T206 4
Cover_T207 38
Cover_T208 6
Cover_T209 28
Cover_T210 -14
Cover_T211 26
Cover_T212 -10
Cover_T213 38
Cover_T214 -4
Cover_T215 32
Cover_T216 -18
Cover_T217 36
Cover_T218 -22
Cover_T219 44
Cover_T220 -22
Cover_T221 58
Cover_T222 -26
Cover_T223 50
Cover_T224 -32
Cover_T225 42
Cover_T226 -30
Cover_T227 66
Cover_T228 -30
Cover_T229 46
Cover_T230 -30
Cover_T231 68
Cover_T232 -34
Cover_T233 48
Cover_T234 -38
Cover_T235 64
Cover_T236 -40
Cover_T237 50
Cover_T238 -40
Cover_T239 60
Cover_T240 -42
Cover_T241 58
Cover_T242 -46
Cover_T243 62
Cover_T244 -46
Cover_T245 58
Cover_T246 -48
Cover_T247 58
Cover_T248 -48
Cover_T249 56
Cover_T250 -48
Cover_T251 52
Cover_T252 -52
Cover_T253 52
Cover_T254 -52
Cover_T255 52
Cover_T256 -52
Cover_T257 52
Cover_T258 -52
Cover_T259 52
Cover_T260 -42
Cover_T261 58
Cover_T262 -46
Cover_T263 58
Cover_T264 -44
Cover_T265 60
Cover_T266 -34
Cover_T267 80
Cover_T268 -6
Cover_T269 64
Cover_T270 -22
Cover_T271 58
Cover_T272 -2
Cover_T273 68
Cover_T274 0
Cover_T275 24
Cover_T276 6
Cover_T277 36
Cover_T278 64
Cover_T279 50
Cover_T280 28
Cover_T281 38
Cover_T282 28
Cover_T283 12
Cover_T284 28
Cover_T285 6
Cover_T286 940
Cover_T287 934
Cover_T288 898
Cover_T289 936
Cover_T290 914
Cover_T291 936
Cover_T292 926
Cover_T293 970
Cover_T294 938
Cover_T295 56
Cover_T296 -44
Cover_T297 32
Cover_T298 -20
Cover_T299 12
Cover_T300 -42
Cover_T301 0
Cover_T302 -18
Cover_T303 14
Cover_T304 0
Cover_T305 0
Cover_T306 6
Cover_T307 0
Cover_T308 10
Cover_T309 6
Cover_T310 1.42464e-12
Cover_T311 -6.67331e-11
Cover_T312 6
Cover_T313 6.97895e-11
Cover_T314 6
Cover_T315 -1.66899e-10
Cover_T316 -7.39514e-11
Cover_T317 -6.69047e-11
Cover_T318 6
Cover_T319 4.02345e-12
Cover_T320 6
Cover_T321 0
Cover_T322 6
Cover_T323 6
Cover_T324 6
Cover_T325 6
Cover_T326 6
Cover_T327 6
Cover_T328 6
Cover_T329 6
Cover_T330 0
Cover_T331 0
Cover_T332 0
Cover_T333 6
Cover_T334 -2.02207e-11
Cover_T335 0
Cover_T336 0
Cover_T337 6.60689e-11
Cover_T338 6
Cover_T339 6
Cover_T340 -3.93996e-11
Cover_T341 6
Cover_T342 6
Cover_T343 0
Cover_T344 6
Cover_T345 48
Cover_T346 0
Cover_T347 32
Cover_T348 0
Cover_T349 16
Cover_T350 6
Cover_T351 6
Cover_T352 -42
Cover_T353 6
Cover_T354 -26
Cover_T355 -10
Cover_T356 -10
Cover_T357 6
Cover_T358 -3.35163e-11
Cover_T359 -1.74509e-11
Cover_T360 0
Cover_T361 14
Cover_T362 16
Cover_T363 -2
Cover_T364 4.33644e-11
Cover_T365 -4.97025e-11
Cover_T366 10
Cover_T367 6
Cover_T368 4
Cover_T369 6
Cover_T370 10
Cover_T371 6
Cover_T372 4
Cover_T373 6
Cover_T374 4
Cover_T375 42
Cover_T376 0
Cover_T377 26
Cover_T378 16
Cover_T379 10
Cover_T380 8
Cover_T381 -6
Cover_T382 -36
Cover_T383 -22
Cover_T384 -20
Cover_T385 -38
Cover_T386 -4
Cover_T387 -30
Cover_T388 12
Cover_T389 -46
Cover_T390 28
Cover_T391 -36
Cover_T392 60
Cover_T393 -6
Cover_T394 60
Cover_T395 -30
Cover_T396 54
Cover_T397 26
Cover_T398 32
Cover_T399 14
Cover_T400 58
Cover_T401 40
Cover_T402 10
Cover_T403 34
Cover_T404 30
Cover_T405 40
Cover_T406 -6
Cover_T407 26
Cover_T408 0
Cover_T409 0
Cover_T410 2
Cover_T411 4
Cover_T412 4
Cover_T413 -2
Cover_T414 32
Cover_T415 -2
Cover_T416 20
Cover_T417 -28
Cover_T418 22
Cover_T419 -18
Cover_T420 28
Cover_T421 -38
Cover_T422 46
Cover_T423 0
Cover_T424 58
Cover_T425 0
Cover_T426 52
Cover_T427 -2
Cover_T428 60
Cover_T429 3.05818e-10
Cover_T430 38
Cover_T431 -3.35859e-10
Cover_T432 30
Cover_T433 -6
Cover_T434 32
Cover_T435 -10
Cover_T436 32
Cover_T437 -18
Cover_T438 32
Cover_T439 -18
Cover_T440 28
Cover_T441 -30
Cover_T442 30
Cover_T443 -18
Cover_T444 34
Cover_T445 -26
Cover_T446 30
Cover_T447 -42
Cover_T448 34
Cover_T449 -22
Cover_T450 46
Cover_T451 -34
Cover_T452 32
Cover_T453 -24
Cover_T454 42
Cover_T455 -22
Cover_T456 56
Cover_T457 -40
Cover_T458 44
Cover_T459 -28
Cover_T460 34
Cover_T461 -26
Cover_T462 44
Cover_T463 -36
Cover_T464 58
Cover_T465 -30
Cover_T466 40
Cover_T467 -30
Cover_T468 46
Cover_T469 -38
Cover_T470 58
Cover_T471 -34
Cover_T472 44
Cover_T473 -36
Cover_T474 46
Cover_T475 -38
Cover_T476 58
Cover_T477 -38
Cover_T478 46
Cover_T479 -44
Cover_T480 48
Cover_T481 -40
Cover_T482 54
Cover_T483 -42
Cover_T484 52
Cover_T485 -44
Cover_T486 50
Cover_T487 -48
Cover_T488 52
Cover_T489 -46
Cover_T490 54
Cover_T491 -48
Cover_T492 56
Cover_T493 -48
Cover_T494 56
Cover_T495 -48
Cover_T496 60
Cover_T497 -32
Cover_T498 84
Cover_T499 3.84375e-10
Cover_T500 72
Cover_T501 -12
Cover_T502 60
Cover_T503 -24
Cover_T504 60
Cover_T505 1.20375e-10
Cover_T506 80
Cover_T507 -4
Cover_T508 62
Cover_T509 16
Cover_T510 60
Cover_T511 10
Cover_T512 48
Cover_T513 44
Cover_T514 56
Cover_T515 44
Cover_T516 56
Cover_T517 44
Cover_T518 56
Cover_T519 32
Cover_T520 18
Cover_T521 922
Cover_T522 980
Cover_T523 936
Cover_T524 974
Cover_T525 946
Cover_T526 974
Cover_T527 946
Cover_T528 938
Cover_T529 908
Cover_T530 950
Cover_T531 920
Cover_T532 950
Cover_T533 932
Cover_T534 950
Cover_T535 944
Cover_T536 16
Cover_T537 -40
Cover_T538 6
Cover_T539 -24
Cover_T540 2
Cover_T541 -42
Cover_T542 -2
Cover_T543 -38
Cover_T544 6
Cover_T545 -22
Cover_T546 -1.88951e-11
Cover_T547 -6
Cover_T548 4.58058e-11
Cover_T549 4
Cover_T550 6
Cover_T551 6
Cover_T552 0
Cover_T553 10
Cover_T554 0
Cover_T555 7.22853e-11
Cover_T556 0
Cover_T557 6
Cover_T558 0
Cover_T559 6
Cover_T560 0
Cover_T561 -8.52651e-11
Cover_T562 6.21458e-11
Cover_T563 6
Cover_T564 6
Cover_T565 6
Cover_T566 6
Cover_T567 6
Cover_T568 6
Cover_T569 6
Cover_T570 6
Cover_T571 6
Cover_T572 7.68385e-11
Cover_T573 6
Cover_T574 6
Cover_T575 2.87734e-11
Cover_T576 -7.25819e-12
Cover_T577 4.78053e-11
Cover_T578 0
Cover_T579 7.36584e-11
Cover_T580 6
Cover_T581 7.12213e-11
Cover_T582 6
Cover_T583 6
Cover_T584 1.47291e-11
Cover_T585 -9.50138e-11
Cover_T586 48
Cover_T587 6
Cover_T588 32
Cover_T589 6
Cover_T590 16
Cover_T591 -1.98664e-11
Cover_T592 6
Cover_T593 9.17548e-11
Cover_T594 6
Cover_T595 6
Cover_T596 -10
Cover_T597 -42
Cover_T598 6
Cover_T599 -26
Cover_T600 0
Cover_T601 -10
Cover_T602 14
Cover_T603 0
Cover_T604 -2
Cover_T605 -6.56364e-12
Cover_T606 -8.87793e-11
Cover_T607 16
Cover_T608 14
Cover_T609 0
Cover_T610 -2
Cover_T611 6
Cover_T612 6
Cover_T613 -8
Cover_T614 14
Cover_T615 8
Cover_T616 -2
Cover_T617 6
Cover_T618 6
Cover_T619 -8
Cover_T620 50
Cover_T621 8
Cover_T622 34
Cover_T623 0
Cover_T624 18
Cover_T625 -8
Cover_T626 2
Cover_T627 8
Cover_T628 -14
Cover_T629 0
Cover_T630 -30
Cover_T631 -44
Cover_T632 -46
Cover_T633 -28
Cover_T634 -38
Cover_T635 -12
Cover_T636 -42
Cover_T637 4
Cover_T638 -40
Cover_T639 28
Cover_T640 -2
Cover_T641 36
Cover_T642 -12
Cover_T643 42
Cover_T644 -20
Cover_T645 52
Cover_T646 -28
Cover_T647 36
Cover_T648 -36
Cover_T649 50
Cover_T650 -44
Cover_T651 64
Cover_T652 28
Cover_T653 56
Cover_T654 20
Cover_T655 52
Cover_T656 12
Cover_T657 54
Cover_T658 8
Cover_T659 66
Cover_T660 8
Cover_T661 24
Cover_T662 0
Cover_T663 26
Cover_T664 44
Cover_T665 30
Cover_T666 44
Cover_T667 58
Cover_T668 52
Cover_T669 58
Cover_T670 36
Cover_T671 78
Cover_T672 20
Cover_T673 10
Cover_T674 34
Cover_T675 24
Cover_T676 26
Cover_T677 42
Cover_T678 12
Cover_T679 -2
Cover_T680 0
Cover_T681 2
Cover_T682 2.49931e-09
Cover_T683 18
Cover_T684 0
Cover_T685 0
Cover_T686 0
Cover_T687 6
Cover_T688 2
Cover_T689 24
Cover_T690 -16
Cover_T691 28
Cover_T692 -32
Cover_T693 18
Cover_T694 -12
Cover_T695 44
Cover_T696 -28
Cover_T697 24
Cover_T698 6
Cover_T699 26
Cover_T700 10
Cover_T701 58
Cover_T702 10
Cover_T703 60
Cover_T704 12
Cover_T705 52
Cover_T706 2
Cover_T707 72
Cover_T708 1.56749e-09
Cover_T709 30
Cover_T710 4
Cover_T711 28
Cover_T712 -12
Cover_T713 34
Cover_T714 -6
Cover_T715 28
Cover_T716 -20
Cover_T717 32
Cover_T718 -24
Cover_T719 26
Cover_T720 -40
Cover_T721 36
Cover_T722 -26
Cover_T723 34
Cover_T724 -22
Cover_T725 38
Cover_T726 -24
Cover_T727 30
Cover_T728 -38
Cover_T729 46
Cover_T730 -24
Cover_T731 62
Cover_T732 -28
Cover_T733 48
Cover_T734 -38
Cover_T735 44
Cover_T736 -26
Cover_T737 48
Cover_T738 -30
Cover_T739 62
Cover_T740 -38
Cover_T741 50
Cover_T742 -30
Cover_T743 54
Cover_T744 -30
Cover_T745 62
Cover_T746 -40
Cover_T747 44
Cover_T748 -38
Cover_T749 62
Cover_T750 -42
Cover_T751 48
Cover_T752 -42
Cover_T753 56
Cover_T754 -42
Cover_T755 54
Cover_T756 -46
Cover_T757 58
Cover_T758 -46
Cover_T759 54
Cover_T760 -46
Cover_T761 54
Cover_T762 -50
Cover_T763 52
Cover_T764 -50
Cover_T765 52
Cover_T766 46
Cover_T767 -2
Cover_T768 68
Cover_T769 8
Cover_T770 52
Cover_T771 34
Cover_T772 36
Cover_T773 14
Cover_T774 96
Cover_T775 0
Cover_T776 78
Cover_T777 0
Cover_T778 52
Cover_T779 6
Cover_T780 8
Cover_T781 76
Cover_T782 8
Cover_T783 -4.48608e-10
Cover_T784 38
Cover_T785 0
Cover_T786 0
Cover_T787 934
Cover_T788 992
Cover_T789 950
Cover_T790 938
Cover_T791 968
Cover_T792 956
Cover_T793 916
Cover_T794 956
Cover_T795 932
Cover_T796 54
Cover_T797 -28
Cover_T798 52
Cover_T799 56
Cover_T800 -24
Cover_T801 64
Cover_T802 40
Cover_T803 58
Cover_T804 28
Cover_T805 78
Cover_T806 26
Cover_T807 44
Cover_T808 14
Cover_T809 70
Cover_T810 0
Cover_T811 0
Cover_T812 66
Cover_T813 0
Cover_T814 46
Cover_T815 0
Cover_T816 34
Cover_T817 16
Cover_T818 38
Cover_T819 40
Cover_T820 28
Cover_T821 -26
Cover_T822 2
Cover_T823 -6
Cover_T824 14
Cover_T825 0
Cover_T826 44
Cover_T827 2.49422e-10
Cover_T828 44
Cover_T829 44
Cover_T830 48
Cover_T831 20
Cover_T832 54
Cover_T833 0
Cover_T834 52
Cover_T835 0
Cover_T836 36
Cover_T837 0
Count_D0 -984
Count_D1 -1000
Max_H0_P0 0
Max_H0_P1 0
Max_H0_P2 0
Max_H0_P3 0
Max_H0_P4 0
Max_H0_P5 3.59344e-11
Max_H0_P6 8.22342e-11
Max_H0_P7 0
Max_H0_P8 0
Max_H0_P9 0
Max_H0_P10 0
Max_H0_P11 0
Max_H0_P12 0
Max_H0_P13 0
Max_H0_P14 0
Max_H0_P15 0
Max_H0_P16 3.50404e-11
Max_H0_P17 8.06863e-11
Max_H0_P18 -4.26894e-11
Max_H0_P19 0
Max_H0_P20 1.20464e-11
Max_H0_P21 9.59264e-11
Max_H0_P22 -1.06615e-11
Max_H0_P23 2.34454e-11
Max_H0_P24 2.49716e-11
Max_H0_P25 -8.56638e-13
Max_H0_P26 0
Max_H0_P27 0
Max_H0_P28 2.50733e-11
Max_H0_P29 -1.28146e-11
Max_H0_P30 -1.03807e-11
Max_H0_P31 -6.42301e-12
Max_H0_P32 -4.05578e-11
Max_H0_P33 -8.98281e-12
Max_H0_P34 -1.08766e-11
Max_H0_P35 -2.88352e-11
Max_H0_P36 9.21441e-12
Max_H0_P37 -1.10107e-11
Max_H0_P38 -3.69438e-11
Max_H0_P39 -8.95728e-13
Max_H0_P40 9.16259e-12
Max_H0_P41 -1.38698e-11
Max_H0_P42 -1.49025e-11
Max_H0_P43 0
Max_H0_P44 0
Max_H0_P45 0
Max_H0_P46 0
Max_H0_P47 0
Max_H0_P48 0
Max_H0_P49 0
Max_H0_P50 0
Max_H0_P51 0
Max_H0_P52 0
Max_H0_P53 0
Max_H0_P54 0
Max_H0_P55 0
Max_H0_P56 0
Max_H0_P57 0
Max_H0_P58 0
Max_H0_P59 0
Max_H0_P60 0
Max_H0_P61 0
Max_H0_P62 0
Max_H0_P63 0
Max_H0_P64 0
Max_H0_P65 0
Max_H0_P66 0
Max_H0_P67 0
Max_H0_P68 0
Max_H0_P69 0
Max_H0_P70 0
Max_H0_P71 0
Max_H0_P72 0
Max_H0_P73 0
Max_H0_P74 0
Max_H0_P75 0
Max_H0_P76 0
Max_H0_P77 0
Max_H0_P78 5.00899e-11
Max_H0_P79 0
Max_H0_P80 0
Max_H0_P81 0
Max_H1_P0 0
Max_H1_P1 0
Max_H1_P2 0
Max_H1_P3 -4.35882e-11
Max_H1_P4 0
Max_H1_P5 4.65431e-11
Max_H1_P6 6.35039e-11
Max_H1_P7 0
Max_H1_P8 0
Max_H1_P9 0
Max_H1_P10 0
Max_H1_P11 0
Max_H1_P12 0
Max_H1_P13 0
Max_H1_P14 0
Max_H1_P15 -1.03881e-11
Max_H1_P16 2.19533e-11
Max_H1_P17 3.5449e-11
Max_H1_P18 4.12428e-11
Max_H1_P19 1.38556e-12
Max_H1_P20 -6.32068e-11
Max_H1_P21 3.99474e-11
Max_H1_P22 2.47438e-11
Max_H1_P23 -2.62755e-11
Max_H1_P24 1.61862e-11
Max_H1_P25 4.8014e-11
Max_H1_P26 4.05885e-11
Max_H1_P27 -7.88547e-12
Max_H1_P28 6.47873e-11
Max_H1_P29 -6.0974e-12
Max_H1_P30 -2.00777e-11
Max_H1_P31 -4.46381e-11
Max_H1_P32 -2.26055e-11
Max_H1_P33 -3.47561e-11
Max_H1_P34 -2.02913e-11
Max_H1_P35 1.03644e-11
Max_H1_P36 -5.76068e-11
Max_H1_P37 1.08997e-11
Max_H1_P38 -1.92504e-11
Max_H1_P39 1.13136e-11
Max_H1_P40 -2.63898e-11
Max_H1_P41 -1.48113e-11
Max_H1_P42 1.87543e-11
Max_H1_P43 -8.58545e-11
Max_H1_P44 0
Max_H1_P45 0
Max_H1_P46 0
Max_H1_P47 0
Max_H1_P48 0
Max_H1_P49 0
Max_H1_P50 0
Max_H1_P51 0
Max_H1_P52 -4.22209e-11
Max_H1_P53 0
Max_H1_P54 0
Max_H1_P55 0
Max_H1_P56 0
Max_H1_P57 0
Max_H1_P58 0
Max_H1_P59 6.23857e-12
Max_H1_P60 2.83636e-11
Max_H1_P61 0
Max_H1_P62 3.59339e-11
Max_H1_P63 0
Max_H1_P64 -6.81677e-11
Max_H1_P65 0
Max_H1_P66 0
Max_H1_P67 0
Max_H1_P68 0
Max_H1_P69 0
Max_H1_P70 0
Max_H1_P71 0
Max_H1_P72 0
Max_H1_P73 0
Max_H1_P74 0
Max_H1_P75 0
Max_H1_P76 6.47519e-11
Max_H1_P77 -1.04555e-10
Max_H1_P78 7.98858e-11
Max_H1_P79 0
Max_H1_P80 0
Max_H1_P81 0
