
Branch and bound

  Entire solving process        :                           (Time    156.7)
  No feasible solution was found
  Best relaxation cost          :     48188.87 (Node     0) (Time    156.7)
  Lower bound after cuts        :     48188.87
  End lower bound               :     48188.87
  Deepest level reached         : 0
  Deepest real level reached    : 0
  Number of real nodes solved   : 1
  Stopping condition            : enough nodes explored

Problem identification

  Problem                       : <null>
  Machine                       : oslo5.gerad.lan

Solving process summary

  Linear relaxations            :        1
  Column generation iterations  :      133
  Shortest paths solved         :     3669
  Columns generated             :    43239

Instance characteristics

  Resources                     : 3
  Node types                    : no
  Arc types                     : no
  Strong resource windows       : no
  Weak resource windows         : no
  Resource windows (nodes)      : 3
  Resource values (arcs)        : 3
  Values on nodes               : no

  Rows                          : 1004
  Initial columns               : 2
  Tasks                         : 842
  Strong tasks                  : 838
  Weak tasks                    : 4
  Initial task constraints      : no
  Nodes                         : 1170
  Arc sets                      : 1
  Arcs                          : 32034
  Networks                      : 2
  Models                        : 1

Memory used per module (Megs)

  Parser (reused)               :      6.667
  Networks                      :     30.635
  Column generator              :     16.468
  Master problem                :     10.192
  -----------------
  Total                         :     57.294

Cpu time per module (seconds)

  Parser                        :        0.0
  Preprocessor                  :        0.0
  Lr solver manager             :        0.1
  Column generator              :       53.0
    (Shortest path)             :       48.9
  Master problem                :      103.5
  -------------------
  Total (without b&b)           :      156.7

Real elapsed time (seconds)

  Parser                        :        0.0
  Preprocessor                  :        0.0
  Lr solver manager             :        0.1
  Column generator              :       53.0
    (Shortest path)             :       48.5
  Master problem                :      103.6
  -------------------
  Total (without b&b)           :      156.7
