
Branch and bound

  Entire solving process        :                           (Time    146.1)
  No feasible solution was found
  Best relaxation cost          :     47985.45 (Node     0) (Time    146.1)
  Lower bound after cuts        :     47985.45
  End lower bound               :     47985.45
  Deepest level reached         : 0
  Deepest real level reached    : 0
  Number of real nodes solved   : 1
  Stopping condition            : enough nodes explored

Problem identification

  Problem                       : <null>
  Machine                       : oslo3.gerad.lan

Solving process summary

  Linear relaxations            :        1
  Column generation iterations  :      112
  Shortest paths solved         :     6872
  Columns generated             :    47970

Instance characteristics

  Resources                     : 3
  Node types                    : no
  Arc types                     : no
  Strong resource windows       : no
  Weak resource windows         : no
  Resource windows (nodes)      : 3
  Resource values (arcs)        : 3
  Values on nodes               : no

  Rows                          : 1004
  Initial columns               : 411
  Tasks                         : 842
  Strong tasks                  : 600
  Weak tasks                    : 4
  Initial task constraints      : no
  Nodes                         : 1170
  Arc sets                      : 1
  Arcs                          : 32034
  Networks                      : 2
  Models                        : 1

Memory used per module (Megs)

  Parser (reused)               :      6.788
  Networks                      :     32.693
  Column generator              :      8.355
  Master problem                :     10.411
  -----------------
  Total                         :     51.459

Cpu time per module (seconds)

  Parser                        :        0.0
  Preprocessor                  :        0.0
  Lr solver manager             :        0.1
  Column generator              :       63.0
    (Shortest path)             :       56.2
  Master problem                :       82.9
  -------------------
  Total (without b&b)           :      146.0

Real elapsed time (seconds)

  Parser                        :        0.0
  Preprocessor                  :        0.0
  Lr solver manager             :        0.0
  Column generator              :       63.1
    (Shortest path)             :       56.4
  Master problem                :       82.9
  -------------------
  Total (without b&b)           :      146.1
