Cover_T0 52
Cover_T1 -52
Cover_T2 52
Cover_T3 -52
Cover_T4 52
Cover_T5 -52
Cover_T6 52
Cover_T7 -52
Cover_T8 52
Cover_T9 -52
Cover_T10 52
Cover_T11 -52
Cover_T12 52
Cover_T13 -52
Cover_T14 52
Cover_T15 -52
Cover_T16 52
Cover_T17 -52
Cover_T18 52
Cover_T19 -52
Cover_T20 52
Cover_T21 -52
Cover_T22 52
Cover_T23 -52
Cover_T24 52
Cover_T25 -52
Cover_T26 52
Cover_T27 -52
Cover_T28 52
Cover_T29 -52
Cover_T30 52
Cover_T31 -52
Cover_T32 52
Cover_T33 -52
Cover_T34 52
Cover_T35 -52
Cover_T36 52
Cover_T37 -48
Cover_T38 58
Cover_T39 -32
Cover_T40 74
Cover_T41 -40
Cover_T42 66
Cover_T43 -40
Cover_T44 58
Cover_T45 -24
Cover_T46 82
Cover_T47 -32
Cover_T48 76
Cover_T49 -28
Cover_T50 68
Cover_T51 -14
Cover_T52 54
Cover_T53 -22
Cover_T54 50
Cover_T55 -18
Cover_T56 56
Cover_T57 -30
Cover_T58 48
Cover_T59 -30
Cover_T60 48
Cover_T61 14
Cover_T62 42
Cover_T63 -20
Cover_T64 30
Cover_T65 -20
Cover_T66 22
Cover_T67 972
Cover_T68 1004
Cover_T69 946
Cover_T70 994
Cover_T71 980
Cover_T72 950
Cover_T73 962
Cover_T74 996
Cover_T75 986
Cover_T76 1008
Cover_T77 984
Cover_T78 28
Cover_T79 2
Cover_T80 40
Cover_T81 12
Cover_T82 14
Cover_T83 24
Cover_T84 14
Cover_T85 -10
Cover_T86 2
Cover_T87 -10
Cover_T88 2
Cover_T89 -10
Cover_T90 2
Cover_T91 -10
Cover_T92 4
Cover_T93 -6
Cover_T94 2
Cover_T95 -10
Cover_T96 2
Cover_T97 2
Cover_T98 4
Cover_T99 6
Cover_T100 12
Cover_T101 2
Cover_T102 14
Cover_T103 0
Cover_T104 8
Cover_T105 2
Cover_T106 2
Cover_T107 2
Cover_T108 4
Cover_T109 -4.87717e-11
Cover_T110 4
Cover_T111 -8
Cover_T112 0
Cover_T113 -10
Cover_T114 4
Cover_T115 -4
Cover_T116 6
Cover_T117 2
Cover_T118 -6
Cover_T119 0
Cover_T120 8
Cover_T121 0
Cover_T122 -4
Cover_T123 4
Cover_T124 -16
Cover_T125 4
Cover_T126 0
Cover_T127 10
Cover_T128 2
Cover_T129 4
Cover_T130 8
Cover_T131 24
Cover_T132 2
Cover_T133 8
Cover_T134 0
Cover_T135 6
Cover_T136 10
Cover_T137 -2
Cover_T138 -6
Cover_T139 0
Cover_T140 6
Cover_T141 -7.15916e-12
Cover_T142 10
Cover_T143 2
Cover_T144 4
Cover_T145 7.10124e-10
Cover_T146 8
Cover_T147 16
Cover_T148 10
Cover_T149 4
Cover_T150 14
Cover_T151 0
Cover_T152 8
Cover_T153 2.92138e-10
Cover_T154 0
Cover_T155 -8
Cover_T156 -2
Cover_T157 -8
Cover_T158 0
Cover_T159 0
Cover_T160 -4
Cover_T161 8
Cover_T162 -24
Cover_T163 10
Cover_T164 -42
Cover_T165 4
Cover_T166 -10
Cover_T167 4
Cover_T168 -26
Cover_T169 20
Cover_T170 -42
Cover_T171 36
Cover_T172 0
Cover_T173 52
Cover_T174 0
Cover_T175 20
Cover_T176 2
Cover_T177 36
Cover_T178 2
Cover_T179 52
Cover_T180 4
Cover_T181 10
Cover_T182 2
Cover_T183 10
Cover_T184 -10
Cover_T185 8
Cover_T186 -26
Cover_T187 8
Cover_T188 -42
Cover_T189 6
Cover_T190 -42
Cover_T191 8
Cover_T192 -4
Cover_T193 20
Cover_T194 -18
Cover_T195 32
Cover_T196 -30
Cover_T197 44
Cover_T198 -42
Cover_T199 46
Cover_T200 -2
Cover_T201 58
Cover_T202 2
Cover_T203 16
Cover_T204 -2
Cover_T205 28
Cover_T206 -2
Cover_T207 40
Cover_T208 -2
Cover_T209 54
Cover_T210 6
Cover_T211 22
Cover_T212 8
Cover_T213 18
Cover_T214 14
Cover_T215 30
Cover_T216 10
Cover_T217 26
Cover_T218 -12
Cover_T219 22
Cover_T220 4
Cover_T221 20
Cover_T222 8
Cover_T223 24
Cover_T224 0
Cover_T225 26
Cover_T226 -2
Cover_T227 44
Cover_T228 -2
Cover_T229 26
Cover_T230 -12
Cover_T231 20
Cover_T232 -12
Cover_T233 24
Cover_T234 -12
Cover_T235 26
Cover_T236 -14
Cover_T237 22
Cover_T238 -14
Cover_T239 26
Cover_T240 -14
Cover_T241 30
Cover_T242 -14
Cover_T243 22
Cover_T244 -18
Cover_T245 22
Cover_T246 -18
Cover_T247 22
Cover_T248 -20
Cover_T249 24
Cover_T250 -28
Cover_T251 24
Cover_T252 -40
Cover_T253 24
Cover_T254 -20
Cover_T255 26
Cover_T256 -20
Cover_T257 26
Cover_T258 -22
Cover_T259 26
Cover_T260 -20
Cover_T261 36
Cover_T262 -20
Cover_T263 48
Cover_T264 -24
Cover_T265 24
Cover_T266 -22
Cover_T267 30
Cover_T268 -34
Cover_T269 44
Cover_T270 -42
Cover_T271 40
Cover_T272 -28
Cover_T273 30
Cover_T274 -24
Cover_T275 44
Cover_T276 -28
Cover_T277 54
Cover_T278 -24
Cover_T279 44
Cover_T280 -28
Cover_T281 58
Cover_T282 -26
Cover_T283 38
Cover_T284 -38
Cover_T285 34
Cover_T286 -22
Cover_T287 38
Cover_T288 -28
Cover_T289 34
Cover_T290 -22
Cover_T291 52
Cover_T292 -30
Cover_T293 58
Cover_T294 -26
Cover_T295 44
Cover_T296 -28
Cover_T297 52
Cover_T298 -30
Cover_T299 48
Cover_T300 -30
Cover_T301 48
Cover_T302 -30
Cover_T303 64
Cover_T304 -38
Cover_T305 48
Cover_T306 -38
Cover_T307 66
Cover_T308 -44
Cover_T309 56
Cover_T310 52
Cover_T311 -52
Cover_T312 52
Cover_T313 -52
Cover_T314 52
Cover_T315 -52
Cover_T316 52
Cover_T317 -52
Cover_T318 52
Cover_T319 -52
Cover_T320 52
Cover_T321 -46
Cover_T322 56
Cover_T323 -48
Cover_T324 54
Cover_T325 -46
Cover_T326 58
Cover_T327 -34
Cover_T328 70
Cover_T329 -38
Cover_T330 58
Cover_T331 -26
Cover_T332 80
Cover_T333 -26
Cover_T334 66
Cover_T335 -18
Cover_T336 42
Cover_T337 -30
Cover_T338 60
Cover_T339 -18
Cover_T340 36
Cover_T341 -8
Cover_T342 42
Cover_T343 -8
Cover_T344 20
Cover_T345 -8
Cover_T346 26
Cover_T347 -10
Cover_T348 22
Cover_T349 958
Cover_T350 1004
Cover_T351 958
Cover_T352 1006
Cover_T353 958
Cover_T354 962
Cover_T355 974
Cover_T356 962
Cover_T357 974
Cover_T358 962
Cover_T359 986
Cover_T360 1008
Cover_T361 986
Cover_T362 28
Cover_T363 -2.4891e-10
Cover_T364 36
Cover_T365 0
Cover_T366 40
Cover_T367 14
Cover_T368 18
Cover_T369 22
Cover_T370 26
Cover_T371 30
Cover_T372 1.42299e-08
Cover_T373 -8
Cover_T374 6
Cover_T375 -12
Cover_T376 0
Cover_T377 -8.0312e-09
Cover_T378 -6
Cover_T379 4
Cover_T380 4
Cover_T381 2.52432e-09
Cover_T382 10
Cover_T383 6
Cover_T384 8
Cover_T385 8
Cover_T386 2
Cover_T387 0
Cover_T388 -4
Cover_T389 6
Cover_T390 -2
Cover_T391 -2
Cover_T392 6
Cover_T393 -4
Cover_T394 4
Cover_T395 2
Cover_T396 -2
Cover_T397 8
Cover_T398 0
Cover_T399 6
Cover_T400 14
Cover_T401 -2
Cover_T402 2
Cover_T403 0
Cover_T404 -10
Cover_T405 6
Cover_T406 -22
Cover_T407 4
Cover_T408 2
Cover_T409 -10
Cover_T410 12
Cover_T411 2
Cover_T412 0
Cover_T413 14
Cover_T414 14
Cover_T415 26
Cover_T416 2
Cover_T417 2
Cover_T418 3.40056e-10
Cover_T419 -8
Cover_T420 8
Cover_T421 4
Cover_T422 10
Cover_T423 -10
Cover_T424 12
Cover_T425 0
Cover_T426 -8
Cover_T427 0
Cover_T428 0
Cover_T429 -12
Cover_T430 7.97527e-10
Cover_T431 8
Cover_T432 0
Cover_T433 3.40541e-09
Cover_T434 8
Cover_T435 5.59339e-11
Cover_T436 10
Cover_T437 6
Cover_T438 6
Cover_T439 2
Cover_T440 2
Cover_T441 0
Cover_T442 4
Cover_T443 -4
Cover_T444 6
Cover_T445 5.3916e-11
Cover_T446 6
Cover_T447 4
Cover_T448 -6
Cover_T449 2
Cover_T450 -22
Cover_T451 2
Cover_T452 -42
Cover_T453 6
Cover_T454 -14
Cover_T455 22
Cover_T456 -34
Cover_T457 42
Cover_T458 4
Cover_T459 14
Cover_T460 -1.10987e-11
Cover_T461 34
Cover_T462 -2
Cover_T463 52
Cover_T464 -2
Cover_T465 10
Cover_T466 0
Cover_T467 10
Cover_T468 -2
Cover_T469 8
Cover_T470 -14
Cover_T471 8
Cover_T472 -30
Cover_T473 6
Cover_T474 -46
Cover_T475 8
Cover_T476 -46
Cover_T477 20
Cover_T478 -8
Cover_T479 36
Cover_T480 -24
Cover_T481 52
Cover_T482 -40
Cover_T483 58
Cover_T484 -4
Cover_T485 20
Cover_T486 -4
Cover_T487 32
Cover_T488 -12
Cover_T489 52
Cover_T490 -4
Cover_T491 22
Cover_T492 2
Cover_T493 18
Cover_T494 8
Cover_T495 22
Cover_T496 10
Cover_T497 30
Cover_T498 4
Cover_T499 38
Cover_T500 -8
Cover_T501 18
Cover_T502 -20
Cover_T503 16
Cover_T504 4
Cover_T505 22
Cover_T506 4.26237e-11
Cover_T507 20
Cover_T508 -8
Cover_T509 32
Cover_T510 -6
Cover_T511 46
Cover_T512 -6
Cover_T513 20
Cover_T514 -12
Cover_T515 18
Cover_T516 -20
Cover_T517 22
Cover_T518 -12
Cover_T519 14
Cover_T520 -14
Cover_T521 26
Cover_T522 -18
Cover_T523 20
Cover_T524 -14
Cover_T525 18
Cover_T526 -20
Cover_T527 20
Cover_T528 -20
Cover_T529 20
Cover_T530 -34
Cover_T531 22
Cover_T532 -20
Cover_T533 22
Cover_T534 -20
Cover_T535 38
Cover_T536 -20
Cover_T537 54
Cover_T538 -26
Cover_T539 30
Cover_T540 -20
Cover_T541 22
Cover_T542 -34
Cover_T543 22
Cover_T544 -46
Cover_T545 26
Cover_T546 -22
Cover_T547 32
Cover_T548 -34
Cover_T549 26
Cover_T550 -26
Cover_T551 38
Cover_T552 -38
Cover_T553 50
Cover_T554 -50
Cover_T555 26
Cover_T556 -38
Cover_T557 40
Cover_T558 -22
Cover_T559 40
Cover_T560 -22
Cover_T561 56
Cover_T562 -30
Cover_T563 44
Cover_T564 -22
Cover_T565 32
Cover_T566 -24
Cover_T567 34
Cover_T568 -40
Cover_T569 42
Cover_T570 -22
Cover_T571 34
Cover_T572 -26
Cover_T573 42
Cover_T574 -28
Cover_T575 38
Cover_T576 -36
Cover_T577 50
Cover_T578 -26
Cover_T579 54
Cover_T580 -34
Cover_T581 42
Cover_T582 -26
Cover_T583 36
Cover_T584 -28
Cover_T585 32
Cover_T586 -36
Cover_T587 38
Cover_T588 -28
Cover_T589 50
Cover_T590 -36
Cover_T591 46
Cover_T592 -40
Cover_T593 54
Cover_T594 -36
Cover_T595 44
Cover_T596 -28
Cover_T597 46
Cover_T598 -28
Cover_T599 56
Cover_T600 -36
Cover_T601 40
Cover_T602 -44
Cover_T603 44
Cover_T604 -38
Cover_T605 44
Cover_T606 -40
Cover_T607 44
Cover_T608 -44
Cover_T609 52
Cover_T610 -44
Cover_T611 52
Cover_T612 -44
Cover_T613 52
Cover_T614 72
Cover_T615 -36
Cover_T616 60
Cover_T617 -24
Cover_T618 82
Cover_T619 -24
Cover_T620 70
Cover_T621 -14
Cover_T622 58
Cover_T623 -14
Cover_T624 72
Cover_T625 -14
Cover_T626 60
Cover_T627 18
Cover_T628 54
Cover_T629 -6
Cover_T630 46
Cover_T631 -6
Cover_T632 36
Cover_T633 952
Cover_T634 1018
Cover_T635 952
Cover_T636 998
Cover_T637 952
Cover_T638 998
Cover_T639 984
Cover_T640 986
Cover_T641 960
Cover_T642 974
Cover_T643 978
Cover_T644 1020
Cover_T645 986
Cover_T646 988
Cover_T647 976
Cover_T648 996
Cover_T649 978
Cover_T650 1000
Cover_T651 986
Cover_T652 1012
Cover_T653 986
Cover_T654 28
Cover_T655 0
Cover_T656 28
Cover_T657 6
Cover_T658 44
Cover_T659 14
Cover_T660 10
Cover_T661 22
Cover_T662 10
Cover_T663 30
Cover_T664 0
Cover_T665 -4
Cover_T666 4.57977e-09
Cover_T667 -12
Cover_T668 12
Cover_T669 -4
Cover_T670 0
Cover_T671 -12
Cover_T672 1.16569e-08
Cover_T673 8.3752e-10
Cover_T674 2
Cover_T675 -4
Cover_T676 10
Cover_T677 8
Cover_T678 12
Cover_T679 12
Cover_T680 6
Cover_T681 8
Cover_T682 0
Cover_T683 6
Cover_T684 1.39148e-10
Cover_T685 0
Cover_T686 4
Cover_T687 2
Cover_T688 4
Cover_T689 -2
Cover_T690 2
Cover_T691 -6
Cover_T692 12
Cover_T693 4
Cover_T694 -4
Cover_T695 6
Cover_T696 -20
Cover_T697 2
Cover_T698 1.13687e-13
Cover_T699 0
Cover_T700 10
Cover_T701 -2
Cover_T702 -2
Cover_T703 10
Cover_T704 12
Cover_T705 -4
Cover_T706 0
Cover_T707 8
Cover_T708 2
Cover_T709 20
Cover_T710 6
Cover_T711 32
Cover_T712 8
Cover_T713 8
Cover_T714 14
Cover_T715 -2
Cover_T716 2
Cover_T717 10
Cover_T718 -10
Cover_T719 -4
Cover_T720 6
Cover_T721 8
Cover_T722 14
Cover_T723 6
Cover_T724 2
Cover_T725 1.7809e-10
Cover_T726 0
Cover_T727 0
Cover_T728 8
Cover_T729 -6
Cover_T730 14
Cover_T731 6
Cover_T732 2
Cover_T733 18
Cover_T734 10
Cover_T735 2
Cover_T736 4.49788e-11
Cover_T737 -6
Cover_T738 10
Cover_T739 3.12604e-10
Cover_T740 8
Cover_T741 0
Cover_T742 6
Cover_T743 2
Cover_T744 2
Cover_T745 0
Cover_T746 -14
Cover_T747 -2
Cover_T748 -34
Cover_T749 0
Cover_T750 -6
Cover_T751 0
Cover_T752 -22
Cover_T753 0
Cover_T754 -38
Cover_T755 12
Cover_T756 4
Cover_T757 28
Cover_T758 4
Cover_T759 44
Cover_T760 6
Cover_T761 12
Cover_T762 6
Cover_T763 28
Cover_T764 8
Cover_T765 44
Cover_T766 6
Cover_T767 2
Cover_T768 -6
Cover_T769 2
Cover_T770 -22
Cover_T771 0
Cover_T772 -38
Cover_T773 0
Cover_T774 -38
Cover_T775 -2
Cover_T776 -8.18391e-09
Cover_T777 0
Cover_T778 -16
Cover_T779 12
Cover_T780 -32
Cover_T781 26
Cover_T782 -44
Cover_T783 42
Cover_T784 -4
Cover_T785 56
Cover_T786 0
Cover_T787 50
Cover_T788 -4
Cover_T789 8
Cover_T790 -4
Cover_T791 20
Cover_T792 -4
Cover_T793 34
Cover_T794 6
Cover_T795 54
Cover_T796 12
Cover_T797 66
Cover_T798 14
Cover_T799 34
Cover_T800 14
Cover_T801 18
Cover_T802 2
Cover_T803 32
Cover_T804 -10
Cover_T805 36
Cover_T806 8
Cover_T807 38
Cover_T808 0
Cover_T809 28
Cover_T810 8
Cover_T811 24
Cover_T812 8
Cover_T813 20
Cover_T814 -6.65963e-10
Cover_T815 22
Cover_T816 -8
Cover_T817 34
Cover_T818 -2
Cover_T819 50
Cover_T820 -2
Cover_T821 26
Cover_T822 -12
Cover_T823 22
Cover_T824 -12
Cover_T825 18
Cover_T826 -12
Cover_T827 26
Cover_T828 -12
Cover_T829 26
Cover_T830 -12
Cover_T831 24
Cover_T832 -14
Cover_T833 20
Cover_T834 -14
Cover_T835 28
Cover_T836 -14
Cover_T837 28
Cover_T838 -16
Cover_T839 24
Cover_T840 -16
Cover_T841 22
Cover_T842 -22
Cover_T843 24
Cover_T844 -38
Cover_T845 24
Cover_T846 -18
Cover_T847 24
Cover_T848 -20
Cover_T849 26
Cover_T850 -20
Cover_T851 30
Cover_T852 -22
Cover_T853 32
Cover_T854 -20
Cover_T855 48
Cover_T856 -38
Cover_T857 22
Cover_T858 -22
Cover_T859 32
Cover_T860 -24
Cover_T861 26
Cover_T862 -44
Cover_T863 28
Cover_T864 -40
Cover_T865 48
Cover_T866 -28
Cover_T867 32
Cover_T868 -22
Cover_T869 32
Cover_T870 -22
Cover_T871 48
Cover_T872 -30
Cover_T873 58
Cover_T874 -32
Cover_T875 58
Cover_T876 -22
Cover_T877 42
Cover_T878 -22
Cover_T879 34
Cover_T880 -28
Cover_T881 40
Cover_T882 -26
Cover_T883 38
Cover_T884 -28
Cover_T885 58
Cover_T886 -26
Cover_T887 42
Cover_T888 -26
Cover_T889 54
Cover_T890 -28
Cover_T891 50
Cover_T892 -28
Cover_T893 54
Cover_T894 -28
Cover_T895 48
Cover_T896 -42
Cover_T897 68
Cover_T898 -38
Cover_T899 52
Cover_T900 -40
Cover_T901 52
Cover_T902 -38
Cover_T903 64
Cover_T904 -38
Cover_T905 56
Cover_T906 -44
Cover_T907 66
Cover_T908 -44
Cover_T909 60
Cover_T910 -44
Cover_T911 52
Cover_T912 -44
Cover_T913 60
Cover_T914 -44
Cover_T915 10
Cover_T916 14
Cover_T917 74
Cover_T918 10
Cover_T919 62
Cover_T920 22
Cover_T921 50
Cover_T922 22
Cover_T923 44
Cover_T924 32
Cover_T925 32
Cover_T926 32
Cover_T927 20
Cover_T928 32
Cover_T929 0
Cover_T930 0
Cover_T931 14
Cover_T932 0
Cover_T933 4
Cover_T934 0
Cover_T935 0
Cover_T936 986
Cover_T937 1014
Cover_T938 986
Cover_T939 1014
Cover_T940 1020
Cover_T941 1014
Cover_T942 1032
Cover_T943 1028
Cover_T944 1022
Cover_T945 1028
Cover_T946 1016
Cover_T947 1028
Cover_T948 1024
Cover_T949 72
Cover_T950 0
Cover_T951 72
Cover_T952 0
Cover_T953 38
Cover_T954 0
Cover_T955 18
Cover_T956 -38
Cover_T957 28
Cover_T958 -18
Cover_T959 52
Cover_T960 -34
Cover_T961 52
Cover_T962 -14
Cover_T963 52
Cover_T964 0
Cover_T965 52
Cover_T966 0
Cover_T967 -2
Cover_T968 52
Cover_T969 -38
Cover_T970 40
Cover_T971 30
Cover_T972 68
Cover_T973 18
Cover_T974 64
Cover_T975 6
Cover_T976 70
Cover_T977 30
Cover_T978 70
Cover_T979 28
Cover_T980 80
Cover_T981 42
Cover_T982 70
Cover_T983 22
Cover_T984 0
Cover_T985 22
Cover_T986 12
Cover_T987 8.71914e-09
Cover_T988 24
Cover_T989 32
Cover_T990 0
Cover_T991 16
Cover_T992 0
Cover_T993 6
Cover_T994 -10
Cover_T995 8
Cover_T996 4
Cover_T997 34
Cover_T998 24
Cover_T999 16
Cover_T1000 -8
Cover_T1001 30
Cover_T1002 0
Cover_T1003 30
Cover_T1004 0
Cover_T1005 16
Cover_T1006 -4
Cover_T1007 20
Cover_T1008 14
Count_D0 -984
Count_D1 -1000
Max_H0_P0 0
Max_H0_P1 0
Max_H0_P2 0
Max_H0_P3 -1.98338e-11
Max_H0_P4 1.09381e-10
Max_H0_P5 -6.56099e-10
Max_H0_P6 -0
Max_H0_P7 0
Max_H0_P8 0
Max_H0_P9 0
Max_H0_P10 0
Max_H0_P11 0
Max_H0_P12 0
Max_H0_P13 0
Max_H0_P14 0
Max_H0_P15 -4.75637e-11
Max_H0_P16 0
Max_H0_P17 -3.05429e-10
Max_H0_P18 2.65346e-11
Max_H0_P19 -3.13412e-10
Max_H0_P20 -2.25668e-11
Max_H0_P21 -1.97827e-10
Max_H0_P22 -1.55296e-10
Max_H0_P23 -2.64432e-10
Max_H0_P24 -7.10651e-11
Max_H0_P25 4.84306e-11
Max_H0_P26 -1.16728e-10
Max_H0_P27 -2.07402e-10
Max_H0_P28 -1.13533e-10
Max_H0_P29 -1.02396e-10
Max_H0_P30 -2.31052e-10
Max_H0_P31 -1.20817e-10
Max_H0_P32 -9.70387e-11
Max_H0_P33 -1.0111e-10
Max_H0_P34 7.83702e-11
Max_H0_P35 1.3579e-10
Max_H0_P36 -1.46718e-10
Max_H0_P37 1.61559e-11
Max_H0_P38 -8.79084e-11
Max_H0_P39 -7.67151e-11
Max_H0_P40 -2.06235e-10
Max_H0_P41 -1.88051e-10
Max_H0_P42 7.85044e-12
Max_H0_P43 3.56627e-10
Max_H0_P44 2.49662e-10
Max_H0_P45 1.06126e-09
Max_H0_P46 0
Max_H0_P47 0
Max_H0_P48 0
Max_H0_P49 0
Max_H0_P50 0
Max_H0_P51 0
Max_H0_P52 0
Max_H0_P53 0
Max_H0_P54 0
Max_H0_P55 0
Max_H0_P56 0
Max_H0_P57 0
Max_H0_P58 0
Max_H0_P59 3.73512e-11
Max_H0_P60 1.66201e-10
Max_H0_P61 2.2261e-10
Max_H0_P62 -2.06555e-11
Max_H0_P63 0
Max_H0_P64 0
Max_H0_P65 0
Max_H0_P66 0
Max_H0_P67 0
Max_H0_P68 0
Max_H0_P69 0
Max_H0_P70 0
Max_H0_P71 0
Max_H0_P72 0
Max_H0_P73 0
Max_H0_P74 0
Max_H0_P75 0
Max_H0_P76 0
Max_H0_P77 -4.38471e-10
Max_H0_P78 0
Max_H0_P79 4.23405e-10
Max_H0_P80 0
Max_H0_P81 0
Max_H1_P0 0
Max_H1_P1 0
Max_H1_P2 -5.20632e-11
Max_H1_P3 1.18321e-10
Max_H1_P4 1.24365e-11
Max_H1_P5 -4.8626e-10
Max_H1_P6 9.44244e-11
Max_H1_P7 2.39164e-12
Max_H1_P8 0
Max_H1_P9 0
Max_H1_P10 0
Max_H1_P11 0
Max_H1_P12 0
Max_H1_P13 0
Max_H1_P14 0
Max_H1_P15 0
Max_H1_P16 -5.70743e-11
Max_H1_P17 -2.46555e-10
Max_H1_P18 -5.02057e-10
Max_H1_P19 -2.20244e-10
Max_H1_P20 -1.15186e-10
Max_H1_P21 -1.15712e-11
Max_H1_P22 -3.67981e-10
Max_H1_P23 -2.92621e-10
Max_H1_P24 1.0143e-10
Max_H1_P25 -2.9855e-10
Max_H1_P26 2.78825e-11
Max_H1_P27 -2.52243e-11
Max_H1_P28 -5.2597e-11
Max_H1_P29 -6.09361e-11
Max_H1_P30 3.5735e-11
Max_H1_P31 -1.55297e-10
Max_H1_P32 0
Max_H1_P33 -1.98056e-10
Max_H1_P34 -3.78001e-11
Max_H1_P35 -7.17525e-11
Max_H1_P36 -1.70285e-11
Max_H1_P37 4.3201e-12
Max_H1_P38 -8.94715e-11
Max_H1_P39 -9.59487e-11
Max_H1_P40 -7.68576e-11
Max_H1_P41 -1.25465e-10
Max_H1_P42 -4.43281e-10
Max_H1_P43 1.97957e-10
Max_H1_P44 0
Max_H1_P45 7.73595e-10
Max_H1_P46 2.84611e-10
Max_H1_P47 0
Max_H1_P48 0
Max_H1_P49 0
Max_H1_P50 0
Max_H1_P51 0
Max_H1_P52 0
Max_H1_P53 0
Max_H1_P54 0
Max_H1_P55 4.21623e-11
Max_H1_P56 -9.504e-11
Max_H1_P57 0
Max_H1_P58 7.35172e-10
Max_H1_P59 0
Max_H1_P60 1.38954e-10
Max_H1_P61 3.80965e-10
Max_H1_P62 0
Max_H1_P63 0
Max_H1_P64 -3.18548e-10
Max_H1_P65 0
Max_H1_P66 -8.50353e-11
Max_H1_P67 0
Max_H1_P68 0
Max_H1_P69 0
Max_H1_P70 0
Max_H1_P71 0
Max_H1_P72 0
Max_H1_P73 0
Max_H1_P74 0
Max_H1_P75 0
Max_H1_P76 -9.45505e-10
Max_H1_P77 8.30212e-10
Max_H1_P78 -5.08265e-11
Max_H1_P79 -3.3617e-10
Max_H1_P80 5.1668e-10
Max_H1_P81 0
