Cover_T0 52
Cover_T1 -52
Cover_T2 52
Cover_T3 -52
Cover_T4 52
Cover_T5 -52
Cover_T6 52
Cover_T7 -52
Cover_T8 52
Cover_T9 -52
Cover_T10 52
Cover_T11 -52
Cover_T12 52
Cover_T13 -52
Cover_T14 52
Cover_T15 -52
Cover_T16 52
Cover_T17 -52
Cover_T18 52
Cover_T19 -52
Cover_T20 52
Cover_T21 -52
Cover_T22 52
Cover_T23 -52
Cover_T24 54
Cover_T25 -52
Cover_T26 54
Cover_T27 -50
Cover_T28 54
Cover_T29 -50
Cover_T30 54
Cover_T31 -50
Cover_T32 56
Cover_T33 -48
Cover_T34 56
Cover_T35 -48
Cover_T36 56
Cover_T37 -46
Cover_T38 56
Cover_T39 -46
Cover_T40 56
Cover_T41 -46
Cover_T42 54
Cover_T43 -46
Cover_T44 54
Cover_T45 -48
Cover_T46 56
Cover_T47 -42
Cover_T48 52
Cover_T49 -42
Cover_T50 52
Cover_T51 -42
Cover_T52 52
Cover_T53 -42
Cover_T54 54
Cover_T55 -42
Cover_T56 66
Cover_T57 980
Cover_T58 52
Cover_T59 968
Cover_T60 1002
Cover_T61 986
Cover_T62 1046
Cover_T63 996
Cover_T64 1046
Cover_T65 988
Cover_T66 1042
Cover_T67 980
Cover_T68 24
Cover_T69 994
Cover_T70 36
Cover_T71 44
Cover_T72 12
Cover_T73 4
Cover_T74 8
Cover_T75 -5.6616e-10
Cover_T76 -8
Cover_T77 5.54346e-12
Cover_T78 -24
Cover_T79 0
Cover_T80 2
Cover_T81 2
Cover_T82 4.32915e-11
Cover_T83 6
Cover_T84 0
Cover_T85 22
Cover_T86 4
Cover_T87 40
Cover_T88 4
Cover_T89 0
Cover_T90 -2
Cover_T91 4
Cover_T92 -6
Cover_T93 4
Cover_T94 -6
Cover_T95 4
Cover_T96 -20
Cover_T97 10
Cover_T98 -40
Cover_T99 14
Cover_T100 -2
Cover_T101 8
Cover_T102 1.10253e-10
Cover_T103 28
Cover_T104 -4
Cover_T105 48
Cover_T106 1.34541e-11
Cover_T107 10
Cover_T108 4.23876e-11
Cover_T109 8
Cover_T110 4
Cover_T111 8
Cover_T112 4
Cover_T113 20
Cover_T114 4
Cover_T115 8
Cover_T116 -2
Cover_T117 -6.14527e-12
Cover_T118 0
Cover_T119 -2.74191e-11
Cover_T120 2
Cover_T121 -1.2802e-10
Cover_T122 0
Cover_T123 -1.10797e-10
Cover_T124 -2
Cover_T125 0
Cover_T126 2
Cover_T127 6
Cover_T128 -4
Cover_T129 4
Cover_T130 1.63776e-11
Cover_T131 6
Cover_T132 4
Cover_T133 6
Cover_T134 4
Cover_T135 4
Cover_T136 6.73324e-11
Cover_T137 8
Cover_T138 -6.88942e-11
Cover_T139 4
Cover_T140 -14
Cover_T141 4
Cover_T142 -34
Cover_T143 8
Cover_T144 2
Cover_T145 8
Cover_T146 -2
Cover_T147 22
Cover_T148 0
Cover_T149 42
Cover_T150 2
Cover_T151 6
Cover_T152 -2
Cover_T153 10
Cover_T154 2
Cover_T155 8
Cover_T156 4.59921e-12
Cover_T157 6
Cover_T158 -8
Cover_T159 10
Cover_T160 -28
Cover_T161 6
Cover_T162 -48
Cover_T163 8
Cover_T164 -20
Cover_T165 16
Cover_T166 -40
Cover_T167 34
Cover_T168 2
Cover_T169 50
Cover_T170 -4.30264e-11
Cover_T171 52
Cover_T172 -16
Cover_T173 34
Cover_T174 2
Cover_T175 58
Cover_T176 4
Cover_T177 16
Cover_T178 4
Cover_T179 10
Cover_T180 4
Cover_T181 34
Cover_T182 4
Cover_T183 16
Cover_T184 4
Cover_T185 20
Cover_T186 2
Cover_T187 20
Cover_T188 4
Cover_T189 20
Cover_T190 -6
Cover_T191 20
Cover_T192 -6
Cover_T193 22
Cover_T194 -4
Cover_T195 24
Cover_T196 -6
Cover_T197 26
Cover_T198 -26
Cover_T199 18
Cover_T200 -10
Cover_T201 24
Cover_T202 -10
Cover_T203 22
Cover_T204 -10
Cover_T205 30
Cover_T206 -14
Cover_T207 46
Cover_T208 -14
Cover_T209 30
Cover_T210 -14
Cover_T211 20
Cover_T212 -16
Cover_T213 20
Cover_T214 -16
Cover_T215 22
Cover_T216 -20
Cover_T217 20
Cover_T218 -24
Cover_T219 20
Cover_T220 -20
Cover_T221 20
Cover_T222 -20
Cover_T223 20
Cover_T224 -28
Cover_T225 24
Cover_T226 -20
Cover_T227 24
Cover_T228 -20
Cover_T229 28
Cover_T230 -24
Cover_T231 24
Cover_T232 -20
Cover_T233 20
Cover_T234 -30
Cover_T235 24
Cover_T236 -20
Cover_T237 28
Cover_T238 -42
Cover_T239 38
Cover_T240 -20
Cover_T241 24
Cover_T242 -20
Cover_T243 34
Cover_T244 -20
Cover_T245 50
Cover_T246 -22
Cover_T247 50
Cover_T248 -38
Cover_T249 34
Cover_T250 -36
Cover_T251 34
Cover_T252 -20
Cover_T253 34
Cover_T254 -20
Cover_T255 38
Cover_T256 -22
Cover_T257 54
Cover_T258 -38
Cover_T259 52
Cover_T260 -26
Cover_T261 38
Cover_T262 -22
Cover_T263 48
Cover_T264 -24
Cover_T265 48
Cover_T266 -24
Cover_T267 64
Cover_T268 -24
Cover_T269 52
Cover_T270 -34
Cover_T271 54
Cover_T272 -28
Cover_T273 56
Cover_T274 -28
Cover_T275 54
Cover_T276 -32
Cover_T277 54
Cover_T278 -38
Cover_T279 70
Cover_T280 -38
Cover_T281 62
Cover_T282 -40
Cover_T283 62
Cover_T284 -42
Cover_T285 52
Cover_T286 -52
Cover_T287 52
Cover_T288 -52
Cover_T289 52
Cover_T290 -52
Cover_T291 54
Cover_T292 -52
Cover_T293 52
Cover_T294 -50
Cover_T295 54
Cover_T296 -48
Cover_T297 56
Cover_T298 -48
Cover_T299 56
Cover_T300 -48
Cover_T301 56
Cover_T302 -46
Cover_T303 58
Cover_T304 -46
Cover_T305 58
Cover_T306 -46
Cover_T307 52
Cover_T308 -46
Cover_T309 54
Cover_T310 -46
Cover_T311 48
Cover_T312 -38
Cover_T313 52
Cover_T314 -38
Cover_T315 50
Cover_T316 -44
Cover_T317 52
Cover_T318 -40
Cover_T319 58
Cover_T320 -36
Cover_T321 50
Cover_T322 -44
Cover_T323 64
Cover_T324 982
Cover_T325 52
Cover_T326 974
Cover_T327 40
Cover_T328 966
Cover_T329 1002
Cover_T330 988
Cover_T331 1042
Cover_T332 980
Cover_T333 1034
Cover_T334 996
Cover_T335 1046
Cover_T336 976
Cover_T337 20
Cover_T338 988
Cover_T339 28
Cover_T340 992
Cover_T341 36
Cover_T342 42
Cover_T343 4
Cover_T344 2.68674e-11
Cover_T345 6
Cover_T346 -4.89536e-10
Cover_T347 4
Cover_T348 4
Cover_T349 -22
Cover_T350 -4
Cover_T351 4
Cover_T352 2
Cover_T353 4
Cover_T354 22
Cover_T355 4
Cover_T356 40
Cover_T357 -2
Cover_T358 10
Cover_T359 2
Cover_T360 6
Cover_T361 0
Cover_T362 2
Cover_T363 9.12692e-12
Cover_T364 8
Cover_T365 4
Cover_T366 4
Cover_T367 -6
Cover_T368 6
Cover_T369 -22
Cover_T370 6
Cover_T371 -40
Cover_T372 6
Cover_T373 -2
Cover_T374 20
Cover_T375 -2.37694e-11
Cover_T376 40
Cover_T377 -4
Cover_T378 2
Cover_T379 1.86606e-11
Cover_T380 -1.31169e-10
Cover_T381 -4.42668e-10
Cover_T382 4
Cover_T383 4
Cover_T384 0
Cover_T385 -4
Cover_T386 1.06326e-10
Cover_T387 -6
Cover_T388 -4
Cover_T389 2
Cover_T390 4
Cover_T391 2
Cover_T392 6
Cover_T393 4
Cover_T394 -2
Cover_T395 4
Cover_T396 4.67626e-11
Cover_T397 -8
Cover_T398 2
Cover_T399 4
Cover_T400 -2
Cover_T401 0
Cover_T402 4
Cover_T403 -3.79092e-11
Cover_T404 -4.26198e-11
Cover_T405 4
Cover_T406 12
Cover_T407 -8
Cover_T408 -2.78478e-10
Cover_T409 0
Cover_T410 4
Cover_T411 -6
Cover_T412 4
Cover_T413 -18
Cover_T414 3.62661e-11
Cover_T415 -34
Cover_T416 2.96225e-11
Cover_T417 2
Cover_T418 14
Cover_T419 -2
Cover_T420 34
Cover_T421 5.09015e-11
Cover_T422 -2
Cover_T423 2
Cover_T424 2
Cover_T425 -2
Cover_T426 -1.11783e-10
Cover_T427 2
Cover_T428 -2
Cover_T429 0
Cover_T430 2
Cover_T431 -8
Cover_T432 -2
Cover_T433 -28
Cover_T434 -3.01066e-11
Cover_T435 -48
Cover_T436 8
Cover_T437 -20
Cover_T438 28
Cover_T439 -40
Cover_T440 48
Cover_T441 -2
Cover_T442 20
Cover_T443 -8
Cover_T444 40
Cover_T445 -28
Cover_T446 10
Cover_T447 4
Cover_T448 16
Cover_T449 3.41061e-11
Cover_T450 32
Cover_T451 -2
Cover_T452 24
Cover_T453 -2
Cover_T454 22
Cover_T455 -2
Cover_T456 20
Cover_T457 -2
Cover_T458 22
Cover_T459 -10
Cover_T460 26
Cover_T461 -4
Cover_T462 26
Cover_T463 -4
Cover_T464 26
Cover_T465 -4
Cover_T466 26
Cover_T467 -20
Cover_T468 16
Cover_T469 -40
Cover_T470 20
Cover_T471 -14
Cover_T472 24
Cover_T473 -14
Cover_T474 46
Cover_T475 -20
Cover_T476 22
Cover_T477 -14
Cover_T478 20
Cover_T479 -16
Cover_T480 20
Cover_T481 -20
Cover_T482 20
Cover_T483 -20
Cover_T484 20
Cover_T485 -20
Cover_T486 20
Cover_T487 -20
Cover_T488 20
Cover_T489 -20
Cover_T490 20
Cover_T491 -20
Cover_T492 28
Cover_T493 -20
Cover_T494 20
Cover_T495 -20
Cover_T496 20
Cover_T497 -26
Cover_T498 24
Cover_T499 -38
Cover_T500 24
Cover_T501 -20
Cover_T502 24
Cover_T503 -24
Cover_T504 24
Cover_T505 -30
Cover_T506 30
Cover_T507 -42
Cover_T508 42
Cover_T509 -38
Cover_T510 26
Cover_T511 -20
Cover_T512 36
Cover_T513 -20
Cover_T514 46
Cover_T515 -20
Cover_T516 46
Cover_T517 -22
Cover_T518 28
Cover_T519 -38
Cover_T520 30
Cover_T521 -36
Cover_T522 30
Cover_T523 -20
Cover_T524 32
Cover_T525 -22
Cover_T526 40
Cover_T527 -26
Cover_T528 50
Cover_T529 -34
Cover_T530 58
Cover_T531 -26
Cover_T532 48
Cover_T533 -34
Cover_T534 56
Cover_T535 -42
Cover_T536 32
Cover_T537 -22
Cover_T538 28
Cover_T539 -30
Cover_T540 34
Cover_T541 -24
Cover_T542 42
Cover_T543 -28
Cover_T544 44
Cover_T545 -24
Cover_T546 44
Cover_T547 -24
Cover_T548 60
Cover_T549 -24
Cover_T550 32
Cover_T551 -24
Cover_T552 48
Cover_T553 -26
Cover_T554 36
Cover_T555 -26
Cover_T556 42
Cover_T557 -42
Cover_T558 42
Cover_T559 -36
Cover_T560 44
Cover_T561 -36
Cover_T562 50
Cover_T563 -38
Cover_T564 74
Cover_T565 -38
Cover_T566 66
Cover_T567 -38
Cover_T568 66
Cover_T569 -38
Cover_T570 54
Cover_T571 -48
Cover_T572 54
Cover_T573 -46
Cover_T574 56
Cover_T575 -46
Cover_T576 56
Cover_T577 -48
Cover_T578 54
Cover_T579 -46
Cover_T580 54
Cover_T581 -48
Cover_T582 58
Cover_T583 -38
Cover_T584 54
Cover_T585 -38
Cover_T586 56
Cover_T587 -38
Cover_T588 60
Cover_T589 -38
Cover_T590 70
Cover_T591 986
Cover_T592 60
Cover_T593 978
Cover_T594 52
Cover_T595 966
Cover_T596 1008
Cover_T597 988
Cover_T598 994
Cover_T599 986
Cover_T600 1038
Cover_T601 992
Cover_T602 1038
Cover_T603 996
Cover_T604 1042
Cover_T605 992
Cover_T606 1034
Cover_T607 996
Cover_T608 1046
Cover_T609 992
Cover_T610 1038
Cover_T611 976
Cover_T612 16
Cover_T613 984
Cover_T614 20
Cover_T615 992
Cover_T616 32
Cover_T617 38
Cover_T618 4
Cover_T619 46
Cover_T620 8
Cover_T621 6
Cover_T622 -12
Cover_T623 0
Cover_T624 -28
Cover_T625 2
Cover_T626 2
Cover_T627 0
Cover_T628 0
Cover_T629 0
Cover_T630 4
Cover_T631 8
Cover_T632 -2
Cover_T633 24
Cover_T634 2
Cover_T635 40
Cover_T636 -3.00846e-11
Cover_T637 10
Cover_T638 0
Cover_T639 6
Cover_T640 4
Cover_T641 2
Cover_T642 -6
Cover_T643 8
Cover_T644 -22
Cover_T645 4
Cover_T646 -38
Cover_T647 6
Cover_T648 4
Cover_T649 6
Cover_T650 -10
Cover_T651 -2
Cover_T652 0
Cover_T653 10
Cover_T654 4
Cover_T655 16
Cover_T656 -8
Cover_T657 28
Cover_T658 -20
Cover_T659 40
Cover_T660 -8
Cover_T661 52
Cover_T662 0
Cover_T663 6
Cover_T664 0
Cover_T665 18
Cover_T666 6.48446e-11
Cover_T667 8
Cover_T668 1.32765e-10
Cover_T669 4
Cover_T670 4
Cover_T671 20
Cover_T672 2
Cover_T673 12
Cover_T674 0
Cover_T675 8
Cover_T676 4
Cover_T677 0
Cover_T678 4
Cover_T679 4
Cover_T680 0
Cover_T681 2
Cover_T682 -6
Cover_T683 4
Cover_T684 2
Cover_T685 8
Cover_T686 2
Cover_T687 8
Cover_T688 -2
Cover_T689 5.86766e-11
Cover_T690 -2
Cover_T691 10
Cover_T692 -16
Cover_T693 6
Cover_T694 -36
Cover_T695 6
Cover_T696 0
Cover_T697 6
Cover_T698 4
Cover_T699 18
Cover_T700 -8
Cover_T701 10
Cover_T702 2
Cover_T703 16
Cover_T704 4
Cover_T705 28
Cover_T706 0
Cover_T707 40
Cover_T708 4
Cover_T709 52
Cover_T710 -8
Cover_T711 8
Cover_T712 4
Cover_T713 4
Cover_T714 0
Cover_T715 16
Cover_T716 -2
Cover_T717 8
Cover_T718 -6
Cover_T719 2
Cover_T720 -22
Cover_T721 2
Cover_T722 -38
Cover_T723 18
Cover_T724 -40
Cover_T725 2
Cover_T726 -22
Cover_T727 8
Cover_T728 -38
Cover_T729 12
Cover_T730 4
Cover_T731 28
Cover_T732 4
Cover_T733 40
Cover_T734 -8
Cover_T735 52
Cover_T736 -20
Cover_T737 50
Cover_T738 2
Cover_T739 36
Cover_T740 -10
Cover_T741 40
Cover_T742 -4
Cover_T743 58
Cover_T744 0
Cover_T745 14
Cover_T746 4
Cover_T747 12
Cover_T748 -8
Cover_T749 26
Cover_T750 -4
Cover_T751 42
Cover_T752 -2
Cover_T753 22
Cover_T754 -2
Cover_T755 22
Cover_T756 -2
Cover_T757 26
Cover_T758 4
Cover_T759 26
Cover_T760 -4
Cover_T761 26
Cover_T762 -4
Cover_T763 26
Cover_T764 -10
Cover_T765 28
Cover_T766 -26
Cover_T767 26
Cover_T768 -14
Cover_T769 20
Cover_T770 -10
Cover_T771 22
Cover_T772 -12
Cover_T773 24
Cover_T774 -10
Cover_T775 20
Cover_T776 -14
Cover_T777 26
Cover_T778 -14
Cover_T779 38
Cover_T780 -14
Cover_T781 50
Cover_T782 -14
Cover_T783 30
Cover_T784 -14
Cover_T785 26
Cover_T786 -18
Cover_T787 24
Cover_T788 -16
Cover_T789 24
Cover_T790 -16
Cover_T791 24
Cover_T792 -20
Cover_T793 24
Cover_T794 -20
Cover_T795 22
Cover_T796 -20
Cover_T797 30
Cover_T798 -20
Cover_T799 26
Cover_T800 -20
Cover_T801 26
Cover_T802 -20
Cover_T803 30
Cover_T804 -40
Cover_T805 30
Cover_T806 -22
Cover_T807 22
Cover_T808 -36
Cover_T809 26
Cover_T810 -40
Cover_T811 28
Cover_T812 -26
Cover_T813 50
Cover_T814 -28
Cover_T815 28
Cover_T816 -28
Cover_T817 38
Cover_T818 -30
Cover_T819 56
Cover_T820 -46
Cover_T821 56
Cover_T822 -44
Cover_T823 38
Cover_T824 -28
Cover_T825 38
Cover_T826 -28
Cover_T827 40
Cover_T828 -28
Cover_T829 42
Cover_T830 -22
Cover_T831 48
Cover_T832 -22
Cover_T833 44
Cover_T834 -22
Cover_T835 44
Cover_T836 -24
Cover_T837 48
Cover_T838 -28
Cover_T839 46
Cover_T840 -24
Cover_T841 56
Cover_T842 -32
Cover_T843 54
Cover_T844 -32
Cover_T845 54
Cover_T846 -32
Cover_T847 58
Cover_T848 -38
Cover_T849 66
Cover_T850 -38
Cover_T851 58
Cover_T852 -44
Cover_T853 58
Cover_T854 -46
Cover_T855 58
Cover_T856 6
Cover_T857 -2
Cover_T858 12
Cover_T859 2
Cover_T860 8
Cover_T861 7.11393e-10
Cover_T862 14
Cover_T863 2
Cover_T864 18
Cover_T865 -7.93914e-10
Cover_T866 8
Cover_T867 0
Cover_T868 4
Cover_T869 0
Cover_T870 6
Cover_T871 2
Cover_T872 14
Cover_T873 0
Cover_T874 6
Cover_T875 1030
Cover_T876 1046
Cover_T877 1016
Cover_T878 1048
Cover_T879 1016
Cover_T880 1038
Cover_T881 1038
Cover_T882 1090
Cover_T883 1038
Cover_T884 1082
Cover_T885 1044
Cover_T886 1094
Cover_T887 1042
Cover_T888 1082
Cover_T889 1044
Cover_T890 1086
Cover_T891 1032
Cover_T892 1090
Cover_T893 1042
Cover_T894 68
Cover_T895 0
Cover_T896 72
Cover_T897 0
Cover_T898 80
Cover_T899 8
Cover_T900 48
Cover_T901 -40
Cover_T902 56
Cover_T903 -28
Cover_T904 44
Cover_T905 52
Cover_T906 -26
Cover_T907 60
Cover_T908 -28
Cover_T909 50
Cover_T910 0
Cover_T911 66
Cover_T912 16
Cover_T913 66
Cover_T914 16
Cover_T915 66
Cover_T916 26
Cover_T917 44
Cover_T918 50
Cover_T919 64
Cover_T920 32
Cover_T921 68
Cover_T922 42
Cover_T923 24
Cover_T924 40
Cover_T925 0
Cover_T926 26
Cover_T927 0
Cover_T928 14
Cover_T929 0
Cover_T930 0
Cover_T931 -6
Cover_T932 38
Cover_T933 -10
Cover_T934 4
Cover_T935 18
Cover_T936 32
Cover_T937 34
Cover_T938 16
Cover_T939 26
Cover_T940 28
Cover_T941 0
Count_D0 -984
Count_D1 -1000
Max_H0_P0 0
Max_H0_P1 0
Max_H0_P2 0
Max_H0_P3 0
Max_H0_P4 0
Max_H0_P5 -3.86962e-11
Max_H0_P6 1.20153e-11
Max_H0_P7 0
Max_H0_P8 0
Max_H0_P9 0
Max_H0_P10 0
Max_H0_P11 0
Max_H0_P12 0
Max_H0_P13 0
Max_H0_P14 0
Max_H0_P15 4.62048e-12
Max_H0_P16 7.15539e-12
Max_H0_P17 8.09994e-12
Max_H0_P18 -1.78718e-12
Max_H0_P19 -4.66116e-12
Max_H0_P20 2.5577e-11
Max_H0_P21 -3.78016e-11
Max_H0_P22 0
Max_H0_P23 1.98345e-11
Max_H0_P24 -1.61506e-11
Max_H0_P25 -1.59848e-11
Max_H0_P26 4.03118e-13
Max_H0_P27 1.83651e-12
Max_H0_P28 -3.17924e-11
Max_H0_P29 -3.13456e-11
Max_H0_P30 -2.79599e-12
Max_H0_P31 0
Max_H0_P32 2.80125e-11
Max_H0_P33 -2.80125e-11
Max_H0_P34 0
Max_H0_P35 -4.09678e-11
Max_H0_P36 3.19815e-11
Max_H0_P37 -8.03075e-12
Max_H0_P38 0
Max_H0_P39 -2.13158e-11
Max_H0_P40 -9.91252e-12
Max_H0_P41 6.97759e-12
Max_H0_P42 -2.68348e-12
Max_H0_P43 2.00719e-11
Max_H0_P44 0
Max_H0_P45 -1.29453e-10
Max_H0_P46 0
Max_H0_P47 0
Max_H0_P48 0
Max_H0_P49 0
Max_H0_P50 0
Max_H0_P51 0
Max_H0_P52 0
Max_H0_P53 0
Max_H0_P54 0
Max_H0_P55 3.27732e-11
Max_H0_P56 0
Max_H0_P57 0
Max_H0_P58 5.84865e-11
Max_H0_P59 6.00879e-11
Max_H0_P60 0
Max_H0_P61 6.26956e-11
Max_H0_P62 -2.08011e-11
Max_H0_P63 0
Max_H0_P64 0
Max_H0_P65 0
Max_H0_P66 0
Max_H0_P67 0
Max_H0_P68 0
Max_H0_P69 0
Max_H0_P70 0
Max_H0_P71 0
Max_H0_P72 0
Max_H0_P73 0
Max_H0_P74 0
Max_H0_P75 0
Max_H0_P76 0
Max_H0_P77 0
Max_H0_P78 0
Max_H0_P79 0
Max_H0_P80 0
Max_H0_P81 0
Max_H1_P0 0
Max_H1_P1 0
Max_H1_P2 0
Max_H1_P3 0
Max_H1_P4 0
Max_H1_P5 -1.03341e-10
Max_H1_P6 0
Max_H1_P7 0
Max_H1_P8 0
Max_H1_P9 0
Max_H1_P10 0
Max_H1_P11 0
Max_H1_P12 0
Max_H1_P13 0
Max_H1_P14 0
Max_H1_P15 8.09994e-12
Max_H1_P16 0
Max_H1_P17 -0
Max_H1_P18 0
Max_H1_P19 -1.08002e-11
Max_H1_P20 -4.30393e-11
Max_H1_P21 -1.97094e-11
Max_H1_P22 4.83433e-11
Max_H1_P23 -2.50858e-11
Max_H1_P24 9.12891e-12
Max_H1_P25 -1.3545e-11
Max_H1_P26 -2.68123e-11
Max_H1_P27 -2.23383e-11
Max_H1_P28 4.87144e-11
Max_H1_P29 5.39946e-13
Max_H1_P30 0
Max_H1_P31 6.48512e-11
Max_H1_P32 0
Max_H1_P33 3.88312e-12
Max_H1_P34 -2.90292e-11
Max_H1_P35 -4.94409e-11
Max_H1_P36 0
Max_H1_P37 -3.65059e-11
Max_H1_P38 2.83615e-11
Max_H1_P39 -1.7323e-11
Max_H1_P40 -2.98688e-11
Max_H1_P41 -2.39358e-11
Max_H1_P42 2.03809e-11
Max_H1_P43 1.00738e-10
Max_H1_P44 0
Max_H1_P45 -1.58356e-10
Max_H1_P46 -1.94973e-11
Max_H1_P47 0
Max_H1_P48 0
Max_H1_P49 0
Max_H1_P50 0
Max_H1_P51 0
Max_H1_P52 1.08411e-10
Max_H1_P53 0
Max_H1_P54 -4.4299e-11
Max_H1_P55 0
Max_H1_P56 0
Max_H1_P57 0
Max_H1_P58 -6.04479e-11
Max_H1_P59 1.26884e-10
Max_H1_P60 3.12586e-11
Max_H1_P61 -1.98934e-11
Max_H1_P62 -4.3362e-11
Max_H1_P63 4.68441e-11
Max_H1_P64 0
Max_H1_P65 0
Max_H1_P66 6.43468e-11
Max_H1_P67 0
Max_H1_P68 0
Max_H1_P69 0
Max_H1_P70 0
Max_H1_P71 0
Max_H1_P72 0
Max_H1_P73 0
Max_H1_P74 0
Max_H1_P75 0
Max_H1_P76 -9.3451e-11
Max_H1_P77 9.02558e-11
Max_H1_P78 0
Max_H1_P79 0
Max_H1_P80 0
Max_H1_P81 0
