
Branch and bound

  Entire solving process        :                           (Time    211.3)
  No feasible solution was found
  Best relaxation cost          :     70777.67 (Node     0) (Time    211.2)
  Lower bound after cuts        :     70777.67
  End lower bound               :     70777.67
  Deepest level reached         : 0
  Deepest real level reached    : 0
  Number of real nodes solved   : 1
  Stopping condition            : enough nodes explored

Problem identification

  Problem                       : <null>
  Machine                       : oslo1.gerad.lan

Solving process summary

  Linear relaxations            :        1
  Column generation iterations  :      117
  Shortest paths solved         :     7017
  Columns generated             :    60047

Instance characteristics

  Resources                     : 3
  Node types                    : no
  Arc types                     : no
  Strong resource windows       : no
  Weak resource windows         : no
  Resource windows (nodes)      : 3
  Resource values (arcs)        : 3
  Values on nodes               : no

  Rows                          : 1108
  Initial columns               : 514
  Tasks                         : 946
  Strong tasks                  : 648
  Weak tasks                    : 4
  Initial task constraints      : no
  Nodes                         : 1274
  Arc sets                      : 1
  Arcs                          : 39543
  Networks                      : 2
  Models                        : 1

Memory used per module (Megs)

  Parser (reused)               :      8.241
  Networks                      :     36.689
  Column generator              :      7.750
  Master problem                :     10.653
  -----------------
  Total                         :     55.092

Cpu time per module (seconds)

  Parser                        :        0.0
  Preprocessor                  :        0.0
  Lr solver manager             :        0.1
  Column generator              :       81.3
    (Shortest path)             :       70.2
  Master problem                :      129.8
  -------------------
  Total (without b&b)           :      211.2

Real elapsed time (seconds)

  Parser                        :        0.0
  Preprocessor                  :        0.0
  Lr solver manager             :        0.3
  Column generator              :       81.4
    (Shortest path)             :       70.3
  Master problem                :      129.8
  -------------------
  Total (without b&b)           :      211.5
