
Branch and bound

  Entire solving process        :                           (Time     95.8)
  No feasible solution was found
  Best relaxation cost          :     37029.95 (Node     0) (Time     95.8)
  Lower bound after cuts        :     37029.95
  End lower bound               :     37029.95
  Deepest level reached         : 0
  Deepest real level reached    : 0
  Number of real nodes solved   : 1
  Stopping condition            : enough nodes explored

Problem identification

  Problem                       : <null>
  Machine                       : oslo2.gerad.lan

Solving process summary

  Linear relaxations            :        1
  Column generation iterations  :      175
  Shortest paths solved         :     3093
  Columns generated             :    26989

Instance characteristics

  Resources                     : 3
  Node types                    : no
  Arc types                     : no
  Strong resource windows       : no
  Weak resource windows         : no
  Resource windows (nodes)      : 3
  Resource values (arcs)        : 3
  Values on nodes               : no

  Rows                          : 699
  Initial columns               : 2
  Tasks                         : 537
  Strong tasks                  : 533
  Weak tasks                    : 4
  Initial task constraints      : no
  Nodes                         : 865
  Arc sets                      : 1
  Arcs                          : 14768
  Networks                      : 2
  Models                        : 1

Memory used per module (Megs)

  Parser (reused)               :      3.398
  Networks                      :     20.100
  Column generator              :      5.449
  Master problem                :      7.236
  -----------------
  Total                         :     32.785

Cpu time per module (seconds)

  Parser                        :        0.0
  Preprocessor                  :        0.0
  Lr solver manager             :        0.1
  Column generator              :       10.3
    (Shortest path)             :        8.9
  Master problem                :       85.4
  -------------------
  Total (without b&b)           :       95.8

Real elapsed time (seconds)

  Parser                        :        0.0
  Preprocessor                  :        0.0
  Lr solver manager             :        0.1
  Column generator              :       10.2
    (Shortest path)             :        8.8
  Master problem                :       85.6
  -------------------
  Total (without b&b)           :       95.9
