
Branch and bound

  Entire solving process        :                           (Time     49.0)
  No feasible solution was found
  Best relaxation cost          :     34834.02 (Node     0) (Time     49.0)
  Lower bound after cuts        :     34834.02
  End lower bound               :     34834.02
  Deepest level reached         : 0
  Deepest real level reached    : 0
  Number of real nodes solved   : 1
  Stopping condition            : enough nodes explored

Problem identification

  Problem                       : <null>
  Machine                       : oslo3.gerad.lan

Solving process summary

  Linear relaxations            :        1
  Column generation iterations  :      129
  Shortest paths solved         :     2548
  Columns generated             :    23499

Instance characteristics

  Resources                     : 3
  Node types                    : no
  Arc types                     : no
  Strong resource windows       : no
  Weak resource windows         : no
  Resource windows (nodes)      : 3
  Resource values (arcs)        : 3
  Values on nodes               : no

  Rows                          : 675
  Initial columns               : 2
  Tasks                         : 513
  Strong tasks                  : 509
  Weak tasks                    : 4
  Initial task constraints      : no
  Nodes                         : 841
  Arc sets                      : 1
  Arcs                          : 13871
  Networks                      : 2
  Models                        : 1

Memory used per module (Megs)

  Parser (reused)               :      3.156
  Networks                      :     19.011
  Column generator              :      6.660
  Master problem                :      6.911
  -----------------
  Total                         :     32.581

Cpu time per module (seconds)

  Parser                        :        0.0
  Preprocessor                  :        0.0
  Lr solver manager             :        0.1
  Column generator              :        7.4
    (Shortest path)             :        6.5
  Master problem                :       41.5
  -------------------
  Total (without b&b)           :       48.9

Real elapsed time (seconds)

  Parser                        :        0.0
  Preprocessor                  :        0.0
  Lr solver manager             :        0.0
  Column generator              :        7.4
    (Shortest path)             :        6.4
  Master problem                :       41.5
  -------------------
  Total (without b&b)           :       49.0
