
Branch and bound

  Entire solving process        :                           (Time     43.3)
  No feasible solution was found
  Best relaxation cost          :     34686.94 (Node     0) (Time     43.3)
  Lower bound after cuts        :     34686.94
  End lower bound               :     34686.94
  Deepest level reached         : 0
  Deepest real level reached    : 0
  Number of real nodes solved   : 1
  Stopping condition            : enough nodes explored

Problem identification

  Problem                       : <null>
  Machine                       : oslo3.gerad.lan

Solving process summary

  Linear relaxations            :        1
  Column generation iterations  :      110
  Shortest paths solved         :     5081
  Columns generated             :    29628

Instance characteristics

  Resources                     : 3
  Node types                    : no
  Arc types                     : no
  Strong resource windows       : no
  Weak resource windows         : no
  Resource windows (nodes)      : 3
  Resource values (arcs)        : 3
  Values on nodes               : no

  Rows                          : 675
  Initial columns               : 282
  Tasks                         : 513
  Strong tasks                  : 347
  Weak tasks                    : 4
  Initial task constraints      : no
  Nodes                         : 841
  Arc sets                      : 1
  Arcs                          : 13871
  Networks                      : 2
  Models                        : 1

Memory used per module (Megs)

  Parser (reused)               :      3.156
  Networks                      :     21.311
  Column generator              :      2.785
  Master problem                :      7.001
  -----------------
  Total                         :     31.097

Cpu time per module (seconds)

  Parser                        :        0.0
  Preprocessor                  :        0.0
  Lr solver manager             :        0.1
  Column generator              :       10.4
    (Shortest path)             :        8.7
  Master problem                :       32.8
  -------------------
  Total (without b&b)           :       43.3

Real elapsed time (seconds)

  Parser                        :        0.0
  Preprocessor                  :        0.0
  Lr solver manager             :        0.0
  Column generator              :       10.6
    (Shortest path)             :        9.0
  Master problem                :       32.7
  -------------------
  Total (without b&b)           :       43.3
