
Branch and bound

  Entire solving process        :                           (Time    245.8)
  No feasible solution was found
  Best relaxation cost          :     59356.00 (Node     0) (Time    241.6)
  Lower bound after cuts        :     59356.00
  End lower bound               :     59359.10
  Deepest level reached         : 0
  Deepest real level reached    : 0
  Number of real nodes solved   : 1
  Stopping condition            : enough nodes explored

Problem identification

  Problem                       : <null>
  Machine                       : oslo3.gerad.lan

Solving process summary

  Linear relaxations            :        1
  Column generation iterations  :      133
  Shortest paths solved         :     8302
  Columns generated             :    57881

Instance characteristics

  Resources                     : 3
  Node types                    : no
  Arc types                     : no
  Strong resource windows       : no
  Weak resource windows         : no
  Resource windows (nodes)      : 3
  Resource values (arcs)        : 3
  Values on nodes               : no

  Rows                          : 994
  Initial columns               : 410
  Tasks                         : 832
  Strong tasks                  : 585
  Weak tasks                    : 4
  Initial task constraints      : no
  Nodes                         : 1160
  Arc sets                      : 1
  Arcs                          : 31973
  Networks                      : 2
  Models                        : 1

Memory used per module (Megs)

  Parser (reused)               :      6.667
  Networks                      :     31.482
  Column generator              :      8.839
  Master problem                :      9.572
  -----------------
  Total                         :     49.894

Cpu time per module (seconds)

  Parser                        :        0.0
  Preprocessor                  :        0.0
  Lr solver manager             :        0.0
  Column generator              :       82.2
    (Shortest path)             :       70.4
  Master problem                :      163.5
  -------------------
  Total (without b&b)           :      245.7

Real elapsed time (seconds)

  Parser                        :        0.0
  Preprocessor                  :        0.0
  Lr solver manager             :        0.0
  Column generator              :       82.3
    (Shortest path)             :       70.2
  Master problem                :      163.4
  -------------------
  Total (without b&b)           :      245.7
