Cover_T0 52
Cover_T1 -52
Cover_T2 52
Cover_T3 -52
Cover_T4 52
Cover_T5 -52
Cover_T6 52
Cover_T7 -52
Cover_T8 52
Cover_T9 -52
Cover_T10 52
Cover_T11 -52
Cover_T12 54
Cover_T13 -52
Cover_T14 54
Cover_T15 -50
Cover_T16 52
Cover_T17 -50
Cover_T18 56
Cover_T19 -48
Cover_T20 62
Cover_T21 -48
Cover_T22 62
Cover_T23 -42
Cover_T24 62
Cover_T25 -42
Cover_T26 60
Cover_T27 -42
Cover_T28 62
Cover_T29 -42
Cover_T30 52
Cover_T31 -42
Cover_T32 52
Cover_T33 -42
Cover_T34 50
Cover_T35 -34
Cover_T36 58
Cover_T37 -20
Cover_T38 52
Cover_T39 -28
Cover_T40 1044
Cover_T41 -36
Cover_T42 1034
Cover_T43 984
Cover_T44 1028
Cover_T45 972
Cover_T46 1014
Cover_T47 968
Cover_T48 1006
Cover_T49 988
Cover_T50 1040
Cover_T51 980
Cover_T52 1034
Cover_T53 990
Cover_T54 1026
Cover_T55 990
Cover_T56 1026
Cover_T57 5.92451e-11
Cover_T58 1042
Cover_T59 8
Cover_T60 18
Cover_T61 16
Cover_T62 30
Cover_T63 24
Cover_T64 30
Cover_T65 32
Cover_T66 16
Cover_T67 -1.917e-09
Cover_T68 14
Cover_T69 -1.49862e-09
Cover_T70 10
Cover_T71 -4
Cover_T72 4
Cover_T73 -1.77954e-09
Cover_T74 8
Cover_T75 2
Cover_T76 -8
Cover_T77 2
Cover_T78 4
Cover_T79 2
Cover_T80 6
Cover_T81 8
Cover_T82 2
Cover_T83 2
Cover_T84 10
Cover_T85 18
Cover_T86 8
Cover_T87 6
Cover_T88 2
Cover_T89 4
Cover_T90 10
Cover_T91 8
Cover_T92 2
Cover_T93 0
Cover_T94 6
Cover_T95 9.87758e-11
Cover_T96 10
Cover_T97 12
Cover_T98 0
Cover_T99 4
Cover_T100 0
Cover_T101 8
Cover_T102 10
Cover_T103 4
Cover_T104 2
Cover_T105 2
Cover_T106 8
Cover_T107 4
Cover_T108 2
Cover_T109 0
Cover_T110 8
Cover_T111 7.65628e-11
Cover_T112 -2
Cover_T113 -4
Cover_T114 0
Cover_T115 6.94911e-12
Cover_T116 0
Cover_T117 0
Cover_T118 8
Cover_T119 -1.35354e-09
Cover_T120 8
Cover_T121 -2
Cover_T122 8
Cover_T123 -1.45488e-09
Cover_T124 8
Cover_T125 -1.29081e-11
Cover_T126 8
Cover_T127 2.79314e-11
Cover_T128 -10
Cover_T129 2.74323e-11
Cover_T130 -34
Cover_T131 0
Cover_T132 -34
Cover_T133 8
Cover_T134 -34
Cover_T135 32
Cover_T136 -10
Cover_T137 52
Cover_T138 -26
Cover_T139 44
Cover_T140 -42
Cover_T141 36
Cover_T142 -10
Cover_T143 52
Cover_T144 -26
Cover_T145 20
Cover_T146 -42
Cover_T147 36
Cover_T148 2
Cover_T149 52
Cover_T150 -6
Cover_T151 20
Cover_T152 2
Cover_T153 36
Cover_T154 0
Cover_T155 52
Cover_T156 2
Cover_T157 8
Cover_T158 2
Cover_T159 16
Cover_T160 -6
Cover_T161 8
Cover_T162 2
Cover_T163 10
Cover_T164 0
Cover_T165 8
Cover_T166 6
Cover_T167 8
Cover_T168 2
Cover_T169 16
Cover_T170 2
Cover_T171 10
Cover_T172 -10
Cover_T173 12
Cover_T174 -26
Cover_T175 8
Cover_T176 -42
Cover_T177 12
Cover_T178 0
Cover_T179 12
Cover_T180 4
Cover_T181 24
Cover_T182 -12
Cover_T183 44
Cover_T184 6
Cover_T185 60
Cover_T186 -12
Cover_T187 22
Cover_T188 8
Cover_T189 18
Cover_T190 6
Cover_T191 32
Cover_T192 6
Cover_T193 16
Cover_T194 6
Cover_T195 32
Cover_T196 6
Cover_T197 12
Cover_T198 -14
Cover_T199 10
Cover_T200 2
Cover_T201 12
Cover_T202 -2
Cover_T203 12
Cover_T204 -2
Cover_T205 12
Cover_T206 -2
Cover_T207 28
Cover_T208 -2
Cover_T209 12
Cover_T210 -2
Cover_T211 8
Cover_T212 -14
Cover_T213 8
Cover_T214 -8
Cover_T215 8
Cover_T216 -24
Cover_T217 8
Cover_T218 -40
Cover_T219 8
Cover_T220 -8
Cover_T221 2
Cover_T222 -24
Cover_T223 18
Cover_T224 -40
Cover_T225 34
Cover_T226 -2
Cover_T227 50
Cover_T228 -2
Cover_T229 18
Cover_T230 -10
Cover_T231 36
Cover_T232 -26
Cover_T233 52
Cover_T234 -42
Cover_T235 20
Cover_T236 -26
Cover_T237 24
Cover_T238 -42
Cover_T239 32
Cover_T240 -38
Cover_T241 58
Cover_T242 -2
Cover_T243 74
Cover_T244 -2
Cover_T245 72
Cover_T246 -4
Cover_T247 88
Cover_T248 -4
Cover_T249 86
Cover_T250 -14
Cover_T251 50
Cover_T252 -14
Cover_T253 50
Cover_T254 -28
Cover_T255 50
Cover_T256 -28
Cover_T257 62
Cover_T258 -38
Cover_T259 54
Cover_T260 -38
Cover_T261 54
Cover_T262 -44
Cover_T263 54
Cover_T264 -44
Cover_T265 54
Cover_T266 -44
Cover_T267 52
Cover_T268 -52
Cover_T269 54
Cover_T270 -48
Cover_T271 58
Cover_T272 -48
Cover_T273 58
Cover_T274 -44
Cover_T275 58
Cover_T276 -42
Cover_T277 58
Cover_T278 -42
Cover_T279 56
Cover_T280 -44
Cover_T281 56
Cover_T282 -44
Cover_T283 58
Cover_T284 -40
Cover_T285 54
Cover_T286 -38
Cover_T287 56
Cover_T288 -24
Cover_T289 48
Cover_T290 -32
Cover_T291 1032
Cover_T292 984
Cover_T293 1020
Cover_T294 972
Cover_T295 1008
Cover_T296 984
Cover_T297 1022
Cover_T298 990
Cover_T299 1036
Cover_T300 4
Cover_T301 10
Cover_T302 16
Cover_T303 30
Cover_T304 28
Cover_T305 14
Cover_T306 -2
Cover_T307 10
Cover_T308 -2
Cover_T309 6
Cover_T310 -6
Cover_T311 6
Cover_T312 -2
Cover_T313 8.28476e-10
Cover_T314 0
Cover_T315 6
Cover_T316 0
Cover_T317 -10
Cover_T318 0
Cover_T319 2
Cover_T320 6
Cover_T321 4
Cover_T322 3.95865e-10
Cover_T323 0
Cover_T324 16
Cover_T325 8
Cover_T326 4
Cover_T327 6
Cover_T328 2
Cover_T329 0
Cover_T330 6
Cover_T331 8
Cover_T332 -2
Cover_T333 0
Cover_T334 -8.68019e-10
Cover_T335 4
Cover_T336 6
Cover_T337 8
Cover_T338 -2
Cover_T339 0
Cover_T340 6
Cover_T341 0
Cover_T342 2
Cover_T343 -2
Cover_T344 -2
Cover_T345 -3.50583e-11
Cover_T346 -1.15531e-11
Cover_T347 1.10642e-09
Cover_T348 6
Cover_T349 0
Cover_T350 8
Cover_T351 0
Cover_T352 -2
Cover_T353 4
Cover_T354 6
Cover_T355 0
Cover_T356 0
Cover_T357 8.57742e-11
Cover_T358 6
Cover_T359 1.30492e-09
Cover_T360 0
Cover_T361 2
Cover_T362 10
Cover_T363 1.42532e-09
Cover_T364 8
Cover_T365 0
Cover_T366 8
Cover_T367 0
Cover_T368 -4.61942e-11
Cover_T369 0
Cover_T370 -8.06821e-11
Cover_T371 3.33102e-11
Cover_T372 0
Cover_T373 -8
Cover_T374 0
Cover_T375 -32
Cover_T376 0
Cover_T377 -32
Cover_T378 18
Cover_T379 -32
Cover_T380 42
Cover_T381 -8
Cover_T382 42
Cover_T383 -32
Cover_T384 42
Cover_T385 -8
Cover_T386 18
Cover_T387 -32
Cover_T388 42
Cover_T389 4
Cover_T390 18
Cover_T391 -8
Cover_T392 34
Cover_T393 8.28286e-10
Cover_T394 50
Cover_T395 -2
Cover_T396 6
Cover_T397 0
Cover_T398 14
Cover_T399 8.98744e-10
Cover_T400 6
Cover_T401 -8
Cover_T402 8
Cover_T403 0
Cover_T404 6
Cover_T405 -2
Cover_T406 6
Cover_T407 4
Cover_T408 14
Cover_T409 0
Cover_T410 6
Cover_T411 0
Cover_T412 8
Cover_T413 -12
Cover_T414 2
Cover_T415 -28
Cover_T416 10
Cover_T417 -44
Cover_T418 10
Cover_T419 -2
Cover_T420 20
Cover_T421 2
Cover_T422 38
Cover_T423 -14
Cover_T424 58
Cover_T425 2
Cover_T426 18
Cover_T427 -14
Cover_T428 16
Cover_T429 2
Cover_T430 32
Cover_T431 6
Cover_T432 14
Cover_T433 4
Cover_T434 30
Cover_T435 2
Cover_T436 2
Cover_T437 -10
Cover_T438 6
Cover_T439 -4
Cover_T440 2
Cover_T441 -8
Cover_T442 22
Cover_T443 -2
Cover_T444 14
Cover_T445 -8
Cover_T446 2
Cover_T447 -8
Cover_T448 2
Cover_T449 -2
Cover_T450 2
Cover_T451 -18
Cover_T452 2
Cover_T453 -34
Cover_T454 14
Cover_T455 -50
Cover_T456 8
Cover_T457 -18
Cover_T458 24
Cover_T459 -34
Cover_T460 40
Cover_T461 -48
Cover_T462 52
Cover_T463 -6
Cover_T464 16
Cover_T465 -2
Cover_T466 28
Cover_T467 -6
Cover_T468 40
Cover_T469 -18
Cover_T470 52
Cover_T471 -30
Cover_T472 12
Cover_T473 -42
Cover_T474 16
Cover_T475 -22
Cover_T476 10
Cover_T477 -34
Cover_T478 28
Cover_T479 -46
Cover_T480 44
Cover_T481 -38
Cover_T482 70
Cover_T483 -56
Cover_T484 70
Cover_T485 -4
Cover_T486 42
Cover_T487 -10
Cover_T488 54
Cover_T489 -8
Cover_T490 58
Cover_T491 -12
Cover_T492 84
Cover_T493 -8
Cover_T494 68
Cover_T495 -34
Cover_T496 80
Cover_T497 -18
Cover_T498 40
Cover_T499 -18
Cover_T500 54
Cover_T501 -18
Cover_T502 46
Cover_T503 -14
Cover_T504 54
Cover_T505 -32
Cover_T506 46
Cover_T507 -28
Cover_T508 54
Cover_T509 -32
Cover_T510 46
Cover_T511 -38
Cover_T512 52
Cover_T513 -38
Cover_T514 52
Cover_T515 -38
Cover_T516 54
Cover_T517 -38
Cover_T518 52
Cover_T519 -44
Cover_T520 58
Cover_T521 -44
Cover_T522 58
Cover_T523 -46
Cover_T524 54
Cover_T525 -44
Cover_T526 58
Cover_T527 -42
Cover_T528 58
Cover_T529 -42
Cover_T530 58
Cover_T531 -44
Cover_T532 58
Cover_T533 -44
Cover_T534 60
Cover_T535 -40
Cover_T536 56
Cover_T537 -38
Cover_T538 54
Cover_T539 -24
Cover_T540 1044
Cover_T541 -40
Cover_T542 1030
Cover_T543 980
Cover_T544 1024
Cover_T545 972
Cover_T546 1014
Cover_T547 964
Cover_T548 1008
Cover_T549 980
Cover_T550 1038
Cover_T551 990
Cover_T552 1042
Cover_T553 986
Cover_T554 1036
Cover_T555 982
Cover_T556 1042
Cover_T557 990
Cover_T558 1026
Cover_T559 990
Cover_T560 1034
Cover_T561 0
Cover_T562 1038
Cover_T563 8
Cover_T564 22
Cover_T565 16
Cover_T566 24
Cover_T567 24
Cover_T568 38
Cover_T569 32
Cover_T570 12
Cover_T571 -1.92294e-09
Cover_T572 10
Cover_T573 -1.53429e-09
Cover_T574 0
Cover_T575 -4
Cover_T576 6
Cover_T577 -1.46277e-09
Cover_T578 -12
Cover_T579 2
Cover_T580 0
Cover_T581 2
Cover_T582 2
Cover_T583 2
Cover_T584 -2
Cover_T585 8
Cover_T586 8
Cover_T587 -2
Cover_T588 10
Cover_T589 10
Cover_T590 0
Cover_T591 22
Cover_T592 -4
Cover_T593 6
Cover_T594 8
Cover_T595 0
Cover_T596 4
Cover_T597 2.50111e-12
Cover_T598 10
Cover_T599 0
Cover_T600 0
Cover_T601 -1.59353e-10
Cover_T602 8
Cover_T603 -2
Cover_T604 4
Cover_T605 -2.00089e-11
Cover_T606 6
Cover_T607 -8
Cover_T608 0
Cover_T609 -3.43423e-11
Cover_T610 6
Cover_T611 -4
Cover_T612 6
Cover_T613 -8
Cover_T614 2
Cover_T615 8.45719e-11
Cover_T616 6
Cover_T617 -3.74091e-11
Cover_T618 4
Cover_T619 2
Cover_T620 6
Cover_T621 0
Cover_T622 0
Cover_T623 -1.01658e-09
Cover_T624 4
Cover_T625 1.04539e-11
Cover_T626 2
Cover_T627 0
Cover_T628 10
Cover_T629 2
Cover_T630 -4
Cover_T631 0
Cover_T632 4
Cover_T633 6
Cover_T634 10
Cover_T635 2
Cover_T636 0
Cover_T637 12
Cover_T638 0
Cover_T639 10
Cover_T640 -1.38357e-10
Cover_T641 10
Cover_T642 1.78733e-10
Cover_T643 2
Cover_T644 2.65317e-11
Cover_T645 2
Cover_T646 -18
Cover_T647 2
Cover_T648 -42
Cover_T649 2
Cover_T650 -42
Cover_T651 2
Cover_T652 -42
Cover_T653 20
Cover_T654 -18
Cover_T655 44
Cover_T656 -38
Cover_T657 36
Cover_T658 -6
Cover_T659 52
Cover_T660 -22
Cover_T661 44
Cover_T662 -38
Cover_T663 12
Cover_T664 6
Cover_T665 28
Cover_T666 -2
Cover_T667 44
Cover_T668 6
Cover_T669 12
Cover_T670 4
Cover_T671 28
Cover_T672 6
Cover_T673 44
Cover_T674 6
Cover_T675 0
Cover_T676 -2
Cover_T677 8
Cover_T678 6
Cover_T679 0
Cover_T680 4
Cover_T681 2
Cover_T682 10
Cover_T683 8.26199e-10
Cover_T684 6
Cover_T685 0
Cover_T686 6
Cover_T687 10
Cover_T688 -6
Cover_T689 2
Cover_T690 -22
Cover_T691 4
Cover_T692 -38
Cover_T693 -1.04466e-09
Cover_T694 4
Cover_T695 4
Cover_T696 8
Cover_T697 4
Cover_T698 -8
Cover_T699 20
Cover_T700 10
Cover_T701 30
Cover_T702 -2
Cover_T703 44
Cover_T704 -14
Cover_T705 62
Cover_T706 6
Cover_T707 16
Cover_T708 8
Cover_T709 4
Cover_T710 2
Cover_T711 20
Cover_T712 2
Cover_T713 32
Cover_T714 6
Cover_T715 10
Cover_T716 0
Cover_T717 22
Cover_T718 -2
Cover_T719 34
Cover_T720 -14
Cover_T721 12
Cover_T722 -2
Cover_T723 10
Cover_T724 2
Cover_T725 12
Cover_T726 -2
Cover_T727 12
Cover_T728 -2
Cover_T729 12
Cover_T730 -2
Cover_T731 28
Cover_T732 -2
Cover_T733 12
Cover_T734 -2
Cover_T735 8
Cover_T736 -16
Cover_T737 2
Cover_T738 -40
Cover_T739 8
Cover_T740 -16
Cover_T741 16
Cover_T742 -40
Cover_T743 18
Cover_T744 -10
Cover_T745 42
Cover_T746 -10
Cover_T747 20
Cover_T748 -34
Cover_T749 54
Cover_T750 -26
Cover_T751 20
Cover_T752 -50
Cover_T753 38
Cover_T754 -2
Cover_T755 54
Cover_T756 -6
Cover_T757 84
Cover_T758 -6
Cover_T759 68
Cover_T760 -4
Cover_T761 94
Cover_T762 -4
Cover_T763 90
Cover_T764 -14
Cover_T765 54
Cover_T766 -14
Cover_T767 54
Cover_T768 -28
Cover_T769 62
Cover_T770 -28
Cover_T771 56
Cover_T772 -38
Cover_T773 52
Cover_T774 -38
Cover_T775 54
Cover_T776 -38
Cover_T777 58
Cover_T778 -44
Cover_T779 58
Cover_T780 -46
Cover_T781 54
Cover_T782 -44
Cover_T783 56
Cover_T784 -44
Cover_T785 58
Cover_T786 26
Cover_T787 6
Cover_T788 18
Cover_T789 2
Cover_T790 20
Cover_T791 6
Cover_T792 2
Cover_T793 0
Cover_T794 22
Cover_T795 26
Cover_T796 1040
Cover_T797 0
Cover_T798 1044
Cover_T799 1022
Cover_T800 1032
Cover_T801 1014
Cover_T802 1038
Cover_T803 1032
Cover_T804 1078
Cover_T805 1020
Cover_T806 1084
Cover_T807 1032
Cover_T808 1072
Cover_T809 0
Cover_T810 1084
Cover_T811 0
Cover_T812 68
Cover_T813 12
Cover_T814 68
Cover_T815 0
Cover_T816 52
Cover_T817 -34
Cover_T818 50
Cover_T819 52
Cover_T820 12
Cover_T821 52
Cover_T822 -8
Cover_T823 52
Cover_T824 -32
Cover_T825 52
Cover_T826 14
Cover_T827 0
Cover_T828 6
Cover_T829 20
Cover_T830 4
Cover_T831 36
Cover_T832 4
Cover_T833 52
Cover_T834 8
Cover_T835 0
Cover_T836 16
Cover_T837 0
Cover_T838 54
Cover_T839 0
Cover_T840 38
Cover_T841 0
Cover_T842 22
Cover_T843 0
Cover_T844 24
Cover_T845 0
Cover_T846 20
Cover_T847 -30
Cover_T848 54
Cover_T849 -2
Cover_T850 40
Cover_T851 0
Cover_T852 20
Cover_T853 0
Cover_T854 50
Cover_T855 0
Cover_T856 46
Count_D0 -984
Count_D1 -1000
Max_H0_P0 0
Max_H0_P1 0
Max_H0_P2 0
Max_H0_P3 0
Max_H0_P4 0
Max_H0_P5 0
Max_H0_P6 0
Max_H0_P7 0
Max_H0_P8 0
Max_H0_P9 -6
Max_H0_P10 0
Max_H0_P11 0
Max_H0_P12 0
Max_H0_P13 0
Max_H0_P14 0
Max_H0_P15 -1.39299e-10
Max_H0_P16 -9.13394e-11
Max_H0_P17 7.38964e-13
Max_H0_P18 3.76872e-11
Max_H0_P19 2.76996e-11
Max_H0_P20 6.88272e-11
Max_H0_P21 0
Max_H0_P22 -4.69536e-12
Max_H0_P23 -1.18298e-11
Max_H0_P24 -1.4607e-11
Max_H0_P25 -2.49786e-11
Max_H0_P26 6.48781e-11
Max_H0_P27 -2.33626e-12
Max_H0_P28 3.03659e-11
Max_H0_P29 1.69145e-11
Max_H0_P30 -1.65947e-11
Max_H0_P31 4.92797e-11
Max_H0_P32 -7.20775e-11
Max_H0_P33 9.37916e-12
Max_H0_P34 2.62901e-11
Max_H0_P35 -8.20632e-12
Max_H0_P36 5.4093e-12
Max_H0_P37 -1.80718e-12
Max_H0_P38 -1.56635e-11
Max_H0_P39 -1.78441e-11
Max_H0_P40 2.94449e-11
Max_H0_P41 -4.55899e-11
Max_H0_P42 -7.83755e-11
Max_H0_P43 -2.04237e-12
Max_H0_P44 0
Max_H0_P45 4.11055e-11
Max_H0_P46 6.44123e-11
Max_H0_P47 0
Max_H0_P48 0
Max_H0_P49 -3.89173e-11
Max_H0_P50 0
Max_H0_P51 0
Max_H0_P52 0
Max_H0_P53 0
Max_H0_P54 0
Max_H0_P55 0
Max_H0_P56 3.47555e-10
Max_H0_P57 1.94473e-11
Max_H0_P58 4.29168e-11
Max_H0_P59 1.05871e-12
Max_H0_P60 -8.94719e-11
Max_H0_P61 -2.0016e-11
Max_H0_P62 0
Max_H0_P63 -3.25566e-11
Max_H0_P64 0
Max_H0_P65 0
Max_H0_P66 0
Max_H0_P67 0
Max_H0_P68 0
Max_H0_P69 0
Max_H0_P70 0
Max_H0_P71 0
Max_H0_P72 0
Max_H0_P73 0
Max_H0_P74 0
Max_H0_P75 0
Max_H0_P76 0
Max_H0_P77 7.22107e-11
Max_H0_P78 -8.28089e-11
Max_H0_P79 0
Max_H0_P80 0
Max_H0_P81 0
Max_H1_P0 0
Max_H1_P1 0
Max_H1_P2 0
Max_H1_P3 0
Max_H1_P4 0
Max_H1_P5 -2.81073e-11
Max_H1_P6 -4.73086e-11
Max_H1_P7 -5.57459e-11
Max_H1_P8 -2.13163e-12
Max_H1_P9 -6
Max_H1_P10 -5.41149e-11
Max_H1_P11 0
Max_H1_P12 0
Max_H1_P13 0
Max_H1_P14 0
Max_H1_P15 -3.85421e-11
Max_H1_P16 -2.49495e-11
Max_H1_P17 -8.53986e-11
Max_H1_P18 8.6104e-12
Max_H1_P19 4.20641e-11
Max_H1_P20 1.5234e-11
Max_H1_P21 2.8602e-11
Max_H1_P22 3.78719e-12
Max_H1_P23 -1.23469e-11
Max_H1_P24 8.19611e-12
Max_H1_P25 -2.23697e-11
Max_H1_P26 2.18989e-11
Max_H1_P27 -1.11287e-11
Max_H1_P28 6.93254e-12
Max_H1_P29 6.49364e-12
Max_H1_P30 -6.16722e-11
Max_H1_P31 2.8423e-11
Max_H1_P32 1.49228e-11
Max_H1_P33 -3.47293e-11
Max_H1_P34 -1.05445e-11
Max_H1_P35 8.75389e-12
Max_H1_P36 1.8699e-11
Max_H1_P37 1.79909e-11
Max_H1_P38 1.94804e-11
Max_H1_P39 -2.9452e-12
Max_H1_P40 4.34781e-11
Max_H1_P41 -9.41179e-11
Max_H1_P42 -2.11831e-11
Max_H1_P43 -6.48654e-11
Max_H1_P44 1.8233e-11
Max_H1_P45 0
Max_H1_P46 0
Max_H1_P47 0
Max_H1_P48 1.06421e-10
Max_H1_P49 0
Max_H1_P50 9.03784e-11
Max_H1_P51 4.26184e-11
Max_H1_P52 9.77707e-12
Max_H1_P53 0
Max_H1_P54 0
Max_H1_P55 1.09024e-10
Max_H1_P56 3.31919e-10
Max_H1_P57 4.24585e-11
Max_H1_P58 6.88472e-11
Max_H1_P59 4.52042e-11
Max_H1_P60 -4.03708e-11
Max_H1_P61 -1.25056e-12
Max_H1_P62 -3.75531e-11
Max_H1_P63 2.63833e-11
Max_H1_P64 0
Max_H1_P65 0
Max_H1_P66 0
Max_H1_P67 0
Max_H1_P68 0
Max_H1_P69 0
Max_H1_P70 0
Max_H1_P71 8.22773e-11
Max_H1_P72 0
Max_H1_P73 0
Max_H1_P74 0
Max_H1_P75 0
Max_H1_P76 -5.65947e-11
Max_H1_P77 5.65947e-11
Max_H1_P78 5.43832e-12
Max_H1_P79 -9.76146e-11
Max_H1_P80 3.63025e-11
Max_H1_P81 0
