
Branch and bound

  Entire solving process        :                           (Time    143.3)
  No feasible solution was found
  Best relaxation cost          :     66315.23 (Node     0) (Time    143.3)
  Lower bound after cuts        :     66315.23
  End lower bound               :     66315.23
  Deepest level reached         : 0
  Deepest real level reached    : 0
  Number of real nodes solved   : 1
  Stopping condition            : enough nodes explored

Problem identification

  Problem                       : <null>
  Machine                       : oslo1.gerad.lan

Solving process summary

  Linear relaxations            :        1
  Column generation iterations  :      116
  Shortest paths solved         :     5957
  Columns generated             :    57483

Instance characteristics

  Resources                     : 3
  Node types                    : no
  Arc types                     : no
  Strong resource windows       : no
  Weak resource windows         : no
  Resource windows (nodes)      : 3
  Resource values (arcs)        : 3
  Values on nodes               : no

  Rows                          : 1023
  Initial columns               : 453
  Tasks                         : 861
  Strong tasks                  : 579
  Weak tasks                    : 4
  Initial task constraints      : no
  Nodes                         : 1189
  Arc sets                      : 1
  Arcs                          : 33996
  Networks                      : 2
  Models                        : 1

Memory used per module (Megs)

  Parser (reused)               :      7.152
  Networks                      :     34.146
  Column generator              :      5.570
  Master problem                :     10.063
  -----------------
  Total                         :     49.780

Cpu time per module (seconds)

  Parser                        :        0.0
  Preprocessor                  :        0.0
  Lr solver manager             :        0.1
  Column generator              :       54.8
    (Shortest path)             :       47.6
  Master problem                :       88.3
  -------------------
  Total (without b&b)           :      143.2

Real elapsed time (seconds)

  Parser                        :        0.0
  Preprocessor                  :        0.0
  Lr solver manager             :        0.2
  Column generator              :       54.6
    (Shortest path)             :       47.9
  Master problem                :       88.4
  -------------------
  Total (without b&b)           :      143.3
