
Branch and bound

  Entire solving process        :                           (Time   1597.8)
  No feasible solution was found
  Best relaxation cost          :     66506.17 (Node     0) (Time   1597.8)
  Lower bound after cuts        :     66506.17
  End lower bound               :     66506.17
  Deepest level reached         : 0
  Deepest real level reached    : 0
  Number of real nodes solved   : 1
  Stopping condition            : enough nodes explored

Problem identification

  Problem                       : <null>
  Machine                       : oslo1.gerad.lan

Solving process summary

  Linear relaxations            :        1
  Column generation iterations  :      223
  Shortest paths solved         :     4686
  Columns generated             :    50245

Instance characteristics

  Resources                     : 3
  Node types                    : no
  Arc types                     : no
  Strong resource windows       : no
  Weak resource windows         : no
  Resource windows (nodes)      : 3
  Resource values (arcs)        : 3
  Values on nodes               : no

  Rows                          : 1023
  Initial columns               : 2
  Tasks                         : 861
  Strong tasks                  : 857
  Weak tasks                    : 4
  Initial task constraints      : no
  Nodes                         : 1189
  Arc sets                      : 1
  Arcs                          : 33996
  Networks                      : 2
  Models                        : 1

Memory used per module (Megs)

  Parser (reused)               :      7.152
  Networks                      :     31.725
  Column generator              :     14.167
  Master problem                :      9.761
  -----------------
  Total                         :     55.653

Cpu time per module (seconds)

  Parser                        :        0.0
  Preprocessor                  :        0.0
  Lr solver manager             :        0.4
  Column generator              :       73.0
    (Shortest path)             :       58.0
  Master problem                :     1524.4
  -------------------
  Total (without b&b)           :     1597.8

Real elapsed time (seconds)

  Parser                        :        0.0
  Preprocessor                  :        0.0
  Lr solver manager             :        0.2
  Column generator              :       73.0
    (Shortest path)             :       57.7
  Master problem                :     1524.6
  -------------------
  Total (without b&b)           :     1597.8
