Cover_T0 52
Cover_T1 -52
Cover_T2 52
Cover_T3 -52
Cover_T4 52
Cover_T5 -52
Cover_T6 52
Cover_T7 -52
Cover_T8 52
Cover_T9 -52
Cover_T10 52
Cover_T11 -52
Cover_T12 52
Cover_T13 -52
Cover_T14 52
Cover_T15 -52
Cover_T16 52
Cover_T17 -52
Cover_T18 54
Cover_T19 -52
Cover_T20 52
Cover_T21 -50
Cover_T22 64
Cover_T23 -50
Cover_T24 62
Cover_T25 -40
Cover_T26 64
Cover_T27 -40
Cover_T28 64
Cover_T29 -38
Cover_T30 64
Cover_T31 -38
Cover_T32 56
Cover_T33 -24
Cover_T34 62
Cover_T35 4
Cover_T36 60
Cover_T37 934
Cover_T38 940
Cover_T39 930
Cover_T40 998
Cover_T41 922
Cover_T42 972
Cover_T43 932
Cover_T44 972
Cover_T45 946
Cover_T46 958
Cover_T47 936
Cover_T48 12
Cover_T49 66
Cover_T50 0
Cover_T51 2.7538e-10
Cover_T52 82
Cover_T53 6
Cover_T54 48
Cover_T55 20
Cover_T56 34
Cover_T57 4
Cover_T58 32
Cover_T59 18
Cover_T60 6
Cover_T61 34
Cover_T62 10
Cover_T63 -32
Cover_T64 4
Cover_T65 -16
Cover_T66 52
Cover_T67 -4
Cover_T68 28
Cover_T69 12
Cover_T70 12
Cover_T71 6
Cover_T72 4
Cover_T73 14
Cover_T74 8
Cover_T75 -30
Cover_T76 14
Cover_T77 -10
Cover_T78 -6
Cover_T79 2
Cover_T80 18
Cover_T81 3.48685e-10
Cover_T82 -2
Cover_T83 -6
Cover_T84 12
Cover_T85 14
Cover_T86 6
Cover_T87 -14
Cover_T88 4
Cover_T89 2
Cover_T90 -8
Cover_T91 18
Cover_T92 -24
Cover_T93 0
Cover_T94 -40
Cover_T95 4
Cover_T96 6
Cover_T97 6
Cover_T98 10
Cover_T99 18
Cover_T100 10
Cover_T101 34
Cover_T102 6
Cover_T103 50
Cover_T104 6
Cover_T105 4
Cover_T106 6
Cover_T107 0
Cover_T108 10
Cover_T109 -5.27081e-11
Cover_T110 46
Cover_T111 4
Cover_T112 30
Cover_T113 4
Cover_T114 14
Cover_T115 4
Cover_T116 8
Cover_T117 4
Cover_T118 0
Cover_T119 -28
Cover_T120 0
Cover_T121 -8
Cover_T122 4
Cover_T123 0
Cover_T124 0
Cover_T125 8
Cover_T126 0
Cover_T127 8
Cover_T128 0
Cover_T129 0
Cover_T130 4
Cover_T131 6.78144e-11
Cover_T132 8
Cover_T133 6
Cover_T134 0
Cover_T135 12
Cover_T136 4
Cover_T137 10
Cover_T138 -1.98497e-10
Cover_T139 6
Cover_T140 6
Cover_T141 2
Cover_T142 6
Cover_T143 0
Cover_T144 -7.49338e-11
Cover_T145 0
Cover_T146 4
Cover_T147 -2
Cover_T148 -14
Cover_T149 4
Cover_T150 -34
Cover_T151 10
Cover_T152 -1.61086e-09
Cover_T153 6
Cover_T154 -20
Cover_T155 26
Cover_T156 -36
Cover_T157 38
Cover_T158 16
Cover_T159 64
Cover_T160 28
Cover_T161 22
Cover_T162 12
Cover_T163 42
Cover_T164 2
Cover_T165 58
Cover_T166 42
Cover_T167 12
Cover_T168 26
Cover_T169 0
Cover_T170 0
Cover_T171 14
Cover_T172 26
Cover_T173 -10
Cover_T174 12
Cover_T175 10
Cover_T176 26
Cover_T177 30
Cover_T178 30
Cover_T179 8
Cover_T180 14
Cover_T181 18
Cover_T182 20
Cover_T183 6
Cover_T184 2
Cover_T185 8
Cover_T186 8
Cover_T187 10
Cover_T188 10
Cover_T189 3.03863e-09
Cover_T190 -4
Cover_T191 24
Cover_T192 -2
Cover_T193 10
Cover_T194 4
Cover_T195 2
Cover_T196 -18
Cover_T197 14
Cover_T198 -40
Cover_T199 14
Cover_T200 2.20286e-10
Cover_T201 8
Cover_T202 4
Cover_T203 28
Cover_T204 4
Cover_T205 48
Cover_T206 4
Cover_T207 -7.36393e-10
Cover_T208 -22
Cover_T209 -9.79879e-10
Cover_T210 -50
Cover_T211 4
Cover_T212 -28
Cover_T213 30
Cover_T214 4
Cover_T215 56
Cover_T216 -12
Cover_T217 54
Cover_T218 4
Cover_T219 44
Cover_T220 2
Cover_T221 60
Cover_T222 -16
Cover_T223 16
Cover_T224 -32
Cover_T225 32
Cover_T226 2
Cover_T227 24
Cover_T228 -14
Cover_T229 36
Cover_T230 -6
Cover_T231 68
Cover_T232 -12
Cover_T233 50
Cover_T234 -10
Cover_T235 34
Cover_T236 -14
Cover_T237 36
Cover_T238 -24
Cover_T239 58
Cover_T240 -34
Cover_T241 60
Cover_T242 -26
Cover_T243 66
Cover_T244 -42
Cover_T245 62
Cover_T246 52
Cover_T247 -52
Cover_T248 52
Cover_T249 -52
Cover_T250 52
Cover_T251 -52
Cover_T252 54
Cover_T253 -52
Cover_T254 52
Cover_T255 -50
Cover_T256 62
Cover_T257 -42
Cover_T258 60
Cover_T259 -44
Cover_T260 54
Cover_T261 -58
Cover_T262 42
Cover_T263 -30
Cover_T264 56
Cover_T265 0
Cover_T266 56
Cover_T267 930
Cover_T268 932
Cover_T269 934
Cover_T270 984
Cover_T271 910
Cover_T272 984
Cover_T273 944
Cover_T274 938
Cover_T275 942
Cover_T276 24
Cover_T277 52
Cover_T278 12
Cover_T279 0
Cover_T280 12
Cover_T281 12
Cover_T282 60
Cover_T283 18
Cover_T284 46
Cover_T285 0
Cover_T286 40
Cover_T287 16
Cover_T288 18
Cover_T289 34
Cover_T290 0
Cover_T291 -32
Cover_T292 8
Cover_T293 -16
Cover_T294 0
Cover_T295 -4
Cover_T296 40
Cover_T297 12
Cover_T298 24
Cover_T299 6
Cover_T300 8
Cover_T301 14
Cover_T302 1.82191e-10
Cover_T303 -34
Cover_T304 6
Cover_T305 -18
Cover_T306 16
Cover_T307 -2
Cover_T308 0
Cover_T309 6
Cover_T310 -16
Cover_T311 3.52209e-10
Cover_T312 12
Cover_T313 -10
Cover_T314 -4
Cover_T315 6
Cover_T316 -20
Cover_T317 24
Cover_T318 6
Cover_T319 0
Cover_T320 0
Cover_T321 20
Cover_T322 -16
Cover_T323 -6
Cover_T324 -36
Cover_T325 7.67343e-11
Cover_T326 6
Cover_T327 16
Cover_T328 6
Cover_T329 34
Cover_T330 6
Cover_T331 50
Cover_T332 2
Cover_T333 4
Cover_T334 2
Cover_T335 -5.84119e-11
Cover_T336 2
Cover_T337 0
Cover_T338 6
Cover_T339 4
Cover_T340 42
Cover_T341 4
Cover_T342 26
Cover_T343 4
Cover_T344 10
Cover_T345 0
Cover_T346 6
Cover_T347 -36
Cover_T348 2
Cover_T349 -20
Cover_T350 6
Cover_T351 -4
Cover_T352 2
Cover_T353 7.97336e-11
Cover_T354 2
Cover_T355 4
Cover_T356 8
Cover_T357 6.75349e-11
Cover_T358 0
Cover_T359 6
Cover_T360 3.42052e-11
Cover_T361 10
Cover_T362 0
Cover_T363 1.40261e-11
Cover_T364 0
Cover_T365 9.04947e-11
Cover_T366 8.54089e-11
Cover_T367 3.85825e-11
Cover_T368 1.26107e-10
Cover_T369 -1.61151e-11
Cover_T370 2
Cover_T371 10
Cover_T372 2
Cover_T373 6
Cover_T374 0
Cover_T375 10
Cover_T376 8
Cover_T377 4
Cover_T378 -8
Cover_T379 4
Cover_T380 -22
Cover_T381 8
Cover_T382 -38
Cover_T383 0
Cover_T384 -1.67256e-09
Cover_T385 14
Cover_T386 -18
Cover_T387 38
Cover_T388 -38
Cover_T389 58
Cover_T390 12
Cover_T391 22
Cover_T392 12
Cover_T393 48
Cover_T394 0
Cover_T395 0
Cover_T396 38
Cover_T397 -2
Cover_T398 18
Cover_T399 16
Cover_T400 2
Cover_T401 26
Cover_T402 28
Cover_T403 -4
Cover_T404 10
Cover_T405 12
Cover_T406 24
Cover_T407 24
Cover_T408 20
Cover_T409 -6
Cover_T410 10
Cover_T411 10
Cover_T412 16
Cover_T413 0
Cover_T414 14
Cover_T415 6
Cover_T416 12
Cover_T417 22
Cover_T418 10
Cover_T419 22
Cover_T420 8
Cover_T421 6
Cover_T422 6
Cover_T423 16
Cover_T424 -26
Cover_T425 16
Cover_T426 4
Cover_T427 18
Cover_T428 4
Cover_T429 46
Cover_T430 1.61279e-10
Cover_T431 6
Cover_T432 2
Cover_T433 0
Cover_T434 -16
Cover_T435 0
Cover_T436 -36
Cover_T437 0
Cover_T438 -34
Cover_T439 18
Cover_T440 -26
Cover_T441 38
Cover_T442 -44
Cover_T443 54
Cover_T444 -9.51331e-10
Cover_T445 54
Cover_T446 -16
Cover_T447 42
Cover_T448 -4.3002e-11
Cover_T449 58
Cover_T450 -4
Cover_T451 16
Cover_T452 -20
Cover_T453 30
Cover_T454 -36
Cover_T455 24
Cover_T456 -2
Cover_T457 22
Cover_T458 -22
Cover_T459 32
Cover_T460 -34
Cover_T461 48
Cover_T462 -6
Cover_T463 66
Cover_T464 -18
Cover_T465 30
Cover_T466 -6
Cover_T467 40
Cover_T468 -6
Cover_T469 52
Cover_T470 -10
Cover_T471 30
Cover_T472 -16
Cover_T473 42
Cover_T474 -30
Cover_T475 36
Cover_T476 -14
Cover_T477 38
Cover_T478 -22
Cover_T479 70
Cover_T480 -22
Cover_T481 64
Cover_T482 -26
Cover_T483 76
Cover_T484 -36
Cover_T485 58
Cover_T486 -44
Cover_T487 58
Cover_T488 -44
Cover_T489 56
Cover_T490 -40
Cover_T491 74
Cover_T492 -30
Cover_T493 58
Cover_T494 -1.71757e-10
Cover_T495 58
Cover_T496 930
Cover_T497 1014
Cover_T498 926
Cover_T499 998
Cover_T500 944
Cover_T501 972
Cover_T502 926
Cover_T503 984
Cover_T504 946
Cover_T505 938
Cover_T506 954
Cover_T507 74
Cover_T508 -4
Cover_T509 62
Cover_T510 12
Cover_T511 32
Cover_T512 28
Cover_T513 18
Cover_T514 12
Cover_T515 8
Cover_T516 28
Cover_T517 4
Cover_T518 -38
Cover_T519 48
Cover_T520 -22
Cover_T521 32
Cover_T522 -10
Cover_T523 14
Cover_T524 6
Cover_T525 6
Cover_T526 0
Cover_T527 12
Cover_T528 8
Cover_T529 22
Cover_T530 -40
Cover_T531 6
Cover_T532 -24
Cover_T533 -10
Cover_T534 -8
Cover_T535 18
Cover_T536 0
Cover_T537 2
Cover_T538 -6
Cover_T539 -14
Cover_T540 -16
Cover_T541 4
Cover_T542 2.04027e-10
Cover_T543 0
Cover_T544 16
Cover_T545 -2
Cover_T546 -12
Cover_T547 -14
Cover_T548 4
Cover_T549 -30
Cover_T550 20
Cover_T551 -46
Cover_T552 2
Cover_T553 0
Cover_T554 6
Cover_T555 4
Cover_T556 8
Cover_T557 4
Cover_T558 20
Cover_T559 0
Cover_T560 36
Cover_T561 0
Cover_T562 52
Cover_T563 0
Cover_T564 6
Cover_T565 4
Cover_T566 2
Cover_T567 40
Cover_T568 2
Cover_T569 24
Cover_T570 6
Cover_T571 8
Cover_T572 6
Cover_T573 4
Cover_T574 6
Cover_T575 1.66081e-10
Cover_T576 2
Cover_T577 4
Cover_T578 -34
Cover_T579 0
Cover_T580 -18
Cover_T581 0
Cover_T582 -2
Cover_T583 6
Cover_T584 2
Cover_T585 -7.13172e-11
Cover_T586 6
Cover_T587 2
Cover_T588 2
Cover_T589 6
Cover_T590 6
Cover_T591 10
Cover_T592 6
Cover_T593 2
Cover_T594 0
Cover_T595 6
Cover_T596 6
Cover_T597 2
Cover_T598 4
Cover_T599 8
Cover_T600 -1.08699e-10
Cover_T601 8
Cover_T602 -4
Cover_T603 6
Cover_T604 4
Cover_T605 14
Cover_T606 0
Cover_T607 -2
Cover_T608 4
Cover_T609 -16
Cover_T610 0
Cover_T611 -32
Cover_T612 0
Cover_T613 -48
Cover_T614 2
Cover_T615 -10
Cover_T616 -6
Cover_T617 -26
Cover_T618 14
Cover_T619 -42
Cover_T620 26
Cover_T621 16
Cover_T622 44
Cover_T623 30
Cover_T624 56
Cover_T625 18
Cover_T626 10
Cover_T627 6
Cover_T628 22
Cover_T629 2
Cover_T630 38
Cover_T631 44
Cover_T632 62
Cover_T633 32
Cover_T634 74
Cover_T635 20
Cover_T636 10
Cover_T637 6
Cover_T638 2
Cover_T639 42
Cover_T640 16
Cover_T641 22
Cover_T642 26
Cover_T643 16
Cover_T644 -8
Cover_T645 24
Cover_T646 8
Cover_T647 28
Cover_T648 24
Cover_T649 26
Cover_T650 -2
Cover_T651 0
Cover_T652 0
Cover_T653 12
Cover_T654 0
Cover_T655 0
Cover_T656 8
Cover_T657 16
Cover_T658 2
Cover_T659 0
Cover_T660 2
Cover_T661 8
Cover_T662 18
Cover_T663 0
Cover_T664 6
Cover_T665 4
Cover_T666 22
Cover_T667 8
Cover_T668 4
Cover_T669 -10
Cover_T670 0
Cover_T671 -28
Cover_T672 14
Cover_T673 4
Cover_T674 6
Cover_T675 4
Cover_T676 1.06661e-09
Cover_T677 7.98448e-10
Cover_T678 20
Cover_T679 4
Cover_T680 40
Cover_T681 -2
Cover_T682 4
Cover_T683 -30
Cover_T684 0
Cover_T685 -36
Cover_T686 6
Cover_T687 -36
Cover_T688 20
Cover_T689 -4
Cover_T690 54
Cover_T691 -1.32566e-10
Cover_T692 54
Cover_T693 -14
Cover_T694 60
Cover_T695 -44
Cover_T696 36
Cover_T697 -22
Cover_T698 16
Cover_T699 -10
Cover_T700 48
Cover_T701 -4
Cover_T702 68
Cover_T703 -6
Cover_T704 40
Cover_T705 -14
Cover_T706 72
Cover_T707 -6
Cover_T708 50
Cover_T709 -14
Cover_T710 32
Cover_T711 -34
Cover_T712 50
Cover_T713 -22
Cover_T714 60
Cover_T715 -22
Cover_T716 76
Cover_T717 -22
Cover_T718 64
Cover_T719 -28
Cover_T720 58
Cover_T721 -26
Cover_T722 74
Cover_T723 -40
Cover_T724 58
Cover_T725 -46
Cover_T726 12
Cover_T727 -2
Cover_T728 48
Cover_T729 -1.23022e-09
Cover_T730 46
Cover_T731 1.38144e-10
Cover_T732 30
Cover_T733 8
Cover_T734 14
Cover_T735 6
Cover_T736 988
Cover_T737 0
Cover_T738 1002
Cover_T739 932
Cover_T740 986
Cover_T741 944
Cover_T742 962
Cover_T743 978
Cover_T744 940
Cover_T745 0
Cover_T746 894
Cover_T747 0
Cover_T748 78
Cover_T749 12
Cover_T750 66
Cover_T751 32
Cover_T752 66
Cover_T753 48
Cover_T754 52
Cover_T755 64
Cover_T756 8
Cover_T757 -26
Cover_T758 56
Cover_T759 -20
Cover_T760 52
Cover_T761 20
Cover_T762 0
Cover_T763 58
Cover_T764 6
Cover_T765 58
Cover_T766 -20
Cover_T767 64
Cover_T768 36
Cover_T769 50
Cover_T770 20
Cover_T771 36
Cover_T772 0
Cover_T773 50
Cover_T774 24
Cover_T775 68
Cover_T776 -2.01837e-09
Cover_T777 0
Cover_T778 36
Cover_T779 4
Cover_T780 60
Cover_T781 22
Cover_T782 46
Cover_T783 0
Cover_T784 28
Cover_T785 12
Cover_T786 6
Cover_T787 0
Cover_T788 0
Cover_T789 -18
Cover_T790 32
Cover_T791 10
Cover_T792 0
Cover_T793 38
Cover_T794 0
Cover_T795 36
Cover_T796 56
Cover_T797 2
Cover_T798 50
Cover_T799 30
Cover_T800 52
Cover_T801 30
Cover_T802 38
Count_D0 -984
Count_D1 -1000
Max_H0_P0 0
Max_H0_P1 0
Max_H0_P2 0
Max_H0_P3 0
Max_H0_P4 0
Max_H0_P5 0
Max_H0_P6 1.68668e-10
Max_H0_P7 0
Max_H0_P8 0
Max_H0_P9 0
Max_H0_P10 0
Max_H0_P11 0
Max_H0_P12 0
Max_H0_P13 0
Max_H0_P14 0
Max_H0_P15 0
Max_H0_P16 0
Max_H0_P17 6.78035e-12
Max_H0_P18 0
Max_H0_P19 7.7959e-11
Max_H0_P20 0
Max_H0_P21 -9.09267e-11
Max_H0_P22 8.21743e-11
Max_H0_P23 1.39684e-11
Max_H0_P24 0
Max_H0_P25 9.70592e-11
Max_H0_P26 0
Max_H0_P27 0
Max_H0_P28 -7.98029e-11
Max_H0_P29 -3.1942e-11
Max_H0_P30 -2.3249e-11
Max_H0_P31 1.88431e-11
Max_H0_P32 -3.64879e-11
Max_H0_P33 -6.10911e-12
Max_H0_P34 5.60822e-11
Max_H0_P35 -5.45063e-11
Max_H0_P36 2.8067e-11
Max_H0_P37 -0
Max_H0_P38 -0
Max_H0_P39 0
Max_H0_P40 8.85647e-12
Max_H0_P41 8.7091e-12
Max_H0_P42 0
Max_H0_P43 0
Max_H0_P44 0
Max_H0_P45 0
Max_H0_P46 0
Max_H0_P47 0
Max_H0_P48 0
Max_H0_P49 0
Max_H0_P50 0
Max_H0_P51 0
Max_H0_P52 0
Max_H0_P53 0
Max_H0_P54 0
Max_H0_P55 0
Max_H0_P56 0
Max_H0_P57 0
Max_H0_P58 0
Max_H0_P59 -1.3797e-11
Max_H0_P60 3.69855e-11
Max_H0_P61 -5.36495e-11
Max_H0_P62 0
Max_H0_P63 0
Max_H0_P64 0
Max_H0_P65 0
Max_H0_P66 0
Max_H0_P67 0
Max_H0_P68 0
Max_H0_P69 0
Max_H0_P70 0
Max_H0_P71 0
Max_H0_P72 0
Max_H0_P73 0
Max_H0_P74 0
Max_H0_P75 0
Max_H0_P76 0
Max_H0_P77 0
Max_H0_P78 -3.3566e-11
Max_H0_P79 0
Max_H0_P80 0
Max_H0_P81 0
Max_H1_P0 0
Max_H1_P1 0
Max_H1_P2 -1.59858e-10
Max_H1_P3 0
Max_H1_P4 0
Max_H1_P5 5.89446e-11
Max_H1_P6 1.68668e-10
Max_H1_P7 -8.06377e-12
Max_H1_P8 0
Max_H1_P9 0
Max_H1_P10 0
Max_H1_P11 0
Max_H1_P12 0
Max_H1_P13 0
Max_H1_P14 0
Max_H1_P15 0
Max_H1_P16 0
Max_H1_P17 0
Max_H1_P18 0
Max_H1_P19 2.42624e-11
Max_H1_P20 0
Max_H1_P21 5.5536e-11
Max_H1_P22 1.15392e-11
Max_H1_P23 0
Max_H1_P24 -2.66978e-12
Max_H1_P25 1.22306e-10
Max_H1_P26 -7.05285e-11
Max_H1_P27 0
Max_H1_P28 0
Max_H1_P29 -4.86191e-11
Max_H1_P30 4.99594e-11
Max_H1_P31 -2.84963e-11
Max_H1_P32 3.80072e-11
Max_H1_P33 0
Max_H1_P34 2.42089e-11
Max_H1_P35 -3.04149e-11
Max_H1_P36 -6.87881e-11
Max_H1_P37 -2.24125e-11
Max_H1_P38 7.83871e-11
Max_H1_P39 -6.73887e-11
Max_H1_P40 1.07277e-10
Max_H1_P41 -4.20678e-11
Max_H1_P42 9.5274e-11
Max_H1_P43 0
Max_H1_P44 0
Max_H1_P45 0
Max_H1_P46 0
Max_H1_P47 0
Max_H1_P48 0
Max_H1_P49 0
Max_H1_P50 0
Max_H1_P51 0
Max_H1_P52 0
Max_H1_P53 0
Max_H1_P54 -3.4316e-10
Max_H1_P55 0
Max_H1_P56 0
Max_H1_P57 -8.49507e-11
Max_H1_P58 0
Max_H1_P59 0
Max_H1_P60 5.3419e-11
Max_H1_P61 -1.92728e-10
Max_H1_P62 0
Max_H1_P63 0
Max_H1_P64 0
Max_H1_P65 0
Max_H1_P66 0
Max_H1_P67 0
Max_H1_P68 0
Max_H1_P69 0
Max_H1_P70 0
Max_H1_P71 0
Max_H1_P72 0
Max_H1_P73 0
Max_H1_P74 0
Max_H1_P75 0
Max_H1_P76 0
Max_H1_P77 -7.32712e-11
Max_H1_P78 5.04403e-11
Max_H1_P79 0
Max_H1_P80 0
Max_H1_P81 0
