
Branch and bound

  Entire solving process        :                           (Time    311.5)
  No feasible solution was found
  Best relaxation cost          :     45619.56 (Node     0) (Time    311.4)
  Lower bound after cuts        :     45619.56
  End lower bound               :     45619.56
  Deepest level reached         : 0
  Deepest real level reached    : 0
  Number of real nodes solved   : 1
  Stopping condition            : enough nodes explored

Problem identification

  Problem                       : <null>
  Machine                       : oslo3.gerad.lan

Solving process summary

  Linear relaxations            :        1
  Column generation iterations  :      185
  Shortest paths solved         :     4156
  Columns generated             :    47505

Instance characteristics

  Resources                     : 3
  Node types                    : no
  Arc types                     : no
  Strong resource windows       : no
  Weak resource windows         : no
  Resource windows (nodes)      : 3
  Resource values (arcs)        : 3
  Values on nodes               : no

  Rows                          : 969
  Initial columns               : 2
  Tasks                         : 807
  Strong tasks                  : 803
  Weak tasks                    : 4
  Initial task constraints      : no
  Nodes                         : 1135
  Arc sets                      : 1
  Arcs                          : 29854
  Networks                      : 2
  Models                        : 1

Memory used per module (Megs)

  Parser (reused)               :      6.304
  Networks                      :     28.818
  Column generator              :      8.234
  Master problem                :      9.957
  -----------------
  Total                         :     47.010

Cpu time per module (seconds)

  Parser                        :        0.0
  Preprocessor                  :        0.0
  Lr solver manager             :        0.1
  Column generator              :       50.0
    (Shortest path)             :       44.2
  Master problem                :      261.3
  -------------------
  Total (without b&b)           :      311.4

Real elapsed time (seconds)

  Parser                        :        0.0
  Preprocessor                  :        0.0
  Lr solver manager             :        0.2
  Column generator              :       50.0
    (Shortest path)             :       44.4
  Master problem                :      261.2
  -------------------
  Total (without b&b)           :      311.4
