Cover_T0 52
Cover_T1 -52.3138
Cover_T2 52.0237
Cover_T3 -52
Cover_T4 52
Cover_T5 -51.9999
Cover_T6 52.0872
Cover_T7 -52
Cover_T8 52
Cover_T9 -52
Cover_T10 52
Cover_T11 -52
Cover_T12 52.212
Cover_T13 -52
Cover_T14 51.9999
Cover_T15 -52
Cover_T16 53.3028
Cover_T17 -52
Cover_T18 52
Cover_T19 -52
Cover_T20 52
Cover_T21 -52
Cover_T22 52
Cover_T23 -52
Cover_T24 54
Cover_T25 -51.9999
Cover_T26 54
Cover_T27 -50.0287
Cover_T28 58
Cover_T29 -50.0001
Cover_T30 52.0001
Cover_T31 -48.0598
Cover_T32 52.0002
Cover_T33 -46.0277
Cover_T34 52.0432
Cover_T35 -50
Cover_T36 53.9887
Cover_T37 -45.9997
Cover_T38 52.0002
Cover_T39 -39.9975
Cover_T40 52.5196
Cover_T41 -44.0113
Cover_T42 52.0472
Cover_T43 -42.0182
Cover_T44 51.9735
Cover_T45 -35.9998
Cover_T46 52
Cover_T47 -43.9998
Cover_T48 54.7245
Cover_T49 -35.7628
Cover_T50 52.4209
Cover_T51 -47.9883
Cover_T52 48.0486
Cover_T53 -26.2418
Cover_T54 51.9999
Cover_T55 -38.505
Cover_T56 961.775
Cover_T57 0
Cover_T58 963.016
Cover_T59 909.966
Cover_T60 951.005
Cover_T61 945.478
Cover_T62 939.014
Cover_T63 938.46
Cover_T64 925.942
Cover_T65 938.759
Cover_T66 949.471
Cover_T67 929.083
Cover_T68 923.272
Cover_T69 929.564
Cover_T70 950.959
Cover_T71 0
Cover_T72 951.939
Cover_T73 33.5846
Cover_T74 27.5769
Cover_T75 42.9174
Cover_T76 51.9798
Cover_T77 50.8839
Cover_T78 60.4833
Cover_T79 58.8749
Cover_T80 49.7496
Cover_T81 66.4744
Cover_T82 62.8732
Cover_T83 48.2146
Cover_T84 72.8709
Cover_T85 56.2392
Cover_T86 69.5229
Cover_T87 36.0079
Cover_T88 50.2713
Cover_T89 4.46351
Cover_T90 38.4214
Cover_T91 -46.066
Cover_T92 54.1078
Cover_T93 -44.0714
Cover_T94 38.7759
Cover_T95 -46.0682
Cover_T96 28.7355
Cover_T97 -44.9927
Cover_T98 17.1876
Cover_T99 -46.3329
Cover_T100 6.67062
Cover_T101 -34.4274
Cover_T102 6.03825
Cover_T103 -46.0658
Cover_T104 -5.95809
Cover_T105 -34.7362
Cover_T106 3.99894
Cover_T107 -22.8013
Cover_T108 -8.00107
Cover_T109 -13.0701
Cover_T110 6.02283
Cover_T111 0
Cover_T112 16.0127
Cover_T113 6.00072
Cover_T114 0.00721152
Cover_T115 0.00125327
Cover_T116 4.02342
Cover_T117 16.0012
Cover_T118 50.0893
Cover_T119 3.97759
Cover_T120 34.2881
Cover_T121 -5.98359
Cover_T122 19.0881
Cover_T123 9.99325
Cover_T124 4.02347
Cover_T125 7.99999
Cover_T126 5.97661
Cover_T127 -34.2646
Cover_T128 2.00106
Cover_T129 -15.0477
Cover_T130 -1.75327
Cover_T131 3.99996
Cover_T132 50.0892
Cover_T133 2.02342
Cover_T134 32.3441
Cover_T135 6.02235
Cover_T136 46.5665
Cover_T137 5.75741
Cover_T138 35.1857
Cover_T139 2.02297
Cover_T140 23.9456
Cover_T141 -42.0662
Cover_T142 11.9458
Cover_T143 -32.3461
Cover_T144 0
Cover_T145 -20.3442
Cover_T146 -12
Cover_T147 -43.1823
Cover_T148 6.00018
Cover_T149 -31.1853
Cover_T150 50.066
Cover_T151 -19.9455
Cover_T152 38.888
Cover_T153 -7.99869
Cover_T154 50.066
Cover_T155 4.01227
Cover_T156 38.6937
Cover_T157 18.0018
Cover_T158 23.201
Cover_T159 4.00161
Cover_T160 8.00202
Cover_T161 -36.8866
Cover_T162 6.00044
Cover_T163 -43.6912
Cover_T164 -8.58972
Cover_T165 -29.1835
Cover_T166 -24.5888
Cover_T167 -13.1992
Cover_T168 -38.9283
Cover_T169 2.00027
Cover_T170 -8.45653
Cover_T171 4.00189
Cover_T172 -24.455
Cover_T173 18.6212
Cover_T174 -40.5362
Cover_T175 34.6203
Cover_T176 8.31401
Cover_T177 48.9609
Cover_T178 16
Cover_T179 18.7684
Cover_T180 -7.0529e-05
Cover_T181 34.7686
Cover_T182 8.31401
Cover_T183 50.3139
Cover_T184 15.9472
Cover_T185 1.99999
Cover_T186 0.00020494
Cover_T187 -5.68601
Cover_T188 7.78511
Cover_T189 10.314
Cover_T190 11.9997
Cover_T191 1.99998
Cover_T192 -3.99998
Cover_T193 -5.68622
Cover_T194 -9.3362
Cover_T195 10.3131
Cover_T196 -25.3231
Cover_T197 2.21488
Cover_T198 -41.099
Cover_T199 -1.69046
Cover_T200 -24.0001
Cover_T201 14.335
Cover_T202 -42
Cover_T203 25.6492
Cover_T204 8.16335
Cover_T205 45.3844
Cover_T206 16.2167
Cover_T207 36.1635
Cover_T208 0
Cover_T209 53.554
Cover_T210 25.0469
Cover_T211 19.9934
Cover_T212 48.8947
Cover_T213 20
Cover_T214 43.9318
Cover_T215 31.6404
Cover_T216 27.945
Cover_T217 34.032
Cover_T218 8.44579
Cover_T219 36.4451
Cover_T220 43.8895
Cover_T221 13.1498
Cover_T222 31.7421
Cover_T223 28.568
Cover_T224 28.4254
Cover_T225 46.3388
Cover_T226 0.977564
Cover_T227 61.9873
Cover_T228 -14.1187
Cover_T229 18.7638
Cover_T230 -11.4926
Cover_T231 26.7638
Cover_T232 -11.1719
Cover_T233 25.8299
Cover_T234 -18.1187
Cover_T235 18.7638
Cover_T236 -19.6655
Cover_T237 20.768
Cover_T238 -14.7589
Cover_T239 26.764
Cover_T240 -16.5305
Cover_T241 30.764
Cover_T242 -18.534
Cover_T243 30.7639
Cover_T244 -16.7639
Cover_T245 26.7646
Cover_T246 -16.7638
Cover_T247 20.7642
Cover_T248 -17.6047
Cover_T249 18.7646
Cover_T250 -29.5745
Cover_T251 21.0215
Cover_T252 -40.0001
Cover_T253 27.0215
Cover_T254 -16.7683
Cover_T255 23.0224
Cover_T256 -28.2677
Cover_T257 19.0223
Cover_T258 -40.0051
Cover_T259 23.8682
Cover_T260 -18.764
Cover_T261 35.8381
Cover_T262 -18.7639
Cover_T263 46.2635
Cover_T264 -18.8702
Cover_T265 26.8395
Cover_T266 -18.7642
Cover_T267 42.3958
Cover_T268 -24.2729
Cover_T269 23.159
Cover_T270 -40.2339
Cover_T271 24.0676
Cover_T272 -19.1217
Cover_T273 30.0677
Cover_T274 -35.1217
Cover_T275 23.1782
Cover_T276 -45.7934
Cover_T277 38.289
Cover_T278 -27.0226
Cover_T279 55.2801
Cover_T280 -27.159
Cover_T281 42.0358
Cover_T282 -19.1994
Cover_T283 56.5527
Cover_T284 -19.3718
Cover_T285 45.9404
Cover_T286 -32.0676
Cover_T287 44.0617
Cover_T288 -32.631
Cover_T289 40.6063
Cover_T290 -23.5463
Cover_T291 40.2135
Cover_T292 -34.0258
Cover_T293 44.0588
Cover_T294 -28.0618
Cover_T295 49.0476
Cover_T296 -27.0097
Cover_T297 61.4696
Cover_T298 -30.213
Cover_T299 51.2051
Cover_T300 -34.5606
Cover_T301 62.0854
Cover_T302 -33.1313
Cover_T303 55.59
Cover_T304 -38.5662
Cover_T305 43.746
Cover_T306 -40.818
Cover_T307 56.1348
Cover_T308 -43.5333
Cover_T309 60.0001
Cover_T310 -44
Cover_T311 54
Cover_T312 -45.9998
Cover_T313 60
Cover_T314 52.0095
Cover_T315 -52
Cover_T316 52
Cover_T317 -52
Cover_T318 52
Cover_T319 -52
Cover_T320 52.0001
Cover_T321 -52
Cover_T322 52.0277
Cover_T323 -52
Cover_T324 54
Cover_T325 -49.9999
Cover_T326 56.087
Cover_T327 -50
Cover_T328 54
Cover_T329 -46
Cover_T330 57.9887
Cover_T331 -45.9998
Cover_T332 58.4909
Cover_T333 -44.0113
Cover_T334 57.9737
Cover_T335 -35.9998
Cover_T336 58.7244
Cover_T337 -35.7511
Cover_T338 56.0463
Cover_T339 -26.7328
Cover_T340 973.775
Cover_T341 0.0266741
Cover_T342 951.005
Cover_T343 913.94
Cover_T344 951.005
Cover_T345 944.792
Cover_T346 934.777
Cover_T347 943.184
Cover_T348 935.42
Cover_T349 940.21
Cover_T350 935.95
Cover_T351 933.129
Cover_T352 935.044
Cover_T353 11.7999
Cover_T354 920.608
Cover_T355 10.7586
Cover_T356 0
Cover_T357 44.9947
Cover_T358 0
Cover_T359 54.9079
Cover_T360 56.8158
Cover_T361 62.4718
Cover_T362 61.7441
Cover_T363 44.5853
Cover_T364 60.8765
Cover_T365 52.8411
Cover_T366 70.4386
Cover_T367 33.3256
Cover_T368 80.2363
Cover_T369 39.9944
Cover_T370 47.2867
Cover_T371 9.41472
Cover_T372 48.3067
Cover_T373 -50.0673
Cover_T374 34.4515
Cover_T375 -38.097
Cover_T376 44.7002
Cover_T377 -50.1209
Cover_T378 34.6469
Cover_T379 -39.3525
Cover_T380 20.8028
Cover_T381 -40.4329
Cover_T382 13.0361
Cover_T383 -28.4323
Cover_T384 1.98651
Cover_T385 -40.691
Cover_T386 0.0235625
Cover_T387 -28.8013
Cover_T388 3.97483
Cover_T389 -17.2908
Cover_T390 -2.02456
Cover_T391 -9.06373
Cover_T392 -14.0246
Cover_T393 2.01383
Cover_T394 2.02355
Cover_T395 3.99994
Cover_T396 15.9837
Cover_T397 0.0254711
Cover_T398 3.98378
Cover_T399 5.98427
Cover_T400 -7.96726
Cover_T401 18.0245
Cover_T402 0.0234745
Cover_T403 1.99991
Cover_T404 50.0678
Cover_T405 -11.9836
Cover_T406 38.1129
Cover_T407 0
Cover_T408 27.0391
Cover_T409 12.0163
Cover_T410 15.0712
Cover_T411 5.99997
Cover_T412 0.0234376
Cover_T413 -40.0893
Cover_T414 5.9994
Cover_T415 -24.9662
Cover_T416 6.00107
Cover_T417 -9.04769
Cover_T418 6.26582
Cover_T419 6
Cover_T420 6.00043
Cover_T421 0.0233984
Cover_T422 46.0895
Cover_T423 0.0223351
Cover_T424 32.3463
Cover_T425 0
Cover_T426 47.5757
Cover_T427 4.02295
Cover_T428 29.9456
Cover_T429 -33.3792
Cover_T430 9.99993
Cover_T431 -47.498
Cover_T432 -10.0001
Cover_T433 -29.9449
Cover_T434 0
Cover_T435 -9.9424
Cover_T436 36.8883
Cover_T437 10.0012
Cover_T438 43.764
Cover_T439 22.0013
Cover_T440 33.1853
Cover_T441 4.00162
Cover_T442 21.201
Cover_T443 -40.8621
Cover_T444 10.001
Cover_T445 -28.8865
Cover_T446 -1.99802
Cover_T447 -40.5119
Cover_T448 0
Cover_T449 -29.1836
Cover_T450 -10.5898
Cover_T451 -17.1991
Cover_T452 -22.5888
Cover_T453 -5.99614
Cover_T454 -34.5905
Cover_T455 5.99998
Cover_T456 -44.9284
Cover_T457 4.00191
Cover_T458 -12.4549
Cover_T459 18.6213
Cover_T460 -28.4551
Cover_T461 34.6199
Cover_T462 -43.703
Cover_T463 48.9608
Cover_T464 4.31401
Cover_T465 18.4873
Cover_T466 12
Cover_T467 34.7686
Cover_T468 -4.00003
Cover_T469 50.3198
Cover_T470 4.31404
Cover_T471 2
Cover_T472 12.0002
Cover_T473 -5.68601
Cover_T474 -3.99976
Cover_T475 10.3141
Cover_T476 3.78511
Cover_T477 1.99999
Cover_T478 7.99978
Cover_T479 -5.6862
Cover_T480 -7.99985
Cover_T481 10.3138
Cover_T482 -13.3356
Cover_T483 2.52891
Cover_T484 -29.3231
Cover_T485 -1.68589
Cover_T486 -44.9222
Cover_T487 14.1072
Cover_T488 -28.1453
Cover_T489 21.649
Cover_T490 -44.0001
Cover_T491 37.5992
Cover_T492 10.1634
Cover_T493 57.0854
Cover_T494 22.3239
Cover_T495 40.1582
Cover_T496 6.2761
Cover_T497 62.3911
Cover_T498 5.54847
Cover_T499 13.4771
Cover_T500 22.3546
Cover_T501 3.83549
Cover_T502 6.33779
Cover_T503 8.28468
Cover_T504 43.8656
Cover_T505 36.092
Cover_T506 20.1
Cover_T507 46.4366
Cover_T508 0
Cover_T509 17.9281
Cover_T510 20.4255
Cover_T511 35.2655
Cover_T512 -3.02242
Cover_T513 59.5734
Cover_T514 -18.119
Cover_T515 16.5305
Cover_T516 -13.4626
Cover_T517 14.7589
Cover_T518 -16.1188
Cover_T519 20.0721
Cover_T520 -18.5304
Cover_T521 18.763
Cover_T522 -20.7593
Cover_T523 16.7682
Cover_T524 -16.7639
Cover_T525 18.99
Cover_T526 -16.763
Cover_T527 24.4796
Cover_T528 -18.7683
Cover_T529 17.5393
Cover_T530 -20.9798
Cover_T531 18.7645
Cover_T532 -37.5598
Cover_T533 20.9469
Cover_T534 -18.9685
Cover_T535 23.0624
Cover_T536 -40.0007
Cover_T537 37.8323
Cover_T538 -18.9482
Cover_T539 52.2576
Cover_T540 -20.7641
Cover_T541 29.1535
Cover_T542 -22.7641
Cover_T543 40.5502
Cover_T544 -19.0276
Cover_T545 52.3224
Cover_T546 -20.2729
Cover_T547 22.7948
Cover_T548 -32.1513
Cover_T549 25.1591
Cover_T550 -44.2348
Cover_T551 28.0376
Cover_T552 -19.2306
Cover_T553 23.1593
Cover_T554 -31.1218
Cover_T555 24.4106
Cover_T556 -38.7893
Cover_T557 40.4118
Cover_T558 -50.0226
Cover_T559 50.3715
Cover_T560 -24.0379
Cover_T561 56.1366
Cover_T562 -31.1593
Cover_T563 30.1732
Cover_T564 -19.1602
Cover_T565 36.1669
Cover_T566 -27.1591
Cover_T567 46.1172
Cover_T568 -35.159
Cover_T569 51.0928
Cover_T570 -43.159
Cover_T571 58.9422
Cover_T572 -25.1995
Cover_T573 31.9375
Cover_T574 -33.2047
Cover_T575 39.1594
Cover_T576 -22.2866
Cover_T577 32.0004
Cover_T578 -20.0676
Cover_T579 37.9405
Cover_T580 -30.018
Cover_T581 45.9912
Cover_T582 -39.3259
Cover_T583 56.0002
Cover_T584 -24.0174
Cover_T585 32.0315
Cover_T586 -33.5523
Cover_T587 43.0501
Cover_T588 -39.1588
Cover_T589 36.7787
Cover_T590 -30.3277
Cover_T591 44.0007
Cover_T592 -30.0767
Cover_T593 54.5607
Cover_T594 -42.0219
Cover_T595 45.5313
Cover_T596 -31.0098
Cover_T597 60.5659
Cover_T598 -28.5846
Cover_T599 45.8571
Cover_T600 -32.0007
Cover_T601 52.0854
Cover_T602 -30.5607
Cover_T603 62.0853
Cover_T604 -34.6584
Cover_T605 49.9941
Cover_T606 -36.5662
Cover_T607 49.9997
Cover_T608 -39.47
Cover_T609 48.2125
Cover_T610 -38.5606
Cover_T611 53.8337
Cover_T612 -41.994
Cover_T613 54
Cover_T614 -43.5899
Cover_T615 60
Cover_T616 -44
Cover_T617 53.9949
Cover_T618 -46
Cover_T619 58
Cover_T620 -45.9998
Cover_T621 52.0001
Cover_T622 -45.9999
Cover_T623 55.984
Cover_T624 55.9886
Cover_T625 -46.0023
Cover_T626 52
Cover_T627 -50
Cover_T628 56.491
Cover_T629 -42.0113
Cover_T630 52
Cover_T631 -50.0113
Cover_T632 55.9734
Cover_T633 -45.9997
Cover_T634 50.0391
Cover_T635 -41.9997
Cover_T636 56.7245
Cover_T637 -36.5219
Cover_T638 51.4969
Cover_T639 -41.7628
Cover_T640 52.1062
Cover_T641 -24.2419
Cover_T642 46.0001
Cover_T643 -32.3941
Cover_T644 971.764
Cover_T645 -41.9884
Cover_T646 960.415
Cover_T647 915.94
Cover_T648 947.003
Cover_T649 943.529
Cover_T650 943.02
Cover_T651 939.469
Cover_T652 931.017
Cover_T653 940.283
Cover_T654 919.396
Cover_T655 935.129
Cover_T656 945.719
Cover_T657 924.405
Cover_T658 929.458
Cover_T659 923.343
Cover_T660 957.92
Cover_T661 945.949
Cover_T662 971.712
Cover_T663 946
Cover_T664 1034.01
Cover_T665 26.1352
Cover_T666 1000
Cover_T667 33.232
Cover_T668 80.0658
Cover_T669 44.887
Cover_T670 54.4833
Cover_T671 52.9105
Cover_T672 56.8156
Cover_T673 60.4954
Cover_T674 54.671
Cover_T675 42.2261
Cover_T676 66.8709
Cover_T677 50.9028
Cover_T678 62.7801
Cover_T679 31.3241
Cover_T680 62.5801
Cover_T681 37.9944
Cover_T682 52.0001
Cover_T683 6.41715
Cover_T684 42.7027
Cover_T685 -44.0893
Cover_T686 32.4984
Cover_T687 -42.0717
Cover_T688 19.3539
Cover_T689 -44.0682
Cover_T690 9.05873
Cover_T691 -43.3524
Cover_T692 -1.01109
Cover_T693 -44.2949
Cover_T694 -3.99847
Cover_T695 -32.4097
Cover_T696 0
Cover_T697 -44.6911
Cover_T698 -5.96948
Cover_T699 -32.7617
Cover_T700 -18.0245
Cover_T701 -20.8249
Cover_T702 -1.97661
Cover_T703 -12.9961
Cover_T704 13.9836
Cover_T705 -4.62875
Cover_T706 6.00143
Cover_T707 2.01388
Cover_T708 -1.99279
Cover_T709 0
Cover_T710 -9.99281
Cover_T711 8
Cover_T712 2.02347
Cover_T713 0.0254952
Cover_T714 -5.97649
Cover_T715 2.02463
Cover_T716 48.1128
Cover_T717 10.0246
Cover_T718 40.1298
Cover_T719 18.0246
Cover_T720 32.2881
Cover_T721 -2.00008
Cover_T722 25.048
Cover_T723 5.99993
Cover_T724 17.0711
Cover_T725 -11.9836
Cover_T726 9.04796
Cover_T727 -3.98797
Cover_T728 2.02346
Cover_T729 4.01629
Cover_T730 -5.97661
Cover_T731 12.0163
Cover_T732 8.00004
Cover_T733 0
Cover_T734 0
Cover_T735 7.99997
Cover_T736 8.00107
Cover_T737 -46.0894
Cover_T738 0
Cover_T739 -38.0894
Cover_T740 8.26579
Cover_T741 -30.2646
Cover_T742 0.681496
Cover_T743 -23.0335
Cover_T744 8.00039
Cover_T745 -15.0477
Cover_T746 0
Cover_T747 -7.04808
Cover_T748 48.0895
Cover_T749 0
Cover_T750 41.312
Cover_T751 7.99977
Cover_T752 33.4026
Cover_T753 -5.9766
Cover_T754 26.3674
Cover_T755 2.02347
Cover_T756 50.0892
Cover_T757 -5.97779
Cover_T758 45.2061
Cover_T759 2.02228
Cover_T760 37.2091
Cover_T761 -6.24238
Cover_T762 29.9687
Cover_T763 1.75742
Cover_T764 19.9456
Cover_T765 -1.97693
Cover_T766 7.99999
Cover_T767 -46.0662
Cover_T768 -4.01786
Cover_T769 -35.2888
Cover_T770 -16.0002
Cover_T771 -24.3438
Cover_T772 2.00017
Cover_T773 -46.5427
Cover_T774 46.8638
Cover_T775 -35.1846
Cover_T776 34.8882
Cover_T777 -23.9459
Cover_T778 46.5137
Cover_T779 -11.9445
Cover_T780 35.1853
Cover_T781 0
Cover_T782 23.201
Cover_T783 12.0018
Cover_T784 8.0015
Cover_T785 2.00158
Cover_T786 1.99994
Cover_T787 -34.8866
Cover_T788 -16.5897
Cover_T789 -38.6937
Cover_T790 -34.9284
Cover_T791 -19.1991
Cover_T792 -8.45489
Cover_T793 0
Cover_T794 -28.4551
Cover_T795 6.03151
Cover_T796 -43.9998
Cover_T797 16.6222
Cover_T798 8.31401
Cover_T799 28.6212
Cover_T800 20
Cover_T801 38.9284
Cover_T802 8.36084
Cover_T803 52.3135
Cover_T804 -4.00009
Cover_T805 16.7684
Cover_T806 8.31401
Cover_T807 28.7691
Cover_T808 20.0002
Cover_T809 40.5362
Cover_T810 8.0002
Cover_T811 52.3138
Cover_T812 -3.99974
Cover_T813 0
Cover_T814 7.78517
Cover_T815 -11.686
Cover_T816 15.9998
Cover_T817 0
Cover_T818 3.99988
Cover_T819 12.0003
Cover_T820 -7.99996
Cover_T821 0
Cover_T822 -9.32438
Cover_T823 -11.6862
Cover_T824 -21.3243
Cover_T825 0
Cover_T826 -33.2936
Cover_T827 12.3138
Cover_T828 -44.922
Cover_T829 0
Cover_T830 -24.0001
Cover_T831 -7.68574
Cover_T832 -36
Cover_T833 4.04829
Cover_T834 -48
Cover_T835 16.409
Cover_T836 12.1634
Cover_T837 15.6494
Cover_T838 3.85004
Cover_T839 25.6385
Cover_T840 24.3239
Cover_T841 32.4944
Cover_T842 16.3239
Cover_T843 41.8947
Cover_T844 8.32392
Cover_T845 49.0876
Cover_T846 0.0150957
Cover_T847 62.3925
Cover_T848 0
Cover_T849 30.3912
Cover_T850 -0.786264
Cover_T851 51.6406
Cover_T852 25.0564
Cover_T853 57.3117
Cover_T854 16.6374
Cover_T855 70.1568
Cover_T856 7.37626
Cover_T857 0
Cover_T858 49.7517
Cover_T859 4.44577
Cover_T860 47.7518
Cover_T861 0
Cover_T862 43.0854
Cover_T863 19.3166
Cover_T864 33.6863
Cover_T865 19.3162
Cover_T866 23.9383
Cover_T867 59.0883
Cover_T868 12.218
Cover_T869 47.5442
Cover_T870 38.4255
Cover_T871 45.1287
Cover_T872 31.9091
Cover_T873 58.1729
Cover_T874 39.9013
Cover_T875 20.759
Cover_T876 27.7419
Cover_T877 24.3398
Cover_T878 20.4256
Cover_T879 35.9205
Cover_T880 32.4255
Cover_T881 48.3331
Cover_T882 0.97753
Cover_T883 60.2206
Cover_T884 10.9832
Cover_T885 20.777
Cover_T886 -9.14975
Cover_T887 20.7639
Cover_T888 -12.7586
Cover_T889 20.764
Cover_T890 -14.1201
Cover_T891 20.7682
Cover_T892 -14.1187
Cover_T893 16.7683
Cover_T894 -14.7642
Cover_T895 22.7641
Cover_T896 -14.7587
Cover_T897 24.7953
Cover_T898 -16.5305
Cover_T899 24.764
Cover_T900 -16.5303
Cover_T901 24.7646
Cover_T902 -25.5745
Cover_T903 22.8203
Cover_T904 -40
Cover_T905 23.0215
Cover_T906 -20.7582
Cover_T907 25.0224
Cover_T908 -36.0063
Cover_T909 25.0275
Cover_T910 -16.7682
Cover_T911 23.0309
Cover_T912 -18.7642
Cover_T913 33.9695
Cover_T914 -24.7645
Cover_T915 48.3675
Cover_T916 -18.7832
Cover_T917 32.2933
Cover_T918 -36.0167
Cover_T919 52.395
Cover_T920 -19.1301
Cover_T921 21.1603
Cover_T922 -39.1216
Cover_T923 35.1593
Cover_T924 -19.0865
Cover_T925 26.4157
Cover_T926 -19.0226
Cover_T927 51.1489
Cover_T928 -37.1587
Cover_T929 28.1424
Cover_T930 -25.1994
Cover_T931 46.0357
Cover_T932 -21.3718
Cover_T933 60.9405
Cover_T934 -29.1591
Cover_T935 42.0006
Cover_T936 -22.5491
Cover_T937 39.0098
Cover_T938 -38.0672
Cover_T939 52.5846
Cover_T940 -29.5462
Cover_T941 50.6011
Cover_T942 -37.2445
Cover_T943 44.7787
Cover_T944 -29.9405
Cover_T945 52.5663
Cover_T946 -25.9364
Cover_T947 65.533
Cover_T948 -25.9913
Cover_T949 53.7704
Cover_T950 -25.6796
Cover_T951 65.9996
Cover_T952 -27.7703
Cover_T953 50.3819
Cover_T954 -30.0007
Cover_T955 53.6186
Cover_T956 -30.0588
Cover_T957 67.9994
Cover_T958 -32.5659
Cover_T959 54.0001
Cover_T960 -40.561
Cover_T961 54.0001
Cover_T962 -37.47
Cover_T963 47.7612
Cover_T964 -40
Cover_T965 60.7238
Cover_T966 -43.5333
Cover_T967 56
Cover_T968 -43.7457
Cover_T969 57.9948
Cover_T970 -44
Cover_T971 60
Cover_T972 -45.9998
Cover_T973 60
Cover_T974 -48.0001
Cover_T975 12.0044
Cover_T976 -1.99992
Cover_T977 23.986
Cover_T978 2.00029
Cover_T979 67.8931
Cover_T980 7.98866
Cover_T981 56.4879
Cover_T982 8.0003
Cover_T983 45.3841
Cover_T984 8.00026
Cover_T985 33.4329
Cover_T986 12.2373
Cover_T987 22.323
Cover_T988 23.7539
Cover_T989 1006
Cover_T990 0
Cover_T991 993.014
Cover_T992 908.047
Cover_T993 977.06
Cover_T994 947.029
Cover_T995 965.05
Cover_T996 956.872
Cover_T997 953.05
Cover_T998 957.696
Cover_T999 936.964
Cover_T1000 961.441
Cover_T1001 984.176
Cover_T1002 0
Cover_T1003 1041.87
Cover_T1004 10.8844
Cover_T1005 77.9313
Cover_T1006 24.844
Cover_T1007 62.4175
Cover_T1008 36.8422
Cover_T1009 63.6364
Cover_T1010 48.8841
Cover_T1011 62.7633
Cover_T1012 60.7326
Cover_T1013 58.1288
Cover_T1014 0
Cover_T1015 26.7264
Cover_T1016 -29.9369
Cover_T1017 49.9203
Cover_T1018 -37.9583
Cover_T1019 51.9769
Cover_T1020 -9.95835
Cover_T1021 52.0233
Cover_T1022 3.26847
Cover_T1023 0
Cover_T1024 53.2612
Cover_T1025 0
Cover_T1026 57.1713
Cover_T1027 -11.6761
Cover_T1028 56.3245
Cover_T1029 -31.6761
Cover_T1030 69.8554
Cover_T1031 -36.855
Cover_T1032 34.1634
Cover_T1033 -23.2577
Cover_T1034 42.3239
Cover_T1035 58.627
Cover_T1036 53.3165
Cover_T1037 44.6929
Cover_T1038 53.3166
Cover_T1039 67.7937
Cover_T1040 96.7645
Cover_T1041 46.5311
Cover_T1042 96.764
Cover_T1043 46.9608
Cover_T1044 83.5287
Cover_T1045 52.673
Cover_T1046 112.631
Cover_T1047 87.9026
Cover_T1048 84.1594
Cover_T1049 86.3909
Cover_T1050 92.9211
Cover_T1051 62.6762
Cover_T1052 100.661
Cover_T1053 64.4256
Cover_T1054 0.445316
Cover_T1055 64.4851
Cover_T1056 15.1009
Cover_T1057 80.4255
Cover_T1058 0
Cover_T1059 44.9777
Cover_T1060 8.01304
Cover_T1061 44.9734
Cover_T1062 11.4585
Cover_T1063 43.006
Cover_T1064 0
Cover_T1065 27.6142
Cover_T1066 -18.1703
Cover_T1067 27.7416
Cover_T1068 -19.5256
Cover_T1069 30.0824
Cover_T1070 -23.2319
Cover_T1071 31.2362
Cover_T1072 -3.25451
Cover_T1073 18.1114
Cover_T1074 0
Cover_T1075 31.4695
Cover_T1076 0
Cover_T1077 -0.00801722
Cover_T1078 0
Cover_T1079 31.2317
Cover_T1080 14.2672
Count_D0 -988.315
Count_D1 -1000
Max_H0_P0 0
Max_H0_P1 0
Max_H0_P2 0
Max_H0_P3 -9.46678e-06
Max_H0_P4 0
Max_H0_P5 -9.46684e-06
Max_H0_P6 -1.8595e-05
Max_H0_P7 0
Max_H0_P8 0
Max_H0_P9 0
Max_H0_P10 0
Max_H0_P11 0
Max_H0_P12 0
Max_H0_P13 0
Max_H0_P14 0
Max_H0_P15 0
Max_H0_P16 -0.0234866
Max_H0_P17 -0.0234507
Max_H0_P18 -0.0234616
Max_H0_P19 -0.0234551
Max_H0_P20 -0.0234515
Max_H0_P21 -0.0233964
Max_H0_P22 -0.0234205
Max_H0_P23 -0.0234205
Max_H0_P24 -0.0234256
Max_H0_P25 -0.000293866
Max_H0_P26 -0.000210139
Max_H0_P27 -0.00022286
Max_H0_P28 -0.000231309
Max_H0_P29 -0.000222103
Max_H0_P30 -0.000206845
Max_H0_P31 -0.000648621
Max_H0_P32 -0.00130547
Max_H0_P33 -0.0017905
Max_H0_P34 -0.00178696
Max_H0_P35 -0.00186765
Max_H0_P36 -0.00189194
Max_H0_P37 -0.0315052
Max_H0_P38 -0.0324252
Max_H0_P39 -0.313545
Max_H0_P40 -0.313997
Max_H0_P41 -0.314023
Max_H0_P42 -0.314019
Max_H0_P43 -0.313973
Max_H0_P44 0
Max_H0_P45 0
Max_H0_P46 0
Max_H0_P47 0
Max_H0_P48 0
Max_H0_P49 0
Max_H0_P50 0
Max_H0_P51 0
Max_H0_P52 0
Max_H0_P53 0
Max_H0_P54 -2.59339e-05
Max_H0_P55 -2.72747e-05
Max_H0_P56 0
Max_H0_P57 -2.67559e-05
Max_H0_P58 0
Max_H0_P59 0
Max_H0_P60 -0.00497764
Max_H0_P61 0
Max_H0_P62 0
Max_H0_P63 0
Max_H0_P64 0
Max_H0_P65 0
Max_H0_P66 0
Max_H0_P67 0
Max_H0_P68 0
Max_H0_P69 0
Max_H0_P70 0
Max_H0_P71 0
Max_H0_P72 0
Max_H0_P73 0
Max_H0_P74 0
Max_H0_P75 0
Max_H0_P76 3.11168e-11
Max_H0_P77 -1.36193e-11
Max_H0_P78 1.45288e-11
Max_H0_P79 0
Max_H0_P80 0
Max_H0_P81 0
Max_H1_P0 0
Max_H1_P1 0
Max_H1_P2 0
Max_H1_P3 0
Max_H1_P4 -6.47758e-12
Max_H1_P5 -9.46684e-06
Max_H1_P6 -1.8595e-05
Max_H1_P7 -5.13303e-06
Max_H1_P8 0
Max_H1_P9 0
Max_H1_P10 0
Max_H1_P11 0
Max_H1_P12 0
Max_H1_P13 0
Max_H1_P14 0
Max_H1_P15 0
Max_H1_P16 -0.0235759
Max_H1_P17 -0.0234661
Max_H1_P18 -0.0234605
Max_H1_P19 -0.0234673
Max_H1_P20 -0.0234515
Max_H1_P21 -0.0233991
Max_H1_P22 -0.0234055
Max_H1_P23 -0.0234161
Max_H1_P24 -0.0234339
Max_H1_P25 -0.000238636
Max_H1_P26 -0.000221166
Max_H1_P27 -0.000215004
Max_H1_P28 -0.000225072
Max_H1_P29 -0.000243414
Max_H1_P30 -0.000223543
Max_H1_P31 -0.000639984
Max_H1_P32 -0.00128531
Max_H1_P33 -0.00178949
Max_H1_P34 -0.00179441
Max_H1_P35 -0.00180198
Max_H1_P36 -0.00187866
Max_H1_P37 -0.0314915
Max_H1_P38 -0.0324167
Max_H1_P39 -0.313531
Max_H1_P40 -0.314012
Max_H1_P41 -0.314008
Max_H1_P42 -0.314008
Max_H1_P43 -0.313995
Max_H1_P44 0
Max_H1_P45 0
Max_H1_P46 0
Max_H1_P47 0
Max_H1_P48 0
Max_H1_P49 0
Max_H1_P50 0
Max_H1_P51 0
Max_H1_P52 0
Max_H1_P53 0
Max_H1_P54 0
Max_H1_P55 0
Max_H1_P56 -1.97379e-05
Max_H1_P57 0
Max_H1_P58 -5.5162e-05
Max_H1_P59 0
Max_H1_P60 -0.00495831
Max_H1_P61 0
Max_H1_P62 0
Max_H1_P63 0
Max_H1_P64 0
Max_H1_P65 0
Max_H1_P66 0
Max_H1_P67 0
Max_H1_P68 0
Max_H1_P69 0
Max_H1_P70 0
Max_H1_P71 0
Max_H1_P72 0
Max_H1_P73 0
Max_H1_P74 0
Max_H1_P75 0
Max_H1_P76 0
Max_H1_P77 0
Max_H1_P78 -9.78884e-12
Max_H1_P79 0
Max_H1_P80 0
Max_H1_P81 0
