
Branch and bound

  Entire solving process        :                           (Time   5628.4)
  No feasible solution was found
  Best relaxation cost          :     68825.61 (Node     0) (Time   5628.3)
  Lower bound after cuts        :     68825.61
  End lower bound               :     68825.61
  Deepest level reached         : 0
  Deepest real level reached    : 0
  Number of real nodes solved   : 1
  Stopping condition            : enough nodes explored

Problem identification

  Problem                       : <null>
  Machine                       : oslo5.gerad.lan

Solving process summary

  Linear relaxations            :        1
  Column generation iterations  :      459
  Shortest paths solved         :    12538
  Columns generated             :   131267

Instance characteristics

  Resources                     : 3
  Node types                    : no
  Arc types                     : no
  Strong resource windows       : no
  Weak resource windows         : no
  Resource windows (nodes)      : 3
  Resource values (arcs)        : 3
  Values on nodes               : no

  Rows                          : 1247
  Initial columns               : 466
  Tasks                         : 1085
  Strong tasks                  : 798
  Weak tasks                    : 4
  Initial task constraints      : no
  Nodes                         : 1413
  Arc sets                      : 1
  Arcs                          : 51399
  Networks                      : 2
  Models                        : 1

Memory used per module (Megs)

  Parser (reused)               :     10.421
  Networks                      :     41.775
  Column generator              :     34.752
  Master problem                :     12.521
  -----------------
  Total                         :     89.047

Cpu time per module (seconds)

  Parser                        :        0.0
  Preprocessor                  :        0.0
  Lr solver manager             :        0.5
  Column generator              :      629.8
    (Shortest path)             :      593.6
  Master problem                :     4997.9
  -------------------
  Total (without b&b)           :     5628.3

Real elapsed time (seconds)

  Parser                        :        0.0
  Preprocessor                  :        0.0
  Lr solver manager             :        0.3
  Column generator              :      630.1
    (Shortest path)             :      592.0
  Master problem                :     4998.0
  -------------------
  Total (without b&b)           :     5628.4
