Cover_T0 52
Cover_T1 -52
Cover_T2 52
Cover_T3 -52
Cover_T4 52
Cover_T5 -52
Cover_T6 52
Cover_T7 -52
Cover_T8 52
Cover_T9 -52
Cover_T10 54
Cover_T11 -52
Cover_T12 54
Cover_T13 -50
Cover_T14 52
Cover_T15 -50
Cover_T16 58
Cover_T17 -50
Cover_T18 52
Cover_T19 -44
Cover_T20 56
Cover_T21 -44
Cover_T22 60
Cover_T23 -44
Cover_T24 56
Cover_T25 -44
Cover_T26 52
Cover_T27 -36
Cover_T28 60
Cover_T29 -38
Cover_T30 52
Cover_T31 -36
Cover_T32 48
Cover_T33 -34
Cover_T34 38
Cover_T35 -32
Cover_T36 42
Cover_T37 984
Cover_T38 38
Cover_T39 980
Cover_T40 1020
Cover_T41 986
Cover_T42 1032
Cover_T43 984
Cover_T44 994
Cover_T45 982
Cover_T46 14
Cover_T47 0
Cover_T48 14
Cover_T49 0
Cover_T50 12
Cover_T51 -2
Cover_T52 -10
Cover_T53 5.68434e-13
Cover_T54 -34
Cover_T55 1.0717e-09
Cover_T56 6
Cover_T57 8
Cover_T58 6
Cover_T59 32
Cover_T60 2
Cover_T61 1.00971e-08
Cover_T62 10
Cover_T63 8
Cover_T64 2
Cover_T65 16
Cover_T66 4
Cover_T67 6
Cover_T68 10
Cover_T69 6
Cover_T70 0
Cover_T71 -4
Cover_T72 10
Cover_T73 20
Cover_T74 0
Cover_T75 12
Cover_T76 10
Cover_T77 14
Cover_T78 10
Cover_T79 12
Cover_T80 0
Cover_T81 2
Cover_T82 10
Cover_T83 12
Cover_T84 10
Cover_T85 12
Cover_T86 10
Cover_T87 22
Cover_T88 2
Cover_T89 8
Cover_T90 6
Cover_T91 4
Cover_T92 2.87628e-11
Cover_T93 4.3968e-09
Cover_T94 8
Cover_T95 6
Cover_T96 8
Cover_T97 2
Cover_T98 0
Cover_T99 8
Cover_T100 6
Cover_T101 0
Cover_T102 -14
Cover_T103 4.27333e-10
Cover_T104 -34
Cover_T105 8
Cover_T106 -4
Cover_T107 2
Cover_T108 -24
Cover_T109 22
Cover_T110 -44
Cover_T111 42
Cover_T112 -2
Cover_T113 12
Cover_T114 8
Cover_T115 32
Cover_T116 4
Cover_T117 52
Cover_T118 2.63678e-13
Cover_T119 10
Cover_T120 -12
Cover_T121 -1.38925e-10
Cover_T122 -32
Cover_T123 10
Cover_T124 2
Cover_T125 18
Cover_T126 6
Cover_T127 52
Cover_T128 2
Cover_T129 18
Cover_T130 10
Cover_T131 0
Cover_T132 -10
Cover_T133 0
Cover_T134 -30
Cover_T135 22
Cover_T136 10
Cover_T137 2
Cover_T138 8
Cover_T139 22
Cover_T140 6
Cover_T141 44
Cover_T142 8
Cover_T143 6
Cover_T144 6
Cover_T145 6
Cover_T146 -4
Cover_T147 2
Cover_T148 -30
Cover_T149 18
Cover_T150 4
Cover_T151 18
Cover_T152 -18
Cover_T153 26
Cover_T154 -38
Cover_T155 46
Cover_T156 4
Cover_T157 8
Cover_T158 1.01059e-09
Cover_T159 26
Cover_T160 -8
Cover_T161 46
Cover_T162 4
Cover_T163 4
Cover_T164 4
Cover_T165 10
Cover_T166 -14
Cover_T167 0
Cover_T168 -30
Cover_T169 24
Cover_T170 -2
Cover_T171 44
Cover_T172 2
Cover_T173 34
Cover_T174 -4
Cover_T175 54
Cover_T176 -24
Cover_T177 10
Cover_T178 -44
Cover_T179 10
Cover_T180 4
Cover_T181 22
Cover_T182 -16
Cover_T183 38
Cover_T184 -36
Cover_T185 70
Cover_T186 -6
Cover_T187 24
Cover_T188 2
Cover_T189 54
Cover_T190 -4
Cover_T191 76
Cover_T192 -14
Cover_T193 46
Cover_T194 -6
Cover_T195 48
Cover_T196 -22
Cover_T197 72
Cover_T198 -26
Cover_T199 70
Cover_T200 -30
Cover_T201 52
Cover_T202 -52
Cover_T203 54
Cover_T204 -50
Cover_T205 54
Cover_T206 -46
Cover_T207 56
Cover_T208 -44
Cover_T209 52
Cover_T210 -44
Cover_T211 62
Cover_T212 -38
Cover_T213 58
Cover_T214 -38
Cover_T215 54
Cover_T216 -42
Cover_T217 44
Cover_T218 -42
Cover_T219 44
Cover_T220 -32
Cover_T221 48
Cover_T222 -34
Cover_T223 42
Cover_T224 0
Cover_T225 44
Cover_T226 986
Cover_T227 1026
Cover_T228 984
Cover_T229 1018
Cover_T230 990
Cover_T231 16
Cover_T232 988
Cover_T233 16
Cover_T234 0
Cover_T235 6.05651e-10
Cover_T236 -4
Cover_T237 0
Cover_T238 -4
Cover_T239 -8
Cover_T240 -4
Cover_T241 -32
Cover_T242 -2
Cover_T243 8
Cover_T244 18
Cover_T245 8
Cover_T246 42
Cover_T247 8
Cover_T248 2
Cover_T249 -16
Cover_T250 2
Cover_T251 -4.4172e-09
Cover_T252 2
Cover_T253 0
Cover_T254 26
Cover_T255 10
Cover_T256 14
Cover_T257 10
Cover_T258 22
Cover_T259 0
Cover_T260 20
Cover_T261 -6
Cover_T262 6
Cover_T263 10
Cover_T264 4.1746e-09
Cover_T265 10
Cover_T266 10
Cover_T267 8.69447e-11
Cover_T268 4.17398e-09
Cover_T269 10
Cover_T270 4.86766e-09
Cover_T271 10
Cover_T272 10
Cover_T273 10
Cover_T274 4.09924e-09
Cover_T275 0
Cover_T276 4.22013e-09
Cover_T277 0
Cover_T278 4.38842e-09
Cover_T279 8
Cover_T280 10
Cover_T281 4
Cover_T282 10
Cover_T283 -9.59623e-11
Cover_T284 0
Cover_T285 0
Cover_T286 0
Cover_T287 -12
Cover_T288 0
Cover_T289 -32
Cover_T290 2.34408e-10
Cover_T291 -52
Cover_T292 12
Cover_T293 -22
Cover_T294 32
Cover_T295 -42
Cover_T296 52
Cover_T297 0
Cover_T298 22
Cover_T299 0
Cover_T300 42
Cover_T301 0
Cover_T302 -3.83604e-11
Cover_T303 -3.09056e-10
Cover_T304 -9.81352e-10
Cover_T305 -10
Cover_T306 1.5652e-10
Cover_T307 -30
Cover_T308 0
Cover_T309 -50
Cover_T310 10
Cover_T311 -4
Cover_T312 30
Cover_T313 0
Cover_T314 50
Cover_T315 2
Cover_T316 6
Cover_T317 -5.37632e-11
Cover_T318 2
Cover_T319 10
Cover_T320 14
Cover_T321 -18
Cover_T322 6
Cover_T323 8
Cover_T324 22
Cover_T325 0
Cover_T326 54
Cover_T327 6
Cover_T328 -2
Cover_T329 6
Cover_T330 0
Cover_T331 -4
Cover_T332 6
Cover_T333 -30
Cover_T334 6
Cover_T335 4
Cover_T336 16
Cover_T337 -22
Cover_T338 48
Cover_T339 4
Cover_T340 20
Cover_T341 4
Cover_T342 52
Cover_T343 4
Cover_T344 0
Cover_T345 4
Cover_T346 8
Cover_T347 0
Cover_T348 -4
Cover_T349 -6
Cover_T350 -4
Cover_T351 -26
Cover_T352 9.4031e-11
Cover_T353 -46
Cover_T354 6
Cover_T355 -34
Cover_T356 28
Cover_T357 4
Cover_T358 52
Cover_T359 4
Cover_T360 46
Cover_T361 -6
Cover_T362 8
Cover_T363 -30
Cover_T364 6
Cover_T365 4
Cover_T366 18
Cover_T367 -2
Cover_T368 34
Cover_T369 -14
Cover_T370 44
Cover_T371 -28
Cover_T372 60
Cover_T373 -40
Cover_T374 18
Cover_T375 1.67952e-09
Cover_T376 20
Cover_T377 -14
Cover_T378 40
Cover_T379 2
Cover_T380 40
Cover_T381 -12
Cover_T382 72
Cover_T383 -12
Cover_T384 36
Cover_T385 -8
Cover_T386 38
Cover_T387 -28
Cover_T388 38
Cover_T389 -26
Cover_T390 48
Cover_T391 -22
Cover_T392 52
Cover_T393 -28
Cover_T394 60
Cover_T395 -46
Cover_T396 58
Cover_T397 -30
Cover_T398 68
Cover_T399 -36
Cover_T400 60
Cover_T401 -40
Cover_T402 50
Cover_T403 -36
Cover_T404 54
Cover_T405 -36
Cover_T406 54
Cover_T407 -40
Cover_T408 50
Cover_T409 988
Cover_T410 52
Cover_T411 988
Cover_T412 1038
Cover_T413 990
Cover_T414 1042
Cover_T415 990
Cover_T416 1036
Cover_T417 990
Cover_T418 1036
Cover_T419 990
Cover_T420 1036
Cover_T421 984
Cover_T422 1034
Cover_T423 990
Cover_T424 20
Cover_T425 990
Cover_T426 18
Cover_T427 4
Cover_T428 16
Cover_T429 -1.06828e-10
Cover_T430 -4
Cover_T431 -2
Cover_T432 -30
Cover_T433 0
Cover_T434 10
Cover_T435 1.11075e-09
Cover_T436 10
Cover_T437 8
Cover_T438 10
Cover_T439 32
Cover_T440 -12
Cover_T441 52
Cover_T442 8
Cover_T443 8
Cover_T444 -12
Cover_T445 4
Cover_T446 -8
Cover_T447 4.35953e-09
Cover_T448 6
Cover_T449 20
Cover_T450 -14
Cover_T451 4.14716e-09
Cover_T452 -2
Cover_T453 20
Cover_T454 -4.38891e-12
Cover_T455 16
Cover_T456 6
Cover_T457 2
Cover_T458 -1.47593e-10
Cover_T459 -10
Cover_T460 0
Cover_T461 10
Cover_T462 -6
Cover_T463 8
Cover_T464 -4
Cover_T465 6
Cover_T466 -14
Cover_T467 16
Cover_T468 -4
Cover_T469 6
Cover_T470 -4
Cover_T471 6
Cover_T472 2
Cover_T473 16
Cover_T474 2
Cover_T475 6
Cover_T476 0
Cover_T477 6
Cover_T478 4
Cover_T479 0
Cover_T480 0
Cover_T481 0
Cover_T482 2
Cover_T483 2
Cover_T484 -10
Cover_T485 -2
Cover_T486 -34
Cover_T487 2
Cover_T488 -8
Cover_T489 0
Cover_T490 -32
Cover_T491 12
Cover_T492 6
Cover_T493 36
Cover_T494 6
Cover_T495 52
Cover_T496 0
Cover_T497 18
Cover_T498 -6.24778e-12
Cover_T499 34
Cover_T500 0
Cover_T501 50
Cover_T502 -8
Cover_T503 4
Cover_T504 -24
Cover_T505 1.98924e-10
Cover_T506 -40
Cover_T507 6
Cover_T508 10
Cover_T509 4
Cover_T510 -2
Cover_T511 1.19088e-09
Cover_T512 -14
Cover_T513 12
Cover_T514 10
Cover_T515 16
Cover_T516 6
Cover_T517 28
Cover_T518 -4
Cover_T519 42
Cover_T520 2
Cover_T521 54
Cover_T522 -10
Cover_T523 5.32576e-09
Cover_T524 0
Cover_T525 10
Cover_T526 6
Cover_T527 24
Cover_T528 -6
Cover_T529 4
Cover_T530 -22
Cover_T531 10
Cover_T532 -38
Cover_T533 8
Cover_T534 6
Cover_T535 26
Cover_T536 10
Cover_T537 2
Cover_T538 8
Cover_T539 18
Cover_T540 8
Cover_T541 34
Cover_T542 -5.5315e-09
Cover_T543 50
Cover_T544 2
Cover_T545 14
Cover_T546 -8
Cover_T547 0
Cover_T548 -32
Cover_T549 2
Cover_T550 8.26727e-09
Cover_T551 2
Cover_T552 -22
Cover_T553 12
Cover_T554 -44
Cover_T555 32
Cover_T556 -2
Cover_T557 52
Cover_T558 4
Cover_T559 14
Cover_T560 1.16647e-09
Cover_T561 32
Cover_T562 4
Cover_T563 52
Cover_T564 4
Cover_T565 10
Cover_T566 2
Cover_T567 0
Cover_T568 -30
Cover_T569 8
Cover_T570 -30
Cover_T571 3.86384e-10
Cover_T572 -2.72689e-08
Cover_T573 26
Cover_T574 -2
Cover_T575 52
Cover_T576 -12
Cover_T577 44
Cover_T578 -36
Cover_T579 14
Cover_T580 4
Cover_T581 14
Cover_T582 -16
Cover_T583 28
Cover_T584 4
Cover_T585 70
Cover_T586 2
Cover_T587 40
Cover_T588 -2
Cover_T589 90
Cover_T590 -8
Cover_T591 76
Cover_T592 -6
Cover_T593 44
Cover_T594 -16
Cover_T595 56
Cover_T596 -16
Cover_T597 76
Cover_T598 -26
Cover_T599 62
Cover_T600 -44
Cover_T601 60
Cover_T602 -30
Cover_T603 36
Cover_T604 4
Cover_T605 30
Cover_T606 12
Cover_T607 2
Cover_T608 8
Cover_T609 4
Cover_T610 0
Cover_T611 6
Cover_T612 6
Cover_T613 2
Cover_T614 1034
Cover_T615 1040
Cover_T616 1034
Cover_T617 1040
Cover_T618 1036
Cover_T619 1032
Cover_T620 1038
Cover_T621 1078
Cover_T622 1024
Cover_T623 1078
Cover_T624 1038
Cover_T625 1078
Cover_T626 1038
Cover_T627 62
Cover_T628 0
Cover_T629 62
Cover_T630 0
Cover_T631 48
Cover_T632 0
Cover_T633 52
Cover_T634 -10
Cover_T635 2
Cover_T636 52
Cover_T637 -22
Cover_T638 0
Cover_T639 -6
Cover_T640 26
Cover_T641 0
Cover_T642 46
Cover_T643 52
Cover_T644 56
Cover_T645 32
Cover_T646 24
Cover_T647 52
Cover_T648 44
Cover_T649 50
Cover_T650 24
Cover_T651 28
Cover_T652 -14
Cover_T653 2
Cover_T654 -26
Cover_T655 6.03832e-09
Cover_T656 0
Cover_T657 0
Cover_T658 0
Cover_T659 52
Cover_T660 1.22045e-09
Cover_T661 52
Count_D0 -984
Count_D1 -1000
Max_H0_P0 0
Max_H0_P1 0
Max_H0_P2 0
Max_H0_P3 0
Max_H0_P4 0
Max_H0_P5 0
Max_H0_P6 0
Max_H0_P7 0
Max_H0_P8 0
Max_H0_P9 0
Max_H0_P10 0
Max_H0_P11 0
Max_H0_P12 0
Max_H0_P13 0
Max_H0_P14 0
Max_H0_P15 4.85249e-11
Max_H0_P16 -4.66116e-11
Max_H0_P17 -1.12331e-10
Max_H0_P18 -6.77769e-11
Max_H0_P19 2.83469e-11
Max_H0_P20 0
Max_H0_P21 -7.69575e-11
Max_H0_P22 1.6384e-11
Max_H0_P23 -3.47118e-11
Max_H0_P24 2.48733e-11
Max_H0_P25 0
Max_H0_P26 -1.74368e-10
Max_H0_P27 1.8536e-10
Max_H0_P28 -2.80345e-11
Max_H0_P29 2.69669e-11
Max_H0_P30 3.78464e-12
Max_H0_P31 6.36929e-11
Max_H0_P32 -1.0904e-10
Max_H0_P33 4.28627e-11
Max_H0_P34 6.96709e-12
Max_H0_P35 0
Max_H0_P36 -4.37168e-12
Max_H0_P37 -8.2373e-12
Max_H0_P38 7.14578e-12
Max_H0_P39 -5.13944e-11
Max_H0_P40 -1.15249e-11
Max_H0_P41 -1.61151e-11
Max_H0_P42 1.23877e-10
Max_H0_P43 0
Max_H0_P44 0
Max_H0_P45 0
Max_H0_P46 0
Max_H0_P47 0
Max_H0_P48 0
Max_H0_P49 0
Max_H0_P50 0
Max_H0_P51 0
Max_H0_P52 2.18354e-10
Max_H0_P53 0
Max_H0_P54 5.87026e-11
Max_H0_P55 0
Max_H0_P56 0
Max_H0_P57 0
Max_H0_P58 1.05307e-10
Max_H0_P59 0
Max_H0_P60 0
Max_H0_P61 -4.56414e-11
Max_H0_P62 0
Max_H0_P63 0
Max_H0_P64 0
Max_H0_P65 0
Max_H0_P66 0
Max_H0_P67 0
Max_H0_P68 0
Max_H0_P69 0
Max_H0_P70 0
Max_H0_P71 -0
Max_H0_P72 0
Max_H0_P73 0
Max_H0_P74 0
Max_H0_P75 0
Max_H0_P76 0
Max_H0_P77 0
Max_H0_P78 0
Max_H0_P79 0
Max_H0_P80 0
Max_H0_P81 0
Max_H1_P0 0
Max_H1_P1 0
Max_H1_P2 0
Max_H1_P3 0
Max_H1_P4 0
Max_H1_P5 -1.42576e-11
Max_H1_P6 0
Max_H1_P7 0
Max_H1_P8 0
Max_H1_P9 0
Max_H1_P10 0
Max_H1_P11 0
Max_H1_P12 0
Max_H1_P13 0
Max_H1_P14 0
Max_H1_P15 3.9905e-11
Max_H1_P16 -1.22014e-10
Max_H1_P17 -9.12699e-11
Max_H1_P18 -7.36188e-11
Max_H1_P19 8.02914e-11
Max_H1_P20 0
Max_H1_P21 -7.10443e-11
Max_H1_P22 -7.24389e-11
Max_H1_P23 2.09099e-11
Max_H1_P24 -3.25e-11
Max_H1_P25 -4.97089e-11
Max_H1_P26 4.06146e-11
Max_H1_P27 1.32452e-11
Max_H1_P28 4.69799e-12
Max_H1_P29 -5.19446e-11
Max_H1_P30 0
Max_H1_P31 6.6726e-12
Max_H1_P32 -3.29106e-11
Max_H1_P33 -4.20311e-11
Max_H1_P34 7.74336e-11
Max_H1_P35 3.46555e-11
Max_H1_P36 9.70779e-12
Max_H1_P37 -4.21891e-11
Max_H1_P38 9.06084e-11
Max_H1_P39 -4.2176e-11
Max_H1_P40 2.27384e-11
Max_H1_P41 -4.4332e-11
Max_H1_P42 1.03601e-10
Max_H1_P43 0
Max_H1_P44 -2.21938e-11
Max_H1_P45 0
Max_H1_P46 0
Max_H1_P47 0
Max_H1_P48 0
Max_H1_P49 0
Max_H1_P50 0
Max_H1_P51 -1.66665e-10
Max_H1_P52 3.15566e-10
Max_H1_P53 -2.12232e-10
Max_H1_P54 5.37312e-11
Max_H1_P55 0
Max_H1_P56 0
Max_H1_P57 0
Max_H1_P58 0
Max_H1_P59 1.4507e-10
Max_H1_P60 -1.39266e-12
Max_H1_P61 3.55205e-12
Max_H1_P62 0
Max_H1_P63 -2.65018e-11
Max_H1_P64 0
Max_H1_P65 0
Max_H1_P66 0
Max_H1_P67 0
Max_H1_P68 0
Max_H1_P69 0
Max_H1_P70 0
Max_H1_P71 0
Max_H1_P72 0
Max_H1_P73 0
Max_H1_P74 0
Max_H1_P75 0
Max_H1_P76 0
Max_H1_P77 0
Max_H1_P78 -8.5772e-11
Max_H1_P79 0
Max_H1_P80 0
Max_H1_P81 0
