
Branch and bound

  Entire solving process        :                           (Time     79.7)
  No feasible solution was found
  Best relaxation cost          :     47113.50 (Node     0) (Time     79.7)
  Lower bound after cuts        :     47113.50
  End lower bound               :     47113.50
  Deepest level reached         : 0
  Deepest real level reached    : 0
  Number of real nodes solved   : 1
  Stopping condition            : enough nodes explored

Problem identification

  Problem                       : <null>
  Machine                       : oslo1.gerad.lan

Solving process summary

  Linear relaxations            :        1
  Column generation iterations  :      117
  Shortest paths solved         :     6768
  Columns generated             :    45952

Instance characteristics

  Resources                     : 3
  Node types                    : no
  Arc types                     : no
  Strong resource windows       : no
  Weak resource windows         : no
  Resource windows (nodes)      : 3
  Resource values (arcs)        : 3
  Values on nodes               : no

  Rows                          : 828
  Initial columns               : 365
  Tasks                         : 666
  Strong tasks                  : 452
  Weak tasks                    : 4
  Initial task constraints      : no
  Nodes                         : 994
  Arc sets                      : 1
  Arcs                          : 21346
  Networks                      : 2
  Models                        : 1

Memory used per module (Megs)

  Parser (reused)               :      4.609
  Networks                      :     27.002
  Column generator              :      5.570
  Master problem                :      8.279
  -----------------
  Total                         :     40.851

Cpu time per module (seconds)

  Parser                        :        0.0
  Preprocessor                  :        0.0
  Lr solver manager             :        0.0
  Column generator              :       25.9
    (Shortest path)             :       21.8
  Master problem                :       53.7
  -------------------
  Total (without b&b)           :       79.7

Real elapsed time (seconds)

  Parser                        :        0.0
  Preprocessor                  :        0.0
  Lr solver manager             :        0.1
  Column generator              :       25.8
    (Shortest path)             :       21.8
  Master problem                :       53.7
  -------------------
  Total (without b&b)           :       79.7
