
Branch and bound

  Entire solving process        :                           (Time     90.7)
  No feasible solution was found
  Best relaxation cost          :     38984.61 (Node     0) (Time     90.7)
  Lower bound after cuts        :     38984.61
  End lower bound               :     38984.61
  Deepest level reached         : 0
  Deepest real level reached    : 0
  Number of real nodes solved   : 1
  Stopping condition            : enough nodes explored

Problem identification

  Problem                       : <null>
  Machine                       : oslo2.gerad.lan

Solving process summary

  Linear relaxations            :        1
  Column generation iterations  :      120
  Shortest paths solved         :     6053
  Columns generated             :    39624

Instance characteristics

  Resources                     : 3
  Node types                    : no
  Arc types                     : no
  Strong resource windows       : no
  Weak resource windows         : no
  Resource windows (nodes)      : 3
  Resource values (arcs)        : 3
  Values on nodes               : no

  Rows                          : 806
  Initial columns               : 312
  Tasks                         : 644
  Strong tasks                  : 464
  Weak tasks                    : 4
  Initial task constraints      : no
  Nodes                         : 972
  Arc sets                      : 1
  Arcs                          : 20292
  Networks                      : 2
  Models                        : 1

Memory used per module (Megs)

  Parser (reused)               :      4.488
  Networks                      :     25.791
  Column generator              :      5.207
  Master problem                :      8.264
  -----------------
  Total                         :     39.262

Cpu time per module (seconds)

  Parser                        :        0.0
  Preprocessor                  :        0.0
  Lr solver manager             :        0.1
  Column generator              :       27.7
    (Shortest path)             :       23.8
  Master problem                :       62.9
  -------------------
  Total (without b&b)           :       90.7

Real elapsed time (seconds)

  Parser                        :        0.0
  Preprocessor                  :        0.0
  Lr solver manager             :        0.1
  Column generator              :       27.8
    (Shortest path)             :       23.8
  Master problem                :       63.0
  -------------------
  Total (without b&b)           :       90.8
