
Branch and bound

  Entire solving process        :                           (Time    127.2)
  No feasible solution was found
  Best relaxation cost          :     39193.68 (Node     0) (Time    127.2)
  Lower bound after cuts        :     39193.68
  End lower bound               :     39193.68
  Deepest level reached         : 0
  Deepest real level reached    : 0
  Number of real nodes solved   : 1
  Stopping condition            : enough nodes explored

Problem identification

  Problem                       : <null>
  Machine                       : oslo1.gerad.lan

Solving process summary

  Linear relaxations            :        1
  Column generation iterations  :      143
  Shortest paths solved         :     2952
  Columns generated             :    31811

Instance characteristics

  Resources                     : 3
  Node types                    : no
  Arc types                     : no
  Strong resource windows       : no
  Weak resource windows         : no
  Resource windows (nodes)      : 3
  Resource values (arcs)        : 3
  Values on nodes               : no

  Rows                          : 806
  Initial columns               : 2
  Tasks                         : 644
  Strong tasks                  : 640
  Weak tasks                    : 4
  Initial task constraints      : no
  Nodes                         : 972
  Arc sets                      : 1
  Arcs                          : 20292
  Networks                      : 2
  Models                        : 1

Memory used per module (Megs)

  Parser (reused)               :      4.488
  Networks                      :     23.249
  Column generator              :      7.023
  Master problem                :      8.173
  -----------------
  Total                         :     38.445

Cpu time per module (seconds)

  Parser                        :        0.0
  Preprocessor                  :        0.0
  Lr solver manager             :        0.1
  Column generator              :       24.4
    (Shortest path)             :       21.4
  Master problem                :      102.7
  -------------------
  Total (without b&b)           :      127.2

Real elapsed time (seconds)

  Parser                        :        0.0
  Preprocessor                  :        0.0
  Lr solver manager             :        0.1
  Column generator              :       24.4
    (Shortest path)             :       21.6
  Master problem                :      102.7
  -------------------
  Total (without b&b)           :      127.2
