Cover_T0 52
Cover_T1 -52
Cover_T2 52
Cover_T3 -52
Cover_T4 52
Cover_T5 -52
Cover_T6 52
Cover_T7 -52
Cover_T8 52
Cover_T9 -52
Cover_T10 52
Cover_T11 -52
Cover_T12 52
Cover_T13 -52
Cover_T14 52
Cover_T15 -52
Cover_T16 52
Cover_T17 -52
Cover_T18 52
Cover_T19 -52
Cover_T20 52
Cover_T21 -52
Cover_T22 52
Cover_T23 -52
Cover_T24 54
Cover_T25 -52
Cover_T26 54
Cover_T27 -48
Cover_T28 52
Cover_T29 -48
Cover_T30 58
Cover_T31 -48
Cover_T32 52
Cover_T33 -48
Cover_T34 58
Cover_T35 -46
Cover_T36 52
Cover_T37 -46
Cover_T38 62
Cover_T39 -46
Cover_T40 54
Cover_T41 -46
Cover_T42 54
Cover_T43 -46
Cover_T44 50
Cover_T45 -44
Cover_T46 54
Cover_T47 -42
Cover_T48 50
Cover_T49 -44
Cover_T50 54
Cover_T51 -36
Cover_T52 48
Cover_T53 -44
Cover_T54 54
Cover_T55 -32
Cover_T56 50
Cover_T57 -40
Cover_T58 64
Cover_T59 -38
Cover_T60 52
Cover_T61 12
Cover_T62 998
Cover_T63 2
Cover_T64 982
Cover_T65 940
Cover_T66 1028
Cover_T67 948
Cover_T68 1042
Cover_T69 936
Cover_T70 1042
Cover_T71 948
Cover_T72 990
Cover_T73 0
Cover_T74 998
Cover_T75 12
Cover_T76 62
Cover_T77 -46
Cover_T78 42
Cover_T79 -48
Cover_T80 28
Cover_T81 -48
Cover_T82 18
Cover_T83 -48
Cover_T84 4
Cover_T85 -44
Cover_T86 6
Cover_T87 -48
Cover_T88 20
Cover_T89 -36
Cover_T90 8
Cover_T91 -24
Cover_T92 52
Cover_T93 -12
Cover_T94 40
Cover_T95 2.84058e-09
Cover_T96 36
Cover_T97 4
Cover_T98 16
Cover_T99 -4
Cover_T100 -4
Cover_T101 -40
Cover_T102 -24
Cover_T103 -28
Cover_T104 -44
Cover_T105 -8
Cover_T106 -40
Cover_T107 12
Cover_T108 -36
Cover_T109 28
Cover_T110 -48
Cover_T111 40
Cover_T112 4
Cover_T113 52
Cover_T114 2
Cover_T115 40
Cover_T116 4
Cover_T117 52
Cover_T118 0
Cover_T119 40
Cover_T120 4
Cover_T121 52
Cover_T122 52
Cover_T123 0
Cover_T124 40
Cover_T125 2
Cover_T126 52
Cover_T127 -5.30425e-10
Cover_T128 40
Cover_T129 4
Cover_T130 52
Cover_T131 4.19348e-10
Cover_T132 40
Cover_T133 -48
Cover_T134 28
Cover_T135 -36
Cover_T136 16
Cover_T137 -48
Cover_T138 8
Cover_T139 -36
Cover_T140 10
Cover_T141 -48
Cover_T142 6
Cover_T143 -36
Cover_T144 22
Cover_T145 -24
Cover_T146 10
Cover_T147 -12
Cover_T148 -2
Cover_T149 0
Cover_T150 2
Cover_T151 -2
Cover_T152 6
Cover_T153 -10
Cover_T154 52
Cover_T155 10
Cover_T156 32
Cover_T157 6
Cover_T158 14
Cover_T159 2
Cover_T160 10
Cover_T161 -46
Cover_T162 16
Cover_T163 -30
Cover_T164 0
Cover_T165 -14
Cover_T166 -6
Cover_T167 0
Cover_T168 -22
Cover_T169 -1.34239e-10
Cover_T170 -38
Cover_T171 -6
Cover_T172 2
Cover_T173 10
Cover_T174 38
Cover_T175 16
Cover_T176 24
Cover_T177 28
Cover_T178 12
Cover_T179 40
Cover_T180 0
Cover_T181 52
Cover_T182 -12
Cover_T183 8
Cover_T184 -24
Cover_T185 -32
Cover_T186 -36
Cover_T187 -20
Cover_T188 -42
Cover_T189 -8
Cover_T190 -36
Cover_T191 4
Cover_T192 -48
Cover_T193 16
Cover_T194 -40
Cover_T195 28
Cover_T196 -42
Cover_T197 44
Cover_T198 6
Cover_T199 36
Cover_T200 -2
Cover_T201 52
Cover_T202 -2
Cover_T203 50
Cover_T204 8
Cover_T205 54
Cover_T206 16
Cover_T207 14
Cover_T208 1.24191e-09
Cover_T209 24
Cover_T210 52
Cover_T211 24
Cover_T212 52
Cover_T213 28
Cover_T214 36
Cover_T215 52
Cover_T216 48
Cover_T217 84
Cover_T218 46
Cover_T219 36
Cover_T220 50
Cover_T221 36
Cover_T222 36
Cover_T223 52
Cover_T224 -4.11931e-09
Cover_T225 40
Cover_T226 -12
Cover_T227 40
Cover_T228 -20
Cover_T229 32
Cover_T230 -38
Cover_T231 30
Cover_T232 -24
Cover_T233 30
Cover_T234 -26
Cover_T235 36
Cover_T236 -26
Cover_T237 34
Cover_T238 -26
Cover_T239 50
Cover_T240 -26
Cover_T241 36
Cover_T242 -26
Cover_T243 36
Cover_T244 -26
Cover_T245 36
Cover_T246 -26
Cover_T247 36
Cover_T248 -26
Cover_T249 36
Cover_T250 -26
Cover_T251 36
Cover_T252 -26
Cover_T253 36
Cover_T254 -26
Cover_T255 36
Cover_T256 -26
Cover_T257 36
Cover_T258 -26
Cover_T259 36
Cover_T260 -26
Cover_T261 34
Cover_T262 -40
Cover_T263 32
Cover_T264 -38
Cover_T265 32
Cover_T266 -38
Cover_T267 38
Cover_T268 -26
Cover_T269 36
Cover_T270 -26
Cover_T271 52
Cover_T272 -26
Cover_T273 40
Cover_T274 -26
Cover_T275 32
Cover_T276 -26
Cover_T277 36
Cover_T278 -42
Cover_T279 38
Cover_T280 -38
Cover_T281 38
Cover_T282 -28
Cover_T283 38
Cover_T284 -40
Cover_T285 52
Cover_T286 -28
Cover_T287 64
Cover_T288 -28
Cover_T289 54
Cover_T290 -28
Cover_T291 62
Cover_T292 -28
Cover_T293 52
Cover_T294 -30
Cover_T295 64
Cover_T296 -36
Cover_T297 52
Cover_T298 -36
Cover_T299 52
Cover_T300 -40
Cover_T301 52
Cover_T302 -40
Cover_T303 52
Cover_T304 -40
Cover_T305 56
Cover_T306 -48
Cover_T307 56
Cover_T308 -48
Cover_T309 54
Cover_T310 -48
Cover_T311 52
Cover_T312 -52
Cover_T313 52
Cover_T314 -52
Cover_T315 52
Cover_T316 -52
Cover_T317 52
Cover_T318 -52
Cover_T319 52
Cover_T320 -52
Cover_T321 56
Cover_T322 -48
Cover_T323 56
Cover_T324 -48
Cover_T325 56
Cover_T326 -46
Cover_T327 60
Cover_T328 -46
Cover_T329 52
Cover_T330 -42
Cover_T331 50
Cover_T332 -42
Cover_T333 50
Cover_T334 -44
Cover_T335 50
Cover_T336 -28
Cover_T337 52
Cover_T338 -36
Cover_T339 48
Cover_T340 -32
Cover_T341 56
Cover_T342 -40
Cover_T343 50
Cover_T344 16
Cover_T345 988
Cover_T346 8
Cover_T347 994
Cover_T348 0
Cover_T349 970
Cover_T350 942
Cover_T351 970
Cover_T352 946
Cover_T353 1028
Cover_T354 938
Cover_T355 1042
Cover_T356 946
Cover_T357 986
Cover_T358 0
Cover_T359 990
Cover_T360 2
Cover_T361 1002
Cover_T362 10
Cover_T363 58
Cover_T364 18
Cover_T365 38
Cover_T366 -46
Cover_T367 38
Cover_T368 -50
Cover_T369 14
Cover_T370 -38
Cover_T371 -6
Cover_T372 -34
Cover_T373 14
Cover_T374 -14
Cover_T375 50
Cover_T376 6
Cover_T377 42
Cover_T378 6
Cover_T379 30
Cover_T380 -10
Cover_T381 18
Cover_T382 2
Cover_T383 6
Cover_T384 -42
Cover_T385 -6
Cover_T386 -38
Cover_T387 -18
Cover_T388 -26
Cover_T389 -30
Cover_T390 -14
Cover_T391 -42
Cover_T392 -2
Cover_T393 -30
Cover_T394 10
Cover_T395 -42
Cover_T396 22
Cover_T397 -52
Cover_T398 42
Cover_T399 0
Cover_T400 38
Cover_T401 2.84011e-10
Cover_T402 52
Cover_T403 0
Cover_T404 -7.63762e-11
Cover_T405 -2
Cover_T406 -3.60671e-11
Cover_T407 38
Cover_T408 -3.58466e-10
Cover_T409 46
Cover_T410 2
Cover_T411 34
Cover_T412 6
Cover_T413 46
Cover_T414 -42
Cover_T415 34
Cover_T416 -30
Cover_T417 22
Cover_T418 -42
Cover_T419 10
Cover_T420 -30
Cover_T421 2
Cover_T422 -42
Cover_T423 4
Cover_T424 -30
Cover_T425 0
Cover_T426 -18
Cover_T427 16
Cover_T428 -6
Cover_T429 4
Cover_T430 2
Cover_T431 -8
Cover_T432 -6.54623e-11
Cover_T433 4
Cover_T434 4
Cover_T435 -8
Cover_T436 -12
Cover_T437 4
Cover_T438 1.01679e-10
Cover_T439 0
Cover_T440 12
Cover_T441 46
Cover_T442 0
Cover_T443 34
Cover_T444 12
Cover_T445 22
Cover_T446 7.46272e-12
Cover_T447 12
Cover_T448 4
Cover_T449 -4
Cover_T450 -34
Cover_T451 14
Cover_T452 -14
Cover_T453 -6
Cover_T454 4
Cover_T455 -16
Cover_T456 -14
Cover_T457 -36
Cover_T458 6
Cover_T459 0
Cover_T460 16
Cover_T461 34
Cover_T462 32
Cover_T463 18
Cover_T464 48
Cover_T465 2
Cover_T466 8
Cover_T467 -14
Cover_T468 -28
Cover_T469 -30
Cover_T470 -12
Cover_T471 -40
Cover_T472 4
Cover_T473 -38
Cover_T474 20
Cover_T475 -34
Cover_T476 34
Cover_T477 -46
Cover_T478 40
Cover_T479 -46
Cover_T480 52
Cover_T481 6
Cover_T482 46
Cover_T483 2
Cover_T484 38
Cover_T485 -10
Cover_T486 50
Cover_T487 -6
Cover_T488 50
Cover_T489 8
Cover_T490 0
Cover_T491 20
Cover_T492 2
Cover_T493 8
Cover_T494 18
Cover_T495 -4
Cover_T496 20
Cover_T497 48
Cover_T498 10
Cover_T499 48
Cover_T500 16
Cover_T501 32
Cover_T502 64
Cover_T503 42
Cover_T504 28
Cover_T505 42
Cover_T506 36
Cover_T507 36
Cover_T508 50
Cover_T509 4
Cover_T510 36
Cover_T511 -10
Cover_T512 44
Cover_T513 -36
Cover_T514 28
Cover_T515 -34
Cover_T516 26
Cover_T517 -28
Cover_T518 36
Cover_T519 -32
Cover_T520 38
Cover_T521 -36
Cover_T522 28
Cover_T523 -26
Cover_T524 32
Cover_T525 -28
Cover_T526 36
Cover_T527 -32
Cover_T528 26
Cover_T529 -36
Cover_T530 28
Cover_T531 -26
Cover_T532 32
Cover_T533 -26
Cover_T534 36
Cover_T535 -26
Cover_T536 36
Cover_T537 -26
Cover_T538 36
Cover_T539 -30
Cover_T540 34
Cover_T541 -28
Cover_T542 32
Cover_T543 -44
Cover_T544 32
Cover_T545 -42
Cover_T546 36
Cover_T547 -42
Cover_T548 36
Cover_T549 -30
Cover_T550 48
Cover_T551 -38
Cover_T552 38
Cover_T553 -30
Cover_T554 44
Cover_T555 -28
Cover_T556 54
Cover_T557 -26
Cover_T558 46
Cover_T559 -34
Cover_T560 54
Cover_T561 -42
Cover_T562 34
Cover_T563 -30
Cover_T564 42
Cover_T565 -28
Cover_T566 34
Cover_T567 -26
Cover_T568 32
Cover_T569 -30
Cover_T570 32
Cover_T571 -38
Cover_T572 40
Cover_T573 -48
Cover_T574 46
Cover_T575 -30
Cover_T576 40
Cover_T577 -38
Cover_T578 34
Cover_T579 -42
Cover_T580 36
Cover_T581 -28
Cover_T582 46
Cover_T583 -40
Cover_T584 64
Cover_T585 -28
Cover_T586 50
Cover_T587 -28
Cover_T588 62
Cover_T589 -28
Cover_T590 48
Cover_T591 -30
Cover_T592 64
Cover_T593 -36
Cover_T594 52
Cover_T595 -36
Cover_T596 52
Cover_T597 -40
Cover_T598 52
Cover_T599 -40
Cover_T600 50
Cover_T601 -44
Cover_T602 56
Cover_T603 -44
Cover_T604 54
Cover_T605 -44
Cover_T606 56
Cover_T607 -46
Cover_T608 54
Cover_T609 -44
Cover_T610 54
Cover_T611 -48
Cover_T612 56
Cover_T613 -48
Cover_T614 52
Cover_T615 -48
Cover_T616 52
Cover_T617 -48
Cover_T618 54
Cover_T619 -48
Cover_T620 56
Cover_T621 -50
Cover_T622 52
Cover_T623 -46
Cover_T624 60
Cover_T625 -46
Cover_T626 56
Cover_T627 -46
Cover_T628 52
Cover_T629 -46
Cover_T630 52
Cover_T631 -44
Cover_T632 52
Cover_T633 -40
Cover_T634 52
Cover_T635 -32
Cover_T636 52
Cover_T637 -40
Cover_T638 60
Cover_T639 -40
Cover_T640 52
Cover_T641 16
Cover_T642 998
Cover_T643 8
Cover_T644 994
Cover_T645 2.10303e-10
Cover_T646 984
Cover_T647 944
Cover_T648 978
Cover_T649 946
Cover_T650 1032
Cover_T651 948
Cover_T652 1046
Cover_T653 948
Cover_T654 1030
Cover_T655 946
Cover_T656 1034
Cover_T657 948
Cover_T658 1034
Cover_T659 938
Cover_T660 1042
Cover_T661 946
Cover_T662 978
Cover_T663 1.0256e-10
Cover_T664 994
Cover_T665 2
Cover_T666 994
Cover_T667 10
Cover_T668 42
Cover_T669 18
Cover_T670 30
Cover_T671 -40
Cover_T672 14
Cover_T673 -50
Cover_T674 6
Cover_T675 -42
Cover_T676 2
Cover_T677 -50
Cover_T678 20
Cover_T679 -38
Cover_T680 6
Cover_T681 -42
Cover_T682 50
Cover_T683 -30
Cover_T684 46
Cover_T685 -18
Cover_T686 34
Cover_T687 -6
Cover_T688 22
Cover_T689 6
Cover_T690 8
Cover_T691 -18
Cover_T692 -8
Cover_T693 -2
Cover_T694 -24
Cover_T695 -42
Cover_T696 -40
Cover_T697 -34
Cover_T698 -32
Cover_T699 -18
Cover_T700 -48
Cover_T701 -2
Cover_T702 -40
Cover_T703 14
Cover_T704 0
Cover_T705 26
Cover_T706 -1.86411e-11
Cover_T707 34
Cover_T708 2
Cover_T709 42
Cover_T710 2
Cover_T711 50
Cover_T712 0
Cover_T713 34
Cover_T714 -4.19844e-11
Cover_T715 42
Cover_T716 0
Cover_T717 50
Cover_T718 0
Cover_T719 52
Cover_T720 52
Cover_T721 42
Cover_T722 44
Cover_T723 50
Cover_T724 36
Cover_T725 2
Cover_T726 52
Cover_T727 2
Cover_T728 44
Cover_T729 0
Cover_T730 36
Cover_T731 0
Cover_T732 52
Cover_T733 2
Cover_T734 44
Cover_T735 6
Cover_T736 28
Cover_T737 6
Cover_T738 12
Cover_T739 -38
Cover_T740 -1.45405e-10
Cover_T741 -46
Cover_T742 6
Cover_T743 -30
Cover_T744 18
Cover_T745 -38
Cover_T746 2
Cover_T747 -22
Cover_T748 10
Cover_T749 -6
Cover_T750 -4
Cover_T751 2
Cover_T752 8
Cover_T753 0
Cover_T754 4
Cover_T755 4
Cover_T756 50
Cover_T757 -12
Cover_T758 38
Cover_T759 0
Cover_T760 26
Cover_T761 12
Cover_T762 14
Cover_T763 3.17613e-11
Cover_T764 4
Cover_T765 12
Cover_T766 8
Cover_T767 0
Cover_T768 18
Cover_T769 4
Cover_T770 6
Cover_T771 -42
Cover_T772 -6
Cover_T773 -30
Cover_T774 -8
Cover_T775 -18
Cover_T776 -20
Cover_T777 -8
Cover_T778 -32
Cover_T779 4
Cover_T780 -44
Cover_T781 0
Cover_T782 -4.21896e-11
Cover_T783 -10
Cover_T784 40
Cover_T785 2
Cover_T786 28
Cover_T787 14
Cover_T788 16
Cover_T789 16
Cover_T790 2
Cover_T791 32
Cover_T792 -14
Cover_T793 48
Cover_T794 -30
Cover_T795 8
Cover_T796 -40
Cover_T797 -28
Cover_T798 -38
Cover_T799 -12
Cover_T800 -34
Cover_T801 4
Cover_T802 -50
Cover_T803 20
Cover_T804 4
Cover_T805 32
Cover_T806 2
Cover_T807 40
Cover_T808 2
Cover_T809 42
Cover_T810 -6
Cover_T811 50
Cover_T812 -14
Cover_T813 40
Cover_T814 -6
Cover_T815 50
Cover_T816 12
Cover_T817 38
Cover_T818 4
Cover_T819 46
Cover_T820 20
Cover_T821 54
Cover_T822 12
Cover_T823 58
Cover_T824 4
Cover_T825 0
Cover_T826 -4
Cover_T827 12
Cover_T828 52
Cover_T829 4
Cover_T830 48
Cover_T831 20
Cover_T832 52
Cover_T833 20
Cover_T834 48
Cover_T835 34
Cover_T836 40
Cover_T837 8
Cover_T838 32
Cover_T839 56
Cover_T840 52
Cover_T841 32
Cover_T842 44
Cover_T843 64
Cover_T844 44
Cover_T845 64
Cover_T846 44
Cover_T847 84
Cover_T848 26
Cover_T849 24
Cover_T850 50
Cover_T851 32
Cover_T852 42
Cover_T853 28
Cover_T854 50
Cover_T855 32
Cover_T856 28
Cover_T857 40
Cover_T858 36
Cover_T859 48
Cover_T860 -4
Cover_T861 28
Cover_T862 0
Cover_T863 36
Cover_T864 -20
Cover_T865 30
Cover_T866 -14
Cover_T867 42
Cover_T868 -38
Cover_T869 30
Cover_T870 -22
Cover_T871 26
Cover_T872 -24
Cover_T873 30
Cover_T874 -30
Cover_T875 26
Cover_T876 -30
Cover_T877 34
Cover_T878 -26
Cover_T879 30
Cover_T880 -26
Cover_T881 40
Cover_T882 -34
Cover_T883 52
Cover_T884 -30
Cover_T885 36
Cover_T886 -30
Cover_T887 36
Cover_T888 -30
Cover_T889 36
Cover_T890 -30
Cover_T891 36
Cover_T892 -30
Cover_T893 36
Cover_T894 -28
Cover_T895 36
Cover_T896 -26
Cover_T897 36
Cover_T898 -26
Cover_T899 36
Cover_T900 -32
Cover_T901 26
Cover_T902 -34
Cover_T903 26
Cover_T904 -36
Cover_T905 28
Cover_T906 -40
Cover_T907 34
Cover_T908 -32
Cover_T909 42
Cover_T910 -26
Cover_T911 44
Cover_T912 -36
Cover_T913 46
Cover_T914 -26
Cover_T915 50
Cover_T916 -32
Cover_T917 44
Cover_T918 -26
Cover_T919 38
Cover_T920 -42
Cover_T921 52
Cover_T922 -38
Cover_T923 46
Cover_T924 -30
Cover_T925 44
Cover_T926 -30
Cover_T927 60
Cover_T928 -30
Cover_T929 46
Cover_T930 -30
Cover_T931 62
Cover_T932 -30
Cover_T933 70
Cover_T934 -30
Cover_T935 56
Cover_T936 -32
Cover_T937 68
Cover_T938 -30
Cover_T939 56
Cover_T940 -34
Cover_T941 60
Cover_T942 -36
Cover_T943 60
Cover_T944 -46
Cover_T945 58
Cover_T946 -40
Cover_T947 54
Cover_T948 -44
Cover_T949 58
Cover_T950 -50
Cover_T951 58
Cover_T952 -48
Cover_T953 56
Cover_T954 -48
Cover_T955 54
Cover_T956 4
Cover_T957 -2.63055e-09
Cover_T958 4
Cover_T959 -1.55546e-09
Cover_T960 4
Cover_T961 0
Cover_T962 4
Cover_T963 -1.68791e-09
Cover_T964 14
Cover_T965 4
Cover_T966 28
Cover_T967 10
Cover_T968 12
Cover_T969 18
Cover_T970 112
Cover_T971 14
Cover_T972 96
Cover_T973 58
Cover_T974 1000
Cover_T975 50
Cover_T976 986
Cover_T977 970
Cover_T978 1040
Cover_T979 982
Cover_T980 1016
Cover_T981 996
Cover_T982 1040
Cover_T983 890
Cover_T984 1028
Cover_T985 904
Cover_T986 988
Cover_T987 0
Cover_T988 988
Cover_T989 12
Cover_T990 36
Cover_T991 -38
Cover_T992 52
Cover_T993 -34
Cover_T994 54
Cover_T995 -30
Cover_T996 52
Cover_T997 -2
Cover_T998 52
Cover_T999 52
Cover_T1000 -28
Cover_T1001 54
Cover_T1002 -42
Cover_T1003 54
Cover_T1004 0
Cover_T1005 54
Cover_T1006 78
Cover_T1007 76
Cover_T1008 78
Cover_T1009 68
Cover_T1010 80
Cover_T1011 106
Cover_T1012 72
Cover_T1013 90
Cover_T1014 60
Cover_T1015 122
Cover_T1016 98
Cover_T1017 98
Cover_T1018 94
Cover_T1019 120
Cover_T1020 86
Cover_T1021 122
Cover_T1022 86
Cover_T1023 82
Cover_T1024 98
Cover_T1025 0
Cover_T1026 80
Cover_T1027 0
Cover_T1028 80
Cover_T1029 0
Cover_T1030 48
Cover_T1031 10
Cover_T1032 50
Cover_T1033 18
Cover_T1034 -9.39664e-10
Cover_T1035 -14
Cover_T1036 0
Cover_T1037 -10
Cover_T1038 -4.49868e-10
Cover_T1039 0
Cover_T1040 -28
Cover_T1041 26
Cover_T1042 16
Cover_T1043 24
Cover_T1044 12
Cover_T1045 12
Cover_T1046 22
Cover_T1047 32
Cover_T1048 22
Cover_T1049 52
Cover_T1050 20
Cover_T1051 2
Cover_T1052 16
Cover_T1053 6
Count_D0 -984
Count_D1 -1000
Max_H0_P0 0
Max_H0_P1 0
Max_H0_P2 0
Max_H0_P3 0
Max_H0_P4 0
Max_H0_P5 -4.82636e-11
Max_H0_P6 2.6436e-10
Max_H0_P7 0
Max_H0_P8 0
Max_H0_P9 0
Max_H0_P10 0
Max_H0_P11 0
Max_H0_P12 0
Max_H0_P13 0
Max_H0_P14 0
Max_H0_P15 7.57723e-11
Max_H0_P16 6.38281e-11
Max_H0_P17 -1.50794e-11
Max_H0_P18 1.08616e-10
Max_H0_P19 1.05889e-10
Max_H0_P20 7.78613e-11
Max_H0_P21 -3.26992e-11
Max_H0_P22 2.59979e-11
Max_H0_P23 -2.81586e-11
Max_H0_P24 3.25073e-11
Max_H0_P25 2.94894e-11
Max_H0_P26 -4.33538e-11
Max_H0_P27 7.63549e-11
Max_H0_P28 -3.7744e-11
Max_H0_P29 -1.63273e-11
Max_H0_P30 -5.52379e-11
Max_H0_P31 -8.46008e-11
Max_H0_P32 -1.66056e-11
Max_H0_P33 1.83228e-11
Max_H0_P34 -8.76348e-11
Max_H0_P35 -1.83604e-11
Max_H0_P36 -3.90994e-11
Max_H0_P37 -7.09983e-11
Max_H0_P38 0
Max_H0_P39 -7.43908e-11
Max_H0_P40 -1.26022e-10
Max_H0_P41 6.32281e-11
Max_H0_P42 -7.05658e-13
Max_H0_P43 1.55296e-10
Max_H0_P44 6.93792e-11
Max_H0_P45 -6.61984e-11
Max_H0_P46 0
Max_H0_P47 0
Max_H0_P48 0
Max_H0_P49 0
Max_H0_P50 0
Max_H0_P51 0
Max_H0_P52 -9.84568e-12
Max_H0_P53 -4.30873e-11
Max_H0_P54 -1.35287e-10
Max_H0_P55 0
Max_H0_P56 0
Max_H0_P57 8.83977e-11
Max_H0_P58 -2.13664e-11
Max_H0_P59 -1.66612e-10
Max_H0_P60 -8.08313e-11
Max_H0_P61 3.55849e-11
Max_H0_P62 -1.43011e-10
Max_H0_P63 0
Max_H0_P64 -6.89435e-11
Max_H0_P65 -1.13344e-10
Max_H0_P66 0
Max_H0_P67 0
Max_H0_P68 0
Max_H0_P69 0
Max_H0_P70 0
Max_H0_P71 0
Max_H0_P72 0
Max_H0_P73 0
Max_H0_P74 0
Max_H0_P75 0
Max_H0_P76 5.99698e-11
Max_H0_P77 6.24709e-11
Max_H0_P78 -6.63346e-12
Max_H0_P79 0
Max_H0_P80 0
Max_H0_P81 0
Max_H1_P0 0
Max_H1_P1 0
Max_H1_P2 4.80362e-11
Max_H1_P3 0
Max_H1_P4 0
Max_H1_P5 2.12363e-11
Max_H1_P6 3.43848e-10
Max_H1_P7 -7.24008e-11
Max_H1_P8 0
Max_H1_P9 0
Max_H1_P10 0
Max_H1_P11 0
Max_H1_P12 0
Max_H1_P13 0
Max_H1_P14 0
Max_H1_P15 9.87229e-11
Max_H1_P16 6.87308e-11
Max_H1_P17 -9.44067e-12
Max_H1_P18 -6.6791e-11
Max_H1_P19 4.93191e-11
Max_H1_P20 7.55861e-11
Max_H1_P21 6.71285e-12
Max_H1_P22 -7.0183e-12
Max_H1_P23 -4.8435e-11
Max_H1_P24 -6.5036e-11
Max_H1_P25 1.61293e-11
Max_H1_P26 3.21369e-11
Max_H1_P27 5.57217e-11
Max_H1_P28 -4.07901e-11
Max_H1_P29 -2.50111e-11
Max_H1_P30 -3.39924e-11
Max_H1_P31 -4.39186e-11
Max_H1_P32 -3.41913e-11
Max_H1_P33 -2.80967e-11
Max_H1_P34 -8.16485e-11
Max_H1_P35 -5.22071e-11
Max_H1_P36 -2.97113e-11
Max_H1_P37 -7.89384e-11
Max_H1_P38 -3.461e-11
Max_H1_P39 -2.66365e-11
Max_H1_P40 4.99399e-11
Max_H1_P41 -2.60449e-11
Max_H1_P42 2.41999e-11
Max_H1_P43 1.26327e-10
Max_H1_P44 5.24393e-11
Max_H1_P45 -5.0334e-11
Max_H1_P46 5.68505e-11
Max_H1_P47 0
Max_H1_P48 0
Max_H1_P49 0
Max_H1_P50 0
Max_H1_P51 0
Max_H1_P52 0
Max_H1_P53 0
Max_H1_P54 0
Max_H1_P55 -1.05155e-10
Max_H1_P56 -1.22959e-11
Max_H1_P57 1.26858e-10
Max_H1_P58 -1.62527e-11
Max_H1_P59 -1.65045e-10
Max_H1_P60 -8.94271e-11
Max_H1_P61 1.22323e-10
Max_H1_P62 0
Max_H1_P63 -1.50698e-10
Max_H1_P64 0
Max_H1_P65 0
Max_H1_P66 4.1414e-11
Max_H1_P67 0
Max_H1_P68 0
Max_H1_P69 0
Max_H1_P70 0
Max_H1_P71 0
Max_H1_P72 -2.82885e-12
Max_H1_P73 0
Max_H1_P74 0
Max_H1_P75 0
Max_H1_P76 -3.05995e-11
Max_H1_P77 6.56186e-11
Max_H1_P78 -1.40794e-11
Max_H1_P79 1.12934e-10
Max_H1_P80 0
Max_H1_P81 0
