
Branch and bound

  Entire solving process        :                           (Time  10066.2)
  No feasible solution was found
  Best relaxation cost          :     66099.69 (Node     0) (Time  10066.2)
  Lower bound after cuts        :     66099.69
  End lower bound               :     66099.69
  Deepest level reached         : 0
  Deepest real level reached    : 0
  Number of real nodes solved   : 1
  Stopping condition            : enough nodes explored

Problem identification

  Problem                       : <null>
  Machine                       : oslo1.gerad.lan

Solving process summary

  Linear relaxations            :        1
  Column generation iterations  :      306
  Shortest paths solved         :     7739
  Columns generated             :    94417

Instance characteristics

  Resources                     : 3
  Node types                    : no
  Arc types                     : no
  Strong resource windows       : no
  Weak resource windows         : no
  Resource windows (nodes)      : 3
  Resource values (arcs)        : 3
  Values on nodes               : no

  Rows                          : 1220
  Initial columns               : 2
  Tasks                         : 1058
  Strong tasks                  : 1054
  Weak tasks                    : 4
  Initial task constraints      : no
  Nodes                         : 1386
  Arc sets                      : 1
  Arcs                          : 48507
  Networks                      : 2
  Models                        : 1

Memory used per module (Megs)

  Parser (reused)               :      9.937
  Networks                      :     38.384
  Column generator              :     22.401
  Master problem                :     11.394
  -----------------
  Total                         :     72.179

Cpu time per module (seconds)

  Parser                        :        0.0
  Preprocessor                  :        0.0
  Lr solver manager             :        0.6
  Column generator              :      333.1
    (Shortest path)             :      297.1
  Master problem                :     9732.5
  -------------------
  Total (without b&b)           :    10066.2

Real elapsed time (seconds)

  Parser                        :        0.1
  Preprocessor                  :        0.0
  Lr solver manager             :        0.5
  Column generator              :      333.1
    (Shortest path)             :      295.8
  Master problem                :     9732.6
  -------------------
  Total (without b&b)           :    10066.3
