
Branch and bound

  Entire solving process        :                           (Time    292.1)
  No feasible solution was found
  Best relaxation cost          :     63146.19 (Node     0) (Time    292.1)
  Lower bound after cuts        :     63146.19
  End lower bound               :     63146.19
  Deepest level reached         : 0
  Deepest real level reached    : 0
  Number of real nodes solved   : 1
  Stopping condition            : enough nodes explored

Problem identification

  Problem                       : <null>
  Machine                       : oslo3.gerad.lan

Solving process summary

  Linear relaxations            :        1
  Column generation iterations  :      149
  Shortest paths solved         :     4084
  Columns generated             :    42826

Instance characteristics

  Resources                     : 3
  Node types                    : no
  Arc types                     : no
  Strong resource windows       : no
  Weak resource windows         : no
  Resource windows (nodes)      : 3
  Resource values (arcs)        : 3
  Values on nodes               : no

  Rows                          : 1025
  Initial columns               : 2
  Tasks                         : 863
  Strong tasks                  : 859
  Weak tasks                    : 4
  Initial task constraints      : no
  Nodes                         : 1191
  Arc sets                      : 1
  Arcs                          : 34417
  Networks                      : 2
  Models                        : 1

Memory used per module (Megs)

  Parser (reused)               :      7.152
  Networks                      :     31.119
  Column generator              :      7.386
  Master problem                :      9.905
  -----------------
  Total                         :     48.410

Cpu time per module (seconds)

  Parser                        :        0.0
  Preprocessor                  :        0.0
  Lr solver manager             :        0.1
  Column generator              :       45.6
    (Shortest path)             :       39.2
  Master problem                :      246.4
  -------------------
  Total (without b&b)           :      292.1

Real elapsed time (seconds)

  Parser                        :        0.0
  Preprocessor                  :        0.0
  Lr solver manager             :        0.1
  Column generator              :       45.6
    (Shortest path)             :       39.8
  Master problem                :      246.3
  -------------------
  Total (without b&b)           :      292.1
