
Branch and bound

  Entire solving process        :                           (Time    521.7)
  No feasible solution was found
  Best relaxation cost          :     77185.95 (Node     0) (Time    521.7)
  Lower bound after cuts        :     77185.95
  End lower bound               :     77185.95
  Deepest level reached         : 0
  Deepest real level reached    : 0
  Number of real nodes solved   : 1
  Stopping condition            : enough nodes explored

Problem identification

  Problem                       : <null>
  Machine                       : oslo3.gerad.lan

Solving process summary

  Linear relaxations            :        1
  Column generation iterations  :      116
  Shortest paths solved         :     6294
  Columns generated             :    75987

Instance characteristics

  Resources                     : 3
  Node types                    : no
  Arc types                     : no
  Strong resource windows       : no
  Weak resource windows         : no
  Resource windows (nodes)      : 3
  Resource values (arcs)        : 3
  Values on nodes               : no

  Rows                          : 1364
  Initial columns               : 594
  Tasks                         : 1202
  Strong tasks                  : 847
  Weak tasks                    : 4
  Initial task constraints      : no
  Nodes                         : 1530
  Arc sets                      : 1
  Arcs                          : 61317
  Networks                      : 2
  Models                        : 1

Memory used per module (Megs)

  Parser (reused)               :     12.358
  Networks                      :     46.013
  Column generator              :     25.428
  Master problem                :     13.095
  -----------------
  Total                         :     84.536

Cpu time per module (seconds)

  Parser                        :        0.0
  Preprocessor                  :        0.0
  Lr solver manager             :        0.1
  Column generator              :      351.2
    (Shortest path)             :      330.2
  Master problem                :      170.3
  -------------------
  Total (without b&b)           :      521.7

Real elapsed time (seconds)

  Parser                        :        0.0
  Preprocessor                  :        0.0
  Lr solver manager             :        0.1
  Column generator              :      351.1
    (Shortest path)             :      330.2
  Master problem                :      170.4
  -------------------
  Total (without b&b)           :      521.7
