Cover_T0 52
Cover_T1 -52
Cover_T2 52
Cover_T3 -52
Cover_T4 52
Cover_T5 -52
Cover_T6 52
Cover_T7 -52
Cover_T8 52
Cover_T9 -52
Cover_T10 52
Cover_T11 -52
Cover_T12 52
Cover_T13 -52
Cover_T14 52
Cover_T15 -52
Cover_T16 54
Cover_T17 -50
Cover_T18 52
Cover_T19 -50
Cover_T20 56
Cover_T21 -48
Cover_T22 56
Cover_T23 -48
Cover_T24 56
Cover_T25 -44
Cover_T26 54
Cover_T27 -40
Cover_T28 56
Cover_T29 -46
Cover_T30 60
Cover_T31 -40
Cover_T32 60
Cover_T33 -44
Cover_T34 56
Cover_T35 -36
Cover_T36 56
Cover_T37 -38
Cover_T38 52
Cover_T39 -32
Cover_T40 56
Cover_T41 36
Cover_T42 58
Cover_T43 24
Cover_T44 50
Cover_T45 16
Cover_T46 984
Cover_T47 -5.139e-10
Cover_T48 956
Cover_T49 948
Cover_T50 1030
Cover_T51 952
Cover_T52 964
Cover_T53 948
Cover_T54 964
Cover_T55 0
Cover_T56 982
Cover_T57 18
Cover_T58 994
Cover_T59 30
Cover_T60 18
Cover_T61 -30
Cover_T62 2
Cover_T63 -28
Cover_T64 0
Cover_T65 4
Cover_T66 26
Cover_T67 16
Cover_T68 4
Cover_T69 2
Cover_T70 -16
Cover_T71 16
Cover_T72 38
Cover_T73 -16
Cover_T74 18
Cover_T75 4
Cover_T76 30
Cover_T77 24
Cover_T78 42
Cover_T79 -24
Cover_T80 10
Cover_T81 -24
Cover_T82 -22
Cover_T83 -24
Cover_T84 -26
Cover_T85 8
Cover_T86 8
Cover_T87 34
Cover_T88 6
Cover_T89 26
Cover_T90 6
Cover_T91 46
Cover_T92 10
Cover_T93 0
Cover_T94 42
Cover_T95 2
Cover_T96 30
Cover_T97 2
Cover_T98 38
Cover_T99 4
Cover_T100 6
Cover_T101 -24
Cover_T102 -26
Cover_T103 -20
Cover_T104 6
Cover_T105 12
Cover_T106 -26
Cover_T107 44
Cover_T108 6
Cover_T109 12
Cover_T110 -26
Cover_T111 44
Cover_T112 38
Cover_T113 12
Cover_T114 12
Cover_T115 32
Cover_T116 -8
Cover_T117 52
Cover_T118 -2
Cover_T119 -24
Cover_T120 -4
Cover_T121 -4
Cover_T122 -24
Cover_T123 16
Cover_T124 -44
Cover_T125 10
Cover_T126 10
Cover_T127 12
Cover_T128 -2
Cover_T129 32
Cover_T130 0
Cover_T131 56
Cover_T132 4
Cover_T133 2
Cover_T134 12
Cover_T135 22
Cover_T136 -4
Cover_T137 20
Cover_T138 -26
Cover_T139 26
Cover_T140 34
Cover_T141 22
Cover_T142 14
Cover_T143 58
Cover_T144 38
Cover_T145 84
Cover_T146 10
Cover_T147 16
Cover_T148 24
Cover_T149 50
Cover_T150 1.61043e-09
Cover_T151 28
Cover_T152 24
Cover_T153 52
Cover_T154 0
Cover_T155 32
Cover_T156 6
Cover_T157 56
Cover_T158 -8
Cover_T159 34
Cover_T160 -28
Cover_T161 30
Cover_T162 -8
Cover_T163 26
Cover_T164 -10
Cover_T165 40
Cover_T166 -10
Cover_T167 60
Cover_T168 -12
Cover_T169 26
Cover_T170 -12
Cover_T171 32
Cover_T172 -14
Cover_T173 28
Cover_T174 -44
Cover_T175 40
Cover_T176 -32
Cover_T177 40
Cover_T178 -28
Cover_T179 50
Cover_T180 -28
Cover_T181 54
Cover_T182 -28
Cover_T183 48
Cover_T184 -40
Cover_T185 56
Cover_T186 -20
Cover_T187 44
Cover_T188 -20
Cover_T189 44
Cover_T190 -18
Cover_T191 64
Cover_T192 -26
Cover_T193 42
Cover_T194 -26
Cover_T195 44
Cover_T196 -26
Cover_T197 58
Cover_T198 -34
Cover_T199 58
Cover_T200 -34
Cover_T201 68
Cover_T202 -34
Cover_T203 68
Cover_T204 -36
Cover_T205 52
Cover_T206 -52
Cover_T207 52
Cover_T208 -52
Cover_T209 52
Cover_T210 -52
Cover_T211 52
Cover_T212 -48
Cover_T213 52
Cover_T214 -48
Cover_T215 56
Cover_T216 -44
Cover_T217 48
Cover_T218 -40
Cover_T219 52
Cover_T220 -44
Cover_T221 52
Cover_T222 -24
Cover_T223 52
Cover_T224 -36
Cover_T225 52
Cover_T226 36
Cover_T227 50
Cover_T228 24
Cover_T229 992
Cover_T230 12
Cover_T231 968
Cover_T232 0
Cover_T233 968
Cover_T234 948
Cover_T235 968
Cover_T236 946
Cover_T237 976
Cover_T238 10
Cover_T239 992
Cover_T240 22
Cover_T241 990
Cover_T242 -36
Cover_T243 30
Cover_T244 -34
Cover_T245 10
Cover_T246 -32
Cover_T247 -1.40389e-09
Cover_T248 -24
Cover_T249 6
Cover_T250 -4
Cover_T251 0
Cover_T252 0
Cover_T253 32
Cover_T254 0
Cover_T255 0
Cover_T256 18
Cover_T257 42
Cover_T258 -2
Cover_T259 42
Cover_T260 30
Cover_T261 12
Cover_T262 -20
Cover_T263 24
Cover_T264 -32
Cover_T265 4
Cover_T266 -12
Cover_T267 -16
Cover_T268 -24
Cover_T269 -36
Cover_T270 -4
Cover_T271 -28
Cover_T272 16
Cover_T273 2
Cover_T274 48
Cover_T275 -2
Cover_T276 52
Cover_T277 10
Cover_T278 0
Cover_T279 38
Cover_T280 0
Cover_T281 12
Cover_T282 8
Cover_T283 20
Cover_T284 -32
Cover_T285 5.27214e-09
Cover_T286 -12
Cover_T287 -20
Cover_T288 -20
Cover_T289 -40
Cover_T290 -4.89083e-09
Cover_T291 4
Cover_T292 20
Cover_T293 -22
Cover_T294 52
Cover_T295 10
Cover_T296 20
Cover_T297 -22
Cover_T298 52
Cover_T299 42
Cover_T300 20
Cover_T301 10
Cover_T302 52
Cover_T303 4
Cover_T304 -12
Cover_T305 -10
Cover_T306 20
Cover_T307 -42
Cover_T308 20
Cover_T309 12
Cover_T310 22
Cover_T311 -1.77344e-09
Cover_T312 42
Cover_T313 2
Cover_T314 -12
Cover_T315 4
Cover_T316 0
Cover_T317 0
Cover_T318 2
Cover_T319 -2
Cover_T320 0
Cover_T321 -22
Cover_T322 6
Cover_T323 -46
Cover_T324 14
Cover_T325 26
Cover_T326 34
Cover_T327 4
Cover_T328 72
Cover_T329 28
Cover_T330 6
Cover_T331 10
Cover_T332 42
Cover_T333 16
Cover_T334 24
Cover_T335 -32
Cover_T336 16
Cover_T337 6
Cover_T338 48
Cover_T339 -4
Cover_T340 34
Cover_T341 -24
Cover_T342 16
Cover_T343 -10
Cover_T344 32
Cover_T345 -10
Cover_T346 60
Cover_T347 -12
Cover_T348 26
Cover_T349 -24
Cover_T350 32
Cover_T351 -24
Cover_T352 28
Cover_T353 -32
Cover_T354 40
Cover_T355 -20
Cover_T356 40
Cover_T357 -40
Cover_T358 34
Cover_T359 -24
Cover_T360 50
Cover_T361 -40
Cover_T362 30
Cover_T363 -24
Cover_T364 46
Cover_T365 -40
Cover_T366 34
Cover_T367 -24
Cover_T368 54
Cover_T369 -20
Cover_T370 38
Cover_T371 -36
Cover_T372 56
Cover_T373 -18
Cover_T374 44
Cover_T375 -18
Cover_T376 44
Cover_T377 -26
Cover_T378 26
Cover_T379 -42
Cover_T380 34
Cover_T381 -26
Cover_T382 34
Cover_T383 -26
Cover_T384 50
Cover_T385 -48
Cover_T386 34
Cover_T387 -36
Cover_T388 44
Cover_T389 -34
Cover_T390 50
Cover_T391 -34
Cover_T392 54
Cover_T393 -44
Cover_T394 52
Cover_T395 -36
Cover_T396 62
Cover_T397 -42
Cover_T398 54
Cover_T399 -40
Cover_T400 62
Cover_T401 -42
Cover_T402 54
Cover_T403 -34
Cover_T404 58
Cover_T405 -28
Cover_T406 60
Cover_T407 38
Cover_T408 56
Cover_T409 16
Cover_T410 992
Cover_T411 4
Cover_T412 984
Cover_T413 0
Cover_T414 1038
Cover_T415 952
Cover_T416 1038
Cover_T417 944
Cover_T418 1028
Cover_T419 952
Cover_T420 962
Cover_T421 946
Cover_T422 974
Cover_T423 958
Cover_T424 974
Cover_T425 16
Cover_T426 974
Cover_T427 28
Cover_T428 14
Cover_T429 -40
Cover_T430 14
Cover_T431 -32
Cover_T432 -6
Cover_T433 -34
Cover_T434 10
Cover_T435 -30
Cover_T436 -4
Cover_T437 -14
Cover_T438 32
Cover_T439 2
Cover_T440 16
Cover_T441 2
Cover_T442 5.85842e-11
Cover_T443 18
Cover_T444 -16
Cover_T445 -1.74361e-10
Cover_T446 42
Cover_T447 10
Cover_T448 26
Cover_T449 -26
Cover_T450 42
Cover_T451 -10
Cover_T452 26
Cover_T453 6
Cover_T454 42
Cover_T455 22
Cover_T456 26
Cover_T457 -36
Cover_T458 6
Cover_T459 -12
Cover_T460 -18
Cover_T461 -20
Cover_T462 -42
Cover_T463 -28
Cover_T464 -38
Cover_T465 -4
Cover_T466 4
Cover_T467 20
Cover_T468 2
Cover_T469 36
Cover_T470 6
Cover_T471 52
Cover_T472 2
Cover_T473 40
Cover_T474 -2
Cover_T475 0
Cover_T476 42
Cover_T477 6
Cover_T478 26
Cover_T479 4
Cover_T480 38
Cover_T481 0
Cover_T482 22
Cover_T483 0
Cover_T484 -10
Cover_T485 -28
Cover_T486 -42
Cover_T487 -24
Cover_T488 -10
Cover_T489 8
Cover_T490 -40
Cover_T491 32
Cover_T492 4
Cover_T493 52
Cover_T494 -16
Cover_T495 8
Cover_T496 -36
Cover_T497 28
Cover_T498 40
Cover_T499 48
Cover_T500 20
Cover_T501 4
Cover_T502 -2
Cover_T503 28
Cover_T504 1.13348e-10
Cover_T505 52
Cover_T506 -6
Cover_T507 -20
Cover_T508 -30
Cover_T509 4
Cover_T510 20
Cover_T511 2
Cover_T512 6
Cover_T513 8
Cover_T514 8
Cover_T515 28
Cover_T516 10
Cover_T517 48
Cover_T518 -8
Cover_T519 0
Cover_T520 0
Cover_T521 6
Cover_T522 -16
Cover_T523 8
Cover_T524 -40
Cover_T525 14
Cover_T526 40
Cover_T527 22
Cover_T528 14
Cover_T529 18
Cover_T530 4
Cover_T531 40
Cover_T532 34
Cover_T533 44
Cover_T534 22
Cover_T535 66
Cover_T536 0
Cover_T537 10
Cover_T538 26
Cover_T539 24
Cover_T540 6
Cover_T541 42
Cover_T542 -16
Cover_T543 14
Cover_T544 6
Cover_T545 28
Cover_T546 6
Cover_T547 42
Cover_T548 -2
Cover_T549 18
Cover_T550 8.0775e-10
Cover_T551 32
Cover_T552 0
Cover_T553 52
Cover_T554 -18
Cover_T555 28
Cover_T556 -38
Cover_T557 30
Cover_T558 -8
Cover_T559 26
Cover_T560 -16
Cover_T561 34
Cover_T562 -12
Cover_T563 54
Cover_T564 -30
Cover_T565 18
Cover_T566 -18
Cover_T567 26
Cover_T568 -18
Cover_T569 34
Cover_T570 -18
Cover_T571 20
Cover_T572 -18
Cover_T573 52
Cover_T574 -18
Cover_T575 54
Cover_T576 -30
Cover_T577 56
Cover_T578 -20
Cover_T579 56
Cover_T580 -20
Cover_T581 44
Cover_T582 -20
Cover_T583 46
Cover_T584 -18
Cover_T585 66
Cover_T586 -28
Cover_T587 46
Cover_T588 -26
Cover_T589 58
Cover_T590 -26
Cover_T591 68
Cover_T592 -34
Cover_T593 60
Cover_T594 -34
Cover_T595 70
Cover_T596 -34
Cover_T597 70
Cover_T598 26
Cover_T599 3.1477e-11
Cover_T600 26
Cover_T601 8
Cover_T602 24
Cover_T603 2
Cover_T604 32
Cover_T605 0
Cover_T606 6
Cover_T607 0
Cover_T608 -5.48184e-12
Cover_T609 62
Cover_T610 6
Cover_T611 62
Cover_T612 14
Cover_T613 34
Cover_T614 1006
Cover_T615 1006
Cover_T616 1046
Cover_T617 1006
Cover_T618 962
Cover_T619 998
Cover_T620 996
Cover_T621 976
Cover_T622 992
Cover_T623 0
Cover_T624 8
Cover_T625 -26
Cover_T626 42
Cover_T627 -28
Cover_T628 52
Cover_T629 0
Cover_T630 18
Cover_T631 52
Cover_T632 0
Cover_T633 56
Cover_T634 -26
Cover_T635 0
Cover_T636 22
Cover_T637 16
Cover_T638 0
Cover_T639 44
Cover_T640 0
Cover_T641 64
Cover_T642 0
Cover_T643 26
Cover_T644 32
Cover_T645 46
Cover_T646 0
Cover_T647 58
Cover_T648 44
Cover_T649 50
Cover_T650 46
Cover_T651 26
Cover_T652 68
Cover_T653 52
Cover_T654 54
Cover_T655 2
Cover_T656 44
Cover_T657 0
Cover_T658 36
Cover_T659 6
Count_D0 -984
Count_D1 -1000
Max_H0_P0 0
Max_H0_P1 0
Max_H0_P2 0
Max_H0_P3 0
Max_H0_P4 0
Max_H0_P5 0
Max_H0_P6 0
Max_H0_P7 0
Max_H0_P8 0
Max_H0_P9 0
Max_H0_P10 0
Max_H0_P11 0
Max_H0_P12 0
Max_H0_P13 0
Max_H0_P14 0
Max_H0_P15 0
Max_H0_P16 5.68523e-11
Max_H0_P17 9.36682e-11
Max_H0_P18 -3.09085e-11
Max_H0_P19 -1.48943e-10
Max_H0_P20 1.62128e-10
Max_H0_P21 -1.80246e-10
Max_H0_P22 1.42277e-10
Max_H0_P23 -7.69376e-11
Max_H0_P24 -3.34737e-11
Max_H0_P25 0
Max_H0_P26 -1.27603e-10
Max_H0_P27 5.76676e-11
Max_H0_P28 -6.33718e-11
Max_H0_P29 2.15863e-11
Max_H0_P30 -2.54289e-11
Max_H0_P31 -4.55156e-11
Max_H0_P32 -3.49477e-12
Max_H0_P33 8.78844e-11
Max_H0_P34 1.51292e-11
Max_H0_P35 1.14587e-10
Max_H0_P36 -6.10152e-11
Max_H0_P37 6.66827e-11
Max_H0_P38 -3.45679e-11
Max_H0_P39 -0
Max_H0_P40 6.6509e-11
Max_H0_P41 -3.45679e-11
Max_H0_P42 0
Max_H0_P43 0
Max_H0_P44 0
Max_H0_P45 0
Max_H0_P46 0
Max_H0_P47 0
Max_H0_P48 0
Max_H0_P49 0
Max_H0_P50 0
Max_H0_P51 0
Max_H0_P52 0
Max_H0_P53 0
Max_H0_P54 0
Max_H0_P55 0
Max_H0_P56 0
Max_H0_P57 0
Max_H0_P58 0
Max_H0_P59 0
Max_H0_P60 0
Max_H0_P61 -1.54737e-10
Max_H0_P62 0
Max_H0_P63 0
Max_H0_P64 0
Max_H0_P65 0
Max_H0_P66 0
Max_H0_P67 0
Max_H0_P68 0
Max_H0_P69 0
Max_H0_P70 0
Max_H0_P71 0
Max_H0_P72 0
Max_H0_P73 0
Max_H0_P74 0
Max_H0_P75 0
Max_H0_P76 0
Max_H0_P77 0
Max_H0_P78 0
Max_H0_P79 0
Max_H0_P80 0
Max_H0_P81 0
Max_H1_P0 0
Max_H1_P1 0
Max_H1_P2 0
Max_H1_P3 0
Max_H1_P4 -5.8784e-11
Max_H1_P5 0
Max_H1_P6 0
Max_H1_P7 1.35421e-10
Max_H1_P8 0
Max_H1_P9 0
Max_H1_P10 0
Max_H1_P11 0
Max_H1_P12 0
Max_H1_P13 0
Max_H1_P14 0
Max_H1_P15 1.04659e-10
Max_H1_P16 1.14362e-11
Max_H1_P17 1.98025e-10
Max_H1_P18 9.36682e-11
Max_H1_P19 -1.03423e-11
Max_H1_P20 -3.17897e-12
Max_H1_P21 -6.23306e-11
Max_H1_P22 -3.05328e-11
Max_H1_P23 1.09474e-11
Max_H1_P24 4.00457e-12
Max_H1_P25 4.68958e-12
Max_H1_P26 -6.6637e-11
Max_H1_P27 -1.2916e-10
Max_H1_P28 -4.17089e-11
Max_H1_P29 0
Max_H1_P30 -9.54672e-12
Max_H1_P31 -4.17089e-11
Max_H1_P32 8.43896e-11
Max_H1_P33 -1.10005e-10
Max_H1_P34 -4.34026e-11
Max_H1_P35 9.34864e-11
Max_H1_P36 -8.97087e-11
Max_H1_P37 -3.69482e-11
Max_H1_P38 3.21148e-11
Max_H1_P39 -3.55271e-15
Max_H1_P40 -8.25505e-11
Max_H1_P41 3.31521e-11
Max_H1_P42 4.62308e-11
Max_H1_P43 0
Max_H1_P44 0
Max_H1_P45 1.46693e-10
Max_H1_P46 0
Max_H1_P47 0
Max_H1_P48 0
Max_H1_P49 0
Max_H1_P50 0
Max_H1_P51 0
Max_H1_P52 0
Max_H1_P53 0
Max_H1_P54 0
Max_H1_P55 0
Max_H1_P56 0
Max_H1_P57 0
Max_H1_P58 0
Max_H1_P59 0
Max_H1_P60 0
Max_H1_P61 0
Max_H1_P62 0
Max_H1_P63 0
Max_H1_P64 0
Max_H1_P65 0
Max_H1_P66 0
Max_H1_P67 0
Max_H1_P68 0
Max_H1_P69 0
Max_H1_P70 0
Max_H1_P71 0
Max_H1_P72 0
Max_H1_P73 0
Max_H1_P74 0
Max_H1_P75 0
Max_H1_P76 1.5239e-10
Max_H1_P77 2.30393e-12
Max_H1_P78 0
Max_H1_P79 0
Max_H1_P80 0
Max_H1_P81 0
