Cover_T0 52
Cover_T1 -52
Cover_T2 52
Cover_T3 -52
Cover_T4 52
Cover_T5 -52
Cover_T6 52
Cover_T7 -52
Cover_T8 52
Cover_T9 -52
Cover_T10 52
Cover_T11 -52
Cover_T12 52
Cover_T13 -52
Cover_T14 52
Cover_T15 -52
Cover_T16 52
Cover_T17 -52
Cover_T18 58
Cover_T19 -46
Cover_T20 58
Cover_T21 -46
Cover_T22 58
Cover_T23 -46
Cover_T24 62
Cover_T25 -40
Cover_T26 66
Cover_T27 -40
Cover_T28 60
Cover_T29 -36
Cover_T30 58
Cover_T31 -26
Cover_T32 58
Cover_T33 922
Cover_T34 992
Cover_T35 918
Cover_T36 982
Cover_T37 932
Cover_T38 966
Cover_T39 930
Cover_T40 976
Cover_T41 920
Cover_T42 990
Cover_T43 938
Cover_T44 40
Cover_T45 2
Cover_T46 84
Cover_T47 16
Cover_T48 72
Cover_T49 28
Cover_T50 60
Cover_T51 0
Cover_T52 78
Cover_T53 2
Cover_T54 54
Cover_T55 1.03783e-10
Cover_T56 20
Cover_T57 -44
Cover_T58 16
Cover_T59 -40
Cover_T60 42
Cover_T61 -12
Cover_T62 14
Cover_T63 0
Cover_T64 0
Cover_T65 -34
Cover_T66 10
Cover_T67 -6
Cover_T68 -18
Cover_T69 8
Cover_T70 2
Cover_T71 -2
Cover_T72 -22
Cover_T73 20
Cover_T74 -38
Cover_T75 8
Cover_T76 16
Cover_T77 4
Cover_T78 0
Cover_T79 16
Cover_T80 10
Cover_T81 32
Cover_T82 -6
Cover_T83 48
Cover_T84 50
Cover_T85 -6
Cover_T86 34
Cover_T87 10
Cover_T88 12
Cover_T89 12
Cover_T90 0
Cover_T91 -32
Cover_T92 24
Cover_T93 -4
Cover_T94 -4
Cover_T95 8
Cover_T96 -32
Cover_T97 -20
Cover_T98 -40
Cover_T99 -1.15397e-11
Cover_T100 26
Cover_T101 20
Cover_T102 6
Cover_T103 28
Cover_T104 -14
Cover_T105 48
Cover_T106 52
Cover_T107 -18
Cover_T108 32
Cover_T109 -2.09579e-10
Cover_T110 16
Cover_T111 16
Cover_T112 -5.29953e-10
Cover_T113 32
Cover_T114 -8
Cover_T115 -38
Cover_T116 -24
Cover_T117 -22
Cover_T118 -40
Cover_T119 -6
Cover_T120 16
Cover_T121 10
Cover_T122 0
Cover_T123 18
Cover_T124 -2
Cover_T125 46
Cover_T126 -4
Cover_T127 2
Cover_T128 -32
Cover_T129 12
Cover_T130 -18
Cover_T131 14
Cover_T132 -42
Cover_T133 32
Cover_T134 4
Cover_T135 56
Cover_T136 0
Cover_T137 42
Cover_T138 40
Cover_T139 60
Cover_T140 50
Cover_T141 72
Cover_T142 46
Cover_T143 34
Cover_T144 34
Cover_T145 30
Cover_T146 16
Cover_T147 10
Cover_T148 36
Cover_T149 -10
Cover_T150 18
Cover_T151 0
Cover_T152 22
Cover_T153 6
Cover_T154 22
Cover_T155 8
Cover_T156 22
Cover_T157 10
Cover_T158 16
Cover_T159 8
Cover_T160 -12
Cover_T161 6
Cover_T162 4
Cover_T163 6
Cover_T164 12
Cover_T165 20
Cover_T166 4
Cover_T167 40
Cover_T168 0
Cover_T169 24
Cover_T170 -1.96007e-09
Cover_T171 24
Cover_T172 2
Cover_T173 22
Cover_T174 -10
Cover_T175 28
Cover_T176 -30
Cover_T177 30
Cover_T178 -6
Cover_T179 22
Cover_T180 -8
Cover_T181 36
Cover_T182 -6
Cover_T183 60
Cover_T184 -20
Cover_T185 16
Cover_T186 -20
Cover_T187 26
Cover_T188 -38
Cover_T189 38
Cover_T190 -22
Cover_T191 38
Cover_T192 -18
Cover_T193 46
Cover_T194 -16
Cover_T195 62
Cover_T196 -36
Cover_T197 42
Cover_T198 -26
Cover_T199 36
Cover_T200 -18
Cover_T201 34
Cover_T202 -44
Cover_T203 56
Cover_T204 -24
Cover_T205 56
Cover_T206 -30
Cover_T207 58
Cover_T208 -26
Cover_T209 42
Cover_T210 -28
Cover_T211 54
Cover_T212 -32
Cover_T213 68
Cover_T214 -34
Cover_T215 52
Cover_T216 -42
Cover_T217 56
Cover_T218 52
Cover_T219 -52
Cover_T220 52
Cover_T221 -52
Cover_T222 52
Cover_T223 -46
Cover_T224 52
Cover_T225 -46
Cover_T226 58
Cover_T227 -46
Cover_T228 58
Cover_T229 -46
Cover_T230 52
Cover_T231 -52
Cover_T232 56
Cover_T233 -30
Cover_T234 52
Cover_T235 914
Cover_T236 988
Cover_T237 920
Cover_T238 978
Cover_T239 930
Cover_T240 952
Cover_T241 926
Cover_T242 988
Cover_T243 926
Cover_T244 38
Cover_T245 0
Cover_T246 36
Cover_T247 8
Cover_T248 72
Cover_T249 28
Cover_T250 72
Cover_T251 4
Cover_T252 66
Cover_T253 -2
Cover_T254 66
Cover_T255 0
Cover_T256 52
Cover_T257 -44
Cover_T258 32
Cover_T259 -40
Cover_T260 12
Cover_T261 -48
Cover_T262 12
Cover_T263 -32
Cover_T264 52
Cover_T265 -16
Cover_T266 36
Cover_T267 1.68934e-09
Cover_T268 20
Cover_T269 3.00415e-12
Cover_T270 18
Cover_T271 -40
Cover_T272 28
Cover_T273 -12
Cover_T274 0
Cover_T275 2
Cover_T276 0
Cover_T277 -8
Cover_T278 -4
Cover_T279 20
Cover_T280 -32
Cover_T281 0
Cover_T282 10
Cover_T283 24
Cover_T284 8
Cover_T285 52
Cover_T286 52
Cover_T287 10
Cover_T288 30
Cover_T289 1.51374e-10
Cover_T290 14
Cover_T291 16
Cover_T292 14
Cover_T293 -40
Cover_T294 -2
Cover_T295 -24
Cover_T296 34
Cover_T297 -8
Cover_T298 18
Cover_T299 -8
Cover_T300 2
Cover_T301 8
Cover_T302 -14
Cover_T303 -22
Cover_T304 -30
Cover_T305 6
Cover_T306 28
Cover_T307 34
Cover_T308 0
Cover_T309 50
Cover_T310 -28
Cover_T311 -8
Cover_T312 34
Cover_T313 12
Cover_T314 14
Cover_T315 32
Cover_T316 -6
Cover_T317 -34
Cover_T318 -18
Cover_T319 -14
Cover_T320 -38
Cover_T321 6
Cover_T322 14
Cover_T323 18
Cover_T324 -4
Cover_T325 34
Cover_T326 0
Cover_T327 50
Cover_T328 4
Cover_T329 -6
Cover_T330 -6
Cover_T331 10
Cover_T332 -22
Cover_T333 8
Cover_T334 -38
Cover_T335 4
Cover_T336 -12
Cover_T337 14
Cover_T338 -28
Cover_T339 38
Cover_T340 6
Cover_T341 28
Cover_T342 0
Cover_T343 72
Cover_T344 44
Cover_T345 32
Cover_T346 20
Cover_T347 0
Cover_T348 30
Cover_T349 -6
Cover_T350 36
Cover_T351 0
Cover_T352 22
Cover_T353 12
Cover_T354 28
Cover_T355 0
Cover_T356 12
Cover_T357 0
Cover_T358 14
Cover_T359 2
Cover_T360 20
Cover_T361 -5.0261e-10
Cover_T362 0
Cover_T363 4
Cover_T364 14
Cover_T365 0
Cover_T366 6
Cover_T367 32
Cover_T368 -7.09807e-10
Cover_T369 18
Cover_T370 6
Cover_T371 6
Cover_T372 -4
Cover_T373 22
Cover_T374 -20
Cover_T375 26
Cover_T376 -6
Cover_T377 30
Cover_T378 -8
Cover_T379 52
Cover_T380 -20
Cover_T381 20
Cover_T382 -18
Cover_T383 16
Cover_T384 -14
Cover_T385 22
Cover_T386 -32
Cover_T387 22
Cover_T388 -40
Cover_T389 18
Cover_T390 -16
Cover_T391 40
Cover_T392 -34
Cover_T393 40
Cover_T394 -22
Cover_T395 60
Cover_T396 -16
Cover_T397 32
Cover_T398 -34
Cover_T399 50
Cover_T400 -18
Cover_T401 38
Cover_T402 -34
Cover_T403 32
Cover_T404 -28
Cover_T405 48
Cover_T406 -44
Cover_T407 34
Cover_T408 -30
Cover_T409 54
Cover_T410 -34
Cover_T411 42
Cover_T412 -26
Cover_T413 60
Cover_T414 -26
Cover_T415 44
Cover_T416 -26
Cover_T417 48
Cover_T418 -40
Cover_T419 48
Cover_T420 -28
Cover_T421 42
Cover_T422 -32
Cover_T423 68
Cover_T424 -34
Cover_T425 64
Cover_T426 -34
Cover_T427 68
Cover_T428 -42
Cover_T429 52
Cover_T430 62
Cover_T431 -40
Cover_T432 66
Cover_T433 -40
Cover_T434 58
Cover_T435 -36
Cover_T436 58
Cover_T437 -26
Cover_T438 58
Cover_T439 922
Cover_T440 994
Cover_T441 918
Cover_T442 982
Cover_T443 922
Cover_T444 966
Cover_T445 930
Cover_T446 996
Cover_T447 940
Cover_T448 984
Cover_T449 938
Cover_T450 80
Cover_T451 2
Cover_T452 76
Cover_T453 16
Cover_T454 76
Cover_T455 32
Cover_T456 58
Cover_T457 0
Cover_T458 34
Cover_T459 2
Cover_T460 20
Cover_T461 -42
Cover_T462 4
Cover_T463 -38
Cover_T464 58
Cover_T465 -46
Cover_T466 42
Cover_T467 -30
Cover_T468 18
Cover_T469 -14
Cover_T470 16
Cover_T471 2
Cover_T472 -3.55606e-10
Cover_T473 2
Cover_T474 22
Cover_T475 -44
Cover_T476 6
Cover_T477 -28
Cover_T478 -10
Cover_T479 -12
Cover_T480 2
Cover_T481 -10
Cover_T482 6
Cover_T483 6
Cover_T484 -6
Cover_T485 -16
Cover_T486 -22
Cover_T487 1.12628e-10
Cover_T488 -38
Cover_T489 16
Cover_T490 14
Cover_T491 8
Cover_T492 -6
Cover_T493 4
Cover_T494 0
Cover_T495 24
Cover_T496 52
Cover_T497 44
Cover_T498 32
Cover_T499 -6
Cover_T500 12
Cover_T501 14
Cover_T502 8
Cover_T503 8
Cover_T504 40
Cover_T505 -44
Cover_T506 20
Cover_T507 -24
Cover_T508 0
Cover_T509 -4
Cover_T510 -20
Cover_T511 -1.53205e-10
Cover_T512 -28
Cover_T513 -32
Cover_T514 -46
Cover_T515 -16
Cover_T516 24
Cover_T517 -1.03111e-11
Cover_T518 8
Cover_T519 16
Cover_T520 -8
Cover_T521 32
Cover_T522 -24
Cover_T523 36
Cover_T524 46
Cover_T525 52
Cover_T526 30
Cover_T527 -18
Cover_T528 14
Cover_T529 4
Cover_T530 -6
Cover_T531 32
Cover_T532 -34
Cover_T533 -26
Cover_T534 10
Cover_T535 2
Cover_T536 2
Cover_T537 20
Cover_T538 2
Cover_T539 36
Cover_T540 -8
Cover_T541 52
Cover_T542 -24
Cover_T543 -2
Cover_T544 -40
Cover_T545 12
Cover_T546 -14
Cover_T547 8
Cover_T548 -30
Cover_T549 4
Cover_T550 -46
Cover_T551 22
Cover_T552 0
Cover_T553 38
Cover_T554 2.52498e-10
Cover_T555 64
Cover_T556 42
Cover_T557 76
Cover_T558 32
Cover_T559 40
Cover_T560 48
Cover_T561 52
Cover_T562 46
Cover_T563 76
Cover_T564 36
Cover_T565 22
Cover_T566 26
Cover_T567 36
Cover_T568 42
Cover_T569 46
Cover_T570 34
Cover_T571 2
Cover_T572 34
Cover_T573 -6
Cover_T574 42
Cover_T575 0
Cover_T576 26
Cover_T577 0
Cover_T578 12
Cover_T579 1.28892e-11
Cover_T580 10
Cover_T581 2
Cover_T582 2
Cover_T583 0
Cover_T584 14
Cover_T585 0
Cover_T586 -2
Cover_T587 0
Cover_T588 10
Cover_T589 14
Cover_T590 12
Cover_T591 16
Cover_T592 4
Cover_T593 32
Cover_T594 0
Cover_T595 4
Cover_T596 -6
Cover_T597 32
Cover_T598 6
Cover_T599 26
Cover_T600 -12
Cover_T601 22
Cover_T602 -32
Cover_T603 22
Cover_T604 2
Cover_T605 32
Cover_T606 -6
Cover_T607 24
Cover_T608 -8
Cover_T609 38
Cover_T610 -6
Cover_T611 62
Cover_T612 -14
Cover_T613 16
Cover_T614 -30
Cover_T615 28
Cover_T616 -16
Cover_T617 36
Cover_T618 -16
Cover_T619 40
Cover_T620 -22
Cover_T621 58
Cover_T622 -18
Cover_T623 42
Cover_T624 -20
Cover_T625 44
Cover_T626 -24
Cover_T627 54
Cover_T628 -34
Cover_T629 40
Cover_T630 -30
Cover_T631 36
Cover_T632 -26
Cover_T633 56
Cover_T634 -36
Cover_T635 54
Cover_T636 -26
Cover_T637 60
Cover_T638 -28
Cover_T639 50
Cover_T640 -42
Cover_T641 52
Cover_T642 -32
Cover_T643 70
Cover_T644 -34
Cover_T645 60
Cover_T646 -34
Cover_T647 52
Cover_T648 -34
Cover_T649 70
Cover_T650 -42
Cover_T651 52
Cover_T652 22
Cover_T653 2
Cover_T654 32
Cover_T655 4
Cover_T656 32
Cover_T657 16
Cover_T658 16
Cover_T659 22
Cover_T660 984
Cover_T661 966
Cover_T662 964
Cover_T663 970
Cover_T664 944
Cover_T665 968
Cover_T666 932
Cover_T667 964
Cover_T668 906
Cover_T669 0
Cover_T670 0
Cover_T671 34
Cover_T672 70
Cover_T673 50
Cover_T674 68
Cover_T675 62
Cover_T676 62
Cover_T677 78
Cover_T678 46
Cover_T679 48
Cover_T680 56
Cover_T681 -32
Cover_T682 52
Cover_T683 0
Cover_T684 52
Cover_T685 54
Cover_T686 0
Cover_T687 76
Cover_T688 56
Cover_T689 66
Cover_T690 26
Cover_T691 82
Cover_T692 -2
Cover_T693 64
Cover_T694 44
Cover_T695 0
Cover_T696 56
Cover_T697 14
Cover_T698 72
Cover_T699 48
Cover_T700 46
Cover_T701 68
Cover_T702 52
Cover_T703 0
Cover_T704 36
Cover_T705 0
Cover_T706 56
Cover_T707 -8
Cover_T708 16
Cover_T709 6
Cover_T710 -14
Cover_T711 0
Cover_T712 0
Cover_T713 22
Cover_T714 50
Cover_T715 38
Cover_T716 42
Cover_T717 68
Cover_T718 38
Cover_T719 38
Cover_T720 42
Count_D0 -984
Count_D1 -1000
Max_H0_P0 0
Max_H0_P1 0
Max_H0_P2 0
Max_H0_P3 0
Max_H0_P4 0
Max_H0_P5 3.65503e-10
Max_H0_P6 0
Max_H0_P7 0
Max_H0_P8 0
Max_H0_P9 0
Max_H0_P10 0
Max_H0_P11 0
Max_H0_P12 0
Max_H0_P13 0
Max_H0_P14 0
Max_H0_P15 0
Max_H0_P16 2.57804e-10
Max_H0_P17 1.21837e-10
Max_H0_P18 -6.88245e-11
Max_H0_P19 5.01927e-11
Max_H0_P20 2.06761e-10
Max_H0_P21 -5.14757e-11
Max_H0_P22 -9.86891e-11
Max_H0_P23 9.53049e-11
Max_H0_P24 4.72511e-13
Max_H0_P25 -8.73291e-11
Max_H0_P26 5.77319e-11
Max_H0_P27 -1.02251e-10
Max_H0_P28 1.51141e-10
Max_H0_P29 -1.27068e-10
Max_H0_P30 4.8253e-11
Max_H0_P31 -3.46835e-11
Max_H0_P32 4.70095e-11
Max_H0_P33 1.46571e-10
Max_H0_P34 1.72732e-11
Max_H0_P35 -1.72732e-11
Max_H0_P36 4.44533e-11
Max_H0_P37 7.02115e-11
Max_H0_P38 2.90962e-11
Max_H0_P39 -1.74037e-10
Max_H0_P40 2.87304e-11
Max_H0_P41 4.99458e-11
Max_H0_P42 0
Max_H0_P43 0
Max_H0_P44 0
Max_H0_P45 0
Max_H0_P46 0
Max_H0_P47 0
Max_H0_P48 0
Max_H0_P49 0
Max_H0_P50 0
Max_H0_P51 0
Max_H0_P52 0
Max_H0_P53 0
Max_H0_P54 0
Max_H0_P55 0
Max_H0_P56 0
Max_H0_P57 0
Max_H0_P58 0
Max_H0_P59 0
Max_H0_P60 0
Max_H0_P61 -6.14442e-11
Max_H0_P62 0
Max_H0_P63 0
Max_H0_P64 0
Max_H0_P65 0
Max_H0_P66 0
Max_H0_P67 0
Max_H0_P68 0
Max_H0_P69 0
Max_H0_P70 0
Max_H0_P71 0
Max_H0_P72 0
Max_H0_P73 0
Max_H0_P74 0
Max_H0_P75 0
Max_H0_P76 0
Max_H0_P77 -3.78151e-11
Max_H0_P78 0
Max_H0_P79 0
Max_H0_P80 0
Max_H0_P81 0
Max_H1_P0 0
Max_H1_P1 0
Max_H1_P2 -1.52588e-10
Max_H1_P3 0
Max_H1_P4 -6.37505e-11
Max_H1_P5 5.98396e-10
Max_H1_P6 -8.61711e-11
Max_H1_P7 0
Max_H1_P8 0
Max_H1_P9 0
Max_H1_P10 0
Max_H1_P11 0
Max_H1_P12 0
Max_H1_P13 0
Max_H1_P14 0
Max_H1_P15 0
Max_H1_P16 1.68939e-10
Max_H1_P17 -6.67474e-11
Max_H1_P18 -1.39835e-10
Max_H1_P19 5.83288e-11
Max_H1_P20 -3.38418e-12
Max_H1_P21 -3.55633e-11
Max_H1_P22 2.15877e-11
Max_H1_P23 6.22024e-11
Max_H1_P24 1.48077e-11
Max_H1_P25 1.11537e-10
Max_H1_P26 1.43189e-10
Max_H1_P27 -5.83288e-11
Max_H1_P28 -3.63599e-11
Max_H1_P29 1.22149e-10
Max_H1_P30 -1.22149e-10
Max_H1_P31 -3.20268e-11
Max_H1_P32 1.03569e-10
Max_H1_P33 1.39568e-10
Max_H1_P34 2.91977e-11
Max_H1_P35 1.11417e-10
Max_H1_P36 -1.08304e-10
Max_H1_P37 2.21476e-11
Max_H1_P38 1.85961e-10
Max_H1_P39 -1.08032e-10
Max_H1_P40 7.93397e-11
Max_H1_P41 1.48475e-10
Max_H1_P42 1.08294e-10
Max_H1_P43 0
Max_H1_P44 0
Max_H1_P45 0
Max_H1_P46 0
Max_H1_P47 0
Max_H1_P48 0
Max_H1_P49 0
Max_H1_P50 1.47609e-10
Max_H1_P51 0
Max_H1_P52 9.60725e-11
Max_H1_P53 0
Max_H1_P54 -8.41283e-12
Max_H1_P55 -3.8828e-10
Max_H1_P56 0
Max_H1_P57 -1.44275e-10
Max_H1_P58 0
Max_H1_P59 0
Max_H1_P60 6.88294e-11
Max_H1_P61 -9.15876e-11
Max_H1_P62 0
Max_H1_P63 0
Max_H1_P64 0
Max_H1_P65 0
Max_H1_P66 0
Max_H1_P67 -2.37392e-11
Max_H1_P68 0
Max_H1_P69 0
Max_H1_P70 0
Max_H1_P71 0
Max_H1_P72 0
Max_H1_P73 0
Max_H1_P74 0
Max_H1_P75 0
Max_H1_P76 0
Max_H1_P77 2.84643e-11
Max_H1_P78 -9.25284e-11
Max_H1_P79 0
Max_H1_P80 0
Max_H1_P81 0
