
Branch and bound

  Entire solving process        :                           (Time     62.2)
  No feasible solution was found
  Best relaxation cost          :     34941.88 (Node     0) (Time     62.2)
  Lower bound after cuts        :     34941.88
  End lower bound               :     34941.88
  Deepest level reached         : 0
  Deepest real level reached    : 0
  Number of real nodes solved   : 1
  Stopping condition            : enough nodes explored

Problem identification

  Problem                       : <null>
  Machine                       : oslo1.gerad.lan

Solving process summary

  Linear relaxations            :        1
  Column generation iterations  :      125
  Shortest paths solved         :     2510
  Columns generated             :    23611

Instance characteristics

  Resources                     : 3
  Node types                    : no
  Arc types                     : no
  Strong resource windows       : no
  Weak resource windows         : no
  Resource windows (nodes)      : 3
  Resource values (arcs)        : 3
  Values on nodes               : no

  Rows                          : 701
  Initial columns               : 2
  Tasks                         : 539
  Strong tasks                  : 535
  Weak tasks                    : 4
  Initial task constraints      : no
  Nodes                         : 867
  Arc sets                      : 1
  Arcs                          : 14992
  Networks                      : 2
  Models                        : 1

Memory used per module (Megs)

  Parser (reused)               :      3.398
  Networks                      :     20.100
  Column generator              :      5.086
  Master problem                :      7.251
  -----------------
  Total                         :     32.437

Cpu time per module (seconds)

  Parser                        :        0.0
  Preprocessor                  :        0.0
  Lr solver manager             :        0.1
  Column generator              :       11.0
    (Shortest path)             :        8.7
  Master problem                :       51.1
  -------------------
  Total (without b&b)           :       62.2

Real elapsed time (seconds)

  Parser                        :        0.0
  Preprocessor                  :        0.0
  Lr solver manager             :        0.1
  Column generator              :       11.1
    (Shortest path)             :        8.9
  Master problem                :       50.9
  -------------------
  Total (without b&b)           :       62.2
