Cover_T0 52
Cover_T1 -52
Cover_T2 52
Cover_T3 -52
Cover_T4 52
Cover_T5 -52
Cover_T6 52
Cover_T7 -52
Cover_T8 52
Cover_T9 -52
Cover_T10 54
Cover_T11 -52
Cover_T12 54
Cover_T13 -50
Cover_T14 54
Cover_T15 -50
Cover_T16 54
Cover_T17 -50
Cover_T18 56
Cover_T19 -50
Cover_T20 56
Cover_T21 -48
Cover_T22 52
Cover_T23 -48
Cover_T24 62
Cover_T25 -40
Cover_T26 64
Cover_T27 -40
Cover_T28 62
Cover_T29 -40
Cover_T30 60
Cover_T31 -40
Cover_T32 54
Cover_T33 -38
Cover_T34 50
Cover_T35 -42
Cover_T36 58
Cover_T37 -34
Cover_T38 52
Cover_T39 -28
Cover_T40 42
Cover_T41 12
Cover_T42 84
Cover_T43 1.25659e-11
Cover_T44 72
Cover_T45 0
Cover_T46 1008
Cover_T47 970
Cover_T48 1036
Cover_T49 978
Cover_T50 1030
Cover_T51 976
Cover_T52 992
Cover_T53 936
Cover_T54 992
Cover_T55 950
Cover_T56 1002
Cover_T57 0
Cover_T58 30
Cover_T59 -22
Cover_T60 8
Cover_T61 -6
Cover_T62 4
Cover_T63 -12
Cover_T64 2
Cover_T65 8
Cover_T66 2
Cover_T67 4
Cover_T68 -20
Cover_T69 4
Cover_T70 10
Cover_T71 10
Cover_T72 -6
Cover_T73 -2
Cover_T74 0
Cover_T75 14
Cover_T76 22
Cover_T77 30
Cover_T78 6
Cover_T79 0
Cover_T80 0
Cover_T81 16
Cover_T82 2
Cover_T83 14
Cover_T84 0
Cover_T85 -4
Cover_T86 9.27347e-12
Cover_T87 6
Cover_T88 1.48768e-10
Cover_T89 6
Cover_T90 8
Cover_T91 8
Cover_T92 -2
Cover_T93 8
Cover_T94 4
Cover_T95 8
Cover_T96 4.92673e-12
Cover_T97 0
Cover_T98 6
Cover_T99 10
Cover_T100 12
Cover_T101 4
Cover_T102 20
Cover_T103 8
Cover_T104 16
Cover_T105 2
Cover_T106 2
Cover_T107 4
Cover_T108 -6.38316e-11
Cover_T109 -12
Cover_T110 -18
Cover_T111 6
Cover_T112 -46
Cover_T113 8
Cover_T114 0
Cover_T115 20
Cover_T116 -10
Cover_T117 36
Cover_T118 -26
Cover_T119 52
Cover_T120 -42
Cover_T121 0
Cover_T122 10
Cover_T123 4
Cover_T124 16
Cover_T125 20
Cover_T126 0
Cover_T127 36
Cover_T128 4
Cover_T129 52
Cover_T130 6
Cover_T131 4
Cover_T132 0
Cover_T133 2
Cover_T134 1.10767e-10
Cover_T135 2
Cover_T136 18
Cover_T137 2
Cover_T138 -2
Cover_T139 8
Cover_T140 -20
Cover_T141 8
Cover_T142 -44
Cover_T143 2.01908e-10
Cover_T144 12
Cover_T145 32
Cover_T146 12
Cover_T147 56
Cover_T148 -16
Cover_T149 4
Cover_T150 12
Cover_T151 2
Cover_T152 20
Cover_T153 18
Cover_T154 0
Cover_T155 26
Cover_T156 6.7994e-10
Cover_T157 2
Cover_T158 -16
Cover_T159 0
Cover_T160 -32
Cover_T161 10
Cover_T162 2
Cover_T163 18
Cover_T164 12
Cover_T165 24
Cover_T166 6
Cover_T167 46
Cover_T168 -10
Cover_T169 62
Cover_T170 2
Cover_T171 32
Cover_T172 6
Cover_T173 28
Cover_T174 -1.94832e-10
Cover_T175 16
Cover_T176 -12
Cover_T177 46
Cover_T178 -32
Cover_T179 34
Cover_T180 -12
Cover_T181 38
Cover_T182 -12
Cover_T183 36
Cover_T184 -26
Cover_T185 62
Cover_T186 -18
Cover_T187 44
Cover_T188 -18
Cover_T189 44
Cover_T190 -20
Cover_T191 48
Cover_T192 -24
Cover_T193 36
Cover_T194 -28
Cover_T195 32
Cover_T196 -30
Cover_T197 52
Cover_T198 -32
Cover_T199 48
Cover_T200 -36
Cover_T201 32
Cover_T202 -30
Cover_T203 36
Cover_T204 -30
Cover_T205 40
Cover_T206 -32
Cover_T207 44
Cover_T208 -32
Cover_T209 40
Cover_T210 -30
Cover_T211 48
Cover_T212 -34
Cover_T213 42
Cover_T214 -30
Cover_T215 44
Cover_T216 -32
Cover_T217 50
Cover_T218 -32
Cover_T219 52
Cover_T220 -32
Cover_T221 54
Cover_T222 -36
Cover_T223 60
Cover_T224 -36
Cover_T225 56
Cover_T226 -38
Cover_T227 52
Cover_T228 -52
Cover_T229 54
Cover_T230 -50
Cover_T231 52
Cover_T232 -50
Cover_T233 58
Cover_T234 -48
Cover_T235 60
Cover_T236 -42
Cover_T237 60
Cover_T238 -40
Cover_T239 60
Cover_T240 -40
Cover_T241 58
Cover_T242 -34
Cover_T243 50
Cover_T244 -44
Cover_T245 56
Cover_T246 -22
Cover_T247 54
Cover_T248 -36
Cover_T249 40
Cover_T250 -26
Cover_T251 46
Cover_T252 12
Cover_T253 84
Cover_T254 0
Cover_T255 58
Cover_T256 -2
Cover_T257 1020
Cover_T258 972
Cover_T259 1028
Cover_T260 976
Cover_T261 992
Cover_T262 938
Cover_T263 1004
Cover_T264 948
Cover_T265 992
Cover_T266 2.03215e-12
Cover_T267 30
Cover_T268 -14
Cover_T269 24
Cover_T270 -12
Cover_T271 10
Cover_T272 -8
Cover_T273 -6
Cover_T274 -14
Cover_T275 10
Cover_T276 -10
Cover_T277 8
Cover_T278 -2
Cover_T279 2
Cover_T280 14
Cover_T281 14
Cover_T282 -2
Cover_T283 -8
Cover_T284 3.98401e-11
Cover_T285 10
Cover_T286 0
Cover_T287 4
Cover_T288 28
Cover_T289 14
Cover_T290 10
Cover_T291 -4
Cover_T292 10
Cover_T293 0
Cover_T294 -12
Cover_T295 2
Cover_T296 4
Cover_T297 6
Cover_T298 10
Cover_T299 10
Cover_T300 6
Cover_T301 -6
Cover_T302 4
Cover_T303 6
Cover_T304 0
Cover_T305 0
Cover_T306 -2
Cover_T307 6
Cover_T308 18
Cover_T309 2
Cover_T310 -7.4629e-10
Cover_T311 -2.68905e-11
Cover_T312 -6
Cover_T313 0
Cover_T314 -2
Cover_T315 22
Cover_T316 0
Cover_T317 18
Cover_T318 -1.09625e-11
Cover_T319 0
Cover_T320 -22
Cover_T321 0
Cover_T322 -18
Cover_T323 -6
Cover_T324 4.78841e-12
Cover_T325 -16
Cover_T326 -8.37233e-11
Cover_T327 -36
Cover_T328 6
Cover_T329 12
Cover_T330 20
Cover_T331 -4
Cover_T332 48
Cover_T333 -32
Cover_T334 2
Cover_T335 8
Cover_T336 24
Cover_T337 2
Cover_T338 52
Cover_T339 0
Cover_T340 0
Cover_T341 4
Cover_T342 -6
Cover_T343 2
Cover_T344 10
Cover_T345 6
Cover_T346 6
Cover_T347 5.0246e-11
Cover_T348 2
Cover_T349 12
Cover_T350 4
Cover_T351 -4
Cover_T352 0
Cover_T353 -18
Cover_T354 8
Cover_T355 -38
Cover_T356 2
Cover_T357 8
Cover_T358 18
Cover_T359 6
Cover_T360 44
Cover_T361 12
Cover_T362 0
Cover_T363 -6
Cover_T364 2
Cover_T365 16
Cover_T366 5.53751e-10
Cover_T367 16
Cover_T368 34
Cover_T369 0
Cover_T370 6
Cover_T371 -22
Cover_T372 16
Cover_T373 0
Cover_T374 24
Cover_T375 0
Cover_T376 46
Cover_T377 2
Cover_T378 62
Cover_T379 -14
Cover_T380 30
Cover_T381 -2
Cover_T382 20
Cover_T383 -4
Cover_T384 22
Cover_T385 -1.29241e-10
Cover_T386 44
Cover_T387 -20
Cover_T388 30
Cover_T389 -38
Cover_T390 30
Cover_T391 -14
Cover_T392 30
Cover_T393 -16
Cover_T394 44
Cover_T395 -16
Cover_T396 64
Cover_T397 -38
Cover_T398 40
Cover_T399 -18
Cover_T400 36
Cover_T401 -20
Cover_T402 40
Cover_T403 -20
Cover_T404 56
Cover_T405 -24
Cover_T406 30
Cover_T407 -28
Cover_T408 30
Cover_T409 -40
Cover_T410 30
Cover_T411 -38
Cover_T412 30
Cover_T413 -30
Cover_T414 42
Cover_T415 -30
Cover_T416 38
Cover_T417 -30
Cover_T418 30
Cover_T419 -34
Cover_T420 30
Cover_T421 -30
Cover_T422 30
Cover_T423 -30
Cover_T424 34
Cover_T425 -30
Cover_T426 32
Cover_T427 -30
Cover_T428 48
Cover_T429 -46
Cover_T430 44
Cover_T431 -36
Cover_T432 42
Cover_T433 -30
Cover_T434 40
Cover_T435 -44
Cover_T436 58
Cover_T437 -30
Cover_T438 48
Cover_T439 -30
Cover_T440 36
Cover_T441 -34
Cover_T442 58
Cover_T443 -32
Cover_T444 50
Cover_T445 -36
Cover_T446 66
Cover_T447 -36
Cover_T448 68
Cover_T449 -38
Cover_T450 64
Cover_T451 -38
Cover_T452 58
Cover_T453 -44
Cover_T454 58
Cover_T455 -44
Cover_T456 54
Cover_T457 -36
Cover_T458 50
Cover_T459 -32
Cover_T460 56
Cover_T461 -22
Cover_T462 52
Cover_T463 -38
Cover_T464 60
Cover_T465 16
Cover_T466 94
Cover_T467 2
Cover_T468 72
Cover_T469 2
Cover_T470 1024
Cover_T471 964
Cover_T472 1040
Cover_T473 974
Cover_T474 1028
Cover_T475 968
Cover_T476 1030
Cover_T477 966
Cover_T478 1022
Cover_T479 978
Cover_T480 994
Cover_T481 940
Cover_T482 1006
Cover_T483 952
Cover_T484 994
Cover_T485 2
Cover_T486 18
Cover_T487 -12
Cover_T488 -1.71667e-10
Cover_T489 -22
Cover_T490 10
Cover_T491 -6
Cover_T492 10
Cover_T493 -12
Cover_T494 0
Cover_T495 -8
Cover_T496 12
Cover_T497 0
Cover_T498 -4
Cover_T499 16
Cover_T500 -20
Cover_T501 0
Cover_T502 10
Cover_T503 -1.34465e-10
Cover_T504 -6
Cover_T505 6
Cover_T506 2.81174e-11
Cover_T507 -6
Cover_T508 22
Cover_T509 10
Cover_T510 6
Cover_T511 26
Cover_T512 -2.03465e-11
Cover_T513 -4
Cover_T514 4
Cover_T515 12
Cover_T516 6
Cover_T517 8
Cover_T518 6
Cover_T519 -10
Cover_T520 6
Cover_T521 4.78147e-11
Cover_T522 -14
Cover_T523 -3.41647e-11
Cover_T524 4
Cover_T525 2
Cover_T526 10
Cover_T527 2
Cover_T528 6
Cover_T529 0
Cover_T530 0
Cover_T531 16
Cover_T532 0
Cover_T533 4
Cover_T534 10
Cover_T535 10
Cover_T536 22
Cover_T537 0
Cover_T538 22
Cover_T539 0
Cover_T540 6
Cover_T541 6
Cover_T542 0
Cover_T543 6
Cover_T544 8
Cover_T545 0
Cover_T546 -2
Cover_T547 -8
Cover_T548 -22
Cover_T549 -4
Cover_T550 -42
Cover_T551 6
Cover_T552 6
Cover_T553 0
Cover_T554 -2
Cover_T555 10
Cover_T556 -22
Cover_T557 30
Cover_T558 -42
Cover_T559 50
Cover_T560 6
Cover_T561 2
Cover_T562 8
Cover_T563 10
Cover_T564 8
Cover_T565 30
Cover_T566 8
Cover_T567 50
Cover_T568 2
Cover_T569 2
Cover_T570 2
Cover_T571 -5.27445e-12
Cover_T572 -8
Cover_T573 1.78752e-10
Cover_T574 0
Cover_T575 0
Cover_T576 -18
Cover_T577 6
Cover_T578 -38
Cover_T579 8
Cover_T580 12
Cover_T581 10
Cover_T582 18
Cover_T583 1.05057e-10
Cover_T584 6
Cover_T585 12
Cover_T586 22
Cover_T587 24
Cover_T588 10
Cover_T589 34
Cover_T590 -2
Cover_T591 46
Cover_T592 -14
Cover_T593 58
Cover_T594 22
Cover_T595 4
Cover_T596 18
Cover_T597 0
Cover_T598 18
Cover_T599 12
Cover_T600 12
Cover_T601 2
Cover_T602 4
Cover_T603 16
Cover_T604 -8
Cover_T605 40
Cover_T606 -24
Cover_T607 0
Cover_T608 -40
Cover_T609 0
Cover_T610 -4
Cover_T611 10
Cover_T612 4
Cover_T613 20
Cover_T614 6
Cover_T615 30
Cover_T616 6
Cover_T617 62
Cover_T618 6
Cover_T619 32
Cover_T620 6
Cover_T621 30
Cover_T622 -20
Cover_T623 28
Cover_T624 -4
Cover_T625 32
Cover_T626 -6
Cover_T627 30
Cover_T628 -10
Cover_T629 22
Cover_T630 -32
Cover_T631 46
Cover_T632 -14
Cover_T633 64
Cover_T634 -18
Cover_T635 40
Cover_T636 -22
Cover_T637 36
Cover_T638 -20
Cover_T639 36
Cover_T640 -24
Cover_T641 52
Cover_T642 -24
Cover_T643 32
Cover_T644 -36
Cover_T645 32
Cover_T646 -32
Cover_T647 30
Cover_T648 -28
Cover_T649 36
Cover_T650 -30
Cover_T651 32
Cover_T652 -30
Cover_T653 36
Cover_T654 -30
Cover_T655 48
Cover_T656 -30
Cover_T657 46
Cover_T658 -32
Cover_T659 34
Cover_T660 -40
Cover_T661 34
Cover_T662 -30
Cover_T663 46
Cover_T664 -32
Cover_T665 32
Cover_T666 -36
Cover_T667 44
Cover_T668 -32
Cover_T669 52
Cover_T670 -32
Cover_T671 56
Cover_T672 -34
Cover_T673 64
Cover_T674 -32
Cover_T675 62
Cover_T676 -32
Cover_T677 42
Cover_T678 -36
Cover_T679 72
Cover_T680 -36
Cover_T681 66
Cover_T682 -36
Cover_T683 58
Cover_T684 -44
Cover_T685 54
Cover_T686 28
Cover_T687 0
Cover_T688 42
Cover_T689 8
Cover_T690 18
Cover_T691 14
Cover_T692 62
Cover_T693 14
Cover_T694 66
Cover_T695 14
Cover_T696 44
Cover_T697 0
Cover_T698 18
Cover_T699 50
Cover_T700 1.79348e-10
Cover_T701 0
Cover_T702 998
Cover_T703 960
Cover_T704 974
Cover_T705 978
Cover_T706 1056
Cover_T707 1000
Cover_T708 1022
Cover_T709 1016
Cover_T710 1010
Cover_T711 20
Cover_T712 26
Cover_T713 48
Cover_T714 56
Cover_T715 -30
Cover_T716 50
Cover_T717 10
Cover_T718 52
Cover_T719 54
Cover_T720 0
Cover_T721 60
Cover_T722 0
Cover_T723 60
Cover_T724 0
Cover_T725 60
Cover_T726 -4
Cover_T727 34
Cover_T728 42
Cover_T729 26
Cover_T730 42
Cover_T731 26
Cover_T732 20
Cover_T733 26
Cover_T734 0
Cover_T735 42
Cover_T736 50
Cover_T737 0
Cover_T738 50
Cover_T739 0
Cover_T740 38
Cover_T741 16
Cover_T742 40
Cover_T743 34
Cover_T744 54
Cover_T745 0
Cover_T746 28
Cover_T747 0
Cover_T748 42
Cover_T749 0
Cover_T750 22
Cover_T751 0
Cover_T752 24
Cover_T753 18
Cover_T754 34
Cover_T755 20
Cover_T756 28
Cover_T757 24
Count_D0 -984
Count_D1 -1000
Max_H0_P0 0
Max_H0_P1 0
Max_H0_P2 0
Max_H0_P3 0
Max_H0_P4 0
Max_H0_P5 1.23308e-11
Max_H0_P6 -1.54395e-11
Max_H0_P7 0
Max_H0_P8 0
Max_H0_P9 0
Max_H0_P10 0
Max_H0_P11 0
Max_H0_P12 0
Max_H0_P13 0
Max_H0_P14 0
Max_H0_P15 0
Max_H0_P16 5.95435e-11
Max_H0_P17 2.47016e-11
Max_H0_P18 0
Max_H0_P19 -3.84271e-12
Max_H0_P20 1.23404e-11
Max_H0_P21 -8.56293e-12
Max_H0_P22 -1.23723e-11
Max_H0_P23 8.4599e-12
Max_H0_P24 1.00222e-11
Max_H0_P25 1.28139e-11
Max_H0_P26 7.22697e-12
Max_H0_P27 -9.30786e-12
Max_H0_P28 2.17535e-11
Max_H0_P29 -9.32143e-13
Max_H0_P30 8.16902e-12
Max_H0_P31 -2.16386e-11
Max_H0_P32 1.55751e-11
Max_H0_P33 -1.28139e-11
Max_H0_P34 -6.6156e-12
Max_H0_P35 6.26521e-12
Max_H0_P36 0
Max_H0_P37 -2.30875e-11
Max_H0_P38 2.82685e-12
Max_H0_P39 -3.60707e-11
Max_H0_P40 3.64722e-11
Max_H0_P41 1.1247e-11
Max_H0_P42 -1.14596e-10
Max_H0_P43 0
Max_H0_P44 0
Max_H0_P45 0
Max_H0_P46 0
Max_H0_P47 0
Max_H0_P48 0
Max_H0_P49 0
Max_H0_P50 0
Max_H0_P51 0
Max_H0_P52 0
Max_H0_P53 0
Max_H0_P54 0
Max_H0_P55 0
Max_H0_P56 0
Max_H0_P57 0
Max_H0_P58 0
Max_H0_P59 0
Max_H0_P60 0
Max_H0_P61 0
Max_H0_P62 0
Max_H0_P63 0
Max_H0_P64 0
Max_H0_P65 0
Max_H0_P66 0
Max_H0_P67 0
Max_H0_P68 0
Max_H0_P69 -0
Max_H0_P70 0
Max_H0_P71 0
Max_H0_P72 0
Max_H0_P73 0
Max_H0_P74 0
Max_H0_P75 0
Max_H0_P76 0
Max_H0_P77 0
Max_H0_P78 -1.16245e-11
Max_H0_P79 0
Max_H0_P80 0
Max_H0_P81 0
Max_H1_P0 0
Max_H1_P1 0
Max_H1_P2 0
Max_H1_P3 0
Max_H1_P4 -1.29781e-11
Max_H1_P5 1.23308e-11
Max_H1_P6 -4.41815e-11
Max_H1_P7 -1.38911e-12
Max_H1_P8 0
Max_H1_P9 0
Max_H1_P10 0
Max_H1_P11 0
Max_H1_P12 0
Max_H1_P13 0
Max_H1_P14 0
Max_H1_P15 0
Max_H1_P16 1.79772e-11
Max_H1_P17 5.17424e-11
Max_H1_P18 1.53196e-11
Max_H1_P19 1.48681e-12
Max_H1_P20 1.90371e-12
Max_H1_P21 -1.16036e-11
Max_H1_P22 -7.68712e-13
Max_H1_P23 -1.58421e-11
Max_H1_P24 2.00409e-11
Max_H1_P25 6.3801e-12
Max_H1_P26 1.69555e-11
Max_H1_P27 -2.11579e-11
Max_H1_P28 2.04935e-11
Max_H1_P29 -5.19917e-13
Max_H1_P30 2.62546e-12
Max_H1_P31 1.53979e-11
Max_H1_P32 -1.65414e-11
Max_H1_P33 -4.67848e-12
Max_H1_P34 -8.48579e-12
Max_H1_P35 -6.70752e-12
Max_H1_P36 -2.82423e-11
Max_H1_P37 -1.01166e-11
Max_H1_P38 -2.11613e-11
Max_H1_P39 -4.92846e-11
Max_H1_P40 1.32211e-11
Max_H1_P41 2.89542e-11
Max_H1_P42 -1.02019e-10
Max_H1_P43 0
Max_H1_P44 0
Max_H1_P45 0
Max_H1_P46 0
Max_H1_P47 0
Max_H1_P48 0
Max_H1_P49 0
Max_H1_P50 0
Max_H1_P51 0
Max_H1_P52 0
Max_H1_P53 0
Max_H1_P54 0
Max_H1_P55 0
Max_H1_P56 0
Max_H1_P57 0
Max_H1_P58 0
Max_H1_P59 0
Max_H1_P60 0
Max_H1_P61 0
Max_H1_P62 0
Max_H1_P63 0
Max_H1_P64 0
Max_H1_P65 4.60889e-11
Max_H1_P66 0
Max_H1_P67 0
Max_H1_P68 0
Max_H1_P69 4.36433e-11
Max_H1_P70 0
Max_H1_P71 0
Max_H1_P72 0
Max_H1_P73 0
Max_H1_P74 0
Max_H1_P75 -0
Max_H1_P76 0
Max_H1_P77 -2.14454e-10
Max_H1_P78 0
Max_H1_P79 0
Max_H1_P80 1.97822e-10
Max_H1_P81 0
