
Branch and bound

  Entire solving process        :                           (Time    202.1)
  No feasible solution was found
  Best relaxation cost          :     49701.00 (Node     0) (Time    202.1)
  Lower bound after cuts        :     49701.00
  End lower bound               :     49701.00
  Deepest level reached         : 0
  Deepest real level reached    : 0
  Number of real nodes solved   : 1
  Stopping condition            : enough nodes explored

Problem identification

  Problem                       : <null>
  Machine                       : oslo1.gerad.lan

Solving process summary

  Linear relaxations            :        1
  Column generation iterations  :      153
  Shortest paths solved         :     3812
  Columns generated             :    39703

Instance characteristics

  Resources                     : 3
  Node types                    : no
  Arc types                     : no
  Strong resource windows       : no
  Weak resource windows         : no
  Resource windows (nodes)      : 3
  Resource values (arcs)        : 3
  Values on nodes               : no

  Rows                          : 924
  Initial columns               : 2
  Tasks                         : 762
  Strong tasks                  : 758
  Weak tasks                    : 4
  Initial task constraints      : no
  Nodes                         : 1090
  Arc sets                      : 1
  Arcs                          : 27371
  Networks                      : 2
  Models                        : 1

Memory used per module (Megs)

  Parser (reused)               :      5.820
  Networks                      :     27.608
  Column generator              :      6.296
  Master problem                :      9.390
  -----------------
  Total                         :     43.295

Cpu time per module (seconds)

  Parser                        :        0.0
  Preprocessor                  :        0.0
  Lr solver manager             :        0.2
  Column generator              :       49.4
    (Shortest path)             :       41.2
  Master problem                :      152.5
  -------------------
  Total (without b&b)           :      202.1

Real elapsed time (seconds)

  Parser                        :        0.0
  Preprocessor                  :        0.0
  Lr solver manager             :        0.2
  Column generator              :       49.3
    (Shortest path)             :       41.3
  Master problem                :      152.6
  -------------------
  Total (without b&b)           :      202.1
