
Branch and bound

  Entire solving process        :                           (Time    134.9)
  No feasible solution was found
  Best relaxation cost          :     49510.93 (Node     0) (Time    134.9)
  Lower bound after cuts        :     49510.93
  End lower bound               :     49510.93
  Deepest level reached         : 0
  Deepest real level reached    : 0
  Number of real nodes solved   : 1
  Stopping condition            : enough nodes explored

Problem identification

  Problem                       : <null>
  Machine                       : oslo2.gerad.lan

Solving process summary

  Linear relaxations            :        1
  Column generation iterations  :      129
  Shortest paths solved         :     9281
  Columns generated             :    51651

Instance characteristics

  Resources                     : 3
  Node types                    : no
  Arc types                     : no
  Strong resource windows       : no
  Weak resource windows         : no
  Resource windows (nodes)      : 3
  Resource values (arcs)        : 3
  Values on nodes               : no

  Rows                          : 924
  Initial columns               : 374
  Tasks                         : 762
  Strong tasks                  : 538
  Weak tasks                    : 4
  Initial task constraints      : no
  Nodes                         : 1090
  Arc sets                      : 1
  Arcs                          : 27371
  Networks                      : 2
  Models                        : 1

Memory used per module (Megs)

  Parser (reused)               :      5.820
  Networks                      :     29.908
  Column generator              :      9.081
  Master problem                :      8.929
  -----------------
  Total                         :     47.919

Cpu time per module (seconds)

  Parser                        :        0.0
  Preprocessor                  :        0.0
  Lr solver manager             :        0.1
  Column generator              :       58.1
    (Shortest path)             :       50.6
  Master problem                :       76.6
  -------------------
  Total (without b&b)           :      134.8

Real elapsed time (seconds)

  Parser                        :        0.0
  Preprocessor                  :        0.0
  Lr solver manager             :        0.1
  Column generator              :       58.1
    (Shortest path)             :       50.6
  Master problem                :       76.8
  -------------------
  Total (without b&b)           :      135.0
