Cover_T0 54
Cover_T1 -52
Cover_T2 54
Cover_T3 -50
Cover_T4 54
Cover_T5 -50
Cover_T6 54
Cover_T7 -50
Cover_T8 54
Cover_T9 -50
Cover_T10 56
Cover_T11 -48
Cover_T12 54
Cover_T13 -48
Cover_T14 56
Cover_T15 -48
Cover_T16 52
Cover_T17 -38
Cover_T18 56
Cover_T19 -36
Cover_T20 68
Cover_T21 -24
Cover_T22 68
Cover_T23 -24
Cover_T24 64
Cover_T25 -10
Cover_T26 50
Cover_T27 10
Cover_T28 46
Cover_T29 8
Cover_T30 50
Cover_T31 938
Cover_T32 34
Cover_T33 946
Cover_T34 998
Cover_T35 948
Cover_T36 1000
Cover_T37 942
Cover_T38 52
Cover_T39 946
Cover_T40 44
Cover_T41 -34
Cover_T42 0
Cover_T43 -42
Cover_T44 36
Cover_T45 -6
Cover_T46 0
Cover_T47 28
Cover_T48 20
Cover_T49 -22
Cover_T50 20
Cover_T51 2
Cover_T52 -4
Cover_T53 26
Cover_T54 -4
Cover_T55 2
Cover_T56 -6
Cover_T57 2
Cover_T58 -30
Cover_T59 2
Cover_T60 48
Cover_T61 4
Cover_T62 24
Cover_T63 28
Cover_T64 0
Cover_T65 52
Cover_T66 -24
Cover_T67 -24
Cover_T68 6
Cover_T69 4
Cover_T70 0
Cover_T71 32
Cover_T72 40
Cover_T73 2
Cover_T74 12
Cover_T75 8
Cover_T76 14
Cover_T77 -24
Cover_T78 4
Cover_T79 0
Cover_T80 42
Cover_T81 14
Cover_T82 8
Cover_T83 20
Cover_T84 8
Cover_T85 -26
Cover_T86 2
Cover_T87 0
Cover_T88 6
Cover_T89 0
Cover_T90 5.0495e-11
Cover_T91 6
Cover_T92 2
Cover_T93 2
Cover_T94 -20
Cover_T95 8
Cover_T96 -48
Cover_T97 6
Cover_T98 -28
Cover_T99 28
Cover_T100 2
Cover_T101 52
Cover_T102 0
Cover_T103 30
Cover_T104 4
Cover_T105 54
Cover_T106 12
Cover_T107 4
Cover_T108 20
Cover_T109 0
Cover_T110 18
Cover_T111 0
Cover_T112 6
Cover_T113 12
Cover_T114 -16
Cover_T115 2.92175e-11
Cover_T116 -36
Cover_T117 10
Cover_T118 28
Cover_T119 24
Cover_T120 0
Cover_T121 48
Cover_T122 46
Cover_T123 82
Cover_T124 18
Cover_T125 22
Cover_T126 18
Cover_T127 52
Cover_T128 26
Cover_T129 22
Cover_T130 -9.43058e-11
Cover_T131 22
Cover_T132 14
Cover_T133 0
Cover_T134 -4
Cover_T135 24
Cover_T136 0
Cover_T137 38
Cover_T138 2
Cover_T139 12
Cover_T140 10
Cover_T141 38
Cover_T142 -2
Cover_T143 30
Cover_T144 -8
Cover_T145 10
Cover_T146 -16
Cover_T147 28
Cover_T148 -10
Cover_T149 14
Cover_T150 -10
Cover_T151 32
Cover_T152 -30
Cover_T153 52
Cover_T154 -10
Cover_T155 32
Cover_T156 -10
Cover_T157 30
Cover_T158 -10
Cover_T159 60
Cover_T160 -28
Cover_T161 40
Cover_T162 -12
Cover_T163 44
Cover_T164 -14
Cover_T165 38
Cover_T166 -18
Cover_T167 76
Cover_T168 -18
Cover_T169 56
Cover_T170 -22
Cover_T171 74
Cover_T172 -22
Cover_T173 76
Cover_T174 -36
Cover_T175 54
Cover_T176 -50
Cover_T177 54
Cover_T178 -48
Cover_T179 54
Cover_T180 -48
Cover_T181 52
Cover_T182 -38
Cover_T183 60
Cover_T184 -38
Cover_T185 60
Cover_T186 -26
Cover_T187 62
Cover_T188 -30
Cover_T189 58
Cover_T190 -18
Cover_T191 42
Cover_T192 0
Cover_T193 42
Cover_T194 0
Cover_T195 30
Cover_T196 930
Cover_T197 2
Cover_T198 938
Cover_T199 990
Cover_T200 936
Cover_T201 64
Cover_T202 940
Cover_T203 56
Cover_T204 -44
Cover_T205 32
Cover_T206 -40
Cover_T207 -4
Cover_T208 -32
Cover_T209 42
Cover_T210 -4
Cover_T211 14
Cover_T212 24
Cover_T213 -18
Cover_T214 -14
Cover_T215 18
Cover_T216 22
Cover_T217 6
Cover_T218 -14
Cover_T219 -6
Cover_T220 14
Cover_T221 -30
Cover_T222 14
Cover_T223 48
Cover_T224 16
Cover_T225 24
Cover_T226 40
Cover_T227 3.60618e-11
Cover_T228 -38
Cover_T229 -24
Cover_T230 -14
Cover_T231 10
Cover_T232 10
Cover_T233 8
Cover_T234 34
Cover_T235 52
Cover_T236 0
Cover_T237 28
Cover_T238 2
Cover_T239 14
Cover_T240 -38
Cover_T241 8
Cover_T242 -10
Cover_T243 6
Cover_T244 6
Cover_T245 52
Cover_T246 12
Cover_T247 24
Cover_T248 18
Cover_T249 0
Cover_T250 -20
Cover_T251 4
Cover_T252 4
Cover_T253 0
Cover_T254 0
Cover_T255 0
Cover_T256 -4
Cover_T257 -2
Cover_T258 2
Cover_T259 -30
Cover_T260 0
Cover_T261 -10
Cover_T262 22
Cover_T263 -38
Cover_T264 50
Cover_T265 12
Cover_T266 32
Cover_T267 12
Cover_T268 4
Cover_T269 16
Cover_T270 14
Cover_T271 20
Cover_T272 12
Cover_T273 16
Cover_T274 4
Cover_T275 -2
Cover_T276 0
Cover_T277 -26
Cover_T278 0
Cover_T279 30
Cover_T280 36
Cover_T281 6
Cover_T282 60
Cover_T283 34
Cover_T284 10
Cover_T285 12
Cover_T286 34
Cover_T287 0
Cover_T288 0
Cover_T289 26
Cover_T290 34
Cover_T291 8
Cover_T292 40
Cover_T293 10
Cover_T294 18
Cover_T295 10
Cover_T296 48
Cover_T297 10
Cover_T298 34
Cover_T299 -4.00208e-10
Cover_T300 32
Cover_T301 -8
Cover_T302 16
Cover_T303 -10
Cover_T304 10
Cover_T305 -18
Cover_T306 14
Cover_T307 -10
Cover_T308 10
Cover_T309 -12
Cover_T310 18
Cover_T311 -32
Cover_T312 14
Cover_T313 -12
Cover_T314 24
Cover_T315 -14
Cover_T316 54
Cover_T317 -42
Cover_T318 12
Cover_T319 -26
Cover_T320 40
Cover_T321 -24
Cover_T322 58
Cover_T323 -12
Cover_T324 30
Cover_T325 -28
Cover_T326 26
Cover_T327 -44
Cover_T328 42
Cover_T329 -18
Cover_T330 28
Cover_T331 -12
Cover_T332 42
Cover_T333 -34
Cover_T334 66
Cover_T335 -24
Cover_T336 52
Cover_T337 -18
Cover_T338 68
Cover_T339 -42
Cover_T340 62
Cover_T341 -26
Cover_T342 62
Cover_T343 -40
Cover_T344 82
Cover_T345 -36
Cover_T346 62
Cover_T347 -24
Cover_T348 68
Cover_T349 -24
Cover_T350 56
Cover_T351 -6
Cover_T352 48
Cover_T353 18
Cover_T354 66
Cover_T355 0
Cover_T356 40
Cover_T357 -10
Cover_T358 36
Cover_T359 918
Cover_T360 14
Cover_T361 944
Cover_T362 1022
Cover_T363 946
Cover_T364 978
Cover_T365 942
Cover_T366 982
Cover_T367 948
Cover_T368 1000
Cover_T369 948
Cover_T370 52
Cover_T371 948
Cover_T372 24
Cover_T373 -38
Cover_T374 -12
Cover_T375 -34
Cover_T376 34
Cover_T377 -26
Cover_T378 4
Cover_T379 2
Cover_T380 -24
Cover_T381 28
Cover_T382 0
Cover_T383 -22
Cover_T384 0
Cover_T385 2
Cover_T386 0
Cover_T387 26
Cover_T388 -2
Cover_T389 2
Cover_T390 -26
Cover_T391 4
Cover_T392 48
Cover_T393 8
Cover_T394 20
Cover_T395 14
Cover_T396 -8
Cover_T397 42
Cover_T398 22
Cover_T399 -32
Cover_T400 -2
Cover_T401 -12
Cover_T402 -2.03908e-11
Cover_T403 8
Cover_T404 48
Cover_T405 28
Cover_T406 28
Cover_T407 -10
Cover_T408 20
Cover_T409 10
Cover_T410 5.93715e-11
Cover_T411 8
Cover_T412 0
Cover_T413 -36
Cover_T414 2
Cover_T415 -12
Cover_T416 52
Cover_T417 -4.13292e-11
Cover_T418 28
Cover_T419 2
Cover_T420 6
Cover_T421 0
Cover_T422 8
Cover_T423 -46
Cover_T424 2
Cover_T425 -18
Cover_T426 6
Cover_T427 8
Cover_T428 0
Cover_T429 8
Cover_T430 2
Cover_T431 14
Cover_T432 -20
Cover_T433 10
Cover_T434 -48
Cover_T435 6
Cover_T436 -28
Cover_T437 8
Cover_T438 0
Cover_T439 32
Cover_T440 2
Cover_T441 54
Cover_T442 10
Cover_T443 26
Cover_T444 10
Cover_T445 46
Cover_T446 2
Cover_T447 12
Cover_T448 14
Cover_T449 8
Cover_T450 14
Cover_T451 4
Cover_T452 -2
Cover_T453 0
Cover_T454 -28
Cover_T455 10
Cover_T456 32
Cover_T457 12
Cover_T458 8
Cover_T459 36
Cover_T460 44
Cover_T461 62
Cover_T462 24
Cover_T463 82
Cover_T464 24
Cover_T465 24
Cover_T466 36
Cover_T467 40
Cover_T468 16
Cover_T469 2
Cover_T470 0
Cover_T471 32
Cover_T472 16
Cover_T473 20
Cover_T474 -14
Cover_T475 20
Cover_T476 1.26423e-11
Cover_T477 28
Cover_T478 16
Cover_T479 42
Cover_T480 2
Cover_T481 22
Cover_T482 -3.70362e-10
Cover_T483 42
Cover_T484 -3.86484e-10
Cover_T485 38
Cover_T486 -14
Cover_T487 14
Cover_T488 -10
Cover_T489 16
Cover_T490 -30
Cover_T491 12
Cover_T492 -10
Cover_T493 36
Cover_T494 -10
Cover_T495 16
Cover_T496 -34
Cover_T497 40
Cover_T498 -14
Cover_T499 20
Cover_T500 -14
Cover_T501 20
Cover_T502 -10
Cover_T503 42
Cover_T504 -38
Cover_T505 36
Cover_T506 -12
Cover_T507 36
Cover_T508 -22
Cover_T509 62
Cover_T510 -26
Cover_T511 58
Cover_T512 -18
Cover_T513 74
Cover_T514 -22
Cover_T515 72
Cover_T516 -22
Cover_T517 62
Cover_T518 -36
Cover_T519 54
Cover_T520 22
Cover_T521 12
Cover_T522 48
Cover_T523 12
Cover_T524 16
Cover_T525 42
Cover_T526 52
Cover_T527 54
Cover_T528 16
Cover_T529 22
Cover_T530 6
Cover_T531 972
Cover_T532 978
Cover_T533 938
Cover_T534 988
Cover_T535 960
Cover_T536 1002
Cover_T537 980
Cover_T538 1006
Cover_T539 990
Cover_T540 58
Cover_T541 0
Cover_T542 54
Cover_T543 18
Cover_T544 4
Cover_T545 54
Cover_T546 0
Cover_T547 14
Cover_T548 0
Cover_T549 56
Cover_T550 0
Cover_T551 36
Cover_T552 0
Cover_T553 72
Cover_T554 54
Cover_T555 46
Cover_T556 72
Cover_T557 54
Cover_T558 76
Cover_T559 60
Cover_T560 70
Cover_T561 10
Cover_T562 42
Cover_T563 0
Cover_T564 50
Cover_T565 0
Cover_T566 6
Cover_T567 0
Cover_T568 50
Cover_T569 0
Cover_T570 58
Cover_T571 36
Cover_T572 48
Count_D0 -984
Count_D1 -1000
Max_H0_P0 0
Max_H0_P1 0
Max_H0_P2 0
Max_H0_P3 0
Max_H0_P4 0
Max_H0_P5 0
Max_H0_P6 0
Max_H0_P7 0
Max_H0_P8 0
Max_H0_P9 0
Max_H0_P10 0
Max_H0_P11 0
Max_H0_P12 0
Max_H0_P13 0
Max_H0_P14 0
Max_H0_P15 1.10026e-11
Max_H0_P16 -1.41811e-11
Max_H0_P17 -8.16737e-12
Max_H0_P18 9.26947e-12
Max_H0_P19 -6.86157e-12
Max_H0_P20 6.83897e-12
Max_H0_P21 -2.06994e-11
Max_H0_P22 1.14428e-11
Max_H0_P23 2.70006e-11
Max_H0_P24 2.01617e-12
Max_H0_P25 -1.19889e-11
Max_H0_P26 -6.32311e-12
Max_H0_P27 7.56373e-12
Max_H0_P28 1.2804e-12
Max_H0_P29 -0
Max_H0_P30 0
Max_H0_P31 4.41336e-12
Max_H0_P32 1.3828e-11
Max_H0_P33 0
Max_H0_P34 7.92255e-13
Max_H0_P35 -1.55099e-11
Max_H0_P36 0
Max_H0_P37 -4.08884e-12
Max_H0_P38 0
Max_H0_P39 7.25464e-12
Max_H0_P40 -4.2911e-12
Max_H0_P41 -7.92313e-12
Max_H0_P42 0
Max_H0_P43 0
Max_H0_P44 -2.32642e-11
Max_H0_P45 0
Max_H0_P46 0
Max_H0_P47 0
Max_H0_P48 0
Max_H0_P49 0
Max_H0_P50 0
Max_H0_P51 0
Max_H0_P52 0
Max_H0_P53 0
Max_H0_P54 0
Max_H0_P55 0
Max_H0_P56 0
Max_H0_P57 0
Max_H0_P58 0
Max_H0_P59 0
Max_H0_P60 0
Max_H0_P61 1.05373e-11
Max_H0_P62 0
Max_H0_P63 0
Max_H0_P64 0
Max_H0_P65 0
Max_H0_P66 0
Max_H0_P67 0
Max_H0_P68 0
Max_H0_P69 0
Max_H0_P70 0
Max_H0_P71 0
Max_H0_P72 0
Max_H0_P73 0
Max_H0_P74 0
Max_H0_P75 0
Max_H0_P76 0
Max_H0_P77 0
Max_H0_P78 0
Max_H0_P79 0
Max_H0_P80 0
Max_H0_P81 0
Max_H1_P0 0
Max_H1_P1 0
Max_H1_P2 0
Max_H1_P3 0
Max_H1_P4 0
Max_H1_P5 -1.93259e-11
Max_H1_P6 0
Max_H1_P7 -2.98138e-11
Max_H1_P8 0
Max_H1_P9 0
Max_H1_P10 0
Max_H1_P11 0
Max_H1_P12 0
Max_H1_P13 0
Max_H1_P14 0
Max_H1_P15 0
Max_H1_P16 -1.75131e-11
Max_H1_P17 -1.23102e-12
Max_H1_P18 -7.89768e-12
Max_H1_P19 2.27374e-12
Max_H1_P20 -1.92735e-12
Max_H1_P21 0
Max_H1_P22 0
Max_H1_P23 9.53992e-12
Max_H1_P24 1.57532e-12
Max_H1_P25 0
Max_H1_P26 6.67244e-12
Max_H1_P27 0
Max_H1_P28 -2.07359e-11
Max_H1_P29 -1.82368e-11
Max_H1_P30 -4.86449e-12
Max_H1_P31 3.6263e-12
Max_H1_P32 -5.25269e-12
Max_H1_P33 0
Max_H1_P34 1.64526e-11
Max_H1_P35 -3.49907e-11
Max_H1_P36 0
Max_H1_P37 -4.95959e-12
Max_H1_P38 0
Max_H1_P39 -4.95959e-12
Max_H1_P40 8.07115e-12
Max_H1_P41 1.08414e-13
Max_H1_P42 -3.78186e-12
Max_H1_P43 0
Max_H1_P44 -3.62661e-11
Max_H1_P45 0
Max_H1_P46 0
Max_H1_P47 0
Max_H1_P48 1.42677e-11
Max_H1_P49 0
Max_H1_P50 0
Max_H1_P51 0
Max_H1_P52 0
Max_H1_P53 0
Max_H1_P54 0
Max_H1_P55 0
Max_H1_P56 0
Max_H1_P57 0
Max_H1_P58 5.82645e-12
Max_H1_P59 0
Max_H1_P60 -5.82645e-12
Max_H1_P61 0
Max_H1_P62 0
Max_H1_P63 0
Max_H1_P64 0
Max_H1_P65 0
Max_H1_P66 0
Max_H1_P67 0
Max_H1_P68 0
Max_H1_P69 0
Max_H1_P70 0
Max_H1_P71 0
Max_H1_P72 0
Max_H1_P73 0
Max_H1_P74 0
Max_H1_P75 0
Max_H1_P76 0
Max_H1_P77 3.19922e-12
Max_H1_P78 0
Max_H1_P79 0
Max_H1_P80 0
Max_H1_P81 0
