
Branch and bound

  Entire solving process        :                           (Time     89.3)
  No feasible solution was found
  Best relaxation cost          :     37309.18 (Node     0) (Time     89.3)
  Lower bound after cuts        :     37309.18
  End lower bound               :     37309.18
  Deepest level reached         : 0
  Deepest real level reached    : 0
  Number of real nodes solved   : 1
  Stopping condition            : enough nodes explored

Problem identification

  Problem                       : <null>
  Machine                       : oslo1.gerad.lan

Solving process summary

  Linear relaxations            :        1
  Column generation iterations  :      143
  Shortest paths solved         :     5218
  Columns generated             :    40209

Instance characteristics

  Resources                     : 3
  Node types                    : no
  Arc types                     : no
  Strong resource windows       : no
  Weak resource windows         : no
  Resource windows (nodes)      : 3
  Resource values (arcs)        : 3
  Values on nodes               : no

  Rows                          : 739
  Initial columns               : 295
  Tasks                         : 577
  Strong tasks                  : 409
  Weak tasks                    : 4
  Initial task constraints      : no
  Nodes                         : 905
  Arc sets                      : 1
  Arcs                          : 16590
  Networks                      : 2
  Models                        : 1

Memory used per module (Megs)

  Parser (reused)               :      3.761
  Networks                      :     23.612
  Column generator              :      3.390
  Master problem                :      7.568
  -----------------
  Total                         :     34.570

Cpu time per module (seconds)

  Parser                        :        0.0
  Preprocessor                  :        0.0
  Lr solver manager             :        0.1
  Column generator              :       17.5
    (Shortest path)             :       15.1
  Master problem                :       71.8
  -------------------
  Total (without b&b)           :       89.3

Real elapsed time (seconds)

  Parser                        :        0.0
  Preprocessor                  :        0.0
  Lr solver manager             :        0.1
  Column generator              :       17.4
    (Shortest path)             :       15.2
  Master problem                :       71.8
  -------------------
  Total (without b&b)           :       89.3
