
Branch and bound

  Entire solving process        :                           (Time     48.9)
  No feasible solution was found
  Best relaxation cost          :     38893.85 (Node     0) (Time     48.9)
  Lower bound after cuts        :     38893.85
  End lower bound               :     38893.85
  Deepest level reached         : 0
  Deepest real level reached    : 0
  Number of real nodes solved   : 1
  Stopping condition            : enough nodes explored

Problem identification

  Problem                       : <null>
  Machine                       : oslo3.gerad.lan

Solving process summary

  Linear relaxations            :        1
  Column generation iterations  :      120
  Shortest paths solved         :     2481
  Columns generated             :    23140

Instance characteristics

  Resources                     : 3
  Node types                    : no
  Arc types                     : no
  Strong resource windows       : no
  Weak resource windows         : no
  Resource windows (nodes)      : 3
  Resource values (arcs)        : 3
  Values on nodes               : no

  Rows                          : 695
  Initial columns               : 2
  Tasks                         : 533
  Strong tasks                  : 529
  Weak tasks                    : 4
  Initial task constraints      : no
  Nodes                         : 861
  Arc sets                      : 1
  Arcs                          : 14783
  Networks                      : 2
  Models                        : 1

Memory used per module (Megs)

  Parser (reused)               :      3.398
  Networks                      :     19.616
  Column generator              :      4.965
  Master problem                :      6.948
  -----------------
  Total                         :     31.529

Cpu time per module (seconds)

  Parser                        :        0.0
  Preprocessor                  :        0.0
  Lr solver manager             :        0.0
  Column generator              :        8.1
    (Shortest path)             :        6.8
  Master problem                :       40.8
  -------------------
  Total (without b&b)           :       48.9

Real elapsed time (seconds)

  Parser                        :        0.0
  Preprocessor                  :        0.0
  Lr solver manager             :        0.1
  Column generator              :        8.0
    (Shortest path)             :        6.7
  Master problem                :       40.9
  -------------------
  Total (without b&b)           :       48.9
