
Branch and bound

  Entire solving process        :                           (Time    139.6)
  No feasible solution was found
  Best relaxation cost          :     47497.39 (Node     0) (Time    139.6)
  Lower bound after cuts        :     47497.39
  End lower bound               :     47497.39
  Deepest level reached         : 0
  Deepest real level reached    : 0
  Number of real nodes solved   : 1
  Stopping condition            : enough nodes explored

Problem identification

  Problem                       : <null>
  Machine                       : oslo4.gerad.lan

Solving process summary

  Linear relaxations            :        1
  Column generation iterations  :      136
  Shortest paths solved         :     3299
  Columns generated             :    36334

Instance characteristics

  Resources                     : 3
  Node types                    : no
  Arc types                     : no
  Strong resource windows       : no
  Weak resource windows         : no
  Resource windows (nodes)      : 3
  Resource values (arcs)        : 3
  Values on nodes               : no

  Rows                          : 925
  Initial columns               : 2
  Tasks                         : 763
  Strong tasks                  : 759
  Weak tasks                    : 4
  Initial task constraints      : no
  Nodes                         : 1091
  Arc sets                      : 1
  Arcs                          : 27190
  Networks                      : 2
  Models                        : 1

Memory used per module (Megs)

  Parser (reused)               :      5.820
  Networks                      :     27.002
  Column generator              :      7.628
  Master problem                :      9.338
  -----------------
  Total                         :     43.968

Cpu time per module (seconds)

  Parser                        :        0.0
  Preprocessor                  :        0.0
  Lr solver manager             :        0.1
  Column generator              :       30.1
    (Shortest path)             :       26.7
  Master problem                :      109.3
  -------------------
  Total (without b&b)           :      139.6

Real elapsed time (seconds)

  Parser                        :        0.0
  Preprocessor                  :        0.0
  Lr solver manager             :        0.1
  Column generator              :       30.1
    (Shortest path)             :       26.4
  Master problem                :      109.3
  -------------------
  Total (without b&b)           :      139.6
