Cover_T0 52
Cover_T1 -52
Cover_T2 54
Cover_T3 -50
Cover_T4 54
Cover_T5 -50
Cover_T6 52
Cover_T7 -42
Cover_T8 60
Cover_T9 -42
Cover_T10 56
Cover_T11 -40
Cover_T12 50
Cover_T13 -34
Cover_T14 74
Cover_T15 -16
Cover_T16 58
Cover_T17 918
Cover_T18 928
Cover_T19 912
Cover_T20 912
Cover_T21 926
Cover_T22 72
Cover_T23 68
Cover_T24 44
Cover_T25 70
Cover_T26 20
Cover_T27 -24
Cover_T28 38
Cover_T29 0
Cover_T30 16
Cover_T31 42
Cover_T32 -1.93268e-12
Cover_T33 -12
Cover_T34 6
Cover_T35 0
Cover_T36 -24
Cover_T37 14
Cover_T38 -12
Cover_T39 52
Cover_T40 48
Cover_T41 16
Cover_T42 12
Cover_T43 52
Cover_T44 -24
Cover_T45 -20
Cover_T46 -2
Cover_T47 28
Cover_T48 2
Cover_T49 34
Cover_T50 0
Cover_T51 30
Cover_T52 0
Cover_T53 0
Cover_T54 20
Cover_T55 52
Cover_T56 4
Cover_T57 0
Cover_T58 24
Cover_T59 42
Cover_T60 -4
Cover_T61 46
Cover_T62 -18
Cover_T63 22
Cover_T64 -20
Cover_T65 44
Cover_T66 -26
Cover_T67 44
Cover_T68 10
Cover_T69 34
Cover_T70 0
Cover_T71 62
Cover_T72 0
Cover_T73 20
Cover_T74 -8
Cover_T75 62
Cover_T76 -10
Cover_T77 38
Cover_T78 -10
Cover_T79 50
Cover_T80 52
Cover_T81 -42
Cover_T82 64
Cover_T83 -40
Cover_T84 64
Cover_T85 -32
Cover_T86 56
Cover_T87 -24
Cover_T88 50
Cover_T89 924
Cover_T90 926
Cover_T91 924
Cover_T92 924
Cover_T93 936
Cover_T94 84
Cover_T95 72
Cover_T96 40
Cover_T97 80
Cover_T98 8
Cover_T99 -16
Cover_T100 32
Cover_T101 0
Cover_T102 20
Cover_T103 -26
Cover_T104 -16
Cover_T105 -16
Cover_T106 50
Cover_T107 20
Cover_T108 46
Cover_T109 0
Cover_T110 34
Cover_T111 8
Cover_T112 0
Cover_T113 48
Cover_T114 52
Cover_T115 36
Cover_T116 -8
Cover_T117 -12
Cover_T118 2
Cover_T119 24
Cover_T120 -34
Cover_T121 2
Cover_T122 -6
Cover_T123 42
Cover_T124 16
Cover_T125 38
Cover_T126 16
Cover_T127 48
Cover_T128 36
Cover_T129 36
Cover_T130 0
Cover_T131 38
Cover_T132 -4
Cover_T133 -4
Cover_T134 -12
Cover_T135 24
Cover_T136 -6
Cover_T137 28
Cover_T138 -16
Cover_T139 48
Cover_T140 10
Cover_T141 62
Cover_T142 1.53264e-11
Cover_T143 18
Cover_T144 -8
Cover_T145 8
Cover_T146 -8
Cover_T147 14
Cover_T148 -30
Cover_T149 38
Cover_T150 -8
Cover_T151 54
Cover_T152 -8
Cover_T153 54
Cover_T154 -14
Cover_T155 64
Cover_T156 -18
Cover_T157 56
Cover_T158 -22
Cover_T159 82
Cover_T160 -22
Cover_T161 64
Cover_T162 -34
Cover_T163 66
Cover_T164 928
Cover_T165 928
Cover_T166 924
Cover_T167 922
Cover_T168 936
Cover_T169 1016
Cover_T170 60
Cover_T171 36
Cover_T172 64
Cover_T173 72
Cover_T174 -36
Cover_T175 52
Cover_T176 -4
Cover_T177 26
Cover_T178 8
Cover_T179 -18
Cover_T180 -22
Cover_T181 52
Cover_T182 -16
Cover_T183 52
Cover_T184 16
Cover_T185 20
Cover_T186 48
Cover_T187 12
Cover_T188 -22
Cover_T189 52
Cover_T190 -22
Cover_T191 20
Cover_T192 0
Cover_T193 40
Cover_T194 -10
Cover_T195 -12
Cover_T196 38
Cover_T197 -20
Cover_T198 50
Cover_T199 -14
Cover_T200 14
Cover_T201 2
Cover_T202 8
Cover_T203 12
Cover_T204 68
Cover_T205 24
Cover_T206 34
Cover_T207 4
Cover_T208 10
Cover_T209 0
Cover_T210 40
Cover_T211 28
Cover_T212 12
Cover_T213 1.92646e-11
Cover_T214 52
Cover_T215 36
Cover_T216 24
Cover_T217 28
Cover_T218 40
Cover_T219 16
Cover_T220 16
Cover_T221 0
Cover_T222 38
Cover_T223 -40
Cover_T224 34
Cover_T225 -2
Cover_T226 42
Cover_T227 10
Cover_T228 66
Cover_T229 0
Cover_T230 28
Cover_T231 -8
Cover_T232 28
Cover_T233 -8
Cover_T234 18
Cover_T235 -40
Cover_T236 52
Cover_T237 -8
Cover_T238 32
Cover_T239 -24
Cover_T240 62
Cover_T241 -10
Cover_T242 76
Cover_T243 -22
Cover_T244 64
Cover_T245 14
Cover_T246 12
Cover_T247 968
Cover_T248 904
Cover_T249 976
Cover_T250 1034
Cover_T251 992
Cover_T252 62
Cover_T253 88
Cover_T254 0
Cover_T255 -16
Cover_T256 60
Cover_T257 20
Cover_T258 24
Cover_T259 68
Cover_T260 0
Cover_T261 0
Cover_T262 36
Cover_T263 36
Cover_T264 0
Cover_T265 68
Cover_T266 74
Cover_T267 0
Cover_T268 66
Cover_T269 34
Cover_T270 34
Cover_T271 54
Count_D0 -984
Count_D1 -1000
Max_H0_P0 0
Max_H0_P1 0
Max_H0_P2 0
Max_H0_P3 0
Max_H0_P4 0
Max_H0_P5 0
Max_H0_P6 0
Max_H0_P7 0
Max_H0_P8 0
Max_H0_P9 0
Max_H0_P10 0
Max_H0_P11 0
Max_H0_P12 0
Max_H0_P13 0
Max_H0_P14 0
Max_H0_P15 0
Max_H0_P16 0
Max_H0_P17 0
Max_H0_P18 0
Max_H0_P19 0
Max_H0_P20 0
Max_H0_P21 0
Max_H0_P22 0
Max_H0_P23 0
Max_H0_P24 0
Max_H0_P25 0
Max_H0_P26 0
Max_H0_P27 0
Max_H0_P28 5.00933e-13
Max_H0_P29 0
Max_H0_P30 0
Max_H0_P31 0
Max_H0_P32 0
Max_H0_P33 0
Max_H0_P34 0
Max_H0_P35 0
Max_H0_P36 0
Max_H0_P37 0
Max_H0_P38 0
Max_H0_P39 0
Max_H0_P40 0
Max_H0_P41 0
Max_H0_P42 0
Max_H0_P43 0
Max_H0_P44 0
Max_H0_P45 0
Max_H0_P46 0
Max_H0_P47 0
Max_H0_P48 0
Max_H0_P49 0
Max_H0_P50 0
Max_H0_P51 0
Max_H0_P52 0
Max_H0_P53 0
Max_H0_P54 0
Max_H0_P55 0
Max_H0_P56 0
Max_H0_P57 0
Max_H0_P58 0
Max_H0_P59 0
Max_H0_P60 0
Max_H0_P61 0
Max_H0_P62 0
Max_H0_P63 0
Max_H0_P64 0
Max_H0_P65 0
Max_H0_P66 0
Max_H0_P67 0
Max_H0_P68 0
Max_H0_P69 0
Max_H0_P70 0
Max_H0_P71 0
Max_H0_P72 0
Max_H0_P73 0
Max_H0_P74 0
Max_H0_P75 0
Max_H0_P76 0
Max_H0_P77 0
Max_H0_P78 0
Max_H0_P79 0
Max_H0_P80 0
Max_H0_P81 0
Max_H1_P0 0
Max_H1_P1 0
Max_H1_P2 0
Max_H1_P3 0
Max_H1_P4 0
Max_H1_P5 0
Max_H1_P6 0
Max_H1_P7 0
Max_H1_P8 0
Max_H1_P9 0
Max_H1_P10 0
Max_H1_P11 0
Max_H1_P12 0
Max_H1_P13 0
Max_H1_P14 0
Max_H1_P15 0
Max_H1_P16 0
Max_H1_P17 -1.68754e-12
Max_H1_P18 0
Max_H1_P19 0
Max_H1_P20 0
Max_H1_P21 -5.33288e-13
Max_H1_P22 -5.20866e-12
Max_H1_P23 0
Max_H1_P24 3.54028e-12
Max_H1_P25 0
Max_H1_P26 0
Max_H1_P27 -2.00018e-12
Max_H1_P28 0
Max_H1_P29 0
Max_H1_P30 0
Max_H1_P31 -4.28102e-13
Max_H1_P32 2.85283e-12
Max_H1_P33 0
Max_H1_P34 -6.72478e-15
Max_H1_P35 0
Max_H1_P36 0
Max_H1_P37 0
Max_H1_P38 7.63833e-13
Max_H1_P39 0
Max_H1_P40 0
Max_H1_P41 0
Max_H1_P42 0
Max_H1_P43 0
Max_H1_P44 0
Max_H1_P45 0
Max_H1_P46 0
Max_H1_P47 0
Max_H1_P48 0
Max_H1_P49 0
Max_H1_P50 0
Max_H1_P51 0
Max_H1_P52 0
Max_H1_P53 0
Max_H1_P54 0
Max_H1_P55 0
Max_H1_P56 0
Max_H1_P57 0
Max_H1_P58 0
Max_H1_P59 0
Max_H1_P60 0
Max_H1_P61 0
Max_H1_P62 0
Max_H1_P63 7.24754e-13
Max_H1_P64 0
Max_H1_P65 0
Max_H1_P66 0
Max_H1_P67 0
Max_H1_P68 0
Max_H1_P69 0
Max_H1_P70 0
Max_H1_P71 0
Max_H1_P72 0
Max_H1_P73 0
Max_H1_P74 0
Max_H1_P75 0
Max_H1_P76 0
Max_H1_P77 0
Max_H1_P78 0
Max_H1_P79 0
Max_H1_P80 0
Max_H1_P81 0
