
Branch and bound

  Entire solving process        :                           (Time     81.2)
  No feasible solution was found
  Best relaxation cost          :     51526.14 (Node     0) (Time     81.2)
  Lower bound after cuts        :     51526.14
  End lower bound               :     51526.14
  Deepest level reached         : 0
  Deepest real level reached    : 0
  Number of real nodes solved   : 1
  Stopping condition            : enough nodes explored

Problem identification

  Problem                       : <null>
  Machine                       : oslo1.gerad.lan

Solving process summary

  Linear relaxations            :        1
  Column generation iterations  :      116
  Shortest paths solved         :     7567
  Columns generated             :    44582

Instance characteristics

  Resources                     : 3
  Node types                    : no
  Arc types                     : no
  Strong resource windows       : no
  Weak resource windows         : no
  Resource windows (nodes)      : 3
  Resource values (arcs)        : 3
  Values on nodes               : no

  Rows                          : 833
  Initial columns               : 370
  Tasks                         : 671
  Strong tasks                  : 460
  Weak tasks                    : 4
  Initial task constraints      : no
  Nodes                         : 999
  Arc sets                      : 1
  Arcs                          : 22195
  Networks                      : 2
  Models                        : 1

Memory used per module (Megs)

  Parser (reused)               :      4.851
  Networks                      :     27.002
  Column generator              :      7.750
  Master problem                :      7.810
  -----------------
  Total                         :     42.562

Cpu time per module (seconds)

  Parser                        :        0.0
  Preprocessor                  :        0.0
  Lr solver manager             :        0.1
  Column generator              :       32.9
    (Shortest path)             :       28.3
  Master problem                :       48.2
  -------------------
  Total (without b&b)           :       81.2

Real elapsed time (seconds)

  Parser                        :        0.0
  Preprocessor                  :        0.0
  Lr solver manager             :        0.1
  Column generator              :       32.8
    (Shortest path)             :       28.1
  Master problem                :       48.3
  -------------------
  Total (without b&b)           :       81.2
