
Branch and bound

  Entire solving process        :                           (Time     43.7)
  No feasible solution was found
  Best relaxation cost          :     33145.96 (Node     0) (Time     43.7)
  Lower bound after cuts        :     33145.96
  End lower bound               :     33145.96
  Deepest level reached         : 0
  Deepest real level reached    : 0
  Number of real nodes solved   : 1
  Stopping condition            : enough nodes explored

Problem identification

  Problem                       : <null>
  Machine                       : oslo4.gerad.lan

Solving process summary

  Linear relaxations            :        1
  Column generation iterations  :      105
  Shortest paths solved         :     4583
  Columns generated             :    31558

Instance characteristics

  Resources                     : 3
  Node types                    : no
  Arc types                     : no
  Strong resource windows       : no
  Weak resource windows         : no
  Resource windows (nodes)      : 3
  Resource values (arcs)        : 3
  Values on nodes               : no

  Rows                          : 693
  Initial columns               : 286
  Tasks                         : 531
  Strong tasks                  : 365
  Weak tasks                    : 4
  Initial task constraints      : no
  Nodes                         : 859
  Arc sets                      : 1
  Arcs                          : 14754
  Networks                      : 2
  Models                        : 1

Memory used per module (Megs)

  Parser (reused)               :      3.398
  Networks                      :     21.553
  Column generator              :      5.570
  Master problem                :      7.417
  -----------------
  Total                         :     34.540

Cpu time per module (seconds)

  Parser                        :        0.0
  Preprocessor                  :        0.0
  Lr solver manager             :        0.1
  Column generator              :       11.7
    (Shortest path)             :        9.9
  Master problem                :       31.9
  -------------------
  Total (without b&b)           :       43.6

Real elapsed time (seconds)

  Parser                        :        0.0
  Preprocessor                  :        0.0
  Lr solver manager             :        0.0
  Column generator              :       11.7
    (Shortest path)             :        9.9
  Master problem                :       31.9
  -------------------
  Total (without b&b)           :       43.7
