
Branch and bound

  Entire solving process        :                           (Time     49.0)
  No feasible solution was found
  Best relaxation cost          :     34137.97 (Node     0) (Time     49.0)
  Lower bound after cuts        :     34137.97
  End lower bound               :     34137.97
  Deepest level reached         : 0
  Deepest real level reached    : 0
  Number of real nodes solved   : 1
  Stopping condition            : enough nodes explored

Problem identification

  Problem                       : <null>
  Machine                       : oslo5.gerad.lan

Solving process summary

  Linear relaxations            :        1
  Column generation iterations  :      121
  Shortest paths solved         :     2424
  Columns generated             :    22321

Instance characteristics

  Resources                     : 3
  Node types                    : no
  Arc types                     : no
  Strong resource windows       : no
  Weak resource windows         : no
  Resource windows (nodes)      : 3
  Resource values (arcs)        : 3
  Values on nodes               : no

  Rows                          : 693
  Initial columns               : 2
  Tasks                         : 531
  Strong tasks                  : 527
  Weak tasks                    : 4
  Initial task constraints      : no
  Nodes                         : 859
  Arc sets                      : 1
  Arcs                          : 14754
  Networks                      : 2
  Models                        : 1

Memory used per module (Megs)

  Parser (reused)               :      3.277
  Networks                      :     19.374
  Column generator              :      6.054
  Master problem                :      7.145
  -----------------
  Total                         :     32.573

Cpu time per module (seconds)

  Parser                        :        0.0
  Preprocessor                  :        0.0
  Lr solver manager             :        0.0
  Column generator              :        8.6
    (Shortest path)             :        7.7
  Master problem                :       40.4
  -------------------
  Total (without b&b)           :       49.0

Real elapsed time (seconds)

  Parser                        :        0.0
  Preprocessor                  :        0.0
  Lr solver manager             :        0.1
  Column generator              :        8.6
    (Shortest path)             :        7.5
  Master problem                :       40.3
  -------------------
  Total (without b&b)           :       49.0
