
Branch and bound

  Entire solving process        :                           (Time    410.3)
  No feasible solution was found
  Best relaxation cost          :     46071.33 (Node     0) (Time    410.3)
  Lower bound after cuts        :     46071.33
  End lower bound               :     46071.33
  Deepest level reached         : 0
  Deepest real level reached    : 0
  Number of real nodes solved   : 1
  Stopping condition            : enough nodes explored

Problem identification

  Problem                       : <null>
  Machine                       : oslo2.gerad.lan

Solving process summary

  Linear relaxations            :        1
  Column generation iterations  :      194
  Shortest paths solved         :     3970
  Columns generated             :    43751

Instance characteristics

  Resources                     : 3
  Node types                    : no
  Arc types                     : no
  Strong resource windows       : no
  Weak resource windows         : no
  Resource windows (nodes)      : 3
  Resource values (arcs)        : 3
  Values on nodes               : no

  Rows                          : 936
  Initial columns               : 2
  Tasks                         : 774
  Strong tasks                  : 770
  Weak tasks                    : 4
  Initial task constraints      : no
  Nodes                         : 1102
  Arc sets                      : 1
  Arcs                          : 27828
  Networks                      : 2
  Models                        : 1

Memory used per module (Megs)

  Parser (reused)               :      5.941
  Networks                      :     27.729
  Column generator              :      6.418
  Master problem                :      9.345
  -----------------
  Total                         :     43.491

Cpu time per module (seconds)

  Parser                        :        0.0
  Preprocessor                  :        0.0
  Lr solver manager             :        0.1
  Column generator              :       40.5
    (Shortest path)             :       35.8
  Master problem                :      369.7
  -------------------
  Total (without b&b)           :      410.3

Real elapsed time (seconds)

  Parser                        :        0.0
  Preprocessor                  :        0.0
  Lr solver manager             :        0.1
  Column generator              :       40.7
    (Shortest path)             :       36.0
  Master problem                :      370.0
  -------------------
  Total (without b&b)           :      410.9
