
Branch and bound

  Entire solving process        :                           (Time    172.8)
  No feasible solution was found
  Best relaxation cost          :     45885.21 (Node     0) (Time    172.8)
  Lower bound after cuts        :     45885.21
  End lower bound               :     45885.21
  Deepest level reached         : 0
  Deepest real level reached    : 0
  Number of real nodes solved   : 1
  Stopping condition            : enough nodes explored

Problem identification

  Problem                       : <null>
  Machine                       : oslo3.gerad.lan

Solving process summary

  Linear relaxations            :        1
  Column generation iterations  :      125
  Shortest paths solved         :     6961
  Columns generated             :    48495

Instance characteristics

  Resources                     : 3
  Node types                    : no
  Arc types                     : no
  Strong resource windows       : no
  Weak resource windows         : no
  Resource windows (nodes)      : 3
  Resource values (arcs)        : 3
  Values on nodes               : no

  Rows                          : 936
  Initial columns               : 361
  Tasks                         : 774
  Strong tasks                  : 566
  Weak tasks                    : 4
  Initial task constraints      : no
  Nodes                         : 1102
  Arc sets                      : 1
  Arcs                          : 27828
  Networks                      : 2
  Models                        : 1

Memory used per module (Megs)

  Parser (reused)               :      5.941
  Networks                      :     29.303
  Column generator              :      5.449
  Master problem                :      9.398
  -----------------
  Total                         :     44.150

Cpu time per module (seconds)

  Parser                        :        0.0
  Preprocessor                  :        0.0
  Lr solver manager             :        0.1
  Column generator              :       44.7
    (Shortest path)             :       37.1
  Master problem                :      128.0
  -------------------
  Total (without b&b)           :      172.8

Real elapsed time (seconds)

  Parser                        :        0.0
  Preprocessor                  :        0.0
  Lr solver manager             :        0.1
  Column generator              :       44.7
    (Shortest path)             :       37.7
  Master problem                :      128.0
  -------------------
  Total (without b&b)           :      172.8
