
Branch and bound

  Entire solving process        :                           (Time     42.7)
  No feasible solution was found
  Best relaxation cost          :     37217.79 (Node     0) (Time     42.7)
  Lower bound after cuts        :     37217.79
  End lower bound               :     37217.79
  Deepest level reached         : 0
  Deepest real level reached    : 0
  Number of real nodes solved   : 1
  Stopping condition            : enough nodes explored

Problem identification

  Problem                       : <null>
  Machine                       : oslo5.gerad.lan

Solving process summary

  Linear relaxations            :        1
  Column generation iterations  :      109
  Shortest paths solved         :     5279
  Columns generated             :    35475

Instance characteristics

  Resources                     : 3
  Node types                    : no
  Arc types                     : no
  Strong resource windows       : no
  Weak resource windows         : no
  Resource windows (nodes)      : 3
  Resource values (arcs)        : 3
  Values on nodes               : no

  Rows                          : 695
  Initial columns               : 318
  Tasks                         : 533
  Strong tasks                  : 352
  Weak tasks                    : 4
  Initial task constraints      : no
  Nodes                         : 861
  Arc sets                      : 1
  Arcs                          : 14709
  Networks                      : 2
  Models                        : 1

Memory used per module (Megs)

  Parser (reused)               :      3.398
  Networks                      :     21.553
  Column generator              :      2.664
  Master problem                :      7.047
  -----------------
  Total                         :     31.264

Cpu time per module (seconds)

  Parser                        :        0.0
  Preprocessor                  :        0.0
  Lr solver manager             :        0.1
  Column generator              :       11.1
    (Shortest path)             :        9.2
  Master problem                :       31.5
  -------------------
  Total (without b&b)           :       42.7

Real elapsed time (seconds)

  Parser                        :        0.0
  Preprocessor                  :        0.0
  Lr solver manager             :        0.0
  Column generator              :       11.1
    (Shortest path)             :        9.5
  Master problem                :       31.5
  -------------------
  Total (without b&b)           :       42.7
