
Branch and bound

  Entire solving process        :                           (Time   1826.3)
  No feasible solution was found
  Best relaxation cost          :     59220.42 (Node     0) (Time   1826.3)
  Lower bound after cuts        :     59220.42
  End lower bound               :     59220.42
  Deepest level reached         : 0
  Deepest real level reached    : 0
  Number of real nodes solved   : 1
  Stopping condition            : enough nodes explored

Problem identification

  Problem                       : <null>
  Machine                       : oslo3.gerad.lan

Solving process summary

  Linear relaxations            :        1
  Column generation iterations  :      243
  Shortest paths solved         :     5625
  Columns generated             :    68616

Instance characteristics

  Resources                     : 3
  Node types                    : no
  Arc types                     : no
  Strong resource windows       : no
  Weak resource windows         : no
  Resource windows (nodes)      : 3
  Resource values (arcs)        : 3
  Values on nodes               : no

  Rows                          : 1194
  Initial columns               : 2
  Tasks                         : 1032
  Strong tasks                  : 1028
  Weak tasks                    : 4
  Initial task constraints      : no
  Nodes                         : 1360
  Arc sets                      : 1
  Arcs                          : 46118
  Networks                      : 2
  Models                        : 1

Memory used per module (Megs)

  Parser (reused)               :      9.452
  Networks                      :     36.689
  Column generator              :     20.464
  Master problem                :     11.840
  -----------------
  Total                         :     68.993

Cpu time per module (seconds)

  Parser                        :        0.0
  Preprocessor                  :        0.0
  Lr solver manager             :        0.1
  Column generator              :      226.3
    (Shortest path)             :      208.7
  Master problem                :     1599.8
  -------------------
  Total (without b&b)           :     1826.3

Real elapsed time (seconds)

  Parser                        :        0.0
  Preprocessor                  :        0.0
  Lr solver manager             :        0.1
  Column generator              :      226.4
    (Shortest path)             :      208.2
  Master problem                :     1599.8
  -------------------
  Total (without b&b)           :     1826.3
