Cover_T0 52
Cover_T1 -52
Cover_T2 52
Cover_T3 -52
Cover_T4 52
Cover_T5 -52
Cover_T6 52
Cover_T7 -52
Cover_T8 52
Cover_T9 -52
Cover_T10 54
Cover_T11 -52
Cover_T12 54
Cover_T13 -50
Cover_T14 54
Cover_T15 -50
Cover_T16 54
Cover_T17 -50
Cover_T18 60
Cover_T19 -50
Cover_T20 60
Cover_T21 -42
Cover_T22 60
Cover_T23 -42
Cover_T24 62
Cover_T25 -40
Cover_T26 62
Cover_T27 -34
Cover_T28 60
Cover_T29 -34
Cover_T30 60
Cover_T31 -34
Cover_T32 60
Cover_T33 -30
Cover_T34 60
Cover_T35 -24
Cover_T36 52
Cover_T37 -3.12517e-10
Cover_T38 52
Cover_T39 -16
Cover_T40 46
Cover_T41 920
Cover_T42 1000
Cover_T43 946
Cover_T44 1030
Cover_T45 930
Cover_T46 990
Cover_T47 958
Cover_T48 1026
Cover_T49 956
Cover_T50 86
Cover_T51 2
Cover_T52 64
Cover_T53 -28
Cover_T54 64
Cover_T55 -12
Cover_T56 22
Cover_T57 -32
Cover_T58 6
Cover_T59 -28
Cover_T60 6
Cover_T61 -32
Cover_T62 1.81452e-10
Cover_T63 -16
Cover_T64 -6
Cover_T65 -4
Cover_T66 -8.9551e-11
Cover_T67 12
Cover_T68 2
Cover_T69 12
Cover_T70 6
Cover_T71 6
Cover_T72 2
Cover_T73 4
Cover_T74 34
Cover_T75 6
Cover_T76 14
Cover_T77 2
Cover_T78 6
Cover_T79 6
Cover_T80 6
Cover_T81 -26
Cover_T82 6
Cover_T83 -6
Cover_T84 6
Cover_T85 2
Cover_T86 6
Cover_T87 2
Cover_T88 2
Cover_T89 2
Cover_T90 6
Cover_T91 2
Cover_T92 6
Cover_T93 2
Cover_T94 6
Cover_T95 6
Cover_T96 2
Cover_T97 2
Cover_T98 6
Cover_T99 2
Cover_T100 6
Cover_T101 2
Cover_T102 42
Cover_T103 6
Cover_T104 22
Cover_T105 2
Cover_T106 2
Cover_T107 2
Cover_T108 6
Cover_T109 -34
Cover_T110 6
Cover_T111 -14
Cover_T112 6
Cover_T113 6
Cover_T114 6
Cover_T115 2
Cover_T116 8
Cover_T117 2
Cover_T118 6
Cover_T119 2
Cover_T120 6
Cover_T121 2
Cover_T122 -14
Cover_T123 0
Cover_T124 -34
Cover_T125 2
Cover_T126 -6
Cover_T127 2
Cover_T128 -26
Cover_T129 20
Cover_T130 -42
Cover_T131 36
Cover_T132 -4
Cover_T133 52
Cover_T134 0
Cover_T135 20
Cover_T136 12
Cover_T137 36
Cover_T138 -4
Cover_T139 52
Cover_T140 -7.06869e-10
Cover_T141 14
Cover_T142 0
Cover_T143 10
Cover_T144 4
Cover_T145 -8.4319e-10
Cover_T146 10
Cover_T147 8
Cover_T148 -2
Cover_T149 6
Cover_T150 -2
Cover_T151 8
Cover_T152 -30
Cover_T153 24
Cover_T154 20
Cover_T155 40
Cover_T156 0
Cover_T157 36
Cover_T158 32
Cover_T159 40
Cover_T160 24
Cover_T161 60
Cover_T162 22
Cover_T163 16
Cover_T164 0
Cover_T165 32
Cover_T166 18
Cover_T167 12
Cover_T168 22
Cover_T169 10
Cover_T170 -6.82596e-10
Cover_T171 30
Cover_T172 -1.85132e-11
Cover_T173 20
Cover_T174 4
Cover_T175 8
Cover_T176 0
Cover_T177 28
Cover_T178 -16
Cover_T179 28
Cover_T180 -42
Cover_T181 16
Cover_T182 1.75201e-09
Cover_T183 32
Cover_T184 -16
Cover_T185 28
Cover_T186 -1.08383e-09
Cover_T187 46
Cover_T188 -6
Cover_T189 62
Cover_T190 -6
Cover_T191 22
Cover_T192 -8
Cover_T193 38
Cover_T194 -12
Cover_T195 14
Cover_T196 -10
Cover_T197 18
Cover_T198 -20
Cover_T199 34
Cover_T200 -26
Cover_T201 38
Cover_T202 -28
Cover_T203 36
Cover_T204 -14
Cover_T205 36
Cover_T206 -30
Cover_T207 38
Cover_T208 -12
Cover_T209 28
Cover_T210 -22
Cover_T211 26
Cover_T212 -40
Cover_T213 56
Cover_T214 -14
Cover_T215 68
Cover_T216 -16
Cover_T217 42
Cover_T218 -14
Cover_T219 56
Cover_T220 -24
Cover_T221 76
Cover_T222 -24
Cover_T223 48
Cover_T224 -32
Cover_T225 58
Cover_T226 -32
Cover_T227 56
Cover_T228 -36
Cover_T229 56
Cover_T230 -44
Cover_T231 56
Cover_T232 52
Cover_T233 -52
Cover_T234 54
Cover_T235 -50
Cover_T236 62
Cover_T237 -48
Cover_T238 58
Cover_T239 -44
Cover_T240 60
Cover_T241 -42
Cover_T242 56
Cover_T243 -34
Cover_T244 58
Cover_T245 -34
Cover_T246 58
Cover_T247 -32
Cover_T248 56
Cover_T249 -34
Cover_T250 48
Cover_T251 -28
Cover_T252 48
Cover_T253 -4
Cover_T254 42
Cover_T255 -20
Cover_T256 44
Cover_T257 916
Cover_T258 996
Cover_T259 942
Cover_T260 1002
Cover_T261 926
Cover_T262 1002
Cover_T263 954
Cover_T264 86
Cover_T265 1.10008e-10
Cover_T266 56
Cover_T267 -30
Cover_T268 76
Cover_T269 -10
Cover_T270 30
Cover_T271 -38
Cover_T272 2
Cover_T273 -38
Cover_T274 0
Cover_T275 -18
Cover_T276 6
Cover_T277 -2
Cover_T278 0
Cover_T279 -3.5805e-10
Cover_T280 6.88156e-11
Cover_T281 0
Cover_T282 -8
Cover_T283 6
Cover_T284 0
Cover_T285 0
Cover_T286 0
Cover_T287 -2
Cover_T288 36
Cover_T289 14
Cover_T290 20
Cover_T291 6
Cover_T292 4
Cover_T293 6
Cover_T294 1.86947e-10
Cover_T295 -28
Cover_T296 9.67561e-10
Cover_T297 -8
Cover_T298 9.47226e-11
Cover_T299 -1.35621e-10
Cover_T300 0
Cover_T301 0
Cover_T302 0
Cover_T303 0
Cover_T304 -4
Cover_T305 2.46941e-10
Cover_T306 0
Cover_T307 1.3581e-10
Cover_T308 0
Cover_T309 4
Cover_T310 -1.65464e-10
Cover_T311 7.06468e-11
Cover_T312 -4
Cover_T313 -1.33261e-10
Cover_T314 0
Cover_T315 2.00728e-13
Cover_T316 -3.37574e-11
Cover_T317 4
Cover_T318 36
Cover_T319 1.8062e-10
Cover_T320 16
Cover_T321 0
Cover_T322 -4
Cover_T323 -36
Cover_T324 0
Cover_T325 -16
Cover_T326 0
Cover_T327 4
Cover_T328 0
Cover_T329 -1.94714e-10
Cover_T330 2.86231e-10
Cover_T331 1.5793e-10
Cover_T332 2
Cover_T333 9.26508e-11
Cover_T334 1.35737e-10
Cover_T335 0
Cover_T336 -2.92448e-10
Cover_T337 -2
Cover_T338 -20
Cover_T339 0
Cover_T340 -40
Cover_T341 2.21348e-10
Cover_T342 -12
Cover_T343 20
Cover_T344 -32
Cover_T345 40
Cover_T346 -52
Cover_T347 12
Cover_T348 2
Cover_T349 32
Cover_T350 10
Cover_T351 52
Cover_T352 0
Cover_T353 -2
Cover_T354 6
Cover_T355 -12
Cover_T356 0
Cover_T357 4
Cover_T358 0
Cover_T359 0
Cover_T360 18
Cover_T361 6
Cover_T362 2
Cover_T363 12
Cover_T364 2
Cover_T365 14
Cover_T366 -14
Cover_T367 -4
Cover_T368 -2
Cover_T369 20
Cover_T370 -24
Cover_T371 36
Cover_T372 10
Cover_T373 32
Cover_T374 30
Cover_T375 70
Cover_T376 18
Cover_T377 32
Cover_T378 26
Cover_T379 0
Cover_T380 6
Cover_T381 2
Cover_T382 8
Cover_T383 22
Cover_T384 0
Cover_T385 6
Cover_T386 4
Cover_T387 22
Cover_T388 14
Cover_T389 18
Cover_T390 -4
Cover_T391 28
Cover_T392 -4
Cover_T393 24
Cover_T394 -32
Cover_T395 26
Cover_T396 -4
Cover_T397 32
Cover_T398 -6
Cover_T399 64
Cover_T400 -8
Cover_T401 36
Cover_T402 -10
Cover_T403 16
Cover_T404 -10
Cover_T405 22
Cover_T406 -10
Cover_T407 16
Cover_T408 -18
Cover_T409 14
Cover_T410 -12
Cover_T411 18
Cover_T412 -28
Cover_T413 18
Cover_T414 -12
Cover_T415 26
Cover_T416 -28
Cover_T417 20
Cover_T418 -20
Cover_T419 40
Cover_T420 -14
Cover_T421 30
Cover_T422 -34
Cover_T423 22
Cover_T424 -12
Cover_T425 16
Cover_T426 -22
Cover_T427 44
Cover_T428 -42
Cover_T429 62
Cover_T430 -12
Cover_T431 38
Cover_T432 -20
Cover_T433 38
Cover_T434 -38
Cover_T435 66
Cover_T436 -16
Cover_T437 34
Cover_T438 -20
Cover_T439 48
Cover_T440 -14
Cover_T441 66
Cover_T442 -28
Cover_T443 46
Cover_T444 -24
Cover_T445 50
Cover_T446 -36
Cover_T447 46
Cover_T448 -36
Cover_T449 56
Cover_T450 -36
Cover_T451 52
Cover_T452 -40
Cover_T453 66
Cover_T454 -36
Cover_T455 62
Cover_T456 -44
Cover_T457 54
Cover_T458 -44
Cover_T459 58
Cover_T460 -36
Cover_T461 58
Cover_T462 -36
Cover_T463 56
Cover_T464 -30
Cover_T465 56
Cover_T466 -30
Cover_T467 56
Cover_T468 -28
Cover_T469 56
Cover_T470 -4
Cover_T471 48
Cover_T472 -20
Cover_T473 50
Cover_T474 916
Cover_T475 998
Cover_T476 942
Cover_T477 1032
Cover_T478 926
Cover_T479 1022
Cover_T480 924
Cover_T481 1010
Cover_T482 956
Cover_T483 1006
Cover_T484 940
Cover_T485 1018
Cover_T486 938
Cover_T487 1018
Cover_T488 956
Cover_T489 86
Cover_T490 0
Cover_T491 44
Cover_T492 -34
Cover_T493 48
Cover_T494 -18
Cover_T495 2
Cover_T496 -34
Cover_T497 4
Cover_T498 -26
Cover_T499 12
Cover_T500 -26
Cover_T501 4
Cover_T502 -10
Cover_T503 2
Cover_T504 10
Cover_T505 6
Cover_T506 10
Cover_T507 6
Cover_T508 0
Cover_T509 42
Cover_T510 2
Cover_T511 26
Cover_T512 0
Cover_T513 10
Cover_T514 8
Cover_T515 6
Cover_T516 -5.85893e-11
Cover_T517 10
Cover_T518 -4.94822e-11
Cover_T519 6
Cover_T520 -36
Cover_T521 -2
Cover_T522 -20
Cover_T523 2
Cover_T524 -4
Cover_T525 6
Cover_T526 0
Cover_T527 6
Cover_T528 -4
Cover_T529 0
Cover_T530 0
Cover_T531 -2
Cover_T532 8
Cover_T533 2
Cover_T534 4
Cover_T535 6
Cover_T536 3.47784e-11
Cover_T537 6
Cover_T538 0
Cover_T539 0
Cover_T540 6
Cover_T541 -2
Cover_T542 8
Cover_T543 2
Cover_T544 4
Cover_T545 42
Cover_T546 0
Cover_T547 26
Cover_T548 0
Cover_T549 10
Cover_T550 6
Cover_T551 0
Cover_T552 12
Cover_T553 0
Cover_T554 12
Cover_T555 0
Cover_T556 -24
Cover_T557 8
Cover_T558 -4
Cover_T559 0
Cover_T560 8
Cover_T561 0
Cover_T562 8
Cover_T563 0
Cover_T564 8
Cover_T565 -4
Cover_T566 0
Cover_T567 -24
Cover_T568 8
Cover_T569 -44
Cover_T570 8
Cover_T571 -16
Cover_T572 8
Cover_T573 -36
Cover_T574 12
Cover_T575 0
Cover_T576 28
Cover_T577 4
Cover_T578 44
Cover_T579 16
Cover_T580 12
Cover_T581 -6.73098e-10
Cover_T582 28
Cover_T583 4
Cover_T584 44
Cover_T585 4
Cover_T586 6
Cover_T587 -2
Cover_T588 2
Cover_T589 -2
Cover_T590 -10
Cover_T591 16
Cover_T592 10
Cover_T593 0
Cover_T594 6
Cover_T595 -1.14319e-09
Cover_T596 8
Cover_T597 -16
Cover_T598 16
Cover_T599 -4
Cover_T600 22
Cover_T601 -20
Cover_T602 2
Cover_T603 -36
Cover_T604 20
Cover_T605 16
Cover_T606 26
Cover_T607 0
Cover_T608 44
Cover_T609 30
Cover_T610 38
Cover_T611 34
Cover_T612 54
Cover_T613 18
Cover_T614 74
Cover_T615 34
Cover_T616 20
Cover_T617 14
Cover_T618 44
Cover_T619 24
Cover_T620 12
Cover_T621 8
Cover_T622 10
Cover_T623 0
Cover_T624 4
Cover_T625 8
Cover_T626 16
Cover_T627 4
Cover_T628 18
Cover_T629 -16
Cover_T630 30
Cover_T631 -36
Cover_T632 30
Cover_T633 -6
Cover_T634 18
Cover_T635 -22
Cover_T636 18
Cover_T637 -6.90328e-11
Cover_T638 32
Cover_T639 -6
Cover_T640 48
Cover_T641 -6
Cover_T642 64
Cover_T643 -8
Cover_T644 24
Cover_T645 -10
Cover_T646 40
Cover_T647 -10
Cover_T648 20
Cover_T649 -14
Cover_T650 12
Cover_T651 -12
Cover_T652 16
Cover_T653 -12
Cover_T654 28
Cover_T655 -14
Cover_T656 30
Cover_T657 -34
Cover_T658 18
Cover_T659 -12
Cover_T660 38
Cover_T661 -20
Cover_T662 38
Cover_T663 -40
Cover_T664 30
Cover_T665 -14
Cover_T666 50
Cover_T667 -32
Cover_T668 48
Cover_T669 -22
Cover_T670 68
Cover_T671 -16
Cover_T672 44
Cover_T673 -14
Cover_T674 76
Cover_T675 -28
Cover_T676 56
Cover_T677 -24
Cover_T678 56
Cover_T679 -32
Cover_T680 60
Cover_T681 -36
Cover_T682 68
Cover_T683 -44
Cover_T684 42
Cover_T685 14
Cover_T686 20
Cover_T687 14
Cover_T688 66
Cover_T689 16
Cover_T690 50
Cover_T691 8
Cover_T692 88
Cover_T693 30
Cover_T694 86
Cover_T695 30
Cover_T696 64
Cover_T697 912
Cover_T698 50
Cover_T699 954
Cover_T700 894
Cover_T701 896
Cover_T702 1010
Cover_T703 908
Cover_T704 1028
Cover_T705 924
Cover_T706 76
Cover_T707 940
Cover_T708 66
Cover_T709 90
Cover_T710 82
Cover_T711 -34
Cover_T712 52
Cover_T713 52
Cover_T714 0
Cover_T715 58
Cover_T716 -32
Cover_T717 58
Cover_T718 0
Cover_T719 46
Cover_T720 16
Cover_T721 54
Cover_T722 0
Cover_T723 78
Cover_T724 16
Cover_T725 80
Cover_T726 0
Cover_T727 36
Cover_T728 66
Cover_T729 14
Cover_T730 50
Cover_T731 32
Cover_T732 26
Cover_T733 20
Cover_T734 42
Cover_T735 40
Cover_T736 62
Cover_T737 -18
Cover_T738 34
Cover_T739 16
Cover_T740 18
Cover_T741 0
Cover_T742 50
Cover_T743 -8
Cover_T744 46
Cover_T745 16
Cover_T746 38
Cover_T747 -1.52288e-09
Cover_T748 36
Count_D0 -984
Count_D1 -1000
Max_H0_P0 0
Max_H0_P1 0
Max_H0_P2 0
Max_H0_P3 0
Max_H0_P4 0
Max_H0_P5 3.59605e-10
Max_H0_P6 0
Max_H0_P7 0
Max_H0_P8 0
Max_H0_P9 0
Max_H0_P10 0
Max_H0_P11 0
Max_H0_P12 0
Max_H0_P13 0
Max_H0_P14 0
Max_H0_P15 0
Max_H0_P16 6.81556e-11
Max_H0_P17 0
Max_H0_P18 1.20453e-10
Max_H0_P19 0
Max_H0_P20 0
Max_H0_P21 9.60654e-12
Max_H0_P22 -1.82766e-11
Max_H0_P23 4.63483e-11
Max_H0_P24 0
Max_H0_P25 4.63483e-11
Max_H0_P26 0
Max_H0_P27 7.31881e-12
Max_H0_P28 0
Max_H0_P29 2.86838e-11
Max_H0_P30 0
Max_H0_P31 0
Max_H0_P32 -2.24532e-12
Max_H0_P33 0
Max_H0_P34 5.45665e-12
Max_H0_P35 0
Max_H0_P36 -1.69938e-11
Max_H0_P37 -4.31086e-11
Max_H0_P38 0
Max_H0_P39 -3.31701e-11
Max_H0_P40 4.79796e-11
Max_H0_P41 0
Max_H0_P42 0
Max_H0_P43 0
Max_H0_P44 0
Max_H0_P45 0
Max_H0_P46 0
Max_H0_P47 0
Max_H0_P48 0
Max_H0_P49 0
Max_H0_P50 0
Max_H0_P51 0
Max_H0_P52 0
Max_H0_P53 0
Max_H0_P54 0
Max_H0_P55 0
Max_H0_P56 0
Max_H0_P57 0
Max_H0_P58 0
Max_H0_P59 0
Max_H0_P60 -7.11335e-11
Max_H0_P61 0
Max_H0_P62 0
Max_H0_P63 0
Max_H0_P64 0
Max_H0_P65 0
Max_H0_P66 0
Max_H0_P67 0
Max_H0_P68 0
Max_H0_P69 0
Max_H0_P70 0
Max_H0_P71 0
Max_H0_P72 0
Max_H0_P73 0
Max_H0_P74 0
Max_H0_P75 0
Max_H0_P76 0
Max_H0_P77 0
Max_H0_P78 0
Max_H0_P79 0
Max_H0_P80 0
Max_H0_P81 0
Max_H1_P0 0
Max_H1_P1 0
Max_H1_P2 0
Max_H1_P3 1.87269e-10
Max_H1_P4 0
Max_H1_P5 2.66604e-10
Max_H1_P6 0
Max_H1_P7 1.06841e-11
Max_H1_P8 0
Max_H1_P9 0
Max_H1_P10 0
Max_H1_P11 0
Max_H1_P12 0
Max_H1_P13 0
Max_H1_P14 0
Max_H1_P15 0
Max_H1_P16 0
Max_H1_P17 0
Max_H1_P18 1.11601e-10
Max_H1_P19 -1.8904e-11
Max_H1_P20 0
Max_H1_P21 0
Max_H1_P22 -0
Max_H1_P23 -1.3472e-11
Max_H1_P24 -1.94716e-11
Max_H1_P25 8.48288e-11
Max_H1_P26 7.86771e-12
Max_H1_P27 -5.8713e-11
Max_H1_P28 5.81641e-11
Max_H1_P29 -8.11937e-13
Max_H1_P30 8.45676e-11
Max_H1_P31 0
Max_H1_P32 2.43894e-12
Max_H1_P33 0
Max_H1_P34 0
Max_H1_P35 5.19559e-12
Max_H1_P36 0
Max_H1_P37 -4.21978e-11
Max_H1_P38 -9.61519e-14
Max_H1_P39 0
Max_H1_P40 4.79796e-11
Max_H1_P41 0
Max_H1_P42 5.367e-11
Max_H1_P43 0
Max_H1_P44 -3.49108e-11
Max_H1_P45 1.86674e-10
Max_H1_P46 0
Max_H1_P47 0
Max_H1_P48 0
Max_H1_P49 0
Max_H1_P50 0
Max_H1_P51 0
Max_H1_P52 0
Max_H1_P53 0
Max_H1_P54 1.09821e-10
Max_H1_P55 0
Max_H1_P56 0
Max_H1_P57 0
Max_H1_P58 0
Max_H1_P59 0
Max_H1_P60 0
Max_H1_P61 -6.11339e-11
Max_H1_P62 0
Max_H1_P63 7.90124e-12
Max_H1_P64 0
Max_H1_P65 0
Max_H1_P66 0
Max_H1_P67 0
Max_H1_P68 0
Max_H1_P69 0
Max_H1_P70 0
Max_H1_P71 0
Max_H1_P72 0
Max_H1_P73 0
Max_H1_P74 0
Max_H1_P75 0
Max_H1_P76 0
Max_H1_P77 0
Max_H1_P78 4.50884e-12
Max_H1_P79 0
Max_H1_P80 0
Max_H1_P81 0
