Cover_T0 52
Cover_T1 -52
Cover_T2 52
Cover_T3 -52
Cover_T4 52
Cover_T5 -52
Cover_T6 52
Cover_T7 -52
Cover_T8 52
Cover_T9 -52
Cover_T10 52
Cover_T11 -52
Cover_T12 52
Cover_T13 -52
Cover_T14 52
Cover_T15 -52
Cover_T16 52
Cover_T17 -52
Cover_T18 52
Cover_T19 -52
Cover_T20 52
Cover_T21 -52
Cover_T22 52
Cover_T23 -52
Cover_T24 54
Cover_T25 -52
Cover_T26 52
Cover_T27 -48
Cover_T28 52
Cover_T29 -48
Cover_T30 52
Cover_T31 -48
Cover_T32 56
Cover_T33 -48
Cover_T34 56
Cover_T35 -42
Cover_T36 58
Cover_T37 -38
Cover_T38 62
Cover_T39 -38
Cover_T40 56
Cover_T41 -34
Cover_T42 54
Cover_T43 -42
Cover_T44 58
Cover_T45 -28
Cover_T46 48
Cover_T47 -32
Cover_T48 56
Cover_T49 48
Cover_T50 44
Cover_T51 942
Cover_T52 40
Cover_T53 932
Cover_T54 40
Cover_T55 942
Cover_T56 950
Cover_T57 940
Cover_T58 976
Cover_T59 936
Cover_T60 984
Cover_T61 926
Cover_T62 982
Cover_T63 936
Cover_T64 894
Cover_T65 944
Cover_T66 954
Cover_T67 948
Cover_T68 60
Cover_T69 948
Cover_T70 56
Cover_T71 948
Cover_T72 54
Cover_T73 0
Cover_T74 62
Cover_T75 6
Cover_T76 62
Cover_T77 6
Cover_T78 50
Cover_T79 6
Cover_T80 40
Cover_T81 -50
Cover_T82 32
Cover_T83 -44
Cover_T84 16
Cover_T85 -48
Cover_T86 4
Cover_T87 -46
Cover_T88 -8
Cover_T89 -48
Cover_T90 -20
Cover_T91 -36
Cover_T92 -32
Cover_T93 -24
Cover_T94 -4
Cover_T95 -12
Cover_T96 -16
Cover_T97 2.62489e-10
Cover_T98 -28
Cover_T99 12
Cover_T100 -44
Cover_T101 32
Cover_T102 8
Cover_T103 12
Cover_T104 2
Cover_T105 32
Cover_T106 52
Cover_T107 52
Cover_T108 52
Cover_T109 -9.0477e-11
Cover_T110 32
Cover_T111 6
Cover_T112 12
Cover_T113 -44
Cover_T114 8
Cover_T115 -44
Cover_T116 6
Cover_T117 -24
Cover_T118 52
Cover_T119 -4
Cover_T120 48
Cover_T121 0
Cover_T122 52
Cover_T123 2
Cover_T124 48
Cover_T125 -44
Cover_T126 28
Cover_T127 -40
Cover_T128 8
Cover_T129 -44
Cover_T130 0
Cover_T131 -40
Cover_T132 -2
Cover_T133 -20
Cover_T134 10
Cover_T135 -4.55458e-10
Cover_T136 5.99096e-11
Cover_T137 4
Cover_T138 -10
Cover_T139 2
Cover_T140 -26
Cover_T141 4
Cover_T142 -42
Cover_T143 2
Cover_T144 0
Cover_T145 10
Cover_T146 4
Cover_T147 20
Cover_T148 10
Cover_T149 36
Cover_T150 -6
Cover_T151 52
Cover_T152 4
Cover_T153 10
Cover_T154 4
Cover_T155 6
Cover_T156 -10
Cover_T157 0
Cover_T158 -26
Cover_T159 16
Cover_T160 -42
Cover_T161 6
Cover_T162 -40
Cover_T163 6
Cover_T164 -8
Cover_T165 20
Cover_T166 -24
Cover_T167 36
Cover_T168 -40
Cover_T169 52
Cover_T170 -8
Cover_T171 50
Cover_T172 -24
Cover_T173 18
Cover_T174 -40
Cover_T175 34
Cover_T176 -24
Cover_T177 50
Cover_T178 -40
Cover_T179 18
Cover_T180 -40
Cover_T181 34
Cover_T182 10
Cover_T183 52
Cover_T184 10
Cover_T185 36
Cover_T186 8
Cover_T187 52
Cover_T188 16
Cover_T189 58
Cover_T190 1.86517e-11
Cover_T191 4
Cover_T192 2
Cover_T193 14
Cover_T194 52
Cover_T195 20
Cover_T196 34
Cover_T197 2
Cover_T198 22
Cover_T199 16
Cover_T200 10
Cover_T201 64
Cover_T202 2
Cover_T203 58
Cover_T204 44
Cover_T205 4
Cover_T206 24
Cover_T207 4
Cover_T208 18
Cover_T209 30
Cover_T210 42
Cover_T211 48
Cover_T212 6
Cover_T213 54
Cover_T214 4
Cover_T215 10
Cover_T216 4
Cover_T217 24
Cover_T218 18
Cover_T219 36
Cover_T220 2
Cover_T221 10
Cover_T222 -16
Cover_T223 12
Cover_T224 -24
Cover_T225 16
Cover_T226 -36
Cover_T227 16
Cover_T228 -4
Cover_T229 12
Cover_T230 -16
Cover_T231 22
Cover_T232 -22
Cover_T233 34
Cover_T234 -34
Cover_T235 46
Cover_T236 -8
Cover_T237 52
Cover_T238 -6
Cover_T239 56
Cover_T240 -14
Cover_T241 20
Cover_T242 -6
Cover_T243 32
Cover_T244 -26
Cover_T245 42
Cover_T246 -26
Cover_T247 44
Cover_T248 -14
Cover_T249 52
Cover_T250 -10
Cover_T251 56
Cover_T252 -12
Cover_T253 28
Cover_T254 -10
Cover_T255 30
Cover_T256 -16
Cover_T257 32
Cover_T258 -14
Cover_T259 32
Cover_T260 -20
Cover_T261 40
Cover_T262 -18
Cover_T263 48
Cover_T264 -18
Cover_T265 32
Cover_T266 -18
Cover_T267 28
Cover_T268 -20
Cover_T269 36
Cover_T270 -30
Cover_T271 28
Cover_T272 -26
Cover_T273 34
Cover_T274 -46
Cover_T275 36
Cover_T276 -28
Cover_T277 40
Cover_T278 -42
Cover_T279 36
Cover_T280 -26
Cover_T281 50
Cover_T282 -34
Cover_T283 40
Cover_T284 -26
Cover_T285 50
Cover_T286 -26
Cover_T287 58
Cover_T288 -36
Cover_T289 34
Cover_T290 -28
Cover_T291 54
Cover_T292 -26
Cover_T293 48
Cover_T294 -32
Cover_T295 44
Cover_T296 -34
Cover_T297 52
Cover_T298 -30
Cover_T299 62
Cover_T300 -30
Cover_T301 46
Cover_T302 -30
Cover_T303 50
Cover_T304 -38
Cover_T305 54
Cover_T306 -36
Cover_T307 56
Cover_T308 -38
Cover_T309 50
Cover_T310 -36
Cover_T311 44
Cover_T312 -36
Cover_T313 50
Cover_T314 -42
Cover_T315 56
Cover_T316 -44
Cover_T317 58
Cover_T318 -48
Cover_T319 56
Cover_T320 -48
Cover_T321 52
Cover_T322 -52
Cover_T323 52
Cover_T324 -52
Cover_T325 52
Cover_T326 -52
Cover_T327 52
Cover_T328 -52
Cover_T329 56
Cover_T330 -52
Cover_T331 54
Cover_T332 -48
Cover_T333 56
Cover_T334 -50
Cover_T335 52
Cover_T336 -52
Cover_T337 60
Cover_T338 -48
Cover_T339 58
Cover_T340 -40
Cover_T341 58
Cover_T342 -44
Cover_T343 54
Cover_T344 -42
Cover_T345 52
Cover_T346 -30
Cover_T347 50
Cover_T348 -36
Cover_T349 56
Cover_T350 52
Cover_T351 40
Cover_T352 944
Cover_T353 48
Cover_T354 936
Cover_T355 50
Cover_T356 942
Cover_T357 936
Cover_T358 944
Cover_T359 978
Cover_T360 936
Cover_T361 986
Cover_T362 920
Cover_T363 898
Cover_T364 948
Cover_T365 6
Cover_T366 944
Cover_T367 66
Cover_T368 948
Cover_T369 58
Cover_T370 46
Cover_T371 58
Cover_T372 2
Cover_T373 64
Cover_T374 2
Cover_T375 74
Cover_T376 2
Cover_T377 44
Cover_T378 4
Cover_T379 46
Cover_T380 -50
Cover_T381 36
Cover_T382 -48
Cover_T383 22
Cover_T384 -52
Cover_T385 10
Cover_T386 -40
Cover_T387 -2
Cover_T388 -42
Cover_T389 -14
Cover_T390 -30
Cover_T391 -26
Cover_T392 -18
Cover_T393 -38
Cover_T394 -6
Cover_T395 -10
Cover_T396 6
Cover_T397 -22
Cover_T398 18
Cover_T399 -34
Cover_T400 30
Cover_T401 -46
Cover_T402 42
Cover_T403 0
Cover_T404 14
Cover_T405 2
Cover_T406 26
Cover_T407 4
Cover_T408 38
Cover_T409 2
Cover_T410 50
Cover_T411 50
Cover_T412 4
Cover_T413 38
Cover_T414 2
Cover_T415 46
Cover_T416 0
Cover_T417 34
Cover_T418 6
Cover_T419 14
Cover_T420 -34
Cover_T421 0
Cover_T422 -34
Cover_T423 0
Cover_T424 -14
Cover_T425 3.57101e-11
Cover_T426 -7.58575e-11
Cover_T427 50
Cover_T428 4.9786e-11
Cover_T429 46
Cover_T430 -5.17133e-11
Cover_T431 50
Cover_T432 -50
Cover_T433 30
Cover_T434 -46
Cover_T435 10
Cover_T436 -50
Cover_T437 0
Cover_T438 -30
Cover_T439 0
Cover_T440 -10
Cover_T441 2.23133e-11
Cover_T442 -4.25278e-11
Cover_T443 7.59428e-11
Cover_T444 9.41327e-11
Cover_T445 -14
Cover_T446 0
Cover_T447 -34
Cover_T448 0
Cover_T449 4
Cover_T450 14
Cover_T451 4
Cover_T452 34
Cover_T453 6
Cover_T454 52
Cover_T455 -10
Cover_T456 10
Cover_T457 3.36491e-11
Cover_T458 6
Cover_T459 0
Cover_T460 -2.99955e-11
Cover_T461 -14
Cover_T462 16
Cover_T463 -30
Cover_T464 6
Cover_T465 -46
Cover_T466 6
Cover_T467 -44
Cover_T468 20
Cover_T469 -12
Cover_T470 36
Cover_T471 -28
Cover_T472 52
Cover_T473 -44
Cover_T474 50
Cover_T475 -12
Cover_T476 18
Cover_T477 -28
Cover_T478 34
Cover_T479 -44
Cover_T480 50
Cover_T481 -28
Cover_T482 18
Cover_T483 -44
Cover_T484 34
Cover_T485 -44
Cover_T486 52
Cover_T487 6
Cover_T488 36
Cover_T489 6
Cover_T490 54
Cover_T491 4
Cover_T492 54
Cover_T493 12
Cover_T494 4
Cover_T495 -4
Cover_T496 8
Cover_T497 -2
Cover_T498 12
Cover_T499 46
Cover_T500 8
Cover_T501 30
Cover_T502 28
Cover_T503 12
Cover_T504 58
Cover_T505 0
Cover_T506 4
Cover_T507 36
Cover_T508 16
Cover_T509 16
Cover_T510 42
Cover_T511 6
Cover_T512 56
Cover_T513 8.11244e-11
Cover_T514 20
Cover_T515 16
Cover_T516 36
Cover_T517 4
Cover_T518 10
Cover_T519 -14
Cover_T520 12
Cover_T521 -24
Cover_T522 16
Cover_T523 -38
Cover_T524 16
Cover_T525 -14
Cover_T526 24
Cover_T527 -20
Cover_T528 44
Cover_T529 -36
Cover_T530 58
Cover_T531 -6
Cover_T532 32
Cover_T533 -14
Cover_T534 42
Cover_T535 -26
Cover_T536 56
Cover_T537 -14
Cover_T538 24
Cover_T539 -12
Cover_T540 26
Cover_T541 -22
Cover_T542 46
Cover_T543 -24
Cover_T544 28
Cover_T545 -18
Cover_T546 28
Cover_T547 -20
Cover_T548 26
Cover_T549 -24
Cover_T550 28
Cover_T551 -28
Cover_T552 32
Cover_T553 -24
Cover_T554 28
Cover_T555 -32
Cover_T556 28
Cover_T557 -24
Cover_T558 28
Cover_T559 -32
Cover_T560 28
Cover_T561 -24
Cover_T562 30
Cover_T563 -24
Cover_T564 38
Cover_T565 -32
Cover_T566 28
Cover_T567 -42
Cover_T568 36
Cover_T569 -26
Cover_T570 28
Cover_T571 -34
Cover_T572 36
Cover_T573 -26
Cover_T574 30
Cover_T575 -38
Cover_T576 38
Cover_T577 -46
Cover_T578 50
Cover_T579 -26
Cover_T580 38
Cover_T581 -30
Cover_T582 32
Cover_T583 -42
Cover_T584 46
Cover_T585 -30
Cover_T586 58
Cover_T587 -26
Cover_T588 38
Cover_T589 -32
Cover_T590 40
Cover_T591 -44
Cover_T592 54
Cover_T593 -28
Cover_T594 42
Cover_T595 -34
Cover_T596 36
Cover_T597 -34
Cover_T598 44
Cover_T599 -32
Cover_T600 50
Cover_T601 -32
Cover_T602 54
Cover_T603 -38
Cover_T604 62
Cover_T605 -30
Cover_T606 46
Cover_T607 -42
Cover_T608 38
Cover_T609 -36
Cover_T610 44
Cover_T611 -36
Cover_T612 52
Cover_T613 -40
Cover_T614 50
Cover_T615 -42
Cover_T616 56
Cover_T617 -38
Cover_T618 50
Cover_T619 -40
Cover_T620 56
Cover_T621 -40
Cover_T622 44
Cover_T623 -36
Cover_T624 48
Cover_T625 -42
Cover_T626 58
Cover_T627 -44
Cover_T628 54
Cover_T629 -44
Cover_T630 56
Cover_T631 -46
Cover_T632 56
Cover_T633 -42
Cover_T634 56
Cover_T635 -48
Cover_T636 56
Cover_T637 -48
Cover_T638 52
Cover_T639 -48
Cover_T640 56
Cover_T641 -48
Cover_T642 56
Cover_T643 -48
Cover_T644 58
Cover_T645 -48
Cover_T646 54
Cover_T647 -48
Cover_T648 56
Cover_T649 -38
Cover_T650 64
Cover_T651 -46
Cover_T652 56
Cover_T653 -42
Cover_T654 50
Cover_T655 -34
Cover_T656 56
Cover_T657 -38
Cover_T658 50
Cover_T659 -46
Cover_T660 56
Cover_T661 -28
Cover_T662 52
Cover_T663 -36
Cover_T664 52
Cover_T665 -38
Cover_T666 60
Cover_T667 54
Cover_T668 52
Cover_T669 44
Cover_T670 40
Cover_T671 928
Cover_T672 48
Cover_T673 942
Cover_T674 44
Cover_T675 944
Cover_T676 984
Cover_T677 936
Cover_T678 982
Cover_T679 930
Cover_T680 990
Cover_T681 946
Cover_T682 972
Cover_T683 946
Cover_T684 1038
Cover_T685 948
Cover_T686 1036
Cover_T687 938
Cover_T688 940
Cover_T689 942
Cover_T690 56
Cover_T691 942
Cover_T692 64
Cover_T693 946
Cover_T694 52
Cover_T695 44
Cover_T696 56
Cover_T697 0
Cover_T698 56
Cover_T699 0
Cover_T700 56
Cover_T701 0
Cover_T702 28
Cover_T703 0
Cover_T704 20
Cover_T705 -50
Cover_T706 4
Cover_T707 -50
Cover_T708 -16
Cover_T709 -44
Cover_T710 -32
Cover_T711 -42
Cover_T712 -8
Cover_T713 -26
Cover_T714 -24
Cover_T715 -10
Cover_T716 -40
Cover_T717 6
Cover_T718 2
Cover_T719 18
Cover_T720 8
Cover_T721 26
Cover_T722 0
Cover_T723 34
Cover_T724 6
Cover_T725 42
Cover_T726 -2
Cover_T727 10
Cover_T728 0
Cover_T729 18
Cover_T730 52
Cover_T731 26
Cover_T732 44
Cover_T733 34
Cover_T734 36
Cover_T735 42
Cover_T736 48
Cover_T737 50
Cover_T738 40
Cover_T739 -1.2726e-10
Cover_T740 32
Cover_T741 -6
Cover_T742 24
Cover_T743 2
Cover_T744 16
Cover_T745 -4
Cover_T746 8
Cover_T747 4
Cover_T748 -7.88866e-10
Cover_T749 2
Cover_T750 8
Cover_T751 -50
Cover_T752 1.70353e-11
Cover_T753 -42
Cover_T754 2
Cover_T755 -34
Cover_T756 2
Cover_T757 -46
Cover_T758 6
Cover_T759 -38
Cover_T760 52
Cover_T761 -30
Cover_T762 44
Cover_T763 -22
Cover_T764 52
Cover_T765 -14
Cover_T766 44
Cover_T767 -6
Cover_T768 52
Cover_T769 2
Cover_T770 52
Cover_T771 -6
Cover_T772 44
Cover_T773 2
Cover_T774 52
Cover_T775 1.04421e-10
Cover_T776 44
Cover_T777 0
Cover_T778 36
Cover_T779 0
Cover_T780 20
Cover_T781 -38
Cover_T782 4
Cover_T783 -38
Cover_T784 5.78666e-11
Cover_T785 -46
Cover_T786 2
Cover_T787 -46
Cover_T788 0
Cover_T789 -30
Cover_T790 2
Cover_T791 -14
Cover_T792 -6
Cover_T793 2
Cover_T794 -18
Cover_T795 10
Cover_T796 -38
Cover_T797 12
Cover_T798 2.73204e-12
Cover_T799 0
Cover_T800 0
Cover_T801 12
Cover_T802 2
Cover_T803 26
Cover_T804 8
Cover_T805 46
Cover_T806 4
Cover_T807 8
Cover_T808 -14
Cover_T809 8
Cover_T810 -34
Cover_T811 6
Cover_T812 -36
Cover_T813 0
Cover_T814 -8
Cover_T815 4
Cover_T816 -28
Cover_T817 22
Cover_T818 -44
Cover_T819 34
Cover_T820 -8
Cover_T821 46
Cover_T822 -20
Cover_T823 40
Cover_T824 -32
Cover_T825 52
Cover_T826 -44
Cover_T827 16
Cover_T828 -24
Cover_T829 28
Cover_T830 -36
Cover_T831 40
Cover_T832 -48
Cover_T833 52
Cover_T834 -44
Cover_T835 18
Cover_T836 10
Cover_T837 28
Cover_T838 0
Cover_T839 38
Cover_T840 8
Cover_T841 48
Cover_T842 0
Cover_T843 54
Cover_T844 6
Cover_T845 32
Cover_T846 -2
Cover_T847 38
Cover_T848 14
Cover_T849 52
Cover_T850 6
Cover_T851 54
Cover_T852 -2
Cover_T853 50
Cover_T854 -10
Cover_T855 58
Cover_T856 3.39889e-10
Cover_T857 -2
Cover_T858 -10
Cover_T859 10
Cover_T860 50
Cover_T861 0
Cover_T862 40
Cover_T863 14
Cover_T864 34
Cover_T865 6
Cover_T866 24
Cover_T867 20
Cover_T868 14
Cover_T869 44
Cover_T870 6
Cover_T871 56
Cover_T872 50
Cover_T873 50
Cover_T874 36
Cover_T875 50
Cover_T876 24
Cover_T877 8
Cover_T878 40
Cover_T879 26
Cover_T880 32
Cover_T881 38
Cover_T882 44
Cover_T883 50
Cover_T884 8
Cover_T885 58
Cover_T886 8
Cover_T887 14
Cover_T888 8
Cover_T889 26
Cover_T890 8
Cover_T891 42
Cover_T892 -16
Cover_T893 16
Cover_T894 -34
Cover_T895 6
Cover_T896 1.09864e-10
Cover_T897 14
Cover_T898 -12
Cover_T899 26
Cover_T900 -14
Cover_T901 24
Cover_T902 -26
Cover_T903 18
Cover_T904 -6
Cover_T905 34
Cover_T906 -10
Cover_T907 46
Cover_T908 -6
Cover_T909 66
Cover_T910 -18
Cover_T911 26
Cover_T912 -6
Cover_T913 44
Cover_T914 -10
Cover_T915 46
Cover_T916 -10
Cover_T917 56
Cover_T918 -12
Cover_T919 26
Cover_T920 -10
Cover_T921 36
Cover_T922 -10
Cover_T923 34
Cover_T924 -18
Cover_T925 44
Cover_T926 -24
Cover_T927 26
Cover_T928 -20
Cover_T929 26
Cover_T930 -22
Cover_T931 30
Cover_T932 -26
Cover_T933 26
Cover_T934 -34
Cover_T935 26
Cover_T936 -26
Cover_T937 36
Cover_T938 -26
Cover_T939 34
Cover_T940 -40
Cover_T941 38
Cover_T942 -26
Cover_T943 36
Cover_T944 -28
Cover_T945 40
Cover_T946 -40
Cover_T947 52
Cover_T948 -28
Cover_T949 46
Cover_T950 -26
Cover_T951 36
Cover_T952 -30
Cover_T953 48
Cover_T954 -42
Cover_T955 62
Cover_T956 -26
Cover_T957 42
Cover_T958 -26
Cover_T959 46
Cover_T960 -26
Cover_T961 64
Cover_T962 -28
Cover_T963 54
Cover_T964 -32
Cover_T965 42
Cover_T966 -30
Cover_T967 64
Cover_T968 -30
Cover_T969 48
Cover_T970 -36
Cover_T971 46
Cover_T972 -38
Cover_T973 56
Cover_T974 -36
Cover_T975 60
Cover_T976 -38
Cover_T977 48
Cover_T978 -44
Cover_T979 58
Cover_T980 -42
Cover_T981 52
Cover_T982 -42
Cover_T983 52
Cover_T984 -42
Cover_T985 56
Cover_T986 -48
Cover_T987 60
Cover_T988 -48
Cover_T989 56
Cover_T990 -50
Cover_T991 56
Cover_T992 -48
Cover_T993 22
Cover_T994 -1.01828e-10
Cover_T995 10
Cover_T996 6
Cover_T997 10
Cover_T998 10
Cover_T999 8
Cover_T1000 10
Cover_T1001 56
Cover_T1002 12
Cover_T1003 44
Cover_T1004 6
Cover_T1005 32
Cover_T1006 8
Cover_T1007 20
Cover_T1008 18
Cover_T1009 6
Cover_T1010 102
Cover_T1011 996
Cover_T1012 988
Cover_T1013 998
Cover_T1014 946
Cover_T1015 982
Cover_T1016 956
Cover_T1017 978
Cover_T1018 956
Cover_T1019 952
Cover_T1020 986
Cover_T1021 1036
Cover_T1022 996
Cover_T1023 952
Cover_T1024 0
Cover_T1025 64
Cover_T1026 0
Cover_T1027 62
Cover_T1028 12
Cover_T1029 52
Cover_T1030 24
Cover_T1031 76
Cover_T1032 36
Cover_T1033 22
Cover_T1034 -38
Cover_T1035 16
Cover_T1036 -6
Cover_T1037 18
Cover_T1038 54
Cover_T1039 -2
Cover_T1040 56
Cover_T1041 -22
Cover_T1042 56
Cover_T1043 -42
Cover_T1044 60
Cover_T1045 -38
Cover_T1046 14
Cover_T1047 -40
Cover_T1048 34
Cover_T1049 48
Cover_T1050 54
Cover_T1051 34
Cover_T1052 54
Cover_T1053 32
Cover_T1054 102
Cover_T1055 50
Cover_T1056 78
Cover_T1057 52
Cover_T1058 90
Cover_T1059 46
Cover_T1060 102
Cover_T1061 92
Cover_T1062 84
Cover_T1063 90
Cover_T1064 84
Cover_T1065 88
Cover_T1066 90
Cover_T1067 82
Cover_T1068 0
Cover_T1069 78
Cover_T1070 18
Cover_T1071 90
Cover_T1072 28
Cover_T1073 42
Cover_T1074 0
Cover_T1075 44
Cover_T1076 0
Cover_T1077 44
Cover_T1078 12
Cover_T1079 42
Cover_T1080 -32
Cover_T1081 46
Cover_T1082 -28
Cover_T1083 30
Cover_T1084 -2
Cover_T1085 42
Cover_T1086 14
Cover_T1087 30
Cover_T1088 20
Cover_T1089 36
Cover_T1090 0
Count_D0 -984
Count_D1 -1000
Max_H0_P0 0
Max_H0_P1 0
Max_H0_P2 0
Max_H0_P3 4.79154e-11
Max_H0_P4 0
Max_H0_P5 -1.58704e-11
Max_H0_P6 -4.79146e-11
Max_H0_P7 -1.16336e-10
Max_H0_P8 0
Max_H0_P9 0
Max_H0_P10 0
Max_H0_P11 0
Max_H0_P12 0
Max_H0_P13 0
Max_H0_P14 0
Max_H0_P15 1.08905e-10
Max_H0_P16 1.14286e-10
Max_H0_P17 9.72539e-11
Max_H0_P18 1.07046e-10
Max_H0_P19 9.83763e-11
Max_H0_P20 0
Max_H0_P21 0
Max_H0_P22 -1.09051e-11
Max_H0_P23 -2.18651e-12
Max_H0_P24 1.48219e-11
Max_H0_P25 4.40536e-12
Max_H0_P26 4.8496e-12
Max_H0_P27 -2.93614e-11
Max_H0_P28 3.94468e-11
Max_H0_P29 -3.22089e-11
Max_H0_P30 2.37241e-11
Max_H0_P31 3.05818e-11
Max_H0_P32 -1.52101e-11
Max_H0_P33 7.18916e-12
Max_H0_P34 -1.96678e-11
Max_H0_P35 7.36211e-12
Max_H0_P36 2.09308e-11
Max_H0_P37 4.07106e-11
Max_H0_P38 2.00906e-12
Max_H0_P39 8.76987e-12
Max_H0_P40 -1.58664e-11
Max_H0_P41 -1.1392e-11
Max_H0_P42 -3.26438e-11
Max_H0_P43 2.7967e-11
Max_H0_P44 0
Max_H0_P45 0
Max_H0_P46 0
Max_H0_P47 0
Max_H0_P48 0
Max_H0_P49 0
Max_H0_P50 0
Max_H0_P51 0
Max_H0_P52 0
Max_H0_P53 0
Max_H0_P54 0
Max_H0_P55 0
Max_H0_P56 0
Max_H0_P57 0
Max_H0_P58 0
Max_H0_P59 0
Max_H0_P60 2.09628e-10
Max_H0_P61 0
Max_H0_P62 0
Max_H0_P63 0
Max_H0_P64 0
Max_H0_P65 0
Max_H0_P66 0
Max_H0_P67 0
Max_H0_P68 0
Max_H0_P69 0
Max_H0_P70 0
Max_H0_P71 -0
Max_H0_P72 0
Max_H0_P73 0
Max_H0_P74 0
Max_H0_P75 0
Max_H0_P76 0
Max_H0_P77 5.62128e-11
Max_H0_P78 -2.78824e-11
Max_H0_P79 0
Max_H0_P80 0
Max_H0_P81 0
Max_H1_P0 0
Max_H1_P1 0
Max_H1_P2 -7.34477e-12
Max_H1_P3 -1.32686e-11
Max_H1_P4 8.42455e-11
Max_H1_P5 1.88827e-12
Max_H1_P6 -3.45042e-11
Max_H1_P7 -1.07393e-10
Max_H1_P8 0
Max_H1_P9 0
Max_H1_P10 0
Max_H1_P11 0
Max_H1_P12 0
Max_H1_P13 0
Max_H1_P14 0
Max_H1_P15 1.07589e-10
Max_H1_P16 1.07059e-10
Max_H1_P17 1.28033e-10
Max_H1_P18 1.12915e-10
Max_H1_P19 9.87295e-11
Max_H1_P20 -1.12429e-11
Max_H1_P21 0
Max_H1_P22 -1.56226e-11
Max_H1_P23 -1.31528e-12
Max_H1_P24 2.33191e-11
Max_H1_P25 1.76224e-11
Max_H1_P26 -2.96818e-12
Max_H1_P27 -1.56319e-12
Max_H1_P28 -2.0847e-11
Max_H1_P29 3.80685e-12
Max_H1_P30 7.15639e-12
Max_H1_P31 9.09495e-13
Max_H1_P32 2.06057e-13
Max_H1_P33 -4.7825e-12
Max_H1_P34 -1.44615e-11
Max_H1_P35 3.52467e-11
Max_H1_P36 -1.1321e-11
Max_H1_P37 8.64079e-12
Max_H1_P38 -1.57689e-11
Max_H1_P39 -2.46647e-12
Max_H1_P40 -8.5683e-12
Max_H1_P41 -9.30045e-12
Max_H1_P42 -3.90387e-11
Max_H1_P43 6.39488e-12
Max_H1_P44 0
Max_H1_P45 -6.9349e-12
Max_H1_P46 3.64728e-11
Max_H1_P47 0
Max_H1_P48 0
Max_H1_P49 0
Max_H1_P50 0
Max_H1_P51 -1.32729e-11
Max_H1_P52 0
Max_H1_P53 0
Max_H1_P54 0
Max_H1_P55 0
Max_H1_P56 0
Max_H1_P57 0
Max_H1_P58 2.08344e-11
Max_H1_P59 0
Max_H1_P60 2.04625e-10
Max_H1_P61 0
Max_H1_P62 9.3527e-11
Max_H1_P63 1.51168e-12
Max_H1_P64 -4.63207e-11
Max_H1_P65 2.87512e-11
Max_H1_P66 0
Max_H1_P67 0
Max_H1_P68 0
Max_H1_P69 0
Max_H1_P70 0
Max_H1_P71 -7.47491e-12
Max_H1_P72 0
Max_H1_P73 0
Max_H1_P74 0
Max_H1_P75 0
Max_H1_P76 2.51045e-11
Max_H1_P77 0
Max_H1_P78 -1.9245e-11
Max_H1_P79 -2.44995e-10
Max_H1_P80 2.44995e-10
Max_H1_P81 0
