
Branch and bound

  Entire solving process        :                           (Time   5166.7)
  No feasible solution was found
  Best relaxation cost          :     69703.48 (Node     0) (Time   5166.6)
  Lower bound after cuts        :     69703.48
  End lower bound               :     69703.48
  Deepest level reached         : 0
  Deepest real level reached    : 0
  Number of real nodes solved   : 1
  Stopping condition            : enough nodes explored

Problem identification

  Problem                       : <null>
  Machine                       : oslo1.gerad.lan

Solving process summary

  Linear relaxations            :        1
  Column generation iterations  :      325
  Shortest paths solved         :     6536
  Columns generated             :    77807

Instance characteristics

  Resources                     : 3
  Node types                    : no
  Arc types                     : no
  Strong resource windows       : no
  Weak resource windows         : no
  Resource windows (nodes)      : 3
  Resource values (arcs)        : 3
  Values on nodes               : no

  Rows                          : 1257
  Initial columns               : 2
  Tasks                         : 1095
  Strong tasks                  : 1091
  Weak tasks                    : 4
  Initial task constraints      : no
  Nodes                         : 1423
  Arc sets                      : 1
  Arcs                          : 51972
  Networks                      : 2
  Models                        : 1

Memory used per module (Megs)

  Parser (reused)               :     10.542
  Networks                      :     39.595
  Column generator              :     21.190
  Master problem                :     11.901
  -----------------
  Total                         :     72.686

Cpu time per module (seconds)

  Parser                        :        0.1
  Preprocessor                  :        0.0
  Lr solver manager             :        0.5
  Column generator              :      355.7
    (Shortest path)             :      321.6
  Master problem                :     4810.4
  -------------------
  Total (without b&b)           :     5166.7

Real elapsed time (seconds)

  Parser                        :        0.1
  Preprocessor                  :        0.0
  Lr solver manager             :        0.6
  Column generator              :      355.8
    (Shortest path)             :      321.9
  Master problem                :     4810.4
  -------------------
  Total (without b&b)           :     5166.7
