
Branch and bound

  Entire solving process        :                           (Time   1193.6)
  No feasible solution was found
  Best relaxation cost          :     68567.07 (Node     0) (Time   1193.6)
  Lower bound after cuts        :     68567.07
  End lower bound               :     68567.07
  Deepest level reached         : 0
  Deepest real level reached    : 0
  Number of real nodes solved   : 1
  Stopping condition            : enough nodes explored

Problem identification

  Problem                       : <null>
  Machine                       : oslo1.gerad.lan

Solving process summary

  Linear relaxations            :        1
  Column generation iterations  :      195
  Shortest paths solved         :     8073
  Columns generated             :    88511

Instance characteristics

  Resources                     : 3
  Node types                    : no
  Arc types                     : no
  Strong resource windows       : no
  Weak resource windows         : no
  Resource windows (nodes)      : 3
  Resource values (arcs)        : 3
  Values on nodes               : no

  Rows                          : 1257
  Initial columns               : 509
  Tasks                         : 1095
  Strong tasks                  : 801
  Weak tasks                    : 4
  Initial task constraints      : no
  Nodes                         : 1423
  Arc sets                      : 1
  Arcs                          : 51972
  Networks                      : 2
  Models                        : 1

Memory used per module (Megs)

  Parser (reused)               :     10.542
  Networks                      :     42.017
  Column generator              :     23.491
  Master problem                :     12.127
  -----------------
  Total                         :     77.635

Cpu time per module (seconds)

  Parser                        :        0.0
  Preprocessor                  :        0.0
  Lr solver manager             :        0.2
  Column generator              :      346.2
    (Shortest path)             :      324.3
  Master problem                :      847.1
  -------------------
  Total (without b&b)           :     1193.5

Real elapsed time (seconds)

  Parser                        :        0.1
  Preprocessor                  :        0.0
  Lr solver manager             :        0.2
  Column generator              :      346.0
    (Shortest path)             :      324.5
  Master problem                :      847.3
  -------------------
  Total (without b&b)           :     1193.6
