
Branch and bound

  Entire solving process        :                           (Time     93.5)
  No feasible solution was found
  Best relaxation cost          :     38683.84 (Node     0) (Time     93.4)
  Lower bound after cuts        :     38683.84
  End lower bound               :     38683.84
  Deepest level reached         : 0
  Deepest real level reached    : 0
  Number of real nodes solved   : 1
  Stopping condition            : enough nodes explored

Problem identification

  Problem                       : <null>
  Machine                       : oslo2.gerad.lan

Solving process summary

  Linear relaxations            :        1
  Column generation iterations  :      157
  Shortest paths solved         :     6590
  Columns generated             :    40989

Instance characteristics

  Resources                     : 3
  Node types                    : no
  Arc types                     : no
  Strong resource windows       : no
  Weak resource windows         : no
  Resource windows (nodes)      : 3
  Resource values (arcs)        : 3
  Values on nodes               : no

  Rows                          : 740
  Initial columns               : 289
  Tasks                         : 578
  Strong tasks                  : 402
  Weak tasks                    : 4
  Initial task constraints      : no
  Nodes                         : 906
  Arc sets                      : 1
  Arcs                          : 16831
  Networks                      : 2
  Models                        : 1

Memory used per module (Megs)

  Parser (reused)               :      3.761
  Networks                      :     23.854
  Column generator              :      3.511
  Master problem                :      7.500
  -----------------
  Total                         :     34.866

Cpu time per module (seconds)

  Parser                        :        0.0
  Preprocessor                  :        0.0
  Lr solver manager             :        0.1
  Column generator              :       17.6
    (Shortest path)             :       14.4
  Master problem                :       75.8
  -------------------
  Total (without b&b)           :       93.4

Real elapsed time (seconds)

  Parser                        :        0.0
  Preprocessor                  :        0.0
  Lr solver manager             :        0.1
  Column generator              :       17.6
    (Shortest path)             :       14.1
  Master problem                :       75.8
  -------------------
  Total (without b&b)           :       93.5
