
Branch and bound

  Entire solving process        :                           (Time     50.9)
  No feasible solution was found
  Best relaxation cost          :     35774.13 (Node     0) (Time     50.9)
  Lower bound after cuts        :     35774.13
  End lower bound               :     35774.13
  Deepest level reached         : 0
  Deepest real level reached    : 0
  Number of real nodes solved   : 1
  Stopping condition            : enough nodes explored

Problem identification

  Problem                       : <null>
  Machine                       : oslo4.gerad.lan

Solving process summary

  Linear relaxations            :        1
  Column generation iterations  :      124
  Shortest paths solved         :     7276
  Columns generated             :    36317

Instance characteristics

  Resources                     : 3
  Node types                    : no
  Arc types                     : no
  Strong resource windows       : no
  Weak resource windows         : no
  Resource windows (nodes)      : 3
  Resource values (arcs)        : 3
  Values on nodes               : no

  Rows                          : 690
  Initial columns               : 297
  Tasks                         : 528
  Strong tasks                  : 354
  Weak tasks                    : 4
  Initial task constraints      : no
  Nodes                         : 856
  Arc sets                      : 1
  Arcs                          : 14621
  Networks                      : 2
  Models                        : 1

Memory used per module (Megs)

  Parser (reused)               :      3.277
  Networks                      :     20.948
  Column generator              :      5.933
  Master problem                :      6.994
  -----------------
  Total                         :     33.875

Cpu time per module (seconds)

  Parser                        :        0.0
  Preprocessor                  :        0.0
  Lr solver manager             :        0.0
  Column generator              :       14.6
    (Shortest path)             :       11.8
  Master problem                :       36.3
  -------------------
  Total (without b&b)           :       50.9

Real elapsed time (seconds)

  Parser                        :        0.0
  Preprocessor                  :        0.0
  Lr solver manager             :        0.1
  Column generator              :       14.5
    (Shortest path)             :       12.1
  Master problem                :       36.4
  -------------------
  Total (without b&b)           :       50.9
