Cover_T0 52
Cover_T1 -52
Cover_T2 52
Cover_T3 -52
Cover_T4 52
Cover_T5 -52
Cover_T6 52
Cover_T7 -52
Cover_T8 52
Cover_T9 -52
Cover_T10 52
Cover_T11 -52
Cover_T12 52
Cover_T13 -52
Cover_T14 54
Cover_T15 -52
Cover_T16 54
Cover_T17 -50
Cover_T18 54
Cover_T19 -50
Cover_T20 54
Cover_T21 -50
Cover_T22 52
Cover_T23 -50
Cover_T24 56
Cover_T25 -50
Cover_T26 52
Cover_T27 -48
Cover_T28 56
Cover_T29 -46
Cover_T30 56
Cover_T31 -46
Cover_T32 54
Cover_T33 -46
Cover_T34 62
Cover_T35 -46
Cover_T36 56
Cover_T37 -42
Cover_T38 52
Cover_T39 -42
Cover_T40 54
Cover_T41 -44
Cover_T42 50
Cover_T43 -32
Cover_T44 54
Cover_T45 -38
Cover_T46 62
Cover_T47 -20
Cover_T48 50
Cover_T49 -32
Cover_T50 74
Cover_T51 992
Cover_T52 58
Cover_T53 990
Cover_T54 46
Cover_T55 988
Cover_T56 1042
Cover_T57 982
Cover_T58 1024
Cover_T59 994
Cover_T60 1036
Cover_T61 970
Cover_T62 12
Cover_T63 982
Cover_T64 14
Cover_T65 994
Cover_T66 6
Cover_T67 -6
Cover_T68 6
Cover_T69 -2
Cover_T70 -4
Cover_T71 8
Cover_T72 -32
Cover_T73 2
Cover_T74 1.01181e-11
Cover_T75 12
Cover_T76 2
Cover_T77 32
Cover_T78 -18
Cover_T79 52
Cover_T80 -38
Cover_T81 12
Cover_T82 6
Cover_T83 6
Cover_T84 4
Cover_T85 26
Cover_T86 6
Cover_T87 50
Cover_T88 -4.28031e-11
Cover_T89 -4
Cover_T90 -4
Cover_T91 2
Cover_T92 -32
Cover_T93 8
Cover_T94 -1.63453e-10
Cover_T95 12
Cover_T96 -28
Cover_T97 40
Cover_T98 -3.25429e-11
Cover_T99 8
Cover_T100 2
Cover_T101 36
Cover_T102 2
Cover_T103 8
Cover_T104 4
Cover_T105 -4.39865e-11
Cover_T106 6
Cover_T107 20
Cover_T108 -14
Cover_T109 12
Cover_T110 1.85159e-11
Cover_T111 4
Cover_T112 6
Cover_T113 2
Cover_T114 -12
Cover_T115 22
Cover_T116 -4
Cover_T117 16
Cover_T118 -8
Cover_T119 16
Cover_T120 -36
Cover_T121 12
Cover_T122 -36
Cover_T123 16
Cover_T124 -36
Cover_T125 40
Cover_T126 4
Cover_T127 32
Cover_T128 -16
Cover_T129 52
Cover_T130 -6
Cover_T131 44
Cover_T132 6
Cover_T133 4
Cover_T134 -6
Cover_T135 24
Cover_T136 1.6751e-10
Cover_T137 14
Cover_T138 6
Cover_T139 2
Cover_T140 -4
Cover_T141 14
Cover_T142 -24
Cover_T143 8
Cover_T144 -44
Cover_T145 2
Cover_T146 -40
Cover_T147 16
Cover_T148 6
Cover_T149 38
Cover_T150 6
Cover_T151 44
Cover_T152 2.64926e-11
Cover_T153 58
Cover_T154 0
Cover_T155 50
Cover_T156 6
Cover_T157 62
Cover_T158 6
Cover_T159 10
Cover_T160 1.0408e-10
Cover_T161 10
Cover_T162 6
Cover_T163 14
Cover_T164 -10
Cover_T165 22
Cover_T166 1.88756e-10
Cover_T167 16
Cover_T168 2.65345e-10
Cover_T169 14
Cover_T170 -4
Cover_T171 12
Cover_T172 -14
Cover_T173 26
Cover_T174 -34
Cover_T175 18
Cover_T176 -6
Cover_T177 24
Cover_T178 -6
Cover_T179 24
Cover_T180 -28
Cover_T181 38
Cover_T182 -12
Cover_T183 54
Cover_T184 -14
Cover_T185 26
Cover_T186 -30
Cover_T187 28
Cover_T188 -18
Cover_T189 30
Cover_T190 -18
Cover_T191 32
Cover_T192 -18
Cover_T193 34
Cover_T194 -18
Cover_T195 52
Cover_T196 -20
Cover_T197 34
Cover_T198 -18
Cover_T199 24
Cover_T200 -24
Cover_T201 26
Cover_T202 -28
Cover_T203 24
Cover_T204 -26
Cover_T205 52
Cover_T206 -26
Cover_T207 36
Cover_T208 -26
Cover_T209 40
Cover_T210 -36
Cover_T211 36
Cover_T212 -24
Cover_T213 38
Cover_T214 -40
Cover_T215 36
Cover_T216 -26
Cover_T217 54
Cover_T218 -26
Cover_T219 44
Cover_T220 -24
Cover_T221 60
Cover_T222 -36
Cover_T223 48
Cover_T224 -34
Cover_T225 48
Cover_T226 -28
Cover_T227 40
Cover_T228 -34
Cover_T229 60
Cover_T230 -42
Cover_T231 60
Cover_T232 -42
Cover_T233 54
Cover_T234 -36
Cover_T235 66
Cover_T236 -38
Cover_T237 66
Cover_T238 -38
Cover_T239 66
Cover_T240 -38
Cover_T241 52
Cover_T242 -52
Cover_T243 54
Cover_T244 -50
Cover_T245 54
Cover_T246 -52
Cover_T247 54
Cover_T248 -50
Cover_T249 56
Cover_T250 -50
Cover_T251 54
Cover_T252 -46
Cover_T253 56
Cover_T254 -46
Cover_T255 60
Cover_T256 -46
Cover_T257 60
Cover_T258 -42
Cover_T259 54
Cover_T260 -42
Cover_T261 54
Cover_T262 -42
Cover_T263 54
Cover_T264 -48
Cover_T265 50
Cover_T266 -44
Cover_T267 48
Cover_T268 -38
Cover_T269 54
Cover_T270 -38
Cover_T271 62
Cover_T272 -20
Cover_T273 50
Cover_T274 -32
Cover_T275 70
Cover_T276 992
Cover_T277 58
Cover_T278 986
Cover_T279 46
Cover_T280 980
Cover_T281 1024
Cover_T282 994
Cover_T283 1036
Cover_T284 970
Cover_T285 12
Cover_T286 982
Cover_T287 14
Cover_T288 994
Cover_T289 12
Cover_T290 0
Cover_T291 -8
Cover_T292 -2
Cover_T293 6
Cover_T294 -6
Cover_T295 0
Cover_T296 8
Cover_T297 -16
Cover_T298 -6
Cover_T299 -36
Cover_T300 1.15108e-12
Cover_T301 1.93559e-11
Cover_T302 20
Cover_T303 2
Cover_T304 48
Cover_T305 -26
Cover_T306 16
Cover_T307 6
Cover_T308 18
Cover_T309 4
Cover_T310 46
Cover_T311 -2
Cover_T312 2
Cover_T313 0
Cover_T314 0
Cover_T315 0
Cover_T316 2
Cover_T317 -16
Cover_T318 3.50653e-11
Cover_T319 -36
Cover_T320 4.11846e-12
Cover_T321 4
Cover_T322 20
Cover_T323 -24
Cover_T324 48
Cover_T325 4
Cover_T326 16
Cover_T327 6
Cover_T328 44
Cover_T329 6
Cover_T330 16
Cover_T331 6
Cover_T332 14
Cover_T333 4.77485e-11
Cover_T334 14
Cover_T335 6
Cover_T336 14
Cover_T337 6
Cover_T338 20
Cover_T339 -4.71871e-11
Cover_T340 8
Cover_T341 -8
Cover_T342 5.49072e-12
Cover_T343 -4
Cover_T344 0
Cover_T345 -24
Cover_T346 8
Cover_T347 -44
Cover_T348 4
Cover_T349 -36
Cover_T350 24
Cover_T351 -32
Cover_T352 52
Cover_T353 -3.89568e-11
Cover_T354 52
Cover_T355 2
Cover_T356 52
Cover_T357 6
Cover_T358 20
Cover_T359 -14
Cover_T360 14
Cover_T361 -8
Cover_T362 2
Cover_T363 -2
Cover_T364 14
Cover_T365 -12
Cover_T366 8
Cover_T367 -32
Cover_T368 2
Cover_T369 -52
Cover_T370 16
Cover_T371 -48
Cover_T372 32
Cover_T373 -2
Cover_T374 56
Cover_T375 -8
Cover_T376 52
Cover_T377 6
Cover_T378 8
Cover_T379 2
Cover_T380 16
Cover_T381 -2
Cover_T382 12
Cover_T383 1.02318e-10
Cover_T384 18
Cover_T385 -4
Cover_T386 18
Cover_T387 -4
Cover_T388 26
Cover_T389 -22
Cover_T390 24
Cover_T391 -36
Cover_T392 24
Cover_T393 -6
Cover_T394 22
Cover_T395 -16
Cover_T396 38
Cover_T397 -12
Cover_T398 54
Cover_T399 -18
Cover_T400 28
Cover_T401 -30
Cover_T402 36
Cover_T403 -50
Cover_T404 30
Cover_T405 -18
Cover_T406 36
Cover_T407 -18
Cover_T408 56
Cover_T409 -24
Cover_T410 24
Cover_T411 -20
Cover_T412 26
Cover_T413 -20
Cover_T414 24
Cover_T415 -24
Cover_T416 28
Cover_T417 -28
Cover_T418 26
Cover_T419 -44
Cover_T420 30
Cover_T421 -24
Cover_T422 30
Cover_T423 -24
Cover_T424 34
Cover_T425 -40
Cover_T426 52
Cover_T427 -34
Cover_T428 36
Cover_T429 -34
Cover_T430 40
Cover_T431 -34
Cover_T432 34
Cover_T433 -44
Cover_T434 34
Cover_T435 -32
Cover_T436 34
Cover_T437 -48
Cover_T438 44
Cover_T439 -28
Cover_T440 64
Cover_T441 -24
Cover_T442 36
Cover_T443 -30
Cover_T444 52
Cover_T445 -24
Cover_T446 60
Cover_T447 -26
Cover_T448 38
Cover_T449 -46
Cover_T450 42
Cover_T451 -28
Cover_T452 46
Cover_T453 -42
Cover_T454 38
Cover_T455 -28
Cover_T456 44
Cover_T457 -36
Cover_T458 56
Cover_T459 -50
Cover_T460 52
Cover_T461 -50
Cover_T462 46
Cover_T463 -50
Cover_T464 52
Cover_T465 -38
Cover_T466 66
Cover_T467 -38
Cover_T468 66
Cover_T469 -38
Cover_T470 60
Cover_T471 -46
Cover_T472 60
Cover_T473 -42
Cover_T474 54
Cover_T475 -44
Cover_T476 52
Cover_T477 -44
Cover_T478 52
Cover_T479 -44
Cover_T480 52
Cover_T481 -40
Cover_T482 48
Cover_T483 -40
Cover_T484 56
Cover_T485 -40
Cover_T486 60
Cover_T487 -22
Cover_T488 46
Cover_T489 -34
Cover_T490 68
Cover_T491 992
Cover_T492 64
Cover_T493 994
Cover_T494 54
Cover_T495 982
Cover_T496 48
Cover_T497 992
Cover_T498 1032
Cover_T499 994
Cover_T500 1036
Cover_T501 986
Cover_T502 1034
Cover_T503 994
Cover_T504 1042
Cover_T505 982
Cover_T506 1022
Cover_T507 990
Cover_T508 1028
Cover_T509 994
Cover_T510 1038
Cover_T511 970
Cover_T512 10
Cover_T513 978
Cover_T514 0
Cover_T515 986
Cover_T516 16
Cover_T517 994
Cover_T518 6
Cover_T519 -6
Cover_T520 2
Cover_T521 2
Cover_T522 3.5277e-10
Cover_T523 -2
Cover_T524 -20
Cover_T525 -1.75532e-10
Cover_T526 -40
Cover_T527 0
Cover_T528 0
Cover_T529 6
Cover_T530 6
Cover_T531 8
Cover_T532 -12
Cover_T533 24
Cover_T534 -28
Cover_T535 40
Cover_T536 -44
Cover_T537 0
Cover_T538 4
Cover_T539 12
Cover_T540 6
Cover_T541 2
Cover_T542 -9.39127e-12
Cover_T543 18
Cover_T544 4
Cover_T545 34
Cover_T546 2
Cover_T547 52
Cover_T548 2
Cover_T549 8
Cover_T550 -14
Cover_T551 0
Cover_T552 -34
Cover_T553 0
Cover_T554 6
Cover_T555 6
Cover_T556 -14
Cover_T557 6
Cover_T558 -34
Cover_T559 20
Cover_T560 6
Cover_T561 36
Cover_T562 -10
Cover_T563 52
Cover_T564 4
Cover_T565 8
Cover_T566 -12
Cover_T567 24
Cover_T568 8.40537e-11
Cover_T569 40
Cover_T570 6
Cover_T571 3.9563e-11
Cover_T572 -4
Cover_T573 16
Cover_T574 -4
Cover_T575 14
Cover_T576 2
Cover_T577 14
Cover_T578 2
Cover_T579 14
Cover_T580 6
Cover_T581 20
Cover_T582 2
Cover_T583 14
Cover_T584 -26
Cover_T585 14
Cover_T586 -26
Cover_T587 10
Cover_T588 -26
Cover_T589 14
Cover_T590 6
Cover_T591 36
Cover_T592 -10
Cover_T593 52
Cover_T594 4
Cover_T595 40
Cover_T596 -12
Cover_T597 28
Cover_T598 4
Cover_T599 44
Cover_T600 -4
Cover_T601 -5.39373e-11
Cover_T602 6
Cover_T603 16
Cover_T604 10
Cover_T605 2
Cover_T606 -3.723e-11
Cover_T607 18
Cover_T608 -6
Cover_T609 2
Cover_T610 -22
Cover_T611 10
Cover_T612 -38
Cover_T613 -1.95691e-10
Cover_T614 -30
Cover_T615 0
Cover_T616 -46
Cover_T617 10
Cover_T618 4
Cover_T619 18
Cover_T620 6
Cover_T621 38
Cover_T622 2
Cover_T623 54
Cover_T624 4
Cover_T625 42
Cover_T626 -1.56e-11
Cover_T627 62
Cover_T628 0
Cover_T629 12
Cover_T630 -8
Cover_T631 14
Cover_T632 -4
Cover_T633 16
Cover_T634 -4
Cover_T635 14
Cover_T636 -10
Cover_T637 12
Cover_T638 -24
Cover_T639 16
Cover_T640 -40
Cover_T641 32
Cover_T642 -10
Cover_T643 12
Cover_T644 -18
Cover_T645 18
Cover_T646 -12
Cover_T647 28
Cover_T648 -22
Cover_T649 44
Cover_T650 -24
Cover_T651 60
Cover_T652 -36
Cover_T653 30
Cover_T654 -14
Cover_T655 30
Cover_T656 -18
Cover_T657 42
Cover_T658 -18
Cover_T659 34
Cover_T660 -18
Cover_T661 34
Cover_T662 -18
Cover_T663 32
Cover_T664 -18
Cover_T665 44
Cover_T666 -18
Cover_T667 56
Cover_T668 -18
Cover_T669 34
Cover_T670 -24
Cover_T671 24
Cover_T672 -20
Cover_T673 32
Cover_T674 -42
Cover_T675 28
Cover_T676 -26
Cover_T677 24
Cover_T678 -30
Cover_T679 38
Cover_T680 -24
Cover_T681 30
Cover_T682 -24
Cover_T683 50
Cover_T684 -24
Cover_T685 34
Cover_T686 -34
Cover_T687 42
Cover_T688 -24
Cover_T689 36
Cover_T690 -38
Cover_T691 36
Cover_T692 -24
Cover_T693 44
Cover_T694 -24
Cover_T695 56
Cover_T696 -24
Cover_T697 50
Cover_T698 -24
Cover_T699 46
Cover_T700 -30
Cover_T701 54
Cover_T702 -28
Cover_T703 66
Cover_T704 -36
Cover_T705 60
Cover_T706 -36
Cover_T707 54
Cover_T708 -36
Cover_T709 60
Cover_T710 -38
Cover_T711 60
Cover_T712 -44
Cover_T713 60
Cover_T714 -44
Cover_T715 14
Cover_T716 -2
Cover_T717 10
Cover_T718 6
Cover_T719 22
Cover_T720 2
Cover_T721 48
Cover_T722 10
Cover_T723 32
Cover_T724 0
Cover_T725 16
Cover_T726 0
Cover_T727 4
Cover_T728 12
Cover_T729 8
Cover_T730 12
Cover_T731 16
Cover_T732 1006
Cover_T733 4
Cover_T734 1016
Cover_T735 1042
Cover_T736 1030
Cover_T737 1088
Cover_T738 1042
Cover_T739 1088
Cover_T740 1042
Cover_T741 1070
Cover_T742 1038
Cover_T743 1070
Cover_T744 1030
Cover_T745 58
Cover_T746 1042
Cover_T747 60
Cover_T748 0
Cover_T749 46
Cover_T750 -36
Cover_T751 46
Cover_T752 8
Cover_T753 26
Cover_T754 52
Cover_T755 -14
Cover_T756 52
Cover_T757 -14
Cover_T758 6
Cover_T759 0
Cover_T760 42
Cover_T761 0
Cover_T762 60
Cover_T763 52
Cover_T764 42
Cover_T765 32
Cover_T766 64
Cover_T767 12
Cover_T768 34
Cover_T769 36
Cover_T770 36
Cover_T771 10
Cover_T772 -8
Cover_T773 42
Cover_T774 26
Cover_T775 24
Cover_T776 0
Cover_T777 38
Cover_T778 28
Cover_T779 8
Cover_T780 18
Cover_T781 30
Cover_T782 52
Count_D0 -984
Count_D1 -1000
Max_H0_P0 0
Max_H0_P1 0
Max_H0_P2 0
Max_H0_P3 0
Max_H0_P4 0
Max_H0_P5 6.95477e-11
Max_H0_P6 -1.83228e-10
Max_H0_P7 0
Max_H0_P8 0
Max_H0_P9 0
Max_H0_P10 0
Max_H0_P11 0
Max_H0_P12 0
Max_H0_P13 0
Max_H0_P14 0
Max_H0_P15 5.4472e-12
Max_H0_P16 -4.98801e-12
Max_H0_P17 -1.18099e-11
Max_H0_P18 2.38342e-11
Max_H0_P19 0
Max_H0_P20 2.91899e-11
Max_H0_P21 -4.27889e-11
Max_H0_P22 4.30521e-11
Max_H0_P23 0
Max_H0_P24 -4.21763e-12
Max_H0_P25 1.20242e-11
Max_H0_P26 -7.06279e-12
Max_H0_P27 5.99742e-12
Max_H0_P28 -3.62233e-12
Max_H0_P29 3.77073e-11
Max_H0_P30 -2.8364e-11
Max_H0_P31 0
Max_H0_P32 7.59086e-12
Max_H0_P33 1.20744e-12
Max_H0_P34 7.59086e-12
Max_H0_P35 -1.33507e-11
Max_H0_P36 0
Max_H0_P37 2.16088e-11
Max_H0_P38 -1.33842e-11
Max_H0_P39 0
Max_H0_P40 -3.16922e-11
Max_H0_P41 0
Max_H0_P42 -1.34452e-11
Max_H0_P43 -4.87121e-12
Max_H0_P44 0
Max_H0_P45 0
Max_H0_P46 0
Max_H0_P47 0
Max_H0_P48 0
Max_H0_P49 0
Max_H0_P50 0
Max_H0_P51 0
Max_H0_P52 0
Max_H0_P53 0
Max_H0_P54 0
Max_H0_P55 0
Max_H0_P56 0
Max_H0_P57 0
Max_H0_P58 0
Max_H0_P59 0
Max_H0_P60 0
Max_H0_P61 0
Max_H0_P62 0
Max_H0_P63 0
Max_H0_P64 0
Max_H0_P65 -0
Max_H0_P66 0
Max_H0_P67 0
Max_H0_P68 0
Max_H0_P69 0
Max_H0_P70 0
Max_H0_P71 0
Max_H0_P72 0
Max_H0_P73 0
Max_H0_P74 0
Max_H0_P75 0
Max_H0_P76 0
Max_H0_P77 0
Max_H0_P78 -0
Max_H0_P79 0
Max_H0_P80 0
Max_H0_P81 0
Max_H1_P0 0
Max_H1_P1 0
Max_H1_P2 0
Max_H1_P3 0
Max_H1_P4 0
Max_H1_P5 1.03157e-10
Max_H1_P6 -1.49117e-10
Max_H1_P7 0
Max_H1_P8 0
Max_H1_P9 0
Max_H1_P10 0
Max_H1_P11 0
Max_H1_P12 0
Max_H1_P13 0
Max_H1_P14 0
Max_H1_P15 -3.15481e-12
Max_H1_P16 -1.46063e-11
Max_H1_P17 3.10937e-12
Max_H1_P18 -1.25642e-11
Max_H1_P19 0
Max_H1_P20 0
Max_H1_P21 7.80661e-12
Max_H1_P22 -9.99386e-12
Max_H1_P23 -1.45945e-11
Max_H1_P24 1.18085e-11
Max_H1_P25 2.39453e-12
Max_H1_P26 -6.61216e-12
Max_H1_P27 2.78287e-11
Max_H1_P28 -1.25568e-11
Max_H1_P29 0
Max_H1_P30 0
Max_H1_P31 2.12166e-11
Max_H1_P32 0
Max_H1_P33 9.33561e-12
Max_H1_P34 1.363e-11
Max_H1_P35 -4.83169e-12
Max_H1_P36 0
Max_H1_P37 2.63234e-13
Max_H1_P38 -9.72733e-12
Max_H1_P39 0
Max_H1_P40 -1.48098e-11
Max_H1_P41 0
Max_H1_P42 -1.33842e-11
Max_H1_P43 -1.89509e-12
Max_H1_P44 5.45383e-12
Max_H1_P45 0
Max_H1_P46 7.32073e-12
Max_H1_P47 0
Max_H1_P48 0
Max_H1_P49 0
Max_H1_P50 0
Max_H1_P51 0
Max_H1_P52 4.86424e-11
Max_H1_P53 0
Max_H1_P54 0
Max_H1_P55 0
Max_H1_P56 0
Max_H1_P57 0
Max_H1_P58 1.45395e-11
Max_H1_P59 0
Max_H1_P60 0
Max_H1_P61 0
Max_H1_P62 0
Max_H1_P63 0
Max_H1_P64 0
Max_H1_P65 -7.87548e-12
Max_H1_P66 6.92957e-12
Max_H1_P67 0
Max_H1_P68 0
Max_H1_P69 0
Max_H1_P70 0
Max_H1_P71 0
Max_H1_P72 0
Max_H1_P73 0
Max_H1_P74 0
Max_H1_P75 0
Max_H1_P76 0
Max_H1_P77 6.76437e-12
Max_H1_P78 3.83693e-12
Max_H1_P79 0
Max_H1_P80 0
Max_H1_P81 0
