Cover_T0 52
Cover_T1 -52
Cover_T2 52
Cover_T3 -52
Cover_T4 52
Cover_T5 -52
Cover_T6 52
Cover_T7 -52
Cover_T8 56
Cover_T9 -48
Cover_T10 56
Cover_T11 -48
Cover_T12 62
Cover_T13 -42
Cover_T14 60
Cover_T15 -42
Cover_T16 56
Cover_T17 -32
Cover_T18 56
Cover_T19 -34
Cover_T20 64
Cover_T21 4
Cover_T22 50
Cover_T23 -16
Cover_T24 56
Cover_T25 26
Cover_T26 128
Cover_T27 44
Cover_T28 958
Cover_T29 942
Cover_T30 1032
Cover_T31 946
Cover_T32 972
Cover_T33 884
Cover_T34 960
Cover_T35 0
Cover_T36 48
Cover_T37 -22
Cover_T38 16
Cover_T39 -24
Cover_T40 50
Cover_T41 -26
Cover_T42 18
Cover_T43 6
Cover_T44 4
Cover_T45 -32
Cover_T46 6
Cover_T47 2.96758e-10
Cover_T48 -22
Cover_T49 14
Cover_T50 0
Cover_T51 8
Cover_T52 12
Cover_T53 28
Cover_T54 -6
Cover_T55 52
Cover_T56 -30
Cover_T57 2
Cover_T58 20
Cover_T59 4
Cover_T60 20
Cover_T61 28
Cover_T62 20
Cover_T63 52
Cover_T64 52
Cover_T65 2
Cover_T66 28
Cover_T67 2
Cover_T68 52
Cover_T69 2
Cover_T70 28
Cover_T71 -20
Cover_T72 2.64322e-12
Cover_T73 -24
Cover_T74 28
Cover_T75 4
Cover_T76 10
Cover_T77 0
Cover_T78 2
Cover_T79 0
Cover_T80 0
Cover_T81 8
Cover_T82 -1.47398e-11
Cover_T83 16
Cover_T84 -6
Cover_T85 10
Cover_T86 -30
Cover_T87 2
Cover_T88 22
Cover_T89 14
Cover_T90 -2
Cover_T91 28
Cover_T92 -26
Cover_T93 52
Cover_T94 22
Cover_T95 8
Cover_T96 32
Cover_T97 40
Cover_T98 0
Cover_T99 -8.49129e-10
Cover_T100 -2
Cover_T101 6
Cover_T102 -16
Cover_T103 12
Cover_T104 46
Cover_T105 10
Cover_T106 30
Cover_T107 28
Cover_T108 40
Cover_T109 44
Cover_T110 28
Cover_T111 -16
Cover_T112 2
Cover_T113 8
Cover_T114 6
Cover_T115 7.64771e-10
Cover_T116 16
Cover_T117 20
Cover_T118 -18
Cover_T119 34
Cover_T120 0
Cover_T121 22
Cover_T122 20
Cover_T123 44
Cover_T124 2.31012e-10
Cover_T125 64
Cover_T126 24
Cover_T127 42
Cover_T128 12
Cover_T129 20
Cover_T130 10
Cover_T131 40
Cover_T132 10
Cover_T133 8
Cover_T134 -22
Cover_T135 16
Cover_T136 -42
Cover_T137 36
Cover_T138 -8
Cover_T139 54
Cover_T140 -8
Cover_T141 54
Cover_T142 -8
Cover_T143 28
Cover_T144 -22
Cover_T145 26
Cover_T146 -16
Cover_T147 26
Cover_T148 -22
Cover_T149 34
Cover_T150 -26
Cover_T151 46
Cover_T152 -30
Cover_T153 60
Cover_T154 -26
Cover_T155 70
Cover_T156 -18
Cover_T157 80
Cover_T158 -28
Cover_T159 56
Cover_T160 -40
Cover_T161 56
Cover_T162 -40
Cover_T163 52
Cover_T164 -52
Cover_T165 52
Cover_T166 -42
Cover_T167 64
Cover_T168 -42
Cover_T169 64
Cover_T170 -32
Cover_T171 58
Cover_T172 8.17188e-10
Cover_T173 50
Cover_T174 -24
Cover_T175 50
Cover_T176 10
Cover_T177 84
Cover_T178 4
Cover_T179 84
Cover_T180 34
Cover_T181 970
Cover_T182 938
Cover_T183 984
Cover_T184 870
Cover_T185 938
Cover_T186 0
Cover_T187 972
Cover_T188 14
Cover_T189 50
Cover_T190 -30
Cover_T191 30
Cover_T192 -20
Cover_T193 52
Cover_T194 -10
Cover_T195 12
Cover_T196 -46
Cover_T197 -2
Cover_T198 -14
Cover_T199 0
Cover_T200 -8.43059e-11
Cover_T201 -28
Cover_T202 -2
Cover_T203 14
Cover_T204 26
Cover_T205 4
Cover_T206 4
Cover_T207 -28
Cover_T208 0
Cover_T209 14
Cover_T210 26
Cover_T211 10
Cover_T212 50
Cover_T213 10
Cover_T214 4.88853e-11
Cover_T215 42
Cover_T216 0
Cover_T217 18
Cover_T218 -1.05239e-10
Cover_T219 42
Cover_T220 -32
Cover_T221 18
Cover_T222 -8
Cover_T223 10
Cover_T224 -32
Cover_T225 10
Cover_T226 -8
Cover_T227 2
Cover_T228 0
Cover_T229 10
Cover_T230 10
Cover_T231 14
Cover_T232 6
Cover_T233 -2.2407e-11
Cover_T234 2
Cover_T235 0
Cover_T236 10
Cover_T237 -22
Cover_T238 -4.0764e-12
Cover_T239 22
Cover_T240 20
Cover_T241 -10
Cover_T242 52
Cover_T243 -38
Cover_T244 4.73595e-11
Cover_T245 14
Cover_T246 24
Cover_T247 32
Cover_T248 48
Cover_T249 8
Cover_T250 0
Cover_T251 14
Cover_T252 -18
Cover_T253 -2
Cover_T254 18
Cover_T255 52
Cover_T256 22
Cover_T257 14
Cover_T258 56
Cover_T259 20
Cover_T260 0
Cover_T261 2
Cover_T262 -12
Cover_T263 4
Cover_T264 10
Cover_T265 20
Cover_T266 28
Cover_T267 -4
Cover_T268 20
Cover_T269 -30
Cover_T270 18
Cover_T271 18
Cover_T272 70
Cover_T273 10
Cover_T274 30
Cover_T275 2
Cover_T276 12
Cover_T277 0
Cover_T278 18
Cover_T279 -8
Cover_T280 8
Cover_T281 -28
Cover_T282 10
Cover_T283 -48
Cover_T284 22
Cover_T285 -44
Cover_T286 32
Cover_T287 -12
Cover_T288 58
Cover_T289 -8
Cover_T290 58
Cover_T291 -8
Cover_T292 14
Cover_T293 -12
Cover_T294 18
Cover_T295 -12
Cover_T296 14
Cover_T297 -30
Cover_T298 24
Cover_T299 -26
Cover_T300 20
Cover_T301 -18
Cover_T302 34
Cover_T303 -42
Cover_T304 36
Cover_T305 -30
Cover_T306 44
Cover_T307 -18
Cover_T308 56
Cover_T309 -18
Cover_T310 68
Cover_T311 -28
Cover_T312 60
Cover_T313 -40
Cover_T314 64
Cover_T315 -40
Cover_T316 56
Cover_T317 54
Cover_T318 -32
Cover_T319 70
Cover_T320 7.88493e-10
Cover_T321 56
Cover_T322 -32
Cover_T323 128
Cover_T324 44
Cover_T325 988
Cover_T326 944
Cover_T327 960
Cover_T328 942
Cover_T329 1014
Cover_T330 948
Cover_T331 986
Cover_T332 876
Cover_T333 940
Cover_T334 10
Cover_T335 52
Cover_T336 -46
Cover_T337 28
Cover_T338 -26
Cover_T339 2
Cover_T340 -40
Cover_T341 56
Cover_T342 -20
Cover_T343 32
Cover_T344 -34
Cover_T345 12
Cover_T346 -14
Cover_T347 10
Cover_T348 6
Cover_T349 18
Cover_T350 -32
Cover_T351 -10
Cover_T352 2.17635e-10
Cover_T353 -42
Cover_T354 14
Cover_T355 0
Cover_T356 8
Cover_T357 -2
Cover_T358 28
Cover_T359 -26
Cover_T360 52
Cover_T361 -50
Cover_T362 2
Cover_T363 0
Cover_T364 4
Cover_T365 -6.72742e-11
Cover_T366 28
Cover_T367 0
Cover_T368 52
Cover_T369 32
Cover_T370 2
Cover_T371 8
Cover_T372 2
Cover_T373 32
Cover_T374 2
Cover_T375 8
Cover_T376 -30
Cover_T377 1.04222e-10
Cover_T378 -6
Cover_T379 0
Cover_T380 -30
Cover_T381 24
Cover_T382 -6
Cover_T383 -3.69482e-12
Cover_T384 2
Cover_T385 0
Cover_T386 2
Cover_T387 0
Cover_T388 -22
Cover_T389 6
Cover_T390 2
Cover_T391 14
Cover_T392 2
Cover_T393 0
Cover_T394 2
Cover_T395 -12
Cover_T396 1.51772e-11
Cover_T397 -44
Cover_T398 0
Cover_T399 8.6704e-12
Cover_T400 10
Cover_T401 -32
Cover_T402 42
Cover_T403 12
Cover_T404 -8
Cover_T405 34
Cover_T406 12
Cover_T407 14
Cover_T408 32
Cover_T409 -6
Cover_T410 56
Cover_T411 4
Cover_T412 -8.53859e-10
Cover_T413 -4
Cover_T414 -14
Cover_T415 -24
Cover_T416 0
Cover_T417 38
Cover_T418 26
Cover_T419 26
Cover_T420 26
Cover_T421 44
Cover_T422 36
Cover_T423 22
Cover_T424 58
Cover_T425 6
Cover_T426 -8
Cover_T427 0
Cover_T428 12
Cover_T429 30
Cover_T430 -4
Cover_T431 4
Cover_T432 32
Cover_T433 -24
Cover_T434 40
Cover_T435 4
Cover_T436 2
Cover_T437 22
Cover_T438 24
Cover_T439 0
Cover_T440 44
Cover_T441 24
Cover_T442 74
Cover_T443 24
Cover_T444 42
Cover_T445 12
Cover_T446 20
Cover_T447 10
Cover_T448 40
Cover_T449 10
Cover_T450 8
Cover_T451 -32
Cover_T452 12
Cover_T453 -8
Cover_T454 42
Cover_T455 -14
Cover_T456 56
Cover_T457 -14
Cover_T458 56
Cover_T459 -14
Cover_T460 30
Cover_T461 -12
Cover_T462 26
Cover_T463 -12
Cover_T464 26
Cover_T465 -14
Cover_T466 44
Cover_T467 -14
Cover_T468 58
Cover_T469 -18
Cover_T470 64
Cover_T471 -18
Cover_T472 72
Cover_T473 -20
Cover_T474 62
Cover_T475 -28
Cover_T476 62
Cover_T477 -28
Cover_T478 58
Cover_T479 -40
Cover_T480 56
Cover_T481 -40
Cover_T482 54
Cover_T483 66
Cover_T484 14
Cover_T485 22
Cover_T486 40
Cover_T487 38
Cover_T488 40
Cover_T489 96
Cover_T490 86
Cover_T491 970
Cover_T492 980
Cover_T493 1024
Cover_T494 964
Cover_T495 978
Cover_T496 984
Cover_T497 932
Cover_T498 912
Cover_T499 12
Cover_T500 0
Cover_T501 62
Cover_T502 -26
Cover_T503 56
Cover_T504 18
Cover_T505 52
Cover_T506 52
Cover_T507 -20
Cover_T508 62
Cover_T509 34
Cover_T510 48
Cover_T511 10
Cover_T512 72
Cover_T513 74
Cover_T514 76
Cover_T515 54
Cover_T516 4
Cover_T517 66
Cover_T518 38
Cover_T519 52
Cover_T520 0
Cover_T521 4
Cover_T522 0
Cover_T523 4
Cover_T524 10
Cover_T525 58
Cover_T526 60
Cover_T527 56
Cover_T528 66
Count_D0 -984
Count_D1 -1000
Max_H0_P0 0
Max_H0_P1 0
Max_H0_P2 0
Max_H0_P3 0
Max_H0_P4 0
Max_H0_P5 0
Max_H0_P6 0
Max_H0_P7 0
Max_H0_P8 0
Max_H0_P9 0
Max_H0_P10 0
Max_H0_P11 0
Max_H0_P12 0
Max_H0_P13 0
Max_H0_P14 0
Max_H0_P15 0
Max_H0_P16 0
Max_H0_P17 0
Max_H0_P18 -2.49223e-11
Max_H0_P19 4.19664e-11
Max_H0_P20 0
Max_H0_P21 6.8866e-12
Max_H0_P22 -1.84297e-12
Max_H0_P23 -1.1994e-11
Max_H0_P24 -1.54898e-11
Max_H0_P25 4.28457e-12
Max_H0_P26 -3.70558e-11
Max_H0_P27 4.00276e-12
Max_H0_P28 -1.09512e-12
Max_H0_P29 0
Max_H0_P30 -8.52651e-12
Max_H0_P31 0
Max_H0_P32 0
Max_H0_P33 -6.08136e-12
Max_H0_P34 2.30926e-14
Max_H0_P35 -2.84217e-12
Max_H0_P36 -1.77494e-11
Max_H0_P37 2.57536e-11
Max_H0_P38 -3.47109e-11
Max_H0_P39 -1.35032e-12
Max_H0_P40 0
Max_H0_P41 2.52411e-11
Max_H0_P42 0
Max_H0_P43 0
Max_H0_P44 0
Max_H0_P45 0
Max_H0_P46 0
Max_H0_P47 0
Max_H0_P48 0
Max_H0_P49 0
Max_H0_P50 0
Max_H0_P51 0
Max_H0_P52 0
Max_H0_P53 0
Max_H0_P54 0
Max_H0_P55 0
Max_H0_P56 0
Max_H0_P57 0
Max_H0_P58 0
Max_H0_P59 0
Max_H0_P60 0
Max_H0_P61 0
Max_H0_P62 0
Max_H0_P63 0
Max_H0_P64 0
Max_H0_P65 0
Max_H0_P66 0
Max_H0_P67 0
Max_H0_P68 0
Max_H0_P69 0
Max_H0_P70 0
Max_H0_P71 0
Max_H0_P72 0
Max_H0_P73 0
Max_H0_P74 0
Max_H0_P75 0
Max_H0_P76 0
Max_H0_P77 0
Max_H0_P78 0
Max_H0_P79 0
Max_H0_P80 0
Max_H0_P81 0
Max_H1_P0 0
Max_H1_P1 0
Max_H1_P2 0
Max_H1_P3 0
Max_H1_P4 0
Max_H1_P5 0
Max_H1_P6 0
Max_H1_P7 0
Max_H1_P8 0
Max_H1_P9 0
Max_H1_P10 0
Max_H1_P11 0
Max_H1_P12 0
Max_H1_P13 0
Max_H1_P14 0
Max_H1_P15 0
Max_H1_P16 -2.4269e-12
Max_H1_P17 3.37872e-11
Max_H1_P18 -3.38164e-12
Max_H1_P19 0
Max_H1_P20 4.43023e-12
Max_H1_P21 0
Max_H1_P22 -9.27875e-12
Max_H1_P23 -2.1071e-11
Max_H1_P24 1.52585e-11
Max_H1_P25 0
Max_H1_P26 0
Max_H1_P27 -8.56204e-12
Max_H1_P28 -5.99921e-12
Max_H1_P29 -1.99094e-11
Max_H1_P30 0
Max_H1_P31 -5.91172e-12
Max_H1_P32 1.48978e-11
Max_H1_P33 3.72058e-12
Max_H1_P34 -8.48388e-12
Max_H1_P35 -1.44977e-11
Max_H1_P36 4.18698e-12
Max_H1_P37 -1.36424e-12
Max_H1_P38 6.52634e-12
Max_H1_P39 4.27036e-12
Max_H1_P40 -7.45271e-12
Max_H1_P41 1.06593e-12
Max_H1_P42 0
Max_H1_P43 1.6982e-12
Max_H1_P44 -2.95645e-11
Max_H1_P45 1.77636e-12
Max_H1_P46 0
Max_H1_P47 0
Max_H1_P48 0
Max_H1_P49 0
Max_H1_P50 0
Max_H1_P51 0
Max_H1_P52 0
Max_H1_P53 0
Max_H1_P54 0
Max_H1_P55 0
Max_H1_P56 0
Max_H1_P57 0
Max_H1_P58 0
Max_H1_P59 0
Max_H1_P60 -4.98801e-12
Max_H1_P61 1.90346e-11
Max_H1_P62 0
Max_H1_P63 0
Max_H1_P64 0
Max_H1_P65 0
Max_H1_P66 0
Max_H1_P67 0
Max_H1_P68 0
Max_H1_P69 0
Max_H1_P70 0
Max_H1_P71 0
Max_H1_P72 0
Max_H1_P73 0
Max_H1_P74 0
Max_H1_P75 0
Max_H1_P76 0
Max_H1_P77 0
Max_H1_P78 0
Max_H1_P79 0
Max_H1_P80 0
Max_H1_P81 0
