
Branch and bound

  Entire solving process        :                           (Time     49.2)
  No feasible solution was found
  Best relaxation cost          :     34988.23 (Node     0) (Time     49.2)
  Lower bound after cuts        :     34988.23
  End lower bound               :     34988.23
  Deepest level reached         : 0
  Deepest real level reached    : 0
  Number of real nodes solved   : 1
  Stopping condition            : enough nodes explored

Problem identification

  Problem                       : <null>
  Machine                       : oslo4.gerad.lan

Solving process summary

  Linear relaxations            :        1
  Column generation iterations  :      109
  Shortest paths solved         :     5887
  Columns generated             :    32511

Instance characteristics

  Resources                     : 3
  Node types                    : no
  Arc types                     : no
  Strong resource windows       : no
  Weak resource windows         : no
  Resource windows (nodes)      : 3
  Resource values (arcs)        : 3
  Values on nodes               : no

  Rows                          : 695
  Initial columns               : 308
  Tasks                         : 533
  Strong tasks                  : 358
  Weak tasks                    : 4
  Initial task constraints      : no
  Nodes                         : 861
  Arc sets                      : 1
  Arcs                          : 14724
  Networks                      : 2
  Models                        : 1

Memory used per module (Megs)

  Parser (reused)               :      3.398
  Networks                      :     22.159
  Column generator              :      3.511
  Master problem                :      6.979
  -----------------
  Total                         :     32.649

Cpu time per module (seconds)

  Parser                        :        0.0
  Preprocessor                  :        0.0
  Lr solver manager             :        0.1
  Column generator              :       13.1
    (Shortest path)             :       11.1
  Master problem                :       36.0
  -------------------
  Total (without b&b)           :       49.2

Real elapsed time (seconds)

  Parser                        :        0.0
  Preprocessor                  :        0.0
  Lr solver manager             :        0.1
  Column generator              :       13.0
    (Shortest path)             :       10.7
  Master problem                :       36.1
  -------------------
  Total (without b&b)           :       49.2
