
Branch and bound

  Entire solving process        :                           (Time    141.9)
  No feasible solution was found
  Best relaxation cost          :     64013.93 (Node     0) (Time    141.8)
  Lower bound after cuts        :     64013.93
  End lower bound               :     64013.93
  Deepest level reached         : 0
  Deepest real level reached    : 0
  Number of real nodes solved   : 1
  Stopping condition            : enough nodes explored

Problem identification

  Problem                       : <null>
  Machine                       : oslo2.gerad.lan

Solving process summary

  Linear relaxations            :        1
  Column generation iterations  :      109
  Shortest paths solved         :     6623
  Columns generated             :    52645

Instance characteristics

  Resources                     : 3
  Node types                    : no
  Arc types                     : no
  Strong resource windows       : no
  Weak resource windows         : no
  Resource windows (nodes)      : 3
  Resource values (arcs)        : 3
  Values on nodes               : no

  Rows                          : 1024
  Initial columns               : 462
  Tasks                         : 862
  Strong tasks                  : 580
  Weak tasks                    : 4
  Initial task constraints      : no
  Nodes                         : 1190
  Arc sets                      : 1
  Arcs                          : 34172
  Networks                      : 2
  Models                        : 1

Memory used per module (Megs)

  Parser (reused)               :      7.152
  Networks                      :     33.178
  Column generator              :      7.265
  Master problem                :     10.026
  -----------------
  Total                         :     50.468

Cpu time per module (seconds)

  Parser                        :        0.0
  Preprocessor                  :        0.0
  Lr solver manager             :        0.1
  Column generator              :       63.2
    (Shortest path)             :       52.6
  Master problem                :       78.5
  -------------------
  Total (without b&b)           :      141.8

Real elapsed time (seconds)

  Parser                        :        0.0
  Preprocessor                  :        0.0
  Lr solver manager             :        0.1
  Column generator              :       63.2
    (Shortest path)             :       52.6
  Master problem                :       78.7
  -------------------
  Total (without b&b)           :      142.0
