
Branch and bound

  Entire solving process        :                           (Time    151.6)
  No feasible solution was found
  Best relaxation cost          :     54936.98 (Node     0) (Time    151.6)
  Lower bound after cuts        :     54936.98
  End lower bound               :     54936.98
  Deepest level reached         : 0
  Deepest real level reached    : 0
  Number of real nodes solved   : 1
  Stopping condition            : enough nodes explored

Problem identification

  Problem                       : <null>
  Machine                       : oslo2.gerad.lan

Solving process summary

  Linear relaxations            :        1
  Column generation iterations  :      127
  Shortest paths solved         :     3564
  Columns generated             :    36939

Instance characteristics

  Resources                     : 3
  Node types                    : no
  Arc types                     : no
  Strong resource windows       : no
  Weak resource windows         : no
  Resource windows (nodes)      : 3
  Resource values (arcs)        : 3
  Values on nodes               : no

  Rows                          : 951
  Initial columns               : 2
  Tasks                         : 789
  Strong tasks                  : 785
  Weak tasks                    : 4
  Initial task constraints      : no
  Nodes                         : 1117
  Arc sets                      : 1
  Arcs                          : 29012
  Networks                      : 2
  Models                        : 1

Memory used per module (Megs)

  Parser (reused)               :      6.183
  Networks                      :     28.576
  Column generator              :      6.781
  Master problem                :      9.375
  -----------------
  Total                         :     44.732

Cpu time per module (seconds)

  Parser                        :        0.0
  Preprocessor                  :        0.0
  Lr solver manager             :        0.1
  Column generator              :       28.7
    (Shortest path)             :       25.0
  Master problem                :      122.7
  -------------------
  Total (without b&b)           :      151.5

Real elapsed time (seconds)

  Parser                        :        0.0
  Preprocessor                  :        0.0
  Lr solver manager             :        0.1
  Column generator              :       28.7
    (Shortest path)             :       25.0
  Master problem                :      122.9
  -------------------
  Total (without b&b)           :      151.8
