
Branch and bound

  Entire solving process        :                           (Time     60.6)
  No feasible solution was found
  Best relaxation cost          :     51265.28 (Node     0) (Time     60.5)
  Lower bound after cuts        :     51265.28
  End lower bound               :     51267.44
  Deepest level reached         : 0
  Deepest real level reached    : 0
  Number of real nodes solved   : 1
  Stopping condition            : enough nodes explored

Problem identification

  Problem                       : <null>
  Machine                       : oslo3.gerad.lan

Solving process summary

  Linear relaxations            :        1
  Column generation iterations  :      105
  Shortest paths solved         :     5977
  Columns generated             :    40014

Instance characteristics

  Resources                     : 3
  Node types                    : no
  Arc types                     : no
  Strong resource windows       : no
  Weak resource windows         : no
  Resource windows (nodes)      : 3
  Resource values (arcs)        : 3
  Values on nodes               : no

  Rows                          : 792
  Initial columns               : 370
  Tasks                         : 630
  Strong tasks                  : 421
  Weak tasks                    : 4
  Initial task constraints      : no
  Nodes                         : 958
  Arc sets                      : 1
  Arcs                          : 19808
  Networks                      : 2
  Models                        : 1

Memory used per module (Megs)

  Parser (reused)               :      4.367
  Networks                      :     25.065
  Column generator              :      3.390
  Master problem                :      7.780
  -----------------
  Total                         :     36.235

Cpu time per module (seconds)

  Parser                        :        0.0
  Preprocessor                  :        0.0
  Lr solver manager             :        0.1
  Column generator              :       18.9
    (Shortest path)             :       15.8
  Master problem                :       41.5
  -------------------
  Total (without b&b)           :       60.5

Real elapsed time (seconds)

  Parser                        :        0.0
  Preprocessor                  :        0.0
  Lr solver manager             :        0.0
  Column generator              :       18.9
    (Shortest path)             :       15.6
  Master problem                :       41.6
  -------------------
  Total (without b&b)           :       60.5
