
Branch and bound

  Entire solving process        :                           (Time     89.8)
  No feasible solution was found
  Best relaxation cost          :     51439.33 (Node     0) (Time     89.7)
  Lower bound after cuts        :     51439.33
  End lower bound               :     51439.33
  Deepest level reached         : 0
  Deepest real level reached    : 0
  Number of real nodes solved   : 1
  Stopping condition            : enough nodes explored

Problem identification

  Problem                       : <null>
  Machine                       : oslo5.gerad.lan

Solving process summary

  Linear relaxations            :        1
  Column generation iterations  :      128
  Shortest paths solved         :     2986
  Columns generated             :    26076

Instance characteristics

  Resources                     : 3
  Node types                    : no
  Arc types                     : no
  Strong resource windows       : no
  Weak resource windows         : no
  Resource windows (nodes)      : 3
  Resource values (arcs)        : 3
  Values on nodes               : no

  Rows                          : 792
  Initial columns               : 2
  Tasks                         : 630
  Strong tasks                  : 626
  Weak tasks                    : 4
  Initial task constraints      : no
  Nodes                         : 958
  Arc sets                      : 1
  Arcs                          : 19808
  Networks                      : 2
  Models                        : 1

Memory used per module (Megs)

  Parser (reused)               :      4.367
  Networks                      :     22.280
  Column generator              :      6.781
  Master problem                :      7.667
  -----------------
  Total                         :     36.727

Cpu time per module (seconds)

  Parser                        :        0.0
  Preprocessor                  :        0.0
  Lr solver manager             :        0.0
  Column generator              :       13.6
    (Shortest path)             :       11.6
  Master problem                :       76.1
  -------------------
  Total (without b&b)           :       89.7

Real elapsed time (seconds)

  Parser                        :        0.0
  Preprocessor                  :        0.0
  Lr solver manager             :        0.0
  Column generator              :       13.5
    (Shortest path)             :       11.5
  Master problem                :       76.2
  -------------------
  Total (without b&b)           :       89.7
