Cover_T0 52
Cover_T1 -52
Cover_T2 52
Cover_T3 -52
Cover_T4 52
Cover_T5 -52
Cover_T6 52
Cover_T7 -52
Cover_T8 52
Cover_T9 -52
Cover_T10 52
Cover_T11 -52
Cover_T12 52
Cover_T13 -52
Cover_T14 52
Cover_T15 -52
Cover_T16 52
Cover_T17 -52
Cover_T18 52
Cover_T19 -52
Cover_T20 54
Cover_T21 -52
Cover_T22 52
Cover_T23 -50
Cover_T24 56
Cover_T25 -50
Cover_T26 56
Cover_T27 -50
Cover_T28 56
Cover_T29 -48
Cover_T30 56
Cover_T31 -48
Cover_T32 56
Cover_T33 -46
Cover_T34 58
Cover_T35 -46
Cover_T36 54
Cover_T37 -46
Cover_T38 54
Cover_T39 -46
Cover_T40 56
Cover_T41 -46
Cover_T42 56
Cover_T43 -42
Cover_T44 54
Cover_T45 -44
Cover_T46 54
Cover_T47 -42
Cover_T48 54
Cover_T49 -40
Cover_T50 48
Cover_T51 -32
Cover_T52 52
Cover_T53 -40
Cover_T54 56
Cover_T55 -6.2383e-11
Cover_T56 1042
Cover_T57 994
Cover_T58 1038
Cover_T59 986
Cover_T60 1042
Cover_T61 992
Cover_T62 1042
Cover_T63 994
Cover_T64 1038
Cover_T65 992
Cover_T66 1030
Cover_T67 990
Cover_T68 1038
Cover_T69 994
Cover_T70 1042
Cover_T71 994
Cover_T72 1004
Cover_T73 -1.53935e-11
Cover_T74 12
Cover_T75 8
Cover_T76 20
Cover_T77 4
Cover_T78 4
Cover_T79 4
Cover_T80 6
Cover_T81 16
Cover_T82 4
Cover_T83 -3.38282e-10
Cover_T84 0
Cover_T85 3.48876e-12
Cover_T86 0
Cover_T87 -4
Cover_T88 4
Cover_T89 -5.30782e-11
Cover_T90 -8
Cover_T91 4
Cover_T92 -9.09672e-12
Cover_T93 -1.36424e-11
Cover_T94 4
Cover_T95 4
Cover_T96 4
Cover_T97 4
Cover_T98 3.70619e-11
Cover_T99 8
Cover_T100 2
Cover_T101 8
Cover_T102 2
Cover_T103 0
Cover_T104 6.19549e-11
Cover_T105 8
Cover_T106 0
Cover_T107 6
Cover_T108 6
Cover_T109 6
Cover_T110 -12
Cover_T111 4
Cover_T112 6
Cover_T113 5.18909e-11
Cover_T114 6
Cover_T115 2
Cover_T116 2.1835e-11
Cover_T117 6
Cover_T118 0
Cover_T119 22
Cover_T120 -9.28752e-12
Cover_T121 4
Cover_T122 -2
Cover_T123 0
Cover_T124 0
Cover_T125 0
Cover_T126 0
Cover_T127 5.09388e-11
Cover_T128 -14
Cover_T129 -4
Cover_T130 -30
Cover_T131 -2
Cover_T132 -46
Cover_T133 0
Cover_T134 -14
Cover_T135 8
Cover_T136 -30
Cover_T137 24
Cover_T138 -46
Cover_T139 40
Cover_T140 2
Cover_T141 52
Cover_T142 4
Cover_T143 16
Cover_T144 6
Cover_T145 28
Cover_T146 -6
Cover_T147 40
Cover_T148 2
Cover_T149 52
Cover_T150 2
Cover_T151 2
Cover_T152 2
Cover_T153 0
Cover_T154 -2
Cover_T155 -2
Cover_T156 0
Cover_T157 10
Cover_T158 2
Cover_T159 2
Cover_T160 2
Cover_T161 6
Cover_T162 4
Cover_T163 2
Cover_T164 4
Cover_T165 4
Cover_T166 2
Cover_T167 6
Cover_T168 0
Cover_T169 8
Cover_T170 -4
Cover_T171 6
Cover_T172 -20
Cover_T173 6
Cover_T174 -36
Cover_T175 2
Cover_T176 -52
Cover_T177 6
Cover_T178 0
Cover_T179 14
Cover_T180 0
Cover_T181 30
Cover_T182 -10
Cover_T183 46
Cover_T184 -3.76019e-11
Cover_T185 -9.60911e-11
Cover_T186 -2
Cover_T187 2.31282e-11
Cover_T188 -2
Cover_T189 4
Cover_T190 0
Cover_T191 2.50679e-11
Cover_T192 -12
Cover_T193 4.63796e-12
Cover_T194 -28
Cover_T195 -4
Cover_T196 -44
Cover_T197 8
Cover_T198 -6
Cover_T199 6
Cover_T200 -22
Cover_T201 22
Cover_T202 -38
Cover_T203 44
Cover_T204 -4
Cover_T205 60
Cover_T206 2
Cover_T207 22
Cover_T208 2
Cover_T209 34
Cover_T210 -10
Cover_T211 46
Cover_T212 3.97915e-10
Cover_T213 58
Cover_T214 2
Cover_T215 30
Cover_T216 1.58502e-09
Cover_T217 24
Cover_T218 -2
Cover_T219 18
Cover_T220 -8
Cover_T221 32
Cover_T222 -6
Cover_T223 26
Cover_T224 -2
Cover_T225 28
Cover_T226 -16
Cover_T227 26
Cover_T228 -10
Cover_T229 28
Cover_T230 -14
Cover_T231 30
Cover_T232 -36
Cover_T233 32
Cover_T234 -16
Cover_T235 30
Cover_T236 -20
Cover_T237 32
Cover_T238 -36
Cover_T239 36
Cover_T240 -18
Cover_T241 54
Cover_T242 -20
Cover_T243 34
Cover_T244 -38
Cover_T245 38
Cover_T246 -20
Cover_T247 54
Cover_T248 -22
Cover_T249 34
Cover_T250 -34
Cover_T251 36
Cover_T252 -22
Cover_T253 52
Cover_T254 -22
Cover_T255 34
Cover_T256 -24
Cover_T257 30
Cover_T258 -24
Cover_T259 26
Cover_T260 -32
Cover_T261 24
Cover_T262 -42
Cover_T263 24
Cover_T264 -24
Cover_T265 30
Cover_T266 -38
Cover_T267 26
Cover_T268 -24
Cover_T269 36
Cover_T270 -40
Cover_T271 54
Cover_T272 -28
Cover_T273 32
Cover_T274 -24
Cover_T275 50
Cover_T276 -24
Cover_T277 36
Cover_T278 -26
Cover_T279 52
Cover_T280 -40
Cover_T281 48
Cover_T282 -40
Cover_T283 42
Cover_T284 -26
Cover_T285 48
Cover_T286 -40
Cover_T287 52
Cover_T288 -26
Cover_T289 66
Cover_T290 -28
Cover_T291 62
Cover_T292 -34
Cover_T293 54
Cover_T294 -28
Cover_T295 68
Cover_T296 -36
Cover_T297 52
Cover_T298 -40
Cover_T299 44
Cover_T300 -42
Cover_T301 54
Cover_T302 -42
Cover_T303 54
Cover_T304 -44
Cover_T305 52
Cover_T306 -46
Cover_T307 52
Cover_T308 -52
Cover_T309 52
Cover_T310 -52
Cover_T311 56
Cover_T312 -50
Cover_T313 56
Cover_T314 -48
Cover_T315 56
Cover_T316 -48
Cover_T317 56
Cover_T318 -46
Cover_T319 58
Cover_T320 -46
Cover_T321 54
Cover_T322 -46
Cover_T323 54
Cover_T324 -46
Cover_T325 56
Cover_T326 -46
Cover_T327 54
Cover_T328 -44
Cover_T329 54
Cover_T330 -42
Cover_T331 54
Cover_T332 -42
Cover_T333 54
Cover_T334 -42
Cover_T335 56
Cover_T336 -38
Cover_T337 52
Cover_T338 0
Cover_T339 1042
Cover_T340 988
Cover_T341 1042
Cover_T342 992
Cover_T343 1042
Cover_T344 992
Cover_T345 1026
Cover_T346 992
Cover_T347 1004
Cover_T348 2
Cover_T349 16
Cover_T350 2
Cover_T351 8
Cover_T352 2
Cover_T353 10
Cover_T354 14
Cover_T355 6
Cover_T356 -2
Cover_T357 6
Cover_T358 -2
Cover_T359 2
Cover_T360 -6
Cover_T361 2
Cover_T362 -2
Cover_T363 6
Cover_T364 2
Cover_T365 -6
Cover_T366 -2
Cover_T367 2
Cover_T368 2
Cover_T369 6
Cover_T370 2
Cover_T371 6
Cover_T372 -2
Cover_T373 0
Cover_T374 10
Cover_T375 -6
Cover_T376 2
Cover_T377 4
Cover_T378 -2
Cover_T379 -8
Cover_T380 -2
Cover_T381 0
Cover_T382 4
Cover_T383 6
Cover_T384 10
Cover_T385 -6
Cover_T386 -6.54907e-11
Cover_T387 2
Cover_T388 12
Cover_T389 4
Cover_T390 4
Cover_T391 1.63148e-10
Cover_T392 6
Cover_T393 -20
Cover_T394 6
Cover_T395 0
Cover_T396 1.03386e-10
Cover_T397 -2.54836e-11
Cover_T398 20
Cover_T399 6
Cover_T400 6.83542e-12
Cover_T401 6
Cover_T402 0
Cover_T403 2
Cover_T404 2.34479e-12
Cover_T405 -4.68106e-11
Cover_T406 0
Cover_T407 -8
Cover_T408 2
Cover_T409 -24
Cover_T410 2.31495e-11
Cover_T411 -40
Cover_T412 -9.95133e-11
Cover_T413 -8
Cover_T414 14
Cover_T415 -24
Cover_T416 30
Cover_T417 -40
Cover_T418 46
Cover_T419 6
Cover_T420 14
Cover_T421 4
Cover_T422 30
Cover_T423 2
Cover_T424 46
Cover_T425 6
Cover_T426 1.1687e-10
Cover_T427 2
Cover_T428 2
Cover_T429 6
Cover_T430 4
Cover_T431 4
Cover_T432 -8.9259e-11
Cover_T433 4
Cover_T434 0
Cover_T435 6
Cover_T436 0
Cover_T437 -6
Cover_T438 4
Cover_T439 0
Cover_T440 2
Cover_T441 4
Cover_T442 0
Cover_T443 6
Cover_T444 -2
Cover_T445 0
Cover_T446 10
Cover_T447 3.68363e-11
Cover_T448 4
Cover_T449 -4
Cover_T450 0
Cover_T451 -16
Cover_T452 -2
Cover_T453 -30
Cover_T454 1.19268e-10
Cover_T455 -46
Cover_T456 4
Cover_T457 -1.01292e-10
Cover_T458 20
Cover_T459 0
Cover_T460 36
Cover_T461 -4
Cover_T462 52
Cover_T463 1.41682e-11
Cover_T464 3.0816e-11
Cover_T465 0
Cover_T466 -2.47553e-11
Cover_T467 4
Cover_T468 10
Cover_T469 -8
Cover_T470 0
Cover_T471 -6
Cover_T472 2
Cover_T473 -22
Cover_T474 2
Cover_T475 -38
Cover_T476 -9.74154e-11
Cover_T477 -2.10671e-09
Cover_T478 18
Cover_T479 -16
Cover_T480 30
Cover_T481 -32
Cover_T482 44
Cover_T483 2
Cover_T484 14
Cover_T485 4
Cover_T486 34
Cover_T487 -5.90195e-13
Cover_T488 46
Cover_T489 3.31497e-10
Cover_T490 20
Cover_T491 -2
Cover_T492 24
Cover_T493 2.97648e-09
Cover_T494 24
Cover_T495 -8
Cover_T496 22
Cover_T497 -6
Cover_T498 24
Cover_T499 -12
Cover_T500 22
Cover_T501 -12
Cover_T502 24
Cover_T503 -12
Cover_T504 28
Cover_T505 -16
Cover_T506 26
Cover_T507 -38
Cover_T508 28
Cover_T509 -18
Cover_T510 30
Cover_T511 -22
Cover_T512 32
Cover_T513 -42
Cover_T514 54
Cover_T515 -26
Cover_T516 26
Cover_T517 -34
Cover_T518 46
Cover_T519 -22
Cover_T520 32
Cover_T521 -22
Cover_T522 38
Cover_T523 -22
Cover_T524 24
Cover_T525 -24
Cover_T526 24
Cover_T527 -24
Cover_T528 36
Cover_T529 -30
Cover_T530 24
Cover_T531 -26
Cover_T532 24
Cover_T533 -36
Cover_T534 24
Cover_T535 -52
Cover_T536 24
Cover_T537 -32
Cover_T538 32
Cover_T539 -48
Cover_T540 40
Cover_T541 -30
Cover_T542 54
Cover_T543 -42
Cover_T544 32
Cover_T545 -26
Cover_T546 42
Cover_T547 -38
Cover_T548 54
Cover_T549 -30
Cover_T550 36
Cover_T551 -26
Cover_T552 48
Cover_T553 -24
Cover_T554 32
Cover_T555 -34
Cover_T556 44
Cover_T557 -46
Cover_T558 40
Cover_T559 -42
Cover_T560 38
Cover_T561 -26
Cover_T562 46
Cover_T563 -38
Cover_T564 44
Cover_T565 -46
Cover_T566 66
Cover_T567 -28
Cover_T568 62
Cover_T569 -28
Cover_T570 44
Cover_T571 -40
Cover_T572 60
Cover_T573 -26
Cover_T574 68
Cover_T575 -36
Cover_T576 50
Cover_T577 -36
Cover_T578 50
Cover_T579 -36
Cover_T580 54
Cover_T581 -44
Cover_T582 52
Cover_T583 -44
Cover_T584 54
Cover_T585 -42
Cover_T586 58
Cover_T587 -42
Cover_T588 60
Cover_T589 -46
Cover_T590 58
Cover_T591 -46
Cover_T592 56
Cover_T593 -46
Cover_T594 56
Cover_T595 58
Cover_T596 -46
Cover_T597 56
Cover_T598 -50
Cover_T599 56
Cover_T600 -46
Cover_T601 52
Cover_T602 -46
Cover_T603 52
Cover_T604 -50
Cover_T605 50
Cover_T606 -38
Cover_T607 50
Cover_T608 -42
Cover_T609 54
Cover_T610 -40
Cover_T611 52
Cover_T612 2
Cover_T613 1050
Cover_T614 992
Cover_T615 1038
Cover_T616 986
Cover_T617 1046
Cover_T618 994
Cover_T619 1046
Cover_T620 992
Cover_T621 1034
Cover_T622 992
Cover_T623 1022
Cover_T624 994
Cover_T625 1046
Cover_T626 992
Cover_T627 1038
Cover_T628 994
Cover_T629 1034
Cover_T630 994
Cover_T631 1042
Cover_T632 990
Cover_T633 1000
Cover_T634 -4
Cover_T635 8
Cover_T636 4
Cover_T637 16
Cover_T638 0
Cover_T639 0
Cover_T640 3.04453e-10
Cover_T641 10
Cover_T642 16
Cover_T643 4
Cover_T644 4
Cover_T645 2
Cover_T646 3.80336e-11
Cover_T647 6
Cover_T648 1.03739e-12
Cover_T649 6
Cover_T650 8
Cover_T651 2
Cover_T652 -1.07733e-09
Cover_T653 -2
Cover_T654 4
Cover_T655 6
Cover_T656 -1.4478e-10
Cover_T657 -6
Cover_T658 12
Cover_T659 2
Cover_T660 4
Cover_T661 6
Cover_T662 3.75318e-11
Cover_T663 -4
Cover_T664 5.45076e-11
Cover_T665 4
Cover_T666 0
Cover_T667 6
Cover_T668 12
Cover_T669 6
Cover_T670 2
Cover_T671 -6
Cover_T672 14
Cover_T673 -18
Cover_T674 6
Cover_T675 4
Cover_T676 -3.08294e-11
Cover_T677 6
Cover_T678 12
Cover_T679 9.49541e-11
Cover_T680 4
Cover_T681 4
Cover_T682 2
Cover_T683 0
Cover_T684 2
Cover_T685 2
Cover_T686 14
Cover_T687 4
Cover_T688 26
Cover_T689 6
Cover_T690 4
Cover_T691 1.54508e-11
Cover_T692 9.62572e-11
Cover_T693 2
Cover_T694 2
Cover_T695 -10
Cover_T696 -3.68345e-11
Cover_T697 -26
Cover_T698 2
Cover_T699 -42
Cover_T700 4
Cover_T701 -10
Cover_T702 0
Cover_T703 -26
Cover_T704 2
Cover_T705 -42
Cover_T706 16
Cover_T707 4
Cover_T708 32
Cover_T709 2
Cover_T710 48
Cover_T711 1.20586e-10
Cover_T712 16
Cover_T713 4
Cover_T714 32
Cover_T715 -2.42721e-11
Cover_T716 48
Cover_T717 4
Cover_T718 2
Cover_T719 2
Cover_T720 4
Cover_T721 -1.78275e-11
Cover_T722 6
Cover_T723 -2
Cover_T724 2
Cover_T725 -1.65983e-11
Cover_T726 6
Cover_T727 -7.59659e-12
Cover_T728 2
Cover_T729 4
Cover_T730 4
Cover_T731 1.1365e-10
Cover_T732 6
Cover_T733 -8
Cover_T734 8
Cover_T735 -24
Cover_T736 6
Cover_T737 -40
Cover_T738 6
Cover_T739 6
Cover_T740 -5.9547e-11
Cover_T741 -5.44873e-11
Cover_T742 0
Cover_T743 4
Cover_T744 4
Cover_T745 -2
Cover_T746 16
Cover_T747 6
Cover_T748 28
Cover_T749 -5.58913e-12
Cover_T750 40
Cover_T751 2
Cover_T752 52
Cover_T753 6
Cover_T754 2
Cover_T755 -2
Cover_T756 8
Cover_T757 3.39848e-12
Cover_T758 4
Cover_T759 -8
Cover_T760 10
Cover_T761 -20
Cover_T762 2
Cover_T763 -32
Cover_T764 8
Cover_T765 -44
Cover_T766 6
Cover_T767 -2
Cover_T768 8
Cover_T769 -14
Cover_T770 16
Cover_T771 -26
Cover_T772 16
Cover_T773 -38
Cover_T774 24
Cover_T775 0
Cover_T776 36
Cover_T777 6
Cover_T778 56
Cover_T779 6
Cover_T780 68
Cover_T781 -6
Cover_T782 26
Cover_T783 4
Cover_T784 38
Cover_T785 6
Cover_T786 50
Cover_T787 6
Cover_T788 68
Cover_T789 0
Cover_T790 28
Cover_T791 -2
Cover_T792 24
Cover_T793 -2
Cover_T794 24
Cover_T795 -2
Cover_T796 36
Cover_T797 -10
Cover_T798 28
Cover_T799 -4
Cover_T800 26
Cover_T801 -12
Cover_T802 22
Cover_T803 -12
Cover_T804 20
Cover_T805 -22
Cover_T806 30
Cover_T807 -34
Cover_T808 30
Cover_T809 -12
Cover_T810 22
Cover_T811 -16
Cover_T812 20
Cover_T813 -28
Cover_T814 32
Cover_T815 -40
Cover_T816 30
Cover_T817 -16
Cover_T818 32
Cover_T819 -18
Cover_T820 42
Cover_T821 -28
Cover_T822 56
Cover_T823 -40
Cover_T824 32
Cover_T825 -20
Cover_T826 32
Cover_T827 -20
Cover_T828 44
Cover_T829 -24
Cover_T830 56
Cover_T831 -22
Cover_T832 32
Cover_T833 -22
Cover_T834 30
Cover_T835 -22
Cover_T836 42
Cover_T837 -22
Cover_T838 54
Cover_T839 -22
Cover_T840 24
Cover_T841 -24
Cover_T842 36
Cover_T843 -38
Cover_T844 28
Cover_T845 -24
Cover_T846 24
Cover_T847 -42
Cover_T848 32
Cover_T849 -32
Cover_T850 32
Cover_T851 -24
Cover_T852 48
Cover_T853 -24
Cover_T854 34
Cover_T855 -28
Cover_T856 52
Cover_T857 -32
Cover_T858 42
Cover_T859 -36
Cover_T860 42
Cover_T861 -26
Cover_T862 44
Cover_T863 -42
Cover_T864 50
Cover_T865 -26
Cover_T866 48
Cover_T867 -26
Cover_T868 50
Cover_T869 -26
Cover_T870 54
Cover_T871 -26
Cover_T872 66
Cover_T873 -26
Cover_T874 50
Cover_T875 -36
Cover_T876 60
Cover_T877 -26
Cover_T878 72
Cover_T879 -34
Cover_T880 52
Cover_T881 -42
Cover_T882 54
Cover_T883 -36
Cover_T884 60
Cover_T885 -42
Cover_T886 50
Cover_T887 -42
Cover_T888 56
Cover_T889 -42
Cover_T890 60
Cover_T891 -44
Cover_T892 62
Cover_T893 -44
Cover_T894 60
Cover_T895 -46
Cover_T896 58
Cover_T897 -46
Cover_T898 58
Cover_T899 22
Cover_T900 -4
Cover_T901 24
Cover_T902 2
Cover_T903 22
Cover_T904 2
Cover_T905 18
Cover_T906 -2
Cover_T907 4
Cover_T908 6
Cover_T909 16
Cover_T910 1.51256e-10
Cover_T911 1046
Cover_T912 6
Cover_T913 1044
Cover_T914 6
Cover_T915 1048
Cover_T916 40
Cover_T917 1040
Cover_T918 1040
Cover_T919 1024
Cover_T920 1032
Cover_T921 1020
Cover_T922 1040
Cover_T923 1092
Cover_T924 1040
Cover_T925 1084
Cover_T926 1030
Cover_T927 1092
Cover_T928 1042
Cover_T929 1092
Cover_T930 0
Cover_T931 1084
Cover_T932 0
Cover_T933 1092
Cover_T934 0
Cover_T935 1050
Cover_T936 8
Cover_T937 50
Cover_T938 16
Cover_T939 66
Cover_T940 24
Cover_T941 54
Cover_T942 -40
Cover_T943 48
Cover_T944 52
Cover_T945 12
Cover_T946 52
Cover_T947 2
Cover_T948 52
Cover_T949 -18
Cover_T950 58
Cover_T951 -38
Cover_T952 52
Cover_T953 -34
Cover_T954 10
Cover_T955 30
Cover_T956 32
Cover_T957 24
Cover_T958 44
Cover_T959 12
Cover_T960 56
Cover_T961 0
Cover_T962 68
Cover_T963 46
Cover_T964 56
Cover_T965 34
Cover_T966 74
Cover_T967 48
Cover_T968 0
Cover_T969 44
Cover_T970 4
Cover_T971 32
Cover_T972 16
Cover_T973 42
Cover_T974 28
Cover_T975 30
Cover_T976 -8
Cover_T977 16
Cover_T978 -16
Cover_T979 0
Cover_T980 -4
Cover_T981 16
Cover_T982 2
Cover_T983 0
Cover_T984 22
Cover_T985 12
Cover_T986 0
Cover_T987 26
Cover_T988 14
Cover_T989 26
Cover_T990 0
Count_D0 -984
Count_D1 -1000
Max_H0_P0 0
Max_H0_P1 0
Max_H0_P2 0
Max_H0_P3 0
Max_H0_P4 0
Max_H0_P5 1.89857e-11
Max_H0_P6 0
Max_H0_P7 0
Max_H0_P8 0
Max_H0_P9 -2
Max_H0_P10 2.02754e-11
Max_H0_P11 3.51877e-11
Max_H0_P12 0
Max_H0_P13 0
Max_H0_P14 0
Max_H0_P15 1.29774e-10
Max_H0_P16 1.02082e-10
Max_H0_P17 -1.13308e-10
Max_H0_P18 -6.0119e-11
Max_H0_P19 1.90141e-11
Max_H0_P20 0
Max_H0_P21 -7.29994e-11
Max_H0_P22 -1.1239e-11
Max_H0_P23 -2.34479e-12
Max_H0_P24 -5.02354e-11
Max_H0_P25 -5.15854e-12
Max_H0_P26 1.26544e-12
Max_H0_P27 2.68239e-11
Max_H0_P28 -6.76437e-12
Max_H0_P29 -4.718e-11
Max_H0_P30 -4.88174e-11
Max_H0_P31 -9.94049e-12
Max_H0_P32 3.08376e-12
Max_H0_P33 3.30846e-12
Max_H0_P34 -6.92121e-11
Max_H0_P35 -4.86544e-11
Max_H0_P36 7.38967e-11
Max_H0_P37 7.97371e-11
Max_H0_P38 1.72542e-11
Max_H0_P39 9.76286e-12
Max_H0_P40 5.91172e-12
Max_H0_P41 1.46443e-11
Max_H0_P42 -2.63074e-11
Max_H0_P43 0
Max_H0_P44 4.37694e-12
Max_H0_P45 0
Max_H0_P46 0
Max_H0_P47 0
Max_H0_P48 0
Max_H0_P49 0
Max_H0_P50 0
Max_H0_P51 0
Max_H0_P52 0
Max_H0_P53 0
Max_H0_P54 0
Max_H0_P55 -2.7546e-11
Max_H0_P56 1.12923e-11
Max_H0_P57 0
Max_H0_P58 0
Max_H0_P59 2.50477e-11
Max_H0_P60 4.44647e-11
Max_H0_P61 -3.1839e-12
Max_H0_P62 -2.18137e-11
Max_H0_P63 -3.65805e-11
Max_H0_P64 0
Max_H0_P65 0
Max_H0_P66 0
Max_H0_P67 0
Max_H0_P68 0
Max_H0_P69 0
Max_H0_P70 -0
Max_H0_P71 0
Max_H0_P72 0
Max_H0_P73 0
Max_H0_P74 0
Max_H0_P75 0
Max_H0_P76 0
Max_H0_P77 -7.15872e-12
Max_H0_P78 7.15872e-12
Max_H0_P79 0
Max_H0_P80 0
Max_H0_P81 0
Max_H1_P0 0
Max_H1_P1 0
Max_H1_P2 0
Max_H1_P3 0
Max_H1_P4 0
Max_H1_P5 1.53477e-12
Max_H1_P6 0
Max_H1_P7 0
Max_H1_P8 0
Max_H1_P9 -2
Max_H1_P10 0
Max_H1_P11 0
Max_H1_P12 0
Max_H1_P13 0
Max_H1_P14 0
Max_H1_P15 1.4885e-10
Max_H1_P16 1.06673e-10
Max_H1_P17 -8.65494e-11
Max_H1_P18 -3.50552e-11
Max_H1_P19 -3.80695e-12
Max_H1_P20 -1.01061e-10
Max_H1_P21 6.02896e-12
Max_H1_P22 1.90994e-11
Max_H1_P23 -2.34479e-12
Max_H1_P24 -1.0274e-11
Max_H1_P25 -4.93792e-11
Max_H1_P26 -5.43004e-11
Max_H1_P27 1.7053e-12
Max_H1_P28 -7.98514e-12
Max_H1_P29 -6.40732e-12
Max_H1_P30 -3.54285e-11
Max_H1_P31 -3.78364e-12
Max_H1_P32 -4.86415e-11
Max_H1_P33 -3.80231e-11
Max_H1_P34 -7.61927e-11
Max_H1_P35 -2.17314e-11
Max_H1_P36 -6.40297e-12
Max_H1_P37 1.64085e-12
Max_H1_P38 2.0743e-11
Max_H1_P39 -1.21645e-11
Max_H1_P40 6.11259e-12
Max_H1_P41 -1.31206e-11
Max_H1_P42 -7.89768e-12
Max_H1_P43 2.33769e-12
Max_H1_P44 -5.63938e-12
Max_H1_P45 -3.30207e-11
Max_H1_P46 2.95017e-11
Max_H1_P47 0
Max_H1_P48 0
Max_H1_P49 0
Max_H1_P50 6.66761e-11
Max_H1_P51 0
Max_H1_P52 5.36171e-12
Max_H1_P53 0
Max_H1_P54 0
Max_H1_P55 0
Max_H1_P56 0
Max_H1_P57 0
Max_H1_P58 0
Max_H1_P59 -4.00657e-12
Max_H1_P60 6.69409e-12
Max_H1_P61 -2.65578e-11
Max_H1_P62 -2.76295e-11
Max_H1_P63 -7.13953e-11
Max_H1_P64 -9.29921e-12
Max_H1_P65 0
Max_H1_P66 0
Max_H1_P67 0
Max_H1_P68 0
Max_H1_P69 0
Max_H1_P70 0
Max_H1_P71 0
Max_H1_P72 -1.44773e-11
Max_H1_P73 0
Max_H1_P74 0
Max_H1_P75 -0
Max_H1_P76 1.14864e-10
Max_H1_P77 -1.16288e-10
Max_H1_P78 2.46914e-11
Max_H1_P79 -4.82769e-12
Max_H1_P80 0
Max_H1_P81 0
