
Branch and bound

  Entire solving process        :                           (Time    387.5)
  No feasible solution was found
  Best relaxation cost          :     72892.44 (Node     0) (Time    387.4)
  Lower bound after cuts        :     72892.44
  End lower bound               :     72892.44
  Deepest level reached         : 0
  Deepest real level reached    : 0
  Number of real nodes solved   : 1
  Stopping condition            : enough nodes explored

Problem identification

  Problem                       : <null>
  Machine                       : oslo1.gerad.lan

Solving process summary

  Linear relaxations            :        1
  Column generation iterations  :      145
  Shortest paths solved         :     6594
  Columns generated             :    71990

Instance characteristics

  Resources                     : 3
  Node types                    : no
  Arc types                     : no
  Strong resource windows       : no
  Weak resource windows         : no
  Resource windows (nodes)      : 3
  Resource values (arcs)        : 3
  Values on nodes               : no

  Rows                          : 1157
  Initial columns               : 476
  Tasks                         : 995
  Strong tasks                  : 688
  Weak tasks                    : 4
  Initial task constraints      : no
  Nodes                         : 1323
  Arc sets                      : 1
  Arcs                          : 43828
  Networks                      : 2
  Models                        : 1

Memory used per module (Megs)

  Parser (reused)               :      8.968
  Networks                      :     38.263
  Column generator              :      6.781
  Master problem                :     11.114
  -----------------
  Total                         :     56.158

Cpu time per module (seconds)

  Parser                        :        0.0
  Preprocessor                  :        0.0
  Lr solver manager             :        0.2
  Column generator              :      111.9
    (Shortest path)             :       98.8
  Master problem                :      275.3
  -------------------
  Total (without b&b)           :      387.4

Real elapsed time (seconds)

  Parser                        :        0.0
  Preprocessor                  :        0.0
  Lr solver manager             :        0.1
  Column generator              :      111.9
    (Shortest path)             :       98.4
  Master problem                :      275.3
  -------------------
  Total (without b&b)           :      387.4
