Cover_T0 52
Cover_T1 -52
Cover_T2 52
Cover_T3 -52
Cover_T4 52
Cover_T5 -52
Cover_T6 52
Cover_T7 -52
Cover_T8 52
Cover_T9 -52
Cover_T10 52
Cover_T11 -52
Cover_T12 52
Cover_T13 -52
Cover_T14 52
Cover_T15 -52
Cover_T16 52
Cover_T17 -52
Cover_T18 52
Cover_T19 -52
Cover_T20 52
Cover_T21 -52
Cover_T22 52
Cover_T23 -52
Cover_T24 54
Cover_T25 -52
Cover_T26 52
Cover_T27 -50
Cover_T28 56
Cover_T29 -50
Cover_T30 52
Cover_T31 -50
Cover_T32 56
Cover_T33 -48
Cover_T34 62
Cover_T35 -48
Cover_T36 56
Cover_T37 -44
Cover_T38 52
Cover_T39 -46
Cover_T40 52
Cover_T41 -42
Cover_T42 56
Cover_T43 -40
Cover_T44 50
Cover_T45 -48
Cover_T46 48
Cover_T47 -36
Cover_T48 48
Cover_T49 -18
Cover_T50 46
Cover_T51 -26
Cover_T52 56
Cover_T53 -34
Cover_T54 50
Cover_T55 946
Cover_T56 54
Cover_T57 942
Cover_T58 1000
Cover_T59 934
Cover_T60 1044
Cover_T61 950
Cover_T62 1042
Cover_T63 954
Cover_T64 1042
Cover_T65 954
Cover_T66 1024
Cover_T67 954
Cover_T68 1032
Cover_T69 954
Cover_T70 1040
Cover_T71 954
Cover_T72 56
Cover_T73 954
Cover_T74 64
Cover_T75 4
Cover_T76 64
Cover_T77 -44
Cover_T78 22
Cover_T79 -44
Cover_T80 12
Cover_T81 -44
Cover_T82 -6
Cover_T83 -44
Cover_T84 -24
Cover_T85 -28
Cover_T86 -8
Cover_T87 -12
Cover_T88 -24
Cover_T89 4
Cover_T90 -40
Cover_T91 20
Cover_T92 -42
Cover_T93 36
Cover_T94 8
Cover_T95 20
Cover_T96 4
Cover_T97 36
Cover_T98 10
Cover_T99 52
Cover_T100 44
Cover_T101 54
Cover_T102 44
Cover_T103 4
Cover_T104 28
Cover_T105 8
Cover_T106 44
Cover_T107 2
Cover_T108 26
Cover_T109 -32
Cover_T110 10
Cover_T111 -32
Cover_T112 16
Cover_T113 -16
Cover_T114 0
Cover_T115 -32
Cover_T116 -8
Cover_T117 -16
Cover_T118 -24
Cover_T119 4.24106e-09
Cover_T120 -40
Cover_T121 -6
Cover_T122 12
Cover_T123 6
Cover_T124 0
Cover_T125 10
Cover_T126 -12
Cover_T127 22
Cover_T128 2
Cover_T129 34
Cover_T130 46
Cover_T131 46
Cover_T132 34
Cover_T133 -8
Cover_T134 22
Cover_T135 4
Cover_T136 10
Cover_T137 16
Cover_T138 46
Cover_T139 2
Cover_T140 34
Cover_T141 -42
Cover_T142 20
Cover_T143 -26
Cover_T144 4
Cover_T145 -10
Cover_T146 12
Cover_T147 -42
Cover_T148 -4
Cover_T149 -26
Cover_T150 2.83176e-10
Cover_T151 -10
Cover_T152 26
Cover_T153 6
Cover_T154 10
Cover_T155 -2
Cover_T156 -6
Cover_T157 16
Cover_T158 2
Cover_T159 -26
Cover_T160 2
Cover_T161 -6
Cover_T162 6
Cover_T163 14
Cover_T164 -14
Cover_T165 6
Cover_T166 -34
Cover_T167 6
Cover_T168 2
Cover_T169 -2
Cover_T170 6
Cover_T171 10
Cover_T172 -6
Cover_T173 22
Cover_T174 -18
Cover_T175 34
Cover_T176 -30
Cover_T177 46
Cover_T178 -42
Cover_T179 2
Cover_T180 2
Cover_T181 -2
Cover_T182 -10
Cover_T183 10
Cover_T184 10
Cover_T185 22
Cover_T186 0
Cover_T187 34
Cover_T188 8
Cover_T189 50
Cover_T190 4
Cover_T191 14
Cover_T192 2
Cover_T193 2
Cover_T194 -14
Cover_T195 0
Cover_T196 -34
Cover_T197 6
Cover_T198 -38
Cover_T199 8
Cover_T200 -40
Cover_T201 20
Cover_T202 6
Cover_T203 36
Cover_T204 46
Cover_T205 52
Cover_T206 44
Cover_T207 48
Cover_T208 32
Cover_T209 60
Cover_T210 44
Cover_T211 90
Cover_T212 32
Cover_T213 32
Cover_T214 40
Cover_T215 18
Cover_T216 40
Cover_T217 20
Cover_T218 40
Cover_T219 28
Cover_T220 36
Cover_T221 24
Cover_T222 4
Cover_T223 38
Cover_T224 16
Cover_T225 30
Cover_T226 -10
Cover_T227 22
Cover_T228 -16
Cover_T229 26
Cover_T230 -8
Cover_T231 34
Cover_T232 -16
Cover_T233 30
Cover_T234 -20
Cover_T235 26
Cover_T236 -22
Cover_T237 32
Cover_T238 -18
Cover_T239 38
Cover_T240 -18
Cover_T241 34
Cover_T242 -36
Cover_T243 42
Cover_T244 -22
Cover_T245 38
Cover_T246 -24
Cover_T247 38
Cover_T248 -26
Cover_T249 42
Cover_T250 -26
Cover_T251 56
Cover_T252 -30
Cover_T253 42
Cover_T254 -42
Cover_T255 42
Cover_T256 -32
Cover_T257 34
Cover_T258 -38
Cover_T259 46
Cover_T260 -40
Cover_T261 34
Cover_T262 -46
Cover_T263 46
Cover_T264 -32
Cover_T265 40
Cover_T266 -36
Cover_T267 52
Cover_T268 -32
Cover_T269 40
Cover_T270 -44
Cover_T271 42
Cover_T272 -34
Cover_T273 56
Cover_T274 -34
Cover_T275 38
Cover_T276 -46
Cover_T277 46
Cover_T278 -40
Cover_T279 42
Cover_T280 -32
Cover_T281 58
Cover_T282 -34
Cover_T283 46
Cover_T284 -34
Cover_T285 50
Cover_T286 -34
Cover_T287 46
Cover_T288 -38
Cover_T289 46
Cover_T290 -38
Cover_T291 54
Cover_T292 -38
Cover_T293 54
Cover_T294 -38
Cover_T295 50
Cover_T296 -42
Cover_T297 46
Cover_T298 -44
Cover_T299 48
Cover_T300 -42
Cover_T301 50
Cover_T302 -44
Cover_T303 60
Cover_T304 -50
Cover_T305 60
Cover_T306 -48
Cover_T307 52
Cover_T308 -52
Cover_T309 52
Cover_T310 -52
Cover_T311 52
Cover_T312 -52
Cover_T313 52
Cover_T314 -52
Cover_T315 52
Cover_T316 -52
Cover_T317 52
Cover_T318 -52
Cover_T319 56
Cover_T320 -50
Cover_T321 52
Cover_T322 -48
Cover_T323 60
Cover_T324 -48
Cover_T325 54
Cover_T326 -42
Cover_T327 52
Cover_T328 -42
Cover_T329 54
Cover_T330 -44
Cover_T331 52
Cover_T332 -46
Cover_T333 56
Cover_T334 -36
Cover_T335 50
Cover_T336 -18
Cover_T337 52
Cover_T338 -26
Cover_T339 54
Cover_T340 -34
Cover_T341 48
Cover_T342 950
Cover_T343 54
Cover_T344 942
Cover_T345 1004
Cover_T346 930
Cover_T347 1038
Cover_T348 950
Cover_T349 1020
Cover_T350 954
Cover_T351 1028
Cover_T352 950
Cover_T353 1036
Cover_T354 950
Cover_T355 52
Cover_T356 950
Cover_T357 60
Cover_T358 -2.30266e-10
Cover_T359 68
Cover_T360 -44
Cover_T361 52
Cover_T362 -40
Cover_T363 32
Cover_T364 -44
Cover_T365 24
Cover_T366 -40
Cover_T367 8
Cover_T368 -44
Cover_T369 1.7405e-10
Cover_T370 -40
Cover_T371 -14
Cover_T372 -28
Cover_T373 -26
Cover_T374 -16
Cover_T375 -6
Cover_T376 -4
Cover_T377 -20
Cover_T378 8
Cover_T379 -30
Cover_T380 20
Cover_T381 -44
Cover_T382 36
Cover_T383 -46
Cover_T384 20
Cover_T385 4
Cover_T386 36
Cover_T387 -1.59624e-10
Cover_T388 52
Cover_T389 6
Cover_T390 54
Cover_T391 40
Cover_T392 4
Cover_T393 40
Cover_T394 8
Cover_T395 24
Cover_T396 2
Cover_T397 38
Cover_T398 -32
Cover_T399 22
Cover_T400 -32
Cover_T401 6
Cover_T402 -16
Cover_T403 12
Cover_T404 -32
Cover_T405 -4
Cover_T406 -16
Cover_T407 -12
Cover_T408 4.27309e-09
Cover_T409 -28
Cover_T410 -6
Cover_T411 -44
Cover_T412 10
Cover_T413 6
Cover_T414 18
Cover_T415 -10
Cover_T416 34
Cover_T417 -3.86535e-11
Cover_T418 50
Cover_T419 40
Cover_T420 -6.10498e-10
Cover_T421 24
Cover_T422 16
Cover_T423 8
Cover_T424 6
Cover_T425 40
Cover_T426 -36
Cover_T427 28
Cover_T428 -24
Cover_T429 16
Cover_T430 -12
Cover_T431 4
Cover_T432 0
Cover_T433 16
Cover_T434 -36
Cover_T435 4
Cover_T436 -24
Cover_T437 -8
Cover_T438 -12
Cover_T439 0
Cover_T440 1.88623e-09
Cover_T441 30
Cover_T442 -12
Cover_T443 18
Cover_T444 -1.60441e-10
Cover_T445 6
Cover_T446 14
Cover_T447 -10
Cover_T448 10
Cover_T449 2
Cover_T450 -16
Cover_T451 6
Cover_T452 0
Cover_T453 0
Cover_T454 16
Cover_T455 -2
Cover_T456 4
Cover_T457 -18
Cover_T458 0
Cover_T459 -34
Cover_T460 6
Cover_T461 -52
Cover_T462 12
Cover_T463 6.81998e-10
Cover_T464 32
Cover_T465 -20
Cover_T466 52
Cover_T467 -40
Cover_T468 -6.37608e-10
Cover_T469 -4
Cover_T470 20
Cover_T471 8
Cover_T472 40
Cover_T473 -4
Cover_T474 52
Cover_T475 2
Cover_T476 8
Cover_T477 6
Cover_T478 20
Cover_T479 -6
Cover_T480 2
Cover_T481 0
Cover_T482 10
Cover_T483 -8
Cover_T484 4
Cover_T485 -20
Cover_T486 -2
Cover_T487 -32
Cover_T488 12
Cover_T489 -44
Cover_T490 10
Cover_T491 -40
Cover_T492 16
Cover_T493 -38
Cover_T494 34
Cover_T495 0
Cover_T496 64
Cover_T497 40
Cover_T498 44
Cover_T499 42
Cover_T500 44
Cover_T501 34
Cover_T502 18
Cover_T503 38
Cover_T504 20
Cover_T505 1.43327e-09
Cover_T506 36
Cover_T507 16
Cover_T508 32
Cover_T509 -10
Cover_T510 34
Cover_T511 -12
Cover_T512 30
Cover_T513 -16
Cover_T514 32
Cover_T515 -20
Cover_T516 36
Cover_T517 -18
Cover_T518 36
Cover_T519 -18
Cover_T520 36
Cover_T521 -26
Cover_T522 42
Cover_T523 -40
Cover_T524 38
Cover_T525 -28
Cover_T526 38
Cover_T527 -30
Cover_T528 42
Cover_T529 -26
Cover_T530 56
Cover_T531 -30
Cover_T532 42
Cover_T533 -30
Cover_T534 42
Cover_T535 -32
Cover_T536 38
Cover_T537 -32
Cover_T538 34
Cover_T539 -32
Cover_T540 38
Cover_T541 -40
Cover_T542 38
Cover_T543 -32
Cover_T544 36
Cover_T545 -46
Cover_T546 38
Cover_T547 -40
Cover_T548 46
Cover_T549 -42
Cover_T550 38
Cover_T551 -32
Cover_T552 54
Cover_T553 -40
Cover_T554 46
Cover_T555 -40
Cover_T556 54
Cover_T557 -34
Cover_T558 44
Cover_T559 -38
Cover_T560 50
Cover_T561 -36
Cover_T562 52
Cover_T563 -32
Cover_T564 48
Cover_T565 -38
Cover_T566 46
Cover_T567 -44
Cover_T568 52
Cover_T569 -36
Cover_T570 62
Cover_T571 -44
Cover_T572 52
Cover_T573 -38
Cover_T574 56
Cover_T575 -40
Cover_T576 50
Cover_T577 -38
Cover_T578 48
Cover_T579 -40
Cover_T580 56
Cover_T581 -40
Cover_T582 48
Cover_T583 -40
Cover_T584 56
Cover_T585 -40
Cover_T586 44
Cover_T587 -38
Cover_T588 46
Cover_T589 -42
Cover_T590 46
Cover_T591 -42
Cover_T592 44
Cover_T593 -44
Cover_T594 52
Cover_T595 -42
Cover_T596 46
Cover_T597 -42
Cover_T598 52
Cover_T599 -46
Cover_T600 56
Cover_T601 -44
Cover_T602 54
Cover_T603 -44
Cover_T604 58
Cover_T605 -44
Cover_T606 60
Cover_T607 -48
Cover_T608 52
Cover_T609 -48
Cover_T610 52
Cover_T611 -50
Cover_T612 54
Cover_T613 -48
Cover_T614 60
Cover_T615 -48
Cover_T616 54
Cover_T617 -46
Cover_T618 54
Cover_T619 -48
Cover_T620 54
Cover_T621 -44
Cover_T622 54
Cover_T623 -42
Cover_T624 54
Cover_T625 -44
Cover_T626 56
Cover_T627 -38
Cover_T628 54
Cover_T629 -24
Cover_T630 56
Cover_T631 -34
Cover_T632 56
Cover_T633 950
Cover_T634 54
Cover_T635 942
Cover_T636 1006
Cover_T637 934
Cover_T638 1048
Cover_T639 950
Cover_T640 1042
Cover_T641 954
Cover_T642 1048
Cover_T643 954
Cover_T644 1048
Cover_T645 950
Cover_T646 1038
Cover_T647 954
Cover_T648 1020
Cover_T649 954
Cover_T650 1028
Cover_T651 950
Cover_T652 1036
Cover_T653 950
Cover_T654 44
Cover_T655 948
Cover_T656 44
Cover_T657 0
Cover_T658 44
Cover_T659 -44
Cover_T660 20
Cover_T661 -44
Cover_T662 0
Cover_T663 -46
Cover_T664 -18
Cover_T665 -44
Cover_T666 -2
Cover_T667 -36
Cover_T668 -20
Cover_T669 -20
Cover_T670 -36
Cover_T671 -4
Cover_T672 -38
Cover_T673 12
Cover_T674 0
Cover_T675 24
Cover_T676 4
Cover_T677 32
Cover_T678 4
Cover_T679 8
Cover_T680 0
Cover_T681 16
Cover_T682 4
Cover_T683 24
Cover_T684 6
Cover_T685 32
Cover_T686 48
Cover_T687 40
Cover_T688 40
Cover_T689 48
Cover_T690 48
Cover_T691 42
Cover_T692 40
Cover_T693 50
Cover_T694 32
Cover_T695 4
Cover_T696 24
Cover_T697 0
Cover_T698 48
Cover_T699 0
Cover_T700 40
Cover_T701 4
Cover_T702 32
Cover_T703 0
Cover_T704 24
Cover_T705 0
Cover_T706 10
Cover_T707 -38
Cover_T708 20
Cover_T709 -42
Cover_T710 8
Cover_T711 -30
Cover_T712 -4
Cover_T713 -18
Cover_T714 -8
Cover_T715 -38
Cover_T716 -20
Cover_T717 -26
Cover_T718 -32
Cover_T719 -14
Cover_T720 -44
Cover_T721 -2
Cover_T722 10
Cover_T723 -12
Cover_T724 -2
Cover_T725 -1.46457e-09
Cover_T726 -14
Cover_T727 12
Cover_T728 0
Cover_T729 16
Cover_T730 44
Cover_T731 28
Cover_T732 32
Cover_T733 40
Cover_T734 20
Cover_T735 52
Cover_T736 8
Cover_T737 -2
Cover_T738 44
Cover_T739 10
Cover_T740 32
Cover_T741 22
Cover_T742 20
Cover_T743 8
Cover_T744 8
Cover_T745 -34
Cover_T746 16
Cover_T747 -18
Cover_T748 0
Cover_T749 -2
Cover_T750 -16
Cover_T751 -34
Cover_T752 30
Cover_T753 -18
Cover_T754 14
Cover_T755 -2
Cover_T756 -2
Cover_T757 -10
Cover_T758 10
Cover_T759 6
Cover_T760 -4
Cover_T761 18
Cover_T762 4
Cover_T763 10
Cover_T764 2
Cover_T765 -20
Cover_T766 4
Cover_T767 -8
Cover_T768 -8
Cover_T769 4
Cover_T770 -20
Cover_T771 16
Cover_T772 -32
Cover_T773 0
Cover_T774 -44
Cover_T775 12
Cover_T776 0
Cover_T777 4
Cover_T778 4
Cover_T779 6
Cover_T780 -8
Cover_T781 4
Cover_T782 -20
Cover_T783 16
Cover_T784 -32
Cover_T785 28
Cover_T786 -44
Cover_T787 40
Cover_T788 3.87596e-10
Cover_T789 52
Cover_T790 -12
Cover_T791 8
Cover_T792 8
Cover_T793 4
Cover_T794 0
Cover_T795 16
Cover_T796 6
Cover_T797 28
Cover_T798 10
Cover_T799 40
Cover_T800 -2
Cover_T801 52
Cover_T802 4
Cover_T803 10
Cover_T804 -4
Cover_T805 22
Cover_T806 -16
Cover_T807 0
Cover_T808 -28
Cover_T809 10
Cover_T810 -40
Cover_T811 4
Cover_T812 -52
Cover_T813 0
Cover_T814 -48
Cover_T815 14
Cover_T816 -42
Cover_T817 6
Cover_T818 4
Cover_T819 16
Cover_T820 46
Cover_T821 32
Cover_T822 46
Cover_T823 44
Cover_T824 42
Cover_T825 44
Cover_T826 34
Cover_T827 56
Cover_T828 44
Cover_T829 104
Cover_T830 40
Cover_T831 88
Cover_T832 32
Cover_T833 88
Cover_T834 44
Cover_T835 104
Cover_T836 36
Cover_T837 108
Cover_T838 36
Cover_T839 64
Cover_T840 36
Cover_T841 20
Cover_T842 32
Cover_T843 12
Cover_T844 28
Cover_T845 28
Cover_T846 40
Cover_T847 36
Cover_T848 32
Cover_T849 24
Cover_T850 -4
Cover_T851 38
Cover_T852 16
Cover_T853 34
Cover_T854 -6
Cover_T855 36
Cover_T856 -16
Cover_T857 32
Cover_T858 -16
Cover_T859 36
Cover_T860 -16
Cover_T861 40
Cover_T862 -22
Cover_T863 38
Cover_T864 -36
Cover_T865 36
Cover_T866 -24
Cover_T867 36
Cover_T868 -22
Cover_T869 34
Cover_T870 -32
Cover_T871 40
Cover_T872 -24
Cover_T873 36
Cover_T874 -28
Cover_T875 36
Cover_T876 -26
Cover_T877 46
Cover_T878 -30
Cover_T879 58
Cover_T880 -30
Cover_T881 40
Cover_T882 -30
Cover_T883 36
Cover_T884 -30
Cover_T885 34
Cover_T886 -32
Cover_T887 34
Cover_T888 -32
Cover_T889 34
Cover_T890 -38
Cover_T891 46
Cover_T892 -32
Cover_T893 34
Cover_T894 -34
Cover_T895 38
Cover_T896 -50
Cover_T897 40
Cover_T898 -32
Cover_T899 40
Cover_T900 -34
Cover_T901 54
Cover_T902 -32
Cover_T903 52
Cover_T904 -40
Cover_T905 54
Cover_T906 -42
Cover_T907 46
Cover_T908 -32
Cover_T909 52
Cover_T910 -38
Cover_T911 50
Cover_T912 -34
Cover_T913 58
Cover_T914 -34
Cover_T915 62
Cover_T916 -40
Cover_T917 52
Cover_T918 -40
Cover_T919 56
Cover_T920 -38
Cover_T921 48
Cover_T922 -42
Cover_T923 54
Cover_T924 -42
Cover_T925 48
Cover_T926 -42
Cover_T927 54
Cover_T928 -42
Cover_T929 56
Cover_T930 -44
Cover_T931 56
Cover_T932 -44
Cover_T933 54
Cover_T934 -44
Cover_T935 52
Cover_T936 -44
Cover_T937 60
Cover_T938 -44
Cover_T939 60
Cover_T940 -48
Cover_T941 54
Cover_T942 -48
Cover_T943 56
Cover_T944 4
Cover_T945 -2
Cover_T946 10
Cover_T947 -6.82121e-13
Cover_T948 4
Cover_T949 4.82589e-09
Cover_T950 30
Cover_T951 6
Cover_T952 22
Cover_T953 6
Cover_T954 4
Cover_T955 0
Cover_T956 10
Cover_T957 8
Cover_T958 6
Cover_T959 28
Cover_T960 10
Cover_T961 0
Cover_T962 1008
Cover_T963 984
Cover_T964 992
Cover_T965 984
Cover_T966 1042
Cover_T967 996
Cover_T968 1052
Cover_T969 1002
Cover_T970 1034
Cover_T971 1000
Cover_T972 1032
Cover_T973 994
Cover_T974 1042
Cover_T975 0
Cover_T976 64
Cover_T977 12
Cover_T978 64
Cover_T979 -36
Cover_T980 34
Cover_T981 -28
Cover_T982 50
Cover_T983 52
Cover_T984 20
Cover_T985 54
Cover_T986 0
Cover_T987 54
Cover_T988 -18
Cover_T989 42
Cover_T990 -38
Cover_T991 54
Cover_T992 -28
Cover_T993 4
Cover_T994 30
Cover_T995 28
Cover_T996 14
Cover_T997 42
Cover_T998 0
Cover_T999 54
Cover_T1000 0
Cover_T1001 66
Cover_T1002 0
Cover_T1003 84
Cover_T1004 90
Cover_T1005 84
Cover_T1006 80
Cover_T1007 42
Cover_T1008 90
Cover_T1009 44
Cover_T1010 74
Cover_T1011 66
Cover_T1012 74
Cover_T1013 68
Cover_T1014 62
Cover_T1015 76
Cover_T1016 50
Cover_T1017 -8
Cover_T1018 40
Cover_T1019 -16
Cover_T1020 18
Cover_T1021 0
Cover_T1022 22
Cover_T1023 24
Cover_T1024 0
Cover_T1025 6
Cover_T1026 0
Cover_T1027 0
Cover_T1028 22
Cover_T1029 0
Cover_T1030 24
Cover_T1031 26
Cover_T1032 22
Cover_T1033 38
Cover_T1034 14
Count_D0 -984
Count_D1 -1000
Max_H0_P0 0
Max_H0_P1 0
Max_H0_P2 0
Max_H0_P3 0
Max_H0_P4 1.02311e-10
Max_H0_P5 -4.73062e-11
Max_H0_P6 1.34833e-10
Max_H0_P7 0
Max_H0_P8 0
Max_H0_P9 0
Max_H0_P10 0
Max_H0_P11 0
Max_H0_P12 0
Max_H0_P13 0
Max_H0_P14 0
Max_H0_P15 -2
Max_H0_P16 -2
Max_H0_P17 -2
Max_H0_P18 -2
Max_H0_P19 -2
Max_H0_P20 -2
Max_H0_P21 9.50521e-10
Max_H0_P22 8.63561e-10
Max_H0_P23 6.14005e-10
Max_H0_P24 5.91423e-10
Max_H0_P25 3.65276e-10
Max_H0_P26 4.13925e-10
Max_H0_P27 2.79535e-10
Max_H0_P28 3.2645e-10
Max_H0_P29 3.7744e-10
Max_H0_P30 3.72129e-10
Max_H0_P31 -7.83684e-12
Max_H0_P32 -3.91047e-11
Max_H0_P33 4.48172e-11
Max_H0_P34 1.77904e-10
Max_H0_P35 1.65119e-11
Max_H0_P36 -8.21832e-11
Max_H0_P37 1.19226e-10
Max_H0_P38 -4.71693e-11
Max_H0_P39 7.12189e-11
Max_H0_P40 1.08287e-10
Max_H0_P41 1.44452e-10
Max_H0_P42 2.29498e-10
Max_H0_P43 9.20135e-11
Max_H0_P44 1.1739e-10
Max_H0_P45 0
Max_H0_P46 0
Max_H0_P47 0
Max_H0_P48 0
Max_H0_P49 0
Max_H0_P50 0
Max_H0_P51 0
Max_H0_P52 0
Max_H0_P53 0
Max_H0_P54 0
Max_H0_P55 0
Max_H0_P56 0
Max_H0_P57 0
Max_H0_P58 -1.06844e-10
Max_H0_P59 1.58877e-10
Max_H0_P60 -8.93136e-11
Max_H0_P61 -2.50866e-10
Max_H0_P62 -1.38783e-10
Max_H0_P63 0
Max_H0_P64 0
Max_H0_P65 0
Max_H0_P66 0
Max_H0_P67 0
Max_H0_P68 0
Max_H0_P69 0
Max_H0_P70 0
Max_H0_P71 0
Max_H0_P72 0
Max_H0_P73 0
Max_H0_P74 0
Max_H0_P75 0
Max_H0_P76 0
Max_H0_P77 1.35663e-10
Max_H0_P78 0
Max_H0_P79 0
Max_H0_P80 0
Max_H0_P81 0
Max_H1_P0 0
Max_H1_P1 0
Max_H1_P2 0
Max_H1_P3 0
Max_H1_P4 3.47768e-10
Max_H1_P5 1.07718e-10
Max_H1_P6 1.34833e-10
Max_H1_P7 -1.77178e-11
Max_H1_P8 0
Max_H1_P9 4.33857e-11
Max_H1_P10 -1.22564e-10
Max_H1_P11 0
Max_H1_P12 0
Max_H1_P13 0
Max_H1_P14 0
Max_H1_P15 -2
Max_H1_P16 -2
Max_H1_P17 -2
Max_H1_P18 -2
Max_H1_P19 -2
Max_H1_P20 -2
Max_H1_P21 9.21599e-10
Max_H1_P22 9.31389e-10
Max_H1_P23 6.94325e-10
Max_H1_P24 6.36389e-10
Max_H1_P25 5.4791e-10
Max_H1_P26 4.80501e-10
Max_H1_P27 2.56207e-10
Max_H1_P28 2.72813e-10
Max_H1_P29 1.80734e-10
Max_H1_P30 2.22816e-10
Max_H1_P31 1.97655e-11
Max_H1_P32 3.71387e-11
Max_H1_P33 -1.7034e-11
Max_H1_P34 1.39266e-11
Max_H1_P35 4.4551e-11
Max_H1_P36 5.98812e-11
Max_H1_P37 0
Max_H1_P38 3.87246e-11
Max_H1_P39 1.36381e-11
Max_H1_P40 3.79234e-11
Max_H1_P41 2.27274e-10
Max_H1_P42 1.93389e-10
Max_H1_P43 2.52104e-10
Max_H1_P44 0
Max_H1_P45 -1.37662e-10
Max_H1_P46 5.28302e-11
Max_H1_P47 0
Max_H1_P48 0
Max_H1_P49 0
Max_H1_P50 0
Max_H1_P51 0
Max_H1_P52 0
Max_H1_P53 0
Max_H1_P54 0
Max_H1_P55 -6.85478e-11
Max_H1_P56 0
Max_H1_P57 0
Max_H1_P58 0
Max_H1_P59 -1.99203e-10
Max_H1_P60 -6.75833e-11
Max_H1_P61 -3.23606e-10
Max_H1_P62 0
Max_H1_P63 0
Max_H1_P64 0
Max_H1_P65 9.30918e-11
Max_H1_P66 -1.60547e-11
Max_H1_P67 0
Max_H1_P68 0
Max_H1_P69 0
Max_H1_P70 4.02329e-11
Max_H1_P71 -6.45066e-11
Max_H1_P72 0
Max_H1_P73 0
Max_H1_P74 0
Max_H1_P75 0
Max_H1_P76 0
Max_H1_P77 6.43956e-11
Max_H1_P78 -1.18305e-11
Max_H1_P79 1.34669e-10
Max_H1_P80 0
Max_H1_P81 0
