
Branch and bound

  Entire solving process        :                           (Time   2696.2)
  No feasible solution was found
  Best relaxation cost          :     71339.75 (Node     0) (Time   2696.2)
  Lower bound after cuts        :     71339.75
  End lower bound               :     71339.75
  Deepest level reached         : 0
  Deepest real level reached    : 0
  Number of real nodes solved   : 1
  Stopping condition            : enough nodes explored

Problem identification

  Problem                       : <null>
  Machine                       : oslo1.gerad.lan

Solving process summary

  Linear relaxations            :        1
  Column generation iterations  :      241
  Shortest paths solved         :     5538
  Columns generated             :    64268

Instance characteristics

  Resources                     : 3
  Node types                    : no
  Arc types                     : no
  Strong resource windows       : no
  Weak resource windows         : no
  Resource windows (nodes)      : 3
  Resource values (arcs)        : 3
  Values on nodes               : no

  Rows                          : 1201
  Initial columns               : 2
  Tasks                         : 1039
  Strong tasks                  : 1035
  Weak tasks                    : 4
  Initial task constraints      : no
  Nodes                         : 1367
  Arc sets                      : 1
  Arcs                          : 46943
  Networks                      : 2
  Models                        : 1

Memory used per module (Megs)

  Parser (reused)               :      9.573
  Networks                      :     37.295
  Column generator              :     13.925
  Master problem                :     11.447
  -----------------
  Total                         :     62.666

Cpu time per module (seconds)

  Parser                        :        0.0
  Preprocessor                  :        0.0
  Lr solver manager             :        0.4
  Column generator              :      194.5
    (Shortest path)             :      171.5
  Master problem                :     2501.2
  -------------------
  Total (without b&b)           :     2696.1

Real elapsed time (seconds)

  Parser                        :        0.0
  Preprocessor                  :        0.0
  Lr solver manager             :        0.3
  Column generator              :      194.6
    (Shortest path)             :      171.2
  Master problem                :     2501.2
  -------------------
  Total (without b&b)           :     2696.2
