
Branch and bound

  Entire solving process        :                           (Time   1648.8)
  No feasible solution was found
  Best relaxation cost          :     66497.77 (Node     0) (Time   1648.8)
  Lower bound after cuts        :     66497.77
  End lower bound               :     66497.77
  Deepest level reached         : 0
  Deepest real level reached    : 0
  Number of real nodes solved   : 1
  Stopping condition            : enough nodes explored

Problem identification

  Problem                       : <null>
  Machine                       : oslo4.gerad.lan

Solving process summary

  Linear relaxations            :        1
  Column generation iterations  :      248
  Shortest paths solved         :     5634
  Columns generated             :    64127

Instance characteristics

  Resources                     : 3
  Node types                    : no
  Arc types                     : no
  Strong resource windows       : no
  Weak resource windows         : no
  Resource windows (nodes)      : 3
  Resource values (arcs)        : 3
  Values on nodes               : no

  Rows                          : 1133
  Initial columns               : 2
  Tasks                         : 971
  Strong tasks                  : 967
  Weak tasks                    : 4
  Initial task constraints      : no
  Nodes                         : 1299
  Arc sets                      : 1
  Arcs                          : 41578
  Networks                      : 2
  Models                        : 1

Memory used per module (Megs)

  Parser (reused)               :      8.605
  Networks                      :     35.478
  Column generator              :     13.804
  Master problem                :     10.986
  -----------------
  Total                         :     60.268

Cpu time per module (seconds)

  Parser                        :        0.0
  Preprocessor                  :        0.0
  Lr solver manager             :        0.3
  Column generator              :      164.5
    (Shortest path)             :      149.4
  Master problem                :     1484.0
  -------------------
  Total (without b&b)           :     1648.8

Real elapsed time (seconds)

  Parser                        :        0.0
  Preprocessor                  :        0.0
  Lr solver manager             :        0.2
  Column generator              :      164.5
    (Shortest path)             :      148.5
  Master problem                :     1484.4
  -------------------
  Total (without b&b)           :     1649.1
