Cover_T0 52
Cover_T1 -52
Cover_T2 52
Cover_T3 -52
Cover_T4 52
Cover_T5 -52
Cover_T6 52
Cover_T7 -52
Cover_T8 52
Cover_T9 -52
Cover_T10 52
Cover_T11 -52
Cover_T12 54
Cover_T13 -52
Cover_T14 54
Cover_T15 -50
Cover_T16 52
Cover_T17 -50
Cover_T18 56
Cover_T19 -48
Cover_T20 62
Cover_T21 -48
Cover_T22 62
Cover_T23 -42
Cover_T24 62
Cover_T25 -42
Cover_T26 62
Cover_T27 -42
Cover_T28 62
Cover_T29 -42
Cover_T30 52
Cover_T31 -36
Cover_T32 52
Cover_T33 -42
Cover_T34 58
Cover_T35 -34
Cover_T36 54
Cover_T37 -4
Cover_T38 46
Cover_T39 -12
Cover_T40 996
Cover_T41 -20
Cover_T42 988
Cover_T43 -28
Cover_T44 980
Cover_T45 904
Cover_T46 1036
Cover_T47 892
Cover_T48 1034
Cover_T49 892
Cover_T50 1040
Cover_T51 942
Cover_T52 1028
Cover_T53 946
Cover_T54 1010
Cover_T55 948
Cover_T56 1010
Cover_T57 0
Cover_T58 1026
Cover_T59 8
Cover_T60 1026
Cover_T61 16
Cover_T62 98
Cover_T63 -46
Cover_T64 98
Cover_T65 -38
Cover_T66 98
Cover_T67 -42
Cover_T68 28
Cover_T69 -42
Cover_T70 10
Cover_T71 -42
Cover_T72 10
Cover_T73 -42
Cover_T74 16
Cover_T75 -26
Cover_T76 0
Cover_T77 -10
Cover_T78 10
Cover_T79 6
Cover_T80 -6
Cover_T81 2
Cover_T82 -26
Cover_T83 2
Cover_T84 52
Cover_T85 7.85638e-11
Cover_T86 52
Cover_T87 24
Cover_T88 28
Cover_T89 48
Cover_T90 12
Cover_T91 -30
Cover_T92 2
Cover_T93 -38
Cover_T94 10
Cover_T95 -22
Cover_T96 -6
Cover_T97 -6
Cover_T98 2
Cover_T99 2
Cover_T100 8
Cover_T101 8
Cover_T102 6
Cover_T103 0
Cover_T104 8
Cover_T105 16
Cover_T106 18
Cover_T107 12
Cover_T108 -6
Cover_T109 0
Cover_T110 52
Cover_T111 6
Cover_T112 28
Cover_T113 4
Cover_T114 4
Cover_T115 28
Cover_T116 -5.69025e-11
Cover_T117 -34
Cover_T118 0
Cover_T119 -18
Cover_T120 -6
Cover_T121 -2
Cover_T122 0
Cover_T123 3.0944e-11
Cover_T124 0
Cover_T125 -7.52642e-12
Cover_T126 0
Cover_T127 -4.50768e-11
Cover_T128 50
Cover_T129 -1.47548e-11
Cover_T130 34
Cover_T131 0
Cover_T132 14
Cover_T133 2
Cover_T134 28
Cover_T135 -40
Cover_T136 4
Cover_T137 -16
Cover_T138 -14
Cover_T139 8
Cover_T140 -38
Cover_T141 -6
Cover_T142 -3.3765e-11
Cover_T143 10
Cover_T144 3.96515e-11
Cover_T145 20
Cover_T146 -12
Cover_T147 36
Cover_T148 -28
Cover_T149 52
Cover_T150 -44
Cover_T151 -3.05489e-11
Cover_T152 -6
Cover_T153 6
Cover_T154 0
Cover_T155 22
Cover_T156 6
Cover_T157 38
Cover_T158 2
Cover_T159 0
Cover_T160 -12
Cover_T161 4
Cover_T162 -28
Cover_T163 1.64859e-10
Cover_T164 -44
Cover_T165 0
Cover_T166 -12
Cover_T167 6
Cover_T168 -28
Cover_T169 26
Cover_T170 -44
Cover_T171 48
Cover_T172 14
Cover_T173 60
Cover_T174 3.13576e-09
Cover_T175 20
Cover_T176 4
Cover_T177 40
Cover_T178 0
Cover_T179 48
Cover_T180 20
Cover_T181 64
Cover_T182 6
Cover_T183 4
Cover_T184 -4
Cover_T185 18
Cover_T186 0
Cover_T187 18
Cover_T188 10
Cover_T189 14
Cover_T190 14
Cover_T191 -4.48672e-11
Cover_T192 -2
Cover_T193 12
Cover_T194 10
Cover_T195 8
Cover_T196 -10
Cover_T197 2
Cover_T198 -26
Cover_T199 2
Cover_T200 -42
Cover_T201 0
Cover_T202 -6
Cover_T203 8
Cover_T204 -20
Cover_T205 30
Cover_T206 -36
Cover_T207 44
Cover_T208 0
Cover_T209 58
Cover_T210 34
Cover_T211 40
Cover_T212 22
Cover_T213 52
Cover_T214 6
Cover_T215 64
Cover_T216 30
Cover_T217 82
Cover_T218 30
Cover_T219 38
Cover_T220 28
Cover_T221 12
Cover_T222 6
Cover_T223 22
Cover_T224 2
Cover_T225 36
Cover_T226 2
Cover_T227 24
Cover_T228 0
Cover_T229 22
Cover_T230 -26
Cover_T231 12
Cover_T232 -8
Cover_T233 16
Cover_T234 -30
Cover_T235 40
Cover_T236 -8
Cover_T237 66
Cover_T238 -12
Cover_T239 32
Cover_T240 -12
Cover_T241 52
Cover_T242 -12
Cover_T243 68
Cover_T244 -18
Cover_T245 44
Cover_T246 -34
Cover_T247 44
Cover_T248 -18
Cover_T249 48
Cover_T250 -18
Cover_T251 48
Cover_T252 -28
Cover_T253 52
Cover_T254 -24
Cover_T255 68
Cover_T256 -28
Cover_T257 54
Cover_T258 -28
Cover_T259 52
Cover_T260 -34
Cover_T261 56
Cover_T262 -34
Cover_T263 56
Cover_T264 -38
Cover_T265 54
Cover_T266 -38
Cover_T267 60
Cover_T268 -44
Cover_T269 58
Cover_T270 -44
Cover_T271 56
Cover_T272 -44
Cover_T273 56
Cover_T274 -48
Cover_T275 56
Cover_T276 -48
Cover_T277 52
Cover_T278 -52
Cover_T279 54
Cover_T280 -48
Cover_T281 58
Cover_T282 -48
Cover_T283 58
Cover_T284 -44
Cover_T285 58
Cover_T286 -42
Cover_T287 58
Cover_T288 -42
Cover_T289 56
Cover_T290 -38
Cover_T291 52
Cover_T292 -40
Cover_T293 58
Cover_T294 -34
Cover_T295 54
Cover_T296 -38
Cover_T297 46
Cover_T298 -4
Cover_T299 44
Cover_T300 -16
Cover_T301 990
Cover_T302 -28
Cover_T303 978
Cover_T304 904
Cover_T305 1036
Cover_T306 892
Cover_T307 1006
Cover_T308 948
Cover_T309 1020
Cover_T310 4
Cover_T311 1022
Cover_T312 12
Cover_T313 94
Cover_T314 -42
Cover_T315 110
Cover_T316 -44
Cover_T317 40
Cover_T318 -44
Cover_T319 22
Cover_T320 -44
Cover_T321 4
Cover_T322 -44
Cover_T323 8
Cover_T324 -28
Cover_T325 14
Cover_T326 -12
Cover_T327 -2
Cover_T328 4
Cover_T329 8
Cover_T330 0
Cover_T331 -8
Cover_T332 -8
Cover_T333 -24
Cover_T334 8
Cover_T335 -40
Cover_T336 -2
Cover_T337 46
Cover_T338 14
Cover_T339 30
Cover_T340 30
Cover_T341 38
Cover_T342 46
Cover_T343 22
Cover_T344 -40
Cover_T345 6
Cover_T346 -44
Cover_T347 0
Cover_T348 -20
Cover_T349 1.27103e-10
Cover_T350 -4
Cover_T351 0
Cover_T352 10
Cover_T353 12
Cover_T354 10
Cover_T355 6
Cover_T356 6
Cover_T357 16
Cover_T358 0
Cover_T359 0
Cover_T360 2
Cover_T361 -16
Cover_T362 0
Cover_T363 50
Cover_T364 -10
Cover_T365 34
Cover_T366 6
Cover_T367 18
Cover_T368 22
Cover_T369 2
Cover_T370 -44
Cover_T371 2
Cover_T372 -20
Cover_T373 4
Cover_T374 4
Cover_T375 2
Cover_T376 8
Cover_T377 0
Cover_T378 6
Cover_T379 52
Cover_T380 8
Cover_T381 32
Cover_T382 2
Cover_T383 16
Cover_T384 8
Cover_T385 1.24381e-10
Cover_T386 -42
Cover_T387 22
Cover_T388 -26
Cover_T389 6
Cover_T390 -10
Cover_T391 -10
Cover_T392 6
Cover_T393 -20
Cover_T394 -16
Cover_T395 -36
Cover_T396 4
Cover_T397 8
Cover_T398 22
Cover_T399 -6
Cover_T400 46
Cover_T401 -30
Cover_T402 2
Cover_T403 -5.00933e-12
Cover_T404 16
Cover_T405 6
Cover_T406 36
Cover_T407 6
Cover_T408 52
Cover_T409 0
Cover_T410 14
Cover_T411 -14
Cover_T412 0
Cover_T413 -30
Cover_T414 0
Cover_T415 -46
Cover_T416 10
Cover_T417 -14
Cover_T418 24
Cover_T419 -30
Cover_T420 40
Cover_T421 -46
Cover_T422 62
Cover_T423 10
Cover_T424 32
Cover_T425 8
Cover_T426 52
Cover_T427 8
Cover_T428 64
Cover_T429 10
Cover_T430 8
Cover_T431 0
Cover_T432 10
Cover_T433 0
Cover_T434 14
Cover_T435 6
Cover_T436 6
Cover_T437 2
Cover_T438 16
Cover_T439 8
Cover_T440 12
Cover_T441 -4
Cover_T442 8
Cover_T443 -20
Cover_T444 8
Cover_T445 -38
Cover_T446 -5.69458e-11
Cover_T447 -2
Cover_T448 16
Cover_T449 -14
Cover_T450 32
Cover_T451 -30
Cover_T452 48
Cover_T453 -6.37865e-10
Cover_T454 18
Cover_T455 30
Cover_T456 48
Cover_T457 8
Cover_T458 64
Cover_T459 28
Cover_T460 46
Cover_T461 30
Cover_T462 8
Cover_T463 6
Cover_T464 32
Cover_T465 0
Cover_T466 8
Cover_T467 -6
Cover_T468 12
Cover_T469 0
Cover_T470 14
Cover_T471 -6
Cover_T472 14
Cover_T473 -14
Cover_T474 10
Cover_T475 -28
Cover_T476 14
Cover_T477 -42
Cover_T478 24
Cover_T479 -8
Cover_T480 20
Cover_T481 -16
Cover_T482 26
Cover_T483 -28
Cover_T484 42
Cover_T485 -40
Cover_T486 58
Cover_T487 -14
Cover_T488 32
Cover_T489 -14
Cover_T490 46
Cover_T491 -14
Cover_T492 64
Cover_T493 -14
Cover_T494 36
Cover_T495 -20
Cover_T496 40
Cover_T497 -36
Cover_T498 42
Cover_T499 -22
Cover_T500 44
Cover_T501 -24
Cover_T502 42
Cover_T503 -32
Cover_T504 50
Cover_T505 -36
Cover_T506 66
Cover_T507 -32
Cover_T508 52
Cover_T509 -32
Cover_T510 48
Cover_T511 -36
Cover_T512 42
Cover_T513 -40
Cover_T514 60
Cover_T515 -34
Cover_T516 52
Cover_T517 -40
Cover_T518 52
Cover_T519 -42
Cover_T520 44
Cover_T521 -42
Cover_T522 48
Cover_T523 -42
Cover_T524 50
Cover_T525 -46
Cover_T526 48
Cover_T527 -44
Cover_T528 52
Cover_T529 -44
Cover_T530 58
Cover_T531 -44
Cover_T532 58
Cover_T533 -48
Cover_T534 52
Cover_T535 -48
Cover_T536 58
Cover_T537 -42
Cover_T538 58
Cover_T539 -42
Cover_T540 58
Cover_T541 -38
Cover_T542 54
Cover_T543 -40
Cover_T544 60
Cover_T545 -34
Cover_T546 56
Cover_T547 -38
Cover_T548 50
Cover_T549 -8
Cover_T550 1002
Cover_T551 -24
Cover_T552 982
Cover_T553 908
Cover_T554 1038
Cover_T555 896
Cover_T556 1028
Cover_T557 946
Cover_T558 1032
Cover_T559 942
Cover_T560 1036
Cover_T561 948
Cover_T562 1006
Cover_T563 948
Cover_T564 1020
Cover_T565 4
Cover_T566 1022
Cover_T567 14
Cover_T568 78
Cover_T569 -42
Cover_T570 78
Cover_T571 -44
Cover_T572 8
Cover_T573 -44
Cover_T574 10
Cover_T575 -44
Cover_T576 16
Cover_T577 -44
Cover_T578 4.37279e-11
Cover_T579 -28
Cover_T580 8
Cover_T581 -12
Cover_T582 -8
Cover_T583 4
Cover_T584 -24
Cover_T585 5.68434e-12
Cover_T586 -38
Cover_T587 -12
Cover_T588 52
Cover_T589 5.83e-11
Cover_T590 40
Cover_T591 12
Cover_T592 52
Cover_T593 -2
Cover_T594 40
Cover_T595 10
Cover_T596 28
Cover_T597 22
Cover_T598 16
Cover_T599 34
Cover_T600 12
Cover_T601 46
Cover_T602 0
Cover_T603 -44
Cover_T604 -2
Cover_T605 -32
Cover_T606 8
Cover_T607 -40
Cover_T608 -8
Cover_T609 -24
Cover_T610 3.70914e-11
Cover_T611 -8
Cover_T612 6
Cover_T613 -3.66722e-12
Cover_T614 4
Cover_T615 6
Cover_T616 6
Cover_T617 -2
Cover_T618 16
Cover_T619 14
Cover_T620 -5.84484e-11
Cover_T621 6
Cover_T622 -16
Cover_T623 -7.38343e-12
Cover_T624 50
Cover_T625 2
Cover_T626 34
Cover_T627 -4.45652e-11
Cover_T628 18
Cover_T629 -10
Cover_T630 2
Cover_T631 6
Cover_T632 0
Cover_T633 22
Cover_T634 0
Cover_T635 -44
Cover_T636 0
Cover_T637 -28
Cover_T638 0
Cover_T639 -12
Cover_T640 -1.51785e-11
Cover_T641 4
Cover_T642 6
Cover_T643 0
Cover_T644 2
Cover_T645 -5.14717e-11
Cover_T646 40
Cover_T647 6
Cover_T648 24
Cover_T649 -1.85096e-12
Cover_T650 8
Cover_T651 4
Cover_T652 22
Cover_T653 0
Cover_T654 -2
Cover_T655 -30
Cover_T656 -20
Cover_T657 -6
Cover_T658 -44
Cover_T659 -20
Cover_T660 0
Cover_T661 0
Cover_T662 -6
Cover_T663 16
Cover_T664 -22
Cover_T665 26
Cover_T666 -38
Cover_T667 42
Cover_T668 2.10392e-11
Cover_T669 0
Cover_T670 -4
Cover_T671 0
Cover_T672 0
Cover_T673 12
Cover_T674 2.03777e-10
Cover_T675 28
Cover_T676 -6
Cover_T677 44
Cover_T678 -22
Cover_T679 6
Cover_T680 -38
Cover_T681 6
Cover_T682 -6
Cover_T683 0
Cover_T684 -22
Cover_T685 8
Cover_T686 -38
Cover_T687 22
Cover_T688 18
Cover_T689 40
Cover_T690 2
Cover_T691 56
Cover_T692 0
Cover_T693 28
Cover_T694 24
Cover_T695 44
Cover_T696 10
Cover_T697 56
Cover_T698 8
Cover_T699 0
Cover_T700 18
Cover_T701 22
Cover_T702 14
Cover_T703 22
Cover_T704 18
Cover_T705 0
Cover_T706 10
Cover_T707 6
Cover_T708 -2
Cover_T709 18
Cover_T710 -16
Cover_T711 10
Cover_T712 -30
Cover_T713 4
Cover_T714 -42
Cover_T715 0
Cover_T716 -2
Cover_T717 12
Cover_T718 -10
Cover_T719 8
Cover_T720 -22
Cover_T721 10
Cover_T722 -36
Cover_T723 24
Cover_T724 -5.60373e-10
Cover_T725 38
Cover_T726 34
Cover_T727 72
Cover_T728 18
Cover_T729 88
Cover_T730 10
Cover_T731 48
Cover_T732 32
Cover_T733 62
Cover_T734 34
Cover_T735 66
Cover_T736 30
Cover_T737 86
Cover_T738 30
Cover_T739 48
Cover_T740 30
Cover_T741 16
Cover_T742 10
Cover_T743 30
Cover_T744 2
Cover_T745 42
Cover_T746 -4.48935e-10
Cover_T747 8
Cover_T748 -16
Cover_T749 16
Cover_T750 -36
Cover_T751 26
Cover_T752 -6
Cover_T753 18
Cover_T754 -24
Cover_T755 26
Cover_T756 -40
Cover_T757 26
Cover_T758 -10
Cover_T759 48
Cover_T760 -10
Cover_T761 64
Cover_T762 -14
Cover_T763 34
Cover_T764 -14
Cover_T765 50
Cover_T766 -14
Cover_T767 70
Cover_T768 -30
Cover_T769 42
Cover_T770 -20
Cover_T771 44
Cover_T772 -20
Cover_T773 44
Cover_T774 -26
Cover_T775 50
Cover_T776 -26
Cover_T777 52
Cover_T778 -28
Cover_T779 66
Cover_T780 -28
Cover_T781 52
Cover_T782 -30
Cover_T783 52
Cover_T784 -36
Cover_T785 60
Cover_T786 -36
Cover_T787 56
Cover_T788 -38
Cover_T789 52
Cover_T790 -38
Cover_T791 58
Cover_T792 -42
Cover_T793 56
Cover_T794 -42
Cover_T795 56
Cover_T796 -44
Cover_T797 58
Cover_T798 -44
Cover_T799 58
Cover_T800 -44
Cover_T801 52
Cover_T802 -48
Cover_T803 58
Cover_T804 -48
Cover_T805 56
Cover_T806 26
Cover_T807 6
Cover_T808 50
Cover_T809 2
Cover_T810 26
Cover_T811 12
Cover_T812 56
Cover_T813 0
Cover_T814 82
Cover_T815 10
Cover_T816 988
Cover_T817 10
Cover_T818 978
Cover_T819 954
Cover_T820 990
Cover_T821 892
Cover_T822 1032
Cover_T823 916
Cover_T824 986
Cover_T825 0
Cover_T826 1020
Cover_T827 8
Cover_T828 94
Cover_T829 0
Cover_T830 94
Cover_T831 -20
Cover_T832 52
Cover_T833 0
Cover_T834 22
Cover_T835 52
Cover_T836 6
Cover_T837 52
Cover_T838 -10
Cover_T839 56
Cover_T840 -34
Cover_T841 0
Cover_T842 24
Cover_T843 16
Cover_T844 14
Cover_T845 26
Cover_T846 18
Cover_T847 46
Cover_T848 16
Cover_T849 60
Cover_T850 0
Cover_T851 0
Cover_T852 62
Cover_T853 0
Cover_T854 44
Cover_T855 0
Cover_T856 58
Cover_T857 2
Cover_T858 44
Cover_T859 28
Cover_T860 16
Cover_T861 -20
Cover_T862 -20
Cover_T863 -16
Cover_T864 0
Cover_T865 14
Cover_T866 54
Cover_T867 54
Cover_T868 56
Cover_T869 88
Cover_T870 82
Cover_T871 60
Cover_T872 78
Cover_T873 0
Cover_T874 52
Cover_T875 0
Count_D0 -984
Count_D1 -1000
Max_H0_P0 0
Max_H0_P1 0
Max_H0_P2 0
Max_H0_P3 0
Max_H0_P4 0
Max_H0_P5 -1.42961e-11
Max_H0_P6 0
Max_H0_P7 0
Max_H0_P8 0
Max_H0_P9 0
Max_H0_P10 0
Max_H0_P11 0
Max_H0_P12 0
Max_H0_P13 0
Max_H0_P14 0
Max_H0_P15 -4.5679e-12
Max_H0_P16 -2.12026e-11
Max_H0_P17 0
Max_H0_P18 2.20712e-11
Max_H0_P19 -2.59082e-11
Max_H0_P20 1.80611e-11
Max_H0_P21 -4.93117e-12
Max_H0_P22 -1.87993e-12
Max_H0_P23 1.29674e-11
Max_H0_P24 2.0961e-13
Max_H0_P25 -3.53038e-11
Max_H0_P26 -7.32214e-12
Max_H0_P27 -2.68301e-11
Max_H0_P28 -8.57869e-12
Max_H0_P29 -9.08251e-12
Max_H0_P30 -3.82952e-11
Max_H0_P31 -1.32651e-11
Max_H0_P32 1.20448e-12
Max_H0_P33 7.38964e-12
Max_H0_P34 -7.76756e-12
Max_H0_P35 -5.8904e-12
Max_H0_P36 1.18698e-11
Max_H0_P37 9.38272e-12
Max_H0_P38 -3.52344e-12
Max_H0_P39 1.58872e-11
Max_H0_P40 -2.96278e-11
Max_H0_P41 5.5671e-12
Max_H0_P42 4.30571e-11
Max_H0_P43 0
Max_H0_P44 0
Max_H0_P45 0
Max_H0_P46 0
Max_H0_P47 0
Max_H0_P48 0
Max_H0_P49 0
Max_H0_P50 0
Max_H0_P51 0
Max_H0_P52 0
Max_H0_P53 0
Max_H0_P54 0
Max_H0_P55 0
Max_H0_P56 0
Max_H0_P57 0
Max_H0_P58 0
Max_H0_P59 0
Max_H0_P60 0
Max_H0_P61 0
Max_H0_P62 0
Max_H0_P63 0
Max_H0_P64 0
Max_H0_P65 0
Max_H0_P66 0
Max_H0_P67 0
Max_H0_P68 0
Max_H0_P69 0
Max_H0_P70 0
Max_H0_P71 0
Max_H0_P72 0
Max_H0_P73 0
Max_H0_P74 0
Max_H0_P75 0
Max_H0_P76 0
Max_H0_P77 -2.54836e-11
Max_H0_P78 0
Max_H0_P79 3.34925e-11
Max_H0_P80 0
Max_H0_P81 0
Max_H1_P0 0
Max_H1_P1 0
Max_H1_P2 0
Max_H1_P3 0
Max_H1_P4 0
Max_H1_P5 -4.23084e-11
Max_H1_P6 3.56621e-11
Max_H1_P7 3.1406e-12
Max_H1_P8 4.34644e-12
Max_H1_P9 2.96163e-12
Max_H1_P10 0
Max_H1_P11 0
Max_H1_P12 0
Max_H1_P13 0
Max_H1_P14 0
Max_H1_P15 0
Max_H1_P16 -4.06306e-11
Max_H1_P17 -5.28644e-12
Max_H1_P18 7.05958e-12
Max_H1_P19 5.44276e-12
Max_H1_P20 1.67593e-11
Max_H1_P21 -2.69557e-12
Max_H1_P22 -8.83948e-12
Max_H1_P23 -3.60668e-12
Max_H1_P24 -4.0643e-12
Max_H1_P25 -2.25721e-11
Max_H1_P26 -2.55547e-11
Max_H1_P27 8.03269e-12
Max_H1_P28 -2.42904e-11
Max_H1_P29 -2.36447e-12
Max_H1_P30 3.93269e-13
Max_H1_P31 -2.66549e-11
Max_H1_P32 -1.25056e-12
Max_H1_P33 -1.15157e-11
Max_H1_P34 -2.05915e-11
Max_H1_P35 -5.88649e-13
Max_H1_P36 1.29524e-11
Max_H1_P37 -2.6219e-12
Max_H1_P38 -1.26192e-11
Max_H1_P39 1.23637e-11
Max_H1_P40 -4.96243e-11
Max_H1_P41 2.06315e-11
Max_H1_P42 5.28573e-11
Max_H1_P43 0
Max_H1_P44 0
Max_H1_P45 -4.70499e-11
Max_H1_P46 -3.24565e-12
Max_H1_P47 0
Max_H1_P48 0
Max_H1_P49 0
Max_H1_P50 0
Max_H1_P51 0
Max_H1_P52 0
Max_H1_P53 -9.06741e-12
Max_H1_P54 0
Max_H1_P55 0
Max_H1_P56 0
Max_H1_P57 0
Max_H1_P58 0
Max_H1_P59 0
Max_H1_P60 -3.20006e-11
Max_H1_P61 0
Max_H1_P62 0
Max_H1_P63 3.29692e-12
Max_H1_P64 0
Max_H1_P65 0
Max_H1_P66 0
Max_H1_P67 0
Max_H1_P68 0
Max_H1_P69 0
Max_H1_P70 0
Max_H1_P71 0
Max_H1_P72 3.66428e-11
Max_H1_P73 0
Max_H1_P74 0
Max_H1_P75 0
Max_H1_P76 0
Max_H1_P77 6.31886e-11
Max_H1_P78 -1.05075e-10
Max_H1_P79 6.03606e-11
Max_H1_P80 0
Max_H1_P81 0
