
Branch and bound

  Entire solving process        :                           (Time    733.6)
  No feasible solution was found
  Best relaxation cost          :     56122.45 (Node     0) (Time    733.6)
  Lower bound after cuts        :     56122.45
  End lower bound               :     56122.45
  Deepest level reached         : 0
  Deepest real level reached    : 0
  Number of real nodes solved   : 1
  Stopping condition            : enough nodes explored

Problem identification

  Problem                       : <null>
  Machine                       : oslo2.gerad.lan

Solving process summary

  Linear relaxations            :        1
  Column generation iterations  :      216
  Shortest paths solved         :     5039
  Columns generated             :    59702

Instance characteristics

  Resources                     : 3
  Node types                    : no
  Arc types                     : no
  Strong resource windows       : no
  Weak resource windows         : no
  Resource windows (nodes)      : 3
  Resource values (arcs)        : 3
  Values on nodes               : no

  Rows                          : 1042
  Initial columns               : 2
  Tasks                         : 880
  Strong tasks                  : 876
  Weak tasks                    : 4
  Initial task constraints      : no
  Nodes                         : 1208
  Arc sets                      : 1
  Arcs                          : 35041
  Networks                      : 2
  Models                        : 1

Memory used per module (Megs)

  Parser (reused)               :      7.273
  Networks                      :     32.088
  Column generator              :     20.221
  Master problem                :     10.404
  -----------------
  Total                         :     62.713

Cpu time per module (seconds)

  Parser                        :        0.0
  Preprocessor                  :        0.0
  Lr solver manager             :        0.1
  Column generator              :      137.0
    (Shortest path)             :      126.8
  Master problem                :      596.5
  -------------------
  Total (without b&b)           :      733.6

Real elapsed time (seconds)

  Parser                        :        0.0
  Preprocessor                  :        0.0
  Lr solver manager             :        0.1
  Column generator              :      137.2
    (Shortest path)             :      127.5
  Master problem                :      597.3
  -------------------
  Total (without b&b)           :      734.6
