Cover_T0 52
Cover_T1 -52
Cover_T2 52
Cover_T3 -52
Cover_T4 52
Cover_T5 -52
Cover_T6 52
Cover_T7 -52
Cover_T8 52
Cover_T9 -52
Cover_T10 52
Cover_T11 -52
Cover_T12 52
Cover_T13 -52
Cover_T14 52
Cover_T15 -44
Cover_T16 56
Cover_T17 -46
Cover_T18 60
Cover_T19 -42
Cover_T20 60
Cover_T21 -28
Cover_T22 56
Cover_T23 -40
Cover_T24 42
Cover_T25 -28
Cover_T26 78
Cover_T27 -4
Cover_T28 44
Cover_T29 -34
Cover_T30 1040
Cover_T31 952
Cover_T32 1000
Cover_T33 948
Cover_T34 1016
Cover_T35 954
Cover_T36 1010
Cover_T37 -40
Cover_T38 8
Cover_T39 -20
Cover_T40 20
Cover_T41 -16
Cover_T42 8
Cover_T43 20
Cover_T44 10
Cover_T45 -4
Cover_T46 10
Cover_T47 -4
Cover_T48 0
Cover_T49 0
Cover_T50 -4
Cover_T51 0
Cover_T52 -28
Cover_T53 5.66747e-12
Cover_T54 18
Cover_T55 14
Cover_T56 28
Cover_T57 50
Cover_T58 -8
Cover_T59 10
Cover_T60 36
Cover_T61 0
Cover_T62 0
Cover_T63 36
Cover_T64 42
Cover_T65 -8
Cover_T66 46
Cover_T67 28
Cover_T68 28
Cover_T69 -14
Cover_T70 12
Cover_T71 -18
Cover_T72 20
Cover_T73 0
Cover_T74 8
Cover_T75 16
Cover_T76 -4
Cover_T77 8
Cover_T78 -40
Cover_T79 20
Cover_T80 -6
Cover_T81 22
Cover_T82 -30
Cover_T83 46
Cover_T84 28
Cover_T85 4
Cover_T86 4
Cover_T87 28
Cover_T88 -20
Cover_T89 52
Cover_T90 12
Cover_T91 6
Cover_T92 14
Cover_T93 46
Cover_T94 2
Cover_T95 20
Cover_T96 -2
Cover_T97 16
Cover_T98 -26
Cover_T99 22
Cover_T100 46
Cover_T101 20
Cover_T102 20
Cover_T103 38
Cover_T104 2
Cover_T105 72
Cover_T106 8
Cover_T107 14
Cover_T108 30
Cover_T109 28
Cover_T110 10
Cover_T111 38
Cover_T112 22
Cover_T113 42
Cover_T114 12
Cover_T115 10
Cover_T116 12
Cover_T117 2
Cover_T118 22
Cover_T119 22
Cover_T120 2
Cover_T121 2
Cover_T122 4
Cover_T123 12
Cover_T124 -2
Cover_T125 8
Cover_T126 0
Cover_T127 16
Cover_T128 -6
Cover_T129 26
Cover_T130 -2
Cover_T131 14
Cover_T132 -4
Cover_T133 40
Cover_T134 -12
Cover_T135 20
Cover_T136 -4
Cover_T137 28
Cover_T138 -14
Cover_T139 32
Cover_T140 -42
Cover_T141 32
Cover_T142 -18
Cover_T143 40
Cover_T144 -14
Cover_T145 76
Cover_T146 -22
Cover_T147 52
Cover_T148 -22
Cover_T149 48
Cover_T150 -24
Cover_T151 70
Cover_T152 -24
Cover_T153 58
Cover_T154 -36
Cover_T155 70
Cover_T156 -36
Cover_T157 66
Cover_T158 52
Cover_T159 -52
Cover_T160 52
Cover_T161 -52
Cover_T162 56
Cover_T163 -42
Cover_T164 62
Cover_T165 -42
Cover_T166 52
Cover_T167 -32
Cover_T168 66
Cover_T169 -32
Cover_T170 58
Cover_T171 -36
Cover_T172 56
Cover_T173 -6
Cover_T174 48
Cover_T175 -22
Cover_T176 48
Cover_T177 -1.7371e-11
Cover_T178 1036
Cover_T179 936
Cover_T180 1012
Cover_T181 954
Cover_T182 1028
Cover_T183 954
Cover_T184 990
Cover_T185 -34
Cover_T186 36
Cover_T187 -36
Cover_T188 0
Cover_T189 -32
Cover_T190 12
Cover_T191 4
Cover_T192 8.59757e-13
Cover_T193 -8
Cover_T194 8
Cover_T195 4
Cover_T196 0
Cover_T197 -4
Cover_T198 -18
Cover_T199 -9.66338e-13
Cover_T200 -42
Cover_T201 4
Cover_T202 10
Cover_T203 28
Cover_T204 32
Cover_T205 52
Cover_T206 8
Cover_T207 0
Cover_T208 -16
Cover_T209 -16
Cover_T210 28
Cover_T211 20
Cover_T212 -8
Cover_T213 -24
Cover_T214 34
Cover_T215 12
Cover_T216 38
Cover_T217 -30
Cover_T218 20
Cover_T219 -34
Cover_T220 4
Cover_T221 -16
Cover_T222 12
Cover_T223 0
Cover_T224 0
Cover_T225 -8
Cover_T226 -12
Cover_T227 4
Cover_T228 -48
Cover_T229 16
Cover_T230 -18
Cover_T231 52
Cover_T232 28
Cover_T233 22
Cover_T234 -8
Cover_T235 -24
Cover_T236 -38
Cover_T237 -7.10543e-13
Cover_T238 2.11671e-11
Cover_T239 24
Cover_T240 14
Cover_T241 48
Cover_T242 14
Cover_T243 14
Cover_T244 16
Cover_T245 0
Cover_T246 -8
Cover_T247 22
Cover_T248 -44
Cover_T249 26
Cover_T250 14
Cover_T251 64
Cover_T252 4
Cover_T253 18
Cover_T254 22
Cover_T255 40
Cover_T256 32
Cover_T257 44
Cover_T258 22
Cover_T259 24
Cover_T260 16
Cover_T261 18
Cover_T262 4
Cover_T263 14
Cover_T264 -1.96429e-10
Cover_T265 16
Cover_T266 -2
Cover_T267 14
Cover_T268 -2.95714e-10
Cover_T269 18
Cover_T270 -1.2488e-10
Cover_T271 18
Cover_T272 -2
Cover_T273 20
Cover_T274 -22
Cover_T275 18
Cover_T276 -4
Cover_T277 18
Cover_T278 -4
Cover_T279 46
Cover_T280 -4
Cover_T281 22
Cover_T282 -4
Cover_T283 26
Cover_T284 -4
Cover_T285 16
Cover_T286 -22
Cover_T287 20
Cover_T288 -46
Cover_T289 32
Cover_T290 -14
Cover_T291 46
Cover_T292 -6
Cover_T293 58
Cover_T294 -38
Cover_T295 34
Cover_T296 -32
Cover_T297 36
Cover_T298 -16
Cover_T299 52
Cover_T300 -26
Cover_T301 40
Cover_T302 -32
Cover_T303 54
Cover_T304 -32
Cover_T305 38
Cover_T306 -36
Cover_T307 72
Cover_T308 -36
Cover_T309 60
Cover_T310 56
Cover_T311 -42
Cover_T312 62
Cover_T313 -30
Cover_T314 66
Cover_T315 -34
Cover_T316 50
Cover_T317 -2
Cover_T318 58
Cover_T319 -22
Cover_T320 40
Cover_T321 0
Cover_T322 1036
Cover_T323 952
Cover_T324 1042
Cover_T325 954
Cover_T326 1042
Cover_T327 938
Cover_T328 996
Cover_T329 954
Cover_T330 1028
Cover_T331 954
Cover_T332 990
Cover_T333 -34
Cover_T334 22
Cover_T335 -32
Cover_T336 -12
Cover_T337 -24
Cover_T338 12
Cover_T339 -32
Cover_T340 10
Cover_T341 -8
Cover_T342 6
Cover_T343 16
Cover_T344 4
Cover_T345 -4
Cover_T346 0
Cover_T347 0
Cover_T348 -6
Cover_T349 -4
Cover_T350 -34
Cover_T351 0
Cover_T352 14
Cover_T353 12
Cover_T354 32
Cover_T355 22
Cover_T356 4
Cover_T357 50
Cover_T358 -24
Cover_T359 2
Cover_T360 28
Cover_T361 -20
Cover_T362 8
Cover_T363 -9.87654e-12
Cover_T364 -12
Cover_T365 20
Cover_T366 46
Cover_T367 40
Cover_T368 26
Cover_T369 -20
Cover_T370 46
Cover_T371 -1.13387e-12
Cover_T372 26
Cover_T373 28
Cover_T374 8
Cover_T375 -14
Cover_T376 -8
Cover_T377 -18
Cover_T378 0
Cover_T379 -1.5774e-11
Cover_T380 -12
Cover_T381 16
Cover_T382 -24
Cover_T383 8
Cover_T384 6
Cover_T385 20
Cover_T386 -26
Cover_T387 24
Cover_T388 28
Cover_T389 52
Cover_T390 0
Cover_T391 14
Cover_T392 -28
Cover_T393 42
Cover_T394 6
Cover_T395 -14
Cover_T396 6
Cover_T397 10
Cover_T398 -4
Cover_T399 38
Cover_T400 -4
Cover_T401 0
Cover_T402 -2
Cover_T403 0
Cover_T404 -20
Cover_T405 14
Cover_T406 -40
Cover_T407 14
Cover_T408 36
Cover_T409 18
Cover_T410 24
Cover_T411 24
Cover_T412 0
Cover_T413 52
Cover_T414 0
Cover_T415 90
Cover_T416 40
Cover_T417 16
Cover_T418 32
Cover_T419 38
Cover_T420 26
Cover_T421 40
Cover_T422 16
Cover_T423 16
Cover_T424 22
Cover_T425 12
Cover_T426 -2
Cover_T427 10
Cover_T428 -2.11345e-10
Cover_T429 10
Cover_T430 2
Cover_T431 8
Cover_T432 -9.06173e-11
Cover_T433 12
Cover_T434 -1.2488e-10
Cover_T435 10
Cover_T436 -14
Cover_T437 8
Cover_T438 -40
Cover_T439 8
Cover_T440 -16
Cover_T441 8
Cover_T442 -12
Cover_T443 22
Cover_T444 -12
Cover_T445 46
Cover_T446 -6
Cover_T447 10
Cover_T448 -22
Cover_T449 34
Cover_T450 -6
Cover_T451 34
Cover_T452 -6
Cover_T453 50
Cover_T454 -6
Cover_T455 82
Cover_T456 -16
Cover_T457 56
Cover_T458 -16
Cover_T459 52
Cover_T460 -36
Cover_T461 56
Cover_T462 -24
Cover_T463 68
Cover_T464 -32
Cover_T465 52
Cover_T466 -46
Cover_T467 52
Cover_T468 -36
Cover_T469 52
Cover_T470 42
Cover_T471 6
Cover_T472 40
Cover_T473 16
Cover_T474 38
Cover_T475 0
Cover_T476 44
Cover_T477 12
Cover_T478 10
Cover_T479 50
Cover_T480 1048
Cover_T481 16
Cover_T482 1020
Cover_T483 1002
Cover_T484 1014
Cover_T485 976
Cover_T486 1034
Cover_T487 996
Cover_T488 996
Cover_T489 -16
Cover_T490 54
Cover_T491 -20
Cover_T492 52
Cover_T493 52
Cover_T494 -10
Cover_T495 64
Cover_T496 7.48841e-11
Cover_T497 36
Cover_T498 32
Cover_T499 64
Cover_T500 0
Cover_T501 72
Cover_T502 0
Cover_T503 40
Cover_T504 0
Cover_T505 18
Cover_T506 64
Cover_T507 48
Cover_T508 80
Cover_T509 68
Cover_T510 42
Cover_T511 58
Cover_T512 66
Cover_T513 -6
Cover_T514 46
Count_D0 -984
Count_D1 -1000
Max_H0_P0 0
Max_H0_P1 0
Max_H0_P2 0
Max_H0_P3 0
Max_H0_P4 0
Max_H0_P5 0
Max_H0_P6 0
Max_H0_P7 0
Max_H0_P8 0
Max_H0_P9 0
Max_H0_P10 0
Max_H0_P11 0
Max_H0_P12 0
Max_H0_P13 0
Max_H0_P14 0
Max_H0_P15 0
Max_H0_P16 0
Max_H0_P17 3.957e-12
Max_H0_P18 -3.8951e-12
Max_H0_P19 0
Max_H0_P20 2.09646e-12
Max_H0_P21 1.43786e-12
Max_H0_P22 0
Max_H0_P23 0
Max_H0_P24 0
Max_H0_P25 -0
Max_H0_P26 8.5308e-12
Max_H0_P27 -2.77467e-12
Max_H0_P28 8.60114e-12
Max_H0_P29 0
Max_H0_P30 0
Max_H0_P31 -8.77171e-13
Max_H0_P32 0
Max_H0_P33 -2.77467e-12
Max_H0_P34 0
Max_H0_P35 -8.92619e-13
Max_H0_P36 0
Max_H0_P37 -1.40198e-11
Max_H0_P38 0
Max_H0_P39 0
Max_H0_P40 -4.62621e-12
Max_H0_P41 0
Max_H0_P42 0
Max_H0_P43 0
Max_H0_P44 0
Max_H0_P45 0
Max_H0_P46 0
Max_H0_P47 0
Max_H0_P48 0
Max_H0_P49 0
Max_H0_P50 0
Max_H0_P51 0
Max_H0_P52 0
Max_H0_P53 0
Max_H0_P54 0
Max_H0_P55 0
Max_H0_P56 0
Max_H0_P57 0
Max_H0_P58 0
Max_H0_P59 0
Max_H0_P60 0
Max_H0_P61 0
Max_H0_P62 0
Max_H0_P63 0
Max_H0_P64 0
Max_H0_P65 0
Max_H0_P66 0
Max_H0_P67 0
Max_H0_P68 0
Max_H0_P69 0
Max_H0_P70 0
Max_H0_P71 0
Max_H0_P72 0
Max_H0_P73 0
Max_H0_P74 0
Max_H0_P75 0
Max_H0_P76 0
Max_H0_P77 0
Max_H0_P78 0
Max_H0_P79 0
Max_H0_P80 0
Max_H0_P81 0
Max_H1_P0 0
Max_H1_P1 0
Max_H1_P2 0
Max_H1_P3 -1.47793e-12
Max_H1_P4 0
Max_H1_P5 0
Max_H1_P6 -1.24655e-12
Max_H1_P7 0
Max_H1_P8 0
Max_H1_P9 0
Max_H1_P10 0
Max_H1_P11 0
Max_H1_P12 0
Max_H1_P13 0
Max_H1_P14 0
Max_H1_P15 0
Max_H1_P16 0
Max_H1_P17 -1.69109e-12
Max_H1_P18 0
Max_H1_P19 -5.29354e-13
Max_H1_P20 0
Max_H1_P21 0
Max_H1_P22 0
Max_H1_P23 0
Max_H1_P24 -5.64595e-12
Max_H1_P25 0
Max_H1_P26 0
Max_H1_P27 6.69065e-12
Max_H1_P28 0
Max_H1_P29 -9.62341e-12
Max_H1_P30 0
Max_H1_P31 -6.39866e-12
Max_H1_P32 4.30234e-12
Max_H1_P33 0
Max_H1_P34 -7.38609e-12
Max_H1_P35 8.32332e-13
Max_H1_P36 0
Max_H1_P37 -1.14084e-11
Max_H1_P38 0
Max_H1_P39 0
Max_H1_P40 0
Max_H1_P41 -5.25944e-12
Max_H1_P42 0
Max_H1_P43 1.55779e-12
Max_H1_P44 0
Max_H1_P45 0
Max_H1_P46 0
Max_H1_P47 0
Max_H1_P48 0
Max_H1_P49 0
Max_H1_P50 0
Max_H1_P51 0
Max_H1_P52 0
Max_H1_P53 0
Max_H1_P54 0
Max_H1_P55 0
Max_H1_P56 0
Max_H1_P57 0
Max_H1_P58 0
Max_H1_P59 0
Max_H1_P60 0
Max_H1_P61 0
Max_H1_P62 0
Max_H1_P63 0
Max_H1_P64 0
Max_H1_P65 0
Max_H1_P66 0
Max_H1_P67 0
Max_H1_P68 0
Max_H1_P69 0
Max_H1_P70 0
Max_H1_P71 0
Max_H1_P72 0
Max_H1_P73 0
Max_H1_P74 0
Max_H1_P75 0
Max_H1_P76 6.75371e-12
Max_H1_P77 0
Max_H1_P78 0
Max_H1_P79 0
Max_H1_P80 0
Max_H1_P81 0
