
Branch and bound

  Entire solving process        :                           (Time     43.1)
  No feasible solution was found
  Best relaxation cost          :     37922.66 (Node     0) (Time     43.1)
  Lower bound after cuts        :     37922.66
  End lower bound               :     37922.66
  Deepest level reached         : 0
  Deepest real level reached    : 0
  Number of real nodes solved   : 1
  Stopping condition            : enough nodes explored

Problem identification

  Problem                       : <null>
  Machine                       : oslo3.gerad.lan

Solving process summary

  Linear relaxations            :        1
  Column generation iterations  :      105
  Shortest paths solved         :     6419
  Columns generated             :    33149

Instance characteristics

  Resources                     : 3
  Node types                    : no
  Arc types                     : no
  Strong resource windows       : no
  Weak resource windows         : no
  Resource windows (nodes)      : 3
  Resource values (arcs)        : 3
  Values on nodes               : no

  Rows                          : 681
  Initial columns               : 310
  Tasks                         : 519
  Strong tasks                  : 342
  Weak tasks                    : 4
  Initial task constraints      : no
  Nodes                         : 847
  Arc sets                      : 1
  Arcs                          : 14179
  Networks                      : 2
  Models                        : 1

Memory used per module (Megs)

  Parser (reused)               :      3.277
  Networks                      :     20.706
  Column generator              :      2.906
  Master problem                :      6.933
  -----------------
  Total                         :     30.545

Cpu time per module (seconds)

  Parser                        :        0.0
  Preprocessor                  :        0.0
  Lr solver manager             :        0.0
  Column generator              :       13.2
    (Shortest path)             :       11.0
  Master problem                :       29.9
  -------------------
  Total (without b&b)           :       43.1

Real elapsed time (seconds)

  Parser                        :        0.0
  Preprocessor                  :        0.0
  Lr solver manager             :        0.1
  Column generator              :       13.2
    (Shortest path)             :       10.9
  Master problem                :       29.8
  -------------------
  Total (without b&b)           :       43.1
