Cover_T0 52
Cover_T1 -52
Cover_T2 52
Cover_T3 -52
Cover_T4 52
Cover_T5 -52
Cover_T6 52
Cover_T7 -52
Cover_T8 52
Cover_T9 -52
Cover_T10 52
Cover_T11 -52
Cover_T12 52
Cover_T13 -52
Cover_T14 54
Cover_T15 -52
Cover_T16 54
Cover_T17 -52
Cover_T18 54
Cover_T19 -50
Cover_T20 54
Cover_T21 -50
Cover_T22 54
Cover_T23 -50
Cover_T24 52
Cover_T25 -50
Cover_T26 56
Cover_T27 -46
Cover_T28 58
Cover_T29 -46
Cover_T30 56
Cover_T31 -46
Cover_T32 54
Cover_T33 -46
Cover_T34 60
Cover_T35 -42
Cover_T36 54
Cover_T37 -42
Cover_T38 50
Cover_T39 -28
Cover_T40 70
Cover_T41 -38
Cover_T42 60
Cover_T43 4
Cover_T44 1038
Cover_T45 970
Cover_T46 1022
Cover_T47 962
Cover_T48 1046
Cover_T49 976
Cover_T50 1018
Cover_T51 962
Cover_T52 1042
Cover_T53 974
Cover_T54 1000
Cover_T55 -4
Cover_T56 30
Cover_T57 8
Cover_T58 32
Cover_T59 -16
Cover_T60 22
Cover_T61 -1.95417e-10
Cover_T62 0
Cover_T63 -16
Cover_T64 2
Cover_T65 -10
Cover_T66 24
Cover_T67 -6
Cover_T68 20
Cover_T69 8
Cover_T70 -2.44575e-10
Cover_T71 10
Cover_T72 10
Cover_T73 -8
Cover_T74 6
Cover_T75 2.90164e-10
Cover_T76 4
Cover_T77 -2
Cover_T78 0
Cover_T79 2
Cover_T80 -18
Cover_T81 4
Cover_T82 -42
Cover_T83 8.94028e-11
Cover_T84 16
Cover_T85 10
Cover_T86 0
Cover_T87 30
Cover_T88 0
Cover_T89 50
Cover_T90 -2
Cover_T91 -8
Cover_T92 4
Cover_T93 0
Cover_T94 10
Cover_T95 2
Cover_T96 2
Cover_T97 4
Cover_T98 0
Cover_T99 -2
Cover_T100 2
Cover_T101 6
Cover_T102 -26
Cover_T103 8
Cover_T104 2
Cover_T105 6
Cover_T106 -26
Cover_T107 34
Cover_T108 2
Cover_T109 6
Cover_T110 4
Cover_T111 26
Cover_T112 0
Cover_T113 42
Cover_T114 -10
Cover_T115 2
Cover_T116 -26
Cover_T117 10
Cover_T118 -42
Cover_T119 6
Cover_T120 -42
Cover_T121 10
Cover_T122 -40
Cover_T123 20
Cover_T124 10
Cover_T125 36
Cover_T126 -6
Cover_T127 52
Cover_T128 4
Cover_T129 52
Cover_T130 4
Cover_T131 50
Cover_T132 -10
Cover_T133 -3.36158e-11
Cover_T134 -26
Cover_T135 16
Cover_T136 -42
Cover_T137 8
Cover_T138 -42
Cover_T139 6
Cover_T140 -24
Cover_T141 26
Cover_T142 -40
Cover_T143 42
Cover_T144 20
Cover_T145 60
Cover_T146 16
Cover_T147 60
Cover_T148 6
Cover_T149 50
Cover_T150 6
Cover_T151 66
Cover_T152 14
Cover_T153 0
Cover_T154 -2
Cover_T155 20
Cover_T156 10
Cover_T157 18
Cover_T158 -18
Cover_T159 8
Cover_T160 2.54651e-10
Cover_T161 36
Cover_T162 -24
Cover_T163 18
Cover_T164 4
Cover_T165 40
Cover_T166 0
Cover_T167 22
Cover_T168 -18
Cover_T169 44
Cover_T170 -6
Cover_T171 50
Cover_T172 -6
Cover_T173 20
Cover_T174 -6
Cover_T175 30
Cover_T176 -6
Cover_T177 26
Cover_T178 -16
Cover_T179 34
Cover_T180 -14
Cover_T181 24
Cover_T182 -20
Cover_T183 26
Cover_T184 -14
Cover_T185 24
Cover_T186 -12
Cover_T187 26
Cover_T188 -22
Cover_T189 30
Cover_T190 -18
Cover_T191 30
Cover_T192 -30
Cover_T193 42
Cover_T194 -18
Cover_T195 26
Cover_T196 -18
Cover_T197 28
Cover_T198 -24
Cover_T199 36
Cover_T200 -22
Cover_T201 32
Cover_T202 -26
Cover_T203 46
Cover_T204 -22
Cover_T205 30
Cover_T206 -34
Cover_T207 32
Cover_T208 -26
Cover_T209 38
Cover_T210 -28
Cover_T211 50
Cover_T212 -30
Cover_T213 40
Cover_T214 -34
Cover_T215 46
Cover_T216 -30
Cover_T217 40
Cover_T218 -34
Cover_T219 58
Cover_T220 -30
Cover_T221 54
Cover_T222 -32
Cover_T223 46
Cover_T224 -32
Cover_T225 54
Cover_T226 -34
Cover_T227 46
Cover_T228 -38
Cover_T229 42
Cover_T230 -40
Cover_T231 54
Cover_T232 -38
Cover_T233 52
Cover_T234 -42
Cover_T235 58
Cover_T236 -42
Cover_T237 48
Cover_T238 -46
Cover_T239 58
Cover_T240 -46
Cover_T241 56
Cover_T242 -48
Cover_T243 54
Cover_T244 52
Cover_T245 -52
Cover_T246 52
Cover_T247 -50
Cover_T248 54
Cover_T249 -50
Cover_T250 56
Cover_T251 -50
Cover_T252 52
Cover_T253 -46
Cover_T254 56
Cover_T255 -48
Cover_T256 56
Cover_T257 -42
Cover_T258 60
Cover_T259 -42
Cover_T260 52
Cover_T261 -46
Cover_T262 52
Cover_T263 -32
Cover_T264 64
Cover_T265 -38
Cover_T266 60
Cover_T267 -3.77725e-11
Cover_T268 54
Cover_T269 0
Cover_T270 1028
Cover_T271 974
Cover_T272 1022
Cover_T273 966
Cover_T274 1016
Cover_T275 958
Cover_T276 1030
Cover_T277 958
Cover_T278 1030
Cover_T279 966
Cover_T280 976
Cover_T281 976
Cover_T282 1002
Cover_T283 -4
Cover_T284 20
Cover_T285 2
Cover_T286 30
Cover_T287 12
Cover_T288 44
Cover_T289 -16
Cover_T290 18
Cover_T291 -10
Cover_T292 16
Cover_T293 -14
Cover_T294 -4.77769e-11
Cover_T295 -18
Cover_T296 0
Cover_T297 -14
Cover_T298 20
Cover_T299 -2.99025e-10
Cover_T300 20
Cover_T301 2
Cover_T302 -2.84558e-10
Cover_T303 -20
Cover_T304 10
Cover_T305 -20
Cover_T306 0
Cover_T307 2.52498e-10
Cover_T308 4.17096e-10
Cover_T309 -10
Cover_T310 -2.44093e-10
Cover_T311 5.53888e-11
Cover_T312 4
Cover_T313 0
Cover_T314 -6
Cover_T315 -1.66587e-10
Cover_T316 -30
Cover_T317 4
Cover_T318 20
Cover_T319 22
Cover_T320 8
Cover_T321 50
Cover_T322 6
Cover_T323 7.27937e-10
Cover_T324 6
Cover_T325 6
Cover_T326 0
Cover_T327 0
Cover_T328 1.17026e-10
Cover_T329 -6
Cover_T330 -5.49338e-11
Cover_T331 -2.18403e-12
Cover_T332 6
Cover_T333 0
Cover_T334 16
Cover_T335 0
Cover_T336 -8
Cover_T337 2
Cover_T338 20
Cover_T339 0
Cover_T340 -8
Cover_T341 28
Cover_T342 -36
Cover_T343 2.6156e-10
Cover_T344 0
Cover_T345 28
Cover_T346 4
Cover_T347 0
Cover_T348 -18
Cover_T349 0
Cover_T350 -46
Cover_T351 10
Cover_T352 -40
Cover_T353 36
Cover_T354 6
Cover_T355 52
Cover_T356 -10
Cover_T357 52
Cover_T358 0
Cover_T359 50
Cover_T360 0
Cover_T361 0
Cover_T362 -14
Cover_T363 16
Cover_T364 -30
Cover_T365 6
Cover_T366 -46
Cover_T367 8
Cover_T368 -46
Cover_T369 22
Cover_T370 -28
Cover_T371 42
Cover_T372 -44
Cover_T373 58
Cover_T374 16
Cover_T375 60
Cover_T376 12
Cover_T377 46
Cover_T378 18
Cover_T379 62
Cover_T380 -7.31177e-10
Cover_T381 2
Cover_T382 10
Cover_T383 8
Cover_T384 -10
Cover_T385 10
Cover_T386 10
Cover_T387 30
Cover_T388 -8
Cover_T389 20
Cover_T390 12
Cover_T391 36
Cover_T392 -12
Cover_T393 18
Cover_T394 -32
Cover_T395 34
Cover_T396 0
Cover_T397 12
Cover_T398 -6
Cover_T399 46
Cover_T400 -8
Cover_T401 32
Cover_T402 -8
Cover_T403 38
Cover_T404 -8
Cover_T405 22
Cover_T406 -12
Cover_T407 32
Cover_T408 -18
Cover_T409 28
Cover_T410 -18
Cover_T411 42
Cover_T412 -34
Cover_T413 38
Cover_T414 -22
Cover_T415 34
Cover_T416 -24
Cover_T417 34
Cover_T418 -22
Cover_T419 52
Cover_T420 -22
Cover_T421 32
Cover_T422 -36
Cover_T423 34
Cover_T424 -28
Cover_T425 32
Cover_T426 -26
Cover_T427 36
Cover_T428 -34
Cover_T429 32
Cover_T430 -30
Cover_T431 44
Cover_T432 -30
Cover_T433 34
Cover_T434 -28
Cover_T435 36
Cover_T436 -28
Cover_T437 42
Cover_T438 -42
Cover_T439 38
Cover_T440 -30
Cover_T441 38
Cover_T442 -42
Cover_T443 40
Cover_T444 -30
Cover_T445 50
Cover_T446 -30
Cover_T447 40
Cover_T448 -30
Cover_T449 56
Cover_T450 -32
Cover_T451 44
Cover_T452 -34
Cover_T453 44
Cover_T454 -36
Cover_T455 44
Cover_T456 -32
Cover_T457 46
Cover_T458 -48
Cover_T459 42
Cover_T460 -42
Cover_T461 50
Cover_T462 -40
Cover_T463 46
Cover_T464 -38
Cover_T465 44
Cover_T466 -40
Cover_T467 60
Cover_T468 -38
Cover_T469 54
Cover_T470 -44
Cover_T471 52
Cover_T472 -42
Cover_T473 50
Cover_T474 -42
Cover_T475 54
Cover_T476 -44
Cover_T477 54
Cover_T478 -42
Cover_T479 56
Cover_T480 -46
Cover_T481 54
Cover_T482 -46
Cover_T483 58
Cover_T484 -48
Cover_T485 54
Cover_T486 -46
Cover_T487 60
Cover_T488 -46
Cover_T489 56
Cover_T490 -44
Cover_T491 58
Cover_T492 -42
Cover_T493 52
Cover_T494 -28
Cover_T495 64
Cover_T496 6
Cover_T497 1036
Cover_T498 972
Cover_T499 1018
Cover_T500 950
Cover_T501 1048
Cover_T502 974
Cover_T503 1032
Cover_T504 978
Cover_T505 1046
Cover_T506 980
Cover_T507 1034
Cover_T508 968
Cover_T509 994
Cover_T510 980
Cover_T511 994
Cover_T512 0
Cover_T513 28
Cover_T514 14
Cover_T515 10
Cover_T516 -10
Cover_T517 7.01377e-10
Cover_T518 2
Cover_T519 6
Cover_T520 -12
Cover_T521 12
Cover_T522 -10
Cover_T523 22
Cover_T524 -12
Cover_T525 10
Cover_T526 1.97172e-10
Cover_T527 14
Cover_T528 -4
Cover_T529 2
Cover_T530 2
Cover_T531 20
Cover_T532 14
Cover_T533 8
Cover_T534 8
Cover_T535 4
Cover_T536 0
Cover_T537 6
Cover_T538 -6
Cover_T539 0
Cover_T540 -10
Cover_T541 0
Cover_T542 6
Cover_T543 8
Cover_T544 -8
Cover_T545 0
Cover_T546 0
Cover_T547 -14
Cover_T548 0
Cover_T549 -30
Cover_T550 6
Cover_T551 -46
Cover_T552 6
Cover_T553 16
Cover_T554 -2
Cover_T555 -6.81619e-10
Cover_T556 6
Cover_T557 6.05951e-11
Cover_T558 20
Cover_T559 10
Cover_T560 36
Cover_T561 20
Cover_T562 52
Cover_T563 4
Cover_T564 -10
Cover_T565 2
Cover_T566 2
Cover_T567 4
Cover_T568 2
Cover_T569 4
Cover_T570 4
Cover_T571 10
Cover_T572 -2
Cover_T573 20
Cover_T574 4
Cover_T575 -1.8889e-11
Cover_T576 4
Cover_T577 -20
Cover_T578 4
Cover_T579 16
Cover_T580 -2
Cover_T581 -4
Cover_T582 -12
Cover_T583 -24
Cover_T584 8
Cover_T585 12
Cover_T586 28
Cover_T587 1.5957e-10
Cover_T588 -8
Cover_T589 -5.73763e-12
Cover_T590 12
Cover_T591 -6
Cover_T592 40
Cover_T593 -34
Cover_T594 4
Cover_T595 -46
Cover_T596 2.43176e-10
Cover_T597 10
Cover_T598 22
Cover_T599 8
Cover_T600 46
Cover_T601 4
Cover_T602 50
Cover_T603 -14
Cover_T604 52
Cover_T605 -34
Cover_T606 6
Cover_T607 -38
Cover_T608 2
Cover_T609 -24
Cover_T610 10
Cover_T611 -44
Cover_T612 24
Cover_T613 20
Cover_T614 38
Cover_T615 20
Cover_T616 44
Cover_T617 8
Cover_T618 48
Cover_T619 18
Cover_T620 64
Cover_T621 6
Cover_T622 44
Cover_T623 14
Cover_T624 48
Cover_T625 8
Cover_T626 64
Cover_T627 -6
Cover_T628 12
Cover_T629 14
Cover_T630 14
Cover_T631 2
Cover_T632 14
Cover_T633 -10
Cover_T634 14
Cover_T635 14
Cover_T636 18
Cover_T637 -2
Cover_T638 16
Cover_T639 -12
Cover_T640 28
Cover_T641 -32
Cover_T642 40
Cover_T643 4
Cover_T644 16
Cover_T645 -16
Cover_T646 26
Cover_T647 2
Cover_T648 50
Cover_T649 -10
Cover_T650 24
Cover_T651 -6
Cover_T652 30
Cover_T653 -8
Cover_T654 48
Cover_T655 -6
Cover_T656 58
Cover_T657 -8
Cover_T658 28
Cover_T659 -8
Cover_T660 24
Cover_T661 -10
Cover_T662 30
Cover_T663 -24
Cover_T664 42
Cover_T665 -10
Cover_T666 28
Cover_T667 -8
Cover_T668 34
Cover_T669 -14
Cover_T670 26
Cover_T671 -26
Cover_T672 34
Cover_T673 -18
Cover_T674 42
Cover_T675 -18
Cover_T676 38
Cover_T677 -24
Cover_T678 40
Cover_T679 -24
Cover_T680 44
Cover_T681 -28
Cover_T682 30
Cover_T683 -26
Cover_T684 34
Cover_T685 -26
Cover_T686 30
Cover_T687 -32
Cover_T688 34
Cover_T689 -28
Cover_T690 46
Cover_T691 -38
Cover_T692 40
Cover_T693 -28
Cover_T694 38
Cover_T695 -46
Cover_T696 40
Cover_T697 -34
Cover_T698 46
Cover_T699 -34
Cover_T700 38
Cover_T701 -30
Cover_T702 50
Cover_T703 -34
Cover_T704 44
Cover_T705 -30
Cover_T706 60
Cover_T707 -32
Cover_T708 50
Cover_T709 -34
Cover_T710 52
Cover_T711 -32
Cover_T712 44
Cover_T713 -42
Cover_T714 48
Cover_T715 -38
Cover_T716 46
Cover_T717 -40
Cover_T718 50
Cover_T719 -38
Cover_T720 54
Cover_T721 -38
Cover_T722 60
Cover_T723 -42
Cover_T724 60
Cover_T725 -42
Cover_T726 60
Cover_T727 -42
Cover_T728 60
Cover_T729 -46
Cover_T730 60
Cover_T731 -46
Cover_T732 54
Cover_T733 -46
Cover_T734 58
Cover_T735 -48
Cover_T736 58
Cover_T737 32
Cover_T738 -2
Cover_T739 46
Cover_T740 2
Cover_T741 18
Cover_T742 -2
Cover_T743 24
Cover_T744 18
Cover_T745 6
Cover_T746 30
Cover_T747 26
Cover_T748 30
Cover_T749 14
Cover_T750 1012
Cover_T751 1032
Cover_T752 1024
Cover_T753 1078
Cover_T754 1010
Cover_T755 1050
Cover_T756 1022
Cover_T757 1074
Cover_T758 1024
Cover_T759 1020
Cover_T760 1006
Cover_T761 62
Cover_T762 1018
Cover_T763 62
Cover_T764 0
Cover_T765 36
Cover_T766 -38
Cover_T767 54
Cover_T768 -34
Cover_T769 52
Cover_T770 -30
Cover_T771 52
Cover_T772 -2
Cover_T773 52
Cover_T774 58
Cover_T775 16
Cover_T776 54
Cover_T777 -24
Cover_T778 66
Cover_T779 0
Cover_T780 28
Cover_T781 0
Cover_T782 48
Cover_T783 18
Cover_T784 64
Cover_T785 0
Cover_T786 70
Cover_T787 60
Cover_T788 32
Cover_T789 36
Cover_T790 22
Cover_T791 40
Cover_T792 2
Cover_T793 24
Cover_T794 30
Cover_T795 40
Cover_T796 -12
Cover_T797 -4.06352e-10
Cover_T798 10
Cover_T799 36
Cover_T800 6
Cover_T801 28
Cover_T802 50
Cover_T803 28
Cover_T804 12
Cover_T805 24
Cover_T806 10
Count_D0 -984
Count_D1 -1000
Max_H0_P0 0
Max_H0_P1 0
Max_H0_P2 0
Max_H0_P3 0
Max_H0_P4 0
Max_H0_P5 0
Max_H0_P6 0
Max_H0_P7 0
Max_H0_P8 0
Max_H0_P9 0
Max_H0_P10 0
Max_H0_P11 0
Max_H0_P12 0
Max_H0_P13 0
Max_H0_P14 0
Max_H0_P15 -4.72866e-12
Max_H0_P16 0
Max_H0_P17 -2.78614e-11
Max_H0_P18 -1.34648e-11
Max_H0_P19 -2.96083e-11
Max_H0_P20 -2.47879e-12
Max_H0_P21 -8.57437e-13
Max_H0_P22 -1.32441e-11
Max_H0_P23 2.71837e-11
Max_H0_P24 1.07434e-11
Max_H0_P25 1.27898e-12
Max_H0_P26 -2.78089e-12
Max_H0_P27 8.96165e-13
Max_H0_P28 -8.96165e-13
Max_H0_P29 -1.70713e-11
Max_H0_P30 1.7493e-11
Max_H0_P31 -2.01974e-11
Max_H0_P32 -4.28475e-11
Max_H0_P33 2.94809e-12
Max_H0_P34 2.84217e-14
Max_H0_P35 -1.97281e-11
Max_H0_P36 -5.54223e-11
Max_H0_P37 2.21441e-11
Max_H0_P38 -3.80386e-11
Max_H0_P39 1.34187e-11
Max_H0_P40 -4.84883e-11
Max_H0_P41 3.77116e-11
Max_H0_P42 -6.94614e-11
Max_H0_P43 0
Max_H0_P44 0
Max_H0_P45 0
Max_H0_P46 0
Max_H0_P47 0
Max_H0_P48 0
Max_H0_P49 0
Max_H0_P50 0
Max_H0_P51 0
Max_H0_P52 0
Max_H0_P53 0
Max_H0_P54 0
Max_H0_P55 0
Max_H0_P56 0
Max_H0_P57 0
Max_H0_P58 0
Max_H0_P59 0
Max_H0_P60 0
Max_H0_P61 0
Max_H0_P62 0
Max_H0_P63 0
Max_H0_P64 0
Max_H0_P65 0
Max_H0_P66 0
Max_H0_P67 0
Max_H0_P68 0
Max_H0_P69 0
Max_H0_P70 0
Max_H0_P71 0
Max_H0_P72 0
Max_H0_P73 0
Max_H0_P74 0
Max_H0_P75 0
Max_H0_P76 3.71772e-11
Max_H0_P77 9.33632e-12
Max_H0_P78 -4.87432e-12
Max_H0_P79 0
Max_H0_P80 0
Max_H0_P81 0
Max_H1_P0 0
Max_H1_P1 0
Max_H1_P2 0
Max_H1_P3 0
Max_H1_P4 -2.80026e-10
Max_H1_P5 5.85594e-11
Max_H1_P6 1.87605e-11
Max_H1_P7 0
Max_H1_P8 0
Max_H1_P9 0
Max_H1_P10 -5.76961e-12
Max_H1_P11 0
Max_H1_P12 0
Max_H1_P13 0
Max_H1_P14 0
Max_H1_P15 -1.04041e-11
Max_H1_P16 -1.20437e-12
Max_H1_P17 -3.9023e-11
Max_H1_P18 -7.50333e-12
Max_H1_P19 6.40044e-12
Max_H1_P20 -8.21355e-12
Max_H1_P21 -1.77637e-11
Max_H1_P22 1.75442e-11
Max_H1_P23 -4.462e-12
Max_H1_P24 3.32676e-11
Max_H1_P25 -5.27239e-12
Max_H1_P26 -9.26865e-12
Max_H1_P27 -1.88472e-12
Max_H1_P28 -2.05964e-11
Max_H1_P29 2.65971e-12
Max_H1_P30 0
Max_H1_P31 -3.95615e-11
Max_H1_P32 -1.78362e-11
Max_H1_P33 -1.34182e-11
Max_H1_P34 2.65971e-12
Max_H1_P35 -1.20268e-11
Max_H1_P36 1.63961e-11
Max_H1_P37 2.65971e-12
Max_H1_P38 -1.96997e-11
Max_H1_P39 -1.2335e-11
Max_H1_P40 -2.73177e-11
Max_H1_P41 2.99662e-11
Max_H1_P42 -4.68603e-11
Max_H1_P43 -6.76352e-11
Max_H1_P44 0
Max_H1_P45 0
Max_H1_P46 0
Max_H1_P47 0
Max_H1_P48 0
Max_H1_P49 0
Max_H1_P50 0
Max_H1_P51 0
Max_H1_P52 0
Max_H1_P53 0
Max_H1_P54 0
Max_H1_P55 0
Max_H1_P56 0
Max_H1_P57 0
Max_H1_P58 -3.08287e-12
Max_H1_P59 0
Max_H1_P60 -1.03881e-10
Max_H1_P61 0
Max_H1_P62 4.63958e-11
Max_H1_P63 0
Max_H1_P64 0
Max_H1_P65 0
Max_H1_P66 -5.82823e-11
Max_H1_P67 -2.25864e-11
Max_H1_P68 0
Max_H1_P69 0
Max_H1_P70 0
Max_H1_P71 7.04006e-11
Max_H1_P72 0
Max_H1_P73 0
Max_H1_P74 0
Max_H1_P75 0
Max_H1_P76 0
Max_H1_P77 3.20772e-11
Max_H1_P78 -3.21521e-11
Max_H1_P79 0
Max_H1_P80 0
Max_H1_P81 0
