Cover_T0 52
Cover_T1 -52
Cover_T2 52
Cover_T3 -52
Cover_T4 52
Cover_T5 -52
Cover_T6 52
Cover_T7 -52
Cover_T8 52
Cover_T9 -52
Cover_T10 52
Cover_T11 -52
Cover_T12 52
Cover_T13 -52
Cover_T14 52
Cover_T15 -52
Cover_T16 52
Cover_T17 -52
Cover_T18 52
Cover_T19 -52
Cover_T20 52
Cover_T21 -52
Cover_T22 54
Cover_T23 -52
Cover_T24 54
Cover_T25 -50
Cover_T26 52
Cover_T27 -50
Cover_T28 52
Cover_T29 -50
Cover_T30 54
Cover_T31 -50
Cover_T32 52
Cover_T33 -50
Cover_T34 52
Cover_T35 -46
Cover_T36 52
Cover_T37 -50
Cover_T38 54
Cover_T39 -46
Cover_T40 66
Cover_T41 -46
Cover_T42 58
Cover_T43 -50
Cover_T44 58
Cover_T45 -32
Cover_T46 62
Cover_T47 -32
Cover_T48 54
Cover_T49 -40
Cover_T50 58
Cover_T51 -36
Cover_T52 50
Cover_T53 -44
Cover_T54 52
Cover_T55 -40
Cover_T56 58
Cover_T57 -30
Cover_T58 56
Cover_T59 -30
Cover_T60 52
Cover_T61 -26
Cover_T62 44
Cover_T63 968
Cover_T64 44
Cover_T65 964
Cover_T66 1014
Cover_T67 982
Cover_T68 1002
Cover_T69 982
Cover_T70 990
Cover_T71 982
Cover_T72 990
Cover_T73 974
Cover_T74 964
Cover_T75 982
Cover_T76 960
Cover_T77 986
Cover_T78 1032
Cover_T79 986
Cover_T80 26
Cover_T81 990
Cover_T82 42
Cover_T83 26
Cover_T84 18
Cover_T85 36
Cover_T86 18
Cover_T87 44
Cover_T88 24
Cover_T89 48
Cover_T90 6
Cover_T91 60
Cover_T92 20
Cover_T93 60
Cover_T94 20
Cover_T95 2
Cover_T96 10
Cover_T97 -10
Cover_T98 0
Cover_T99 2
Cover_T100 12
Cover_T101 -2
Cover_T102 2
Cover_T103 2
Cover_T104 8
Cover_T105 10
Cover_T106 -12
Cover_T107 -2
Cover_T108 6
Cover_T109 8
Cover_T110 8
Cover_T111 -1.11119e-10
Cover_T112 10
Cover_T113 20
Cover_T114 10
Cover_T115 2
Cover_T116 10
Cover_T117 2.18288e-11
Cover_T118 10
Cover_T119 -4
Cover_T120 2
Cover_T121 -8
Cover_T122 -10
Cover_T123 -3.09512e-11
Cover_T124 -26
Cover_T125 2
Cover_T126 -42
Cover_T127 1.22213e-10
Cover_T128 -26
Cover_T129 8
Cover_T130 -42
Cover_T131 20
Cover_T132 4
Cover_T133 36
Cover_T134 0
Cover_T135 48
Cover_T136 2
Cover_T137 28
Cover_T138 0
Cover_T139 40
Cover_T140 7.17364e-11
Cover_T141 52
Cover_T142 4
Cover_T143 2
Cover_T144 2
Cover_T145 4
Cover_T146 10
Cover_T147 2
Cover_T148 -2
Cover_T149 4
Cover_T150 0
Cover_T151 4
Cover_T152 8
Cover_T153 0
Cover_T154 10
Cover_T155 6
Cover_T156 0
Cover_T157 2
Cover_T158 6
Cover_T159 4
Cover_T160 4
Cover_T161 -5.96234e-11
Cover_T162 4
Cover_T163 0
Cover_T164 0
Cover_T165 10
Cover_T166 -8
Cover_T167 4
Cover_T168 -24
Cover_T169 6
Cover_T170 -40
Cover_T171 6
Cover_T172 8
Cover_T173 10
Cover_T174 6
Cover_T175 18
Cover_T176 -10
Cover_T177 34
Cover_T178 10
Cover_T179 50
Cover_T180 6
Cover_T181 2
Cover_T182 -10
Cover_T183 4
Cover_T184 6
Cover_T185 24
Cover_T186 -5.54564e-10
Cover_T187 -4
Cover_T188 -16
Cover_T189 16
Cover_T190 -36
Cover_T191 2
Cover_T192 -24
Cover_T193 8
Cover_T194 -44
Cover_T195 24
Cover_T196 -44
Cover_T197 38
Cover_T198 -4
Cover_T199 50
Cover_T200 -16
Cover_T201 30
Cover_T202 -28
Cover_T203 42
Cover_T204 -40
Cover_T205 54
Cover_T206 -52
Cover_T207 56
Cover_T208 -2.13582e-10
Cover_T209 16
Cover_T210 2
Cover_T211 30
Cover_T212 6
Cover_T213 36
Cover_T214 -6
Cover_T215 54
Cover_T216 -7.52198e-11
Cover_T217 66
Cover_T218 8
Cover_T219 10
Cover_T220 8
Cover_T221 18
Cover_T222 -4
Cover_T223 10
Cover_T224 9.74296e-11
Cover_T225 20
Cover_T226 6
Cover_T227 10
Cover_T228 2.48616e-09
Cover_T229 18
Cover_T230 8
Cover_T231 12
Cover_T232 2
Cover_T233 20
Cover_T234 -6
Cover_T235 12
Cover_T236 2
Cover_T237 12
Cover_T238 -2
Cover_T239 20
Cover_T240 -8
Cover_T241 20
Cover_T242 -16
Cover_T243 12
Cover_T244 -24
Cover_T245 20
Cover_T246 -40
Cover_T247 18
Cover_T248 -4
Cover_T249 14
Cover_T250 -18
Cover_T251 28
Cover_T252 -34
Cover_T253 44
Cover_T254 -6
Cover_T255 60
Cover_T256 -22
Cover_T257 26
Cover_T258 -30
Cover_T259 40
Cover_T260 -6
Cover_T261 56
Cover_T262 -12
Cover_T263 66
Cover_T264 -12
Cover_T265 26
Cover_T266 -12
Cover_T267 36
Cover_T268 -12
Cover_T269 40
Cover_T270 -14
Cover_T271 44
Cover_T272 -14
Cover_T273 52
Cover_T274 -14
Cover_T275 66
Cover_T276 -14
Cover_T277 34
Cover_T278 -14
Cover_T279 34
Cover_T280 -16
Cover_T281 34
Cover_T282 -14
Cover_T283 34
Cover_T284 -16
Cover_T285 36
Cover_T286 -16
Cover_T287 36
Cover_T288 -16
Cover_T289 36
Cover_T290 -16
Cover_T291 32
Cover_T292 -26
Cover_T293 30
Cover_T294 -28
Cover_T295 32
Cover_T296 -28
Cover_T297 30
Cover_T298 -40
Cover_T299 38
Cover_T300 -34
Cover_T301 38
Cover_T302 -30
Cover_T303 38
Cover_T304 -34
Cover_T305 46
Cover_T306 -36
Cover_T307 38
Cover_T308 -30
Cover_T309 50
Cover_T310 -34
Cover_T311 44
Cover_T312 -34
Cover_T313 36
Cover_T314 -30
Cover_T315 52
Cover_T316 -30
Cover_T317 46
Cover_T318 -32
Cover_T319 52
Cover_T320 -32
Cover_T321 52
Cover_T322 -32
Cover_T323 50
Cover_T324 -32
Cover_T325 54
Cover_T326 -34
Cover_T327 54
Cover_T328 -34
Cover_T329 56
Cover_T330 -36
Cover_T331 56
Cover_T332 -36
Cover_T333 62
Cover_T334 -38
Cover_T335 62
Cover_T336 -38
Cover_T337 62
Cover_T338 -40
Cover_T339 62
Cover_T340 -44
Cover_T341 62
Cover_T342 -44
Cover_T343 62
Cover_T344 -46
Cover_T345 58
Cover_T346 -46
Cover_T347 58
Cover_T348 52
Cover_T349 -52
Cover_T350 52
Cover_T351 -52
Cover_T352 52
Cover_T353 -52
Cover_T354 52
Cover_T355 -50
Cover_T356 52
Cover_T357 -50
Cover_T358 54
Cover_T359 -50
Cover_T360 54
Cover_T361 -50
Cover_T362 54
Cover_T363 -48
Cover_T364 54
Cover_T365 -48
Cover_T366 62
Cover_T367 -46
Cover_T368 58
Cover_T369 -34
Cover_T370 58
Cover_T371 -38
Cover_T372 58
Cover_T373 -38
Cover_T374 54
Cover_T375 -44
Cover_T376 56
Cover_T377 -26
Cover_T378 44
Cover_T379 -26
Cover_T380 48
Cover_T381 968
Cover_T382 44
Cover_T383 964
Cover_T384 1014
Cover_T385 982
Cover_T386 1002
Cover_T387 978
Cover_T388 976
Cover_T389 974
Cover_T390 976
Cover_T391 974
Cover_T392 964
Cover_T393 982
Cover_T394 -34
Cover_T395 982
Cover_T396 38
Cover_T397 20
Cover_T398 12
Cover_T399 32
Cover_T400 20
Cover_T401 38
Cover_T402 20
Cover_T403 48
Cover_T404 28
Cover_T405 56
Cover_T406 16
Cover_T407 52
Cover_T408 8
Cover_T409 -8
Cover_T410 16
Cover_T411 4
Cover_T412 6
Cover_T413 -8
Cover_T414 12
Cover_T415 -4
Cover_T416 0
Cover_T417 1.21698e-11
Cover_T418 2.30212e-10
Cover_T419 -4
Cover_T420 0
Cover_T421 -2.13959e-10
Cover_T422 6
Cover_T423 -4
Cover_T424 4
Cover_T425 8
Cover_T426 -10
Cover_T427 8
Cover_T428 6
Cover_T429 6
Cover_T430 -10
Cover_T431 -2
Cover_T432 7.34266e-11
Cover_T433 18
Cover_T434 -1.67519e-10
Cover_T435 10
Cover_T436 -1.66555e-09
Cover_T437 4.11333e-11
Cover_T438 0
Cover_T439 0
Cover_T440 9.6863e-11
Cover_T441 0
Cover_T442 -7.48395e-11
Cover_T443 1.23805e-10
Cover_T444 0
Cover_T445 0
Cover_T446 -16
Cover_T447 0
Cover_T448 -36
Cover_T449 -6.82148e-11
Cover_T450 -24
Cover_T451 16
Cover_T452 -44
Cover_T453 36
Cover_T454 0
Cover_T455 52
Cover_T456 8
Cover_T457 36
Cover_T458 2
Cover_T459 52
Cover_T460 -2
Cover_T461 6
Cover_T462 4
Cover_T463 -2
Cover_T464 0
Cover_T465 4
Cover_T466 10
Cover_T467 8
Cover_T468 4
Cover_T469 0
Cover_T470 2
Cover_T471 -6.46693e-11
Cover_T472 6
Cover_T473 -8.68923e-11
Cover_T474 1.05496e-10
Cover_T475 -2
Cover_T476 10
Cover_T477 0
Cover_T478 -2
Cover_T479 2
Cover_T480 0
Cover_T481 -2
Cover_T482 4
Cover_T483 4
Cover_T484 4
Cover_T485 -6
Cover_T486 -8
Cover_T487 6
Cover_T488 -12
Cover_T489 6
Cover_T490 -28
Cover_T491 6
Cover_T492 -44
Cover_T493 10
Cover_T494 4
Cover_T495 18
Cover_T496 2
Cover_T497 34
Cover_T498 -14
Cover_T499 50
Cover_T500 6
Cover_T501 2
Cover_T502 2
Cover_T503 4
Cover_T504 -14
Cover_T505 20
Cover_T506 4
Cover_T507 -2.39382e-11
Cover_T508 2
Cover_T509 4
Cover_T510 -10
Cover_T511 20
Cover_T512 -26
Cover_T513 2
Cover_T514 -42
Cover_T515 4
Cover_T516 -26
Cover_T517 16
Cover_T518 -42
Cover_T519 34
Cover_T520 -46
Cover_T521 52
Cover_T522 -14
Cover_T523 42
Cover_T524 -34
Cover_T525 46
Cover_T526 10
Cover_T527 16
Cover_T528 4
Cover_T529 42
Cover_T530 0
Cover_T531 56
Cover_T532 4
Cover_T533 6
Cover_T534 8
Cover_T535 8
Cover_T536 4
Cover_T537 4
Cover_T538 0
Cover_T539 18
Cover_T540 4
Cover_T541 8
Cover_T542 -2
Cover_T543 8
Cover_T544 -2
Cover_T545 12
Cover_T546 -8.66608e-10
Cover_T547 18
Cover_T548 -4
Cover_T549 14
Cover_T550 -16
Cover_T551 8
Cover_T552 -32
Cover_T553 18
Cover_T554 -44
Cover_T555 14
Cover_T556 -4
Cover_T557 18
Cover_T558 -14
Cover_T559 26
Cover_T560 -26
Cover_T561 42
Cover_T562 -40
Cover_T563 56
Cover_T564 -6
Cover_T565 16
Cover_T566 -18
Cover_T567 26
Cover_T568 -22
Cover_T569 40
Cover_T570 -34
Cover_T571 56
Cover_T572 -12
Cover_T573 32
Cover_T574 -18
Cover_T575 44
Cover_T576 -14
Cover_T577 16
Cover_T578 -20
Cover_T579 30
Cover_T580 -16
Cover_T581 28
Cover_T582 -18
Cover_T583 36
Cover_T584 -26
Cover_T585 36
Cover_T586 -22
Cover_T587 34
Cover_T588 -22
Cover_T589 36
Cover_T590 -22
Cover_T591 36
Cover_T592 -36
Cover_T593 36
Cover_T594 -44
Cover_T595 34
Cover_T596 -32
Cover_T597 36
Cover_T598 -30
Cover_T599 32
Cover_T600 -28
Cover_T601 30
Cover_T602 -28
Cover_T603 32
Cover_T604 -36
Cover_T605 40
Cover_T606 -30
Cover_T607 48
Cover_T608 -32
Cover_T609 36
Cover_T610 -34
Cover_T611 34
Cover_T612 -42
Cover_T613 34
Cover_T614 -30
Cover_T615 40
Cover_T616 -30
Cover_T617 34
Cover_T618 -30
Cover_T619 36
Cover_T620 -40
Cover_T621 48
Cover_T622 -30
Cover_T623 36
Cover_T624 -30
Cover_T625 36
Cover_T626 -42
Cover_T627 38
Cover_T628 -38
Cover_T629 46
Cover_T630 -30
Cover_T631 40
Cover_T632 -30
Cover_T633 36
Cover_T634 -36
Cover_T635 46
Cover_T636 -32
Cover_T637 54
Cover_T638 -36
Cover_T639 48
Cover_T640 -32
Cover_T641 54
Cover_T642 -36
Cover_T643 44
Cover_T644 -34
Cover_T645 38
Cover_T646 -36
Cover_T647 46
Cover_T648 -34
Cover_T649 40
Cover_T650 -38
Cover_T651 50
Cover_T652 -36
Cover_T653 42
Cover_T654 -38
Cover_T655 50
Cover_T656 -36
Cover_T657 42
Cover_T658 -40
Cover_T659 52
Cover_T660 -38
Cover_T661 44
Cover_T662 -40
Cover_T663 56
Cover_T664 -42
Cover_T665 60
Cover_T666 -42
Cover_T667 60
Cover_T668 -40
Cover_T669 62
Cover_T670 -44
Cover_T671 62
Cover_T672 -44
Cover_T673 62
Cover_T674 -46
Cover_T675 58
Cover_T676 -46
Cover_T677 58
Cover_T678 66
Cover_T679 -46
Cover_T680 58
Cover_T681 -48
Cover_T682 58
Cover_T683 -32
Cover_T684 62
Cover_T685 -32
Cover_T686 54
Cover_T687 -40
Cover_T688 58
Cover_T689 -36
Cover_T690 54
Cover_T691 -44
Cover_T692 52
Cover_T693 -40
Cover_T694 54
Cover_T695 -22
Cover_T696 62
Cover_T697 -30
Cover_T698 50
Cover_T699 -38
Cover_T700 54
Cover_T701 968
Cover_T702 56
Cover_T703 960
Cover_T704 1002
Cover_T705 974
Cover_T706 994
Cover_T707 982
Cover_T708 994
Cover_T709 978
Cover_T710 982
Cover_T711 974
Cover_T712 982
Cover_T713 986
Cover_T714 978
Cover_T715 982
Cover_T716 1024
Cover_T717 978
Cover_T718 1024
Cover_T719 990
Cover_T720 1028
Cover_T721 984
Cover_T722 30
Cover_T723 986
Cover_T724 38
Cover_T725 24
Cover_T726 20
Cover_T727 28
Cover_T728 12
Cover_T729 40
Cover_T730 20
Cover_T731 48
Cover_T732 28
Cover_T733 54
Cover_T734 8
Cover_T735 56
Cover_T736 16
Cover_T737 -8
Cover_T738 8
Cover_T739 4
Cover_T740 2
Cover_T741 -8
Cover_T742 6
Cover_T743 -4
Cover_T744 12
Cover_T745 5.68434e-14
Cover_T746 -7.62047e-10
Cover_T747 -4
Cover_T748 -4
Cover_T749 -2.14371e-10
Cover_T750 -16
Cover_T751 -4
Cover_T752 -8.11674e-10
Cover_T753 8
Cover_T754 -14
Cover_T755 8
Cover_T756 4
Cover_T757 6
Cover_T758 2
Cover_T759 -4
Cover_T760 0
Cover_T761 4
Cover_T762 8
Cover_T763 2
Cover_T764 0
Cover_T765 10
Cover_T766 2
Cover_T767 18
Cover_T768 6
Cover_T769 -2
Cover_T770 0
Cover_T771 6
Cover_T772 10
Cover_T773 14
Cover_T774 2
Cover_T775 22
Cover_T776 2
Cover_T777 0
Cover_T778 6
Cover_T779 0
Cover_T780 0
Cover_T781 2
Cover_T782 10
Cover_T783 -6
Cover_T784 2
Cover_T785 2
Cover_T786 2
Cover_T787 4.81721e-10
Cover_T788 -6
Cover_T789 2
Cover_T790 -22
Cover_T791 -9.62059e-11
Cover_T792 -38
Cover_T793 -4
Cover_T794 -22
Cover_T795 -8
Cover_T796 -38
Cover_T797 1.13394e-10
Cover_T798 8
Cover_T799 12
Cover_T800 2
Cover_T801 28
Cover_T802 0
Cover_T803 44
Cover_T804 6
Cover_T805 28
Cover_T806 6
Cover_T807 44
Cover_T808 0
Cover_T809 -2
Cover_T810 4
Cover_T811 4
Cover_T812 2
Cover_T813 6
Cover_T814 6
Cover_T815 0
Cover_T816 6
Cover_T817 -6.11422e-12
Cover_T818 -4
Cover_T819 6
Cover_T820 2
Cover_T821 2
Cover_T822 -1.64e-10
Cover_T823 4
Cover_T824 0
Cover_T825 0
Cover_T826 -4
Cover_T827 -5.01139e-11
Cover_T828 -12
Cover_T829 10
Cover_T830 -28
Cover_T831 4
Cover_T832 -44
Cover_T833 4
Cover_T834 8
Cover_T835 4.50271e-11
Cover_T836 10
Cover_T837 7.44322e-10
Cover_T838 -2
Cover_T839 12
Cover_T840 -14
Cover_T841 16
Cover_T842 10
Cover_T843 28
Cover_T844 10
Cover_T845 40
Cover_T846 -2
Cover_T847 52
Cover_T848 -14
Cover_T849 0
Cover_T850 8
Cover_T851 -2
Cover_T852 10
Cover_T853 10
Cover_T854 -2
Cover_T855 22
Cover_T856 -10
Cover_T857 -2
Cover_T858 -22
Cover_T859 -2
Cover_T860 -34
Cover_T861 10
Cover_T862 -46
Cover_T863 22
Cover_T864 -26
Cover_T865 0
Cover_T866 -38
Cover_T867 -2
Cover_T868 -50
Cover_T869 10
Cover_T870 -46
Cover_T871 20
Cover_T872 -6
Cover_T873 30
Cover_T874 -14
Cover_T875 38
Cover_T876 -22
Cover_T877 44
Cover_T878 -30
Cover_T879 54
Cover_T880 -38
Cover_T881 30
Cover_T882 -46
Cover_T883 44
Cover_T884 10
Cover_T885 52
Cover_T886 2
Cover_T887 56
Cover_T888 8
Cover_T889 48
Cover_T890 0
Cover_T891 62
Cover_T892 8
Cover_T893 12
Cover_T894 -6.47284e-10
Cover_T895 24
Cover_T896 10
Cover_T897 34
Cover_T898 2
Cover_T899 46
Cover_T900 10
Cover_T901 54
Cover_T902 10
Cover_T903 66
Cover_T904 -4
Cover_T905 16
Cover_T906 7.63027e-10
Cover_T907 20
Cover_T908 8
Cover_T909 22
Cover_T910 2
Cover_T911 20
Cover_T912 -10
Cover_T913 12
Cover_T914 -24
Cover_T915 26
Cover_T916 -40
Cover_T917 22
Cover_T918 -4
Cover_T919 18
Cover_T920 -12
Cover_T921 14
Cover_T922 -18
Cover_T923 22
Cover_T924 -26
Cover_T925 18
Cover_T926 -34
Cover_T927 20
Cover_T928 -44
Cover_T929 28
Cover_T930 -4
Cover_T931 36
Cover_T932 -12
Cover_T933 44
Cover_T934 -26
Cover_T935 52
Cover_T936 -22
Cover_T937 62
Cover_T938 -30
Cover_T939 18
Cover_T940 -42
Cover_T941 26
Cover_T942 -6
Cover_T943 36
Cover_T944 -6
Cover_T945 46
Cover_T946 -10
Cover_T947 52
Cover_T948 -12
Cover_T949 62
Cover_T950 -12
Cover_T951 20
Cover_T952 -12
Cover_T953 32
Cover_T954 -12
Cover_T955 40
Cover_T956 -14
Cover_T957 46
Cover_T958 -14
Cover_T959 54
Cover_T960 -14
Cover_T961 62
Cover_T962 -14
Cover_T963 30
Cover_T964 -18
Cover_T965 30
Cover_T966 -20
Cover_T967 32
Cover_T968 -18
Cover_T969 32
Cover_T970 -20
Cover_T971 32
Cover_T972 -16
Cover_T973 32
Cover_T974 -20
Cover_T975 32
Cover_T976 -20
Cover_T977 32
Cover_T978 -38
Cover_T979 36
Cover_T980 -24
Cover_T981 32
Cover_T982 -32
Cover_T983 36
Cover_T984 -28
Cover_T985 32
Cover_T986 -42
Cover_T987 48
Cover_T988 -40
Cover_T989 40
Cover_T990 -32
Cover_T991 34
Cover_T992 -42
Cover_T993 46
Cover_T994 -32
Cover_T995 36
Cover_T996 -32
Cover_T997 44
Cover_T998 -44
Cover_T999 56
Cover_T1000 -40
Cover_T1001 44
Cover_T1002 -32
Cover_T1003 46
Cover_T1004 -30
Cover_T1005 44
Cover_T1006 -40
Cover_T1007 56
Cover_T1008 -36
Cover_T1009 48
Cover_T1010 -36
Cover_T1011 54
Cover_T1012 -36
Cover_T1013 54
Cover_T1014 -36
Cover_T1015 54
Cover_T1016 -36
Cover_T1017 54
Cover_T1018 -38
Cover_T1019 56
Cover_T1020 -38
Cover_T1021 56
Cover_T1022 -40
Cover_T1023 60
Cover_T1024 -40
Cover_T1025 60
Cover_T1026 -38
Cover_T1027 62
Cover_T1028 -38
Cover_T1029 62
Cover_T1030 -40
Cover_T1031 62
Cover_T1032 -44
Cover_T1033 62
Cover_T1034 -44
Cover_T1035 62
Cover_T1036 -46
Cover_T1037 58
Cover_T1038 -46
Cover_T1039 58
Cover_T1040 22
Cover_T1041 2
Cover_T1042 10
Cover_T1043 2
Cover_T1044 10
Cover_T1045 16
Cover_T1046 16
Cover_T1047 12
Cover_T1048 12
Cover_T1049 12
Cover_T1050 12
Cover_T1051 12
Cover_T1052 24
Cover_T1053 14
Cover_T1054 12
Cover_T1055 26
Cover_T1056 10
Cover_T1057 1020
Cover_T1058 -2
Cover_T1059 1002
Cover_T1060 2
Cover_T1061 1026
Cover_T1062 958
Cover_T1063 1022
Cover_T1064 992
Cover_T1065 1024
Cover_T1066 980
Cover_T1067 1018
Cover_T1068 954
Cover_T1069 1020
Cover_T1070 1026
Cover_T1071 1028
Cover_T1072 1066
Cover_T1073 1034
Cover_T1074 72
Cover_T1075 1030
Cover_T1076 80
Cover_T1077 1038
Cover_T1078 54
Cover_T1079 1034
Cover_T1080 62
Cover_T1081 72
Cover_T1082 60
Cover_T1083 48
Cover_T1084 60
Cover_T1085 56
Cover_T1086 58
Cover_T1087 64
Cover_T1088 50
Cover_T1089 0
Cover_T1090 30
Cover_T1091 -44
Cover_T1092 56
Cover_T1093 -38
Cover_T1094 54
Cover_T1095 -28
Cover_T1096 52
Cover_T1097 -5.72195e-10
Cover_T1098 22
Cover_T1099 54
Cover_T1100 2
Cover_T1101 54
Cover_T1102 0
Cover_T1103 60
Cover_T1104 22
Cover_T1105 60
Cover_T1106 2
Cover_T1107 0
Cover_T1108 0
Cover_T1109 26
Cover_T1110 0
Cover_T1111 24
Cover_T1112 14
Cover_T1113 0
Cover_T1114 12
Cover_T1115 16
Cover_T1116 0
Cover_T1117 18
Cover_T1118 40
Cover_T1119 12
Cover_T1120 24
Cover_T1121 0
Cover_T1122 6
Cover_T1123 0
Cover_T1124 0
Cover_T1125 22
Cover_T1126 12
Cover_T1127 -6
Cover_T1128 30
Cover_T1129 22
Cover_T1130 0
Cover_T1131 42
Cover_T1132 0
Cover_T1133 32
Cover_T1134 34
Cover_T1135 10
Cover_T1136 28
Cover_T1137 44
Cover_T1138 34
Cover_T1139 50
Cover_T1140 32
Cover_T1141 10
Count_D0 -984
Count_D1 -1000
Max_H0_P0 0
Max_H0_P1 0
Max_H0_P2 0
Max_H0_P3 0
Max_H0_P4 -1.29612e-11
Max_H0_P5 0
Max_H0_P6 0
Max_H0_P7 -2
Max_H0_P8 0
Max_H0_P9 0
Max_H0_P10 0
Max_H0_P11 0
Max_H0_P12 0
Max_H0_P13 0
Max_H0_P14 0
Max_H0_P15 -2
Max_H0_P16 2.24582e-11
Max_H0_P17 -2.51248e-11
Max_H0_P18 2.84555e-11
Max_H0_P19 5.30656e-11
Max_H0_P20 4.09894e-11
Max_H0_P21 5.82434e-11
Max_H0_P22 -9.18021e-12
Max_H0_P23 -5.93414e-12
Max_H0_P24 -3.47526e-11
Max_H0_P25 9.05787e-12
Max_H0_P26 4.22293e-11
Max_H0_P27 6.81952e-11
Max_H0_P28 3.16049e-11
Max_H0_P29 -1.09646e-11
Max_H0_P30 3.48237e-11
Max_H0_P31 1.1337e-10
Max_H0_P32 -1.14406e-11
Max_H0_P33 3.24292e-11
Max_H0_P34 -5.98028e-11
Max_H0_P35 -3.94103e-11
Max_H0_P36 6.43974e-12
Max_H0_P37 -4.93401e-11
Max_H0_P38 -6.79901e-11
Max_H0_P39 -2.5338e-11
Max_H0_P40 1.32623e-11
Max_H0_P41 -8.7784e-11
Max_H0_P42 -8.78586e-12
Max_H0_P43 -7.61516e-11
Max_H0_P44 0
Max_H0_P45 0
Max_H0_P46 0
Max_H0_P47 0
Max_H0_P48 0
Max_H0_P49 0
Max_H0_P50 0
Max_H0_P51 0
Max_H0_P52 0
Max_H0_P53 0
Max_H0_P54 0
Max_H0_P55 0
Max_H0_P56 0
Max_H0_P57 0
Max_H0_P58 0
Max_H0_P59 0
Max_H0_P60 0
Max_H0_P61 2.26565e-11
Max_H0_P62 0
Max_H0_P63 8.70877e-11
Max_H0_P64 0
Max_H0_P65 0
Max_H0_P66 0
Max_H0_P67 0
Max_H0_P68 0
Max_H0_P69 0
Max_H0_P70 0
Max_H0_P71 0
Max_H0_P72 0
Max_H0_P73 0
Max_H0_P74 0
Max_H0_P75 0
Max_H0_P76 3.84597e-11
Max_H0_P77 -5.77529e-11
Max_H0_P78 4.79248e-11
Max_H0_P79 0
Max_H0_P80 0
Max_H0_P81 0
Max_H1_P0 0
Max_H1_P1 0
Max_H1_P2 0
Max_H1_P3 -7.38511e-11
Max_H1_P4 1.75628e-11
Max_H1_P5 -2.51883e-11
Max_H1_P6 -1.57385e-12
Max_H1_P7 -2
Max_H1_P8 0
Max_H1_P9 0
Max_H1_P10 0
Max_H1_P11 0
Max_H1_P12 0
Max_H1_P13 0
Max_H1_P14 0
Max_H1_P15 -2
Max_H1_P16 5.68162e-11
Max_H1_P17 1.50013e-12
Max_H1_P18 1.22063e-11
Max_H1_P19 8.32641e-11
Max_H1_P20 1.12324e-11
Max_H1_P21 1.5639e-11
Max_H1_P22 -7.44649e-12
Max_H1_P23 4.27773e-11
Max_H1_P24 1.65971e-11
Max_H1_P25 -3.9078e-11
Max_H1_P26 5.67317e-11
Max_H1_P27 6.72429e-11
Max_H1_P28 7.68523e-11
Max_H1_P29 -1.62572e-11
Max_H1_P30 3.5245e-11
Max_H1_P31 -7.21373e-11
Max_H1_P32 4.07407e-11
Max_H1_P33 3.8998e-12
Max_H1_P34 1.33127e-11
Max_H1_P35 4.8832e-11
Max_H1_P36 -3.63846e-12
Max_H1_P37 4.38738e-11
Max_H1_P38 -1.34884e-10
Max_H1_P39 -1.06891e-10
Max_H1_P40 7.73842e-13
Max_H1_P41 -3.10115e-11
Max_H1_P42 -9.35794e-11
Max_H1_P43 -1.02638e-11
Max_H1_P44 0
Max_H1_P45 7.26632e-11
Max_H1_P46 3.39814e-11
Max_H1_P47 0
Max_H1_P48 0
Max_H1_P49 0
Max_H1_P50 0
Max_H1_P51 0
Max_H1_P52 0
Max_H1_P53 0
Max_H1_P54 0
Max_H1_P55 0
Max_H1_P56 0
Max_H1_P57 0
Max_H1_P58 0
Max_H1_P59 2.39915e-11
Max_H1_P60 1.55609e-10
Max_H1_P61 -5.94191e-11
Max_H1_P62 2.42435e-11
Max_H1_P63 4.19274e-11
Max_H1_P64 1.62525e-11
Max_H1_P65 2.51192e-10
Max_H1_P66 0
Max_H1_P67 -2.8986e-10
Max_H1_P68 0
Max_H1_P69 0
Max_H1_P70 0
Max_H1_P71 8.36025e-11
Max_H1_P72 0
Max_H1_P73 0
Max_H1_P74 0
Max_H1_P75 0
Max_H1_P76 5.68434e-14
Max_H1_P77 0
Max_H1_P78 5.31245e-11
Max_H1_P79 4.78703e-11
Max_H1_P80 0
Max_H1_P81 0
