
Branch and bound

  Entire solving process        :                           (Time    920.2)
  No feasible solution was found
  Best relaxation cost          :     76093.08 (Node     0) (Time    920.2)
  Lower bound after cuts        :     76093.08
  End lower bound               :     76093.08
  Deepest level reached         : 0
  Deepest real level reached    : 0
  Number of real nodes solved   : 1
  Stopping condition            : enough nodes explored

Problem identification

  Problem                       : <null>
  Machine                       : oslo1.gerad.lan

Solving process summary

  Linear relaxations            :        1
  Column generation iterations  :      143
  Shortest paths solved         :     6474
  Columns generated             :    70935

Instance characteristics

  Resources                     : 3
  Node types                    : no
  Arc types                     : no
  Strong resource windows       : no
  Weak resource windows         : no
  Resource windows (nodes)      : 3
  Resource values (arcs)        : 3
  Values on nodes               : no

  Rows                          : 1308
  Initial columns               : 579
  Tasks                         : 1146
  Strong tasks                  : 796
  Weak tasks                    : 4
  Initial task constraints      : no
  Nodes                         : 1474
  Arc sets                      : 1
  Arcs                          : 56694
  Networks                      : 2
  Models                        : 1

Memory used per module (Megs)

  Parser (reused)               :     11.511
  Networks                      :     44.923
  Column generator              :     28.092
  Master problem                :     12.611
  -----------------
  Total                         :     85.626

Cpu time per module (seconds)

  Parser                        :        0.0
  Preprocessor                  :        0.0
  Lr solver manager             :        0.1
  Column generator              :      286.4
    (Shortest path)             :      263.6
  Master problem                :      633.6
  -------------------
  Total (without b&b)           :      920.2

Real elapsed time (seconds)

  Parser                        :        0.0
  Preprocessor                  :        0.0
  Lr solver manager             :        0.1
  Column generator              :      286.4
    (Shortest path)             :      263.3
  Master problem                :      633.6
  -------------------
  Total (without b&b)           :      920.1
