
Branch and bound

  Entire solving process        :                           (Time    665.2)
  No feasible solution was found
  Best relaxation cost          :     76951.28 (Node     0) (Time    665.1)
  Lower bound after cuts        :     76951.28
  End lower bound               :     76951.28
  Deepest level reached         : 0
  Deepest real level reached    : 0
  Number of real nodes solved   : 1
  Stopping condition            : enough nodes explored

Problem identification

  Problem                       : <null>
  Machine                       : oslo1.gerad.lan

Solving process summary

  Linear relaxations            :        1
  Column generation iterations  :      141
  Shortest paths solved         :     4947
  Columns generated             :    64034

Instance characteristics

  Resources                     : 3
  Node types                    : no
  Arc types                     : no
  Strong resource windows       : no
  Weak resource windows         : no
  Resource windows (nodes)      : 3
  Resource values (arcs)        : 3
  Values on nodes               : no

  Rows                          : 1308
  Initial columns               : 2
  Tasks                         : 1146
  Strong tasks                  : 1142
  Weak tasks                    : 4
  Initial task constraints      : no
  Nodes                         : 1474
  Arc sets                      : 1
  Arcs                          : 56694
  Networks                      : 2
  Models                        : 1

Memory used per module (Megs)

  Parser (reused)               :     11.511
  Networks                      :     42.864
  Column generator              :     16.831
  Master problem                :     12.505
  -----------------
  Total                         :     72.201

Cpu time per module (seconds)

  Parser                        :        0.0
  Preprocessor                  :        0.0
  Lr solver manager             :        0.2
  Column generator              :      216.8
    (Shortest path)             :      197.9
  Master problem                :      448.1
  -------------------
  Total (without b&b)           :      665.1

Real elapsed time (seconds)

  Parser                        :        0.0
  Preprocessor                  :        0.0
  Lr solver manager             :        0.2
  Column generator              :      216.9
    (Shortest path)             :      198.1
  Master problem                :      448.1
  -------------------
  Total (without b&b)           :      665.1
