Cover_T0 52
Cover_T1 -52
Cover_T2 52.3125
Cover_T3 -52
Cover_T4 52
Cover_T5 -52
Cover_T6 52
Cover_T7 -52
Cover_T8 52
Cover_T9 -52
Cover_T10 52
Cover_T11 -52
Cover_T12 52.2917
Cover_T13 -52
Cover_T14 52
Cover_T15 -52
Cover_T16 52
Cover_T17 -52
Cover_T18 52
Cover_T19 -52
Cover_T20 52
Cover_T21 -52
Cover_T22 52
Cover_T23 -52
Cover_T24 52
Cover_T25 -52
Cover_T26 52
Cover_T27 -52
Cover_T28 53.1667
Cover_T29 -52
Cover_T30 52
Cover_T31 -48
Cover_T32 53.7083
Cover_T33 -52
Cover_T34 52
Cover_T35 -48
Cover_T36 52
Cover_T37 -48
Cover_T38 56
Cover_T39 -46
Cover_T40 63.1165
Cover_T41 -47.7121
Cover_T42 56.6383
Cover_T43 -42
Cover_T44 58
Cover_T45 -36.8835
Cover_T46 58
Cover_T47 -37.1563
Cover_T48 48
Cover_T49 -40
Cover_T50 58
Cover_T51 -34
Cover_T52 51.8333
Cover_T53 -42
Cover_T54 53.661
Cover_T55 -40.5152
Cover_T56 60.0777
Cover_T57 -30.7898
Cover_T58 44.0208
Cover_T59 -32.8835
Cover_T60 52.642
Cover_T61 -30.8835
Cover_T62 47.1032
Cover_T63 0
Cover_T64 46.0777
Cover_T65 26.0606
Cover_T66 52.642
Cover_T67 18.0606
Cover_T68 62.1686
Cover_T69 10.3523
Cover_T70 52.6837
Cover_T71 4.51515
Cover_T72 52.1686
Cover_T73 2.24527
Cover_T74 37.8059
Cover_T75 4.29167
Cover_T76 980.884
Cover_T77 6.07765
Cover_T78 1036.88
Cover_T79 945.78
Cover_T80 1002
Cover_T81 945.922
Cover_T82 979.939
Cover_T83 947.358
Cover_T84 981.648
Cover_T85 931.831
Cover_T86 993.598
Cover_T87 939.831
Cover_T88 993.677
Cover_T89 947.831
Cover_T90 998.978
Cover_T91 947.867
Cover_T92 998
Cover_T93 2
Cover_T94 992.073
Cover_T95 -46
Cover_T96 35.4394
Cover_T97 -44
Cover_T98 20
Cover_T99 -51.7008
Cover_T100 2
Cover_T101 -50.3968
Cover_T102 0.346591
Cover_T103 -36.3532
Cover_T104 7.77273
Cover_T105 -21.4394
Cover_T106 -10.2273
Cover_T107 -6.29167
Cover_T108 -24.1136
Cover_T109 8
Cover_T110 -40
Cover_T111 7.65341
Cover_T112 16
Cover_T113 2.22727
Cover_T114 -3.15888e-10
Cover_T115 20.2273
Cover_T116 -16
Cover_T117 36.1136
Cover_T118 -32
Cover_T119 52
Cover_T120 4
Cover_T121 -4
Cover_T122 8
Cover_T123 12
Cover_T124 0
Cover_T125 24
Cover_T126 4
Cover_T127 32
Cover_T128 17.1761
Cover_T129 40
Cover_T130 9.17614
Cover_T131 48
Cover_T132 1.17614
Cover_T133 4
Cover_T134 -6.82386
Cover_T135 12
Cover_T136 -14.8239
Cover_T137 0
Cover_T138 -22.8239
Cover_T139 8
Cover_T140 -30.8239
Cover_T141 -4
Cover_T142 -39.0701
Cover_T143 4
Cover_T144 -46.2083
Cover_T145 -9.17614
Cover_T146 -42.5379
Cover_T147 -1.17614
Cover_T148 -50.5379
Cover_T149 6.82386
Cover_T150 -44
Cover_T151 14.8239
Cover_T152 9.67424
Cover_T153 22.8239
Cover_T154 0
Cover_T155 30.8239
Cover_T156 -6.32576
Cover_T157 38.8239
Cover_T158 12
Cover_T159 46.536
Cover_T160 2
Cover_T161 54.2727
Cover_T162 -4
Cover_T163 50.5379
Cover_T164 54
Cover_T165 44
Cover_T166 44
Cover_T167 52
Cover_T168 38
Cover_T169 -1.67424
Cover_T170 30
Cover_T171 6.32576
Cover_T172 22
Cover_T173 14.3258
Cover_T174 14
Cover_T175 -4
Cover_T176 20
Cover_T177 4
Cover_T178 11.9508
Cover_T179 12
Cover_T180 4
Cover_T181 -46
Cover_T182 -4
Cover_T183 -38
Cover_T184 -12
Cover_T185 -26
Cover_T186 6
Cover_T187 -10
Cover_T188 6
Cover_T189 -8
Cover_T190 9.92235
Cover_T191 8
Cover_T192 52.0777
Cover_T193 23.9223
Cover_T194 52.0777
Cover_T195 5.92235
Cover_T196 52.0777
Cover_T197 6
Cover_T198 36.0777
Cover_T199 4.75858e-10
Cover_T200 21.1477
Cover_T201 -42
Cover_T202 5.43939
Cover_T203 -42
Cover_T204 4.07765
Cover_T205 -42.0417
Cover_T206 52
Cover_T207 -26
Cover_T208 36.3731
Cover_T209 -11.0701
Cover_T210 23.1288
Cover_T211 4.63826
Cover_T212 44.6155
Cover_T213 6
Cover_T214 28.6155
Cover_T215 -43.9223
Cover_T216 16.5379
Cover_T217 -35.1288
Cover_T218 4.61553
Cover_T219 -23.1288
Cover_T220 -7.38447
Cover_T221 -11.1288
Cover_T222 -19.3845
Cover_T223 -36.5379
Cover_T224 -31.3845
Cover_T225 -24.6155
Cover_T226 -42
Cover_T227 -12.5379
Cover_T228 -44.1307
Cover_T229 -0.683712
Cover_T230 -38
Cover_T231 11.4621
Cover_T232 -50
Cover_T233 23.3845
Cover_T234 -38.0777
Cover_T235 33.4981
Cover_T236 -46
Cover_T237 43.072
Cover_T238 2
Cover_T239 49.6875
Cover_T240 7.92235
Cover_T241 46.2443
Cover_T242 0
Cover_T243 56
Cover_T244 -2.21402
Cover_T245 48
Cover_T246 -10.2917
Cover_T247 52.1875
Cover_T248 -18.214
Cover_T249 55.786
Cover_T250 -26.214
Cover_T251 45.8011
Cover_T252 -34.214
Cover_T253 56
Cover_T254 -42.214
Cover_T255 8
Cover_T256 -29.5653
Cover_T257 2
Cover_T258 -35.6951
Cover_T259 14
Cover_T260 -42
Cover_T261 26.0114
Cover_T262 3.6875
Cover_T263 26.0114
Cover_T264 34.0777
Cover_T265 32.214
Cover_T266 48.3902
Cover_T267 74.2917
Cover_T268 50.3902
Cover_T269 74.2917
Cover_T270 46.3125
Cover_T271 74.2917
Cover_T272 50.3902
Cover_T273 83.643
Cover_T274 48.0777
Cover_T275 81.8864
Cover_T276 40.0777
Cover_T277 80.0777
Cover_T278 40.2803
Cover_T279 50.3902
Cover_T280 40.0777
Cover_T281 24
Cover_T282 33.875
Cover_T283 4
Cover_T284 16
Cover_T285 6
Cover_T286 18
Cover_T287 10.0777
Cover_T288 32
Cover_T289 6
Cover_T290 10
Cover_T291 8
Cover_T292 18
Cover_T293 16
Cover_T294 24
Cover_T295 10
Cover_T296 10
Cover_T297 20
Cover_T298 0
Cover_T299 26.2027
Cover_T300 7.24432
Cover_T301 12
Cover_T302 6
Cover_T303 20
Cover_T304 0
Cover_T305 16
Cover_T306 4
Cover_T307 12
Cover_T308 4
Cover_T309 16
Cover_T310 -9.22498e-10
Cover_T311 22.1951
Cover_T312 -1.45819e-09
Cover_T313 18
Cover_T314 -1.26511e-09
Cover_T315 18
Cover_T316 -1.32697e-09
Cover_T317 22.4413
Cover_T318 -2
Cover_T319 20
Cover_T320 -2
Cover_T321 20.1951
Cover_T322 -4
Cover_T323 20.1951
Cover_T324 -2
Cover_T325 21.0852
Cover_T326 -14
Cover_T327 24.1951
Cover_T328 -8.19508
Cover_T329 24.1951
Cover_T330 -6
Cover_T331 20.4413
Cover_T332 -14
Cover_T333 24.1951
Cover_T334 -10
Cover_T335 24.1951
Cover_T336 -10
Cover_T337 20.1951
Cover_T338 -10
Cover_T339 24.1951
Cover_T340 -14.4413
Cover_T341 26.1951
Cover_T342 -20.4413
Cover_T343 34.1951
Cover_T344 -14.4413
Cover_T345 26.1951
Cover_T346 -14.4413
Cover_T347 26.1951
Cover_T348 -14.1951
Cover_T349 34.1951
Cover_T350 -14.1951
Cover_T351 26.3087
Cover_T352 -14.1951
Cover_T353 20.1951
Cover_T354 -14.1951
Cover_T355 20.1951
Cover_T356 -18.1951
Cover_T357 30.1951
Cover_T358 -18.1951
Cover_T359 20.1951
Cover_T360 -18.1951
Cover_T361 24.1951
Cover_T362 -18.1951
Cover_T363 20.1951
Cover_T364 -18.1951
Cover_T365 24.1951
Cover_T366 -20.1951
Cover_T367 20.1951
Cover_T368 -20.1951
Cover_T369 20.1951
Cover_T370 -20.2235
Cover_T371 20.1951
Cover_T372 -20.1951
Cover_T373 21.7879
Cover_T374 -20.4867
Cover_T375 20.1951
Cover_T376 -20.3892
Cover_T377 20.1951
Cover_T378 -20.5985
Cover_T379 20.1951
Cover_T380 -27.0426
Cover_T381 20.1951
Cover_T382 -39.0426
Cover_T383 20.4773
Cover_T384 -50
Cover_T385 20.8277
Cover_T386 -38
Cover_T387 20.3892
Cover_T388 -50
Cover_T389 20.1951
Cover_T390 -38
Cover_T391 33.0426
Cover_T392 -50
Cover_T393 45.7983
Cover_T394 -36
Cover_T395 56
Cover_T396 -44
Cover_T397 56.2917
Cover_T398 -21.8153
Cover_T399 50
Cover_T400 -20.1951
Cover_T401 63.6203
Cover_T402 -20.1951
Cover_T403 63.6203
Cover_T404 -20.4867
Cover_T405 55.6203
Cover_T406 -20.3087
Cover_T407 63.6203
Cover_T408 -22.9508
Cover_T409 73.4252
Cover_T410 -20.1951
Cover_T411 67.8049
Cover_T412 -20.858
Cover_T413 70.1553
Cover_T414 -20.1951
Cover_T415 53.6203
Cover_T416 -20.1951
Cover_T417 52
Cover_T418 -25.8153
Cover_T419 53.6203
Cover_T420 -25.8153
Cover_T421 53.9119
Cover_T422 -25.8153
Cover_T423 53.6203
Cover_T424 -25.8153
Cover_T425 58
Cover_T426 -34.3504
Cover_T427 58
Cover_T428 -41.8191
Cover_T429 58
Cover_T430 -46
Cover_T431 56.3797
Cover_T432 -47.6203
Cover_T433 56.1799
Cover_T434 -47.6203
Cover_T435 52
Cover_T436 -52
Cover_T437 52
Cover_T438 -52
Cover_T439 52
Cover_T440 -52
Cover_T441 52
Cover_T442 -52
Cover_T443 56
Cover_T444 -48
Cover_T445 54.339
Cover_T446 -49.5947
Cover_T447 52
Cover_T448 -46.1136
Cover_T449 56
Cover_T450 -48
Cover_T451 59.1165
Cover_T452 -40
Cover_T453 58
Cover_T454 -36.8835
Cover_T455 54
Cover_T456 -38
Cover_T457 56
Cover_T458 -36
Cover_T459 53.7197
Cover_T460 -43.1534
Cover_T461 52.0777
Cover_T462 -29.6733
Cover_T463 42.8835
Cover_T464 -28.8835
Cover_T465 48.2197
Cover_T466 -4
Cover_T467 44.0777
Cover_T468 22.3409
Cover_T469 50.642
Cover_T470 16.0606
Cover_T471 64.6837
Cover_T472 4.27462
Cover_T473 41.8419
Cover_T474 2.49432
Cover_T475 41.0521
Cover_T476 1.68087
Cover_T477 39.0161
Cover_T478 0.0719697
Cover_T479 954
Cover_T480 0
Cover_T481 975.939
Cover_T482 941.358
Cover_T483 979.939
Cover_T484 927.831
Cover_T485 991.648
Cover_T486 935.831
Cover_T487 991.485
Cover_T488 943.831
Cover_T489 997.677
Cover_T490 943.867
Cover_T491 997.708
Cover_T492 -2
Cover_T493 995.922
Cover_T494 -50
Cover_T495 56.1506
Cover_T496 -42
Cover_T497 40.3532
Cover_T498 -44
Cover_T499 31.4394
Cover_T500 -46
Cover_T501 18
Cover_T502 -50
Cover_T503 7.00284
Cover_T504 -46.3968
Cover_T505 -4
Cover_T506 -36.3532
Cover_T507 0
Cover_T508 -25.4394
Cover_T509 9.77273
Cover_T510 -14
Cover_T511 -2.52652
Cover_T512 -2.87879
Cover_T513 -14.2273
Cover_T514 10
Cover_T515 -28.1136
Cover_T516 9.65341
Cover_T517 -44
Cover_T518 4.22727
Cover_T519 12
Cover_T520 20.2273
Cover_T521 -4
Cover_T522 36.1136
Cover_T523 -20
Cover_T524 52
Cover_T525 -36
Cover_T526 -4.22348
Cover_T527 0
Cover_T528 12
Cover_T529 4
Cover_T530 28
Cover_T531 8
Cover_T532 44
Cover_T533 13.1761
Cover_T534 8
Cover_T535 -2.82386
Cover_T536 4
Cover_T537 -18.8239
Cover_T538 -2.28763e-10
Cover_T539 -34.8239
Cover_T540 -5.17614
Cover_T541 -50.1307
Cover_T542 10.8239
Cover_T543 -40
Cover_T544 26.8239
Cover_T545 9.67424
Cover_T546 34.8239
Cover_T547 0.721591
Cover_T548 41.8314
Cover_T549 -6.32576
Cover_T550 50.2083
Cover_T551 12
Cover_T552 46.5379
Cover_T553 3.70833
Cover_T554 54
Cover_T555 -4
Cover_T556 48
Cover_T557 54
Cover_T558 -5.67424
Cover_T559 44
Cover_T560 2.32576
Cover_T561 39.4621
Cover_T562 10.3258
Cover_T563 30
Cover_T564 -8
Cover_T565 20
Cover_T566 0
Cover_T567 14
Cover_T568 8
Cover_T569 20
Cover_T570 -50
Cover_T571 10
Cover_T572 -42
Cover_T573 4
Cover_T574 -34
Cover_T575 -4
Cover_T576 -26
Cover_T577 -12
Cover_T578 -18
Cover_T579 -20
Cover_T580 -10
Cover_T581 6
Cover_T582 -16
Cover_T583 -3.92235
Cover_T584 -8
Cover_T585 4.07765
Cover_T586 0
Cover_T587 -3.92235
Cover_T588 8
Cover_T589 10
Cover_T590 16
Cover_T591 2
Cover_T592 24
Cover_T593 52.0777
Cover_T594 -2
Cover_T595 44.0777
Cover_T596 6
Cover_T597 52
Cover_T598 -2
Cover_T599 44
Cover_T600 6
Cover_T601 52.0777
Cover_T602 -7.92235
Cover_T603 44
Cover_T604 0.0776515
Cover_T605 32.0777
Cover_T606 -42
Cover_T607 17.1477
Cover_T608 -42
Cover_T609 1.43939
Cover_T610 -42
Cover_T611 0.0776515
Cover_T612 -26
Cover_T613 48
Cover_T614 -11.0701
Cover_T615 35.1288
Cover_T616 4.63826
Cover_T617 19.1288
Cover_T618 6
Cover_T619 40.6155
Cover_T620 -42.3769
Cover_T621 24.6155
Cover_T622 -29.0511
Cover_T623 8.61553
Cover_T624 -13.0511
Cover_T625 -7.38447
Cover_T626 -34.5379
Cover_T627 -23.3845
Cover_T628 -18.6155
Cover_T629 -39.3845
Cover_T630 -2.61553
Cover_T631 -44.1307
Cover_T632 13.3845
Cover_T633 -42
Cover_T634 29.3845
Cover_T635 -48
Cover_T636 41.3845
Cover_T637 -44
Cover_T638 53.6875
Cover_T639 0
Cover_T640 52
Cover_T641 2
Cover_T642 52
Cover_T643 -4.21402
Cover_T644 54
Cover_T645 -16.3277
Cover_T646 51.786
Cover_T647 -28.214
Cover_T648 5.9697
Cover_T649 -40.3277
Cover_T650 6
Cover_T651 -31.5653
Cover_T652 14.214
Cover_T653 -41.9962
Cover_T654 38.0114
Cover_T655 0
Cover_T656 38.0114
Cover_T657 32.3902
Cover_T658 44.214
Cover_T659 46.7936
Cover_T660 86.2917
Cover_T661 48.0777
Cover_T662 65.643
Cover_T663 40
Cover_T664 63.7727
Cover_T665 46.0777
Cover_T666 92.0777
Cover_T667 36.2803
Cover_T668 38.3902
Cover_T669 36.2803
Cover_T670 0
Cover_T671 46.0777
Cover_T672 0
Cover_T673 4
Cover_T674 2
Cover_T675 5.79735
Cover_T676 2.07765
Cover_T677 28
Cover_T678 2
Cover_T679 0
Cover_T680 2
Cover_T681 14
Cover_T682 10
Cover_T683 22
Cover_T684 4
Cover_T685 6
Cover_T686 12
Cover_T687 0
Cover_T688 20.2027
Cover_T689 6
Cover_T690 8
Cover_T691 0
Cover_T692 14
Cover_T693 0
Cover_T694 8
Cover_T695 2
Cover_T696 10
Cover_T697 -1.90486e-10
Cover_T698 12
Cover_T699 1.85523e-10
Cover_T700 10
Cover_T701 -2
Cover_T702 12
Cover_T703 -4
Cover_T704 18.1951
Cover_T705 -4
Cover_T706 16
Cover_T707 -4
Cover_T708 12
Cover_T709 -6
Cover_T710 16.4413
Cover_T711 -8
Cover_T712 16
Cover_T713 -4
Cover_T714 16.1951
Cover_T715 -8
Cover_T716 16.1951
Cover_T717 -18
Cover_T718 20.1951
Cover_T719 -8
Cover_T720 22.4413
Cover_T721 -20
Cover_T722 20.1951
Cover_T723 -12.1951
Cover_T724 22.1951
Cover_T725 -15.0852
Cover_T726 28.1951
Cover_T727 -14.1951
Cover_T728 26.1951
Cover_T729 -14.4413
Cover_T730 30.1951
Cover_T731 -14.1951
Cover_T732 26.1951
Cover_T733 -14.1951
Cover_T734 22.1951
Cover_T735 -18.1951
Cover_T736 20.1951
Cover_T737 -18.1951
Cover_T738 28.1951
Cover_T739 -18.1951
Cover_T740 22.1951
Cover_T741 -18.1951
Cover_T742 20.1951
Cover_T743 -18.1951
Cover_T744 22.1951
Cover_T745 -18.1951
Cover_T746 22.1951
Cover_T747 -18.5076
Cover_T748 20.1951
Cover_T749 -18.1951
Cover_T750 22.1951
Cover_T751 -20.1951
Cover_T752 20.1951
Cover_T753 -20.1951
Cover_T754 20.1951
Cover_T755 -20.1951
Cover_T756 22.1951
Cover_T757 -20.1951
Cover_T758 22.1951
Cover_T759 -20.1951
Cover_T760 22.1951
Cover_T761 -20.2235
Cover_T762 22.1951
Cover_T763 -20.1951
Cover_T764 22.1951
Cover_T765 -20.4773
Cover_T766 22.1951
Cover_T767 -20.4867
Cover_T768 22.1951
Cover_T769 -20.5076
Cover_T770 22.1951
Cover_T771 -20.3892
Cover_T772 22.1951
Cover_T773 -20.5985
Cover_T774 22.2235
Cover_T775 -24.1951
Cover_T776 22.1951
Cover_T777 -31.0426
Cover_T778 22.4773
Cover_T779 -39.0426
Cover_T780 22.4867
Cover_T781 -47.0426
Cover_T782 22.5076
Cover_T783 -46
Cover_T784 22.3892
Cover_T785 -38
Cover_T786 22.5985
Cover_T787 -46
Cover_T788 26.1951
Cover_T789 -46
Cover_T790 33.0426
Cover_T791 -38
Cover_T792 45.0426
Cover_T793 -46
Cover_T794 51.0426
Cover_T795 -46
Cover_T796 53.6203
Cover_T797 -36
Cover_T798 44
Cover_T799 -44
Cover_T800 52.2917
Cover_T801 -21.8153
Cover_T802 54
Cover_T803 -20.8987
Cover_T804 51.6203
Cover_T805 -22.1951
Cover_T806 59.6203
Cover_T807 -20.4867
Cover_T808 59.6203
Cover_T809 -23.8153
Cover_T810 49.6203
Cover_T811 -22.1951
Cover_T812 67.4252
Cover_T813 -22.4867
Cover_T814 49.6203
Cover_T815 -24.1951
Cover_T816 42.3504
Cover_T817 -29.8153
Cover_T818 48
Cover_T819 -29.8153
Cover_T820 48.2917
Cover_T821 -29.8153
Cover_T822 49.6203
Cover_T823 -29.8153
Cover_T824 49.6203
Cover_T825 -39.6203
Cover_T826 49.6203
Cover_T827 -44
Cover_T828 48
Cover_T829 -38.3504
Cover_T830 54
Cover_T831 -44
Cover_T832 49.8201
Cover_T833 -45.6203
Cover_T834 48
Cover_T835 -46.8646
Cover_T836 54
Cover_T837 -45.6203
Cover_T838 54
Cover_T839 -45.8191
Cover_T840 49.6203
Cover_T841 -47.0426
Cover_T842 54
Cover_T843 -50
Cover_T844 52.3797
Cover_T845 -46
Cover_T846 54
Cover_T847 -46
Cover_T848 55.2443
Cover_T849 -50
Cover_T850 54
Cover_T851 -50
Cover_T852 54.1989
Cover_T853 -47.6203
Cover_T854 55.0426
Cover_T855 61.1165
Cover_T856 -46
Cover_T857 56
Cover_T858 -44
Cover_T859 56
Cover_T860 -36.8835
Cover_T861 56
Cover_T862 -39.1563
Cover_T863 54.8438
Cover_T864 -42
Cover_T865 56
Cover_T866 -36
Cover_T867 55.7197
Cover_T868 -44
Cover_T869 53.5947
Cover_T870 -42.5152
Cover_T871 58.0777
Cover_T872 -27.6733
Cover_T873 54.0208
Cover_T874 -34.8835
Cover_T875 52.642
Cover_T876 -40
Cover_T877 52.2197
Cover_T878 -4
Cover_T879 52.0777
Cover_T880 22.0606
Cover_T881 43.5256
Cover_T882 14.0606
Cover_T883 61.3248
Cover_T884 7.50852
Cover_T885 56.1686
Cover_T886 0.515152
Cover_T887 42.1686
Cover_T888 0.60322
Cover_T889 50.1326
Cover_T890 2.29167
Cover_T891 994.515
Cover_T892 0
Cover_T893 1027.67
Cover_T894 942.246
Cover_T895 1030.88
Cover_T896 947.358
Cover_T897 1034.88
Cover_T898 945.42
Cover_T899 996
Cover_T900 943.922
Cover_T901 975.939
Cover_T902 945.358
Cover_T903 983.939
Cover_T904 929.585
Cover_T905 991.648
Cover_T906 937.831
Cover_T907 997.882
Cover_T908 945.831
Cover_T909 992.03
Cover_T910 945.621
Cover_T911 984.062
Cover_T912 0
Cover_T913 975.362
Cover_T914 -48
Cover_T915 20
Cover_T916 -52
Cover_T917 8.35985
Cover_T918 -42
Cover_T919 0
Cover_T920 -52
Cover_T921 0.592803
Cover_T922 -48
Cover_T923 -4.32161e-11
Cover_T924 -46.3968
Cover_T925 -1.98106
Cover_T926 -34.3532
Cover_T927 -12.2273
Cover_T928 -23.4394
Cover_T929 -24.1136
Cover_T930 -12
Cover_T931 -36.1136
Cover_T932 -2
Cover_T933 -48
Cover_T934 12
Cover_T935 14
Cover_T936 3.65341
Cover_T937 4
Cover_T938 0
Cover_T939 -2
Cover_T940 -1.77273
Cover_T941 -12
Cover_T942 6.22727
Cover_T943 -19.1212
Cover_T944 14.2273
Cover_T945 -27.7083
Cover_T946 22.2273
Cover_T947 -34
Cover_T948 28.1136
Cover_T949 -42
Cover_T950 38.1136
Cover_T951 2
Cover_T952 46
Cover_T953 -6
Cover_T954 52
Cover_T955 6
Cover_T956 -10
Cover_T957 -2
Cover_T958 -2
Cover_T959 10
Cover_T960 4
Cover_T961 0
Cover_T962 14
Cover_T963 15.1761
Cover_T964 22
Cover_T965 5.17614
Cover_T966 32
Cover_T967 -6.82386
Cover_T968 46
Cover_T969 -18.8239
Cover_T970 5.67424
Cover_T971 -30.8239
Cover_T972 -3.04735
Cover_T973 -42.536
Cover_T974 2
Cover_T975 -42.5379
Cover_T976 0.291667
Cover_T977 -40
Cover_T978 -7.17614
Cover_T979 9.67424
Cover_T980 4.82386
Cover_T981 -2.32576
Cover_T982 14.8239
Cover_T983 12
Cover_T984 28.8239
Cover_T985 -2.55081e-10
Cover_T986 38.8731
Cover_T987 54
Cover_T988 52.1307
Cover_T989 42
Cover_T990 50.5379
Cover_T991 30
Cover_T992 48
Cover_T993 18
Cover_T994 0.325758
Cover_T995 20
Cover_T996 12.2481
Cover_T997 8
Cover_T998 -2
Cover_T999 -4
Cover_T1000 9.92235
Cover_T1001 -16
Cover_T1002 -44
Cover_T1003 6
Cover_T1004 -32.0777
Cover_T1005 -4
Cover_T1006 -24
Cover_T1007 4
Cover_T1008 -16
Cover_T1009 -4
Cover_T1010 -8.07765
Cover_T1011 9.92235
Cover_T1012 -14
Cover_T1013 0
Cover_T1014 -6
Cover_T1015 50.0777
Cover_T1016 2
Cover_T1017 42.0777
Cover_T1018 10
Cover_T1019 50.0777
Cover_T1020 18
Cover_T1021 42
Cover_T1022 26
Cover_T1023 50.0777
Cover_T1024 0
Cover_T1025 42
Cover_T1026 8
Cover_T1027 34.0777
Cover_T1028 0
Cover_T1029 26
Cover_T1030 8
Cover_T1031 19.1477
Cover_T1032 -5.92235
Cover_T1033 11.0701
Cover_T1034 2.07765
Cover_T1035 3.43939
Cover_T1036 -48
Cover_T1037 -4.56061
Cover_T1038 -40
Cover_T1039 2.07765
Cover_T1040 -48
Cover_T1041 -5.92235
Cover_T1042 -40
Cover_T1043 50
Cover_T1044 -48
Cover_T1045 42.3769
Cover_T1046 -40
Cover_T1047 37.1288
Cover_T1048 -32
Cover_T1049 29.1288
Cover_T1050 -24
Cover_T1051 21.1288
Cover_T1052 -17.0701
Cover_T1053 13.0511
Cover_T1054 -9.07008
Cover_T1055 42.6155
Cover_T1056 -1.36174
Cover_T1057 34.5379
Cover_T1058 6.56061
Cover_T1059 26.6155
Cover_T1060 0
Cover_T1061 18.5795
Cover_T1062 8
Cover_T1063 10.6155
Cover_T1064 -48
Cover_T1065 0.61553
Cover_T1066 -36.3731
Cover_T1067 -11.4621
Cover_T1068 -27.1288
Cover_T1069 -23.3845
Cover_T1070 -15.0511
Cover_T1071 -35.4621
Cover_T1072 -40.5379
Cover_T1073 -46
Cover_T1074 -28.5379
Cover_T1075 -46.0777
Cover_T1076 -16.5379
Cover_T1077 -42
Cover_T1078 -4.53788
Cover_T1079 -46
Cover_T1080 7.46212
Cover_T1081 -42
Cover_T1082 19.3845
Cover_T1083 1.92235
Cover_T1084 33.072
Cover_T1085 6
Cover_T1086 41.072
Cover_T1087 -2
Cover_T1088 48
Cover_T1089 -4.21402
Cover_T1090 48.1307
Cover_T1091 -12.214
Cover_T1092 52
Cover_T1093 -20.214
Cover_T1094 45.6875
Cover_T1095 -28.214
Cover_T1096 51.6875
Cover_T1097 -36.214
Cover_T1098 53.2841
Cover_T1099 -44.214
Cover_T1100 46
Cover_T1101 -31.5653
Cover_T1102 58
Cover_T1103 -37.6951
Cover_T1104 8
Cover_T1105 -44
Cover_T1106 11.7973
Cover_T1107 1.6875
Cover_T1108 11.7973
Cover_T1109 32.0777
Cover_T1110 12.214
Cover_T1111 46.0777
Cover_T1112 54.2917
Cover_T1113 50.0777
Cover_T1114 54.2917
Cover_T1115 44.3125
Cover_T1116 54.2917
Cover_T1117 48.108
Cover_T1118 84.2917
Cover_T1119 48.3902
Cover_T1120 84.2917
Cover_T1121 40.0777
Cover_T1122 63.643
Cover_T1123 44.0777
Cover_T1124 85.7727
Cover_T1125 38.0777
Cover_T1126 96.0777
Cover_T1127 22.0777
Cover_T1128 46.3902
Cover_T1129 44.2803
Cover_T1130 20
Cover_T1131 40.0777
Cover_T1132 4
Cover_T1133 12
Cover_T1134 2
Cover_T1135 20
Cover_T1136 8.07765
Cover_T1137 28
Cover_T1138 4
Cover_T1139 4
Cover_T1140 6
Cover_T1141 14
Cover_T1142 16
Cover_T1143 20
Cover_T1144 8
Cover_T1145 4
Cover_T1146 16
Cover_T1147 2
Cover_T1148 24.2027
Cover_T1149 6
Cover_T1150 12
Cover_T1151 2
Cover_T1152 14
Cover_T1153 2
Cover_T1154 12
Cover_T1155 2
Cover_T1156 16.1951
Cover_T1157 7.45928e-11
Cover_T1158 14
Cover_T1159 -2.77378e-12
Cover_T1160 14
Cover_T1161 -2
Cover_T1162 16.9773
Cover_T1163 -4
Cover_T1164 18
Cover_T1165 -4
Cover_T1166 18.1951
Cover_T1167 -4
Cover_T1168 16.1951
Cover_T1169 -6
Cover_T1170 20.4413
Cover_T1171 -16
Cover_T1172 20.1951
Cover_T1173 -4
Cover_T1174 22.4413
Cover_T1175 -8
Cover_T1176 20.1951
Cover_T1177 -20.1951
Cover_T1178 20.1951
Cover_T1179 -10
Cover_T1180 22.1951
Cover_T1181 -6
Cover_T1182 20.1951
Cover_T1183 -12.9773
Cover_T1184 22.1951
Cover_T1185 -10
Cover_T1186 22.1951
Cover_T1187 -18.1951
Cover_T1188 22.1951
Cover_T1189 -12.1951
Cover_T1190 22.1951
Cover_T1191 -14.4413
Cover_T1192 30.1951
Cover_T1193 -16.1951
Cover_T1194 22.1951
Cover_T1195 -18.4413
Cover_T1196 22.5076
Cover_T1197 -14.1951
Cover_T1198 30.1951
Cover_T1199 -16.1951
Cover_T1200 24.1951
Cover_T1201 -16.1951
Cover_T1202 22.1951
Cover_T1203 -14.1951
Cover_T1204 24.1951
Cover_T1205 -18.1951
Cover_T1206 26.1951
Cover_T1207 -18.1951
Cover_T1208 24.1951
Cover_T1209 -19.7879
Cover_T1210 20.1951
Cover_T1211 -18.1951
Cover_T1212 24.1951
Cover_T1213 -18.1951
Cover_T1214 20.1951
Cover_T1215 -20.1951
Cover_T1216 20.1951
Cover_T1217 -20.1951
Cover_T1218 20.1951
Cover_T1219 -20.4773
Cover_T1220 20.1951
Cover_T1221 -20.8277
Cover_T1222 20.1951
Cover_T1223 -20.3892
Cover_T1224 20.1951
Cover_T1225 -20.1951
Cover_T1226 20.1951
Cover_T1227 -31.0426
Cover_T1228 20.1951
Cover_T1229 -43.0426
Cover_T1230 20.2235
Cover_T1231 -46
Cover_T1232 20.1951
Cover_T1233 -42
Cover_T1234 20.4867
Cover_T1235 -46
Cover_T1236 21.0928
Cover_T1237 -42
Cover_T1238 20.7121
Cover_T1239 -46
Cover_T1240 30.6629
Cover_T1241 -40
Cover_T1242 39.7055
Cover_T1243 -21.8153
Cover_T1244 54
Cover_T1245 -22.1951
Cover_T1246 59.6203
Cover_T1247 -22.1951
Cover_T1248 51.6203
Cover_T1249 -22.4867
Cover_T1250 59.6203
Cover_T1251 -22.1951
Cover_T1252 59.6203
Cover_T1253 -22.1951
Cover_T1254 61.4252
Cover_T1255 -22.1951
Cover_T1256 73.8049
Cover_T1257 -20.1951
Cover_T1258 68.1553
Cover_T1259 -23.8153
Cover_T1260 63.8049
Cover_T1261 -22.1951
Cover_T1262 73.4252
Cover_T1263 -20.4867
Cover_T1264 51.2405
Cover_T1265 -24.1951
Cover_T1266 49.6203
Cover_T1267 -29.8153
Cover_T1268 49.6203
Cover_T1269 -27.8153
Cover_T1270 50.2917
Cover_T1271 -29.8153
Cover_T1272 54
Cover_T1273 -28.1951
Cover_T1274 50
Cover_T1275 -35.6203
Cover_T1276 47.6203
Cover_T1277 -38.3504
Cover_T1278 54
Cover_T1279 -40
Cover_T1280 47.6203
Cover_T1281 -45.6203
Cover_T1282 56
Cover_T1283 -41.6203
Cover_T1284 52
Cover_T1285 -46
Cover_T1286 56
Cover_T1287 -46
Cover_T1288 52
Cover_T1289 -46
Cover_T1290 58
Cover_T1291 -47.6203
Cover_T1292 52.1989
Cover_T1293 -47.6203
Cover_T1294 56.3797
Cover_T1295 30.3267
Cover_T1296 8.95781e-11
Cover_T1297 18.3267
Cover_T1298 8
Cover_T1299 26.9129
Cover_T1300 11.1165
Cover_T1301 10.9129
Cover_T1302 8.83333
Cover_T1303 10.3883
Cover_T1304 12
Cover_T1305 25.7197
Cover_T1306 7.77652
Cover_T1307 17.7197
Cover_T1308 0
Cover_T1309 7.71212
Cover_T1310 10.7898
Cover_T1311 10.0208
Cover_T1312 29.0871
Cover_T1313 91.6714
Cover_T1314 63.1477
Cover_T1315 89.0161
Cover_T1316 55.964
Cover_T1317 84.1326
Cover_T1318 50.4015
Cover_T1319 97.786
Cover_T1320 34.6032
Cover_T1321 88.4337
Cover_T1322 37.3021
Cover_T1323 65.5919
Cover_T1324 44.2803
Cover_T1325 986.884
Cover_T1326 46.3239
Cover_T1327 1030.88
Cover_T1328 985.979
Cover_T1329 1002
Cover_T1330 989.979
Cover_T1331 975.939
Cover_T1332 899.485
Cover_T1333 982.937
Cover_T1334 900.984
Cover_T1335 991.648
Cover_T1336 903.867
Cover_T1337 989.485
Cover_T1338 896.214
Cover_T1339 996.024
Cover_T1340 906.081
Cover_T1341 997.708
Cover_T1342 914.081
Cover_T1343 995.922
Cover_T1344 0
Cover_T1345 24
Cover_T1346 -40
Cover_T1347 27.7727
Cover_T1348 -24
Cover_T1349 52
Cover_T1350 53.6875
Cover_T1351 11.786
Cover_T1352 54
Cover_T1353 -12.214
Cover_T1354 55.6875
Cover_T1355 -36.214
Cover_T1356 56
Cover_T1357 -36
Cover_T1358 16.0114
Cover_T1359 -22.2027
Cover_T1360 64.2917
Cover_T1361 0
Cover_T1362 64.2917
Cover_T1363 2.35795
Cover_T1364 94.2917
Cover_T1365 0
Cover_T1366 70.0777
Cover_T1367 90.8333
Cover_T1368 94.0777
Cover_T1369 73.4375
Cover_T1370 72.2803
Cover_T1371 96.0777
Cover_T1372 84.2803
Cover_T1373 54.1136
Cover_T1374 56.2765
Cover_T1375 78
Cover_T1376 54.0322
Cover_T1377 48.2121
Cover_T1378 54.0777
Cover_T1379 49.5133
Cover_T1380 -25.1572
Cover_T1381 28.4716
Cover_T1382 -26.1136
Cover_T1383 2.06439
Cover_T1384 -22.017
Cover_T1385 -23.8049
Cover_T1386 0.92803
Cover_T1387 24
Cover_T1388 5.72348
Cover_T1389 0
Cover_T1390 24.1307
Cover_T1391 0
Cover_T1392 38
Cover_T1393 0
Cover_T1394 56
Cover_T1395 0
Cover_T1396 2.19508
Cover_T1397 37.8049
Cover_T1398 18.1951
Cover_T1399 33.8049
Cover_T1400 10
Cover_T1401 33.8049
Cover_T1402 14.1951
Cover_T1403 31.8049
Cover_T1404 10.1951
Count_D0 -985.964
Count_D1 -1000
Max_H0_P0 0
Max_H0_P1 0
Max_H0_P2 0
Max_H0_P3 -2.36172e-10
Max_H0_P4 0
Max_H0_P5 8.92078e-11
Max_H0_P6 1.9028e-10
Max_H0_P7 0
Max_H0_P8 0
Max_H0_P9 0
Max_H0_P10 0
Max_H0_P11 0
Max_H0_P12 0
Max_H0_P13 0
Max_H0_P14 0
Max_H0_P15 -2
Max_H0_P16 -2
Max_H0_P17 -2
Max_H0_P18 -2
Max_H0_P19 -2
Max_H0_P20 -2
Max_H0_P21 -2
Max_H0_P22 -2
Max_H0_P23 -2
Max_H0_P24 -2
Max_H0_P25 -2
Max_H0_P26 -2
Max_H0_P27 -2
Max_H0_P28 -2
Max_H0_P29 -2
Max_H0_P30 -0.0776515
Max_H0_P31 -0.0776515
Max_H0_P32 -0.0776515
Max_H0_P33 -0.0776515
Max_H0_P34 -0.0776515
Max_H0_P35 -0.0776515
Max_H0_P36 -0.0776515
Max_H0_P37 -0.0776515
Max_H0_P38 -0.0776515
Max_H0_P39 -0.0776515
Max_H0_P40 -0.0776515
Max_H0_P41 -0.0776515
Max_H0_P42 -0.0776515
Max_H0_P43 -0.0776515
Max_H0_P44 -0.0776515
Max_H0_P45 0
Max_H0_P46 0
Max_H0_P47 0
Max_H0_P48 0
Max_H0_P49 0
Max_H0_P50 0
Max_H0_P51 0
Max_H0_P52 0
Max_H0_P53 0
Max_H0_P54 0
Max_H0_P55 0
Max_H0_P56 0
Max_H0_P57 0
Max_H0_P58 0
Max_H0_P59 0
Max_H0_P60 -1.7157e-10
Max_H0_P61 -9.67469e-11
Max_H0_P62 3.50612e-11
Max_H0_P63 6.6354e-11
Max_H0_P64 -6.12932e-12
Max_H0_P65 7.76106e-11
Max_H0_P66 0
Max_H0_P67 0
Max_H0_P68 0
Max_H0_P69 0
Max_H0_P70 0
Max_H0_P71 0
Max_H0_P72 0
Max_H0_P73 0
Max_H0_P74 0
Max_H0_P75 2.85514e-11
Max_H0_P76 -1.31415e-10
Max_H0_P77 2.20552e-11
Max_H0_P78 2.3169e-11
Max_H0_P79 -4.52243e-11
Max_H0_P80 -1.87406e-12
Max_H0_P81 0
Max_H1_P0 0
Max_H1_P1 0
Max_H1_P2 0
Max_H1_P3 -1.30983e-10
Max_H1_P4 -5.09282e-11
Max_H1_P5 1.82041e-11
Max_H1_P6 1.43257e-10
Max_H1_P7 1.03137e-10
Max_H1_P8 0
Max_H1_P9 0
Max_H1_P10 0
Max_H1_P11 0
Max_H1_P12 0
Max_H1_P13 0
Max_H1_P14 -0
Max_H1_P15 -2
Max_H1_P16 -2
Max_H1_P17 -2
Max_H1_P18 -2
Max_H1_P19 -2
Max_H1_P20 -2
Max_H1_P21 -2
Max_H1_P22 -2
Max_H1_P23 -2
Max_H1_P24 -2
Max_H1_P25 -2
Max_H1_P26 -2
Max_H1_P27 -2
Max_H1_P28 -2
Max_H1_P29 -2
Max_H1_P30 -0.0776515
Max_H1_P31 -0.0776515
Max_H1_P32 -0.0776515
Max_H1_P33 -0.0776515
Max_H1_P34 -0.0776515
Max_H1_P35 -0.0776515
Max_H1_P36 -0.0776515
Max_H1_P37 -0.0776515
Max_H1_P38 -0.0776515
Max_H1_P39 -0.0776515
Max_H1_P40 -0.0776515
Max_H1_P41 -0.0776515
Max_H1_P42 -0.0776515
Max_H1_P43 -0.0776515
Max_H1_P44 -0.0776515
Max_H1_P45 -9.17169e-11
Max_H1_P46 0
Max_H1_P47 0
Max_H1_P48 0
Max_H1_P49 0
Max_H1_P50 0
Max_H1_P51 0
Max_H1_P52 0
Max_H1_P53 0
Max_H1_P54 0
Max_H1_P55 0
Max_H1_P56 0
Max_H1_P57 0
Max_H1_P58 0
Max_H1_P59 2.90798e-11
Max_H1_P60 1.86056e-11
Max_H1_P61 -6.99787e-11
Max_H1_P62 -4.55636e-11
Max_H1_P63 -1.34044e-11
Max_H1_P64 -3.29089e-11
Max_H1_P65 8.26788e-11
Max_H1_P66 0
Max_H1_P67 0
Max_H1_P68 0
Max_H1_P69 0
Max_H1_P70 0
Max_H1_P71 -3.42144e-11
Max_H1_P72 0
Max_H1_P73 0
Max_H1_P74 0
Max_H1_P75 -3.0298e-11
Max_H1_P76 -7.44649e-11
Max_H1_P77 8.67209e-11
Max_H1_P78 -8.23093e-11
Max_H1_P79 -5.92137e-11
Max_H1_P80 1.37502e-10
Max_H1_P81 0
