
Branch and bound

  Entire solving process        :                           (Time  21607.2)
  No feasible solution was found
  Best relaxation cost          :     78061.37 (Node     0) (Time  21607.2)
  Lower bound after cuts        :     78061.37
  End lower bound               : -inf
  Deepest level reached         : 0
  Deepest real level reached    : 0
  Number of real nodes solved   : 1
  Stopping condition            : too much time

Problem identification

  Problem                       : <null>
  Machine                       : oslo5.gerad.lan

Solving process summary

  Linear relaxations            :        1
  Column generation iterations  :      441
  Shortest paths solved         :     8896
  Columns generated             :   112354

Instance characteristics

  Resources                     : 3
  Node types                    : no
  Arc types                     : no
  Strong resource windows       : no
  Weak resource windows         : no
  Resource windows (nodes)      : 3
  Resource values (arcs)        : 3
  Values on nodes               : no

  Rows                          : 1571
  Initial columns               : 2
  Tasks                         : 1409
  Strong tasks                  : 1405
  Weak tasks                    : 4
  Initial task constraints      : no
  Nodes                         : 1737
  Arc sets                      : 1
  Arcs                          : 81769
  Networks                      : 2
  Models                        : 1

Memory used per module (Megs)

  Parser (reused)               :     16.233
  Networks                      :     53.036
  Column generator              :     37.779
  Master problem                :     15.091
  -----------------
  Total                         :    105.906

Cpu time per module (seconds)

  Parser                        :        0.1
  Preprocessor                  :        0.0
  Lr solver manager             :        0.4
  Column generator              :     1495.9
    (Shortest path)             :     1444.1
  Master problem                :    20110.8
  -------------------
  Total (without b&b)           :    21607.2

Real elapsed time (seconds)

  Parser                        :        0.1
  Preprocessor                  :        0.0
  Lr solver manager             :        0.4
  Column generator              :     1495.8
    (Shortest path)             :     1444.1
  Master problem                :    20111.5
  -------------------
  Total (without b&b)           :    21607.7
