Cover_T0 52
Cover_T1 -52
Cover_T2 52
Cover_T3 -52
Cover_T4 52
Cover_T5 -52
Cover_T6 52
Cover_T7 -52
Cover_T8 52
Cover_T9 -52
Cover_T10 52
Cover_T11 -52
Cover_T12 52
Cover_T13 -52
Cover_T14 52
Cover_T15 -52
Cover_T16 52
Cover_T17 -52
Cover_T18 52
Cover_T19 -52
Cover_T20 54
Cover_T21 -52
Cover_T22 52
Cover_T23 -50
Cover_T24 56
Cover_T25 -48
Cover_T26 56
Cover_T27 -48
Cover_T28 56
Cover_T29 -48
Cover_T30 56
Cover_T31 -48
Cover_T32 52
Cover_T33 -52
Cover_T34 56
Cover_T35 -48
Cover_T36 54
Cover_T37 -44
Cover_T38 54
Cover_T39 -44
Cover_T40 56
Cover_T41 -46
Cover_T42 52
Cover_T43 -44
Cover_T44 50
Cover_T45 -44
Cover_T46 58
Cover_T47 -44
Cover_T48 52
Cover_T49 -46
Cover_T50 50
Cover_T51 -38
Cover_T52 54
Cover_T53 -36
Cover_T54 46
Cover_T55 -38
Cover_T56 50
Cover_T57 -38
Cover_T58 48
Cover_T59 -40
Cover_T60 52
Cover_T61 4
Cover_T62 1042
Cover_T63 982
Cover_T64 1026
Cover_T65 996
Cover_T66 1034
Cover_T67 996
Cover_T68 1042
Cover_T69 996
Cover_T70 1034
Cover_T71 996
Cover_T72 994
Cover_T73 4
Cover_T74 22
Cover_T75 16
Cover_T76 8
Cover_T77 4
Cover_T78 10
Cover_T79 2
Cover_T80 6
Cover_T81 2
Cover_T82 -16
Cover_T83 0
Cover_T84 2
Cover_T85 4
Cover_T86 2.93426e-10
Cover_T87 6
Cover_T88 5.57719e-10
Cover_T89 10
Cover_T90 2
Cover_T91 26
Cover_T92 0
Cover_T93 6
Cover_T94 1.23527e-10
Cover_T95 4
Cover_T96 4
Cover_T97 -7.26672e-10
Cover_T98 -6
Cover_T99 4
Cover_T100 -18
Cover_T101 6
Cover_T102 -30
Cover_T103 4
Cover_T104 -42
Cover_T105 4
Cover_T106 -6
Cover_T107 -1.19762e-09
Cover_T108 -18
Cover_T109 10
Cover_T110 -30
Cover_T111 22
Cover_T112 -42
Cover_T113 36
Cover_T114 8.55094e-10
Cover_T115 52
Cover_T116 -16
Cover_T117 20
Cover_T118 4.45025e-13
Cover_T119 36
Cover_T120 8.92576e-10
Cover_T121 52
Cover_T122 -4
Cover_T123 10
Cover_T124 1.45781e-11
Cover_T125 26
Cover_T126 8.12043e-10
Cover_T127 10
Cover_T128 9.58835e-10
Cover_T129 6
Cover_T130 7.72037e-10
Cover_T131 6
Cover_T132 -12
Cover_T133 6
Cover_T134 -2
Cover_T135 10
Cover_T136 5.49971e-10
Cover_T137 6
Cover_T138 2.50822e-10
Cover_T139 4
Cover_T140 -12
Cover_T141 4
Cover_T142 -2
Cover_T143 16
Cover_T144 5.98962e-10
Cover_T145 6
Cover_T146 -3.44613e-12
Cover_T147 4
Cover_T148 4
Cover_T149 4
Cover_T150 8.07502e-10
Cover_T151 16
Cover_T152 2
Cover_T153 6
Cover_T154 4
Cover_T155 4
Cover_T156 4
Cover_T157 4
Cover_T158 4
Cover_T159 -8.54593e-10
Cover_T160 -8
Cover_T161 4
Cover_T162 2
Cover_T163 2
Cover_T164 4
Cover_T165 -1.40731e-09
Cover_T166 -8
Cover_T167 -1.23805e-09
Cover_T168 -24
Cover_T169 8
Cover_T170 2
Cover_T171 6
Cover_T172 -4
Cover_T173 12
Cover_T174 9.48763e-10
Cover_T175 32
Cover_T176 2
Cover_T177 6
Cover_T178 -4
Cover_T179 12
Cover_T180 2
Cover_T181 -9.06361e-10
Cover_T182 3.59567e-10
Cover_T183 12
Cover_T184 4
Cover_T185 2
Cover_T186 2
Cover_T187 -1.86258e-09
Cover_T188 4
Cover_T189 12
Cover_T190 -9.55183e-11
Cover_T191 2
Cover_T192 2
Cover_T193 4
Cover_T194 4
Cover_T195 -1.51494e-09
Cover_T196 4
Cover_T197 2
Cover_T198 4
Cover_T199 -6.74838e-10
Cover_T200 1.23475e-09
Cover_T201 -2
Cover_T202 4
Cover_T203 4
Cover_T204 -10
Cover_T205 2
Cover_T206 -6
Cover_T207 10
Cover_T208 -2
Cover_T209 6
Cover_T210 -8
Cover_T211 22
Cover_T212 2
Cover_T213 10
Cover_T214 2
Cover_T215 22
Cover_T216 4
Cover_T217 14
Cover_T218 2
Cover_T219 12
Cover_T220 2
Cover_T221 24
Cover_T222 -10
Cover_T223 12
Cover_T224 2
Cover_T225 16
Cover_T226 2
Cover_T227 10
Cover_T228 -7.87819e-10
Cover_T229 14
Cover_T230 -4.90772e-10
Cover_T231 14
Cover_T232 8.6902e-11
Cover_T233 28
Cover_T234 -2
Cover_T235 16
Cover_T236 -8
Cover_T237 18
Cover_T238 -10
Cover_T239 16
Cover_T240 -20
Cover_T241 18
Cover_T242 -36
Cover_T243 20
Cover_T244 -48
Cover_T245 18
Cover_T246 -16
Cover_T247 24
Cover_T248 -14
Cover_T249 28
Cover_T250 -24
Cover_T251 36
Cover_T252 -38
Cover_T253 50
Cover_T254 -14
Cover_T255 62
Cover_T256 -26
Cover_T257 32
Cover_T258 -22
Cover_T259 26
Cover_T260 -20
Cover_T261 40
Cover_T262 -16
Cover_T263 52
Cover_T264 -16
Cover_T265 28
Cover_T266 -22
Cover_T267 42
Cover_T268 -20
Cover_T269 34
Cover_T270 -18
Cover_T271 32
Cover_T272 -22
Cover_T273 30
Cover_T274 -28
Cover_T275 32
Cover_T276 -24
Cover_T277 44
Cover_T278 -28
Cover_T279 46
Cover_T280 -26
Cover_T281 30
Cover_T282 -44
Cover_T283 50
Cover_T284 -24
Cover_T285 46
Cover_T286 -36
Cover_T287 40
Cover_T288 -26
Cover_T289 56
Cover_T290 -24
Cover_T291 44
Cover_T292 -28
Cover_T293 48
Cover_T294 -28
Cover_T295 62
Cover_T296 -26
Cover_T297 44
Cover_T298 -40
Cover_T299 56
Cover_T300 -26
Cover_T301 50
Cover_T302 -34
Cover_T303 42
Cover_T304 -34
Cover_T305 50
Cover_T306 -34
Cover_T307 48
Cover_T308 -42
Cover_T309 60
Cover_T310 -34
Cover_T311 60
Cover_T312 -38
Cover_T313 58
Cover_T314 -38
Cover_T315 60
Cover_T316 -40
Cover_T317 60
Cover_T318 -44
Cover_T319 58
Cover_T320 -44
Cover_T321 60
Cover_T322 -46
Cover_T323 52
Cover_T324 -52
Cover_T325 52
Cover_T326 -52
Cover_T327 56
Cover_T328 -48
Cover_T329 56
Cover_T330 -48
Cover_T331 52
Cover_T332 -50
Cover_T333 56
Cover_T334 -44
Cover_T335 60
Cover_T336 -44
Cover_T337 56
Cover_T338 -44
Cover_T339 54
Cover_T340 -48
Cover_T341 54
Cover_T342 -44
Cover_T343 50
Cover_T344 -48
Cover_T345 50
Cover_T346 -32
Cover_T347 50
Cover_T348 -42
Cover_T349 58
Cover_T350 -42
Cover_T351 50
Cover_T352 -40
Cover_T353 54
Cover_T354 -42
Cover_T355 46
Cover_T356 0
Cover_T357 1038
Cover_T358 982
Cover_T359 1022
Cover_T360 974
Cover_T361 1042
Cover_T362 984
Cover_T363 1038
Cover_T364 996
Cover_T365 1038
Cover_T366 984
Cover_T367 1040
Cover_T368 996
Cover_T369 1002
Cover_T370 4
Cover_T371 16
Cover_T372 12
Cover_T373 26
Cover_T374 0
Cover_T375 8
Cover_T376 4
Cover_T377 8
Cover_T378 6
Cover_T379 -2
Cover_T380 -9.05246e-10
Cover_T381 -14
Cover_T382 -1.22589e-09
Cover_T383 -8.88267e-11
Cover_T384 6
Cover_T385 4
Cover_T386 14
Cover_T387 -2
Cover_T388 0
Cover_T389 4
Cover_T390 2
Cover_T391 0
Cover_T392 2
Cover_T393 1.08139e-09
Cover_T394 0
Cover_T395 -14
Cover_T396 2
Cover_T397 -30
Cover_T398 6
Cover_T399 -46
Cover_T400 6
Cover_T401 -14
Cover_T402 20
Cover_T403 -30
Cover_T404 34
Cover_T405 -42
Cover_T406 46
Cover_T407 4
Cover_T408 10
Cover_T409 -8
Cover_T410 22
Cover_T411 -20
Cover_T412 34
Cover_T413 0
Cover_T414 46
Cover_T415 4
Cover_T416 -8.99599e-10
Cover_T417 4
Cover_T418 12
Cover_T419 4
Cover_T420 24
Cover_T421 0
Cover_T422 4
Cover_T423 4
Cover_T424 2
Cover_T425 2
Cover_T426 6
Cover_T427 -2
Cover_T428 2
Cover_T429 4
Cover_T430 2
Cover_T431 2
Cover_T432 4
Cover_T433 -2
Cover_T434 8
Cover_T435 4
Cover_T436 2
Cover_T437 2
Cover_T438 4
Cover_T439 0
Cover_T440 4
Cover_T441 4
Cover_T442 16
Cover_T443 9.58752e-10
Cover_T444 6
Cover_T445 2
Cover_T446 4
Cover_T447 4
Cover_T448 4
Cover_T449 4
Cover_T450 -7.04233e-10
Cover_T451 4
Cover_T452 4
Cover_T453 -8
Cover_T454 2
Cover_T455 2
Cover_T456 -1.32813e-09
Cover_T457 4
Cover_T458 -1.63368e-09
Cover_T459 -8
Cover_T460 1.48369e-09
Cover_T461 -20
Cover_T462 12
Cover_T463 -32
Cover_T464 2
Cover_T465 2
Cover_T466 -1.05388e-09
Cover_T467 4
Cover_T468 12
Cover_T469 -8
Cover_T470 24
Cover_T471 4
Cover_T472 36
Cover_T473 -8
Cover_T474 2
Cover_T475 2
Cover_T476 -9.74211e-10
Cover_T477 4
Cover_T478 12
Cover_T479 -12
Cover_T480 8
Cover_T481 3.72935e-10
Cover_T482 6
Cover_T483 -4
Cover_T484 12
Cover_T485 6.80613e-10
Cover_T486 0
Cover_T487 2
Cover_T488 4
Cover_T489 -4
Cover_T490 -1.00152e-09
Cover_T491 4
Cover_T492 4
Cover_T493 4
Cover_T494 2
Cover_T495 -8
Cover_T496 -7.40478e-10
Cover_T497 4
Cover_T498 2
Cover_T499 -2
Cover_T500 -8.8437e-10
Cover_T501 -14
Cover_T502 2
Cover_T503 -2
Cover_T504 14
Cover_T505 -14
Cover_T506 2
Cover_T507 -2
Cover_T508 10
Cover_T509 1.00432e-09
Cover_T510 20
Cover_T511 -16
Cover_T512 16
Cover_T513 2
Cover_T514 12
Cover_T515 -6
Cover_T516 24
Cover_T517 -2
Cover_T518 12
Cover_T519 2
Cover_T520 14
Cover_T521 -4
Cover_T522 14
Cover_T523 -4.63456e-10
Cover_T524 30
Cover_T525 -1.7774e-10
Cover_T526 12
Cover_T527 -4
Cover_T528 20
Cover_T529 -12
Cover_T530 16
Cover_T531 -30
Cover_T532 16
Cover_T533 -46
Cover_T534 22
Cover_T535 -18
Cover_T536 30
Cover_T537 -18
Cover_T538 44
Cover_T539 -38
Cover_T540 62
Cover_T541 -16
Cover_T542 30
Cover_T543 -16
Cover_T544 36
Cover_T545 -18
Cover_T546 52
Cover_T547 -16
Cover_T548 30
Cover_T549 -18
Cover_T550 28
Cover_T551 -18
Cover_T552 32
Cover_T553 -20
Cover_T554 26
Cover_T555 -20
Cover_T556 28
Cover_T557 -24
Cover_T558 34
Cover_T559 -38
Cover_T560 30
Cover_T561 -22
Cover_T562 28
Cover_T563 -34
Cover_T564 26
Cover_T565 -22
Cover_T566 32
Cover_T567 -22
Cover_T568 44
Cover_T569 -36
Cover_T570 28
Cover_T571 -48
Cover_T572 40
Cover_T573 -32
Cover_T574 34
Cover_T575 -24
Cover_T576 38
Cover_T577 -38
Cover_T578 54
Cover_T579 -24
Cover_T580 38
Cover_T581 -28
Cover_T582 34
Cover_T583 -38
Cover_T584 52
Cover_T585 -24
Cover_T586 38
Cover_T587 -40
Cover_T588 36
Cover_T589 -30
Cover_T590 50
Cover_T591 -28
Cover_T592 60
Cover_T593 -30
Cover_T594 44
Cover_T595 -28
Cover_T596 56
Cover_T597 -40
Cover_T598 44
Cover_T599 -34
Cover_T600 50
Cover_T601 -32
Cover_T602 46
Cover_T603 -36
Cover_T604 50
Cover_T605 -32
Cover_T606 60
Cover_T607 -42
Cover_T608 48
Cover_T609 -42
Cover_T610 56
Cover_T611 -38
Cover_T612 52
Cover_T613 -44
Cover_T614 52
Cover_T615 -38
Cover_T616 62
Cover_T617 -42
Cover_T618 54
Cover_T619 -50
Cover_T620 56
Cover_T621 -44
Cover_T622 60
Cover_T623 -46
Cover_T624 54
Cover_T625 -44
Cover_T626 60
Cover_T627 -44
Cover_T628 52
Cover_T629 -44
Cover_T630 58
Cover_T631 -44
Cover_T632 52
Cover_T633 -44
Cover_T634 52
Cover_T635 -44
Cover_T636 48
Cover_T637 -40
Cover_T638 52
Cover_T639 -40
Cover_T640 52
Cover_T641 -38
Cover_T642 48
Cover_T643 2
Cover_T644 1042
Cover_T645 986
Cover_T646 1036
Cover_T647 974
Cover_T648 1026
Cover_T649 996
Cover_T650 1046
Cover_T651 996
Cover_T652 1040
Cover_T653 988
Cover_T654 1032
Cover_T655 996
Cover_T656 1032
Cover_T657 992
Cover_T658 1040
Cover_T659 988
Cover_T660 1038
Cover_T661 996
Cover_T662 1038
Cover_T663 996
Cover_T664 998
Cover_T665 0
Cover_T666 14
Cover_T667 8
Cover_T668 14
Cover_T669 16
Cover_T670 2
Cover_T671 0
Cover_T672 4
Cover_T673 0
Cover_T674 2
Cover_T675 4
Cover_T676 -14
Cover_T677 4.2693e-11
Cover_T678 2
Cover_T679 0
Cover_T680 4
Cover_T681 -5.6427e-10
Cover_T682 2
Cover_T683 6
Cover_T684 4
Cover_T685 4
Cover_T686 2
Cover_T687 4
Cover_T688 4
Cover_T689 16
Cover_T690 0
Cover_T691 28
Cover_T692 4
Cover_T693 8
Cover_T694 -6
Cover_T695 -1.16085e-09
Cover_T696 -22
Cover_T697 2
Cover_T698 -38
Cover_T699 8
Cover_T700 -6
Cover_T701 2
Cover_T702 -22
Cover_T703 -2
Cover_T704 -38
Cover_T705 12
Cover_T706 4
Cover_T707 28
Cover_T708 -10
Cover_T709 40
Cover_T710 -22
Cover_T711 52
Cover_T712 -2
Cover_T713 16
Cover_T714 2
Cover_T715 28
Cover_T716 2
Cover_T717 40
Cover_T718 2
Cover_T719 52
Cover_T720 -2
Cover_T721 6
Cover_T722 2
Cover_T723 18
Cover_T724 4
Cover_T725 30
Cover_T726 4
Cover_T727 10
Cover_T728 -8
Cover_T729 6
Cover_T730 2
Cover_T731 6
Cover_T732 4
Cover_T733 6
Cover_T734 4
Cover_T735 10
Cover_T736 -8
Cover_T737 6
Cover_T738 2
Cover_T739 4
Cover_T740 4
Cover_T741 4
Cover_T742 4
Cover_T743 16
Cover_T744 0
Cover_T745 6
Cover_T746 4
Cover_T747 4
Cover_T748 4
Cover_T749 8
Cover_T750 2
Cover_T751 2
Cover_T752 0
Cover_T753 4
Cover_T754 -6
Cover_T755 -5.11648e-10
Cover_T756 0
Cover_T757 -1.21568e-09
Cover_T758 -2
Cover_T759 2
Cover_T760 -18
Cover_T761 4
Cover_T762 -34
Cover_T763 4
Cover_T764 0
Cover_T765 6
Cover_T766 2
Cover_T767 18
Cover_T768 -10
Cover_T769 8
Cover_T770 2
Cover_T771 6
Cover_T772 -10
Cover_T773 18
Cover_T774 0
Cover_T775 30
Cover_T776 2
Cover_T777 42
Cover_T778 -10
Cover_T779 8
Cover_T780 0
Cover_T781 6
Cover_T782 -2
Cover_T783 18
Cover_T784 2
Cover_T785 6
Cover_T786 0
Cover_T787 18
Cover_T788 2
Cover_T789 8
Cover_T790 -2
Cover_T791 6
Cover_T792 0
Cover_T793 18
Cover_T794 2
Cover_T795 8
Cover_T796 2
Cover_T797 10
Cover_T798 2
Cover_T799 6
Cover_T800 2
Cover_T801 8
Cover_T802 -10
Cover_T803 6
Cover_T804 2
Cover_T805 12
Cover_T806 -4
Cover_T807 10
Cover_T808 -16
Cover_T809 8
Cover_T810 -4
Cover_T811 6
Cover_T812 -16
Cover_T813 6
Cover_T814 -4
Cover_T815 8
Cover_T816 -2
Cover_T817 22
Cover_T818 -14
Cover_T819 10
Cover_T820 0
Cover_T821 16
Cover_T822 0
Cover_T823 26
Cover_T824 2
Cover_T825 18
Cover_T826 2
Cover_T827 30
Cover_T828 3.09745e-10
Cover_T829 18
Cover_T830 -12
Cover_T831 18
Cover_T832 5.55929e-11
Cover_T833 34
Cover_T834 2
Cover_T835 16
Cover_T836 3.93641e-11
Cover_T837 20
Cover_T838 -6.7522e-10
Cover_T839 20
Cover_T840 -2
Cover_T841 22
Cover_T842 -1.40625e-09
Cover_T843 22
Cover_T844 -4
Cover_T845 20
Cover_T846 -16
Cover_T847 16
Cover_T848 -32
Cover_T849 12
Cover_T850 -10
Cover_T851 20
Cover_T852 -10
Cover_T853 24
Cover_T854 -26
Cover_T855 22
Cover_T856 -10
Cover_T857 38
Cover_T858 -22
Cover_T859 48
Cover_T860 -14
Cover_T861 64
Cover_T862 -12
Cover_T863 32
Cover_T864 -16
Cover_T865 28
Cover_T866 -16
Cover_T867 40
Cover_T868 -18
Cover_T869 52
Cover_T870 -16
Cover_T871 30
Cover_T872 -16
Cover_T873 42
Cover_T874 -26
Cover_T875 34
Cover_T876 -18
Cover_T877 32
Cover_T878 -34
Cover_T879 24
Cover_T880 -22
Cover_T881 30
Cover_T882 -40
Cover_T883 30
Cover_T884 -22
Cover_T885 32
Cover_T886 -36
Cover_T887 28
Cover_T888 -22
Cover_T889 44
Cover_T890 -24
Cover_T891 32
Cover_T892 -30
Cover_T893 46
Cover_T894 -42
Cover_T895 26
Cover_T896 -24
Cover_T897 36
Cover_T898 -24
Cover_T899 48
Cover_T900 -30
Cover_T901 34
Cover_T902 -42
Cover_T903 32
Cover_T904 -24
Cover_T905 30
Cover_T906 -36
Cover_T907 46
Cover_T908 -24
Cover_T909 58
Cover_T910 -24
Cover_T911 46
Cover_T912 -24
Cover_T913 42
Cover_T914 -32
Cover_T915 64
Cover_T916 -28
Cover_T917 56
Cover_T918 -26
Cover_T919 44
Cover_T920 -36
Cover_T921 52
Cover_T922 -34
Cover_T923 64
Cover_T924 -32
Cover_T925 60
Cover_T926 -40
Cover_T927 60
Cover_T928 -38
Cover_T929 62
Cover_T930 -38
Cover_T931 62
Cover_T932 -44
Cover_T933 60
Cover_T934 -44
Cover_T935 56
Cover_T936 -44
Cover_T937 22
Cover_T938 -4.96847e-12
Cover_T939 26
Cover_T940 4
Cover_T941 20
Cover_T942 4
Cover_T943 18
Cover_T944 1.85082e-11
Cover_T945 14
Cover_T946 16
Cover_T947 14
Cover_T948 0
Cover_T949 4
Cover_T950 0
Cover_T951 12
Cover_T952 50
Cover_T953 16
Cover_T954 1024
Cover_T955 8
Cover_T956 1024
Cover_T957 1044
Cover_T958 1034
Cover_T959 1044
Cover_T960 1044
Cover_T961 1080
Cover_T962 1038
Cover_T963 1092
Cover_T964 1036
Cover_T965 1084
Cover_T966 1038
Cover_T967 1088
Cover_T968 1044
Cover_T969 1082
Cover_T970 1036
Cover_T971 1050
Cover_T972 1032
Cover_T973 62
Cover_T974 1040
Cover_T975 62
Cover_T976 0
Cover_T977 36
Cover_T978 0
Cover_T979 24
Cover_T980 -44
Cover_T981 22
Cover_T982 -38
Cover_T983 52
Cover_T984 -38
Cover_T985 50
Cover_T986 -18
Cover_T987 44
Cover_T988 2
Cover_T989 52
Cover_T990 0
Cover_T991 2
Cover_T992 52
Cover_T993 -38
Cover_T994 26
Cover_T995 0
Cover_T996 56
Cover_T997 0
Cover_T998 44
Cover_T999 0
Cover_T1000 58
Cover_T1001 20
Cover_T1002 58
Cover_T1003 22
Cover_T1004 66
Cover_T1005 48
Cover_T1006 56
Cover_T1007 36
Cover_T1008 18
Cover_T1009 26
Cover_T1010 16
Cover_T1011 24
Cover_T1012 20
Cover_T1013 40
Cover_T1014 0
Cover_T1015 28
Cover_T1016 0
Cover_T1017 10
Cover_T1018 -22
Cover_T1019 10
Cover_T1020 -8
Cover_T1021 0
Cover_T1022 0
Cover_T1023 32
Cover_T1024 -16
Cover_T1025 16
Cover_T1026 6
Cover_T1027 36
Cover_T1028 2
Cover_T1029 22
Cover_T1030 22
Cover_T1031 20
Cover_T1032 2
Cover_T1033 30
Cover_T1034 -4
Cover_T1035 30
Cover_T1036 0
Count_D0 -984
Count_D1 -1000
Max_H0_P0 0
Max_H0_P1 0
Max_H0_P2 0
Max_H0_P3 0
Max_H0_P4 0
Max_H0_P5 0
Max_H0_P6 0
Max_H0_P7 0
Max_H0_P8 0
Max_H0_P9 0
Max_H0_P10 0
Max_H0_P11 0
Max_H0_P12 0
Max_H0_P13 0
Max_H0_P14 0
Max_H0_P15 -6.23595e-11
Max_H0_P16 -1.50658e-10
Max_H0_P17 -9.89075e-11
Max_H0_P18 -1.32837e-10
Max_H0_P19 -1.27512e-10
Max_H0_P20 -3.70699e-11
Max_H0_P21 4.97136e-11
Max_H0_P22 2.28868e-11
Max_H0_P23 6.99094e-11
Max_H0_P24 1.51138e-10
Max_H0_P25 1.66729e-10
Max_H0_P26 2.88367e-10
Max_H0_P27 7.85576e-11
Max_H0_P28 1.38904e-10
Max_H0_P29 1.59003e-10
Max_H0_P30 1.26434e-10
Max_H0_P31 7.76802e-11
Max_H0_P32 -1.40218e-10
Max_H0_P33 6.65068e-12
Max_H0_P34 -3.50271e-11
Max_H0_P35 2.2116e-11
Max_H0_P36 -7.9325e-11
Max_H0_P37 -1.65032e-10
Max_H0_P38 -1.01791e-10
Max_H0_P39 -2.87111e-11
Max_H0_P40 5.46052e-12
Max_H0_P41 -4.42002e-11
Max_H0_P42 4.36959e-11
Max_H0_P43 4.56297e-11
Max_H0_P44 1.59723e-10
Max_H0_P45 5.92987e-11
Max_H0_P46 0
Max_H0_P47 0
Max_H0_P48 0
Max_H0_P49 0
Max_H0_P50 0
Max_H0_P51 0
Max_H0_P52 0
Max_H0_P53 0
Max_H0_P54 0
Max_H0_P55 0
Max_H0_P56 0
Max_H0_P57 0
Max_H0_P58 -1.75284e-11
Max_H0_P59 0
Max_H0_P60 -1.0499e-10
Max_H0_P61 5.12266e-11
Max_H0_P62 -1.45865e-10
Max_H0_P63 0
Max_H0_P64 0
Max_H0_P65 0
Max_H0_P66 0
Max_H0_P67 0
Max_H0_P68 0
Max_H0_P69 0
Max_H0_P70 0
Max_H0_P71 0
Max_H0_P72 0
Max_H0_P73 0
Max_H0_P74 0
Max_H0_P75 0
Max_H0_P76 0
Max_H0_P77 -2.44572e-10
Max_H0_P78 2.79048e-10
Max_H0_P79 0
Max_H0_P80 0
Max_H0_P81 0
Max_H1_P0 0
Max_H1_P1 0
Max_H1_P2 0
Max_H1_P3 0
Max_H1_P4 0
Max_H1_P5 -8.87321e-11
Max_H1_P6 0
Max_H1_P7 8.23133e-11
Max_H1_P8 0
Max_H1_P9 0
Max_H1_P10 0
Max_H1_P11 0
Max_H1_P12 0
Max_H1_P13 0
Max_H1_P14 0
Max_H1_P15 -5.20686e-11
Max_H1_P16 -1.32786e-10
Max_H1_P17 -1.31493e-10
Max_H1_P18 -1.69194e-10
Max_H1_P19 -3.2723e-11
Max_H1_P20 -7.77511e-11
Max_H1_P21 4.12601e-11
Max_H1_P22 2.02785e-10
Max_H1_P23 1.47612e-10
Max_H1_P24 7.58785e-11
Max_H1_P25 1.1778e-10
Max_H1_P26 1.54614e-10
Max_H1_P27 1.1898e-11
Max_H1_P28 2.40088e-10
Max_H1_P29 9.8451e-11
Max_H1_P30 1.13382e-10
Max_H1_P31 1.90409e-10
Max_H1_P32 -9.0747e-11
Max_H1_P33 8.59244e-11
Max_H1_P34 -2.26547e-11
Max_H1_P35 -6.91124e-11
Max_H1_P36 -2.7876e-10
Max_H1_P37 -1.41451e-10
Max_H1_P38 -1.05796e-10
Max_H1_P39 -9.83443e-11
Max_H1_P40 -8.11973e-11
Max_H1_P41 2.34335e-11
Max_H1_P42 5.33322e-11
Max_H1_P43 -9.42013e-12
Max_H1_P44 3.86673e-10
Max_H1_P45 1.54926e-11
Max_H1_P46 1.19343e-10
Max_H1_P47 -2.45344e-11
Max_H1_P48 0
Max_H1_P49 0
Max_H1_P50 0
Max_H1_P51 0
Max_H1_P52 -1.28928e-10
Max_H1_P53 0
Max_H1_P54 0
Max_H1_P55 0
Max_H1_P56 2.03758e-10
Max_H1_P57 0
Max_H1_P58 -6.67768e-11
Max_H1_P59 -1.86618e-10
Max_H1_P60 2.34763e-11
Max_H1_P61 1.34938e-10
Max_H1_P62 -1.5639e-10
Max_H1_P63 -3.23848e-10
Max_H1_P64 1.76541e-11
Max_H1_P65 0
Max_H1_P66 0
Max_H1_P67 0
Max_H1_P68 0
Max_H1_P69 0
Max_H1_P70 4.37783e-11
Max_H1_P71 6.14833e-11
Max_H1_P72 0
Max_H1_P73 0
Max_H1_P74 0
Max_H1_P75 0
Max_H1_P76 -4.51887e-11
Max_H1_P77 7.96646e-11
Max_H1_P78 -3.44758e-11
Max_H1_P79 0
Max_H1_P80 0
Max_H1_P81 0
