
Branch and bound

  Entire solving process        :                           (Time    419.9)
  No feasible solution was found
  Best relaxation cost          :     69225.77 (Node     0) (Time    419.8)
  Lower bound after cuts        :     69225.77
  End lower bound               :     69225.77
  Deepest level reached         : 0
  Deepest real level reached    : 0
  Number of real nodes solved   : 1
  Stopping condition            : enough nodes explored

Problem identification

  Problem                       : <null>
  Machine                       : oslo4.gerad.lan

Solving process summary

  Linear relaxations            :        1
  Column generation iterations  :      146
  Shortest paths solved         :     7468
  Columns generated             :    78795

Instance characteristics

  Resources                     : 3
  Node types                    : no
  Arc types                     : no
  Strong resource windows       : no
  Weak resource windows         : no
  Resource windows (nodes)      : 3
  Resource values (arcs)        : 3
  Values on nodes               : no

  Rows                          : 1203
  Initial columns               : 502
  Tasks                         : 1041
  Strong tasks                  : 715
  Weak tasks                    : 4
  Initial task constraints      : no
  Nodes                         : 1369
  Arc sets                      : 1
  Arcs                          : 47226
  Networks                      : 2
  Models                        : 1

Memory used per module (Megs)

  Parser (reused)               :      9.694
  Networks                      :     40.322
  Column generator              :     16.710
  Master problem                :     11.772
  -----------------
  Total                         :     68.804

Cpu time per module (seconds)

  Parser                        :        0.0
  Preprocessor                  :        0.0
  Lr solver manager             :        0.2
  Column generator              :      164.6
    (Shortest path)             :      145.0
  Master problem                :      255.1
  -------------------
  Total (without b&b)           :      419.8

Real elapsed time (seconds)

  Parser                        :        0.0
  Preprocessor                  :        0.0
  Lr solver manager             :        0.1
  Column generator              :      164.7
    (Shortest path)             :      145.1
  Master problem                :      255.0
  -------------------
  Total (without b&b)           :      419.8
