
Branch and bound

  Entire solving process        :                           (Time    311.9)
  No feasible solution was found
  Best relaxation cost          :     71037.86 (Node     0) (Time    311.9)
  Lower bound after cuts        :     71037.86
  End lower bound               :     71037.86
  Deepest level reached         : 0
  Deepest real level reached    : 0
  Number of real nodes solved   : 1
  Stopping condition            : enough nodes explored

Problem identification

  Problem                       : <null>
  Machine                       : oslo4.gerad.lan

Solving process summary

  Linear relaxations            :        1
  Column generation iterations  :      123
  Shortest paths solved         :     4297
  Columns generated             :    51321

Instance characteristics

  Resources                     : 3
  Node types                    : no
  Arc types                     : no
  Strong resource windows       : no
  Weak resource windows         : no
  Resource windows (nodes)      : 3
  Resource values (arcs)        : 3
  Values on nodes               : no

  Rows                          : 1203
  Initial columns               : 2
  Tasks                         : 1041
  Strong tasks                  : 1037
  Weak tasks                    : 4
  Initial task constraints      : no
  Nodes                         : 1369
  Arc sets                      : 1
  Arcs                          : 47226
  Networks                      : 2
  Models                        : 1

Memory used per module (Megs)

  Parser (reused)               :      9.694
  Networks                      :     37.658
  Column generator              :     15.136
  Master problem                :     11.568
  -----------------
  Total                         :     64.361

Cpu time per module (seconds)

  Parser                        :        0.0
  Preprocessor                  :        0.0
  Lr solver manager             :        0.1
  Column generator              :       97.9
    (Shortest path)             :       85.3
  Master problem                :      213.8
  -------------------
  Total (without b&b)           :      311.9

Real elapsed time (seconds)

  Parser                        :        0.0
  Preprocessor                  :        0.0
  Lr solver manager             :        0.1
  Column generator              :       98.0
    (Shortest path)             :       85.3
  Master problem                :      213.8
  -------------------
  Total (without b&b)           :      311.9
