Cover_T0 52
Cover_T1 -52
Cover_T2 52
Cover_T3 -52
Cover_T4 52
Cover_T5 -52
Cover_T6 60
Cover_T7 -52
Cover_T8 52
Cover_T9 -44
Cover_T10 52
Cover_T11 -44
Cover_T12 60
Cover_T13 -40
Cover_T14 60
Cover_T15 -40
Cover_T16 68
Cover_T17 -40
Cover_T18 60
Cover_T19 -36
Cover_T20 50
Cover_T21 -36
Cover_T22 50
Cover_T23 -44
Cover_T24 68
Cover_T25 -8
Cover_T26 48
Cover_T27 -28
Cover_T28 46
Cover_T29 0
Cover_T30 48
Cover_T31 936
Cover_T32 1006
Cover_T33 966
Cover_T34 1036
Cover_T35 966
Cover_T36 988
Cover_T37 968
Cover_T38 26
Cover_T39 -8
Cover_T40 2
Cover_T41 -6
Cover_T42 22
Cover_T43 12
Cover_T44 30
Cover_T45 22
Cover_T46 12
Cover_T47 4
Cover_T48 18
Cover_T49 -8
Cover_T50 -14
Cover_T51 6
Cover_T52 18
Cover_T53 -5.43309e-10
Cover_T54 4
Cover_T55 32
Cover_T56 18
Cover_T57 -3.42709e-10
Cover_T58 12
Cover_T59 14
Cover_T60 2
Cover_T61 3.06223e-10
Cover_T62 0
Cover_T63 -2
Cover_T64 -24
Cover_T65 -9.95897e-11
Cover_T66 -2
Cover_T67 -2
Cover_T68 6
Cover_T69 22
Cover_T70 0
Cover_T71 1.77415e-10
Cover_T72 20
Cover_T73 0
Cover_T74 18
Cover_T75 14
Cover_T76 4
Cover_T77 -2
Cover_T78 4
Cover_T79 0
Cover_T80 -26
Cover_T81 14
Cover_T82 12
Cover_T83 14
Cover_T84 26
Cover_T85 44
Cover_T86 -6
Cover_T87 12
Cover_T88 -2
Cover_T89 10
Cover_T90 -32
Cover_T91 12
Cover_T92 -26
Cover_T93 32
Cover_T94 26
Cover_T95 56
Cover_T96 26
Cover_T97 38
Cover_T98 0
Cover_T99 62
Cover_T100 0
Cover_T101 0
Cover_T102 14
Cover_T103 22
Cover_T104 10
Cover_T105 38
Cover_T106 4
Cover_T107 20
Cover_T108 2
Cover_T109 32
Cover_T110 6
Cover_T111 40
Cover_T112 -8
Cover_T113 30
Cover_T114 -12
Cover_T115 26
Cover_T116 -10
Cover_T117 28
Cover_T118 -10
Cover_T119 40
Cover_T120 -14
Cover_T121 32
Cover_T122 -14
Cover_T123 32
Cover_T124 -14
Cover_T125 42
Cover_T126 -26
Cover_T127 36
Cover_T128 -18
Cover_T129 36
Cover_T130 -26
Cover_T131 36
Cover_T132 -26
Cover_T133 40
Cover_T134 -28
Cover_T135 32
Cover_T136 -28
Cover_T137 32
Cover_T138 -28
Cover_T139 54
Cover_T140 -28
Cover_T141 38
Cover_T142 -28
Cover_T143 44
Cover_T144 -30
Cover_T145 34
Cover_T146 -30
Cover_T147 52
Cover_T148 -32
Cover_T149 70
Cover_T150 -30
Cover_T151 64
Cover_T152 52
Cover_T153 -52
Cover_T154 52
Cover_T155 -44
Cover_T156 58
Cover_T157 -40
Cover_T158 62
Cover_T159 -40
Cover_T160 60
Cover_T161 -36
Cover_T162 56
Cover_T163 -36
Cover_T164 68
Cover_T165 -14
Cover_T166 44
Cover_T167 -34
Cover_T168 48
Cover_T169 4
Cover_T170 50
Cover_T171 948
Cover_T172 1018
Cover_T173 948
Cover_T174 1018
Cover_T175 966
Cover_T176 1000
Cover_T177 958
Cover_T178 24
Cover_T179 -22
Cover_T180 16
Cover_T181 4.85301e-10
Cover_T182 14
Cover_T183 -6
Cover_T184 -12
Cover_T185 4
Cover_T186 10
Cover_T187 6
Cover_T188 30
Cover_T189 30
Cover_T190 20
Cover_T191 8
Cover_T192 26
Cover_T193 -4
Cover_T194 -6
Cover_T195 10
Cover_T196 26
Cover_T197 4
Cover_T198 12
Cover_T199 36
Cover_T200 26
Cover_T201 4
Cover_T202 20
Cover_T203 18
Cover_T204 10
Cover_T205 4
Cover_T206 4
Cover_T207 10
Cover_T208 18
Cover_T209 20
Cover_T210 18
Cover_T211 26
Cover_T212 4
Cover_T213 12
Cover_T214 24
Cover_T215 4
Cover_T216 4.8896e-10
Cover_T217 10
Cover_T218 6
Cover_T219 -14
Cover_T220 0
Cover_T221 0
Cover_T222 8
Cover_T223 4
Cover_T224 -22
Cover_T225 4
Cover_T226 16
Cover_T227 20
Cover_T228 26
Cover_T229 52
Cover_T230 -2
Cover_T231 14
Cover_T232 14
Cover_T233 2.65739e-10
Cover_T234 -4
Cover_T235 32
Cover_T236 -36
Cover_T237 22
Cover_T238 -24
Cover_T239 52
Cover_T240 24
Cover_T241 52
Cover_T242 -4
Cover_T243 4
Cover_T244 20
Cover_T245 34
Cover_T246 4
Cover_T247 36
Cover_T248 0
Cover_T249 20
Cover_T250 0
Cover_T251 30
Cover_T252 4
Cover_T253 34
Cover_T254 0
Cover_T255 46
Cover_T256 -6
Cover_T257 16
Cover_T258 -16
Cover_T259 26
Cover_T260 -14
Cover_T261 34
Cover_T262 -16
Cover_T263 48
Cover_T264 -20
Cover_T265 46
Cover_T266 -28
Cover_T267 38
Cover_T268 -26
Cover_T269 30
Cover_T270 -28
Cover_T271 30
Cover_T272 -28
Cover_T273 28
Cover_T274 -40
Cover_T275 28
Cover_T276 -28
Cover_T277 28
Cover_T278 -44
Cover_T279 52
Cover_T280 -28
Cover_T281 44
Cover_T282 -28
Cover_T283 38
Cover_T284 -28
Cover_T285 38
Cover_T286 -32
Cover_T287 48
Cover_T288 -28
Cover_T289 34
Cover_T290 -30
Cover_T291 34
Cover_T292 -50
Cover_T293 30
Cover_T294 -30
Cover_T295 30
Cover_T296 -44
Cover_T297 64
Cover_T298 -30
Cover_T299 70
Cover_T300 -30
Cover_T301 64
Cover_T302 -48
Cover_T303 54
Cover_T304 -36
Cover_T305 60
Cover_T306 -36
Cover_T307 50
Cover_T308 -36
Cover_T309 66
Cover_T310 -16
Cover_T311 56
Cover_T312 2
Cover_T313 52
Cover_T314 956
Cover_T315 1034
Cover_T316 938
Cover_T317 986
Cover_T318 962
Cover_T319 1016
Cover_T320 968
Cover_T321 982
Cover_T322 968
Cover_T323 28
Cover_T324 -14
Cover_T325 -2
Cover_T326 -24
Cover_T327 28
Cover_T328 -4
Cover_T329 6
Cover_T330 2
Cover_T331 24
Cover_T332 0
Cover_T333 22
Cover_T334 20
Cover_T335 0
Cover_T336 -10
Cover_T337 18
Cover_T338 10
Cover_T339 -2
Cover_T340 -14
Cover_T341 -22
Cover_T342 -12
Cover_T343 22
Cover_T344 8
Cover_T345 2
Cover_T346 -10
Cover_T347 2.39766e-10
Cover_T348 10
Cover_T349 24
Cover_T350 34
Cover_T351 0
Cover_T352 -6
Cover_T353 2
Cover_T354 0
Cover_T355 0
Cover_T356 -22
Cover_T357 2
Cover_T358 2
Cover_T359 -22
Cover_T360 0
Cover_T361 0
Cover_T362 2
Cover_T363 8
Cover_T364 -8.70521e-11
Cover_T365 2
Cover_T366 24
Cover_T367 26
Cover_T368 2
Cover_T369 8
Cover_T370 2
Cover_T371 0
Cover_T372 16
Cover_T373 0
Cover_T374 -4.14374e-10
Cover_T375 -16
Cover_T376 2
Cover_T377 -44
Cover_T378 8
Cover_T379 2
Cover_T380 0
Cover_T381 24
Cover_T382 22
Cover_T383 1.28075e-11
Cover_T384 46
Cover_T385 -24
Cover_T386 0
Cover_T387 5.74007e-10
Cover_T388 -22
Cover_T389 -10
Cover_T390 2
Cover_T391 -34
Cover_T392 32
Cover_T393 -8
Cover_T394 8
Cover_T395 -32
Cover_T396 18
Cover_T397 24
Cover_T398 44
Cover_T399 26
Cover_T400 64
Cover_T401 6
Cover_T402 32
Cover_T403 0
Cover_T404 62
Cover_T405 26
Cover_T406 0
Cover_T407 12
Cover_T408 2
Cover_T409 0
Cover_T410 32
Cover_T411 8
Cover_T412 10
Cover_T413 2
Cover_T414 28
Cover_T415 4
Cover_T416 34
Cover_T417 -2
Cover_T418 30
Cover_T419 -16
Cover_T420 20
Cover_T421 -10
Cover_T422 40
Cover_T423 -10
Cover_T424 28
Cover_T425 -20
Cover_T426 30
Cover_T427 -14
Cover_T428 40
Cover_T429 -22
Cover_T430 44
Cover_T431 -14
Cover_T432 36
Cover_T433 -22
Cover_T434 34
Cover_T435 -18
Cover_T436 38
Cover_T437 -26
Cover_T438 40
Cover_T439 -28
Cover_T440 36
Cover_T441 -28
Cover_T442 38
Cover_T443 -32
Cover_T444 44
Cover_T445 -28
Cover_T446 32
Cover_T447 -38
Cover_T448 50
Cover_T449 -28
Cover_T450 36
Cover_T451 -32
Cover_T452 32
Cover_T453 -28
Cover_T454 30
Cover_T455 -30
Cover_T456 70
Cover_T457 -30
Cover_T458 64
Cover_T459 -30
Cover_T460 62
Cover_T461 -44
Cover_T462 56
Cover_T463 -30
Cover_T464 74
Cover_T465 -48
Cover_T466 12
Cover_T467 12
Cover_T468 6
Cover_T469 10
Cover_T470 54
Cover_T471 40
Cover_T472 18
Cover_T473 54
Cover_T474 12
Cover_T475 1012
Cover_T476 968
Cover_T477 972
Cover_T478 1040
Cover_T479 996
Cover_T480 1062
Cover_T481 1016
Cover_T482 1016
Cover_T483 1020
Cover_T484 54
Cover_T485 64
Cover_T486 62
Cover_T487 -30
Cover_T488 56
Cover_T489 0
Cover_T490 52
Cover_T491 54
Cover_T492 30
Cover_T493 64
Cover_T494 -14
Cover_T495 72
Cover_T496 0
Cover_T497 24
Cover_T498 30
Cover_T499 54
Cover_T500 0
Cover_T501 82
Cover_T502 60
Cover_T503 42
Cover_T504 36
Cover_T505 10
Cover_T506 54
Cover_T507 48
Cover_T508 42
Cover_T509 12
Cover_T510 26
Cover_T511 16
Cover_T512 0
Cover_T513 6
Cover_T514 26
Cover_T515 38
Count_D0 -984
Count_D1 -1000
Max_H0_P0 0
Max_H0_P1 0
Max_H0_P2 0
Max_H0_P3 0
Max_H0_P4 0
Max_H0_P5 0
Max_H0_P6 0
Max_H0_P7 0
Max_H0_P8 0
Max_H0_P9 0
Max_H0_P10 0
Max_H0_P11 0
Max_H0_P12 0
Max_H0_P13 0
Max_H0_P14 0
Max_H0_P15 0
Max_H0_P16 0
Max_H0_P17 0
Max_H0_P18 0
Max_H0_P19 0
Max_H0_P20 -3.96379e-10
Max_H0_P21 2.45856e-10
Max_H0_P22 0
Max_H0_P23 -9.4408e-11
Max_H0_P24 0
Max_H0_P25 -9.78333e-11
Max_H0_P26 1.65149e-11
Max_H0_P27 -1.97581e-11
Max_H0_P28 -7.2518e-11
Max_H0_P29 -7.73583e-11
Max_H0_P30 -1.51785e-11
Max_H0_P31 6.02847e-11
Max_H0_P32 0
Max_H0_P33 3.51332e-11
Max_H0_P34 -9.62928e-11
Max_H0_P35 -8.40608e-11
Max_H0_P36 5.55957e-12
Max_H0_P37 2.39285e-12
Max_H0_P38 3.49383e-11
Max_H0_P39 -1.1863e-10
Max_H0_P40 -1.05883e-10
Max_H0_P41 -3.95628e-11
Max_H0_P42 0
Max_H0_P43 0
Max_H0_P44 0
Max_H0_P45 0
Max_H0_P46 0
Max_H0_P47 0
Max_H0_P48 0
Max_H0_P49 0
Max_H0_P50 0
Max_H0_P51 0
Max_H0_P52 0
Max_H0_P53 0
Max_H0_P54 0
Max_H0_P55 0
Max_H0_P56 0
Max_H0_P57 0
Max_H0_P58 0
Max_H0_P59 0
Max_H0_P60 4.33893e-11
Max_H0_P61 0
Max_H0_P62 0
Max_H0_P63 0
Max_H0_P64 0
Max_H0_P65 0
Max_H0_P66 0
Max_H0_P67 0
Max_H0_P68 0
Max_H0_P69 0
Max_H0_P70 0
Max_H0_P71 0
Max_H0_P72 0
Max_H0_P73 0
Max_H0_P74 0
Max_H0_P75 -0
Max_H0_P76 0
Max_H0_P77 0
Max_H0_P78 0
Max_H0_P79 0
Max_H0_P80 0
Max_H0_P81 0
Max_H1_P0 0
Max_H1_P1 0
Max_H1_P2 0
Max_H1_P3 0
Max_H1_P4 0
Max_H1_P5 2.12253e-10
Max_H1_P6 0
Max_H1_P7 0
Max_H1_P8 0
Max_H1_P9 0
Max_H1_P10 0
Max_H1_P11 0
Max_H1_P12 0
Max_H1_P13 0
Max_H1_P14 0
Max_H1_P15 1.73384e-10
Max_H1_P16 0
Max_H1_P17 -2.77622e-11
Max_H1_P18 -1.04439e-10
Max_H1_P19 0
Max_H1_P20 -2.82544e-10
Max_H1_P21 -5.63531e-11
Max_H1_P22 -3.95595e-11
Max_H1_P23 -2.0363e-10
Max_H1_P24 1.0499e-10
Max_H1_P25 -1.05788e-10
Max_H1_P26 6.24034e-11
Max_H1_P27 9.22018e-12
Max_H1_P28 7.84277e-13
Max_H1_P29 -8.21165e-11
Max_H1_P30 -8.38034e-11
Max_H1_P31 4.31228e-11
Max_H1_P32 -1.49001e-11
Max_H1_P33 9.89473e-11
Max_H1_P34 1.70717e-11
Max_H1_P35 -5.34079e-11
Max_H1_P36 -1.23944e-10
Max_H1_P37 7.04227e-11
Max_H1_P38 -4.47171e-11
Max_H1_P39 0
Max_H1_P40 -1.65583e-11
Max_H1_P41 3.04095e-11
Max_H1_P42 -5.533e-11
Max_H1_P43 -1.93075e-10
Max_H1_P44 0
Max_H1_P45 0
Max_H1_P46 0
Max_H1_P47 0
Max_H1_P48 0
Max_H1_P49 0
Max_H1_P50 0
Max_H1_P51 0
Max_H1_P52 0
Max_H1_P53 0
Max_H1_P54 0
Max_H1_P55 -1.68495e-10
Max_H1_P56 0
Max_H1_P57 0
Max_H1_P58 0
Max_H1_P59 4.14047e-10
Max_H1_P60 -1.0302e-10
Max_H1_P61 0
Max_H1_P62 -1.77636e-15
Max_H1_P63 -1.01458e-10
Max_H1_P64 0
Max_H1_P65 0
Max_H1_P66 0
Max_H1_P67 0
Max_H1_P68 0
Max_H1_P69 -1.75745e-10
Max_H1_P70 0
Max_H1_P71 2.82183e-11
Max_H1_P72 0
Max_H1_P73 0
Max_H1_P74 0
Max_H1_P75 0
Max_H1_P76 -2.58858e-10
Max_H1_P77 3.30246e-10
Max_H1_P78 -7.13882e-11
Max_H1_P79 0
Max_H1_P80 0
Max_H1_P81 0
