
Branch and bound

  Entire solving process        :                           (Time     67.4)
  No feasible solution was found
  Best relaxation cost          :     34026.02 (Node     0) (Time     67.4)
  Lower bound after cuts        :     34026.02
  End lower bound               :     34026.02
  Deepest level reached         : 0
  Deepest real level reached    : 0
  Number of real nodes solved   : 1
  Stopping condition            : enough nodes explored

Problem identification

  Problem                       : <null>
  Machine                       : oslo5.gerad.lan

Solving process summary

  Linear relaxations            :        1
  Column generation iterations  :      145
  Shortest paths solved         :     2666
  Columns generated             :    24522

Instance characteristics

  Resources                     : 3
  Node types                    : no
  Arc types                     : no
  Strong resource windows       : no
  Weak resource windows         : no
  Resource windows (nodes)      : 3
  Resource values (arcs)        : 3
  Values on nodes               : no

  Rows                          : 682
  Initial columns               : 2
  Tasks                         : 520
  Strong tasks                  : 516
  Weak tasks                    : 4
  Initial task constraints      : no
  Nodes                         : 848
  Arc sets                      : 1
  Arcs                          : 14455
  Networks                      : 2
  Models                        : 1

Memory used per module (Megs)

  Parser (reused)               :      3.277
  Networks                      :     18.889
  Column generator              :      4.238
  Master problem                :      6.850
  -----------------
  Total                         :     29.977

Cpu time per module (seconds)

  Parser                        :        0.0
  Preprocessor                  :        0.0
  Lr solver manager             :        0.0
  Column generator              :        8.8
    (Shortest path)             :        7.4
  Master problem                :       58.5
  -------------------
  Total (without b&b)           :       67.4

Real elapsed time (seconds)

  Parser                        :        0.0
  Preprocessor                  :        0.0
  Lr solver manager             :        0.0
  Column generator              :        8.8
    (Shortest path)             :        7.5
  Master problem                :       58.5
  -------------------
  Total (without b&b)           :       67.4
