
Branch and bound

  Entire solving process        :                           (Time    526.1)
  No feasible solution was found
  Best relaxation cost          :     70487.74 (Node     0) (Time    526.0)
  Lower bound after cuts        :     70487.74
  End lower bound               :     70487.74
  Deepest level reached         : 0
  Deepest real level reached    : 0
  Number of real nodes solved   : 1
  Stopping condition            : enough nodes explored

Problem identification

  Problem                       : <null>
  Machine                       : oslo4.gerad.lan

Solving process summary

  Linear relaxations            :        1
  Column generation iterations  :      159
  Shortest paths solved         :     7680
  Columns generated             :    69686

Instance characteristics

  Resources                     : 3
  Node types                    : no
  Arc types                     : no
  Strong resource windows       : no
  Weak resource windows         : no
  Resource windows (nodes)      : 3
  Resource values (arcs)        : 3
  Values on nodes               : no

  Rows                          : 1145
  Initial columns               : 536
  Tasks                         : 983
  Strong tasks                  : 661
  Weak tasks                    : 4
  Initial task constraints      : no
  Nodes                         : 1311
  Arc sets                      : 1
  Arcs                          : 42814
  Networks                      : 2
  Models                        : 1

Memory used per module (Megs)

  Parser (reused)               :      8.847
  Networks                      :     37.779
  Column generator              :     22.038
  Master problem                :     11.084
  -----------------
  Total                         :     70.901

Cpu time per module (seconds)

  Parser                        :        0.0
  Preprocessor                  :        0.0
  Lr solver manager             :        0.0
  Column generator              :      174.7
    (Shortest path)             :      159.0
  Master problem                :      351.2
  -------------------
  Total (without b&b)           :      526.0

Real elapsed time (seconds)

  Parser                        :        0.0
  Preprocessor                  :        0.0
  Lr solver manager             :        0.1
  Column generator              :      174.7
    (Shortest path)             :      159.2
  Master problem                :      351.2
  -------------------
  Total (without b&b)           :      526.0
