
Branch and bound

  Entire solving process        :                           (Time    601.9)
  No feasible solution was found
  Best relaxation cost          :     62463.95 (Node     0) (Time    601.9)
  Lower bound after cuts        :     62463.95
  End lower bound               :     62463.95
  Deepest level reached         : 0
  Deepest real level reached    : 0
  Number of real nodes solved   : 1
  Stopping condition            : enough nodes explored

Problem identification

  Problem                       : <null>
  Machine                       : oslo3.gerad.lan

Solving process summary

  Linear relaxations            :        1
  Column generation iterations  :      164
  Shortest paths solved         :     3943
  Columns generated             :    42234

Instance characteristics

  Resources                     : 3
  Node types                    : no
  Arc types                     : no
  Strong resource windows       : no
  Weak resource windows         : no
  Resource windows (nodes)      : 3
  Resource values (arcs)        : 3
  Values on nodes               : no

  Rows                          : 1044
  Initial columns               : 2
  Tasks                         : 882
  Strong tasks                  : 878
  Weak tasks                    : 4
  Initial task constraints      : no
  Nodes                         : 1210
  Arc sets                      : 1
  Arcs                          : 35095
  Networks                      : 2
  Models                        : 1

Memory used per module (Megs)

  Parser (reused)               :      7.273
  Networks                      :     31.967
  Column generator              :     16.468
  Master problem                :     10.063
  -----------------
  Total                         :     58.498

Cpu time per module (seconds)

  Parser                        :        0.0
  Preprocessor                  :        0.0
  Lr solver manager             :        0.1
  Column generator              :       68.2
    (Shortest path)             :       60.7
  Master problem                :      533.5
  -------------------
  Total (without b&b)           :      601.9

Real elapsed time (seconds)

  Parser                        :        0.0
  Preprocessor                  :        0.0
  Lr solver manager             :        0.1
  Column generator              :       68.3
    (Shortest path)             :       61.0
  Master problem                :      533.4
  -------------------
  Total (without b&b)           :      601.9
