Cover_T0 52
Cover_T1 -52
Cover_T2 52
Cover_T3 -52
Cover_T4 52
Cover_T5 -52
Cover_T6 52
Cover_T7 -52
Cover_T8 52
Cover_T9 -52
Cover_T10 52
Cover_T11 -52
Cover_T12 52
Cover_T13 -52
Cover_T14 56
Cover_T15 -52
Cover_T16 54
Cover_T17 -52
Cover_T18 56
Cover_T19 -48
Cover_T20 52
Cover_T21 -48
Cover_T22 54
Cover_T23 -48
Cover_T24 52
Cover_T25 -48
Cover_T26 56
Cover_T27 -44
Cover_T28 58
Cover_T29 -44
Cover_T30 56
Cover_T31 -44
Cover_T32 52
Cover_T33 -44
Cover_T34 56
Cover_T35 -40
Cover_T36 52
Cover_T37 -40
Cover_T38 48
Cover_T39 -26
Cover_T40 66
Cover_T41 -36
Cover_T42 58
Cover_T43 4
Cover_T44 1016
Cover_T45 964
Cover_T46 1000
Cover_T47 952
Cover_T48 1044
Cover_T49 968
Cover_T50 1016
Cover_T51 956
Cover_T52 1040
Cover_T53 968
Cover_T54 1000
Cover_T55 0
Cover_T56 40
Cover_T57 22
Cover_T58 40
Cover_T59 -22
Cover_T60 24
Cover_T61 -8
Cover_T62 14
Cover_T63 -16
Cover_T64 0
Cover_T65 -24
Cover_T66 -2
Cover_T67 -8
Cover_T68 16
Cover_T69 -4
Cover_T70 26
Cover_T71 4
Cover_T72 10
Cover_T73 20
Cover_T74 24
Cover_T75 16
Cover_T76 8
Cover_T77 4
Cover_T78 2.09171e-08
Cover_T79 -8
Cover_T80 0
Cover_T81 -18
Cover_T82 3.85739e-10
Cover_T83 0
Cover_T84 -4
Cover_T85 8
Cover_T86 -24
Cover_T87 8
Cover_T88 -44
Cover_T89 8
Cover_T90 2
Cover_T91 12
Cover_T92 2
Cover_T93 32
Cover_T94 24
Cover_T95 52
Cover_T96 26
Cover_T97 6
Cover_T98 6
Cover_T99 6
Cover_T100 8
Cover_T101 -8
Cover_T102 0
Cover_T103 -2
Cover_T104 4
Cover_T105 -1.25191e-08
Cover_T106 12
Cover_T107 8
Cover_T108 -16
Cover_T109 0
Cover_T110 -36
Cover_T111 -16
Cover_T112 4
Cover_T113 4
Cover_T114 18
Cover_T115 24
Cover_T116 -2
Cover_T117 44
Cover_T118 4
Cover_T119 4
Cover_T120 18
Cover_T121 -12
Cover_T122 2
Cover_T123 4
Cover_T124 6
Cover_T125 8.07544e-11
Cover_T126 10
Cover_T127 10
Cover_T128 -6
Cover_T129 -8
Cover_T130 -2
Cover_T131 8
Cover_T132 -18
Cover_T133 4
Cover_T134 -34
Cover_T135 6
Cover_T136 8
Cover_T137 14
Cover_T138 4
Cover_T139 42
Cover_T140 -22
Cover_T141 5.44822e-10
Cover_T142 -50
Cover_T143 4
Cover_T144 -42
Cover_T145 18
Cover_T146 -26
Cover_T147 36
Cover_T148 -42
Cover_T149 52
Cover_T150 12
Cover_T151 38
Cover_T152 -4
Cover_T153 54
Cover_T154 9.48125e-10
Cover_T155 44
Cover_T156 0
Cover_T157 56
Cover_T158 4
Cover_T159 0
Cover_T160 10
Cover_T161 14
Cover_T162 -2
Cover_T163 12
Cover_T164 0
Cover_T165 24
Cover_T166 24
Cover_T167 18
Cover_T168 8
Cover_T169 24
Cover_T170 -2.10882e-08
Cover_T171 16
Cover_T172 16
Cover_T173 36
Cover_T174 18
Cover_T175 28
Cover_T176 -6
Cover_T177 8
Cover_T178 14
Cover_T179 32
Cover_T180 -20
Cover_T181 22
Cover_T182 -4
Cover_T183 30
Cover_T184 -6
Cover_T185 34
Cover_T186 -4
Cover_T187 50
Cover_T188 -14
Cover_T189 30
Cover_T190 -28
Cover_T191 32
Cover_T192 -22
Cover_T193 22
Cover_T194 -18
Cover_T195 30
Cover_T196 -18
Cover_T197 48
Cover_T198 -22
Cover_T199 34
Cover_T200 -22
Cover_T201 30
Cover_T202 -22
Cover_T203 24
Cover_T204 -22
Cover_T205 28
Cover_T206 -30
Cover_T207 44
Cover_T208 -22
Cover_T209 50
Cover_T210 -42
Cover_T211 38
Cover_T212 -26
Cover_T213 44
Cover_T214 -28
Cover_T215 30
Cover_T216 -48
Cover_T217 50
Cover_T218 -38
Cover_T219 34
Cover_T220 -26
Cover_T221 48
Cover_T222 -42
Cover_T223 56
Cover_T224 -22
Cover_T225 66
Cover_T226 -22
Cover_T227 54
Cover_T228 -22
Cover_T229 50
Cover_T230 -26
Cover_T231 70
Cover_T232 -22
Cover_T233 52
Cover_T234 -26
Cover_T235 44
Cover_T236 -36
Cover_T237 50
Cover_T238 -36
Cover_T239 54
Cover_T240 -46
Cover_T241 58
Cover_T242 -42
Cover_T243 56
Cover_T244 52
Cover_T245 -52
Cover_T246 52
Cover_T247 -48
Cover_T248 54
Cover_T249 -48
Cover_T250 58
Cover_T251 -48
Cover_T252 52
Cover_T253 -44
Cover_T254 56
Cover_T255 -44
Cover_T256 56
Cover_T257 -40
Cover_T258 56
Cover_T259 -40
Cover_T260 50
Cover_T261 -44
Cover_T262 50
Cover_T263 -30
Cover_T264 68
Cover_T265 -36
Cover_T266 58
Cover_T267 4
Cover_T268 52
Cover_T269 0
Cover_T270 1006
Cover_T271 964
Cover_T272 1000
Cover_T273 956
Cover_T274 994
Cover_T275 948
Cover_T276 1028
Cover_T277 950
Cover_T278 1028
Cover_T279 958
Cover_T280 976
Cover_T281 968
Cover_T282 1000
Cover_T283 10
Cover_T284 28
Cover_T285 12
Cover_T286 42
Cover_T287 26
Cover_T288 52
Cover_T289 -22
Cover_T290 24
Cover_T291 -16
Cover_T292 18
Cover_T293 -18
Cover_T294 12
Cover_T295 -22
Cover_T296 -16
Cover_T297 -14
Cover_T298 0
Cover_T299 -2
Cover_T300 26
Cover_T301 18
Cover_T302 6
Cover_T303 1.79746e-10
Cover_T304 18
Cover_T305 2
Cover_T306 4
Cover_T307 -14
Cover_T308 2.05766e-08
Cover_T309 2
Cover_T310 4
Cover_T311 -12
Cover_T312 8
Cover_T313 2
Cover_T314 -8
Cover_T315 6
Cover_T316 -8
Cover_T317 2
Cover_T318 -24
Cover_T319 0
Cover_T320 -44
Cover_T321 4
Cover_T322 2
Cover_T323 24
Cover_T324 2
Cover_T325 44
Cover_T326 24
Cover_T327 -2
Cover_T328 26
Cover_T329 -2
Cover_T330 6
Cover_T331 -24
Cover_T332 12
Cover_T333 -26
Cover_T334 1.0224e-10
Cover_T335 -6
Cover_T336 -8
Cover_T337 -12
Cover_T338 4
Cover_T339 0
Cover_T340 20
Cover_T341 8
Cover_T342 -3.90841e-09
Cover_T343 1.6844e-10
Cover_T344 -28
Cover_T345 -8
Cover_T346 4
Cover_T347 20
Cover_T348 10
Cover_T349 48
Cover_T350 2
Cover_T351 14
Cover_T352 0
Cover_T353 0
Cover_T354 2.31108e-10
Cover_T355 0
Cover_T356 0
Cover_T357 3.66954e-11
Cover_T358 7.37543e-11
Cover_T359 0
Cover_T360 -4.81408e-08
Cover_T361 -5.56954e-11
Cover_T362 -20
Cover_T363 0
Cover_T364 -38
Cover_T365 16
Cover_T366 6
Cover_T367 12
Cover_T368 0
Cover_T369 28
Cover_T370 8
Cover_T371 44
Cover_T372 -6
Cover_T373 0
Cover_T374 -22
Cover_T375 6
Cover_T376 -38
Cover_T377 -2
Cover_T378 -30
Cover_T379 24
Cover_T380 -26
Cover_T381 54
Cover_T382 16
Cover_T383 52
Cover_T384 -12
Cover_T385 52
Cover_T386 -2
Cover_T387 6
Cover_T388 0
Cover_T389 26
Cover_T390 0
Cover_T391 24
Cover_T392 4
Cover_T393 30
Cover_T394 20
Cover_T395 36
Cover_T396 0
Cover_T397 28
Cover_T398 10
Cover_T399 36
Cover_T400 6
Cover_T401 20
Cover_T402 2
Cover_T403 44
Cover_T404 -8
Cover_T405 32
Cover_T406 -36
Cover_T407 26
Cover_T408 -8
Cover_T409 22
Cover_T410 -14
Cover_T411 44
Cover_T412 -12
Cover_T413 58
Cover_T414 -10
Cover_T415 30
Cover_T416 -18
Cover_T417 36
Cover_T418 -18
Cover_T419 22
Cover_T420 -22
Cover_T421 48
Cover_T422 -22
Cover_T423 42
Cover_T424 -22
Cover_T425 22
Cover_T426 -22
Cover_T427 22
Cover_T428 -26
Cover_T429 22
Cover_T430 -22
Cover_T431 22
Cover_T432 -42
Cover_T433 26
Cover_T434 -30
Cover_T435 22
Cover_T436 -36
Cover_T437 42
Cover_T438 -22
Cover_T439 30
Cover_T440 -42
Cover_T441 36
Cover_T442 -26
Cover_T443 22
Cover_T444 -28
Cover_T445 42
Cover_T446 -48
Cover_T447 26
Cover_T448 -38
Cover_T449 28
Cover_T450 -22
Cover_T451 40
Cover_T452 -34
Cover_T453 60
Cover_T454 -46
Cover_T455 54
Cover_T456 -22
Cover_T457 60
Cover_T458 -22
Cover_T459 30
Cover_T460 -22
Cover_T461 56
Cover_T462 -30
Cover_T463 68
Cover_T464 -22
Cover_T465 40
Cover_T466 -34
Cover_T467 38
Cover_T468 -30
Cover_T469 48
Cover_T470 -44
Cover_T471 60
Cover_T472 -36
Cover_T473 50
Cover_T474 -36
Cover_T475 62
Cover_T476 -38
Cover_T477 66
Cover_T478 -40
Cover_T479 58
Cover_T480 -42
Cover_T481 58
Cover_T482 -42
Cover_T483 60
Cover_T484 54
Cover_T485 -44
Cover_T486 56
Cover_T487 -44
Cover_T488 56
Cover_T489 -42
Cover_T490 54
Cover_T491 -40
Cover_T492 54
Cover_T493 -26
Cover_T494 62
Cover_T495 6
Cover_T496 1014
Cover_T497 962
Cover_T498 996
Cover_T499 944
Cover_T500 1046
Cover_T501 966
Cover_T502 1030
Cover_T503 970
Cover_T504 1042
Cover_T505 974
Cover_T506 1034
Cover_T507 962
Cover_T508 992
Cover_T509 972
Cover_T510 992
Cover_T511 16
Cover_T512 32
Cover_T513 28
Cover_T514 14
Cover_T515 -16
Cover_T516 4
Cover_T517 -4
Cover_T518 -6
Cover_T519 -16
Cover_T520 0
Cover_T521 -18
Cover_T522 12
Cover_T523 -16
Cover_T524 4.46123e-09
Cover_T525 -4
Cover_T526 20
Cover_T527 -4
Cover_T528 8
Cover_T529 -4.02745e-09
Cover_T530 26
Cover_T531 12
Cover_T532 14
Cover_T533 24
Cover_T534 4
Cover_T535 16
Cover_T536 2
Cover_T537 0
Cover_T538 6
Cover_T539 -16
Cover_T540 10
Cover_T541 -2.56616e-09
Cover_T542 -6
Cover_T543 -14
Cover_T544 -6
Cover_T545 2.1744e-09
Cover_T546 -22
Cover_T547 4
Cover_T548 -38
Cover_T549 3.07104e-10
Cover_T550 8
Cover_T551 -6
Cover_T552 0
Cover_T553 6
Cover_T554 8
Cover_T555 18
Cover_T556 -4
Cover_T557 14
Cover_T558 26
Cover_T559 26
Cover_T560 14
Cover_T561 38
Cover_T562 24
Cover_T563 50
Cover_T564 12
Cover_T565 0
Cover_T566 26
Cover_T567 8
Cover_T568 14
Cover_T569 0
Cover_T570 2
Cover_T571 14
Cover_T572 6
Cover_T573 -12
Cover_T574 6
Cover_T575 -18
Cover_T576 6
Cover_T577 -2
Cover_T578 26
Cover_T579 -12
Cover_T580 10
Cover_T581 4
Cover_T582 -6
Cover_T583 -1.70451e-10
Cover_T584 -22
Cover_T585 0
Cover_T586 -40
Cover_T587 4
Cover_T588 0
Cover_T589 -12
Cover_T590 14
Cover_T591 8
Cover_T592 14
Cover_T593 28
Cover_T594 0
Cover_T595 48
Cover_T596 14
Cover_T597 8
Cover_T598 10
Cover_T599 2
Cover_T600 2
Cover_T601 4
Cover_T602 -6
Cover_T603 -2
Cover_T604 -34
Cover_T605 6
Cover_T606 8
Cover_T607 8
Cover_T608 0
Cover_T609 4
Cover_T610 0
Cover_T611 20
Cover_T612 -14
Cover_T613 36
Cover_T614 -30
Cover_T615 52
Cover_T616 -46
Cover_T617 -2
Cover_T618 -32
Cover_T619 6
Cover_T620 -48
Cover_T621 6
Cover_T622 -30
Cover_T623 18
Cover_T624 -42
Cover_T625 30
Cover_T626 16
Cover_T627 40
Cover_T628 4
Cover_T629 52
Cover_T630 -8
Cover_T631 34
Cover_T632 0
Cover_T633 52
Cover_T634 0
Cover_T635 28
Cover_T636 -6
Cover_T637 44
Cover_T638 9.86084e-10
Cover_T639 52
Cover_T640 6
Cover_T641 12
Cover_T642 6
Cover_T643 36
Cover_T644 12
Cover_T645 24
Cover_T646 24
Cover_T647 30
Cover_T648 16
Cover_T649 38
Cover_T650 18
Cover_T651 44
Cover_T652 -6
Cover_T653 28
Cover_T654 -30
Cover_T655 42
Cover_T656 4
Cover_T657 18
Cover_T658 -4
Cover_T659 10
Cover_T660 -10
Cover_T661 34
Cover_T662 -4
Cover_T663 26
Cover_T664 -16
Cover_T665 38
Cover_T666 -4
Cover_T667 50
Cover_T668 -20
Cover_T669 58
Cover_T670 -32
Cover_T671 30
Cover_T672 -14
Cover_T673 24
Cover_T674 -30
Cover_T675 36
Cover_T676 -18
Cover_T677 26
Cover_T678 -18
Cover_T679 26
Cover_T680 -18
Cover_T681 30
Cover_T682 -18
Cover_T683 40
Cover_T684 -22
Cover_T685 52
Cover_T686 -22
Cover_T687 30
Cover_T688 -22
Cover_T689 42
Cover_T690 -22
Cover_T691 30
Cover_T692 -22
Cover_T693 26
Cover_T694 -26
Cover_T695 30
Cover_T696 -22
Cover_T697 22
Cover_T698 -36
Cover_T699 38
Cover_T700 -30
Cover_T701 42
Cover_T702 -22
Cover_T703 38
Cover_T704 -32
Cover_T705 52
Cover_T706 -46
Cover_T707 46
Cover_T708 -26
Cover_T709 46
Cover_T710 -22
Cover_T711 60
Cover_T712 -22
Cover_T713 60
Cover_T714 -26
Cover_T715 58
Cover_T716 -22
Cover_T717 48
Cover_T718 -26
Cover_T719 46
Cover_T720 -36
Cover_T721 60
Cover_T722 -38
Cover_T723 64
Cover_T724 -36
Cover_T725 68
Cover_T726 -40
Cover_T727 64
Cover_T728 -42
Cover_T729 54
Cover_T730 -50
Cover_T731 36
Cover_T732 -5.37673e-09
Cover_T733 24
Cover_T734 4
Cover_T735 20
Cover_T736 2
Cover_T737 2
Cover_T738 18
Cover_T739 4
Cover_T740 54
Cover_T741 24
Cover_T742 30
Cover_T743 1028
Cover_T744 1002
Cover_T745 1012
Cover_T746 1016
Cover_T747 1066
Cover_T748 1014
Cover_T749 1038
Cover_T750 1012
Cover_T751 1066
Cover_T752 1014
Cover_T753 1014
Cover_T754 1004
Cover_T755 66
Cover_T756 0
Cover_T757 66
Cover_T758 12
Cover_T759 38
Cover_T760 -34
Cover_T761 58
Cover_T762 -34
Cover_T763 52
Cover_T764 -30
Cover_T765 52
Cover_T766 -2
Cover_T767 52
Cover_T768 52
Cover_T769 12
Cover_T770 54
Cover_T771 -28
Cover_T772 60
Cover_T773 -30
Cover_T774 28
Cover_T775 0
Cover_T776 46
Cover_T777 0
Cover_T778 70
Cover_T779 40
Cover_T780 70
Cover_T781 70
Cover_T782 82
Cover_T783 58
Cover_T784 66
Cover_T785 64
Cover_T786 80
Cover_T787 50
Cover_T788 36
Cover_T789 52
Cover_T790 42
Cover_T791 28
Cover_T792 0
Cover_T793 28
Cover_T794 -14
Cover_T795 56
Cover_T796 -6
Cover_T797 12
Cover_T798 4
Cover_T799 32
Cover_T800 34
Cover_T801 32
Cover_T802 6
Cover_T803 30
Cover_T804 2
Cover_T805 26
Cover_T806 8
Cover_T807 20
Count_D0 -984
Count_D1 -1000
Max_H0_P0 0
Max_H0_P1 0
Max_H0_P2 0
Max_H0_P3 0
Max_H0_P4 0
Max_H0_P5 0
Max_H0_P6 3.26512e-11
Max_H0_P7 0
Max_H0_P8 0
Max_H0_P9 -1.53379e-11
Max_H0_P10 0
Max_H0_P11 0
Max_H0_P12 0
Max_H0_P13 0
Max_H0_P14 0
Max_H0_P15 -5.48744e-11
Max_H0_P16 0
Max_H0_P17 -7.12419e-10
Max_H0_P18 -3.93584e-10
Max_H0_P19 -8.72591e-12
Max_H0_P20 -1.20792e-12
Max_H0_P21 5.82543e-11
Max_H0_P22 1.14904e-10
Max_H0_P23 -2.34444e-10
Max_H0_P24 -1.08438e-10
Max_H0_P25 -6.5878e-11
Max_H0_P26 -1.89971e-10
Max_H0_P27 -3.83927e-10
Max_H0_P28 -1.23718e-10
Max_H0_P29 -2.50225e-10
Max_H0_P30 0
Max_H0_P31 8.03094e-11
Max_H0_P32 -7.40812e-11
Max_H0_P33 5.46792e-11
Max_H0_P34 0
Max_H0_P35 -3.61127e-11
Max_H0_P36 8.43041e-11
Max_H0_P37 8.53404e-11
Max_H0_P38 -3.53761e-11
Max_H0_P39 -3.66954e-11
Max_H0_P40 -3.66954e-11
Max_H0_P41 -1.10086e-10
Max_H0_P42 0
Max_H0_P43 -2.1209e-10
Max_H0_P44 0
Max_H0_P45 0
Max_H0_P46 0
Max_H0_P47 0
Max_H0_P48 0
Max_H0_P49 0
Max_H0_P50 0
Max_H0_P51 0
Max_H0_P52 0
Max_H0_P53 0
Max_H0_P54 0
Max_H0_P55 0
Max_H0_P56 0
Max_H0_P57 0
Max_H0_P58 0
Max_H0_P59 -1.25189e-12
Max_H0_P60 2.65892e-11
Max_H0_P61 0
Max_H0_P62 0
Max_H0_P63 7.35412e-13
Max_H0_P64 0
Max_H0_P65 2.85606e-11
Max_H0_P66 0
Max_H0_P67 0
Max_H0_P68 0
Max_H0_P69 0
Max_H0_P70 0
Max_H0_P71 0
Max_H0_P72 0
Max_H0_P73 0
Max_H0_P74 0
Max_H0_P75 0
Max_H0_P76 0
Max_H0_P77 -2.66743e-12
Max_H0_P78 0
Max_H0_P79 1.53084e-10
Max_H0_P80 0
Max_H0_P81 0
Max_H1_P0 0
Max_H1_P1 0
Max_H1_P2 0
Max_H1_P3 0
Max_H1_P4 0
Max_H1_P5 0
Max_H1_P6 -3.81597e-11
Max_H1_P7 0
Max_H1_P8 0
Max_H1_P9 0
Max_H1_P10 6.57487e-11
Max_H1_P11 0
Max_H1_P12 0
Max_H1_P13 0
Max_H1_P14 0
Max_H1_P15 0
Max_H1_P16 -1.62018e-10
Max_H1_P17 -4.21265e-10
Max_H1_P18 -3.21461e-10
Max_H1_P19 0
Max_H1_P20 -1.00444e-10
Max_H1_P21 -1.65262e-10
Max_H1_P22 -1.19203e-10
Max_H1_P23 1.95826e-10
Max_H1_P24 -4.65322e-11
Max_H1_P25 -3.79907e-11
Max_H1_P26 -9.33866e-11
Max_H1_P27 -5.80999e-11
Max_H1_P28 3.86032e-11
Max_H1_P29 -2.08519e-10
Max_H1_P30 8.03094e-11
Max_H1_P31 -1.01044e-10
Max_H1_P32 4.35136e-11
Max_H1_P33 0
Max_H1_P34 9.108e-11
Max_H1_P35 0
Max_H1_P36 9.45404e-11
Max_H1_P37 1.73731e-10
Max_H1_P38 2.11777e-11
Max_H1_P39 -7.33908e-11
Max_H1_P40 -3.66954e-11
Max_H1_P41 -2.80218e-10
Max_H1_P42 -6.97949e-11
Max_H1_P43 -2.97613e-10
Max_H1_P44 0
Max_H1_P45 0
Max_H1_P46 0
Max_H1_P47 0
Max_H1_P48 0
Max_H1_P49 0
Max_H1_P50 0
Max_H1_P51 0
Max_H1_P52 0
Max_H1_P53 0
Max_H1_P54 0
Max_H1_P55 0
Max_H1_P56 0
Max_H1_P57 0
Max_H1_P58 3.49995e-11
Max_H1_P59 -3.14075e-11
Max_H1_P60 3.4909e-11
Max_H1_P61 2.65892e-11
Max_H1_P62 -1.77639e-10
Max_H1_P63 4.94315e-11
Max_H1_P64 0
Max_H1_P65 -1.4024e-11
Max_H1_P66 0
Max_H1_P67 0
Max_H1_P68 0
Max_H1_P69 0
Max_H1_P70 0
Max_H1_P71 0
Max_H1_P72 0
Max_H1_P73 0
Max_H1_P74 0
Max_H1_P75 0
Max_H1_P76 0
Max_H1_P77 -8.23089e-12
Max_H1_P78 0
Max_H1_P79 8.61363e-11
Max_H1_P80 0
Max_H1_P81 0
