Cover_T0 52
Cover_T1 -52
Cover_T2 52
Cover_T3 -52
Cover_T4 52
Cover_T5 -52
Cover_T6 52
Cover_T7 -52
Cover_T8 52
Cover_T9 -52
Cover_T10 52
Cover_T11 -52
Cover_T12 52
Cover_T13 -52
Cover_T14 52
Cover_T15 -52
Cover_T16 52
Cover_T17 -52
Cover_T18 52
Cover_T19 -52
Cover_T20 52
Cover_T21 -52
Cover_T22 52
Cover_T23 -52
Cover_T24 54
Cover_T25 -52
Cover_T26 58
Cover_T27 -44
Cover_T28 58
Cover_T29 -44
Cover_T30 56
Cover_T31 -48
Cover_T32 56
Cover_T33 -48
Cover_T34 56
Cover_T35 -40
Cover_T36 58
Cover_T37 -40
Cover_T38 58
Cover_T39 -40
Cover_T40 50
Cover_T41 -38
Cover_T42 58
Cover_T43 -38
Cover_T44 56
Cover_T45 -36
Cover_T46 50
Cover_T47 -38
Cover_T48 46
Cover_T49 -18
Cover_T50 46
Cover_T51 -26
Cover_T52 992
Cover_T53 938
Cover_T54 980
Cover_T55 938
Cover_T56 980
Cover_T57 928
Cover_T58 986
Cover_T59 940
Cover_T60 974
Cover_T61 948
Cover_T62 974
Cover_T63 948
Cover_T64 1016
Cover_T65 942
Cover_T66 1024
Cover_T67 948
Cover_T68 1032
Cover_T69 0
Cover_T70 60
Cover_T71 8
Cover_T72 68
Cover_T73 16
Cover_T74 68
Cover_T75 4
Cover_T76 58
Cover_T77 12
Cover_T78 44
Cover_T79 20
Cover_T80 32
Cover_T81 -46
Cover_T82 18
Cover_T83 -46
Cover_T84 2
Cover_T85 -38
Cover_T86 2
Cover_T87 -38
Cover_T88 2
Cover_T89 -22
Cover_T90 2
Cover_T91 -6
Cover_T92 2
Cover_T93 8
Cover_T94 6
Cover_T95 8
Cover_T96 -10
Cover_T97 8
Cover_T98 22
Cover_T99 8
Cover_T100 6
Cover_T101 8
Cover_T102 -10
Cover_T103 4
Cover_T104 12
Cover_T105 20
Cover_T106 -4
Cover_T107 -12
Cover_T108 -20
Cover_T109 4
Cover_T110 18
Cover_T111 20
Cover_T112 2
Cover_T113 -2
Cover_T114 -14
Cover_T115 14
Cover_T116 48
Cover_T117 30
Cover_T118 32
Cover_T119 -8
Cover_T120 16
Cover_T121 8
Cover_T122 48
Cover_T123 24
Cover_T124 32
Cover_T125 -38
Cover_T126 16
Cover_T127 -22
Cover_T128 2
Cover_T129 -6
Cover_T130 2
Cover_T131 -38
Cover_T132 2
Cover_T133 -22
Cover_T134 2
Cover_T135 -6
Cover_T136 0
Cover_T137 8
Cover_T138 2
Cover_T139 8
Cover_T140 2
Cover_T141 8
Cover_T142 2
Cover_T143 8
Cover_T144 2
Cover_T145 10
Cover_T146 48
Cover_T147 8
Cover_T148 32
Cover_T149 8
Cover_T150 16
Cover_T151 8
Cover_T152 44
Cover_T153 8
Cover_T154 28
Cover_T155 -34
Cover_T156 4
Cover_T157 -10
Cover_T158 -20
Cover_T159 -30
Cover_T160 18
Cover_T161 -6
Cover_T162 -6
Cover_T163 18
Cover_T164 -30
Cover_T165 42
Cover_T166 12
Cover_T167 4
Cover_T168 0
Cover_T169 28
Cover_T170 -2
Cover_T171 52
Cover_T172 -2
Cover_T173 10
Cover_T174 0
Cover_T175 0
Cover_T176 14
Cover_T177 12
Cover_T178 -2
Cover_T179 4
Cover_T180 -18
Cover_T181 0
Cover_T182 -34
Cover_T183 14
Cover_T184 -50
Cover_T185 -4
Cover_T186 -30
Cover_T187 14
Cover_T188 -46
Cover_T189 36
Cover_T190 44
Cover_T191 50
Cover_T192 44
Cover_T193 82
Cover_T194 42
Cover_T195 46
Cover_T196 24
Cover_T197 76
Cover_T198 18
Cover_T199 92
Cover_T200 2
Cover_T201 8
Cover_T202 46
Cover_T203 8
Cover_T204 20
Cover_T205 6
Cover_T206 34
Cover_T207 22
Cover_T208 20
Cover_T209 34
Cover_T210 18
Cover_T211 56
Cover_T212 8
Cover_T213 8
Cover_T214 -1.34946e-10
Cover_T215 10
Cover_T216 10
Cover_T217 12
Cover_T218 4
Cover_T219 14
Cover_T220 4
Cover_T221 24
Cover_T222 -9.49854e-10
Cover_T223 26
Cover_T224 -16
Cover_T225 24
Cover_T226 -38
Cover_T227 24
Cover_T228 -2
Cover_T229 22
Cover_T230 -2
Cover_T231 24
Cover_T232 -8
Cover_T233 46
Cover_T234 -4
Cover_T235 62
Cover_T236 -8
Cover_T237 28
Cover_T238 -14
Cover_T239 22
Cover_T240 -14
Cover_T241 32
Cover_T242 -18
Cover_T243 16
Cover_T244 -20
Cover_T245 22
Cover_T246 -26
Cover_T247 28
Cover_T248 -42
Cover_T249 18
Cover_T250 -20
Cover_T251 32
Cover_T252 -24
Cover_T253 32
Cover_T254 -40
Cover_T255 46
Cover_T256 -18
Cover_T257 62
Cover_T258 -20
Cover_T259 40
Cover_T260 -18
Cover_T261 48
Cover_T262 -18
Cover_T263 68
Cover_T264 -20
Cover_T265 40
Cover_T266 -18
Cover_T267 48
Cover_T268 -18
Cover_T269 46
Cover_T270 -28
Cover_T271 50
Cover_T272 -26
Cover_T273 56
Cover_T274 -30
Cover_T275 54
Cover_T276 -30
Cover_T277 56
Cover_T278 -34
Cover_T279 58
Cover_T280 -34
Cover_T281 60
Cover_T282 -36
Cover_T283 60
Cover_T284 -36
Cover_T285 56
Cover_T286 -44
Cover_T287 60
Cover_T288 -46
Cover_T289 52
Cover_T290 -50
Cover_T291 52
Cover_T292 -52
Cover_T293 52
Cover_T294 -52
Cover_T295 52
Cover_T296 -52
Cover_T297 52
Cover_T298 -52
Cover_T299 56
Cover_T300 -44
Cover_T301 56
Cover_T302 -46
Cover_T303 52
Cover_T304 -42
Cover_T305 60
Cover_T306 -42
Cover_T307 58
Cover_T308 -42
Cover_T309 54
Cover_T310 -32
Cover_T311 58
Cover_T312 -38
Cover_T313 48
Cover_T314 -38
Cover_T315 42
Cover_T316 -10
Cover_T317 34
Cover_T318 -18
Cover_T319 46
Cover_T320 -30
Cover_T321 992
Cover_T322 946
Cover_T323 978
Cover_T324 938
Cover_T325 978
Cover_T326 926
Cover_T327 986
Cover_T328 944
Cover_T329 954
Cover_T330 948
Cover_T331 954
Cover_T332 946
Cover_T333 1028
Cover_T334 -4
Cover_T335 56
Cover_T336 4
Cover_T337 64
Cover_T338 12
Cover_T339 72
Cover_T340 0
Cover_T341 54
Cover_T342 8
Cover_T343 46
Cover_T344 16
Cover_T345 54
Cover_T346 -46
Cover_T347 38
Cover_T348 -46
Cover_T349 22
Cover_T350 -46
Cover_T351 6
Cover_T352 -46
Cover_T353 6
Cover_T354 -30
Cover_T355 6
Cover_T356 -14
Cover_T357 6
Cover_T358 -1.05691e-10
Cover_T359 6
Cover_T360 1.61933e-10
Cover_T361 10
Cover_T362 9.43094e-11
Cover_T363 -6
Cover_T364 -3.84937e-11
Cover_T365 26
Cover_T366 0
Cover_T367 10
Cover_T368 -4
Cover_T369 -6
Cover_T370 12
Cover_T371 16
Cover_T372 -20
Cover_T373 0
Cover_T374 -4
Cover_T375 -16
Cover_T376 12
Cover_T377 22
Cover_T378 -10
Cover_T379 6
Cover_T380 6
Cover_T381 -10
Cover_T382 22
Cover_T383 52
Cover_T384 -16
Cover_T385 36
Cover_T386 0
Cover_T387 20
Cover_T388 16
Cover_T389 52
Cover_T390 -46
Cover_T391 36
Cover_T392 -30
Cover_T393 20
Cover_T394 -14
Cover_T395 6
Cover_T396 -46
Cover_T397 6
Cover_T398 -30
Cover_T399 6
Cover_T400 -14
Cover_T401 6
Cover_T402 0
Cover_T403 4
Cover_T404 7.91807e-11
Cover_T405 6
Cover_T406 0
Cover_T407 6
Cover_T408 0
Cover_T409 6
Cover_T410 2
Cover_T411 6
Cover_T412 0
Cover_T413 52
Cover_T414 0
Cover_T415 36
Cover_T416 -7.06706e-11
Cover_T417 20
Cover_T418 0
Cover_T419 48
Cover_T420 -46
Cover_T421 32
Cover_T422 -30
Cover_T423 16
Cover_T424 -14
Cover_T425 0
Cover_T426 -42
Cover_T427 -16
Cover_T428 -26
Cover_T429 -32
Cover_T430 -10
Cover_T431 14
Cover_T432 6
Cover_T433 -2
Cover_T434 22
Cover_T435 -18
Cover_T436 42
Cover_T437 -42
Cover_T438 4
Cover_T439 0
Cover_T440 28
Cover_T441 6
Cover_T442 52
Cover_T443 4
Cover_T444 10
Cover_T445 6
Cover_T446 4
Cover_T447 18
Cover_T448 6
Cover_T449 -6
Cover_T450 4
Cover_T451 -30
Cover_T452 -4
Cover_T453 -18
Cover_T454 26
Cover_T455 -42
Cover_T456 48
Cover_T457 44
Cover_T458 62
Cover_T459 42
Cover_T460 58
Cover_T461 36
Cover_T462 88
Cover_T463 14
Cover_T464 0
Cover_T465 0
Cover_T466 8
Cover_T467 32
Cover_T468 18
Cover_T469 16
Cover_T470 34
Cover_T471 16
Cover_T472 56
Cover_T473 10
Cover_T474 6
Cover_T475 0
Cover_T476 8
Cover_T477 -4
Cover_T478 10
Cover_T479 2.18643e-10
Cover_T480 12
Cover_T481 2.47821e-10
Cover_T482 20
Cover_T483 -4.52966e-10
Cover_T484 28
Cover_T485 -4
Cover_T486 20
Cover_T487 -34
Cover_T488 20
Cover_T489 -6
Cover_T490 34
Cover_T491 -12
Cover_T492 58
Cover_T493 -8
Cover_T494 32
Cover_T495 -8
Cover_T496 24
Cover_T497 -14
Cover_T498 20
Cover_T499 -14
Cover_T500 20
Cover_T501 -16
Cover_T502 20
Cover_T503 -22
Cover_T504 20
Cover_T505 -38
Cover_T506 24
Cover_T507 -16
Cover_T508 24
Cover_T509 -20
Cover_T510 30
Cover_T511 -36
Cover_T512 42
Cover_T513 -48
Cover_T514 58
Cover_T515 -20
Cover_T516 36
Cover_T517 -18
Cover_T518 40
Cover_T519 -30
Cover_T520 42
Cover_T521 -24
Cover_T522 64
Cover_T523 -20
Cover_T524 40
Cover_T525 -22
Cover_T526 38
Cover_T527 -38
Cover_T528 46
Cover_T529 -24
Cover_T530 44
Cover_T531 -28
Cover_T532 42
Cover_T533 -30
Cover_T534 48
Cover_T535 -42
Cover_T536 52
Cover_T537 -36
Cover_T538 50
Cover_T539 -32
Cover_T540 50
Cover_T541 -34
Cover_T542 48
Cover_T543 -40
Cover_T544 60
Cover_T545 -34
Cover_T546 56
Cover_T547 -36
Cover_T548 56
Cover_T549 -40
Cover_T550 52
Cover_T551 -44
Cover_T552 54
Cover_T553 -44
Cover_T554 52
Cover_T555 -48
Cover_T556 54
Cover_T557 -48
Cover_T558 54
Cover_T559 -46
Cover_T560 54
Cover_T561 -46
Cover_T562 52
Cover_T563 -50
Cover_T564 52
Cover_T565 -50
Cover_T566 60
Cover_T567 -42
Cover_T568 62
Cover_T569 -40
Cover_T570 62
Cover_T571 -40
Cover_T572 54
Cover_T573 -34
Cover_T574 62
Cover_T575 -34
Cover_T576 50
Cover_T577 -32
Cover_T578 62
Cover_T579 -32
Cover_T580 58
Cover_T581 -12
Cover_T582 52
Cover_T583 -26
Cover_T584 998
Cover_T585 942
Cover_T586 984
Cover_T587 932
Cover_T588 992
Cover_T589 944
Cover_T590 980
Cover_T591 948
Cover_T592 1040
Cover_T593 946
Cover_T594 1036
Cover_T595 948
Cover_T596 1020
Cover_T597 946
Cover_T598 1028
Cover_T599 2
Cover_T600 64
Cover_T601 14
Cover_T602 64
Cover_T603 6
Cover_T604 30
Cover_T605 18
Cover_T606 14
Cover_T607 -48
Cover_T608 0
Cover_T609 -48
Cover_T610 0
Cover_T611 -40
Cover_T612 0
Cover_T613 -40
Cover_T614 0
Cover_T615 -24
Cover_T616 -1.3785e-10
Cover_T617 -8
Cover_T618 4
Cover_T619 6
Cover_T620 -12
Cover_T621 4
Cover_T622 24
Cover_T623 -4.07354e-11
Cover_T624 12
Cover_T625 -4
Cover_T626 0
Cover_T627 8
Cover_T628 -12
Cover_T629 4
Cover_T630 14
Cover_T631 -4
Cover_T632 2
Cover_T633 8
Cover_T634 -10
Cover_T635 20
Cover_T636 -22
Cover_T637 -16
Cover_T638 20
Cover_T639 -4
Cover_T640 8
Cover_T641 8
Cover_T642 -4
Cover_T643 20
Cover_T644 -16
Cover_T645 -6
Cover_T646 50
Cover_T647 6
Cover_T648 38
Cover_T649 18
Cover_T650 26
Cover_T651 30
Cover_T652 14
Cover_T653 -12
Cover_T654 50
Cover_T655 7.56799e-11
Cover_T656 38
Cover_T657 12
Cover_T658 26
Cover_T659 24
Cover_T660 14
Cover_T661 -40
Cover_T662 -6.84253e-12
Cover_T663 -24
Cover_T664 0
Cover_T665 -8
Cover_T666 -3.95506e-12
Cover_T667 -40
Cover_T668 4.86287e-11
Cover_T669 -24
Cover_T670 -2
Cover_T671 -8
Cover_T672 -5.92806e-11
Cover_T673 6
Cover_T674 -1.29564e-10
Cover_T675 6
Cover_T676 0
Cover_T677 6
Cover_T678 -5.98455e-11
Cover_T679 6
Cover_T680 46
Cover_T681 8
Cover_T682 30
Cover_T683 6
Cover_T684 14
Cover_T685 6
Cover_T686 42
Cover_T687 6
Cover_T688 26
Cover_T689 6
Cover_T690 10
Cover_T691 -40
Cover_T692 -6
Cover_T693 -24
Cover_T694 -22
Cover_T695 -8
Cover_T696 -38
Cover_T697 -36
Cover_T698 8
Cover_T699 -20
Cover_T700 -8
Cover_T701 -4
Cover_T702 -24
Cover_T703 12
Cover_T704 -40
Cover_T705 28
Cover_T706 12
Cover_T707 40
Cover_T708 -5.32907e-15
Cover_T709 -10
Cover_T710 -1.12657e-11
Cover_T711 2
Cover_T712 6
Cover_T713 14
Cover_T714 -2
Cover_T715 26
Cover_T716 4
Cover_T717 38
Cover_T718 -2
Cover_T719 50
Cover_T720 6
Cover_T721 -4
Cover_T722 2.04994e-10
Cover_T723 8
Cover_T724 18
Cover_T725 8
Cover_T726 4
Cover_T727 2
Cover_T728 -12
Cover_T729 0
Cover_T730 -28
Cover_T731 14
Cover_T732 -44
Cover_T733 4
Cover_T734 -24
Cover_T735 -6
Cover_T736 -40
Cover_T737 16
Cover_T738 48
Cover_T739 30
Cover_T740 44
Cover_T741 62
Cover_T742 34
Cover_T743 92
Cover_T744 22
Cover_T745 72
Cover_T746 4
Cover_T747 92
Cover_T748 44
Cover_T749 6
Cover_T750 46
Cover_T751 10
Cover_T752 30
Cover_T753 16
Cover_T754 14
Cover_T755 38
Cover_T756 8
Cover_T757 54
Cover_T758 0
Cover_T759 6
Cover_T760 6
Cover_T761 10
Cover_T762 6
Cover_T763 8
Cover_T764 -4.53572e-10
Cover_T765 16
Cover_T766 -2
Cover_T767 18
Cover_T768 -18
Cover_T769 30
Cover_T770 -36
Cover_T771 20
Cover_T772 -2
Cover_T773 18
Cover_T774 -14
Cover_T775 30
Cover_T776 -2
Cover_T777 26
Cover_T778 -10
Cover_T779 26
Cover_T780 -2
Cover_T781 38
Cover_T782 -14
Cover_T783 52
Cover_T784 -4
Cover_T785 64
Cover_T786 -10
Cover_T787 24
Cover_T788 -8
Cover_T789 20
Cover_T790 -10
Cover_T791 26
Cover_T792 -20
Cover_T793 20
Cover_T794 -38
Cover_T795 22
Cover_T796 -22
Cover_T797 18
Cover_T798 -34
Cover_T799 34
Cover_T800 -18
Cover_T801 42
Cover_T802 -22
Cover_T803 60
Cover_T804 -20
Cover_T805 42
Cover_T806 -20
Cover_T807 48
Cover_T808 -22
Cover_T809 66
Cover_T810 -20
Cover_T811 44
Cover_T812 -20
Cover_T813 46
Cover_T814 -24
Cover_T815 50
Cover_T816 -28
Cover_T817 50
Cover_T818 -28
Cover_T819 52
Cover_T820 -32
Cover_T821 52
Cover_T822 -32
Cover_T823 52
Cover_T824 -34
Cover_T825 58
Cover_T826 -38
Cover_T827 56
Cover_T828 -38
Cover_T829 54
Cover_T830 -38
Cover_T831 54
Cover_T832 -44
Cover_T833 52
Cover_T834 -44
Cover_T835 56
Cover_T836 -44
Cover_T837 60
Cover_T838 -44
Cover_T839 60
Cover_T840 -46
Cover_T841 60
Cover_T842 -50
Cover_T843 56
Cover_T844 -50
Cover_T845 58
Cover_T846 20
Cover_T847 -2
Cover_T848 18
Cover_T849 4
Cover_T850 12
Cover_T851 6
Cover_T852 72
Cover_T853 4
Cover_T854 68
Cover_T855 0
Cover_T856 82
Cover_T857 0
Cover_T858 60
Cover_T859 22
Cover_T860 42
Cover_T861 926
Cover_T862 24
Cover_T863 914
Cover_T864 980
Cover_T865 916
Cover_T866 982
Cover_T867 932
Cover_T868 1018
Cover_T869 948
Cover_T870 38
Cover_T871 964
Cover_T872 70
Cover_T873 0
Cover_T874 36
Cover_T875 0
Cover_T876 12
Cover_T877 -32
Cover_T878 52
Cover_T879 -28
Cover_T880 52
Cover_T881 8
Cover_T882 14
Cover_T883 50
Cover_T884 -10
Cover_T885 52
Cover_T886 -34
Cover_T887 54
Cover_T888 -34
Cover_T889 6
Cover_T890 -30
Cover_T891 28
Cover_T892 14
Cover_T893 74
Cover_T894 0
Cover_T895 74
Cover_T896 0
Cover_T897 80
Cover_T898 0
Cover_T899 94
Cover_T900 98
Cover_T901 84
Cover_T902 80
Cover_T903 88
Cover_T904 88
Cover_T905 40
Cover_T906 56
Cover_T907 52
Cover_T908 78
Cover_T909 48
Cover_T910 48
Cover_T911 48
Cover_T912 20
Cover_T913 -26
Cover_T914 0
Cover_T915 -28
Cover_T916 0
Cover_T917 -20
Cover_T918 22
Cover_T919 0
Cover_T920 12
Cover_T921 30
Cover_T922 28
Cover_T923 30
Cover_T924 26
Cover_T925 0
Cover_T926 44
Cover_T927 18
Cover_T928 40
Cover_T929 0
Cover_T930 40
Cover_T931 0
Count_D0 -984
Count_D1 -1000
Max_H0_P0 0
Max_H0_P1 0
Max_H0_P2 0
Max_H0_P3 0
Max_H0_P4 0
Max_H0_P5 -1.87645e-11
Max_H0_P6 -9.67617e-11
Max_H0_P7 0
Max_H0_P8 0
Max_H0_P9 0
Max_H0_P10 0
Max_H0_P11 0
Max_H0_P12 0
Max_H0_P13 0
Max_H0_P14 0
Max_H0_P15 5.25583e-11
Max_H0_P16 0
Max_H0_P17 2.23192e-11
Max_H0_P18 8.55909e-11
Max_H0_P19 0
Max_H0_P20 -8.6152e-11
Max_H0_P21 2.95599e-11
Max_H0_P22 -2.3908e-11
Max_H0_P23 9.14e-12
Max_H0_P24 4.78249e-11
Max_H0_P25 -2.27471e-11
Max_H0_P26 1.60059e-11
Max_H0_P27 0
Max_H0_P28 -6.57545e-11
Max_H0_P29 -6.92069e-11
Max_H0_P30 -7.27887e-11
Max_H0_P31 -5.99334e-11
Max_H0_P32 -4.32836e-11
Max_H0_P33 -7.67386e-12
Max_H0_P34 -3.93187e-11
Max_H0_P35 -3.36229e-11
Max_H0_P36 3.26139e-12
Max_H0_P37 -5.81302e-11
Max_H0_P38 5.23137e-13
Max_H0_P39 0
Max_H0_P40 5.07898e-11
Max_H0_P41 2.92778e-11
Max_H0_P42 -2.57616e-12
Max_H0_P43 0
Max_H0_P44 -1.91625e-11
Max_H0_P45 -9.06297e-12
Max_H0_P46 0
Max_H0_P47 0
Max_H0_P48 0
Max_H0_P49 0
Max_H0_P50 0
Max_H0_P51 0
Max_H0_P52 0
Max_H0_P53 0
Max_H0_P54 0
Max_H0_P55 0
Max_H0_P56 0
Max_H0_P57 0
Max_H0_P58 0
Max_H0_P59 0
Max_H0_P60 -2
Max_H0_P61 0
Max_H0_P62 0
Max_H0_P63 0
Max_H0_P64 0
Max_H0_P65 0
Max_H0_P66 0
Max_H0_P67 0
Max_H0_P68 0
Max_H0_P69 0
Max_H0_P70 0
Max_H0_P71 0
Max_H0_P72 0
Max_H0_P73 0
Max_H0_P74 0
Max_H0_P75 0
Max_H0_P76 0
Max_H0_P77 -0
Max_H0_P78 0
Max_H0_P79 0
Max_H0_P80 0
Max_H0_P81 0
Max_H1_P0 0
Max_H1_P1 0
Max_H1_P2 1.01212e-11
Max_H1_P3 0
Max_H1_P4 0
Max_H1_P5 1.1803e-11
Max_H1_P6 -1.48645e-10
Max_H1_P7 0
Max_H1_P8 0
Max_H1_P9 0
Max_H1_P10 0
Max_H1_P11 0
Max_H1_P12 0
Max_H1_P13 0
Max_H1_P14 0
Max_H1_P15 0
Max_H1_P16 3.43445e-11
Max_H1_P17 0
Max_H1_P18 3.67208e-11
Max_H1_P19 2.01723e-11
Max_H1_P20 0
Max_H1_P21 -4.76508e-11
Max_H1_P22 -0
Max_H1_P23 -5.07079e-11
Max_H1_P24 5.67159e-11
Max_H1_P25 -3.47278e-13
Max_H1_P26 -5.92202e-11
Max_H1_P27 3.1827e-11
Max_H1_P28 0
Max_H1_P29 -5.8152e-11
Max_H1_P30 -3.47136e-11
Max_H1_P31 -5.17844e-11
Max_H1_P32 -5.99673e-11
Max_H1_P33 3.26139e-12
Max_H1_P34 0
Max_H1_P35 2.64392e-11
Max_H1_P36 -3.30185e-11
Max_H1_P37 -1.83604e-11
Max_H1_P38 1.75469e-11
Max_H1_P39 0
Max_H1_P40 -1.57216e-11
Max_H1_P41 2.14662e-11
Max_H1_P42 1.77631e-11
Max_H1_P43 0
Max_H1_P44 -6.029e-11
Max_H1_P45 0
Max_H1_P46 0
Max_H1_P47 0
Max_H1_P48 0
Max_H1_P49 0
Max_H1_P50 0
Max_H1_P51 0
Max_H1_P52 0
Max_H1_P53 0
Max_H1_P54 0
Max_H1_P55 2.57342e-11
Max_H1_P56 0
Max_H1_P57 0
Max_H1_P58 0
Max_H1_P59 0
Max_H1_P60 -2
Max_H1_P61 0
Max_H1_P62 0
Max_H1_P63 0
Max_H1_P64 0
Max_H1_P65 0
Max_H1_P66 0
Max_H1_P67 0
Max_H1_P68 0
Max_H1_P69 0
Max_H1_P70 0
Max_H1_P71 0
Max_H1_P72 0
Max_H1_P73 0
Max_H1_P74 0
Max_H1_P75 0
Max_H1_P76 0
Max_H1_P77 0
Max_H1_P78 0
Max_H1_P79 0
Max_H1_P80 0
Max_H1_P81 0
