
Branch and bound

  Entire solving process        :                           (Time    227.5)
  No feasible solution was found
  Best relaxation cost          :     60432.08 (Node     0) (Time    227.5)
  Lower bound after cuts        :     60432.08
  End lower bound               :     60432.08
  Deepest level reached         : 0
  Deepest real level reached    : 0
  Number of real nodes solved   : 1
  Stopping condition            : enough nodes explored

Problem identification

  Problem                       : <null>
  Machine                       : oslo1.gerad.lan

Solving process summary

  Linear relaxations            :        1
  Column generation iterations  :      119
  Shortest paths solved         :     5839
  Columns generated             :    58473

Instance characteristics

  Resources                     : 3
  Node types                    : no
  Arc types                     : no
  Strong resource windows       : no
  Weak resource windows         : no
  Resource windows (nodes)      : 3
  Resource values (arcs)        : 3
  Values on nodes               : no

  Rows                          : 1098
  Initial columns               : 457
  Tasks                         : 936
  Strong tasks                  : 677
  Weak tasks                    : 4
  Initial task constraints      : no
  Nodes                         : 1264
  Arc sets                      : 1
  Arcs                          : 38817
  Networks                      : 2
  Models                        : 1

Memory used per module (Megs)

  Parser (reused)               :      7.999
  Networks                      :     35.841
  Column generator              :      8.960
  Master problem                :     10.955
  -----------------
  Total                         :     55.757

Cpu time per module (seconds)

  Parser                        :        0.0
  Preprocessor                  :        0.0
  Lr solver manager             :        0.1
  Column generator              :       80.0
    (Shortest path)             :       70.3
  Master problem                :      147.4
  -------------------
  Total (without b&b)           :      227.5

Real elapsed time (seconds)

  Parser                        :        0.0
  Preprocessor                  :        0.0
  Lr solver manager             :        0.1
  Column generator              :       80.0
    (Shortest path)             :       71.1
  Master problem                :      147.4
  -------------------
  Total (without b&b)           :      227.5
