
Branch and bound

  Entire solving process        :                           (Time    200.8)
  No feasible solution was found
  Best relaxation cost          :     60602.20 (Node     0) (Time    200.8)
  Lower bound after cuts        :     60602.20
  End lower bound               :     60602.20
  Deepest level reached         : 0
  Deepest real level reached    : 0
  Number of real nodes solved   : 1
  Stopping condition            : enough nodes explored

Problem identification

  Problem                       : <null>
  Machine                       : oslo2.gerad.lan

Solving process summary

  Linear relaxations            :        1
  Column generation iterations  :      127
  Shortest paths solved         :     3975
  Columns generated             :    46136

Instance characteristics

  Resources                     : 3
  Node types                    : no
  Arc types                     : no
  Strong resource windows       : no
  Weak resource windows         : no
  Resource windows (nodes)      : 3
  Resource values (arcs)        : 3
  Values on nodes               : no

  Rows                          : 1098
  Initial columns               : 2
  Tasks                         : 936
  Strong tasks                  : 932
  Weak tasks                    : 4
  Initial task constraints      : no
  Nodes                         : 1264
  Arc sets                      : 1
  Arcs                          : 38817
  Networks                      : 2
  Models                        : 1

Memory used per module (Megs)

  Parser (reused)               :      7.999
  Networks                      :     33.783
  Column generator              :     11.745
  Master problem                :     10.782
  -----------------
  Total                         :     56.310

Cpu time per module (seconds)

  Parser                        :        0.0
  Preprocessor                  :        0.0
  Lr solver manager             :        0.1
  Column generator              :       80.8
    (Shortest path)             :       72.3
  Master problem                :      119.9
  -------------------
  Total (without b&b)           :      200.8

Real elapsed time (seconds)

  Parser                        :        0.0
  Preprocessor                  :        0.0
  Lr solver manager             :        0.1
  Column generator              :       81.0
    (Shortest path)             :       73.1
  Master problem                :      120.0
  -------------------
  Total (without b&b)           :      201.1
