
Branch and bound

  Entire solving process        :                           (Time    218.9)
  No feasible solution was found
  Best relaxation cost          :     76081.13 (Node     0) (Time    218.8)
  Lower bound after cuts        :     76081.13
  End lower bound               :     76081.13
  Deepest level reached         : 0
  Deepest real level reached    : 0
  Number of real nodes solved   : 1
  Stopping condition            : enough nodes explored

Problem identification

  Problem                       : <null>
  Machine                       : oslo5.gerad.lan

Solving process summary

  Linear relaxations            :        1
  Column generation iterations  :      117
  Shortest paths solved         :     4082
  Columns generated             :    46198

Instance characteristics

  Resources                     : 3
  Node types                    : no
  Arc types                     : no
  Strong resource windows       : no
  Weak resource windows         : no
  Resource windows (nodes)      : 3
  Resource values (arcs)        : 3
  Values on nodes               : no

  Rows                          : 1160
  Initial columns               : 2
  Tasks                         : 998
  Strong tasks                  : 994
  Weak tasks                    : 4
  Initial task constraints      : no
  Nodes                         : 1326
  Arc sets                      : 1
  Arcs                          : 43822
  Networks                      : 2
  Models                        : 1

Memory used per module (Megs)

  Parser (reused)               :      8.968
  Networks                      :     36.084
  Column generator              :     17.679
  Master problem                :     11.107
  -----------------
  Total                         :     64.869

Cpu time per module (seconds)

  Parser                        :        0.0
  Preprocessor                  :        0.0
  Lr solver manager             :        0.1
  Column generator              :       67.3
    (Shortest path)             :       57.4
  Master problem                :      151.5
  -------------------
  Total (without b&b)           :      218.8

Real elapsed time (seconds)

  Parser                        :        0.0
  Preprocessor                  :        0.0
  Lr solver manager             :        0.1
  Column generator              :       67.2
    (Shortest path)             :       57.4
  Master problem                :      151.5
  -------------------
  Total (without b&b)           :      218.9
