
Branch and bound

  Entire solving process        :                           (Time    239.0)
  No feasible solution was found
  Best relaxation cost          :     75895.02 (Node     0) (Time    239.0)
  Lower bound after cuts        :     75895.02
  End lower bound               :     75895.02
  Deepest level reached         : 0
  Deepest real level reached    : 0
  Number of real nodes solved   : 1
  Stopping condition            : enough nodes explored

Problem identification

  Problem                       : <null>
  Machine                       : oslo5.gerad.lan

Solving process summary

  Linear relaxations            :        1
  Column generation iterations  :      116
  Shortest paths solved         :     7721
  Columns generated             :    65668

Instance characteristics

  Resources                     : 3
  Node types                    : no
  Arc types                     : no
  Strong resource windows       : no
  Weak resource windows         : no
  Resource windows (nodes)      : 3
  Resource values (arcs)        : 3
  Values on nodes               : no

  Rows                          : 1160
  Initial columns               : 545
  Tasks                         : 998
  Strong tasks                  : 665
  Weak tasks                    : 4
  Initial task constraints      : no
  Nodes                         : 1326
  Arc sets                      : 1
  Arcs                          : 43822
  Networks                      : 2
  Models                        : 1

Memory used per module (Megs)

  Parser (reused)               :      8.968
  Networks                      :     38.869
  Column generator              :     12.835
  Master problem                :     11.197
  -----------------
  Total                         :     62.901

Cpu time per module (seconds)

  Parser                        :        0.0
  Preprocessor                  :        0.0
  Lr solver manager             :        0.2
  Column generator              :      126.2
    (Shortest path)             :      108.5
  Master problem                :      112.6
  -------------------
  Total (without b&b)           :      239.0

Real elapsed time (seconds)

  Parser                        :        0.0
  Preprocessor                  :        0.0
  Lr solver manager             :        0.1
  Column generator              :      126.2
    (Shortest path)             :      107.9
  Master problem                :      112.7
  -------------------
  Total (without b&b)           :      239.0
