Cover_T0 52
Cover_T1 -52
Cover_T2 54
Cover_T3 -36
Cover_T4 72
Cover_T5 -32
Cover_T6 74
Cover_T7 -20
Cover_T8 42
Cover_T9 988
Cover_T10 1006
Cover_T11 1010
Cover_T12 34
Cover_T13 46
Cover_T14 -12
Cover_T15 46
Cover_T16 72
Cover_T17 -32
Cover_T18 64
Cover_T19 954
Cover_T20 1028
Cover_T21 998
Cover_T22 0
Cover_T23 38
Cover_T24 2
Cover_T25 50
Cover_T26 -10
Cover_T27 52
Cover_T28 -28
Cover_T29 52
Cover_T30 56
Cover_T31 998
Cover_T32 1012
Cover_T33 1004
Cover_T34 14
Cover_T35 62
Cover_T36 2
Cover_T37 44
Cover_T38 -14
Cover_T39 34
Cover_T40 -28
Cover_T41 42
Cover_T42 -28
Cover_T43 42
Cover_T44 -28
Cover_T45 42
Cover_T46 -28
Cover_T47 68
Cover_T48 1016
Cover_T49 1044
Cover_T50 1040
Cover_T51 44
Cover_T52 72
Cover_T53 38
Cover_T54 52
Cover_T55 0
Cover_T56 76
Cover_T57 20
Cover_T58 68
Cover_T59 20
Cover_T60 28
Cover_T61 -4
Count_D0 -984
Count_D1 -1000
Max_H0_P0 0
Max_H0_P1 0
Max_H0_P2 0
Max_H0_P3 0
Max_H0_P4 0
Max_H0_P5 0
Max_H0_P6 0
Max_H0_P7 0
Max_H0_P8 0
Max_H0_P9 0
Max_H0_P10 0
Max_H0_P11 0
Max_H0_P12 0
Max_H0_P13 0
Max_H0_P14 0
Max_H0_P15 0
Max_H0_P16 0
Max_H0_P17 0
Max_H0_P18 0
Max_H0_P19 0
Max_H0_P20 0
Max_H0_P21 0
Max_H0_P22 0
Max_H0_P23 0
Max_H0_P24 0
Max_H0_P25 0
Max_H0_P26 0
Max_H0_P27 0
Max_H0_P28 0
Max_H0_P29 0
Max_H0_P30 0
Max_H0_P31 0
Max_H0_P32 0
Max_H0_P33 0
Max_H0_P34 0
Max_H0_P35 0
Max_H0_P36 0
Max_H0_P37 0
Max_H0_P38 0
Max_H0_P39 0
Max_H0_P40 0
Max_H0_P41 0
Max_H0_P42 0
Max_H0_P43 0
Max_H0_P44 0
Max_H0_P45 0
Max_H0_P46 0
Max_H0_P47 0
Max_H0_P48 0
Max_H0_P49 0
Max_H0_P50 0
Max_H0_P51 0
Max_H0_P52 0
Max_H0_P53 0
Max_H0_P54 0
Max_H0_P55 0
Max_H0_P56 0
Max_H0_P57 0
Max_H0_P58 0
Max_H0_P59 0
Max_H0_P60 0
Max_H0_P61 0
Max_H1_P0 0
Max_H1_P1 0
Max_H1_P2 0
Max_H1_P3 0
Max_H1_P4 0
Max_H1_P5 0
Max_H1_P6 0
Max_H1_P7 0
Max_H1_P8 0
Max_H1_P9 0
Max_H1_P10 0
Max_H1_P11 0
Max_H1_P12 0
Max_H1_P13 0
Max_H1_P14 0
Max_H1_P15 0
Max_H1_P16 0
Max_H1_P17 0
Max_H1_P18 0
Max_H1_P19 0
Max_H1_P20 0
Max_H1_P21 0
Max_H1_P22 0
Max_H1_P23 0
Max_H1_P24 0
Max_H1_P25 0
Max_H1_P26 0
Max_H1_P27 0
Max_H1_P28 0
Max_H1_P29 0
Max_H1_P30 0
Max_H1_P31 0
Max_H1_P32 0
Max_H1_P33 0
Max_H1_P34 0
Max_H1_P35 0
Max_H1_P36 0
Max_H1_P37 0
Max_H1_P38 -1.52767e-13
Max_H1_P39 0
Max_H1_P40 0
Max_H1_P41 0
Max_H1_P42 0
Max_H1_P43 0
Max_H1_P44 0
Max_H1_P45 0
Max_H1_P46 0
Max_H1_P47 0
Max_H1_P48 0
Max_H1_P49 0
Max_H1_P50 0
Max_H1_P51 0
Max_H1_P52 0
Max_H1_P53 0
Max_H1_P54 0
Max_H1_P55 0
Max_H1_P56 0
Max_H1_P57 0
Max_H1_P58 0
Max_H1_P59 0
Max_H1_P60 0
Max_H1_P61 0
