Cover_T0 52
Cover_T1 -52
Cover_T2 52
Cover_T3 -52
Cover_T4 52
Cover_T5 -52
Cover_T6 52
Cover_T7 -52
Cover_T8 52
Cover_T9 -52
Cover_T10 52
Cover_T11 -52
Cover_T12 52
Cover_T13 -52
Cover_T14 52
Cover_T15 -50
Cover_T16 56
Cover_T17 -48
Cover_T18 54
Cover_T19 -48
Cover_T20 56
Cover_T21 -48
Cover_T22 56
Cover_T23 -48
Cover_T24 56
Cover_T25 -42
Cover_T26 52
Cover_T27 -42
Cover_T28 56
Cover_T29 -46
Cover_T30 58
Cover_T31 -40
Cover_T32 52
Cover_T33 -44
Cover_T34 54
Cover_T35 -28
Cover_T36 54
Cover_T37 -40
Cover_T38 46
Cover_T39 -32
Cover_T40 1034
Cover_T41 0
Cover_T42 1018
Cover_T43 952
Cover_T44 1010
Cover_T45 940
Cover_T46 982
Cover_T47 924
Cover_T48 962
Cover_T49 978
Cover_T50 1030
Cover_T51 8
Cover_T52 32
Cover_T53 20
Cover_T54 52
Cover_T55 24
Cover_T56 58
Cover_T57 40
Cover_T58 76
Cover_T59 56
Cover_T60 6
Cover_T61 2
Cover_T62 16
Cover_T63 2.98961e-12
Cover_T64 -6
Cover_T65 6
Cover_T66 10
Cover_T67 16
Cover_T68 4
Cover_T69 12
Cover_T70 8
Cover_T71 36
Cover_T72 4
Cover_T73 -6
Cover_T74 6
Cover_T75 7.16227e-11
Cover_T76 0
Cover_T77 -6
Cover_T78 6
Cover_T79 -7.01572e-12
Cover_T80 0
Cover_T81 -2
Cover_T82 -10
Cover_T83 -2
Cover_T84 -34
Cover_T85 -2
Cover_T86 8
Cover_T87 8
Cover_T88 0
Cover_T89 32
Cover_T90 6
Cover_T91 52
Cover_T92 0
Cover_T93 6
Cover_T94 8
Cover_T95 10
Cover_T96 8
Cover_T97 2
Cover_T98 0
Cover_T99 8
Cover_T100 10
Cover_T101 2.99312e-11
Cover_T102 10
Cover_T103 4
Cover_T104 10
Cover_T105 16
Cover_T106 6
Cover_T107 10
Cover_T108 10
Cover_T109 12
Cover_T110 0
Cover_T111 12
Cover_T112 -2
Cover_T113 4
Cover_T114 -2
Cover_T115 -2
Cover_T116 8
Cover_T117 1.67759e-11
Cover_T118 6
Cover_T119 0
Cover_T120 -7.42517e-12
Cover_T121 3.64508e-12
Cover_T122 2
Cover_T123 0
Cover_T124 2
Cover_T125 14
Cover_T126 -28
Cover_T127 16
Cover_T128 4
Cover_T129 14
Cover_T130 -18
Cover_T131 32
Cover_T132 -38
Cover_T133 52
Cover_T134 -8
Cover_T135 8
Cover_T136 10
Cover_T137 28
Cover_T138 0
Cover_T139 48
Cover_T140 10
Cover_T141 26
Cover_T142 4
Cover_T143 6
Cover_T144 -16
Cover_T145 18
Cover_T146 -36
Cover_T147 -4.55046e-10
Cover_T148 -6
Cover_T149 16
Cover_T150 -26
Cover_T151 36
Cover_T152 2
Cover_T153 70
Cover_T154 2.48767e-10
Cover_T155 38
Cover_T156 -1.81698e-10
Cover_T157 66
Cover_T158 -6
Cover_T159 46
Cover_T160 -6
Cover_T161 52
Cover_T162 -6
Cover_T163 48
Cover_T164 -18
Cover_T165 42
Cover_T166 -16
Cover_T167 34
Cover_T168 -30
Cover_T169 42
Cover_T170 -20
Cover_T171 38
Cover_T172 -24
Cover_T173 42
Cover_T174 -24
Cover_T175 40
Cover_T176 -30
Cover_T177 40
Cover_T178 -36
Cover_T179 38
Cover_T180 -30
Cover_T181 46
Cover_T182 -46
Cover_T183 32
Cover_T184 -40
Cover_T185 52
Cover_T186 -30
Cover_T187 46
Cover_T188 -44
Cover_T189 40
Cover_T190 -36
Cover_T191 40
Cover_T192 -32
Cover_T193 50
Cover_T194 -36
Cover_T195 54
Cover_T196 -32
Cover_T197 34
Cover_T198 -48
Cover_T199 38
Cover_T200 -34
Cover_T201 66
Cover_T202 -38
Cover_T203 62
Cover_T204 -42
Cover_T205 52
Cover_T206 -52
Cover_T207 54
Cover_T208 -50
Cover_T209 56
Cover_T210 -52
Cover_T211 52
Cover_T212 -48
Cover_T213 52
Cover_T214 -48
Cover_T215 56
Cover_T216 -44
Cover_T217 48
Cover_T218 -40
Cover_T219 48
Cover_T220 -44
Cover_T221 52
Cover_T222 -24
Cover_T223 52
Cover_T224 -36
Cover_T225 1030
Cover_T226 960
Cover_T227 1010
Cover_T228 948
Cover_T229 994
Cover_T230 936
Cover_T231 974
Cover_T232 924
Cover_T233 974
Cover_T234 0
Cover_T235 44
Cover_T236 20
Cover_T237 44
Cover_T238 36
Cover_T239 68
Cover_T240 48
Cover_T241 70
Cover_T242 -10
Cover_T243 2
Cover_T244 6
Cover_T245 -1.65301e-10
Cover_T246 2.87628e-11
Cover_T247 6
Cover_T248 2
Cover_T249 -20
Cover_T250 8
Cover_T251 10
Cover_T252 1.69944e-11
Cover_T253 6
Cover_T254 22
Cover_T255 -9.6712e-11
Cover_T256 -4
Cover_T257 6
Cover_T258 4
Cover_T259 0
Cover_T260 0
Cover_T261 2
Cover_T262 4
Cover_T263 2
Cover_T264 2
Cover_T265 2
Cover_T266 8
Cover_T267 -8
Cover_T268 2
Cover_T269 -32
Cover_T270 8
Cover_T271 10
Cover_T272 18
Cover_T273 2
Cover_T274 42
Cover_T275 6
Cover_T276 -3.28395e-11
Cover_T277 -4
Cover_T278 8
Cover_T279 -3.52145e-11
Cover_T280 4
Cover_T281 -4
Cover_T282 14
Cover_T283 -16
Cover_T284 8
Cover_T285 -6
Cover_T286 8
Cover_T287 -4
Cover_T288 16
Cover_T289 -2.2179e-11
Cover_T290 6
Cover_T291 0
Cover_T292 4
Cover_T293 8
Cover_T294 -5.93817e-12
Cover_T295 2
Cover_T296 2
Cover_T297 0
Cover_T298 -2
Cover_T299 6.38067e-12
Cover_T300 8
Cover_T301 0
Cover_T302 10
Cover_T303 8
Cover_T304 10
Cover_T305 2
Cover_T306 -6.03961e-13
Cover_T307 8
Cover_T308 2
Cover_T309 -16
Cover_T310 8
Cover_T311 -8
Cover_T312 2
Cover_T313 -30
Cover_T314 26
Cover_T315 10
Cover_T316 22
Cover_T317 -22
Cover_T318 54
Cover_T319 -4
Cover_T320 28
Cover_T321 2
Cover_T322 60
Cover_T323 6
Cover_T324 34
Cover_T325 6
Cover_T326 16
Cover_T327 -16
Cover_T328 0
Cover_T329 -40
Cover_T330 2
Cover_T331 -4
Cover_T332 28
Cover_T333 -24
Cover_T334 48
Cover_T335 4.76573e-10
Cover_T336 26
Cover_T337 -1.76073e-10
Cover_T338 50
Cover_T339 -1.48795e-10
Cover_T340 30
Cover_T341 -6
Cover_T342 34
Cover_T343 -6
Cover_T344 40
Cover_T345 -16
Cover_T346 26
Cover_T347 -22
Cover_T348 32
Cover_T349 -24
Cover_T350 30
Cover_T351 -30
Cover_T352 30
Cover_T353 -30
Cover_T354 30
Cover_T355 -30
Cover_T356 30
Cover_T357 -46
Cover_T358 30
Cover_T359 -30
Cover_T360 36
Cover_T361 -30
Cover_T362 36
Cover_T363 -40
Cover_T364 32
Cover_T365 -30
Cover_T366 36
Cover_T367 -40
Cover_T368 34
Cover_T369 -34
Cover_T370 34
Cover_T371 -34
Cover_T372 52
Cover_T373 -38
Cover_T374 46
Cover_T375 -30
Cover_T376 36
Cover_T377 -30
Cover_T378 46
Cover_T379 -44
Cover_T380 44
Cover_T381 -32
Cover_T382 48
Cover_T383 -46
Cover_T384 40
Cover_T385 -32
Cover_T386 56
Cover_T387 -32
Cover_T388 42
Cover_T389 -40
Cover_T390 62
Cover_T391 -32
Cover_T392 42
Cover_T393 -34
Cover_T394 66
Cover_T395 -38
Cover_T396 66
Cover_T397 -38
Cover_T398 66
Cover_T399 -42
Cover_T400 60
Cover_T401 -42
Cover_T402 52
Cover_T403 -42
Cover_T404 60
Cover_T405 -44
Cover_T406 50
Cover_T407 -28
Cover_T408 52
Cover_T409 -28
Cover_T410 1034
Cover_T411 956
Cover_T412 1016
Cover_T413 940
Cover_T414 998
Cover_T415 934
Cover_T416 990
Cover_T417 920
Cover_T418 1030
Cover_T419 984
Cover_T420 1040
Cover_T421 984
Cover_T422 1020
Cover_T423 4
Cover_T424 998
Cover_T425 18
Cover_T426 50
Cover_T427 26
Cover_T428 56
Cover_T429 42
Cover_T430 70
Cover_T431 54
Cover_T432 4
Cover_T433 -8
Cover_T434 12
Cover_T435 8
Cover_T436 -4
Cover_T437 -2
Cover_T438 -20
Cover_T439 -4
Cover_T440 6
Cover_T441 -2
Cover_T442 6
Cover_T443 14
Cover_T444 8
Cover_T445 2
Cover_T446 2
Cover_T447 18
Cover_T448 6
Cover_T449 34
Cover_T450 0
Cover_T451 6.02611e-11
Cover_T452 0
Cover_T453 0
Cover_T454 2
Cover_T455 -2
Cover_T456 10
Cover_T457 4
Cover_T458 0
Cover_T459 0
Cover_T460 2
Cover_T461 6
Cover_T462 -2
Cover_T463 10
Cover_T464 -22
Cover_T465 12
Cover_T466 -42
Cover_T467 2
Cover_T468 4
Cover_T469 4
Cover_T470 8.59046e-12
Cover_T471 10
Cover_T472 8
Cover_T473 30
Cover_T474 2
Cover_T475 50
Cover_T476 10
Cover_T477 4
Cover_T478 10
Cover_T479 8
Cover_T480 2
Cover_T481 0
Cover_T482 10
Cover_T483 6
Cover_T484 -8
Cover_T485 -2
Cover_T486 -8
Cover_T487 2
Cover_T488 -8
Cover_T489 14
Cover_T490 0
Cover_T491 8
Cover_T492 6
Cover_T493 10
Cover_T494 4
Cover_T495 10
Cover_T496 6
Cover_T497 10
Cover_T498 0
Cover_T499 2
Cover_T500 0
Cover_T501 8
Cover_T502 2
Cover_T503 6
Cover_T504 0
Cover_T505 2
Cover_T506 10
Cover_T507 8
Cover_T508 -10
Cover_T509 8
Cover_T510 2
Cover_T511 6
Cover_T512 -18
Cover_T513 8
Cover_T514 -36
Cover_T515 -2
Cover_T516 8
Cover_T517 18
Cover_T518 -12
Cover_T519 8
Cover_T520 -30
Cover_T521 24
Cover_T522 -46
Cover_T523 38
Cover_T524 -12
Cover_T525 60
Cover_T526 10
Cover_T527 6
Cover_T528 -6
Cover_T529 28
Cover_T530 8
Cover_T531 44
Cover_T532 10
Cover_T533 62
Cover_T534 2
Cover_T535 32
Cover_T536 -24
Cover_T537 18
Cover_T538 8
Cover_T539 8
Cover_T540 -22
Cover_T541 16
Cover_T542 2
Cover_T543 50
Cover_T544 2
Cover_T545 62
Cover_T546 -16
Cover_T547 26
Cover_T548 -8
Cover_T549 50
Cover_T550 -4
Cover_T551 70
Cover_T552 -1.16873e-10
Cover_T553 38
Cover_T554 -6
Cover_T555 32
Cover_T556 -14
Cover_T557 52
Cover_T558 -6
Cover_T559 44
Cover_T560 -16
Cover_T561 40
Cover_T562 -20
Cover_T563 36
Cover_T564 -26
Cover_T565 32
Cover_T566 -26
Cover_T567 36
Cover_T568 -24
Cover_T569 38
Cover_T570 -30
Cover_T571 42
Cover_T572 -30
Cover_T573 30
Cover_T574 -30
Cover_T575 32
Cover_T576 -30
Cover_T577 48
Cover_T578 -30
Cover_T579 32
Cover_T580 -30
Cover_T581 46
Cover_T582 -30
Cover_T583 36
Cover_T584 -30
Cover_T585 54
Cover_T586 -38
Cover_T587 44
Cover_T588 -30
Cover_T589 40
Cover_T590 -30
Cover_T591 48
Cover_T592 -32
Cover_T593 52
Cover_T594 -32
Cover_T595 60
Cover_T596 -32
Cover_T597 62
Cover_T598 -42
Cover_T599 54
Cover_T600 -34
Cover_T601 66
Cover_T602 -38
Cover_T603 62
Cover_T604 -38
Cover_T605 64
Cover_T606 -50
Cover_T607 52
Cover_T608 -46
Cover_T609 16
Cover_T610 -1.52653e-11
Cover_T611 24
Cover_T612 6
Cover_T613 12
Cover_T614 6
Cover_T615 20
Cover_T616 18
Cover_T617 1042
Cover_T618 6
Cover_T619 1036
Cover_T620 1002
Cover_T621 1018
Cover_T622 968
Cover_T623 1024
Cover_T624 968
Cover_T625 1040
Cover_T626 0
Cover_T627 1080
Cover_T628 0
Cover_T629 72
Cover_T630 18
Cover_T631 104
Cover_T632 0
Cover_T633 104
Cover_T634 0
Cover_T635 6
Cover_T636 -28
Cover_T637 58
Cover_T638 -28
Cover_T639 52
Cover_T640 4
Cover_T641 0
Cover_T642 54
Cover_T643 -24
Cover_T644 54
Cover_T645 14
Cover_T646 16
Cover_T647 -18
Cover_T648 42
Cover_T649 26
Cover_T650 62
Cover_T651 6
Cover_T652 12
Cover_T653 42
Cover_T654 36
Cover_T655 14
Cover_T656 54
Cover_T657 44
Cover_T658 6
Cover_T659 22
Cover_T660 36
Cover_T661 0
Cover_T662 4
Cover_T663 0
Cover_T664 -4
Cover_T665 28
Cover_T666 38
Cover_T667 0
Cover_T668 38
Cover_T669 10
Cover_T670 22
Cover_T671 20
Cover_T672 0
Count_D0 -984
Count_D1 -1000
Max_H0_P0 0
Max_H0_P1 0
Max_H0_P2 0
Max_H0_P3 0
Max_H0_P4 0
Max_H0_P5 2.22684e-11
Max_H0_P6 0
Max_H0_P7 0
Max_H0_P8 0
Max_H0_P9 0
Max_H0_P10 0
Max_H0_P11 0
Max_H0_P12 0
Max_H0_P13 0
Max_H0_P14 0
Max_H0_P15 0
Max_H0_P16 0
Max_H0_P17 0
Max_H0_P18 8.9706e-12
Max_H0_P19 -3.8014e-13
Max_H0_P20 1.29408e-12
Max_H0_P21 -4.63449e-12
Max_H0_P22 -1.50138e-11
Max_H0_P23 -1.26477e-11
Max_H0_P24 1.23421e-11
Max_H0_P25 -1.73402e-12
Max_H0_P26 3.95559e-11
Max_H0_P27 -5.2643e-11
Max_H0_P28 -3.92909e-11
Max_H0_P29 2.08885e-11
Max_H0_P30 0
Max_H0_P31 -1.0926e-11
Max_H0_P32 0
Max_H0_P33 2.13731e-11
Max_H0_P34 -3.02505e-11
Max_H0_P35 1.51327e-11
Max_H0_P36 -1.93341e-11
Max_H0_P37 6.02818e-12
Max_H0_P38 -5.13851e-12
Max_H0_P39 5.13851e-12
Max_H0_P40 -2.91114e-12
Max_H0_P41 1.33282e-11
Max_H0_P42 2.10997e-12
Max_H0_P43 0
Max_H0_P44 0
Max_H0_P45 0
Max_H0_P46 0
Max_H0_P47 0
Max_H0_P48 0
Max_H0_P49 0
Max_H0_P50 0
Max_H0_P51 0
Max_H0_P52 0
Max_H0_P53 0
Max_H0_P54 0
Max_H0_P55 0
Max_H0_P56 0
Max_H0_P57 0
Max_H0_P58 0
Max_H0_P59 0
Max_H0_P60 2.14975e-11
Max_H0_P61 0
Max_H0_P62 0
Max_H0_P63 0
Max_H0_P64 0
Max_H0_P65 0
Max_H0_P66 0
Max_H0_P67 0
Max_H0_P68 0
Max_H0_P69 0
Max_H0_P70 0
Max_H0_P71 0
Max_H0_P72 0
Max_H0_P73 0
Max_H0_P74 0
Max_H0_P75 0
Max_H0_P76 0
Max_H0_P77 0
Max_H0_P78 0
Max_H0_P79 0
Max_H0_P80 0
Max_H0_P81 0
Max_H1_P0 0
Max_H1_P1 0
Max_H1_P2 0
Max_H1_P3 -1.51799e-11
Max_H1_P4 2.37197e-11
Max_H1_P5 3.33955e-11
Max_H1_P6 0
Max_H1_P7 0
Max_H1_P8 0
Max_H1_P9 0
Max_H1_P10 0
Max_H1_P11 0
Max_H1_P12 0
Max_H1_P13 0
Max_H1_P14 0
Max_H1_P15 -1.75078e-11
Max_H1_P16 0
Max_H1_P17 2.59615e-12
Max_H1_P18 -2.83151e-12
Max_H1_P19 -3.8014e-13
Max_H1_P20 -6.84963e-12
Max_H1_P21 0
Max_H1_P22 -1.84646e-11
Max_H1_P23 1.82609e-11
Max_H1_P24 -1.1191e-12
Max_H1_P25 -0
Max_H1_P26 -1.06297e-11
Max_H1_P27 -1.31626e-11
Max_H1_P28 -4.76064e-13
Max_H1_P29 -1.74616e-12
Max_H1_P30 2.2988e-13
Max_H1_P31 -3.42144e-12
Max_H1_P32 -1.74616e-12
Max_H1_P33 0
Max_H1_P34 -6.59586e-12
Max_H1_P35 -5.02898e-12
Max_H1_P36 7.54818e-12
Max_H1_P37 -4.00554e-12
Max_H1_P38 4.20997e-12
Max_H1_P39 3.31377e-12
Max_H1_P40 4.7784e-13
Max_H1_P41 5.86908e-12
Max_H1_P42 1.20792e-12
Max_H1_P43 0
Max_H1_P44 -1.0332e-11
Max_H1_P45 0
Max_H1_P46 0
Max_H1_P47 0
Max_H1_P48 0
Max_H1_P49 0
Max_H1_P50 0
Max_H1_P51 0
Max_H1_P52 0
Max_H1_P53 0
Max_H1_P54 0
Max_H1_P55 0
Max_H1_P56 0
Max_H1_P57 0
Max_H1_P58 0
Max_H1_P59 0
Max_H1_P60 -2.73559e-13
Max_H1_P61 2.05631e-11
Max_H1_P62 0
Max_H1_P63 1.13349e-11
Max_H1_P64 0
Max_H1_P65 0
Max_H1_P66 0
Max_H1_P67 0
Max_H1_P68 0
Max_H1_P69 0
Max_H1_P70 0
Max_H1_P71 0
Max_H1_P72 0
Max_H1_P73 0
Max_H1_P74 0
Max_H1_P75 0
Max_H1_P76 0
Max_H1_P77 0
Max_H1_P78 -2.86865e-12
Max_H1_P79 0
Max_H1_P80 0
Max_H1_P81 0
