
Branch and bound

  Entire solving process        :                           (Time     87.5)
  No feasible solution was found
  Best relaxation cost          :     46985.11 (Node     0) (Time     87.5)
  Lower bound after cuts        :     46985.11
  End lower bound               :     46985.11
  Deepest level reached         : 0
  Deepest real level reached    : 0
  Number of real nodes solved   : 1
  Stopping condition            : enough nodes explored

Problem identification

  Problem                       : <null>
  Machine                       : oslo2.gerad.lan

Solving process summary

  Linear relaxations            :        1
  Column generation iterations  :      134
  Shortest paths solved         :     3428
  Columns generated             :    32392

Instance characteristics

  Resources                     : 3
  Node types                    : no
  Arc types                     : no
  Strong resource windows       : no
  Weak resource windows         : no
  Resource windows (nodes)      : 3
  Resource values (arcs)        : 3
  Values on nodes               : no

  Rows                          : 839
  Initial columns               : 2
  Tasks                         : 677
  Strong tasks                  : 673
  Weak tasks                    : 4
  Initial task constraints      : no
  Nodes                         : 1005
  Arc sets                      : 1
  Arcs                          : 22467
  Networks                      : 2
  Models                        : 1

Memory used per module (Megs)

  Parser (reused)               :      4.851
  Networks                      :     24.702
  Column generator              :      7.265
  Master problem                :      8.513
  -----------------
  Total                         :     40.480

Cpu time per module (seconds)

  Parser                        :        0.0
  Preprocessor                  :        0.0
  Lr solver manager             :        0.1
  Column generator              :       19.6
    (Shortest path)             :       17.1
  Master problem                :       67.8
  -------------------
  Total (without b&b)           :       87.5

Real elapsed time (seconds)

  Parser                        :        0.0
  Preprocessor                  :        0.0
  Lr solver manager             :        0.0
  Column generator              :       19.6
    (Shortest path)             :       17.3
  Master problem                :       68.0
  -------------------
  Total (without b&b)           :       87.6
