
Branch and bound

  Entire solving process        :                           (Time    227.8)
  No feasible solution was found
  Best relaxation cost          :     63795.16 (Node     0) (Time    227.7)
  Lower bound after cuts        :     63795.16
  End lower bound               :     63795.16
  Deepest level reached         : 0
  Deepest real level reached    : 0
  Number of real nodes solved   : 1
  Stopping condition            : enough nodes explored

Problem identification

  Problem                       : <null>
  Machine                       : oslo4.gerad.lan

Solving process summary

  Linear relaxations            :        1
  Column generation iterations  :      115
  Shortest paths solved         :     6721
  Columns generated             :    62319

Instance characteristics

  Resources                     : 3
  Node types                    : no
  Arc types                     : no
  Strong resource windows       : no
  Weak resource windows         : no
  Resource windows (nodes)      : 3
  Resource values (arcs)        : 3
  Values on nodes               : no

  Rows                          : 1112
  Initial columns               : 460
  Tasks                         : 950
  Strong tasks                  : 676
  Weak tasks                    : 4
  Initial task constraints      : no
  Nodes                         : 1278
  Arc sets                      : 1
  Arcs                          : 39857
  Networks                      : 2
  Models                        : 1

Memory used per module (Megs)

  Parser (reused)               :      8.241
  Networks                      :     36.205
  Column generator              :     12.593
  Master problem                :     10.812
  -----------------
  Total                         :     59.610

Cpu time per module (seconds)

  Parser                        :        0.0
  Preprocessor                  :        0.0
  Lr solver manager             :        0.1
  Column generator              :      119.4
    (Shortest path)             :      104.1
  Master problem                :      108.1
  -------------------
  Total (without b&b)           :      227.7

Real elapsed time (seconds)

  Parser                        :        0.0
  Preprocessor                  :        0.0
  Lr solver manager             :        0.2
  Column generator              :      119.3
    (Shortest path)             :      104.1
  Master problem                :      108.2
  -------------------
  Total (without b&b)           :      227.7
