Cover_T0 52
Cover_T1 -52
Cover_T2 52
Cover_T3 -52
Cover_T4 52
Cover_T5 -52
Cover_T6 52
Cover_T7 -52
Cover_T8 52
Cover_T9 -52
Cover_T10 52
Cover_T11 -52
Cover_T12 52
Cover_T13 -52
Cover_T14 52
Cover_T15 -52
Cover_T16 52
Cover_T17 -52
Cover_T18 52
Cover_T19 -52
Cover_T20 52
Cover_T21 -52
Cover_T22 54
Cover_T23 -52
Cover_T24 54
Cover_T25 -50
Cover_T26 56
Cover_T27 -50
Cover_T28 52
Cover_T29 -50
Cover_T30 56
Cover_T31 -48
Cover_T32 56
Cover_T33 -48
Cover_T34 56
Cover_T35 -48
Cover_T36 52
Cover_T37 -48
Cover_T38 56
Cover_T39 -48
Cover_T40 56
Cover_T41 -40
Cover_T42 56
Cover_T43 -38
Cover_T44 52
Cover_T45 -44
Cover_T46 54
Cover_T47 -42
Cover_T48 54
Cover_T49 12
Cover_T50 52
Cover_T51 -1.08109e-10
Cover_T52 48
Cover_T53 992
Cover_T54 1040
Cover_T55 992
Cover_T56 1048
Cover_T57 996
Cover_T58 1044
Cover_T59 996
Cover_T60 992
Cover_T61 996
Cover_T62 1002
Cover_T63 996
Cover_T64 10
Cover_T65 4
Cover_T66 8
Cover_T67 4
Cover_T68 0
Cover_T69 -4
Cover_T70 2
Cover_T71 -4
Cover_T72 0
Cover_T73 0
Cover_T74 -14
Cover_T75 4
Cover_T76 2
Cover_T77 -1.57669e-11
Cover_T78 2
Cover_T79 2
Cover_T80 -14
Cover_T81 8
Cover_T82 -10
Cover_T83 24
Cover_T84 -26
Cover_T85 8
Cover_T86 -42
Cover_T87 8
Cover_T88 0
Cover_T89 24
Cover_T90 0
Cover_T91 20
Cover_T92 2
Cover_T93 36
Cover_T94 2
Cover_T95 52
Cover_T96 2
Cover_T97 10
Cover_T98 -2
Cover_T99 10
Cover_T100 2
Cover_T101 8
Cover_T102 2
Cover_T103 8
Cover_T104 -14
Cover_T105 4.34852e-11
Cover_T106 4
Cover_T107 4
Cover_T108 -2
Cover_T109 12
Cover_T110 -4.49702e-11
Cover_T111 36
Cover_T112 4.6307e-11
Cover_T113 2.2113e-11
Cover_T114 0
Cover_T115 4
Cover_T116 -6
Cover_T117 -2
Cover_T118 -16
Cover_T119 8
Cover_T120 -40
Cover_T121 4
Cover_T122 -6
Cover_T123 14
Cover_T124 -30
Cover_T125 34
Cover_T126 2
Cover_T127 50
Cover_T128 4
Cover_T129 8
Cover_T130 -12
Cover_T131 24
Cover_T132 -8
Cover_T133 40
Cover_T134 -24
Cover_T135 8
Cover_T136 -40
Cover_T137 6
Cover_T138 2
Cover_T139 22
Cover_T140 -2
Cover_T141 26
Cover_T142 2.29761e-10
Cover_T143 50
Cover_T144 5.20446e-11
Cover_T145 1.50921e-10
Cover_T146 0
Cover_T147 -3.6017e-10
Cover_T148 -22
Cover_T149 4
Cover_T150 -46
Cover_T151 10
Cover_T152 -10
Cover_T153 20
Cover_T154 -10
Cover_T155 44
Cover_T156 -10
Cover_T157 8
Cover_T158 -10
Cover_T159 8
Cover_T160 -6
Cover_T161 1.8031e-10
Cover_T162 2
Cover_T163 16
Cover_T164 2
Cover_T165 8
Cover_T166 -14
Cover_T167 6.77886e-09
Cover_T168 -8
Cover_T169 16
Cover_T170 -24
Cover_T171 12
Cover_T172 -40
Cover_T173 12
Cover_T174 2
Cover_T175 30
Cover_T176 2
Cover_T177 24
Cover_T178 0
Cover_T179 42
Cover_T180 0
Cover_T181 58
Cover_T182 0
Cover_T183 20
Cover_T184 -6.02396e-10
Cover_T185 20
Cover_T186 -2
Cover_T187 24
Cover_T188 -2
Cover_T189 24
Cover_T190 -6
Cover_T191 22
Cover_T192 -22
Cover_T193 22
Cover_T194 -8
Cover_T195 22
Cover_T196 -22
Cover_T197 22
Cover_T198 -40
Cover_T199 22
Cover_T200 -12
Cover_T201 38
Cover_T202 -8
Cover_T203 22
Cover_T204 -10
Cover_T205 36
Cover_T206 -10
Cover_T207 52
Cover_T208 -10
Cover_T209 22
Cover_T210 -24
Cover_T211 20
Cover_T212 -40
Cover_T213 24
Cover_T214 -24
Cover_T215 18
Cover_T216 -40
Cover_T217 26
Cover_T218 -40
Cover_T219 40
Cover_T220 -10
Cover_T221 54
Cover_T222 -26
Cover_T223 40
Cover_T224 -10
Cover_T225 62
Cover_T226 -10
Cover_T227 60
Cover_T228 -18
Cover_T229 26
Cover_T230 -34
Cover_T231 48
Cover_T232 -16
Cover_T233 36
Cover_T234 -16
Cover_T235 44
Cover_T236 -24
Cover_T237 56
Cover_T238 -22
Cover_T239 50
Cover_T240 -22
Cover_T241 42
Cover_T242 -28
Cover_T243 72
Cover_T244 -30
Cover_T245 50
Cover_T246 -30
Cover_T247 56
Cover_T248 -30
Cover_T249 52
Cover_T250 -36
Cover_T251 68
Cover_T252 -36
Cover_T253 64
Cover_T254 -42
Cover_T255 52
Cover_T256 -42
Cover_T257 62
Cover_T258 -42
Cover_T259 62
Cover_T260 52
Cover_T261 -52
Cover_T262 52
Cover_T263 -52
Cover_T264 52
Cover_T265 -52
Cover_T266 54
Cover_T267 -52
Cover_T268 52
Cover_T269 -52
Cover_T270 52
Cover_T271 -50
Cover_T272 52
Cover_T273 -48
Cover_T274 54
Cover_T275 -52
Cover_T276 54
Cover_T277 -48
Cover_T278 58
Cover_T279 -48
Cover_T280 54
Cover_T281 -44
Cover_T282 52
Cover_T283 -42
Cover_T284 54
Cover_T285 -44
Cover_T286 56
Cover_T287 -42
Cover_T288 58
Cover_T289 -46
Cover_T290 50
Cover_T291 12
Cover_T292 48
Cover_T293 0
Cover_T294 50
Cover_T295 -4
Cover_T296 46
Cover_T297 988
Cover_T298 1046
Cover_T299 992
Cover_T300 1036
Cover_T301 988
Cover_T302 1046
Cover_T303 996
Cover_T304 990
Cover_T305 992
Cover_T306 994
Cover_T307 996
Cover_T308 1004
Cover_T309 996
Cover_T310 10
Cover_T311 -2
Cover_T312 6
Cover_T313 -1.17183e-10
Cover_T314 10
Cover_T315 2
Cover_T316 0
Cover_T317 -2
Cover_T318 6.39189e-10
Cover_T319 2
Cover_T320 0
Cover_T321 2
Cover_T322 4
Cover_T323 6
Cover_T324 2
Cover_T325 4
Cover_T326 -4
Cover_T327 -2
Cover_T328 4
Cover_T329 1.28964e-10
Cover_T330 -4
Cover_T331 14
Cover_T332 -8
Cover_T333 6
Cover_T334 -32
Cover_T335 14
Cover_T336 2
Cover_T337 14
Cover_T338 2
Cover_T339 30
Cover_T340 4
Cover_T341 46
Cover_T342 4
Cover_T343 4
Cover_T344 4
Cover_T345 4
Cover_T346 0
Cover_T347 2
Cover_T348 4
Cover_T349 2
Cover_T350 4
Cover_T351 2
Cover_T352 -12
Cover_T353 6
Cover_T354 -28
Cover_T355 2
Cover_T356 0
Cover_T357 2
Cover_T358 3.1805e-10
Cover_T359 18
Cover_T360 4
Cover_T361 34
Cover_T362 4
Cover_T363 6
Cover_T364 2
Cover_T365 6
Cover_T366 0
Cover_T367 0
Cover_T368 4
Cover_T369 0
Cover_T370 -6
Cover_T371 1.27486e-10
Cover_T372 -30
Cover_T373 6
Cover_T374 4
Cover_T375 16
Cover_T376 -20
Cover_T377 40
Cover_T378 4
Cover_T379 6
Cover_T380 -2
Cover_T381 30
Cover_T382 -6
Cover_T383 6
Cover_T384 -30
Cover_T385 12
Cover_T386 4
Cover_T387 12
Cover_T388 4
Cover_T389 28
Cover_T390 0
Cover_T391 44
Cover_T392 -2
Cover_T393 2
Cover_T394 0
Cover_T395 2
Cover_T396 2
Cover_T397 6
Cover_T398 -1.26198e-08
Cover_T399 8
Cover_T400 -16
Cover_T401 0
Cover_T402 -36
Cover_T403 -2.25526e-11
Cover_T404 -1.39423e-10
Cover_T405 22
Cover_T406 -2.12191e-10
Cover_T407 46
Cover_T408 3.48674e-10
Cover_T409 10
Cover_T410 -2.57641e-10
Cover_T411 10
Cover_T412 -1.38165e-10
Cover_T413 10
Cover_T414 -5.78069e-10
Cover_T415 10
Cover_T416 -8
Cover_T417 10
Cover_T418 -10
Cover_T419 12
Cover_T420 -34
Cover_T421 22
Cover_T422 4
Cover_T423 20
Cover_T424 4
Cover_T425 36
Cover_T426 2
Cover_T427 54
Cover_T428 2
Cover_T429 12
Cover_T430 2
Cover_T431 14
Cover_T432 2
Cover_T433 16
Cover_T434 -2.88129e-10
Cover_T435 18
Cover_T436 2.52014e-10
Cover_T437 20
Cover_T438 -12
Cover_T439 12
Cover_T440 -6
Cover_T441 20
Cover_T442 -30
Cover_T443 28
Cover_T444 -8
Cover_T445 20
Cover_T446 -14
Cover_T447 38
Cover_T448 -18
Cover_T449 54
Cover_T450 -12
Cover_T451 24
Cover_T452 -16
Cover_T453 22
Cover_T454 -30
Cover_T455 24
Cover_T456 -46
Cover_T457 18
Cover_T458 -30
Cover_T459 24
Cover_T460 -46
Cover_T461 40
Cover_T462 -44
Cover_T463 54
Cover_T464 -10
Cover_T465 34
Cover_T466 -22
Cover_T467 42
Cover_T468 -34
Cover_T469 62
Cover_T470 -14
Cover_T471 60
Cover_T472 -12
Cover_T473 26
Cover_T474 -24
Cover_T475 34
Cover_T476 -26
Cover_T477 50
Cover_T478 -42
Cover_T479 36
Cover_T480 -18
Cover_T481 32
Cover_T482 -30
Cover_T483 40
Cover_T484 -16
Cover_T485 34
Cover_T486 -20
Cover_T487 46
Cover_T488 -22
Cover_T489 50
Cover_T490 -32
Cover_T491 64
Cover_T492 -40
Cover_T493 34
Cover_T494 -52
Cover_T495 46
Cover_T496 -26
Cover_T497 32
Cover_T498 -26
Cover_T499 42
Cover_T500 -26
Cover_T501 36
Cover_T502 -24
Cover_T503 54
Cover_T504 -38
Cover_T505 54
Cover_T506 -28
Cover_T507 70
Cover_T508 -34
Cover_T509 42
Cover_T510 -38
Cover_T511 48
Cover_T512 -34
Cover_T513 56
Cover_T514 -40
Cover_T515 64
Cover_T516 -38
Cover_T517 66
Cover_T518 -46
Cover_T519 56
Cover_T520 -42
Cover_T521 62
Cover_T522 52
Cover_T523 -48
Cover_T524 54
Cover_T525 -48
Cover_T526 56
Cover_T527 -48
Cover_T528 52
Cover_T529 -48
Cover_T530 52
Cover_T531 -38
Cover_T532 54
Cover_T533 -40
Cover_T534 52
Cover_T535 -38
Cover_T536 60
Cover_T537 16
Cover_T538 50
Cover_T539 8
Cover_T540 52
Cover_T541 -3.85398e-11
Cover_T542 54
Cover_T543 996
Cover_T544 1048
Cover_T545 984
Cover_T546 1038
Cover_T547 996
Cover_T548 1038
Cover_T549 996
Cover_T550 1040
Cover_T551 992
Cover_T552 1048
Cover_T553 996
Cover_T554 1028
Cover_T555 996
Cover_T556 1044
Cover_T557 992
Cover_T558 982
Cover_T559 996
Cover_T560 994
Cover_T561 996
Cover_T562 1002
Cover_T563 992
Cover_T564 6
Cover_T565 0
Cover_T566 14
Cover_T567 2
Cover_T568 6
Cover_T569 -2
Cover_T570 6
Cover_T571 -3.05283e-10
Cover_T572 4
Cover_T573 6
Cover_T574 4
Cover_T575 2
Cover_T576 4
Cover_T577 0
Cover_T578 -12
Cover_T579 2
Cover_T580 4
Cover_T581 2
Cover_T582 4
Cover_T583 2
Cover_T584 -12
Cover_T585 2
Cover_T586 -8
Cover_T587 2
Cover_T588 -24
Cover_T589 18
Cover_T590 -40
Cover_T591 2
Cover_T592 2
Cover_T593 2
Cover_T594 2
Cover_T595 18
Cover_T596 4
Cover_T597 14
Cover_T598 4
Cover_T599 30
Cover_T600 4
Cover_T601 46
Cover_T602 1.23123e-10
Cover_T603 4
Cover_T604 4
Cover_T605 4
Cover_T606 4
Cover_T607 2
Cover_T608 -12
Cover_T609 2
Cover_T610 -28
Cover_T611 2
Cover_T612 -1.56305e-10
Cover_T613 6
Cover_T614 0
Cover_T615 2
Cover_T616 4
Cover_T617 2
Cover_T618 4
Cover_T619 18
Cover_T620 2
Cover_T621 34
Cover_T622 3.00249e-11
Cover_T623 6
Cover_T624 4
Cover_T625 6
Cover_T626 -4
Cover_T627 2
Cover_T628 -6
Cover_T629 2
Cover_T630 -22
Cover_T631 4
Cover_T632 -38
Cover_T633 6
Cover_T634 4
Cover_T635 2
Cover_T636 -12
Cover_T637 10
Cover_T638 -28
Cover_T639 12
Cover_T640 4
Cover_T641 28
Cover_T642 2
Cover_T643 52
Cover_T644 -22
Cover_T645 18
Cover_T646 -26
Cover_T647 42
Cover_T648 -50
Cover_T649 -1.26934e-10
Cover_T650 -1.16557e-10
Cover_T651 24
Cover_T652 4
Cover_T653 20
Cover_T654 0
Cover_T655 36
Cover_T656 0
Cover_T657 52
Cover_T658 -6
Cover_T659 10
Cover_T660 -8
Cover_T661 10
Cover_T662 -24
Cover_T663 -1.69551e-10
Cover_T664 -40
Cover_T665 6
Cover_T666 4
Cover_T667 4
Cover_T668 -8
Cover_T669 6
Cover_T670 4
Cover_T671 4
Cover_T672 -8
Cover_T673 16
Cover_T674 4
Cover_T675 28
Cover_T676 -8
Cover_T677 40
Cover_T678 4
Cover_T679 52
Cover_T680 -8
Cover_T681 4
Cover_T682 4
Cover_T683 16
Cover_T684 -8
Cover_T685 4
Cover_T686 4
Cover_T687 18
Cover_T688 4
Cover_T689 10
Cover_T690 -12
Cover_T691 2
Cover_T692 -6
Cover_T693 20
Cover_T694 -22
Cover_T695 12
Cover_T696 -38
Cover_T697 6
Cover_T698 4
Cover_T699 10
Cover_T700 4
Cover_T701 26
Cover_T702 2
Cover_T703 22
Cover_T704 2
Cover_T705 38
Cover_T706 4
Cover_T707 56
Cover_T708 4
Cover_T709 14
Cover_T710 2
Cover_T711 16
Cover_T712 2
Cover_T713 18
Cover_T714 -1.88059e-10
Cover_T715 18
Cover_T716 -16
Cover_T717 16
Cover_T718 -4
Cover_T719 16
Cover_T720 -18
Cover_T721 16
Cover_T722 -36
Cover_T723 16
Cover_T724 -8
Cover_T725 16
Cover_T726 -8
Cover_T727 32
Cover_T728 -8
Cover_T729 16
Cover_T730 -8
Cover_T731 30
Cover_T732 -12
Cover_T733 54
Cover_T734 -34
Cover_T735 16
Cover_T736 -26
Cover_T737 26
Cover_T738 -50
Cover_T739 20
Cover_T740 -12
Cover_T741 42
Cover_T742 -32
Cover_T743 62
Cover_T744 -16
Cover_T745 44
Cover_T746 -16
Cover_T747 60
Cover_T748 -22
Cover_T749 64
Cover_T750 -40
Cover_T751 36
Cover_T752 -18
Cover_T753 56
Cover_T754 -16
Cover_T755 40
Cover_T756 -22
Cover_T757 42
Cover_T758 -38
Cover_T759 52
Cover_T760 -16
Cover_T761 70
Cover_T762 -22
Cover_T763 54
Cover_T764 -22
Cover_T765 48
Cover_T766 -28
Cover_T767 54
Cover_T768 -28
Cover_T769 80
Cover_T770 -28
Cover_T771 54
Cover_T772 -30
Cover_T773 56
Cover_T774 -36
Cover_T775 54
Cover_T776 -36
Cover_T777 64
Cover_T778 -36
Cover_T779 58
Cover_T780 -46
Cover_T781 56
Cover_T782 -42
Cover_T783 56
Cover_T784 -46
Cover_T785 56
Cover_T786 -46
Cover_T787 4
Cover_T788 -2
Cover_T789 4
Cover_T790 5.654e-10
Cover_T791 8
Cover_T792 -2
Cover_T793 4
Cover_T794 -1.5131e-10
Cover_T795 46
Cover_T796 8.1495e-10
Cover_T797 30
Cover_T798 6
Cover_T799 12
Cover_T800 0
Cover_T801 26
Cover_T802 8
Cover_T803 12
Cover_T804 62
Cover_T805 8
Cover_T806 14
Cover_T807 1050
Cover_T808 1018
Cover_T809 1086
Cover_T810 1032
Cover_T811 1072
Cover_T812 1042
Cover_T813 1096
Cover_T814 1028
Cover_T815 1094
Cover_T816 1040
Cover_T817 1028
Cover_T818 1044
Cover_T819 1052
Cover_T820 0
Cover_T821 48
Cover_T822 -28
Cover_T823 52
Cover_T824 -34
Cover_T825 48
Cover_T826 -22
Cover_T827 44
Cover_T828 52
Cover_T829 0
Cover_T830 52
Cover_T831 -34
Cover_T832 52
Cover_T833 0
Cover_T834 18
Cover_T835 0
Cover_T836 36
Cover_T837 0
Cover_T838 52
Cover_T839 4
Cover_T840 52
Cover_T841 0
Cover_T842 16
Cover_T843 0
Cover_T844 2
Cover_T845 50
Cover_T846 6.37907e-09
Cover_T847 34
Cover_T848 0
Cover_T849 20
Cover_T850 12
Cover_T851 0
Cover_T852 16
Cover_T853 0
Cover_T854 -18
Cover_T855 36
Cover_T856 0
Cover_T857 16
Cover_T858 26
Cover_T859 18
Cover_T860 32
Cover_T861 0
Cover_T862 2
Cover_T863 40
Cover_T864 6
Cover_T865 40
Cover_T866 24
Count_D0 -984
Count_D1 -1000
Max_H0_P0 0
Max_H0_P1 0
Max_H0_P2 0
Max_H0_P3 0
Max_H0_P4 0
Max_H0_P5 -1.60227e-11
Max_H0_P6 3.84972e-11
Max_H0_P7 0
Max_H0_P8 0
Max_H0_P9 0
Max_H0_P10 0
Max_H0_P11 0
Max_H0_P12 0
Max_H0_P13 0
Max_H0_P14 0
Max_H0_P15 9.68425e-11
Max_H0_P16 4.03446e-11
Max_H0_P17 1.49605e-11
Max_H0_P18 -1.0123e-10
Max_H0_P19 -6.09361e-11
Max_H0_P20 -7.84554e-12
Max_H0_P21 -1.34284e-10
Max_H0_P22 0
Max_H0_P23 5.57403e-11
Max_H0_P24 1.552e-11
Max_H0_P25 -2.82174e-12
Max_H0_P26 -1.46842e-11
Max_H0_P27 -0
Max_H0_P28 4.27774e-11
Max_H0_P29 0
Max_H0_P30 4.3211e-12
Max_H0_P31 4.53174e-11
Max_H0_P32 -6.99891e-11
Max_H0_P33 -4.39073e-11
Max_H0_P34 -2.00483e-11
Max_H0_P35 3.13112e-11
Max_H0_P36 -1.70461e-11
Max_H0_P37 2.52072e-11
Max_H0_P38 8.03189e-11
Max_H0_P39 -8.12863e-11
Max_H0_P40 -5.49834e-11
Max_H0_P41 -1.81677e-12
Max_H0_P42 3.67391e-11
Max_H0_P43 -6.39452e-11
Max_H0_P44 0
Max_H0_P45 0
Max_H0_P46 0
Max_H0_P47 0
Max_H0_P48 0
Max_H0_P49 0
Max_H0_P50 0
Max_H0_P51 0
Max_H0_P52 0
Max_H0_P53 0
Max_H0_P54 0
Max_H0_P55 0
Max_H0_P56 -2
Max_H0_P57 0
Max_H0_P58 0
Max_H0_P59 0
Max_H0_P60 5.38015e-10
Max_H0_P61 0
Max_H0_P62 0
Max_H0_P63 0
Max_H0_P64 0
Max_H0_P65 0
Max_H0_P66 0
Max_H0_P67 0
Max_H0_P68 0
Max_H0_P69 0
Max_H0_P70 0
Max_H0_P71 0
Max_H0_P72 0
Max_H0_P73 0
Max_H0_P74 0
Max_H0_P75 0
Max_H0_P76 0
Max_H0_P77 0
Max_H0_P78 -1.10283e-12
Max_H0_P79 0
Max_H0_P80 0
Max_H0_P81 0
Max_H1_P0 0
Max_H1_P1 0
Max_H1_P2 -3.1082e-11
Max_H1_P3 0
Max_H1_P4 0
Max_H1_P5 1.7089e-11
Max_H1_P6 -1.31681e-11
Max_H1_P7 0
Max_H1_P8 0
Max_H1_P9 0
Max_H1_P10 0
Max_H1_P11 0
Max_H1_P12 0
Max_H1_P13 0
Max_H1_P14 0
Max_H1_P15 9.3678e-11
Max_H1_P16 -4.04885e-11
Max_H1_P17 1.27129e-10
Max_H1_P18 -1.0258e-10
Max_H1_P19 -7.84554e-12
Max_H1_P20 -1.50271e-11
Max_H1_P21 -7.19211e-11
Max_H1_P22 5.20588e-11
Max_H1_P23 7.06532e-13
Max_H1_P24 1.48134e-11
Max_H1_P25 -5.98632e-12
Max_H1_P26 3.16458e-12
Max_H1_P27 5.93771e-11
Max_H1_P28 -2.36835e-12
Max_H1_P29 4.99593e-11
Max_H1_P30 1.4504e-12
Max_H1_P31 7.89022e-11
Max_H1_P32 8.49703e-11
Max_H1_P33 -1.43018e-10
Max_H1_P34 1.42652e-11
Max_H1_P35 0
Max_H1_P36 -1.17784e-11
Max_H1_P37 4.96385e-11
Max_H1_P38 3.19704e-11
Max_H1_P39 -3.0208e-11
Max_H1_P40 5.44478e-11
Max_H1_P41 -7.87028e-11
Max_H1_P42 3.12032e-11
Max_H1_P43 -7.87823e-11
Max_H1_P44 1.03739e-12
Max_H1_P45 0
Max_H1_P46 1.2048e-10
Max_H1_P47 0
Max_H1_P48 0
Max_H1_P49 -4.35377e-11
Max_H1_P50 0
Max_H1_P51 0
Max_H1_P52 -7.59591e-11
Max_H1_P53 0
Max_H1_P54 1.61449e-10
Max_H1_P55 0
Max_H1_P56 -2
Max_H1_P57 -5.68632e-11
Max_H1_P58 0
Max_H1_P59 0
Max_H1_P60 6.76857e-10
Max_H1_P61 0
Max_H1_P62 4.36495e-12
Max_H1_P63 0
Max_H1_P64 0
Max_H1_P65 0
Max_H1_P66 0
Max_H1_P67 0
Max_H1_P68 0
Max_H1_P69 0
Max_H1_P70 0
Max_H1_P71 0
Max_H1_P72 1.69678e-11
Max_H1_P73 0
Max_H1_P74 0
Max_H1_P75 0
Max_H1_P76 0
Max_H1_P77 6.8102e-11
Max_H1_P78 -2.11235e-11
Max_H1_P79 -0
Max_H1_P80 0
Max_H1_P81 0
