
Branch and bound

  Entire solving process        :                           (Time    355.6)
  No feasible solution was found
  Best relaxation cost          :     64150.13 (Node     0) (Time    355.6)
  Lower bound after cuts        :     64150.13
  End lower bound               :     64150.13
  Deepest level reached         : 0
  Deepest real level reached    : 0
  Number of real nodes solved   : 1
  Stopping condition            : enough nodes explored

Problem identification

  Problem                       : <null>
  Machine                       : oslo2.gerad.lan

Solving process summary

  Linear relaxations            :        1
  Column generation iterations  :      149
  Shortest paths solved         :     9800
  Columns generated             :    62532

Instance characteristics

  Resources                     : 3
  Node types                    : no
  Arc types                     : no
  Strong resource windows       : no
  Weak resource windows         : no
  Resource windows (nodes)      : 3
  Resource values (arcs)        : 3
  Values on nodes               : no

  Rows                          : 1033
  Initial columns               : 453
  Tasks                         : 871
  Strong tasks                  : 603
  Weak tasks                    : 4
  Initial task constraints      : no
  Nodes                         : 1199
  Arc sets                      : 1
  Arcs                          : 34065
  Networks                      : 2
  Models                        : 1

Memory used per module (Megs)

  Parser (reused)               :      7.152
  Networks                      :     33.662
  Column generator              :     11.140
  Master problem                :     10.094
  -----------------
  Total                         :     54.895

Cpu time per module (seconds)

  Parser                        :        0.0
  Preprocessor                  :        0.0
  Lr solver manager             :        0.1
  Column generator              :      109.5
    (Shortest path)             :       97.6
  Master problem                :      246.0
  -------------------
  Total (without b&b)           :      355.6

Real elapsed time (seconds)

  Parser                        :        0.0
  Preprocessor                  :        0.0
  Lr solver manager             :        0.2
  Column generator              :      109.6
    (Shortest path)             :       97.8
  Master problem                :      246.3
  -------------------
  Total (without b&b)           :      356.1
