
Branch and bound

  Entire solving process        :                           (Time   1596.9)
  No feasible solution was found
  Best relaxation cost          :     64460.13 (Node     0) (Time   1596.9)
  Lower bound after cuts        :     64460.13
  End lower bound               :     64460.13
  Deepest level reached         : 0
  Deepest real level reached    : 0
  Number of real nodes solved   : 1
  Stopping condition            : enough nodes explored

Problem identification

  Problem                       : <null>
  Machine                       : oslo1.gerad.lan

Solving process summary

  Linear relaxations            :        1
  Column generation iterations  :      284
  Shortest paths solved         :     5931
  Columns generated             :    64856

Instance characteristics

  Resources                     : 3
  Node types                    : no
  Arc types                     : no
  Strong resource windows       : no
  Weak resource windows         : no
  Resource windows (nodes)      : 3
  Resource values (arcs)        : 3
  Values on nodes               : no

  Rows                          : 1033
  Initial columns               : 2
  Tasks                         : 871
  Strong tasks                  : 867
  Weak tasks                    : 4
  Initial task constraints      : no
  Nodes                         : 1199
  Arc sets                      : 1
  Arcs                          : 34065
  Networks                      : 2
  Models                        : 1

Memory used per module (Megs)

  Parser (reused)               :      7.152
  Networks                      :     31.846
  Column generator              :     15.378
  Master problem                :     10.116
  -----------------
  Total                         :     57.340

Cpu time per module (seconds)

  Parser                        :        0.0
  Preprocessor                  :        0.0
  Lr solver manager             :        0.3
  Column generator              :      111.1
    (Shortest path)             :       95.5
  Master problem                :     1485.4
  -------------------
  Total (without b&b)           :     1596.9

Real elapsed time (seconds)

  Parser                        :        0.0
  Preprocessor                  :        0.0
  Lr solver manager             :        0.3
  Column generator              :      111.1
    (Shortest path)             :       95.5
  Master problem                :     1485.4
  -------------------
  Total (without b&b)           :     1596.9
