Cover_T0 52
Cover_T1 -52
Cover_T2 52
Cover_T3 -52
Cover_T4 52
Cover_T5 -52
Cover_T6 52
Cover_T7 -52
Cover_T8 52
Cover_T9 -52
Cover_T10 52
Cover_T11 -52
Cover_T12 52
Cover_T13 -52
Cover_T14 54
Cover_T15 -52
Cover_T16 54
Cover_T17 -50
Cover_T18 54
Cover_T19 -50
Cover_T20 54
Cover_T21 -50
Cover_T22 54
Cover_T23 -50
Cover_T24 56
Cover_T25 -50
Cover_T26 56
Cover_T27 -48
Cover_T28 56
Cover_T29 -48
Cover_T30 56
Cover_T31 -48
Cover_T32 56
Cover_T33 -48
Cover_T34 56
Cover_T35 -48
Cover_T36 56
Cover_T37 -48
Cover_T38 54
Cover_T39 -48
Cover_T40 54
Cover_T41 -48
Cover_T42 52
Cover_T43 -44
Cover_T44 52
Cover_T45 -44
Cover_T46 54
Cover_T47 -44
Cover_T48 50
Cover_T49 -44
Cover_T50 50
Cover_T51 -34
Cover_T52 54
Cover_T53 -34
Cover_T54 54
Cover_T55 2
Cover_T56 54
Cover_T57 932
Cover_T58 998
Cover_T59 940
Cover_T60 998
Cover_T61 938
Cover_T62 1038
Cover_T63 946
Cover_T64 1038
Cover_T65 946
Cover_T66 994
Cover_T67 944
Cover_T68 72
Cover_T69 2
Cover_T70 64
Cover_T71 2
Cover_T72 46
Cover_T73 -44
Cover_T74 26
Cover_T75 -44
Cover_T76 10
Cover_T77 -48
Cover_T78 -6
Cover_T79 -44
Cover_T80 4
Cover_T81 -28
Cover_T82 -2.50984e-11
Cover_T83 -12
Cover_T84 6
Cover_T85 4
Cover_T86 0
Cover_T87 18
Cover_T88 -1.10305e-10
Cover_T89 0
Cover_T90 8
Cover_T91 0
Cover_T92 -4
Cover_T93 4
Cover_T94 -16
Cover_T95 2
Cover_T96 -28
Cover_T97 4
Cover_T98 -40
Cover_T99 4
Cover_T100 -52
Cover_T101 -4
Cover_T102 -48
Cover_T103 8
Cover_T104 0
Cover_T105 20
Cover_T106 3.09683e-10
Cover_T107 32
Cover_T108 -8.67573e-11
Cover_T109 44
Cover_T110 -1.46521e-10
Cover_T111 40
Cover_T112 -4
Cover_T113 52
Cover_T114 -16
Cover_T115 4
Cover_T116 -28
Cover_T117 4
Cover_T118 -40
Cover_T119 2
Cover_T120 -52
Cover_T121 0
Cover_T122 -16
Cover_T123 8
Cover_T124 -28
Cover_T125 20
Cover_T126 -40
Cover_T127 34
Cover_T128 8
Cover_T129 50
Cover_T130 10
Cover_T131 18
Cover_T132 -6
Cover_T133 34
Cover_T134 52
Cover_T135 50
Cover_T136 52
Cover_T137 2
Cover_T138 36
Cover_T139 0
Cover_T140 52
Cover_T141 16
Cover_T142 38
Cover_T143 -46
Cover_T144 26
Cover_T145 -50
Cover_T146 14
Cover_T147 -38
Cover_T148 6
Cover_T149 -26
Cover_T150 -6
Cover_T151 -46
Cover_T152 48
Cover_T153 -34
Cover_T154 36
Cover_T155 -22
Cover_T156 24
Cover_T157 -10
Cover_T158 12
Cover_T159 -2
Cover_T160 48
Cover_T161 10
Cover_T162 34
Cover_T163 -40
Cover_T164 18
Cover_T165 -24
Cover_T166 2
Cover_T167 -8
Cover_T168 -14
Cover_T169 -40
Cover_T170 -30
Cover_T171 -24
Cover_T172 -24
Cover_T173 -8
Cover_T174 -40
Cover_T175 8
Cover_T176 -40
Cover_T177 24
Cover_T178 -40
Cover_T179 40
Cover_T180 4
Cover_T181 34
Cover_T182 6
Cover_T183 50
Cover_T184 -8
Cover_T185 50
Cover_T186 -24
Cover_T187 50
Cover_T188 -40
Cover_T189 8
Cover_T190 4
Cover_T191 6
Cover_T192 6
Cover_T193 14
Cover_T194 4
Cover_T195 28
Cover_T196 0
Cover_T197 38
Cover_T198 1.48101e-09
Cover_T199 52
Cover_T200 -10
Cover_T201 2
Cover_T202 -22
Cover_T203 3.71941e-10
Cover_T204 -34
Cover_T205 2
Cover_T206 -46
Cover_T207 6
Cover_T208 -10
Cover_T209 10
Cover_T210 -4
Cover_T211 16
Cover_T212 0
Cover_T213 34
Cover_T214 50
Cover_T215 90
Cover_T216 50
Cover_T217 90
Cover_T218 42
Cover_T219 90
Cover_T220 34
Cover_T221 54
Cover_T222 50
Cover_T223 78
Cover_T224 42
Cover_T225 60
Cover_T226 50
Cover_T227 56
Cover_T228 40
Cover_T229 72
Cover_T230 40
Cover_T231 14
Cover_T232 -4
Cover_T233 22
Cover_T234 8
Cover_T235 24
Cover_T236 12
Cover_T237 38
Cover_T238 0
Cover_T239 18
Cover_T240 -24
Cover_T241 32
Cover_T242 -6
Cover_T243 32
Cover_T244 -6
Cover_T245 36
Cover_T246 -14
Cover_T247 38
Cover_T248 -10
Cover_T249 58
Cover_T250 -16
Cover_T251 42
Cover_T252 -16
Cover_T253 40
Cover_T254 -18
Cover_T255 46
Cover_T256 -18
Cover_T257 44
Cover_T258 -28
Cover_T259 44
Cover_T260 -30
Cover_T261 38
Cover_T262 -28
Cover_T263 46
Cover_T264 -32
Cover_T265 46
Cover_T266 -32
Cover_T267 46
Cover_T268 -32
Cover_T269 46
Cover_T270 -32
Cover_T271 46
Cover_T272 -38
Cover_T273 38
Cover_T274 -38
Cover_T275 42
Cover_T276 -40
Cover_T277 42
Cover_T278 -40
Cover_T279 42
Cover_T280 -36
Cover_T281 42
Cover_T282 -50
Cover_T283 50
Cover_T284 -40
Cover_T285 50
Cover_T286 -36
Cover_T287 54
Cover_T288 -36
Cover_T289 52
Cover_T290 -36
Cover_T291 46
Cover_T292 -36
Cover_T293 46
Cover_T294 -36
Cover_T295 46
Cover_T296 -36
Cover_T297 48
Cover_T298 -36
Cover_T299 48
Cover_T300 -40
Cover_T301 44
Cover_T302 -38
Cover_T303 44
Cover_T304 -38
Cover_T305 52
Cover_T306 -38
Cover_T307 56
Cover_T308 -38
Cover_T309 58
Cover_T310 -40
Cover_T311 50
Cover_T312 -42
Cover_T313 54
Cover_T314 -46
Cover_T315 58
Cover_T316 -44
Cover_T317 54
Cover_T318 -46
Cover_T319 54
Cover_T320 -50
Cover_T321 58
Cover_T322 52
Cover_T323 -52
Cover_T324 54
Cover_T325 -50
Cover_T326 52
Cover_T327 -50
Cover_T328 54
Cover_T329 -50
Cover_T330 52
Cover_T331 -48
Cover_T332 52
Cover_T333 -48
Cover_T334 52
Cover_T335 -48
Cover_T336 50
Cover_T337 -48
Cover_T338 50
Cover_T339 -48
Cover_T340 50
Cover_T341 -48
Cover_T342 54
Cover_T343 -46
Cover_T344 50
Cover_T345 -42
Cover_T346 48
Cover_T347 -46
Cover_T348 48
Cover_T349 -38
Cover_T350 52
Cover_T351 -46
Cover_T352 50
Cover_T353 -36
Cover_T354 54
Cover_T355 -32
Cover_T356 54
Cover_T357 -40
Cover_T358 50
Cover_T359 0
Cover_T360 54
Cover_T361 934
Cover_T362 46
Cover_T363 926
Cover_T364 994
Cover_T365 938
Cover_T366 988
Cover_T367 938
Cover_T368 1034
Cover_T369 932
Cover_T370 1038
Cover_T371 948
Cover_T372 1002
Cover_T373 940
Cover_T374 64
Cover_T375 948
Cover_T376 76
Cover_T377 5.72399e-10
Cover_T378 64
Cover_T379 0
Cover_T380 52
Cover_T381 -48
Cover_T382 38
Cover_T383 -44
Cover_T384 22
Cover_T385 -44
Cover_T386 -4
Cover_T387 -36
Cover_T388 6
Cover_T389 -16
Cover_T390 6
Cover_T391 4
Cover_T392 8.71836e-11
Cover_T393 22
Cover_T394 6
Cover_T395 8
Cover_T396 10
Cover_T397 4
Cover_T398 -6
Cover_T399 6
Cover_T400 -22
Cover_T401 -6.80345e-11
Cover_T402 -38
Cover_T403 -4
Cover_T404 -38
Cover_T405 12
Cover_T406 6
Cover_T407 28
Cover_T408 4
Cover_T409 40
Cover_T410 4
Cover_T411 52
Cover_T412 4
Cover_T413 48
Cover_T414 6.41531e-11
Cover_T415 9.95126e-12
Cover_T416 -12
Cover_T417 0
Cover_T418 -24
Cover_T419 0
Cover_T420 -36
Cover_T421 0
Cover_T422 -48
Cover_T423 4
Cover_T424 -12
Cover_T425 16
Cover_T426 -24
Cover_T427 28
Cover_T428 -36
Cover_T429 40
Cover_T430 -48
Cover_T431 52
Cover_T432 4
Cover_T433 16
Cover_T434 10
Cover_T435 28
Cover_T436 -2
Cover_T437 40
Cover_T438 -14
Cover_T439 52
Cover_T440 48
Cover_T441 0
Cover_T442 52
Cover_T443 -6
Cover_T444 40
Cover_T445 6
Cover_T446 28
Cover_T447 18
Cover_T448 46
Cover_T449 -40
Cover_T450 30
Cover_T451 -40
Cover_T452 14
Cover_T453 -24
Cover_T454 2
Cover_T455 -40
Cover_T456 52
Cover_T457 -24
Cover_T458 36
Cover_T459 -8
Cover_T460 20
Cover_T461 4
Cover_T462 52
Cover_T463 -48
Cover_T464 40
Cover_T465 -36
Cover_T466 28
Cover_T467 -24
Cover_T468 16
Cover_T469 -12
Cover_T470 4
Cover_T471 -48
Cover_T472 -8
Cover_T473 -36
Cover_T474 -20
Cover_T475 -24
Cover_T476 -32
Cover_T477 -12
Cover_T478 -22
Cover_T479 -1.11328e-10
Cover_T480 -34
Cover_T481 12
Cover_T482 -46
Cover_T483 26
Cover_T484 -46
Cover_T485 42
Cover_T486 -46
Cover_T487 36
Cover_T488 -2
Cover_T489 52
Cover_T490 0
Cover_T491 52
Cover_T492 -14
Cover_T493 52
Cover_T494 -30
Cover_T495 8
Cover_T496 -46
Cover_T497 8
Cover_T498 -2
Cover_T499 22
Cover_T500 8
Cover_T501 38
Cover_T502 -1.51601e-10
Cover_T503 54
Cover_T504 -4
Cover_T505 10
Cover_T506 -18
Cover_T507 2
Cover_T508 -34
Cover_T509 10
Cover_T510 -2
Cover_T511 14
Cover_T512 0
Cover_T513 28
Cover_T514 4
Cover_T515 46
Cover_T516 50
Cover_T517 102
Cover_T518 46
Cover_T519 54
Cover_T520 30
Cover_T521 48
Cover_T522 46
Cover_T523 54
Cover_T524 44
Cover_T525 10
Cover_T526 -4
Cover_T527 18
Cover_T528 8
Cover_T529 34
Cover_T530 12
Cover_T531 26
Cover_T532 -12
Cover_T533 14
Cover_T534 -30
Cover_T535 28
Cover_T536 -10
Cover_T537 32
Cover_T538 -10
Cover_T539 32
Cover_T540 -14
Cover_T541 34
Cover_T542 -22
Cover_T543 50
Cover_T544 -20
Cover_T545 38
Cover_T546 -20
Cover_T547 32
Cover_T548 -24
Cover_T549 34
Cover_T550 -18
Cover_T551 48
Cover_T552 -22
Cover_T553 40
Cover_T554 -36
Cover_T555 32
Cover_T556 -28
Cover_T557 40
Cover_T558 -28
Cover_T559 42
Cover_T560 -32
Cover_T561 36
Cover_T562 -40
Cover_T563 36
Cover_T564 -34
Cover_T565 38
Cover_T566 -34
Cover_T567 38
Cover_T568 -34
Cover_T569 38
Cover_T570 -36
Cover_T571 38
Cover_T572 -36
Cover_T573 42
Cover_T574 -52
Cover_T575 42
Cover_T576 -46
Cover_T577 42
Cover_T578 -36
Cover_T579 42
Cover_T580 -36
Cover_T581 50
Cover_T582 -36
Cover_T583 40
Cover_T584 -44
Cover_T585 46
Cover_T586 -36
Cover_T587 54
Cover_T588 -40
Cover_T589 54
Cover_T590 -36
Cover_T591 44
Cover_T592 -36
Cover_T593 40
Cover_T594 -44
Cover_T595 40
Cover_T596 -36
Cover_T597 48
Cover_T598 -40
Cover_T599 40
Cover_T600 -36
Cover_T601 44
Cover_T602 -38
Cover_T603 40
Cover_T604 -44
Cover_T605 40
Cover_T606 -36
Cover_T607 48
Cover_T608 -40
Cover_T609 42
Cover_T610 -48
Cover_T611 50
Cover_T612 -44
Cover_T613 44
Cover_T614 -42
Cover_T615 56
Cover_T616 -38
Cover_T617 50
Cover_T618 -38
Cover_T619 58
Cover_T620 -38
Cover_T621 54
Cover_T622 -38
Cover_T623 54
Cover_T624 -38
Cover_T625 48
Cover_T626 -42
Cover_T627 48
Cover_T628 -40
Cover_T629 54
Cover_T630 -42
Cover_T631 58
Cover_T632 -42
Cover_T633 50
Cover_T634 -44
Cover_T635 54
Cover_T636 -44
Cover_T637 58
Cover_T638 -46
Cover_T639 56
Cover_T640 -46
Cover_T641 58
Cover_T642 -50
Cover_T643 58
Cover_T644 -50
Cover_T645 50
Cover_T646 -48
Cover_T647 52
Cover_T648 -48
Cover_T649 52
Cover_T650 -48
Cover_T651 50
Cover_T652 -42
Cover_T653 52
Cover_T654 -42
Cover_T655 48
Cover_T656 -42
Cover_T657 48
Cover_T658 -42
Cover_T659 48
Cover_T660 -32
Cover_T661 56
Cover_T662 -32
Cover_T663 56
Cover_T664 -2.48555e-10
Cover_T665 50
Cover_T666 938
Cover_T667 46
Cover_T668 926
Cover_T669 994
Cover_T670 942
Cover_T671 998
Cover_T672 940
Cover_T673 990
Cover_T674 942
Cover_T675 1040
Cover_T676 944
Cover_T677 1040
Cover_T678 948
Cover_T679 1034
Cover_T680 940
Cover_T681 1034
Cover_T682 948
Cover_T683 1038
Cover_T684 944
Cover_T685 994
Cover_T686 948
Cover_T687 64
Cover_T688 948
Cover_T689 64
Cover_T690 0
Cover_T691 44
Cover_T692 0
Cover_T693 34
Cover_T694 4
Cover_T695 26
Cover_T696 -42
Cover_T697 0
Cover_T698 -42
Cover_T699 -10
Cover_T700 -46
Cover_T701 4
Cover_T702 -42
Cover_T703 2
Cover_T704 -26
Cover_T705 0
Cover_T706 -10
Cover_T707 6
Cover_T708 6
Cover_T709 10
Cover_T710 22
Cover_T711 -6
Cover_T712 8
Cover_T713 -22
Cover_T714 4
Cover_T715 -38
Cover_T716 6
Cover_T717 -38
Cover_T718 0
Cover_T719 6
Cover_T720 -4
Cover_T721 2
Cover_T722 12
Cover_T723 0
Cover_T724 28
Cover_T725 -6.06164e-11
Cover_T726 40
Cover_T727 -8
Cover_T728 52
Cover_T729 -20
Cover_T730 48
Cover_T731 -32
Cover_T732 3.4035e-11
Cover_T733 -44
Cover_T734 -1.65301e-10
Cover_T735 -8
Cover_T736 8.46223e-12
Cover_T737 -20
Cover_T738 1.14341e-10
Cover_T739 -32
Cover_T740 4
Cover_T741 -44
Cover_T742 16
Cover_T743 8
Cover_T744 28
Cover_T745 -2
Cover_T746 36
Cover_T747 8
Cover_T748 44
Cover_T749 6.48583e-11
Cover_T750 52
Cover_T751 -8
Cover_T752 12
Cover_T753 -16
Cover_T754 20
Cover_T755 50
Cover_T756 28
Cover_T757 42
Cover_T758 36
Cover_T759 50
Cover_T760 44
Cover_T761 42
Cover_T762 52
Cover_T763 34
Cover_T764 -4
Cover_T765 26
Cover_T766 4
Cover_T767 50
Cover_T768 -6
Cover_T769 42
Cover_T770 2
Cover_T771 34
Cover_T772 10
Cover_T773 26
Cover_T774 18
Cover_T775 16
Cover_T776 -44
Cover_T777 8
Cover_T778 -48
Cover_T779 -4
Cover_T780 -36
Cover_T781 50
Cover_T782 -24
Cover_T783 38
Cover_T784 -44
Cover_T785 26
Cover_T786 -32
Cover_T787 14
Cover_T788 -20
Cover_T789 50
Cover_T790 -8
Cover_T791 38
Cover_T792 0
Cover_T793 26
Cover_T794 12
Cover_T795 12
Cover_T796 -38
Cover_T797 -4
Cover_T798 -22
Cover_T799 -20
Cover_T800 -6
Cover_T801 -36
Cover_T802 -38
Cover_T803 -30
Cover_T804 -22
Cover_T805 -46
Cover_T806 -6
Cover_T807 -46
Cover_T808 10
Cover_T809 -46
Cover_T810 22
Cover_T811 6
Cover_T812 30
Cover_T813 -2
Cover_T814 38
Cover_T815 8
Cover_T816 24
Cover_T817 -1.20233e-11
Cover_T818 32
Cover_T819 -6
Cover_T820 40
Cover_T821 -14
Cover_T822 48
Cover_T823 -22
Cover_T824 40
Cover_T825 -30
Cover_T826 48
Cover_T827 -38
Cover_T828 42
Cover_T829 -46
Cover_T830 50
Cover_T831 6
Cover_T832 -2
Cover_T833 -2
Cover_T834 6
Cover_T835 6
Cover_T836 -4
Cover_T837 8
Cover_T838 4
Cover_T839 0
Cover_T840 10
Cover_T841 -1.9945e-10
Cover_T842 18
Cover_T843 0
Cover_T844 26
Cover_T845 -4
Cover_T846 34
Cover_T847 -10
Cover_T848 42
Cover_T849 -18
Cover_T850 52
Cover_T851 -26
Cover_T852 0
Cover_T853 -34
Cover_T854 8
Cover_T855 -42
Cover_T856 0
Cover_T857 -2
Cover_T858 0
Cover_T859 -10
Cover_T860 10
Cover_T861 1.83057e-10
Cover_T862 10
Cover_T863 10
Cover_T864 8
Cover_T865 2
Cover_T866 16
Cover_T867 52
Cover_T868 70
Cover_T869 52
Cover_T870 70
Cover_T871 38
Cover_T872 70
Cover_T873 50
Cover_T874 106
Cover_T875 38
Cover_T876 72
Cover_T877 46
Cover_T878 70
Cover_T879 50
Cover_T880 66
Cover_T881 44
Cover_T882 14
Cover_T883 -8
Cover_T884 22
Cover_T885 -8
Cover_T886 36
Cover_T887 12
Cover_T888 36
Cover_T889 1.44404e-09
Cover_T890 20
Cover_T891 -10
Cover_T892 28
Cover_T893 -14
Cover_T894 30
Cover_T895 -14
Cover_T896 34
Cover_T897 -30
Cover_T898 22
Cover_T899 -14
Cover_T900 38
Cover_T901 -26
Cover_T902 44
Cover_T903 -14
Cover_T904 54
Cover_T905 -16
Cover_T906 62
Cover_T907 -16
Cover_T908 36
Cover_T909 -24
Cover_T910 32
Cover_T911 -20
Cover_T912 38
Cover_T913 -24
Cover_T914 34
Cover_T915 -22
Cover_T916 44
Cover_T917 -26
Cover_T918 50
Cover_T919 -22
Cover_T920 40
Cover_T921 -30
Cover_T922 48
Cover_T923 -32
Cover_T924 42
Cover_T925 -30
Cover_T926 36
Cover_T927 -34
Cover_T928 38
Cover_T929 -28
Cover_T930 38
Cover_T931 -28
Cover_T932 42
Cover_T933 -30
Cover_T934 38
Cover_T935 -32
Cover_T936 42
Cover_T937 -32
Cover_T938 38
Cover_T939 -32
Cover_T940 42
Cover_T941 -32
Cover_T942 38
Cover_T943 -32
Cover_T944 42
Cover_T945 -34
Cover_T946 38
Cover_T947 -32
Cover_T948 42
Cover_T949 -34
Cover_T950 36
Cover_T951 -40
Cover_T952 40
Cover_T953 -44
Cover_T954 36
Cover_T955 -42
Cover_T956 40
Cover_T957 -36
Cover_T958 44
Cover_T959 -36
Cover_T960 50
Cover_T961 -36
Cover_T962 54
Cover_T963 -36
Cover_T964 52
Cover_T965 -36
Cover_T966 46
Cover_T967 -36
Cover_T968 46
Cover_T969 -36
Cover_T970 48
Cover_T971 -36
Cover_T972 48
Cover_T973 -42
Cover_T974 44
Cover_T975 -38
Cover_T976 48
Cover_T977 -38
Cover_T978 50
Cover_T979 -40
Cover_T980 44
Cover_T981 -40
Cover_T982 58
Cover_T983 -38
Cover_T984 50
Cover_T985 -40
Cover_T986 46
Cover_T987 -40
Cover_T988 62
Cover_T989 -40
Cover_T990 58
Cover_T991 -40
Cover_T992 54
Cover_T993 -40
Cover_T994 54
Cover_T995 -42
Cover_T996 60
Cover_T997 -44
Cover_T998 58
Cover_T999 -44
Cover_T1000 52
Cover_T1001 -46
Cover_T1002 52
Cover_T1003 -50
Cover_T1004 56
Cover_T1005 -50
Cover_T1006 4
Cover_T1007 -7.10727e-10
Cover_T1008 10
Cover_T1009 -6.73192e-10
Cover_T1010 14
Cover_T1011 -2
Cover_T1012 10
Cover_T1013 4
Cover_T1014 8
Cover_T1015 -3.40833e-10
Cover_T1016 8
Cover_T1017 0
Cover_T1018 6.28436e-10
Cover_T1019 0
Cover_T1020 8
Cover_T1021 2
Cover_T1022 28
Cover_T1023 50
Cover_T1024 20
Cover_T1025 976
Cover_T1026 8
Cover_T1027 976
Cover_T1028 4
Cover_T1029 980
Cover_T1030 938
Cover_T1031 990
Cover_T1032 1044
Cover_T1033 990
Cover_T1034 1048
Cover_T1035 996
Cover_T1036 1038
Cover_T1037 986
Cover_T1038 1026
Cover_T1039 996
Cover_T1040 1042
Cover_T1041 970
Cover_T1042 1002
Cover_T1043 980
Cover_T1044 68
Cover_T1045 986
Cover_T1046 76
Cover_T1047 996
Cover_T1048 64
Cover_T1049 62
Cover_T1050 52
Cover_T1051 -40
Cover_T1052 58
Cover_T1053 -32
Cover_T1054 52
Cover_T1055 52
Cover_T1056 -26
Cover_T1057 54
Cover_T1058 -32
Cover_T1059 50
Cover_T1060 0
Cover_T1061 106
Cover_T1062 0
Cover_T1063 94
Cover_T1064 8
Cover_T1065 92
Cover_T1066 0
Cover_T1067 92
Cover_T1068 8
Cover_T1069 110
Cover_T1070 94
Cover_T1071 110
Cover_T1072 82
Cover_T1073 68
Cover_T1074 26
Cover_T1075 72
Cover_T1076 26
Cover_T1077 60
Cover_T1078 38
Cover_T1079 72
Cover_T1080 24
Cover_T1081 70
Cover_T1082 8
Cover_T1083 -12
Cover_T1084 0
Cover_T1085 4
Cover_T1086 0
Cover_T1087 30
Cover_T1088 0
Cover_T1089 0
Cover_T1090 0
Cover_T1091 14
Cover_T1092 28
Cover_T1093 22
Cover_T1094 28
Cover_T1095 22
Cover_T1096 0
Cover_T1097 24
Cover_T1098 18
Cover_T1099 26
Cover_T1100 20
Cover_T1101 2
Cover_T1102 16
Cover_T1103 6
Cover_T1104 16
Cover_T1105 26
Cover_T1106 1.13301e-10
Count_D0 -984
Count_D1 -1000
Max_H0_P0 0
Max_H0_P1 0
Max_H0_P2 0
Max_H0_P3 0
Max_H0_P4 0
Max_H0_P5 9.8126e-11
Max_H0_P6 3.14434e-10
Max_H0_P7 0
Max_H0_P8 0
Max_H0_P9 4.33857e-11
Max_H0_P10 0
Max_H0_P11 0
Max_H0_P12 0
Max_H0_P13 0
Max_H0_P14 0
Max_H0_P15 3.17038e-11
Max_H0_P16 7.68103e-12
Max_H0_P17 1.11235e-10
Max_H0_P18 -1.43468e-11
Max_H0_P19 0
Max_H0_P20 -6.13909e-11
Max_H0_P21 5.93298e-11
Max_H0_P22 1.04095e-11
Max_H0_P23 0
Max_H0_P24 0
Max_H0_P25 1.78664e-11
Max_H0_P26 -7.25285e-12
Max_H0_P27 9.88472e-11
Max_H0_P28 8.37326e-12
Max_H0_P29 8.67151e-12
Max_H0_P30 -2.23787e-11
Max_H0_P31 -1.92837e-11
Max_H0_P32 -8.43912e-11
Max_H0_P33 -3.22683e-12
Max_H0_P34 -1.77121e-11
Max_H0_P35 5.71598e-11
Max_H0_P36 0
Max_H0_P37 -5.10951e-11
Max_H0_P38 -9.2335e-12
Max_H0_P39 -2.91443e-11
Max_H0_P40 8.054e-12
Max_H0_P41 9.91633e-11
Max_H0_P42 3.73187e-11
Max_H0_P43 4.59869e-12
Max_H0_P44 -2
Max_H0_P45 0
Max_H0_P46 0
Max_H0_P47 0
Max_H0_P48 0
Max_H0_P49 0
Max_H0_P50 0
Max_H0_P51 0
Max_H0_P52 0
Max_H0_P53 0
Max_H0_P54 0
Max_H0_P55 0
Max_H0_P56 0
Max_H0_P57 0
Max_H0_P58 0
Max_H0_P59 1.04258e-10
Max_H0_P60 9.65876e-11
Max_H0_P61 -1.71312e-11
Max_H0_P62 -3.94106e-11
Max_H0_P63 0
Max_H0_P64 0
Max_H0_P65 -1.01336e-10
Max_H0_P66 1.709e-10
Max_H0_P67 0
Max_H0_P68 0
Max_H0_P69 0
Max_H0_P70 0
Max_H0_P71 0
Max_H0_P72 0
Max_H0_P73 0
Max_H0_P74 0
Max_H0_P75 0
Max_H0_P76 -5.05961e-11
Max_H0_P77 7.15943e-11
Max_H0_P78 -3.82059e-11
Max_H0_P79 1.9412e-11
Max_H0_P80 0
Max_H0_P81 0
Max_H1_P0 0
Max_H1_P1 0
Max_H1_P2 4.66613e-11
Max_H1_P3 9.91669e-11
Max_H1_P4 0
Max_H1_P5 1.12891e-10
Max_H1_P6 3.113e-10
Max_H1_P7 0
Max_H1_P8 -1.63952e-11
Max_H1_P9 0
Max_H1_P10 2.4591e-11
Max_H1_P11 0
Max_H1_P12 0
Max_H1_P13 0
Max_H1_P14 0
Max_H1_P15 0
Max_H1_P16 6.48157e-11
Max_H1_P17 7.95737e-11
Max_H1_P18 6.15685e-11
Max_H1_P19 -7.19212e-11
Max_H1_P20 -6.33911e-11
Max_H1_P21 0
Max_H1_P22 1.70275e-10
Max_H1_P23 -1.34291e-11
Max_H1_P24 -1.30254e-11
Max_H1_P25 2.41298e-11
Max_H1_P26 -1.65201e-11
Max_H1_P27 1.11606e-10
Max_H1_P28 1.56888e-11
Max_H1_P29 -1.15197e-11
Max_H1_P30 1.3844e-11
Max_H1_P31 -1.5703e-11
Max_H1_P32 -3.71428e-11
Max_H1_P33 -7.67324e-11
Max_H1_P34 -2.51568e-11
Max_H1_P35 1.55666e-12
Max_H1_P36 -9.00063e-12
Max_H1_P37 -1.74495e-11
Max_H1_P38 -2.6029e-11
Max_H1_P39 -1.91604e-11
Max_H1_P40 -4.68536e-11
Max_H1_P41 3.33503e-11
Max_H1_P42 -2.18208e-11
Max_H1_P43 1.94808e-11
Max_H1_P44 -2
Max_H1_P45 2.40223e-11
Max_H1_P46 -9.34257e-11
Max_H1_P47 0
Max_H1_P48 0
Max_H1_P49 0
Max_H1_P50 0
Max_H1_P51 0
Max_H1_P52 0
Max_H1_P53 0
Max_H1_P54 0
Max_H1_P55 2.15749e-11
Max_H1_P56 4.20997e-11
Max_H1_P57 -1.3231e-11
Max_H1_P58 0
Max_H1_P59 4.07923e-11
Max_H1_P60 6.11795e-11
Max_H1_P61 -3.40883e-12
Max_H1_P62 1.72591e-11
Max_H1_P63 -2.19074e-11
Max_H1_P64 -1.61435e-11
Max_H1_P65 0
Max_H1_P66 0
Max_H1_P67 0
Max_H1_P68 3.8505e-11
Max_H1_P69 0
Max_H1_P70 0
Max_H1_P71 0
Max_H1_P72 -1.11857e-10
Max_H1_P73 0
Max_H1_P74 0
Max_H1_P75 0
Max_H1_P76 -1.51825e-11
Max_H1_P77 1.10616e-11
Max_H1_P78 -2.89226e-11
Max_H1_P79 2.20552e-11
Max_H1_P80 0
Max_H1_P81 0
