
Branch and bound

  Entire solving process        :                           (Time   4816.7)
  No feasible solution was found
  Best relaxation cost          :     71645.22 (Node     0) (Time   4816.7)
  Lower bound after cuts        :     71645.22
  End lower bound               :     71645.22
  Deepest level reached         : 0
  Deepest real level reached    : 0
  Number of real nodes solved   : 1
  Stopping condition            : enough nodes explored

Problem identification

  Problem                       : <null>
  Machine                       : oslo2.gerad.lan

Solving process summary

  Linear relaxations            :        1
  Column generation iterations  :      300
  Shortest paths solved         :     6923
  Columns generated             :    87672

Instance characteristics

  Resources                     : 3
  Node types                    : no
  Arc types                     : no
  Strong resource windows       : no
  Weak resource windows         : no
  Resource windows (nodes)      : 3
  Resource values (arcs)        : 3
  Values on nodes               : no

  Rows                          : 1273
  Initial columns               : 2
  Tasks                         : 1111
  Strong tasks                  : 1107
  Weak tasks                    : 4
  Initial task constraints      : no
  Nodes                         : 1439
  Arc sets                      : 1
  Arcs                          : 53417
  Networks                      : 2
  Models                        : 1

Memory used per module (Megs)

  Parser (reused)               :     10.784
  Networks                      :     40.322
  Column generator              :     22.764
  Master problem                :     12.097
  -----------------
  Total                         :     75.183

Cpu time per module (seconds)

  Parser                        :        0.0
  Preprocessor                  :        0.0
  Lr solver manager             :        0.2
  Column generator              :      482.8
    (Shortest path)             :      456.3
  Master problem                :     4333.6
  -------------------
  Total (without b&b)           :     4816.7

Real elapsed time (seconds)

  Parser                        :        0.1
  Preprocessor                  :        0.0
  Lr solver manager             :        0.3
  Column generator              :      483.3
    (Shortest path)             :      456.4
  Master problem                :     4340.3
  -------------------
  Total (without b&b)           :     4824.0
