
Branch and bound

  Entire solving process        :                           (Time    479.8)
  No feasible solution was found
  Best relaxation cost          :     56957.14 (Node     0) (Time    479.8)
  Lower bound after cuts        :     56957.14
  End lower bound               :     56957.14
  Deepest level reached         : 0
  Deepest real level reached    : 0
  Number of real nodes solved   : 1
  Stopping condition            : enough nodes explored

Problem identification

  Problem                       : <null>
  Machine                       : oslo1.gerad.lan

Solving process summary

  Linear relaxations            :        1
  Column generation iterations  :      146
  Shortest paths solved         :     6945
  Columns generated             :    63345

Instance characteristics

  Resources                     : 3
  Node types                    : no
  Arc types                     : no
  Strong resource windows       : no
  Weak resource windows         : no
  Resource windows (nodes)      : 3
  Resource values (arcs)        : 3
  Values on nodes               : no

  Rows                          : 1121
  Initial columns               : 442
  Tasks                         : 959
  Strong tasks                  : 684
  Weak tasks                    : 4
  Initial task constraints      : no
  Nodes                         : 1287
  Arc sets                      : 1
  Arcs                          : 41009
  Networks                      : 2
  Models                        : 1

Memory used per module (Megs)

  Parser (reused)               :      8.484
  Networks                      :     37.416
  Column generator              :     17.557
  Master problem                :     11.190
  -----------------
  Total                         :     66.163

Cpu time per module (seconds)

  Parser                        :        0.0
  Preprocessor                  :        0.0
  Lr solver manager             :        0.1
  Column generator              :      166.5
    (Shortest path)             :      152.9
  Master problem                :      313.2
  -------------------
  Total (without b&b)           :      479.8

Real elapsed time (seconds)

  Parser                        :        0.0
  Preprocessor                  :        0.0
  Lr solver manager             :        0.2
  Column generator              :      166.4
    (Shortest path)             :      152.6
  Master problem                :      313.2
  -------------------
  Total (without b&b)           :      479.8
