
Branch and bound

  Entire solving process        :                           (Time    151.6)
  No feasible solution was found
  Best relaxation cost          :     48021.26 (Node     0) (Time    151.6)
  Lower bound after cuts        :     48021.26
  End lower bound               :     48021.26
  Deepest level reached         : 0
  Deepest real level reached    : 0
  Number of real nodes solved   : 1
  Stopping condition            : enough nodes explored

Problem identification

  Problem                       : <null>
  Machine                       : oslo1.gerad.lan

Solving process summary

  Linear relaxations            :        1
  Column generation iterations  :      139
  Shortest paths solved         :     3322
  Columns generated             :    35941

Instance characteristics

  Resources                     : 3
  Node types                    : no
  Arc types                     : no
  Strong resource windows       : no
  Weak resource windows         : no
  Resource windows (nodes)      : 3
  Resource values (arcs)        : 3
  Values on nodes               : no

  Rows                          : 903
  Initial columns               : 2
  Tasks                         : 741
  Strong tasks                  : 737
  Weak tasks                    : 4
  Initial task constraints      : no
  Nodes                         : 1069
  Arc sets                      : 1
  Arcs                          : 25802
  Networks                      : 2
  Models                        : 1

Memory used per module (Megs)

  Parser (reused)               :      5.456
  Networks                      :     26.397
  Column generator              :      9.687
  Master problem                :      9.080
  -----------------
  Total                         :     45.164

Cpu time per module (seconds)

  Parser                        :        0.0
  Preprocessor                  :        0.0
  Lr solver manager             :        0.1
  Column generator              :       32.8
    (Shortest path)             :       29.2
  Master problem                :      118.7
  -------------------
  Total (without b&b)           :      151.6

Real elapsed time (seconds)

  Parser                        :        0.0
  Preprocessor                  :        0.0
  Lr solver manager             :        7.0
  Column generator              :       32.8
    (Shortest path)             :       29.1
  Master problem                :      118.7
  -------------------
  Total (without b&b)           :      158.5
