
Branch and bound

  Entire solving process        :                           (Time    271.4)
  No feasible solution was found
  Best relaxation cost          :     47869.13 (Node     0) (Time    271.4)
  Lower bound after cuts        :     47869.13
  End lower bound               :     47869.13
  Deepest level reached         : 0
  Deepest real level reached    : 0
  Number of real nodes solved   : 1
  Stopping condition            : enough nodes explored

Problem identification

  Problem                       : <null>
  Machine                       : oslo3.gerad.lan

Solving process summary

  Linear relaxations            :        1
  Column generation iterations  :      175
  Shortest paths solved         :    10978
  Columns generated             :    61312

Instance characteristics

  Resources                     : 3
  Node types                    : no
  Arc types                     : no
  Strong resource windows       : no
  Weak resource windows         : no
  Resource windows (nodes)      : 3
  Resource values (arcs)        : 3
  Values on nodes               : no

  Rows                          : 903
  Initial columns               : 368
  Tasks                         : 741
  Strong tasks                  : 511
  Weak tasks                    : 4
  Initial task constraints      : no
  Nodes                         : 1069
  Arc sets                      : 1
  Arcs                          : 25802
  Networks                      : 2
  Models                        : 1

Memory used per module (Megs)

  Parser (reused)               :      5.578
  Networks                      :     28.697
  Column generator              :      8.355
  Master problem                :      9.028
  -----------------
  Total                         :     46.080

Cpu time per module (seconds)

  Parser                        :        0.0
  Preprocessor                  :        0.0
  Lr solver manager             :        0.2
  Column generator              :       97.3
    (Shortest path)             :       89.3
  Master problem                :      173.8
  -------------------
  Total (without b&b)           :      271.4

Real elapsed time (seconds)

  Parser                        :        0.0
  Preprocessor                  :        0.0
  Lr solver manager             :        0.1
  Column generator              :       97.4
    (Shortest path)             :       89.2
  Master problem                :      173.8
  -------------------
  Total (without b&b)           :      271.4
