Cover_T0 52
Cover_T1 -52
Cover_T2 52
Cover_T3 -52
Cover_T4 52
Cover_T5 -52
Cover_T6 52
Cover_T7 -52
Cover_T8 52
Cover_T9 -52
Cover_T10 52
Cover_T11 -52
Cover_T12 52
Cover_T13 -52
Cover_T14 58
Cover_T15 -52
Cover_T16 58
Cover_T17 -52
Cover_T18 58
Cover_T19 -46
Cover_T20 58
Cover_T21 -46
Cover_T22 54
Cover_T23 -46
Cover_T24 62
Cover_T25 -40
Cover_T26 62
Cover_T27 -40
Cover_T28 60
Cover_T29 -40
Cover_T30 56
Cover_T31 -42
Cover_T32 52
Cover_T33 -30
Cover_T34 68
Cover_T35 -12
Cover_T36 60
Cover_T37 -26
Cover_T38 50
Cover_T39 0
Cover_T40 62
Cover_T41 0
Cover_T42 1022
Cover_T43 972
Cover_T44 1022
Cover_T45 962
Cover_T46 1018
Cover_T47 968
Cover_T48 1030
Cover_T49 978
Cover_T50 992
Cover_T51 964
Cover_T52 1000
Cover_T53 0
Cover_T54 28
Cover_T55 2.58121e-11
Cover_T56 0
Cover_T57 -14
Cover_T58 10
Cover_T59 -18
Cover_T60 12
Cover_T61 8
Cover_T62 6.29028e-12
Cover_T63 6.43752e-11
Cover_T64 4
Cover_T65 -4
Cover_T66 2
Cover_T67 8
Cover_T68 4
Cover_T69 4
Cover_T70 -24
Cover_T71 6
Cover_T72 4
Cover_T73 4
Cover_T74 4
Cover_T75 32
Cover_T76 -24
Cover_T77 4
Cover_T78 -16
Cover_T79 4
Cover_T80 -44
Cover_T81 32
Cover_T82 -42
Cover_T83 12
Cover_T84 22
Cover_T85 28
Cover_T86 6
Cover_T87 44
Cover_T88 -10
Cover_T89 36
Cover_T90 -26
Cover_T91 52
Cover_T92 10
Cover_T93 -12
Cover_T94 10
Cover_T95 4
Cover_T96 16
Cover_T97 20
Cover_T98 0
Cover_T99 36
Cover_T100 10
Cover_T101 -3.84546e-11
Cover_T102 10
Cover_T103 0
Cover_T104 -6
Cover_T105 -6
Cover_T106 6
Cover_T107 10
Cover_T108 -10
Cover_T109 0
Cover_T110 -26
Cover_T111 4.93188e-11
Cover_T112 -44
Cover_T113 20
Cover_T114 14
Cover_T115 12
Cover_T116 -6
Cover_T117 32
Cover_T118 22
Cover_T119 52
Cover_T120 22
Cover_T121 -6
Cover_T122 4
Cover_T123 14
Cover_T124 6.12507e-11
Cover_T125 -6
Cover_T126 4
Cover_T127 0
Cover_T128 4
Cover_T129 8
Cover_T130 0
Cover_T131 4
Cover_T132 2.84501e-11
Cover_T133 4
Cover_T134 4
Cover_T135 10
Cover_T136 -24
Cover_T137 12
Cover_T138 0
Cover_T139 6
Cover_T140 -18
Cover_T141 40
Cover_T142 -36
Cover_T143 22
Cover_T144 20
Cover_T145 0
Cover_T146 8
Cover_T147 28
Cover_T148 0
Cover_T149 44
Cover_T150 18
Cover_T151 58
Cover_T152 14
Cover_T153 6
Cover_T154 12
Cover_T155 18
Cover_T156 0
Cover_T157 8
Cover_T158 8
Cover_T159 2
Cover_T160 6
Cover_T161 4
Cover_T162 6
Cover_T163 12
Cover_T164 2
Cover_T165 6
Cover_T166 -20
Cover_T167 6
Cover_T168 -40
Cover_T169 6
Cover_T170 4
Cover_T171 10
Cover_T172 -2
Cover_T173 30
Cover_T174 0
Cover_T175 50
Cover_T176 0
Cover_T177 6
Cover_T178 0
Cover_T179 2
Cover_T180 2
Cover_T181 4
Cover_T182 -38
Cover_T183 22
Cover_T184 -46
Cover_T185 36
Cover_T186 -42
Cover_T187 54
Cover_T188 -8
Cover_T189 38
Cover_T190 -24
Cover_T191 54
Cover_T192 -40
Cover_T193 44
Cover_T194 2
Cover_T195 54
Cover_T196 -14
Cover_T197 22
Cover_T198 -20
Cover_T199 42
Cover_T200 -36
Cover_T201 66
Cover_T202 -6
Cover_T203 28
Cover_T204 -9.92713e-10
Cover_T205 34
Cover_T206 8.51728e-11
Cover_T207 66
Cover_T208 -22
Cover_T209 34
Cover_T210 -6
Cover_T211 28
Cover_T212 -26
Cover_T213 24
Cover_T214 -12
Cover_T215 56
Cover_T216 -12
Cover_T217 36
Cover_T218 -12
Cover_T219 76
Cover_T220 -20
Cover_T221 60
Cover_T222 -24
Cover_T223 60
Cover_T224 -20
Cover_T225 52
Cover_T226 -52
Cover_T227 58
Cover_T228 -46
Cover_T229 56
Cover_T230 -46
Cover_T231 58
Cover_T232 -46
Cover_T233 58
Cover_T234 -40
Cover_T235 58
Cover_T236 -40
Cover_T237 56
Cover_T238 -44
Cover_T239 52
Cover_T240 -30
Cover_T241 54
Cover_T242 -34
Cover_T243 64
Cover_T244 -14
Cover_T245 60
Cover_T246 -26
Cover_T247 48
Cover_T248 0
Cover_T249 58
Cover_T250 4.65263e-11
Cover_T251 1022
Cover_T252 958
Cover_T253 1000
Cover_T254 966
Cover_T255 1030
Cover_T256 978
Cover_T257 1004
Cover_T258 964
Cover_T259 992
Cover_T260 4.07612e-11
Cover_T261 28
Cover_T262 1.14557e-10
Cover_T263 24
Cover_T264 -14
Cover_T265 12
Cover_T266 -10
Cover_T267 8
Cover_T268 -14
Cover_T269 8
Cover_T270 -10
Cover_T271 22
Cover_T272 4
Cover_T273 6
Cover_T274 3.15374e-11
Cover_T275 6
Cover_T276 4.54321e-11
Cover_T277 22
Cover_T278 -10
Cover_T279 20
Cover_T280 2
Cover_T281 22
Cover_T282 -2
Cover_T283 -6
Cover_T284 0
Cover_T285 22
Cover_T286 -2
Cover_T287 22
Cover_T288 26
Cover_T289 -6
Cover_T290 -2
Cover_T291 2
Cover_T292 -2
Cover_T293 -26
Cover_T294 26
Cover_T295 -30
Cover_T296 18
Cover_T297 22
Cover_T298 46
Cover_T299 -6
Cover_T300 50
Cover_T301 -34
Cover_T302 -2
Cover_T303 6
Cover_T304 20
Cover_T305 12
Cover_T306 36
Cover_T307 -4
Cover_T308 0
Cover_T309 6
Cover_T310 -3.34452e-10
Cover_T311 6
Cover_T312 -6
Cover_T313 -10
Cover_T314 10
Cover_T315 2
Cover_T316 -3.26565e-11
Cover_T317 -14
Cover_T318 3.64886e-11
Cover_T319 -30
Cover_T320 16
Cover_T321 -46
Cover_T322 4
Cover_T323 16
Cover_T324 20
Cover_T325 2.60032e-11
Cover_T326 36
Cover_T327 -16
Cover_T328 52
Cover_T329 16
Cover_T330 -10
Cover_T331 20
Cover_T332 6
Cover_T333 4
Cover_T334 24
Cover_T335 0
Cover_T336 -4
Cover_T337 1.96934e-10
Cover_T338 -4
Cover_T339 -2
Cover_T340 -4.75779e-11
Cover_T341 6
Cover_T342 0
Cover_T343 10
Cover_T344 2
Cover_T345 18
Cover_T346 -1.26094e-10
Cover_T347 22
Cover_T348 4
Cover_T349 -6
Cover_T350 4
Cover_T351 0
Cover_T352 2
Cover_T353 4.00879e-10
Cover_T354 30
Cover_T355 -30
Cover_T356 16
Cover_T357 14
Cover_T358 26
Cover_T359 16
Cover_T360 64
Cover_T361 30
Cover_T362 16
Cover_T363 4.87545e-10
Cover_T364 6
Cover_T365 -8
Cover_T366 0
Cover_T367 -2
Cover_T368 4
Cover_T369 -2
Cover_T370 12
Cover_T371 -2
Cover_T372 4
Cover_T373 -8
Cover_T374 4
Cover_T375 -32
Cover_T376 14
Cover_T377 2
Cover_T378 26
Cover_T379 0
Cover_T380 54
Cover_T381 2
Cover_T382 4
Cover_T383 2
Cover_T384 4
Cover_T385 -16
Cover_T386 4
Cover_T387 -10
Cover_T388 -2
Cover_T389 -30
Cover_T390 16
Cover_T391 -50
Cover_T392 10
Cover_T393 -38
Cover_T394 30
Cover_T395 -26
Cover_T396 50
Cover_T397 -46
Cover_T398 40
Cover_T399 -16
Cover_T400 26
Cover_T401 -36
Cover_T402 48
Cover_T403 0
Cover_T404 22
Cover_T405 -18
Cover_T406 44
Cover_T407 -30
Cover_T408 54
Cover_T409 -42
Cover_T410 20
Cover_T411 -2
Cover_T412 30
Cover_T413 -14
Cover_T414 32
Cover_T415 -9.60557e-10
Cover_T416 46
Cover_T417 -18
Cover_T418 56
Cover_T419 -8
Cover_T420 26
Cover_T421 -18
Cover_T422 30
Cover_T423 -30
Cover_T424 20
Cover_T425 -8
Cover_T426 28
Cover_T427 -24
Cover_T428 32
Cover_T429 -44
Cover_T430 52
Cover_T431 -12
Cover_T432 32
Cover_T433 -20
Cover_T434 84
Cover_T435 -20
Cover_T436 52
Cover_T437 -20
Cover_T438 52
Cover_T439 64
Cover_T440 -40
Cover_T441 60
Cover_T442 -40
Cover_T443 54
Cover_T444 -34
Cover_T445 52
Cover_T446 -38
Cover_T447 70
Cover_T448 -16
Cover_T449 56
Cover_T450 6
Cover_T451 68
Cover_T452 4
Cover_T453 1032
Cover_T454 976
Cover_T455 1030
Cover_T456 976
Cover_T457 1040
Cover_T458 978
Cover_T459 1032
Cover_T460 956
Cover_T461 1010
Cover_T462 968
Cover_T463 1030
Cover_T464 978
Cover_T465 1004
Cover_T466 962
Cover_T467 992
Cover_T468 1.35287e-10
Cover_T469 10
Cover_T470 0
Cover_T471 14
Cover_T472 -14
Cover_T473 16
Cover_T474 -10
Cover_T475 24
Cover_T476 -14
Cover_T477 8
Cover_T478 -10
Cover_T479 6
Cover_T480 4
Cover_T481 22
Cover_T482 0
Cover_T483 6
Cover_T484 0
Cover_T485 16
Cover_T486 -16
Cover_T487 -3.85114e-12
Cover_T488 4.69814e-10
Cover_T489 14
Cover_T490 0
Cover_T491 -2
Cover_T492 -16
Cover_T493 -18
Cover_T494 1.6934e-11
Cover_T495 22
Cover_T496 -10
Cover_T497 6
Cover_T498 6
Cover_T499 18
Cover_T500 -8
Cover_T501 6.82947e-11
Cover_T502 12
Cover_T503 -20
Cover_T504 32
Cover_T505 -4
Cover_T506 -4
Cover_T507 -24
Cover_T508 -12
Cover_T509 -44
Cover_T510 8
Cover_T511 -40
Cover_T512 28
Cover_T513 20
Cover_T514 12
Cover_T515 2.17171e-10
Cover_T516 32
Cover_T517 -20
Cover_T518 52
Cover_T519 12
Cover_T520 48
Cover_T521 8
Cover_T522 -12
Cover_T523 10
Cover_T524 8
Cover_T525 12
Cover_T526 36
Cover_T527 0
Cover_T528 -4
Cover_T529 -4.5894e-11
Cover_T530 2
Cover_T531 -28
Cover_T532 4
Cover_T533 22
Cover_T534 10
Cover_T535 6
Cover_T536 -2
Cover_T537 -10
Cover_T538 14
Cover_T539 22
Cover_T540 30
Cover_T541 6
Cover_T542 46
Cover_T543 10
Cover_T544 -16
Cover_T545 6
Cover_T546 0
Cover_T547 0
Cover_T548 16
Cover_T549 0
Cover_T550 -16
Cover_T551 -2.12971e-10
Cover_T552 -20
Cover_T553 12
Cover_T554 -4
Cover_T555 -4
Cover_T556 0
Cover_T557 4
Cover_T558 6
Cover_T559 16
Cover_T560 6
Cover_T561 0
Cover_T562 8
Cover_T563 16
Cover_T564 -4
Cover_T565 1.47397e-10
Cover_T566 12
Cover_T567 -16
Cover_T568 6
Cover_T569 2
Cover_T570 -8
Cover_T571 4
Cover_T572 10
Cover_T573 -2
Cover_T574 -6
Cover_T575 -18
Cover_T576 20
Cover_T577 -34
Cover_T578 36
Cover_T579 16
Cover_T580 22
Cover_T581 0
Cover_T582 18
Cover_T583 10
Cover_T584 38
Cover_T585 10
Cover_T586 60
Cover_T587 12
Cover_T588 8
Cover_T589 4
Cover_T590 14
Cover_T591 2
Cover_T592 0
Cover_T593 3.85469e-12
Cover_T594 8
Cover_T595 -1.54011e-10
Cover_T596 10
Cover_T597 -4
Cover_T598 20
Cover_T599 -26
Cover_T600 12
Cover_T601 -46
Cover_T602 10
Cover_T603 2
Cover_T604 6
Cover_T605 0
Cover_T606 6
Cover_T607 4
Cover_T608 22
Cover_T609 0
Cover_T610 38
Cover_T611 0
Cover_T612 54
Cover_T613 4
Cover_T614 6
Cover_T615 -12
Cover_T616 8
Cover_T617 -8
Cover_T618 4
Cover_T619 -36
Cover_T620 8.18737e-10
Cover_T621 -32
Cover_T622 22
Cover_T623 -28
Cover_T624 26
Cover_T625 -6
Cover_T626 54
Cover_T627 -34
Cover_T628 56
Cover_T629 -4
Cover_T630 52
Cover_T631 -22
Cover_T632 30
Cover_T633 2
Cover_T634 64
Cover_T635 -2
Cover_T636 34
Cover_T637 -6
Cover_T638 54
Cover_T639 -6
Cover_T640 34
Cover_T641 -28
Cover_T642 44
Cover_T643 -20
Cover_T644 36
Cover_T645 -16
Cover_T646 52
Cover_T647 -12
Cover_T648 58
Cover_T649 -16
Cover_T650 70
Cover_T651 -20
Cover_T652 86
Cover_T653 -20
Cover_T654 66
Cover_T655 -20
Cover_T656 62
Cover_T657 -20
Cover_T658 36
Cover_T659 -2
Cover_T660 42
Cover_T661 2
Cover_T662 28
Cover_T663 6
Cover_T664 18
Cover_T665 34
Cover_T666 22
Cover_T667 0
Cover_T668 6
Cover_T669 36
Cover_T670 0
Cover_T671 1020
Cover_T672 0
Cover_T673 1014
Cover_T674 1042
Cover_T675 990
Cover_T676 1042
Cover_T677 1014
Cover_T678 1026
Cover_T679 1022
Cover_T680 42
Cover_T681 1010
Cover_T682 12
Cover_T683 -26
Cover_T684 54
Cover_T685 -20
Cover_T686 46
Cover_T687 20
Cover_T688 30
Cover_T689 54
Cover_T690 2
Cover_T691 54
Cover_T692 0
Cover_T693 56
Cover_T694 -24
Cover_T695 0
Cover_T696 -2.00999e-10
Cover_T697 26
Cover_T698 0
Cover_T699 30
Cover_T700 64
Cover_T701 46
Cover_T702 44
Cover_T703 66
Cover_T704 62
Cover_T705 36
Cover_T706 46
Cover_T707 34
Cover_T708 26
Cover_T709 -20
Cover_T710 54
Cover_T711 -24
Cover_T712 14
Cover_T713 18
Cover_T714 4
Cover_T715 -5.45365e-10
Cover_T716 52
Cover_T717 52
Count_D0 -984
Count_D1 -1000
Max_H0_P0 0
Max_H0_P1 0
Max_H0_P2 0
Max_H0_P3 0
Max_H0_P4 0
Max_H0_P5 3.87157e-12
Max_H0_P6 0
Max_H0_P7 0
Max_H0_P8 0
Max_H0_P9 0
Max_H0_P10 0
Max_H0_P11 0
Max_H0_P12 0
Max_H0_P13 0
Max_H0_P14 0
Max_H0_P15 0
Max_H0_P16 0
Max_H0_P17 0
Max_H0_P18 0
Max_H0_P19 0
Max_H0_P20 0
Max_H0_P21 0
Max_H0_P22 0
Max_H0_P23 3.4639e-11
Max_H0_P24 -1.95655e-12
Max_H0_P25 0
Max_H0_P26 -1.13633e-11
Max_H0_P27 4.59455e-11
Max_H0_P28 0
Max_H0_P29 4.05976e-12
Max_H0_P30 1.72489e-12
Max_H0_P31 8.03446e-12
Max_H0_P32 -5.27933e-12
Max_H0_P33 0
Max_H0_P34 -1.044e-10
Max_H0_P35 2.54891e-11
Max_H0_P36 0
Max_H0_P37 0
Max_H0_P38 0
Max_H0_P39 -6.22947e-11
Max_H0_P40 0
Max_H0_P41 6.53937e-12
Max_H0_P42 4.04372e-12
Max_H0_P43 0
Max_H0_P44 0
Max_H0_P45 0
Max_H0_P46 0
Max_H0_P47 0
Max_H0_P48 0
Max_H0_P49 0
Max_H0_P50 0
Max_H0_P51 0
Max_H0_P52 0
Max_H0_P53 0
Max_H0_P54 0
Max_H0_P55 0
Max_H0_P56 0
Max_H0_P57 0
Max_H0_P58 0
Max_H0_P59 0
Max_H0_P60 -4.04025e-11
Max_H0_P61 0
Max_H0_P62 5.97034e-12
Max_H0_P63 0
Max_H0_P64 0
Max_H0_P65 0
Max_H0_P66 0
Max_H0_P67 0
Max_H0_P68 0
Max_H0_P69 0
Max_H0_P70 0
Max_H0_P71 0
Max_H0_P72 0
Max_H0_P73 0
Max_H0_P74 0
Max_H0_P75 0
Max_H0_P76 0
Max_H0_P77 0
Max_H0_P78 0
Max_H0_P79 0
Max_H0_P80 0
Max_H0_P81 0
Max_H1_P0 0
Max_H1_P1 0
Max_H1_P2 0
Max_H1_P3 0
Max_H1_P4 0
Max_H1_P5 0
Max_H1_P6 0
Max_H1_P7 0
Max_H1_P8 0
Max_H1_P9 0
Max_H1_P10 0
Max_H1_P11 0
Max_H1_P12 0
Max_H1_P13 0
Max_H1_P14 0
Max_H1_P15 0
Max_H1_P16 5.00181e-11
Max_H1_P17 -6.01723e-11
Max_H1_P18 0
Max_H1_P19 0
Max_H1_P20 3.41061e-12
Max_H1_P21 0
Max_H1_P22 -4.88451e-11
Max_H1_P23 -1.41398e-11
Max_H1_P24 4.04025e-11
Max_H1_P25 9.68114e-13
Max_H1_P26 0
Max_H1_P27 1.87921e-11
Max_H1_P28 1.42362e-11
Max_H1_P29 -3.73669e-11
Max_H1_P30 2.86784e-11
Max_H1_P31 2.95485e-11
Max_H1_P32 -2.95572e-12
Max_H1_P33 0
Max_H1_P34 -1.0558e-10
Max_H1_P35 5.96426e-11
Max_H1_P36 1.69962e-11
Max_H1_P37 -2.79912e-11
Max_H1_P38 -3.81845e-11
Max_H1_P39 -2.28226e-11
Max_H1_P40 2.78896e-11
Max_H1_P41 3.4858e-11
Max_H1_P42 0
Max_H1_P43 0
Max_H1_P44 0
Max_H1_P45 0
Max_H1_P46 -1.97269e-11
Max_H1_P47 0
Max_H1_P48 0
Max_H1_P49 0
Max_H1_P50 0
Max_H1_P51 0
Max_H1_P52 -5.42091e-11
Max_H1_P53 0
Max_H1_P54 0
Max_H1_P55 4.96669e-12
Max_H1_P56 0
Max_H1_P57 2.12221e-11
Max_H1_P58 4.16659e-11
Max_H1_P59 0
Max_H1_P60 -2.43793e-11
Max_H1_P61 -1.84523e-11
Max_H1_P62 0
Max_H1_P63 0
Max_H1_P64 -8.15739e-11
Max_H1_P65 0
Max_H1_P66 0
Max_H1_P67 0
Max_H1_P68 0
Max_H1_P69 0
Max_H1_P70 0
Max_H1_P71 0
Max_H1_P72 0
Max_H1_P73 0
Max_H1_P74 0
Max_H1_P75 0
Max_H1_P76 0
Max_H1_P77 0
Max_H1_P78 0
Max_H1_P79 0
Max_H1_P80 0
Max_H1_P81 0
