
Branch and bound

  Entire solving process        :                           (Time    120.3)
  No feasible solution was found
  Best relaxation cost          :     49432.28 (Node     0) (Time    120.3)
  Lower bound after cuts        :     49432.28
  End lower bound               :     49432.28
  Deepest level reached         : 0
  Deepest real level reached    : 0
  Number of real nodes solved   : 1
  Stopping condition            : enough nodes explored

Problem identification

  Problem                       : <null>
  Machine                       : oslo4.gerad.lan

Solving process summary

  Linear relaxations            :        1
  Column generation iterations  :      123
  Shortest paths solved         :     8156
  Columns generated             :    49017

Instance characteristics

  Resources                     : 3
  Node types                    : no
  Arc types                     : no
  Strong resource windows       : no
  Weak resource windows         : no
  Resource windows (nodes)      : 3
  Resource values (arcs)        : 3
  Values on nodes               : no

  Rows                          : 884
  Initial columns               : 367
  Tasks                         : 722
  Strong tasks                  : 492
  Weak tasks                    : 4
  Initial task constraints      : no
  Nodes                         : 1050
  Arc sets                      : 1
  Arcs                          : 24638
  Networks                      : 2
  Models                        : 1

Memory used per module (Megs)

  Parser (reused)               :      5.335
  Networks                      :     28.455
  Column generator              :      6.296
  Master problem                :      8.907
  -----------------
  Total                         :     43.658

Cpu time per module (seconds)

  Parser                        :        0.0
  Preprocessor                  :        0.0
  Lr solver manager             :        0.2
  Column generator              :       38.7
    (Shortest path)             :       33.4
  Master problem                :       81.4
  -------------------
  Total (without b&b)           :      120.3

Real elapsed time (seconds)

  Parser                        :        0.0
  Preprocessor                  :        0.0
  Lr solver manager             :        0.1
  Column generator              :       38.8
    (Shortest path)             :       33.0
  Master problem                :       81.3
  -------------------
  Total (without b&b)           :      120.3
