
Branch and bound

  Entire solving process        :                           (Time   8536.8)
  No feasible solution was found
  Best relaxation cost          :     65515.73 (Node     0) (Time   8536.8)
  Lower bound after cuts        :     65515.73
  End lower bound               :     65515.73
  Deepest level reached         : 0
  Deepest real level reached    : 0
  Number of real nodes solved   : 1
  Stopping condition            : enough nodes explored

Problem identification

  Problem                       : <null>
  Machine                       : oslo5.gerad.lan

Solving process summary

  Linear relaxations            :        1
  Column generation iterations  :      223
  Shortest paths solved         :     5693
  Columns generated             :    77166

Instance characteristics

  Resources                     : 3
  Node types                    : no
  Arc types                     : no
  Strong resource windows       : no
  Weak resource windows         : no
  Resource windows (nodes)      : 3
  Resource values (arcs)        : 3
  Values on nodes               : no

  Rows                          : 1265
  Initial columns               : 2
  Tasks                         : 1103
  Strong tasks                  : 1099
  Weak tasks                    : 4
  Initial task constraints      : no
  Nodes                         : 1431
  Arc sets                      : 1
  Arcs                          : 52797
  Networks                      : 2
  Models                        : 1

Memory used per module (Megs)

  Parser (reused)               :     10.663
  Networks                      :     39.837
  Column generator              :     34.631
  Master problem                :     12.082
  -----------------
  Total                         :     86.550

Cpu time per module (seconds)

  Parser                        :        0.0
  Preprocessor                  :        0.0
  Lr solver manager             :        0.1
  Column generator              :      595.7
    (Shortest path)             :      574.9
  Master problem                :     7940.9
  -------------------
  Total (without b&b)           :     8536.8

Real elapsed time (seconds)

  Parser                        :        0.0
  Preprocessor                  :        0.0
  Lr solver manager             :        0.2
  Column generator              :      595.7
    (Shortest path)             :      575.0
  Master problem                :     7940.8
  -------------------
  Total (without b&b)           :     8536.8
