
Branch and bound

  Entire solving process        :                           (Time   1348.9)
  No feasible solution was found
  Best relaxation cost          :     71293.39 (Node     0) (Time   1348.9)
  Lower bound after cuts        :     71293.39
  End lower bound               :     71293.39
  Deepest level reached         : 0
  Deepest real level reached    : 0
  Number of real nodes solved   : 1
  Stopping condition            : enough nodes explored

Problem identification

  Problem                       : <null>
  Machine                       : oslo1.gerad.lan

Solving process summary

  Linear relaxations            :        1
  Column generation iterations  :      169
  Shortest paths solved         :     4489
  Columns generated             :    54861

Instance characteristics

  Resources                     : 3
  Node types                    : no
  Arc types                     : no
  Strong resource windows       : no
  Weak resource windows         : no
  Resource windows (nodes)      : 3
  Resource values (arcs)        : 3
  Values on nodes               : no

  Rows                          : 1216
  Initial columns               : 2
  Tasks                         : 1054
  Strong tasks                  : 1050
  Weak tasks                    : 4
  Initial task constraints      : no
  Nodes                         : 1382
  Arc sets                      : 1
  Arcs                          : 49062
  Networks                      : 2
  Models                        : 1

Memory used per module (Megs)

  Parser (reused)               :      9.937
  Networks                      :     38.748
  Column generator              :     13.077
  Master problem                :     11.734
  -----------------
  Total                         :     63.559

Cpu time per module (seconds)

  Parser                        :        0.1
  Preprocessor                  :        0.0
  Lr solver manager             :        0.4
  Column generator              :      138.9
    (Shortest path)             :      118.1
  Master problem                :     1209.5
  -------------------
  Total (without b&b)           :     1348.9

Real elapsed time (seconds)

  Parser                        :        0.0
  Preprocessor                  :        0.0
  Lr solver manager             :        0.3
  Column generator              :      139.1
    (Shortest path)             :      118.4
  Master problem                :     1209.5
  -------------------
  Total (without b&b)           :     1348.9
