Cover_T0 52
Cover_T1 -52
Cover_T2 52
Cover_T3 -52
Cover_T4 52
Cover_T5 -52
Cover_T6 54
Cover_T7 -50
Cover_T8 54
Cover_T9 -50
Cover_T10 54
Cover_T11 -50
Cover_T12 56
Cover_T13 -48
Cover_T14 56
Cover_T15 -48
Cover_T16 56
Cover_T17 -48
Cover_T18 62
Cover_T19 -44
Cover_T20 58
Cover_T21 -42
Cover_T22 56
Cover_T23 -44
Cover_T24 52
Cover_T25 -44
Cover_T26 56
Cover_T27 -30
Cover_T28 86
Cover_T29 -6.00373e-11
Cover_T30 60
Cover_T31 952
Cover_T32 1012
Cover_T33 958
Cover_T34 1030
Cover_T35 938
Cover_T36 994
Cover_T37 966
Cover_T38 26
Cover_T39 4
Cover_T40 2
Cover_T41 -20
Cover_T42 24
Cover_T43 4
Cover_T44 24
Cover_T45 16
Cover_T46 26
Cover_T47 24
Cover_T48 2
Cover_T49 10
Cover_T50 12
Cover_T51 -4
Cover_T52 16
Cover_T53 -8
Cover_T54 12
Cover_T55 -14
Cover_T56 18
Cover_T57 18
Cover_T58 14
Cover_T59 10
Cover_T60 0
Cover_T61 0
Cover_T62 24
Cover_T63 0
Cover_T64 1.97467e-10
Cover_T65 6
Cover_T66 -18
Cover_T67 2
Cover_T68 -42
Cover_T69 -2
Cover_T70 0
Cover_T71 18
Cover_T72 20
Cover_T73 44
Cover_T74 -12
Cover_T75 10
Cover_T76 8
Cover_T77 -2
Cover_T78 -1.4893e-11
Cover_T79 30
Cover_T80 2
Cover_T81 10
Cover_T82 16
Cover_T83 18
Cover_T84 6
Cover_T85 16
Cover_T86 -26
Cover_T87 2
Cover_T88 24
Cover_T89 4
Cover_T90 2
Cover_T91 28
Cover_T92 -10
Cover_T93 52
Cover_T94 -34
Cover_T95 -2
Cover_T96 20
Cover_T97 8
Cover_T98 -14
Cover_T99 52
Cover_T100 -12
Cover_T101 18
Cover_T102 22
Cover_T103 20
Cover_T104 0
Cover_T105 42
Cover_T106 0
Cover_T107 68
Cover_T108 16
Cover_T109 20
Cover_T110 22
Cover_T111 30
Cover_T112 1.82524e-10
Cover_T113 40
Cover_T114 0
Cover_T115 26
Cover_T116 -10
Cover_T117 24
Cover_T118 -12
Cover_T119 22
Cover_T120 -4
Cover_T121 16
Cover_T122 -2
Cover_T123 16
Cover_T124 -20
Cover_T125 12
Cover_T126 -44
Cover_T127 10
Cover_T128 -8
Cover_T129 36
Cover_T130 -14
Cover_T131 52
Cover_T132 -8
Cover_T133 28
Cover_T134 -8
Cover_T135 36
Cover_T136 -38
Cover_T137 26
Cover_T138 -22
Cover_T139 50
Cover_T140 -36
Cover_T141 50
Cover_T142 -22
Cover_T143 42
Cover_T144 -22
Cover_T145 34
Cover_T146 -44
Cover_T147 24
Cover_T148 -36
Cover_T149 24
Cover_T150 -32
Cover_T151 54
Cover_T152 -32
Cover_T153 54
Cover_T154 -22
Cover_T155 62
Cover_T156 -30
Cover_T157 66
Cover_T158 -26
Cover_T159 58
Cover_T160 -34
Cover_T161 56
Cover_T162 -48
Cover_T163 52
Cover_T164 -50
Cover_T165 52
Cover_T166 -50
Cover_T167 52
Cover_T168 -50
Cover_T169 52
Cover_T170 -42
Cover_T171 50
Cover_T172 -48
Cover_T173 52
Cover_T174 -44
Cover_T175 52
Cover_T176 -34
Cover_T177 54
Cover_T178 -36
Cover_T179 82
Cover_T180 6.0254e-12
Cover_T181 60
Cover_T182 964
Cover_T183 1024
Cover_T184 970
Cover_T185 1042
Cover_T186 944
Cover_T187 1006
Cover_T188 960
Cover_T189 26
Cover_T190 0
Cover_T191 16
Cover_T192 -14
Cover_T193 8
Cover_T194 -6
Cover_T195 16
Cover_T196 6
Cover_T197 26
Cover_T198 14
Cover_T199 24
Cover_T200 0
Cover_T201 -8.77218e-11
Cover_T202 -12
Cover_T203 20
Cover_T204 -10
Cover_T205 4
Cover_T206 10
Cover_T207 20
Cover_T208 -10
Cover_T209 -4
Cover_T210 6
Cover_T211 12
Cover_T212 0
Cover_T213 10
Cover_T214 4
Cover_T215 12
Cover_T216 6
Cover_T217 0
Cover_T218 -6
Cover_T219 0
Cover_T220 26
Cover_T221 -30
Cover_T222 2
Cover_T223 4
Cover_T224 28
Cover_T225 20
Cover_T226 52
Cover_T227 -4
Cover_T228 10
Cover_T229 -28
Cover_T230 -10
Cover_T231 0
Cover_T232 14
Cover_T233 0
Cover_T234 38
Cover_T235 6
Cover_T236 18
Cover_T237 20
Cover_T238 26
Cover_T239 10
Cover_T240 24
Cover_T241 -22
Cover_T242 10
Cover_T243 24
Cover_T244 20
Cover_T245 6
Cover_T246 52
Cover_T247 -26
Cover_T248 4
Cover_T249 20
Cover_T250 20
Cover_T251 -4
Cover_T252 44
Cover_T253 0
Cover_T254 -10
Cover_T255 -6
Cover_T256 14
Cover_T257 -30
Cover_T258 10
Cover_T259 24
Cover_T260 32
Cover_T261 6
Cover_T262 2
Cover_T263 12
Cover_T264 42
Cover_T265 -10
Cover_T266 4
Cover_T267 -4
Cover_T268 28
Cover_T269 -10
Cover_T270 32
Cover_T271 -2
Cover_T272 26
Cover_T273 -8
Cover_T274 26
Cover_T275 -22
Cover_T276 26
Cover_T277 -8
Cover_T278 26
Cover_T279 -8
Cover_T280 62
Cover_T281 -8
Cover_T282 26
Cover_T283 -18
Cover_T284 44
Cover_T285 -24
Cover_T286 34
Cover_T287 -16
Cover_T288 38
Cover_T289 -44
Cover_T290 42
Cover_T291 -40
Cover_T292 34
Cover_T293 -32
Cover_T294 26
Cover_T295 -22
Cover_T296 50
Cover_T297 -22
Cover_T298 42
Cover_T299 -40
Cover_T300 28
Cover_T301 -32
Cover_T302 26
Cover_T303 -22
Cover_T304 46
Cover_T305 -42
Cover_T306 34
Cover_T307 -30
Cover_T308 24
Cover_T309 -50
Cover_T310 50
Cover_T311 -28
Cover_T312 42
Cover_T313 -26
Cover_T314 76
Cover_T315 -26
Cover_T316 70
Cover_T317 -26
Cover_T318 78
Cover_T319 -34
Cover_T320 52
Cover_T321 -48
Cover_T322 62
Cover_T323 -42
Cover_T324 58
Cover_T325 -42
Cover_T326 64
Cover_T327 -36
Cover_T328 90
Cover_T329 0
Cover_T330 66
Cover_T331 964
Cover_T332 1030
Cover_T333 970
Cover_T334 1042
Cover_T335 972
Cover_T336 1042
Cover_T337 972
Cover_T338 1026
Cover_T339 948
Cover_T340 986
Cover_T341 964
Cover_T342 6
Cover_T343 3.20064e-11
Cover_T344 0
Cover_T345 -16
Cover_T346 14
Cover_T347 -12
Cover_T348 22
Cover_T349 -4
Cover_T350 26
Cover_T351 16
Cover_T352 8
Cover_T353 20
Cover_T354 8
Cover_T355 2
Cover_T356 12
Cover_T357 -14
Cover_T358 0
Cover_T359 -16
Cover_T360 20
Cover_T361 1.19504e-10
Cover_T362 -1.34763e-11
Cover_T363 0
Cover_T364 20
Cover_T365 -4
Cover_T366 0
Cover_T367 8
Cover_T368 22
Cover_T369 -12
Cover_T370 2
Cover_T371 8
Cover_T372 10
Cover_T373 -12
Cover_T374 8
Cover_T375 8
Cover_T376 -12
Cover_T377 -14
Cover_T378 24
Cover_T379 6
Cover_T380 4
Cover_T381 4
Cover_T382 -22
Cover_T383 18
Cover_T384 12
Cover_T385 -6
Cover_T386 24
Cover_T387 20
Cover_T388 -8
Cover_T389 52
Cover_T390 12
Cover_T391 18
Cover_T392 4
Cover_T393 6
Cover_T394 6
Cover_T395 38
Cover_T396 -22
Cover_T397 10
Cover_T398 0
Cover_T399 10
Cover_T400 -2
Cover_T401 0
Cover_T402 -26
Cover_T403 24
Cover_T404 -50
Cover_T405 2
Cover_T406 4
Cover_T407 4
Cover_T408 -6
Cover_T409 28
Cover_T410 -30
Cover_T411 52
Cover_T412 24
Cover_T413 -2
Cover_T414 0
Cover_T415 8
Cover_T416 6
Cover_T417 28
Cover_T418 4
Cover_T419 48
Cover_T420 -16
Cover_T421 -10
Cover_T422 -36
Cover_T423 12
Cover_T424 22
Cover_T425 4
Cover_T426 8
Cover_T427 22
Cover_T428 8
Cover_T429 48
Cover_T430 24
Cover_T431 70
Cover_T432 24
Cover_T433 10
Cover_T434 2
Cover_T435 30
Cover_T436 6
Cover_T437 30
Cover_T438 8
Cover_T439 16
Cover_T440 4
Cover_T441 22
Cover_T442 -2
Cover_T443 28
Cover_T444 -8
Cover_T445 30
Cover_T446 -34
Cover_T447 42
Cover_T448 -8
Cover_T449 32
Cover_T450 -8
Cover_T451 30
Cover_T452 -22
Cover_T453 32
Cover_T454 -8
Cover_T455 62
Cover_T456 -8
Cover_T457 22
Cover_T458 -8
Cover_T459 30
Cover_T460 -12
Cover_T461 28
Cover_T462 -14
Cover_T463 40
Cover_T464 -18
Cover_T465 52
Cover_T466 -22
Cover_T467 52
Cover_T468 -22
Cover_T469 52
Cover_T470 -22
Cover_T471 52
Cover_T472 -22
Cover_T473 26
Cover_T474 -22
Cover_T475 56
Cover_T476 -22
Cover_T477 58
Cover_T478 -22
Cover_T479 78
Cover_T480 -22
Cover_T481 80
Cover_T482 -26
Cover_T483 62
Cover_T484 -26
Cover_T485 64
Cover_T486 -38
Cover_T487 58
Cover_T488 -48
Cover_T489 52
Cover_T490 -48
Cover_T491 54
Cover_T492 62
Cover_T493 6
Cover_T494 16
Cover_T495 2
Cover_T496 16
Cover_T497 34
Cover_T498 46
Cover_T499 1012
Cover_T500 978
Cover_T501 1016
Cover_T502 1058
Cover_T503 1012
Cover_T504 1070
Cover_T505 1016
Cover_T506 1020
Cover_T507 996
Cover_T508 18
Cover_T509 64
Cover_T510 56
Cover_T511 -30
Cover_T512 56
Cover_T513 14
Cover_T514 52
Cover_T515 52
Cover_T516 14
Cover_T517 52
Cover_T518 -30
Cover_T519 52
Cover_T520 0
Cover_T521 32
Cover_T522 0
Cover_T523 58
Cover_T524 72
Cover_T525 78
Cover_T526 56
Cover_T527 76
Cover_T528 36
Cover_T529 50
Cover_T530 70
Cover_T531 50
Cover_T532 44
Cover_T533 -4
Cover_T534 32
Cover_T535 4
Cover_T536 0
Cover_T537 0
Cover_T538 34
Cover_T539 38
Count_D0 -984
Count_D1 -1000
Max_H0_P0 0
Max_H0_P1 0
Max_H0_P2 0
Max_H0_P3 0
Max_H0_P4 0
Max_H0_P5 0
Max_H0_P6 0
Max_H0_P7 0
Max_H0_P8 0
Max_H0_P9 0
Max_H0_P10 0
Max_H0_P11 0
Max_H0_P12 0
Max_H0_P13 0
Max_H0_P14 0
Max_H0_P15 0
Max_H0_P16 0
Max_H0_P17 0
Max_H0_P18 0
Max_H0_P19 -3.06386e-11
Max_H0_P20 -0
Max_H0_P21 0
Max_H0_P22 5.15143e-12
Max_H0_P23 0
Max_H0_P24 0
Max_H0_P25 1.57705e-11
Max_H0_P26 5.06883e-12
Max_H0_P27 0
Max_H0_P28 -1.42638e-11
Max_H0_P29 8.74909e-12
Max_H0_P30 -5.85487e-12
Max_H0_P31 0
Max_H0_P32 0
Max_H0_P33 -1.35686e-11
Max_H0_P34 0
Max_H0_P35 0
Max_H0_P36 2.00657e-11
Max_H0_P37 2.56528e-12
Max_H0_P38 0
Max_H0_P39 1.20538e-11
Max_H0_P40 -1.58956e-11
Max_H0_P41 0
Max_H0_P42 0
Max_H0_P43 0
Max_H0_P44 0
Max_H0_P45 0
Max_H0_P46 0
Max_H0_P47 0
Max_H0_P48 0
Max_H0_P49 0
Max_H0_P50 0
Max_H0_P51 0
Max_H0_P52 0
Max_H0_P53 0
Max_H0_P54 0
Max_H0_P55 0
Max_H0_P56 0
Max_H0_P57 0
Max_H0_P58 0
Max_H0_P59 0
Max_H0_P60 0
Max_H0_P61 1.892e-11
Max_H0_P62 0
Max_H0_P63 0
Max_H0_P64 0
Max_H0_P65 0
Max_H0_P66 0
Max_H0_P67 0
Max_H0_P68 0
Max_H0_P69 0
Max_H0_P70 0
Max_H0_P71 0
Max_H0_P72 0
Max_H0_P73 0
Max_H0_P74 0
Max_H0_P75 0
Max_H0_P76 0
Max_H0_P77 0
Max_H0_P78 0
Max_H0_P79 0
Max_H0_P80 0
Max_H0_P81 0
Max_H1_P0 0
Max_H1_P1 0
Max_H1_P2 0
Max_H1_P3 0
Max_H1_P4 0
Max_H1_P5 0
Max_H1_P6 0
Max_H1_P7 0
Max_H1_P8 0
Max_H1_P9 0
Max_H1_P10 0
Max_H1_P11 0
Max_H1_P12 0
Max_H1_P13 0
Max_H1_P14 0
Max_H1_P15 0
Max_H1_P16 3.34666e-12
Max_H1_P17 -5.47185e-11
Max_H1_P18 0
Max_H1_P19 3.52429e-11
Max_H1_P20 0
Max_H1_P21 0
Max_H1_P22 1.27571e-11
Max_H1_P23 0
Max_H1_P24 0
Max_H1_P25 1.8878e-11
Max_H1_P26 -1.19549e-11
Max_H1_P27 0
Max_H1_P28 -5.5147e-12
Max_H1_P29 1.77085e-11
Max_H1_P30 -1.22932e-11
Max_H1_P31 3.32943e-11
Max_H1_P32 0
Max_H1_P33 -2.80611e-12
Max_H1_P34 2.2486e-11
Max_H1_P35 -1.16529e-11
Max_H1_P36 1.2683e-11
Max_H1_P37 -2.62521e-12
Max_H1_P38 0
Max_H1_P39 -4.54747e-13
Max_H1_P40 -3.84182e-12
Max_H1_P41 -4.88766e-12
Max_H1_P42 -3.95861e-12
Max_H1_P43 5.21716e-11
Max_H1_P44 0
Max_H1_P45 -3.61771e-11
Max_H1_P46 0
Max_H1_P47 0
Max_H1_P48 0
Max_H1_P49 0
Max_H1_P50 0
Max_H1_P51 0
Max_H1_P52 0
Max_H1_P53 1.35287e-11
Max_H1_P54 -6.9349e-12
Max_H1_P55 0
Max_H1_P56 0
Max_H1_P57 0
Max_H1_P58 0
Max_H1_P59 0
Max_H1_P60 0
Max_H1_P61 0
Max_H1_P62 -1.04777e-11
Max_H1_P63 0
Max_H1_P64 0
Max_H1_P65 5.1259e-13
Max_H1_P66 0
Max_H1_P67 0
Max_H1_P68 0
Max_H1_P69 0
Max_H1_P70 0
Max_H1_P71 0
Max_H1_P72 0
Max_H1_P73 0
Max_H1_P74 0
Max_H1_P75 0
Max_H1_P76 1.14658e-11
Max_H1_P77 0
Max_H1_P78 0
Max_H1_P79 0
Max_H1_P80 0
Max_H1_P81 0
