
Branch and bound

  Entire solving process        :                           (Time     41.9)
  No feasible solution was found
  Best relaxation cost          :     39337.70 (Node     0) (Time     41.9)
  Lower bound after cuts        :     39337.70
  End lower bound               :     39337.70
  Deepest level reached         : 0
  Deepest real level reached    : 0
  Number of real nodes solved   : 1
  Stopping condition            : enough nodes explored

Problem identification

  Problem                       : <null>
  Machine                       : oslo2.gerad.lan

Solving process summary

  Linear relaxations            :        1
  Column generation iterations  :      104
  Shortest paths solved         :     2303
  Columns generated             :    20665

Instance characteristics

  Resources                     : 3
  Node types                    : no
  Arc types                     : no
  Strong resource windows       : no
  Weak resource windows         : no
  Resource windows (nodes)      : 3
  Resource values (arcs)        : 3
  Values on nodes               : no

  Rows                          : 706
  Initial columns               : 2
  Tasks                         : 544
  Strong tasks                  : 540
  Weak tasks                    : 4
  Initial task constraints      : no
  Nodes                         : 872
  Arc sets                      : 1
  Arcs                          : 15376
  Networks                      : 2
  Models                        : 1

Memory used per module (Megs)

  Parser (reused)               :      3.398
  Networks                      :     19.979
  Column generator              :      6.054
  Master problem                :      7.130
  -----------------
  Total                         :     33.163

Cpu time per module (seconds)

  Parser                        :        0.0
  Preprocessor                  :        0.0
  Lr solver manager             :        0.1
  Column generator              :        7.6
    (Shortest path)             :        6.5
  Master problem                :       34.2
  -------------------
  Total (without b&b)           :       41.9

Real elapsed time (seconds)

  Parser                        :        0.0
  Preprocessor                  :        0.0
  Lr solver manager             :        0.0
  Column generator              :        7.5
    (Shortest path)             :        6.4
  Master problem                :       34.4
  -------------------
  Total (without b&b)           :       41.9
