
Branch and bound

  Entire solving process        :                           (Time     58.4)
  No feasible solution was found
  Best relaxation cost          :     39172.21 (Node     0) (Time     58.4)
  Lower bound after cuts        :     39172.21
  End lower bound               :     39172.21
  Deepest level reached         : 0
  Deepest real level reached    : 0
  Number of real nodes solved   : 1
  Stopping condition            : enough nodes explored

Problem identification

  Problem                       : <null>
  Machine                       : oslo4.gerad.lan

Solving process summary

  Linear relaxations            :        1
  Column generation iterations  :      121
  Shortest paths solved         :     6581
  Columns generated             :    36909

Instance characteristics

  Resources                     : 3
  Node types                    : no
  Arc types                     : no
  Strong resource windows       : no
  Weak resource windows         : no
  Resource windows (nodes)      : 3
  Resource values (arcs)        : 3
  Values on nodes               : no

  Rows                          : 706
  Initial columns               : 333
  Tasks                         : 544
  Strong tasks                  : 352
  Weak tasks                    : 4
  Initial task constraints      : no
  Nodes                         : 872
  Arc sets                      : 1
  Arcs                          : 15376
  Networks                      : 2
  Models                        : 1

Memory used per module (Megs)

  Parser (reused)               :      3.519
  Networks                      :     22.401
  Column generator              :      2.664
  Master problem                :      7.228
  -----------------
  Total                         :     32.293

Cpu time per module (seconds)

  Parser                        :        0.0
  Preprocessor                  :        0.0
  Lr solver manager             :        0.1
  Column generator              :       14.5
    (Shortest path)             :       12.2
  Master problem                :       43.8
  -------------------
  Total (without b&b)           :       58.4

Real elapsed time (seconds)

  Parser                        :        0.0
  Preprocessor                  :        0.0
  Lr solver manager             :        0.0
  Column generator              :       14.6
    (Shortest path)             :       12.1
  Master problem                :       43.8
  -------------------
  Total (without b&b)           :       58.4
