Cover_T0 52
Cover_T1 -52
Cover_T2 52
Cover_T3 -52
Cover_T4 52
Cover_T5 -52
Cover_T6 52
Cover_T7 -52
Cover_T8 52
Cover_T9 -52
Cover_T10 56
Cover_T11 -50
Cover_T12 56
Cover_T13 -50
Cover_T14 58
Cover_T15 -42
Cover_T16 70
Cover_T17 -36
Cover_T18 74
Cover_T19 -34
Cover_T20 70
Cover_T21 0
Cover_T22 56
Cover_T23 -18
Cover_T24 46
Cover_T25 16
Cover_T26 44
Cover_T27 928
Cover_T28 966
Cover_T29 916
Cover_T30 964
Cover_T31 948
Cover_T32 986
Cover_T33 948
Cover_T34 72
Cover_T35 0
Cover_T36 34
Cover_T37 20
Cover_T38 12
Cover_T39 -34
Cover_T40 8
Cover_T41 -36
Cover_T42 0
Cover_T43 -12
Cover_T44 -2.25944e-11
Cover_T45 -10
Cover_T46 4
Cover_T47 -2
Cover_T48 16
Cover_T49 2
Cover_T50 4
Cover_T51 2
Cover_T52 0
Cover_T53 -8
Cover_T54 0
Cover_T55 4
Cover_T56 4
Cover_T57 16
Cover_T58 -24
Cover_T59 0
Cover_T60 48
Cover_T61 16
Cover_T62 34
Cover_T63 48
Cover_T64 6
Cover_T65 -32
Cover_T66 6
Cover_T67 -26
Cover_T68 0
Cover_T69 2
Cover_T70 14
Cover_T71 6
Cover_T72 -22
Cover_T73 -22
Cover_T74 20
Cover_T75 14
Cover_T76 0
Cover_T77 50
Cover_T78 0
Cover_T79 0
Cover_T80 0
Cover_T81 12
Cover_T82 6
Cover_T83 8
Cover_T84 -2
Cover_T85 8
Cover_T86 -30
Cover_T87 7.33293e-12
Cover_T88 2
Cover_T89 4
Cover_T90 8
Cover_T91 28
Cover_T92 -16
Cover_T93 52
Cover_T94 -40
Cover_T95 20
Cover_T96 20
Cover_T97 24
Cover_T98 6
Cover_T99 54
Cover_T100 0
Cover_T101 0
Cover_T102 30
Cover_T103 16
Cover_T104 14
Cover_T105 34
Cover_T106 -22
Cover_T107 0
Cover_T108 30
Cover_T109 38
Cover_T110 28
Cover_T111 68
Cover_T112 18
Cover_T113 20
Cover_T114 0
Cover_T115 6
Cover_T116 12
Cover_T117 28
Cover_T118 16
Cover_T119 2
Cover_T120 0
Cover_T121 22
Cover_T122 -4
Cover_T123 12
Cover_T124 4
Cover_T125 18
Cover_T126 1.7554e-10
Cover_T127 16
Cover_T128 -2
Cover_T129 16
Cover_T130 -2
Cover_T131 14
Cover_T132 -4
Cover_T133 14
Cover_T134 -6
Cover_T135 14
Cover_T136 -20
Cover_T137 6
Cover_T138 -48
Cover_T139 8
Cover_T140 -26
Cover_T141 30
Cover_T142 -6
Cover_T143 54
Cover_T144 -6
Cover_T145 28
Cover_T146 -30
Cover_T147 28
Cover_T148 -46
Cover_T149 30
Cover_T150 -8
Cover_T151 38
Cover_T152 -30
Cover_T153 54
Cover_T154 -8
Cover_T155 46
Cover_T156 -8
Cover_T157 50
Cover_T158 -18
Cover_T159 78
Cover_T160 -20
Cover_T161 40
Cover_T162 -24
Cover_T163 60
Cover_T164 -34
Cover_T165 70
Cover_T166 52
Cover_T167 -52
Cover_T168 56
Cover_T169 -48
Cover_T170 62
Cover_T171 -42
Cover_T172 58
Cover_T173 -36
Cover_T174 72
Cover_T175 -28
Cover_T176 68
Cover_T177 -2
Cover_T178 44
Cover_T179 -28
Cover_T180 36
Cover_T181 0
Cover_T182 10
Cover_T183 928
Cover_T184 976
Cover_T185 946
Cover_T186 920
Cover_T187 948
Cover_T188 58
Cover_T189 -8.02913e-13
Cover_T190 46
Cover_T191 20
Cover_T192 24
Cover_T193 -30
Cover_T194 14
Cover_T195 -28
Cover_T196 2
Cover_T197 7.41931e-11
Cover_T198 -2
Cover_T199 6
Cover_T200 0
Cover_T201 14
Cover_T202 14
Cover_T203 14
Cover_T204 6
Cover_T205 10
Cover_T206 6
Cover_T207 -4
Cover_T208 -6.66844e-12
Cover_T209 4
Cover_T210 8
Cover_T211 8
Cover_T212 -3.45617e-11
Cover_T213 8
Cover_T214 -28
Cover_T215 0
Cover_T216 52
Cover_T217 20
Cover_T218 46
Cover_T219 52
Cover_T220 10
Cover_T221 -42
Cover_T222 2
Cover_T223 -6
Cover_T224 30
Cover_T225 0
Cover_T226 0
Cover_T227 6
Cover_T228 -28
Cover_T229 -8
Cover_T230 22
Cover_T231 20
Cover_T232 -6
Cover_T233 48
Cover_T234 0
Cover_T235 6
Cover_T236 2
Cover_T237 4
Cover_T238 0
Cover_T239 2
Cover_T240 -16
Cover_T241 1.67333e-12
Cover_T242 -44
Cover_T243 8
Cover_T244 -16
Cover_T245 36
Cover_T246 -14
Cover_T247 8
Cover_T248 -42
Cover_T249 4
Cover_T250 20
Cover_T251 36
Cover_T252 10
Cover_T253 62
Cover_T254 8
Cover_T255 4.04532e-12
Cover_T256 42
Cover_T257 18
Cover_T258 26
Cover_T259 22
Cover_T260 -6
Cover_T261 10
Cover_T262 42
Cover_T263 26
Cover_T264 6
Cover_T265 64
Cover_T266 16
Cover_T267 0
Cover_T268 12
Cover_T269 18
Cover_T270 8
Cover_T271 8
Cover_T272 4
Cover_T273 16
Cover_T274 -6.21725e-15
Cover_T275 12
Cover_T276 0
Cover_T277 20
Cover_T278 -2
Cover_T279 14
Cover_T280 -2
Cover_T281 10
Cover_T282 -4
Cover_T283 6
Cover_T284 -6
Cover_T285 6
Cover_T286 -6
Cover_T287 6
Cover_T288 -28
Cover_T289 8
Cover_T290 -6
Cover_T291 22
Cover_T292 -34
Cover_T293 44
Cover_T294 -8
Cover_T295 16
Cover_T296 -28
Cover_T297 36
Cover_T298 -24
Cover_T299 10
Cover_T300 -36
Cover_T301 40
Cover_T302 -8
Cover_T303 36
Cover_T304 -14
Cover_T305 50
Cover_T306 -28
Cover_T307 64
Cover_T308 -44
Cover_T309 34
Cover_T310 -12
Cover_T311 44
Cover_T312 -8
Cover_T313 60
Cover_T314 -18
Cover_T315 70
Cover_T316 -18
Cover_T317 42
Cover_T318 -26
Cover_T319 44
Cover_T320 -26
Cover_T321 38
Cover_T322 -34
Cover_T323 58
Cover_T324 -36
Cover_T325 62
Cover_T326 -34
Cover_T327 62
Cover_T328 -42
Cover_T329 62
Cover_T330 54
Cover_T331 -34
Cover_T332 60
Cover_T333 -30
Cover_T334 64
Cover_T335 -8
Cover_T336 48
Cover_T337 24
Cover_T338 52
Cover_T339 936
Cover_T340 992
Cover_T341 908
Cover_T342 946
Cover_T343 940
Cover_T344 1024
Cover_T345 948
Cover_T346 966
Cover_T347 942
Cover_T348 52
Cover_T349 -6
Cover_T350 52
Cover_T351 14
Cover_T352 22
Cover_T353 -36
Cover_T354 4
Cover_T355 -34
Cover_T356 0
Cover_T357 -6
Cover_T358 -4.39826e-12
Cover_T359 0
Cover_T360 10
Cover_T361 10
Cover_T362 2
Cover_T363 10
Cover_T364 2
Cover_T365 6
Cover_T366 6
Cover_T367 -8
Cover_T368 6
Cover_T369 0
Cover_T370 2
Cover_T371 -2
Cover_T372 -18
Cover_T373 0
Cover_T374 -38
Cover_T375 10
Cover_T376 50
Cover_T377 6
Cover_T378 52
Cover_T379 6
Cover_T380 32
Cover_T381 26
Cover_T382 12
Cover_T383 48
Cover_T384 2
Cover_T385 -36
Cover_T386 0
Cover_T387 -34
Cover_T388 32
Cover_T389 -10
Cover_T390 8
Cover_T391 0
Cover_T392 -16
Cover_T393 8
Cover_T394 26
Cover_T395 -12
Cover_T396 6
Cover_T397 24
Cover_T398 2
Cover_T399 -22
Cover_T400 2
Cover_T401 6
Cover_T402 8
Cover_T403 18
Cover_T404 -4.41743e-10
Cover_T405 14
Cover_T406 -28
Cover_T407 14
Cover_T408 0
Cover_T409 8
Cover_T410 2
Cover_T411 16
Cover_T412 -26
Cover_T413 44
Cover_T414 32
Cover_T415 24
Cover_T416 18
Cover_T417 18
Cover_T418 -2
Cover_T419 34
Cover_T420 -1.38556e-12
Cover_T421 66
Cover_T422 38
Cover_T423 2
Cover_T424 24
Cover_T425 0
Cover_T426 10
Cover_T427 36
Cover_T428 -10
Cover_T429 38
Cover_T430 44
Cover_T431 6
Cover_T432 22
Cover_T433 18
Cover_T434 32
Cover_T435 38
Cover_T436 8
Cover_T437 54
Cover_T438 30
Cover_T439 2
Cover_T440 4
Cover_T441 26
Cover_T442 -2
Cover_T443 22
Cover_T444 14
Cover_T445 12
Cover_T446 -4
Cover_T447 26
Cover_T448 1.33191e-10
Cover_T449 20
Cover_T450 0
Cover_T451 12
Cover_T452 -5.34328e-11
Cover_T453 24
Cover_T454 -2
Cover_T455 24
Cover_T456 -2
Cover_T457 8
Cover_T458 -4
Cover_T459 6
Cover_T460 -16
Cover_T461 6
Cover_T462 -40
Cover_T463 14
Cover_T464 -14
Cover_T465 10
Cover_T466 -6
Cover_T467 20
Cover_T468 -16
Cover_T469 50
Cover_T470 -28
Cover_T471 40
Cover_T472 -8
Cover_T473 28
Cover_T474 -28
Cover_T475 50
Cover_T476 -10
Cover_T477 74
Cover_T478 -12
Cover_T479 32
Cover_T480 -10
Cover_T481 62
Cover_T482 -24
Cover_T483 38
Cover_T484 -38
Cover_T485 40
Cover_T486 -34
Cover_T487 42
Cover_T488 -44
Cover_T489 60
Cover_T490 -34
Cover_T491 64
Cover_T492 -34
Cover_T493 64
Cover_T494 -40
Cover_T495 64
Cover_T496 40
Cover_T497 20
Cover_T498 68
Cover_T499 20
Cover_T500 32
Cover_T501 38
Cover_T502 14
Cover_T503 58
Cover_T504 14
Cover_T505 942
Cover_T506 964
Cover_T507 980
Cover_T508 1028
Cover_T509 990
Cover_T510 994
Cover_T511 980
Cover_T512 54
Cover_T513 0
Cover_T514 64
Cover_T515 -20
Cover_T516 52
Cover_T517 60
Cover_T518 -12
Cover_T519 70
Cover_T520 0
Cover_T521 56
Cover_T522 0
Cover_T523 80
Cover_T524 0
Cover_T525 80
Cover_T526 82
Cover_T527 62
Cover_T528 58
Cover_T529 72
Cover_T530 54
Cover_T531 48
Cover_T532 52
Cover_T533 62
Cover_T534 34
Cover_T535 -8
Cover_T536 64
Cover_T537 -6
Cover_T538 26
Cover_T539 0
Cover_T540 48
Cover_T541 0
Cover_T542 44
Count_D0 -984
Count_D1 -1000
Max_H0_P0 0
Max_H0_P1 0
Max_H0_P2 0
Max_H0_P3 0
Max_H0_P4 0
Max_H0_P5 0
Max_H0_P6 0
Max_H0_P7 0
Max_H0_P8 0
Max_H0_P9 0
Max_H0_P10 0
Max_H0_P11 0
Max_H0_P12 0
Max_H0_P13 0
Max_H0_P14 0
Max_H0_P15 0
Max_H0_P16 7.57616e-13
Max_H0_P17 0
Max_H0_P18 0
Max_H0_P19 2.30251e-11
Max_H0_P20 -4.39352e-12
Max_H0_P21 0
Max_H0_P22 -5.13222e-12
Max_H0_P23 0
Max_H0_P24 0
Max_H0_P25 -1.22782e-11
Max_H0_P26 0
Max_H0_P27 1.06581e-13
Max_H0_P28 4.42135e-12
Max_H0_P29 -1.98101e-11
Max_H0_P30 8.57092e-14
Max_H0_P31 0
Max_H0_P32 0
Max_H0_P33 0
Max_H0_P34 3.29692e-12
Max_H0_P35 -7.69044e-12
Max_H0_P36 1.22968e-12
Max_H0_P37 -5.37792e-13
Max_H0_P38 2.37337e-12
Max_H0_P39 -6.8523e-12
Max_H0_P40 0
Max_H0_P41 -3.52429e-12
Max_H0_P42 -1.0651e-11
Max_H0_P43 0
Max_H0_P44 0
Max_H0_P45 0
Max_H0_P46 0
Max_H0_P47 0
Max_H0_P48 0
Max_H0_P49 0
Max_H0_P50 0
Max_H0_P51 0
Max_H0_P52 0
Max_H0_P53 0
Max_H0_P54 0
Max_H0_P55 0
Max_H0_P56 0
Max_H0_P57 0
Max_H0_P58 0
Max_H0_P59 0
Max_H0_P60 0
Max_H0_P61 0
Max_H0_P62 0
Max_H0_P63 0
Max_H0_P64 0
Max_H0_P65 0
Max_H0_P66 0
Max_H0_P67 0
Max_H0_P68 0
Max_H0_P69 0
Max_H0_P70 0
Max_H0_P71 0
Max_H0_P72 0
Max_H0_P73 0
Max_H0_P74 0
Max_H0_P75 0
Max_H0_P76 0
Max_H0_P77 0
Max_H0_P78 0
Max_H0_P79 0
Max_H0_P80 0
Max_H0_P81 0
Max_H1_P0 0
Max_H1_P1 0
Max_H1_P2 0
Max_H1_P3 0
Max_H1_P4 0
Max_H1_P5 9.18021e-12
Max_H1_P6 0
Max_H1_P7 0
Max_H1_P8 0
Max_H1_P9 0
Max_H1_P10 0
Max_H1_P11 0
Max_H1_P12 0
Max_H1_P13 0
Max_H1_P14 0
Max_H1_P15 0
Max_H1_P16 0
Max_H1_P17 -1.64206e-11
Max_H1_P18 0
Max_H1_P19 1.31779e-11
Max_H1_P20 9.68114e-12
Max_H1_P21 0
Max_H1_P22 0
Max_H1_P23 -5.13222e-12
Max_H1_P24 3.3701e-13
Max_H1_P25 0
Max_H1_P26 0
Max_H1_P27 0
Max_H1_P28 -3.7077e-12
Max_H1_P29 -1.01181e-11
Max_H1_P30 3.57935e-12
Max_H1_P31 -1.38112e-11
Max_H1_P32 4.94611e-12
Max_H1_P33 4.59632e-13
Max_H1_P34 0
Max_H1_P35 0
Max_H1_P36 2.59681e-12
Max_H1_P37 0
Max_H1_P38 -1.21414e-12
Max_H1_P39 3.11637e-12
Max_H1_P40 0
Max_H1_P41 1.13687e-12
Max_H1_P42 0
Max_H1_P43 -3.42641e-11
Max_H1_P44 0
Max_H1_P45 0
Max_H1_P46 0
Max_H1_P47 0
Max_H1_P48 0
Max_H1_P49 0
Max_H1_P50 0
Max_H1_P51 0
Max_H1_P52 0
Max_H1_P53 0
Max_H1_P54 0
Max_H1_P55 0
Max_H1_P56 0
Max_H1_P57 0
Max_H1_P58 0
Max_H1_P59 -6.84255e-12
Max_H1_P60 0
Max_H1_P61 0
Max_H1_P62 0
Max_H1_P63 0
Max_H1_P64 0
Max_H1_P65 0
Max_H1_P66 0
Max_H1_P67 0
Max_H1_P68 0
Max_H1_P69 0
Max_H1_P70 0
Max_H1_P71 0
Max_H1_P72 0
Max_H1_P73 0
Max_H1_P74 0
Max_H1_P75 0
Max_H1_P76 0
Max_H1_P77 -9.18823e-12
Max_H1_P78 0
Max_H1_P79 0
Max_H1_P80 1.41327e-11
Max_H1_P81 0
