
Branch and bound

  Entire solving process        :                           (Time     89.2)
  No feasible solution was found
  Best relaxation cost          :     32910.10 (Node     0) (Time     89.2)
  Lower bound after cuts        :     32910.10
  End lower bound               :     32910.10
  Deepest level reached         : 0
  Deepest real level reached    : 0
  Number of real nodes solved   : 1
  Stopping condition            : enough nodes explored

Problem identification

  Problem                       : <null>
  Machine                       : oslo1.gerad.lan

Solving process summary

  Linear relaxations            :        1
  Column generation iterations  :      153
  Shortest paths solved         :     2888
  Columns generated             :    29869

Instance characteristics

  Resources                     : 3
  Node types                    : no
  Arc types                     : no
  Strong resource windows       : no
  Weak resource windows         : no
  Resource windows (nodes)      : 3
  Resource values (arcs)        : 3
  Values on nodes               : no

  Rows                          : 709
  Initial columns               : 2
  Tasks                         : 547
  Strong tasks                  : 543
  Weak tasks                    : 4
  Initial task constraints      : no
  Nodes                         : 875
  Arc sets                      : 1
  Arcs                          : 15390
  Networks                      : 2
  Models                        : 1

Memory used per module (Megs)

  Parser (reused)               :      3.519
  Networks                      :     20.221
  Column generator              :      7.023
  Master problem                :      7.341
  -----------------
  Total                         :     34.586

Cpu time per module (seconds)

  Parser                        :        0.0
  Preprocessor                  :        0.0
  Lr solver manager             :        0.1
  Column generator              :       14.9
    (Shortest path)             :       11.8
  Master problem                :       74.1
  -------------------
  Total (without b&b)           :       89.1

Real elapsed time (seconds)

  Parser                        :        0.0
  Preprocessor                  :        0.0
  Lr solver manager             :        0.1
  Column generator              :       14.8
    (Shortest path)             :       12.2
  Master problem                :       74.2
  -------------------
  Total (without b&b)           :       89.1
