
Branch and bound

  Entire solving process        :                           (Time     54.9)
  No feasible solution was found
  Best relaxation cost          :     32780.03 (Node     0) (Time     54.8)
  Lower bound after cuts        :     32780.03
  End lower bound               :     32780.03
  Deepest level reached         : 0
  Deepest real level reached    : 0
  Number of real nodes solved   : 1
  Stopping condition            : enough nodes explored

Problem identification

  Problem                       : <null>
  Machine                       : oslo3.gerad.lan

Solving process summary

  Linear relaxations            :        1
  Column generation iterations  :      115
  Shortest paths solved         :     4982
  Columns generated             :    33607

Instance characteristics

  Resources                     : 3
  Node types                    : no
  Arc types                     : no
  Strong resource windows       : no
  Weak resource windows         : no
  Resource windows (nodes)      : 3
  Resource values (arcs)        : 3
  Values on nodes               : no

  Rows                          : 709
  Initial columns               : 291
  Tasks                         : 547
  Strong tasks                  : 373
  Weak tasks                    : 4
  Initial task constraints      : no
  Nodes                         : 875
  Arc sets                      : 1
  Arcs                          : 15390
  Networks                      : 2
  Models                        : 1

Memory used per module (Megs)

  Parser (reused)               :      3.519
  Networks                      :     22.401
  Column generator              :      5.449
  Master problem                :      7.515
  -----------------
  Total                         :     35.365

Cpu time per module (seconds)

  Parser                        :        0.0
  Preprocessor                  :        0.0
  Lr solver manager             :        0.0
  Column generator              :       13.7
    (Shortest path)             :       11.8
  Master problem                :       41.0
  -------------------
  Total (without b&b)           :       54.8

Real elapsed time (seconds)

  Parser                        :        0.0
  Preprocessor                  :        0.0
  Lr solver manager             :        0.0
  Column generator              :       13.7
    (Shortest path)             :       11.6
  Master problem                :       41.1
  -------------------
  Total (without b&b)           :       54.8
