Cover_T0 52
Cover_T1 -52
Cover_T2 52
Cover_T3 -52
Cover_T4 52
Cover_T5 -52
Cover_T6 52
Cover_T7 -52
Cover_T8 52
Cover_T9 -52
Cover_T10 52
Cover_T11 -52
Cover_T12 52
Cover_T13 -52
Cover_T14 52
Cover_T15 -52
Cover_T16 52
Cover_T17 -52
Cover_T18 54
Cover_T19 -50
Cover_T20 54
Cover_T21 -48
Cover_T22 56
Cover_T23 -48
Cover_T24 62
Cover_T25 -48
Cover_T26 56
Cover_T27 -46
Cover_T28 56
Cover_T29 -44
Cover_T30 58
Cover_T31 -34
Cover_T32 62
Cover_T33 -46
Cover_T34 52
Cover_T35 -42
Cover_T36 54
Cover_T37 -32
Cover_T38 54
Cover_T39 -30
Cover_T40 60
Cover_T41 -4
Cover_T42 42
Cover_T43 -20
Cover_T44 1036
Cover_T45 980
Cover_T46 1028
Cover_T47 964
Cover_T48 1020
Cover_T49 986
Cover_T50 1014
Cover_T51 986
Cover_T52 1026
Cover_T53 -2
Cover_T54 20
Cover_T55 0
Cover_T56 -4
Cover_T57 3.10592e-10
Cover_T58 12
Cover_T59 -6
Cover_T60 0
Cover_T61 2
Cover_T62 -2
Cover_T63 22
Cover_T64 2
Cover_T65 -4
Cover_T66 12
Cover_T67 0
Cover_T68 4
Cover_T69 10
Cover_T70 4
Cover_T71 6
Cover_T72 -4
Cover_T73 -4
Cover_T74 -24
Cover_T75 4
Cover_T76 -44
Cover_T77 4
Cover_T78 2
Cover_T79 12
Cover_T80 0
Cover_T81 32
Cover_T82 6
Cover_T83 52
Cover_T84 4
Cover_T85 6
Cover_T86 -16
Cover_T87 8
Cover_T88 -36
Cover_T89 2
Cover_T90 6
Cover_T91 4
Cover_T92 6
Cover_T93 20
Cover_T94 10
Cover_T95 36
Cover_T96 10
Cover_T97 52
Cover_T98 12
Cover_T99 6
Cover_T100 -4
Cover_T101 4
Cover_T102 0
Cover_T103 3.87232e-11
Cover_T104 -1.44006e-10
Cover_T105 0
Cover_T106 0
Cover_T107 4
Cover_T108 3.26494e-12
Cover_T109 -4
Cover_T110 4
Cover_T111 8
Cover_T112 -6
Cover_T113 8
Cover_T114 -34
Cover_T115 4
Cover_T116 8
Cover_T117 6
Cover_T118 6
Cover_T119 26
Cover_T120 -14
Cover_T121 46
Cover_T122 4
Cover_T123 0
Cover_T124 2
Cover_T125 2
Cover_T126 6
Cover_T127 22
Cover_T128 2
Cover_T129 -5.26157e-12
Cover_T130 -4
Cover_T131 6
Cover_T132 -24
Cover_T133 2
Cover_T134 -44
Cover_T135 6
Cover_T136 -42
Cover_T137 12
Cover_T138 -24
Cover_T139 34
Cover_T140 -44
Cover_T141 54
Cover_T142 6
Cover_T143 52
Cover_T144 6
Cover_T145 38
Cover_T146 12
Cover_T147 56
Cover_T148 6
Cover_T149 8
Cover_T150 12
Cover_T151 12
Cover_T152 8
Cover_T153 4
Cover_T154 8
Cover_T155 16
Cover_T156 10
Cover_T157 18
Cover_T158 6
Cover_T159 16
Cover_T160 2
Cover_T161 12
Cover_T162 -8
Cover_T163 18
Cover_T164 -36
Cover_T165 22
Cover_T166 -4
Cover_T167 24
Cover_T168 -18
Cover_T169 32
Cover_T170 -2
Cover_T171 52
Cover_T172 -10
Cover_T173 62
Cover_T174 -14
Cover_T175 32
Cover_T176 -12
Cover_T177 56
Cover_T178 -18
Cover_T179 34
Cover_T180 -22
Cover_T181 34
Cover_T182 -38
Cover_T183 34
Cover_T184 -22
Cover_T185 40
Cover_T186 -26
Cover_T187 40
Cover_T188 -26
Cover_T189 40
Cover_T190 -30
Cover_T191 58
Cover_T192 -34
Cover_T193 34
Cover_T194 -30
Cover_T195 42
Cover_T196 -34
Cover_T197 46
Cover_T198 -32
Cover_T199 46
Cover_T200 -38
Cover_T201 50
Cover_T202 -42
Cover_T203 44
Cover_T204 -34
Cover_T205 50
Cover_T206 -44
Cover_T207 54
Cover_T208 -38
Cover_T209 50
Cover_T210 -38
Cover_T211 52
Cover_T212 -38
Cover_T213 52
Cover_T214 -38
Cover_T215 50
Cover_T216 -38
Cover_T217 52
Cover_T218 -42
Cover_T219 56
Cover_T220 -42
Cover_T221 52
Cover_T222 -44
Cover_T223 52
Cover_T224 -44
Cover_T225 56
Cover_T226 -48
Cover_T227 60
Cover_T228 -48
Cover_T229 56
Cover_T230 -48
Cover_T231 52
Cover_T232 -52
Cover_T233 56
Cover_T234 52
Cover_T235 -52
Cover_T236 52
Cover_T237 -52
Cover_T238 52
Cover_T239 -50
Cover_T240 52
Cover_T241 -50
Cover_T242 54
Cover_T243 -50
Cover_T244 52
Cover_T245 -48
Cover_T246 50
Cover_T247 -50
Cover_T248 58
Cover_T249 -30
Cover_T250 54
Cover_T251 -34
Cover_T252 50
Cover_T253 -34
Cover_T254 50
Cover_T255 -8
Cover_T256 50
Cover_T257 -10
Cover_T258 44
Cover_T259 -18
Cover_T260 44
Cover_T261 -26
Cover_T262 1032
Cover_T263 980
Cover_T264 1032
Cover_T265 976
Cover_T266 1026
Cover_T267 960
Cover_T268 992
Cover_T269 984
Cover_T270 1012
Cover_T271 980
Cover_T272 1012
Cover_T273 982
Cover_T274 1026
Cover_T275 -8
Cover_T276 18
Cover_T277 7.83221e-10
Cover_T278 20
Cover_T279 0
Cover_T280 32
Cover_T281 2
Cover_T282 -6
Cover_T283 -4
Cover_T284 10
Cover_T285 0
Cover_T286 8
Cover_T287 28
Cover_T288 4
Cover_T289 6
Cover_T290 8
Cover_T291 6
Cover_T292 8.84812e-11
Cover_T293 2
Cover_T294 -5.0477e-11
Cover_T295 -8
Cover_T296 -8
Cover_T297 0
Cover_T298 -28
Cover_T299 0
Cover_T300 -48
Cover_T301 8
Cover_T302 -2
Cover_T303 28
Cover_T304 -4
Cover_T305 48
Cover_T306 2
Cover_T307 2
Cover_T308 0
Cover_T309 4
Cover_T310 -20
Cover_T311 -2
Cover_T312 -40
Cover_T313 -3.19016e-11
Cover_T314 2
Cover_T315 20
Cover_T316 -6.82076e-12
Cover_T317 40
Cover_T318 0
Cover_T319 -2
Cover_T320 1.05538e-10
Cover_T321 0
Cover_T322 12
Cover_T323 4.08932e-11
Cover_T324 10
Cover_T325 0
Cover_T326 6
Cover_T327 4
Cover_T328 6
Cover_T329 2.46226e-10
Cover_T330 2
Cover_T331 1.37148e-10
Cover_T332 6
Cover_T333 2.16573e-11
Cover_T334 2
Cover_T335 0
Cover_T336 4
Cover_T337 4
Cover_T338 -12
Cover_T339 0
Cover_T340 -28
Cover_T341 10
Cover_T342 10
Cover_T343 20
Cover_T344 -4.93403e-11
Cover_T345 48
Cover_T346 10
Cover_T347 10
Cover_T348 3.02052e-11
Cover_T349 20
Cover_T350 -6.91216e-11
Cover_T351 2
Cover_T352 -4
Cover_T353 4
Cover_T354 -10
Cover_T355 0
Cover_T356 -30
Cover_T357 4
Cover_T358 -50
Cover_T359 10
Cover_T360 -48
Cover_T361 30
Cover_T362 -30
Cover_T363 50
Cover_T364 -50
Cover_T365 50
Cover_T366 0
Cover_T367 30
Cover_T368 4
Cover_T369 52
Cover_T370 4
Cover_T371 4
Cover_T372 -1.07158e-10
Cover_T373 0
Cover_T374 4
Cover_T375 2
Cover_T376 -2.81339e-10
Cover_T377 6
Cover_T378 2.03819e-10
Cover_T379 2
Cover_T380 -2
Cover_T381 12
Cover_T382 -9.02492e-10
Cover_T383 18
Cover_T384 4
Cover_T385 16
Cover_T386 -26
Cover_T387 32
Cover_T388 -6
Cover_T389 28
Cover_T390 -14
Cover_T391 70
Cover_T392 -18
Cover_T393 46
Cover_T394 -22
Cover_T395 36
Cover_T396 -26
Cover_T397 30
Cover_T398 -34
Cover_T399 34
Cover_T400 -30
Cover_T401 38
Cover_T402 -26
Cover_T403 42
Cover_T404 -34
Cover_T405 34
Cover_T406 -30
Cover_T407 36
Cover_T408 -30
Cover_T409 36
Cover_T410 -30
Cover_T411 36
Cover_T412 -30
Cover_T413 40
Cover_T414 -38
Cover_T415 42
Cover_T416 -34
Cover_T417 42
Cover_T418 -42
Cover_T419 44
Cover_T420 -34
Cover_T421 52
Cover_T422 -34
Cover_T423 48
Cover_T424 -42
Cover_T425 52
Cover_T426 -38
Cover_T427 44
Cover_T428 -38
Cover_T429 44
Cover_T430 -36
Cover_T431 52
Cover_T432 -36
Cover_T433 48
Cover_T434 -38
Cover_T435 50
Cover_T436 -46
Cover_T437 46
Cover_T438 -42
Cover_T439 50
Cover_T440 -38
Cover_T441 46
Cover_T442 -38
Cover_T443 62
Cover_T444 -38
Cover_T445 58
Cover_T446 -38
Cover_T447 52
Cover_T448 -44
Cover_T449 54
Cover_T450 -42
Cover_T451 48
Cover_T452 -44
Cover_T453 56
Cover_T454 -48
Cover_T455 52
Cover_T456 -48
Cover_T457 52
Cover_T458 -52
Cover_T459 52
Cover_T460 -52
Cover_T461 52
Cover_T462 -52
Cover_T463 58
Cover_T464 -42
Cover_T465 60
Cover_T466 -42
Cover_T467 58
Cover_T468 -36
Cover_T469 58
Cover_T470 -30
Cover_T471 52
Cover_T472 -30
Cover_T473 56
Cover_T474 -32
Cover_T475 54
Cover_T476 -10
Cover_T477 56
Cover_T478 -24
Cover_T479 1038
Cover_T480 978
Cover_T481 1036
Cover_T482 972
Cover_T483 1030
Cover_T484 984
Cover_T485 1034
Cover_T486 986
Cover_T487 1034
Cover_T488 980
Cover_T489 1006
Cover_T490 988
Cover_T491 1018
Cover_T492 988
Cover_T493 1018
Cover_T494 -4
Cover_T495 -1.67006e-10
Cover_T496 7.42948e-10
Cover_T497 -1.0304e-09
Cover_T498 6
Cover_T499 10
Cover_T500 -2
Cover_T501 12
Cover_T502 -4
Cover_T503 2
Cover_T504 -4
Cover_T505 2
Cover_T506 -4
Cover_T507 16
Cover_T508 8
Cover_T509 -4.04498e-10
Cover_T510 20
Cover_T511 4
Cover_T512 32
Cover_T513 6
Cover_T514 -2
Cover_T515 -6.23501e-11
Cover_T516 6
Cover_T517 8
Cover_T518 0
Cover_T519 0
Cover_T520 -4
Cover_T521 -14
Cover_T522 0
Cover_T523 -34
Cover_T524 0
Cover_T525 12
Cover_T526 0
Cover_T527 10
Cover_T528 8
Cover_T529 0
Cover_T530 20
Cover_T531 0
Cover_T532 36
Cover_T533 2
Cover_T534 52
Cover_T535 -14
Cover_T536 2
Cover_T537 -30
Cover_T538 -8.17213e-12
Cover_T539 -46
Cover_T540 6
Cover_T541 0
Cover_T542 6
Cover_T543 2
Cover_T544 4
Cover_T545 6
Cover_T546 20
Cover_T547 6
Cover_T548 36
Cover_T549 8
Cover_T550 52
Cover_T551 12
Cover_T552 6
Cover_T553 12
Cover_T554 4
Cover_T555 0
Cover_T556 6.28272e-11
Cover_T557 -4
Cover_T558 -1.38605e-11
Cover_T559 8
Cover_T560 -4.79515e-11
Cover_T561 8
Cover_T562 3.57048e-10
Cover_T563 0
Cover_T564 -1.5369e-11
Cover_T565 -2
Cover_T566 8
Cover_T567 -22
Cover_T568 0
Cover_T569 -42
Cover_T570 -3.16263e-11
Cover_T571 4
Cover_T572 6
Cover_T573 6
Cover_T574 4
Cover_T575 -10
Cover_T576 20
Cover_T577 12
Cover_T578 36
Cover_T579 0
Cover_T580 52
Cover_T581 -2
Cover_T582 2
Cover_T583 6
Cover_T584 0
Cover_T585 6
Cover_T586 16
Cover_T587 2
Cover_T588 -2
Cover_T589 -18
Cover_T590 0
Cover_T591 -38
Cover_T592 -4
Cover_T593 -36
Cover_T594 0
Cover_T595 -18
Cover_T596 6
Cover_T597 -38
Cover_T598 28
Cover_T599 0
Cover_T600 40
Cover_T601 4
Cover_T602 52
Cover_T603 12
Cover_T604 42
Cover_T605 4
Cover_T606 58
Cover_T607 0
Cover_T608 30
Cover_T609 2
Cover_T610 42
Cover_T611 4
Cover_T612 52
Cover_T613 12
Cover_T614 14
Cover_T615 6
Cover_T616 16
Cover_T617 12
Cover_T618 10
Cover_T619 6
Cover_T620 12
Cover_T621 0
Cover_T622 10
Cover_T623 6
Cover_T624 24
Cover_T625 10
Cover_T626 14
Cover_T627 2
Cover_T628 10
Cover_T629 -2
Cover_T630 12
Cover_T631 -16
Cover_T632 30
Cover_T633 -32
Cover_T634 24
Cover_T635 -8
Cover_T636 22
Cover_T637 -24
Cover_T638 22
Cover_T639 -2
Cover_T640 38
Cover_T641 -2
Cover_T642 54
Cover_T643 -10
Cover_T644 66
Cover_T645 -16
Cover_T646 42
Cover_T647 -16
Cover_T648 56
Cover_T649 -26
Cover_T650 30
Cover_T651 -18
Cover_T652 38
Cover_T653 -22
Cover_T654 38
Cover_T655 -26
Cover_T656 46
Cover_T657 -26
Cover_T658 50
Cover_T659 -30
Cover_T660 36
Cover_T661 -34
Cover_T662 34
Cover_T663 -30
Cover_T664 42
Cover_T665 -30
Cover_T666 40
Cover_T667 -38
Cover_T668 46
Cover_T669 -34
Cover_T670 34
Cover_T671 -34
Cover_T672 46
Cover_T673 -34
Cover_T674 46
Cover_T675 -38
Cover_T676 54
Cover_T677 -38
Cover_T678 50
Cover_T679 -36
Cover_T680 50
Cover_T681 -40
Cover_T682 50
Cover_T683 -42
Cover_T684 54
Cover_T685 -42
Cover_T686 56
Cover_T687 -38
Cover_T688 48
Cover_T689 -38
Cover_T690 60
Cover_T691 -38
Cover_T692 62
Cover_T693 -42
Cover_T694 64
Cover_T695 -42
Cover_T696 52
Cover_T697 -44
Cover_T698 56
Cover_T699 -50
Cover_T700 60
Cover_T701 -48
Cover_T702 56
Cover_T703 -52
Cover_T704 56
Cover_T705 26
Cover_T706 -1.06304e-11
Cover_T707 56
Cover_T708 6
Cover_T709 46
Cover_T710 12
Cover_T711 22
Cover_T712 14
Cover_T713 74
Cover_T714 6
Cover_T715 82
Cover_T716 10
Cover_T717 1036
Cover_T718 0
Cover_T719 1024
Cover_T720 1018
Cover_T721 1002
Cover_T722 950
Cover_T723 986
Cover_T724 958
Cover_T725 1042
Cover_T726 0
Cover_T727 1042
Cover_T728 12
Cover_T729 24
Cover_T730 28
Cover_T731 24
Cover_T732 50
Cover_T733 0
Cover_T734 -32
Cover_T735 54
Cover_T736 -4
Cover_T737 52
Cover_T738 24
Cover_T739 52
Cover_T740 38
Cover_T741 2
Cover_T742 54
Cover_T743 -32
Cover_T744 52
Cover_T745 0
Cover_T746 48
Cover_T747 0
Cover_T748 44
Cover_T749 0
Cover_T750 62
Cover_T751 0
Cover_T752 72
Cover_T753 44
Cover_T754 20
Cover_T755 28
Cover_T756 20
Cover_T757 6
Cover_T758 28
Cover_T759 0
Cover_T760 44
Cover_T761 34
Cover_T762 4
Cover_T763 24
Cover_T764 40
Cover_T765 34
Cover_T766 50
Cover_T767 18
Cover_T768 0
Cover_T769 26
Cover_T770 2
Cover_T771 18
Cover_T772 30
Cover_T773 18
Count_D0 -984
Count_D1 -1000
Max_H0_P0 0
Max_H0_P1 0
Max_H0_P2 0
Max_H0_P3 0
Max_H0_P4 0
Max_H0_P5 -6.34248e-11
Max_H0_P6 -5.27384e-12
Max_H0_P7 0
Max_H0_P8 0
Max_H0_P9 0
Max_H0_P10 0
Max_H0_P11 0
Max_H0_P12 0
Max_H0_P13 0
Max_H0_P14 0
Max_H0_P15 0
Max_H0_P16 5.53741e-11
Max_H0_P17 0
Max_H0_P18 5.03597e-12
Max_H0_P19 2.26095e-11
Max_H0_P20 1.68585e-11
Max_H0_P21 -1.39891e-11
Max_H0_P22 3.60952e-11
Max_H0_P23 -5.16015e-13
Max_H0_P24 1.77655e-11
Max_H0_P25 8.61178e-12
Max_H0_P26 -9.28289e-12
Max_H0_P27 -5.07043e-11
Max_H0_P28 3.66427e-11
Max_H0_P29 -3.4719e-12
Max_H0_P30 4.22782e-11
Max_H0_P31 3.44084e-11
Max_H0_P32 -2.91998e-11
Max_H0_P33 1.15885e-11
Max_H0_P34 5.06217e-12
Max_H0_P35 -1.06581e-14
Max_H0_P36 -5.05151e-12
Max_H0_P37 7.06478e-11
Max_H0_P38 -4.33276e-11
Max_H0_P39 -6.63825e-12
Max_H0_P40 8.7188e-12
Max_H0_P41 -6.99211e-12
Max_H0_P42 -4.59099e-12
Max_H0_P43 0
Max_H0_P44 0
Max_H0_P45 0
Max_H0_P46 0
Max_H0_P47 0
Max_H0_P48 0
Max_H0_P49 0
Max_H0_P50 0
Max_H0_P51 0
Max_H0_P52 0
Max_H0_P53 0
Max_H0_P54 0
Max_H0_P55 0
Max_H0_P56 0
Max_H0_P57 0
Max_H0_P58 0
Max_H0_P59 0
Max_H0_P60 0
Max_H0_P61 0
Max_H0_P62 0
Max_H0_P63 0
Max_H0_P64 0
Max_H0_P65 0
Max_H0_P66 0
Max_H0_P67 0
Max_H0_P68 0
Max_H0_P69 0
Max_H0_P70 0
Max_H0_P71 0
Max_H0_P72 0
Max_H0_P73 0
Max_H0_P74 0
Max_H0_P75 0
Max_H0_P76 -3.78622e-11
Max_H0_P77 3.22222e-11
Max_H0_P78 0
Max_H0_P79 0
Max_H0_P80 0
Max_H0_P81 0
Max_H1_P0 0
Max_H1_P1 0
Max_H1_P2 9.85141e-11
Max_H1_P3 0
Max_H1_P4 0
Max_H1_P5 -1.44007e-11
Max_H1_P6 0
Max_H1_P7 0
Max_H1_P8 0
Max_H1_P9 0
Max_H1_P10 0
Max_H1_P11 0
Max_H1_P12 0
Max_H1_P13 0
Max_H1_P14 0
Max_H1_P15 1.33843e-11
Max_H1_P16 3.51942e-11
Max_H1_P17 0
Max_H1_P18 6.39773e-11
Max_H1_P19 0
Max_H1_P20 -2.65318e-11
Max_H1_P21 3.06473e-14
Max_H1_P22 3.11684e-11
Max_H1_P23 1.69278e-11
Max_H1_P24 4.88986e-11
Max_H1_P25 -2.87733e-11
Max_H1_P26 -2.07964e-11
Max_H1_P27 -4.96647e-11
Max_H1_P28 3.31346e-11
Max_H1_P29 2.93268e-11
Max_H1_P30 2.32436e-12
Max_H1_P31 3.30932e-11
Max_H1_P32 2.06806e-11
Max_H1_P33 7.64722e-12
Max_H1_P34 -0
Max_H1_P35 2.24976e-12
Max_H1_P36 -1.45519e-11
Max_H1_P37 -9.07718e-12
Max_H1_P38 8.28834e-12
Max_H1_P39 1.17092e-11
Max_H1_P40 4.02812e-11
Max_H1_P41 9.20863e-12
Max_H1_P42 0
Max_H1_P43 2.23395e-11
Max_H1_P44 0
Max_H1_P45 0
Max_H1_P46 0
Max_H1_P47 0
Max_H1_P48 0
Max_H1_P49 0
Max_H1_P50 0
Max_H1_P51 0
Max_H1_P52 0
Max_H1_P53 0
Max_H1_P54 0
Max_H1_P55 2.50667e-11
Max_H1_P56 0
Max_H1_P57 0
Max_H1_P58 0
Max_H1_P59 -1.70614e-11
Max_H1_P60 0
Max_H1_P61 0
Max_H1_P62 0
Max_H1_P63 0
Max_H1_P64 -4.17959e-11
Max_H1_P65 0
Max_H1_P66 0
Max_H1_P67 0
Max_H1_P68 0
Max_H1_P69 0
Max_H1_P70 0
Max_H1_P71 0
Max_H1_P72 0
Max_H1_P73 0
Max_H1_P74 0
Max_H1_P75 0
Max_H1_P76 0
Max_H1_P77 3.64171e-11
Max_H1_P78 -1.45661e-11
Max_H1_P79 1.52482e-11
Max_H1_P80 0
Max_H1_P81 0
