
Branch and bound

  Entire solving process        :                           (Time    231.5)
  No feasible solution was found
  Best relaxation cost          :     51438.89 (Node     0) (Time    231.5)
  Lower bound after cuts        :     51438.89
  End lower bound               :     51438.89
  Deepest level reached         : 0
  Deepest real level reached    : 0
  Number of real nodes solved   : 1
  Stopping condition            : enough nodes explored

Problem identification

  Problem                       : <null>
  Machine                       : oslo1.gerad.lan

Solving process summary

  Linear relaxations            :        1
  Column generation iterations  :      149
  Shortest paths solved         :     3643
  Columns generated             :    38946

Instance characteristics

  Resources                     : 3
  Node types                    : no
  Arc types                     : no
  Strong resource windows       : no
  Weak resource windows         : no
  Resource windows (nodes)      : 3
  Resource values (arcs)        : 3
  Values on nodes               : no

  Rows                          : 940
  Initial columns               : 2
  Tasks                         : 778
  Strong tasks                  : 774
  Weak tasks                    : 4
  Initial task constraints      : no
  Nodes                         : 1106
  Arc sets                      : 1
  Arcs                          : 28348
  Networks                      : 2
  Models                        : 1

Memory used per module (Megs)

  Parser (reused)               :      6.062
  Networks                      :     27.850
  Column generator              :      8.597
  Master problem                :      9.481
  -----------------
  Total                         :     45.928

Cpu time per module (seconds)

  Parser                        :        0.0
  Preprocessor                  :        0.0
  Lr solver manager             :        0.1
  Column generator              :       39.5
    (Shortest path)             :       35.3
  Master problem                :      191.8
  -------------------
  Total (without b&b)           :      231.5

Real elapsed time (seconds)

  Parser                        :        0.0
  Preprocessor                  :        0.0
  Lr solver manager             :        0.1
  Column generator              :       39.5
    (Shortest path)             :       35.3
  Master problem                :      191.9
  -------------------
  Total (without b&b)           :      231.5
