
Branch and bound

  Entire solving process        :                           (Time    553.7)
  No feasible solution was found
  Best relaxation cost          :     59908.53 (Node     0) (Time    553.7)
  Lower bound after cuts        :     59908.53
  End lower bound               :     59908.53
  Deepest level reached         : 0
  Deepest real level reached    : 0
  Number of real nodes solved   : 1
  Stopping condition            : enough nodes explored

Problem identification

  Problem                       : <null>
  Machine                       : oslo1.gerad.lan

Solving process summary

  Linear relaxations            :        1
  Column generation iterations  :      196
  Shortest paths solved         :     3898
  Columns generated             :    38339

Instance characteristics

  Resources                     : 3
  Node types                    : no
  Arc types                     : no
  Strong resource windows       : no
  Weak resource windows         : no
  Resource windows (nodes)      : 3
  Resource values (arcs)        : 3
  Values on nodes               : no

  Rows                          : 934
  Initial columns               : 2
  Tasks                         : 772
  Strong tasks                  : 768
  Weak tasks                    : 4
  Initial task constraints      : no
  Nodes                         : 1100
  Arc sets                      : 1
  Arcs                          : 27592
  Networks                      : 2
  Models                        : 1

Memory used per module (Megs)

  Parser (reused)               :      5.820
  Networks                      :     27.487
  Column generator              :      9.324
  Master problem                :      9.179
  -----------------
  Total                         :     45.989

Cpu time per module (seconds)

  Parser                        :        0.0
  Preprocessor                  :        0.0
  Lr solver manager             :        0.2
  Column generator              :       37.1
    (Shortest path)             :       31.9
  Master problem                :      516.4
  -------------------
  Total (without b&b)           :      553.7

Real elapsed time (seconds)

  Parser                        :        0.0
  Preprocessor                  :        0.0
  Lr solver manager             :        0.1
  Column generator              :       37.1
    (Shortest path)             :       32.2
  Master problem                :      516.4
  -------------------
  Total (without b&b)           :      553.7
