Cover_T0 52
Cover_T1 -52
Cover_T2 52
Cover_T3 -52
Cover_T4 52
Cover_T5 -52
Cover_T6 52
Cover_T7 -52
Cover_T8 52
Cover_T9 -52
Cover_T10 52
Cover_T11 -52
Cover_T12 52
Cover_T13 -52
Cover_T14 52
Cover_T15 -52
Cover_T16 52
Cover_T17 -52
Cover_T18 60
Cover_T19 -52
Cover_T20 60
Cover_T21 -42
Cover_T22 54
Cover_T23 -42
Cover_T24 62
Cover_T25 -40
Cover_T26 64
Cover_T27 -36
Cover_T28 64
Cover_T29 -36
Cover_T30 62
Cover_T31 -36
Cover_T32 62
Cover_T33 -32
Cover_T34 52
Cover_T35 -36
Cover_T36 52
Cover_T37 -28
Cover_T38 72
Cover_T39 4
Cover_T40 44
Cover_T41 -12
Cover_T42 984
Cover_T43 -3.52014e-10
Cover_T44 1032
Cover_T45 946
Cover_T46 1034
Cover_T47 928
Cover_T48 1006
Cover_T49 944
Cover_T50 1012
Cover_T51 2
Cover_T52 1000
Cover_T53 -40
Cover_T54 28
Cover_T55 -36
Cover_T56 8
Cover_T57 -40
Cover_T58 4
Cover_T59 -40
Cover_T60 52
Cover_T61 -20
Cover_T62 32
Cover_T63 9.08784e-11
Cover_T64 44
Cover_T65 6
Cover_T66 20
Cover_T67 -36
Cover_T68 4
Cover_T69 -40
Cover_T70 0
Cover_T71 -12
Cover_T72 -26
Cover_T73 4
Cover_T74 -22
Cover_T75 4
Cover_T76 -42
Cover_T77 22
Cover_T78 48
Cover_T79 42
Cover_T80 28
Cover_T81 30
Cover_T82 8
Cover_T83 50
Cover_T84 40
Cover_T85 -40
Cover_T86 20
Cover_T87 -16
Cover_T88 8
Cover_T89 -40
Cover_T90 2.84302e-10
Cover_T91 -12
Cover_T92 -4
Cover_T93 -1.10617e-10
Cover_T94 -20
Cover_T95 4
Cover_T96 -40
Cover_T97 0
Cover_T98 8
Cover_T99 8
Cover_T100 8
Cover_T101 28
Cover_T102 52
Cover_T103 48
Cover_T104 32
Cover_T105 0
Cover_T106 12
Cover_T107 0
Cover_T108 18
Cover_T109 -44
Cover_T110 -2
Cover_T111 -24
Cover_T112 -2
Cover_T113 -4
Cover_T114 -16
Cover_T115 -10
Cover_T116 -36
Cover_T117 10
Cover_T118 -40
Cover_T119 10
Cover_T120 0
Cover_T121 24
Cover_T122 -3.34507e-10
Cover_T123 44
Cover_T124 -2
Cover_T125 48
Cover_T126 6
Cover_T127 8
Cover_T128 2
Cover_T129 8
Cover_T130 -2
Cover_T131 10
Cover_T132 0
Cover_T133 2
Cover_T134 6
Cover_T135 6
Cover_T136 2
Cover_T137 18
Cover_T138 0
Cover_T139 14
Cover_T140 -4
Cover_T141 16
Cover_T142 6
Cover_T143 24
Cover_T144 48
Cover_T145 40
Cover_T146 38
Cover_T147 40
Cover_T148 12
Cover_T149 42
Cover_T150 38
Cover_T151 0
Cover_T152 28
Cover_T153 12
Cover_T154 30
Cover_T155 32
Cover_T156 -8
Cover_T157 6
Cover_T158 8
Cover_T159 2
Cover_T160 18
Cover_T161 12
Cover_T162 8
Cover_T163 28
Cover_T164 -14
Cover_T165 20
Cover_T166 -34
Cover_T167 18
Cover_T168 2
Cover_T169 12
Cover_T170 4
Cover_T171 34
Cover_T172 2.55334e-09
Cover_T173 44
Cover_T174 0
Cover_T175 66
Cover_T176 -2
Cover_T177 22
Cover_T178 -6
Cover_T179 22
Cover_T180 -2
Cover_T181 28
Cover_T182 -10
Cover_T183 18
Cover_T184 -18
Cover_T185 14
Cover_T186 -14
Cover_T187 14
Cover_T188 -26
Cover_T189 30
Cover_T190 -12
Cover_T191 30
Cover_T192 -18
Cover_T193 44
Cover_T194 -26
Cover_T195 28
Cover_T196 -12
Cover_T197 46
Cover_T198 -16
Cover_T199 52
Cover_T200 -22
Cover_T201 70
Cover_T202 -24
Cover_T203 54
Cover_T204 -28
Cover_T205 44
Cover_T206 -28
Cover_T207 52
Cover_T208 -32
Cover_T209 54
Cover_T210 -34
Cover_T211 64
Cover_T212 -36
Cover_T213 60
Cover_T214 -40
Cover_T215 58
Cover_T216 -40
Cover_T217 62
Cover_T218 -44
Cover_T219 62
Cover_T220 -44
Cover_T221 58
Cover_T222 -44
Cover_T223 52
Cover_T224 -52
Cover_T225 52
Cover_T226 -52
Cover_T227 62
Cover_T228 -52
Cover_T229 58
Cover_T230 -46
Cover_T231 58
Cover_T232 -44
Cover_T233 60
Cover_T234 -36
Cover_T235 60
Cover_T236 -36
Cover_T237 58
Cover_T238 -24
Cover_T239 56
Cover_T240 -38
Cover_T241 52
Cover_T242 -30
Cover_T243 48
Cover_T244 -30
Cover_T245 56
Cover_T246 -2.4644e-10
Cover_T247 52
Cover_T248 -8
Cover_T249 38
Cover_T250 -20
Cover_T251 986
Cover_T252 0
Cover_T253 1030
Cover_T254 922
Cover_T255 1000
Cover_T256 936
Cover_T257 1000
Cover_T258 948
Cover_T259 1024
Cover_T260 0
Cover_T261 992
Cover_T262 -44
Cover_T263 54
Cover_T264 -40
Cover_T265 20
Cover_T266 -36
Cover_T267 8
Cover_T268 -28
Cover_T269 48
Cover_T270 5.49107e-11
Cover_T271 52
Cover_T272 14
Cover_T273 28
Cover_T274 -36
Cover_T275 8
Cover_T276 -48
Cover_T277 0
Cover_T278 -28
Cover_T279 4
Cover_T280 -8
Cover_T281 -14
Cover_T282 -1.07298e-09
Cover_T283 -34
Cover_T284 -3.40126e-10
Cover_T285 -30
Cover_T286 26
Cover_T287 52
Cover_T288 22
Cover_T289 24
Cover_T290 50
Cover_T291 48
Cover_T292 -32
Cover_T293 24
Cover_T294 -12
Cover_T295 4
Cover_T296 -44
Cover_T297 0
Cover_T298 -24
Cover_T299 0
Cover_T300 -4
Cover_T301 4
Cover_T302 -2.88765e-11
Cover_T303 -4
Cover_T304 -6.21537e-10
Cover_T305 -28
Cover_T306 4
Cover_T307 12
Cover_T308 20
Cover_T309 4
Cover_T310 48
Cover_T311 40
Cover_T312 8
Cover_T313 14
Cover_T314 10
Cover_T315 -5.16467e-11
Cover_T316 -34
Cover_T317 0
Cover_T318 -14
Cover_T319 0
Cover_T320 0
Cover_T321 -14
Cover_T322 1.81257e-10
Cover_T323 -34
Cover_T324 -1.97751e-10
Cover_T325 -38
Cover_T326 14
Cover_T327 2
Cover_T328 34
Cover_T329 2
Cover_T330 38
Cover_T331 -1.43778e-10
Cover_T332 -2
Cover_T333 0
Cover_T334 -2
Cover_T335 0
Cover_T336 0
Cover_T337 -1.35174e-10
Cover_T338 1.73137e-10
Cover_T339 2
Cover_T340 7.82361e-11
Cover_T341 8
Cover_T342 0
Cover_T343 0
Cover_T344 -2
Cover_T345 2
Cover_T346 0
Cover_T347 -2
Cover_T348 14
Cover_T349 8
Cover_T350 18
Cover_T351 0
Cover_T352 34
Cover_T353 26
Cover_T354 22
Cover_T355 0
Cover_T356 24
Cover_T357 18
Cover_T358 1.06261e-09
Cover_T359 22
Cover_T360 22
Cover_T361 10
Cover_T362 0
Cover_T363 20
Cover_T364 4
Cover_T365 12
Cover_T366 26
Cover_T367 2
Cover_T368 14
Cover_T369 -28
Cover_T370 18
Cover_T371 0
Cover_T372 36
Cover_T373 0
Cover_T374 68
Cover_T375 -2
Cover_T376 20
Cover_T377 -2
Cover_T378 20
Cover_T379 -14
Cover_T380 14
Cover_T381 -12
Cover_T382 14
Cover_T383 -12
Cover_T384 14
Cover_T385 -28
Cover_T386 22
Cover_T387 -12
Cover_T388 18
Cover_T389 -28
Cover_T390 20
Cover_T391 -28
Cover_T392 38
Cover_T393 -44
Cover_T394 20
Cover_T395 -18
Cover_T396 42
Cover_T397 -12
Cover_T398 42
Cover_T399 -28
Cover_T400 56
Cover_T401 -24
Cover_T402 38
Cover_T403 -42
Cover_T404 32
Cover_T405 -16
Cover_T406 54
Cover_T407 -14
Cover_T408 40
Cover_T409 -28
Cover_T410 64
Cover_T411 -24
Cover_T412 40
Cover_T413 -30
Cover_T414 46
Cover_T415 -22
Cover_T416 54
Cover_T417 -26
Cover_T418 44
Cover_T419 -34
Cover_T420 50
Cover_T421 -36
Cover_T422 50
Cover_T423 -36
Cover_T424 52
Cover_T425 -44
Cover_T426 50
Cover_T427 -44
Cover_T428 54
Cover_T429 -50
Cover_T430 54
Cover_T431 -50
Cover_T432 52
Cover_T433 -52
Cover_T434 52
Cover_T435 58
Cover_T436 -38
Cover_T437 58
Cover_T438 -38
Cover_T439 56
Cover_T440 -26
Cover_T441 56
Cover_T442 -24
Cover_T443 60
Cover_T444 -30
Cover_T445 56
Cover_T446 -32
Cover_T447 66
Cover_T448 -2
Cover_T449 50
Cover_T450 -16
Cover_T451 982
Cover_T452 0
Cover_T453 1036
Cover_T454 946
Cover_T455 1022
Cover_T456 946
Cover_T457 1028
Cover_T458 946
Cover_T459 1032
Cover_T460 924
Cover_T461 992
Cover_T462 936
Cover_T463 1012
Cover_T464 948
Cover_T465 1012
Cover_T466 2
Cover_T467 980
Cover_T468 -44
Cover_T469 22
Cover_T470 -46
Cover_T471 2
Cover_T472 -48
Cover_T473 0
Cover_T474 -38
Cover_T475 54
Cover_T476 -42
Cover_T477 36
Cover_T478 -26
Cover_T479 52
Cover_T480 -10
Cover_T481 36
Cover_T482 6
Cover_T483 20
Cover_T484 8
Cover_T485 8
Cover_T486 -42
Cover_T487 8
Cover_T488 -22
Cover_T489 -2
Cover_T490 -34
Cover_T491 -20
Cover_T492 -14
Cover_T493 -40
Cover_T494 0
Cover_T495 -28
Cover_T496 0
Cover_T497 -46
Cover_T498 6
Cover_T499 48
Cover_T500 20
Cover_T501 32
Cover_T502 36
Cover_T503 16
Cover_T504 52
Cover_T505 52
Cover_T506 36
Cover_T507 36
Cover_T508 52
Cover_T509 20
Cover_T510 -42
Cover_T511 4
Cover_T512 -24
Cover_T513 1.36296e-10
Cover_T514 -4
Cover_T515 4.9643e-10
Cover_T516 -36
Cover_T517 4
Cover_T518 -16
Cover_T519 -4
Cover_T520 4
Cover_T521 -24
Cover_T522 8
Cover_T523 -44
Cover_T524 8
Cover_T525 4
Cover_T526 4
Cover_T527 4
Cover_T528 12
Cover_T529 48
Cover_T530 32
Cover_T531 28
Cover_T532 52
Cover_T533 8
Cover_T534 4
Cover_T535 14
Cover_T536 8
Cover_T537 6
Cover_T538 -28
Cover_T539 -16
Cover_T540 -6.81212e-10
Cover_T541 -44
Cover_T542 2
Cover_T543 4
Cover_T544 10
Cover_T545 2
Cover_T546 20
Cover_T547 4
Cover_T548 36
Cover_T549 0
Cover_T550 52
Cover_T551 0
Cover_T552 52
Cover_T553 0
Cover_T554 8
Cover_T555 2.70379e-10
Cover_T556 4
Cover_T557 6
Cover_T558 2
Cover_T559 0
Cover_T560 6
Cover_T561 0
Cover_T562 6
Cover_T563 0
Cover_T564 14
Cover_T565 2
Cover_T566 14
Cover_T567 2
Cover_T568 20
Cover_T569 0
Cover_T570 12
Cover_T571 0
Cover_T572 20
Cover_T573 46
Cover_T574 38
Cover_T575 38
Cover_T576 36
Cover_T577 20
Cover_T578 36
Cover_T579 0
Cover_T580 44
Cover_T581 42
Cover_T582 44
Cover_T583 42
Cover_T584 2
Cover_T585 26
Cover_T586 8
Cover_T587 10
Cover_T588 28
Cover_T589 20
Cover_T590 34
Cover_T591 4
Cover_T592 10
Cover_T593 18
Cover_T594 10
Cover_T595 0
Cover_T596 8
Cover_T597 -6
Cover_T598 22
Cover_T599 -22
Cover_T600 2
Cover_T601 -40
Cover_T602 30
Cover_T603 6
Cover_T604 20
Cover_T605 -2
Cover_T606 16
Cover_T607 4
Cover_T608 46
Cover_T609 6
Cover_T610 66
Cover_T611 -2
Cover_T612 24
Cover_T613 -2
Cover_T614 18
Cover_T615 -2
Cover_T616 26
Cover_T617 -24
Cover_T618 12
Cover_T619 -18
Cover_T620 20
Cover_T621 -32
Cover_T622 16
Cover_T623 -18
Cover_T624 44
Cover_T625 -20
Cover_T626 38
Cover_T627 -20
Cover_T628 42
Cover_T629 -40
Cover_T630 64
Cover_T631 -18
Cover_T632 48
Cover_T633 -12
Cover_T634 48
Cover_T635 -16
Cover_T636 50
Cover_T637 -20
Cover_T638 76
Cover_T639 -24
Cover_T640 50
Cover_T641 -22
Cover_T642 52
Cover_T643 -28
Cover_T644 48
Cover_T645 -26
Cover_T646 52
Cover_T647 -32
Cover_T648 64
Cover_T649 -34
Cover_T650 62
Cover_T651 -40
Cover_T652 56
Cover_T653 -44
Cover_T654 64
Cover_T655 -44
Cover_T656 56
Cover_T657 26
Cover_T658 12
Cover_T659 24
Cover_T660 12
Cover_T661 46
Cover_T662 22
Cover_T663 30
Cover_T664 20
Cover_T665 12
Cover_T666 20
Cover_T667 0
Cover_T668 48
Cover_T669 0
Cover_T670 0
Cover_T671 982
Cover_T672 32
Cover_T673 984
Cover_T674 990
Cover_T675 984
Cover_T676 986
Cover_T677 996
Cover_T678 984
Cover_T679 1014
Cover_T680 0
Cover_T681 982
Cover_T682 0
Cover_T683 24
Cover_T684 4
Cover_T685 54
Cover_T686 -32
Cover_T687 52
Cover_T688 8
Cover_T689 52
Cover_T690 52
Cover_T691 -22
Cover_T692 70
Cover_T693 32
Cover_T694 68
Cover_T695 16
Cover_T696 84
Cover_T697 0
Cover_T698 72
Cover_T699 0
Cover_T700 92
Cover_T701 76
Cover_T702 8
Cover_T703 62
Cover_T704 26
Cover_T705 46
Cover_T706 42
Cover_T707 62
Cover_T708 48
Cover_T709 54
Cover_T710 -20
Cover_T711 6
Cover_T712 0
Cover_T713 50
Cover_T714 4
Cover_T715 54
Cover_T716 46
Cover_T717 44
Cover_T718 0
Cover_T719 46
Count_D0 -984
Count_D1 -1000
Max_H0_P0 0
Max_H0_P1 0
Max_H0_P2 0
Max_H0_P3 0
Max_H0_P4 0
Max_H0_P5 0
Max_H0_P6 0
Max_H0_P7 0
Max_H0_P8 0
Max_H0_P9 0
Max_H0_P10 0
Max_H0_P11 0
Max_H0_P12 0
Max_H0_P13 0
Max_H0_P14 0
Max_H0_P15 0
Max_H0_P16 -6.46998e-11
Max_H0_P17 0
Max_H0_P18 -3.85007e-11
Max_H0_P19 -5.89856e-11
Max_H0_P20 -2.94832e-11
Max_H0_P21 -8.48033e-11
Max_H0_P22 -3.66545e-12
Max_H0_P23 3.95817e-12
Max_H0_P24 -4.54113e-11
Max_H0_P25 0
Max_H0_P26 6.48015e-12
Max_H0_P27 -3.74953e-12
Max_H0_P28 1.32871e-11
Max_H0_P29 4.48165e-11
Max_H0_P30 1.07687e-11
Max_H0_P31 -1.07541e-11
Max_H0_P32 -5.2605e-11
Max_H0_P33 1.07229e-10
Max_H0_P34 3.74545e-12
Max_H0_P35 3.9587e-11
Max_H0_P36 -5.88507e-11
Max_H0_P37 0
Max_H0_P38 4.49359e-11
Max_H0_P39 -7.25642e-13
Max_H0_P40 -1.84603e-11
Max_H0_P41 -5.14997e-11
Max_H0_P42 0
Max_H0_P43 0
Max_H0_P44 0
Max_H0_P45 0
Max_H0_P46 0
Max_H0_P47 0
Max_H0_P48 0
Max_H0_P49 0
Max_H0_P50 0
Max_H0_P51 0
Max_H0_P52 0
Max_H0_P53 0
Max_H0_P54 0
Max_H0_P55 0
Max_H0_P56 0
Max_H0_P57 0
Max_H0_P58 0
Max_H0_P59 0
Max_H0_P60 0
Max_H0_P61 0
Max_H0_P62 0
Max_H0_P63 0
Max_H0_P64 0
Max_H0_P65 0
Max_H0_P66 0
Max_H0_P67 0
Max_H0_P68 0
Max_H0_P69 0
Max_H0_P70 0
Max_H0_P71 0
Max_H0_P72 0
Max_H0_P73 0
Max_H0_P74 0
Max_H0_P75 0
Max_H0_P76 0
Max_H0_P77 -7.3668e-12
Max_H0_P78 0
Max_H0_P79 0
Max_H0_P80 0
Max_H0_P81 0
Max_H1_P0 0
Max_H1_P1 0
Max_H1_P2 0
Max_H1_P3 0
Max_H1_P4 4.05338e-11
Max_H1_P5 8.42473e-11
Max_H1_P6 -0
Max_H1_P7 2.60059e-10
Max_H1_P8 0
Max_H1_P9 0
Max_H1_P10 0
Max_H1_P11 0
Max_H1_P12 0
Max_H1_P13 0
Max_H1_P14 0
Max_H1_P15 0
Max_H1_P16 -6.68701e-11
Max_H1_P17 -8.22808e-11
Max_H1_P18 3.22862e-11
Max_H1_P19 1.96394e-11
Max_H1_P20 -3.98234e-11
Max_H1_P21 -9.03108e-11
Max_H1_P22 -3.84759e-11
Max_H1_P23 -2.48797e-11
Max_H1_P24 -5.94973e-11
Max_H1_P25 4.99179e-11
Max_H1_P26 2.34749e-11
Max_H1_P27 1.13491e-11
Max_H1_P28 1.62374e-12
Max_H1_P29 -0
Max_H1_P30 1.84208e-12
Max_H1_P31 1.46304e-14
Max_H1_P32 4.20535e-11
Max_H1_P33 -4.0604e-11
Max_H1_P34 7.90976e-11
Max_H1_P35 -1.55183e-11
Max_H1_P36 0
Max_H1_P37 -4.1922e-11
Max_H1_P38 2.41629e-11
Max_H1_P39 1.84741e-13
Max_H1_P40 0
Max_H1_P41 0
Max_H1_P42 -1.01653e-10
Max_H1_P43 0
Max_H1_P44 0
Max_H1_P45 2.7498e-12
Max_H1_P46 0
Max_H1_P47 0
Max_H1_P48 0
Max_H1_P49 0
Max_H1_P50 0
Max_H1_P51 0
Max_H1_P52 0
Max_H1_P53 0
Max_H1_P54 0
Max_H1_P55 0
Max_H1_P56 0
Max_H1_P57 0
Max_H1_P58 0
Max_H1_P59 -1.16316e-10
Max_H1_P60 0
Max_H1_P61 0
Max_H1_P62 -3.40918e-11
Max_H1_P63 0
Max_H1_P64 0
Max_H1_P65 0
Max_H1_P66 0
Max_H1_P67 0
Max_H1_P68 0
Max_H1_P69 0
Max_H1_P70 0
Max_H1_P71 0
Max_H1_P72 0
Max_H1_P73 0
Max_H1_P74 0
Max_H1_P75 0
Max_H1_P76 0
Max_H1_P77 0
Max_H1_P78 0
Max_H1_P79 0
Max_H1_P80 0
Max_H1_P81 0
