
Branch and bound

  Entire solving process        :                           (Time    306.8)
  No feasible solution was found
  Best relaxation cost          :     47419.50 (Node     0) (Time    306.8)
  Lower bound after cuts        :     47419.50
  End lower bound               :     47419.50
  Deepest level reached         : 0
  Deepest real level reached    : 0
  Number of real nodes solved   : 1
  Stopping condition            : enough nodes explored

Problem identification

  Problem                       : <null>
  Machine                       : oslo4.gerad.lan

Solving process summary

  Linear relaxations            :        1
  Column generation iterations  :      196
  Shortest paths solved         :     7923
  Columns generated             :    57293

Instance characteristics

  Resources                     : 3
  Node types                    : no
  Arc types                     : no
  Strong resource windows       : no
  Weak resource windows         : no
  Resource windows (nodes)      : 3
  Resource values (arcs)        : 3
  Values on nodes               : no

  Rows                          : 886
  Initial columns               : 384
  Tasks                         : 724
  Strong tasks                  : 511
  Weak tasks                    : 4
  Initial task constraints      : no
  Nodes                         : 1052
  Arc sets                      : 1
  Arcs                          : 24780
  Networks                      : 2
  Models                        : 1

Memory used per module (Megs)

  Parser (reused)               :      5.335
  Networks                      :     28.213
  Column generator              :     13.319
  Master problem                :      8.846
  -----------------
  Total                         :     50.379

Cpu time per module (seconds)

  Parser                        :        0.0
  Preprocessor                  :        0.0
  Lr solver manager             :        0.1
  Column generator              :       72.7
    (Shortest path)             :       67.0
  Master problem                :      233.9
  -------------------
  Total (without b&b)           :      306.8

Real elapsed time (seconds)

  Parser                        :        0.0
  Preprocessor                  :        0.0
  Lr solver manager             :        0.1
  Column generator              :       72.8
    (Shortest path)             :       66.8
  Master problem                :      233.9
  -------------------
  Total (without b&b)           :      306.8
