
Branch and bound

  Entire solving process        :                           (Time     88.6)
  No feasible solution was found
  Best relaxation cost          :     49498.96 (Node     0) (Time     88.6)
  Lower bound after cuts        :     49498.96
  End lower bound               :     49498.96
  Deepest level reached         : 0
  Deepest real level reached    : 0
  Number of real nodes solved   : 1
  Stopping condition            : enough nodes explored

Problem identification

  Problem                       : <null>
  Machine                       : oslo1.gerad.lan

Solving process summary

  Linear relaxations            :        1
  Column generation iterations  :      104
  Shortest paths solved         :     2853
  Columns generated             :    26174

Instance characteristics

  Resources                     : 3
  Node types                    : no
  Arc types                     : no
  Strong resource windows       : no
  Weak resource windows         : no
  Resource windows (nodes)      : 3
  Resource values (arcs)        : 3
  Values on nodes               : no

  Rows                          : 844
  Initial columns               : 2
  Tasks                         : 682
  Strong tasks                  : 678
  Weak tasks                    : 4
  Initial task constraints      : no
  Nodes                         : 1010
  Arc sets                      : 1
  Arcs                          : 22464
  Networks                      : 2
  Models                        : 1

Memory used per module (Megs)

  Parser (reused)               :      4.851
  Networks                      :     24.580
  Column generator              :      6.660
  Master problem                :      8.423
  -----------------
  Total                         :     39.663

Cpu time per module (seconds)

  Parser                        :        0.0
  Preprocessor                  :        0.0
  Lr solver manager             :        0.1
  Column generator              :       19.6
    (Shortest path)             :       14.5
  Master problem                :       68.9
  -------------------
  Total (without b&b)           :       88.6

Real elapsed time (seconds)

  Parser                        :        0.0
  Preprocessor                  :        0.0
  Lr solver manager             :        0.1
  Column generator              :       19.8
    (Shortest path)             :       14.7
  Master problem                :       68.8
  -------------------
  Total (without b&b)           :       88.6
