
Branch and bound

  Entire solving process        :                           (Time    280.9)
  No feasible solution was found
  Best relaxation cost          :     47727.06 (Node     0) (Time    280.9)
  Lower bound after cuts        :     47727.06
  End lower bound               :     47727.06
  Deepest level reached         : 0
  Deepest real level reached    : 0
  Number of real nodes solved   : 1
  Stopping condition            : enough nodes explored

Problem identification

  Problem                       : <null>
  Machine                       : oslo2.gerad.lan

Solving process summary

  Linear relaxations            :        1
  Column generation iterations  :      149
  Shortest paths solved         :     6976
  Columns generated             :    56325

Instance characteristics

  Resources                     : 3
  Node types                    : no
  Arc types                     : no
  Strong resource windows       : no
  Weak resource windows         : no
  Resource windows (nodes)      : 3
  Resource values (arcs)        : 3
  Values on nodes               : no

  Rows                          : 978
  Initial columns               : 404
  Tasks                         : 816
  Strong tasks                  : 575
  Weak tasks                    : 4
  Initial task constraints      : no
  Nodes                         : 1144
  Arc sets                      : 1
  Arcs                          : 30615
  Networks                      : 2
  Models                        : 1

Memory used per module (Megs)

  Parser (reused)               :      6.425
  Networks                      :     31.846
  Column generator              :     11.866
  Master problem                :     10.041
  -----------------
  Total                         :     53.753

Cpu time per module (seconds)

  Parser                        :        0.0
  Preprocessor                  :        0.0
  Lr solver manager             :        0.1
  Column generator              :       78.4
    (Shortest path)             :       70.0
  Master problem                :      202.4
  -------------------
  Total (without b&b)           :      280.9

Real elapsed time (seconds)

  Parser                        :        0.0
  Preprocessor                  :        0.0
  Lr solver manager             :        0.1
  Column generator              :       78.3
    (Shortest path)             :       69.9
  Master problem                :      202.8
  -------------------
  Total (without b&b)           :      281.3
