
Branch and bound

  Entire solving process        :                           (Time    353.5)
  No feasible solution was found
  Best relaxation cost          :     47887.31 (Node     0) (Time    353.5)
  Lower bound after cuts        :     47887.31
  End lower bound               :     47887.31
  Deepest level reached         : 0
  Deepest real level reached    : 0
  Number of real nodes solved   : 1
  Stopping condition            : enough nodes explored

Problem identification

  Problem                       : <null>
  Machine                       : oslo3.gerad.lan

Solving process summary

  Linear relaxations            :        1
  Column generation iterations  :      178
  Shortest paths solved         :     3978
  Columns generated             :    44734

Instance characteristics

  Resources                     : 3
  Node types                    : no
  Arc types                     : no
  Strong resource windows       : no
  Weak resource windows         : no
  Resource windows (nodes)      : 3
  Resource values (arcs)        : 3
  Values on nodes               : no

  Rows                          : 978
  Initial columns               : 2
  Tasks                         : 816
  Strong tasks                  : 812
  Weak tasks                    : 4
  Initial task constraints      : no
  Nodes                         : 1144
  Arc sets                      : 1
  Arcs                          : 30615
  Networks                      : 2
  Models                        : 1

Memory used per module (Megs)

  Parser (reused)               :      6.425
  Networks                      :     29.303
  Column generator              :     11.624
  Master problem                :     10.048
  -----------------
  Total                         :     50.975

Cpu time per module (seconds)

  Parser                        :        0.0
  Preprocessor                  :        0.0
  Lr solver manager             :        0.1
  Column generator              :       51.9
    (Shortest path)             :       45.4
  Master problem                :      301.5
  -------------------
  Total (without b&b)           :      353.5

Real elapsed time (seconds)

  Parser                        :        0.0
  Preprocessor                  :        0.0
  Lr solver manager             :        0.1
  Column generator              :       51.8
    (Shortest path)             :       46.0
  Master problem                :      301.6
  -------------------
  Total (without b&b)           :      353.5
