
Branch and bound

  Entire solving process        :                           (Time     60.5)
  No feasible solution was found
  Best relaxation cost          :     35151.98 (Node     0) (Time     60.5)
  Lower bound after cuts        :     35151.98
  End lower bound               :     35151.98
  Deepest level reached         : 0
  Deepest real level reached    : 0
  Number of real nodes solved   : 1
  Stopping condition            : enough nodes explored

Problem identification

  Problem                       : <null>
  Machine                       : oslo4.gerad.lan

Solving process summary

  Linear relaxations            :        1
  Column generation iterations  :      134
  Shortest paths solved         :     2589
  Columns generated             :    24299

Instance characteristics

  Resources                     : 3
  Node types                    : no
  Arc types                     : no
  Strong resource windows       : no
  Weak resource windows         : no
  Resource windows (nodes)      : 3
  Resource values (arcs)        : 3
  Values on nodes               : no

  Rows                          : 686
  Initial columns               : 2
  Tasks                         : 524
  Strong tasks                  : 520
  Weak tasks                    : 4
  Initial task constraints      : no
  Nodes                         : 852
  Arc sets                      : 1
  Arcs                          : 14379
  Networks                      : 2
  Models                        : 1

Memory used per module (Megs)

  Parser (reused)               :      3.277
  Networks                      :     19.495
  Column generator              :      4.117
  Master problem                :      7.039
  -----------------
  Total                         :     30.651

Cpu time per module (seconds)

  Parser                        :        0.0
  Preprocessor                  :        0.0
  Lr solver manager             :        0.1
  Column generator              :        8.3
    (Shortest path)             :        7.2
  Master problem                :       52.1
  -------------------
  Total (without b&b)           :       60.5

Real elapsed time (seconds)

  Parser                        :        0.0
  Preprocessor                  :        0.0
  Lr solver manager             :        0.0
  Column generator              :        8.2
    (Shortest path)             :        6.9
  Master problem                :       52.2
  -------------------
  Total (without b&b)           :       60.5
