
Branch and bound

  Entire solving process        :                           (Time    111.1)
  No feasible solution was found
  Best relaxation cost          :     56870.81 (Node     0) (Time    111.1)
  Lower bound after cuts        :     56870.81
  End lower bound               :     56870.81
  Deepest level reached         : 0
  Deepest real level reached    : 0
  Number of real nodes solved   : 1
  Stopping condition            : enough nodes explored

Problem identification

  Problem                       : <null>
  Machine                       : oslo2.gerad.lan

Solving process summary

  Linear relaxations            :        1
  Column generation iterations  :      114
  Shortest paths solved         :     7597
  Columns generated             :    51742

Instance characteristics

  Resources                     : 3
  Node types                    : no
  Arc types                     : no
  Strong resource windows       : no
  Weak resource windows         : no
  Resource windows (nodes)      : 3
  Resource values (arcs)        : 3
  Values on nodes               : no

  Rows                          : 940
  Initial columns               : 408
  Tasks                         : 778
  Strong tasks                  : 537
  Weak tasks                    : 4
  Initial task constraints      : no
  Nodes                         : 1106
  Arc sets                      : 1
  Arcs                          : 28546
  Networks                      : 2
  Models                        : 1

Memory used per module (Megs)

  Parser (reused)               :      6.062
  Networks                      :     30.635
  Column generator              :      4.843
  Master problem                :      9.058
  -----------------
  Total                         :     44.536

Cpu time per module (seconds)

  Parser                        :        0.0
  Preprocessor                  :        0.0
  Lr solver manager             :        0.1
  Column generator              :       46.1
    (Shortest path)             :       39.2
  Master problem                :       64.9
  -------------------
  Total (without b&b)           :      111.1

Real elapsed time (seconds)

  Parser                        :        0.0
  Preprocessor                  :        0.0
  Lr solver manager             :        0.1
  Column generator              :       46.1
    (Shortest path)             :       38.6
  Master problem                :       65.0
  -------------------
  Total (without b&b)           :      111.2
