
Branch and bound

  Entire solving process        :                           (Time    662.3)
  No feasible solution was found
  Best relaxation cost          :     56986.89 (Node     0) (Time    662.3)
  Lower bound after cuts        :     56986.89
  End lower bound               :     56986.89
  Deepest level reached         : 0
  Deepest real level reached    : 0
  Number of real nodes solved   : 1
  Stopping condition            : enough nodes explored

Problem identification

  Problem                       : <null>
  Machine                       : oslo1.gerad.lan

Solving process summary

  Linear relaxations            :        1
  Column generation iterations  :      191
  Shortest paths solved         :     4459
  Columns generated             :    47138

Instance characteristics

  Resources                     : 3
  Node types                    : no
  Arc types                     : no
  Strong resource windows       : no
  Weak resource windows         : no
  Resource windows (nodes)      : 3
  Resource values (arcs)        : 3
  Values on nodes               : no

  Rows                          : 940
  Initial columns               : 2
  Tasks                         : 778
  Strong tasks                  : 774
  Weak tasks                    : 4
  Initial task constraints      : no
  Nodes                         : 1106
  Arc sets                      : 1
  Arcs                          : 28546
  Networks                      : 2
  Models                        : 1

Memory used per module (Megs)

  Parser (reused)               :      6.062
  Networks                      :     27.971
  Column generator              :     11.019
  Master problem                :      9.201
  -----------------
  Total                         :     48.191

Cpu time per module (seconds)

  Parser                        :        0.0
  Preprocessor                  :        0.0
  Lr solver manager             :        0.2
  Column generator              :       59.4
    (Shortest path)             :       50.5
  Master problem                :      602.6
  -------------------
  Total (without b&b)           :      662.3

Real elapsed time (seconds)

  Parser                        :        0.0
  Preprocessor                  :        0.0
  Lr solver manager             :        0.2
  Column generator              :       59.4
    (Shortest path)             :       50.3
  Master problem                :      602.7
  -------------------
  Total (without b&b)           :      662.3
