Cover_T0 52
Cover_T1 -52
Cover_T2 52
Cover_T3 -52
Cover_T4 52
Cover_T5 -52
Cover_T6 54
Cover_T7 -50
Cover_T8 54
Cover_T9 -50
Cover_T10 52
Cover_T11 -50
Cover_T12 52
Cover_T13 -44
Cover_T14 56
Cover_T15 -44
Cover_T16 60
Cover_T17 -44
Cover_T18 56
Cover_T19 -34
Cover_T20 58
Cover_T21 -34
Cover_T22 62
Cover_T23 -26
Cover_T24 52
Cover_T25 -28
Cover_T26 56
Cover_T27 -20
Cover_T28 90
Cover_T29 0
Cover_T30 60
Cover_T31 -16
Cover_T32 1034
Cover_T33 948
Cover_T34 1000
Cover_T35 924
Cover_T36 1004
Cover_T37 948
Cover_T38 50
Cover_T39 -46
Cover_T40 26
Cover_T41 -28
Cover_T42 28
Cover_T43 -30
Cover_T44 -4
Cover_T45 2
Cover_T46 24
Cover_T47 -18
Cover_T48 0
Cover_T49 6
Cover_T50 -24
Cover_T51 -26
Cover_T52 2
Cover_T53 -2
Cover_T54 6
Cover_T55 22
Cover_T56 8
Cover_T57 4
Cover_T58 0
Cover_T59 8
Cover_T60 -22
Cover_T61 10
Cover_T62 0
Cover_T63 14
Cover_T64 12
Cover_T65 28
Cover_T66 10
Cover_T67 52
Cover_T68 0
Cover_T69 4
Cover_T70 52
Cover_T71 10
Cover_T72 28
Cover_T73 -2
Cover_T74 10
Cover_T75 22
Cover_T76 20
Cover_T77 -30
Cover_T78 -4
Cover_T79 -6
Cover_T80 52
Cover_T81 12
Cover_T82 28
Cover_T83 12
Cover_T84 -16
Cover_T85 -24
Cover_T86 -12
Cover_T87 20
Cover_T88 22
Cover_T89 52
Cover_T90 -2
Cover_T91 28
Cover_T92 52
Cover_T93 52
Cover_T94 28
Cover_T95 0
Cover_T96 8
Cover_T97 24
Cover_T98 20
Cover_T99 -10
Cover_T100 -10
Cover_T101 -12
Cover_T102 0
Cover_T103 24
Cover_T104 -2
Cover_T105 50
Cover_T106 -26
Cover_T107 48
Cover_T108 48
Cover_T109 26
Cover_T110 40
Cover_T111 66
Cover_T112 24
Cover_T113 90
Cover_T114 12
Cover_T115 12
Cover_T116 12
Cover_T117 12
Cover_T118 -12
Cover_T119 0
Cover_T120 -36
Cover_T121 24
Cover_T122 2
Cover_T123 12
Cover_T124 -20
Cover_T125 34
Cover_T126 -40
Cover_T127 56
Cover_T128 8
Cover_T129 18
Cover_T130 10
Cover_T131 30
Cover_T132 8
Cover_T133 58
Cover_T134 6
Cover_T135 4
Cover_T136 6
Cover_T137 36
Cover_T138 -26
Cover_T139 28
Cover_T140 -16
Cover_T141 38
Cover_T142 2.83909e-10
Cover_T143 32
Cover_T144 -10
Cover_T145 56
Cover_T146 -10
Cover_T147 24
Cover_T148 -12
Cover_T149 28
Cover_T150 -22
Cover_T151 46
Cover_T152 -16
Cover_T153 52
Cover_T154 -40
Cover_T155 74
Cover_T156 -20
Cover_T157 80
Cover_T158 -42
Cover_T159 52
Cover_T160 -50
Cover_T161 52
Cover_T162 -50
Cover_T163 52
Cover_T164 -50
Cover_T165 50
Cover_T166 -42
Cover_T167 50
Cover_T168 -42
Cover_T169 54
Cover_T170 -32
Cover_T171 42
Cover_T172 -24
Cover_T173 48
Cover_T174 -26
Cover_T175 72
Cover_T176 0
Cover_T177 56
Cover_T178 -6
Cover_T179 44
Cover_T180 938
Cover_T181 1026
Cover_T182 910
Cover_T183 988
Cover_T184 926
Cover_T185 1002
Cover_T186 936
Cover_T187 56
Cover_T188 -32
Cover_T189 38
Cover_T190 -24
Cover_T191 30
Cover_T192 -14
Cover_T193 46
Cover_T194 -24
Cover_T195 14
Cover_T196 8
Cover_T197 -18
Cover_T198 -16
Cover_T199 0
Cover_T200 16
Cover_T201 0
Cover_T202 40
Cover_T203 6
Cover_T204 14
Cover_T205 6
Cover_T206 10
Cover_T207 -8
Cover_T208 4
Cover_T209 -32
Cover_T210 4
Cover_T211 12
Cover_T212 26
Cover_T213 -2
Cover_T214 4
Cover_T215 2
Cover_T216 0
Cover_T217 46
Cover_T218 10
Cover_T219 18
Cover_T220 20
Cover_T221 7.16227e-11
Cover_T222 -32
Cover_T223 10
Cover_T224 -8
Cover_T225 -14
Cover_T226 10
Cover_T227 42
Cover_T228 0
Cover_T229 18
Cover_T230 24
Cover_T231 -6
Cover_T232 -32
Cover_T233 -30
Cover_T234 -8
Cover_T235 -6
Cover_T236 16
Cover_T237 -30
Cover_T238 50
Cover_T239 2
Cover_T240 46
Cover_T241 36
Cover_T242 14
Cover_T243 42
Cover_T244 -30
Cover_T245 18
Cover_T246 -6
Cover_T247 0
Cover_T248 -32
Cover_T249 -16
Cover_T250 -4
Cover_T251 -40
Cover_T252 14
Cover_T253 12
Cover_T254 60
Cover_T255 -32
Cover_T256 38
Cover_T257 46
Cover_T258 90
Cover_T259 24
Cover_T260 -4
Cover_T261 10
Cover_T262 28
Cover_T263 -20
Cover_T264 24
Cover_T265 10
Cover_T266 22
Cover_T267 -22
Cover_T268 54
Cover_T269 10
Cover_T270 30
Cover_T271 10
Cover_T272 62
Cover_T273 8
Cover_T274 20
Cover_T275 -12
Cover_T276 6
Cover_T277 -34
Cover_T278 -5.27357e-10
Cover_T279 6.07201e-10
Cover_T280 20
Cover_T281 -14
Cover_T282 40
Cover_T283 5.86461e-10
Cover_T284 -6.373e-10
Cover_T285 -22
Cover_T286 30
Cover_T287 5.5579e-10
Cover_T288 24
Cover_T289 -28
Cover_T290 60
Cover_T291 7.0612e-10
Cover_T292 42
Cover_T293 -8
Cover_T294 62
Cover_T295 -8
Cover_T296 30
Cover_T297 -32
Cover_T298 34
Cover_T299 -16
Cover_T300 56
Cover_T301 -16
Cover_T302 34
Cover_T303 -28
Cover_T304 70
Cover_T305 -34
Cover_T306 52
Cover_T307 -20
Cover_T308 74
Cover_T309 -42
Cover_T310 54
Cover_T311 -42
Cover_T312 54
Cover_T313 54
Cover_T314 -34
Cover_T315 64
Cover_T316 -28
Cover_T317 56
Cover_T318 -32
Cover_T319 90
Cover_T320 -4
Cover_T321 66
Cover_T322 -12
Cover_T323 40
Cover_T324 932
Cover_T325 1028
Cover_T326 934
Cover_T327 1022
Cover_T328 948
Cover_T329 1024
Cover_T330 916
Cover_T331 992
Cover_T332 932
Cover_T333 1018
Cover_T334 948
Cover_T335 58
Cover_T336 -38
Cover_T337 16
Cover_T338 -40
Cover_T339 50
Cover_T340 -34
Cover_T341 22
Cover_T342 -48
Cover_T343 1.21039e-10
Cover_T344 -28
Cover_T345 36
Cover_T346 -8
Cover_T347 16
Cover_T348 -26
Cover_T349 -16
Cover_T350 6
Cover_T351 2
Cover_T352 -18
Cover_T353 -2
Cover_T354 14
Cover_T355 0
Cover_T356 38
Cover_T357 -2.68008e-11
Cover_T358 12
Cover_T359 -14
Cover_T360 8
Cover_T361 -38
Cover_T362 2
Cover_T363 10
Cover_T364 2
Cover_T365 6
Cover_T366 12
Cover_T367 8
Cover_T368 32
Cover_T369 2
Cover_T370 52
Cover_T371 -18
Cover_T372 0
Cover_T373 38
Cover_T374 2
Cover_T375 18
Cover_T376 0
Cover_T377 -2
Cover_T378 18
Cover_T379 2.02059e-12
Cover_T380 -26
Cover_T381 48
Cover_T382 0
Cover_T383 16
Cover_T384 -2
Cover_T385 -12
Cover_T386 22
Cover_T387 -36
Cover_T388 -34
Cover_T389 -12
Cover_T390 -10
Cover_T391 -36
Cover_T392 14
Cover_T393 16
Cover_T394 38
Cover_T395 -6
Cover_T396 10
Cover_T397 52
Cover_T398 30
Cover_T399 32
Cover_T400 50
Cover_T401 12
Cover_T402 -6
Cover_T403 42
Cover_T404 14
Cover_T405 22
Cover_T406 -44
Cover_T407 5.35749e-12
Cover_T408 -20
Cover_T409 -10
Cover_T410 0
Cover_T411 -34
Cover_T412 -18
Cover_T413 -4
Cover_T414 6
Cover_T415 4
Cover_T416 28
Cover_T417 -18
Cover_T418 44
Cover_T419 -38
Cover_T420 92
Cover_T421 44
Cover_T422 42
Cover_T423 44
Cover_T424 48
Cover_T425 18
Cover_T426 66
Cover_T427 40
Cover_T428 86
Cover_T429 -8
Cover_T430 -6
Cover_T431 -18
Cover_T432 26
Cover_T433 -50
Cover_T434 22
Cover_T435 -20
Cover_T436 16
Cover_T437 -44
Cover_T438 42
Cover_T439 0
Cover_T440 8
Cover_T441 10
Cover_T442 30
Cover_T443 10
Cover_T444 56
Cover_T445 -14
Cover_T446 16
Cover_T447 8
Cover_T448 2
Cover_T449 -14
Cover_T450 20
Cover_T451 -14
Cover_T452 56
Cover_T453 -46
Cover_T454 16
Cover_T455 -16
Cover_T456 6
Cover_T457 -36
Cover_T458 32
Cover_T459 7.59711e-10
Cover_T460 64
Cover_T461 5.04329e-10
Cover_T462 34
Cover_T463 4.35267e-10
Cover_T464 68
Cover_T465 -4
Cover_T466 50
Cover_T467 -8
Cover_T468 80
Cover_T469 -16
Cover_T470 80
Cover_T471 -20
Cover_T472 80
Cover_T473 -42
Cover_T474 42
Cover_T475 8
Cover_T476 40
Cover_T477 14
Cover_T478 0
Cover_T479 26
Cover_T480 54
Cover_T481 14
Cover_T482 26
Cover_T483 982
Cover_T484 1028
Cover_T485 990
Cover_T486 1026
Cover_T487 990
Cover_T488 988
Cover_T489 956
Cover_T490 994
Cover_T491 976
Cover_T492 64
Cover_T493 -30
Cover_T494 52
Cover_T495 0
Cover_T496 52
Cover_T497 52
Cover_T498 -20
Cover_T499 76
Cover_T500 0
Cover_T501 34
Cover_T502 0
Cover_T503 92
Cover_T504 86
Cover_T505 92
Cover_T506 54
Cover_T507 54
Cover_T508 38
Cover_T509 58
Cover_T510 28
Cover_T511 -24
Cover_T512 0
Cover_T513 8
Cover_T514 42
Cover_T515 0
Cover_T516 8
Cover_T517 30
Cover_T518 58
Cover_T519 26
Count_D0 -984
Count_D1 -1000
Max_H0_P0 0
Max_H0_P1 0
Max_H0_P2 0
Max_H0_P3 0
Max_H0_P4 0
Max_H0_P5 0
Max_H0_P6 0
Max_H0_P7 0
Max_H0_P8 0
Max_H0_P9 0
Max_H0_P10 0
Max_H0_P11 0
Max_H0_P12 0
Max_H0_P13 0
Max_H0_P14 0
Max_H0_P15 0
Max_H0_P16 -9.05942e-13
Max_H0_P17 1.11111e-11
Max_H0_P18 -5.17841e-12
Max_H0_P19 0
Max_H0_P20 -2.82245e-11
Max_H0_P21 0
Max_H0_P22 -1.12186e-11
Max_H0_P23 -9.23706e-12
Max_H0_P24 9.01679e-12
Max_H0_P25 1.60938e-12
Max_H0_P26 0
Max_H0_P27 -8.46345e-12
Max_H0_P28 -1.31945e-11
Max_H0_P29 0
Max_H0_P30 -6.7682e-12
Max_H0_P31 1.26166e-11
Max_H0_P32 0
Max_H0_P33 -1.06866e-11
Max_H0_P34 0
Max_H0_P35 0
Max_H0_P36 -6.25278e-12
Max_H0_P37 1.49374e-11
Max_H0_P38 -2.35366e-11
Max_H0_P39 -1.08251e-11
Max_H0_P40 -7.91212e-12
Max_H0_P41 0
Max_H0_P42 1.87494e-12
Max_H0_P43 -5.10791e-12
Max_H0_P44 0
Max_H0_P45 1.25287e-11
Max_H0_P46 0
Max_H0_P47 0
Max_H0_P48 0
Max_H0_P49 0
Max_H0_P50 0
Max_H0_P51 0
Max_H0_P52 0
Max_H0_P53 0
Max_H0_P54 0
Max_H0_P55 0
Max_H0_P56 0
Max_H0_P57 0
Max_H0_P58 0
Max_H0_P59 0
Max_H0_P60 0
Max_H0_P61 0
Max_H0_P62 0
Max_H0_P63 0
Max_H0_P64 0
Max_H0_P65 0
Max_H0_P66 0
Max_H0_P67 0
Max_H0_P68 0
Max_H0_P69 0
Max_H0_P70 0
Max_H0_P71 0
Max_H0_P72 0
Max_H0_P73 0
Max_H0_P74 0
Max_H0_P75 0
Max_H0_P76 0
Max_H0_P77 0
Max_H0_P78 0
Max_H0_P79 0
Max_H0_P80 0
Max_H1_P0 0
Max_H1_P1 0
Max_H1_P2 0
Max_H1_P3 0
Max_H1_P4 0
Max_H1_P5 0
Max_H1_P6 -2.90417e-11
Max_H1_P7 0
Max_H1_P8 0
Max_H1_P9 0
Max_H1_P10 0
Max_H1_P11 0
Max_H1_P12 0
Max_H1_P13 0
Max_H1_P14 0
Max_H1_P15 6.26699e-12
Max_H1_P16 0
Max_H1_P17 5.93266e-12
Max_H1_P18 -1.0974e-11
Max_H1_P19 1.33866e-11
Max_H1_P20 -9.74865e-12
Max_H1_P21 -1.6114e-11
Max_H1_P22 -1.68978e-12
Max_H1_P23 -1.1096e-11
Max_H1_P24 9.09495e-13
Max_H1_P25 0
Max_H1_P26 2.58686e-11
Max_H1_P27 -3.27227e-11
Max_H1_P28 0
Max_H1_P29 -4.6092e-12
Max_H1_P30 -2.64446e-11
Max_H1_P31 -1.55933e-11
Max_H1_P32 0
Max_H1_P33 -7.10543e-12
Max_H1_P34 1.08655e-11
Max_H1_P35 -1.08655e-11
Max_H1_P36 1.07696e-11
Max_H1_P37 -6.00549e-12
Max_H1_P38 -1.4697e-11
Max_H1_P39 0
Max_H1_P40 0
Max_H1_P41 -6.22435e-12
Max_H1_P42 0
Max_H1_P43 3.61311e-12
Max_H1_P44 0
Max_H1_P45 1.65573e-11
Max_H1_P46 0
Max_H1_P47 0
Max_H1_P48 0
Max_H1_P49 0
Max_H1_P50 0
Max_H1_P51 0
Max_H1_P52 0
Max_H1_P53 0
Max_H1_P54 0
Max_H1_P55 0
Max_H1_P56 0
Max_H1_P57 0
Max_H1_P58 0
Max_H1_P59 0
Max_H1_P60 0
Max_H1_P61 0
Max_H1_P62 0
Max_H1_P63 0
Max_H1_P64 0
Max_H1_P65 0
Max_H1_P66 0
Max_H1_P67 0
Max_H1_P68 0
Max_H1_P69 0
Max_H1_P70 0
Max_H1_P71 0
Max_H1_P72 0
Max_H1_P73 0
Max_H1_P74 0
Max_H1_P75 0
Max_H1_P76 -2.87343e-11
Max_H1_P77 2.87343e-11
Max_H1_P78 0
Max_H1_P79 0
Max_H1_P80 0
