
Branch and bound

  Entire solving process        :                           (Time    470.7)
  No feasible solution was found
  Best relaxation cost          :     71758.75 (Node     0) (Time    470.7)
  Lower bound after cuts        :     71758.75
  End lower bound               :     71758.75
  Deepest level reached         : 0
  Deepest real level reached    : 0
  Number of real nodes solved   : 1
  Stopping condition            : enough nodes explored

Problem identification

  Problem                       : <null>
  Machine                       : oslo1.gerad.lan

Solving process summary

  Linear relaxations            :        1
  Column generation iterations  :      124
  Shortest paths solved         :     5839
  Columns generated             :    71288

Instance characteristics

  Resources                     : 3
  Node types                    : no
  Arc types                     : no
  Strong resource windows       : no
  Weak resource windows         : no
  Resource windows (nodes)      : 3
  Resource values (arcs)        : 3
  Values on nodes               : no

  Rows                          : 1257
  Initial columns               : 521
  Tasks                         : 1095
  Strong tasks                  : 772
  Weak tasks                    : 4
  Initial task constraints      : no
  Nodes                         : 1423
  Arc sets                      : 1
  Arcs                          : 52710
  Networks                      : 2
  Models                        : 1

Memory used per module (Megs)

  Parser (reused)               :     10.663
  Networks                      :     42.501
  Column generator              :     18.647
  Master problem                :     11.893
  -----------------
  Total                         :     73.042

Cpu time per module (seconds)

  Parser                        :        0.0
  Preprocessor                  :        0.0
  Lr solver manager             :        0.1
  Column generator              :      198.1
    (Shortest path)             :      181.7
  Master problem                :      272.5
  -------------------
  Total (without b&b)           :      470.7

Real elapsed time (seconds)

  Parser                        :        0.0
  Preprocessor                  :        0.0
  Lr solver manager             :        0.2
  Column generator              :      198.1
    (Shortest path)             :      182.3
  Master problem                :      272.4
  -------------------
  Total (without b&b)           :      470.7
