
Branch and bound

  Entire solving process        :                           (Time    681.3)
  No feasible solution was found
  Best relaxation cost          :     73571.95 (Node     0) (Time    681.3)
  Lower bound after cuts        :     73571.95
  End lower bound               :     73571.95
  Deepest level reached         : 0
  Deepest real level reached    : 0
  Number of real nodes solved   : 1
  Stopping condition            : enough nodes explored

Problem identification

  Problem                       : <null>
  Machine                       : oslo3.gerad.lan

Solving process summary

  Linear relaxations            :        1
  Column generation iterations  :      153
  Shortest paths solved         :     7078
  Columns generated             :    84135

Instance characteristics

  Resources                     : 3
  Node types                    : no
  Arc types                     : no
  Strong resource windows       : no
  Weak resource windows         : no
  Resource windows (nodes)      : 3
  Resource values (arcs)        : 3
  Values on nodes               : no

  Rows                          : 1284
  Initial columns               : 584
  Tasks                         : 1122
  Strong tasks                  : 760
  Weak tasks                    : 4
  Initial task constraints      : no
  Nodes                         : 1450
  Arc sets                      : 1
  Arcs                          : 54316
  Networks                      : 2
  Models                        : 1

Memory used per module (Megs)

  Parser (reused)               :     11.026
  Networks                      :     43.833
  Column generator              :     25.307
  Master problem                :     12.422
  -----------------
  Total                         :     81.562

Cpu time per module (seconds)

  Parser                        :        0.0
  Preprocessor                  :        0.0
  Lr solver manager             :        0.2
  Column generator              :      289.5
    (Shortest path)             :      269.1
  Master problem                :      391.5
  -------------------
  Total (without b&b)           :      681.3

Real elapsed time (seconds)

  Parser                        :        0.0
  Preprocessor                  :        0.0
  Lr solver manager             :        0.1
  Column generator              :      289.5
    (Shortest path)             :      269.2
  Master problem                :      391.6
  -------------------
  Total (without b&b)           :      681.3
