Cover_T0 52
Cover_T1 -52
Cover_T2 52
Cover_T3 -52
Cover_T4 52
Cover_T5 -52
Cover_T6 52
Cover_T7 -52
Cover_T8 52
Cover_T9 -52
Cover_T10 56
Cover_T11 -48
Cover_T12 56
Cover_T13 -48
Cover_T14 56
Cover_T15 -48
Cover_T16 56
Cover_T17 -44
Cover_T18 56
Cover_T19 -44
Cover_T20 56
Cover_T21 -44
Cover_T22 60
Cover_T23 -38
Cover_T24 52
Cover_T25 -38
Cover_T26 50
Cover_T27 -18
Cover_T28 62
Cover_T29 -22
Cover_T30 54
Cover_T31 2
Cover_T32 72
Cover_T33 7.61702e-12
Cover_T34 34
Cover_T35 6
Cover_T36 1010
Cover_T37 974
Cover_T38 1006
Cover_T39 936
Cover_T40 1008
Cover_T41 982
Cover_T42 990
Cover_T43 8
Cover_T44 10
Cover_T45 -6
Cover_T46 10
Cover_T47 20
Cover_T48 0
Cover_T49 -12
Cover_T50 8
Cover_T51 20
Cover_T52 18
Cover_T53 18
Cover_T54 12
Cover_T55 10
Cover_T56 14
Cover_T57 0
Cover_T58 0
Cover_T59 -10
Cover_T60 4
Cover_T61 4
Cover_T62 4
Cover_T63 2.5242e-11
Cover_T64 0
Cover_T65 0
Cover_T66 0
Cover_T67 4
Cover_T68 -2
Cover_T69 4
Cover_T70 14
Cover_T71 6
Cover_T72 -26
Cover_T73 44
Cover_T74 14
Cover_T75 8
Cover_T76 6
Cover_T77 28
Cover_T78 -18
Cover_T79 52
Cover_T80 -8
Cover_T81 8
Cover_T82 -32
Cover_T83 26
Cover_T84 -4
Cover_T85 36
Cover_T86 -2
Cover_T87 8
Cover_T88 -38
Cover_T89 42
Cover_T90 0
Cover_T91 20
Cover_T92 10
Cover_T93 38
Cover_T94 8
Cover_T95 6
Cover_T96 18
Cover_T97 12
Cover_T98 18
Cover_T99 20
Cover_T100 -2.26689e-11
Cover_T101 6
Cover_T102 2
Cover_T103 18
Cover_T104 6
Cover_T105 22
Cover_T106 0
Cover_T107 40
Cover_T108 -8
Cover_T109 14
Cover_T110 0
Cover_T111 26
Cover_T112 2.25526e-11
Cover_T113 30
Cover_T114 3.11081e-11
Cover_T115 16
Cover_T116 -2
Cover_T117 20
Cover_T118 -34
Cover_T119 20
Cover_T120 -2
Cover_T121 20
Cover_T122 -2
Cover_T123 52
Cover_T124 -2
Cover_T125 2
Cover_T126 -32
Cover_T127 18
Cover_T128 -22
Cover_T129 18
Cover_T130 -2
Cover_T131 46
Cover_T132 -26
Cover_T133 28
Cover_T134 -2
Cover_T135 52
Cover_T136 -6
Cover_T137 24
Cover_T138 -30
Cover_T139 52
Cover_T140 -2
Cover_T141 50
Cover_T142 -2
Cover_T143 54
Cover_T144 -2
Cover_T145 78
Cover_T146 -2
Cover_T147 54
Cover_T148 -6
Cover_T149 58
Cover_T150 -8
Cover_T151 48
Cover_T152 -28
Cover_T153 62
Cover_T154 -32
Cover_T155 72
Cover_T156 -36
Cover_T157 66
Cover_T158 52
Cover_T159 -52
Cover_T160 52
Cover_T161 -48
Cover_T162 60
Cover_T163 -48
Cover_T164 52
Cover_T165 -48
Cover_T166 52
Cover_T167 -48
Cover_T168 52
Cover_T169 -42
Cover_T170 52
Cover_T171 -42
Cover_T172 52
Cover_T173 -26
Cover_T174 52
Cover_T175 -30
Cover_T176 48
Cover_T177 0
Cover_T178 46
Cover_T179 2
Cover_T180 46
Cover_T181 18
Cover_T182 1022
Cover_T183 976
Cover_T184 978
Cover_T185 948
Cover_T186 1004
Cover_T187 976
Cover_T188 988
Cover_T189 8.27072e-12
Cover_T190 30
Cover_T191 20
Cover_T192 22
Cover_T193 -16
Cover_T194 14
Cover_T195 -8
Cover_T196 18
Cover_T197 14
Cover_T198 -6
Cover_T199 0
Cover_T200 4
Cover_T201 2
Cover_T202 0
Cover_T203 12
Cover_T204 4
Cover_T205 16
Cover_T206 18
Cover_T207 2
Cover_T208 16
Cover_T209 14
Cover_T210 18
Cover_T211 6
Cover_T212 0
Cover_T213 6
Cover_T214 6
Cover_T215 10
Cover_T216 2
Cover_T217 10
Cover_T218 -1.05591e-11
Cover_T219 14
Cover_T220 1.29759e-10
Cover_T221 14
Cover_T222 -44
Cover_T223 16
Cover_T224 -24
Cover_T225 -2.84928e-12
Cover_T226 0
Cover_T227 40
Cover_T228 -1.12976e-12
Cover_T229 0
Cover_T230 -32
Cover_T231 0
Cover_T232 16
Cover_T233 18
Cover_T234 -8
Cover_T235 42
Cover_T236 -32
Cover_T237 -6
Cover_T238 -10
Cover_T239 18
Cover_T240 -36
Cover_T241 16
Cover_T242 0
Cover_T243 54
Cover_T244 18
Cover_T245 8
Cover_T246 18
Cover_T247 10
Cover_T248 0
Cover_T249 8
Cover_T250 -2.98783e-12
Cover_T251 10
Cover_T252 10
Cover_T253 28
Cover_T254 1.17095e-11
Cover_T255 30
Cover_T256 -4
Cover_T257 30
Cover_T258 2
Cover_T259 14
Cover_T260 -4
Cover_T261 6
Cover_T262 -4
Cover_T263 10
Cover_T264 -18
Cover_T265 22
Cover_T266 -2
Cover_T267 34
Cover_T268 -2
Cover_T269 2
Cover_T270 -2
Cover_T271 2
Cover_T272 -34
Cover_T273 2
Cover_T274 -24
Cover_T275 32
Cover_T276 -50
Cover_T277 52
Cover_T278 -18
Cover_T279 30
Cover_T280 -38
Cover_T281 50
Cover_T282 -10
Cover_T283 18
Cover_T284 -10
Cover_T285 38
Cover_T286 -30
Cover_T287 10
Cover_T288 -50
Cover_T289 10
Cover_T290 -18
Cover_T291 42
Cover_T292 -14
Cover_T293 66
Cover_T294 -2
Cover_T295 46
Cover_T296 -14
Cover_T297 44
Cover_T298 -18
Cover_T299 36
Cover_T300 -28
Cover_T301 56
Cover_T302 -28
Cover_T303 44
Cover_T304 -38
Cover_T305 62
Cover_T306 -42
Cover_T307 52
Cover_T308 -36
Cover_T309 72
Cover_T310 64
Cover_T311 -34
Cover_T312 64
Cover_T313 -34
Cover_T314 54
Cover_T315 -14
Cover_T316 50
Cover_T317 -34
Cover_T318 62
Cover_T319 2
Cover_T320 74
Cover_T321 0
Cover_T322 54
Cover_T323 18
Cover_T324 1006
Cover_T325 976
Cover_T326 1006
Cover_T327 970
Cover_T328 1034
Cover_T329 982
Cover_T330 1006
Cover_T331 960
Cover_T332 1004
Cover_T333 972
Cover_T334 974
Cover_T335 0
Cover_T336 0
Cover_T337 18
Cover_T338 28
Cover_T339 -6
Cover_T340 24
Cover_T341 -18
Cover_T342 4
Cover_T343 0
Cover_T344 12
Cover_T345 20
Cover_T346 -8
Cover_T347 2
Cover_T348 12
Cover_T349 -10
Cover_T350 -8
Cover_T351 10
Cover_T352 14
Cover_T353 -4
Cover_T354 1.04985e-11
Cover_T355 16
Cover_T356 0
Cover_T357 -4
Cover_T358 14
Cover_T359 16
Cover_T360 0
Cover_T361 -1.67914e-10
Cover_T362 0
Cover_T363 6
Cover_T364 8
Cover_T365 4
Cover_T366 10
Cover_T367 6
Cover_T368 2
Cover_T369 -1.47195e-10
Cover_T370 4
Cover_T371 10
Cover_T372 18
Cover_T373 0
Cover_T374 2.86438e-14
Cover_T375 0
Cover_T376 18
Cover_T377 -2
Cover_T378 -16
Cover_T379 0
Cover_T380 0
Cover_T381 -1.24317e-10
Cover_T382 -40
Cover_T383 44
Cover_T384 -6.10487e-12
Cover_T385 24
Cover_T386 -10
Cover_T387 -8.71347e-12
Cover_T388 18
Cover_T389 22
Cover_T390 -14
Cover_T391 20
Cover_T392 -5.9575e-11
Cover_T393 52
Cover_T394 -24
Cover_T395 12
Cover_T396 0
Cover_T397 38
Cover_T398 4
Cover_T399 12
Cover_T400 0
Cover_T401 26
Cover_T402 2
Cover_T403 44
Cover_T404 16
Cover_T405 10
Cover_T406 0
Cover_T407 12
Cover_T408 0
Cover_T409 0
Cover_T410 0
Cover_T411 8
Cover_T412 0
Cover_T413 14
Cover_T414 10
Cover_T415 18
Cover_T416 -16
Cover_T417 38
Cover_T418 10
Cover_T419 24
Cover_T420 2
Cover_T421 24
Cover_T422 -12
Cover_T423 16
Cover_T424 3.11502e-11
Cover_T425 36
Cover_T426 -20
Cover_T427 10
Cover_T428 -12
Cover_T429 6
Cover_T430 -36
Cover_T431 30
Cover_T432 -2
Cover_T433 22
Cover_T434 -2
Cover_T435 14
Cover_T436 -10
Cover_T437 38
Cover_T438 -12
Cover_T439 8
Cover_T440 -14
Cover_T441 28
Cover_T442 -6
Cover_T443 40
Cover_T444 -2
Cover_T445 42
Cover_T446 -26
Cover_T447 38
Cover_T448 -18
Cover_T449 30
Cover_T450 -18
Cover_T451 34
Cover_T452 -2
Cover_T453 76
Cover_T454 -2
Cover_T455 48
Cover_T456 -10
Cover_T457 52
Cover_T458 -28
Cover_T459 36
Cover_T460 -32
Cover_T461 50
Cover_T462 -28
Cover_T463 54
Cover_T464 -32
Cover_T465 72
Cover_T466 -32
Cover_T467 58
Cover_T468 -46
Cover_T469 16
Cover_T470 4
Cover_T471 58
Cover_T472 14
Cover_T473 48
Cover_T474 30
Cover_T475 20
Cover_T476 22
Cover_T477 6
Cover_T478 0
Cover_T479 40
Cover_T480 0
Cover_T481 0
Cover_T482 34
Cover_T483 1062
Cover_T484 1004
Cover_T485 1034
Cover_T486 1022
Cover_T487 1016
Cover_T488 1004
Cover_T489 1002
Cover_T490 1024
Cover_T491 76
Cover_T492 -26
Cover_T493 56
Cover_T494 0
Cover_T495 52
Cover_T496 52
Cover_T497 40
Cover_T498 52
Cover_T499 0
Cover_T500 60
Cover_T501 0
Cover_T502 0
Cover_T503 26
Cover_T504 36
Cover_T505 0
Cover_T506 26
Cover_T507 44
Cover_T508 0
Cover_T509 50
Cover_T510 30
Cover_T511 42
Cover_T512 0
Cover_T513 26
Cover_T514 0
Cover_T515 46
Cover_T516 52
Count_D0 -984
Count_D1 -1000
Max_H0_P0 0
Max_H0_P1 0
Max_H0_P2 0
Max_H0_P3 0
Max_H0_P4 0
Max_H0_P5 0
Max_H0_P6 0
Max_H0_P7 0
Max_H0_P8 0
Max_H0_P9 0
Max_H0_P10 0
Max_H0_P11 0
Max_H0_P12 0
Max_H0_P13 0
Max_H0_P14 0
Max_H0_P15 0
Max_H0_P16 0
Max_H0_P17 0
Max_H0_P18 0
Max_H0_P19 0
Max_H0_P20 0
Max_H0_P21 0
Max_H0_P22 -6.10356e-12
Max_H0_P23 0
Max_H0_P24 0
Max_H0_P25 -4.91696e-12
Max_H0_P26 0
Max_H0_P27 0
Max_H0_P28 -6.93152e-13
Max_H0_P29 0
Max_H0_P30 0
Max_H0_P31 8.26159e-12
Max_H0_P32 -7.47988e-12
Max_H0_P33 1.61164e-12
Max_H0_P34 -4.61553e-12
Max_H0_P35 0
Max_H0_P36 0
Max_H0_P37 4.12514e-12
Max_H0_P38 -1.28777e-11
Max_H0_P39 0
Max_H0_P40 -1.18221e-12
Max_H0_P41 0
Max_H0_P42 0
Max_H0_P43 0
Max_H0_P44 0
Max_H0_P45 0
Max_H0_P46 0
Max_H0_P47 0
Max_H0_P48 0
Max_H0_P49 0
Max_H0_P50 0
Max_H0_P51 0
Max_H0_P52 0
Max_H0_P53 0
Max_H0_P54 -4.53504e-12
Max_H0_P55 0
Max_H0_P56 0
Max_H0_P57 0
Max_H0_P58 0
Max_H0_P59 0
Max_H0_P60 0
Max_H0_P61 0
Max_H0_P62 0
Max_H0_P63 0
Max_H0_P64 0
Max_H0_P65 0
Max_H0_P66 0
Max_H0_P67 0
Max_H0_P68 0
Max_H0_P69 0
Max_H0_P70 0
Max_H0_P71 0
Max_H0_P72 0
Max_H0_P73 0
Max_H0_P74 0
Max_H0_P75 -0
Max_H0_P76 0
Max_H0_P77 0
Max_H0_P78 0
Max_H0_P79 0
Max_H0_P80 0
Max_H0_P81 0
Max_H1_P0 0
Max_H1_P1 0
Max_H1_P2 0
Max_H1_P3 0
Max_H1_P4 0
Max_H1_P5 7.99813e-12
Max_H1_P6 2.42881e-11
Max_H1_P7 0
Max_H1_P8 0
Max_H1_P9 0
Max_H1_P10 0
Max_H1_P11 0
Max_H1_P12 0
Max_H1_P13 0
Max_H1_P14 0
Max_H1_P15 0
Max_H1_P16 3.53924e-12
Max_H1_P17 0
Max_H1_P18 0
Max_H1_P19 -9.11208e-12
Max_H1_P20 7.25819e-12
Max_H1_P21 0
Max_H1_P22 0
Max_H1_P23 0
Max_H1_P24 1.10418e-11
Max_H1_P25 6.74394e-12
Max_H1_P26 -1.60172e-12
Max_H1_P27 0
Max_H1_P28 -6.95225e-12
Max_H1_P29 -8.24785e-13
Max_H1_P30 0
Max_H1_P31 0
Max_H1_P32 2.31459e-12
Max_H1_P33 -8.18284e-12
Max_H1_P34 0
Max_H1_P35 9.36762e-12
Max_H1_P36 -1.34435e-11
Max_H1_P37 -1.57017e-12
Max_H1_P38 4.50839e-12
Max_H1_P39 -7.46347e-12
Max_H1_P40 0
Max_H1_P41 -9.4561e-12
Max_H1_P42 0
Max_H1_P43 0
Max_H1_P44 0
Max_H1_P45 0
Max_H1_P46 0
Max_H1_P47 0
Max_H1_P48 0
Max_H1_P49 0
Max_H1_P50 0
Max_H1_P51 0
Max_H1_P52 0
Max_H1_P53 0
Max_H1_P54 0
Max_H1_P55 0
Max_H1_P56 0
Max_H1_P57 0
Max_H1_P58 0
Max_H1_P59 0
Max_H1_P60 0
Max_H1_P61 3.18146e-12
Max_H1_P62 0
Max_H1_P63 0
Max_H1_P64 0
Max_H1_P65 0
Max_H1_P66 0
Max_H1_P67 0
Max_H1_P68 0
Max_H1_P69 0
Max_H1_P70 0
Max_H1_P71 0
Max_H1_P72 0
Max_H1_P73 0
Max_H1_P74 0
Max_H1_P75 0
Max_H1_P76 0
Max_H1_P77 0
Max_H1_P78 0
Max_H1_P79 0
Max_H1_P80 0
Max_H1_P81 0
