
Branch and bound

  Entire solving process        :                           (Time    723.0)
  No feasible solution was found
  Best relaxation cost          :     64764.29 (Node     0) (Time    722.9)
  Lower bound after cuts        :     64764.29
  End lower bound               :     64764.29
  Deepest level reached         : 0
  Deepest real level reached    : 0
  Number of real nodes solved   : 1
  Stopping condition            : enough nodes explored

Problem identification

  Problem                       : <null>
  Machine                       : oslo1.gerad.lan

Solving process summary

  Linear relaxations            :        1
  Column generation iterations  :      145
  Shortest paths solved         :     4466
  Columns generated             :    52733

Instance characteristics

  Resources                     : 3
  Node types                    : no
  Arc types                     : no
  Strong resource windows       : no
  Weak resource windows         : no
  Resource windows (nodes)      : 3
  Resource values (arcs)        : 3
  Values on nodes               : no

  Rows                          : 1209
  Initial columns               : 2
  Tasks                         : 1047
  Strong tasks                  : 1043
  Weak tasks                    : 4
  Initial task constraints      : no
  Nodes                         : 1375
  Arc sets                      : 1
  Arcs                          : 47805
  Networks                      : 2
  Models                        : 1

Memory used per module (Megs)

  Parser (reused)               :      9.816
  Networks                      :     37.658
  Column generator              :     11.866
  Master problem                :     11.916
  -----------------
  Total                         :     61.440

Cpu time per module (seconds)

  Parser                        :        0.1
  Preprocessor                  :        0.0
  Lr solver manager             :        0.3
  Column generator              :      130.6
    (Shortest path)             :      108.8
  Master problem                :      592.0
  -------------------
  Total (without b&b)           :      722.9

Real elapsed time (seconds)

  Parser                        :        0.1
  Preprocessor                  :        0.0
  Lr solver manager             :        0.3
  Column generator              :      130.6
    (Shortest path)             :      108.9
  Master problem                :      592.0
  -------------------
  Total (without b&b)           :      723.0
