
Branch and bound

  Entire solving process        :                           (Time     94.2)
  No feasible solution was found
  Best relaxation cost          :     36003.70 (Node     0) (Time     94.2)
  Lower bound after cuts        :     36003.70
  End lower bound               :     36003.70
  Deepest level reached         : 0
  Deepest real level reached    : 0
  Number of real nodes solved   : 1
  Stopping condition            : enough nodes explored

Problem identification

  Problem                       : <null>
  Machine                       : oslo4.gerad.lan

Solving process summary

  Linear relaxations            :        1
  Column generation iterations  :      151
  Shortest paths solved         :     6580
  Columns generated             :    42804

Instance characteristics

  Resources                     : 3
  Node types                    : no
  Arc types                     : no
  Strong resource windows       : no
  Weak resource windows         : no
  Resource windows (nodes)      : 3
  Resource values (arcs)        : 3
  Values on nodes               : no

  Rows                          : 746
  Initial columns               : 300
  Tasks                         : 584
  Strong tasks                  : 394
  Weak tasks                    : 4
  Initial task constraints      : no
  Nodes                         : 912
  Arc sets                      : 1
  Arcs                          : 17159
  Networks                      : 2
  Models                        : 1

Memory used per module (Megs)

  Parser (reused)               :      3.882
  Networks                      :     23.249
  Column generator              :      7.507
  Master problem                :      7.674
  -----------------
  Total                         :     38.430

Cpu time per module (seconds)

  Parser                        :        0.0
  Preprocessor                  :        0.0
  Lr solver manager             :        0.1
  Column generator              :       27.4
    (Shortest path)             :       23.9
  Master problem                :       66.6
  -------------------
  Total (without b&b)           :       94.2

Real elapsed time (seconds)

  Parser                        :        0.0
  Preprocessor                  :        0.0
  Lr solver manager             :        0.1
  Column generator              :       27.4
    (Shortest path)             :       24.0
  Master problem                :       66.6
  -------------------
  Total (without b&b)           :       94.2
