Cover_T0 52
Cover_T1 -52
Cover_T2 52
Cover_T3 -52
Cover_T4 52
Cover_T5 -52
Cover_T6 52
Cover_T7 -52
Cover_T8 52
Cover_T9 -52
Cover_T10 52
Cover_T11 -52
Cover_T12 52
Cover_T13 -52
Cover_T14 52
Cover_T15 -52
Cover_T16 52
Cover_T17 -52
Cover_T18 52
Cover_T19 -52
Cover_T20 54
Cover_T21 -52
Cover_T22 52
Cover_T23 -50
Cover_T24 56
Cover_T25 -48
Cover_T26 56
Cover_T27 -48
Cover_T28 56
Cover_T29 -48
Cover_T30 58
Cover_T31 -48
Cover_T32 52
Cover_T33 -52
Cover_T34 56
Cover_T35 -48
Cover_T36 56
Cover_T37 -44
Cover_T38 54
Cover_T39 -42
Cover_T40 56
Cover_T41 -44
Cover_T42 50
Cover_T43 -42
Cover_T44 50
Cover_T45 -46
Cover_T46 58
Cover_T47 -42
Cover_T48 60
Cover_T49 -46
Cover_T50 50
Cover_T51 -38
Cover_T52 52
Cover_T53 -30
Cover_T54 52
Cover_T55 -32
Cover_T56 50
Cover_T57 -40
Cover_T58 46
Cover_T59 -38
Cover_T60 52
Cover_T61 930
Cover_T62 996
Cover_T63 918
Cover_T64 998
Cover_T65 906
Cover_T66 996
Cover_T67 954
Cover_T68 1030
Cover_T69 960
Cover_T70 1042
Cover_T71 960
Cover_T72 64
Cover_T73 10
Cover_T74 80
Cover_T75 8
Cover_T76 98
Cover_T77 6.76224e-11
Cover_T78 38
Cover_T79 -30
Cover_T80 20
Cover_T81 -28
Cover_T82 2
Cover_T83 -28
Cover_T84 16
Cover_T85 -30
Cover_T86 16
Cover_T87 -14
Cover_T88 3.73602e-10
Cover_T89 0
Cover_T90 4
Cover_T91 16
Cover_T92 28
Cover_T93 2
Cover_T94 10
Cover_T95 -4
Cover_T96 8
Cover_T97 12
Cover_T98 10
Cover_T99 8
Cover_T100 -6
Cover_T101 -16
Cover_T102 -1.35487e-11
Cover_T103 -3.3969e-10
Cover_T104 10
Cover_T105 2
Cover_T106 -6
Cover_T107 0
Cover_T108 8
Cover_T109 16
Cover_T110 16
Cover_T111 10
Cover_T112 1.7973e-10
Cover_T113 1.8517e-11
Cover_T114 38
Cover_T115 16
Cover_T116 22
Cover_T117 2
Cover_T118 6
Cover_T119 -6
Cover_T120 4
Cover_T121 10
Cover_T122 4
Cover_T123 -26
Cover_T124 0
Cover_T125 -6
Cover_T126 4
Cover_T127 5.95719e-11
Cover_T128 -16
Cover_T129 4
Cover_T130 2
Cover_T131 8
Cover_T132 38
Cover_T133 4
Cover_T134 34
Cover_T135 22
Cover_T136 18
Cover_T137 0
Cover_T138 6
Cover_T139 16
Cover_T140 10
Cover_T141 -24
Cover_T142 10
Cover_T143 -24
Cover_T144 4
Cover_T145 -8
Cover_T146 2
Cover_T147 4
Cover_T148 6
Cover_T149 4.46789e-11
Cover_T150 10
Cover_T151 -2.74554e-11
Cover_T152 6
Cover_T153 6
Cover_T154 -10
Cover_T155 8
Cover_T156 -26
Cover_T157 4
Cover_T158 -42
Cover_T159 0
Cover_T160 -40
Cover_T161 4
Cover_T162 -38
Cover_T163 20
Cover_T164 -18
Cover_T165 34
Cover_T166 -30
Cover_T167 46
Cover_T168 -42
Cover_T169 40
Cover_T170 -6
Cover_T171 52
Cover_T172 -18
Cover_T173 46
Cover_T174 -30
Cover_T175 24
Cover_T176 -42
Cover_T177 36
Cover_T178 -2
Cover_T179 48
Cover_T180 4
Cover_T181 12
Cover_T182 8
Cover_T183 24
Cover_T184 14
Cover_T185 36
Cover_T186 6
Cover_T187 50
Cover_T188 16
Cover_T189 10
Cover_T190 6
Cover_T191 4
Cover_T192 18
Cover_T193 0
Cover_T194 8
Cover_T195 2
Cover_T196 10
Cover_T197 6
Cover_T198 6
Cover_T199 0
Cover_T200 2
Cover_T201 12
Cover_T202 34
Cover_T203 8
Cover_T204 36
Cover_T205 18
Cover_T206 18
Cover_T207 22
Cover_T208 32
Cover_T209 28
Cover_T210 28
Cover_T211 32
Cover_T212 28
Cover_T213 10
Cover_T214 20
Cover_T215 -2
Cover_T216 8
Cover_T217 20
Cover_T218 12
Cover_T219 0
Cover_T220 2.4634e-10
Cover_T221 14
Cover_T222 10
Cover_T223 8
Cover_T224 -12
Cover_T225 16
Cover_T226 -1.52033e-10
Cover_T227 28
Cover_T228 -10
Cover_T229 22
Cover_T230 -38
Cover_T231 16
Cover_T232 -8
Cover_T233 34
Cover_T234 -8
Cover_T235 24
Cover_T236 -10
Cover_T237 46
Cover_T238 -12
Cover_T239 62
Cover_T240 -14
Cover_T241 32
Cover_T242 -14
Cover_T243 28
Cover_T244 -18
Cover_T245 42
Cover_T246 -16
Cover_T247 34
Cover_T248 -16
Cover_T249 32
Cover_T250 -18
Cover_T251 34
Cover_T252 -18
Cover_T253 34
Cover_T254 -22
Cover_T255 34
Cover_T256 -20
Cover_T257 32
Cover_T258 -20
Cover_T259 34
Cover_T260 -26
Cover_T261 30
Cover_T262 -24
Cover_T263 28
Cover_T264 -50
Cover_T265 36
Cover_T266 -30
Cover_T267 40
Cover_T268 -26
Cover_T269 52
Cover_T270 -40
Cover_T271 54
Cover_T272 -28
Cover_T273 42
Cover_T274 -38
Cover_T275 36
Cover_T276 -34
Cover_T277 58
Cover_T278 -26
Cover_T279 32
Cover_T280 -26
Cover_T281 52
Cover_T282 -26
Cover_T283 46
Cover_T284 -34
Cover_T285 36
Cover_T286 -32
Cover_T287 40
Cover_T288 -32
Cover_T289 50
Cover_T290 -32
Cover_T291 58
Cover_T292 -36
Cover_T293 60
Cover_T294 -36
Cover_T295 54
Cover_T296 -36
Cover_T297 50
Cover_T298 -38
Cover_T299 62
Cover_T300 -38
Cover_T301 60
Cover_T302 -42
Cover_T303 62
Cover_T304 -44
Cover_T305 54
Cover_T306 -48
Cover_T307 54
Cover_T308 -48
Cover_T309 52
Cover_T310 -52
Cover_T311 52
Cover_T312 -52
Cover_T313 56
Cover_T314 -48
Cover_T315 56
Cover_T316 -48
Cover_T317 54
Cover_T318 -50
Cover_T319 56
Cover_T320 -42
Cover_T321 60
Cover_T322 -42
Cover_T323 56
Cover_T324 -42
Cover_T325 54
Cover_T326 -44
Cover_T327 54
Cover_T328 -42
Cover_T329 52
Cover_T330 -40
Cover_T331 50
Cover_T332 -26
Cover_T333 52
Cover_T334 -36
Cover_T335 54
Cover_T336 -30
Cover_T337 50
Cover_T338 -38
Cover_T339 52
Cover_T340 930
Cover_T341 38
Cover_T342 926
Cover_T343 990
Cover_T344 918
Cover_T345 988
Cover_T346 906
Cover_T347 988
Cover_T348 894
Cover_T349 994
Cover_T350 954
Cover_T351 1036
Cover_T352 956
Cover_T353 62
Cover_T354 958
Cover_T355 76
Cover_T356 14
Cover_T357 76
Cover_T358 4
Cover_T359 92
Cover_T360 12
Cover_T361 92
Cover_T362 0
Cover_T363 50
Cover_T364 -30
Cover_T365 30
Cover_T366 -28
Cover_T367 14
Cover_T368 -28
Cover_T369 -2
Cover_T370 -30
Cover_T371 6
Cover_T372 -14
Cover_T373 12
Cover_T374 1.50635e-12
Cover_T375 -4
Cover_T376 16
Cover_T377 3.31259e-10
Cover_T378 2
Cover_T379 22
Cover_T380 -4
Cover_T381 6
Cover_T382 12
Cover_T383 4
Cover_T384 8
Cover_T385 6
Cover_T386 -16
Cover_T387 -10
Cover_T388 -3.92851e-10
Cover_T389 -4
Cover_T390 2
Cover_T391 6
Cover_T392 1.87811e-10
Cover_T393 -10
Cover_T394 16
Cover_T395 4
Cover_T396 10
Cover_T397 12
Cover_T398 0
Cover_T399 -4
Cover_T400 16
Cover_T401 34
Cover_T402 2
Cover_T403 18
Cover_T404 -6
Cover_T405 2
Cover_T406 10
Cover_T407 0
Cover_T408 -28
Cover_T409 1.39122e-10
Cover_T410 -12
Cover_T411 7.15668e-11
Cover_T412 4
Cover_T413 8
Cover_T414 6
Cover_T415 -8
Cover_T416 6
Cover_T417 14
Cover_T418 6
Cover_T419 -2
Cover_T420 -2
Cover_T421 38
Cover_T422 14
Cover_T423 36
Cover_T424 -4
Cover_T425 16
Cover_T426 16
Cover_T427 0
Cover_T428 -36
Cover_T429 -1.47775e-11
Cover_T430 -16
Cover_T431 0
Cover_T432 -1.02018e-12
Cover_T433 0
Cover_T434 0
Cover_T435 2
Cover_T436 0
Cover_T437 6
Cover_T438 6
Cover_T439 2
Cover_T440 8
Cover_T441 -14
Cover_T442 4
Cover_T443 -30
Cover_T444 -6.99209e-11
Cover_T445 -46
Cover_T446 4
Cover_T447 -44
Cover_T448 20
Cover_T449 -42
Cover_T450 36
Cover_T451 -22
Cover_T452 52
Cover_T453 -38
Cover_T454 50
Cover_T455 -6
Cover_T456 48
Cover_T457 -22
Cover_T458 28
Cover_T459 -38
Cover_T460 44
Cover_T461 -2
Cover_T462 14
Cover_T463 0
Cover_T464 30
Cover_T465 2
Cover_T466 42
Cover_T467 8
Cover_T468 56
Cover_T469 0
Cover_T470 16
Cover_T471 10
Cover_T472 10
Cover_T473 0
Cover_T474 6
Cover_T475 10
Cover_T476 0
Cover_T477 0
Cover_T478 12
Cover_T479 4
Cover_T480 0
Cover_T481 0
Cover_T482 12
Cover_T483 -4
Cover_T484 0
Cover_T485 26
Cover_T486 18
Cover_T487 28
Cover_T488 14
Cover_T489 16
Cover_T490 26
Cover_T491 26
Cover_T492 32
Cover_T493 28
Cover_T494 0
Cover_T495 20
Cover_T496 10
Cover_T497 20
Cover_T498 22
Cover_T499 0
Cover_T500 12
Cover_T501 12
Cover_T502 16
Cover_T503 3.34298e-10
Cover_T504 18
Cover_T505 0
Cover_T506 18
Cover_T507 -2
Cover_T508 14
Cover_T509 -16
Cover_T510 32
Cover_T511 -32
Cover_T512 22
Cover_T513 -8
Cover_T514 22
Cover_T515 -4
Cover_T516 36
Cover_T517 -26
Cover_T518 46
Cover_T519 -10
Cover_T520 26
Cover_T521 -16
Cover_T522 30
Cover_T523 -14
Cover_T524 22
Cover_T525 -18
Cover_T526 28
Cover_T527 -18
Cover_T528 28
Cover_T529 -24
Cover_T530 26
Cover_T531 -22
Cover_T532 28
Cover_T533 -24
Cover_T534 28
Cover_T535 -24
Cover_T536 28
Cover_T537 -24
Cover_T538 40
Cover_T539 -36
Cover_T540 28
Cover_T541 -24
Cover_T542 30
Cover_T543 -38
Cover_T544 28
Cover_T545 -42
Cover_T546 30
Cover_T547 -30
Cover_T548 42
Cover_T549 -42
Cover_T550 30
Cover_T551 -26
Cover_T552 44
Cover_T553 -26
Cover_T554 52
Cover_T555 -32
Cover_T556 44
Cover_T557 -42
Cover_T558 38
Cover_T559 -26
Cover_T560 38
Cover_T561 -32
Cover_T562 32
Cover_T563 -26
Cover_T564 54
Cover_T565 -26
Cover_T566 38
Cover_T567 -28
Cover_T568 44
Cover_T569 -30
Cover_T570 54
Cover_T571 -32
Cover_T572 44
Cover_T573 -34
Cover_T574 44
Cover_T575 -32
Cover_T576 40
Cover_T577 -44
Cover_T578 46
Cover_T579 -32
Cover_T580 50
Cover_T581 -34
Cover_T582 46
Cover_T583 -36
Cover_T584 44
Cover_T585 -46
Cover_T586 56
Cover_T587 -42
Cover_T588 52
Cover_T589 -44
Cover_T590 46
Cover_T591 -38
Cover_T592 64
Cover_T593 -38
Cover_T594 62
Cover_T595 -40
Cover_T596 66
Cover_T597 -40
Cover_T598 58
Cover_T599 -48
Cover_T600 52
Cover_T601 -48
Cover_T602 52
Cover_T603 -42
Cover_T604 58
Cover_T605 -44
Cover_T606 52
Cover_T607 -42
Cover_T608 52
Cover_T609 -42
Cover_T610 52
Cover_T611 -42
Cover_T612 52
Cover_T613 -34
Cover_T614 52
Cover_T615 -36
Cover_T616 46
Cover_T617 930
Cover_T618 994
Cover_T619 922
Cover_T620 1010
Cover_T621 910
Cover_T622 996
Cover_T623 898
Cover_T624 1014
Cover_T625 954
Cover_T626 1040
Cover_T627 946
Cover_T628 1024
Cover_T629 952
Cover_T630 1024
Cover_T631 954
Cover_T632 1038
Cover_T633 956
Cover_T634 1036
Cover_T635 956
Cover_T636 1038
Cover_T637 960
Cover_T638 60
Cover_T639 6
Cover_T640 78
Cover_T641 0
Cover_T642 78
Cover_T643 10
Cover_T644 78
Cover_T645 -2
Cover_T646 24
Cover_T647 -36
Cover_T648 6
Cover_T649 -28
Cover_T650 0
Cover_T651 -30
Cover_T652 12
Cover_T653 -34
Cover_T654 22
Cover_T655 -22
Cover_T656 10
Cover_T657 -28
Cover_T658 -4
Cover_T659 -16
Cover_T660 4
Cover_T661 -6
Cover_T662 32
Cover_T663 6
Cover_T664 20
Cover_T665 18
Cover_T666 8
Cover_T667 0
Cover_T668 8
Cover_T669 -10
Cover_T670 14
Cover_T671 2
Cover_T672 2
Cover_T673 14
Cover_T674 -10
Cover_T675 6
Cover_T676 0
Cover_T677 -22
Cover_T678 14
Cover_T679 -10
Cover_T680 2
Cover_T681 2
Cover_T682 -10
Cover_T683 0
Cover_T684 8
Cover_T685 -6
Cover_T686 20
Cover_T687 6
Cover_T688 8
Cover_T689 18
Cover_T690 -4
Cover_T691 8
Cover_T692 38
Cover_T693 -6
Cover_T694 26
Cover_T695 6
Cover_T696 14
Cover_T697 18
Cover_T698 2
Cover_T699 0
Cover_T700 4
Cover_T701 -12
Cover_T702 8
Cover_T703 0
Cover_T704 -4
Cover_T705 12
Cover_T706 2.10781e-10
Cover_T707 -30
Cover_T708 12
Cover_T709 -18
Cover_T710 0
Cover_T711 -6
Cover_T712 -12
Cover_T713 6
Cover_T714 14
Cover_T715 4
Cover_T716 2
Cover_T717 0
Cover_T718 -10
Cover_T719 12
Cover_T720 34
Cover_T721 8
Cover_T722 38
Cover_T723 -4
Cover_T724 26
Cover_T725 8
Cover_T726 14
Cover_T727 22
Cover_T728 2
Cover_T729 -7.74492e-12
Cover_T730 6
Cover_T731 16
Cover_T732 6
Cover_T733 -24
Cover_T734 0
Cover_T735 -24
Cover_T736 -2
Cover_T737 -8
Cover_T738 2
Cover_T739 4
Cover_T740 6
Cover_T741 4.54783e-11
Cover_T742 -7.12816e-11
Cover_T743 -2.98996e-11
Cover_T744 -20
Cover_T745 8.75229e-11
Cover_T746 -40
Cover_T747 0
Cover_T748 -42
Cover_T749 -1.04741e-10
Cover_T750 -44
Cover_T751 8
Cover_T752 -28
Cover_T753 28
Cover_T754 -44
Cover_T755 40
Cover_T756 -8
Cover_T757 52
Cover_T758 -20
Cover_T759 46
Cover_T760 -32
Cover_T761 42
Cover_T762 -44
Cover_T763 54
Cover_T764 -4
Cover_T765 30
Cover_T766 2
Cover_T767 42
Cover_T768 6
Cover_T769 54
Cover_T770 12
Cover_T771 20
Cover_T772 4
Cover_T773 32
Cover_T774 14
Cover_T775 44
Cover_T776 4
Cover_T777 56
Cover_T778 16
Cover_T779 16
Cover_T780 6
Cover_T781 16
Cover_T782 10
Cover_T783 8
Cover_T784 4
Cover_T785 8
Cover_T786 0
Cover_T787 16
Cover_T788 32
Cover_T789 14
Cover_T790 34
Cover_T791 24
Cover_T792 22
Cover_T793 20
Cover_T794 30
Cover_T795 32
Cover_T796 32
Cover_T797 28
Cover_T798 32
Cover_T799 44
Cover_T800 32
Cover_T801 48
Cover_T802 20
Cover_T803 16
Cover_T804 26
Cover_T805 14
Cover_T806 14
Cover_T807 30
Cover_T808 18
Cover_T809 22
Cover_T810 4
Cover_T811 20
Cover_T812 16
Cover_T813 20
Cover_T814 -6
Cover_T815 20
Cover_T816 -18
Cover_T817 34
Cover_T818 -30
Cover_T819 20
Cover_T820 -6
Cover_T821 38
Cover_T822 -4
Cover_T823 26
Cover_T824 -14
Cover_T825 38
Cover_T826 -6
Cover_T827 28
Cover_T828 -4
Cover_T829 38
Cover_T830 -10
Cover_T831 54
Cover_T832 -10
Cover_T833 66
Cover_T834 -10
Cover_T835 34
Cover_T836 -10
Cover_T837 30
Cover_T838 -14
Cover_T839 42
Cover_T840 -12
Cover_T841 34
Cover_T842 -12
Cover_T843 34
Cover_T844 -18
Cover_T845 34
Cover_T846 -30
Cover_T847 34
Cover_T848 -18
Cover_T849 34
Cover_T850 -22
Cover_T851 34
Cover_T852 -20
Cover_T853 34
Cover_T854 -30
Cover_T855 26
Cover_T856 -26
Cover_T857 38
Cover_T858 -38
Cover_T859 30
Cover_T860 -36
Cover_T861 30
Cover_T862 -28
Cover_T863 40
Cover_T864 -32
Cover_T865 36
Cover_T866 -32
Cover_T867 40
Cover_T868 -44
Cover_T869 58
Cover_T870 -26
Cover_T871 46
Cover_T872 -26
Cover_T873 52
Cover_T874 -38
Cover_T875 42
Cover_T876 -26
Cover_T877 38
Cover_T878 -26
Cover_T879 44
Cover_T880 -26
Cover_T881 48
Cover_T882 -26
Cover_T883 58
Cover_T884 -28
Cover_T885 42
Cover_T886 -28
Cover_T887 52
Cover_T888 -34
Cover_T889 38
Cover_T890 -36
Cover_T891 42
Cover_T892 -32
Cover_T893 54
Cover_T894 -32
Cover_T895 58
Cover_T896 -42
Cover_T897 62
Cover_T898 -38
Cover_T899 52
Cover_T900 -36
Cover_T901 58
Cover_T902 -40
Cover_T903 60
Cover_T904 -40
Cover_T905 66
Cover_T906 -40
Cover_T907 54
Cover_T908 -48
Cover_T909 56
Cover_T910 44
Cover_T911 -1.74254e-10
Cover_T912 24
Cover_T913 6
Cover_T914 20
Cover_T915 6
Cover_T916 22
Cover_T917 2
Cover_T918 38
Cover_T919 0
Cover_T920 14
Cover_T921 14
Cover_T922 1012
Cover_T923 978
Cover_T924 1002
Cover_T925 956
Cover_T926 988
Cover_T927 956
Cover_T928 1008
Cover_T929 976
Cover_T930 1042
Cover_T931 994
Cover_T932 1042
Cover_T933 1000
Cover_T934 1028
Cover_T935 0
Cover_T936 86
Cover_T937 12
Cover_T938 86
Cover_T939 24
Cover_T940 86
Cover_T941 0
Cover_T942 32
Cover_T943 -36
Cover_T944 2
Cover_T945 -16
Cover_T946 56
Cover_T947 -34
Cover_T948 54
Cover_T949 -14
Cover_T950 54
Cover_T951 0
Cover_T952 54
Cover_T953 20
Cover_T954 0
Cover_T955 56
Cover_T956 -26
Cover_T957 56
Cover_T958 -28
Cover_T959 18
Cover_T960 -22
Cover_T961 56
Cover_T962 44
Cover_T963 76
Cover_T964 30
Cover_T965 58
Cover_T966 50
Cover_T967 70
Cover_T968 48
Cover_T969 86
Cover_T970 80
Cover_T971 68
Cover_T972 60
Cover_T973 80
Cover_T974 48
Cover_T975 0
Cover_T976 52
Cover_T977 16
Cover_T978 38
Cover_T979 0
Cover_T980 26
Cover_T981 0
Cover_T982 2
Cover_T983 -30
Cover_T984 44
Cover_T985 -2
Cover_T986 36
Cover_T987 -5.28849e-10
Cover_T988 26
Cover_T989 16
Cover_T990 44
Cover_T991 38
Cover_T992 18
Cover_T993 0
Cover_T994 0
Cover_T995 0
Cover_T996 28
Cover_T997 3.76391e-10
Cover_T998 28
Cover_T999 20
Cover_T1000 24
Count_D0 -984
Count_D1 -1000
Max_H0_P0 0
Max_H0_P1 0
Max_H0_P2 0
Max_H0_P3 0
Max_H0_P4 0
Max_H0_P5 -5.8419e-11
Max_H0_P6 0
Max_H0_P7 0
Max_H0_P8 0
Max_H0_P9 0
Max_H0_P10 0
Max_H0_P11 0
Max_H0_P12 0
Max_H0_P13 0
Max_H0_P14 0
Max_H0_P15 -1.50947e-10
Max_H0_P16 -2.16612e-10
Max_H0_P17 0
Max_H0_P18 -1.89516e-10
Max_H0_P19 -1.79298e-10
Max_H0_P20 -1.62986e-10
Max_H0_P21 -1.08704e-10
Max_H0_P22 -1.3229e-10
Max_H0_P23 -1.07214e-10
Max_H0_P24 -9.10632e-11
Max_H0_P25 3.51124e-12
Max_H0_P26 5.92948e-12
Max_H0_P27 1.52833e-11
Max_H0_P28 -6.56641e-13
Max_H0_P29 4.23768e-11
Max_H0_P30 0
Max_H0_P31 3.38929e-11
Max_H0_P32 1.91194e-11
Max_H0_P33 8.06062e-12
Max_H0_P34 4.46962e-11
Max_H0_P35 1.76963e-11
Max_H0_P36 -3.46212e-12
Max_H0_P37 1.8887e-11
Max_H0_P38 1.60363e-11
Max_H0_P39 -3.26558e-11
Max_H0_P40 5.30997e-12
Max_H0_P41 2.27942e-11
Max_H0_P42 -9.69913e-11
Max_H0_P43 0
Max_H0_P44 0
Max_H0_P45 0
Max_H0_P46 0
Max_H0_P47 0
Max_H0_P48 0
Max_H0_P49 0
Max_H0_P50 0
Max_H0_P51 0
Max_H0_P52 0
Max_H0_P53 0
Max_H0_P54 0
Max_H0_P55 0
Max_H0_P56 0
Max_H0_P57 0
Max_H0_P58 0
Max_H0_P59 0
Max_H0_P60 2.96738e-12
Max_H0_P61 -3.87346e-11
Max_H0_P62 0
Max_H0_P63 0
Max_H0_P64 0
Max_H0_P65 0
Max_H0_P66 0
Max_H0_P67 0
Max_H0_P68 0
Max_H0_P69 0
Max_H0_P70 0
Max_H0_P71 0
Max_H0_P72 0
Max_H0_P73 0
Max_H0_P74 0
Max_H0_P75 -0
Max_H0_P76 0
Max_H0_P77 0
Max_H0_P78 0
Max_H0_P79 1.5044e-11
Max_H0_P80 0
Max_H0_P81 0
Max_H1_P0 0
Max_H1_P1 0
Max_H1_P2 0
Max_H1_P3 0
Max_H1_P4 0
Max_H1_P5 -1.08384e-11
Max_H1_P6 2.30855e-11
Max_H1_P7 0
Max_H1_P8 0
Max_H1_P9 0
Max_H1_P10 0
Max_H1_P11 0
Max_H1_P12 0
Max_H1_P13 0
Max_H1_P14 0
Max_H1_P15 -1.71284e-10
Max_H1_P16 -1.88789e-10
Max_H1_P17 6.28564e-11
Max_H1_P18 -1.86137e-10
Max_H1_P19 -1.68674e-10
Max_H1_P20 -1.88513e-10
Max_H1_P21 -7.7338e-11
Max_H1_P22 -1.19545e-10
Max_H1_P23 -7.91875e-11
Max_H1_P24 -9.43989e-11
Max_H1_P25 -6.23857e-12
Max_H1_P26 2.18306e-12
Max_H1_P27 1.7775e-11
Max_H1_P28 6.45706e-13
Max_H1_P29 -1.29263e-12
Max_H1_P30 4.87243e-11
Max_H1_P31 2.6442e-11
Max_H1_P32 1.80441e-11
Max_H1_P33 -8.97415e-12
Max_H1_P34 1.05024e-11
Max_H1_P35 3.03184e-11
Max_H1_P36 3.56009e-11
Max_H1_P37 5.08082e-12
Max_H1_P38 0
Max_H1_P39 4.06817e-11
Max_H1_P40 3.38414e-11
Max_H1_P41 1.46387e-11
Max_H1_P42 -3.3566e-11
Max_H1_P43 -2.78536e-12
Max_H1_P44 0
Max_H1_P45 -2.7641e-11
Max_H1_P46 0
Max_H1_P47 0
Max_H1_P48 0
Max_H1_P49 0
Max_H1_P50 0
Max_H1_P51 -9.48575e-13
Max_H1_P52 0
Max_H1_P53 -5.83711e-12
Max_H1_P54 0
Max_H1_P55 8.88356e-12
Max_H1_P56 0
Max_H1_P57 0
Max_H1_P58 7.66201e-12
Max_H1_P59 -4.04685e-11
Max_H1_P60 -4.54681e-11
Max_H1_P61 -6.74252e-11
Max_H1_P62 -2.72197e-11
Max_H1_P63 2.9736e-11
Max_H1_P64 0
Max_H1_P65 0
Max_H1_P66 0
Max_H1_P67 0
Max_H1_P68 0
Max_H1_P69 0
Max_H1_P70 0
Max_H1_P71 0
Max_H1_P72 0
Max_H1_P73 0
Max_H1_P74 0
Max_H1_P75 0
Max_H1_P76 0
Max_H1_P77 0
Max_H1_P78 0
Max_H1_P79 0
Max_H1_P80 0
Max_H1_P81 0
