
Branch and bound

  Entire solving process        :                           (Time    375.3)
  No feasible solution was found
  Best relaxation cost          :     64895.40 (Node     0) (Time    375.3)
  Lower bound after cuts        :     64895.40
  End lower bound               :     64895.40
  Deepest level reached         : 0
  Deepest real level reached    : 0
  Number of real nodes solved   : 1
  Stopping condition            : enough nodes explored

Problem identification

  Problem                       : <null>
  Machine                       : oslo3.gerad.lan

Solving process summary

  Linear relaxations            :        1
  Column generation iterations  :      127
  Shortest paths solved         :     7370
  Columns generated             :    67281

Instance characteristics

  Resources                     : 3
  Node types                    : no
  Arc types                     : no
  Strong resource windows       : no
  Weak resource windows         : no
  Resource windows (nodes)      : 3
  Resource values (arcs)        : 3
  Values on nodes               : no

  Rows                          : 1167
  Initial columns               : 508
  Tasks                         : 1005
  Strong tasks                  : 683
  Weak tasks                    : 4
  Initial task constraints      : no
  Nodes                         : 1333
  Arc sets                      : 1
  Arcs                          : 44854
  Networks                      : 2
  Models                        : 1

Memory used per module (Megs)

  Parser (reused)               :      9.210
  Networks                      :     38.990
  Column generator              :     15.741
  Master problem                :     11.235
  -----------------
  Total                         :     65.966

Cpu time per module (seconds)

  Parser                        :        0.0
  Preprocessor                  :        0.0
  Lr solver manager             :        0.1
  Column generator              :      183.8
    (Shortest path)             :      167.7
  Master problem                :      191.4
  -------------------
  Total (without b&b)           :      375.3

Real elapsed time (seconds)

  Parser                        :        0.0
  Preprocessor                  :        0.0
  Lr solver manager             :        0.1
  Column generator              :      183.8
    (Shortest path)             :      168.2
  Master problem                :      191.3
  -------------------
  Total (without b&b)           :      375.3
