
Branch and bound

  Entire solving process        :                           (Time    743.9)
  No feasible solution was found
  Best relaxation cost          :     65099.61 (Node     0) (Time    743.9)
  Lower bound after cuts        :     65099.61
  End lower bound               :     65099.61
  Deepest level reached         : 0
  Deepest real level reached    : 0
  Number of real nodes solved   : 1
  Stopping condition            : enough nodes explored

Problem identification

  Problem                       : <null>
  Machine                       : oslo1.gerad.lan

Solving process summary

  Linear relaxations            :        1
  Column generation iterations  :      159
  Shortest paths solved         :     4648
  Columns generated             :    57550

Instance characteristics

  Resources                     : 3
  Node types                    : no
  Arc types                     : no
  Strong resource windows       : no
  Weak resource windows         : no
  Resource windows (nodes)      : 3
  Resource values (arcs)        : 3
  Values on nodes               : no

  Rows                          : 1167
  Initial columns               : 2
  Tasks                         : 1005
  Strong tasks                  : 1001
  Weak tasks                    : 4
  Initial task constraints      : no
  Nodes                         : 1333
  Arc sets                      : 1
  Arcs                          : 44854
  Networks                      : 2
  Models                        : 1

Memory used per module (Megs)

  Parser (reused)               :      9.210
  Networks                      :     35.963
  Column generator              :     13.683
  Master problem                :     11.160
  -----------------
  Total                         :     60.805

Cpu time per module (seconds)

  Parser                        :        0.0
  Preprocessor                  :        0.0
  Lr solver manager             :        0.3
  Column generator              :      167.0
    (Shortest path)             :      148.7
  Master problem                :      576.6
  -------------------
  Total (without b&b)           :      743.9

Real elapsed time (seconds)

  Parser                        :        0.1
  Preprocessor                  :        0.0
  Lr solver manager             :        0.3
  Column generator              :      167.0
    (Shortest path)             :      148.6
  Master problem                :      576.6
  -------------------
  Total (without b&b)           :      743.9
