Cover_T0 52
Cover_T1 -52
Cover_T2 52
Cover_T3 -52
Cover_T4 52
Cover_T5 -52
Cover_T6 52
Cover_T7 -52
Cover_T8 52
Cover_T9 -52
Cover_T10 52
Cover_T11 -52
Cover_T12 52
Cover_T13 -52
Cover_T14 52
Cover_T15 -52
Cover_T16 52
Cover_T17 -52
Cover_T18 52
Cover_T19 -52
Cover_T20 52
Cover_T21 -52
Cover_T22 54
Cover_T23 -52
Cover_T24 54
Cover_T25 -50
Cover_T26 54
Cover_T27 -50
Cover_T28 52
Cover_T29 -50
Cover_T30 52
Cover_T31 -52
Cover_T32 52
Cover_T33 -50
Cover_T34 52
Cover_T35 -52
Cover_T36 54
Cover_T37 -48
Cover_T38 50
Cover_T39 -52
Cover_T40 52
Cover_T41 -50
Cover_T42 52
Cover_T43 -44
Cover_T44 52
Cover_T45 -48
Cover_T46 52
Cover_T47 -48
Cover_T48 54
Cover_T49 -40
Cover_T50 54
Cover_T51 -48
Cover_T52 52
Cover_T53 -40
Cover_T54 54
Cover_T55 -40
Cover_T56 54
Cover_T57 -42
Cover_T58 52
Cover_T59 -18
Cover_T60 52
Cover_T61 -26
Cover_T62 46
Cover_T63 -38
Cover_T64 38
Cover_T65 0
Cover_T66 48
Cover_T67 0
Cover_T68 48
Cover_T69 0
Cover_T70 40
Cover_T71 34
Cover_T72 42
Cover_T73 26
Cover_T74 22
Cover_T75 14
Cover_T76 46
Cover_T77 10
Cover_T78 46
Cover_T79 18
Cover_T80 0
Cover_T81 6
Cover_T82 0
Cover_T83 932
Cover_T84 942
Cover_T85 944
Cover_T86 962
Cover_T87 948
Cover_T88 972
Cover_T89 948
Cover_T90 972
Cover_T91 948
Cover_T92 986
Cover_T93 932
Cover_T94 980
Cover_T95 940
Cover_T96 980
Cover_T97 948
Cover_T98 48
Cover_T99 948
Cover_T100 36
Cover_T101 -48
Cover_T102 24
Cover_T103 -46
Cover_T104 12
Cover_T105 -48
Cover_T106 7.59279e-11
Cover_T107 -46
Cover_T108 -12
Cover_T109 -44
Cover_T110 -24
Cover_T111 -32
Cover_T112 -36
Cover_T113 -20
Cover_T114 -48
Cover_T115 -8
Cover_T116 -12
Cover_T117 4
Cover_T118 -24
Cover_T119 16
Cover_T120 -36
Cover_T121 28
Cover_T122 -48
Cover_T123 40
Cover_T124 10
Cover_T125 52
Cover_T126 2
Cover_T127 16
Cover_T128 4
Cover_T129 28
Cover_T130 6
Cover_T131 40
Cover_T132 52
Cover_T133 52
Cover_T134 40
Cover_T135 -6
Cover_T136 28
Cover_T137 2
Cover_T138 16
Cover_T139 1.63184e-09
Cover_T140 8
Cover_T141 2
Cover_T142 -6
Cover_T143 -40
Cover_T144 -22
Cover_T145 -24
Cover_T146 -38
Cover_T147 -8
Cover_T148 -22
Cover_T149 2
Cover_T150 -38
Cover_T151 16
Cover_T152 -38
Cover_T153 32
Cover_T154 4
Cover_T155 44
Cover_T156 -4
Cover_T157 52
Cover_T158 8
Cover_T159 28
Cover_T160 0
Cover_T161 36
Cover_T162 8
Cover_T163 44
Cover_T164 0
Cover_T165 52
Cover_T166 52
Cover_T167 44
Cover_T168 44
Cover_T169 52
Cover_T170 36
Cover_T171 2
Cover_T172 28
Cover_T173 10
Cover_T174 52
Cover_T175 -2
Cover_T176 44
Cover_T177 6
Cover_T178 52
Cover_T179 -2
Cover_T180 44
Cover_T181 6
Cover_T182 52
Cover_T183 -46
Cover_T184 44
Cover_T185 -36
Cover_T186 48
Cover_T187 -24
Cover_T188 36
Cover_T189 -44
Cover_T190 24
Cover_T191 -48
Cover_T192 12
Cover_T193 -52
Cover_T194 -1.47671e-09
Cover_T195 -40
Cover_T196 -12
Cover_T197 -44
Cover_T198 -24
Cover_T199 -32
Cover_T200 -36
Cover_T201 -20
Cover_T202 -36
Cover_T203 -8
Cover_T204 -48
Cover_T205 4
Cover_T206 -48
Cover_T207 16
Cover_T208 0
Cover_T209 28
Cover_T210 4
Cover_T211 40
Cover_T212 0
Cover_T213 40
Cover_T214 4
Cover_T215 52
Cover_T216 -2
Cover_T217 52
Cover_T218 4
Cover_T219 4
Cover_T220 -2
Cover_T221 0
Cover_T222 4
Cover_T223 4
Cover_T224 0
Cover_T225 -1.74893e-10
Cover_T226 4
Cover_T227 6
Cover_T228 0
Cover_T229 0
Cover_T230 -2
Cover_T231 6
Cover_T232 0
Cover_T233 0
Cover_T234 -2
Cover_T235 4
Cover_T236 -2
Cover_T237 -1.73686e-09
Cover_T238 -2
Cover_T239 4
Cover_T240 0
Cover_T241 6
Cover_T242 -2
Cover_T243 4
Cover_T244 -2
Cover_T245 6
Cover_T246 2
Cover_T247 6
Cover_T248 0
Cover_T249 6
Cover_T250 -6
Cover_T251 4
Cover_T252 -18
Cover_T253 6
Cover_T254 -30
Cover_T255 6
Cover_T256 -42
Cover_T257 4
Cover_T258 -30
Cover_T259 4
Cover_T260 -42
Cover_T261 14
Cover_T262 -2
Cover_T263 22
Cover_T264 6
Cover_T265 34
Cover_T266 0
Cover_T267 48
Cover_T268 14
Cover_T269 76
Cover_T270 6
Cover_T271 60
Cover_T272 -2
Cover_T273 60
Cover_T274 -10
Cover_T275 60
Cover_T276 -18
Cover_T277 8
Cover_T278 -26
Cover_T279 66
Cover_T280 -36
Cover_T281 64
Cover_T282 -44
Cover_T283 58
Cover_T284 48
Cover_T285 42
Cover_T286 12
Cover_T287 74
Cover_T288 12
Cover_T289 88
Cover_T290 12
Cover_T291 100
Cover_T292 46
Cover_T293 104
Cover_T294 0
Cover_T295 116
Cover_T296 -16
Cover_T297 116
Cover_T298 -8
Cover_T299 24
Cover_T300 2.36059e-09
Cover_T301 32
Cover_T302 8
Cover_T303 50
Cover_T304 -30
Cover_T305 58
Cover_T306 -22
Cover_T307 34
Cover_T308 -26
Cover_T309 40
Cover_T310 -22
Cover_T311 34
Cover_T312 -26
Cover_T313 32
Cover_T314 -26
Cover_T315 34
Cover_T316 -22
Cover_T317 34
Cover_T318 -32
Cover_T319 34
Cover_T320 -32
Cover_T321 34
Cover_T322 -32
Cover_T323 34
Cover_T324 -32
Cover_T325 34
Cover_T326 -36
Cover_T327 40
Cover_T328 -32
Cover_T329 34
Cover_T330 -34
Cover_T331 34
Cover_T332 -34
Cover_T333 40
Cover_T334 -34
Cover_T335 34
Cover_T336 -34
Cover_T337 34
Cover_T338 -36
Cover_T339 38
Cover_T340 -34
Cover_T341 36
Cover_T342 -34
Cover_T343 36
Cover_T344 -34
Cover_T345 40
Cover_T346 -34
Cover_T347 36
Cover_T348 -34
Cover_T349 36
Cover_T350 -34
Cover_T351 40
Cover_T352 -34
Cover_T353 36
Cover_T354 -34
Cover_T355 36
Cover_T356 -34
Cover_T357 36
Cover_T358 -36
Cover_T359 36
Cover_T360 -36
Cover_T361 36
Cover_T362 -36
Cover_T363 36
Cover_T364 -42
Cover_T365 46
Cover_T366 -48
Cover_T367 42
Cover_T368 -42
Cover_T369 54
Cover_T370 -36
Cover_T371 42
Cover_T372 -42
Cover_T373 54
Cover_T374 -36
Cover_T375 50
Cover_T376 -36
Cover_T377 54
Cover_T378 -36
Cover_T379 50
Cover_T380 -46
Cover_T381 42
Cover_T382 -36
Cover_T383 50
Cover_T384 -36
Cover_T385 46
Cover_T386 -38
Cover_T387 44
Cover_T388 -40
Cover_T389 52
Cover_T390 -38
Cover_T391 46
Cover_T392 -40
Cover_T393 50
Cover_T394 -40
Cover_T395 50
Cover_T396 -40
Cover_T397 56
Cover_T398 -40
Cover_T399 56
Cover_T400 -40
Cover_T401 50
Cover_T402 -46
Cover_T403 46
Cover_T404 -42
Cover_T405 60
Cover_T406 -40
Cover_T407 62
Cover_T408 -42
Cover_T409 58
Cover_T410 -42
Cover_T411 56
Cover_T412 -40
Cover_T413 62
Cover_T414 -40
Cover_T415 58
Cover_T416 -48
Cover_T417 56
Cover_T418 -48
Cover_T419 56
Cover_T420 52
Cover_T421 -52
Cover_T422 52
Cover_T423 -52
Cover_T424 54
Cover_T425 -50
Cover_T426 54
Cover_T427 -50
Cover_T428 52
Cover_T429 -50
Cover_T430 52
Cover_T431 -50
Cover_T432 52
Cover_T433 -48
Cover_T434 50
Cover_T435 -52
Cover_T436 54
Cover_T437 -46
Cover_T438 52
Cover_T439 -44
Cover_T440 56
Cover_T441 -44
Cover_T442 56
Cover_T443 -40
Cover_T444 60
Cover_T445 -36
Cover_T446 54
Cover_T447 -40
Cover_T448 52
Cover_T449 -14
Cover_T450 52
Cover_T451 -26
Cover_T452 44
Cover_T453 4
Cover_T454 44
Cover_T455 4
Cover_T456 52
Cover_T457 0
Cover_T458 46
Cover_T459 34
Cover_T460 22
Cover_T461 26
Cover_T462 34
Cover_T463 18
Cover_T464 58
Cover_T465 10
Cover_T466 12
Cover_T467 18
Cover_T468 4
Cover_T469 2
Cover_T470 4
Cover_T471 944
Cover_T472 916
Cover_T473 948
Cover_T474 974
Cover_T475 944
Cover_T476 984
Cover_T477 928
Cover_T478 984
Cover_T479 936
Cover_T480 982
Cover_T481 944
Cover_T482 992
Cover_T483 944
Cover_T484 50
Cover_T485 4
Cover_T486 42
Cover_T487 -52
Cover_T488 32
Cover_T489 -40
Cover_T490 18
Cover_T491 -52
Cover_T492 6
Cover_T493 -40
Cover_T494 -6
Cover_T495 -38
Cover_T496 -18
Cover_T497 -26
Cover_T498 -30
Cover_T499 -14
Cover_T500 -42
Cover_T501 -2
Cover_T502 -6
Cover_T503 10
Cover_T504 -18
Cover_T505 22
Cover_T506 -30
Cover_T507 34
Cover_T508 -42
Cover_T509 46
Cover_T510 4
Cover_T511 10
Cover_T512 4
Cover_T513 22
Cover_T514 2
Cover_T515 34
Cover_T516 -2
Cover_T517 46
Cover_T518 0
Cover_T519 1.95932e-10
Cover_T520 46
Cover_T521 -8.11516e-11
Cover_T522 34
Cover_T523 2
Cover_T524 22
Cover_T525 6
Cover_T526 10
Cover_T527 4
Cover_T528 4
Cover_T529 -42
Cover_T530 -6
Cover_T531 -30
Cover_T532 -18
Cover_T533 -18
Cover_T534 -30
Cover_T535 -6
Cover_T536 -42
Cover_T537 0
Cover_T538 -22
Cover_T539 10
Cover_T540 -34
Cover_T541 22
Cover_T542 -46
Cover_T543 34
Cover_T544 -42
Cover_T545 48
Cover_T546 0
Cover_T547 32
Cover_T548 4
Cover_T549 48
Cover_T550 4
Cover_T551 48
Cover_T552 48
Cover_T553 6
Cover_T554 32
Cover_T555 2
Cover_T556 48
Cover_T557 2
Cover_T558 48
Cover_T559 -42
Cover_T560 52
Cover_T561 -34
Cover_T562 44
Cover_T563 -26
Cover_T564 52
Cover_T565 -50
Cover_T566 44
Cover_T567 -42
Cover_T568 36
Cover_T569 -50
Cover_T570 28
Cover_T571 -42
Cover_T572 20
Cover_T573 -50
Cover_T574 12
Cover_T575 -42
Cover_T576 4
Cover_T577 -50
Cover_T578 -4
Cover_T579 -42
Cover_T580 -12
Cover_T581 -34
Cover_T582 -20
Cover_T583 -26
Cover_T584 -28
Cover_T585 -18
Cover_T586 -36
Cover_T587 -10
Cover_T588 -44
Cover_T589 -2
Cover_T590 -42
Cover_T591 10
Cover_T592 -42
Cover_T593 22
Cover_T594 6
Cover_T595 34
Cover_T596 2
Cover_T597 46
Cover_T598 6
Cover_T599 46
Cover_T600 2
Cover_T601 46
Cover_T602 4
Cover_T603 -2
Cover_T604 4
Cover_T605 2
Cover_T606 4
Cover_T607 -2
Cover_T608 -3.34376e-12
Cover_T609 2
Cover_T610 6
Cover_T611 0
Cover_T612 2
Cover_T613 0
Cover_T614 6
Cover_T615 0
Cover_T616 0
Cover_T617 4
Cover_T618 6
Cover_T619 -2
Cover_T620 2
Cover_T621 2
Cover_T622 4
Cover_T623 -2
Cover_T624 1.63709e-10
Cover_T625 4
Cover_T626 6
Cover_T627 -2
Cover_T628 1.322e-10
Cover_T629 2
Cover_T630 4
Cover_T631 3.39028e-10
Cover_T632 2
Cover_T633 4
Cover_T634 6
Cover_T635 -2
Cover_T636 5.5903e-10
Cover_T637 4
Cover_T638 -12
Cover_T639 0
Cover_T640 -24
Cover_T641 2
Cover_T642 -36
Cover_T643 1.38544e-11
Cover_T644 -48
Cover_T645 4
Cover_T646 -36
Cover_T647 18
Cover_T648 -48
Cover_T649 28
Cover_T650 12
Cover_T651 44
Cover_T652 2
Cover_T653 60
Cover_T654 12
Cover_T655 72
Cover_T656 2.07585e-10
Cover_T657 72
Cover_T658 -12
Cover_T659 0
Cover_T660 -26
Cover_T661 76
Cover_T662 -40
Cover_T663 54
Cover_T664 24
Cover_T665 54
Cover_T666 24
Cover_T667 100
Cover_T668 24
Cover_T669 112
Cover_T670 -20
Cover_T671 116
Cover_T672 -12
Cover_T673 128
Cover_T674 -4
Cover_T675 28
Cover_T676 4
Cover_T677 36
Cover_T678 -22
Cover_T679 44
Cover_T680 -26
Cover_T681 62
Cover_T682 -30
Cover_T683 36
Cover_T684 -26
Cover_T685 36
Cover_T686 -30
Cover_T687 36
Cover_T688 -22
Cover_T689 36
Cover_T690 -22
Cover_T691 34
Cover_T692 -22
Cover_T693 36
Cover_T694 -32
Cover_T695 36
Cover_T696 -32
Cover_T697 36
Cover_T698 -32
Cover_T699 36
Cover_T700 -32
Cover_T701 40
Cover_T702 -32
Cover_T703 36
Cover_T704 -32
Cover_T705 40
Cover_T706 -34
Cover_T707 36
Cover_T708 -34
Cover_T709 38
Cover_T710 -34
Cover_T711 38
Cover_T712 -36
Cover_T713 38
Cover_T714 -34
Cover_T715 40
Cover_T716 -36
Cover_T717 38
Cover_T718 -34
Cover_T719 40
Cover_T720 -34
Cover_T721 38
Cover_T722 -34
Cover_T723 38
Cover_T724 -34
Cover_T725 38
Cover_T726 -36
Cover_T727 38
Cover_T728 -34
Cover_T729 38
Cover_T730 -34
Cover_T731 36
Cover_T732 -40
Cover_T733 38
Cover_T734 -34
Cover_T735 38
Cover_T736 -36
Cover_T737 38
Cover_T738 -44
Cover_T739 40
Cover_T740 -36
Cover_T741 38
Cover_T742 -44
Cover_T743 36
Cover_T744 -52
Cover_T745 44
Cover_T746 -36
Cover_T747 38
Cover_T748 -44
Cover_T749 38
Cover_T750 -36
Cover_T751 36
Cover_T752 -42
Cover_T753 46
Cover_T754 -36
Cover_T755 38
Cover_T756 -36
Cover_T757 46
Cover_T758 -36
Cover_T759 42
Cover_T760 -36
Cover_T761 46
Cover_T762 -42
Cover_T763 44
Cover_T764 -36
Cover_T765 44
Cover_T766 -40
Cover_T767 44
Cover_T768 -36
Cover_T769 42
Cover_T770 -42
Cover_T771 46
Cover_T772 -38
Cover_T773 42
Cover_T774 -46
Cover_T775 44
Cover_T776 -38
Cover_T777 44
Cover_T778 -46
Cover_T779 52
Cover_T780 -38
Cover_T781 44
Cover_T782 -46
Cover_T783 46
Cover_T784 -38
Cover_T785 42
Cover_T786 -48
Cover_T787 50
Cover_T788 -40
Cover_T789 42
Cover_T790 -48
Cover_T791 50
Cover_T792 -40
Cover_T793 42
Cover_T794 -42
Cover_T795 50
Cover_T796 -40
Cover_T797 42
Cover_T798 -48
Cover_T799 56
Cover_T800 -44
Cover_T801 52
Cover_T802 -40
Cover_T803 52
Cover_T804 -40
Cover_T805 62
Cover_T806 -42
Cover_T807 58
Cover_T808 -40
Cover_T809 58
Cover_T810 -42
Cover_T811 58
Cover_T812 -46
Cover_T813 60
Cover_T814 -46
Cover_T815 52
Cover_T816 -46
Cover_T817 56
Cover_T818 -38
Cover_T819 56
Cover_T820 -46
Cover_T821 56
Cover_T822 -38
Cover_T823 56
Cover_T824 -38
Cover_T825 52
Cover_T826 -40
Cover_T827 52
Cover_T828 -16
Cover_T829 56
Cover_T830 -24
Cover_T831 50
Cover_T832 -32
Cover_T833 44
Cover_T834 6
Cover_T835 52
Cover_T836 6
Cover_T837 60
Cover_T838 4
Cover_T839 44
Cover_T840 34
Cover_T841 48
Cover_T842 26
Cover_T843 40
Cover_T844 18
Cover_T845 40
Cover_T846 6
Cover_T847 58
Cover_T848 18
Cover_T849 26
Cover_T850 10
Cover_T851 26
Cover_T852 946
Cover_T853 34
Cover_T854 948
Cover_T855 996
Cover_T856 946
Cover_T857 996
Cover_T858 938
Cover_T859 990
Cover_T860 946
Cover_T861 966
Cover_T862 946
Cover_T863 974
Cover_T864 942
Cover_T865 976
Cover_T866 926
Cover_T867 986
Cover_T868 934
Cover_T869 970
Cover_T870 942
Cover_T871 970
Cover_T872 942
Cover_T873 28
Cover_T874 0
Cover_T875 16
Cover_T876 -46
Cover_T877 2
Cover_T878 -44
Cover_T879 -8
Cover_T880 -46
Cover_T881 -22
Cover_T882 -44
Cover_T883 -34
Cover_T884 -42
Cover_T885 -46
Cover_T886 -30
Cover_T887 -10
Cover_T888 -18
Cover_T889 -22
Cover_T890 -6
Cover_T891 -34
Cover_T892 6
Cover_T893 -46
Cover_T894 18
Cover_T895 2
Cover_T896 26
Cover_T897 6
Cover_T898 34
Cover_T899 2
Cover_T900 42
Cover_T901 0
Cover_T902 50
Cover_T903 0
Cover_T904 10
Cover_T905 6
Cover_T906 18
Cover_T907 -2
Cover_T908 26
Cover_T909 48
Cover_T910 34
Cover_T911 40
Cover_T912 42
Cover_T913 32
Cover_T914 50
Cover_T915 24
Cover_T916 0
Cover_T917 16
Cover_T918 -4
Cover_T919 8
Cover_T920 0
Cover_T921 6
Cover_T922 2
Cover_T923 -2
Cover_T924 2
Cover_T925 -8
Cover_T926 -4
Cover_T927 -16
Cover_T928 4
Cover_T929 -24
Cover_T930 -46
Cover_T931 -32
Cover_T932 -38
Cover_T933 -40
Cover_T934 -30
Cover_T935 -48
Cover_T936 -22
Cover_T937 -24
Cover_T938 -14
Cover_T939 -32
Cover_T940 -6
Cover_T941 -40
Cover_T942 -4
Cover_T943 -48
Cover_T944 4
Cover_T945 -40
Cover_T946 10
Cover_T947 -48
Cover_T948 18
Cover_T949 2
Cover_T950 26
Cover_T951 -6
Cover_T952 34
Cover_T953 6
Cover_T954 42
Cover_T955 -2
Cover_T956 50
Cover_T957 6
Cover_T958 26
Cover_T959 -2
Cover_T960 34
Cover_T961 50
Cover_T962 42
Cover_T963 42
Cover_T964 50
Cover_T965 34
Cover_T966 42
Cover_T967 26
Cover_T968 50
Cover_T969 50
Cover_T970 -1.18375e-09
Cover_T971 42
Cover_T972 8
Cover_T973 50
Cover_T974 -4
Cover_T975 42
Cover_T976 4
Cover_T977 50
Cover_T978 -4
Cover_T979 42
Cover_T980 4
Cover_T981 50
Cover_T982 -48
Cover_T983 42
Cover_T984 -40
Cover_T985 30
Cover_T986 -24
Cover_T987 14
Cover_T988 -40
Cover_T989 -2
Cover_T990 -40
Cover_T991 -18
Cover_T992 -40
Cover_T993 -34
Cover_T994 -40
Cover_T995 -38
Cover_T996 -24
Cover_T997 -42
Cover_T998 -8
Cover_T999 2
Cover_T1000 4
Cover_T1001 2
Cover_T1002 12
Cover_T1003 2
Cover_T1004 20
Cover_T1005 2
Cover_T1006 28
Cover_T1007 2
Cover_T1008 36
Cover_T1009 2
Cover_T1010 44
Cover_T1011 -2.28403e-09
Cover_T1012 40
Cover_T1013 4
Cover_T1014 48
Cover_T1015 2
Cover_T1016 44
Cover_T1017 -3.22074e-09
Cover_T1018 52
Cover_T1019 0
Cover_T1020 1.2364e-09
Cover_T1021 2
Cover_T1022 0
Cover_T1023 2
Cover_T1024 1.89573e-11
Cover_T1025 2
Cover_T1026 1.37764e-09
Cover_T1027 2
Cover_T1028 0
Cover_T1029 2
Cover_T1030 0
Cover_T1031 -2.33726e-10
Cover_T1032 2
Cover_T1033 -4
Cover_T1034 -2
Cover_T1035 2
Cover_T1036 -5.16543e-10
Cover_T1037 2
Cover_T1038 2
Cover_T1039 -4
Cover_T1040 2
Cover_T1041 0
Cover_T1042 -5.32907e-11
Cover_T1043 0
Cover_T1044 1.40933e-09
Cover_T1045 -4
Cover_T1046 0
Cover_T1047 2
Cover_T1048 0
Cover_T1049 0
Cover_T1050 -3.24597e-10
Cover_T1051 -4
Cover_T1052 2
Cover_T1053 -1.39033e-09
Cover_T1054 6
Cover_T1055 2
Cover_T1056 -1.81724e-10
Cover_T1057 0
Cover_T1058 0
Cover_T1059 2
Cover_T1060 6
Cover_T1061 3.86626e-10
Cover_T1062 2
Cover_T1063 -8
Cover_T1064 2
Cover_T1065 -16
Cover_T1066 6
Cover_T1067 -24
Cover_T1068 6.84395e-11
Cover_T1069 -32
Cover_T1070 2
Cover_T1071 -40
Cover_T1072 6
Cover_T1073 -48
Cover_T1074 2
Cover_T1075 -32
Cover_T1076 0
Cover_T1077 -40
Cover_T1078 2
Cover_T1079 -48
Cover_T1080 -4.33928e-11
Cover_T1081 -4
Cover_T1082 2
Cover_T1083 8
Cover_T1084 12
Cover_T1085 2
Cover_T1086 20
Cover_T1087 0
Cover_T1088 28
Cover_T1089 8
Cover_T1090 64
Cover_T1091 9.29692e-11
Cover_T1092 64
Cover_T1093 -8
Cover_T1094 64
Cover_T1095 -16
Cover_T1096 40
Cover_T1097 -24
Cover_T1098 94
Cover_T1099 -32
Cover_T1100 118
Cover_T1101 -40
Cover_T1102 66
Cover_T1103 52
Cover_T1104 46
Cover_T1105 42
Cover_T1106 44
Cover_T1107 28
Cover_T1108 68
Cover_T1109 0
Cover_T1110 68
Cover_T1111 24
Cover_T1112 80
Cover_T1113 26
Cover_T1114 84
Cover_T1115 40
Cover_T1116 96
Cover_T1117 48
Cover_T1118 104
Cover_T1119 -22
Cover_T1120 108
Cover_T1121 -14
Cover_T1122 126
Cover_T1123 -6
Cover_T1124 34
Cover_T1125 2
Cover_T1126 42
Cover_T1127 -22
Cover_T1128 50
Cover_T1129 -28
Cover_T1130 60
Cover_T1131 -38
Cover_T1132 32
Cover_T1133 -28
Cover_T1134 34
Cover_T1135 -32
Cover_T1136 32
Cover_T1137 -30
Cover_T1138 34
Cover_T1139 -24
Cover_T1140 34
Cover_T1141 -24
Cover_T1142 34
Cover_T1143 -38
Cover_T1144 34
Cover_T1145 -34
Cover_T1146 34
Cover_T1147 -34
Cover_T1148 34
Cover_T1149 -38
Cover_T1150 34
Cover_T1151 -34
Cover_T1152 34
Cover_T1153 -32
Cover_T1154 34
Cover_T1155 -38
Cover_T1156 34
Cover_T1157 -34
Cover_T1158 34
Cover_T1159 -34
Cover_T1160 36
Cover_T1161 -34
Cover_T1162 36
Cover_T1163 -34
Cover_T1164 34
Cover_T1165 -34
Cover_T1166 38
Cover_T1167 -34
Cover_T1168 36
Cover_T1169 -34
Cover_T1170 36
Cover_T1171 -34
Cover_T1172 38
Cover_T1173 -34
Cover_T1174 36
Cover_T1175 -34
Cover_T1176 36
Cover_T1177 -34
Cover_T1178 38
Cover_T1179 -34
Cover_T1180 38
Cover_T1181 -34
Cover_T1182 36
Cover_T1183 -36
Cover_T1184 38
Cover_T1185 -36
Cover_T1186 36
Cover_T1187 -36
Cover_T1188 38
Cover_T1189 -44
Cover_T1190 36
Cover_T1191 -36
Cover_T1192 40
Cover_T1193 -46
Cover_T1194 42
Cover_T1195 -40
Cover_T1196 44
Cover_T1197 -46
Cover_T1198 42
Cover_T1199 -40
Cover_T1200 46
Cover_T1201 -36
Cover_T1202 36
Cover_T1203 -38
Cover_T1204 46
Cover_T1205 -40
Cover_T1206 54
Cover_T1207 -36
Cover_T1208 36
Cover_T1209 -38
Cover_T1210 48
Cover_T1211 -36
Cover_T1212 54
Cover_T1213 -36
Cover_T1214 46
Cover_T1215 -36
Cover_T1216 48
Cover_T1217 -44
Cover_T1218 56
Cover_T1219 -36
Cover_T1220 44
Cover_T1221 -38
Cover_T1222 42
Cover_T1223 -36
Cover_T1224 44
Cover_T1225 -42
Cover_T1226 46
Cover_T1227 -36
Cover_T1228 42
Cover_T1229 -42
Cover_T1230 48
Cover_T1231 -44
Cover_T1232 40
Cover_T1233 -44
Cover_T1234 54
Cover_T1235 -44
Cover_T1236 48
Cover_T1237 -40
Cover_T1238 56
Cover_T1239 -46
Cover_T1240 56
Cover_T1241 -46
Cover_T1242 52
Cover_T1243 -42
Cover_T1244 58
Cover_T1245 -40
Cover_T1246 60
Cover_T1247 -40
Cover_T1248 56
Cover_T1249 -40
Cover_T1250 46
Cover_T1251 -40
Cover_T1252 64
Cover_T1253 -40
Cover_T1254 60
Cover_T1255 -40
Cover_T1256 52
Cover_T1257 -40
Cover_T1258 64
Cover_T1259 -40
Cover_T1260 60
Cover_T1261 -46
Cover_T1262 58
Cover_T1263 -46
Cover_T1264 52
Cover_T1265 16
Cover_T1266 5.82357e-10
Cover_T1267 8
Cover_T1268 4
Cover_T1269 8
Cover_T1270 12
Cover_T1271 8
Cover_T1272 4
Cover_T1273 60
Cover_T1274 12
Cover_T1275 84
Cover_T1276 12
Cover_T1277 76
Cover_T1278 10
Cover_T1279 68
Cover_T1280 34
Cover_T1281 58
Cover_T1282 26
Cover_T1283 62
Cover_T1284 10
Cover_T1285 102
Cover_T1286 56
Cover_T1287 94
Cover_T1288 56
Cover_T1289 90
Cover_T1290 56
Cover_T1291 90
Cover_T1292 34
Cover_T1293 74
Cover_T1294 2
Cover_T1295 66
Cover_T1296 2
Cover_T1297 60
Cover_T1298 2
Cover_T1299 28
Cover_T1300 18
Cover_T1301 28
Cover_T1302 0
Cover_T1303 28
Cover_T1304 898
Cover_T1305 948
Cover_T1306 906
Cover_T1307 994
Cover_T1308 902
Cover_T1309 996
Cover_T1310 910
Cover_T1311 966
Cover_T1312 914
Cover_T1313 974
Cover_T1314 926
Cover_T1315 982
Cover_T1316 934
Cover_T1317 982
Cover_T1318 942
Cover_T1319 982
Cover_T1320 950
Cover_T1321 990
Cover_T1322 958
Cover_T1323 56
Cover_T1324 0
Cover_T1325 28
Cover_T1326 -40
Cover_T1327 30
Cover_T1328 -24
Cover_T1329 52
Cover_T1330 52
Cover_T1331 -8
Cover_T1332 52
Cover_T1333 -32
Cover_T1334 52
Cover_T1335 -40
Cover_T1336 54
Cover_T1337 -40
Cover_T1338 22
Cover_T1339 -40
Cover_T1340 50
Cover_T1341 0
Cover_T1342 86
Cover_T1343 24
Cover_T1344 70
Cover_T1345 16
Cover_T1346 70
Cover_T1347 8
Cover_T1348 62
Cover_T1349 0
Cover_T1350 100
Cover_T1351 96
Cover_T1352 124
Cover_T1353 88
Cover_T1354 116
Cover_T1355 78
Cover_T1356 100
Cover_T1357 70
Cover_T1358 100
Cover_T1359 96
Cover_T1360 78
Cover_T1361 60
Cover_T1362 58
Cover_T1363 76
Cover_T1364 70
Cover_T1365 76
Cover_T1366 74
Cover_T1367 92
Cover_T1368 86
Cover_T1369 38
Cover_T1370 -10
Cover_T1371 26
Cover_T1372 12
Cover_T1373 42
Cover_T1374 -6
Cover_T1375 12
Cover_T1376 -4
Cover_T1377 26
Cover_T1378 -4
Cover_T1379 22
Cover_T1380 0
Cover_T1381 8.02897e-10
Cover_T1382 0
Cover_T1383 16
Cover_T1384 0
Cover_T1385 0
Cover_T1386 2
Cover_T1387 14
Cover_T1388 2
Cover_T1389 14
Count_D0 -984
Count_D1 -1000
Max_H0_P0 0
Max_H0_P1 0
Max_H0_P2 0
Max_H0_P3 3.31061e-10
Max_H0_P4 3.18885e-10
Max_H0_P5 3.49752e-10
Max_H0_P6 -2
Max_H0_P7 0
Max_H0_P8 0
Max_H0_P9 0
Max_H0_P10 0
Max_H0_P11 0
Max_H0_P12 0
Max_H0_P13 0
Max_H0_P14 0
Max_H0_P15 -3.10138e-10
Max_H0_P16 -1.50165e-10
Max_H0_P17 -1.11071e-10
Max_H0_P18 -1.82856e-10
Max_H0_P19 -8.36593e-11
Max_H0_P20 -1.97151e-10
Max_H0_P21 1.39707e-11
Max_H0_P22 -3.27102e-10
Max_H0_P23 -2.18078e-10
Max_H0_P24 -6.44029e-11
Max_H0_P25 -7.47562e-11
Max_H0_P26 3.34666e-11
Max_H0_P27 -2.99933e-11
Max_H0_P28 -3.31326e-11
Max_H0_P29 -2.10818e-10
Max_H0_P30 -2.3655e-10
Max_H0_P31 -2.92963e-10
Max_H0_P32 -2.64098e-10
Max_H0_P33 -2.1672e-10
Max_H0_P34 -2.94946e-10
Max_H0_P35 -2.54002e-10
Max_H0_P36 -1.35189e-10
Max_H0_P37 -2.12351e-10
Max_H0_P38 -3.03494e-10
Max_H0_P39 2.3116e-09
Max_H0_P40 2.17771e-09
Max_H0_P41 2.23206e-09
Max_H0_P42 2.54561e-09
Max_H0_P43 2.36446e-09
Max_H0_P44 2.06315e-09
Max_H0_P45 3.05775e-09
Max_H0_P46 1.5247e-09
Max_H0_P47 0
Max_H0_P48 0
Max_H0_P49 0
Max_H0_P50 0
Max_H0_P51 0
Max_H0_P52 0
Max_H0_P53 0
Max_H0_P54 0
Max_H0_P55 0
Max_H0_P56 0
Max_H0_P57 0
Max_H0_P58 0
Max_H0_P59 -2.7729e-11
Max_H0_P60 -1.77528e-10
Max_H0_P61 -2.54072e-10
Max_H0_P62 1.0278e-10
Max_H0_P63 0
Max_H0_P64 0
Max_H0_P65 0
Max_H0_P66 0
Max_H0_P67 0
Max_H0_P68 0
Max_H0_P69 0
Max_H0_P70 0
Max_H0_P71 0
Max_H0_P72 0
Max_H0_P73 0
Max_H0_P74 0
Max_H0_P75 0
Max_H0_P76 8.43052e-11
Max_H0_P77 -1.06535e-10
Max_H0_P78 2.68052e-11
Max_H0_P79 0
Max_H0_P80 0
Max_H0_P81 0
Max_H1_P0 0
Max_H1_P1 0
Max_H1_P2 0
Max_H1_P3 -1.01586e-10
Max_H1_P4 2.55968e-10
Max_H1_P5 1.71308e-10
Max_H1_P6 -2
Max_H1_P7 0
Max_H1_P8 0
Max_H1_P9 0
Max_H1_P10 0
Max_H1_P11 0
Max_H1_P12 0
Max_H1_P13 0
Max_H1_P14 0
Max_H1_P15 -1.94134e-10
Max_H1_P16 -2.24304e-10
Max_H1_P17 -2.49891e-10
Max_H1_P18 -1.62878e-10
Max_H1_P19 -2.2371e-10
Max_H1_P20 -8.25317e-11
Max_H1_P21 -1.08525e-10
Max_H1_P22 -1.17293e-10
Max_H1_P23 -5.40857e-11
Max_H1_P24 8.34532e-11
Max_H1_P25 -1.7068e-10
Max_H1_P26 -1.04302e-11
Max_H1_P27 -1.00571e-10
Max_H1_P28 -4.26459e-11
Max_H1_P29 -1.23172e-10
Max_H1_P30 -2.75487e-10
Max_H1_P31 -3.59784e-10
Max_H1_P32 -2.58442e-10
Max_H1_P33 -7.39291e-11
Max_H1_P34 -3.3219e-10
Max_H1_P35 -2.42643e-10
Max_H1_P36 -1.75714e-10
Max_H1_P37 -2.87274e-10
Max_H1_P38 -1.9492e-10
Max_H1_P39 1.99509e-09
Max_H1_P40 2.41871e-09
Max_H1_P41 2.33004e-09
Max_H1_P42 2.51151e-09
Max_H1_P43 2.28146e-09
Max_H1_P44 2.40454e-09
Max_H1_P45 2.92007e-09
Max_H1_P46 1.5184e-09
Max_H1_P47 0
Max_H1_P48 0
Max_H1_P49 0
Max_H1_P50 0
Max_H1_P51 0
Max_H1_P52 0
Max_H1_P53 0
Max_H1_P54 0
Max_H1_P55 1.03569e-10
Max_H1_P56 0
Max_H1_P57 3.57416e-11
Max_H1_P58 8.76295e-11
Max_H1_P59 -1.48477e-10
Max_H1_P60 -2.36095e-10
Max_H1_P61 -3.36428e-10
Max_H1_P62 1.00783e-10
Max_H1_P63 0
Max_H1_P64 1.15023e-10
Max_H1_P65 -8.15898e-11
Max_H1_P66 -6.62688e-11
Max_H1_P67 0
Max_H1_P68 0
Max_H1_P69 -1.09491e-10
Max_H1_P70 -1.23748e-10
Max_H1_P71 -5.35971e-10
Max_H1_P72 0
Max_H1_P73 0
Max_H1_P74 0
Max_H1_P75 2.914e-11
Max_H1_P76 -2.914e-11
Max_H1_P77 0
Max_H1_P78 7.90124e-12
Max_H1_P79 -7.90124e-12
Max_H1_P80 5.2637e-11
Max_H1_P81 0
