Cover_T0 52
Cover_T1 -52
Cover_T2 52
Cover_T3 -52
Cover_T4 52
Cover_T5 -52
Cover_T6 52
Cover_T7 -52
Cover_T8 52
Cover_T9 -52
Cover_T10 52
Cover_T11 -52
Cover_T12 54
Cover_T13 -52
Cover_T14 52
Cover_T15 -50
Cover_T16 56
Cover_T17 -50
Cover_T18 52
Cover_T19 -48
Cover_T20 54
Cover_T21 -48
Cover_T22 58
Cover_T23 -46
Cover_T24 56
Cover_T25 -50
Cover_T26 56
Cover_T27 -44
Cover_T28 58
Cover_T29 -42
Cover_T30 62
Cover_T31 -42
Cover_T32 56
Cover_T33 -44
Cover_T34 52
Cover_T35 -44
Cover_T36 52
Cover_T37 -30
Cover_T38 50
Cover_T39 -44
Cover_T40 54
Cover_T41 -36
Cover_T42 52
Cover_T43 -44
Cover_T44 52
Cover_T45 976
Cover_T46 1016
Cover_T47 974
Cover_T48 1038
Cover_T49 972
Cover_T50 1038
Cover_T51 968
Cover_T52 1040
Cover_T53 984
Cover_T54 28
Cover_T55 8
Cover_T56 20
Cover_T57 -16
Cover_T58 6
Cover_T59 -10
Cover_T60 -18
Cover_T61 -8
Cover_T62 -42
Cover_T63 -8
Cover_T64 0
Cover_T65 16
Cover_T66 -1.10163e-10
Cover_T67 36
Cover_T68 4
Cover_T69 52
Cover_T70 10
Cover_T71 2
Cover_T72 -6
Cover_T73 4
Cover_T74 4
Cover_T75 10
Cover_T76 -12
Cover_T77 6
Cover_T78 0
Cover_T79 0
Cover_T80 14
Cover_T81 16
Cover_T82 -6
Cover_T83 14
Cover_T84 16
Cover_T85 10
Cover_T86 -8
Cover_T87 4
Cover_T88 -32
Cover_T89 28
Cover_T90 -6
Cover_T91 6
Cover_T92 -30
Cover_T93 30
Cover_T94 -2
Cover_T95 4
Cover_T96 -2
Cover_T97 28
Cover_T98 -2
Cover_T99 0
Cover_T100 0
Cover_T101 0
Cover_T102 1.22337e-09
Cover_T103 0
Cover_T104 -2
Cover_T105 -2
Cover_T106 -2
Cover_T107 -2
Cover_T108 -2
Cover_T109 0
Cover_T110 -2
Cover_T111 0
Cover_T112 -2
Cover_T113 5.66835e-11
Cover_T114 -12
Cover_T115 0
Cover_T116 -36
Cover_T117 -1.73345e-10
Cover_T118 -44
Cover_T119 10
Cover_T120 -36
Cover_T121 34
Cover_T122 -40
Cover_T123 50
Cover_T124 10
Cover_T125 50
Cover_T126 12
Cover_T127 34
Cover_T128 -4
Cover_T129 50
Cover_T130 2
Cover_T131 50
Cover_T132 4
Cover_T133 0
Cover_T134 4
Cover_T135 -2
Cover_T136 0
Cover_T137 18
Cover_T138 6
Cover_T139 1.9007e-11
Cover_T140 -16
Cover_T141 7.76552e-11
Cover_T142 -40
Cover_T143 0
Cover_T144 -18
Cover_T145 16
Cover_T146 -42
Cover_T147 34
Cover_T148 14
Cover_T149 52
Cover_T150 12
Cover_T151 30
Cover_T152 -4
Cover_T153 46
Cover_T154 -4
Cover_T155 66
Cover_T156 -20
Cover_T157 2
Cover_T158 -38
Cover_T159 18
Cover_T160 8
Cover_T161 34
Cover_T162 8
Cover_T163 34
Cover_T164 4
Cover_T165 42
Cover_T166 10
Cover_T167 56
Cover_T168 2
Cover_T169 72
Cover_T170 4
Cover_T171 18
Cover_T172 -4
Cover_T173 26
Cover_T174 -4
Cover_T175 18
Cover_T176 -4
Cover_T177 24
Cover_T178 -6
Cover_T179 24
Cover_T180 -8
Cover_T181 24
Cover_T182 -12
Cover_T183 34
Cover_T184 -16
Cover_T185 28
Cover_T186 -20
Cover_T187 28
Cover_T188 -16
Cover_T189 34
Cover_T190 -20
Cover_T191 38
Cover_T192 -20
Cover_T193 40
Cover_T194 -20
Cover_T195 40
Cover_T196 -20
Cover_T197 28
Cover_T198 -26
Cover_T199 36
Cover_T200 -24
Cover_T201 28
Cover_T202 -30
Cover_T203 28
Cover_T204 -30
Cover_T205 28
Cover_T206 -30
Cover_T207 32
Cover_T208 -30
Cover_T209 32
Cover_T210 -30
Cover_T211 34
Cover_T212 -30
Cover_T213 34
Cover_T214 -30
Cover_T215 34
Cover_T216 -42
Cover_T217 44
Cover_T218 -30
Cover_T219 46
Cover_T220 -30
Cover_T221 42
Cover_T222 -40
Cover_T223 48
Cover_T224 -30
Cover_T225 62
Cover_T226 -32
Cover_T227 52
Cover_T228 -30
Cover_T229 50
Cover_T230 -34
Cover_T231 66
Cover_T232 -34
Cover_T233 60
Cover_T234 -34
Cover_T235 48
Cover_T236 -34
Cover_T237 44
Cover_T238 -42
Cover_T239 56
Cover_T240 -44
Cover_T241 48
Cover_T242 -44
Cover_T243 52
Cover_T244 -48
Cover_T245 52
Cover_T246 -48
Cover_T247 52
Cover_T248 -52
Cover_T249 54
Cover_T250 -48
Cover_T251 56
Cover_T252 -48
Cover_T253 54
Cover_T254 -46
Cover_T255 60
Cover_T256 -46
Cover_T257 58
Cover_T258 -42
Cover_T259 56
Cover_T260 -44
Cover_T261 56
Cover_T262 -44
Cover_T263 54
Cover_T264 -32
Cover_T265 54
Cover_T266 -40
Cover_T267 52
Cover_T268 -32
Cover_T269 56
Cover_T270 -40
Cover_T271 46
Cover_T272 -40
Cover_T273 58
Cover_T274 -40
Cover_T275 38
Cover_T276 980
Cover_T277 1028
Cover_T278 972
Cover_T279 1020
Cover_T280 974
Cover_T281 1034
Cover_T282 962
Cover_T283 1042
Cover_T284 984
Cover_T285 1042
Cover_T286 974
Cover_T287 1042
Cover_T288 982
Cover_T289 22
Cover_T290 -4.31168e-11
Cover_T291 24
Cover_T292 8
Cover_T293 24
Cover_T294 -14
Cover_T295 32
Cover_T296 -14
Cover_T297 18
Cover_T298 -8
Cover_T299 -6
Cover_T300 -6
Cover_T301 -32
Cover_T302 -6
Cover_T303 10
Cover_T304 18
Cover_T305 0
Cover_T306 42
Cover_T307 6
Cover_T308 -3.26332e-09
Cover_T309 4
Cover_T310 0
Cover_T311 6
Cover_T312 4
Cover_T313 10
Cover_T314 6
Cover_T315 16
Cover_T316 -8.86935e-12
Cover_T317 1.29201e-08
Cover_T318 16
Cover_T319 -16
Cover_T320 4
Cover_T321 14
Cover_T322 -10
Cover_T323 -2
Cover_T324 6
Cover_T325 -18
Cover_T326 22
Cover_T327 16
Cover_T328 -8
Cover_T329 1.29684e-08
Cover_T330 8
Cover_T331 -20
Cover_T332 32
Cover_T333 8
Cover_T334 6
Cover_T335 8
Cover_T336 30
Cover_T337 8
Cover_T338 2
Cover_T339 10
Cover_T340 2
Cover_T341 10
Cover_T342 2
Cover_T343 8
Cover_T344 2.3342e-11
Cover_T345 8
Cover_T346 0
Cover_T347 8
Cover_T348 2
Cover_T349 8
Cover_T350 2
Cover_T351 8
Cover_T352 2
Cover_T353 -2
Cover_T354 2
Cover_T355 -26
Cover_T356 2
Cover_T357 -50
Cover_T358 12
Cover_T359 -26
Cover_T360 36
Cover_T361 -50
Cover_T362 44
Cover_T363 8
Cover_T364 36
Cover_T365 2
Cover_T366 44
Cover_T367 0
Cover_T368 2
Cover_T369 0
Cover_T370 8
Cover_T371 0
Cover_T372 2
Cover_T373 0
Cover_T374 0
Cover_T375 3.79785e-12
Cover_T376 0
Cover_T377 -14
Cover_T378 4
Cover_T379 -30
Cover_T380 6
Cover_T381 -46
Cover_T382 6
Cover_T383 -16
Cover_T384 20
Cover_T385 -32
Cover_T386 40
Cover_T387 16
Cover_T388 20
Cover_T389 4
Cover_T390 48
Cover_T391 -2
Cover_T392 6
Cover_T393 -28
Cover_T394 16
Cover_T395 10
Cover_T396 30
Cover_T397 0
Cover_T398 46
Cover_T399 8
Cover_T400 66
Cover_T401 0
Cover_T402 18
Cover_T403 5.53244e-08
Cover_T404 28
Cover_T405 -8
Cover_T406 30
Cover_T407 -6
Cover_T408 24
Cover_T409 -6
Cover_T410 26
Cover_T411 -16
Cover_T412 38
Cover_T413 -18
Cover_T414 28
Cover_T415 -24
Cover_T416 30
Cover_T417 -24
Cover_T418 36
Cover_T419 -18
Cover_T420 40
Cover_T421 -18
Cover_T422 42
Cover_T423 -28
Cover_T424 42
Cover_T425 -20
Cover_T426 34
Cover_T427 -24
Cover_T428 34
Cover_T429 -24
Cover_T430 42
Cover_T431 -24
Cover_T432 34
Cover_T433 -28
Cover_T434 34
Cover_T435 -28
Cover_T436 32
Cover_T437 -28
Cover_T438 34
Cover_T439 -28
Cover_T440 34
Cover_T441 -28
Cover_T442 34
Cover_T443 -28
Cover_T444 34
Cover_T445 -28
Cover_T446 36
Cover_T447 -28
Cover_T448 36
Cover_T449 -28
Cover_T450 38
Cover_T451 -40
Cover_T452 38
Cover_T453 -28
Cover_T454 40
Cover_T455 -28
Cover_T456 38
Cover_T457 -36
Cover_T458 48
Cover_T459 -46
Cover_T460 60
Cover_T461 -34
Cover_T462 46
Cover_T463 -30
Cover_T464 48
Cover_T465 -30
Cover_T466 46
Cover_T467 -32
Cover_T468 62
Cover_T469 -34
Cover_T470 52
Cover_T471 -34
Cover_T472 44
Cover_T473 -40
Cover_T474 46
Cover_T475 -34
Cover_T476 54
Cover_T477 -40
Cover_T478 62
Cover_T479 -40
Cover_T480 54
Cover_T481 -44
Cover_T482 58
Cover_T483 -44
Cover_T484 58
Cover_T485 -44
Cover_T486 56
Cover_T487 -48
Cover_T488 58
Cover_T489 -48
Cover_T490 56
Cover_T491 60
Cover_T492 -46
Cover_T493 58
Cover_T494 -42
Cover_T495 58
Cover_T496 -44
Cover_T497 58
Cover_T498 -42
Cover_T499 56
Cover_T500 -32
Cover_T501 56
Cover_T502 -42
Cover_T503 58
Cover_T504 -40
Cover_T505 64
Cover_T506 -40
Cover_T507 50
Cover_T508 980
Cover_T509 1032
Cover_T510 972
Cover_T511 1022
Cover_T512 978
Cover_T513 1046
Cover_T514 970
Cover_T515 1034
Cover_T516 984
Cover_T517 1042
Cover_T518 984
Cover_T519 1042
Cover_T520 980
Cover_T521 1034
Cover_T522 976
Cover_T523 1036
Cover_T524 984
Cover_T525 1042
Cover_T526 974
Cover_T527 1042
Cover_T528 982
Cover_T529 14
Cover_T530 0
Cover_T531 16
Cover_T532 8
Cover_T533 24
Cover_T534 -14
Cover_T535 24
Cover_T536 -10
Cover_T537 -6
Cover_T538 -10
Cover_T539 -22
Cover_T540 -4
Cover_T541 -38
Cover_T542 -10
Cover_T543 10
Cover_T544 4
Cover_T545 6
Cover_T546 -2
Cover_T547 2
Cover_T548 14
Cover_T549 6
Cover_T550 30
Cover_T551 12
Cover_T552 46
Cover_T553 -4
Cover_T554 -4
Cover_T555 6
Cover_T556 0
Cover_T557 -10
Cover_T558 4
Cover_T559 2
Cover_T560 0
Cover_T561 16
Cover_T562 -6
Cover_T563 1.30141e-08
Cover_T564 10
Cover_T565 -16
Cover_T566 0
Cover_T567 14
Cover_T568 16
Cover_T569 -2
Cover_T570 4
Cover_T571 -18
Cover_T572 -10
Cover_T573 16
Cover_T574 6
Cover_T575 1.29482e-08
Cover_T576 22
Cover_T577 -16
Cover_T578 -8
Cover_T579 0
Cover_T580 8
Cover_T581 6
Cover_T582 20
Cover_T583 0
Cover_T584 32
Cover_T585 6
Cover_T586 -6
Cover_T587 16
Cover_T588 6
Cover_T589 6
Cover_T590 18
Cover_T591 16
Cover_T592 30
Cover_T593 8
Cover_T594 10
Cover_T595 16
Cover_T596 2
Cover_T597 8
Cover_T598 8
Cover_T599 16
Cover_T600 2
Cover_T601 5.57439e-11
Cover_T602 2
Cover_T603 -6.07983e-09
Cover_T604 -4.81037e-12
Cover_T605 0
Cover_T606 -1.23975e-10
Cover_T607 1.76925e-11
Cover_T608 2
Cover_T609 0
Cover_T610 2
Cover_T611 -10
Cover_T612 2
Cover_T613 -34
Cover_T614 2
Cover_T615 -42
Cover_T616 2
Cover_T617 -34
Cover_T618 12
Cover_T619 -42
Cover_T620 36
Cover_T621 4
Cover_T622 52
Cover_T623 6
Cover_T624 52
Cover_T625 -10
Cover_T626 36
Cover_T627 0
Cover_T628 52
Cover_T629 0
Cover_T630 52
Cover_T631 6
Cover_T632 2
Cover_T633 6
Cover_T634 0
Cover_T635 1.15371e-10
Cover_T636 16
Cover_T637 -6
Cover_T638 6
Cover_T639 -22
Cover_T640 2
Cover_T641 -38
Cover_T642 0
Cover_T643 -8
Cover_T644 0
Cover_T645 -24
Cover_T646 0
Cover_T647 -40
Cover_T648 12
Cover_T649 16
Cover_T650 30
Cover_T651 16
Cover_T652 42
Cover_T653 4
Cover_T654 62
Cover_T655 -8
Cover_T656 26
Cover_T657 -4
Cover_T658 46
Cover_T659 -16
Cover_T660 46
Cover_T661 -28
Cover_T662 68
Cover_T663 -40
Cover_T664 12
Cover_T665 14
Cover_T666 14
Cover_T667 0
Cover_T668 30
Cover_T669 14
Cover_T670 38
Cover_T671 14
Cover_T672 40
Cover_T673 6
Cover_T674 64
Cover_T675 6
Cover_T676 82
Cover_T677 6
Cover_T678 24
Cover_T679 -8
Cover_T680 24
Cover_T681 7.11935e-08
Cover_T682 26
Cover_T683 -6
Cover_T684 38
Cover_T685 -10
Cover_T686 30
Cover_T687 -12
Cover_T688 30
Cover_T689 -10
Cover_T690 28
Cover_T691 -16
Cover_T692 32
Cover_T693 -18
Cover_T694 32
Cover_T695 -18
Cover_T696 34
Cover_T697 -20
Cover_T698 34
Cover_T699 -20
Cover_T700 32
Cover_T701 -24
Cover_T702 32
Cover_T703 -24
Cover_T704 34
Cover_T705 -24
Cover_T706 32
Cover_T707 -24
Cover_T708 32
Cover_T709 -28
Cover_T710 34
Cover_T711 -28
Cover_T712 34
Cover_T713 -28
Cover_T714 32
Cover_T715 -36
Cover_T716 30
Cover_T717 -28
Cover_T718 32
Cover_T719 -32
Cover_T720 30
Cover_T721 -28
Cover_T722 42
Cover_T723 -30
Cover_T724 36
Cover_T725 -28
Cover_T726 46
Cover_T727 -28
Cover_T728 60
Cover_T729 -28
Cover_T730 50
Cover_T731 -30
Cover_T732 50
Cover_T733 -32
Cover_T734 60
Cover_T735 -36
Cover_T736 54
Cover_T737 -34
Cover_T738 54
Cover_T739 -36
Cover_T740 54
Cover_T741 -40
Cover_T742 56
Cover_T743 -40
Cover_T744 58
Cover_T745 -44
Cover_T746 56
Cover_T747 -44
Cover_T748 56
Cover_T749 -44
Cover_T750 58
Cover_T751 -44
Cover_T752 58
Cover_T753 -48
Cover_T754 56
Cover_T755 -48
Cover_T756 16
Cover_T757 2
Cover_T758 22
Cover_T759 4
Cover_T760 12
Cover_T761 2
Cover_T762 20
Cover_T763 14
Cover_T764 24
Cover_T765 8
Cover_T766 1036
Cover_T767 10
Cover_T768 1024
Cover_T769 1022
Cover_T770 1036
Cover_T771 1018
Cover_T772 1012
Cover_T773 1018
Cover_T774 1078
Cover_T775 1014
Cover_T776 1070
Cover_T777 1026
Cover_T778 1062
Cover_T779 0
Cover_T780 1078
Cover_T781 12
Cover_T782 62
Cover_T783 0
Cover_T784 48
Cover_T785 12
Cover_T786 18
Cover_T787 -34
Cover_T788 54
Cover_T789 -34
Cover_T790 44
Cover_T791 2
Cover_T792 0
Cover_T793 50
Cover_T794 -36
Cover_T795 38
Cover_T796 6
Cover_T797 54
Cover_T798 16
Cover_T799 46
Cover_T800 0
Cover_T801 62
Cover_T802 20
Cover_T803 66
Cover_T804 4
Cover_T805 0
Cover_T806 24
Cover_T807 4
Cover_T808 -6.30635e-09
Cover_T809 20
Cover_T810 0
Cover_T811 -1.47629e-08
Cover_T812 22
Cover_T813 22
Cover_T814 28
Cover_T815 0
Cover_T816 18
Cover_T817 20
Cover_T818 44
Cover_T819 22
Cover_T820 44
Cover_T821 0
Cover_T822 38
Cover_T823 0
Cover_T824 26
Cover_T825 0
Cover_T826 32
Cover_T827 0
Cover_T828 22
Count_D0 -984
Count_D1 -1000
Max_H0_P0 0
Max_H0_P1 0
Max_H0_P2 0
Max_H0_P3 0
Max_H0_P4 0
Max_H0_P5 0
Max_H0_P6 -1.39317e-11
Max_H0_P7 0
Max_H0_P8 0
Max_H0_P9 0
Max_H0_P10 0
Max_H0_P11 0
Max_H0_P12 0
Max_H0_P13 0
Max_H0_P14 0
Max_H0_P15 1.1036e-10
Max_H0_P16 6.19247e-11
Max_H0_P17 5.43536e-11
Max_H0_P18 4.54179e-11
Max_H0_P19 -1.23919e-11
Max_H0_P20 2.32147e-11
Max_H0_P21 -4.08211e-11
Max_H0_P22 -3.18731e-11
Max_H0_P23 0
Max_H0_P24 -2.34831e-11
Max_H0_P25 8.65974e-14
Max_H0_P26 -3.25144e-11
Max_H0_P27 1.21011e-11
Max_H0_P28 -3.42384e-11
Max_H0_P29 4.45866e-12
Max_H0_P30 8.96705e-12
Max_H0_P31 -6.67355e-11
Max_H0_P32 -1.19724e-12
Max_H0_P33 1.0191e-11
Max_H0_P34 0
Max_H0_P35 0
Max_H0_P36 -1.76787e-11
Max_H0_P37 5.87672e-11
Max_H0_P38 -1.76787e-11
Max_H0_P39 -0
Max_H0_P40 -3.25571e-11
Max_H0_P41 4.19931e-12
Max_H0_P42 6.7188e-11
Max_H0_P43 1.11208e-11
Max_H0_P44 3.16049e-11
Max_H0_P45 1.12406e-11
Max_H0_P46 0
Max_H0_P47 0
Max_H0_P48 0
Max_H0_P49 0
Max_H0_P50 0
Max_H0_P51 0
Max_H0_P52 0
Max_H0_P53 0
Max_H0_P54 0
Max_H0_P55 0
Max_H0_P56 0
Max_H0_P57 0
Max_H0_P58 0
Max_H0_P59 0
Max_H0_P60 0
Max_H0_P61 0
Max_H0_P62 0
Max_H0_P63 0
Max_H0_P64 0
Max_H0_P65 0
Max_H0_P66 0
Max_H0_P67 0
Max_H0_P68 0
Max_H0_P69 0
Max_H0_P70 0
Max_H0_P71 0
Max_H0_P72 0
Max_H0_P73 0
Max_H0_P74 0
Max_H0_P75 0
Max_H0_P76 0
Max_H0_P77 3.6592e-11
Max_H0_P78 0
Max_H0_P79 0
Max_H0_P80 0
Max_H0_P81 0
Max_H1_P0 0
Max_H1_P1 0
Max_H1_P2 0
Max_H1_P3 0
Max_H1_P4 0
Max_H1_P5 1.56599e-11
Max_H1_P6 0
Max_H1_P7 0
Max_H1_P8 0
Max_H1_P9 -1.36248e-11
Max_H1_P10 0
Max_H1_P11 0
Max_H1_P12 0
Max_H1_P13 0
Max_H1_P14 0
Max_H1_P15 1.69146e-10
Max_H1_P16 -1.93417e-11
Max_H1_P17 3.44964e-11
Max_H1_P18 2.9889e-11
Max_H1_P19 2.44646e-11
Max_H1_P20 -6.02124e-13
Max_H1_P21 -2.64579e-11
Max_H1_P22 0
Max_H1_P23 1.49041e-11
Max_H1_P24 -5.05906e-11
Max_H1_P25 -6.40057e-11
Max_H1_P26 -1.68114e-11
Max_H1_P27 4.91598e-11
Max_H1_P28 -5.73475e-11
Max_H1_P29 0
Max_H1_P30 2.46265e-11
Max_H1_P31 0
Max_H1_P32 -2.59479e-12
Max_H1_P33 -1.95426e-11
Max_H1_P34 -2.36469e-11
Max_H1_P35 5.70418e-11
Max_H1_P36 -6.41323e-11
Max_H1_P37 -2.21374e-11
Max_H1_P38 -1.05453e-11
Max_H1_P39 -1.55109e-11
Max_H1_P40 1.08176e-11
Max_H1_P41 -2.33058e-12
Max_H1_P42 7.96962e-12
Max_H1_P43 0
Max_H1_P44 1.39956e-11
Max_H1_P45 4.14203e-12
Max_H1_P46 -4.09059e-11
Max_H1_P47 0
Max_H1_P48 0
Max_H1_P49 0
Max_H1_P50 0
Max_H1_P51 0
Max_H1_P52 0
Max_H1_P53 0
Max_H1_P54 0
Max_H1_P55 0
Max_H1_P56 -9.69518e-11
Max_H1_P57 0
Max_H1_P58 0
Max_H1_P59 0
Max_H1_P60 -5.33713e-11
Max_H1_P61 -6.47247e-12
Max_H1_P62 0
Max_H1_P63 0
Max_H1_P64 0
Max_H1_P65 0
Max_H1_P66 1.22326e-11
Max_H1_P67 0
Max_H1_P68 0
Max_H1_P69 0
Max_H1_P70 0
Max_H1_P71 0
Max_H1_P72 0
Max_H1_P73 0
Max_H1_P74 0
Max_H1_P75 0
Max_H1_P76 -5.32054e-11
Max_H1_P77 -4.70806e-11
Max_H1_P78 2.03417e-10
Max_H1_P79 -2.76374e-10
Max_H1_P80 0
Max_H1_P81 0
