
Branch and bound

  Entire solving process        :                           (Time    467.6)
  No feasible solution was found
  Best relaxation cost          :     57734.43 (Node     0) (Time    467.6)
  Lower bound after cuts        :     57734.43
  End lower bound               :     57734.43
  Deepest level reached         : 0
  Deepest real level reached    : 0
  Number of real nodes solved   : 1
  Stopping condition            : enough nodes explored

Problem identification

  Problem                       : <null>
  Machine                       : oslo1.gerad.lan

Solving process summary

  Linear relaxations            :        1
  Column generation iterations  :      167
  Shortest paths solved         :     4635
  Columns generated             :    57431

Instance characteristics

  Resources                     : 3
  Node types                    : no
  Arc types                     : no
  Strong resource windows       : no
  Weak resource windows         : no
  Resource windows (nodes)      : 3
  Resource values (arcs)        : 3
  Values on nodes               : no

  Rows                          : 1157
  Initial columns               : 2
  Tasks                         : 995
  Strong tasks                  : 991
  Weak tasks                    : 4
  Initial task constraints      : no
  Nodes                         : 1323
  Arc sets                      : 1
  Arcs                          : 43456
  Networks                      : 2
  Models                        : 1

Memory used per module (Megs)

  Parser (reused)               :      8.968
  Networks                      :     35.720
  Column generator              :     15.620
  Master problem                :     11.560
  -----------------
  Total                         :     62.901

Cpu time per module (seconds)

  Parser                        :        0.0
  Preprocessor                  :        0.0
  Lr solver manager             :        0.2
  Column generator              :      154.0
    (Shortest path)             :      143.4
  Master problem                :      313.3
  -------------------
  Total (without b&b)           :      467.6

Real elapsed time (seconds)

  Parser                        :        0.0
  Preprocessor                  :        0.0
  Lr solver manager             :        0.2
  Column generator              :      154.0
    (Shortest path)             :      143.0
  Master problem                :      313.4
  -------------------
  Total (without b&b)           :      467.6
