Cover_T0 52
Cover_T1 -52
Cover_T2 52
Cover_T3 -52
Cover_T4 52
Cover_T5 -52
Cover_T6 52
Cover_T7 -52
Cover_T8 52
Cover_T9 -52
Cover_T10 52
Cover_T11 -52
Cover_T12 52
Cover_T13 -52
Cover_T14 52
Cover_T15 -52
Cover_T16 52
Cover_T17 -52
Cover_T18 52
Cover_T19 -52
Cover_T20 52
Cover_T21 -52
Cover_T22 52
Cover_T23 -52
Cover_T24 52
Cover_T25 -52
Cover_T26 54
Cover_T27 -52
Cover_T28 54
Cover_T29 -52
Cover_T30 54
Cover_T31 -48
Cover_T32 54
Cover_T33 -48
Cover_T34 54
Cover_T35 -48
Cover_T36 56
Cover_T37 -48
Cover_T38 58
Cover_T39 -48
Cover_T40 58
Cover_T41 -44
Cover_T42 54
Cover_T43 -44
Cover_T44 58
Cover_T45 -38
Cover_T46 56
Cover_T47 -44
Cover_T48 50
Cover_T49 -40
Cover_T50 52
Cover_T51 -42
Cover_T52 46
Cover_T53 -22
Cover_T54 68
Cover_T55 -36
Cover_T56 52
Cover_T57 54
Cover_T58 64
Cover_T59 38
Cover_T60 44
Cover_T61 992
Cover_T62 1040
Cover_T63 980
Cover_T64 1010
Cover_T65 974
Cover_T66 1032
Cover_T67 986
Cover_T68 950
Cover_T69 980
Cover_T70 962
Cover_T71 992
Cover_T72 6
Cover_T73 0
Cover_T74 20
Cover_T75 12
Cover_T76 8
Cover_T77 2
Cover_T78 12
Cover_T79 -4
Cover_T80 -4
Cover_T81 -4
Cover_T82 -10
Cover_T83 0
Cover_T84 -22
Cover_T85 -1.23395e-09
Cover_T86 -34
Cover_T87 -4
Cover_T88 -46
Cover_T89 -4
Cover_T90 4
Cover_T91 8
Cover_T92 2
Cover_T93 14
Cover_T94 -1.00143e-09
Cover_T95 26
Cover_T96 4
Cover_T97 38
Cover_T98 4
Cover_T99 50
Cover_T100 0
Cover_T101 -5.95946e-10
Cover_T102 2.8102e-11
Cover_T103 2
Cover_T104 0
Cover_T105 4
Cover_T106 6
Cover_T107 -7.93569e-10
Cover_T108 7.32196e-10
Cover_T109 4.95333e-10
Cover_T110 6
Cover_T111 4
Cover_T112 0
Cover_T113 4
Cover_T114 4
Cover_T115 8
Cover_T116 4
Cover_T117 4
Cover_T118 2
Cover_T119 1.11532e-09
Cover_T120 0
Cover_T121 4
Cover_T122 2
Cover_T123 4
Cover_T124 2
Cover_T125 6
Cover_T126 6
Cover_T127 6
Cover_T128 -10
Cover_T129 0
Cover_T130 0
Cover_T131 -4
Cover_T132 6
Cover_T133 12
Cover_T134 0
Cover_T135 4
Cover_T136 0
Cover_T137 20
Cover_T138 0
Cover_T139 10
Cover_T140 2
Cover_T141 -5.29474e-11
Cover_T142 4
Cover_T143 -1.92848e-10
Cover_T144 4
Cover_T145 2
Cover_T146 -8
Cover_T147 0
Cover_T148 -1.46872e-10
Cover_T149 -5.85112e-10
Cover_T150 4
Cover_T151 0
Cover_T152 4
Cover_T153 1.5846e-09
Cover_T154 -8
Cover_T155 0
Cover_T156 -20
Cover_T157 12
Cover_T158 8
Cover_T159 4
Cover_T160 -4
Cover_T161 -3.76232e-10
Cover_T162 -6.06154e-10
Cover_T163 8
Cover_T164 8
Cover_T165 28
Cover_T166 4
Cover_T167 8
Cover_T168 4
Cover_T169 8
Cover_T170 -7.43183e-10
Cover_T171 4.01327e-10
Cover_T172 1.02604e-09
Cover_T173 4
Cover_T174 -20
Cover_T175 4
Cover_T176 0
Cover_T177 8
Cover_T178 6
Cover_T179 8
Cover_T180 -14
Cover_T181 28
Cover_T182 -34
Cover_T183 8
Cover_T184 8
Cover_T185 2
Cover_T186 4
Cover_T187 18
Cover_T188 -12
Cover_T189 34
Cover_T190 8
Cover_T191 50
Cover_T192 -8
Cover_T193 4
Cover_T194 -24
Cover_T195 8
Cover_T196 -4
Cover_T197 24
Cover_T198 -8
Cover_T199 4
Cover_T200 0
Cover_T201 22
Cover_T202 8
Cover_T203 38
Cover_T204 8
Cover_T205 10
Cover_T206 -4
Cover_T207 10
Cover_T208 4
Cover_T209 -5.36754e-09
Cover_T210 8
Cover_T211 22
Cover_T212 4
Cover_T213 14
Cover_T214 0
Cover_T215 6
Cover_T216 2
Cover_T217 24
Cover_T218 6
Cover_T219 18
Cover_T220 4
Cover_T221 22
Cover_T222 -2
Cover_T223 22
Cover_T224 -2
Cover_T225 26
Cover_T226 -6
Cover_T227 26
Cover_T228 -20
Cover_T229 26
Cover_T230 -10
Cover_T231 28
Cover_T232 -10
Cover_T233 30
Cover_T234 -10
Cover_T235 32
Cover_T236 -18
Cover_T237 48
Cover_T238 -20
Cover_T239 28
Cover_T240 -38
Cover_T241 20
Cover_T242 -20
Cover_T243 30
Cover_T244 -26
Cover_T245 28
Cover_T246 -26
Cover_T247 32
Cover_T248 -26
Cover_T249 48
Cover_T250 -20
Cover_T251 28
Cover_T252 -30
Cover_T253 28
Cover_T254 -26
Cover_T255 28
Cover_T256 -28
Cover_T257 48
Cover_T258 -24
Cover_T259 36
Cover_T260 -22
Cover_T261 52
Cover_T262 -22
Cover_T263 38
Cover_T264 -22
Cover_T265 54
Cover_T266 -38
Cover_T267 38
Cover_T268 -40
Cover_T269 36
Cover_T270 -22
Cover_T271 40
Cover_T272 -24
Cover_T273 40
Cover_T274 -22
Cover_T275 56
Cover_T276 -38
Cover_T277 60
Cover_T278 -26
Cover_T279 42
Cover_T280 -22
Cover_T281 52
Cover_T282 -24
Cover_T283 48
Cover_T284 -24
Cover_T285 66
Cover_T286 -28
Cover_T287 54
Cover_T288 -38
Cover_T289 60
Cover_T290 -28
Cover_T291 62
Cover_T292 -30
Cover_T293 54
Cover_T294 -30
Cover_T295 62
Cover_T296 -38
Cover_T297 72
Cover_T298 -40
Cover_T299 62
Cover_T300 -42
Cover_T301 62
Cover_T302 -42
Cover_T303 52
Cover_T304 -52
Cover_T305 52
Cover_T306 -52
Cover_T307 52
Cover_T308 -52
Cover_T309 52
Cover_T310 -52
Cover_T311 52
Cover_T312 -52
Cover_T313 52
Cover_T314 -48
Cover_T315 56
Cover_T316 -48
Cover_T317 56
Cover_T318 -48
Cover_T319 56
Cover_T320 -48
Cover_T321 56
Cover_T322 -44
Cover_T323 56
Cover_T324 -44
Cover_T325 56
Cover_T326 -44
Cover_T327 56
Cover_T328 -44
Cover_T329 56
Cover_T330 -44
Cover_T331 50
Cover_T332 -40
Cover_T333 52
Cover_T334 -40
Cover_T335 50
Cover_T336 -28
Cover_T337 64
Cover_T338 -34
Cover_T339 52
Cover_T340 48
Cover_T341 54
Cover_T342 992
Cover_T343 48
Cover_T344 986
Cover_T345 1022
Cover_T346 980
Cover_T347 1038
Cover_T348 992
Cover_T349 956
Cover_T350 986
Cover_T351 6
Cover_T352 992
Cover_T353 18
Cover_T354 6
Cover_T355 8
Cover_T356 -2.364e-09
Cover_T357 12
Cover_T358 -2
Cover_T359 4
Cover_T360 -4
Cover_T361 -6
Cover_T362 -2
Cover_T363 -22
Cover_T364 -2
Cover_T365 -38
Cover_T366 2
Cover_T367 8
Cover_T368 12
Cover_T369 2
Cover_T370 26
Cover_T371 0
Cover_T372 38
Cover_T373 4
Cover_T374 50
Cover_T375 4
Cover_T376 -1.07924e-10
Cover_T377 -5.65697e-10
Cover_T378 2
Cover_T379 0
Cover_T380 4
Cover_T381 1.96906e-10
Cover_T382 -8.57337e-10
Cover_T383 6
Cover_T384 0
Cover_T385 0
Cover_T386 4
Cover_T387 6
Cover_T388 4
Cover_T389 -1.78966e-10
Cover_T390 4
Cover_T391 4
Cover_T392 -2
Cover_T393 4
Cover_T394 4
Cover_T395 0
Cover_T396 -2
Cover_T397 6
Cover_T398 4
Cover_T399 -6
Cover_T400 0
Cover_T401 -7.1013e-10
Cover_T402 0
Cover_T403 6
Cover_T404 4
Cover_T405 -2
Cover_T406 -2
Cover_T407 6
Cover_T408 10
Cover_T409 -6
Cover_T410 8
Cover_T411 -2
Cover_T412 6
Cover_T413 -22
Cover_T414 6
Cover_T415 6
Cover_T416 2
Cover_T417 2
Cover_T418 22
Cover_T419 0
Cover_T420 -6
Cover_T421 0
Cover_T422 2
Cover_T423 6
Cover_T424 2
Cover_T425 2
Cover_T426 2
Cover_T427 6
Cover_T428 0
Cover_T429 6
Cover_T430 -1.53804e-09
Cover_T431 2
Cover_T432 4
Cover_T433 -14
Cover_T434 0
Cover_T435 2.63962e-10
Cover_T436 0
Cover_T437 -4
Cover_T438 2.54843e-10
Cover_T439 4
Cover_T440 12
Cover_T441 -8
Cover_T442 24
Cover_T443 8
Cover_T444 -4
Cover_T445 -4
Cover_T446 8
Cover_T447 9.17495e-10
Cover_T448 3.78918e-10
Cover_T449 8
Cover_T450 12
Cover_T451 -4
Cover_T452 -4
Cover_T453 0
Cover_T454 8
Cover_T455 8
Cover_T456 4
Cover_T457 -8
Cover_T458 4
Cover_T459 -28
Cover_T460 8
Cover_T461 -8
Cover_T462 8
Cover_T463 -2
Cover_T464 28
Cover_T465 -22
Cover_T466 8
Cover_T467 -42
Cover_T468 2
Cover_T469 5.96752e-10
Cover_T470 22
Cover_T471 -6
Cover_T472 42
Cover_T473 2
Cover_T474 4.64109e-10
Cover_T475 -10
Cover_T476 8
Cover_T477 6
Cover_T478 0
Cover_T479 -2
Cover_T480 12
Cover_T481 4
Cover_T482 28
Cover_T483 8
Cover_T484 14
Cover_T485 4
Cover_T486 20
Cover_T487 8
Cover_T488 12
Cover_T489 6
Cover_T490 14
Cover_T491 0
Cover_T492 14
Cover_T493 2
Cover_T494 16
Cover_T495 4
Cover_T496 14
Cover_T497 -6
Cover_T498 24
Cover_T499 -6
Cover_T500 22
Cover_T501 -8
Cover_T502 22
Cover_T503 -8
Cover_T504 26
Cover_T505 -32
Cover_T506 30
Cover_T507 -12
Cover_T508 30
Cover_T509 -10
Cover_T510 32
Cover_T511 -22
Cover_T512 52
Cover_T513 -26
Cover_T514 20
Cover_T515 -36
Cover_T516 26
Cover_T517 -20
Cover_T518 28
Cover_T519 -20
Cover_T520 36
Cover_T521 -20
Cover_T522 20
Cover_T523 -20
Cover_T524 28
Cover_T525 -22
Cover_T526 28
Cover_T527 -26
Cover_T528 28
Cover_T529 -42
Cover_T530 22
Cover_T531 -22
Cover_T532 28
Cover_T533 -38
Cover_T534 32
Cover_T535 -24
Cover_T536 48
Cover_T537 -40
Cover_T538 28
Cover_T539 -22
Cover_T540 46
Cover_T541 -20
Cover_T542 32
Cover_T543 -20
Cover_T544 48
Cover_T545 -20
Cover_T546 28
Cover_T547 -36
Cover_T548 28
Cover_T549 -38
Cover_T550 30
Cover_T551 -20
Cover_T552 34
Cover_T553 -22
Cover_T554 40
Cover_T555 -34
Cover_T556 44
Cover_T557 -26
Cover_T558 56
Cover_T559 -38
Cover_T560 36
Cover_T561 -26
Cover_T562 32
Cover_T563 -36
Cover_T564 44
Cover_T565 -28
Cover_T566 44
Cover_T567 -24
Cover_T568 58
Cover_T569 -28
Cover_T570 34
Cover_T571 -28
Cover_T572 50
Cover_T573 -34
Cover_T574 50
Cover_T575 -44
Cover_T576 44
Cover_T577 -36
Cover_T578 50
Cover_T579 -36
Cover_T580 52
Cover_T581 -38
Cover_T582 74
Cover_T583 -38
Cover_T584 64
Cover_T585 -40
Cover_T586 64
Cover_T587 -40
Cover_T588 56
Cover_T589 -48
Cover_T590 56
Cover_T591 -44
Cover_T592 54
Cover_T593 -44
Cover_T594 56
Cover_T595 -40
Cover_T596 54
Cover_T597 -46
Cover_T598 58
Cover_T599 -38
Cover_T600 54
Cover_T601 -42
Cover_T602 54
Cover_T603 -24
Cover_T604 68
Cover_T605 -36
Cover_T606 56
Cover_T607 52
Cover_T608 62
Cover_T609 40
Cover_T610 50
Cover_T611 990
Cover_T612 50
Cover_T613 988
Cover_T614 1042
Cover_T615 980
Cover_T616 1026
Cover_T617 992
Cover_T618 1042
Cover_T619 992
Cover_T620 1036
Cover_T621 992
Cover_T622 1028
Cover_T623 974
Cover_T624 1030
Cover_T625 982
Cover_T626 1036
Cover_T627 990
Cover_T628 948
Cover_T629 980
Cover_T630 960
Cover_T631 988
Cover_T632 6
Cover_T633 990
Cover_T634 14
Cover_T635 7.73019e-10
Cover_T636 16
Cover_T637 8
Cover_T638 4
Cover_T639 2
Cover_T640 -8
Cover_T641 -4.62419e-10
Cover_T642 -24
Cover_T643 -2
Cover_T644 -40
Cover_T645 -2.03396e-09
Cover_T646 6
Cover_T647 -2.36931e-09
Cover_T648 0
Cover_T649 4
Cover_T650 8.40189e-10
Cover_T651 14
Cover_T652 6
Cover_T653 28
Cover_T654 2
Cover_T655 40
Cover_T656 2
Cover_T657 52
Cover_T658 2
Cover_T659 2
Cover_T660 8
Cover_T661 4
Cover_T662 2
Cover_T663 0
Cover_T664 8
Cover_T665 2
Cover_T666 2
Cover_T667 2
Cover_T668 6
Cover_T669 6
Cover_T670 6
Cover_T671 6
Cover_T672 2
Cover_T673 6
Cover_T674 8
Cover_T675 -4.54278e-10
Cover_T676 -4
Cover_T677 6
Cover_T678 2
Cover_T679 -4.79485e-09
Cover_T680 8
Cover_T681 6
Cover_T682 -2.15606e-09
Cover_T683 2
Cover_T684 8
Cover_T685 2
Cover_T686 -4
Cover_T687 6
Cover_T688 8
Cover_T689 -5.6194e-10
Cover_T690 -4
Cover_T691 12
Cover_T692 -16
Cover_T693 6
Cover_T694 -2
Cover_T695 -1.18214e-09
Cover_T696 8
Cover_T697 8
Cover_T698 0
Cover_T699 -1.85188e-09
Cover_T700 0
Cover_T701 12
Cover_T702 -2
Cover_T703 -5.37597e-11
Cover_T704 -4.65921e-10
Cover_T705 12
Cover_T706 0
Cover_T707 24
Cover_T708 3.02957e-10
Cover_T709 10
Cover_T710 8.08704e-11
Cover_T711 -1.54305e-09
Cover_T712 7.96067e-10
Cover_T713 1.52045e-10
Cover_T714 -6.78952e-10
Cover_T715 2
Cover_T716 8
Cover_T717 2
Cover_T718 -12
Cover_T719 0
Cover_T720 8
Cover_T721 8
Cover_T722 8
Cover_T723 8
Cover_T724 -12
Cover_T725 -2
Cover_T726 -8.5258e-11
Cover_T727 14
Cover_T728 0
Cover_T729 0
Cover_T730 4
Cover_T731 6
Cover_T732 4
Cover_T733 2
Cover_T734 8
Cover_T735 18
Cover_T736 -8
Cover_T737 6
Cover_T738 -24
Cover_T739 6
Cover_T740 2
Cover_T741 -2
Cover_T742 -4
Cover_T743 10
Cover_T744 4
Cover_T745 6
Cover_T746 -8
Cover_T747 -2
Cover_T748 -20
Cover_T749 10
Cover_T750 -32
Cover_T751 22
Cover_T752 -44
Cover_T753 34
Cover_T754 6
Cover_T755 6
Cover_T756 8
Cover_T757 12
Cover_T758 -4
Cover_T759 4
Cover_T760 -16
Cover_T761 16
Cover_T762 8
Cover_T763 28
Cover_T764 -4
Cover_T765 40
Cover_T766 -16
Cover_T767 52
Cover_T768 -28
Cover_T769 2
Cover_T770 -4
Cover_T771 7.37536e-10
Cover_T772 -4
Cover_T773 12
Cover_T774 8
Cover_T775 24
Cover_T776 -4
Cover_T777 2
Cover_T778 4
Cover_T779 18
Cover_T780 0
Cover_T781 38
Cover_T782 6
Cover_T783 16
Cover_T784 6
Cover_T785 26
Cover_T786 7.34619e-10
Cover_T787 18
Cover_T788 4
Cover_T789 16
Cover_T790 4
Cover_T791 18
Cover_T792 -2
Cover_T793 22
Cover_T794 0
Cover_T795 22
Cover_T796 -6
Cover_T797 28
Cover_T798 -4
Cover_T799 28
Cover_T800 -14
Cover_T801 30
Cover_T802 -26
Cover_T803 26
Cover_T804 -4
Cover_T805 24
Cover_T806 -12
Cover_T807 22
Cover_T808 -10
Cover_T809 34
Cover_T810 -16
Cover_T811 30
Cover_T812 -12
Cover_T813 28
Cover_T814 -16
Cover_T815 40
Cover_T816 -28
Cover_T817 52
Cover_T818 -40
Cover_T819 28
Cover_T820 -20
Cover_T821 22
Cover_T822 -24
Cover_T823 22
Cover_T824 -20
Cover_T825 34
Cover_T826 -20
Cover_T827 28
Cover_T828 -28
Cover_T829 28
Cover_T830 -20
Cover_T831 40
Cover_T832 -20
Cover_T833 52
Cover_T834 -20
Cover_T835 24
Cover_T836 -40
Cover_T837 28
Cover_T838 -24
Cover_T839 32
Cover_T840 -44
Cover_T841 20
Cover_T842 -34
Cover_T843 28
Cover_T844 -20
Cover_T845 50
Cover_T846 -22
Cover_T847 34
Cover_T848 -26
Cover_T849 54
Cover_T850 -30
Cover_T851 44
Cover_T852 -36
Cover_T853 32
Cover_T854 -22
Cover_T855 36
Cover_T856 -28
Cover_T857 42
Cover_T858 -28
Cover_T859 42
Cover_T860 -22
Cover_T861 52
Cover_T862 -22
Cover_T863 46
Cover_T864 -26
Cover_T865 48
Cover_T866 -24
Cover_T867 46
Cover_T868 -34
Cover_T869 60
Cover_T870 -28
Cover_T871 58
Cover_T872 -32
Cover_T873 58
Cover_T874 -32
Cover_T875 58
Cover_T876 -34
Cover_T877 58
Cover_T878 -38
Cover_T879 68
Cover_T880 -44
Cover_T881 58
Cover_T882 -46
Cover_T883 58
Cover_T884 -46
Cover_T885 52
Cover_T886 12
Cover_T887 4.29097e-11
Cover_T888 14
Cover_T889 4
Cover_T890 16
Cover_T891 2
Cover_T892 16
Cover_T893 2
Cover_T894 4
Cover_T895 2
Cover_T896 16
Cover_T897 2
Cover_T898 4
Cover_T899 6
Cover_T900 22
Cover_T901 4
Cover_T902 6
Cover_T903 14
Cover_T904 2
Cover_T905 4
Cover_T906 96
Cover_T907 98
Cover_T908 1040
Cover_T909 92
Cover_T910 1042
Cover_T911 1030
Cover_T912 1044
Cover_T913 1036
Cover_T914 1036
Cover_T915 1030
Cover_T916 1030
Cover_T917 1024
Cover_T918 1088
Cover_T919 1030
Cover_T920 1072
Cover_T921 1040
Cover_T922 1080
Cover_T923 1040
Cover_T924 1078
Cover_T925 946
Cover_T926 996
Cover_T927 0
Cover_T928 1004
Cover_T929 0
Cover_T930 56
Cover_T931 0
Cover_T932 50
Cover_T933 0
Cover_T934 62
Cover_T935 8
Cover_T936 20
Cover_T937 -40
Cover_T938 52
Cover_T939 52
Cover_T940 -8
Cover_T941 52
Cover_T942 -40
Cover_T943 54
Cover_T944 -36
Cover_T945 18
Cover_T946 20
Cover_T947 50
Cover_T948 24
Cover_T949 54
Cover_T950 12
Cover_T951 60
Cover_T952 0
Cover_T953 50
Cover_T954 0
Cover_T955 62
Cover_T956 54
Cover_T957 70
Cover_T958 40
Cover_T959 0
Cover_T960 24
Cover_T961 -7.00697e-09
Cover_T962 32
Cover_T963 12
Cover_T964 48
Cover_T965 24
Cover_T966 34
Cover_T967 26
Cover_T968 18
Cover_T969 -24
Cover_T970 18
Cover_T971 -8
Cover_T972 16
Cover_T973 0
Cover_T974 46
Cover_T975 -12
Cover_T976 36
Cover_T977 0
Cover_T978 38
Cover_T979 0
Cover_T980 22
Cover_T981 0
Cover_T982 32
Cover_T983 -12
Cover_T984 28
Count_D0 -984
Count_D1 -1000
Max_H0_P0 0
Max_H0_P1 0
Max_H0_P2 0
Max_H0_P3 0
Max_H0_P4 2.61709e-10
Max_H0_P5 2.62768e-11
Max_H0_P6 5.05787e-10
Max_H0_P7 -0
Max_H0_P8 0
Max_H0_P9 0
Max_H0_P10 0
Max_H0_P11 0
Max_H0_P12 0
Max_H0_P13 0
Max_H0_P14 0
Max_H0_P15 0
Max_H0_P16 6.82936e-10
Max_H0_P17 6.55452e-10
Max_H0_P18 9.31997e-11
Max_H0_P19 3.75384e-10
Max_H0_P20 -2.37367e-10
Max_H0_P21 1.10609e-09
Max_H0_P22 1.2255e-09
Max_H0_P23 1.0429e-09
Max_H0_P24 5.30484e-10
Max_H0_P25 3.42985e-10
Max_H0_P26 1.9387e-10
Max_H0_P27 5.50813e-10
Max_H0_P28 -4.06931e-10
Max_H0_P29 3.10581e-10
Max_H0_P30 -2.36016e-10
Max_H0_P31 1.31749e-11
Max_H0_P32 0
Max_H0_P33 -2.01458e-10
Max_H0_P34 3.52699e-11
Max_H0_P35 -3.17715e-10
Max_H0_P36 6.40057e-11
Max_H0_P37 2.64176e-11
Max_H0_P38 -2.64025e-10
Max_H0_P39 1.23166e-10
Max_H0_P40 -2.60422e-10
Max_H0_P41 6.86203e-11
Max_H0_P42 4.76234e-10
Max_H0_P43 -4.10866e-10
Max_H0_P44 0
Max_H0_P45 0
Max_H0_P46 -1.68257e-10
Max_H0_P47 0
Max_H0_P48 0
Max_H0_P49 0
Max_H0_P50 0
Max_H0_P51 0
Max_H0_P52 0
Max_H0_P53 0
Max_H0_P54 0
Max_H0_P55 0
Max_H0_P56 0
Max_H0_P57 0
Max_H0_P58 0
Max_H0_P59 0
Max_H0_P60 3.74808e-10
Max_H0_P61 -1.92586e-10
Max_H0_P62 5.79842e-10
Max_H0_P63 0
Max_H0_P64 0
Max_H0_P65 0
Max_H0_P66 0
Max_H0_P67 0
Max_H0_P68 0
Max_H0_P69 0
Max_H0_P70 0
Max_H0_P71 0
Max_H0_P72 0
Max_H0_P73 0
Max_H0_P74 0
Max_H0_P75 0
Max_H0_P76 -5.84737e-11
Max_H0_P77 -2.06444e-11
Max_H0_P78 0
Max_H0_P79 0
Max_H0_P80 0
Max_H0_P81 0
Max_H1_P0 0
Max_H1_P1 0
Max_H1_P2 0
Max_H1_P3 0
Max_H1_P4 4.46743e-10
Max_H1_P5 -2.53724e-10
Max_H1_P6 -1.79381e-11
Max_H1_P7 3.96724e-11
Max_H1_P8 0
Max_H1_P9 0
Max_H1_P10 0
Max_H1_P11 0
Max_H1_P12 0
Max_H1_P13 0
Max_H1_P14 0
Max_H1_P15 -6.00957e-11
Max_H1_P16 3.207e-10
Max_H1_P17 4.7595e-10
Max_H1_P18 1.35325e-12
Max_H1_P19 7.77368e-10
Max_H1_P20 -2.05151e-10
Max_H1_P21 1.00609e-09
Max_H1_P22 1.12978e-09
Max_H1_P23 5.32295e-10
Max_H1_P24 4.64506e-10
Max_H1_P25 5.91384e-10
Max_H1_P26 7.45654e-11
Max_H1_P27 2.16726e-10
Max_H1_P28 0
Max_H1_P29 0
Max_H1_P30 0
Max_H1_P31 -2.88451e-10
Max_H1_P32 1.22264e-10
Max_H1_P33 0
Max_H1_P34 -8.9782e-11
Max_H1_P35 -4.1683e-10
Max_H1_P36 -8.73115e-11
Max_H1_P37 4.23492e-14
Max_H1_P38 7.39202e-11
Max_H1_P39 -1.04186e-10
Max_H1_P40 -1.35458e-10
Max_H1_P41 -4.71579e-10
Max_H1_P42 5.86175e-10
Max_H1_P43 -2.70239e-10
Max_H1_P44 1.14586e-10
Max_H1_P45 1.99986e-10
Max_H1_P46 0
Max_H1_P47 0
Max_H1_P48 0
Max_H1_P49 0
Max_H1_P50 0
Max_H1_P51 0
Max_H1_P52 2.61138e-10
Max_H1_P53 0
Max_H1_P54 0
Max_H1_P55 0
Max_H1_P56 -4.08647e-10
Max_H1_P57 0
Max_H1_P58 0
Max_H1_P59 0
Max_H1_P60 1.69461e-10
Max_H1_P61 1.70843e-10
Max_H1_P62 1.79431e-10
Max_H1_P63 0
Max_H1_P64 0
Max_H1_P65 -2.48335e-12
Max_H1_P66 0
Max_H1_P67 0
Max_H1_P68 0
Max_H1_P69 0
Max_H1_P70 0
Max_H1_P71 0
Max_H1_P72 0
Max_H1_P73 0
Max_H1_P74 0
Max_H1_P75 0
Max_H1_P76 0
Max_H1_P77 -1.47935e-11
Max_H1_P78 -8.8793e-11
Max_H1_P79 0
Max_H1_P80 1.03586e-10
Max_H1_P81 0
