
Branch and bound

  Entire solving process        :                           (Time    255.3)
  No feasible solution was found
  Best relaxation cost          :     66948.22 (Node     0) (Time    255.2)
  Lower bound after cuts        :     66948.22
  End lower bound               :     66948.22
  Deepest level reached         : 0
  Deepest real level reached    : 0
  Number of real nodes solved   : 1
  Stopping condition            : enough nodes explored

Problem identification

  Problem                       : <null>
  Machine                       : oslo5.gerad.lan

Solving process summary

  Linear relaxations            :        1
  Column generation iterations  :      114
  Shortest paths solved         :     3962
  Columns generated             :    43983

Instance characteristics

  Resources                     : 3
  Node types                    : no
  Arc types                     : no
  Strong resource windows       : no
  Weak resource windows         : no
  Resource windows (nodes)      : 3
  Resource values (arcs)        : 3
  Values on nodes               : no

  Rows                          : 1151
  Initial columns               : 2
  Tasks                         : 989
  Strong tasks                  : 985
  Weak tasks                    : 4
  Initial task constraints      : no
  Nodes                         : 1317
  Arc sets                      : 1
  Arcs                          : 42741
  Networks                      : 2
  Models                        : 1

Memory used per module (Megs)

  Parser (reused)               :      8.847
  Networks                      :     35.963
  Column generator              :     15.983
  Master problem                :     11.160
  -----------------
  Total                         :     63.106

Cpu time per module (seconds)

  Parser                        :        0.0
  Preprocessor                  :        0.0
  Lr solver manager             :        0.1
  Column generator              :       62.7
    (Shortest path)             :       53.5
  Master problem                :      192.4
  -------------------
  Total (without b&b)           :      255.2

Real elapsed time (seconds)

  Parser                        :        0.0
  Preprocessor                  :        0.0
  Lr solver manager             :        0.1
  Column generator              :       62.8
    (Shortest path)             :       53.6
  Master problem                :      192.3
  -------------------
  Total (without b&b)           :      255.3
