Cover_T0 54
Cover_T1 -52
Cover_T2 54
Cover_T3 -50
Cover_T4 54
Cover_T5 -50
Cover_T6 54
Cover_T7 -50
Cover_T8 52
Cover_T9 -50
Cover_T10 54
Cover_T11 -50
Cover_T12 52
Cover_T13 -50
Cover_T14 52
Cover_T15 -44
Cover_T16 52
Cover_T17 -40
Cover_T18 58
Cover_T19 -40
Cover_T20 58
Cover_T21 -40
Cover_T22 58
Cover_T23 -34
Cover_T24 56
Cover_T25 -18
Cover_T26 76
Cover_T27 8
Cover_T28 38
Cover_T29 2
Cover_T30 930
Cover_T31 930
Cover_T32 896
Cover_T33 886
Cover_T34 994
Cover_T35 936
Cover_T36 1000
Cover_T37 66
Cover_T38 52
Cover_T39 86
Cover_T40 98
Cover_T41 -36
Cover_T42 30
Cover_T43 -32
Cover_T44 4
Cover_T45 -8
Cover_T46 0
Cover_T47 -30
Cover_T48 12
Cover_T49 -6
Cover_T50 12
Cover_T51 4
Cover_T52 8
Cover_T53 4
Cover_T54 12
Cover_T55 16
Cover_T56 14
Cover_T57 20
Cover_T58 12
Cover_T59 16
Cover_T60 14
Cover_T61 14
Cover_T62 50
Cover_T63 16
Cover_T64 16
Cover_T65 8
Cover_T66 -6.63063e-11
Cover_T67 -36
Cover_T68 -28
Cover_T69 -8
Cover_T70 50
Cover_T71 8
Cover_T72 22
Cover_T73 36
Cover_T74 8
Cover_T75 -42
Cover_T76 8
Cover_T77 -14
Cover_T78 -2
Cover_T79 0
Cover_T80 -30
Cover_T81 0
Cover_T82 2
Cover_T83 10
Cover_T84 2
Cover_T85 38
Cover_T86 -2.23743e-10
Cover_T87 6
Cover_T88 -28
Cover_T89 6
Cover_T90 52
Cover_T91 4
Cover_T92 28
Cover_T93 28
Cover_T94 6
Cover_T95 52
Cover_T96 -16
Cover_T97 -30
Cover_T98 6
Cover_T99 -6
Cover_T100 -24
Cover_T101 26
Cover_T102 28
Cover_T103 20
Cover_T104 16
Cover_T105 70
Cover_T106 6
Cover_T107 20
Cover_T108 26
Cover_T109 30
Cover_T110 2
Cover_T111 30
Cover_T112 34
Cover_T113 20
Cover_T114 16
Cover_T115 44
Cover_T116 24
Cover_T117 6
Cover_T118 12
Cover_T119 6
Cover_T120 -6
Cover_T121 22
Cover_T122 -38
Cover_T123 8
Cover_T124 4
Cover_T125 16
Cover_T126 6
Cover_T127 40
Cover_T128 4
Cover_T129 56
Cover_T130 0
Cover_T131 34
Cover_T132 -10
Cover_T133 34
Cover_T134 2
Cover_T135 28
Cover_T136 -4
Cover_T137 34
Cover_T138 -8
Cover_T139 22
Cover_T140 -14
Cover_T141 34
Cover_T142 -16
Cover_T143 46
Cover_T144 -18
Cover_T145 48
Cover_T146 -18
Cover_T147 50
Cover_T148 -20
Cover_T149 56
Cover_T150 -18
Cover_T151 36
Cover_T152 -20
Cover_T153 70
Cover_T154 -22
Cover_T155 48
Cover_T156 -28
Cover_T157 72
Cover_T158 -34
Cover_T159 68
Cover_T160 -40
Cover_T161 60
Cover_T162 -40
Cover_T163 64
Cover_T164 -44
Cover_T165 60
Cover_T166 54
Cover_T167 -50
Cover_T168 52
Cover_T169 -50
Cover_T170 50
Cover_T171 -50
Cover_T172 54
Cover_T173 -44
Cover_T174 58
Cover_T175 -40
Cover_T176 50
Cover_T177 -26
Cover_T178 62
Cover_T179 -26
Cover_T180 72
Cover_T181 0
Cover_T182 46
Cover_T183 -6
Cover_T184 908
Cover_T185 898
Cover_T186 862
Cover_T187 898
Cover_T188 994
Cover_T189 946
Cover_T190 992
Cover_T191 66
Cover_T192 64
Cover_T193 82
Cover_T194 64
Cover_T195 -46
Cover_T196 60
Cover_T197 -38
Cover_T198 22
Cover_T199 -10
Cover_T200 12
Cover_T201 -28
Cover_T202 20
Cover_T203 -5.78311e-11
Cover_T204 16
Cover_T205 6
Cover_T206 -8
Cover_T207 -6
Cover_T208 0
Cover_T209 -6
Cover_T210 16
Cover_T211 18
Cover_T212 -8
Cover_T213 10
Cover_T214 6
Cover_T215 0
Cover_T216 4
Cover_T217 -2
Cover_T218 6
Cover_T219 0
Cover_T220 42
Cover_T221 -2
Cover_T222 6
Cover_T223 -38
Cover_T224 -18
Cover_T225 -2
Cover_T226 52
Cover_T227 22
Cover_T228 20
Cover_T229 50
Cover_T230 6
Cover_T231 -28
Cover_T232 6
Cover_T233 -3.03224e-11
Cover_T234 -4
Cover_T235 14
Cover_T236 -32
Cover_T237 14
Cover_T238 0
Cover_T239 24
Cover_T240 0
Cover_T241 52
Cover_T242 -2
Cover_T243 20
Cover_T244 -30
Cover_T245 20
Cover_T246 48
Cover_T247 22
Cover_T248 20
Cover_T249 50
Cover_T250 -4
Cover_T251 -28
Cover_T252 14
Cover_T253 -2
Cover_T254 -12
Cover_T255 20
Cover_T256 -36
Cover_T257 6
Cover_T258 28
Cover_T259 30
Cover_T260 4
Cover_T261 54
Cover_T262 0
Cover_T263 -6
Cover_T264 0
Cover_T265 10
Cover_T266 10
Cover_T267 40
Cover_T268 34
Cover_T269 32
Cover_T270 4
Cover_T271 6
Cover_T272 10
Cover_T273 16
Cover_T274 -26
Cover_T275 2
Cover_T276 -4
Cover_T277 36
Cover_T278 -8
Cover_T279 64
Cover_T280 2
Cover_T281 34
Cover_T282 2
Cover_T283 36
Cover_T284 2
Cover_T285 26
Cover_T286 -4
Cover_T287 26
Cover_T288 -8
Cover_T289 24
Cover_T290 -14
Cover_T291 18
Cover_T292 -38
Cover_T293 28
Cover_T294 -26
Cover_T295 28
Cover_T296 -16
Cover_T297 52
Cover_T298 -42
Cover_T299 40
Cover_T300 -30
Cover_T301 30
Cover_T302 -18
Cover_T303 56
Cover_T304 -20
Cover_T305 44
Cover_T306 -32
Cover_T307 38
Cover_T308 -18
Cover_T309 42
Cover_T310 -20
Cover_T311 52
Cover_T312 -34
Cover_T313 48
Cover_T314 -26
Cover_T315 40
Cover_T316 -28
Cover_T317 46
Cover_T318 -30
Cover_T319 56
Cover_T320 -44
Cover_T321 56
Cover_T322 -48
Cover_T323 60
Cover_T324 64
Cover_T325 -34
Cover_T326 64
Cover_T327 -28
Cover_T328 64
Cover_T329 -12
Cover_T330 80
Cover_T331 8
Cover_T332 60
Cover_T333 0
Cover_T334 938
Cover_T335 930
Cover_T336 912
Cover_T337 910
Cover_T338 1020
Cover_T339 916
Cover_T340 994
Cover_T341 938
Cover_T342 980
Cover_T343 60
Cover_T344 32
Cover_T345 80
Cover_T346 78
Cover_T347 -44
Cover_T348 28
Cover_T349 -40
Cover_T350 14
Cover_T351 -16
Cover_T352 4
Cover_T353 -38
Cover_T354 0
Cover_T355 -14
Cover_T356 0
Cover_T357 -10
Cover_T358 8
Cover_T359 0
Cover_T360 -16
Cover_T361 2
Cover_T362 -5.42599e-12
Cover_T363 2
Cover_T364 14
Cover_T365 -6
Cover_T366 -10
Cover_T367 18
Cover_T368 2
Cover_T369 -2
Cover_T370 20
Cover_T371 18
Cover_T372 0
Cover_T373 0
Cover_T374 52
Cover_T375 20
Cover_T376 32
Cover_T377 6
Cover_T378 12
Cover_T379 -12
Cover_T380 -7.22685e-11
Cover_T381 16
Cover_T382 -28
Cover_T383 -28
Cover_T384 50
Cover_T385 1.29823e-10
Cover_T386 22
Cover_T387 16
Cover_T388 4
Cover_T389 52
Cover_T390 -4
Cover_T391 -18
Cover_T392 -22
Cover_T393 4
Cover_T394 2
Cover_T395 8
Cover_T396 2
Cover_T397 18
Cover_T398 -2.30347e-10
Cover_T399 46
Cover_T400 -28
Cover_T401 14
Cover_T402 50
Cover_T403 14
Cover_T404 24
Cover_T405 12
Cover_T406 2
Cover_T407 36
Cover_T408 -20
Cover_T409 -46
Cover_T410 2
Cover_T411 -22
Cover_T412 -22
Cover_T413 0
Cover_T414 -44
Cover_T415 26
Cover_T416 24
Cover_T417 0
Cover_T418 4
Cover_T419 22
Cover_T420 8
Cover_T421 50
Cover_T422 14
Cover_T423 70
Cover_T424 48
Cover_T425 2
Cover_T426 28
Cover_T427 34
Cover_T428 12
Cover_T429 34
Cover_T430 42
Cover_T431 38
Cover_T432 42
Cover_T433 0
Cover_T434 28
Cover_T435 26
Cover_T436 30
Cover_T437 42
Cover_T438 22
Cover_T439 8.07887e-11
Cover_T440 -20
Cover_T441 16
Cover_T442 8
Cover_T443 16
Cover_T444 -5.9913e-11
Cover_T445 30
Cover_T446 4
Cover_T447 62
Cover_T448 2
Cover_T449 30
Cover_T450 0
Cover_T451 38
Cover_T452 0
Cover_T453 24
Cover_T454 -24
Cover_T455 34
Cover_T456 -22
Cover_T457 22
Cover_T458 -16
Cover_T459 22
Cover_T460 -40
Cover_T461 34
Cover_T462 -30
Cover_T463 34
Cover_T464 -18
Cover_T465 26
Cover_T466 -18
Cover_T467 54
Cover_T468 -18
Cover_T469 48
Cover_T470 -34
Cover_T471 46
Cover_T472 -24
Cover_T473 38
Cover_T474 -18
Cover_T475 44
Cover_T476 -20
Cover_T477 68
Cover_T478 -22
Cover_T479 62
Cover_T480 -28
Cover_T481 58
Cover_T482 -30
Cover_T483 66
Cover_T484 -40
Cover_T485 56
Cover_T486 -40
Cover_T487 60
Cover_T488 64
Cover_T489 8
Cover_T490 64
Cover_T491 22
Cover_T492 78
Cover_T493 38
Cover_T494 54
Cover_T495 10
Cover_T496 26
Cover_T497 0
Cover_T498 946
Cover_T499 910
Cover_T500 910
Cover_T501 910
Cover_T502 1000
Cover_T503 968
Cover_T504 986
Cover_T505 48
Cover_T506 86
Cover_T507 72
Cover_T508 14
Cover_T509 -8
Cover_T510 52
Cover_T511 8.0389e-12
Cover_T512 -2
Cover_T513 60
Cover_T514 -18
Cover_T515 32
Cover_T516 64
Cover_T517 70
Cover_T518 64
Cover_T519 68
Cover_T520 70
Cover_T521 88
Cover_T522 50
Cover_T523 78
Cover_T524 64
Cover_T525 0
Cover_T526 82
Cover_T527 0
Cover_T528 62
Cover_T529 6
Cover_T530 7.20561e-11
Cover_T531 -18
Cover_T532 54
Cover_T533 70
Cover_T534 36
Count_D0 -984
Count_D1 -1000
Max_H0_P0 0
Max_H0_P1 0
Max_H0_P2 0
Max_H0_P3 0
Max_H0_P4 0
Max_H0_P5 0
Max_H0_P6 0
Max_H0_P7 0
Max_H0_P8 0
Max_H0_P9 0
Max_H0_P10 0
Max_H0_P11 0
Max_H0_P12 0
Max_H0_P13 0
Max_H0_P14 0
Max_H0_P15 0
Max_H0_P16 0
Max_H0_P17 0
Max_H0_P18 0
Max_H0_P19 -1.07182e-11
Max_H0_P20 0
Max_H0_P21 9.11271e-13
Max_H0_P22 3.27915e-12
Max_H0_P23 -7.64726e-12
Max_H0_P24 0
Max_H0_P25 3.22865e-12
Max_H0_P26 0
Max_H0_P27 -1.11982e-11
Max_H0_P28 2.10321e-12
Max_H0_P29 -2.10321e-12
Max_H0_P30 0
Max_H0_P31 0
Max_H0_P32 4.65195e-12
Max_H0_P33 0
Max_H0_P34 -0
Max_H0_P35 0
Max_H0_P36 0
Max_H0_P37 0
Max_H0_P38 7.33635e-13
Max_H0_P39 0
Max_H0_P40 0
Max_H0_P41 0
Max_H0_P42 0
Max_H0_P43 0
Max_H0_P44 0
Max_H0_P45 0
Max_H0_P46 0
Max_H0_P47 0
Max_H0_P48 0
Max_H0_P49 0
Max_H0_P50 0
Max_H0_P51 0
Max_H0_P52 0
Max_H0_P53 0
Max_H0_P54 0
Max_H0_P55 0
Max_H0_P56 0
Max_H0_P57 0
Max_H0_P58 0
Max_H0_P59 0
Max_H0_P60 0
Max_H0_P61 0
Max_H0_P62 0
Max_H0_P63 0
Max_H0_P64 0
Max_H0_P65 0
Max_H0_P66 0
Max_H0_P67 0
Max_H0_P68 0
Max_H0_P69 0
Max_H0_P70 0
Max_H0_P71 0
Max_H0_P72 0
Max_H0_P73 0
Max_H0_P74 0
Max_H0_P75 0
Max_H0_P76 0
Max_H0_P77 0
Max_H0_P78 0
Max_H0_P79 0
Max_H0_P80 0
Max_H0_P81 0
Max_H1_P0 0
Max_H1_P1 0
Max_H1_P2 0
Max_H1_P3 0
Max_H1_P4 0
Max_H1_P5 0
Max_H1_P6 0
Max_H1_P7 0
Max_H1_P8 0
Max_H1_P9 0
Max_H1_P10 0
Max_H1_P11 0
Max_H1_P12 0
Max_H1_P13 0
Max_H1_P14 0
Max_H1_P15 1.17776e-11
Max_H1_P16 0
Max_H1_P17 -6.78302e-12
Max_H1_P18 -8.87468e-12
Max_H1_P19 0
Max_H1_P20 0
Max_H1_P21 0
Max_H1_P22 3.34666e-12
Max_H1_P23 -6.20659e-12
Max_H1_P24 9.58567e-13
Max_H1_P25 1.4284e-12
Max_H1_P26 0
Max_H1_P27 3.44968e-12
Max_H1_P28 0
Max_H1_P29 -9.29301e-12
Max_H1_P30 0
Max_H1_P31 -3.07321e-12
Max_H1_P32 1.70242e-12
Max_H1_P33 0
Max_H1_P34 0
Max_H1_P35 -6.91891e-12
Max_H1_P36 1.01181e-11
Max_H1_P37 -4.20908e-12
Max_H1_P38 7.33635e-13
Max_H1_P39 0
Max_H1_P40 0
Max_H1_P41 0
Max_H1_P42 0
Max_H1_P43 1.31184e-12
Max_H1_P44 0
Max_H1_P45 0
Max_H1_P46 0
Max_H1_P47 0
Max_H1_P48 0
Max_H1_P49 0
Max_H1_P50 0
Max_H1_P51 0
Max_H1_P52 -7.87104e-12
Max_H1_P53 0
Max_H1_P54 0
Max_H1_P55 0
Max_H1_P56 0
Max_H1_P57 0
Max_H1_P58 -0
Max_H1_P59 0
Max_H1_P60 0
Max_H1_P61 0
Max_H1_P62 0
Max_H1_P63 0
Max_H1_P64 0
Max_H1_P65 0
Max_H1_P66 -6.71463e-12
Max_H1_P67 0
Max_H1_P68 0
Max_H1_P69 0
Max_H1_P70 0
Max_H1_P71 0
Max_H1_P72 0
Max_H1_P73 0
Max_H1_P74 0
Max_H1_P75 0
Max_H1_P76 0
Max_H1_P77 2.78533e-12
Max_H1_P78 -2.78533e-12
Max_H1_P79 0
Max_H1_P80 0
Max_H1_P81 0
