
Branch and bound

  Entire solving process        :                           (Time    172.6)
  No feasible solution was found
  Best relaxation cost          :     64827.33 (Node     0) (Time    172.6)
  Lower bound after cuts        :     64827.33
  End lower bound               :     64827.33
  Deepest level reached         : 0
  Deepest real level reached    : 0
  Number of real nodes solved   : 1
  Stopping condition            : enough nodes explored

Problem identification

  Problem                       : <null>
  Machine                       : oslo1.gerad.lan

Solving process summary

  Linear relaxations            :        1
  Column generation iterations  :      108
  Shortest paths solved         :     6002
  Columns generated             :    51986

Instance characteristics

  Resources                     : 3
  Node types                    : no
  Arc types                     : no
  Strong resource windows       : no
  Weak resource windows         : no
  Resource windows (nodes)      : 3
  Resource values (arcs)        : 3
  Values on nodes               : no

  Rows                          : 1040
  Initial columns               : 507
  Tasks                         : 878
  Strong tasks                  : 560
  Weak tasks                    : 4
  Initial task constraints      : no
  Nodes                         : 1206
  Arc sets                      : 1
  Arcs                          : 35405
  Networks                      : 2
  Models                        : 1

Memory used per module (Megs)

  Parser (reused)               :      7.394
  Networks                      :     33.541
  Column generator              :     11.745
  Master problem                :     10.086
  -----------------
  Total                         :     55.372

Cpu time per module (seconds)

  Parser                        :        0.0
  Preprocessor                  :        0.0
  Lr solver manager             :        0.1
  Column generator              :       77.0
    (Shortest path)             :       68.5
  Master problem                :       95.6
  -------------------
  Total (without b&b)           :      172.6

Real elapsed time (seconds)

  Parser                        :        0.0
  Preprocessor                  :        0.0
  Lr solver manager             :        0.1
  Column generator              :       77.0
    (Shortest path)             :       69.0
  Master problem                :       95.5
  -------------------
  Total (without b&b)           :      172.6
