
Branch and bound

  Entire solving process        :                           (Time     90.6)
  No feasible solution was found
  Best relaxation cost          :     53624.67 (Node     0) (Time     90.6)
  Lower bound after cuts        :     53624.67
  End lower bound               :     53624.67
  Deepest level reached         : 0
  Deepest real level reached    : 0
  Number of real nodes solved   : 1
  Stopping condition            : enough nodes explored

Problem identification

  Problem                       : <null>
  Machine                       : oslo5.gerad.lan

Solving process summary

  Linear relaxations            :        1
  Column generation iterations  :      124
  Shortest paths solved         :     7115
  Columns generated             :    45755

Instance characteristics

  Resources                     : 3
  Node types                    : no
  Arc types                     : no
  Strong resource windows       : no
  Weak resource windows         : no
  Resource windows (nodes)      : 3
  Resource values (arcs)        : 3
  Values on nodes               : no

  Rows                          : 810
  Initial columns               : 361
  Tasks                         : 648
  Strong tasks                  : 426
  Weak tasks                    : 4
  Initial task constraints      : no
  Nodes                         : 976
  Arc sets                      : 1
  Arcs                          : 20775
  Networks                      : 2
  Models                        : 1

Memory used per module (Megs)

  Parser (reused)               :      4.488
  Networks                      :     26.155
  Column generator              :      5.328
  Master problem                :      8.037
  -----------------
  Total                         :     39.519

Cpu time per module (seconds)

  Parser                        :        0.0
  Preprocessor                  :        0.0
  Lr solver manager             :        0.1
  Column generator              :       26.6
    (Shortest path)             :       21.8
  Master problem                :       63.9
  -------------------
  Total (without b&b)           :       90.6

Real elapsed time (seconds)

  Parser                        :        0.0
  Preprocessor                  :        0.0
  Lr solver manager             :        0.0
  Column generator              :       26.5
    (Shortest path)             :       22.1
  Master problem                :       64.0
  -------------------
  Total (without b&b)           :       90.6
