
Branch and bound

  Entire solving process        :                           (Time     67.3)
  No feasible solution was found
  Best relaxation cost          :     36167.91 (Node     0) (Time     67.3)
  Lower bound after cuts        :     36167.91
  End lower bound               :     36167.91
  Deepest level reached         : 0
  Deepest real level reached    : 0
  Number of real nodes solved   : 1
  Stopping condition            : enough nodes explored

Problem identification

  Problem                       : <null>
  Machine                       : oslo3.gerad.lan

Solving process summary

  Linear relaxations            :        1
  Column generation iterations  :      151
  Shortest paths solved         :     2955
  Columns generated             :    26951

Instance characteristics

  Resources                     : 3
  Node types                    : no
  Arc types                     : no
  Strong resource windows       : no
  Weak resource windows         : no
  Resource windows (nodes)      : 3
  Resource values (arcs)        : 3
  Values on nodes               : no

  Rows                          : 669
  Initial columns               : 2
  Tasks                         : 507
  Strong tasks                  : 503
  Weak tasks                    : 4
  Initial task constraints      : no
  Nodes                         : 835
  Arc sets                      : 1
  Arcs                          : 13649
  Networks                      : 2
  Models                        : 1

Memory used per module (Megs)

  Parser (reused)               :      3.156
  Networks                      :     19.011
  Column generator              :      4.238
  Master problem                :      6.790
  -----------------
  Total                         :     30.038

Cpu time per module (seconds)

  Parser                        :        0.0
  Preprocessor                  :        0.0
  Lr solver manager             :        0.0
  Column generator              :        8.8
    (Shortest path)             :        7.5
  Master problem                :       58.5
  -------------------
  Total (without b&b)           :       67.3

Real elapsed time (seconds)

  Parser                        :        0.0
  Preprocessor                  :        0.0
  Lr solver manager             :        0.0
  Column generator              :        8.8
    (Shortest path)             :        7.5
  Master problem                :       58.5
  -------------------
  Total (without b&b)           :       67.3
