
Branch and bound

  Entire solving process        :                           (Time    144.0)
  No feasible solution was found
  Best relaxation cost          :     47123.13 (Node     0) (Time    143.9)
  Lower bound after cuts        :     47123.13
  End lower bound               :     47123.13
  Deepest level reached         : 0
  Deepest real level reached    : 0
  Number of real nodes solved   : 1
  Stopping condition            : enough nodes explored

Problem identification

  Problem                       : <null>
  Machine                       : oslo2.gerad.lan

Solving process summary

  Linear relaxations            :        1
  Column generation iterations  :      145
  Shortest paths solved         :     8541
  Columns generated             :    48015

Instance characteristics

  Resources                     : 3
  Node types                    : no
  Arc types                     : no
  Strong resource windows       : no
  Weak resource windows         : no
  Resource windows (nodes)      : 3
  Resource values (arcs)        : 3
  Values on nodes               : no

  Rows                          : 851
  Initial columns               : 350
  Tasks                         : 689
  Strong tasks                  : 490
  Weak tasks                    : 4
  Initial task constraints      : no
  Nodes                         : 1017
  Arc sets                      : 1
  Arcs                          : 23028
  Networks                      : 2
  Models                        : 1

Memory used per module (Megs)

  Parser (reused)               :      4.972
  Networks                      :     27.244
  Column generator              :      7.507
  Master problem                :      8.453
  -----------------
  Total                         :     43.205

Cpu time per module (seconds)

  Parser                        :        0.0
  Preprocessor                  :        0.0
  Lr solver manager             :        0.1
  Column generator              :       43.5
    (Shortest path)             :       37.1
  Master problem                :      100.3
  -------------------
  Total (without b&b)           :      143.9

Real elapsed time (seconds)

  Parser                        :        0.0
  Preprocessor                  :        0.0
  Lr solver manager             :        0.1
  Column generator              :       43.6
    (Shortest path)             :       37.4
  Master problem                :      100.3
  -------------------
  Total (without b&b)           :      144.1
