
Branch and bound

  Entire solving process        :                           (Time    748.4)
  No feasible solution was found
  Best relaxation cost          :     43699.62 (Node     0) (Time    748.4)
  Lower bound after cuts        :     43699.62
  End lower bound               :     43699.62
  Deepest level reached         : 0
  Deepest real level reached    : 0
  Number of real nodes solved   : 1
  Stopping condition            : enough nodes explored

Problem identification

  Problem                       : <null>
  Machine                       : oslo2.gerad.lan

Solving process summary

  Linear relaxations            :        1
  Column generation iterations  :      274
  Shortest paths solved         :     5108
  Columns generated             :    58700

Instance characteristics

  Resources                     : 3
  Node types                    : no
  Arc types                     : no
  Strong resource windows       : no
  Weak resource windows         : no
  Resource windows (nodes)      : 3
  Resource values (arcs)        : 3
  Values on nodes               : no

  Rows                          : 951
  Initial columns               : 2
  Tasks                         : 789
  Strong tasks                  : 785
  Weak tasks                    : 4
  Initial task constraints      : no
  Nodes                         : 1117
  Arc sets                      : 1
  Arcs                          : 28798
  Networks                      : 2
  Models                        : 1

Memory used per module (Megs)

  Parser (reused)               :      6.062
  Networks                      :     28.213
  Column generator              :     10.534
  Master problem                :      9.647
  -----------------
  Total                         :     48.395

Cpu time per module (seconds)

  Parser                        :        0.0
  Preprocessor                  :        0.0
  Lr solver manager             :        0.3
  Column generator              :       83.9
    (Shortest path)             :       76.0
  Master problem                :      664.2
  -------------------
  Total (without b&b)           :      748.4

Real elapsed time (seconds)

  Parser                        :        0.0
  Preprocessor                  :        0.0
  Lr solver manager             :        0.2
  Column generator              :       84.0
    (Shortest path)             :       76.3
  Master problem                :      665.3
  -------------------
  Total (without b&b)           :      749.5
