
Branch and bound

  Entire solving process        :                           (Time     95.6)
  No feasible solution was found
  Best relaxation cost          :     44589.39 (Node     0) (Time     95.6)
  Lower bound after cuts        :     44589.39
  End lower bound               :     44589.39
  Deepest level reached         : 0
  Deepest real level reached    : 0
  Number of real nodes solved   : 1
  Stopping condition            : enough nodes explored

Problem identification

  Problem                       : <null>
  Machine                       : oslo3.gerad.lan

Solving process summary

  Linear relaxations            :        1
  Column generation iterations  :      136
  Shortest paths solved         :     5953
  Columns generated             :    40254

Instance characteristics

  Resources                     : 3
  Node types                    : no
  Arc types                     : no
  Strong resource windows       : no
  Weak resource windows         : no
  Resource windows (nodes)      : 3
  Resource values (arcs)        : 3
  Values on nodes               : no

  Rows                          : 803
  Initial columns               : 335
  Tasks                         : 641
  Strong tasks                  : 440
  Weak tasks                    : 4
  Initial task constraints      : no
  Nodes                         : 969
  Arc sets                      : 1
  Arcs                          : 20251
  Networks                      : 2
  Models                        : 1

Memory used per module (Megs)

  Parser (reused)               :      4.488
  Networks                      :     25.186
  Column generator              :      4.601
  Master problem                :      8.347
  -----------------
  Total                         :     38.134

Cpu time per module (seconds)

  Parser                        :        0.0
  Preprocessor                  :        0.0
  Lr solver manager             :        0.1
  Column generator              :       24.9
    (Shortest path)             :       21.4
  Master problem                :       70.6
  -------------------
  Total (without b&b)           :       95.6

Real elapsed time (seconds)

  Parser                        :        0.0
  Preprocessor                  :        0.0
  Lr solver manager             :        0.1
  Column generator              :       25.0
    (Shortest path)             :       21.4
  Master problem                :       70.5
  -------------------
  Total (without b&b)           :       95.6
