
Branch and bound

  Entire solving process        :                           (Time    140.1)
  No feasible solution was found
  Best relaxation cost          :     44905.40 (Node     0) (Time    140.1)
  Lower bound after cuts        :     44905.40
  End lower bound               :     44905.40
  Deepest level reached         : 0
  Deepest real level reached    : 0
  Number of real nodes solved   : 1
  Stopping condition            : enough nodes explored

Problem identification

  Problem                       : <null>
  Machine                       : oslo1.gerad.lan

Solving process summary

  Linear relaxations            :        1
  Column generation iterations  :      156
  Shortest paths solved         :     3541
  Columns generated             :    35071

Instance characteristics

  Resources                     : 3
  Node types                    : no
  Arc types                     : no
  Strong resource windows       : no
  Weak resource windows         : no
  Resource windows (nodes)      : 3
  Resource values (arcs)        : 3
  Values on nodes               : no

  Rows                          : 803
  Initial columns               : 2
  Tasks                         : 641
  Strong tasks                  : 637
  Weak tasks                    : 4
  Initial task constraints      : no
  Nodes                         : 969
  Arc sets                      : 1
  Arcs                          : 20251
  Networks                      : 2
  Models                        : 1

Memory used per module (Megs)

  Parser (reused)               :      4.367
  Networks                      :     23.491
  Column generator              :      6.296
  Master problem                :      8.196
  -----------------
  Total                         :     37.983

Cpu time per module (seconds)

  Parser                        :        0.0
  Preprocessor                  :        0.0
  Lr solver manager             :        0.1
  Column generator              :       33.8
    (Shortest path)             :       28.2
  Master problem                :      106.2
  -------------------
  Total (without b&b)           :      140.1

Real elapsed time (seconds)

  Parser                        :        0.0
  Preprocessor                  :        0.0
  Lr solver manager             :        0.2
  Column generator              :       33.7
    (Shortest path)             :       28.2
  Master problem                :      106.2
  -------------------
  Total (without b&b)           :      140.1
