
Branch and bound

  Entire solving process        :                           (Time    290.8)
  No feasible solution was found
  Best relaxation cost          :     70933.36 (Node     0) (Time    290.8)
  Lower bound after cuts        :     70933.36
  End lower bound               :     70933.36
  Deepest level reached         : 0
  Deepest real level reached    : 0
  Number of real nodes solved   : 1
  Stopping condition            : enough nodes explored

Problem identification

  Problem                       : <null>
  Machine                       : oslo3.gerad.lan

Solving process summary

  Linear relaxations            :        1
  Column generation iterations  :      116
  Shortest paths solved         :     6512
  Columns generated             :    62816

Instance characteristics

  Resources                     : 3
  Node types                    : no
  Arc types                     : no
  Strong resource windows       : no
  Weak resource windows         : no
  Resource windows (nodes)      : 3
  Resource values (arcs)        : 3
  Values on nodes               : no

  Rows                          : 1192
  Initial columns               : 539
  Tasks                         : 1030
  Strong tasks                  : 707
  Weak tasks                    : 4
  Initial task constraints      : no
  Nodes                         : 1358
  Arc sets                      : 1
  Arcs                          : 46977
  Networks                      : 2
  Models                        : 1

Memory used per module (Megs)

  Parser (reused)               :      9.573
  Networks                      :     39.232
  Column generator              :     13.441
  Master problem                :     11.326
  -----------------
  Total                         :     63.998

Cpu time per module (seconds)

  Parser                        :        0.0
  Preprocessor                  :        0.0
  Lr solver manager             :        0.1
  Column generator              :      156.9
    (Shortest path)             :      140.2
  Master problem                :      133.7
  -------------------
  Total (without b&b)           :      290.8

Real elapsed time (seconds)

  Parser                        :        0.0
  Preprocessor                  :        0.0
  Lr solver manager             :        0.1
  Column generator              :      157.0
    (Shortest path)             :      140.3
  Master problem                :      133.7
  -------------------
  Total (without b&b)           :      290.8
