
Branch and bound

  Entire solving process        :                           (Time    474.6)
  No feasible solution was found
  Best relaxation cost          :     66773.90 (Node     0) (Time    474.6)
  Lower bound after cuts        :     66773.90
  End lower bound               :     66773.90
  Deepest level reached         : 0
  Deepest real level reached    : 0
  Number of real nodes solved   : 1
  Stopping condition            : enough nodes explored

Problem identification

  Problem                       : <null>
  Machine                       : oslo1.gerad.lan

Solving process summary

  Linear relaxations            :        1
  Column generation iterations  :      146
  Shortest paths solved         :     4258
  Columns generated             :    46229

Instance characteristics

  Resources                     : 3
  Node types                    : no
  Arc types                     : no
  Strong resource windows       : no
  Weak resource windows         : no
  Resource windows (nodes)      : 3
  Resource values (arcs)        : 3
  Values on nodes               : no

  Rows                          : 1078
  Initial columns               : 2
  Tasks                         : 916
  Strong tasks                  : 912
  Weak tasks                    : 4
  Initial task constraints      : no
  Nodes                         : 1244
  Arc sets                      : 1
  Arcs                          : 37401
  Networks                      : 2
  Models                        : 1

Memory used per module (Megs)

  Parser (reused)               :      7.757
  Networks                      :     33.904
  Column generator              :     11.261
  Master problem                :     10.479
  -----------------
  Total                         :     55.644

Cpu time per module (seconds)

  Parser                        :        0.0
  Preprocessor                  :        0.0
  Lr solver manager             :        0.0
  Column generator              :       75.1
    (Shortest path)             :       66.5
  Master problem                :      399.4
  -------------------
  Total (without b&b)           :      474.6

Real elapsed time (seconds)

  Parser                        :        0.0
  Preprocessor                  :        0.0
  Lr solver manager             :        0.1
  Column generator              :       75.1
    (Shortest path)             :       66.5
  Master problem                :      399.4
  -------------------
  Total (without b&b)           :      474.6
