
Branch and bound

  Entire solving process        :                           (Time    137.5)
  No feasible solution was found
  Best relaxation cost          :     54836.73 (Node     0) (Time    137.5)
  Lower bound after cuts        :     54836.73
  End lower bound               :     54836.73
  Deepest level reached         : 0
  Deepest real level reached    : 0
  Number of real nodes solved   : 1
  Stopping condition            : enough nodes explored

Problem identification

  Problem                       : <null>
  Machine                       : oslo4.gerad.lan

Solving process summary

  Linear relaxations            :        1
  Column generation iterations  :      124
  Shortest paths solved         :     3477
  Columns generated             :    35497

Instance characteristics

  Resources                     : 3
  Node types                    : no
  Arc types                     : no
  Strong resource windows       : no
  Weak resource windows         : no
  Resource windows (nodes)      : 3
  Resource values (arcs)        : 3
  Values on nodes               : no

  Rows                          : 942
  Initial columns               : 2
  Tasks                         : 780
  Strong tasks                  : 776
  Weak tasks                    : 4
  Initial task constraints      : no
  Nodes                         : 1108
  Arc sets                      : 1
  Arcs                          : 28695
  Networks                      : 2
  Models                        : 1

Memory used per module (Megs)

  Parser (reused)               :      6.062
  Networks                      :     28.334
  Column generator              :      5.812
  Master problem                :      9.421
  -----------------
  Total                         :     43.567

Cpu time per module (seconds)

  Parser                        :        0.0
  Preprocessor                  :        0.0
  Lr solver manager             :        0.1
  Column generator              :       33.8
    (Shortest path)             :       29.3
  Master problem                :      103.6
  -------------------
  Total (without b&b)           :      137.5

Real elapsed time (seconds)

  Parser                        :        0.0
  Preprocessor                  :        0.0
  Lr solver manager             :        0.1
  Column generator              :       33.8
    (Shortest path)             :       29.3
  Master problem                :      103.6
  -------------------
  Total (without b&b)           :      137.5
