
Branch and bound

  Entire solving process        :                           (Time    129.2)
  No feasible solution was found
  Best relaxation cost          :     54630.79 (Node     0) (Time    129.2)
  Lower bound after cuts        :     54630.79
  End lower bound               :     54630.79
  Deepest level reached         : 0
  Deepest real level reached    : 0
  Number of real nodes solved   : 1
  Stopping condition            : enough nodes explored

Problem identification

  Problem                       : <null>
  Machine                       : oslo5.gerad.lan

Solving process summary

  Linear relaxations            :        1
  Column generation iterations  :      113
  Shortest paths solved         :     7394
  Columns generated             :    51445

Instance characteristics

  Resources                     : 3
  Node types                    : no
  Arc types                     : no
  Strong resource windows       : no
  Weak resource windows         : no
  Resource windows (nodes)      : 3
  Resource values (arcs)        : 3
  Values on nodes               : no

  Rows                          : 942
  Initial columns               : 404
  Tasks                         : 780
  Strong tasks                  : 543
  Weak tasks                    : 4
  Initial task constraints      : no
  Nodes                         : 1108
  Arc sets                      : 1
  Arcs                          : 28695
  Networks                      : 2
  Models                        : 1

Memory used per module (Megs)

  Parser (reused)               :      6.062
  Networks                      :     30.150
  Column generator              :     13.077
  Master problem                :      9.232
  -----------------
  Total                         :     52.459

Cpu time per module (seconds)

  Parser                        :        0.0
  Preprocessor                  :        0.0
  Lr solver manager             :        0.1
  Column generator              :       58.7
    (Shortest path)             :       50.0
  Master problem                :       70.4
  -------------------
  Total (without b&b)           :      129.2

Real elapsed time (seconds)

  Parser                        :        0.0
  Preprocessor                  :        0.0
  Lr solver manager             :        0.0
  Column generator              :       58.6
    (Shortest path)             :       50.1
  Master problem                :       70.6
  -------------------
  Total (without b&b)           :      129.2
