Cover_T0 52
Cover_T1 -52
Cover_T2 52
Cover_T3 -52
Cover_T4 52
Cover_T5 -52
Cover_T6 52
Cover_T7 -52
Cover_T8 52
Cover_T9 -52
Cover_T10 52
Cover_T11 -52
Cover_T12 52
Cover_T13 -52
Cover_T14 54
Cover_T15 -52
Cover_T16 58
Cover_T17 -50
Cover_T18 54
Cover_T19 -50
Cover_T20 58
Cover_T21 -46
Cover_T22 58
Cover_T23 -46
Cover_T24 56
Cover_T25 -46
Cover_T26 56
Cover_T27 -46
Cover_T28 54
Cover_T29 -40
Cover_T30 60
Cover_T31 -40
Cover_T32 58
Cover_T33 -36
Cover_T34 56
Cover_T35 -36
Cover_T36 60
Cover_T37 -36
Cover_T38 56
Cover_T39 -30
Cover_T40 54
Cover_T41 -30
Cover_T42 86
Cover_T43 -30
Cover_T44 74
Cover_T45 2
Cover_T46 50
Cover_T47 -22
Cover_T48 44
Cover_T49 988
Cover_T50 1034
Cover_T51 954
Cover_T52 998
Cover_T53 974
Cover_T54 1008
Cover_T55 990
Cover_T56 1024
Cover_T57 994
Cover_T58 10
Cover_T59 -2
Cover_T60 4
Cover_T61 4
Cover_T62 6
Cover_T63 12
Cover_T64 6
Cover_T65 16
Cover_T66 2
Cover_T67 -4.32467e-10
Cover_T68 -10
Cover_T69 6
Cover_T70 -42
Cover_T71 2
Cover_T72 6
Cover_T73 24
Cover_T74 0
Cover_T75 48
Cover_T76 6
Cover_T77 12
Cover_T78 0
Cover_T79 4
Cover_T80 0
Cover_T81 2
Cover_T82 6
Cover_T83 2
Cover_T84 6
Cover_T85 10
Cover_T86 2
Cover_T87 12
Cover_T88 0
Cover_T89 12
Cover_T90 6
Cover_T91 16
Cover_T92 -10
Cover_T93 2.2208e-10
Cover_T94 -42
Cover_T95 6
Cover_T96 -14
Cover_T97 28
Cover_T98 -6
Cover_T99 52
Cover_T100 -30
Cover_T101 16
Cover_T102 0
Cover_T103 8
Cover_T104 6
Cover_T105 28
Cover_T106 6
Cover_T107 52
Cover_T108 6
Cover_T109 2.23814e-10
Cover_T110 4
Cover_T111 8
Cover_T112 -5.15183e-11
Cover_T113 12
Cover_T114 -28
Cover_T115 14
Cover_T116 2
Cover_T117 14
Cover_T118 -10
Cover_T119 46
Cover_T120 -42
Cover_T121 -1.66331e-10
Cover_T122 6
Cover_T123 20
Cover_T124 6
Cover_T125 38
Cover_T126 6
Cover_T127 56
Cover_T128 6
Cover_T129 20
Cover_T130 2
Cover_T131 8
Cover_T132 6
Cover_T133 8
Cover_T134 0
Cover_T135 8
Cover_T136 6
Cover_T137 8
Cover_T138 2
Cover_T139 -2.12843e-11
Cover_T140 -8
Cover_T141 14
Cover_T142 -32
Cover_T143 16
Cover_T144 -28
Cover_T145 26
Cover_T146 2
Cover_T147 30
Cover_T148 -18
Cover_T149 50
Cover_T150 -2
Cover_T151 38
Cover_T152 -24
Cover_T153 58
Cover_T154 0
Cover_T155 20
Cover_T156 -2
Cover_T157 36
Cover_T158 -8
Cover_T159 20
Cover_T160 -6
Cover_T161 36
Cover_T162 -12
Cover_T163 18
Cover_T164 -6
Cover_T165 26
Cover_T166 -20
Cover_T167 18
Cover_T168 -16
Cover_T169 30
Cover_T170 -16
Cover_T171 32
Cover_T172 -22
Cover_T173 28
Cover_T174 -14
Cover_T175 40
Cover_T176 -14
Cover_T177 58
Cover_T178 -20
Cover_T179 28
Cover_T180 -24
Cover_T181 44
Cover_T182 -24
Cover_T183 64
Cover_T184 -26
Cover_T185 54
Cover_T186 -28
Cover_T187 44
Cover_T188 -28
Cover_T189 50
Cover_T190 -28
Cover_T191 46
Cover_T192 -36
Cover_T193 44
Cover_T194 -36
Cover_T195 68
Cover_T196 -36
Cover_T197 62
Cover_T198 -36
Cover_T199 66
Cover_T200 -42
Cover_T201 58
Cover_T202 52
Cover_T203 -52
Cover_T204 54
Cover_T205 -50
Cover_T206 56
Cover_T207 -46
Cover_T208 54
Cover_T209 -46
Cover_T210 62
Cover_T211 -46
Cover_T212 58
Cover_T213 -40
Cover_T214 58
Cover_T215 -40
Cover_T216 52
Cover_T217 -48
Cover_T218 48
Cover_T219 -36
Cover_T220 54
Cover_T221 -34
Cover_T222 50
Cover_T223 -32
Cover_T224 86
Cover_T225 -32
Cover_T226 74
Cover_T227 2
Cover_T228 56
Cover_T229 -10
Cover_T230 44
Cover_T231 -22
Cover_T232 40
Cover_T233 954
Cover_T234 1036
Cover_T235 966
Cover_T236 1002
Cover_T237 982
Cover_T238 1010
Cover_T239 994
Cover_T240 1022
Cover_T241 994
Cover_T242 -2.99399e-10
Cover_T243 -2
Cover_T244 0
Cover_T245 2
Cover_T246 4
Cover_T247 12
Cover_T248 6
Cover_T249 12
Cover_T250 2
Cover_T251 8
Cover_T252 0
Cover_T253 4
Cover_T254 4
Cover_T255 4
Cover_T256 -22
Cover_T257 8
Cover_T258 6
Cover_T259 20
Cover_T260 6
Cover_T261 52
Cover_T262 -1.23634e-12
Cover_T263 4
Cover_T264 6
Cover_T265 18
Cover_T266 6
Cover_T267 16
Cover_T268 -6
Cover_T269 12
Cover_T270 2
Cover_T271 4
Cover_T272 6
Cover_T273 16
Cover_T274 6
Cover_T275 8
Cover_T276 6
Cover_T277 8
Cover_T278 -7.28875e-11
Cover_T279 10
Cover_T280 -22
Cover_T281 4
Cover_T282 6
Cover_T283 20
Cover_T284 6
Cover_T285 52
Cover_T286 -22
Cover_T287 24
Cover_T288 -6.78568e-13
Cover_T289 20
Cover_T290 -2
Cover_T291 52
Cover_T292 -6
Cover_T293 22
Cover_T294 -2
Cover_T295 16
Cover_T296 4
Cover_T297 16
Cover_T298 0
Cover_T299 12
Cover_T300 -12
Cover_T301 6
Cover_T302 -40
Cover_T303 10
Cover_T304 6
Cover_T305 38
Cover_T306 -22
Cover_T307 8
Cover_T308 -4
Cover_T309 20
Cover_T310 6
Cover_T311 56
Cover_T312 0
Cover_T313 8
Cover_T314 6
Cover_T315 8
Cover_T316 0
Cover_T317 6
Cover_T318 -14
Cover_T319 6
Cover_T320 -12
Cover_T321 4
Cover_T322 -20
Cover_T323 14
Cover_T324 -40
Cover_T325 16
Cover_T326 -32
Cover_T327 26
Cover_T328 2
Cover_T329 54
Cover_T330 2
Cover_T331 58
Cover_T332 2
Cover_T333 40
Cover_T334 -8
Cover_T335 40
Cover_T336 -6
Cover_T337 10
Cover_T338 -6
Cover_T339 20
Cover_T340 -8
Cover_T341 10
Cover_T342 -14
Cover_T343 20
Cover_T344 -34
Cover_T345 26
Cover_T346 -18
Cover_T347 28
Cover_T348 -10
Cover_T349 34
Cover_T350 -26
Cover_T351 50
Cover_T352 -28
Cover_T353 38
Cover_T354 -44
Cover_T355 30
Cover_T356 -14
Cover_T357 48
Cover_T358 -14
Cover_T359 46
Cover_T360 -20
Cover_T361 60
Cover_T362 -36
Cover_T363 34
Cover_T364 -26
Cover_T365 28
Cover_T366 -24
Cover_T367 46
Cover_T368 -24
Cover_T369 36
Cover_T370 -28
Cover_T371 36
Cover_T372 -36
Cover_T373 36
Cover_T374 -36
Cover_T375 36
Cover_T376 -46
Cover_T377 42
Cover_T378 -36
Cover_T379 48
Cover_T380 -36
Cover_T381 46
Cover_T382 -42
Cover_T383 50
Cover_T384 -48
Cover_T385 52
Cover_T386 -36
Cover_T387 52
Cover_T388 -50
Cover_T389 52
Cover_T390 50
Cover_T391 -40
Cover_T392 60
Cover_T393 -40
Cover_T394 54
Cover_T395 -36
Cover_T396 52
Cover_T397 -38
Cover_T398 56
Cover_T399 -34
Cover_T400 82
Cover_T401 0
Cover_T402 66
Cover_T403 -6
Cover_T404 54
Cover_T405 -18
Cover_T406 54
Cover_T407 992
Cover_T408 1040
Cover_T409 994
Cover_T410 1032
Cover_T411 994
Cover_T412 1036
Cover_T413 958
Cover_T414 1036
Cover_T415 970
Cover_T416 1002
Cover_T417 982
Cover_T418 1004
Cover_T419 994
Cover_T420 1026
Cover_T421 994
Cover_T422 4
Cover_T423 2
Cover_T424 8
Cover_T425 -2
Cover_T426 -8
Cover_T427 2
Cover_T428 8
Cover_T429 4
Cover_T430 6
Cover_T431 -2
Cover_T432 0
Cover_T433 12
Cover_T434 1.2119e-10
Cover_T435 7.97318e-12
Cover_T436 6
Cover_T437 18
Cover_T438 0
Cover_T439 2
Cover_T440 -14
Cover_T441 -2.60149e-11
Cover_T442 -34
Cover_T443 4
Cover_T444 6
Cover_T445 2
Cover_T446 6
Cover_T447 8
Cover_T448 -2
Cover_T449 24
Cover_T450 0
Cover_T451 48
Cover_T452 -14
Cover_T453 12
Cover_T454 -10
Cover_T455 4
Cover_T456 -2
Cover_T457 2
Cover_T458 -14
Cover_T459 16
Cover_T460 -6
Cover_T461 12
Cover_T462 -2
Cover_T463 4
Cover_T464 0
Cover_T465 16
Cover_T466 0
Cover_T467 8
Cover_T468 0
Cover_T469 4
Cover_T470 -14
Cover_T471 2
Cover_T472 -38
Cover_T473 2
Cover_T474 -2
Cover_T475 2
Cover_T476 6
Cover_T477 16
Cover_T478 -14
Cover_T479 44
Cover_T480 -46
Cover_T481 16
Cover_T482 6
Cover_T483 12
Cover_T484 -2
Cover_T485 44
Cover_T486 -4
Cover_T487 16
Cover_T488 2
Cover_T489 10
Cover_T490 6
Cover_T491 10
Cover_T492 -14
Cover_T493 6
Cover_T494 -38
Cover_T495 0
Cover_T496 0
Cover_T497 1.07777e-11
Cover_T498 0
Cover_T499 8
Cover_T500 -12
Cover_T501 20
Cover_T502 -28
Cover_T503 36
Cover_T504 -44
Cover_T505 52
Cover_T506 -10
Cover_T507 6
Cover_T508 4
Cover_T509 10
Cover_T510 4
Cover_T511 24
Cover_T512 -4
Cover_T513 50
Cover_T514 0
Cover_T515 24
Cover_T516 6
Cover_T517 2
Cover_T518 4
Cover_T519 4
Cover_T520 0
Cover_T521 6
Cover_T522 -14
Cover_T523 0
Cover_T524 -38
Cover_T525 6
Cover_T526 -34
Cover_T527 8
Cover_T528 -4
Cover_T529 24
Cover_T530 -28
Cover_T531 40
Cover_T532 -12
Cover_T533 60
Cover_T534 -28
Cover_T535 48
Cover_T536 0
Cover_T537 14
Cover_T538 2
Cover_T539 30
Cover_T540 -2
Cover_T541 10
Cover_T542 -2
Cover_T543 30
Cover_T544 -6
Cover_T545 16
Cover_T546 -6
Cover_T547 20
Cover_T548 -6
Cover_T549 26
Cover_T550 -18
Cover_T551 28
Cover_T552 -32
Cover_T553 54
Cover_T554 -16
Cover_T555 44
Cover_T556 -14
Cover_T557 38
Cover_T558 -30
Cover_T559 40
Cover_T560 -20
Cover_T561 64
Cover_T562 -20
Cover_T563 46
Cover_T564 -20
Cover_T565 36
Cover_T566 -24
Cover_T567 54
Cover_T568 -26
Cover_T569 44
Cover_T570 -26
Cover_T571 44
Cover_T572 -38
Cover_T573 50
Cover_T574 -28
Cover_T575 56
Cover_T576 -28
Cover_T577 56
Cover_T578 -36
Cover_T579 68
Cover_T580 -36
Cover_T581 58
Cover_T582 -36
Cover_T583 62
Cover_T584 -42
Cover_T585 16
Cover_T586 2
Cover_T587 16
Cover_T588 8
Cover_T589 6
Cover_T590 2
Cover_T591 20
Cover_T592 8
Cover_T593 12
Cover_T594 12
Cover_T595 52
Cover_T596 52
Cover_T597 40
Cover_T598 40
Cover_T599 28
Cover_T600 16
Cover_T601 10
Cover_T602 1040
Cover_T603 1086
Cover_T604 1028
Cover_T605 1082
Cover_T606 1040
Cover_T607 1070
Cover_T608 992
Cover_T609 1038
Cover_T610 1004
Cover_T611 1038
Cover_T612 1016
Cover_T613 1062
Cover_T614 1030
Cover_T615 26
Cover_T616 -38
Cover_T617 54
Cover_T618 -20
Cover_T619 52
Cover_T620 -12
Cover_T621 48
Cover_T622 52
Cover_T623 -16
Cover_T624 52
Cover_T625 -16
Cover_T626 16
Cover_T627 16
Cover_T628 56
Cover_T629 0
Cover_T630 32
Cover_T631 46
Cover_T632 56
Cover_T633 22
Cover_T634 0
Cover_T635 48
Cover_T636 16
Cover_T637 12
Cover_T638 -6
Cover_T639 4
Cover_T640 -6
Cover_T641 0
Cover_T642 1.93268e-11
Cover_T643 6
Cover_T644 12
Cover_T645 46
Cover_T646 0
Count_D0 -984
Count_D1 -1000
Max_H0_P0 0
Max_H0_P1 0
Max_H0_P2 0
Max_H0_P3 0
Max_H0_P4 0
Max_H0_P5 0
Max_H0_P6 0
Max_H0_P7 0
Max_H0_P8 0
Max_H0_P9 0
Max_H0_P10 0
Max_H0_P11 0
Max_H0_P12 0
Max_H0_P13 0
Max_H0_P14 0
Max_H0_P15 0
Max_H0_P16 -1.70245e-11
Max_H0_P17 -1.64491e-11
Max_H0_P18 -1.70245e-11
Max_H0_P19 3.05889e-11
Max_H0_P20 -5.66711e-12
Max_H0_P21 -3.33337e-11
Max_H0_P22 -1.29319e-11
Max_H0_P23 0
Max_H0_P24 -4.82487e-11
Max_H0_P25 9.09495e-13
Max_H0_P26 0
Max_H0_P27 0
Max_H0_P28 5.40292e-12
Max_H0_P29 -2.43183e-11
Max_H0_P30 1.31459e-11
Max_H0_P31 3.01204e-13
Max_H0_P32 -2.67788e-11
Max_H0_P33 0
Max_H0_P34 7.70051e-13
Max_H0_P35 -2.5473e-11
Max_H0_P36 0
Max_H0_P37 0
Max_H0_P38 0
Max_H0_P39 4.09628e-12
Max_H0_P40 1.08375e-12
Max_H0_P41 2.72147e-11
Max_H0_P42 -9.28422e-13
Max_H0_P43 -2.27501e-11
Max_H0_P44 0
Max_H0_P45 0
Max_H0_P46 0
Max_H0_P47 0
Max_H0_P48 0
Max_H0_P49 0
Max_H0_P50 0
Max_H0_P51 0
Max_H0_P52 0
Max_H0_P53 0
Max_H0_P54 0
Max_H0_P55 0
Max_H0_P56 0
Max_H0_P57 0
Max_H0_P58 0
Max_H0_P59 0
Max_H0_P60 0
Max_H0_P61 0
Max_H0_P62 0
Max_H0_P63 0
Max_H0_P64 0
Max_H0_P65 0
Max_H0_P66 0
Max_H0_P67 0
Max_H0_P68 0
Max_H0_P69 0
Max_H0_P70 0
Max_H0_P71 0
Max_H0_P72 0
Max_H0_P73 0
Max_H0_P74 0
Max_H0_P75 0
Max_H0_P76 0
Max_H0_P77 0
Max_H0_P78 -4.34852e-12
Max_H0_P79 0
Max_H0_P80 0
Max_H0_P81 0
Max_H1_P0 0
Max_H1_P1 0
Max_H1_P2 0
Max_H1_P3 0
Max_H1_P4 0
Max_H1_P5 4.25189e-11
Max_H1_P6 0
Max_H1_P7 0
Max_H1_P8 0
Max_H1_P9 0
Max_H1_P10 0
Max_H1_P11 0
Max_H1_P12 0
Max_H1_P13 0
Max_H1_P14 0
Max_H1_P15 -5.65592e-12
Max_H1_P16 5.64405e-12
Max_H1_P17 0
Max_H1_P18 3.55296e-12
Max_H1_P19 2.03121e-11
Max_H1_P20 1.44465e-11
Max_H1_P21 -1.33612e-11
Max_H1_P22 -2.1246e-11
Max_H1_P23 -5.41078e-12
Max_H1_P24 -1.32623e-11
Max_H1_P25 0
Max_H1_P26 -2.43909e-11
Max_H1_P27 -1.87112e-11
Max_H1_P28 9.63223e-12
Max_H1_P29 -3.19929e-11
Max_H1_P30 0
Max_H1_P31 2.3281e-11
Max_H1_P32 -6.39755e-12
Max_H1_P33 -1.22479e-11
Max_H1_P34 0
Max_H1_P35 7.77924e-12
Max_H1_P36 -4.55042e-12
Max_H1_P37 -2.18038e-11
Max_H1_P38 -3.31533e-11
Max_H1_P39 2.93654e-11
Max_H1_P40 0
Max_H1_P41 0
Max_H1_P42 -1.49893e-11
Max_H1_P43 -2.52243e-13
Max_H1_P44 0
Max_H1_P45 0
Max_H1_P46 0
Max_H1_P47 0
Max_H1_P48 0
Max_H1_P49 0
Max_H1_P50 0
Max_H1_P51 0
Max_H1_P52 0
Max_H1_P53 0
Max_H1_P54 0
Max_H1_P55 0
Max_H1_P56 0
Max_H1_P57 0
Max_H1_P58 0
Max_H1_P59 0
Max_H1_P60 0
Max_H1_P61 0
Max_H1_P62 3.98503e-11
Max_H1_P63 0
Max_H1_P64 0
Max_H1_P65 0
Max_H1_P66 0
Max_H1_P67 0
Max_H1_P68 0
Max_H1_P69 0
Max_H1_P70 0
Max_H1_P71 0
Max_H1_P72 0
Max_H1_P73 0
Max_H1_P74 0
Max_H1_P75 0
Max_H1_P76 0
Max_H1_P77 2.13589e-11
Max_H1_P78 0
Max_H1_P79 0
Max_H1_P80 0
Max_H1_P81 0
