Cover_T0 52
Cover_T1 -52
Cover_T2 52
Cover_T3 -52
Cover_T4 52
Cover_T5 -52
Cover_T6 52
Cover_T7 -52
Cover_T8 52
Cover_T9 -52
Cover_T10 52
Cover_T11 -52
Cover_T12 52
Cover_T13 -52
Cover_T14 52
Cover_T15 -52
Cover_T16 52
Cover_T17 -52
Cover_T18 52
Cover_T19 -52
Cover_T20 52
Cover_T21 -52
Cover_T22 52
Cover_T23 -52
Cover_T24 54
Cover_T25 -52
Cover_T26 58
Cover_T27 -44
Cover_T28 58
Cover_T29 -44
Cover_T30 58
Cover_T31 -42
Cover_T32 62
Cover_T33 -32
Cover_T34 82
Cover_T35 -4
Cover_T36 66
Cover_T37 -20
Cover_T38 62
Cover_T39 14
Cover_T40 64
Cover_T41 24
Cover_T42 50
Cover_T43 56
Cover_T44 64
Cover_T45 64
Cover_T46 64
Cover_T47 52
Cover_T48 14
Cover_T49 68
Cover_T50 14
Cover_T51 942
Cover_T52 64
Cover_T53 930
Cover_T54 882
Cover_T55 900
Cover_T56 932
Cover_T57 914
Cover_T58 946
Cover_T59 916
Cover_T60 918
Cover_T61 938
Cover_T62 44
Cover_T63 874
Cover_T64 44
Cover_T65 2
Cover_T66 16
Cover_T67 -40
Cover_T68 12
Cover_T69 -44
Cover_T70 2
Cover_T71 -28
Cover_T72 8
Cover_T73 -12
Cover_T74 2
Cover_T75 4
Cover_T76 2
Cover_T77 8
Cover_T78 2
Cover_T79 12
Cover_T80 0
Cover_T81 2
Cover_T82 -2.95322e-10
Cover_T83 8
Cover_T84 2
Cover_T85 8
Cover_T86 48
Cover_T87 8
Cover_T88 32
Cover_T89 10
Cover_T90 16
Cover_T91 10
Cover_T92 48
Cover_T93 8
Cover_T94 32
Cover_T95 -34
Cover_T96 8
Cover_T97 -10
Cover_T98 2
Cover_T99 -34
Cover_T100 -10
Cover_T101 -10
Cover_T102 -34
Cover_T103 2
Cover_T104 8
Cover_T105 4
Cover_T106 10
Cover_T107 20
Cover_T108 -6
Cover_T109 36
Cover_T110 4
Cover_T111 52
Cover_T112 10
Cover_T113 2
Cover_T114 -6
Cover_T115 -1.10756e-11
Cover_T116 10
Cover_T117 16
Cover_T118 52
Cover_T119 6
Cover_T120 36
Cover_T121 0
Cover_T122 20
Cover_T123 16
Cover_T124 4
Cover_T125 -1.07402e-10
Cover_T126 -10
Cover_T127 -42
Cover_T128 -26
Cover_T129 -26
Cover_T130 -42
Cover_T131 -10
Cover_T132 -10
Cover_T133 6
Cover_T134 -26
Cover_T135 20
Cover_T136 -42
Cover_T137 36
Cover_T138 2
Cover_T139 52
Cover_T140 2
Cover_T141 20
Cover_T142 2
Cover_T143 36
Cover_T144 2
Cover_T145 52
Cover_T146 2
Cover_T147 8
Cover_T148 2
Cover_T149 8
Cover_T150 2
Cover_T151 8
Cover_T152 2
Cover_T153 8
Cover_T154 -10
Cover_T155 8
Cover_T156 -26
Cover_T157 8
Cover_T158 -42
Cover_T159 8
Cover_T160 -10
Cover_T161 8
Cover_T162 -26
Cover_T163 20
Cover_T164 -42
Cover_T165 38
Cover_T166 18
Cover_T167 54
Cover_T168 2
Cover_T169 20
Cover_T170 2
Cover_T171 46
Cover_T172 -4.63042e-10
Cover_T173 64
Cover_T174 -16
Cover_T175 12
Cover_T176 2
Cover_T177 28
Cover_T178 48
Cover_T179 40
Cover_T180 40
Cover_T181 32
Cover_T182 22
Cover_T183 44
Cover_T184 16
Cover_T185 70
Cover_T186 40
Cover_T187 50
Cover_T188 40
Cover_T189 -2
Cover_T190 16
Cover_T191 0
Cover_T192 22
Cover_T193 16
Cover_T194 14
Cover_T195 14
Cover_T196 16
Cover_T197 1.24046e-09
Cover_T198 14
Cover_T199 -4
Cover_T200 2
Cover_T201 0
Cover_T202 0
Cover_T203 10
Cover_T204 -26
Cover_T205 -1.92802e-09
Cover_T206 -40
Cover_T207 4
Cover_T208 -8
Cover_T209 10
Cover_T210 -24
Cover_T211 28
Cover_T212 -50
Cover_T213 44
Cover_T214 2.26201e-10
Cover_T215 60
Cover_T216 3.87246e-10
Cover_T217 34
Cover_T218 6
Cover_T219 48
Cover_T220 2.16639e-10
Cover_T221 60
Cover_T222 1.72236e-11
Cover_T223 66
Cover_T224 0
Cover_T225 24
Cover_T226 -2
Cover_T227 24
Cover_T228 -8
Cover_T229 18
Cover_T230 -10
Cover_T231 16
Cover_T232 -10
Cover_T233 18
Cover_T234 -4
Cover_T235 22
Cover_T236 -20
Cover_T237 20
Cover_T238 -16
Cover_T239 18
Cover_T240 -26
Cover_T241 58
Cover_T242 -18
Cover_T243 34
Cover_T244 -18
Cover_T245 52
Cover_T246 -18
Cover_T247 42
Cover_T248 -18
Cover_T249 58
Cover_T250 -32
Cover_T251 38
Cover_T252 -30
Cover_T253 40
Cover_T254 -22
Cover_T255 40
Cover_T256 -42
Cover_T257 44
Cover_T258 -26
Cover_T259 52
Cover_T260 -32
Cover_T261 52
Cover_T262 -28
Cover_T263 40
Cover_T264 -30
Cover_T265 46
Cover_T266 -36
Cover_T267 66
Cover_T268 -32
Cover_T269 56
Cover_T270 -36
Cover_T271 46
Cover_T272 -34
Cover_T273 66
Cover_T274 -38
Cover_T275 66
Cover_T276 -38
Cover_T277 62
Cover_T278 -48
Cover_T279 54
Cover_T280 -44
Cover_T281 52
Cover_T282 -52
Cover_T283 52
Cover_T284 -52
Cover_T285 52
Cover_T286 -52
Cover_T287 52
Cover_T288 -52
Cover_T289 52
Cover_T290 -42
Cover_T291 58
Cover_T292 -44
Cover_T293 58
Cover_T294 -42
Cover_T295 62
Cover_T296 -32
Cover_T297 80
Cover_T298 -4
Cover_T299 64
Cover_T300 -20
Cover_T301 58
Cover_T302 10
Cover_T303 50
Cover_T304 0
Cover_T305 18
Cover_T306 68
Cover_T307 76
Cover_T308 64
Cover_T309 26
Cover_T310 46
Cover_T311 26
Cover_T312 46
Cover_T313 0
Cover_T314 942
Cover_T315 8
Cover_T316 884
Cover_T317 0
Cover_T318 912
Cover_T319 944
Cover_T320 924
Cover_T321 910
Cover_T322 928
Cover_T323 56
Cover_T324 872
Cover_T325 56
Cover_T326 0
Cover_T327 28
Cover_T328 -42
Cover_T329 12
Cover_T330 -46
Cover_T331 2
Cover_T332 -30
Cover_T333 0
Cover_T334 -14
Cover_T335 6
Cover_T336 2
Cover_T337 1.26512e-10
Cover_T338 6
Cover_T339 1.11129e-10
Cover_T340 10
Cover_T341 0
Cover_T342 -3.87203e-10
Cover_T343 -2
Cover_T344 6
Cover_T345 -2
Cover_T346 6
Cover_T347 6.69615e-11
Cover_T348 6
Cover_T349 46
Cover_T350 8
Cover_T351 30
Cover_T352 8
Cover_T353 14
Cover_T354 6
Cover_T355 46
Cover_T356 -40
Cover_T357 30
Cover_T358 -24
Cover_T359 14
Cover_T360 -8
Cover_T361 -4.69825e-11
Cover_T362 -40
Cover_T363 7.0159e-11
Cover_T364 -24
Cover_T365 -4
Cover_T366 -8
Cover_T367 -20
Cover_T368 6
Cover_T369 -36
Cover_T370 6
Cover_T371 10
Cover_T372 18
Cover_T373 4
Cover_T374 42
Cover_T375 6
Cover_T376 0
Cover_T377 4
Cover_T378 6
Cover_T379 12
Cover_T380 4
Cover_T381 50
Cover_T382 -2
Cover_T383 34
Cover_T384 14
Cover_T385 18
Cover_T386 -2
Cover_T387 2
Cover_T388 -44
Cover_T389 -12
Cover_T390 -28
Cover_T391 -28
Cover_T392 -12
Cover_T393 -44
Cover_T394 4
Cover_T395 -12
Cover_T396 18
Cover_T397 -28
Cover_T398 34
Cover_T399 -44
Cover_T400 50
Cover_T401 -9.69749e-11
Cover_T402 18
Cover_T403 0
Cover_T404 34
Cover_T405 5.24596e-11
Cover_T406 50
Cover_T407 1.01181e-11
Cover_T408 6
Cover_T409 -1.38821e-11
Cover_T410 6
Cover_T411 8.20464e-11
Cover_T412 6
Cover_T413 -7.39298e-11
Cover_T414 6
Cover_T415 1.70934e-09
Cover_T416 6
Cover_T417 -12
Cover_T418 6
Cover_T419 -28
Cover_T420 6
Cover_T421 -44
Cover_T422 6
Cover_T423 -12
Cover_T424 18
Cover_T425 -28
Cover_T426 34
Cover_T427 -44
Cover_T428 52
Cover_T429 16
Cover_T430 20
Cover_T431 0
Cover_T432 44
Cover_T433 0
Cover_T434 58
Cover_T435 -2
Cover_T436 0
Cover_T437 -18
Cover_T438 24
Cover_T439 -4
Cover_T440 24
Cover_T441 46
Cover_T442 38
Cover_T443 34
Cover_T444 56
Cover_T445 28
Cover_T446 48
Cover_T447 38
Cover_T448 -2
Cover_T449 24
Cover_T450 4
Cover_T451 16
Cover_T452 0
Cover_T453 0
Cover_T454 0
Cover_T455 14
Cover_T456 0
Cover_T457 6
Cover_T458 0
Cover_T459 0
Cover_T460 12
Cover_T461 -18
Cover_T462 10
Cover_T463 -36
Cover_T464 8
Cover_T465 -2
Cover_T466 20
Cover_T467 -22
Cover_T468 36
Cover_T469 -40
Cover_T470 50
Cover_T471 4
Cover_T472 22
Cover_T473 3.44882e-10
Cover_T474 46
Cover_T475 -2
Cover_T476 60
Cover_T477 -3.41034e-11
Cover_T478 12
Cover_T479 -2
Cover_T480 24
Cover_T481 -8
Cover_T482 22
Cover_T483 -4
Cover_T484 14
Cover_T485 -6
Cover_T486 14
Cover_T487 -14
Cover_T488 20
Cover_T489 -14
Cover_T490 18
Cover_T491 -14
Cover_T492 18
Cover_T493 -18
Cover_T494 18
Cover_T495 -30
Cover_T496 20
Cover_T497 -42
Cover_T498 24
Cover_T499 -16
Cover_T500 24
Cover_T501 -26
Cover_T502 26
Cover_T503 -38
Cover_T504 40
Cover_T505 -24
Cover_T506 54
Cover_T507 -44
Cover_T508 36
Cover_T509 -24
Cover_T510 52
Cover_T511 -24
Cover_T512 42
Cover_T513 -24
Cover_T514 60
Cover_T515 -20
Cover_T516 38
Cover_T517 -20
Cover_T518 38
Cover_T519 -34
Cover_T520 42
Cover_T521 -26
Cover_T522 30
Cover_T523 -38
Cover_T524 46
Cover_T525 -26
Cover_T526 38
Cover_T527 -28
Cover_T528 54
Cover_T529 -28
Cover_T530 36
Cover_T531 -28
Cover_T532 50
Cover_T533 -40
Cover_T534 42
Cover_T535 -28
Cover_T536 32
Cover_T537 -30
Cover_T538 40
Cover_T539 -30
Cover_T540 42
Cover_T541 -52
Cover_T542 38
Cover_T543 -40
Cover_T544 52
Cover_T545 -46
Cover_T546 52
Cover_T547 -40
Cover_T548 64
Cover_T549 -44
Cover_T550 56
Cover_T551 60
Cover_T552 -32
Cover_T553 84
Cover_T554 2.16389e-10
Cover_T555 72
Cover_T556 -12
Cover_T557 60
Cover_T558 -24
Cover_T559 60
Cover_T560 14
Cover_T561 62
Cover_T562 -2
Cover_T563 44
Cover_T564 16
Cover_T565 54
Cover_T566 72
Cover_T567 88
Cover_T568 44
Cover_T569 44
Cover_T570 44
Cover_T571 44
Cover_T572 78
Cover_T573 44
Cover_T574 940
Cover_T575 70
Cover_T576 922
Cover_T577 930
Cover_T578 938
Cover_T579 920
Cover_T580 896
Cover_T581 926
Cover_T582 908
Cover_T583 932
Cover_T584 918
Cover_T585 932
Cover_T586 932
Cover_T587 24
Cover_T588 868
Cover_T589 24
Cover_T590 880
Cover_T591 8
Cover_T592 -48
Cover_T593 4
Cover_T594 -46
Cover_T595 14
Cover_T596 -36
Cover_T597 6
Cover_T598 -20
Cover_T599 6
Cover_T600 -4
Cover_T601 6
Cover_T602 0
Cover_T603 4
Cover_T604 4
Cover_T605 4
Cover_T606 -6
Cover_T607 6
Cover_T608 0
Cover_T609 52
Cover_T610 0
Cover_T611 36
Cover_T612 -4.64261e-11
Cover_T613 20
Cover_T614 2
Cover_T615 52
Cover_T616 2
Cover_T617 36
Cover_T618 0
Cover_T619 20
Cover_T620 -46
Cover_T621 6
Cover_T622 -30
Cover_T623 0
Cover_T624 -14
Cover_T625 2
Cover_T626 -46
Cover_T627 -14
Cover_T628 -30
Cover_T629 -30
Cover_T630 -14
Cover_T631 -46
Cover_T632 0
Cover_T633 4
Cover_T634 0
Cover_T635 6
Cover_T636 4
Cover_T637 -10
Cover_T638 20
Cover_T639 0
Cover_T640 36
Cover_T641 6
Cover_T642 52
Cover_T643 -10
Cover_T644 2
Cover_T645 6
Cover_T646 0
Cover_T647 48
Cover_T648 16
Cover_T649 32
Cover_T650 6
Cover_T651 12
Cover_T652 8
Cover_T653 -10
Cover_T654 0
Cover_T655 -34
Cover_T656 -34
Cover_T657 -10
Cover_T658 -10
Cover_T659 -34
Cover_T660 12
Cover_T661 6
Cover_T662 28
Cover_T663 6
Cover_T664 44
Cover_T665 6
Cover_T666 12
Cover_T667 6
Cover_T668 28
Cover_T669 6
Cover_T670 44
Cover_T671 6
Cover_T672 0
Cover_T673 6
Cover_T674 -7.64208e-11
Cover_T675 6
Cover_T676 0
Cover_T677 -6
Cover_T678 0
Cover_T679 -22
Cover_T680 0
Cover_T681 -38
Cover_T682 0
Cover_T683 -6
Cover_T684 0
Cover_T685 -22
Cover_T686 0
Cover_T687 -38
Cover_T688 12
Cover_T689 22
Cover_T690 30
Cover_T691 8
Cover_T692 40
Cover_T693 -4
Cover_T694 60
Cover_T695 5.62181e-11
Cover_T696 26
Cover_T697 2
Cover_T698 44
Cover_T699 -10
Cover_T700 44
Cover_T701 -22
Cover_T702 68
Cover_T703 0
Cover_T704 8
Cover_T705 52
Cover_T706 32
Cover_T707 42
Cover_T708 36
Cover_T709 34
Cover_T710 38
Cover_T711 36
Cover_T712 50
Cover_T713 46
Cover_T714 64
Cover_T715 36
Cover_T716 50
Cover_T717 36
Cover_T718 0
Cover_T719 12
Cover_T720 16
Cover_T721 22
Cover_T722 14
Cover_T723 8
Cover_T724 4
Cover_T725 6
Cover_T726 0
Cover_T727 -14
Cover_T728 12
Cover_T729 -30
Cover_T730 24
Cover_T731 -4
Cover_T732 2.75379e-10
Cover_T733 -20
Cover_T734 18
Cover_T735 -36
Cover_T736 24
Cover_T737 4
Cover_T738 38
Cover_T739 4.12237e-10
Cover_T740 62
Cover_T741 2
Cover_T742 28
Cover_T743 3.60219e-10
Cover_T744 40
Cover_T745 4
Cover_T746 46
Cover_T747 0
Cover_T748 66
Cover_T749 -2
Cover_T750 18
Cover_T751 -2
Cover_T752 18
Cover_T753 -2
Cover_T754 30
Cover_T755 -4
Cover_T756 24
Cover_T757 -6
Cover_T758 18
Cover_T759 -8
Cover_T760 16
Cover_T761 -14
Cover_T762 20
Cover_T763 -28
Cover_T764 18
Cover_T765 -44
Cover_T766 20
Cover_T767 -20
Cover_T768 22
Cover_T769 -36
Cover_T770 28
Cover_T771 -26
Cover_T772 24
Cover_T773 -42
Cover_T774 44
Cover_T775 -22
Cover_T776 60
Cover_T777 -26
Cover_T778 36
Cover_T779 -26
Cover_T780 56
Cover_T781 -20
Cover_T782 46
Cover_T783 -20
Cover_T784 62
Cover_T785 -36
Cover_T786 44
Cover_T787 -24
Cover_T788 46
Cover_T789 -20
Cover_T790 46
Cover_T791 -26
Cover_T792 34
Cover_T793 -32
Cover_T794 60
Cover_T795 -28
Cover_T796 56
Cover_T797 -30
Cover_T798 46
Cover_T799 -40
Cover_T800 46
Cover_T801 -40
Cover_T802 72
Cover_T803 -32
Cover_T804 48
Cover_T805 -34
Cover_T806 54
Cover_T807 -34
Cover_T808 70
Cover_T809 -38
Cover_T810 70
Cover_T811 -38
Cover_T812 66
Cover_T813 -44
Cover_T814 58
Cover_T815 -44
Cover_T816 58
Cover_T817 -2
Cover_T818 68
Cover_T819 8
Cover_T820 74
Cover_T821 34
Cover_T822 108
Cover_T823 14
Cover_T824 92
Cover_T825 0
Cover_T826 148
Cover_T827 0
Cover_T828 122
Cover_T829 54
Cover_T830 78
Cover_T831 4
Cover_T832 154
Cover_T833 38
Cover_T834 942
Cover_T835 838
Cover_T836 932
Cover_T837 866
Cover_T838 922
Cover_T839 882
Cover_T840 940
Cover_T841 822
Cover_T842 922
Cover_T843 0
Cover_T844 48
Cover_T845 0
Cover_T846 52
Cover_T847 -28
Cover_T848 52
Cover_T849 54
Cover_T850 8
Cover_T851 54
Cover_T852 -28
Cover_T853 74
Cover_T854 54
Cover_T855 40
Cover_T856 36
Cover_T857 58
Cover_T858 38
Cover_T859 84
Cover_T860 16
Cover_T861 80
Cover_T862 0
Cover_T863 0
Cover_T864 38
Cover_T865 0
Cover_T866 68
Cover_T867 0
Cover_T868 42
Cover_T869 16
Cover_T870 30
Cover_T871 32
Cover_T872 20
Cover_T873 0
Cover_T874 32
Cover_T875 -26
Cover_T876 10
Cover_T877 0
Cover_T878 58
Cover_T879 16
Cover_T880 30
Cover_T881 26
Cover_T882 46
Cover_T883 26
Count_D0 -984
Count_D1 -1000
Max_H0_P0 0
Max_H0_P1 0
Max_H0_P2 0
Max_H0_P3 2.10321e-12
Max_H0_P4 0
Max_H0_P5 1.13579e-11
Max_H0_P6 -7.12461e-11
Max_H0_P7 0
Max_H0_P8 0
Max_H0_P9 0
Max_H0_P10 0
Max_H0_P11 0
Max_H0_P12 0
Max_H0_P13 0
Max_H0_P14 0
Max_H0_P15 0
Max_H0_P16 -5.27143e-11
Max_H0_P17 -2.70406e-12
Max_H0_P18 -5.40233e-11
Max_H0_P19 -6.78639e-11
Max_H0_P20 -7.12563e-11
Max_H0_P21 -9.5488e-12
Max_H0_P22 8.40637e-12
Max_H0_P23 1.26992e-11
Max_H0_P24 1.33262e-11
Max_H0_P25 -1.51802e-11
Max_H0_P26 3.10067e-11
Max_H0_P27 1.39438e-11
Max_H0_P28 -5.00805e-11
Max_H0_P29 -3.27172e-11
Max_H0_P30 -1.54756e-11
Max_H0_P31 -1.62317e-11
Max_H0_P32 -2.04537e-11
Max_H0_P33 4.50956e-11
Max_H0_P34 -6.90648e-12
Max_H0_P35 -1.94139e-11
Max_H0_P36 7.5004e-12
Max_H0_P37 7.30018e-12
Max_H0_P38 -4.7562e-11
Max_H0_P39 1.749e-11
Max_H0_P40 -2.94396e-11
Max_H0_P41 1.39337e-11
Max_H0_P42 0
Max_H0_P43 0
Max_H0_P44 0
Max_H0_P45 0
Max_H0_P46 0
Max_H0_P47 0
Max_H0_P48 0
Max_H0_P49 0
Max_H0_P50 0
Max_H0_P51 0
Max_H0_P52 0
Max_H0_P53 0
Max_H0_P54 0
Max_H0_P55 0
Max_H0_P56 0
Max_H0_P57 0
Max_H0_P58 0
Max_H0_P59 0
Max_H0_P60 6.02162e-11
Max_H0_P61 0
Max_H0_P62 0
Max_H0_P63 0
Max_H0_P64 0
Max_H0_P65 0
Max_H0_P66 0
Max_H0_P67 0
Max_H0_P68 0
Max_H0_P69 0
Max_H0_P70 0
Max_H0_P71 0
Max_H0_P72 0
Max_H0_P73 0
Max_H0_P74 0
Max_H0_P75 0
Max_H0_P76 0
Max_H0_P77 -7.24487e-12
Max_H0_P78 0
Max_H0_P79 0
Max_H0_P80 0
Max_H0_P81 0
Max_H1_P0 0
Max_H1_P1 0
Max_H1_P2 0
Max_H1_P3 0
Max_H1_P4 -2.1534e-11
Max_H1_P5 -4.18304e-11
Max_H1_P6 -1.68092e-11
Max_H1_P7 0
Max_H1_P8 0
Max_H1_P9 0
Max_H1_P10 0
Max_H1_P11 0
Max_H1_P12 0
Max_H1_P13 0
Max_H1_P14 0
Max_H1_P15 -9.27047e-11
Max_H1_P16 -6.92402e-11
Max_H1_P17 4.28244e-11
Max_H1_P18 -3.46127e-11
Max_H1_P19 -7.84794e-12
Max_H1_P20 -1.18483e-12
Max_H1_P21 0
Max_H1_P22 -3.05121e-11
Max_H1_P23 -8.49454e-12
Max_H1_P24 4.18316e-11
Max_H1_P25 -1.97068e-11
Max_H1_P26 5.38494e-11
Max_H1_P27 3.1374e-11
Max_H1_P28 -1.95165e-11
Max_H1_P29 -1.39464e-11
Max_H1_P30 -3.26254e-11
Max_H1_P31 -3.1946e-11
Max_H1_P32 1.53684e-11
Max_H1_P33 2.54303e-11
Max_H1_P34 8.31779e-12
Max_H1_P35 -4.02618e-11
Max_H1_P36 3.7268e-12
Max_H1_P37 -2.70006e-12
Max_H1_P38 3.5385e-12
Max_H1_P39 5.58057e-12
Max_H1_P40 -3.43198e-11
Max_H1_P41 3.30402e-11
Max_H1_P42 -5.06883e-12
Max_H1_P43 0
Max_H1_P44 -3.64712e-10
Max_H1_P45 -1.55922e-11
Max_H1_P46 0
Max_H1_P47 0
Max_H1_P48 0
Max_H1_P49 0
Max_H1_P50 0
Max_H1_P51 0
Max_H1_P52 4.26326e-12
Max_H1_P53 0
Max_H1_P54 0
Max_H1_P55 1.60353e-10
Max_H1_P56 0
Max_H1_P57 0
Max_H1_P58 0
Max_H1_P59 0
Max_H1_P60 0
Max_H1_P61 -3.83311e-11
Max_H1_P62 6.12297e-11
Max_H1_P63 0
Max_H1_P64 0
Max_H1_P65 0
Max_H1_P66 -6.00042e-12
Max_H1_P67 7.1509e-11
Max_H1_P68 0
Max_H1_P69 0
Max_H1_P70 -9.33937e-11
Max_H1_P71 0
Max_H1_P72 0
Max_H1_P73 0
Max_H1_P74 0
Max_H1_P75 0
Max_H1_P76 -1.58198e-10
Max_H1_P77 1.4079e-10
Max_H1_P78 0
Max_H1_P79 0
Max_H1_P80 0
Max_H1_P81 0
