
Branch and bound

  Entire solving process        :                           (Time   1306.9)
  No feasible solution was found
  Best relaxation cost          :     47776.79 (Node     0) (Time   1306.9)
  Lower bound after cuts        :     47776.79
  End lower bound               :     47776.79
  Deepest level reached         : 0
  Deepest real level reached    : 0
  Number of real nodes solved   : 1
  Stopping condition            : enough nodes explored

Problem identification

  Problem                       : <null>
  Machine                       : oslo3.gerad.lan

Solving process summary

  Linear relaxations            :        1
  Column generation iterations  :      295
  Shortest paths solved         :     7583
  Columns generated             :    73509

Instance characteristics

  Resources                     : 3
  Node types                    : no
  Arc types                     : no
  Strong resource windows       : no
  Weak resource windows         : no
  Resource windows (nodes)      : 3
  Resource values (arcs)        : 3
  Values on nodes               : no

  Rows                          : 1050
  Initial columns               : 393
  Tasks                         : 888
  Strong tasks                  : 646
  Weak tasks                    : 4
  Initial task constraints      : no
  Nodes                         : 1216
  Arc sets                      : 1
  Arcs                          : 35207
  Networks                      : 2
  Models                        : 1

Memory used per module (Megs)

  Parser (reused)               :      7.394
  Networks                      :     34.510
  Column generator              :     21.553
  Master problem                :     10.804
  -----------------
  Total                         :     66.867

Cpu time per module (seconds)

  Parser                        :        0.0
  Preprocessor                  :        0.0
  Lr solver manager             :        0.2
  Column generator              :      275.6
    (Shortest path)             :      261.0
  Master problem                :     1031.1
  -------------------
  Total (without b&b)           :     1306.9

Real elapsed time (seconds)

  Parser                        :        0.0
  Preprocessor                  :        0.0
  Lr solver manager             :        0.2
  Column generator              :      275.7
    (Shortest path)             :      261.8
  Master problem                :     1031.1
  -------------------
  Total (without b&b)           :     1306.9
