
Branch and bound

  Entire solving process        :                           (Time     92.9)
  No feasible solution was found
  Best relaxation cost          :     49340.93 (Node     0) (Time     92.9)
  Lower bound after cuts        :     49340.93
  End lower bound               :     49340.93
  Deepest level reached         : 0
  Deepest real level reached    : 0
  Number of real nodes solved   : 1
  Stopping condition            : enough nodes explored

Problem identification

  Problem                       : <null>
  Machine                       : oslo5.gerad.lan

Solving process summary

  Linear relaxations            :        1
  Column generation iterations  :      124
  Shortest paths solved         :     3175
  Columns generated             :    30527

Instance characteristics

  Resources                     : 3
  Node types                    : no
  Arc types                     : no
  Strong resource windows       : no
  Weak resource windows         : no
  Resource windows (nodes)      : 3
  Resource values (arcs)        : 3
  Values on nodes               : no

  Rows                          : 847
  Initial columns               : 2
  Tasks                         : 685
  Strong tasks                  : 681
  Weak tasks                    : 4
  Initial task constraints      : no
  Nodes                         : 1013
  Arc sets                      : 1
  Arcs                          : 22956
  Networks                      : 2
  Models                        : 1

Memory used per module (Megs)

  Parser (reused)               :      4.972
  Networks                      :     24.096
  Column generator              :      4.359
  Master problem                :      8.264
  -----------------
  Total                         :     36.719

Cpu time per module (seconds)

  Parser                        :        0.0
  Preprocessor                  :        0.0
  Lr solver manager             :        0.1
  Column generator              :       18.2
    (Shortest path)             :       15.8
  Master problem                :       74.5
  -------------------
  Total (without b&b)           :       92.9

Real elapsed time (seconds)

  Parser                        :        0.0
  Preprocessor                  :        0.0
  Lr solver manager             :        0.1
  Column generator              :       18.2
    (Shortest path)             :       15.7
  Master problem                :       74.5
  -------------------
  Total (without b&b)           :       92.9
