
Branch and bound

  Entire solving process        :                           (Time    545.2)
  No feasible solution was found
  Best relaxation cost          :     64633.77 (Node     0) (Time    538.7)
  Lower bound after cuts        :     64633.77
  End lower bound               :     64636.77
  Deepest level reached         : 0
  Deepest real level reached    : 0
  Number of real nodes solved   : 1
  Stopping condition            : enough nodes explored

Problem identification

  Problem                       : <null>
  Machine                       : oslo4.gerad.lan

Solving process summary

  Linear relaxations            :        1
  Column generation iterations  :      150
  Shortest paths solved         :     8071
  Columns generated             :    68415

Instance characteristics

  Resources                     : 3
  Node types                    : no
  Arc types                     : no
  Strong resource windows       : no
  Weak resource windows         : no
  Resource windows (nodes)      : 3
  Resource values (arcs)        : 3
  Values on nodes               : no

  Rows                          : 1184
  Initial columns               : 529
  Tasks                         : 1022
  Strong tasks                  : 717
  Weak tasks                    : 4
  Initial task constraints      : no
  Nodes                         : 1350
  Arc sets                      : 1
  Arcs                          : 45301
  Networks                      : 2
  Models                        : 1

Memory used per module (Megs)

  Parser (reused)               :      9.331
  Networks                      :     38.505
  Column generator              :     13.441
  Master problem                :     11.764
  -----------------
  Total                         :     63.710

Cpu time per module (seconds)

  Parser                        :        0.0
  Preprocessor                  :        0.0
  Lr solver manager             :        0.0
  Column generator              :      155.3
    (Shortest path)             :      137.3
  Master problem                :      389.6
  -------------------
  Total (without b&b)           :      545.0

Real elapsed time (seconds)

  Parser                        :        0.0
  Preprocessor                  :        0.0
  Lr solver manager             :        0.0
  Column generator              :      155.4
    (Shortest path)             :      137.0
  Master problem                :      389.6
  -------------------
  Total (without b&b)           :      545.1
