
Branch and bound

  Entire solving process        :                           (Time     67.3)
  No feasible solution was found
  Best relaxation cost          :     51368.51 (Node     0) (Time     67.3)
  Lower bound after cuts        :     51368.51
  End lower bound               :     51368.51
  Deepest level reached         : 0
  Deepest real level reached    : 0
  Number of real nodes solved   : 1
  Stopping condition            : enough nodes explored

Problem identification

  Problem                       : <null>
  Machine                       : oslo2.gerad.lan

Solving process summary

  Linear relaxations            :        1
  Column generation iterations  :      104
  Shortest paths solved         :     7118
  Columns generated             :    41682

Instance characteristics

  Resources                     : 3
  Node types                    : no
  Arc types                     : no
  Strong resource windows       : no
  Weak resource windows         : no
  Resource windows (nodes)      : 3
  Resource values (arcs)        : 3
  Values on nodes               : no

  Rows                          : 816
  Initial columns               : 384
  Tasks                         : 654
  Strong tasks                  : 426
  Weak tasks                    : 4
  Initial task constraints      : no
  Nodes                         : 982
  Arc sets                      : 1
  Arcs                          : 21031
  Networks                      : 2
  Models                        : 1

Memory used per module (Megs)

  Parser (reused)               :      4.609
  Networks                      :     25.912
  Column generator              :      4.722
  Master problem                :      8.045
  -----------------
  Total                         :     38.679

Cpu time per module (seconds)

  Parser                        :        0.0
  Preprocessor                  :        0.0
  Lr solver manager             :        0.1
  Column generator              :       25.8
    (Shortest path)             :       21.3
  Master problem                :       41.4
  -------------------
  Total (without b&b)           :       67.3

Real elapsed time (seconds)

  Parser                        :        0.0
  Preprocessor                  :        0.0
  Lr solver manager             :        0.1
  Column generator              :       25.9
    (Shortest path)             :       21.6
  Master problem                :       41.5
  -------------------
  Total (without b&b)           :       67.4
