
Branch and bound

  Entire solving process        :                           (Time    125.5)
  No feasible solution was found
  Best relaxation cost          :     41947.58 (Node     0) (Time    125.5)
  Lower bound after cuts        :     41947.58
  End lower bound               :     41947.58
  Deepest level reached         : 0
  Deepest real level reached    : 0
  Number of real nodes solved   : 1
  Stopping condition            : enough nodes explored

Problem identification

  Problem                       : <null>
  Machine                       : oslo5.gerad.lan

Solving process summary

  Linear relaxations            :        1
  Column generation iterations  :      122
  Shortest paths solved         :     4151
  Columns generated             :    45772

Instance characteristics

  Resources                     : 3
  Node types                    : no
  Arc types                     : no
  Strong resource windows       : no
  Weak resource windows         : no
  Resource windows (nodes)      : 3
  Resource values (arcs)        : 3
  Values on nodes               : no

  Rows                          : 945
  Initial columns               : 382
  Tasks                         : 783
  Strong tasks                  : 573
  Weak tasks                    : 4
  Initial task constraints      : no
  Nodes                         : 1111
  Arc sets                      : 1
  Arcs                          : 27798
  Networks                      : 2
  Models                        : 1

Memory used per module (Megs)

  Parser (reused)               :      5.941
  Networks                      :     29.787
  Column generator              :      8.476
  Master problem                :     10.010
  -----------------
  Total                         :     48.274

Cpu time per module (seconds)

  Parser                        :        0.0
  Preprocessor                  :        0.0
  Lr solver manager             :        0.1
  Column generator              :       45.3
    (Shortest path)             :       41.2
  Master problem                :       80.0
  -------------------
  Total (without b&b)           :      125.5

Real elapsed time (seconds)

  Parser                        :        0.0
  Preprocessor                  :        0.0
  Lr solver manager             :        0.1
  Column generator              :       45.3
    (Shortest path)             :       41.7
  Master problem                :       80.0
  -------------------
  Total (without b&b)           :      125.5
