
Branch and bound

  Entire solving process        :                           (Time    478.3)
  No feasible solution was found
  Best relaxation cost          :     42129.71 (Node     0) (Time    478.3)
  Lower bound after cuts        :     42129.71
  End lower bound               :     42129.71
  Deepest level reached         : 0
  Deepest real level reached    : 0
  Number of real nodes solved   : 1
  Stopping condition            : enough nodes explored

Problem identification

  Problem                       : <null>
  Machine                       : oslo1.gerad.lan

Solving process summary

  Linear relaxations            :        1
  Column generation iterations  :      189
  Shortest paths solved         :     3954
  Columns generated             :    47280

Instance characteristics

  Resources                     : 3
  Node types                    : no
  Arc types                     : no
  Strong resource windows       : no
  Weak resource windows         : no
  Resource windows (nodes)      : 3
  Resource values (arcs)        : 3
  Values on nodes               : no

  Rows                          : 945
  Initial columns               : 2
  Tasks                         : 783
  Strong tasks                  : 779
  Weak tasks                    : 4
  Initial task constraints      : no
  Nodes                         : 1111
  Arc sets                      : 1
  Arcs                          : 27798
  Networks                      : 2
  Models                        : 1

Memory used per module (Megs)

  Parser (reused)               :      5.941
  Networks                      :     28.576
  Column generator              :     17.800
  Master problem                :      9.844
  -----------------
  Total                         :     56.220

Cpu time per module (seconds)

  Parser                        :        0.0
  Preprocessor                  :        0.0
  Lr solver manager             :        0.2
  Column generator              :       76.3
    (Shortest path)             :       66.7
  Master problem                :      401.7
  -------------------
  Total (without b&b)           :      478.2

Real elapsed time (seconds)

  Parser                        :        0.0
  Preprocessor                  :        0.0
  Lr solver manager             :        0.2
  Column generator              :       76.4
    (Shortest path)             :       67.1
  Master problem                :      401.7
  -------------------
  Total (without b&b)           :      478.2
