
Branch and bound

  Entire solving process        :                           (Time    232.0)
  No feasible solution was found
  Best relaxation cost          :     54068.69 (Node     0) (Time    232.0)
  Lower bound after cuts        :     54068.69
  End lower bound               :     54068.69
  Deepest level reached         : 0
  Deepest real level reached    : 0
  Number of real nodes solved   : 1
  Stopping condition            : enough nodes explored

Problem identification

  Problem                       : <null>
  Machine                       : oslo3.gerad.lan

Solving process summary

  Linear relaxations            :        1
  Column generation iterations  :      137
  Shortest paths solved         :     7352
  Columns generated             :    64361

Instance characteristics

  Resources                     : 3
  Node types                    : no
  Arc types                     : no
  Strong resource windows       : no
  Weak resource windows         : no
  Resource windows (nodes)      : 3
  Resource values (arcs)        : 3
  Values on nodes               : no

  Rows                          : 1075
  Initial columns               : 417
  Tasks                         : 913
  Strong tasks                  : 660
  Weak tasks                    : 4
  Initial task constraints      : no
  Nodes                         : 1241
  Arc sets                      : 1
  Arcs                          : 37050
  Networks                      : 2
  Models                        : 1

Memory used per module (Megs)

  Parser (reused)               :      7.757
  Networks                      :     36.084
  Column generator              :     15.136
  Master problem                :     11.220
  -----------------
  Total                         :     62.440

Cpu time per module (seconds)

  Parser                        :        0.0
  Preprocessor                  :        0.0
  Lr solver manager             :        0.1
  Column generator              :      100.2
    (Shortest path)             :       87.4
  Master problem                :      131.6
  -------------------
  Total (without b&b)           :      232.0

Real elapsed time (seconds)

  Parser                        :        0.0
  Preprocessor                  :        0.0
  Lr solver manager             :        0.1
  Column generator              :      100.2
    (Shortest path)             :       87.7
  Master problem                :      131.6
  -------------------
  Total (without b&b)           :      232.0
