
Branch and bound

  Entire solving process        :                           (Time    291.2)
  No feasible solution was found
  Best relaxation cost          :     54264.86 (Node     0) (Time    291.2)
  Lower bound after cuts        :     54264.86
  End lower bound               :     54264.86
  Deepest level reached         : 0
  Deepest real level reached    : 0
  Number of real nodes solved   : 1
  Stopping condition            : enough nodes explored

Problem identification

  Problem                       : <null>
  Machine                       : oslo4.gerad.lan

Solving process summary

  Linear relaxations            :        1
  Column generation iterations  :      145
  Shortest paths solved         :     3967
  Columns generated             :    47651

Instance characteristics

  Resources                     : 3
  Node types                    : no
  Arc types                     : no
  Strong resource windows       : no
  Weak resource windows         : no
  Resource windows (nodes)      : 3
  Resource values (arcs)        : 3
  Values on nodes               : no

  Rows                          : 1075
  Initial columns               : 2
  Tasks                         : 913
  Strong tasks                  : 909
  Weak tasks                    : 4
  Initial task constraints      : no
  Nodes                         : 1241
  Arc sets                      : 1
  Arcs                          : 37050
  Networks                      : 2
  Models                        : 1

Memory used per module (Megs)

  Parser (reused)               :      7.636
  Networks                      :     33.057
  Column generator              :     12.351
  Master problem                :     10.850
  -----------------
  Total                         :     56.257

Cpu time per module (seconds)

  Parser                        :        0.0
  Preprocessor                  :        0.0
  Lr solver manager             :        0.1
  Column generator              :       73.5
    (Shortest path)             :       66.2
  Master problem                :      217.6
  -------------------
  Total (without b&b)           :      291.2

Real elapsed time (seconds)

  Parser                        :        0.0
  Preprocessor                  :        0.0
  Lr solver manager             :        0.1
  Column generator              :       73.6
    (Shortest path)             :       66.0
  Master problem                :      217.5
  -------------------
  Total (without b&b)           :      291.2
