
Branch and bound

  Entire solving process        :                           (Time     47.9)
  No feasible solution was found
  Best relaxation cost          :     35909.07 (Node     0) (Time     47.9)
  Lower bound after cuts        :     35909.07
  End lower bound               :     35909.07
  Deepest level reached         : 0
  Deepest real level reached    : 0
  Number of real nodes solved   : 1
  Stopping condition            : enough nodes explored

Problem identification

  Problem                       : <null>
  Machine                       : oslo1.gerad.lan

Solving process summary

  Linear relaxations            :        1
  Column generation iterations  :      116
  Shortest paths solved         :     4862
  Columns generated             :    30646

Instance characteristics

  Resources                     : 3
  Node types                    : no
  Arc types                     : no
  Strong resource windows       : no
  Weak resource windows         : no
  Resource windows (nodes)      : 3
  Resource values (arcs)        : 3
  Values on nodes               : no

  Rows                          : 690
  Initial columns               : 307
  Tasks                         : 528
  Strong tasks                  : 348
  Weak tasks                    : 4
  Initial task constraints      : no
  Nodes                         : 856
  Arc sets                      : 1
  Arcs                          : 14552
  Networks                      : 2
  Models                        : 1

Memory used per module (Megs)

  Parser (reused)               :      3.277
  Networks                      :     21.674
  Column generator              :      2.543
  Master problem                :      7.115
  -----------------
  Total                         :     31.332

Cpu time per module (seconds)

  Parser                        :        0.0
  Preprocessor                  :        0.0
  Lr solver manager             :        0.1
  Column generator              :       10.4
    (Shortest path)             :        8.6
  Master problem                :       37.4
  -------------------
  Total (without b&b)           :       47.9

Real elapsed time (seconds)

  Parser                        :        0.0
  Preprocessor                  :        0.0
  Lr solver manager             :        0.1
  Column generator              :       10.3
    (Shortest path)             :        8.4
  Master problem                :       37.5
  -------------------
  Total (without b&b)           :       47.9
