
Branch and bound

  Entire solving process        :                           (Time     68.5)
  No feasible solution was found
  Best relaxation cost          :     36428.07 (Node     0) (Time     68.5)
  Lower bound after cuts        :     36428.07
  End lower bound               :     36428.07
  Deepest level reached         : 0
  Deepest real level reached    : 0
  Number of real nodes solved   : 1
  Stopping condition            : enough nodes explored

Problem identification

  Problem                       : <null>
  Machine                       : oslo2.gerad.lan

Solving process summary

  Linear relaxations            :        1
  Column generation iterations  :      156
  Shortest paths solved         :     3028
  Columns generated             :    28701

Instance characteristics

  Resources                     : 3
  Node types                    : no
  Arc types                     : no
  Strong resource windows       : no
  Weak resource windows         : no
  Resource windows (nodes)      : 3
  Resource values (arcs)        : 3
  Values on nodes               : no

  Rows                          : 690
  Initial columns               : 2
  Tasks                         : 528
  Strong tasks                  : 524
  Weak tasks                    : 4
  Initial task constraints      : no
  Nodes                         : 856
  Arc sets                      : 1
  Arcs                          : 14552
  Networks                      : 2
  Models                        : 1

Memory used per module (Megs)

  Parser (reused)               :      3.277
  Networks                      :     19.737
  Column generator              :      3.875
  Master problem                :      6.956
  -----------------
  Total                         :     30.568

Cpu time per module (seconds)

  Parser                        :        0.0
  Preprocessor                  :        0.0
  Lr solver manager             :        0.1
  Column generator              :        9.0
    (Shortest path)             :        8.0
  Master problem                :       59.3
  -------------------
  Total (without b&b)           :       68.4

Real elapsed time (seconds)

  Parser                        :        0.0
  Preprocessor                  :        0.0
  Lr solver manager             :        0.1
  Column generator              :        9.0
    (Shortest path)             :        7.7
  Master problem                :       59.5
  -------------------
  Total (without b&b)           :       68.6
