Cover_T0 52
Cover_T1 -52
Cover_T2 52
Cover_T3 -52
Cover_T4 52
Cover_T5 -52
Cover_T6 52
Cover_T7 -52
Cover_T8 52
Cover_T9 -52
Cover_T10 52
Cover_T11 -52
Cover_T12 52
Cover_T13 -52
Cover_T14 52
Cover_T15 -52
Cover_T16 52
Cover_T17 -52
Cover_T18 52
Cover_T19 -52
Cover_T20 56
Cover_T21 -52
Cover_T22 52
Cover_T23 -48
Cover_T24 54
Cover_T25 -48
Cover_T26 56
Cover_T27 -48
Cover_T28 56
Cover_T29 -48
Cover_T30 56
Cover_T31 -48
Cover_T32 56
Cover_T33 -44
Cover_T34 58
Cover_T35 -44
Cover_T36 56
Cover_T37 -44
Cover_T38 56
Cover_T39 -44
Cover_T40 56
Cover_T41 -44
Cover_T42 62
Cover_T43 -40
Cover_T44 52
Cover_T45 -42
Cover_T46 52
Cover_T47 -40
Cover_T48 52
Cover_T49 -40
Cover_T50 54
Cover_T51 -36
Cover_T52 94
Cover_T53 0
Cover_T54 1044
Cover_T55 2
Cover_T56 1042
Cover_T57 994
Cover_T58 1044
Cover_T59 996
Cover_T60 1044
Cover_T61 994
Cover_T62 1040
Cover_T63 954
Cover_T64 998
Cover_T65 4.60204e-10
Cover_T66 1002
Cover_T67 2
Cover_T68 12
Cover_T69 -4
Cover_T70 8
Cover_T71 4
Cover_T72 5.0477e-11
Cover_T73 1.17975e-09
Cover_T74 -14
Cover_T75 4
Cover_T76 -34
Cover_T77 -3.26644e-10
Cover_T78 0
Cover_T79 2
Cover_T80 4
Cover_T81 18
Cover_T82 -12
Cover_T83 34
Cover_T84 4
Cover_T85 50
Cover_T86 -5.57254e-11
Cover_T87 12
Cover_T88 -1.87356e-10
Cover_T89 6
Cover_T90 4
Cover_T91 22
Cover_T92 4
Cover_T93 6
Cover_T94 4
Cover_T95 10
Cover_T96 4
Cover_T97 10
Cover_T98 2
Cover_T99 6
Cover_T100 -10
Cover_T101 6
Cover_T102 -26
Cover_T103 6
Cover_T104 -42
Cover_T105 6
Cover_T106 -10
Cover_T107 8
Cover_T108 -26
Cover_T109 20
Cover_T110 -42
Cover_T111 36
Cover_T112 2
Cover_T113 52
Cover_T114 -14
Cover_T115 20
Cover_T116 4
Cover_T117 36
Cover_T118 2
Cover_T119 52
Cover_T120 -14
Cover_T121 8
Cover_T122 4
Cover_T123 24
Cover_T124 4
Cover_T125 4
Cover_T126 -8
Cover_T127 2
Cover_T128 7.61814e-10
Cover_T129 14
Cover_T130 -6
Cover_T131 26
Cover_T132 -18
Cover_T133 4
Cover_T134 -30
Cover_T135 7.74145e-10
Cover_T136 -42
Cover_T137 12
Cover_T138 4
Cover_T139 4
Cover_T140 0
Cover_T141 10
Cover_T142 -4
Cover_T143 22
Cover_T144 -16
Cover_T145 36
Cover_T146 2
Cover_T147 52
Cover_T148 2
Cover_T149 2
Cover_T150 -14
Cover_T151 10
Cover_T152 2
Cover_T153 26
Cover_T154 4
Cover_T155 8
Cover_T156 -10
Cover_T157 8
Cover_T158 -26
Cover_T159 24
Cover_T160 -44
Cover_T161 1.06411e-10
Cover_T162 -4
Cover_T163 12
Cover_T164 -2
Cover_T165 32
Cover_T166 4
Cover_T167 52
Cover_T168 0
Cover_T169 12
Cover_T170 -2.19773e-10
Cover_T171 10
Cover_T172 4
Cover_T173 4
Cover_T174 -4
Cover_T175 2
Cover_T176 -1.47868e-10
Cover_T177 8
Cover_T178 -8.58405e-10
Cover_T179 4
Cover_T180 4
Cover_T181 12
Cover_T182 0
Cover_T183 8
Cover_T184 4
Cover_T185 0
Cover_T186 4
Cover_T187 12
Cover_T188 4
Cover_T189 8.44954e-10
Cover_T190 -7.59499e-10
Cover_T191 4
Cover_T192 4
Cover_T193 4
Cover_T194 4
Cover_T195 6
Cover_T196 4
Cover_T197 2.10684e-09
Cover_T198 -4.07695e-10
Cover_T199 6
Cover_T200 4
Cover_T201 10
Cover_T202 0
Cover_T203 6
Cover_T204 4
Cover_T205 12
Cover_T206 -6
Cover_T207 8
Cover_T208 -24
Cover_T209 8
Cover_T210 -40
Cover_T211 12
Cover_T212 -6
Cover_T213 14
Cover_T214 -8
Cover_T215 22
Cover_T216 -2
Cover_T217 40
Cover_T218 -2
Cover_T219 60
Cover_T220 -16
Cover_T221 18
Cover_T222 -6
Cover_T223 16
Cover_T224 -6
Cover_T225 28
Cover_T226 -6
Cover_T227 18
Cover_T228 -6
Cover_T229 16
Cover_T230 -8
Cover_T231 28
Cover_T232 -10
Cover_T233 18
Cover_T234 -6
Cover_T235 18
Cover_T236 -16
Cover_T237 18
Cover_T238 -6
Cover_T239 22
Cover_T240 -12
Cover_T241 20
Cover_T242 -16
Cover_T243 22
Cover_T244 -36
Cover_T245 20
Cover_T246 -32
Cover_T247 22
Cover_T248 -52
Cover_T249 28
Cover_T250 -12
Cover_T251 46
Cover_T252 -24
Cover_T253 56
Cover_T254 -18
Cover_T255 50
Cover_T256 -12
Cover_T257 64
Cover_T258 -12
Cover_T259 54
Cover_T260 -18
Cover_T261 28
Cover_T262 -16
Cover_T263 40
Cover_T264 -20
Cover_T265 38
Cover_T266 -18
Cover_T267 30
Cover_T268 -26
Cover_T269 30
Cover_T270 -18
Cover_T271 48
Cover_T272 -30
Cover_T273 48
Cover_T274 -24
Cover_T275 44
Cover_T276 -24
Cover_T277 52
Cover_T278 -28
Cover_T279 52
Cover_T280 -36
Cover_T281 50
Cover_T282 -30
Cover_T283 50
Cover_T284 -38
Cover_T285 42
Cover_T286 -38
Cover_T287 56
Cover_T288 -38
Cover_T289 56
Cover_T290 -38
Cover_T291 62
Cover_T292 -42
Cover_T293 58
Cover_T294 -42
Cover_T295 60
Cover_T296 -42
Cover_T297 52
Cover_T298 52
Cover_T299 -52
Cover_T300 52
Cover_T301 -52
Cover_T302 56
Cover_T303 -48
Cover_T304 56
Cover_T305 -48
Cover_T306 56
Cover_T307 -48
Cover_T308 56
Cover_T309 -44
Cover_T310 58
Cover_T311 -44
Cover_T312 56
Cover_T313 -44
Cover_T314 56
Cover_T315 -44
Cover_T316 56
Cover_T317 -44
Cover_T318 58
Cover_T319 -42
Cover_T320 50
Cover_T321 -40
Cover_T322 54
Cover_T323 -40
Cover_T324 52
Cover_T325 -40
Cover_T326 54
Cover_T327 -42
Cover_T328 90
Cover_T329 6
Cover_T330 1044
Cover_T331 -1.09674e-09
Cover_T332 1042
Cover_T333 996
Cover_T334 1044
Cover_T335 994
Cover_T336 1040
Cover_T337 954
Cover_T338 998
Cover_T339 1.15506e-10
Cover_T340 1002
Cover_T341 2
Cover_T342 8
Cover_T343 -5.85821e-10
Cover_T344 2
Cover_T345 -4
Cover_T346 1.25866e-10
Cover_T347 1.22321e-09
Cover_T348 0
Cover_T349 4
Cover_T350 -4
Cover_T351 4
Cover_T352 -20
Cover_T353 -8.53929e-10
Cover_T354 -36
Cover_T355 0
Cover_T356 -52
Cover_T357 12
Cover_T358 4
Cover_T359 32
Cover_T360 -16
Cover_T361 52
Cover_T362 -4
Cover_T363 -4
Cover_T364 4
Cover_T365 16
Cover_T366 4
Cover_T367 4
Cover_T368 -4.84853e-10
Cover_T369 10
Cover_T370 2.20037e-10
Cover_T371 10
Cover_T372 -2.55709e-10
Cover_T373 6
Cover_T374 -2
Cover_T375 6
Cover_T376 -14
Cover_T377 6
Cover_T378 -30
Cover_T379 6
Cover_T380 -46
Cover_T381 8
Cover_T382 -14
Cover_T383 20
Cover_T384 -30
Cover_T385 36
Cover_T386 -46
Cover_T387 52
Cover_T388 -2
Cover_T389 20
Cover_T390 -18
Cover_T391 36
Cover_T392 -5.30465e-10
Cover_T393 52
Cover_T394 -2
Cover_T395 8
Cover_T396 -18
Cover_T397 24
Cover_T398 -3.72872e-10
Cover_T399 6
Cover_T400 -4.54058e-10
Cover_T401 8
Cover_T402 4
Cover_T403 24
Cover_T404 -6
Cover_T405 6
Cover_T406 -22
Cover_T407 6
Cover_T408 -38
Cover_T409 2
Cover_T410 4
Cover_T411 12
Cover_T412 4
Cover_T413 28
Cover_T414 -10
Cover_T415 40
Cover_T416 -22
Cover_T417 52
Cover_T418 4.98953e-10
Cover_T419 6
Cover_T420 4
Cover_T421 2
Cover_T422 -8
Cover_T423 14
Cover_T424 -20
Cover_T425 26
Cover_T426 2.22848e-10
Cover_T427 4
Cover_T428 0
Cover_T429 8.61512e-10
Cover_T430 -6
Cover_T431 12
Cover_T432 -16
Cover_T433 24
Cover_T434 -30
Cover_T435 8
Cover_T436 -46
Cover_T437 6
Cover_T438 -2
Cover_T439 20
Cover_T440 4
Cover_T441 36
Cover_T442 -12
Cover_T443 52
Cover_T444 -2
Cover_T445 8
Cover_T446 4
Cover_T447 2
Cover_T448 2
Cover_T449 20
Cover_T450 0
Cover_T451 2
Cover_T452 -2
Cover_T453 -2
Cover_T454 2
Cover_T455 3.54612e-10
Cover_T456 -18
Cover_T457 2
Cover_T458 -4
Cover_T459 -2
Cover_T460 9.29337e-11
Cover_T461 18
Cover_T462 2
Cover_T463 4
Cover_T464 -6
Cover_T465 0
Cover_T466 0
Cover_T467 0
Cover_T468 2
Cover_T469 12
Cover_T470 2
Cover_T471 4
Cover_T472 2
Cover_T473 3.13024e-09
Cover_T474 0
Cover_T475 6
Cover_T476 3.23448e-09
Cover_T477 16
Cover_T478 -20
Cover_T479 6
Cover_T480 -36
Cover_T481 4
Cover_T482 -2
Cover_T483 16
Cover_T484 -4
Cover_T485 32
Cover_T486 -20
Cover_T487 46
Cover_T488 -4
Cover_T489 20
Cover_T490 -22
Cover_T491 28
Cover_T492 -8
Cover_T493 6
Cover_T494 -10
Cover_T495 30
Cover_T496 -12
Cover_T497 16
Cover_T498 -6
Cover_T499 12
Cover_T500 -12
Cover_T501 24
Cover_T502 -18
Cover_T503 14
Cover_T504 -12
Cover_T505 12
Cover_T506 -22
Cover_T507 20
Cover_T508 -18
Cover_T509 12
Cover_T510 -30
Cover_T511 22
Cover_T512 -42
Cover_T513 16
Cover_T514 -30
Cover_T515 28
Cover_T516 -42
Cover_T517 26
Cover_T518 -36
Cover_T519 34
Cover_T520 -48
Cover_T521 50
Cover_T522 -18
Cover_T523 44
Cover_T524 -12
Cover_T525 52
Cover_T526 -12
Cover_T527 44
Cover_T528 -20
Cover_T529 60
Cover_T530 -14
Cover_T531 34
Cover_T532 -30
Cover_T533 26
Cover_T534 -14
Cover_T535 26
Cover_T536 -28
Cover_T537 36
Cover_T538 -16
Cover_T539 32
Cover_T540 -22
Cover_T541 38
Cover_T542 -26
Cover_T543 44
Cover_T544 -22
Cover_T545 36
Cover_T546 -26
Cover_T547 48
Cover_T548 -38
Cover_T549 42
Cover_T550 -28
Cover_T551 36
Cover_T552 -26
Cover_T553 32
Cover_T554 -34
Cover_T555 40
Cover_T556 -36
Cover_T557 40
Cover_T558 -32
Cover_T559 48
Cover_T560 -32
Cover_T561 56
Cover_T562 -36
Cover_T563 48
Cover_T564 -28
Cover_T565 44
Cover_T566 -32
Cover_T567 54
Cover_T568 -32
Cover_T569 42
Cover_T570 -42
Cover_T571 44
Cover_T572 -38
Cover_T573 52
Cover_T574 -48
Cover_T575 42
Cover_T576 -44
Cover_T577 52
Cover_T578 -46
Cover_T579 58
Cover_T580 -42
Cover_T581 52
Cover_T582 58
Cover_T583 -48
Cover_T584 58
Cover_T585 -44
Cover_T586 48
Cover_T587 -44
Cover_T588 60
Cover_T589 -44
Cover_T590 60
Cover_T591 -42
Cover_T592 48
Cover_T593 -36
Cover_T594 56
Cover_T595 -38
Cover_T596 54
Cover_T597 -38
Cover_T598 92
Cover_T599 8
Cover_T600 1046
Cover_T601 6
Cover_T602 1040
Cover_T603 0
Cover_T604 1046
Cover_T605 992
Cover_T606 1044
Cover_T607 988
Cover_T608 1040
Cover_T609 996
Cover_T610 1036
Cover_T611 996
Cover_T612 1044
Cover_T613 994
Cover_T614 1036
Cover_T615 996
Cover_T616 1044
Cover_T617 996
Cover_T618 1040
Cover_T619 952
Cover_T620 990
Cover_T621 0
Cover_T622 994
Cover_T623 2
Cover_T624 998
Cover_T625 0
Cover_T626 4
Cover_T627 -2
Cover_T628 0
Cover_T629 2
Cover_T630 4
Cover_T631 6
Cover_T632 -14
Cover_T633 -2
Cover_T634 -30
Cover_T635 -2
Cover_T636 -46
Cover_T637 0
Cover_T638 -8
Cover_T639 2.39955e-10
Cover_T640 -2
Cover_T641 4
Cover_T642 -16
Cover_T643 16
Cover_T644 4
Cover_T645 28
Cover_T646 4
Cover_T647 40
Cover_T648 -8
Cover_T649 52
Cover_T650 -4
Cover_T651 10
Cover_T652 4
Cover_T653 -9.32232e-12
Cover_T654 4
Cover_T655 12
Cover_T656 -4
Cover_T657 24
Cover_T658 9.26481e-11
Cover_T659 4
Cover_T660 4
Cover_T661 4
Cover_T662 4
Cover_T663 4
Cover_T664 -8
Cover_T665 4.88755e-10
Cover_T666 -24
Cover_T667 9.12844e-10
Cover_T668 -40
Cover_T669 9.53004e-11
Cover_T670 -8
Cover_T671 8.89351e-10
Cover_T672 -24
Cover_T673 2
Cover_T674 -40
Cover_T675 14
Cover_T676 4
Cover_T677 28
Cover_T678 -8
Cover_T679 40
Cover_T680 -20
Cover_T681 52
Cover_T682 2
Cover_T683 16
Cover_T684 4
Cover_T685 28
Cover_T686 -8
Cover_T687 40
Cover_T688 -20
Cover_T689 52
Cover_T690 2
Cover_T691 4
Cover_T692 4
Cover_T693 16
Cover_T694 -6
Cover_T695 28
Cover_T696 2
Cover_T697 8
Cover_T698 -8
Cover_T699 10
Cover_T700 -24
Cover_T701 26
Cover_T702 -40
Cover_T703 8
Cover_T704 2
Cover_T705 8
Cover_T706 2
Cover_T707 4
Cover_T708 -14
Cover_T709 14
Cover_T710 4
Cover_T711 30
Cover_T712 4
Cover_T713 46
Cover_T714 -12
Cover_T715 4
Cover_T716 4
Cover_T717 4
Cover_T718 -4.35554e-10
Cover_T719 20
Cover_T720 -8
Cover_T721 2
Cover_T722 -24
Cover_T723 2
Cover_T724 -40
Cover_T725 18
Cover_T726 4
Cover_T727 0
Cover_T728 -8
Cover_T729 4.52139e-10
Cover_T730 2
Cover_T731 6
Cover_T732 -10
Cover_T733 16
Cover_T734 4
Cover_T735 28
Cover_T736 4
Cover_T737 40
Cover_T738 2
Cover_T739 52
Cover_T740 4
Cover_T741 4
Cover_T742 -8
Cover_T743 16
Cover_T744 4
Cover_T745 6
Cover_T746 4
Cover_T747 18
Cover_T748 -8
Cover_T749 4
Cover_T750 4
Cover_T751 -2.20528e-10
Cover_T752 -8
Cover_T753 6
Cover_T754 -1.51172e-10
Cover_T755 4
Cover_T756 -12
Cover_T757 16
Cover_T758 -3.5755e-10
Cover_T759 4
Cover_T760 0
Cover_T761 4
Cover_T762 0
Cover_T763 16
Cover_T764 -2.6456e-10
Cover_T765 4
Cover_T766 1.08788e-10
Cover_T767 18
Cover_T768 4
Cover_T769 18
Cover_T770 4
Cover_T771 10
Cover_T772 0
Cover_T773 12
Cover_T774 4
Cover_T775 8
Cover_T776 4
Cover_T777 12
Cover_T778 0
Cover_T779 8
Cover_T780 0
Cover_T781 10
Cover_T782 -10
Cover_T783 14
Cover_T784 -26
Cover_T785 10
Cover_T786 -46
Cover_T787 4
Cover_T788 -10
Cover_T789 6
Cover_T790 -14
Cover_T791 10
Cover_T792 -10
Cover_T793 24
Cover_T794 -8
Cover_T795 48
Cover_T796 -2
Cover_T797 62
Cover_T798 -4
Cover_T799 22
Cover_T800 -4
Cover_T801 20
Cover_T802 -4
Cover_T803 32
Cover_T804 -16
Cover_T805 22
Cover_T806 -6
Cover_T807 18
Cover_T808 -6
Cover_T809 30
Cover_T810 -14
Cover_T811 20
Cover_T812 -6
Cover_T813 20
Cover_T814 -16
Cover_T815 20
Cover_T816 -8
Cover_T817 24
Cover_T818 -18
Cover_T819 22
Cover_T820 -38
Cover_T821 26
Cover_T822 -34
Cover_T823 22
Cover_T824 -36
Cover_T825 24
Cover_T826 -14
Cover_T827 36
Cover_T828 -16
Cover_T829 54
Cover_T830 -14
Cover_T831 44
Cover_T832 -12
Cover_T833 64
Cover_T834 -12
Cover_T835 62
Cover_T836 -22
Cover_T837 40
Cover_T838 -14
Cover_T839 36
Cover_T840 -16
Cover_T841 46
Cover_T842 -16
Cover_T843 40
Cover_T844 -22
Cover_T845 36
Cover_T846 -28
Cover_T847 48
Cover_T848 -24
Cover_T849 48
Cover_T850 -24
Cover_T851 48
Cover_T852 -32
Cover_T853 48
Cover_T854 -32
Cover_T855 46
Cover_T856 -34
Cover_T857 58
Cover_T858 -30
Cover_T859 52
Cover_T860 -40
Cover_T861 52
Cover_T862 -38
Cover_T863 52
Cover_T864 -38
Cover_T865 60
Cover_T866 -38
Cover_T867 60
Cover_T868 -38
Cover_T869 58
Cover_T870 -42
Cover_T871 54
Cover_T872 -42
Cover_T873 62
Cover_T874 -42
Cover_T875 60
Cover_T876 -44
Cover_T877 56
Cover_T878 -44
Cover_T879 32
Cover_T880 -2
Cover_T881 36
Cover_T882 4
Cover_T883 16
Cover_T884 4
Cover_T885 12
Cover_T886 2
Cover_T887 10
Cover_T888 0
Cover_T889 8
Cover_T890 0
Cover_T891 108
Cover_T892 0
Cover_T893 96
Cover_T894 0
Cover_T895 92
Cover_T896 54
Cover_T897 84
Cover_T898 52
Cover_T899 1040
Cover_T900 40
Cover_T901 1036
Cover_T902 1044
Cover_T903 1092
Cover_T904 1028
Cover_T905 1082
Cover_T906 1044
Cover_T907 1082
Cover_T908 1044
Cover_T909 1092
Cover_T910 938
Cover_T911 1078
Cover_T912 948
Cover_T913 1092
Cover_T914 956
Cover_T915 1040
Cover_T916 964
Cover_T917 1032
Cover_T918 0
Cover_T919 1052
Cover_T920 8
Cover_T921 38
Cover_T922 -34
Cover_T923 48
Cover_T924 52
Cover_T925 -4
Cover_T926 46
Cover_T927 -36
Cover_T928 52
Cover_T929 -36
Cover_T930 12
Cover_T931 0
Cover_T932 36
Cover_T933 0
Cover_T934 52
Cover_T935 0
Cover_T936 40
Cover_T937 0
Cover_T938 54
Cover_T939 12
Cover_T940 4
Cover_T941 16
Cover_T942 6
Cover_T943 20
Cover_T944 6
Cover_T945 20
Cover_T946 8
Cover_T947 26
Cover_T948 0
Cover_T949 6
Cover_T950 0
Cover_T951 48
Cover_T952 0
Cover_T953 26
Cover_T954 0
Cover_T955 44
Cover_T956 5.56506e-10
Cover_T957 24
Cover_T958 26
Cover_T959 16
Cover_T960 -6
Cover_T961 44
Cover_T962 -12
Cover_T963 38
Cover_T964 0
Cover_T965 38
Count_D0 -984
Count_D1 -1000
Max_H0_P0 0
Max_H0_P1 0
Max_H0_P2 0
Max_H0_P3 0
Max_H0_P4 0
Max_H0_P5 0
Max_H0_P6 0
Max_H0_P7 0
Max_H0_P8 0
Max_H0_P9 0
Max_H0_P10 0
Max_H0_P11 0
Max_H0_P12 0
Max_H0_P13 0
Max_H0_P14 0
Max_H0_P15 1.02803e-10
Max_H0_P16 2.24425e-11
Max_H0_P17 -1.47251e-11
Max_H0_P18 -9.35182e-11
Max_H0_P19 -4.30767e-11
Max_H0_P20 2.50679e-11
Max_H0_P21 -9.35643e-11
Max_H0_P22 -3.38242e-11
Max_H0_P23 -1.33673e-10
Max_H0_P24 9.0417e-11
Max_H0_P25 -1.37296e-10
Max_H0_P26 -1.48907e-10
Max_H0_P27 -1.26963e-10
Max_H0_P28 -1.88801e-10
Max_H0_P29 9.65627e-11
Max_H0_P30 -9.21664e-11
Max_H0_P31 -1.52478e-10
Max_H0_P32 1.01855e-10
Max_H0_P33 9.47633e-11
Max_H0_P34 -4.30279e-12
Max_H0_P35 -6.64674e-10
Max_H0_P36 -1.75741e-10
Max_H0_P37 6.74807e-11
Max_H0_P38 -2.48905e-10
Max_H0_P39 -2.61851e-10
Max_H0_P40 0
Max_H0_P41 6.6811e-11
Max_H0_P42 -1.18427e-10
Max_H0_P43 0
Max_H0_P44 2.50335e-10
Max_H0_P45 0
Max_H0_P46 0
Max_H0_P47 0
Max_H0_P48 0
Max_H0_P49 0
Max_H0_P50 0
Max_H0_P51 0
Max_H0_P52 0
Max_H0_P53 0
Max_H0_P54 0
Max_H0_P55 0
Max_H0_P56 0
Max_H0_P57 0
Max_H0_P58 0
Max_H0_P59 0
Max_H0_P60 0
Max_H0_P61 -5.87761e-11
Max_H0_P62 0
Max_H0_P63 0
Max_H0_P64 0
Max_H0_P65 0
Max_H0_P66 0
Max_H0_P67 0
Max_H0_P68 0
Max_H0_P69 0
Max_H0_P70 0
Max_H0_P71 0
Max_H0_P72 0
Max_H0_P73 0
Max_H0_P74 0
Max_H0_P75 0
Max_H0_P76 0
Max_H0_P77 1.26061e-10
Max_H0_P78 -5.50153e-10
Max_H0_P79 4.21502e-10
Max_H0_P80 0
Max_H0_P81 0
Max_H1_P0 0
Max_H1_P1 0
Max_H1_P2 0
Max_H1_P3 0
Max_H1_P4 0
Max_H1_P5 2.89987e-10
Max_H1_P6 -1.59996e-10
Max_H1_P7 3.92975e-11
Max_H1_P8 0
Max_H1_P9 0
Max_H1_P10 5.12301e-11
Max_H1_P11 0
Max_H1_P12 0
Max_H1_P13 0
Max_H1_P14 0
Max_H1_P15 6.22791e-12
Max_H1_P16 -1.13602e-10
Max_H1_P17 -1.83434e-10
Max_H1_P18 -4.30767e-11
Max_H1_P19 -1.15766e-10
Max_H1_P20 -7.36691e-11
Max_H1_P21 8.75527e-11
Max_H1_P22 -1.5429e-10
Max_H1_P23 3.98017e-10
Max_H1_P24 1.67708e-11
Max_H1_P25 -1.12436e-10
Max_H1_P26 -2.74527e-10
Max_H1_P27 -6.74643e-11
Max_H1_P28 -2.98802e-10
Max_H1_P29 4.22742e-10
Max_H1_P30 -3.31458e-11
Max_H1_P31 -2.59879e-10
Max_H1_P32 -5.05516e-11
Max_H1_P33 -1.83933e-11
Max_H1_P34 1.45308e-10
Max_H1_P35 -4.84931e-10
Max_H1_P36 -5.69003e-11
Max_H1_P37 -2.97873e-10
Max_H1_P38 -5.27685e-11
Max_H1_P39 -3.03135e-11
Max_H1_P40 4.23608e-11
Max_H1_P41 -5.27903e-11
Max_H1_P42 -5.14631e-10
Max_H1_P43 0
Max_H1_P44 -3.36797e-12
Max_H1_P45 0
Max_H1_P46 0
Max_H1_P47 0
Max_H1_P48 0
Max_H1_P49 0
Max_H1_P50 0
Max_H1_P51 0
Max_H1_P52 1.115e-10
Max_H1_P53 0
Max_H1_P54 0
Max_H1_P55 0
Max_H1_P56 2.27697e-10
Max_H1_P57 0
Max_H1_P58 0
Max_H1_P59 2.06674e-10
Max_H1_P60 0
Max_H1_P61 -1.56697e-10
Max_H1_P62 0
Max_H1_P63 0
Max_H1_P64 0
Max_H1_P65 0
Max_H1_P66 0
Max_H1_P67 0
Max_H1_P68 0
Max_H1_P69 0
Max_H1_P70 0
Max_H1_P71 0
Max_H1_P72 0
Max_H1_P73 0
Max_H1_P74 0
Max_H1_P75 0
Max_H1_P76 -0
Max_H1_P77 0
Max_H1_P78 1.07666e-10
Max_H1_P79 0
Max_H1_P80 0
Max_H1_P81 0
