
Branch and bound

  Entire solving process        :                           (Time    376.5)
  No feasible solution was found
  Best relaxation cost          :     66748.06 (Node     0) (Time    376.5)
  Lower bound after cuts        :     66748.06
  End lower bound               :     66748.06
  Deepest level reached         : 0
  Deepest real level reached    : 0
  Number of real nodes solved   : 1
  Stopping condition            : enough nodes explored

Problem identification

  Problem                       : <null>
  Machine                       : oslo1.gerad.lan

Solving process summary

  Linear relaxations            :        1
  Column generation iterations  :      130
  Shortest paths solved         :     4037
  Columns generated             :    47982

Instance characteristics

  Resources                     : 3
  Node types                    : no
  Arc types                     : no
  Strong resource windows       : no
  Weak resource windows         : no
  Resource windows (nodes)      : 3
  Resource values (arcs)        : 3
  Values on nodes               : no

  Rows                          : 1132
  Initial columns               : 2
  Tasks                         : 970
  Strong tasks                  : 966
  Weak tasks                    : 4
  Initial task constraints      : no
  Nodes                         : 1298
  Arc sets                      : 1
  Arcs                          : 40990
  Networks                      : 2
  Models                        : 1

Memory used per module (Megs)

  Parser (reused)               :      8.484
  Networks                      :     34.994
  Column generator              :     15.378
  Master problem                :     11.054
  -----------------
  Total                         :     61.426

Cpu time per module (seconds)

  Parser                        :        0.0
  Preprocessor                  :        0.0
  Lr solver manager             :        0.2
  Column generator              :      107.5
    (Shortest path)             :       92.5
  Master problem                :      268.6
  -------------------
  Total (without b&b)           :      376.5

Real elapsed time (seconds)

  Parser                        :        0.0
  Preprocessor                  :        0.0
  Lr solver manager             :        0.2
  Column generator              :      107.6
    (Shortest path)             :       92.0
  Master problem                :      268.6
  -------------------
  Total (without b&b)           :      376.5
