
Branch and bound

  Entire solving process        :                           (Time    238.9)
  No feasible solution was found
  Best relaxation cost          :     66558.98 (Node     0) (Time    238.8)
  Lower bound after cuts        :     66558.98
  End lower bound               :     66558.98
  Deepest level reached         : 0
  Deepest real level reached    : 0
  Number of real nodes solved   : 1
  Stopping condition            : enough nodes explored

Problem identification

  Problem                       : <null>
  Machine                       : oslo3.gerad.lan

Solving process summary

  Linear relaxations            :        1
  Column generation iterations  :      117
  Shortest paths solved         :     8524
  Columns generated             :    63732

Instance characteristics

  Resources                     : 3
  Node types                    : no
  Arc types                     : no
  Strong resource windows       : no
  Weak resource windows         : no
  Resource windows (nodes)      : 3
  Resource values (arcs)        : 3
  Values on nodes               : no

  Rows                          : 1132
  Initial columns               : 473
  Tasks                         : 970
  Strong tasks                  : 683
  Weak tasks                    : 4
  Initial task constraints      : no
  Nodes                         : 1298
  Arc sets                      : 1
  Arcs                          : 40990
  Networks                      : 2
  Models                        : 1

Memory used per module (Megs)

  Parser (reused)               :      8.484
  Networks                      :     37.173
  Column generator              :     10.413
  Master problem                :     11.175
  -----------------
  Total                         :     58.762

Cpu time per module (seconds)

  Parser                        :        0.0
  Preprocessor                  :        0.0
  Lr solver manager             :        0.1
  Column generator              :      128.8
    (Shortest path)             :      113.3
  Master problem                :      109.8
  -------------------
  Total (without b&b)           :      238.8

Real elapsed time (seconds)

  Parser                        :        0.0
  Preprocessor                  :        0.0
  Lr solver manager             :        0.1
  Column generator              :      128.8
    (Shortest path)             :      113.0
  Master problem                :      109.9
  -------------------
  Total (without b&b)           :      238.8
