
Branch and bound

  Entire solving process        :                           (Time    662.6)
  No feasible solution was found
  Best relaxation cost          :     75611.97 (Node     0) (Time    662.5)
  Lower bound after cuts        :     75611.97
  End lower bound               :     75611.97
  Deepest level reached         : 0
  Deepest real level reached    : 0
  Number of real nodes solved   : 1
  Stopping condition            : enough nodes explored

Problem identification

  Problem                       : <null>
  Machine                       : oslo2.gerad.lan

Solving process summary

  Linear relaxations            :        1
  Column generation iterations  :      118
  Shortest paths solved         :     8573
  Columns generated             :    77112

Instance characteristics

  Resources                     : 3
  Node types                    : no
  Arc types                     : no
  Strong resource windows       : no
  Weak resource windows         : no
  Resource windows (nodes)      : 3
  Resource values (arcs)        : 3
  Values on nodes               : no

  Rows                          : 1324
  Initial columns               : 641
  Tasks                         : 1162
  Strong tasks                  : 764
  Weak tasks                    : 4
  Initial task constraints      : no
  Nodes                         : 1490
  Arc sets                      : 1
  Arcs                          : 57886
  Networks                      : 2
  Models                        : 1

Memory used per module (Megs)

  Parser (reused)               :     11.753
  Networks                      :     45.286
  Column generator              :     31.725
  Master problem                :     12.702
  -----------------
  Total                         :     89.713

Cpu time per module (seconds)

  Parser                        :        0.0
  Preprocessor                  :        0.0
  Lr solver manager             :        0.2
  Column generator              :      505.0
    (Shortest path)             :      475.3
  Master problem                :      157.2
  -------------------
  Total (without b&b)           :      662.5

Real elapsed time (seconds)

  Parser                        :        0.0
  Preprocessor                  :        0.0
  Lr solver manager             :        0.2
  Column generator              :      505.7
    (Shortest path)             :      476.4
  Master problem                :      157.4
  -------------------
  Total (without b&b)           :      663.3
