Cover_T0 52
Cover_T1 -52
Cover_T2 52
Cover_T3 -52
Cover_T4 52
Cover_T5 -52
Cover_T6 52
Cover_T7 -52
Cover_T8 52
Cover_T9 -52
Cover_T10 52
Cover_T11 -52
Cover_T12 52
Cover_T13 -52
Cover_T14 52
Cover_T15 -52
Cover_T16 54
Cover_T17 -52
Cover_T18 52
Cover_T19 -44
Cover_T20 58
Cover_T21 -36
Cover_T22 52
Cover_T23 -48
Cover_T24 94
Cover_T25 12
Cover_T26 82
Cover_T27 0
Cover_T28 68
Cover_T29 26
Cover_T30 58
Cover_T31 50
Cover_T32 46
Cover_T33 50
Cover_T34 60
Cover_T35 0
Cover_T36 26
Cover_T37 1.26995e-10
Cover_T38 0
Cover_T39 902
Cover_T40 914
Cover_T41 934
Cover_T42 908
Cover_T43 940
Cover_T44 930
Cover_T45 926
Cover_T46 90
Cover_T47 18
Cover_T48 54
Cover_T49 2
Cover_T50 34
Cover_T51 0
Cover_T52 56
Cover_T53 -42
Cover_T54 30
Cover_T55 -30
Cover_T56 12
Cover_T57 -10
Cover_T58 52
Cover_T59 -40
Cover_T60 32
Cover_T61 -20
Cover_T62 12
Cover_T63 2.78643e-10
Cover_T64 40
Cover_T65 -32
Cover_T66 8
Cover_T67 3.29987e-10
Cover_T68 -24
Cover_T69 -22
Cover_T70 -30
Cover_T71 8
Cover_T72 18
Cover_T73 32
Cover_T74 -6
Cover_T75 30
Cover_T76 52
Cover_T77 0
Cover_T78 28
Cover_T79 4
Cover_T80 4
Cover_T81 6
Cover_T82 32
Cover_T83 -30
Cover_T84 8
Cover_T85 -6
Cover_T86 -16
Cover_T87 -34
Cover_T88 8
Cover_T89 -10
Cover_T90 0
Cover_T91 14
Cover_T92 -2.51827e-11
Cover_T93 34
Cover_T94 8
Cover_T95 6
Cover_T96 2
Cover_T97 10
Cover_T98 4
Cover_T99 8
Cover_T100 16
Cover_T101 0
Cover_T102 14
Cover_T103 8
Cover_T104 12
Cover_T105 10
Cover_T106 -6
Cover_T107 2
Cover_T108 -30
Cover_T109 8
Cover_T110 -20
Cover_T111 10
Cover_T112 -44
Cover_T113 26
Cover_T114 0
Cover_T115 46
Cover_T116 -2.80806e-11
Cover_T117 32
Cover_T118 14
Cover_T119 52
Cover_T120 52
Cover_T121 8
Cover_T122 32
Cover_T123 8
Cover_T124 16
Cover_T125 0
Cover_T126 8
Cover_T127 -26
Cover_T128 -22
Cover_T129 4
Cover_T130 -1.44439e-10
Cover_T131 30
Cover_T132 42
Cover_T133 48
Cover_T134 26
Cover_T135 84
Cover_T136 10
Cover_T137 50
Cover_T138 0
Cover_T139 0
Cover_T140 38
Cover_T141 12
Cover_T142 46
Cover_T143 30
Cover_T144 24
Cover_T145 44
Cover_T146 22
Cover_T147 2
Cover_T148 4
Cover_T149 22
Cover_T150 -14
Cover_T151 0
Cover_T152 -28
Cover_T153 0
Cover_T154 -2
Cover_T155 10
Cover_T156 -6
Cover_T157 34
Cover_T158 -26
Cover_T159 54
Cover_T160 4
Cover_T161 30
Cover_T162 -20
Cover_T163 44
Cover_T164 4
Cover_T165 70
Cover_T166 -2
Cover_T167 44
Cover_T168 -6
Cover_T169 68
Cover_T170 -18
Cover_T171 24
Cover_T172 -26
Cover_T173 36
Cover_T174 -24
Cover_T175 28
Cover_T176 -22
Cover_T177 44
Cover_T178 -22
Cover_T179 32
Cover_T180 -30
Cover_T181 32
Cover_T182 -30
Cover_T183 32
Cover_T184 -22
Cover_T185 36
Cover_T186 -30
Cover_T187 52
Cover_T188 -22
Cover_T189 64
Cover_T190 -22
Cover_T191 36
Cover_T192 -32
Cover_T193 64
Cover_T194 -24
Cover_T195 34
Cover_T196 -30
Cover_T197 60
Cover_T198 -34
Cover_T199 64
Cover_T200 -34
Cover_T201 64
Cover_T202 -36
Cover_T203 64
Cover_T204 -38
Cover_T205 52
Cover_T206 -52
Cover_T207 52
Cover_T208 -52
Cover_T209 52
Cover_T210 -52
Cover_T211 52
Cover_T212 -48
Cover_T213 52
Cover_T214 -38
Cover_T215 98
Cover_T216 10
Cover_T217 70
Cover_T218 24
Cover_T219 58
Cover_T220 12
Cover_T221 0
Cover_T222 914
Cover_T223 -1.47046e-09
Cover_T224 914
Cover_T225 888
Cover_T226 936
Cover_T227 878
Cover_T228 932
Cover_T229 920
Cover_T230 914
Cover_T231 18
Cover_T232 914
Cover_T233 40
Cover_T234 14
Cover_T235 68
Cover_T236 26
Cover_T237 66
Cover_T238 0
Cover_T239 46
Cover_T240 12
Cover_T241 46
Cover_T242 2
Cover_T243 58
Cover_T244 -36
Cover_T245 24
Cover_T246 -4
Cover_T247 52
Cover_T248 -22
Cover_T249 20
Cover_T250 0
Cover_T251 52
Cover_T252 -38
Cover_T253 32
Cover_T254 -18
Cover_T255 12
Cover_T256 -52
Cover_T257 -8
Cover_T258 -32
Cover_T259 -28
Cover_T260 -12
Cover_T261 -22
Cover_T262 14
Cover_T263 3.39789e-11
Cover_T264 46
Cover_T265 10
Cover_T266 52
Cover_T267 38
Cover_T268 10
Cover_T269 6
Cover_T270 -44
Cover_T271 34
Cover_T272 -20
Cover_T273 10
Cover_T274 4
Cover_T275 -14
Cover_T276 -24
Cover_T277 10
Cover_T278 0
Cover_T279 2
Cover_T280 24
Cover_T281 0
Cover_T282 0
Cover_T283 4
Cover_T284 8
Cover_T285 -6
Cover_T286 10
Cover_T287 -8
Cover_T288 6
Cover_T289 0
Cover_T290 14
Cover_T291 -2
Cover_T292 12
Cover_T293 -2.24553e-10
Cover_T294 9.89715e-11
Cover_T295 -14
Cover_T296 2
Cover_T297 -34
Cover_T298 2.85162e-10
Cover_T299 -20
Cover_T300 14
Cover_T301 -40
Cover_T302 36
Cover_T303 3.75073e-11
Cover_T304 26
Cover_T305 -4
Cover_T306 50
Cover_T307 6
Cover_T308 10
Cover_T309 40
Cover_T310 14
Cover_T311 16
Cover_T312 2
Cover_T313 0
Cover_T314 -36
Cover_T315 4
Cover_T316 -16
Cover_T317 -14
Cover_T318 -1.01219e-10
Cover_T319 -34
Cover_T320 -2
Cover_T321 -2.26805e-11
Cover_T322 40
Cover_T323 46
Cover_T324 44
Cover_T325 22
Cover_T326 46
Cover_T327 50
Cover_T328 24
Cover_T329 26
Cover_T330 26
Cover_T331 10
Cover_T332 14
Cover_T333 16
Cover_T334 2
Cover_T335 -10
Cover_T336 2
Cover_T337 -36
Cover_T338 -4
Cover_T339 -2
Cover_T340 22
Cover_T341 -6
Cover_T342 46
Cover_T343 -28
Cover_T344 22
Cover_T345 -1.33667e-10
Cover_T346 26
Cover_T347 -24
Cover_T348 60
Cover_T349 -2
Cover_T350 34
Cover_T351 -6
Cover_T352 60
Cover_T353 -16
Cover_T354 32
Cover_T355 -12
Cover_T356 24
Cover_T357 -18
Cover_T358 36
Cover_T359 -20
Cover_T360 32
Cover_T361 -22
Cover_T362 32
Cover_T363 -32
Cover_T364 28
Cover_T365 -28
Cover_T366 24
Cover_T367 -36
Cover_T368 32
Cover_T369 -40
Cover_T370 28
Cover_T371 -36
Cover_T372 36
Cover_T373 -22
Cover_T374 48
Cover_T375 -28
Cover_T376 36
Cover_T377 -44
Cover_T378 56
Cover_T379 -22
Cover_T380 44
Cover_T381 -22
Cover_T382 46
Cover_T383 -22
Cover_T384 64
Cover_T385 -22
Cover_T386 42
Cover_T387 -30
Cover_T388 42
Cover_T389 -30
Cover_T390 44
Cover_T391 -42
Cover_T392 46
Cover_T393 -34
Cover_T394 50
Cover_T395 -36
Cover_T396 70
Cover_T397 -36
Cover_T398 62
Cover_T399 -40
Cover_T400 96
Cover_T401 12
Cover_T402 80
Cover_T403 22
Cover_T404 64
Cover_T405 18
Cover_T406 60
Cover_T407 50
Cover_T408 58
Cover_T409 34
Cover_T410 78
Cover_T411 882
Cover_T412 932
Cover_T413 916
Cover_T414 906
Cover_T415 926
Cover_T416 898
Cover_T417 934
Cover_T418 910
Cover_T419 944
Cover_T420 972
Cover_T421 920
Cover_T422 78
Cover_T423 16
Cover_T424 44
Cover_T425 28
Cover_T426 34
Cover_T427 6
Cover_T428 64
Cover_T429 -1.0516e-10
Cover_T430 38
Cover_T431 -46
Cover_T432 22
Cover_T433 -38
Cover_T434 4
Cover_T435 -22
Cover_T436 50
Cover_T437 -6
Cover_T438 30
Cover_T439 -40
Cover_T440 14
Cover_T441 -24
Cover_T442 52
Cover_T443 -8
Cover_T444 36
Cover_T445 -52
Cover_T446 12
Cover_T447 -28
Cover_T448 -12
Cover_T449 -4
Cover_T450 -36
Cover_T451 -34
Cover_T452 -34
Cover_T453 -10
Cover_T454 16
Cover_T455 10
Cover_T456 0
Cover_T457 26
Cover_T458 6
Cover_T459 42
Cover_T460 50
Cover_T461 32
Cover_T462 34
Cover_T463 48
Cover_T464 18
Cover_T465 -10
Cover_T466 2
Cover_T467 6
Cover_T468 38
Cover_T469 0
Cover_T470 18
Cover_T471 -36
Cover_T472 -6
Cover_T473 -12
Cover_T474 -30
Cover_T475 12
Cover_T476 -6
Cover_T477 -16
Cover_T478 0
Cover_T479 8
Cover_T480 0
Cover_T481 32
Cover_T482 2
Cover_T483 8
Cover_T484 0
Cover_T485 2
Cover_T486 8
Cover_T487 2
Cover_T488 2
Cover_T489 0
Cover_T490 0
Cover_T491 2
Cover_T492 -18
Cover_T493 -6
Cover_T494 -42
Cover_T495 0
Cover_T496 -32
Cover_T497 2
Cover_T498 8
Cover_T499 20
Cover_T500 0
Cover_T501 36
Cover_T502 -8
Cover_T503 52
Cover_T504 10
Cover_T505 34
Cover_T506 52
Cover_T507 50
Cover_T508 36
Cover_T509 2
Cover_T510 20
Cover_T511 6
Cover_T512 8
Cover_T513 14
Cover_T514 0
Cover_T515 -4
Cover_T516 0
Cover_T517 -46
Cover_T518 -14
Cover_T519 -30
Cover_T520 -30
Cover_T521 -12
Cover_T522 -46
Cover_T523 -2.99052e-10
Cover_T524 -8
Cover_T525 26
Cover_T526 42
Cover_T527 10
Cover_T528 34
Cover_T529 28
Cover_T530 18
Cover_T531 64
Cover_T532 0
Cover_T533 84
Cover_T534 48
Cover_T535 62
Cover_T536 18
Cover_T537 0
Cover_T538 46
Cover_T539 18
Cover_T540 50
Cover_T541 36
Cover_T542 26
Cover_T543 52
Cover_T544 20
Cover_T545 10
Cover_T546 -16
Cover_T547 2
Cover_T548 12
Cover_T549 4
Cover_T550 -4
Cover_T551 14
Cover_T552 -28
Cover_T553 44
Cover_T554 -4.53326e-10
Cover_T555 64
Cover_T556 -16
Cover_T557 26
Cover_T558 -32
Cover_T559 32
Cover_T560 -4
Cover_T561 50
Cover_T562 4
Cover_T563 66
Cover_T564 -2
Cover_T565 30
Cover_T566 -10
Cover_T567 48
Cover_T568 -6
Cover_T569 64
Cover_T570 -12
Cover_T571 36
Cover_T572 -30
Cover_T573 28
Cover_T574 -18
Cover_T575 40
Cover_T576 -20
Cover_T577 24
Cover_T578 -22
Cover_T579 36
Cover_T580 -22
Cover_T581 32
Cover_T582 -30
Cover_T583 28
Cover_T584 -28
Cover_T585 44
Cover_T586 -46
Cover_T587 52
Cover_T588 -22
Cover_T589 62
Cover_T590 -26
Cover_T591 54
Cover_T592 -22
Cover_T593 66
Cover_T594 -22
Cover_T595 40
Cover_T596 -44
Cover_T597 46
Cover_T598 -38
Cover_T599 48
Cover_T600 -36
Cover_T601 54
Cover_T602 -36
Cover_T603 66
Cover_T604 -38
Cover_T605 58
Cover_T606 -44
Cover_T607 22
Cover_T608 66
Cover_T609 60
Cover_T610 72
Cover_T611 40
Cover_T612 102
Cover_T613 132
Cover_T614 92
Cover_T615 1014
Cover_T616 974
Cover_T617 966
Cover_T618 950
Cover_T619 948
Cover_T620 960
Cover_T621 900
Cover_T622 868
Cover_T623 974
Cover_T624 4
Cover_T625 72
Cover_T626 0
Cover_T627 68
Cover_T628 0
Cover_T629 48
Cover_T630 20
Cover_T631 12
Cover_T632 -22
Cover_T633 56
Cover_T634 -30
Cover_T635 52
Cover_T636 0
Cover_T637 52
Cover_T638 52
Cover_T639 -28
Cover_T640 68
Cover_T641 0
Cover_T642 40
Cover_T643 0
Cover_T644 80
Cover_T645 48
Cover_T646 80
Cover_T647 84
Cover_T648 100
Cover_T649 80
Cover_T650 48
Cover_T651 94
Cover_T652 42
Cover_T653 70
Cover_T654 0
Cover_T655 54
Cover_T656 -36
Cover_T657 0
Cover_T658 -28
Cover_T659 0
Cover_T660 22
Cover_T661 6
Cover_T662 22
Cover_T663 32
Cover_T664 14
Cover_T665 30
Count_D0 -984
Count_D1 -1000
Max_H0_P0 0
Max_H0_P1 0
Max_H0_P2 0
Max_H0_P3 0
Max_H0_P4 0
Max_H0_P5 0
Max_H0_P6 0
Max_H0_P7 0
Max_H0_P8 0
Max_H0_P9 0
Max_H0_P10 0
Max_H0_P11 0
Max_H0_P12 0
Max_H0_P13 0
Max_H0_P14 0
Max_H0_P15 0
Max_H0_P16 0
Max_H0_P17 0
Max_H0_P18 0
Max_H0_P19 0
Max_H0_P20 1.9611e-12
Max_H0_P21 1.36922e-11
Max_H0_P22 -1.2804e-11
Max_H0_P23 1.54117e-11
Max_H0_P24 -3.16689e-11
Max_H0_P25 4.36087e-11
Max_H0_P26 -2.93916e-11
Max_H0_P27 3.48672e-11
Max_H0_P28 1.07179e-11
Max_H0_P29 -0
Max_H0_P30 -8.75821e-12
Max_H0_P31 -1.27898e-13
Max_H0_P32 1.50546e-11
Max_H0_P33 -2.54543e-11
Max_H0_P34 -2.4805e-11
Max_H0_P35 -1.37668e-12
Max_H0_P36 2.5409e-11
Max_H0_P37 3.6831e-11
Max_H0_P38 2.20259e-11
Max_H0_P39 -4.80203e-11
Max_H0_P40 4.80203e-11
Max_H0_P41 0
Max_H0_P42 0
Max_H0_P43 0
Max_H0_P44 0
Max_H0_P45 0
Max_H0_P46 0
Max_H0_P47 0
Max_H0_P48 0
Max_H0_P49 0
Max_H0_P50 0
Max_H0_P51 0
Max_H0_P52 0
Max_H0_P53 0
Max_H0_P54 0
Max_H0_P55 0
Max_H0_P56 0
Max_H0_P57 0
Max_H0_P58 0
Max_H0_P59 0
Max_H0_P60 0
Max_H0_P61 0
Max_H0_P62 0
Max_H0_P63 0
Max_H0_P64 0
Max_H0_P65 0
Max_H0_P66 0
Max_H0_P67 0
Max_H0_P68 0
Max_H0_P69 0
Max_H0_P70 0
Max_H0_P71 0
Max_H0_P72 0
Max_H0_P73 0
Max_H0_P74 0
Max_H0_P75 0
Max_H0_P76 0
Max_H0_P77 0
Max_H0_P78 0
Max_H0_P79 0
Max_H0_P80 0
Max_H0_P81 0
Max_H1_P0 0
Max_H1_P1 0
Max_H1_P2 0
Max_H1_P3 0
Max_H1_P4 0
Max_H1_P5 7.07701e-12
Max_H1_P6 0
Max_H1_P7 0
Max_H1_P8 0
Max_H1_P9 0
Max_H1_P10 0
Max_H1_P11 0
Max_H1_P12 0
Max_H1_P13 0
Max_H1_P14 0
Max_H1_P15 7.04414e-12
Max_H1_P16 0
Max_H1_P17 0
Max_H1_P18 -1.9745e-11
Max_H1_P19 2.22453e-11
Max_H1_P20 -0
Max_H1_P21 7.82796e-12
Max_H1_P22 9.10072e-12
Max_H1_P23 -1.93063e-11
Max_H1_P24 1.5838e-11
Max_H1_P25 0
Max_H1_P26 -2.28925e-11
Max_H1_P27 5.47565e-12
Max_H1_P28 1.5338e-13
Max_H1_P29 -1.5338e-13
Max_H1_P30 -9.01425e-12
Max_H1_P31 1.95973e-12
Max_H1_P32 -2.58067e-11
Max_H1_P33 -1.13106e-11
Max_H1_P34 -1.03535e-11
Max_H1_P35 3.43747e-11
Max_H1_P36 8.71481e-12
Max_H1_P37 1.6068e-11
Max_H1_P38 9.85878e-12
Max_H1_P39 0
Max_H1_P40 4.64482e-11
Max_H1_P41 -1.77423e-11
Max_H1_P42 0
Max_H1_P43 0
Max_H1_P44 0
Max_H1_P45 0
Max_H1_P46 0
Max_H1_P47 0
Max_H1_P48 0
Max_H1_P49 0
Max_H1_P50 0
Max_H1_P51 0
Max_H1_P52 0
Max_H1_P53 0
Max_H1_P54 1.73754e-11
Max_H1_P55 0
Max_H1_P56 0
Max_H1_P57 0
Max_H1_P58 0
Max_H1_P59 0
Max_H1_P60 -1.40545e-11
Max_H1_P61 0
Max_H1_P62 0
Max_H1_P63 2.66205e-11
Max_H1_P64 0
Max_H1_P65 0
Max_H1_P66 0
Max_H1_P67 0
Max_H1_P68 0
Max_H1_P69 0
Max_H1_P70 0
Max_H1_P71 0
Max_H1_P72 0
Max_H1_P73 0
Max_H1_P74 0
Max_H1_P75 0
Max_H1_P76 0
Max_H1_P77 -5.45697e-12
Max_H1_P78 -7.09266e-12
Max_H1_P79 0
Max_H1_P80 3.51444e-12
Max_H1_P81 0
