
Branch and bound

  Entire solving process        :                           (Time    785.9)
  No feasible solution was found
  Best relaxation cost          :     57624.34 (Node     0) (Time    785.9)
  Lower bound after cuts        :     57624.34
  End lower bound               :     57624.34
  Deepest level reached         : 0
  Deepest real level reached    : 0
  Number of real nodes solved   : 1
  Stopping condition            : enough nodes explored

Problem identification

  Problem                       : <null>
  Machine                       : oslo1.gerad.lan

Solving process summary

  Linear relaxations            :        1
  Column generation iterations  :      221
  Shortest paths solved         :     4808
  Columns generated             :    51233

Instance characteristics

  Resources                     : 3
  Node types                    : no
  Arc types                     : no
  Strong resource windows       : no
  Weak resource windows         : no
  Resource windows (nodes)      : 3
  Resource values (arcs)        : 3
  Values on nodes               : no

  Rows                          : 969
  Initial columns               : 2
  Tasks                         : 807
  Strong tasks                  : 803
  Weak tasks                    : 4
  Initial task constraints      : no
  Nodes                         : 1135
  Arc sets                      : 1
  Arcs                          : 30473
  Networks                      : 2
  Models                        : 1

Memory used per module (Megs)

  Parser (reused)               :      6.425
  Networks                      :     28.818
  Column generator              :      9.808
  Master problem                :      9.406
  -----------------
  Total                         :     48.032

Cpu time per module (seconds)

  Parser                        :        0.0
  Preprocessor                  :        0.0
  Lr solver manager             :        0.2
  Column generator              :       66.1
    (Shortest path)             :       54.8
  Master problem                :      719.5
  -------------------
  Total (without b&b)           :      785.9

Real elapsed time (seconds)

  Parser                        :        0.0
  Preprocessor                  :        0.0
  Lr solver manager             :        0.1
  Column generator              :       66.3
    (Shortest path)             :       54.9
  Master problem                :      719.4
  -------------------
  Total (without b&b)           :      785.9
