Cover_T0 52
Cover_T1 -52
Cover_T2 52
Cover_T3 -52
Cover_T4 52
Cover_T5 -52
Cover_T6 52
Cover_T7 -52
Cover_T8 52
Cover_T9 -52
Cover_T10 52
Cover_T11 -52
Cover_T12 52
Cover_T13 -52
Cover_T14 52
Cover_T15 -52
Cover_T16 52
Cover_T17 -52
Cover_T18 52
Cover_T19 -52
Cover_T20 52
Cover_T21 -52
Cover_T22 52
Cover_T23 -52
Cover_T24 52
Cover_T25 -52
Cover_T26 52
Cover_T27 -52
Cover_T28 52
Cover_T29 -52
Cover_T30 52
Cover_T31 -48
Cover_T32 52
Cover_T33 -52
Cover_T34 52
Cover_T35 -52
Cover_T36 52
Cover_T37 -48
Cover_T38 58
Cover_T39 -32
Cover_T40 74
Cover_T41 -40
Cover_T42 66
Cover_T43 -40
Cover_T44 58
Cover_T45 -24
Cover_T46 72
Cover_T47 -32
Cover_T48 68
Cover_T49 -28
Cover_T50 60
Cover_T51 -22
Cover_T52 48
Cover_T53 -30
Cover_T54 50
Cover_T55 -18
Cover_T56 50
Cover_T57 -30
Cover_T58 42
Cover_T59 -30
Cover_T60 48
Cover_T61 4
Cover_T62 42
Cover_T63 -12
Cover_T64 30
Cover_T65 -12
Cover_T66 30
Cover_T67 966
Cover_T68 20
Cover_T69 942
Cover_T70 22
Cover_T71 970
Cover_T72 968
Cover_T73 946
Cover_T74 996
Cover_T75 972
Cover_T76 1008
Cover_T77 970
Cover_T78 38
Cover_T79 972
Cover_T80 50
Cover_T81 972
Cover_T82 34
Cover_T83 0
Cover_T84 18
Cover_T85 -20
Cover_T86 16
Cover_T87 -16
Cover_T88 -4
Cover_T89 -24
Cover_T90 -18
Cover_T91 -20
Cover_T92 24
Cover_T93 -4
Cover_T94 8
Cover_T95 0
Cover_T96 12
Cover_T97 16
Cover_T98 0
Cover_T99 32
Cover_T100 18
Cover_T101 -8
Cover_T102 -2
Cover_T103 -10
Cover_T104 0
Cover_T105 6
Cover_T106 0
Cover_T107 -10
Cover_T108 20
Cover_T109 10
Cover_T110 8
Cover_T111 8
Cover_T112 4
Cover_T113 8
Cover_T114 8
Cover_T115 -12
Cover_T116 8
Cover_T117 6.04032e-11
Cover_T118 18
Cover_T119 4
Cover_T120 8
Cover_T121 0
Cover_T122 26
Cover_T123 -1.3415e-11
Cover_T124 8
Cover_T125 -10
Cover_T126 4
Cover_T127 -6.17497e-11
Cover_T128 8
Cover_T129 -18
Cover_T130 0
Cover_T131 -2.09141e-10
Cover_T132 8.78231e-12
Cover_T133 4
Cover_T134 8
Cover_T135 0
Cover_T136 10
Cover_T137 4
Cover_T138 -5.42059e-10
Cover_T139 0
Cover_T140 -16
Cover_T141 8
Cover_T142 -32
Cover_T143 4
Cover_T144 -48
Cover_T145 0
Cover_T146 -28
Cover_T147 10
Cover_T148 -44
Cover_T149 26
Cover_T150 0
Cover_T151 40
Cover_T152 4
Cover_T153 52
Cover_T154 4
Cover_T155 28
Cover_T156 4.0734e-10
Cover_T157 40
Cover_T158 -12
Cover_T159 52
Cover_T160 -24
Cover_T161 4
Cover_T162 -36
Cover_T163 0
Cover_T164 -48
Cover_T165 5.16991e-11
Cover_T166 -34
Cover_T167 4
Cover_T168 -46
Cover_T169 16
Cover_T170 -24
Cover_T171 30
Cover_T172 -40
Cover_T173 46
Cover_T174 4
Cover_T175 36
Cover_T176 2
Cover_T177 52
Cover_T178 -14
Cover_T179 34
Cover_T180 -10
Cover_T181 50
Cover_T182 -26
Cover_T183 8
Cover_T184 -42
Cover_T185 10
Cover_T186 -42
Cover_T187 26
Cover_T188 4
Cover_T189 24
Cover_T190 2
Cover_T191 40
Cover_T192 16
Cover_T193 62
Cover_T194 12
Cover_T195 58
Cover_T196 16
Cover_T197 16
Cover_T198 -2
Cover_T199 18
Cover_T200 20
Cover_T201 18
Cover_T202 6
Cover_T203 26
Cover_T204 18
Cover_T205 8
Cover_T206 -2
Cover_T207 20
Cover_T208 0
Cover_T209 34
Cover_T210 18
Cover_T211 24
Cover_T212 0
Cover_T213 34
Cover_T214 -4
Cover_T215 20
Cover_T216 2
Cover_T217 34
Cover_T218 2
Cover_T219 44
Cover_T220 4
Cover_T221 28
Cover_T222 -24
Cover_T223 26
Cover_T224 -14
Cover_T225 26
Cover_T226 -14
Cover_T227 32
Cover_T228 -14
Cover_T229 30
Cover_T230 -30
Cover_T231 28
Cover_T232 -20
Cover_T233 44
Cover_T234 -16
Cover_T235 32
Cover_T236 -18
Cover_T237 36
Cover_T238 -20
Cover_T239 34
Cover_T240 -22
Cover_T241 52
Cover_T242 -30
Cover_T243 32
Cover_T244 -38
Cover_T245 32
Cover_T246 -30
Cover_T247 34
Cover_T248 -32
Cover_T249 34
Cover_T250 -28
Cover_T251 40
Cover_T252 -32
Cover_T253 56
Cover_T254 -32
Cover_T255 34
Cover_T256 -30
Cover_T257 42
Cover_T258 -32
Cover_T259 38
Cover_T260 -32
Cover_T261 46
Cover_T262 -32
Cover_T263 48
Cover_T264 -34
Cover_T265 36
Cover_T266 -38
Cover_T267 36
Cover_T268 -42
Cover_T269 46
Cover_T270 -36
Cover_T271 46
Cover_T272 -36
Cover_T273 50
Cover_T274 -36
Cover_T275 58
Cover_T276 -36
Cover_T277 48
Cover_T278 -38
Cover_T279 46
Cover_T280 -34
Cover_T281 44
Cover_T282 -34
Cover_T283 58
Cover_T284 -40
Cover_T285 56
Cover_T286 -36
Cover_T287 60
Cover_T288 -36
Cover_T289 56
Cover_T290 -40
Cover_T291 52
Cover_T292 -44
Cover_T293 62
Cover_T294 -44
Cover_T295 52
Cover_T296 -46
Cover_T297 52
Cover_T298 -52
Cover_T299 52
Cover_T300 -52
Cover_T301 52
Cover_T302 -52
Cover_T303 52
Cover_T304 -52
Cover_T305 56
Cover_T306 -52
Cover_T307 52
Cover_T308 -46
Cover_T309 56
Cover_T310 -48
Cover_T311 54
Cover_T312 -46
Cover_T313 58
Cover_T314 -34
Cover_T315 70
Cover_T316 -38
Cover_T317 58
Cover_T318 -26
Cover_T319 72
Cover_T320 -26
Cover_T321 58
Cover_T322 -26
Cover_T323 38
Cover_T324 -30
Cover_T325 54
Cover_T326 -18
Cover_T327 30
Cover_T328 -10
Cover_T329 42
Cover_T330 8.9751e-10
Cover_T331 28
Cover_T332 -2
Cover_T333 34
Cover_T334 -10
Cover_T335 22
Cover_T336 954
Cover_T337 20
Cover_T338 954
Cover_T339 26
Cover_T340 948
Cover_T341 0
Cover_T342 958
Cover_T343 970
Cover_T344 958
Cover_T345 980
Cover_T346 970
Cover_T347 1008
Cover_T348 972
Cover_T349 38
Cover_T350 970
Cover_T351 38
Cover_T352 970
Cover_T353 50
Cover_T354 972
Cover_T355 34
Cover_T356 2
Cover_T357 34
Cover_T358 0
Cover_T359 20
Cover_T360 -24
Cover_T361 20
Cover_T362 -20
Cover_T363 2
Cover_T364 -16
Cover_T365 -14
Cover_T366 -12
Cover_T367 28
Cover_T368 -8
Cover_T369 12
Cover_T370 8
Cover_T371 16
Cover_T372 24
Cover_T373 4
Cover_T374 -20
Cover_T375 24
Cover_T376 -4
Cover_T377 8
Cover_T378 -10
Cover_T379 -8
Cover_T380 2
Cover_T381 -2
Cover_T382 -18
Cover_T383 2
Cover_T384 -2
Cover_T385 26
Cover_T386 14
Cover_T387 10
Cover_T388 8
Cover_T389 2.70148e-11
Cover_T390 8
Cover_T391 -4
Cover_T392 -12
Cover_T393 5.20224e-11
Cover_T394 8.45901e-12
Cover_T395 0
Cover_T396 4
Cover_T397 10
Cover_T398 -2.27587e-10
Cover_T399 7.62412e-12
Cover_T400 9.91172e-11
Cover_T401 18
Cover_T402 -10
Cover_T403 0
Cover_T404 -4.95959e-11
Cover_T405 -4
Cover_T406 -18
Cover_T407 3.31646e-12
Cover_T408 -3.33173e-11
Cover_T409 -1.44547e-10
Cover_T410 4
Cover_T411 0
Cover_T412 6.75038e-12
Cover_T413 0
Cover_T414 0
Cover_T415 2.73062e-11
Cover_T416 -1.11628e-10
Cover_T417 -14
Cover_T418 1.68834e-10
Cover_T419 -34
Cover_T420 5.82714e-11
Cover_T421 -18
Cover_T422 14
Cover_T423 -38
Cover_T424 34
Cover_T425 4
Cover_T426 50
Cover_T427 4
Cover_T428 30
Cover_T429 0
Cover_T430 46
Cover_T431 -8
Cover_T432 2
Cover_T433 -24
Cover_T434 2
Cover_T435 -40
Cover_T436 6
Cover_T437 -30
Cover_T438 14
Cover_T439 -46
Cover_T440 28
Cover_T441 -24
Cover_T442 40
Cover_T443 -36
Cover_T444 52
Cover_T445 -48
Cover_T446 38
Cover_T447 0
Cover_T448 50
Cover_T449 2
Cover_T450 28
Cover_T451 -10
Cover_T452 40
Cover_T453 -22
Cover_T454 52
Cover_T455 -14
Cover_T456 4
Cover_T457 -26
Cover_T458 4
Cover_T459 -38
Cover_T460 18
Cover_T461 -38
Cover_T462 16
Cover_T463 8
Cover_T464 32
Cover_T465 6
Cover_T466 48
Cover_T467 20
Cover_T468 48
Cover_T469 16
Cover_T470 8
Cover_T471 18
Cover_T472 14
Cover_T473 2
Cover_T474 0
Cover_T475 18
Cover_T476 18
Cover_T477 6
Cover_T478 18
Cover_T479 10
Cover_T480 32
Cover_T481 -2.43773e-10
Cover_T482 8
Cover_T483 -8.35204e-10
Cover_T484 36
Cover_T485 -8
Cover_T486 30
Cover_T487 2
Cover_T488 40
Cover_T489 0
Cover_T490 26
Cover_T491 -14
Cover_T492 38
Cover_T493 -12
Cover_T494 30
Cover_T495 -14
Cover_T496 32
Cover_T497 -24
Cover_T498 36
Cover_T499 -18
Cover_T500 34
Cover_T501 -18
Cover_T502 38
Cover_T503 -18
Cover_T504 42
Cover_T505 -24
Cover_T506 36
Cover_T507 -24
Cover_T508 36
Cover_T509 -36
Cover_T510 34
Cover_T511 -26
Cover_T512 38
Cover_T513 -28
Cover_T514 38
Cover_T515 -28
Cover_T516 48
Cover_T517 -28
Cover_T518 38
Cover_T519 -28
Cover_T520 38
Cover_T521 -30
Cover_T522 34
Cover_T523 -30
Cover_T524 38
Cover_T525 -32
Cover_T526 38
Cover_T527 -36
Cover_T528 38
Cover_T529 -32
Cover_T530 38
Cover_T531 -32
Cover_T532 38
Cover_T533 -32
Cover_T534 42
Cover_T535 -36
Cover_T536 40
Cover_T537 -32
Cover_T538 40
Cover_T539 -32
Cover_T540 40
Cover_T541 -32
Cover_T542 42
Cover_T543 -48
Cover_T544 40
Cover_T545 -38
Cover_T546 42
Cover_T547 -34
Cover_T548 42
Cover_T549 -32
Cover_T550 56
Cover_T551 -44
Cover_T552 44
Cover_T553 -36
Cover_T554 58
Cover_T555 -34
Cover_T556 46
Cover_T557 -46
Cover_T558 44
Cover_T559 -38
Cover_T560 54
Cover_T561 -36
Cover_T562 50
Cover_T563 -38
Cover_T564 48
Cover_T565 -36
Cover_T566 56
Cover_T567 -40
Cover_T568 52
Cover_T569 -36
Cover_T570 52
Cover_T571 -40
Cover_T572 56
Cover_T573 -40
Cover_T574 56
Cover_T575 -44
Cover_T576 54
Cover_T577 -44
Cover_T578 52
Cover_T579 -44
Cover_T580 58
Cover_T581 -46
Cover_T582 60
Cover_T583 -46
Cover_T584 58
Cover_T585 72
Cover_T586 -36
Cover_T587 60
Cover_T588 -24
Cover_T589 74
Cover_T590 -24
Cover_T591 58
Cover_T592 -22
Cover_T593 52
Cover_T594 -14
Cover_T595 66
Cover_T596 -14
Cover_T597 54
Cover_T598 8
Cover_T599 54
Cover_T600 -6
Cover_T601 46
Cover_T602 -6
Cover_T603 36
Cover_T604 950
Cover_T605 34
Cover_T606 950
Cover_T607 26
Cover_T608 948
Cover_T609 34
Cover_T610 968
Cover_T611 994
Cover_T612 950
Cover_T613 992
Cover_T614 968
Cover_T615 1020
Cover_T616 972
Cover_T617 998
Cover_T618 962
Cover_T619 988
Cover_T620 968
Cover_T621 1000
Cover_T622 972
Cover_T623 1012
Cover_T624 974
Cover_T625 30
Cover_T626 972
Cover_T627 42
Cover_T628 974
Cover_T629 42
Cover_T630 974
Cover_T631 14
Cover_T632 2
Cover_T633 26
Cover_T634 3.81476e-10
Cover_T635 8
Cover_T636 -16
Cover_T637 -10
Cover_T638 -16
Cover_T639 -16
Cover_T640 -16
Cover_T641 24
Cover_T642 -16
Cover_T643 16
Cover_T644 -16
Cover_T645 22
Cover_T646 -4
Cover_T647 12
Cover_T648 -4
Cover_T649 4
Cover_T650 8
Cover_T651 26
Cover_T652 20
Cover_T653 14
Cover_T654 32
Cover_T655 2
Cover_T656 -16
Cover_T657 -10
Cover_T658 -4
Cover_T659 3.33547e-11
Cover_T660 -14
Cover_T661 8
Cover_T662 -2
Cover_T663 -4
Cover_T664 6
Cover_T665 24
Cover_T666 -18
Cover_T667 12
Cover_T668 -6
Cover_T669 8
Cover_T670 6
Cover_T671 12
Cover_T672 18
Cover_T673 0
Cover_T674 8
Cover_T675 12
Cover_T676 3.11928e-12
Cover_T677 1.38087e-10
Cover_T678 12
Cover_T679 8
Cover_T680 -16
Cover_T681 26
Cover_T682 -4
Cover_T683 14
Cover_T684 0
Cover_T685 12
Cover_T686 -4
Cover_T687 0
Cover_T688 8
Cover_T689 26
Cover_T690 -4
Cover_T691 14
Cover_T692 8
Cover_T693 4
Cover_T694 4.18758e-11
Cover_T695 6
Cover_T696 -14
Cover_T697 14
Cover_T698 -8
Cover_T699 0
Cover_T700 8
Cover_T701 2
Cover_T702 -14
Cover_T703 6
Cover_T704 -2.83752e-12
Cover_T705 0
Cover_T706 0
Cover_T707 14
Cover_T708 -8
Cover_T709 4
Cover_T710 8
Cover_T711 -16
Cover_T712 10
Cover_T713 -36
Cover_T714 5.52536e-12
Cover_T715 -20
Cover_T716 -10
Cover_T717 -40
Cover_T718 4
Cover_T719 -5.06191e-11
Cover_T720 24
Cover_T721 8
Cover_T722 44
Cover_T723 -4
Cover_T724 28
Cover_T725 -24
Cover_T726 48
Cover_T727 -44
Cover_T728 8
Cover_T729 -38
Cover_T730 9.03904e-11
Cover_T731 -24
Cover_T732 12
Cover_T733 -44
Cover_T734 28
Cover_T735 4
Cover_T736 40
Cover_T737 6
Cover_T738 52
Cover_T739 -6
Cover_T740 38
Cover_T741 -18
Cover_T742 50
Cover_T743 -10
Cover_T744 28
Cover_T745 -22
Cover_T746 40
Cover_T747 -34
Cover_T748 54
Cover_T749 -46
Cover_T750 4
Cover_T751 -42
Cover_T752 6
Cover_T753 8
Cover_T754 14
Cover_T755 8.08743e-10
Cover_T756 24
Cover_T757 6
Cover_T758 32
Cover_T759 -2
Cover_T760 20
Cover_T761 20
Cover_T762 28
Cover_T763 12
Cover_T764 42
Cover_T765 16
Cover_T766 46
Cover_T767 8
Cover_T768 54
Cover_T769 20
Cover_T770 58
Cover_T771 12
Cover_T772 58
Cover_T773 4
Cover_T774 0
Cover_T775 -4
Cover_T776 12
Cover_T777 24
Cover_T778 16
Cover_T779 16
Cover_T780 28
Cover_T781 8
Cover_T782 18
Cover_T783 24
Cover_T784 18
Cover_T785 10
Cover_T786 20
Cover_T787 4
Cover_T788 14
Cover_T789 14
Cover_T790 32
Cover_T791 22
Cover_T792 44
Cover_T793 10
Cover_T794 24
Cover_T795 4
Cover_T796 38
Cover_T797 -4
Cover_T798 26
Cover_T799 6
Cover_T800 36
Cover_T801 -2
Cover_T802 48
Cover_T803 4
Cover_T804 32
Cover_T805 -12
Cover_T806 34
Cover_T807 -10
Cover_T808 22
Cover_T809 -22
Cover_T810 34
Cover_T811 -10
Cover_T812 34
Cover_T813 -14
Cover_T814 32
Cover_T815 -16
Cover_T816 42
Cover_T817 -16
Cover_T818 36
Cover_T819 -18
Cover_T820 36
Cover_T821 -20
Cover_T822 38
Cover_T823 -20
Cover_T824 48
Cover_T825 -38
Cover_T826 40
Cover_T827 -24
Cover_T828 32
Cover_T829 -26
Cover_T830 32
Cover_T831 -26
Cover_T832 34
Cover_T833 -26
Cover_T834 40
Cover_T835 -28
Cover_T836 36
Cover_T837 -28
Cover_T838 42
Cover_T839 -28
Cover_T840 54
Cover_T841 -32
Cover_T842 40
Cover_T843 -28
Cover_T844 38
Cover_T845 -30
Cover_T846 34
Cover_T847 -34
Cover_T848 38
Cover_T849 -32
Cover_T850 38
Cover_T851 -32
Cover_T852 38
Cover_T853 -32
Cover_T854 38
Cover_T855 -36
Cover_T856 40
Cover_T857 -32
Cover_T858 44
Cover_T859 -34
Cover_T860 44
Cover_T861 -38
Cover_T862 48
Cover_T863 -32
Cover_T864 42
Cover_T865 -32
Cover_T866 42
Cover_T867 -34
Cover_T868 46
Cover_T869 -32
Cover_T870 54
Cover_T871 -40
Cover_T872 50
Cover_T873 -40
Cover_T874 50
Cover_T875 -34
Cover_T876 52
Cover_T877 -36
Cover_T878 54
Cover_T879 -38
Cover_T880 60
Cover_T881 -36
Cover_T882 66
Cover_T883 -42
Cover_T884 58
Cover_T885 -40
Cover_T886 58
Cover_T887 -42
Cover_T888 62
Cover_T889 -44
Cover_T890 58
Cover_T891 -50
Cover_T892 56
Cover_T893 -46
Cover_T894 58
Cover_T895 10
Cover_T896 14
Cover_T897 10
Cover_T898 10
Cover_T899 62
Cover_T900 22
Cover_T901 46
Cover_T902 22
Cover_T903 90
Cover_T904 24
Cover_T905 80
Cover_T906 32
Cover_T907 68
Cover_T908 32
Cover_T909 44
Cover_T910 54
Cover_T911 36
Cover_T912 -1.54449e-10
Cover_T913 80
Cover_T914 0
Cover_T915 68
Cover_T916 930
Cover_T917 1006
Cover_T918 928
Cover_T919 986
Cover_T920 956
Cover_T921 1000
Cover_T922 972
Cover_T923 1024
Cover_T924 986
Cover_T925 1014
Cover_T926 926
Cover_T927 1014
Cover_T928 944
Cover_T929 70
Cover_T930 0
Cover_T931 70
Cover_T932 16
Cover_T933 42
Cover_T934 0
Cover_T935 14
Cover_T936 -36
Cover_T937 0
Cover_T938 -16
Cover_T939 52
Cover_T940 -34
Cover_T941 52
Cover_T942 -14
Cover_T943 54
Cover_T944 6
Cover_T945 52
Cover_T946 26
Cover_T947 4
Cover_T948 56
Cover_T949 -28
Cover_T950 56
Cover_T951 -18
Cover_T952 16
Cover_T953 -32
Cover_T954 62
Cover_T955 40
Cover_T956 82
Cover_T957 28
Cover_T958 42
Cover_T959 16
Cover_T960 54
Cover_T961 0
Cover_T962 68
Cover_T963 60
Cover_T964 76
Cover_T965 50
Cover_T966 86
Cover_T967 38
Cover_T968 0
Cover_T969 46
Cover_T970 12
Cover_T971 32
Cover_T972 28
Cover_T973 38
Cover_T974 42
Cover_T975 10
Cover_T976 -2
Cover_T977 36
Cover_T978 4
Cover_T979 24
Cover_T980 16
Cover_T981 0
Cover_T982 6
Cover_T983 14
Cover_T984 38
Cover_T985 8
Count_D0 -984
Count_D1 -1000
Max_H0_P0 0
Max_H0_P1 0
Max_H0_P2 0
Max_H0_P3 0
Max_H0_P4 -4.71086e-11
Max_H0_P5 -3.6139e-12
Max_H0_P6 0
Max_H0_P7 0
Max_H0_P8 0
Max_H0_P9 0
Max_H0_P10 0
Max_H0_P11 0
Max_H0_P12 0
Max_H0_P13 0
Max_H0_P14 0
Max_H0_P15 0
Max_H0_P16 0
Max_H0_P17 1.49782e-11
Max_H0_P18 -4.97309e-11
Max_H0_P19 -4.70113e-12
Max_H0_P20 6.55687e-11
Max_H0_P21 -3.80356e-11
Max_H0_P22 -4.88427e-11
Max_H0_P23 5.49676e-11
Max_H0_P24 6.23732e-11
Max_H0_P25 -1.641e-11
Max_H0_P26 -4.26681e-12
Max_H0_P27 -1.31661e-11
Max_H0_P28 -1.04976e-10
Max_H0_P29 3.23244e-11
Max_H0_P30 -7.94174e-11
Max_H0_P31 2.54943e-11
Max_H0_P32 -2.40696e-12
Max_H0_P33 2.86309e-11
Max_H0_P34 7.38964e-12
Max_H0_P35 4.74053e-11
Max_H0_P36 4.12424e-11
Max_H0_P37 1.15051e-10
Max_H0_P38 1.6873e-10
Max_H0_P39 -9.70957e-11
Max_H0_P40 -4.48574e-11
Max_H0_P41 7.67875e-11
Max_H0_P42 6.93312e-11
Max_H0_P43 0
Max_H0_P44 0
Max_H0_P45 0
Max_H0_P46 0
Max_H0_P47 0
Max_H0_P48 0
Max_H0_P49 0
Max_H0_P50 0
Max_H0_P51 0
Max_H0_P52 0
Max_H0_P53 0
Max_H0_P54 0
Max_H0_P55 0
Max_H0_P56 0
Max_H0_P57 0
Max_H0_P58 0
Max_H0_P59 0
Max_H0_P60 -4.09983e-11
Max_H0_P61 -4.44143e-11
Max_H0_P62 0
Max_H0_P63 1.11498e-10
Max_H0_P64 0
Max_H0_P65 0
Max_H0_P66 0
Max_H0_P67 0
Max_H0_P68 0
Max_H0_P69 0
Max_H0_P70 0
Max_H0_P71 -0
Max_H0_P72 0
Max_H0_P73 0
Max_H0_P74 0
Max_H0_P75 0
Max_H0_P76 0
Max_H0_P77 5.11408e-11
Max_H0_P78 -4.77821e-11
Max_H0_P79 0
Max_H0_P80 0
Max_H0_P81 0
Max_H1_P0 0
Max_H1_P1 0
Max_H1_P2 -2.25539e-11
Max_H1_P3 6.4293e-11
Max_H1_P4 -5.10828e-11
Max_H1_P5 -1.34555e-11
Max_H1_P6 -3.68963e-11
Max_H1_P7 5.77427e-11
Max_H1_P8 0
Max_H1_P9 0
Max_H1_P10 0
Max_H1_P11 0
Max_H1_P12 0
Max_H1_P13 0
Max_H1_P14 0
Max_H1_P15 -4.42547e-11
Max_H1_P16 2.40168e-10
Max_H1_P17 -6.57995e-11
Max_H1_P18 2.10067e-11
Max_H1_P19 -4.83169e-13
Max_H1_P20 4.4727e-12
Max_H1_P21 -6.75868e-11
Max_H1_P22 -1.40368e-11
Max_H1_P23 -7.78724e-11
Max_H1_P24 6.49956e-11
Max_H1_P25 -8.74678e-12
Max_H1_P26 -9.19091e-11
Max_H1_P27 -4.02451e-11
Max_H1_P28 -3.55005e-12
Max_H1_P29 -2.44699e-11
Max_H1_P30 -3.48797e-11
Max_H1_P31 -4.1096e-12
Max_H1_P32 -2.13465e-11
Max_H1_P33 -4.77716e-11
Max_H1_P34 2.72642e-11
Max_H1_P35 1.64668e-12
Max_H1_P36 3.02336e-12
Max_H1_P37 -5.67888e-11
Max_H1_P38 1.25503e-10
Max_H1_P39 -3.68923e-11
Max_H1_P40 -2.26494e-11
Max_H1_P41 2.12702e-11
Max_H1_P42 1.20743e-10
Max_H1_P43 -4.8632e-11
Max_H1_P44 0
Max_H1_P45 0
Max_H1_P46 0
Max_H1_P47 0
Max_H1_P48 0
Max_H1_P49 0
Max_H1_P50 0
Max_H1_P51 0
Max_H1_P52 0
Max_H1_P53 0
Max_H1_P54 0
Max_H1_P55 0
Max_H1_P56 1.75436e-11
Max_H1_P57 0
Max_H1_P58 0
Max_H1_P59 0
Max_H1_P60 2.08468e-11
Max_H1_P61 0
Max_H1_P62 -5.3282e-11
Max_H1_P63 7.48344e-11
Max_H1_P64 1.26679e-10
Max_H1_P65 4.78784e-13
Max_H1_P66 0
Max_H1_P67 0
Max_H1_P68 0
Max_H1_P69 0
Max_H1_P70 -7.02466e-11
Max_H1_P71 0
Max_H1_P72 -1.81287e-10
Max_H1_P73 0
Max_H1_P74 0
Max_H1_P75 0
Max_H1_P76 6.44285e-12
Max_H1_P77 3.9579e-11
Max_H1_P78 -4.60219e-11
Max_H1_P79 0
Max_H1_P80 0
Max_H1_P81 0
