
Branch and bound

  Entire solving process        :                           (Time    487.9)
  No feasible solution was found
  Best relaxation cost          :     64869.80 (Node     0) (Time    487.9)
  Lower bound after cuts        :     64869.80
  End lower bound               :     64869.80
  Deepest level reached         : 0
  Deepest real level reached    : 0
  Number of real nodes solved   : 1
  Stopping condition            : enough nodes explored

Problem identification

  Problem                       : <null>
  Machine                       : oslo2.gerad.lan

Solving process summary

  Linear relaxations            :        1
  Column generation iterations  :      150
  Shortest paths solved         :     4436
  Columns generated             :    52300

Instance characteristics

  Resources                     : 3
  Node types                    : no
  Arc types                     : no
  Strong resource windows       : no
  Weak resource windows         : no
  Resource windows (nodes)      : 3
  Resource values (arcs)        : 3
  Values on nodes               : no

  Rows                          : 1152
  Initial columns               : 2
  Tasks                         : 990
  Strong tasks                  : 986
  Weak tasks                    : 4
  Initial task constraints      : no
  Nodes                         : 1318
  Arc sets                      : 1
  Arcs                          : 44114
  Networks                      : 2
  Models                        : 1

Memory used per module (Megs)

  Parser (reused)               :      9.089
  Networks                      :     36.084
  Column generator              :     14.046
  Master problem                :     11.281
  -----------------
  Total                         :     61.410

Cpu time per module (seconds)

  Parser                        :        0.0
  Preprocessor                  :        0.0
  Lr solver manager             :        0.1
  Column generator              :      113.1
    (Shortest path)             :      101.6
  Master problem                :      374.7
  -------------------
  Total (without b&b)           :      487.9

Real elapsed time (seconds)

  Parser                        :        0.0
  Preprocessor                  :        0.0
  Lr solver manager             :        0.2
  Column generator              :      113.2
    (Shortest path)             :      101.5
  Master problem                :      375.2
  -------------------
  Total (without b&b)           :      488.6
