
Branch and bound

  Entire solving process        :                           (Time     79.8)
  No feasible solution was found
  Best relaxation cost          :     35778.76 (Node     0) (Time     79.8)
  Lower bound after cuts        :     35778.76
  End lower bound               :     35778.76
  Deepest level reached         : 0
  Deepest real level reached    : 0
  Number of real nodes solved   : 1
  Stopping condition            : enough nodes explored

Problem identification

  Problem                       : <null>
  Machine                       : oslo2.gerad.lan

Solving process summary

  Linear relaxations            :        1
  Column generation iterations  :      139
  Shortest paths solved         :     6678
  Columns generated             :    34857

Instance characteristics

  Resources                     : 3
  Node types                    : no
  Arc types                     : no
  Strong resource windows       : no
  Weak resource windows         : no
  Resource windows (nodes)      : 3
  Resource values (arcs)        : 3
  Values on nodes               : no

  Rows                          : 696
  Initial columns               : 306
  Tasks                         : 534
  Strong tasks                  : 360
  Weak tasks                    : 4
  Initial task constraints      : no
  Nodes                         : 862
  Arc sets                      : 1
  Arcs                          : 14711
  Networks                      : 2
  Models                        : 1

Memory used per module (Megs)

  Parser (reused)               :      3.398
  Networks                      :     21.796
  Column generator              :      3.996
  Master problem                :      7.349
  -----------------
  Total                         :     33.140

Cpu time per module (seconds)

  Parser                        :        0.0
  Preprocessor                  :        0.0
  Lr solver manager             :        0.1
  Column generator              :       14.6
    (Shortest path)             :       12.2
  Master problem                :       65.0
  -------------------
  Total (without b&b)           :       79.8

Real elapsed time (seconds)

  Parser                        :        0.0
  Preprocessor                  :        0.0
  Lr solver manager             :        0.1
  Column generator              :       14.8
    (Shortest path)             :       12.3
  Master problem                :       65.0
  -------------------
  Total (without b&b)           :       79.9
