
Branch and bound

  Entire solving process        :                           (Time    251.4)
  No feasible solution was found
  Best relaxation cost          :     47662.84 (Node     0) (Time    251.3)
  Lower bound after cuts        :     47662.84
  End lower bound               :     47662.84
  Deepest level reached         : 0
  Deepest real level reached    : 0
  Number of real nodes solved   : 1
  Stopping condition            : enough nodes explored

Problem identification

  Problem                       : <null>
  Machine                       : oslo2.gerad.lan

Solving process summary

  Linear relaxations            :        1
  Column generation iterations  :      176
  Shortest paths solved         :     4071
  Columns generated             :    44367

Instance characteristics

  Resources                     : 3
  Node types                    : no
  Arc types                     : no
  Strong resource windows       : no
  Weak resource windows         : no
  Resource windows (nodes)      : 3
  Resource values (arcs)        : 3
  Values on nodes               : no

  Rows                          : 914
  Initial columns               : 2
  Tasks                         : 752
  Strong tasks                  : 748
  Weak tasks                    : 4
  Initial task constraints      : no
  Nodes                         : 1080
  Arc sets                      : 1
  Arcs                          : 26655
  Networks                      : 2
  Models                        : 1

Memory used per module (Megs)

  Parser (reused)               :      5.699
  Networks                      :     27.002
  Column generator              :      7.265
  Master problem                :      9.217
  -----------------
  Total                         :     43.484

Cpu time per module (seconds)

  Parser                        :        0.0
  Preprocessor                  :        0.0
  Lr solver manager             :        0.2
  Column generator              :       50.6
    (Shortest path)             :       45.8
  Master problem                :      200.6
  -------------------
  Total (without b&b)           :      251.3

Real elapsed time (seconds)

  Parser                        :        0.0
  Preprocessor                  :        0.0
  Lr solver manager             :        0.1
  Column generator              :       50.6
    (Shortest path)             :       46.0
  Master problem                :      200.9
  -------------------
  Total (without b&b)           :      251.6
