Cover_T0 52
Cover_T1 -52
Cover_T2 52
Cover_T3 -52
Cover_T4 52
Cover_T5 -52
Cover_T6 54
Cover_T7 -52
Cover_T8 54
Cover_T9 -50
Cover_T10 52
Cover_T11 -50
Cover_T12 52
Cover_T13 -50
Cover_T14 54
Cover_T15 -50
Cover_T16 54
Cover_T17 -48
Cover_T18 54
Cover_T19 -48
Cover_T20 54
Cover_T21 -46
Cover_T22 58
Cover_T23 -46
Cover_T24 62
Cover_T25 -46
Cover_T26 54
Cover_T27 -44
Cover_T28 52
Cover_T29 -42
Cover_T30 54
Cover_T31 -42
Cover_T32 54
Cover_T33 -44
Cover_T34 50
Cover_T35 -44
Cover_T36 52
Cover_T37 -38
Cover_T38 52
Cover_T39 -16
Cover_T40 50
Cover_T41 24
Cover_T42 62
Cover_T43 8
Cover_T44 1022
Cover_T45 974
Cover_T46 1024
Cover_T47 972
Cover_T48 976
Cover_T49 968
Cover_T50 1000
Cover_T51 -3.70459e-11
Cover_T52 18
Cover_T53 -12
Cover_T54 24
Cover_T55 -4
Cover_T56 26
Cover_T57 -4
Cover_T58 2
Cover_T59 16
Cover_T60 10
Cover_T61 -2
Cover_T62 14
Cover_T63 4
Cover_T64 20
Cover_T65 4
Cover_T66 -3.1554e-09
Cover_T67 4
Cover_T68 -32
Cover_T69 -2
Cover_T70 14
Cover_T71 18
Cover_T72 -18
Cover_T73 50
Cover_T74 12
Cover_T75 4
Cover_T76 24
Cover_T77 32
Cover_T78 20
Cover_T79 -6
Cover_T80 0
Cover_T81 18
Cover_T82 -4
Cover_T83 -2
Cover_T84 -2
Cover_T85 2
Cover_T86 18
Cover_T87 2
Cover_T88 -1.51249e-09
Cover_T89 0
Cover_T90 -24
Cover_T91 -20
Cover_T92 -48
Cover_T93 0
Cover_T94 -40
Cover_T95 22
Cover_T96 4
Cover_T97 44
Cover_T98 6
Cover_T99 32
Cover_T100 8
Cover_T101 52
Cover_T102 14
Cover_T103 4
Cover_T104 10
Cover_T105 2
Cover_T106 14
Cover_T107 0
Cover_T108 14
Cover_T109 -3.84794e-11
Cover_T110 4
Cover_T111 -8
Cover_T112 -22
Cover_T113 4
Cover_T114 -30
Cover_T115 14
Cover_T116 6
Cover_T117 32
Cover_T118 8
Cover_T119 56
Cover_T120 4
Cover_T121 52
Cover_T122 2
Cover_T123 6
Cover_T124 20
Cover_T125 12
Cover_T126 2
Cover_T127 16
Cover_T128 20
Cover_T129 18
Cover_T130 6
Cover_T131 0
Cover_T132 -16
Cover_T133 16
Cover_T134 -36
Cover_T135 2
Cover_T136 6
Cover_T137 14
Cover_T138 -22
Cover_T139 40
Cover_T140 10
Cover_T141 60
Cover_T142 12
Cover_T143 14
Cover_T144 -4
Cover_T145 34
Cover_T146 4
Cover_T147 50
Cover_T148 8
Cover_T149 10
Cover_T150 6
Cover_T151 12
Cover_T152 7.35838e-11
Cover_T153 30
Cover_T154 2
Cover_T155 20
Cover_T156 2
Cover_T157 14
Cover_T158 0
Cover_T159 8
Cover_T160 -18
Cover_T161 16
Cover_T162 -2
Cover_T163 14
Cover_T164 -2
Cover_T165 14
Cover_T166 -2
Cover_T167 14
Cover_T168 -4
Cover_T169 30
Cover_T170 -10
Cover_T171 8
Cover_T172 -14
Cover_T173 22
Cover_T174 -10
Cover_T175 18
Cover_T176 -6
Cover_T177 38
Cover_T178 -4
Cover_T179 58
Cover_T180 -4
Cover_T181 34
Cover_T182 -18
Cover_T183 30
Cover_T184 -38
Cover_T185 28
Cover_T186 -6
Cover_T187 34
Cover_T188 -14
Cover_T189 46
Cover_T190 -30
Cover_T191 64
Cover_T192 -18
Cover_T193 42
Cover_T194 -20
Cover_T195 46
Cover_T196 -20
Cover_T197 62
Cover_T198 -20
Cover_T199 66
Cover_T200 -26
Cover_T201 66
Cover_T202 -26
Cover_T203 52
Cover_T204 -36
Cover_T205 74
Cover_T206 -36
Cover_T207 62
Cover_T208 -38
Cover_T209 52
Cover_T210 -50
Cover_T211 56
Cover_T212 -48
Cover_T213 58
Cover_T214 -46
Cover_T215 58
Cover_T216 -46
Cover_T217 56
Cover_T218 -42
Cover_T219 56
Cover_T220 -42
Cover_T221 54
Cover_T222 -44
Cover_T223 46
Cover_T224 -32
Cover_T225 44
Cover_T226 -36
Cover_T227 50
Cover_T228 -16
Cover_T229 62
Cover_T230 -28
Cover_T231 50
Cover_T232 24
Cover_T233 58
Cover_T234 12
Cover_T235 46
Cover_T236 0
Cover_T237 1000
Cover_T238 962
Cover_T239 1032
Cover_T240 962
Cover_T241 972
Cover_T242 964
Cover_T243 988
Cover_T244 976
Cover_T245 988
Cover_T246 0
Cover_T247 26
Cover_T248 -20
Cover_T249 26
Cover_T250 -12
Cover_T251 16
Cover_T252 16
Cover_T253 18
Cover_T254 -20
Cover_T255 24
Cover_T256 2
Cover_T257 9.61933e-11
Cover_T258 -6
Cover_T259 14
Cover_T260 -14
Cover_T261 2
Cover_T262 10
Cover_T263 -22
Cover_T264 -1.38485e-10
Cover_T265 24
Cover_T266 20
Cover_T267 -8
Cover_T268 52
Cover_T269 22
Cover_T270 6
Cover_T271 -10
Cover_T272 38
Cover_T273 2
Cover_T274 8
Cover_T275 14
Cover_T276 -4
Cover_T277 8
Cover_T278 4
Cover_T279 24
Cover_T280 8
Cover_T281 5.4456e-11
Cover_T282 6
Cover_T283 -18
Cover_T284 -14
Cover_T285 -42
Cover_T286 4
Cover_T287 -34
Cover_T288 28
Cover_T289 10
Cover_T290 52
Cover_T291 8
Cover_T292 44
Cover_T293 6
Cover_T294 -2.05747e-12
Cover_T295 8
Cover_T296 2
Cover_T297 0
Cover_T298 4
Cover_T299 0
Cover_T300 -3.89966e-11
Cover_T301 4.36001e-12
Cover_T302 4
Cover_T303 2
Cover_T304 1.41114e-11
Cover_T305 -18
Cover_T306 0
Cover_T307 -32
Cover_T308 -2
Cover_T309 -52
Cover_T310 18
Cover_T311 12
Cover_T312 44
Cover_T313 2
Cover_T314 56
Cover_T315 4
Cover_T316 0
Cover_T317 14
Cover_T318 12
Cover_T319 24
Cover_T320 22
Cover_T321 6
Cover_T322 4
Cover_T323 -20
Cover_T324 -12
Cover_T325 -36
Cover_T326 4
Cover_T327 2
Cover_T328 24
Cover_T329 -18
Cover_T330 42
Cover_T331 12
Cover_T332 12
Cover_T333 6
Cover_T334 36
Cover_T335 6
Cover_T336 12
Cover_T337 2
Cover_T338 16
Cover_T339 2
Cover_T340 16
Cover_T341 -2
Cover_T342 16
Cover_T343 -6
Cover_T344 4
Cover_T345 -14
Cover_T346 8
Cover_T347 -4
Cover_T348 12
Cover_T349 -2
Cover_T350 16
Cover_T351 -6
Cover_T352 4
Cover_T353 -4
Cover_T354 4
Cover_T355 -4
Cover_T356 4
Cover_T357 -20
Cover_T358 4
Cover_T359 -12
Cover_T360 10
Cover_T361 -8
Cover_T362 12
Cover_T363 -24
Cover_T364 28
Cover_T365 -40
Cover_T366 20
Cover_T367 -4
Cover_T368 20
Cover_T369 -4
Cover_T370 50
Cover_T371 -6
Cover_T372 20
Cover_T373 -12
Cover_T374 22
Cover_T375 -28
Cover_T376 32
Cover_T377 -6
Cover_T378 26
Cover_T379 -18
Cover_T380 40
Cover_T381 -12
Cover_T382 50
Cover_T383 -20
Cover_T384 58
Cover_T385 -38
Cover_T386 30
Cover_T387 -12
Cover_T388 32
Cover_T389 -34
Cover_T390 40
Cover_T391 -20
Cover_T392 38
Cover_T393 -30
Cover_T394 60
Cover_T395 -22
Cover_T396 42
Cover_T397 -32
Cover_T398 46
Cover_T399 -40
Cover_T400 52
Cover_T401 -34
Cover_T402 56
Cover_T403 -32
Cover_T404 62
Cover_T405 -38
Cover_T406 58
Cover_T407 -44
Cover_T408 58
Cover_T409 -48
Cover_T410 62
Cover_T411 -42
Cover_T412 54
Cover_T413 -36
Cover_T414 54
Cover_T415 -32
Cover_T416 54
Cover_T417 -18
Cover_T418 60
Cover_T419 30
Cover_T420 66
Cover_T421 16
Cover_T422 54
Cover_T423 4
Cover_T424 1030
Cover_T425 974
Cover_T426 1042
Cover_T427 966
Cover_T428 1038
Cover_T429 976
Cover_T430 1020
Cover_T431 964
Cover_T432 1020
Cover_T433 976
Cover_T434 980
Cover_T435 964
Cover_T436 980
Cover_T437 976
Cover_T438 984
Cover_T439 -2.61657e-11
Cover_T440 -2
Cover_T441 -20
Cover_T442 18
Cover_T443 -20
Cover_T444 26
Cover_T445 -4
Cover_T446 12
Cover_T447 -12
Cover_T448 2
Cover_T449 0
Cover_T450 10
Cover_T451 16
Cover_T452 24
Cover_T453 -10
Cover_T454 10
Cover_T455 -14
Cover_T456 2
Cover_T457 0
Cover_T458 0
Cover_T459 1.57314e-10
Cover_T460 -12
Cover_T461 -8
Cover_T462 -36
Cover_T463 0
Cover_T464 18
Cover_T465 1.03622e-10
Cover_T466 -2
Cover_T467 8
Cover_T468 -22
Cover_T469 28
Cover_T470 20
Cover_T471 48
Cover_T472 0
Cover_T473 -10
Cover_T474 24
Cover_T475 10
Cover_T476 4
Cover_T477 32
Cover_T478 0
Cover_T479 -6
Cover_T480 0
Cover_T481 18
Cover_T482 2
Cover_T483 -2
Cover_T484 22
Cover_T485 2
Cover_T486 2
Cover_T487 6
Cover_T488 -28
Cover_T489 12
Cover_T490 -28
Cover_T491 -7.84277e-11
Cover_T492 8
Cover_T493 26
Cover_T494 0
Cover_T495 52
Cover_T496 -2
Cover_T497 44
Cover_T498 0
Cover_T499 0
Cover_T500 16
Cover_T501 2
Cover_T502 12
Cover_T503 4
Cover_T504 10
Cover_T505 -7.36264e-11
Cover_T506 -10
Cover_T507 4
Cover_T508 -24
Cover_T509 -6.93463e-11
Cover_T510 -44
Cover_T511 7.79021e-12
Cover_T512 -40
Cover_T513 -2
Cover_T514 6
Cover_T515 18
Cover_T516 8
Cover_T517 28
Cover_T518 12
Cover_T519 42
Cover_T520 0
Cover_T521 56
Cover_T522 0
Cover_T523 42
Cover_T524 -6
Cover_T525 56
Cover_T526 20
Cover_T527 2
Cover_T528 12
Cover_T529 14
Cover_T530 2.33413e-11
Cover_T531 12
Cover_T532 24
Cover_T533 8
Cover_T534 12
Cover_T535 16
Cover_T536 0
Cover_T537 26
Cover_T538 -26
Cover_T539 12
Cover_T540 6
Cover_T541 -1.09424e-11
Cover_T542 -14
Cover_T543 22
Cover_T544 8
Cover_T545 46
Cover_T546 6
Cover_T547 66
Cover_T548 -10
Cover_T549 20
Cover_T550 0
Cover_T551 36
Cover_T552 6
Cover_T553 52
Cover_T554 8
Cover_T555 18
Cover_T556 -6.82334e-11
Cover_T557 16
Cover_T558 -2
Cover_T559 32
Cover_T560 -2
Cover_T561 24
Cover_T562 -8
Cover_T563 6
Cover_T564 -2
Cover_T565 12
Cover_T566 -2
Cover_T567 14
Cover_T568 -2
Cover_T569 18
Cover_T570 -4
Cover_T571 22
Cover_T572 -8
Cover_T573 10
Cover_T574 -4
Cover_T575 10
Cover_T576 -4
Cover_T577 14
Cover_T578 -24
Cover_T579 14
Cover_T580 -44
Cover_T581 16
Cover_T582 -12
Cover_T583 18
Cover_T584 -8
Cover_T585 20
Cover_T586 -6
Cover_T587 40
Cover_T588 -6
Cover_T589 66
Cover_T590 -18
Cover_T591 34
Cover_T592 -40
Cover_T593 30
Cover_T594 -6
Cover_T595 36
Cover_T596 -10
Cover_T597 36
Cover_T598 -18
Cover_T599 76
Cover_T600 -18
Cover_T601 32
Cover_T602 -20
Cover_T603 78
Cover_T604 -26
Cover_T605 72
Cover_T606 -26
Cover_T607 54
Cover_T608 -26
Cover_T609 66
Cover_T610 -36
Cover_T611 68
Cover_T612 -36
Cover_T613 60
Cover_T614 -42
Cover_T615 60
Cover_T616 22
Cover_T617 2
Cover_T618 24
Cover_T619 2
Cover_T620 16
Cover_T621 0
Cover_T622 6
Cover_T623 10
Cover_T624 4
Cover_T625 74
Cover_T626 16
Cover_T627 50
Cover_T628 28
Cover_T629 50
Cover_T630 1024
Cover_T631 1022
Cover_T632 1070
Cover_T633 1012
Cover_T634 1048
Cover_T635 1022
Cover_T636 1048
Cover_T637 1024
Cover_T638 1008
Cover_T639 1010
Cover_T640 1008
Cover_T641 998
Cover_T642 1018
Cover_T643 0
Cover_T644 32
Cover_T645 -38
Cover_T646 54
Cover_T647 -30
Cover_T648 52
Cover_T649 -8
Cover_T650 52
Cover_T651 52
Cover_T652 -20
Cover_T653 64
Cover_T654 0
Cover_T655 42
Cover_T656 0
Cover_T657 62
Cover_T658 60
Cover_T659 44
Cover_T660 40
Cover_T661 64
Cover_T662 20
Cover_T663 38
Cover_T664 60
Cover_T665 34
Cover_T666 26
Cover_T667 6
Cover_T668 0
Cover_T669 -10
Cover_T670 48
Cover_T671 36
Cover_T672 38
Count_D0 -984
Count_D1 -1000
Max_H0_P0 0
Max_H0_P1 0
Max_H0_P2 0
Max_H0_P3 0
Max_H0_P4 0
Max_H0_P5 0
Max_H0_P6 0
Max_H0_P7 0
Max_H0_P8 0
Max_H0_P9 0
Max_H0_P10 0
Max_H0_P11 0
Max_H0_P12 0
Max_H0_P13 0
Max_H0_P14 0
Max_H0_P15 0
Max_H0_P16 3.17562e-12
Max_H0_P17 1.47047e-11
Max_H0_P18 -6.74909e-11
Max_H0_P19 6.40324e-11
Max_H0_P20 4.18887e-11
Max_H0_P21 -1.8237e-11
Max_H0_P22 -1.47915e-11
Max_H0_P23 3.27951e-11
Max_H0_P24 -3.70067e-11
Max_H0_P25 2.28784e-11
Max_H0_P26 -3.63225e-11
Max_H0_P27 3.43948e-11
Max_H0_P28 -3.31113e-12
Max_H0_P29 -9.52061e-12
Max_H0_P30 2.96403e-11
Max_H0_P31 2.57864e-11
Max_H0_P32 -4.38638e-11
Max_H0_P33 1.88578e-11
Max_H0_P34 -2.48193e-11
Max_H0_P35 5.17023e-12
Max_H0_P36 -6.22111e-11
Max_H0_P37 -2.26803e-13
Max_H0_P38 1.49671e-11
Max_H0_P39 1.94582e-11
Max_H0_P40 -5.01048e-12
Max_H0_P41 -1.45062e-12
Max_H0_P42 2.08518e-11
Max_H0_P43 6.77502e-12
Max_H0_P44 0
Max_H0_P45 0
Max_H0_P46 0
Max_H0_P47 0
Max_H0_P48 0
Max_H0_P49 0
Max_H0_P50 0
Max_H0_P51 0
Max_H0_P52 0
Max_H0_P53 0
Max_H0_P54 0
Max_H0_P55 0
Max_H0_P56 0
Max_H0_P57 0
Max_H0_P58 0
Max_H0_P59 0
Max_H0_P60 0
Max_H0_P61 0
Max_H0_P62 0
Max_H0_P63 0
Max_H0_P64 0
Max_H0_P65 0
Max_H0_P66 0
Max_H0_P67 0
Max_H0_P68 0
Max_H0_P69 0
Max_H0_P70 0
Max_H0_P71 0
Max_H0_P72 0
Max_H0_P73 0
Max_H0_P74 0
Max_H0_P75 0
Max_H0_P76 0
Max_H0_P77 0
Max_H0_P78 0
Max_H0_P79 2.89534e-11
Max_H0_P80 0
Max_H0_P81 0
Max_H1_P0 0
Max_H1_P1 0
Max_H1_P2 0
Max_H1_P3 0
Max_H1_P4 0
Max_H1_P5 0
Max_H1_P6 0
Max_H1_P7 0
Max_H1_P8 0
Max_H1_P9 0
Max_H1_P10 0
Max_H1_P11 0
Max_H1_P12 0
Max_H1_P13 0
Max_H1_P14 0
Max_H1_P15 2.5032e-11
Max_H1_P16 3.07114e-11
Max_H1_P17 -1.90417e-11
Max_H1_P18 -1.45794e-11
Max_H1_P19 3.29408e-11
Max_H1_P20 2.24312e-11
Max_H1_P21 2.01235e-11
Max_H1_P22 4.78195e-12
Max_H1_P23 6.41298e-12
Max_H1_P24 -1.60072e-12
Max_H1_P25 -1.92221e-11
Max_H1_P26 3.52429e-12
Max_H1_P27 1.25008e-11
Max_H1_P28 -4.77378e-12
Max_H1_P29 -1.85927e-11
Max_H1_P30 1.1563e-11
Max_H1_P31 1.16641e-12
Max_H1_P32 8.55373e-12
Max_H1_P33 9.12574e-12
Max_H1_P34 -2.96569e-11
Max_H1_P35 7.79397e-12
Max_H1_P36 -2.53539e-11
Max_H1_P37 -9.37668e-12
Max_H1_P38 -7.73286e-12
Max_H1_P39 1.24842e-11
Max_H1_P40 2.33875e-11
Max_H1_P41 2.84217e-12
Max_H1_P42 0
Max_H1_P43 0
Max_H1_P44 0
Max_H1_P45 1.34986e-11
Max_H1_P46 0
Max_H1_P47 -1.77778e-11
Max_H1_P48 0
Max_H1_P49 2.71383e-12
Max_H1_P50 0
Max_H1_P51 -6.07618e-11
Max_H1_P52 0
Max_H1_P53 0
Max_H1_P54 0
Max_H1_P55 0
Max_H1_P56 0
Max_H1_P57 4.72113e-11
Max_H1_P58 0
Max_H1_P59 0
Max_H1_P60 3.12186e-11
Max_H1_P61 -2.80762e-12
Max_H1_P62 -6.95477e-11
Max_H1_P63 3.82556e-11
Max_H1_P64 -3.01803e-12
Max_H1_P65 1.3569e-11
Max_H1_P66 0
Max_H1_P67 0
Max_H1_P68 0
Max_H1_P69 0
Max_H1_P70 0
Max_H1_P71 -5.44205e-11
Max_H1_P72 0
Max_H1_P73 0
Max_H1_P74 0
Max_H1_P75 0
Max_H1_P76 0
Max_H1_P77 2.77112e-11
Max_H1_P78 0
Max_H1_P79 0
Max_H1_P80 0
Max_H1_P81 0
