Cover_T0 52
Cover_T1 -52
Cover_T2 52
Cover_T3 -52
Cover_T4 52
Cover_T5 -52
Cover_T6 52
Cover_T7 -52
Cover_T8 52
Cover_T9 -52
Cover_T10 52
Cover_T11 -52
Cover_T12 54
Cover_T13 -52
Cover_T14 54
Cover_T15 -52
Cover_T16 54
Cover_T17 -50
Cover_T18 54
Cover_T19 -50
Cover_T20 52
Cover_T21 -50
Cover_T22 56
Cover_T23 -50
Cover_T24 54
Cover_T25 -50
Cover_T26 56
Cover_T27 -48
Cover_T28 58
Cover_T29 -48
Cover_T30 52
Cover_T31 -46
Cover_T32 50
Cover_T33 -46
Cover_T34 54
Cover_T35 -46
Cover_T36 50
Cover_T37 -36
Cover_T38 54
Cover_T39 -40
Cover_T40 54
Cover_T41 -40
Cover_T42 56
Cover_T43 -38
Cover_T44 104
Cover_T45 16
Cover_T46 1024
Cover_T47 4
Cover_T48 1012
Cover_T49 0
Cover_T50 1042
Cover_T51 972
Cover_T52 1044
Cover_T53 974
Cover_T54 1042
Cover_T55 922
Cover_T56 982
Cover_T57 4
Cover_T58 1000
Cover_T59 16
Cover_T60 992
Cover_T61 -14
Cover_T62 24
Cover_T63 -12
Cover_T64 10
Cover_T65 -14
Cover_T66 -6
Cover_T67 -16
Cover_T68 -22
Cover_T69 -14
Cover_T70 -42
Cover_T71 -3.49239e-10
Cover_T72 -40
Cover_T73 4
Cover_T74 6
Cover_T75 20
Cover_T76 -10
Cover_T77 36
Cover_T78 -26
Cover_T79 52
Cover_T80 8
Cover_T81 50
Cover_T82 18
Cover_T83 4
Cover_T84 2
Cover_T85 20
Cover_T86 22
Cover_T87 36
Cover_T88 10
Cover_T89 2
Cover_T90 -6
Cover_T91 -2
Cover_T92 8
Cover_T93 -10
Cover_T94 18
Cover_T95 14
Cover_T96 4
Cover_T97 6.95977e-12
Cover_T98 3.27269e-10
Cover_T99 -10
Cover_T100 4
Cover_T101 4
Cover_T102 0
Cover_T103 8
Cover_T104 10
Cover_T105 1.72662e-12
Cover_T106 18
Cover_T107 0
Cover_T108 14
Cover_T109 -2
Cover_T110 -6
Cover_T111 -10
Cover_T112 -34
Cover_T113 -6
Cover_T114 -30
Cover_T115 14
Cover_T116 2
Cover_T117 36
Cover_T118 8
Cover_T119 52
Cover_T120 -6
Cover_T121 36
Cover_T122 -22
Cover_T123 52
Cover_T124 -38
Cover_T125 8
Cover_T126 -26
Cover_T127 2
Cover_T128 -42
Cover_T129 16
Cover_T130 0
Cover_T131 32
Cover_T132 8
Cover_T133 52
Cover_T134 6
Cover_T135 44
Cover_T136 -14
Cover_T137 6
Cover_T138 -34
Cover_T139 -2.64038e-11
Cover_T140 2
Cover_T141 4
Cover_T142 -18
Cover_T143 24
Cover_T144 -38
Cover_T145 44
Cover_T146 8.64304e-11
Cover_T147 10
Cover_T148 10
Cover_T149 30
Cover_T150 16
Cover_T151 52
Cover_T152 8
Cover_T153 14
Cover_T154 10
Cover_T155 6
Cover_T156 18
Cover_T157 10
Cover_T158 4
Cover_T159 22
Cover_T160 16
Cover_T161 22
Cover_T162 10
Cover_T163 18
Cover_T164 10
Cover_T165 42
Cover_T166 8
Cover_T167 30
Cover_T168 -12
Cover_T169 30
Cover_T170 -36
Cover_T171 34
Cover_T172 -20
Cover_T173 32
Cover_T174 -12
Cover_T175 48
Cover_T176 -8
Cover_T177 70
Cover_T178 -30
Cover_T179 44
Cover_T180 -20
Cover_T181 32
Cover_T182 -20
Cover_T183 34
Cover_T184 -24
Cover_T185 44
Cover_T186 -24
Cover_T187 34
Cover_T188 -24
Cover_T189 28
Cover_T190 -26
Cover_T191 34
Cover_T192 -26
Cover_T193 42
Cover_T194 -26
Cover_T195 30
Cover_T196 -34
Cover_T197 34
Cover_T198 -28
Cover_T199 34
Cover_T200 -26
Cover_T201 42
Cover_T202 -26
Cover_T203 40
Cover_T204 -30
Cover_T205 38
Cover_T206 -30
Cover_T207 38
Cover_T208 -26
Cover_T209 46
Cover_T210 -32
Cover_T211 48
Cover_T212 -40
Cover_T213 44
Cover_T214 -30
Cover_T215 50
Cover_T216 -30
Cover_T217 52
Cover_T218 -42
Cover_T219 52
Cover_T220 -36
Cover_T221 54
Cover_T222 -36
Cover_T223 52
Cover_T224 -36
Cover_T225 68
Cover_T226 -36
Cover_T227 60
Cover_T228 -44
Cover_T229 52
Cover_T230 -52
Cover_T231 52
Cover_T232 -50
Cover_T233 54
Cover_T234 -48
Cover_T235 56
Cover_T236 -48
Cover_T237 58
Cover_T238 -48
Cover_T239 52
Cover_T240 -46
Cover_T241 56
Cover_T242 -46
Cover_T243 54
Cover_T244 -44
Cover_T245 54
Cover_T246 -46
Cover_T247 48
Cover_T248 -44
Cover_T249 54
Cover_T250 -42
Cover_T251 54
Cover_T252 -40
Cover_T253 52
Cover_T254 -40
Cover_T255 56
Cover_T256 -38
Cover_T257 102
Cover_T258 16
Cover_T259 1024
Cover_T260 4
Cover_T261 1010
Cover_T262 -5.50244e-11
Cover_T263 1042
Cover_T264 968
Cover_T265 1042
Cover_T266 926
Cover_T267 988
Cover_T268 0
Cover_T269 994
Cover_T270 16
Cover_T271 1004
Cover_T272 -14
Cover_T273 34
Cover_T274 -12
Cover_T275 10
Cover_T276 -14
Cover_T277 6
Cover_T278 -16
Cover_T279 -10
Cover_T280 -14
Cover_T281 -30
Cover_T282 -2.95323e-10
Cover_T283 -46
Cover_T284 4
Cover_T285 -44
Cover_T286 20
Cover_T287 2
Cover_T288 36
Cover_T289 -14
Cover_T290 52
Cover_T291 -30
Cover_T292 50
Cover_T293 4
Cover_T294 4
Cover_T295 14
Cover_T296 20
Cover_T297 6
Cover_T298 36
Cover_T299 18
Cover_T300 2
Cover_T301 6
Cover_T302 -8
Cover_T303 -10
Cover_T304 0
Cover_T305 4
Cover_T306 -12
Cover_T307 0
Cover_T308 0
Cover_T309 22
Cover_T310 16
Cover_T311 6
Cover_T312 2
Cover_T313 4
Cover_T314 6
Cover_T315 12
Cover_T316 -16
Cover_T317 22
Cover_T318 -2
Cover_T319 0
Cover_T320 2
Cover_T321 0
Cover_T322 -2
Cover_T323 22
Cover_T324 2
Cover_T325 8
Cover_T326 -8
Cover_T327 4
Cover_T328 -16
Cover_T329 -16
Cover_T330 -12
Cover_T331 -44
Cover_T332 8
Cover_T333 -40
Cover_T334 36
Cover_T335 -8
Cover_T336 32
Cover_T337 -12
Cover_T338 0
Cover_T339 -40
Cover_T340 6
Cover_T341 -40
Cover_T342 32
Cover_T343 -4
Cover_T344 48
Cover_T345 6
Cover_T346 36
Cover_T347 8
Cover_T348 52
Cover_T349 -8
Cover_T350 10
Cover_T351 -24
Cover_T352 0
Cover_T353 -40
Cover_T354 -2
Cover_T355 -2.58005e-10
Cover_T356 16
Cover_T357 -16
Cover_T358 32
Cover_T359 -36
Cover_T360 52
Cover_T361 2
Cover_T362 18
Cover_T363 0
Cover_T364 40
Cover_T365 18
Cover_T366 0
Cover_T367 8
Cover_T368 8
Cover_T369 10
Cover_T370 -10
Cover_T371 20
Cover_T372 0
Cover_T373 0
Cover_T374 10
Cover_T375 14
Cover_T376 2
Cover_T377 8
Cover_T378 16
Cover_T379 -2
Cover_T380 20
Cover_T381 -2
Cover_T382 26
Cover_T383 -24
Cover_T384 32
Cover_T385 -8
Cover_T386 38
Cover_T387 -14
Cover_T388 64
Cover_T389 -20
Cover_T390 48
Cover_T391 -20
Cover_T392 28
Cover_T393 -24
Cover_T394 46
Cover_T395 -24
Cover_T396 44
Cover_T397 -26
Cover_T398 32
Cover_T399 -26
Cover_T400 32
Cover_T401 -28
Cover_T402 30
Cover_T403 -26
Cover_T404 26
Cover_T405 -40
Cover_T406 28
Cover_T407 -40
Cover_T408 26
Cover_T409 -26
Cover_T410 40
Cover_T411 -44
Cover_T412 36
Cover_T413 -30
Cover_T414 52
Cover_T415 -26
Cover_T416 38
Cover_T417 -34
Cover_T418 54
Cover_T419 -26
Cover_T420 40
Cover_T421 -26
Cover_T422 32
Cover_T423 -30
Cover_T424 44
Cover_T425 -46
Cover_T426 36
Cover_T427 -30
Cover_T428 40
Cover_T429 -26
Cover_T430 44
Cover_T431 -44
Cover_T432 60
Cover_T433 -36
Cover_T434 46
Cover_T435 -32
Cover_T436 40
Cover_T437 -30
Cover_T438 56
Cover_T439 -30
Cover_T440 48
Cover_T441 -34
Cover_T442 44
Cover_T443 -36
Cover_T444 54
Cover_T445 -36
Cover_T446 68
Cover_T447 -36
Cover_T448 68
Cover_T449 54
Cover_T450 -46
Cover_T451 56
Cover_T452 -50
Cover_T453 52
Cover_T454 -44
Cover_T455 48
Cover_T456 -38
Cover_T457 54
Cover_T458 -44
Cover_T459 62
Cover_T460 -38
Cover_T461 100
Cover_T462 16
Cover_T463 1028
Cover_T464 8
Cover_T465 1018
Cover_T466 0
Cover_T467 1012
Cover_T468 -1.60298e-11
Cover_T469 1036
Cover_T470 974
Cover_T471 1036
Cover_T472 964
Cover_T473 1036
Cover_T474 978
Cover_T475 1036
Cover_T476 978
Cover_T477 1042
Cover_T478 970
Cover_T479 1036
Cover_T480 978
Cover_T481 1044
Cover_T482 924
Cover_T483 980
Cover_T484 -5.85345e-11
Cover_T485 994
Cover_T486 8
Cover_T487 994
Cover_T488 16
Cover_T489 988
Cover_T490 -20
Cover_T491 16
Cover_T492 -14
Cover_T493 -10
Cover_T494 -12
Cover_T495 -32
Cover_T496 -10
Cover_T497 -36
Cover_T498 -6
Cover_T499 6
Cover_T500 2
Cover_T501 -14
Cover_T502 22
Cover_T503 -30
Cover_T504 34
Cover_T505 8
Cover_T506 46
Cover_T507 22
Cover_T508 40
Cover_T509 10
Cover_T510 52
Cover_T511 6
Cover_T512 2
Cover_T513 22
Cover_T514 14
Cover_T515 10
Cover_T516 26
Cover_T517 2
Cover_T518 38
Cover_T519 -10
Cover_T520 0
Cover_T521 8
Cover_T522 -14
Cover_T523 8
Cover_T524 -2
Cover_T525 -4
Cover_T526 2
Cover_T527 22
Cover_T528 -14
Cover_T529 10
Cover_T530 -6
Cover_T531 12
Cover_T532 6
Cover_T533 0
Cover_T534 18
Cover_T535 12
Cover_T536 0
Cover_T537 0
Cover_T538 -3.70504e-11
Cover_T539 20
Cover_T540 12
Cover_T541 8
Cover_T542 -14
Cover_T543 0
Cover_T544 -2
Cover_T545 8
Cover_T546 -4
Cover_T547 4
Cover_T548 8
Cover_T549 22
Cover_T550 -4
Cover_T551 10
Cover_T552 8
Cover_T553 20
Cover_T554 -12
Cover_T555 22
Cover_T556 8.68395e-10
Cover_T557 10
Cover_T558 6
Cover_T559 22
Cover_T560 5.09885e-11
Cover_T561 10
Cover_T562 2
Cover_T563 -2
Cover_T564 -20
Cover_T565 -30
Cover_T566 -6
Cover_T567 -26
Cover_T568 -2
Cover_T569 6
Cover_T570 18
Cover_T571 0
Cover_T572 46
Cover_T573 -26
Cover_T574 42
Cover_T575 -26
Cover_T576 10
Cover_T577 4
Cover_T578 14
Cover_T579 2
Cover_T580 38
Cover_T581 -1.4143e-10
Cover_T582 30
Cover_T583 -20
Cover_T584 50
Cover_T585 -40
Cover_T586 12
Cover_T587 -4
Cover_T588 8
Cover_T589 -24
Cover_T590 10
Cover_T591 -44
Cover_T592 26
Cover_T593 2
Cover_T594 40
Cover_T595 8
Cover_T596 52
Cover_T597 8
Cover_T598 8
Cover_T599 22
Cover_T600 20
Cover_T601 10
Cover_T602 34
Cover_T603 8
Cover_T604 46
Cover_T605 22
Cover_T606 58
Cover_T607 8
Cover_T608 14
Cover_T609 0
Cover_T610 18
Cover_T611 10
Cover_T612 16
Cover_T613 0
Cover_T614 14
Cover_T615 20
Cover_T616 22
Cover_T617 18
Cover_T618 18
Cover_T619 14
Cover_T620 22
Cover_T621 0
Cover_T622 28
Cover_T623 12
Cover_T624 44
Cover_T625 -8
Cover_T626 26
Cover_T627 -32
Cover_T628 28
Cover_T629 -2
Cover_T630 26
Cover_T631 -20
Cover_T632 38
Cover_T633 -8
Cover_T634 32
Cover_T635 -14
Cover_T636 46
Cover_T637 -18
Cover_T638 62
Cover_T639 -40
Cover_T640 30
Cover_T641 -26
Cover_T642 50
Cover_T643 -20
Cover_T644 38
Cover_T645 -30
Cover_T646 30
Cover_T647 -30
Cover_T648 50
Cover_T649 -28
Cover_T650 40
Cover_T651 -26
Cover_T652 34
Cover_T653 -28
Cover_T654 30
Cover_T655 -28
Cover_T656 30
Cover_T657 -36
Cover_T658 34
Cover_T659 -30
Cover_T660 44
Cover_T661 -28
Cover_T662 44
Cover_T663 -28
Cover_T664 56
Cover_T665 -32
Cover_T666 50
Cover_T667 -32
Cover_T668 48
Cover_T669 -28
Cover_T670 50
Cover_T671 -30
Cover_T672 50
Cover_T673 -26
Cover_T674 42
Cover_T675 -30
Cover_T676 62
Cover_T677 -30
Cover_T678 50
Cover_T679 -30
Cover_T680 48
Cover_T681 -34
Cover_T682 52
Cover_T683 -34
Cover_T684 68
Cover_T685 -36
Cover_T686 56
Cover_T687 -36
Cover_T688 64
Cover_T689 -36
Cover_T690 64
Cover_T691 -36
Cover_T692 30
Cover_T693 2.39822e-10
Cover_T694 26
Cover_T695 2
Cover_T696 18
Cover_T697 1.89289e-10
Cover_T698 10
Cover_T699 6
Cover_T700 8
Cover_T701 0
Cover_T702 6
Cover_T703 54
Cover_T704 1032
Cover_T705 54
Cover_T706 1030
Cover_T707 50
Cover_T708 1076
Cover_T709 1022
Cover_T710 1074
Cover_T711 1026
Cover_T712 1074
Cover_T713 1024
Cover_T714 1060
Cover_T715 1026
Cover_T716 1018
Cover_T717 0
Cover_T718 1030
Cover_T719 0
Cover_T720 1030
Cover_T721 -36
Cover_T722 52
Cover_T723 0
Cover_T724 0
Cover_T725 54
Cover_T726 -4
Cover_T727 56
Cover_T728 -32
Cover_T729 58
Cover_T730 -34
Cover_T731 34
Cover_T732 32
Cover_T733 40
Cover_T734 46
Cover_T735 50
Cover_T736 36
Cover_T737 74
Cover_T738 44
Cover_T739 48
Cover_T740 48
Cover_T741 72
Cover_T742 64
Cover_T743 76
Cover_T744 50
Cover_T745 0
Cover_T746 56
Cover_T747 0
Cover_T748 46
Cover_T749 0
Cover_T750 26
Cover_T751 0
Cover_T752 26
Cover_T753 0
Cover_T754 0
Cover_T755 -6
Cover_T756 44
Cover_T757 -6
Cover_T758 44
Cover_T759 8
Cover_T760 20
Cover_T761 32
Cover_T762 28
Cover_T763 38
Cover_T764 8
Cover_T765 6
Cover_T766 24
Cover_T767 46
Count_D0 -984
Count_D1 -1000
Max_H0_P0 0
Max_H0_P1 0
Max_H0_P2 0
Max_H0_P3 0
Max_H0_P4 0
Max_H0_P5 6.59606e-12
Max_H0_P6 0
Max_H0_P7 0
Max_H0_P8 0
Max_H0_P9 0
Max_H0_P10 0
Max_H0_P11 0
Max_H0_P12 0
Max_H0_P13 0
Max_H0_P14 0
Max_H0_P15 -6.62365e-12
Max_H0_P16 3.53777e-11
Max_H0_P17 2.9125e-11
Max_H0_P18 3.89196e-11
Max_H0_P19 3.89196e-11
Max_H0_P20 5.12967e-11
Max_H0_P21 3.65765e-11
Max_H0_P22 2.68976e-11
Max_H0_P23 0
Max_H0_P24 0
Max_H0_P25 -4.65711e-12
Max_H0_P26 5.61158e-12
Max_H0_P27 1.75773e-11
Max_H0_P28 3.11127e-12
Max_H0_P29 -4.71808e-12
Max_H0_P30 3.71934e-11
Max_H0_P31 -4.04701e-12
Max_H0_P32 3.90385e-11
Max_H0_P33 1.21694e-11
Max_H0_P34 -1.71068e-11
Max_H0_P35 9.75261e-12
Max_H0_P36 2.04636e-12
Max_H0_P37 -2.64133e-12
Max_H0_P38 -2.21389e-11
Max_H0_P39 -3.39715e-11
Max_H0_P40 1.38574e-11
Max_H0_P41 1.14521e-11
Max_H0_P42 -3.01981e-13
Max_H0_P43 0
Max_H0_P44 0
Max_H0_P45 0
Max_H0_P46 0
Max_H0_P47 0
Max_H0_P48 0
Max_H0_P49 0
Max_H0_P50 0
Max_H0_P51 0
Max_H0_P52 0
Max_H0_P53 0
Max_H0_P54 0
Max_H0_P55 0
Max_H0_P56 4.25189e-11
Max_H0_P57 0
Max_H0_P58 0
Max_H0_P59 2.67943e-12
Max_H0_P60 0
Max_H0_P61 0
Max_H0_P62 0
Max_H0_P63 -1.72662e-11
Max_H0_P64 0
Max_H0_P65 0
Max_H0_P66 0
Max_H0_P67 0
Max_H0_P68 0
Max_H0_P69 0
Max_H0_P70 0
Max_H0_P71 0
Max_H0_P72 0
Max_H0_P73 0
Max_H0_P74 0
Max_H0_P75 0
Max_H0_P76 0
Max_H0_P77 0
Max_H0_P78 0
Max_H0_P79 0
Max_H0_P80 0
Max_H0_P81 0
Max_H1_P0 0
Max_H1_P1 0
Max_H1_P2 0
Max_H1_P3 0
Max_H1_P4 0
Max_H1_P5 -1.55973e-11
Max_H1_P6 0
Max_H1_P7 -7.48734e-13
Max_H1_P8 0
Max_H1_P9 0
Max_H1_P10 9.97602e-12
Max_H1_P11 0
Max_H1_P12 0
Max_H1_P13 0
Max_H1_P14 0
Max_H1_P15 -1.14492e-11
Max_H1_P16 3.12861e-11
Max_H1_P17 2.61515e-11
Max_H1_P18 3.29341e-11
Max_H1_P19 4.1893e-11
Max_H1_P20 3.88596e-11
Max_H1_P21 4.68248e-12
Max_H1_P22 4.51662e-11
Max_H1_P23 8.54481e-13
Max_H1_P24 -3.056e-12
Max_H1_P25 -2.87881e-12
Max_H1_P26 2.07347e-12
Max_H1_P27 1.55039e-11
Max_H1_P28 1.55039e-11
Max_H1_P29 -2.1636e-12
Max_H1_P30 0
Max_H1_P31 -1.17097e-11
Max_H1_P32 1.30313e-11
Max_H1_P33 -5.58472e-13
Max_H1_P34 -8.38973e-12
Max_H1_P35 1.75773e-11
Max_H1_P36 1.88871e-12
Max_H1_P37 -2.41666e-11
Max_H1_P38 2.26485e-12
Max_H1_P39 -2.68796e-11
Max_H1_P40 0
Max_H1_P41 6.44937e-12
Max_H1_P42 0
Max_H1_P43 0
Max_H1_P44 0
Max_H1_P45 2.11529e-11
Max_H1_P46 0
Max_H1_P47 0
Max_H1_P48 0
Max_H1_P49 0
Max_H1_P50 0
Max_H1_P51 0
Max_H1_P52 0
Max_H1_P53 0
Max_H1_P54 0
Max_H1_P55 0
Max_H1_P56 0
Max_H1_P57 0
Max_H1_P58 -2.04192e-11
Max_H1_P59 0
Max_H1_P60 0
Max_H1_P61 8.93063e-13
Max_H1_P62 -4.52882e-12
Max_H1_P63 -2.41224e-11
Max_H1_P64 0
Max_H1_P65 -8.15947e-12
Max_H1_P66 4.77307e-11
Max_H1_P67 -6.13838e-11
Max_H1_P68 0
Max_H1_P69 0
Max_H1_P70 0
Max_H1_P71 0
Max_H1_P72 0
Max_H1_P73 0
Max_H1_P74 0
Max_H1_P75 0
Max_H1_P76 1.02031e-11
Max_H1_P77 -7.8666e-12
Max_H1_P78 0
Max_H1_P79 0
Max_H1_P80 0
Max_H1_P81 0
