
Branch and bound

  Entire solving process        :                           (Time    238.9)
  No feasible solution was found
  Best relaxation cost          :     60123.03 (Node     0) (Time    238.9)
  Lower bound after cuts        :     60123.03
  End lower bound               :     60123.03
  Deepest level reached         : 0
  Deepest real level reached    : 0
  Number of real nodes solved   : 1
  Stopping condition            : enough nodes explored

Problem identification

  Problem                       : <null>
  Machine                       : oslo2.gerad.lan

Solving process summary

  Linear relaxations            :        1
  Column generation iterations  :      150
  Shortest paths solved         :     8064
  Columns generated             :    54998

Instance characteristics

  Resources                     : 3
  Node types                    : no
  Arc types                     : no
  Strong resource windows       : no
  Weak resource windows         : no
  Resource windows (nodes)      : 3
  Resource values (arcs)        : 3
  Values on nodes               : no

  Rows                          : 934
  Initial columns               : 409
  Tasks                         : 772
  Strong tasks                  : 539
  Weak tasks                    : 4
  Initial task constraints      : no
  Nodes                         : 1100
  Arc sets                      : 1
  Arcs                          : 28346
  Networks                      : 2
  Models                        : 1

Memory used per module (Megs)

  Parser (reused)               :      6.062
  Networks                      :     29.908
  Column generator              :      5.207
  Master problem                :      8.838
  -----------------
  Total                         :     43.953

Cpu time per module (seconds)

  Parser                        :        0.0
  Preprocessor                  :        0.0
  Lr solver manager             :        0.1
  Column generator              :       51.0
    (Shortest path)             :       43.1
  Master problem                :      187.8
  -------------------
  Total (without b&b)           :      238.9

Real elapsed time (seconds)

  Parser                        :        0.0
  Preprocessor                  :        0.0
  Lr solver manager             :        0.1
  Column generator              :       51.0
    (Shortest path)             :       43.6
  Master problem                :      188.1
  -------------------
  Total (without b&b)           :      239.2
