
Branch and bound

  Entire solving process        :                           (Time    307.6)
  No feasible solution was found
  Best relaxation cost          :     46127.45 (Node     0) (Time    307.5)
  Lower bound after cuts        :     46127.45
  End lower bound               :     46127.45
  Deepest level reached         : 0
  Deepest real level reached    : 0
  Number of real nodes solved   : 1
  Stopping condition            : enough nodes explored

Problem identification

  Problem                       : <null>
  Machine                       : oslo2.gerad.lan

Solving process summary

  Linear relaxations            :        1
  Column generation iterations  :      212
  Shortest paths solved         :     4168
  Columns generated             :    43585

Instance characteristics

  Resources                     : 3
  Node types                    : no
  Arc types                     : no
  Strong resource windows       : no
  Weak resource windows         : no
  Resource windows (nodes)      : 3
  Resource values (arcs)        : 3
  Values on nodes               : no

  Rows                          : 865
  Initial columns               : 2
  Tasks                         : 703
  Strong tasks                  : 699
  Weak tasks                    : 4
  Initial task constraints      : no
  Nodes                         : 1031
  Arc sets                      : 1
  Arcs                          : 23714
  Networks                      : 2
  Models                        : 1

Memory used per module (Megs)

  Parser (reused)               :      5.093
  Networks                      :     25.065
  Column generator              :      8.960
  Master problem                :      8.483
  -----------------
  Total                         :     42.508

Cpu time per module (seconds)

  Parser                        :        0.0
  Preprocessor                  :        0.0
  Lr solver manager             :        0.1
  Column generator              :       36.2
    (Shortest path)             :       32.3
  Master problem                :      271.2
  -------------------
  Total (without b&b)           :      307.5

Real elapsed time (seconds)

  Parser                        :        0.0
  Preprocessor                  :        0.0
  Lr solver manager             :        0.1
  Column generator              :       36.3
    (Shortest path)             :       32.5
  Master problem                :      271.5
  -------------------
  Total (without b&b)           :      308.0
