
Branch and bound

  Entire solving process        :                           (Time     84.9)
  No feasible solution was found
  Best relaxation cost          :     36614.08 (Node     0) (Time     84.8)
  Lower bound after cuts        :     36614.08
  End lower bound               :     36614.08
  Deepest level reached         : 0
  Deepest real level reached    : 0
  Number of real nodes solved   : 1
  Stopping condition            : enough nodes explored

Problem identification

  Problem                       : <null>
  Machine                       : oslo2.gerad.lan

Solving process summary

  Linear relaxations            :        1
  Column generation iterations  :      156
  Shortest paths solved         :     3063
  Columns generated             :    29169

Instance characteristics

  Resources                     : 3
  Node types                    : no
  Arc types                     : no
  Strong resource windows       : no
  Weak resource windows         : no
  Resource windows (nodes)      : 3
  Resource values (arcs)        : 3
  Values on nodes               : no

  Rows                          : 740
  Initial columns               : 2
  Tasks                         : 578
  Strong tasks                  : 574
  Weak tasks                    : 4
  Initial task constraints      : no
  Nodes                         : 906
  Arc sets                      : 1
  Arcs                          : 16814
  Networks                      : 2
  Models                        : 1

Memory used per module (Megs)

  Parser (reused)               :      3.761
  Networks                      :     21.190
  Column generator              :      6.296
  Master problem                :      7.682
  -----------------
  Total                         :     35.168

Cpu time per module (seconds)

  Parser                        :        0.0
  Preprocessor                  :        0.0
  Lr solver manager             :        0.1
  Column generator              :       12.5
    (Shortest path)             :       11.2
  Master problem                :       72.2
  -------------------
  Total (without b&b)           :       84.8

Real elapsed time (seconds)

  Parser                        :        0.0
  Preprocessor                  :        0.0
  Lr solver manager             :        0.0
  Column generator              :       12.5
    (Shortest path)             :       11.3
  Master problem                :       72.4
  -------------------
  Total (without b&b)           :       85.0
