
Branch and bound

  Entire solving process        :                           (Time    151.1)
  No feasible solution was found
  Best relaxation cost          :     60344.89 (Node     0) (Time    151.1)
  Lower bound after cuts        :     60344.89
  End lower bound               :     60344.89
  Deepest level reached         : 0
  Deepest real level reached    : 0
  Number of real nodes solved   : 1
  Stopping condition            : enough nodes explored

Problem identification

  Problem                       : <null>
  Machine                       : oslo4.gerad.lan

Solving process summary

  Linear relaxations            :        1
  Column generation iterations  :      124
  Shortest paths solved         :     8258
  Columns generated             :    61407

Instance characteristics

  Resources                     : 3
  Node types                    : no
  Arc types                     : no
  Strong resource windows       : no
  Weak resource windows         : no
  Resource windows (nodes)      : 3
  Resource values (arcs)        : 3
  Values on nodes               : no

  Rows                          : 1007
  Initial columns               : 449
  Tasks                         : 845
  Strong tasks                  : 590
  Weak tasks                    : 4
  Initial task constraints      : no
  Nodes                         : 1173
  Arc sets                      : 1
  Arcs                          : 33145
  Networks                      : 2
  Models                        : 1

Memory used per module (Megs)

  Parser (reused)               :      6.910
  Networks                      :     33.057
  Column generator              :      6.660
  Master problem                :      9.821
  -----------------
  Total                         :     49.538

Cpu time per module (seconds)

  Parser                        :        0.0
  Preprocessor                  :        0.0
  Lr solver manager             :        0.1
  Column generator              :       67.8
    (Shortest path)             :       58.3
  Master problem                :       83.1
  -------------------
  Total (without b&b)           :      151.1

Real elapsed time (seconds)

  Parser                        :        0.0
  Preprocessor                  :        0.0
  Lr solver manager             :        0.1
  Column generator              :       67.8
    (Shortest path)             :       57.6
  Master problem                :       83.2
  -------------------
  Total (without b&b)           :      151.1
