Cover_T0 54
Cover_T1 -52
Cover_T2 54
Cover_T3 -50
Cover_T4 54
Cover_T5 -50
Cover_T6 54
Cover_T7 -50
Cover_T8 52
Cover_T9 -50
Cover_T10 54
Cover_T11 -50
Cover_T12 54
Cover_T13 -50
Cover_T14 54
Cover_T15 -50
Cover_T16 52
Cover_T17 -50
Cover_T18 52
Cover_T19 -50
Cover_T20 54
Cover_T21 -50
Cover_T22 54
Cover_T23 -46
Cover_T24 58
Cover_T25 -46
Cover_T26 58
Cover_T27 -42
Cover_T28 58
Cover_T29 -42
Cover_T30 60
Cover_T31 -34
Cover_T32 60
Cover_T33 -34
Cover_T34 64
Cover_T35 -30
Cover_T36 58
Cover_T37 -20
Cover_T38 54
Cover_T39 934
Cover_T40 986
Cover_T41 918
Cover_T42 988
Cover_T43 898
Cover_T44 968
Cover_T45 888
Cover_T46 960
Cover_T47 930
Cover_T48 972
Cover_T49 936
Cover_T50 2
Cover_T51 0
Cover_T52 86
Cover_T53 0
Cover_T54 86
Cover_T55 0
Cover_T56 102
Cover_T57 0
Cover_T58 44
Cover_T59 12
Cover_T60 58
Cover_T61 0
Cover_T62 42
Cover_T63 -44
Cover_T64 26
Cover_T65 -44
Cover_T66 10
Cover_T67 -28
Cover_T68 0
Cover_T69 -48
Cover_T70 7.64625e-11
Cover_T71 -32
Cover_T72 -8
Cover_T73 -16
Cover_T74 -9.13971e-11
Cover_T75 -4.13593e-10
Cover_T76 2.83222e-11
Cover_T77 -7.9766e-11
Cover_T78 0
Cover_T79 2
Cover_T80 0
Cover_T81 18
Cover_T82 0
Cover_T83 10
Cover_T84 0
Cover_T85 2.06626e-11
Cover_T86 0
Cover_T87 4
Cover_T88 -4
Cover_T89 6.84395e-11
Cover_T90 3.25642e-11
Cover_T91 0
Cover_T92 8
Cover_T93 2
Cover_T94 8
Cover_T95 6
Cover_T96 2
Cover_T97 6
Cover_T98 -2
Cover_T99 2.00058e-10
Cover_T100 0
Cover_T101 0
Cover_T102 -1.56639e-11
Cover_T103 6
Cover_T104 4
Cover_T105 6
Cover_T106 0
Cover_T107 1.17289e-10
Cover_T108 4
Cover_T109 16
Cover_T110 50
Cover_T111 12
Cover_T112 34
Cover_T113 6
Cover_T114 18
Cover_T115 10
Cover_T116 50
Cover_T117 6
Cover_T118 34
Cover_T119 -34
Cover_T120 6
Cover_T121 -6
Cover_T122 4
Cover_T123 -26
Cover_T124 -10
Cover_T125 2
Cover_T126 -38
Cover_T127 4
Cover_T128 16
Cover_T129 6
Cover_T130 -3.52962e-11
Cover_T131 22
Cover_T132 48
Cover_T133 38
Cover_T134 32
Cover_T135 52
Cover_T136 16
Cover_T137 -6
Cover_T138 -8.14399e-10
Cover_T139 10
Cover_T140 1.80737e-11
Cover_T141 -38
Cover_T142 16
Cover_T143 -18
Cover_T144 -4
Cover_T145 2
Cover_T146 2
Cover_T147 6
Cover_T148 4
Cover_T149 -6
Cover_T150 -10
Cover_T151 14
Cover_T152 -20
Cover_T153 8
Cover_T154 -44
Cover_T155 12
Cover_T156 10
Cover_T157 32
Cover_T158 4
Cover_T159 62
Cover_T160 28
Cover_T161 16
Cover_T162 6
Cover_T163 16
Cover_T164 38
Cover_T165 0
Cover_T166 16
Cover_T167 0
Cover_T168 0
Cover_T169 32
Cover_T170 -14
Cover_T171 -8
Cover_T172 32
Cover_T173 18
Cover_T174 6
Cover_T175 28
Cover_T176 0
Cover_T177 44
Cover_T178 -20
Cover_T179 28
Cover_T180 -30
Cover_T181 4
Cover_T182 20
Cover_T183 4
Cover_T184 20
Cover_T185 20
Cover_T186 -2
Cover_T187 48
Cover_T188 10
Cover_T189 64
Cover_T190 12
Cover_T191 10
Cover_T192 -1.83164e-10
Cover_T193 20
Cover_T194 -2
Cover_T195 10
Cover_T196 6
Cover_T197 18
Cover_T198 10
Cover_T199 34
Cover_T200 0
Cover_T201 30
Cover_T202 -4
Cover_T203 34
Cover_T204 -12
Cover_T205 20
Cover_T206 -34
Cover_T207 28
Cover_T208 -26
Cover_T209 22
Cover_T210 -14
Cover_T211 46
Cover_T212 -14
Cover_T213 62
Cover_T214 -30
Cover_T215 40
Cover_T216 -16
Cover_T217 36
Cover_T218 -32
Cover_T219 40
Cover_T220 -14
Cover_T221 40
Cover_T222 -20
Cover_T223 56
Cover_T224 -36
Cover_T225 54
Cover_T226 -24
Cover_T227 46
Cover_T228 -28
Cover_T229 64
Cover_T230 -30
Cover_T231 52
Cover_T232 -30
Cover_T233 58
Cover_T234 -50
Cover_T235 62
Cover_T236 -36
Cover_T237 64
Cover_T238 -50
Cover_T239 54
Cover_T240 54
Cover_T241 -50
Cover_T242 54
Cover_T243 -50
Cover_T244 50
Cover_T245 -50
Cover_T246 52
Cover_T247 -50
Cover_T248 56
Cover_T249 -48
Cover_T250 56
Cover_T251 -44
Cover_T252 56
Cover_T253 -44
Cover_T254 58
Cover_T255 -36
Cover_T256 58
Cover_T257 -36
Cover_T258 62
Cover_T259 -32
Cover_T260 56
Cover_T261 -24
Cover_T262 48
Cover_T263 930
Cover_T264 982
Cover_T265 910
Cover_T266 980
Cover_T267 900
Cover_T268 972
Cover_T269 942
Cover_T270 14
Cover_T271 10
Cover_T272 34
Cover_T273 12
Cover_T274 98
Cover_T275 10
Cover_T276 56
Cover_T277 14
Cover_T278 38
Cover_T279 10
Cover_T280 54
Cover_T281 -38
Cover_T282 34
Cover_T283 -38
Cover_T284 20
Cover_T285 -22
Cover_T286 4
Cover_T287 -42
Cover_T288 0
Cover_T289 -26
Cover_T290 -2
Cover_T291 -10
Cover_T292 -18
Cover_T293 7.17097e-11
Cover_T294 -10
Cover_T295 0
Cover_T296 0
Cover_T297 8
Cover_T298 -4
Cover_T299 0
Cover_T300 0
Cover_T301 0
Cover_T302 4.41602e-11
Cover_T303 1.20416e-10
Cover_T304 2
Cover_T305 4.56168e-12
Cover_T306 2
Cover_T307 1.05538e-11
Cover_T308 6
Cover_T309 5.67635e-11
Cover_T310 -10
Cover_T311 -2.76827e-11
Cover_T312 0
Cover_T313 4
Cover_T314 4
Cover_T315 0
Cover_T316 2
Cover_T317 16
Cover_T318 2
Cover_T319 6
Cover_T320 8
Cover_T321 2
Cover_T322 -8
Cover_T323 4
Cover_T324 -6
Cover_T325 8
Cover_T326 -4
Cover_T327 6
Cover_T328 9.62714e-11
Cover_T329 6
Cover_T330 50
Cover_T331 4
Cover_T332 30
Cover_T333 0
Cover_T334 10
Cover_T335 -50
Cover_T336 40
Cover_T337 -34
Cover_T338 24
Cover_T339 -18
Cover_T340 8
Cover_T341 -50
Cover_T342 0
Cover_T343 -34
Cover_T344 2
Cover_T345 -18
Cover_T346 6.87091e-10
Cover_T347 -2
Cover_T348 -16
Cover_T349 6
Cover_T350 -32
Cover_T351 10
Cover_T352 16
Cover_T353 24
Cover_T354 52
Cover_T355 52
Cover_T356 24
Cover_T357 4
Cover_T358 12
Cover_T359 -32
Cover_T360 24
Cover_T361 -16
Cover_T362 8
Cover_T363 8.31946e-10
Cover_T364 -8
Cover_T365 -3.47455e-11
Cover_T366 2
Cover_T367 -18
Cover_T368 8
Cover_T369 0
Cover_T370 -2
Cover_T371 16
Cover_T372 -8
Cover_T373 6
Cover_T374 -24
Cover_T375 3.39294e-10
Cover_T376 -44
Cover_T377 16
Cover_T378 0
Cover_T379 32
Cover_T380 -1.86841e-10
Cover_T381 46
Cover_T382 -3.00911e-10
Cover_T383 10
Cover_T384 18
Cover_T385 12
Cover_T386 18
Cover_T387 28
Cover_T388 46
Cover_T389 4
Cover_T390 10
Cover_T391 26
Cover_T392 -6
Cover_T393 5.27166e-10
Cover_T394 32
Cover_T395 32
Cover_T396 6
Cover_T397 48
Cover_T398 -18
Cover_T399 10
Cover_T400 20
Cover_T401 26
Cover_T402 2
Cover_T403 60
Cover_T404 12
Cover_T405 4
Cover_T406 10
Cover_T407 6
Cover_T408 0
Cover_T409 28
Cover_T410 10
Cover_T411 12
Cover_T412 -6
Cover_T413 12
Cover_T414 0
Cover_T415 26
Cover_T416 -2
Cover_T417 20
Cover_T418 0
Cover_T419 28
Cover_T420 0
Cover_T421 30
Cover_T422 -4
Cover_T423 16
Cover_T424 -8
Cover_T425 16
Cover_T426 -30
Cover_T427 14
Cover_T428 -14
Cover_T429 24
Cover_T430 -14
Cover_T431 38
Cover_T432 -14
Cover_T433 58
Cover_T434 -14
Cover_T435 34
Cover_T436 -30
Cover_T437 32
Cover_T438 -16
Cover_T439 32
Cover_T440 -36
Cover_T441 36
Cover_T442 -20
Cover_T443 52
Cover_T444 -20
Cover_T445 38
Cover_T446 -38
Cover_T447 50
Cover_T448 -30
Cover_T449 66
Cover_T450 -30
Cover_T451 46
Cover_T452 -32
Cover_T453 42
Cover_T454 -44
Cover_T455 52
Cover_T456 -32
Cover_T457 40
Cover_T458 -30
Cover_T459 46
Cover_T460 -32
Cover_T461 50
Cover_T462 -32
Cover_T463 64
Cover_T464 -30
Cover_T465 52
Cover_T466 -36
Cover_T467 58
Cover_T468 -38
Cover_T469 52
Cover_T470 -44
Cover_T471 66
Cover_T472 -50
Cover_T473 58
Cover_T474 62
Cover_T475 -32
Cover_T476 62
Cover_T477 -32
Cover_T478 66
Cover_T479 -32
Cover_T480 50
Cover_T481 -22
Cover_T482 56
Cover_T483 932
Cover_T484 990
Cover_T485 914
Cover_T486 984
Cover_T487 898
Cover_T488 986
Cover_T489 878
Cover_T490 978
Cover_T491 936
Cover_T492 978
Cover_T493 942
Cover_T494 972
Cover_T495 942
Cover_T496 66
Cover_T497 6
Cover_T498 82
Cover_T499 0
Cover_T500 82
Cover_T501 14
Cover_T502 82
Cover_T503 8
Cover_T504 60
Cover_T505 8
Cover_T506 52
Cover_T507 20
Cover_T508 40
Cover_T509 -48
Cover_T510 14
Cover_T511 -44
Cover_T512 4
Cover_T513 -24
Cover_T514 2
Cover_T515 -40
Cover_T516 2
Cover_T517 -20
Cover_T518 8
Cover_T519 -4.5139e-10
Cover_T520 0
Cover_T521 2
Cover_T522 4
Cover_T523 4
Cover_T524 4
Cover_T525 20
Cover_T526 6
Cover_T527 12
Cover_T528 6
Cover_T529 2
Cover_T530 10
Cover_T531 6
Cover_T532 -6
Cover_T533 2
Cover_T534 4
Cover_T535 2
Cover_T536 8
Cover_T537 0
Cover_T538 6
Cover_T539 0
Cover_T540 6
Cover_T541 -4
Cover_T542 12
Cover_T543 12
Cover_T544 -4
Cover_T545 2
Cover_T546 0
Cover_T547 -2
Cover_T548 6
Cover_T549 0
Cover_T550 2
Cover_T551 0
Cover_T552 6
Cover_T553 -6
Cover_T554 52
Cover_T555 10
Cover_T556 36
Cover_T557 6
Cover_T558 20
Cover_T559 0
Cover_T560 52
Cover_T561 4
Cover_T562 36
Cover_T563 0
Cover_T564 20
Cover_T565 -46
Cover_T566 2
Cover_T567 -26
Cover_T568 8
Cover_T569 -6
Cover_T570 2
Cover_T571 -34
Cover_T572 -18
Cover_T573 -14
Cover_T574 -38
Cover_T575 6
Cover_T576 18
Cover_T577 0
Cover_T578 0
Cover_T579 2
Cover_T580 48
Cover_T581 18
Cover_T582 32
Cover_T583 34
Cover_T584 16
Cover_T585 50
Cover_T586 -8.86883e-10
Cover_T587 -10
Cover_T588 0
Cover_T589 6
Cover_T590 18
Cover_T591 -42
Cover_T592 2
Cover_T593 -24
Cover_T594 8
Cover_T595 -4
Cover_T596 10
Cover_T597 2
Cover_T598 -4
Cover_T599 -12
Cover_T600 -14
Cover_T601 8
Cover_T602 -34
Cover_T603 2
Cover_T604 0
Cover_T605 0
Cover_T606 16
Cover_T607 16
Cover_T608 6
Cover_T609 22
Cover_T610 16
Cover_T611 24
Cover_T612 4
Cover_T613 32
Cover_T614 28
Cover_T615 46
Cover_T616 30
Cover_T617 64
Cover_T618 24
Cover_T619 28
Cover_T620 12
Cover_T621 0
Cover_T622 -2.85659e-10
Cover_T623 18
Cover_T624 48
Cover_T625 20
Cover_T626 28
Cover_T627 0
Cover_T628 12
Cover_T629 0
Cover_T630 -5.73307e-10
Cover_T631 12
Cover_T632 -16
Cover_T633 32
Cover_T634 0
Cover_T635 -18
Cover_T636 14
Cover_T637 4
Cover_T638 14
Cover_T639 20
Cover_T640 -10
Cover_T641 42
Cover_T642 -36
Cover_T643 62
Cover_T644 22
Cover_T645 6
Cover_T646 8
Cover_T647 22
Cover_T648 16
Cover_T649 42
Cover_T650 14
Cover_T651 62
Cover_T652 2
Cover_T653 16
Cover_T654 6
Cover_T655 20
Cover_T656 2
Cover_T657 14
Cover_T658 8
Cover_T659 22
Cover_T660 10
Cover_T661 34
Cover_T662 2
Cover_T663 28
Cover_T664 -1.33618e-10
Cover_T665 20
Cover_T666 -8
Cover_T667 14
Cover_T668 -16
Cover_T669 28
Cover_T670 -32
Cover_T671 26
Cover_T672 -14
Cover_T673 28
Cover_T674 -10
Cover_T675 26
Cover_T676 -14
Cover_T677 30
Cover_T678 -14
Cover_T679 44
Cover_T680 -14
Cover_T681 38
Cover_T682 -40
Cover_T683 34
Cover_T684 -18
Cover_T685 46
Cover_T686 -20
Cover_T687 48
Cover_T688 -34
Cover_T689 64
Cover_T690 -32
Cover_T691 42
Cover_T692 -26
Cover_T693 62
Cover_T694 -38
Cover_T695 60
Cover_T696 -30
Cover_T697 66
Cover_T698 -36
Cover_T699 56
Cover_T700 -36
Cover_T701 50
Cover_T702 -42
Cover_T703 56
Cover_T704 -36
Cover_T705 54
Cover_T706 -36
Cover_T707 56
Cover_T708 -40
Cover_T709 66
Cover_T710 -40
Cover_T711 58
Cover_T712 -50
Cover_T713 62
Cover_T714 18
Cover_T715 4
Cover_T716 2
Cover_T717 12
Cover_T718 4.20137e-10
Cover_T719 12
Cover_T720 20
Cover_T721 16
Cover_T722 0
Cover_T723 10
Cover_T724 24
Cover_T725 980
Cover_T726 0
Cover_T727 964
Cover_T728 984
Cover_T729 928
Cover_T730 980
Cover_T731 986
Cover_T732 970
Cover_T733 964
Cover_T734 0
Cover_T735 984
Cover_T736 84
Cover_T737 0
Cover_T738 100
Cover_T739 0
Cover_T740 58
Cover_T741 2.21185e-10
Cover_T742 40
Cover_T743 16
Cover_T744 52
Cover_T745 -16
Cover_T746 0
Cover_T747 58
Cover_T748 0
Cover_T749 56
Cover_T750 -22
Cover_T751 62
Cover_T752 32
Cover_T753 44
Cover_T754 4
Cover_T755 34
Cover_T756 0
Cover_T757 56
Cover_T758 0
Cover_T759 70
Cover_T760 0
Cover_T761 0
Cover_T762 20
Cover_T763 22
Cover_T764 32
Cover_T765 30
Cover_T766 24
Cover_T767 30
Cover_T768 34
Cover_T769 28
Cover_T770 20
Cover_T771 10
Cover_T772 0
Cover_T773 0
Cover_T774 60
Cover_T775 0
Cover_T776 38
Cover_T777 0
Cover_T778 62
Cover_T779 22
Cover_T780 36
Cover_T781 38
Cover_T782 56
Cover_T783 0
Cover_T784 58
Cover_T785 6
Cover_T786 50
Cover_T787 -6.44172e-10
Count_D0 -984
Count_D1 -1000
Max_H0_P0 0
Max_H0_P1 0
Max_H0_P2 0
Max_H0_P3 0
Max_H0_P4 0
Max_H0_P5 0
Max_H0_P6 0
Max_H0_P7 0
Max_H0_P8 0
Max_H0_P9 0
Max_H0_P10 0
Max_H0_P11 0
Max_H0_P12 0
Max_H0_P13 0
Max_H0_P14 0
Max_H0_P15 0
Max_H0_P16 2.55143e-11
Max_H0_P17 -2.53632e-11
Max_H0_P18 7.1978e-12
Max_H0_P19 -1.19249e-11
Max_H0_P20 -2.4821e-11
Max_H0_P21 7.16938e-11
Max_H0_P22 0
Max_H0_P23 -1.35187e-12
Max_H0_P24 4.04343e-11
Max_H0_P25 4.44587e-11
Max_H0_P26 5.06604e-11
Max_H0_P27 7.7712e-12
Max_H0_P28 -1.49841e-11
Max_H0_P29 5.23666e-11
Max_H0_P30 4.43379e-11
Max_H0_P31 1.23206e-12
Max_H0_P32 1.32491e-12
Max_H0_P33 2.50324e-11
Max_H0_P34 5.34328e-11
Max_H0_P35 6.07088e-11
Max_H0_P36 2.47837e-11
Max_H0_P37 -1.1251e-10
Max_H0_P38 0
Max_H0_P39 5.72272e-11
Max_H0_P40 -2.61162e-11
Max_H0_P41 7.57892e-11
Max_H0_P42 0
Max_H0_P43 0
Max_H0_P44 0
Max_H0_P45 0
Max_H0_P46 0
Max_H0_P47 0
Max_H0_P48 0
Max_H0_P49 0
Max_H0_P50 0
Max_H0_P51 0
Max_H0_P52 0
Max_H0_P53 0
Max_H0_P54 0
Max_H0_P55 0
Max_H0_P56 0
Max_H0_P57 0
Max_H0_P58 0
Max_H0_P59 0
Max_H0_P60 0
Max_H0_P61 0
Max_H0_P62 0
Max_H0_P63 0
Max_H0_P64 0
Max_H0_P65 -0
Max_H0_P66 0
Max_H0_P67 0
Max_H0_P68 0
Max_H0_P69 0
Max_H0_P70 0
Max_H0_P71 0
Max_H0_P72 0
Max_H0_P73 0
Max_H0_P74 0
Max_H0_P75 0
Max_H0_P76 -0
Max_H0_P77 0
Max_H0_P78 0
Max_H0_P79 0
Max_H0_P80 0
Max_H0_P81 0
Max_H1_P0 0
Max_H1_P1 0
Max_H1_P2 0
Max_H1_P3 0
Max_H1_P4 0
Max_H1_P5 0
Max_H1_P6 -1.78876e-11
Max_H1_P7 0
Max_H1_P8 0
Max_H1_P9 0
Max_H1_P10 0
Max_H1_P11 0
Max_H1_P12 0
Max_H1_P13 0
Max_H1_P14 0
Max_H1_P15 0
Max_H1_P16 6.61089e-11
Max_H1_P17 -3.25668e-11
Max_H1_P18 6.21585e-13
Max_H1_P19 -1.81654e-11
Max_H1_P20 -4.47652e-11
Max_H1_P21 5.17897e-11
Max_H1_P22 5.22753e-11
Max_H1_P23 0
Max_H1_P24 6.62936e-11
Max_H1_P25 2.38707e-11
Max_H1_P26 1.02318e-12
Max_H1_P27 0
Max_H1_P28 2.08846e-11
Max_H1_P29 2.44609e-11
Max_H1_P30 1.94635e-11
Max_H1_P31 2.28466e-11
Max_H1_P32 1.50515e-11
Max_H1_P33 1.1588e-11
Max_H1_P34 2.24204e-11
Max_H1_P35 2.50102e-11
Max_H1_P36 0
Max_H1_P37 -9.3176e-11
Max_H1_P38 -6.41107e-12
Max_H1_P39 0
Max_H1_P40 1.98824e-11
Max_H1_P41 1.96678e-11
Max_H1_P42 1.74509e-11
Max_H1_P43 0
Max_H1_P44 0
Max_H1_P45 0
Max_H1_P46 0
Max_H1_P47 0
Max_H1_P48 0
Max_H1_P49 0
Max_H1_P50 0
Max_H1_P51 0
Max_H1_P52 0
Max_H1_P53 0
Max_H1_P54 0
Max_H1_P55 0
Max_H1_P56 0
Max_H1_P57 0
Max_H1_P58 0
Max_H1_P59 0
Max_H1_P60 0
Max_H1_P61 0
Max_H1_P62 0
Max_H1_P63 0
Max_H1_P64 0
Max_H1_P65 0
Max_H1_P66 0
Max_H1_P67 0
Max_H1_P68 0
Max_H1_P69 0
Max_H1_P70 0
Max_H1_P71 0
Max_H1_P72 0
Max_H1_P73 0
Max_H1_P74 0
Max_H1_P75 0
Max_H1_P76 0
Max_H1_P77 -1.66906e-10
Max_H1_P78 2.30616e-10
Max_H1_P79 -3.91007e-11
Max_H1_P80 0
Max_H1_P81 0
