
Branch and bound

  Entire solving process        :                           (Time    216.3)
  No feasible solution was found
  Best relaxation cost          :     45259.31 (Node     0) (Time    216.2)
  Lower bound after cuts        :     45259.31
  End lower bound               :     45259.31
  Deepest level reached         : 0
  Deepest real level reached    : 0
  Number of real nodes solved   : 1
  Stopping condition            : enough nodes explored

Problem identification

  Problem                       : <null>
  Machine                       : oslo2.gerad.lan

Solving process summary

  Linear relaxations            :        1
  Column generation iterations  :      140
  Shortest paths solved         :     5453
  Columns generated             :    46564

Instance characteristics

  Resources                     : 3
  Node types                    : no
  Arc types                     : no
  Strong resource windows       : no
  Weak resource windows         : no
  Resource windows (nodes)      : 3
  Resource values (arcs)        : 3
  Values on nodes               : no

  Rows                          : 954
  Initial columns               : 368
  Tasks                         : 792
  Strong tasks                  : 577
  Weak tasks                    : 4
  Initial task constraints      : no
  Nodes                         : 1120
  Arc sets                      : 1
  Arcs                          : 28842
  Networks                      : 2
  Models                        : 1

Memory used per module (Megs)

  Parser (reused)               :      6.062
  Networks                      :     30.514
  Column generator              :     13.319
  Master problem                :     10.199
  -----------------
  Total                         :     54.033

Cpu time per module (seconds)

  Parser                        :        0.0
  Preprocessor                  :        0.0
  Lr solver manager             :        0.1
  Column generator              :       60.3
    (Shortest path)             :       53.8
  Master problem                :      155.8
  -------------------
  Total (without b&b)           :      216.2

Real elapsed time (seconds)

  Parser                        :        0.0
  Preprocessor                  :        0.0
  Lr solver manager             :        0.1
  Column generator              :       60.4
    (Shortest path)             :       53.8
  Master problem                :      156.0
  -------------------
  Total (without b&b)           :      216.6
