
Branch and bound

  Entire solving process        :                           (Time    355.1)
  No feasible solution was found
  Best relaxation cost          :     45395.50 (Node     0) (Time    355.1)
  Lower bound after cuts        :     45395.50
  End lower bound               :     45395.50
  Deepest level reached         : 0
  Deepest real level reached    : 0
  Number of real nodes solved   : 1
  Stopping condition            : enough nodes explored

Problem identification

  Problem                       : <null>
  Machine                       : oslo2.gerad.lan

Solving process summary

  Linear relaxations            :        1
  Column generation iterations  :      217
  Shortest paths solved         :     4620
  Columns generated             :    53401

Instance characteristics

  Resources                     : 3
  Node types                    : no
  Arc types                     : no
  Strong resource windows       : no
  Weak resource windows         : no
  Resource windows (nodes)      : 3
  Resource values (arcs)        : 3
  Values on nodes               : no

  Rows                          : 954
  Initial columns               : 2
  Tasks                         : 792
  Strong tasks                  : 788
  Weak tasks                    : 4
  Initial task constraints      : no
  Nodes                         : 1120
  Arc sets                      : 1
  Arcs                          : 28842
  Networks                      : 2
  Models                        : 1

Memory used per module (Megs)

  Parser (reused)               :      6.062
  Networks                      :     28.213
  Column generator              :     11.019
  Master problem                :      9.829
  -----------------
  Total                         :     49.061

Cpu time per module (seconds)

  Parser                        :        0.0
  Preprocessor                  :        0.0
  Lr solver manager             :        0.2
  Column generator              :       91.0
    (Shortest path)             :       84.3
  Master problem                :      263.9
  -------------------
  Total (without b&b)           :      355.0

Real elapsed time (seconds)

  Parser                        :        0.0
  Preprocessor                  :        0.0
  Lr solver manager             :        0.1
  Column generator              :       91.2
    (Shortest path)             :       84.2
  Master problem                :      264.3
  -------------------
  Total (without b&b)           :      355.6
