
Branch and bound

  Entire solving process        :                           (Time   1538.5)
  No feasible solution was found
  Best relaxation cost          :     66682.02 (Node     0) (Time   1538.5)
  Lower bound after cuts        :     66682.02
  End lower bound               :     66682.02
  Deepest level reached         : 0
  Deepest real level reached    : 0
  Number of real nodes solved   : 1
  Stopping condition            : enough nodes explored

Problem identification

  Problem                       : <null>
  Machine                       : oslo4.gerad.lan

Solving process summary

  Linear relaxations            :        1
  Column generation iterations  :      275
  Shortest paths solved         :     5982
  Columns generated             :    68459

Instance characteristics

  Resources                     : 3
  Node types                    : no
  Arc types                     : no
  Strong resource windows       : no
  Weak resource windows         : no
  Resource windows (nodes)      : 3
  Resource values (arcs)        : 3
  Values on nodes               : no

  Rows                          : 1117
  Initial columns               : 2
  Tasks                         : 955
  Strong tasks                  : 951
  Weak tasks                    : 4
  Initial task constraints      : no
  Nodes                         : 1283
  Arc sets                      : 1
  Arcs                          : 40449
  Networks                      : 2
  Models                        : 1

Memory used per module (Megs)

  Parser (reused)               :      8.363
  Networks                      :     34.267
  Column generator              :     16.226
  Master problem                :     10.638
  -----------------
  Total                         :     61.131

Cpu time per module (seconds)

  Parser                        :        0.0
  Preprocessor                  :        0.0
  Lr solver manager             :        0.2
  Column generator              :      191.8
    (Shortest path)             :      176.5
  Master problem                :     1346.4
  -------------------
  Total (without b&b)           :     1538.4

Real elapsed time (seconds)

  Parser                        :        0.0
  Preprocessor                  :        0.0
  Lr solver manager             :        0.2
  Column generator              :      191.8
    (Shortest path)             :      177.0
  Master problem                :     1346.5
  -------------------
  Total (without b&b)           :     1538.5
