Cover_T0 52
Cover_T1 -52
Cover_T2 52
Cover_T3 -52
Cover_T4 52
Cover_T5 -52
Cover_T6 52
Cover_T7 -52
Cover_T8 52
Cover_T9 -52
Cover_T10 54
Cover_T11 -52
Cover_T12 54
Cover_T13 -50
Cover_T14 52
Cover_T15 -50
Cover_T16 54
Cover_T17 -50
Cover_T18 60
Cover_T19 -50
Cover_T20 60
Cover_T21 -44
Cover_T22 62
Cover_T23 -44
Cover_T24 62
Cover_T25 -38
Cover_T26 64
Cover_T27 -32
Cover_T28 60
Cover_T29 -32
Cover_T30 60
Cover_T31 -32
Cover_T32 60
Cover_T33 -22
Cover_T34 58
Cover_T35 -34
Cover_T36 52
Cover_T37 -24
Cover_T38 52
Cover_T39 6
Cover_T40 40
Cover_T41 -10
Cover_T42 984
Cover_T43 948
Cover_T44 1028
Cover_T45 948
Cover_T46 1032
Cover_T47 948
Cover_T48 990
Cover_T49 948
Cover_T50 1020
Cover_T51 0
Cover_T52 46
Cover_T53 -40
Cover_T54 36
Cover_T55 -32
Cover_T56 8
Cover_T57 -34
Cover_T58 0
Cover_T59 -28
Cover_T60 0
Cover_T61 4.39955e-10
Cover_T62 4
Cover_T63 8
Cover_T64 8
Cover_T65 8
Cover_T66 -20
Cover_T67 4
Cover_T68 -12
Cover_T69 0
Cover_T70 -40
Cover_T71 24
Cover_T72 8
Cover_T73 8
Cover_T74 30
Cover_T75 28
Cover_T76 10
Cover_T77 48
Cover_T78 -10
Cover_T79 0
Cover_T80 0
Cover_T81 -22
Cover_T82 4
Cover_T83 -2
Cover_T84 2
Cover_T85 18
Cover_T86 4
Cover_T87 8
Cover_T88 -14
Cover_T89 4
Cover_T90 -34
Cover_T91 6
Cover_T92 4
Cover_T93 4
Cover_T94 2
Cover_T95 20
Cover_T96 10
Cover_T97 36
Cover_T98 -6
Cover_T99 52
Cover_T100 -22
Cover_T101 10
Cover_T102 -38
Cover_T103 8
Cover_T104 2
Cover_T105 1.88724e-09
Cover_T106 16
Cover_T107 16
Cover_T108 -3.24807e-11
Cover_T109 32
Cover_T110 -16
Cover_T111 48
Cover_T112 8
Cover_T113 8
Cover_T114 10
Cover_T115 -6
Cover_T116 28
Cover_T117 10
Cover_T118 12
Cover_T119 26
Cover_T120 -4
Cover_T121 2
Cover_T122 52
Cover_T123 0
Cover_T124 36
Cover_T125 -12
Cover_T126 8
Cover_T127 16
Cover_T128 6
Cover_T129 -28
Cover_T130 -4
Cover_T131 6.43401e-10
Cover_T132 -16
Cover_T133 2
Cover_T134 -44
Cover_T135 12
Cover_T136 12
Cover_T137 24
Cover_T138 22
Cover_T139 54
Cover_T140 -6
Cover_T141 2
Cover_T142 34
Cover_T143 0
Cover_T144 38
Cover_T145 -6
Cover_T146 22
Cover_T147 26
Cover_T148 38
Cover_T149 32
Cover_T150 20
Cover_T151 4
Cover_T152 -2
Cover_T153 0
Cover_T154 20
Cover_T155 16
Cover_T156 20
Cover_T157 4
Cover_T158 32
Cover_T159 22
Cover_T160 34
Cover_T161 42
Cover_T162 16
Cover_T163 0
Cover_T164 4.49415e-10
Cover_T165 28
Cover_T166 -16
Cover_T167 6
Cover_T168 -32
Cover_T169 12
Cover_T170 8
Cover_T171 20
Cover_T172 6
Cover_T173 40
Cover_T174 16
Cover_T175 56
Cover_T176 14
Cover_T177 80
Cover_T178 8
Cover_T179 34
Cover_T180 4
Cover_T181 38
Cover_T182 0
Cover_T183 26
Cover_T184 -4
Cover_T185 28
Cover_T186 -4
Cover_T187 34
Cover_T188 -6
Cover_T189 24
Cover_T190 -16
Cover_T191 26
Cover_T192 -20
Cover_T193 30
Cover_T194 -18
Cover_T195 36
Cover_T196 -18
Cover_T197 38
Cover_T198 -20
Cover_T199 46
Cover_T200 -22
Cover_T201 32
Cover_T202 -24
Cover_T203 46
Cover_T204 -34
Cover_T205 46
Cover_T206 -30
Cover_T207 44
Cover_T208 -32
Cover_T209 48
Cover_T210 -28
Cover_T211 70
Cover_T212 -36
Cover_T213 60
Cover_T214 -36
Cover_T215 54
Cover_T216 -38
Cover_T217 60
Cover_T218 -38
Cover_T219 62
Cover_T220 -46
Cover_T221 52
Cover_T222 -46
Cover_T223 58
Cover_T224 -52
Cover_T225 52
Cover_T226 52
Cover_T227 -52
Cover_T228 52
Cover_T229 -50
Cover_T230 60
Cover_T231 -48
Cover_T232 60
Cover_T233 -44
Cover_T234 60
Cover_T235 -40
Cover_T236 60
Cover_T237 -34
Cover_T238 60
Cover_T239 -36
Cover_T240 58
Cover_T241 -24
Cover_T242 54
Cover_T243 -26
Cover_T244 48
Cover_T245 -26
Cover_T246 48
Cover_T247 -26
Cover_T248 36
Cover_T249 2
Cover_T250 32
Cover_T251 -14
Cover_T252 984
Cover_T253 944
Cover_T254 1026
Cover_T255 946
Cover_T256 1002
Cover_T257 946
Cover_T258 1002
Cover_T259 -2
Cover_T260 58
Cover_T261 -42
Cover_T262 56
Cover_T263 -34
Cover_T264 22
Cover_T265 -36
Cover_T266 14
Cover_T267 -30
Cover_T268 14
Cover_T269 -2
Cover_T270 18
Cover_T271 6
Cover_T272 22
Cover_T273 6
Cover_T274 -6
Cover_T275 2
Cover_T276 2
Cover_T277 -2
Cover_T278 -26
Cover_T279 26
Cover_T280 14
Cover_T281 18
Cover_T282 28
Cover_T283 46
Cover_T284 0
Cover_T285 6
Cover_T286 2
Cover_T287 -8
Cover_T288 2
Cover_T289 12
Cover_T290 3.4012e-11
Cover_T291 2
Cover_T292 2
Cover_T293 -2
Cover_T294 -16
Cover_T295 0
Cover_T296 -36
Cover_T297 -2
Cover_T298 2
Cover_T299 16
Cover_T300 0
Cover_T301 36
Cover_T302 4
Cover_T303 -2
Cover_T304 -16
Cover_T305 -4.00642e-11
Cover_T306 -36
Cover_T307 -4
Cover_T308 0
Cover_T309 16
Cover_T310 10
Cover_T311 36
Cover_T312 -8
Cover_T313 52
Cover_T314 -24
Cover_T315 12
Cover_T316 4.58655e-11
Cover_T317 -2
Cover_T318 2
Cover_T319 14
Cover_T320 20
Cover_T321 30
Cover_T322 4
Cover_T323 6
Cover_T324 -12
Cover_T325 4
Cover_T326 44
Cover_T327 -14
Cover_T328 28
Cover_T329 2
Cover_T330 12
Cover_T331 18
Cover_T332 6
Cover_T333 -38
Cover_T334 6
Cover_T335 -22
Cover_T336 8
Cover_T337 -6
Cover_T338 -8
Cover_T339 0
Cover_T340 -8
Cover_T341 0
Cover_T342 -30
Cover_T343 10
Cover_T344 26
Cover_T345 22
Cover_T346 -2
Cover_T347 50
Cover_T348 8
Cover_T349 0
Cover_T350 0
Cover_T351 7.93316e-10
Cover_T352 36
Cover_T353 38
Cover_T354 40
Cover_T355 0
Cover_T356 10
Cover_T357 12
Cover_T358 32
Cover_T359 6
Cover_T360 6
Cover_T361 22
Cover_T362 28
Cover_T363 38
Cover_T364 18
Cover_T365 6
Cover_T366 10
Cover_T367 22
Cover_T368 -6
Cover_T369 2
Cover_T370 -26
Cover_T371 2
Cover_T372 -42
Cover_T373 16
Cover_T374 0
Cover_T375 36
Cover_T376 0
Cover_T377 54
Cover_T378 8
Cover_T379 76
Cover_T380 4
Cover_T381 30
Cover_T382 -1.1148e-09
Cover_T383 38
Cover_T384 4
Cover_T385 26
Cover_T386 -2
Cover_T387 30
Cover_T388 -2
Cover_T389 26
Cover_T390 -14
Cover_T391 28
Cover_T392 -10
Cover_T393 28
Cover_T394 -14
Cover_T395 30
Cover_T396 -14
Cover_T397 36
Cover_T398 -32
Cover_T399 36
Cover_T400 -18
Cover_T401 34
Cover_T402 -20
Cover_T403 34
Cover_T404 -22
Cover_T405 50
Cover_T406 -22
Cover_T407 34
Cover_T408 -26
Cover_T409 40
Cover_T410 -24
Cover_T411 40
Cover_T412 -34
Cover_T413 42
Cover_T414 -28
Cover_T415 44
Cover_T416 -44
Cover_T417 44
Cover_T418 -28
Cover_T419 50
Cover_T420 -30
Cover_T421 42
Cover_T422 -36
Cover_T423 62
Cover_T424 -36
Cover_T425 52
Cover_T426 -34
Cover_T427 52
Cover_T428 -36
Cover_T429 64
Cover_T430 -38
Cover_T431 60
Cover_T432 -40
Cover_T433 54
Cover_T434 -42
Cover_T435 56
Cover_T436 -44
Cover_T437 56
Cover_T438 -48
Cover_T439 52
Cover_T440 -52
Cover_T441 54
Cover_T442 -52
Cover_T443 52
Cover_T444 -52
Cover_T445 52
Cover_T446 58
Cover_T447 -38
Cover_T448 58
Cover_T449 -38
Cover_T450 54
Cover_T451 -26
Cover_T452 54
Cover_T453 -22
Cover_T454 54
Cover_T455 -26
Cover_T456 54
Cover_T457 -28
Cover_T458 48
Cover_T459 -1.09566e-09
Cover_T460 48
Cover_T461 -14
Cover_T462 984
Cover_T463 944
Cover_T464 1024
Cover_T465 940
Cover_T466 1020
Cover_T467 948
Cover_T468 1028
Cover_T469 946
Cover_T470 1014
Cover_T471 944
Cover_T472 998
Cover_T473 940
Cover_T474 1000
Cover_T475 948
Cover_T476 1022
Cover_T477 6.73495e-12
Cover_T478 48
Cover_T479 -44
Cover_T480 30
Cover_T481 -48
Cover_T482 14
Cover_T483 -28
Cover_T484 8
Cover_T485 -38
Cover_T486 16
Cover_T487 -40
Cover_T488 -4
Cover_T489 -20
Cover_T490 8
Cover_T491 4.38659e-10
Cover_T492 20
Cover_T493 -2.05072e-11
Cover_T494 -1.66393e-11
Cover_T495 -8
Cover_T496 -20
Cover_T497 12
Cover_T498 -4
Cover_T499 0
Cover_T500 -24
Cover_T501 -12
Cover_T502 -44
Cover_T503 8
Cover_T504 4
Cover_T505 28
Cover_T506 26
Cover_T507 12
Cover_T508 6
Cover_T509 32
Cover_T510 -14
Cover_T511 52
Cover_T512 -4
Cover_T513 4
Cover_T514 0
Cover_T515 -18
Cover_T516 -2
Cover_T517 2
Cover_T518 0
Cover_T519 22
Cover_T520 -18
Cover_T521 12
Cover_T522 -38
Cover_T523 8
Cover_T524 0
Cover_T525 10
Cover_T526 -2
Cover_T527 8
Cover_T528 2
Cover_T529 26
Cover_T530 -18
Cover_T531 46
Cover_T532 -38
Cover_T533 8
Cover_T534 -2
Cover_T535 10
Cover_T536 8
Cover_T537 6
Cover_T538 -12
Cover_T539 26
Cover_T540 8
Cover_T541 46
Cover_T542 6
Cover_T543 10
Cover_T544 20
Cover_T545 0
Cover_T546 0
Cover_T547 20
Cover_T548 52
Cover_T549 0
Cover_T550 32
Cover_T551 2
Cover_T552 12
Cover_T553 -14
Cover_T554 6
Cover_T555 2
Cover_T556 6
Cover_T557 18
Cover_T558 8
Cover_T559 -38
Cover_T560 -8
Cover_T561 -22
Cover_T562 -8
Cover_T563 -6
Cover_T564 -24
Cover_T565 3.11253e-11
Cover_T566 -40
Cover_T567 -7.25575e-12
Cover_T568 30
Cover_T569 -6
Cover_T570 18
Cover_T571 6
Cover_T572 6
Cover_T573 18
Cover_T574 24
Cover_T575 14
Cover_T576 20
Cover_T577 28
Cover_T578 8
Cover_T579 38
Cover_T580 -4
Cover_T581 54
Cover_T582 4
Cover_T583 -18
Cover_T584 36
Cover_T585 6
Cover_T586 24
Cover_T587 12
Cover_T588 28
Cover_T589 6
Cover_T590 40
Cover_T591 32
Cover_T592 20
Cover_T593 28
Cover_T594 -16
Cover_T595 10
Cover_T596 32
Cover_T597 8
Cover_T598 38
Cover_T599 2
Cover_T600 30
Cover_T601 26
Cover_T602 22
Cover_T603 44
Cover_T604 -10
Cover_T605 8
Cover_T606 -30
Cover_T607 10
Cover_T608 10
Cover_T609 12
Cover_T610 2
Cover_T611 22
Cover_T612 10
Cover_T613 44
Cover_T614 10
Cover_T615 60
Cover_T616 6
Cover_T617 82
Cover_T618 10
Cover_T619 36
Cover_T620 4
Cover_T621 44
Cover_T622 4
Cover_T623 32
Cover_T624 -10
Cover_T625 34
Cover_T626 -6
Cover_T627 36
Cover_T628 -8
Cover_T629 32
Cover_T630 -8
Cover_T631 32
Cover_T632 -32
Cover_T633 34
Cover_T634 -18
Cover_T635 42
Cover_T636 -18
Cover_T637 36
Cover_T638 -20
Cover_T639 36
Cover_T640 -20
Cover_T641 36
Cover_T642 -26
Cover_T643 58
Cover_T644 -24
Cover_T645 40
Cover_T646 -32
Cover_T647 42
Cover_T648 -26
Cover_T649 42
Cover_T650 -44
Cover_T651 46
Cover_T652 -30
Cover_T653 48
Cover_T654 -30
Cover_T655 48
Cover_T656 -36
Cover_T657 54
Cover_T658 -32
Cover_T659 52
Cover_T660 -30
Cover_T661 68
Cover_T662 -34
Cover_T663 58
Cover_T664 -36
Cover_T665 60
Cover_T666 -36
Cover_T667 66
Cover_T668 -38
Cover_T669 62
Cover_T670 -38
Cover_T671 60
Cover_T672 -42
Cover_T673 54
Cover_T674 -46
Cover_T675 54
Cover_T676 -52
Cover_T677 52
Cover_T678 -52
Cover_T679 52
Cover_T680 30
Cover_T681 3.45182e-11
Cover_T682 28
Cover_T683 16
Cover_T684 30
Cover_T685 26
Cover_T686 12
Cover_T687 26
Cover_T688 66
Cover_T689 10
Cover_T690 44
Cover_T691 50
Cover_T692 980
Cover_T693 20
Cover_T694 970
Cover_T695 994
Cover_T696 980
Cover_T697 936
Cover_T698 1022
Cover_T699 952
Cover_T700 994
Cover_T701 0
Cover_T702 994
Cover_T703 0
Cover_T704 52
Cover_T705 0
Cover_T706 36
Cover_T707 -34
Cover_T708 52
Cover_T709 18
Cover_T710 18
Cover_T711 52
Cover_T712 -28
Cover_T713 46
Cover_T714 50
Cover_T715 78
Cover_T716 70
Cover_T717 40
Cover_T718 50
Cover_T719 80
Cover_T720 68
Cover_T721 80
Cover_T722 58
Cover_T723 0
Cover_T724 58
Cover_T725 -8
Cover_T726 0
Cover_T727 -20
Cover_T728 60
Cover_T729 10
Cover_T730 16
Cover_T731 48
Cover_T732 60
Cover_T733 6
Cover_T734 40
Cover_T735 44
Cover_T736 42
Count_D0 -984
Count_D1 -1000
Max_H0_P0 0
Max_H0_P1 0
Max_H0_P2 0
Max_H0_P3 0
Max_H0_P4 0
Max_H0_P5 -7.55396e-12
Max_H0_P6 0
Max_H0_P7 0
Max_H0_P8 0
Max_H0_P9 0
Max_H0_P10 0
Max_H0_P11 0
Max_H0_P12 0
Max_H0_P13 0
Max_H0_P14 0
Max_H0_P15 3.18283e-12
Max_H0_P16 -1.38378e-12
Max_H0_P17 3.24007e-12
Max_H0_P18 -2.60632e-11
Max_H0_P19 2.75158e-12
Max_H0_P20 2.85141e-11
Max_H0_P21 -6.30706e-12
Max_H0_P22 1.08002e-11
Max_H0_P23 -2.22984e-12
Max_H0_P24 -1.11271e-11
Max_H0_P25 -1.99272e-11
Max_H0_P26 -2.34332e-12
Max_H0_P27 1.47287e-12
Max_H0_P28 0
Max_H0_P29 -5.60937e-12
Max_H0_P30 1.22906e-11
Max_H0_P31 1.52554e-11
Max_H0_P32 -2.22258e-11
Max_H0_P33 -6.30984e-12
Max_H0_P34 0
Max_H0_P35 0
Max_H0_P36 -1.28738e-11
Max_H0_P37 0
Max_H0_P38 6.79634e-12
Max_H0_P39 0
Max_H0_P40 1.75611e-11
Max_H0_P41 1.45093e-11
Max_H0_P42 0
Max_H0_P43 0
Max_H0_P44 0
Max_H0_P45 0
Max_H0_P46 0
Max_H0_P47 0
Max_H0_P48 0
Max_H0_P49 0
Max_H0_P50 0
Max_H0_P51 0
Max_H0_P52 0
Max_H0_P53 0
Max_H0_P54 0
Max_H0_P55 0
Max_H0_P56 0
Max_H0_P57 0
Max_H0_P58 0
Max_H0_P59 0
Max_H0_P60 0
Max_H0_P61 0
Max_H0_P62 0
Max_H0_P63 0
Max_H0_P64 0
Max_H0_P65 0
Max_H0_P66 0
Max_H0_P67 0
Max_H0_P68 0
Max_H0_P69 0
Max_H0_P70 0
Max_H0_P71 0
Max_H0_P72 0
Max_H0_P73 0
Max_H0_P74 0
Max_H0_P75 0
Max_H0_P76 0
Max_H0_P77 -1.24358e-11
Max_H0_P78 1.21332e-11
Max_H0_P79 0
Max_H0_P80 0
Max_H0_P81 0
Max_H1_P0 0
Max_H1_P1 0
Max_H1_P2 0
Max_H1_P3 0
Max_H1_P4 9.62252e-12
Max_H1_P5 5.64349e-12
Max_H1_P6 -4.15116e-12
Max_H1_P7 6.4427e-12
Max_H1_P8 0
Max_H1_P9 0
Max_H1_P10 0
Max_H1_P11 0
Max_H1_P12 0
Max_H1_P13 0
Max_H1_P14 0
Max_H1_P15 5.22675e-11
Max_H1_P16 1.39977e-12
Max_H1_P17 1.4861e-11
Max_H1_P18 0
Max_H1_P19 7.2932e-12
Max_H1_P20 7.08056e-12
Max_H1_P21 1.672e-12
Max_H1_P22 -2.50466e-13
Max_H1_P23 -1.52456e-11
Max_H1_P24 3.12923e-11
Max_H1_P25 3.18332e-11
Max_H1_P26 -1.32385e-11
Max_H1_P27 -2.04503e-12
Max_H1_P28 1.72307e-12
Max_H1_P29 2.58247e-11
Max_H1_P30 0
Max_H1_P31 0
Max_H1_P32 0
Max_H1_P33 -2.68744e-11
Max_H1_P34 -5.78521e-12
Max_H1_P35 -5.82645e-12
Max_H1_P36 0
Max_H1_P37 0
Max_H1_P38 0
Max_H1_P39 6.79634e-12
Max_H1_P40 2.84665e-11
Max_H1_P41 -4.67887e-12
Max_H1_P42 0
Max_H1_P43 0
Max_H1_P44 0
Max_H1_P45 0
Max_H1_P46 7.50333e-12
Max_H1_P47 0
Max_H1_P48 0
Max_H1_P49 0
Max_H1_P50 0
Max_H1_P51 0
Max_H1_P52 0
Max_H1_P53 0
Max_H1_P54 0
Max_H1_P55 0
Max_H1_P56 0
Max_H1_P57 0
Max_H1_P58 0
Max_H1_P59 0
Max_H1_P60 0
Max_H1_P61 0
Max_H1_P62 0
Max_H1_P63 0
Max_H1_P64 0
Max_H1_P65 0
Max_H1_P66 0
Max_H1_P67 0
Max_H1_P68 0
Max_H1_P69 0
Max_H1_P70 0
Max_H1_P71 0
Max_H1_P72 -1.29603e-11
Max_H1_P73 0
Max_H1_P74 0
Max_H1_P75 0
Max_H1_P76 0
Max_H1_P77 1.70814e-11
Max_H1_P78 -6.08236e-12
Max_H1_P79 0
Max_H1_P80 0
Max_H1_P81 0
