
Branch and bound

  Entire solving process        :                           (Time    101.7)
  No feasible solution was found
  Best relaxation cost          :     45939.97 (Node     0) (Time    101.7)
  Lower bound after cuts        :     45939.97
  End lower bound               :     45939.97
  Deepest level reached         : 0
  Deepest real level reached    : 0
  Number of real nodes solved   : 1
  Stopping condition            : enough nodes explored

Problem identification

  Problem                       : <null>
  Machine                       : oslo3.gerad.lan

Solving process summary

  Linear relaxations            :        1
  Column generation iterations  :      110
  Shortest paths solved         :     4843
  Columns generated             :    45181

Instance characteristics

  Resources                     : 3
  Node types                    : no
  Arc types                     : no
  Strong resource windows       : no
  Weak resource windows         : no
  Resource windows (nodes)      : 3
  Resource values (arcs)        : 3
  Values on nodes               : no

  Rows                          : 903
  Initial columns               : 357
  Tasks                         : 741
  Strong tasks                  : 521
  Weak tasks                    : 4
  Initial task constraints      : no
  Nodes                         : 1069
  Arc sets                      : 1
  Arcs                          : 25668
  Networks                      : 2
  Models                        : 1

Memory used per module (Megs)

  Parser (reused)               :      5.456
  Networks                      :     28.455
  Column generator              :      5.812
  Master problem                :      9.345
  -----------------
  Total                         :     43.612

Cpu time per module (seconds)

  Parser                        :        0.0
  Preprocessor                  :        0.0
  Lr solver manager             :        0.1
  Column generator              :       38.9
    (Shortest path)             :       34.2
  Master problem                :       62.7
  -------------------
  Total (without b&b)           :      101.7

Real elapsed time (seconds)

  Parser                        :        0.0
  Preprocessor                  :        0.0
  Lr solver manager             :        0.1
  Column generator              :       38.8
    (Shortest path)             :       34.0
  Master problem                :       62.8
  -------------------
  Total (without b&b)           :      101.7
