
Branch and bound

  Entire solving process        :                           (Time     50.9)
  No feasible solution was found
  Best relaxation cost          :     36223.94 (Node     0) (Time     50.9)
  Lower bound after cuts        :     36223.94
  End lower bound               :     36223.94
  Deepest level reached         : 0
  Deepest real level reached    : 0
  Number of real nodes solved   : 1
  Stopping condition            : enough nodes explored

Problem identification

  Problem                       : <null>
  Machine                       : oslo4.gerad.lan

Solving process summary

  Linear relaxations            :        1
  Column generation iterations  :      109
  Shortest paths solved         :     3740
  Columns generated             :    30548

Instance characteristics

  Resources                     : 3
  Node types                    : no
  Arc types                     : no
  Strong resource windows       : no
  Weak resource windows         : no
  Resource windows (nodes)      : 3
  Resource values (arcs)        : 3
  Values on nodes               : no

  Rows                          : 722
  Initial columns               : 303
  Tasks                         : 560
  Strong tasks                  : 388
  Weak tasks                    : 4
  Initial task constraints      : no
  Nodes                         : 888
  Arc sets                      : 1
  Arcs                          : 16076
  Networks                      : 2
  Models                        : 1

Memory used per module (Megs)

  Parser (reused)               :      3.640
  Networks                      :     22.159
  Column generator              :      3.633
  Master problem                :      7.591
  -----------------
  Total                         :     33.382

Cpu time per module (seconds)

  Parser                        :        0.0
  Preprocessor                  :        0.0
  Lr solver manager             :        0.0
  Column generator              :       12.8
    (Shortest path)             :       10.9
  Master problem                :       38.0
  -------------------
  Total (without b&b)           :       50.8

Real elapsed time (seconds)

  Parser                        :        0.0
  Preprocessor                  :        0.0
  Lr solver manager             :        0.1
  Column generator              :       12.9
    (Shortest path)             :       10.6
  Master problem                :       37.9
  -------------------
  Total (without b&b)           :       50.9
