
Branch and bound

  Entire solving process        :                           (Time    146.2)
  No feasible solution was found
  Best relaxation cost          :     36373.98 (Node     0) (Time    146.2)
  Lower bound after cuts        :     36373.98
  End lower bound               :     36373.98
  Deepest level reached         : 0
  Deepest real level reached    : 0
  Number of real nodes solved   : 1
  Stopping condition            : enough nodes explored

Problem identification

  Problem                       : <null>
  Machine                       : oslo1.gerad.lan

Solving process summary

  Linear relaxations            :        1
  Column generation iterations  :      172
  Shortest paths solved         :     2997
  Columns generated             :    28780

Instance characteristics

  Resources                     : 3
  Node types                    : no
  Arc types                     : no
  Strong resource windows       : no
  Weak resource windows         : no
  Resource windows (nodes)      : 3
  Resource values (arcs)        : 3
  Values on nodes               : no

  Rows                          : 722
  Initial columns               : 2
  Tasks                         : 560
  Strong tasks                  : 556
  Weak tasks                    : 4
  Initial task constraints      : no
  Nodes                         : 888
  Arc sets                      : 1
  Arcs                          : 16076
  Networks                      : 2
  Models                        : 1

Memory used per module (Megs)

  Parser (reused)               :      3.640
  Networks                      :     20.706
  Column generator              :      7.628
  Master problem                :      7.402
  -----------------
  Total                         :     35.736

Cpu time per module (seconds)

  Parser                        :        0.0
  Preprocessor                  :        0.0
  Lr solver manager             :        0.1
  Column generator              :       16.0
    (Shortest path)             :       12.8
  Master problem                :      130.1
  -------------------
  Total (without b&b)           :      146.2

Real elapsed time (seconds)

  Parser                        :        0.0
  Preprocessor                  :        0.0
  Lr solver manager             :        0.1
  Column generator              :       16.0
    (Shortest path)             :       12.9
  Master problem                :      130.1
  -------------------
  Total (without b&b)           :      146.2
