
Branch and bound

  Entire solving process        :                           (Time    227.4)
  No feasible solution was found
  Best relaxation cost          :     70665.46 (Node     0) (Time    227.4)
  Lower bound after cuts        :     70665.46
  End lower bound               :     70665.46
  Deepest level reached         : 0
  Deepest real level reached    : 0
  Number of real nodes solved   : 1
  Stopping condition            : enough nodes explored

Problem identification

  Problem                       : <null>
  Machine                       : oslo4.gerad.lan

Solving process summary

  Linear relaxations            :        1
  Column generation iterations  :      116
  Shortest paths solved         :     6703
  Columns generated             :    68302

Instance characteristics

  Resources                     : 3
  Node types                    : no
  Arc types                     : no
  Strong resource windows       : no
  Weak resource windows         : no
  Resource windows (nodes)      : 3
  Resource values (arcs)        : 3
  Values on nodes               : no

  Rows                          : 1190
  Initial columns               : 535
  Tasks                         : 1028
  Strong tasks                  : 720
  Weak tasks                    : 4
  Initial task constraints      : no
  Nodes                         : 1356
  Arc sets                      : 1
  Arcs                          : 46400
  Networks                      : 2
  Models                        : 1

Memory used per module (Megs)

  Parser (reused)               :      9.452
  Networks                      :     40.080
  Column generator              :      7.386
  Master problem                :     11.613
  -----------------
  Total                         :     59.079

Cpu time per module (seconds)

  Parser                        :        0.0
  Preprocessor                  :        0.0
  Lr solver manager             :        0.1
  Column generator              :      109.2
    (Shortest path)             :       93.8
  Master problem                :      118.2
  -------------------
  Total (without b&b)           :      227.4

Real elapsed time (seconds)

  Parser                        :        0.0
  Preprocessor                  :        0.0
  Lr solver manager             :        0.1
  Column generator              :      109.1
    (Shortest path)             :       93.5
  Master problem                :      118.2
  -------------------
  Total (without b&b)           :      227.4
