
Branch and bound

  Entire solving process        :                           (Time     36.5)
  No feasible solution was found
  Best relaxation cost          :     34693.88 (Node     0) (Time     36.5)
  Lower bound after cuts        :     34693.88
  End lower bound               :     34693.88
  Deepest level reached         : 0
  Deepest real level reached    : 0
  Number of real nodes solved   : 1
  Stopping condition            : enough nodes explored

Problem identification

  Problem                       : <null>
  Machine                       : oslo2.gerad.lan

Solving process summary

  Linear relaxations            :        1
  Column generation iterations  :      111
  Shortest paths solved         :     7199
  Columns generated             :    30644

Instance characteristics

  Resources                     : 3
  Node types                    : no
  Arc types                     : no
  Strong resource windows       : no
  Weak resource windows         : no
  Resource windows (nodes)      : 3
  Resource values (arcs)        : 3
  Values on nodes               : no

  Rows                          : 629
  Initial columns               : 270
  Tasks                         : 467
  Strong tasks                  : 305
  Weak tasks                    : 4
  Initial task constraints      : no
  Nodes                         : 795
  Arc sets                      : 1
  Arcs                          : 12267
  Networks                      : 2
  Models                        : 1

Memory used per module (Megs)

  Parser (reused)               :      2.793
  Networks                      :     19.616
  Column generator              :      3.875
  Master problem                :      6.033
  -----------------
  Total                         :     29.524

Cpu time per module (seconds)

  Parser                        :        0.0
  Preprocessor                  :        0.0
  Lr solver manager             :        0.1
  Column generator              :       10.4
    (Shortest path)             :        8.4
  Master problem                :       26.0
  -------------------
  Total (without b&b)           :       36.5

Real elapsed time (seconds)

  Parser                        :        0.0
  Preprocessor                  :        0.0
  Lr solver manager             :        0.0
  Column generator              :       10.5
    (Shortest path)             :        8.3
  Master problem                :       26.0
  -------------------
  Total (without b&b)           :       36.5
