
Branch and bound

  Entire solving process        :                           (Time     68.6)
  No feasible solution was found
  Best relaxation cost          :     38580.57 (Node     0) (Time     68.6)
  Lower bound after cuts        :     38580.57
  End lower bound               :     38580.57
  Deepest level reached         : 0
  Deepest real level reached    : 0
  Number of real nodes solved   : 1
  Stopping condition            : enough nodes explored

Problem identification

  Problem                       : <null>
  Machine                       : oslo1.gerad.lan

Solving process summary

  Linear relaxations            :        1
  Column generation iterations  :      125
  Shortest paths solved         :     9137
  Columns generated             :    40337

Instance characteristics

  Resources                     : 3
  Node types                    : no
  Arc types                     : no
  Strong resource windows       : no
  Weak resource windows         : no
  Resource windows (nodes)      : 3
  Resource values (arcs)        : 3
  Values on nodes               : no

  Rows                          : 729
  Initial columns               : 312
  Tasks                         : 567
  Strong tasks                  : 380
  Weak tasks                    : 4
  Initial task constraints      : no
  Nodes                         : 895
  Arc sets                      : 1
  Arcs                          : 16381
  Networks                      : 2
  Models                        : 1

Memory used per module (Megs)

  Parser (reused)               :      3.640
  Networks                      :     21.917
  Column generator              :      4.480
  Master problem                :      7.236
  -----------------
  Total                         :     33.632

Cpu time per module (seconds)

  Parser                        :        0.0
  Preprocessor                  :        0.0
  Lr solver manager             :        0.1
  Column generator              :       24.6
    (Shortest path)             :       20.9
  Master problem                :       43.9
  -------------------
  Total (without b&b)           :       68.6

Real elapsed time (seconds)

  Parser                        :        0.0
  Preprocessor                  :        0.0
  Lr solver manager             :        0.1
  Column generator              :       24.7
    (Shortest path)             :       21.1
  Master problem                :       43.8
  -------------------
  Total (without b&b)           :       68.6
