Cover_T0 52
Cover_T1 -52
Cover_T2 52
Cover_T3 -52
Cover_T4 52
Cover_T5 -52
Cover_T6 52
Cover_T7 -52
Cover_T8 52
Cover_T9 -52
Cover_T10 52
Cover_T11 -52
Cover_T12 52
Cover_T13 -52
Cover_T14 52
Cover_T15 -52
Cover_T16 52
Cover_T17 -52
Cover_T18 52
Cover_T19 -52
Cover_T20 52
Cover_T21 -52
Cover_T22 52
Cover_T23 -52
Cover_T24 54
Cover_T25 -52
Cover_T26 56
Cover_T27 -46
Cover_T28 58
Cover_T29 -46
Cover_T30 52
Cover_T31 -44
Cover_T32 56
Cover_T33 -48
Cover_T34 56
Cover_T35 -40
Cover_T36 58
Cover_T37 -36
Cover_T38 62
Cover_T39 -36
Cover_T40 56
Cover_T41 -34
Cover_T42 58
Cover_T43 -36
Cover_T44 62
Cover_T45 -16
Cover_T46 52
Cover_T47 -30
Cover_T48 46
Cover_T49 1.81858e-10
Cover_T50 44
Cover_T51 12
Cover_T52 44
Cover_T53 0
Cover_T54 50
Cover_T55 8
Cover_T56 26
Cover_T57 942
Cover_T58 980
Cover_T59 944
Cover_T60 998
Cover_T61 948
Cover_T62 986
Cover_T63 946
Cover_T64 994
Cover_T65 942
Cover_T66 990
Cover_T67 946
Cover_T68 58
Cover_T69 4
Cover_T70 50
Cover_T71 -48
Cover_T72 24
Cover_T73 -40
Cover_T74 1.52411e-11
Cover_T75 -48
Cover_T76 -20
Cover_T77 -32
Cover_T78 -36
Cover_T79 -12
Cover_T80 -1.26586e-10
Cover_T81 8
Cover_T82 4
Cover_T83 20
Cover_T84 0
Cover_T85 32
Cover_T86 1.45886e-11
Cover_T87 40
Cover_T88 0
Cover_T89 52
Cover_T90 4
Cover_T91 8
Cover_T92 0
Cover_T93 0
Cover_T94 -4
Cover_T95 4
Cover_T96 -16
Cover_T97 4
Cover_T98 -28
Cover_T99 4
Cover_T100 -40
Cover_T101 0
Cover_T102 8
Cover_T103 -7.70518e-10
Cover_T104 8
Cover_T105 16
Cover_T106 -8
Cover_T107 32
Cover_T108 -24
Cover_T109 48
Cover_T110 -40
Cover_T111 2
Cover_T112 -24
Cover_T113 2
Cover_T114 -40
Cover_T115 18
Cover_T116 -40
Cover_T117 34
Cover_T118 -40
Cover_T119 50
Cover_T120 6
Cover_T121 34
Cover_T122 8
Cover_T123 50
Cover_T124 52
Cover_T125 50
Cover_T126 36
Cover_T127 50
Cover_T128 52
Cover_T129 4
Cover_T130 52
Cover_T131 2
Cover_T132 52
Cover_T133 -46
Cover_T134 40
Cover_T135 -34
Cover_T136 28
Cover_T137 -22
Cover_T138 16
Cover_T139 -42
Cover_T140 36
Cover_T141 -46
Cover_T142 24
Cover_T143 -48
Cover_T144 12
Cover_T145 -36
Cover_T146 -1.62995e-10
Cover_T147 -24
Cover_T148 -12
Cover_T149 -12
Cover_T150 -24
Cover_T151 -32
Cover_T152 10
Cover_T153 -16
Cover_T154 8
Cover_T155 2.04322e-10
Cover_T156 -8
Cover_T157 16
Cover_T158 -24
Cover_T159 32
Cover_T160 -40
Cover_T161 -7.63407e-11
Cover_T162 -24
Cover_T163 2
Cover_T164 -40
Cover_T165 18
Cover_T166 -40
Cover_T167 34
Cover_T168 -40
Cover_T169 50
Cover_T170 6
Cover_T171 34
Cover_T172 8
Cover_T173 50
Cover_T174 3.56692e-10
Cover_T175 50
Cover_T176 8
Cover_T177 50
Cover_T178 8
Cover_T179 4
Cover_T180 10
Cover_T181 2
Cover_T182 2
Cover_T183 10
Cover_T184 6
Cover_T185 2
Cover_T186 -4
Cover_T187 4
Cover_T188 8
Cover_T189 2
Cover_T190 -8
Cover_T191 10
Cover_T192 -24
Cover_T193 8
Cover_T194 -40
Cover_T195 18
Cover_T196 20
Cover_T197 10
Cover_T198 10
Cover_T199 18
Cover_T200 2
Cover_T201 22
Cover_T202 -6
Cover_T203 34
Cover_T204 52
Cover_T205 42
Cover_T206 40
Cover_T207 50
Cover_T208 34
Cover_T209 58
Cover_T210 24
Cover_T211 -10
Cover_T212 18
Cover_T213 0
Cover_T214 8
Cover_T215 8
Cover_T216 48
Cover_T217 14
Cover_T218 42
Cover_T219 24
Cover_T220 32
Cover_T221 -34
Cover_T222 46
Cover_T223 -26
Cover_T224 38
Cover_T225 -18
Cover_T226 30
Cover_T227 -8
Cover_T228 12
Cover_T229 4
Cover_T230 0
Cover_T231 -32
Cover_T232 -12
Cover_T233 -20
Cover_T234 -24
Cover_T235 -30
Cover_T236 -36
Cover_T237 -16
Cover_T238 -44
Cover_T239 -2
Cover_T240 -12
Cover_T241 14
Cover_T242 -24
Cover_T243 26
Cover_T244 -36
Cover_T245 32
Cover_T246 -46
Cover_T247 66
Cover_T248 0
Cover_T249 60
Cover_T250 0
Cover_T251 92
Cover_T252 0
Cover_T253 48
Cover_T254 0
Cover_T255 48
Cover_T256 20
Cover_T257 48
Cover_T258 8
Cover_T259 86
Cover_T260 2
Cover_T261 84
Cover_T262 22
Cover_T263 118
Cover_T264 20
Cover_T265 48
Cover_T266 24
Cover_T267 64
Cover_T268 4
Cover_T269 48
Cover_T270 8
Cover_T271 44
Cover_T272 20
Cover_T273 48
Cover_T274 -10
Cover_T275 56
Cover_T276 -2
Cover_T277 38
Cover_T278 -16
Cover_T279 28
Cover_T280 -16
Cover_T281 26
Cover_T282 -28
Cover_T283 32
Cover_T284 -26
Cover_T285 36
Cover_T286 -38
Cover_T287 42
Cover_T288 -28
Cover_T289 42
Cover_T290 -28
Cover_T291 38
Cover_T292 -28
Cover_T293 38
Cover_T294 -28
Cover_T295 42
Cover_T296 -28
Cover_T297 54
Cover_T298 -40
Cover_T299 38
Cover_T300 -30
Cover_T301 36
Cover_T302 -42
Cover_T303 36
Cover_T304 -30
Cover_T305 38
Cover_T306 -30
Cover_T307 36
Cover_T308 -30
Cover_T309 54
Cover_T310 -30
Cover_T311 40
Cover_T312 -30
Cover_T313 54
Cover_T314 -42
Cover_T315 40
Cover_T316 -34
Cover_T317 38
Cover_T318 -30
Cover_T319 46
Cover_T320 -34
Cover_T321 42
Cover_T322 -36
Cover_T323 46
Cover_T324 -34
Cover_T325 60
Cover_T326 -34
Cover_T327 52
Cover_T328 -34
Cover_T329 44
Cover_T330 -38
Cover_T331 58
Cover_T332 -42
Cover_T333 52
Cover_T334 -40
Cover_T335 60
Cover_T336 -44
Cover_T337 60
Cover_T338 -44
Cover_T339 54
Cover_T340 -44
Cover_T341 52
Cover_T342 -52
Cover_T343 52
Cover_T344 -52
Cover_T345 52
Cover_T346 -52
Cover_T347 52
Cover_T348 -52
Cover_T349 54
Cover_T350 -52
Cover_T351 56
Cover_T352 -46
Cover_T353 56
Cover_T354 -48
Cover_T355 52
Cover_T356 -46
Cover_T357 60
Cover_T358 -44
Cover_T359 58
Cover_T360 -38
Cover_T361 58
Cover_T362 -42
Cover_T363 62
Cover_T364 -36
Cover_T365 54
Cover_T366 -18
Cover_T367 48
Cover_T368 -34
Cover_T369 46
Cover_T370 4
Cover_T371 42
Cover_T372 8
Cover_T373 38
Cover_T374 8
Cover_T375 46
Cover_T376 0
Cover_T377 30
Cover_T378 10
Cover_T379 30
Cover_T380 8
Cover_T381 38
Cover_T382 944
Cover_T383 946
Cover_T384 942
Cover_T385 982
Cover_T386 940
Cover_T387 992
Cover_T388 948
Cover_T389 994
Cover_T390 940
Cover_T391 986
Cover_T392 948
Cover_T393 986
Cover_T394 948
Cover_T395 58
Cover_T396 2
Cover_T397 46
Cover_T398 -50
Cover_T399 40
Cover_T400 -48
Cover_T401 22
Cover_T402 -44
Cover_T403 0
Cover_T404 -40
Cover_T405 -20
Cover_T406 -20
Cover_T407 -36
Cover_T408 6.38813e-10
Cover_T409 0
Cover_T410 20
Cover_T411 4.12491e-10
Cover_T412 36
Cover_T413 0
Cover_T414 1.72577e-10
Cover_T415 1.23024e-11
Cover_T416 -6.16041e-11
Cover_T417 4
Cover_T418 -1.30032e-10
Cover_T419 -16
Cover_T420 0
Cover_T421 -36
Cover_T422 -4.46789e-11
Cover_T423 -48
Cover_T424 4
Cover_T425 2
Cover_T426 16
Cover_T427 6
Cover_T428 28
Cover_T429 -6
Cover_T430 40
Cover_T431 -18
Cover_T432 52
Cover_T433 -30
Cover_T434 2
Cover_T435 -42
Cover_T436 -2
Cover_T437 -22
Cover_T438 10
Cover_T439 -34
Cover_T440 22
Cover_T441 -46
Cover_T442 36
Cover_T443 -46
Cover_T444 52
Cover_T445 -46
Cover_T446 36
Cover_T447 0
Cover_T448 52
Cover_T449 2
Cover_T450 52
Cover_T451 46
Cover_T452 52
Cover_T453 30
Cover_T454 6
Cover_T455 46
Cover_T456 4
Cover_T457 46
Cover_T458 -40
Cover_T459 44
Cover_T460 -24
Cover_T461 28
Cover_T462 -40
Cover_T463 12
Cover_T464 -40
Cover_T465 28
Cover_T466 -38
Cover_T467 12
Cover_T468 -22
Cover_T469 -4
Cover_T470 -6
Cover_T471 -20
Cover_T472 -24
Cover_T473 -32
Cover_T474 -12
Cover_T475 4
Cover_T476 0
Cover_T477 6
Cover_T478 12
Cover_T479 -6
Cover_T480 24
Cover_T481 -18
Cover_T482 36
Cover_T483 -30
Cover_T484 0
Cover_T485 -42
Cover_T486 -2
Cover_T487 -22
Cover_T488 10
Cover_T489 -34
Cover_T490 22
Cover_T491 -46
Cover_T492 36
Cover_T493 -46
Cover_T494 52
Cover_T495 -46
Cover_T496 36
Cover_T497 0
Cover_T498 52
Cover_T499 2
Cover_T500 52
Cover_T501 -6
Cover_T502 52
Cover_T503 2
Cover_T504 6
Cover_T505 2
Cover_T506 4
Cover_T507 4
Cover_T508 12
Cover_T509 -4
Cover_T510 4
Cover_T511 0
Cover_T512 4
Cover_T513 -10
Cover_T514 4
Cover_T515 2
Cover_T516 12
Cover_T517 -14
Cover_T518 6
Cover_T519 -32
Cover_T520 20
Cover_T521 -46
Cover_T522 8
Cover_T523 14
Cover_T524 30
Cover_T525 -2
Cover_T526 46
Cover_T527 46
Cover_T528 62
Cover_T529 30
Cover_T530 2
Cover_T531 12
Cover_T532 20
Cover_T533 44
Cover_T534 -30
Cover_T535 28
Cover_T536 -14
Cover_T537 28
Cover_T538 -4
Cover_T539 16
Cover_T540 -38
Cover_T541 4
Cover_T542 -26
Cover_T543 -8
Cover_T544 -36
Cover_T545 -18
Cover_T546 -24
Cover_T547 -32
Cover_T548 -12
Cover_T549 -38
Cover_T550 10
Cover_T551 -50
Cover_T552 12
Cover_T553 -18
Cover_T554 26
Cover_T555 -30
Cover_T556 38
Cover_T557 -44
Cover_T558 72
Cover_T559 12
Cover_T560 60
Cover_T561 12
Cover_T562 60
Cover_T563 14
Cover_T564 96
Cover_T565 18
Cover_T566 60
Cover_T567 4
Cover_T568 60
Cover_T569 20
Cover_T570 56
Cover_T571 -2
Cover_T572 30
Cover_T573 -2
Cover_T574 38
Cover_T575 -20
Cover_T576 30
Cover_T577 -12
Cover_T578 28
Cover_T579 -20
Cover_T580 30
Cover_T581 -20
Cover_T582 28
Cover_T583 -24
Cover_T584 30
Cover_T585 -32
Cover_T586 30
Cover_T587 -26
Cover_T588 30
Cover_T589 -36
Cover_T590 30
Cover_T591 -26
Cover_T592 32
Cover_T593 -34
Cover_T594 40
Cover_T595 -30
Cover_T596 32
Cover_T597 -30
Cover_T598 40
Cover_T599 -38
Cover_T600 32
Cover_T601 -46
Cover_T602 40
Cover_T603 -30
Cover_T604 38
Cover_T605 -28
Cover_T606 38
Cover_T607 -28
Cover_T608 42
Cover_T609 -28
Cover_T610 54
Cover_T611 -28
Cover_T612 36
Cover_T613 -42
Cover_T614 36
Cover_T615 -30
Cover_T616 36
Cover_T617 -42
Cover_T618 36
Cover_T619 -30
Cover_T620 38
Cover_T621 -30
Cover_T622 48
Cover_T623 -32
Cover_T624 56
Cover_T625 -34
Cover_T626 42
Cover_T627 -30
Cover_T628 52
Cover_T629 -40
Cover_T630 56
Cover_T631 -34
Cover_T632 42
Cover_T633 -42
Cover_T634 40
Cover_T635 -32
Cover_T636 38
Cover_T637 -40
Cover_T638 42
Cover_T639 -34
Cover_T640 44
Cover_T641 -36
Cover_T642 48
Cover_T643 -32
Cover_T644 46
Cover_T645 -38
Cover_T646 56
Cover_T647 -36
Cover_T648 40
Cover_T649 -38
Cover_T650 52
Cover_T651 -34
Cover_T652 48
Cover_T653 -38
Cover_T654 48
Cover_T655 -46
Cover_T656 52
Cover_T657 -42
Cover_T658 54
Cover_T659 -40
Cover_T660 54
Cover_T661 -42
Cover_T662 52
Cover_T663 -44
Cover_T664 64
Cover_T665 -42
Cover_T666 60
Cover_T667 -46
Cover_T668 56
Cover_T669 -46
Cover_T670 58
Cover_T671 -44
Cover_T672 58
Cover_T673 -44
Cover_T674 54
Cover_T675 -44
Cover_T676 56
Cover_T677 -36
Cover_T678 64
Cover_T679 -44
Cover_T680 56
Cover_T681 -40
Cover_T682 50
Cover_T683 -34
Cover_T684 64
Cover_T685 -32
Cover_T686 52
Cover_T687 -40
Cover_T688 60
Cover_T689 -16
Cover_T690 56
Cover_T691 -24
Cover_T692 52
Cover_T693 -36
Cover_T694 48
Cover_T695 6
Cover_T696 52
Cover_T697 16
Cover_T698 42
Cover_T699 0
Cover_T700 50
Cover_T701 4
Cover_T702 54
Cover_T703 16
Cover_T704 40
Cover_T705 0
Cover_T706 38
Cover_T707 944
Cover_T708 992
Cover_T709 940
Cover_T710 1016
Cover_T711 934
Cover_T712 1026
Cover_T713 948
Cover_T714 1032
Cover_T715 946
Cover_T716 996
Cover_T717 940
Cover_T718 978
Cover_T719 946
Cover_T720 992
Cover_T721 946
Cover_T722 990
Cover_T723 938
Cover_T724 982
Cover_T725 946
Cover_T726 982
Cover_T727 946
Cover_T728 42
Cover_T729 0
Cover_T730 34
Cover_T731 -48
Cover_T732 30
Cover_T733 -48
Cover_T734 4
Cover_T735 -44
Cover_T736 -12
Cover_T737 -44
Cover_T738 -28
Cover_T739 -40
Cover_T740 -42
Cover_T741 -28
Cover_T742 -2
Cover_T743 -12
Cover_T744 2
Cover_T745 4
Cover_T746 6
Cover_T747 20
Cover_T748 2
Cover_T749 36
Cover_T750 2
Cover_T751 48
Cover_T752 2
Cover_T753 8
Cover_T754 -14
Cover_T755 4
Cover_T756 -30
Cover_T757 -1.74015e-10
Cover_T758 -46
Cover_T759 4
Cover_T760 0
Cover_T761 4
Cover_T762 -1.94504e-09
Cover_T763 4
Cover_T764 -16
Cover_T765 20
Cover_T766 -32
Cover_T767 36
Cover_T768 -48
Cover_T769 52
Cover_T770 -32
Cover_T771 6
Cover_T772 -48
Cover_T773 6
Cover_T774 -48
Cover_T775 22
Cover_T776 -48
Cover_T777 34
Cover_T778 6
Cover_T779 42
Cover_T780 -2
Cover_T781 50
Cover_T782 8
Cover_T783 26
Cover_T784 0
Cover_T785 34
Cover_T786 52
Cover_T787 42
Cover_T788 44
Cover_T789 50
Cover_T790 36
Cover_T791 42
Cover_T792 28
Cover_T793 50
Cover_T794 52
Cover_T795 42
Cover_T796 44
Cover_T797 50
Cover_T798 52
Cover_T799 -4
Cover_T800 44
Cover_T801 4
Cover_T802 50
Cover_T803 -6
Cover_T804 42
Cover_T805 2
Cover_T806 34
Cover_T807 -46
Cover_T808 18
Cover_T809 -30
Cover_T810 34
Cover_T811 -46
Cover_T812 18
Cover_T813 -46
Cover_T814 2
Cover_T815 -44
Cover_T816 -14
Cover_T817 -28
Cover_T818 -30
Cover_T819 -12
Cover_T820 2
Cover_T821 -28
Cover_T822 1.0017e-09
Cover_T823 -12
Cover_T824 -16
Cover_T825 4
Cover_T826 -32
Cover_T827 20
Cover_T828 -48
Cover_T829 36
Cover_T830 -32
Cover_T831 4
Cover_T832 -48
Cover_T833 6
Cover_T834 -48
Cover_T835 22
Cover_T836 -48
Cover_T837 34
Cover_T838 6
Cover_T839 42
Cover_T840 -2
Cover_T841 50
Cover_T842 8
Cover_T843 26
Cover_T844 0
Cover_T845 34
Cover_T846 2.8303e-10
Cover_T847 42
Cover_T848 -8
Cover_T849 50
Cover_T850 8
Cover_T851 42
Cover_T852 0
Cover_T853 50
Cover_T854 8
Cover_T855 42
Cover_T856 0
Cover_T857 50
Cover_T858 10
Cover_T859 -4
Cover_T860 2
Cover_T861 4
Cover_T862 2
Cover_T863 -6
Cover_T864 -6
Cover_T865 2
Cover_T866 6
Cover_T867 2
Cover_T868 -2
Cover_T869 12
Cover_T870 -4
Cover_T871 -4
Cover_T872 -12
Cover_T873 4
Cover_T874 8
Cover_T875 -6
Cover_T876 2.53966e-09
Cover_T877 2
Cover_T878 -8
Cover_T879 -8
Cover_T880 -16
Cover_T881 0
Cover_T882 -24
Cover_T883 0
Cover_T884 -32
Cover_T885 12
Cover_T886 -40
Cover_T887 -2
Cover_T888 -48
Cover_T889 8
Cover_T890 20
Cover_T891 8
Cover_T892 12
Cover_T893 18
Cover_T894 2
Cover_T895 -2
Cover_T896 -4
Cover_T897 14
Cover_T898 50
Cover_T899 22
Cover_T900 38
Cover_T901 38
Cover_T902 24
Cover_T903 52
Cover_T904 12
Cover_T905 64
Cover_T906 48
Cover_T907 3.00355e-10
Cover_T908 28
Cover_T909 12
Cover_T910 46
Cover_T911 22
Cover_T912 26
Cover_T913 -30
Cover_T914 18
Cover_T915 -18
Cover_T916 2
Cover_T917 -6
Cover_T918 -10
Cover_T919 6
Cover_T920 -22
Cover_T921 -30
Cover_T922 -34
Cover_T923 -14
Cover_T924 -42
Cover_T925 -22
Cover_T926 -8
Cover_T927 -6
Cover_T928 -22
Cover_T929 -4
Cover_T930 -34
Cover_T931 12
Cover_T932 -44
Cover_T933 46
Cover_T934 14
Cover_T935 46
Cover_T936 2
Cover_T937 78
Cover_T938 10
Cover_T939 72
Cover_T940 16
Cover_T941 72
Cover_T942 14
Cover_T943 66
Cover_T944 0
Cover_T945 66
Cover_T946 36
Cover_T947 74
Cover_T948 26
Cover_T949 100
Cover_T950 38
Cover_T951 98
Cover_T952 14
Cover_T953 58
Cover_T954 20
Cover_T955 44
Cover_T956 -2
Cover_T957 64
Cover_T958 4
Cover_T959 56
Cover_T960 12
Cover_T961 46
Cover_T962 20
Cover_T963 56
Cover_T964 -8
Cover_T965 62
Cover_T966 -2
Cover_T967 38
Cover_T968 -20
Cover_T969 36
Cover_T970 -20
Cover_T971 36
Cover_T972 -24
Cover_T973 28
Cover_T974 -32
Cover_T975 28
Cover_T976 -40
Cover_T977 38
Cover_T978 -26
Cover_T979 38
Cover_T980 -28
Cover_T981 38
Cover_T982 -32
Cover_T983 34
Cover_T984 -32
Cover_T985 34
Cover_T986 -32
Cover_T987 38
Cover_T988 -44
Cover_T989 50
Cover_T990 -32
Cover_T991 32
Cover_T992 -46
Cover_T993 30
Cover_T994 -34
Cover_T995 30
Cover_T996 -30
Cover_T997 30
Cover_T998 -34
Cover_T999 34
Cover_T1000 -34
Cover_T1001 44
Cover_T1002 -36
Cover_T1003 42
Cover_T1004 -32
Cover_T1005 58
Cover_T1006 -32
Cover_T1007 38
Cover_T1008 -30
Cover_T1009 46
Cover_T1010 -32
Cover_T1011 52
Cover_T1012 -34
Cover_T1013 52
Cover_T1014 -40
Cover_T1015 56
Cover_T1016 -36
Cover_T1017 50
Cover_T1018 -38
Cover_T1019 52
Cover_T1020 -38
Cover_T1021 60
Cover_T1022 -38
Cover_T1023 58
Cover_T1024 -38
Cover_T1025 58
Cover_T1026 -38
Cover_T1027 58
Cover_T1028 -42
Cover_T1029 66
Cover_T1030 -42
Cover_T1031 62
Cover_T1032 -44
Cover_T1033 58
Cover_T1034 -44
Cover_T1035 60
Cover_T1036 -44
Cover_T1037 10
Cover_T1038 9.58167e-11
Cover_T1039 10
Cover_T1040 8
Cover_T1041 10
Cover_T1042 12
Cover_T1043 70
Cover_T1044 12
Cover_T1045 60
Cover_T1046 10
Cover_T1047 72
Cover_T1048 12
Cover_T1049 62
Cover_T1050 32
Cover_T1051 56
Cover_T1052 20
Cover_T1053 38
Cover_T1054 54
Cover_T1055 100
Cover_T1056 8.42391e-10
Cover_T1057 88
Cover_T1058 4
Cover_T1059 74
Cover_T1060 0
Cover_T1061 996
Cover_T1062 936
Cover_T1063 976
Cover_T1064 948
Cover_T1065 1034
Cover_T1066 962
Cover_T1067 1000
Cover_T1068 896
Cover_T1069 992
Cover_T1070 908
Cover_T1071 1000
Cover_T1072 920
Cover_T1073 980
Cover_T1074 0
Cover_T1075 60
Cover_T1076 0
Cover_T1077 22
Cover_T1078 -38
Cover_T1079 52
Cover_T1080 -6
Cover_T1081 -4
Cover_T1082 54
Cover_T1083 -26
Cover_T1084 20
Cover_T1085 0
Cover_T1086 60
Cover_T1087 10
Cover_T1088 42
Cover_T1089 0
Cover_T1090 58
Cover_T1091 10
Cover_T1092 62
Cover_T1093 10
Cover_T1094 12
Cover_T1095 0
Cover_T1096 0
Cover_T1097 0
Cover_T1098 12
Cover_T1099 16
Cover_T1100 0
Cover_T1101 0
Cover_T1102 0
Cover_T1103 0
Cover_T1104 4
Cover_T1105 0
Cover_T1106 4
Cover_T1107 0
Cover_T1108 0
Cover_T1109 18
Cover_T1110 14
Cover_T1111 2
Cover_T1112 8
Cover_T1113 0
Cover_T1114 18
Cover_T1115 0
Cover_T1116 48
Cover_T1117 88
Cover_T1118 52
Cover_T1119 88
Cover_T1120 72
Cover_T1121 76
Cover_T1122 92
Cover_T1123 70
Cover_T1124 6
Count_D0 -984
Count_D1 -1000
Max_H0_P0 0
Max_H0_P1 0
Max_H0_P2 0
Max_H0_P3 -2.88658e-11
Max_H0_P4 -2.14314e-11
Max_H0_P5 -3.42992e-11
Max_H0_P6 -8.90168e-11
Max_H0_P7 0
Max_H0_P8 0
Max_H0_P9 0
Max_H0_P10 0
Max_H0_P11 0
Max_H0_P12 0
Max_H0_P13 0
Max_H0_P14 0
Max_H0_P15 2.23262e-11
Max_H0_P16 3.44507e-11
Max_H0_P17 -1.03362e-11
Max_H0_P18 0
Max_H0_P19 1.14095e-11
Max_H0_P20 4.14143e-11
Max_H0_P21 1.40422e-10
Max_H0_P22 1.64633e-11
Max_H0_P23 -2.4228e-11
Max_H0_P24 5.3028e-11
Max_H0_P25 9.46751e-11
Max_H0_P26 -5.18474e-12
Max_H0_P27 6.36047e-11
Max_H0_P28 6.86988e-11
Max_H0_P29 7.58349e-11
Max_H0_P30 8.2478e-11
Max_H0_P31 1.34907e-11
Max_H0_P32 6.14335e-11
Max_H0_P33 3.42803e-11
Max_H0_P34 7.51908e-11
Max_H0_P35 -6.72919e-11
Max_H0_P36 2.16436e-11
Max_H0_P37 7.79025e-11
Max_H0_P38 7.58117e-11
Max_H0_P39 -9.66338e-12
Max_H0_P40 1.36193e-10
Max_H0_P41 1.04187e-10
Max_H0_P42 -2.91465e-11
Max_H0_P43 1.0103e-11
Max_H0_P44 3.91767e-11
Max_H0_P45 -4.85763e-11
Max_H0_P46 0
Max_H0_P47 0
Max_H0_P48 0
Max_H0_P49 0
Max_H0_P50 0
Max_H0_P51 0
Max_H0_P52 0
Max_H0_P53 0
Max_H0_P54 0
Max_H0_P55 0
Max_H0_P56 0
Max_H0_P57 0
Max_H0_P58 0
Max_H0_P59 0
Max_H0_P60 -2.84279e-11
Max_H0_P61 3.02929e-11
Max_H0_P62 0
Max_H0_P63 0
Max_H0_P64 0
Max_H0_P65 0
Max_H0_P66 0
Max_H0_P67 0
Max_H0_P68 0
Max_H0_P69 0
Max_H0_P70 0
Max_H0_P71 0
Max_H0_P72 0
Max_H0_P73 0
Max_H0_P74 0
Max_H0_P75 0
Max_H0_P76 0
Max_H0_P77 -1.0332e-10
Max_H0_P78 -2.52953e-11
Max_H0_P79 0
Max_H0_P80 7.09603e-11
Max_H0_P81 0
Max_H1_P0 0
Max_H1_P1 0
Max_H1_P2 0
Max_H1_P3 0
Max_H1_P4 -5.13865e-11
Max_H1_P5 0
Max_H1_P6 -1.19122e-10
Max_H1_P7 0
Max_H1_P8 0
Max_H1_P9 0
Max_H1_P10 0
Max_H1_P11 0
Max_H1_P12 0
Max_H1_P13 0
Max_H1_P14 0
Max_H1_P15 1.18838e-12
Max_H1_P16 1.00345e-11
Max_H1_P17 -4.713e-11
Max_H1_P18 3.21031e-11
Max_H1_P19 -6.2812e-12
Max_H1_P20 1.32523e-12
Max_H1_P21 -1.09655e-11
Max_H1_P22 7.1946e-11
Max_H1_P23 3.59801e-11
Max_H1_P24 1.08817e-10
Max_H1_P25 -1.75828e-11
Max_H1_P26 -4.46079e-11
Max_H1_P27 9.11807e-11
Max_H1_P28 8.15175e-11
Max_H1_P29 4.95155e-11
Max_H1_P30 3.64149e-11
Max_H1_P31 7.25571e-11
Max_H1_P32 4.58158e-11
Max_H1_P33 9.43601e-11
Max_H1_P34 7.83612e-11
Max_H1_P35 9.72637e-11
Max_H1_P36 -9.77214e-12
Max_H1_P37 -6.50209e-11
Max_H1_P38 2.93423e-11
Max_H1_P39 1.05846e-10
Max_H1_P40 4.48532e-11
Max_H1_P41 1.12783e-10
Max_H1_P42 2.46261e-11
Max_H1_P43 5.63092e-11
Max_H1_P44 0
Max_H1_P45 -4.02501e-11
Max_H1_P46 -2.06155e-11
Max_H1_P47 0
Max_H1_P48 0
Max_H1_P49 0
Max_H1_P50 5.9198e-11
Max_H1_P51 1.57296e-11
Max_H1_P52 -7.56115e-11
Max_H1_P53 0
Max_H1_P54 0
Max_H1_P55 0
Max_H1_P56 0
Max_H1_P57 0
Max_H1_P58 0
Max_H1_P59 0
Max_H1_P60 -2.30105e-11
Max_H1_P61 3.35802e-11
Max_H1_P62 -2.73756e-11
Max_H1_P63 0
Max_H1_P64 1.11974e-10
Max_H1_P65 -7.21911e-11
Max_H1_P66 0
Max_H1_P67 0
Max_H1_P68 0
Max_H1_P69 0
Max_H1_P70 1.18693e-10
Max_H1_P71 0
Max_H1_P72 0
Max_H1_P73 0
Max_H1_P74 0
Max_H1_P75 0
Max_H1_P76 1.83625e-11
Max_H1_P77 -9.64349e-11
Max_H1_P78 1.79625e-11
Max_H1_P79 0
Max_H1_P80 5.2099e-11
Max_H1_P81 0
