Cover_T0 52
Cover_T1 -52
Cover_T2 52
Cover_T3 -52
Cover_T4 52
Cover_T5 -52
Cover_T6 52
Cover_T7 -52
Cover_T8 52
Cover_T9 -52
Cover_T10 52
Cover_T11 -52
Cover_T12 52
Cover_T13 -52
Cover_T14 54
Cover_T15 -52
Cover_T16 54
Cover_T17 -50
Cover_T18 52
Cover_T19 -50
Cover_T20 54
Cover_T21 -50
Cover_T22 54
Cover_T23 -50
Cover_T24 54
Cover_T25 -48
Cover_T26 54
Cover_T27 -44
Cover_T28 54
Cover_T29 -44
Cover_T30 62
Cover_T31 -38
Cover_T32 60
Cover_T33 -38
Cover_T34 58
Cover_T35 -38
Cover_T36 54
Cover_T37 -42
Cover_T38 50
Cover_T39 -28
Cover_T40 56
Cover_T41 -10
Cover_T42 54
Cover_T43 -24
Cover_T44 58
Cover_T45 54
Cover_T46 54
Cover_T47 946
Cover_T48 48
Cover_T49 946
Cover_T50 1028
Cover_T51 946
Cover_T52 994
Cover_T53 940
Cover_T54 1028
Cover_T55 936
Cover_T56 938
Cover_T57 942
Cover_T58 58
Cover_T59 942
Cover_T60 46
Cover_T61 -38
Cover_T62 34
Cover_T63 -22
Cover_T64 22
Cover_T65 -40
Cover_T66 4
Cover_T67 -48
Cover_T68 50
Cover_T69 -32
Cover_T70 34
Cover_T71 -16
Cover_T72 18
Cover_T73 -8.53795e-09
Cover_T74 2
Cover_T75 8
Cover_T76 4
Cover_T77 -36
Cover_T78 6
Cover_T79 -16
Cover_T80 2
Cover_T81 2
Cover_T82 16
Cover_T83 4
Cover_T84 -4
Cover_T85 2
Cover_T86 52
Cover_T87 6
Cover_T88 32
Cover_T89 -8
Cover_T90 12
Cover_T91 12
Cover_T92 -2
Cover_T93 -44
Cover_T94 12
Cover_T95 -24
Cover_T96 52
Cover_T97 -4
Cover_T98 32
Cover_T99 10
Cover_T100 12
Cover_T101 0
Cover_T102 0
Cover_T103 -32
Cover_T104 8
Cover_T105 -4
Cover_T106 44
Cover_T107 8
Cover_T108 16
Cover_T109 0
Cover_T110 -1.61435e-11
Cover_T111 -36
Cover_T112 -8
Cover_T113 -8
Cover_T114 34
Cover_T115 8
Cover_T116 6
Cover_T117 16
Cover_T118 8
Cover_T119 -26
Cover_T120 -20
Cover_T121 2
Cover_T122 -48
Cover_T123 0
Cover_T124 -22
Cover_T125 28
Cover_T126 -50
Cover_T127 52
Cover_T128 -42
Cover_T129 18
Cover_T130 6
Cover_T131 38
Cover_T132 -14
Cover_T133 30
Cover_T134 -34
Cover_T135 50
Cover_T136 -22
Cover_T137 2
Cover_T138 -42
Cover_T139 20
Cover_T140 2
Cover_T141 36
Cover_T142 -10
Cover_T143 60
Cover_T144 -26
Cover_T145 46
Cover_T146 -42
Cover_T147 62
Cover_T148 0
Cover_T149 28
Cover_T150 2
Cover_T151 42
Cover_T152 14
Cover_T153 66
Cover_T154 2
Cover_T155 82
Cover_T156 14
Cover_T157 50
Cover_T158 40
Cover_T159 48
Cover_T160 34
Cover_T161 42
Cover_T162 32
Cover_T163 54
Cover_T164 16
Cover_T165 48
Cover_T166 20
Cover_T167 14
Cover_T168 20
Cover_T169 20
Cover_T170 0
Cover_T171 22
Cover_T172 -8
Cover_T173 10
Cover_T174 4
Cover_T175 18
Cover_T176 -4
Cover_T177 22
Cover_T178 -34
Cover_T179 26
Cover_T180 -4
Cover_T181 14
Cover_T182 -22
Cover_T183 24
Cover_T184 -6
Cover_T185 40
Cover_T186 -6
Cover_T187 56
Cover_T188 -18
Cover_T189 24
Cover_T190 -8
Cover_T191 40
Cover_T192 -8
Cover_T193 24
Cover_T194 -8
Cover_T195 18
Cover_T196 -14
Cover_T197 14
Cover_T198 -20
Cover_T199 16
Cover_T200 -14
Cover_T201 22
Cover_T202 -34
Cover_T203 34
Cover_T204 -26
Cover_T205 50
Cover_T206 -42
Cover_T207 30
Cover_T208 -18
Cover_T209 46
Cover_T210 -14
Cover_T211 64
Cover_T212 -14
Cover_T213 50
Cover_T214 -20
Cover_T215 66
Cover_T216 -40
Cover_T217 42
Cover_T218 -22
Cover_T219 36
Cover_T220 -22
Cover_T221 40
Cover_T222 -34
Cover_T223 66
Cover_T224 -30
Cover_T225 52
Cover_T226 -28
Cover_T227 52
Cover_T228 -32
Cover_T229 68
Cover_T230 -32
Cover_T231 54
Cover_T232 -44
Cover_T233 54
Cover_T234 -44
Cover_T235 56
Cover_T236 -52
Cover_T237 52
Cover_T238 -52
Cover_T239 54
Cover_T240 -50
Cover_T241 52
Cover_T242 -50
Cover_T243 54
Cover_T244 -50
Cover_T245 58
Cover_T246 -48
Cover_T247 58
Cover_T248 -44
Cover_T249 58
Cover_T250 -44
Cover_T251 56
Cover_T252 -42
Cover_T253 56
Cover_T254 -38
Cover_T255 54
Cover_T256 -42
Cover_T257 50
Cover_T258 -34
Cover_T259 56
Cover_T260 -32
Cover_T261 48
Cover_T262 -12
Cover_T263 54
Cover_T264 -24
Cover_T265 58
Cover_T266 54
Cover_T267 48
Cover_T268 946
Cover_T269 48
Cover_T270 946
Cover_T271 1006
Cover_T272 940
Cover_T273 1006
Cover_T274 936
Cover_T275 950
Cover_T276 940
Cover_T277 46
Cover_T278 942
Cover_T279 58
Cover_T280 -38
Cover_T281 46
Cover_T282 -22
Cover_T283 34
Cover_T284 -40
Cover_T285 8
Cover_T286 -48
Cover_T287 -9.64155e-09
Cover_T288 -32
Cover_T289 46
Cover_T290 -16
Cover_T291 30
Cover_T292 -8.54045e-09
Cover_T293 12
Cover_T294 8
Cover_T295 -2
Cover_T296 -38
Cover_T297 0
Cover_T298 -22
Cover_T299 6
Cover_T300 -6
Cover_T301 6
Cover_T302 8
Cover_T303 6
Cover_T304 6
Cover_T305 8
Cover_T306 0
Cover_T307 -8
Cover_T308 0
Cover_T309 52
Cover_T310 0
Cover_T311 34
Cover_T312 2
Cover_T313 14
Cover_T314 22
Cover_T315 0
Cover_T316 -34
Cover_T317 0
Cover_T318 -14
Cover_T319 0
Cover_T320 1.30883e-09
Cover_T321 34
Cover_T322 2.0644e-10
Cover_T323 14
Cover_T324 -8.78231e-12
Cover_T325 0
Cover_T326 -34
Cover_T327 3.71088e-10
Cover_T328 -14
Cover_T329 6
Cover_T330 -1.18661e-12
Cover_T331 50
Cover_T332 0
Cover_T333 30
Cover_T334 -6
Cover_T335 18
Cover_T336 -42
Cover_T337 10
Cover_T338 -14
Cover_T339 52
Cover_T340 2
Cover_T341 24
Cover_T342 10
Cover_T343 26
Cover_T344 -32
Cover_T345 -2
Cover_T346 -4
Cover_T347 -30
Cover_T348 -6
Cover_T349 -4
Cover_T350 22
Cover_T351 -32
Cover_T352 50
Cover_T353 -32
Cover_T354 24
Cover_T355 8
Cover_T356 52
Cover_T357 -20
Cover_T358 52
Cover_T359 -48
Cover_T360 12
Cover_T361 -40
Cover_T362 32
Cover_T363 0
Cover_T364 52
Cover_T365 -16
Cover_T366 40
Cover_T367 -36
Cover_T368 14
Cover_T369 2
Cover_T370 36
Cover_T371 0
Cover_T372 54
Cover_T373 10
Cover_T374 78
Cover_T375 -2
Cover_T376 36
Cover_T377 0
Cover_T378 44
Cover_T379 34
Cover_T380 32
Cover_T381 22
Cover_T382 50
Cover_T383 28
Cover_T384 38
Cover_T385 2
Cover_T386 8
Cover_T387 16
Cover_T388 14
Cover_T389 4
Cover_T390 10
Cover_T391 2
Cover_T392 26
Cover_T393 4
Cover_T394 16
Cover_T395 -16
Cover_T396 18
Cover_T397 6
Cover_T398 20
Cover_T399 -18
Cover_T400 18
Cover_T401 -34
Cover_T402 34
Cover_T403 -8
Cover_T404 26
Cover_T405 -6
Cover_T406 56
Cover_T407 -12
Cover_T408 36
Cover_T409 -8
Cover_T410 14
Cover_T411 -12
Cover_T412 28
Cover_T413 -12
Cover_T414 18
Cover_T415 -20
Cover_T416 18
Cover_T417 -16
Cover_T418 18
Cover_T419 -34
Cover_T420 20
Cover_T421 -14
Cover_T422 28
Cover_T423 -22
Cover_T424 28
Cover_T425 -38
Cover_T426 44
Cover_T427 -22
Cover_T428 22
Cover_T429 -38
Cover_T430 32
Cover_T431 -14
Cover_T432 56
Cover_T433 -14
Cover_T434 40
Cover_T435 -14
Cover_T436 50
Cover_T437 -22
Cover_T438 26
Cover_T439 -40
Cover_T440 34
Cover_T441 -24
Cover_T442 32
Cover_T443 -30
Cover_T444 40
Cover_T445 -22
Cover_T446 52
Cover_T447 -26
Cover_T448 58
Cover_T449 -38
Cover_T450 44
Cover_T451 -28
Cover_T452 60
Cover_T453 -28
Cover_T454 52
Cover_T455 -34
Cover_T456 48
Cover_T457 -32
Cover_T458 60
Cover_T459 -36
Cover_T460 56
Cover_T461 -40
Cover_T462 48
Cover_T463 -44
Cover_T464 46
Cover_T465 -52
Cover_T466 52
Cover_T467 -48
Cover_T468 56
Cover_T469 -46
Cover_T470 52
Cover_T471 -52
Cover_T472 52
Cover_T473 64
Cover_T474 -44
Cover_T475 66
Cover_T476 -38
Cover_T477 62
Cover_T478 -34
Cover_T479 52
Cover_T480 -38
Cover_T481 50
Cover_T482 -36
Cover_T483 46
Cover_T484 -14
Cover_T485 54
Cover_T486 -30
Cover_T487 54
Cover_T488 46
Cover_T489 46
Cover_T490 944
Cover_T491 46
Cover_T492 944
Cover_T493 1026
Cover_T494 938
Cover_T495 1008
Cover_T496 938
Cover_T497 1008
Cover_T498 932
Cover_T499 1008
Cover_T500 946
Cover_T501 1032
Cover_T502 944
Cover_T503 942
Cover_T504 946
Cover_T505 38
Cover_T506 948
Cover_T507 26
Cover_T508 -30
Cover_T509 10
Cover_T510 -48
Cover_T511 60
Cover_T512 -32
Cover_T513 38
Cover_T514 -40
Cover_T515 22
Cover_T516 -24
Cover_T517 8
Cover_T518 -8
Cover_T519 8
Cover_T520 0
Cover_T521 6
Cover_T522 -46
Cover_T523 -2
Cover_T524 -30
Cover_T525 -2
Cover_T526 -14
Cover_T527 16
Cover_T528 0
Cover_T529 0
Cover_T530 -2
Cover_T531 -16
Cover_T532 -7.36691e-11
Cover_T533 44
Cover_T534 8
Cover_T535 28
Cover_T536 8
Cover_T537 12
Cover_T538 -10
Cover_T539 2
Cover_T540 6
Cover_T541 6
Cover_T542 22
Cover_T543 4
Cover_T544 -38
Cover_T545 48
Cover_T546 -22
Cover_T547 32
Cover_T548 -6
Cover_T549 16
Cover_T550 4
Cover_T551 6
Cover_T552 1.82059e-10
Cover_T553 3.5449e-11
Cover_T554 2
Cover_T555 0
Cover_T556 -42
Cover_T557 4
Cover_T558 -26
Cover_T559 52
Cover_T560 -10
Cover_T561 36
Cover_T562 -2.13731e-11
Cover_T563 20
Cover_T564 6
Cover_T565 16
Cover_T566 6
Cover_T567 0
Cover_T568 4
Cover_T569 0
Cover_T570 -40
Cover_T571 50
Cover_T572 -20
Cover_T573 30
Cover_T574 -12
Cover_T575 10
Cover_T576 8
Cover_T577 20
Cover_T578 8
Cover_T579 -3.10814e-10
Cover_T580 -38
Cover_T581 -28
Cover_T582 -10
Cover_T583 -2
Cover_T584 -12
Cover_T585 -30
Cover_T586 16
Cover_T587 -30
Cover_T588 44
Cover_T589 14
Cover_T590 10
Cover_T591 -6
Cover_T592 30
Cover_T593 -26
Cover_T594 50
Cover_T595 -46
Cover_T596 42
Cover_T597 -34
Cover_T598 -6
Cover_T599 6
Cover_T600 14
Cover_T601 -8
Cover_T602 40
Cover_T603 -24
Cover_T604 56
Cover_T605 -40
Cover_T606 42
Cover_T607 2
Cover_T608 66
Cover_T609 4
Cover_T610 26
Cover_T611 16
Cover_T612 44
Cover_T613 0
Cover_T614 62
Cover_T615 10
Cover_T616 88
Cover_T617 46
Cover_T618 46
Cover_T619 32
Cover_T620 48
Cover_T621 34
Cover_T622 34
Cover_T623 12
Cover_T624 56
Cover_T625 26
Cover_T626 46
Cover_T627 16
Cover_T628 12
Cover_T629 14
Cover_T630 16
Cover_T631 10
Cover_T632 8
Cover_T633 -6
Cover_T634 26
Cover_T635 2
Cover_T636 14
Cover_T637 -6
Cover_T638 14
Cover_T639 -24
Cover_T640 16
Cover_T641 -40
Cover_T642 14
Cover_T643 -10
Cover_T644 34
Cover_T645 -28
Cover_T646 12
Cover_T647 -12
Cover_T648 26
Cover_T649 -6
Cover_T650 44
Cover_T651 -6
Cover_T652 60
Cover_T653 -8
Cover_T654 26
Cover_T655 -8
Cover_T656 42
Cover_T657 -8
Cover_T658 26
Cover_T659 -8
Cover_T660 26
Cover_T661 -20
Cover_T662 22
Cover_T663 -12
Cover_T664 18
Cover_T665 -34
Cover_T666 34
Cover_T667 -30
Cover_T668 38
Cover_T669 -14
Cover_T670 34
Cover_T671 -14
Cover_T672 44
Cover_T673 -14
Cover_T674 30
Cover_T675 -28
Cover_T676 60
Cover_T677 -14
Cover_T678 36
Cover_T679 -18
Cover_T680 46
Cover_T681 -22
Cover_T682 52
Cover_T683 -18
Cover_T684 66
Cover_T685 -26
Cover_T686 52
Cover_T687 -32
Cover_T688 60
Cover_T689 -30
Cover_T690 64
Cover_T691 -36
Cover_T692 58
Cover_T693 -38
Cover_T694 52
Cover_T695 -42
Cover_T696 52
Cover_T697 -44
Cover_T698 60
Cover_T699 -44
Cover_T700 60
Cover_T701 -44
Cover_T702 60
Cover_T703 -44
Cover_T704 52
Cover_T705 -52
Cover_T706 58
Cover_T707 -52
Cover_T708 18
Cover_T709 4
Cover_T710 20
Cover_T711 6
Cover_T712 16
Cover_T713 10
Cover_T714 18
Cover_T715 6
Cover_T716 8
Cover_T717 0
Cover_T718 0
Cover_T719 0
Cover_T720 20
Cover_T721 20
Cover_T722 0
Cover_T723 0
Cover_T724 24
Cover_T725 80
Cover_T726 0
Cover_T727 988
Cover_T728 978
Cover_T729 962
Cover_T730 1014
Cover_T731 974
Cover_T732 1014
Cover_T733 964
Cover_T734 956
Cover_T735 980
Cover_T736 40
Cover_T737 0
Cover_T738 16
Cover_T739 -28
Cover_T740 54
Cover_T741 -20
Cover_T742 52
Cover_T743 20
Cover_T744 28
Cover_T745 52
Cover_T746 0
Cover_T747 62
Cover_T748 -28
Cover_T749 52
Cover_T750 54
Cover_T751 14
Cover_T752 32
Cover_T753 54
Cover_T754 2
Cover_T755 78
Cover_T756 0
Cover_T757 94
Cover_T758 0
Cover_T759 0
Cover_T760 0
Cover_T761 14
Cover_T762 60
Cover_T763 40
Cover_T764 36
Cover_T765 56
Cover_T766 38
Cover_T767 48
Cover_T768 42
Cover_T769 60
Cover_T770 46
Cover_T771 -12
Cover_T772 26
Cover_T773 0
Cover_T774 24
Cover_T775 0
Cover_T776 0
Cover_T777 -4
Cover_T778 42
Cover_T779 0
Cover_T780 38
Cover_T781 38
Cover_T782 38
Count_D0 -984
Count_D1 -1000
Max_H0_P0 0
Max_H0_P1 0
Max_H0_P2 0
Max_H0_P3 0
Max_H0_P4 0
Max_H0_P5 0
Max_H0_P6 0
Max_H0_P7 0
Max_H0_P8 0
Max_H0_P9 0
Max_H0_P10 0
Max_H0_P11 0
Max_H0_P12 0
Max_H0_P13 0
Max_H0_P14 0
Max_H0_P15 0
Max_H0_P16 2.00724e-09
Max_H0_P17 -1.71626e-10
Max_H0_P18 -5.9492e-11
Max_H0_P19 -1.16824e-11
Max_H0_P20 -8.76055e-12
Max_H0_P21 2.04138e-11
Max_H0_P22 2.16716e-12
Max_H0_P23 -4.95606e-11
Max_H0_P24 -3.02147e-11
Max_H0_P25 -3.18776e-11
Max_H0_P26 -1.73725e-11
Max_H0_P27 2.251e-11
Max_H0_P28 -6.43841e-12
Max_H0_P29 -1.00203e-11
Max_H0_P30 1.68257e-11
Max_H0_P31 -2.01865e-11
Max_H0_P32 5.49705e-11
Max_H0_P33 2.82254e-11
Max_H0_P34 -1.12989e-12
Max_H0_P35 2.79021e-12
Max_H0_P36 3.78293e-11
Max_H0_P37 1.24059e-11
Max_H0_P38 2.51532e-12
Max_H0_P39 3.0924e-11
Max_H0_P40 2.0691e-11
Max_H0_P41 -1.43831e-11
Max_H0_P42 0
Max_H0_P43 0
Max_H0_P44 0
Max_H0_P45 0
Max_H0_P46 0
Max_H0_P47 0
Max_H0_P48 0
Max_H0_P49 0
Max_H0_P50 0
Max_H0_P51 0
Max_H0_P52 0
Max_H0_P53 0
Max_H0_P54 0
Max_H0_P55 0
Max_H0_P56 0
Max_H0_P57 0
Max_H0_P58 0
Max_H0_P59 0
Max_H0_P60 -2.24032e-11
Max_H0_P61 -1.98384e-11
Max_H0_P62 0
Max_H0_P63 0
Max_H0_P64 0
Max_H0_P65 0
Max_H0_P66 0
Max_H0_P67 0
Max_H0_P68 0
Max_H0_P69 0
Max_H0_P70 0
Max_H0_P71 0
Max_H0_P72 0
Max_H0_P73 0
Max_H0_P74 0
Max_H0_P75 0
Max_H0_P76 0
Max_H0_P77 1.68742e-10
Max_H0_P78 -1.5002e-10
Max_H0_P79 0
Max_H0_P80 0
Max_H0_P81 0
Max_H1_P0 0
Max_H1_P1 0
Max_H1_P2 0
Max_H1_P3 0
Max_H1_P4 -3.91367e-11
Max_H1_P5 -1.08789e-11
Max_H1_P6 5.97216e-11
Max_H1_P7 0
Max_H1_P8 0
Max_H1_P9 0
Max_H1_P10 0
Max_H1_P11 0
Max_H1_P12 0
Max_H1_P13 0
Max_H1_P14 0
Max_H1_P15 0
Max_H1_P16 2.04977e-09
Max_H1_P17 -1.27615e-10
Max_H1_P18 -2.79203e-11
Max_H1_P19 1.53453e-11
Max_H1_P20 -1.3284e-11
Max_H1_P21 -8.15703e-12
Max_H1_P22 1.8737e-11
Max_H1_P23 -3.8189e-11
Max_H1_P24 -3.58966e-11
Max_H1_P25 -3.44658e-12
Max_H1_P26 1.95166e-13
Max_H1_P27 2.15156e-11
Max_H1_P28 2.10889e-11
Max_H1_P29 -3.22197e-11
Max_H1_P30 -1.94973e-11
Max_H1_P31 1.79128e-11
Max_H1_P32 4.41674e-12
Max_H1_P33 2.07478e-12
Max_H1_P34 -6.64185e-12
Max_H1_P35 5.61622e-11
Max_H1_P36 1.07754e-11
Max_H1_P37 -5.97327e-12
Max_H1_P38 -8.40986e-12
Max_H1_P39 1.58639e-11
Max_H1_P40 1.30456e-11
Max_H1_P41 6.81915e-13
Max_H1_P42 0
Max_H1_P43 -5.94744e-11
Max_H1_P44 0
Max_H1_P45 -1.45519e-11
Max_H1_P46 0
Max_H1_P47 0
Max_H1_P48 0
Max_H1_P49 0
Max_H1_P50 0
Max_H1_P51 0
Max_H1_P52 0
Max_H1_P53 0
Max_H1_P54 -2.55298e-11
Max_H1_P55 0
Max_H1_P56 -2.54889e-11
Max_H1_P57 0
Max_H1_P58 0
Max_H1_P59 0
Max_H1_P60 0
Max_H1_P61 -3.86593e-11
Max_H1_P62 0
Max_H1_P63 0
Max_H1_P64 0
Max_H1_P65 0
Max_H1_P66 0
Max_H1_P67 0
Max_H1_P68 0
Max_H1_P69 0
Max_H1_P70 0
Max_H1_P71 0
Max_H1_P72 0
Max_H1_P73 0
Max_H1_P74 0
Max_H1_P75 0
Max_H1_P76 -2.0749e-11
Max_H1_P77 -6.95888e-13
Max_H1_P78 3.12781e-11
Max_H1_P79 0
Max_H1_P80 0
Max_H1_P81 0
