
Branch and bound

  Entire solving process        :                           (Time    132.0)
  No feasible solution was found
  Best relaxation cost          :     49626.79 (Node     0) (Time    131.9)
  Lower bound after cuts        :     49626.79
  End lower bound               :     49626.79
  Deepest level reached         : 0
  Deepest real level reached    : 0
  Number of real nodes solved   : 1
  Stopping condition            : enough nodes explored

Problem identification

  Problem                       : <null>
  Machine                       : oslo5.gerad.lan

Solving process summary

  Linear relaxations            :        1
  Column generation iterations  :      118
  Shortest paths solved         :     6690
  Columns generated             :    48305

Instance characteristics

  Resources                     : 3
  Node types                    : no
  Arc types                     : no
  Strong resource windows       : no
  Weak resource windows         : no
  Resource windows (nodes)      : 3
  Resource values (arcs)        : 3
  Values on nodes               : no

  Rows                          : 949
  Initial columns               : 399
  Tasks                         : 787
  Strong tasks                  : 553
  Weak tasks                    : 4
  Initial task constraints      : no
  Nodes                         : 1115
  Arc sets                      : 1
  Arcs                          : 28728
  Networks                      : 2
  Models                        : 1

Memory used per module (Megs)

  Parser (reused)               :      6.062
  Networks                      :     31.119
  Column generator              :      6.054
  Master problem                :      9.799
  -----------------
  Total                         :     46.972

Cpu time per module (seconds)

  Parser                        :        0.0
  Preprocessor                  :        0.0
  Lr solver manager             :        0.1
  Column generator              :       50.7
    (Shortest path)             :       41.9
  Master problem                :       81.2
  -------------------
  Total (without b&b)           :      131.9

Real elapsed time (seconds)

  Parser                        :        0.0
  Preprocessor                  :        0.0
  Lr solver manager             :        0.1
  Column generator              :       50.7
    (Shortest path)             :       42.2
  Master problem                :       81.1
  -------------------
  Total (without b&b)           :      131.9
