Cover_T0 52
Cover_T1 -52
Cover_T2 52
Cover_T3 -52
Cover_T4 52
Cover_T5 -52
Cover_T6 52
Cover_T7 -52
Cover_T8 52
Cover_T9 -52
Cover_T10 52
Cover_T11 -52
Cover_T12 54
Cover_T13 -50
Cover_T14 54
Cover_T15 -50
Cover_T16 54
Cover_T17 -50
Cover_T18 54
Cover_T19 -50
Cover_T20 56
Cover_T21 -50
Cover_T22 56
Cover_T23 -48
Cover_T24 52
Cover_T25 -48
Cover_T26 56
Cover_T27 -40
Cover_T28 58
Cover_T29 -40
Cover_T30 54
Cover_T31 -44
Cover_T32 54
Cover_T33 -38
Cover_T34 54
Cover_T35 -24
Cover_T36 58
Cover_T37 -36
Cover_T38 48
Cover_T39 -40
Cover_T40 66
Cover_T41 -14
Cover_T42 58
Cover_T43 54
Cover_T44 116
Cover_T45 42
Cover_T46 90
Cover_T47 24
Cover_T48 90
Cover_T49 18
Cover_T50 1040
Cover_T51 970
Cover_T52 1018
Cover_T53 982
Cover_T54 940
Cover_T55 918
Cover_T56 958
Cover_T57 930
Cover_T58 974
Cover_T59 942
Cover_T60 976
Cover_T61 -8
Cover_T62 18
Cover_T63 -2
Cover_T64 12
Cover_T65 4.7306e-11
Cover_T66 8
Cover_T67 0
Cover_T68 10
Cover_T69 -2
Cover_T70 0
Cover_T71 -1.47958e-10
Cover_T72 8
Cover_T73 2.24869e-11
Cover_T74 2
Cover_T75 3.55023e-11
Cover_T76 8
Cover_T77 4
Cover_T78 0
Cover_T79 16
Cover_T80 -10
Cover_T81 8
Cover_T82 -34
Cover_T83 4
Cover_T84 6
Cover_T85 6
Cover_T86 -14
Cover_T87 22
Cover_T88 4
Cover_T89 42
Cover_T90 8
Cover_T91 2
Cover_T92 8
Cover_T93 22
Cover_T94 8
Cover_T95 4
Cover_T96 8
Cover_T97 0
Cover_T98 2
Cover_T99 5.19549e-11
Cover_T100 0
Cover_T101 8.27356e-11
Cover_T102 -12
Cover_T103 -1.65912e-12
Cover_T104 2.43115e-10
Cover_T105 12
Cover_T106 10
Cover_T107 18
Cover_T108 10
Cover_T109 18
Cover_T110 4
Cover_T111 8
Cover_T112 10
Cover_T113 4
Cover_T114 10
Cover_T115 2
Cover_T116 6
Cover_T117 6
Cover_T118 6
Cover_T119 12
Cover_T120 0
Cover_T121 -8
Cover_T122 6
Cover_T123 16
Cover_T124 -6
Cover_T125 16
Cover_T126 -30
Cover_T127 -3.49488e-10
Cover_T128 -6
Cover_T129 16
Cover_T130 -30
Cover_T131 28
Cover_T132 12
Cover_T133 58
Cover_T134 12
Cover_T135 30
Cover_T136 12
Cover_T137 58
Cover_T138 6
Cover_T139 22
Cover_T140 -18
Cover_T141 22
Cover_T142 12
Cover_T143 24
Cover_T144 2
Cover_T145 26
Cover_T146 6
Cover_T147 42
Cover_T148 6
Cover_T149 52
Cover_T150 -16
Cover_T151 26
Cover_T152 4.97062e-10
Cover_T153 30
Cover_T154 -2
Cover_T155 28
Cover_T156 -6
Cover_T157 28
Cover_T158 -10
Cover_T159 46
Cover_T160 -22
Cover_T161 30
Cover_T162 -14
Cover_T163 30
Cover_T164 -10
Cover_T165 28
Cover_T166 -18
Cover_T167 28
Cover_T168 -34
Cover_T169 44
Cover_T170 -26
Cover_T171 40
Cover_T172 -22
Cover_T173 38
Cover_T174 -24
Cover_T175 42
Cover_T176 -20
Cover_T177 42
Cover_T178 -20
Cover_T179 42
Cover_T180 -22
Cover_T181 42
Cover_T182 -26
Cover_T183 38
Cover_T184 -26
Cover_T185 44
Cover_T186 -30
Cover_T187 36
Cover_T188 -30
Cover_T189 48
Cover_T190 -30
Cover_T191 48
Cover_T192 -30
Cover_T193 36
Cover_T194 -30
Cover_T195 34
Cover_T196 -30
Cover_T197 34
Cover_T198 -36
Cover_T199 42
Cover_T200 -30
Cover_T201 40
Cover_T202 -30
Cover_T203 44
Cover_T204 -30
Cover_T205 58
Cover_T206 -30
Cover_T207 58
Cover_T208 -30
Cover_T209 46
Cover_T210 -34
Cover_T211 46
Cover_T212 -36
Cover_T213 50
Cover_T214 -40
Cover_T215 54
Cover_T216 -44
Cover_T217 52
Cover_T218 -48
Cover_T219 52
Cover_T220 -52
Cover_T221 54
Cover_T222 -50
Cover_T223 54
Cover_T224 -50
Cover_T225 52
Cover_T226 -50
Cover_T227 52
Cover_T228 -50
Cover_T229 52
Cover_T230 -50
Cover_T231 50
Cover_T232 -50
Cover_T233 52
Cover_T234 -32
Cover_T235 56
Cover_T236 -26
Cover_T237 54
Cover_T238 -36
Cover_T239 70
Cover_T240 -14
Cover_T241 52
Cover_T242 54
Cover_T243 102
Cover_T244 36
Cover_T245 102
Cover_T246 30
Cover_T247 90
Cover_T248 0
Cover_T249 1018
Cover_T250 982
Cover_T251 950
Cover_T252 918
Cover_T253 952
Cover_T254 930
Cover_T255 970
Cover_T256 942
Cover_T257 986
Cover_T258 -8
Cover_T259 8
Cover_T260 -2
Cover_T261 6
Cover_T262 0
Cover_T263 0
Cover_T264 -1.82467e-11
Cover_T265 0
Cover_T266 -2
Cover_T267 2
Cover_T268 -2.35479e-10
Cover_T269 2
Cover_T270 -1.3884e-11
Cover_T271 0
Cover_T272 -2
Cover_T273 1.20636e-10
Cover_T274 -2
Cover_T275 0
Cover_T276 1.26953e-11
Cover_T277 -2
Cover_T278 1.76499e-11
Cover_T279 2
Cover_T280 -1.70751e-10
Cover_T281 3.52429e-12
Cover_T282 2
Cover_T283 -22
Cover_T284 10
Cover_T285 6
Cover_T286 20
Cover_T287 12
Cover_T288 52
Cover_T289 4
Cover_T290 22
Cover_T291 0
Cover_T292 4
Cover_T293 2.63896e-11
Cover_T294 1.10983e-10
Cover_T295 5.03633e-11
Cover_T296 1.72857e-11
Cover_T297 -6
Cover_T298 0
Cover_T299 4.9846e-11
Cover_T300 0
Cover_T301 12
Cover_T302 6
Cover_T303 -8
Cover_T304 0
Cover_T305 0
Cover_T306 -12
Cover_T307 -6
Cover_T308 8
Cover_T309 6
Cover_T310 4.6864e-11
Cover_T311 12
Cover_T312 6
Cover_T313 12
Cover_T314 3.70971e-11
Cover_T315 -2
Cover_T316 6
Cover_T317 10
Cover_T318 0
Cover_T319 2
Cover_T320 8
Cover_T321 10
Cover_T322 16
Cover_T323 -6
Cover_T324 16
Cover_T325 -18
Cover_T326 -2.6593e-10
Cover_T327 -42
Cover_T328 16
Cover_T329 -18
Cover_T330 28
Cover_T331 -42
Cover_T332 52
Cover_T333 2.84558e-10
Cover_T334 34
Cover_T335 5.74827e-10
Cover_T336 58
Cover_T337 3.63539e-10
Cover_T338 18
Cover_T339 -6
Cover_T340 24
Cover_T341 -30
Cover_T342 24
Cover_T343 2
Cover_T344 38
Cover_T345 2
Cover_T346 60
Cover_T347 -16
Cover_T348 26
Cover_T349 -6
Cover_T350 26
Cover_T351 -2
Cover_T352 36
Cover_T353 -10
Cover_T354 26
Cover_T355 -26
Cover_T356 18
Cover_T357 -28
Cover_T358 18
Cover_T359 -30
Cover_T360 36
Cover_T361 -34
Cover_T362 32
Cover_T363 -30
Cover_T364 32
Cover_T365 -32
Cover_T366 38
Cover_T367 -32
Cover_T368 38
Cover_T369 -28
Cover_T370 38
Cover_T371 -30
Cover_T372 42
Cover_T373 -34
Cover_T374 38
Cover_T375 -26
Cover_T376 38
Cover_T377 -38
Cover_T378 38
Cover_T379 -30
Cover_T380 30
Cover_T381 -46
Cover_T382 38
Cover_T383 -34
Cover_T384 30
Cover_T385 -32
Cover_T386 46
Cover_T387 -32
Cover_T388 34
Cover_T389 -36
Cover_T390 32
Cover_T391 -36
Cover_T392 32
Cover_T393 -36
Cover_T394 36
Cover_T395 -42
Cover_T396 40
Cover_T397 -36
Cover_T398 42
Cover_T399 -30
Cover_T400 42
Cover_T401 -30
Cover_T402 58
Cover_T403 -30
Cover_T404 44
Cover_T405 -30
Cover_T406 40
Cover_T407 -30
Cover_T408 44
Cover_T409 -30
Cover_T410 40
Cover_T411 -34
Cover_T412 48
Cover_T413 -34
Cover_T414 44
Cover_T415 -36
Cover_T416 48
Cover_T417 -36
Cover_T418 44
Cover_T419 -36
Cover_T420 56
Cover_T421 -40
Cover_T422 54
Cover_T423 -42
Cover_T424 60
Cover_T425 -44
Cover_T426 58
Cover_T427 -48
Cover_T428 52
Cover_T429 -48
Cover_T430 58
Cover_T431 -40
Cover_T432 58
Cover_T433 -44
Cover_T434 54
Cover_T435 -34
Cover_T436 56
Cover_T437 -24
Cover_T438 58
Cover_T439 -40
Cover_T440 78
Cover_T441 -10
Cover_T442 58
Cover_T443 54
Cover_T444 122
Cover_T445 40
Cover_T446 96
Cover_T447 22
Cover_T448 96
Cover_T449 16
Cover_T450 1032
Cover_T451 986
Cover_T452 1034
Cover_T453 962
Cover_T454 1000
Cover_T455 974
Cover_T456 1018
Cover_T457 988
Cover_T458 956
Cover_T459 924
Cover_T460 958
Cover_T461 936
Cover_T462 980
Cover_T463 948
Cover_T464 986
Cover_T465 -12
Cover_T466 4
Cover_T467 2
Cover_T468 12
Cover_T469 4.34355e-11
Cover_T470 12
Cover_T471 -2
Cover_T472 6
Cover_T473 -10
Cover_T474 7.56252e-11
Cover_T475 0
Cover_T476 2
Cover_T477 4
Cover_T478 6
Cover_T479 2.49827e-11
Cover_T480 -10
Cover_T481 -6
Cover_T482 12
Cover_T483 3.67495e-12
Cover_T484 -4
Cover_T485 6
Cover_T486 4
Cover_T487 4
Cover_T488 6
Cover_T489 0
Cover_T490 -6
Cover_T491 16
Cover_T492 -22
Cover_T493 -6
Cover_T494 -38
Cover_T495 10
Cover_T496 6
Cover_T497 2
Cover_T498 -10
Cover_T499 0
Cover_T500 12
Cover_T501 12
Cover_T502 -4
Cover_T503 28
Cover_T504 4
Cover_T505 44
Cover_T506 8
Cover_T507 0
Cover_T508 12
Cover_T509 16
Cover_T510 2
Cover_T511 2
Cover_T512 2
Cover_T513 2
Cover_T514 4
Cover_T515 6
Cover_T516 12
Cover_T517 0
Cover_T518 -12
Cover_T519 0
Cover_T520 8
Cover_T521 2
Cover_T522 0
Cover_T523 14
Cover_T524 0
Cover_T525 2
Cover_T526 6
Cover_T527 22
Cover_T528 6
Cover_T529 0
Cover_T530 4
Cover_T531 8
Cover_T532 8
Cover_T533 8
Cover_T534 8
Cover_T535 2
Cover_T536 -12
Cover_T537 2
Cover_T538 -8
Cover_T539 4
Cover_T540 12
Cover_T541 0
Cover_T542 -1.0701e-10
Cover_T543 0
Cover_T544 -10
Cover_T545 0
Cover_T546 -34
Cover_T547 6
Cover_T548 -10
Cover_T549 0
Cover_T550 -34
Cover_T551 12
Cover_T552 8
Cover_T553 42
Cover_T554 12
Cover_T555 54
Cover_T556 -4
Cover_T557 26
Cover_T558 4
Cover_T559 48
Cover_T560 6
Cover_T561 64
Cover_T562 -10
Cover_T563 16
Cover_T564 -26
Cover_T565 2
Cover_T566 12
Cover_T567 28
Cover_T568 8
Cover_T569 26
Cover_T570 2
Cover_T571 28
Cover_T572 -2
Cover_T573 48
Cover_T574 6
Cover_T575 22
Cover_T576 3.57797e-10
Cover_T577 30
Cover_T578 -2
Cover_T579 32
Cover_T580 -6
Cover_T581 34
Cover_T582 -14
Cover_T583 24
Cover_T584 -10
Cover_T585 30
Cover_T586 -14
Cover_T587 28
Cover_T588 -18
Cover_T589 38
Cover_T590 -18
Cover_T591 38
Cover_T592 -18
Cover_T593 36
Cover_T594 -20
Cover_T595 36
Cover_T596 -28
Cover_T597 50
Cover_T598 -24
Cover_T599 44
Cover_T600 -20
Cover_T601 40
Cover_T602 -22
Cover_T603 36
Cover_T604 -26
Cover_T605 36
Cover_T606 -34
Cover_T607 44
Cover_T608 -30
Cover_T609 44
Cover_T610 -44
Cover_T611 44
Cover_T612 -32
Cover_T613 32
Cover_T614 -30
Cover_T615 44
Cover_T616 -30
Cover_T617 32
Cover_T618 -34
Cover_T619 52
Cover_T620 -36
Cover_T621 44
Cover_T622 -30
Cover_T623 38
Cover_T624 -50
Cover_T625 36
Cover_T626 -30
Cover_T627 44
Cover_T628 -30
Cover_T629 42
Cover_T630 -30
Cover_T631 64
Cover_T632 -30
Cover_T633 44
Cover_T634 -34
Cover_T635 46
Cover_T636 -38
Cover_T637 50
Cover_T638 -40
Cover_T639 54
Cover_T640 -44
Cover_T641 54
Cover_T642 -40
Cover_T643 60
Cover_T644 -42
Cover_T645 58
Cover_T646 -44
Cover_T647 54
Cover_T648 -44
Cover_T649 60
Cover_T650 -48
Cover_T651 60
Cover_T652 22
Cover_T653 3.29935e-10
Cover_T654 24
Cover_T655 8
Cover_T656 18
Cover_T657 14
Cover_T658 12
Cover_T659 20
Cover_T660 66
Cover_T661 12
Cover_T662 46
Cover_T663 24
Cover_T664 26
Cover_T665 88
Cover_T666 82
Cover_T667 74
Cover_T668 56
Cover_T669 0
Cover_T670 44
Cover_T671 994
Cover_T672 1062
Cover_T673 1006
Cover_T674 982
Cover_T675 952
Cover_T676 1014
Cover_T677 968
Cover_T678 1014
Cover_T679 992
Cover_T680 8
Cover_T681 -28
Cover_T682 52
Cover_T683 -28
Cover_T684 52
Cover_T685 4
Cover_T686 0
Cover_T687 58
Cover_T688 -28
Cover_T689 58
Cover_T690 -22
Cover_T691 14
Cover_T692 36
Cover_T693 58
Cover_T694 24
Cover_T695 64
Cover_T696 16
Cover_T697 44
Cover_T698 0
Cover_T699 62
Cover_T700 44
Cover_T701 0
Cover_T702 18
Cover_T703 0
Cover_T704 48
Cover_T705 0
Cover_T706 46
Cover_T707 24
Cover_T708 28
Cover_T709 -8
Cover_T710 -12
Cover_T711 -10
Cover_T712 0
Cover_T713 32
Cover_T714 0
Cover_T715 62
Cover_T716 28
Cover_T717 26
Cover_T718 24
Cover_T719 18
Cover_T720 22
Count_D0 -984
Count_D1 -1000
Max_H0_P0 0
Max_H0_P1 0
Max_H0_P2 0
Max_H0_P3 0
Max_H0_P4 0
Max_H0_P5 7.78775e-11
Max_H0_P6 0
Max_H0_P7 0
Max_H0_P8 0
Max_H0_P9 0
Max_H0_P10 0
Max_H0_P11 0
Max_H0_P12 0
Max_H0_P13 0
Max_H0_P14 0
Max_H0_P15 0
Max_H0_P16 1.39373e-11
Max_H0_P17 -1.66858e-11
Max_H0_P18 -2.13697e-11
Max_H0_P19 -2.05489e-11
Max_H0_P20 4.88587e-11
Max_H0_P21 1.14977e-11
Max_H0_P22 1.79163e-11
Max_H0_P23 1.15675e-12
Max_H0_P24 -1.42841e-11
Max_H0_P25 -3.20052e-12
Max_H0_P26 2.65599e-12
Max_H0_P27 2.75122e-11
Max_H0_P28 8.00049e-12
Max_H0_P29 6.6267e-12
Max_H0_P30 2.41189e-11
Max_H0_P31 -1.94961e-13
Max_H0_P32 -4.33218e-11
Max_H0_P33 1.57669e-11
Max_H0_P34 -2.5667e-11
Max_H0_P35 3.69038e-12
Max_H0_P36 -3.6022e-12
Max_H0_P37 -1.12212e-11
Max_H0_P38 -0
Max_H0_P39 0
Max_H0_P40 9.5536e-12
Max_H0_P41 -3.2527e-11
Max_H0_P42 2.9726e-11
Max_H0_P43 0
Max_H0_P44 0
Max_H0_P45 0
Max_H0_P46 0
Max_H0_P47 0
Max_H0_P48 0
Max_H0_P49 0
Max_H0_P50 0
Max_H0_P51 0
Max_H0_P52 0
Max_H0_P53 0
Max_H0_P54 0
Max_H0_P55 0
Max_H0_P56 0
Max_H0_P57 0
Max_H0_P58 0
Max_H0_P59 0
Max_H0_P60 0
Max_H0_P61 0
Max_H0_P62 0
Max_H0_P63 0
Max_H0_P64 0
Max_H0_P65 0
Max_H0_P66 0
Max_H0_P67 0
Max_H0_P68 0
Max_H0_P69 0
Max_H0_P70 0
Max_H0_P71 0
Max_H0_P72 0
Max_H0_P73 0
Max_H0_P74 0
Max_H0_P75 0
Max_H0_P76 0
Max_H0_P77 4.39115e-11
Max_H0_P78 0
Max_H0_P79 0
Max_H0_P80 0
Max_H0_P81 0
Max_H1_P0 0
Max_H1_P1 0
Max_H1_P2 0
Max_H1_P3 0
Max_H1_P4 0
Max_H1_P5 1.53677e-11
Max_H1_P6 1.64365e-11
Max_H1_P7 -8.21825e-12
Max_H1_P8 0
Max_H1_P9 0
Max_H1_P10 0
Max_H1_P11 0
Max_H1_P12 0
Max_H1_P13 0
Max_H1_P14 0
Max_H1_P15 9.44111e-12
Max_H1_P16 -5.18363e-12
Max_H1_P17 0
Max_H1_P18 -2.25207e-11
Max_H1_P19 3.69511e-11
Max_H1_P20 1.23066e-11
Max_H1_P21 -3.05166e-12
Max_H1_P22 1.53761e-11
Max_H1_P23 -1.50226e-11
Max_H1_P24 3.38733e-11
Max_H1_P25 -5.54426e-12
Max_H1_P26 4.32545e-11
Max_H1_P27 -5.39191e-12
Max_H1_P28 -1.4794e-11
Max_H1_P29 8.26673e-12
Max_H1_P30 -4.64926e-12
Max_H1_P31 -9.02265e-12
Max_H1_P32 -4.58371e-11
Max_H1_P33 0
Max_H1_P34 0
Max_H1_P35 -2.68532e-11
Max_H1_P36 1.20682e-12
Max_H1_P37 1.90252e-11
Max_H1_P38 -5.06187e-12
Max_H1_P39 9.59837e-12
Max_H1_P40 3.32736e-11
Max_H1_P41 1.74789e-11
Max_H1_P42 -2.29734e-11
Max_H1_P43 0
Max_H1_P44 -1.76965e-11
Max_H1_P45 9.95552e-11
Max_H1_P46 0
Max_H1_P47 0
Max_H1_P48 0
Max_H1_P49 0
Max_H1_P50 0
Max_H1_P51 0
Max_H1_P52 0
Max_H1_P53 0
Max_H1_P54 0
Max_H1_P55 0
Max_H1_P56 0
Max_H1_P57 0
Max_H1_P58 0
Max_H1_P59 -4.0743e-12
Max_H1_P60 0
Max_H1_P61 0
Max_H1_P62 -1.64242e-11
Max_H1_P63 0
Max_H1_P64 -2.25562e-11
Max_H1_P65 0
Max_H1_P66 0
Max_H1_P67 0
Max_H1_P68 0
Max_H1_P69 0
Max_H1_P70 -0
Max_H1_P71 0
Max_H1_P72 0
Max_H1_P73 0
Max_H1_P74 0
Max_H1_P75 0
Max_H1_P76 9.37916e-13
Max_H1_P77 1.02887e-11
Max_H1_P78 0
Max_H1_P79 0
Max_H1_P80 0
Max_H1_P81 0
