
Branch and bound

  Entire solving process        :                           (Time    508.0)
  No feasible solution was found
  Best relaxation cost          :     64347.83 (Node     0) (Time    508.0)
  Lower bound after cuts        :     64347.83
  End lower bound               :     64347.83
  Deepest level reached         : 0
  Deepest real level reached    : 0
  Number of real nodes solved   : 1
  Stopping condition            : enough nodes explored

Problem identification

  Problem                       : <null>
  Machine                       : oslo1.gerad.lan

Solving process summary

  Linear relaxations            :        1
  Column generation iterations  :      144
  Shortest paths solved         :     6543
  Columns generated             :    60645

Instance characteristics

  Resources                     : 3
  Node types                    : no
  Arc types                     : no
  Strong resource windows       : no
  Weak resource windows         : no
  Resource windows (nodes)      : 3
  Resource values (arcs)        : 3
  Values on nodes               : no

  Rows                          : 1135
  Initial columns               : 502
  Tasks                         : 973
  Strong tasks                  : 682
  Weak tasks                    : 4
  Initial task constraints      : no
  Nodes                         : 1301
  Arc sets                      : 1
  Arcs                          : 41982
  Networks                      : 2
  Models                        : 1

Memory used per module (Megs)

  Parser (reused)               :      8.605
  Networks                      :     36.931
  Column generator              :     20.706
  Master problem                :     11.092
  -----------------
  Total                         :     68.729

Cpu time per module (seconds)

  Parser                        :        0.0
  Preprocessor                  :        0.0
  Lr solver manager             :        0.1
  Column generator              :      167.1
    (Shortest path)             :      154.3
  Master problem                :      340.7
  -------------------
  Total (without b&b)           :      508.0

Real elapsed time (seconds)

  Parser                        :        0.0
  Preprocessor                  :        0.0
  Lr solver manager             :        0.1
  Column generator              :      167.1
    (Shortest path)             :      154.4
  Master problem                :      340.7
  -------------------
  Total (without b&b)           :      508.0
