
Branch and bound

  Entire solving process        :                           (Time     39.3)
  No feasible solution was found
  Best relaxation cost          :     34930.31 (Node     0) (Time     39.3)
  Lower bound after cuts        :     34930.31
  End lower bound               :     34930.31
  Deepest level reached         : 0
  Deepest real level reached    : 0
  Number of real nodes solved   : 1
  Stopping condition            : enough nodes explored

Problem identification

  Problem                       : <null>
  Machine                       : oslo4.gerad.lan

Solving process summary

  Linear relaxations            :        1
  Column generation iterations  :      106
  Shortest paths solved         :     5210
  Columns generated             :    32327

Instance characteristics

  Resources                     : 3
  Node types                    : no
  Arc types                     : no
  Strong resource windows       : no
  Weak resource windows         : no
  Resource windows (nodes)      : 3
  Resource values (arcs)        : 3
  Values on nodes               : no

  Rows                          : 669
  Initial columns               : 291
  Tasks                         : 507
  Strong tasks                  : 343
  Weak tasks                    : 4
  Initial task constraints      : no
  Nodes                         : 835
  Arc sets                      : 1
  Arcs                          : 13887
  Networks                      : 2
  Models                        : 1

Memory used per module (Megs)

  Parser (reused)               :      3.156
  Networks                      :     21.311
  Column generator              :      3.027
  Master problem                :      6.767
  -----------------
  Total                         :     31.105

Cpu time per module (seconds)

  Parser                        :        0.0
  Preprocessor                  :        0.0
  Lr solver manager             :        0.0
  Column generator              :       11.1
    (Shortest path)             :        9.1
  Master problem                :       28.1
  -------------------
  Total (without b&b)           :       39.3

Real elapsed time (seconds)

  Parser                        :        0.0
  Preprocessor                  :        0.0
  Lr solver manager             :        0.1
  Column generator              :       11.0
    (Shortest path)             :        9.3
  Master problem                :       28.2
  -------------------
  Total (without b&b)           :       39.3
