Cover_T0 52
Cover_T1 -52
Cover_T2 54
Cover_T3 -52
Cover_T4 54
Cover_T5 -50
Cover_T6 54
Cover_T7 -50
Cover_T8 62
Cover_T9 -50
Cover_T10 60
Cover_T11 -42
Cover_T12 56
Cover_T13 -42
Cover_T14 64
Cover_T15 -24
Cover_T16 60
Cover_T17 -26
Cover_T18 58
Cover_T19 -34
Cover_T20 102
Cover_T21 -16
Cover_T22 68
Cover_T23 4
Cover_T24 46
Cover_T25 24
Cover_T26 1024
Cover_T27 920
Cover_T28 1002
Cover_T29 940
Cover_T30 962
Cover_T31 970
Cover_T32 968
Cover_T33 4
Cover_T34 54
Cover_T35 16
Cover_T36 58
Cover_T37 42
Cover_T38 24
Cover_T39 1.7611e-11
Cover_T40 6
Cover_T41 -6
Cover_T42 26
Cover_T43 -9.22213e-11
Cover_T44 24
Cover_T45 -20
Cover_T46 -10
Cover_T47 -20
Cover_T48 22
Cover_T49 14
Cover_T50 8
Cover_T51 0
Cover_T52 0
Cover_T53 8
Cover_T54 -24
Cover_T55 10
Cover_T56 8
Cover_T57 10
Cover_T58 10
Cover_T59 42
Cover_T60 8
Cover_T61 10
Cover_T62 22
Cover_T63 8
Cover_T64 0
Cover_T65 10
Cover_T66 2
Cover_T67 2.31637e-12
Cover_T68 22
Cover_T69 2
Cover_T70 10
Cover_T71 0
Cover_T72 0
Cover_T73 6
Cover_T74 -14
Cover_T75 8
Cover_T76 0
Cover_T77 0
Cover_T78 0
Cover_T79 0
Cover_T80 0
Cover_T81 6
Cover_T82 -28
Cover_T83 0
Cover_T84 -18
Cover_T85 14
Cover_T86 -50
Cover_T87 48
Cover_T88 0
Cover_T89 38
Cover_T90 0
Cover_T91 8
Cover_T92 6
Cover_T93 20
Cover_T94 4
Cover_T95 14
Cover_T96 4
Cover_T97 14
Cover_T98 -28
Cover_T99 24
Cover_T100 22
Cover_T101 22
Cover_T102 -2
Cover_T103 42
Cover_T104 0
Cover_T105 62
Cover_T106 -12
Cover_T107 6
Cover_T108 -40
Cover_T109 26
Cover_T110 8
Cover_T111 34
Cover_T112 12
Cover_T113 44
Cover_T114 -8
Cover_T115 58
Cover_T116 -28
Cover_T117 26
Cover_T118 0
Cover_T119 24
Cover_T120 0
Cover_T121 34
Cover_T122 -6
Cover_T123 64
Cover_T124 -6
Cover_T125 18
Cover_T126 -14
Cover_T127 52
Cover_T128 -38
Cover_T129 36
Cover_T130 -18
Cover_T131 44
Cover_T132 -18
Cover_T133 24
Cover_T134 -34
Cover_T135 32
Cover_T136 -22
Cover_T137 38
Cover_T138 -20
Cover_T139 66
Cover_T140 -40
Cover_T141 58
Cover_T142 -28
Cover_T143 64
Cover_T144 -34
Cover_T145 56
Cover_T146 -42
Cover_T147 54
Cover_T148 -50
Cover_T149 60
Cover_T150 -42
Cover_T151 68
Cover_T152 -30
Cover_T153 50
Cover_T154 -32
Cover_T155 50
Cover_T156 -6
Cover_T157 80
Cover_T158 10
Cover_T159 58
Cover_T160 26
Cover_T161 998
Cover_T162 932
Cover_T163 974
Cover_T164 952
Cover_T165 934
Cover_T166 948
Cover_T167 934
Cover_T168 7.15232e-11
Cover_T169 20
Cover_T170 0
Cover_T171 20
Cover_T172 20
Cover_T173 46
Cover_T174 36
Cover_T175 32
Cover_T176 8
Cover_T177 36
Cover_T178 -8
Cover_T179 3.80229e-11
Cover_T180 -8
Cover_T181 20
Cover_T182 18
Cover_T183 18
Cover_T184 -2
Cover_T185 -16
Cover_T186 -2
Cover_T187 16
Cover_T188 32
Cover_T189 2
Cover_T190 0
Cover_T191 -10
Cover_T192 14
Cover_T193 10
Cover_T194 20
Cover_T195 12
Cover_T196 52
Cover_T197 10
Cover_T198 20
Cover_T199 24
Cover_T200 18
Cover_T201 0
Cover_T202 20
Cover_T203 10
Cover_T204 6
Cover_T205 0
Cover_T206 18
Cover_T207 10
Cover_T208 20
Cover_T209 4
Cover_T210 0
Cover_T211 2.08531e-11
Cover_T212 12
Cover_T213 2
Cover_T214 16
Cover_T215 6
Cover_T216 2
Cover_T217 -2
Cover_T218 2
Cover_T219 -32
Cover_T220 2
Cover_T221 -22
Cover_T222 30
Cover_T223 8
Cover_T224 22
Cover_T225 -4
Cover_T226 54
Cover_T227 4
Cover_T228 4
Cover_T229 12
Cover_T230 6
Cover_T231 0
Cover_T232 0
Cover_T233 2.39691e-10
Cover_T234 4
Cover_T235 -32
Cover_T236 8
Cover_T237 10
Cover_T238 54
Cover_T239 -4
Cover_T240 20
Cover_T241 12
Cover_T242 38
Cover_T243 2
Cover_T244 70
Cover_T245 -22
Cover_T246 34
Cover_T247 4
Cover_T248 36
Cover_T249 4
Cover_T250 60
Cover_T251 -8
Cover_T252 24
Cover_T253 -18
Cover_T254 24
Cover_T255 -42
Cover_T256 20
Cover_T257 -14
Cover_T258 26
Cover_T259 -18
Cover_T260 46
Cover_T261 -34
Cover_T262 18
Cover_T263 -18
Cover_T264 26
Cover_T265 -18
Cover_T266 54
Cover_T267 -18
Cover_T268 50
Cover_T269 -18
Cover_T270 50
Cover_T271 -20
Cover_T272 20
Cover_T273 -40
Cover_T274 28
Cover_T275 -20
Cover_T276 40
Cover_T277 -20
Cover_T278 64
Cover_T279 -22
Cover_T280 48
Cover_T281 -30
Cover_T282 40
Cover_T283 -34
Cover_T284 76
Cover_T285 -34
Cover_T286 70
Cover_T287 -38
Cover_T288 58
Cover_T289 102
Cover_T290 -16
Cover_T291 82
Cover_T292 4
Cover_T293 48
Cover_T294 24
Cover_T295 1016
Cover_T296 964
Cover_T297 1020
Cover_T298 920
Cover_T299 982
Cover_T300 920
Cover_T301 942
Cover_T302 970
Cover_T303 968
Cover_T304 0
Cover_T305 34
Cover_T306 4
Cover_T307 38
Cover_T308 26
Cover_T309 28
Cover_T310 0
Cover_T311 14
Cover_T312 0
Cover_T313 0
Cover_T314 -6
Cover_T315 12
Cover_T316 -10
Cover_T317 22
Cover_T318 -10
Cover_T319 2
Cover_T320 0
Cover_T321 26
Cover_T322 12
Cover_T323 4
Cover_T324 2
Cover_T325 -12
Cover_T326 0
Cover_T327 8
Cover_T328 -12
Cover_T329 -9.37916e-13
Cover_T330 10
Cover_T331 -2
Cover_T332 42
Cover_T333 -2
Cover_T334 -2
Cover_T335 -34
Cover_T336 0
Cover_T337 -2
Cover_T338 8
Cover_T339 0
Cover_T340 32
Cover_T341 -2
Cover_T342 0
Cover_T343 12
Cover_T344 -2
Cover_T345 0
Cover_T346 0
Cover_T347 -2
Cover_T348 -14
Cover_T349 6
Cover_T350 8
Cover_T351 0
Cover_T352 0
Cover_T353 -2
Cover_T354 10
Cover_T355 6
Cover_T356 -8.61178e-12
Cover_T357 6
Cover_T358 0
Cover_T359 0
Cover_T360 10
Cover_T361 6
Cover_T362 24
Cover_T363 -8
Cover_T364 10
Cover_T365 -40
Cover_T366 0
Cover_T367 -30
Cover_T368 10
Cover_T369 0
Cover_T370 34
Cover_T371 -2.55555e-12
Cover_T372 54
Cover_T373 0
Cover_T374 32
Cover_T375 0
Cover_T376 52
Cover_T377 2
Cover_T378 10
Cover_T379 0
Cover_T380 10
Cover_T381 2
Cover_T382 14
Cover_T383 8
Cover_T384 18
Cover_T385 -16
Cover_T386 8
Cover_T387 -40
Cover_T388 8
Cover_T389 18
Cover_T390 6
Cover_T391 -6
Cover_T392 28
Cover_T393 -6
Cover_T394 54
Cover_T395 -28
Cover_T396 2
Cover_T397 10
Cover_T398 36
Cover_T399 12
Cover_T400 24
Cover_T401 -12
Cover_T402 66
Cover_T403 10
Cover_T404 30
Cover_T405 4
Cover_T406 40
Cover_T407 -8
Cover_T408 72
Cover_T409 -36
Cover_T410 22
Cover_T411 -6
Cover_T412 22
Cover_T413 -20
Cover_T414 26
Cover_T415 -48
Cover_T416 52
Cover_T417 -36
Cover_T418 22
Cover_T419 -28
Cover_T420 28
Cover_T421 -20
Cover_T422 52
Cover_T423 -18
Cover_T424 40
Cover_T425 -18
Cover_T426 32
Cover_T427 -26
Cover_T428 24
Cover_T429 -20
Cover_T430 38
Cover_T431 -20
Cover_T432 62
Cover_T433 -20
Cover_T434 48
Cover_T435 -28
Cover_T436 74
Cover_T437 -34
Cover_T438 60
Cover_T439 -38
Cover_T440 12
Cover_T441 42
Cover_T442 98
Cover_T443 58
Cover_T444 106
Cover_T445 74
Cover_T446 1016
Cover_T447 1010
Cover_T448 968
Cover_T449 922
Cover_T450 928
Cover_T451 912
Cover_T452 912
Cover_T453 2
Cover_T454 66
Cover_T455 24
Cover_T456 68
Cover_T457 42
Cover_T458 38
Cover_T459 66
Cover_T460 32
Cover_T461 62
Cover_T462 58
Cover_T463 -30
Cover_T464 52
Cover_T465 0
Cover_T466 52
Cover_T467 54
Cover_T468 0
Cover_T469 56
Cover_T470 12
Cover_T471 20
Cover_T472 14
Cover_T473 60
Cover_T474 62
Cover_T475 0
Cover_T476 30
Cover_T477 22
Cover_T478 56
Cover_T479 22
Cover_T480 0
Cover_T481 0
Cover_T482 44
Cover_T483 48
Count_D0 -984
Count_D1 -1000
Max_H0_P0 0
Max_H0_P1 0
Max_H0_P2 0
Max_H0_P3 0
Max_H0_P4 0
Max_H0_P5 0
Max_H0_P6 0
Max_H0_P7 0
Max_H0_P8 0
Max_H0_P9 0
Max_H0_P10 0
Max_H0_P11 0
Max_H0_P12 0
Max_H0_P13 0
Max_H0_P14 0
Max_H0_P15 0
Max_H0_P16 0
Max_H0_P17 0
Max_H0_P18 -1.11937e-11
Max_H0_P19 7.18181e-12
Max_H0_P20 -3.51949e-12
Max_H0_P21 5.62005e-12
Max_H0_P22 9.25171e-12
Max_H0_P23 0
Max_H0_P24 -1.02141e-13
Max_H0_P25 1.01716e-11
Max_H0_P26 0
Max_H0_P27 -5.03127e-12
Max_H0_P28 7.04797e-12
Max_H0_P29 0
Max_H0_P30 -9.32676e-12
Max_H0_P31 -3.21698e-12
Max_H0_P32 1.4043e-11
Max_H0_P33 -1.57132e-11
Max_H0_P34 8.76717e-14
Max_H0_P35 3.00603e-12
Max_H0_P36 0
Max_H0_P37 1.07682e-12
Max_H0_P38 -1.05302e-11
Max_H0_P39 0
Max_H0_P40 1.26175e-11
Max_H0_P41 -1.39408e-11
Max_H0_P42 0
Max_H0_P43 0
Max_H0_P44 0
Max_H0_P45 0
Max_H0_P46 0
Max_H0_P47 0
Max_H0_P48 0
Max_H0_P49 0
Max_H0_P50 0
Max_H0_P51 0
Max_H0_P52 0
Max_H0_P53 0
Max_H0_P54 0
Max_H0_P55 0
Max_H0_P56 0
Max_H0_P57 0
Max_H0_P58 0
Max_H0_P59 0
Max_H0_P60 0
Max_H0_P61 0
Max_H0_P62 0
Max_H0_P63 0
Max_H0_P64 0
Max_H0_P65 0
Max_H0_P66 0
Max_H0_P67 0
Max_H0_P68 0
Max_H0_P69 0
Max_H0_P70 0
Max_H0_P71 0
Max_H0_P72 0
Max_H0_P73 0
Max_H0_P74 0
Max_H0_P75 0
Max_H0_P76 0
Max_H0_P77 0
Max_H0_P78 0
Max_H0_P79 0
Max_H0_P80 0
Max_H0_P81 0
Max_H1_P0 0
Max_H1_P1 0
Max_H1_P2 0
Max_H1_P3 0
Max_H1_P4 0
Max_H1_P5 0
Max_H1_P6 0
Max_H1_P7 0
Max_H1_P8 0
Max_H1_P9 0
Max_H1_P10 0
Max_H1_P11 0
Max_H1_P12 0
Max_H1_P13 0
Max_H1_P14 0
Max_H1_P15 3.25584e-12
Max_H1_P16 0
Max_H1_P17 0
Max_H1_P18 0
Max_H1_P19 -4.28457e-12
Max_H1_P20 4.14047e-12
Max_H1_P21 -4.29878e-12
Max_H1_P22 1.27294e-11
Max_H1_P23 0
Max_H1_P24 0
Max_H1_P25 1.72981e-12
Max_H1_P26 -7.33413e-12
Max_H1_P27 1.66225e-11
Max_H1_P28 -1.09734e-11
Max_H1_P29 0
Max_H1_P30 -1.60182e-11
Max_H1_P31 1.60182e-11
Max_H1_P32 -1.13179e-11
Max_H1_P33 0
Max_H1_P34 0
Max_H1_P35 -1.6591e-12
Max_H1_P36 -5.99432e-12
Max_H1_P37 4.01634e-12
Max_H1_P38 0
Max_H1_P39 1.38067e-11
Max_H1_P40 4.53426e-12
Max_H1_P41 -8.31513e-12
Max_H1_P42 0
Max_H1_P43 0
Max_H1_P44 -2.68585e-12
Max_H1_P45 0
Max_H1_P46 0
Max_H1_P47 0
Max_H1_P48 0
Max_H1_P49 0
Max_H1_P50 0
Max_H1_P51 0
Max_H1_P52 0
Max_H1_P53 0
Max_H1_P54 0
Max_H1_P55 0
Max_H1_P56 0
Max_H1_P57 0
Max_H1_P58 0
Max_H1_P59 0
Max_H1_P60 0
Max_H1_P61 0
Max_H1_P62 0
Max_H1_P63 0
Max_H1_P64 0
Max_H1_P65 0
Max_H1_P66 0
Max_H1_P67 0
Max_H1_P68 -1.68169e-11
Max_H1_P69 0
Max_H1_P70 0
Max_H1_P71 0
Max_H1_P72 0
Max_H1_P73 0
Max_H1_P74 0
Max_H1_P75 0
Max_H1_P76 0
Max_H1_P77 0
Max_H1_P78 0
Max_H1_P79 2.10056e-12
Max_H1_P80 0
Max_H1_P81 0
