Cover_T0 52
Cover_T1 -52
Cover_T2 52
Cover_T3 -52
Cover_T4 52
Cover_T5 -52
Cover_T6 52
Cover_T7 -52
Cover_T8 52
Cover_T9 -52
Cover_T10 52
Cover_T11 -52
Cover_T12 52
Cover_T13 -52
Cover_T14 52
Cover_T15 -52
Cover_T16 52
Cover_T17 -50
Cover_T18 52
Cover_T19 -50
Cover_T20 52
Cover_T21 -48
Cover_T22 58
Cover_T23 -46
Cover_T24 62
Cover_T25 -40
Cover_T26 56
Cover_T27 -46
Cover_T28 56
Cover_T29 -40
Cover_T30 56
Cover_T31 -40
Cover_T32 56
Cover_T33 -44
Cover_T34 52
Cover_T35 -40
Cover_T36 46
Cover_T37 -34
Cover_T38 54
Cover_T39 -34
Cover_T40 58
Cover_T41 -28
Cover_T42 1022
Cover_T43 956
Cover_T44 990
Cover_T45 970
Cover_T46 1040
Cover_T47 968
Cover_T48 1028
Cover_T49 4
Cover_T50 52
Cover_T51 24
Cover_T52 14
Cover_T53 -16
Cover_T54 30
Cover_T55 -8
Cover_T56 30
Cover_T57 -8
Cover_T58 4
Cover_T59 16
Cover_T60 12
Cover_T61 -6
Cover_T62 22
Cover_T63 -10
Cover_T64 2
Cover_T65 10
Cover_T66 -14
Cover_T67 -2
Cover_T68 -34
Cover_T69 -14
Cover_T70 8
Cover_T71 6
Cover_T72 14
Cover_T73 22
Cover_T74 0
Cover_T75 42
Cover_T76 8
Cover_T77 0
Cover_T78 -4
Cover_T79 -6
Cover_T80 -24
Cover_T81 8
Cover_T82 -44
Cover_T83 0
Cover_T84 -6
Cover_T85 12
Cover_T86 1.18012e-11
Cover_T87 32
Cover_T88 6
Cover_T89 52
Cover_T90 8
Cover_T91 14
Cover_T92 0
Cover_T93 8
Cover_T94 22
Cover_T95 2
Cover_T96 14
Cover_T97 0
Cover_T98 22
Cover_T99 12
Cover_T100 -2
Cover_T101 -6
Cover_T102 6
Cover_T103 6
Cover_T104 28
Cover_T105 0
Cover_T106 4
Cover_T107 24
Cover_T108 -2
Cover_T109 16
Cover_T110 -10
Cover_T111 -6
Cover_T112 -34
Cover_T113 0
Cover_T114 6
Cover_T115 8
Cover_T116 6
Cover_T117 32
Cover_T118 8
Cover_T119 52
Cover_T120 2
Cover_T121 8
Cover_T122 4
Cover_T123 4
Cover_T124 -16
Cover_T125 7.83906e-11
Cover_T126 -36
Cover_T127 6
Cover_T128 8
Cover_T129 4
Cover_T130 4.25686e-11
Cover_T131 24
Cover_T132 0
Cover_T133 44
Cover_T134 0
Cover_T135 0
Cover_T136 -16
Cover_T137 8
Cover_T138 -36
Cover_T139 14
Cover_T140 -4
Cover_T141 12
Cover_T142 0
Cover_T143 28
Cover_T144 7.62341e-11
Cover_T145 48
Cover_T146 0
Cover_T147 70
Cover_T148 12
Cover_T149 38
Cover_T150 24
Cover_T151 32
Cover_T152 24
Cover_T153 38
Cover_T154 4
Cover_T155 34
Cover_T156 8
Cover_T157 34
Cover_T158 12
Cover_T159 20
Cover_T160 12
Cover_T161 16
Cover_T162 0
Cover_T163 34
Cover_T164 6
Cover_T165 34
Cover_T166 -2
Cover_T167 26
Cover_T168 -4
Cover_T169 26
Cover_T170 -4.19666e-10
Cover_T171 28
Cover_T172 -10
Cover_T173 20
Cover_T174 -10
Cover_T175 28
Cover_T176 -10
Cover_T177 32
Cover_T178 -12
Cover_T179 36
Cover_T180 -12
Cover_T181 36
Cover_T182 -14
Cover_T183 36
Cover_T184 -20
Cover_T185 16
Cover_T186 -14
Cover_T187 16
Cover_T188 -38
Cover_T189 20
Cover_T190 -18
Cover_T191 24
Cover_T192 -14
Cover_T193 34
Cover_T194 -16
Cover_T195 58
Cover_T196 -36
Cover_T197 34
Cover_T198 -18
Cover_T199 28
Cover_T200 -30
Cover_T201 30
Cover_T202 -28
Cover_T203 56
Cover_T204 -16
Cover_T205 50
Cover_T206 -20
Cover_T207 64
Cover_T208 -20
Cover_T209 74
Cover_T210 -20
Cover_T211 68
Cover_T212 -26
Cover_T213 50
Cover_T214 -34
Cover_T215 68
Cover_T216 -42
Cover_T217 62
Cover_T218 -46
Cover_T219 52
Cover_T220 -52
Cover_T221 52
Cover_T222 -50
Cover_T223 56
Cover_T224 -46
Cover_T225 58
Cover_T226 -46
Cover_T227 58
Cover_T228 -44
Cover_T229 60
Cover_T230 -40
Cover_T231 56
Cover_T232 -42
Cover_T233 52
Cover_T234 -40
Cover_T235 46
Cover_T236 -34
Cover_T237 48
Cover_T238 -34
Cover_T239 60
Cover_T240 -16
Cover_T241 50
Cover_T242 -28
Cover_T243 1014
Cover_T244 960
Cover_T245 1002
Cover_T246 948
Cover_T247 990
Cover_T248 958
Cover_T249 1020
Cover_T250 968
Cover_T251 1024
Cover_T252 1.15605e-11
Cover_T253 40
Cover_T254 12
Cover_T255 40
Cover_T256 24
Cover_T257 20
Cover_T258 -24
Cover_T259 30
Cover_T260 -16
Cover_T261 20
Cover_T262 16
Cover_T263 20
Cover_T264 -24
Cover_T265 26
Cover_T266 -5.15055e-11
Cover_T267 2
Cover_T268 -8
Cover_T269 -18
Cover_T270 -16
Cover_T271 -42
Cover_T272 8
Cover_T273 -4
Cover_T274 28
Cover_T275 0
Cover_T276 48
Cover_T277 0
Cover_T278 6
Cover_T279 -1.42037e-11
Cover_T280 -4.76774e-12
Cover_T281 -18
Cover_T282 7.86855e-11
Cover_T283 -38
Cover_T284 0
Cover_T285 0
Cover_T286 18
Cover_T287 6
Cover_T288 38
Cover_T289 0
Cover_T290 -6.6148e-11
Cover_T291 2.97042e-11
Cover_T292 -6
Cover_T293 0
Cover_T294 3.10862e-11
Cover_T295 28
Cover_T296 0
Cover_T297 8
Cover_T298 2.17959e-11
Cover_T299 0
Cover_T300 -28
Cover_T301 10
Cover_T302 -8
Cover_T303 -10
Cover_T304 3.34909e-11
Cover_T305 2
Cover_T306 -10
Cover_T307 28
Cover_T308 10
Cover_T309 8
Cover_T310 0
Cover_T311 2
Cover_T312 -22
Cover_T313 -6
Cover_T314 2
Cover_T315 -30
Cover_T316 8
Cover_T317 10
Cover_T318 16
Cover_T319 10
Cover_T320 40
Cover_T321 10
Cover_T322 -2.16716e-13
Cover_T323 0
Cover_T324 0
Cover_T325 -2
Cover_T326 0
Cover_T327 -26
Cover_T328 10
Cover_T329 -50
Cover_T330 10
Cover_T331 0
Cover_T332 30
Cover_T333 0
Cover_T334 50
Cover_T335 6
Cover_T336 -1.56119e-10
Cover_T337 -10
Cover_T338 -1.59313e-11
Cover_T339 -30
Cover_T340 -6
Cover_T341 -50
Cover_T342 10
Cover_T343 4
Cover_T344 40
Cover_T345 0
Cover_T346 60
Cover_T347 -4
Cover_T348 8
Cover_T349 -6
Cover_T350 12
Cover_T351 18
Cover_T352 28
Cover_T353 0
Cover_T354 18
Cover_T355 0
Cover_T356 2
Cover_T357 -8
Cover_T358 16
Cover_T359 4
Cover_T360 26
Cover_T361 -2
Cover_T362 22
Cover_T363 0
Cover_T364 12
Cover_T365 -22
Cover_T366 10
Cover_T367 -22
Cover_T368 12
Cover_T369 -22
Cover_T370 24
Cover_T371 -18
Cover_T372 24
Cover_T373 -16
Cover_T374 26
Cover_T375 -12
Cover_T376 22
Cover_T377 -12
Cover_T378 20
Cover_T379 -14
Cover_T380 20
Cover_T381 -16
Cover_T382 20
Cover_T383 -20
Cover_T384 20
Cover_T385 -34
Cover_T386 26
Cover_T387 -14
Cover_T388 20
Cover_T389 -32
Cover_T390 36
Cover_T391 -22
Cover_T392 52
Cover_T393 -20
Cover_T394 28
Cover_T395 -38
Cover_T396 44
Cover_T397 -14
Cover_T398 30
Cover_T399 -30
Cover_T400 32
Cover_T401 -40
Cover_T402 54
Cover_T403 -32
Cover_T404 30
Cover_T405 -44
Cover_T406 38
Cover_T407 -22
Cover_T408 54
Cover_T409 -38
Cover_T410 62
Cover_T411 -26
Cover_T412 52
Cover_T413 -22
Cover_T414 66
Cover_T415 -20
Cover_T416 52
Cover_T417 -30
Cover_T418 64
Cover_T419 -26
Cover_T420 56
Cover_T421 -40
Cover_T422 48
Cover_T423 -38
Cover_T424 48
Cover_T425 -34
Cover_T426 68
Cover_T427 -34
Cover_T428 66
Cover_T429 -42
Cover_T430 62
Cover_T431 -46
Cover_T432 54
Cover_T433 64
Cover_T434 -42
Cover_T435 58
Cover_T436 -44
Cover_T437 56
Cover_T438 -46
Cover_T439 58
Cover_T440 -48
Cover_T441 62
Cover_T442 -24
Cover_T443 1024
Cover_T444 964
Cover_T445 1012
Cover_T446 952
Cover_T447 1002
Cover_T448 970
Cover_T449 1038
Cover_T450 966
Cover_T451 1034
Cover_T452 972
Cover_T453 1038
Cover_T454 960
Cover_T455 1008
Cover_T456 972
Cover_T457 1032
Cover_T458 0
Cover_T459 32
Cover_T460 12
Cover_T461 32
Cover_T462 24
Cover_T463 -2
Cover_T464 -24
Cover_T465 22
Cover_T466 -24
Cover_T467 30
Cover_T468 -8
Cover_T469 14
Cover_T470 -16
Cover_T471 -4
Cover_T472 -2.84744e-10
Cover_T473 12
Cover_T474 16
Cover_T475 28
Cover_T476 -14
Cover_T477 12
Cover_T478 -18
Cover_T479 -8
Cover_T480 6
Cover_T481 -32
Cover_T482 -2
Cover_T483 6
Cover_T484 -10
Cover_T485 8
Cover_T486 10
Cover_T487 4
Cover_T488 32
Cover_T489 4
Cover_T490 52
Cover_T491 -14
Cover_T492 10
Cover_T493 -34
Cover_T494 4
Cover_T495 4
Cover_T496 4
Cover_T497 10
Cover_T498 4
Cover_T499 4
Cover_T500 20
Cover_T501 0
Cover_T502 36
Cover_T503 6
Cover_T504 52
Cover_T505 2
Cover_T506 10
Cover_T507 28
Cover_T508 0
Cover_T509 12
Cover_T510 2
Cover_T511 8
Cover_T512 6
Cover_T513 22
Cover_T514 1.93268e-12
Cover_T515 4
Cover_T516 8
Cover_T517 -16
Cover_T518 -14
Cover_T519 -4
Cover_T520 -6
Cover_T521 22
Cover_T522 -16
Cover_T523 2
Cover_T524 4
Cover_T525 5.23812e-11
Cover_T526 24
Cover_T527 -4
Cover_T528 12
Cover_T529 -24
Cover_T530 -14
Cover_T531 -44
Cover_T532 6
Cover_T533 0
Cover_T534 8
Cover_T535 4
Cover_T536 12
Cover_T537 8
Cover_T538 32
Cover_T539 2
Cover_T540 52
Cover_T541 4
Cover_T542 8
Cover_T543 -16
Cover_T544 4
Cover_T545 -36
Cover_T546 6.08283e-11
Cover_T547 8
Cover_T548 6
Cover_T549 0
Cover_T550 4
Cover_T551 2
Cover_T552 20
Cover_T553 6
Cover_T554 36
Cover_T555 -6
Cover_T556 52
Cover_T557 -22
Cover_T558 4
Cover_T559 -38
Cover_T560 14
Cover_T561 -2
Cover_T562 12
Cover_T563 4
Cover_T564 12
Cover_T565 4
Cover_T566 24
Cover_T567 4
Cover_T568 36
Cover_T569 16
Cover_T570 66
Cover_T571 28
Cover_T572 34
Cover_T573 26
Cover_T574 28
Cover_T575 10
Cover_T576 30
Cover_T577 10
Cover_T578 30
Cover_T579 12
Cover_T580 28
Cover_T581 8
Cover_T582 12
Cover_T583 6
Cover_T584 16
Cover_T585 2
Cover_T586 30
Cover_T587 6
Cover_T588 26
Cover_T589 -6
Cover_T590 18
Cover_T591 -4
Cover_T592 18
Cover_T593 -12
Cover_T594 22
Cover_T595 -14
Cover_T596 16
Cover_T597 -10
Cover_T598 20
Cover_T599 -26
Cover_T600 20
Cover_T601 -18
Cover_T602 16
Cover_T603 -10
Cover_T604 32
Cover_T605 -12
Cover_T606 28
Cover_T607 -12
Cover_T608 20
Cover_T609 -12
Cover_T610 36
Cover_T611 -14
Cover_T612 32
Cover_T613 -14
Cover_T614 28
Cover_T615 -24
Cover_T616 16
Cover_T617 -44
Cover_T618 22
Cover_T619 -20
Cover_T620 24
Cover_T621 -14
Cover_T622 24
Cover_T623 -22
Cover_T624 50
Cover_T625 -16
Cover_T626 38
Cover_T627 -40
Cover_T628 28
Cover_T629 -16
Cover_T630 68
Cover_T631 -16
Cover_T632 44
Cover_T633 -22
Cover_T634 68
Cover_T635 -20
Cover_T636 68
Cover_T637 -26
Cover_T638 58
Cover_T639 -26
Cover_T640 52
Cover_T641 -26
Cover_T642 56
Cover_T643 -40
Cover_T644 46
Cover_T645 -34
Cover_T646 66
Cover_T647 -38
Cover_T648 60
Cover_T649 -42
Cover_T650 52
Cover_T651 -46
Cover_T652 60
Cover_T653 -46
Cover_T654 22
Cover_T655 8
Cover_T656 16
Cover_T657 2
Cover_T658 0
Cover_T659 0
Cover_T660 14
Cover_T661 28
Cover_T662 4
Cover_T663 20
Cover_T664 14
Cover_T665 1008
Cover_T666 980
Cover_T667 996
Cover_T668 968
Cover_T669 1018
Cover_T670 1064
Cover_T671 1004
Cover_T672 1064
Cover_T673 1020
Cover_T674 1034
Cover_T675 1020
Cover_T676 1058
Cover_T677 1010
Cover_T678 58
Cover_T679 38
Cover_T680 66
Cover_T681 50
Cover_T682 22
Cover_T683 -38
Cover_T684 52
Cover_T685 -30
Cover_T686 52
Cover_T687 -6
Cover_T688 52
Cover_T689 52
Cover_T690 -22
Cover_T691 54
Cover_T692 40
Cover_T693 32
Cover_T694 56
Cover_T695 72
Cover_T696 62
Cover_T697 72
Cover_T698 44
Cover_T699 68
Cover_T700 24
Cover_T701 0
Cover_T702 0
Cover_T703 0
Cover_T704 30
Cover_T705 -10
Cover_T706 14
Cover_T707 20
Cover_T708 0
Cover_T709 42
Cover_T710 48
Cover_T711 0
Cover_T712 22
Cover_T713 28
Cover_T714 0
Cover_T715 40
Cover_T716 0
Cover_T717 -4
Cover_T718 34
Cover_T719 12
Cover_T720 36
Cover_T721 12
Count_D0 -984
Count_D1 -1000
Max_H0_P0 0
Max_H0_P1 0
Max_H0_P2 0
Max_H0_P3 0
Max_H0_P4 0
Max_H0_P5 0
Max_H0_P6 0
Max_H0_P7 0
Max_H0_P8 0
Max_H0_P9 0
Max_H0_P10 0
Max_H0_P11 0
Max_H0_P12 0
Max_H0_P13 0
Max_H0_P14 0
Max_H0_P15 0
Max_H0_P16 -2.13025e-12
Max_H0_P17 -6.51568e-12
Max_H0_P18 1.0747e-11
Max_H0_P19 0
Max_H0_P20 1.80194e-11
Max_H0_P21 0
Max_H0_P22 8.46967e-12
Max_H0_P23 -5.85487e-12
Max_H0_P24 2.71072e-11
Max_H0_P25 0
Max_H0_P26 1.62568e-11
Max_H0_P27 7.87659e-12
Max_H0_P28 -2.07536e-12
Max_H0_P29 -2.82158e-12
Max_H0_P30 2.01315e-11
Max_H0_P31 -4.84368e-12
Max_H0_P32 0
Max_H0_P33 2.39355e-11
Max_H0_P34 1.24711e-11
Max_H0_P35 -6.49125e-12
Max_H0_P36 1.54445e-11
Max_H0_P37 -3.29692e-12
Max_H0_P38 3.12e-12
Max_H0_P39 -2.43488e-12
Max_H0_P40 -1.30846e-11
Max_H0_P41 -1.32196e-11
Max_H0_P42 -5.04863e-12
Max_H0_P43 0
Max_H0_P44 0
Max_H0_P45 0
Max_H0_P46 0
Max_H0_P47 0
Max_H0_P48 0
Max_H0_P49 0
Max_H0_P50 0
Max_H0_P51 0
Max_H0_P52 0
Max_H0_P53 0
Max_H0_P54 0
Max_H0_P55 0
Max_H0_P56 0
Max_H0_P57 -0
Max_H0_P58 0
Max_H0_P59 0
Max_H0_P60 0
Max_H0_P61 0
Max_H0_P62 0
Max_H0_P63 0
Max_H0_P64 0
Max_H0_P65 0
Max_H0_P66 0
Max_H0_P67 0
Max_H0_P68 0
Max_H0_P69 0
Max_H0_P70 0
Max_H0_P71 0
Max_H0_P72 0
Max_H0_P73 0
Max_H0_P74 0
Max_H0_P75 0
Max_H0_P76 0
Max_H0_P77 0
Max_H0_P78 -8.18368e-12
Max_H0_P79 1.28975e-11
Max_H0_P80 0
Max_H0_P81 0
Max_H1_P0 0
Max_H1_P1 0
Max_H1_P2 0
Max_H1_P3 0
Max_H1_P4 0
Max_H1_P5 4.90807e-11
Max_H1_P6 7.74714e-12
Max_H1_P7 0
Max_H1_P8 0
Max_H1_P9 0
Max_H1_P10 -1.25992e-11
Max_H1_P11 0
Max_H1_P12 0
Max_H1_P13 0
Max_H1_P14 0
Max_H1_P15 0
Max_H1_P16 0
Max_H1_P17 -1.90932e-11
Max_H1_P18 1.50386e-11
Max_H1_P19 2.39879e-11
Max_H1_P20 1.35614e-11
Max_H1_P21 -6.25278e-13
Max_H1_P22 5.30724e-13
Max_H1_P23 -9.72378e-12
Max_H1_P24 2.16005e-11
Max_H1_P25 1.31875e-11
Max_H1_P26 -1.78995e-11
Max_H1_P27 1.36193e-11
Max_H1_P28 5.80123e-12
Max_H1_P29 1.33289e-11
Max_H1_P30 1.42191e-11
Max_H1_P31 -4.73225e-12
Max_H1_P32 -2.4114e-12
Max_H1_P33 1.3749e-11
Max_H1_P34 3.71159e-11
Max_H1_P35 -3.65681e-11
Max_H1_P36 -9.44844e-12
Max_H1_P37 -5.55293e-13
Max_H1_P38 -1.03713e-11
Max_H1_P39 2.33058e-12
Max_H1_P40 -1.14249e-11
Max_H1_P41 -3.86171e-11
Max_H1_P42 -4.2634e-13
Max_H1_P43 7.61435e-12
Max_H1_P44 0
Max_H1_P45 -3.39462e-11
Max_H1_P46 1.54499e-11
Max_H1_P47 0
Max_H1_P48 0
Max_H1_P49 0
Max_H1_P50 0
Max_H1_P51 0
Max_H1_P52 0
Max_H1_P53 0
Max_H1_P54 0
Max_H1_P55 0
Max_H1_P56 0
Max_H1_P57 0
Max_H1_P58 0
Max_H1_P59 3.28555e-11
Max_H1_P60 0
Max_H1_P61 0
Max_H1_P62 0
Max_H1_P63 0
Max_H1_P64 0
Max_H1_P65 0
Max_H1_P66 -1.61506e-11
Max_H1_P67 0
Max_H1_P68 0
Max_H1_P69 0
Max_H1_P70 0
Max_H1_P71 0
Max_H1_P72 0
Max_H1_P73 0
Max_H1_P74 0
Max_H1_P75 0
Max_H1_P76 0
Max_H1_P77 2.40234e-11
Max_H1_P78 -2.40234e-11
Max_H1_P79 0
Max_H1_P80 0
Max_H1_P81 0
