Cover_T0 52
Cover_T1 -52
Cover_T2 52
Cover_T3 -52
Cover_T4 52
Cover_T5 -52
Cover_T6 52
Cover_T7 -52
Cover_T8 52
Cover_T9 -52
Cover_T10 52
Cover_T11 -52
Cover_T12 52
Cover_T13 -52
Cover_T14 52
Cover_T15 -52
Cover_T16 52
Cover_T17 -52
Cover_T18 52
Cover_T19 -52
Cover_T20 52
Cover_T21 -52
Cover_T22 58
Cover_T23 -46
Cover_T24 60
Cover_T25 -46
Cover_T26 54
Cover_T27 -42
Cover_T28 58
Cover_T29 -44
Cover_T30 62
Cover_T31 -26
Cover_T32 62
Cover_T33 -32
Cover_T34 50
Cover_T35 0
Cover_T36 56
Cover_T37 980
Cover_T38 1042
Cover_T39 990
Cover_T40 1042
Cover_T41 990
Cover_T42 1028
Cover_T43 982
Cover_T44 1032
Cover_T45 992
Cover_T46 1004
Cover_T47 992
Cover_T48 20
Cover_T49 0
Cover_T50 14
Cover_T51 3.48919e-10
Cover_T52 12
Cover_T53 -8
Cover_T54 -26
Cover_T55 0
Cover_T56 6
Cover_T57 12
Cover_T58 -26
Cover_T59 42
Cover_T60 8
Cover_T61 2
Cover_T62 8
Cover_T63 26
Cover_T64 0
Cover_T65 50
Cover_T66 4
Cover_T67 14
Cover_T68 4
Cover_T69 0
Cover_T70 2
Cover_T71 6
Cover_T72 -6
Cover_T73 0
Cover_T74 -30
Cover_T75 18
Cover_T76 2
Cover_T77 20
Cover_T78 2
Cover_T79 28
Cover_T80 2
Cover_T81 48
Cover_T82 8
Cover_T83 12
Cover_T84 8
Cover_T85 8
Cover_T86 8
Cover_T87 6
Cover_T88 8
Cover_T89 3.11637e-10
Cover_T90 2
Cover_T91 3.57975e-10
Cover_T92 6
Cover_T93 3.22544e-10
Cover_T94 -2.67619e-10
Cover_T95 2.83015e-10
Cover_T96 -20
Cover_T97 4
Cover_T98 -40
Cover_T99 2
Cover_T100 -2
Cover_T101 8
Cover_T102 4.21121e-11
Cover_T103 28
Cover_T104 4
Cover_T105 48
Cover_T106 0
Cover_T107 10
Cover_T108 6
Cover_T109 8
Cover_T110 -14
Cover_T111 4
Cover_T112 -34
Cover_T113 8
Cover_T114 8
Cover_T115 4
Cover_T116 8
Cover_T117 28
Cover_T118 8
Cover_T119 52
Cover_T120 -14
Cover_T121 14
Cover_T122 -38
Cover_T123 14
Cover_T124 -38
Cover_T125 20
Cover_T126 4
Cover_T127 38
Cover_T128 8
Cover_T129 58
Cover_T130 0
Cover_T131 56
Cover_T132 8
Cover_T133 14
Cover_T134 2
Cover_T135 10
Cover_T136 2
Cover_T137 24
Cover_T138 -3.46859e-10
Cover_T139 16
Cover_T140 -2
Cover_T141 18
Cover_T142 -2
Cover_T143 40
Cover_T144 -2
Cover_T145 46
Cover_T146 -4
Cover_T147 46
Cover_T148 -18
Cover_T149 40
Cover_T150 -14
Cover_T151 36
Cover_T152 -14
Cover_T153 36
Cover_T154 -24
Cover_T155 42
Cover_T156 -24
Cover_T157 34
Cover_T158 -24
Cover_T159 40
Cover_T160 -26
Cover_T161 44
Cover_T162 -26
Cover_T163 36
Cover_T164 -28
Cover_T165 44
Cover_T166 -28
Cover_T167 52
Cover_T168 -28
Cover_T169 32
Cover_T170 -30
Cover_T171 40
Cover_T172 -38
Cover_T173 44
Cover_T174 -30
Cover_T175 48
Cover_T176 -30
Cover_T177 52
Cover_T178 -30
Cover_T179 36
Cover_T180 -30
Cover_T181 36
Cover_T182 -50
Cover_T183 36
Cover_T184 -42
Cover_T185 54
Cover_T186 -34
Cover_T187 58
Cover_T188 -32
Cover_T189 58
Cover_T190 -30
Cover_T191 64
Cover_T192 -32
Cover_T193 64
Cover_T194 -36
Cover_T195 54
Cover_T196 -36
Cover_T197 58
Cover_T198 -46
Cover_T199 58
Cover_T200 -44
Cover_T201 58
Cover_T202 52
Cover_T203 -52
Cover_T204 52
Cover_T205 -52
Cover_T206 52
Cover_T207 -52
Cover_T208 56
Cover_T209 -52
Cover_T210 54
Cover_T211 -46
Cover_T212 58
Cover_T213 -46
Cover_T214 56
Cover_T215 -44
Cover_T216 52
Cover_T217 -36
Cover_T218 60
Cover_T219 -40
Cover_T220 58
Cover_T221 -30
Cover_T222 50
Cover_T223 -8.41283e-12
Cover_T224 50
Cover_T225 980
Cover_T226 1042
Cover_T227 988
Cover_T228 1028
Cover_T229 992
Cover_T230 1000
Cover_T231 990
Cover_T232 24
Cover_T233 2
Cover_T234 0
Cover_T235 -4
Cover_T236 8
Cover_T237 4
Cover_T238 -4
Cover_T239 4.47784e-10
Cover_T240 -24
Cover_T241 0
Cover_T242 -44
Cover_T243 4
Cover_T244 3.74314e-11
Cover_T245 24
Cover_T246 -20
Cover_T247 50
Cover_T248 8
Cover_T249 18
Cover_T250 -2.32338e-10
Cover_T251 50
Cover_T252 0
Cover_T253 -2
Cover_T254 4
Cover_T255 0
Cover_T256 2
Cover_T257 6
Cover_T258 -6
Cover_T259 6
Cover_T260 -30
Cover_T261 8
Cover_T262 2
Cover_T263 16
Cover_T264 2
Cover_T265 40
Cover_T266 0
Cover_T267 8
Cover_T268 2
Cover_T269 8
Cover_T270 -2
Cover_T271 10
Cover_T272 -6
Cover_T273 8
Cover_T274 0
Cover_T275 10
Cover_T276 -3.12403e-11
Cover_T277 10
Cover_T278 0
Cover_T279 1.19131e-11
Cover_T280 -18
Cover_T281 0
Cover_T282 -38
Cover_T283 -9.75433e-11
Cover_T284 3.52429e-11
Cover_T285 18
Cover_T286 0
Cover_T287 38
Cover_T288 0
Cover_T289 0
Cover_T290 -2.56e-11
Cover_T291 5.68434e-14
Cover_T292 -7.06715e-11
Cover_T293 4.32578e-11
Cover_T294 -12
Cover_T295 0
Cover_T296 -32
Cover_T297 0
Cover_T298 -52
Cover_T299 12
Cover_T300 -10
Cover_T301 32
Cover_T302 -6
Cover_T303 52
Cover_T304 -2
Cover_T305 10
Cover_T306 -20
Cover_T307 6
Cover_T308 -40
Cover_T309 2
Cover_T310 -38
Cover_T311 30
Cover_T312 -3.29113e-10
Cover_T313 56
Cover_T314 2
Cover_T315 58
Cover_T316 8
Cover_T317 20
Cover_T318 8
Cover_T319 16
Cover_T320 -4
Cover_T321 2
Cover_T322 -12
Cover_T323 4
Cover_T324 -18
Cover_T325 8
Cover_T326 -12
Cover_T327 26
Cover_T328 -8
Cover_T329 38
Cover_T330 -6
Cover_T331 34
Cover_T332 -16
Cover_T333 44
Cover_T334 -14
Cover_T335 28
Cover_T336 -32
Cover_T337 30
Cover_T338 -24
Cover_T339 34
Cover_T340 -26
Cover_T341 40
Cover_T342 -34
Cover_T343 32
Cover_T344 -26
Cover_T345 40
Cover_T346 -28
Cover_T347 48
Cover_T348 -36
Cover_T349 40
Cover_T350 -34
Cover_T351 40
Cover_T352 -30
Cover_T353 48
Cover_T354 -30
Cover_T355 44
Cover_T356 -30
Cover_T357 40
Cover_T358 -38
Cover_T359 40
Cover_T360 -36
Cover_T361 36
Cover_T362 -32
Cover_T363 40
Cover_T364 -44
Cover_T365 36
Cover_T366 -36
Cover_T367 32
Cover_T368 -30
Cover_T369 44
Cover_T370 -44
Cover_T371 38
Cover_T372 -30
Cover_T373 58
Cover_T374 -46
Cover_T375 46
Cover_T376 -30
Cover_T377 54
Cover_T378 -44
Cover_T379 42
Cover_T380 -30
Cover_T381 66
Cover_T382 -30
Cover_T383 46
Cover_T384 -32
Cover_T385 64
Cover_T386 -32
Cover_T387 62
Cover_T388 -36
Cover_T389 54
Cover_T390 -44
Cover_T391 60
Cover_T392 -44
Cover_T393 56
Cover_T394 56
Cover_T395 -46
Cover_T396 54
Cover_T397 -36
Cover_T398 56
Cover_T399 -36
Cover_T400 56
Cover_T401 -24
Cover_T402 58
Cover_T403 6
Cover_T404 60
Cover_T405 984
Cover_T406 1046
Cover_T407 992
Cover_T408 1052
Cover_T409 992
Cover_T410 1046
Cover_T411 992
Cover_T412 1046
Cover_T413 990
Cover_T414 1020
Cover_T415 986
Cover_T416 1036
Cover_T417 992
Cover_T418 1004
Cover_T419 992
Cover_T420 16
Cover_T421 1.1716e-11
Cover_T422 14
Cover_T423 3.26764e-10
Cover_T424 -8
Cover_T425 4.51898e-10
Cover_T426 -34
Cover_T427 4.59541e-10
Cover_T428 6
Cover_T429 4
Cover_T430 -18
Cover_T431 12
Cover_T432 -42
Cover_T433 36
Cover_T434 -2
Cover_T435 52
Cover_T436 6
Cover_T437 4
Cover_T438 4
Cover_T439 20
Cover_T440 -5.8507e-12
Cover_T441 36
Cover_T442 2
Cover_T443 -8
Cover_T444 4
Cover_T445 8
Cover_T446 -6
Cover_T447 2.2122e-10
Cover_T448 0
Cover_T449 4
Cover_T450 -8
Cover_T451 0
Cover_T452 -32
Cover_T453 0
Cover_T454 0
Cover_T455 2
Cover_T456 0
Cover_T457 10
Cover_T458 -2
Cover_T459 32
Cover_T460 4
Cover_T461 52
Cover_T462 4
Cover_T463 16
Cover_T464 4
Cover_T465 12
Cover_T466 4
Cover_T467 10
Cover_T468 0
Cover_T469 4
Cover_T470 2
Cover_T471 6
Cover_T472 -8
Cover_T473 10
Cover_T474 -32
Cover_T475 0
Cover_T476 2
Cover_T477 0
Cover_T478 0
Cover_T479 10
Cover_T480 0
Cover_T481 32
Cover_T482 -4
Cover_T483 52
Cover_T484 2
Cover_T485 14
Cover_T486 -18
Cover_T487 12
Cover_T488 -38
Cover_T489 8
Cover_T490 4
Cover_T491 12
Cover_T492 8
Cover_T493 4
Cover_T494 -8
Cover_T495 20
Cover_T496 -3.48383e-10
Cover_T497 36
Cover_T498 -14
Cover_T499 52
Cover_T500 -30
Cover_T501 6
Cover_T502 -46
Cover_T503 -2
Cover_T504 -38
Cover_T505 14
Cover_T506 8
Cover_T507 14
Cover_T508 -6
Cover_T509 24
Cover_T510 8
Cover_T511 38
Cover_T512 0
Cover_T513 50
Cover_T514 0
Cover_T515 60
Cover_T516 8
Cover_T517 50
Cover_T518 8
Cover_T519 60
Cover_T520 6
Cover_T521 14
Cover_T522 2
Cover_T523 24
Cover_T524 8
Cover_T525 20
Cover_T526 -6
Cover_T527 16
Cover_T528 -10
Cover_T529 10
Cover_T530 -6
Cover_T531 16
Cover_T532 -4
Cover_T533 32
Cover_T534 -12
Cover_T535 32
Cover_T536 -2
Cover_T537 42
Cover_T538 -4
Cover_T539 40
Cover_T540 -12
Cover_T541 32
Cover_T542 -30
Cover_T543 26
Cover_T544 -18
Cover_T545 42
Cover_T546 -14
Cover_T547 34
Cover_T548 -24
Cover_T549 36
Cover_T550 -24
Cover_T551 30
Cover_T552 -24
Cover_T553 44
Cover_T554 -24
Cover_T555 44
Cover_T556 -26
Cover_T557 32
Cover_T558 -26
Cover_T559 32
Cover_T560 -28
Cover_T561 32
Cover_T562 -28
Cover_T563 32
Cover_T564 -28
Cover_T565 32
Cover_T566 -46
Cover_T567 32
Cover_T568 -46
Cover_T569 32
Cover_T570 -30
Cover_T571 32
Cover_T572 -30
Cover_T573 48
Cover_T574 -30
Cover_T575 52
Cover_T576 -30
Cover_T577 44
Cover_T578 -30
Cover_T579 46
Cover_T580 -30
Cover_T581 54
Cover_T582 -30
Cover_T583 52
Cover_T584 -46
Cover_T585 44
Cover_T586 -38
Cover_T587 48
Cover_T588 -30
Cover_T589 40
Cover_T590 -32
Cover_T591 64
Cover_T592 -38
Cover_T593 52
Cover_T594 -42
Cover_T595 52
Cover_T596 -36
Cover_T597 54
Cover_T598 -44
Cover_T599 56
Cover_T600 -44
Cover_T601 54
Cover_T602 16
Cover_T603 -4
Cover_T604 24
Cover_T605 12
Cover_T606 4
Cover_T607 0
Cover_T608 2
Cover_T609 6
Cover_T610 28
Cover_T611 50
Cover_T612 10
Cover_T613 1030
Cover_T614 1050
Cover_T615 1040
Cover_T616 1044
Cover_T617 1040
Cover_T618 1090
Cover_T619 1038
Cover_T620 1076
Cover_T621 1040
Cover_T622 1080
Cover_T623 1022
Cover_T624 1046
Cover_T625 1034
Cover_T626 68
Cover_T627 0
Cover_T628 46
Cover_T629 0
Cover_T630 52
Cover_T631 -10
Cover_T632 0
Cover_T633 60
Cover_T634 0
Cover_T635 60
Cover_T636 -26
Cover_T637 20
Cover_T638 0
Cover_T639 28
Cover_T640 0
Cover_T641 40
Cover_T642 0
Cover_T643 66
Cover_T644 44
Cover_T645 48
Cover_T646 42
Cover_T647 36
Cover_T648 20
Cover_T649 38
Cover_T650 24
Cover_T651 0
Cover_T652 20
Cover_T653 8
Cover_T654 18
Cover_T655 -1.43423e-10
Cover_T656 4
Cover_T657 0
Cover_T658 0
Cover_T659 0
Cover_T660 20
Cover_T661 4
Count_D0 -984
Count_D1 -1000
Max_H0_P0 0
Max_H0_P1 0
Max_H0_P2 0
Max_H0_P3 0
Max_H0_P4 0
Max_H0_P5 0
Max_H0_P6 0
Max_H0_P7 0
Max_H0_P8 0
Max_H0_P9 0
Max_H0_P10 0
Max_H0_P11 0
Max_H0_P12 0
Max_H0_P13 0
Max_H0_P14 0
Max_H0_P15 4.70024e-12
Max_H0_P16 -9.07141e-12
Max_H0_P17 1.15019e-12
Max_H0_P18 -2.221e-11
Max_H0_P19 0
Max_H0_P20 2.44443e-12
Max_H0_P21 -3.90799e-12
Max_H0_P22 -7.71383e-13
Max_H0_P23 1.2112e-11
Max_H0_P24 -3.5207e-12
Max_H0_P25 -1.6291e-11
Max_H0_P26 -2.11493e-11
Max_H0_P27 -1.04033e-11
Max_H0_P28 1.28478e-11
Max_H0_P29 5.89796e-12
Max_H0_P30 1.38485e-11
Max_H0_P31 -8.97149e-12
Max_H0_P32 4.46464e-11
Max_H0_P33 -2.33342e-11
Max_H0_P34 0
Max_H0_P35 -1.93268e-12
Max_H0_P36 7.16938e-12
Max_H0_P37 3.56657e-11
Max_H0_P38 -1.30548e-11
Max_H0_P39 0
Max_H0_P40 0
Max_H0_P41 -1.26441e-11
Max_H0_P42 0
Max_H0_P43 0
Max_H0_P44 0
Max_H0_P45 0
Max_H0_P46 0
Max_H0_P47 0
Max_H0_P48 0
Max_H0_P49 0
Max_H0_P50 0
Max_H0_P51 0
Max_H0_P52 0
Max_H0_P53 0
Max_H0_P54 0
Max_H0_P55 0
Max_H0_P56 0
Max_H0_P57 0
Max_H0_P58 2.197e-11
Max_H0_P59 0
Max_H0_P60 1.48049e-11
Max_H0_P61 0
Max_H0_P62 -3.34775e-12
Max_H0_P63 2.59281e-13
Max_H0_P64 0
Max_H0_P65 0
Max_H0_P66 0
Max_H0_P67 0
Max_H0_P68 0
Max_H0_P69 0
Max_H0_P70 0
Max_H0_P71 0
Max_H0_P72 0
Max_H0_P73 0
Max_H0_P74 -0
Max_H0_P75 0
Max_H0_P76 0
Max_H0_P77 0
Max_H0_P78 0
Max_H0_P79 0
Max_H0_P80 0
Max_H0_P81 0
Max_H1_P0 0
Max_H1_P1 0
Max_H1_P2 0
Max_H1_P3 0
Max_H1_P4 0
Max_H1_P5 2.59457e-12
Max_H1_P6 0
Max_H1_P7 0
Max_H1_P8 1.60545e-11
Max_H1_P9 -5.66786e-11
Max_H1_P10 0
Max_H1_P11 0
Max_H1_P12 0
Max_H1_P13 0
Max_H1_P14 0
Max_H1_P15 3.19034e-12
Max_H1_P16 6.49925e-12
Max_H1_P17 -5.6215e-12
Max_H1_P18 -1.40883e-11
Max_H1_P19 0
Max_H1_P20 7.641e-12
Max_H1_P21 -3.73557e-12
Max_H1_P22 1.01403e-11
Max_H1_P23 0
Max_H1_P24 -1.08818e-11
Max_H1_P25 2.33813e-11
Max_H1_P26 -8.81613e-12
Max_H1_P27 -8.64153e-12
Max_H1_P28 -3.59839e-12
Max_H1_P29 -1.87124e-12
Max_H1_P30 0
Max_H1_P31 0
Max_H1_P32 9.17441e-12
Max_H1_P33 -5.42914e-11
Max_H1_P34 1.38084e-11
Max_H1_P35 -7.15968e-12
Max_H1_P36 8.92442e-12
Max_H1_P37 -2.36023e-11
Max_H1_P38 -1.82965e-11
Max_H1_P39 6.12754e-12
Max_H1_P40 -6.68229e-12
Max_H1_P41 -1.04743e-11
Max_H1_P42 -3.00814e-11
Max_H1_P43 0
Max_H1_P44 0
Max_H1_P45 0
Max_H1_P46 0
Max_H1_P47 0
Max_H1_P48 0
Max_H1_P49 0
Max_H1_P50 0
Max_H1_P51 0
Max_H1_P52 0
Max_H1_P53 0
Max_H1_P54 0
Max_H1_P55 0
Max_H1_P56 0
Max_H1_P57 0
Max_H1_P58 0
Max_H1_P59 0
Max_H1_P60 0
Max_H1_P61 -7.70939e-13
Max_H1_P62 3.17479e-12
Max_H1_P63 -1.35607e-11
Max_H1_P64 -3.63482e-12
Max_H1_P65 0
Max_H1_P66 0
Max_H1_P67 0
Max_H1_P68 0
Max_H1_P69 0
Max_H1_P70 0
Max_H1_P71 0
Max_H1_P72 0
Max_H1_P73 0
Max_H1_P74 0
Max_H1_P75 0
Max_H1_P76 -2.45381e-12
Max_H1_P77 0
Max_H1_P78 0
Max_H1_P79 0
Max_H1_P80 0
Max_H1_P81 0
