
Branch and bound

  Entire solving process        :                           (Time     94.0)
  No feasible solution was found
  Best relaxation cost          :     51353.25 (Node     0) (Time     94.0)
  Lower bound after cuts        :     51353.25
  End lower bound               :     51353.25
  Deepest level reached         : 0
  Deepest real level reached    : 0
  Number of real nodes solved   : 1
  Stopping condition            : enough nodes explored

Problem identification

  Problem                       : <null>
  Machine                       : oslo1.gerad.lan

Solving process summary

  Linear relaxations            :        1
  Column generation iterations  :      120
  Shortest paths solved         :     6892
  Columns generated             :    43677

Instance characteristics

  Resources                     : 3
  Node types                    : no
  Arc types                     : no
  Strong resource windows       : no
  Weak resource windows         : no
  Resource windows (nodes)      : 3
  Resource values (arcs)        : 3
  Values on nodes               : no

  Rows                          : 828
  Initial columns               : 348
  Tasks                         : 666
  Strong tasks                  : 452
  Weak tasks                    : 4
  Initial task constraints      : no
  Nodes                         : 994
  Arc sets                      : 1
  Arcs                          : 21603
  Networks                      : 2
  Models                        : 1

Memory used per module (Megs)

  Parser (reused)               :      4.730
  Networks                      :     25.065
  Column generator              :      5.812
  Master problem                :      8.128
  -----------------
  Total                         :     39.005

Cpu time per module (seconds)

  Parser                        :        0.0
  Preprocessor                  :        0.0
  Lr solver manager             :        0.1
  Column generator              :       31.6
    (Shortest path)             :       26.3
  Master problem                :       62.3
  -------------------
  Total (without b&b)           :       94.0

Real elapsed time (seconds)

  Parser                        :        0.0
  Preprocessor                  :        0.0
  Lr solver manager             :        0.1
  Column generator              :       31.5
    (Shortest path)             :       26.5
  Master problem                :       62.4
  -------------------
  Total (without b&b)           :       94.0
