Cover_T0 52
Cover_T1 -52
Cover_T2 52
Cover_T3 -52
Cover_T4 52
Cover_T5 -52
Cover_T6 52
Cover_T7 -52
Cover_T8 52
Cover_T9 -52
Cover_T10 52
Cover_T11 -52
Cover_T12 52
Cover_T13 -52
Cover_T14 52
Cover_T15 -52
Cover_T16 54
Cover_T17 -52
Cover_T18 52
Cover_T19 -50
Cover_T20 54
Cover_T21 -50
Cover_T22 56
Cover_T23 -50
Cover_T24 58
Cover_T25 -46
Cover_T26 56
Cover_T27 -46
Cover_T28 52
Cover_T29 -46
Cover_T30 54
Cover_T31 -44
Cover_T32 60
Cover_T33 -44
Cover_T34 60
Cover_T35 -36
Cover_T36 54
Cover_T37 -42
Cover_T38 50
Cover_T39 -38
Cover_T40 54
Cover_T41 -38
Cover_T42 56
Cover_T43 -40
Cover_T44 60
Cover_T45 -12
Cover_T46 50
Cover_T47 -26
Cover_T48 1034
Cover_T49 944
Cover_T50 1022
Cover_T51 944
Cover_T52 1042
Cover_T53 938
Cover_T54 1020
Cover_T55 946
Cover_T56 1036
Cover_T57 -38
Cover_T58 48
Cover_T59 -22
Cover_T60 22
Cover_T61 -46
Cover_T62 50
Cover_T63 -42
Cover_T64 32
Cover_T65 -42
Cover_T66 16
Cover_T67 -26
Cover_T68 2
Cover_T69 -10
Cover_T70 0
Cover_T71 -38
Cover_T72 22
Cover_T73 -22
Cover_T74 6
Cover_T75 -2
Cover_T76 36
Cover_T77 6
Cover_T78 12
Cover_T79 -8
Cover_T80 -12
Cover_T81 16
Cover_T82 -18
Cover_T83 -14
Cover_T84 -42
Cover_T85 6
Cover_T86 -40
Cover_T87 22
Cover_T88 52
Cover_T89 20
Cover_T90 36
Cover_T91 36
Cover_T92 20
Cover_T93 52
Cover_T94 4
Cover_T95 50
Cover_T96 -4
Cover_T97 -42
Cover_T98 2
Cover_T99 -26
Cover_T100 2
Cover_T101 -10
Cover_T102 0
Cover_T103 0
Cover_T104 0
Cover_T105 2
Cover_T106 48
Cover_T107 8
Cover_T108 32
Cover_T109 8
Cover_T110 16
Cover_T111 10
Cover_T112 14
Cover_T113 10
Cover_T114 -2
Cover_T115 -34
Cover_T116 52
Cover_T117 -10
Cover_T118 28
Cover_T119 -2.34628e-10
Cover_T120 4
Cover_T121 24
Cover_T122 -18
Cover_T123 -30
Cover_T124 -42
Cover_T125 -10
Cover_T126 4
Cover_T127 4
Cover_T128 10
Cover_T129 20
Cover_T130 -6
Cover_T131 36
Cover_T132 -10
Cover_T133 52
Cover_T134 -26
Cover_T135 6
Cover_T136 -42
Cover_T137 0
Cover_T138 4
Cover_T139 16
Cover_T140 4
Cover_T141 20
Cover_T142 10
Cover_T143 36
Cover_T144 -4
Cover_T145 52
Cover_T146 -8
Cover_T147 6
Cover_T148 -24
Cover_T149 6
Cover_T150 -40
Cover_T151 0
Cover_T152 -8
Cover_T153 14
Cover_T154 -24
Cover_T155 18
Cover_T156 -40
Cover_T157 34
Cover_T158 8
Cover_T159 52
Cover_T160 -7.05195e-11
Cover_T161 20
Cover_T162 -16
Cover_T163 38
Cover_T164 -6.78457e-11
Cover_T165 54
Cover_T166 16
Cover_T167 6
Cover_T168 0
Cover_T169 24
Cover_T170 0
Cover_T171 74
Cover_T172 20
Cover_T173 50
Cover_T174 0
Cover_T175 18
Cover_T176 48
Cover_T177 70
Cover_T178 46
Cover_T179 78
Cover_T180 12
Cover_T181 50
Cover_T182 20
Cover_T183 74
Cover_T184 38
Cover_T185 30
Cover_T186 2
Cover_T187 28
Cover_T188 -18
Cover_T189 30
Cover_T190 -8
Cover_T191 30
Cover_T192 -8
Cover_T193 28
Cover_T194 -32
Cover_T195 24
Cover_T196 -16
Cover_T197 44
Cover_T198 -16
Cover_T199 28
Cover_T200 -34
Cover_T201 38
Cover_T202 -18
Cover_T203 54
Cover_T204 -18
Cover_T205 32
Cover_T206 -34
Cover_T207 38
Cover_T208 -18
Cover_T209 54
Cover_T210 -18
Cover_T211 38
Cover_T212 -22
Cover_T213 38
Cover_T214 -22
Cover_T215 56
Cover_T216 -30
Cover_T217 36
Cover_T218 -30
Cover_T219 30
Cover_T220 -32
Cover_T221 40
Cover_T222 -28
Cover_T223 36
Cover_T224 -40
Cover_T225 42
Cover_T226 -32
Cover_T227 42
Cover_T228 -30
Cover_T229 44
Cover_T230 -30
Cover_T231 44
Cover_T232 -30
Cover_T233 44
Cover_T234 -30
Cover_T235 52
Cover_T236 -30
Cover_T237 54
Cover_T238 -30
Cover_T239 54
Cover_T240 -42
Cover_T241 50
Cover_T242 -34
Cover_T243 40
Cover_T244 -34
Cover_T245 58
Cover_T246 -32
Cover_T247 56
Cover_T248 -36
Cover_T249 64
Cover_T250 -32
Cover_T251 60
Cover_T252 -36
Cover_T253 60
Cover_T254 -32
Cover_T255 60
Cover_T256 -42
Cover_T257 64
Cover_T258 -44
Cover_T259 62
Cover_T260 -46
Cover_T261 52
Cover_T262 -52
Cover_T263 52
Cover_T264 -52
Cover_T265 54
Cover_T266 -50
Cover_T267 54
Cover_T268 -50
Cover_T269 54
Cover_T270 -50
Cover_T271 52
Cover_T272 -46
Cover_T273 52
Cover_T274 -44
Cover_T275 58
Cover_T276 -48
Cover_T277 52
Cover_T278 -38
Cover_T279 48
Cover_T280 -38
Cover_T281 52
Cover_T282 -42
Cover_T283 48
Cover_T284 -40
Cover_T285 52
Cover_T286 -8
Cover_T287 46
Cover_T288 -16
Cover_T289 50
Cover_T290 -24
Cover_T291 46
Cover_T292 -32
Cover_T293 1034
Cover_T294 940
Cover_T295 1030
Cover_T296 940
Cover_T297 1020
Cover_T298 940
Cover_T299 980
Cover_T300 948
Cover_T301 1014
Cover_T302 934
Cover_T303 1020
Cover_T304 948
Cover_T305 1032
Cover_T306 -44
Cover_T307 44
Cover_T308 -36
Cover_T309 60
Cover_T310 -28
Cover_T311 44
Cover_T312 -20
Cover_T313 34
Cover_T314 -48
Cover_T315 46
Cover_T316 -40
Cover_T317 22
Cover_T318 -16
Cover_T319 -1.79424e-10
Cover_T320 -36
Cover_T321 28
Cover_T322 -12
Cover_T323 8
Cover_T324 2
Cover_T325 -8
Cover_T326 4
Cover_T327 30
Cover_T328 -18
Cover_T329 14
Cover_T330 -2
Cover_T331 -2
Cover_T332 14
Cover_T333 -18
Cover_T334 -24
Cover_T335 -16
Cover_T336 -8
Cover_T337 -32
Cover_T338 12
Cover_T339 -38
Cover_T340 18
Cover_T341 46
Cover_T342 42
Cover_T343 22
Cover_T344 48
Cover_T345 4
Cover_T346 -36
Cover_T347 4
Cover_T348 -16
Cover_T349 4
Cover_T350 5.1179e-09
Cover_T351 2
Cover_T352 8
Cover_T353 2
Cover_T354 2
Cover_T355 50
Cover_T356 2
Cover_T357 34
Cover_T358 4
Cover_T359 18
Cover_T360 4
Cover_T361 16
Cover_T362 -44
Cover_T363 0
Cover_T364 -28
Cover_T365 -16
Cover_T366 -12
Cover_T367 46
Cover_T368 -10
Cover_T369 30
Cover_T370 6
Cover_T371 14
Cover_T372 22
Cover_T373 -1.74676e-09
Cover_T374 -40
Cover_T375 -16
Cover_T376 -24
Cover_T377 -32
Cover_T378 -4
Cover_T379 6
Cover_T380 18
Cover_T381 4
Cover_T382 42
Cover_T383 -8
Cover_T384 4
Cover_T385 -32
Cover_T386 6
Cover_T387 6
Cover_T388 14
Cover_T389 6
Cover_T390 30
Cover_T391 12
Cover_T392 46
Cover_T393 -2
Cover_T394 0
Cover_T395 -6
Cover_T396 5.1088e-11
Cover_T397 -22
Cover_T398 -6
Cover_T399 -38
Cover_T400 8
Cover_T401 -6
Cover_T402 12
Cover_T403 -22
Cover_T404 28
Cover_T405 -38
Cover_T406 44
Cover_T407 10
Cover_T408 14
Cover_T409 2
Cover_T410 30
Cover_T411 -14
Cover_T412 44
Cover_T413 2
Cover_T414 0
Cover_T415 18
Cover_T416 10
Cover_T417 2
Cover_T418 22
Cover_T419 2
Cover_T420 54
Cover_T421 22
Cover_T422 30
Cover_T423 4
Cover_T424 30
Cover_T425 42
Cover_T426 64
Cover_T427 8
Cover_T428 52
Cover_T429 16
Cover_T430 62
Cover_T431 32
Cover_T432 22
Cover_T433 -2
Cover_T434 32
Cover_T435 -14
Cover_T436 24
Cover_T437 -10
Cover_T438 30
Cover_T439 -26
Cover_T440 34
Cover_T441 -18
Cover_T442 34
Cover_T443 -28
Cover_T444 48
Cover_T445 -20
Cover_T446 38
Cover_T447 -28
Cover_T448 48
Cover_T449 -20
Cover_T450 40
Cover_T451 -22
Cover_T452 48
Cover_T453 -28
Cover_T454 30
Cover_T455 -28
Cover_T456 34
Cover_T457 -28
Cover_T458 34
Cover_T459 -30
Cover_T460 30
Cover_T461 -28
Cover_T462 36
Cover_T463 -38
Cover_T464 36
Cover_T465 -30
Cover_T466 38
Cover_T467 -28
Cover_T468 32
Cover_T469 -42
Cover_T470 40
Cover_T471 -32
Cover_T472 52
Cover_T473 -44
Cover_T474 40
Cover_T475 -32
Cover_T476 34
Cover_T477 -44
Cover_T478 46
Cover_T479 -32
Cover_T480 38
Cover_T481 -44
Cover_T482 50
Cover_T483 -30
Cover_T484 36
Cover_T485 -42
Cover_T486 50
Cover_T487 -32
Cover_T488 40
Cover_T489 -40
Cover_T490 38
Cover_T491 -32
Cover_T492 52
Cover_T493 -32
Cover_T494 48
Cover_T495 -32
Cover_T496 58
Cover_T497 -34
Cover_T498 52
Cover_T499 -32
Cover_T500 50
Cover_T501 -36
Cover_T502 52
Cover_T503 -38
Cover_T504 56
Cover_T505 -38
Cover_T506 54
Cover_T507 -42
Cover_T508 60
Cover_T509 -42
Cover_T510 56
Cover_T511 -44
Cover_T512 58
Cover_T513 -44
Cover_T514 52
Cover_T515 -46
Cover_T516 58
Cover_T517 -46
Cover_T518 52
Cover_T519 -44
Cover_T520 64
Cover_T521 -44
Cover_T522 60
Cover_T523 -38
Cover_T524 50
Cover_T525 -38
Cover_T526 50
Cover_T527 -36
Cover_T528 54
Cover_T529 -38
Cover_T530 52
Cover_T531 -20
Cover_T532 56
Cover_T533 -32
Cover_T534 1036
Cover_T535 948
Cover_T536 1030
Cover_T537 936
Cover_T538 1014
Cover_T539 948
Cover_T540 1042
Cover_T541 934
Cover_T542 1040
Cover_T543 940
Cover_T544 1012
Cover_T545 936
Cover_T546 1016
Cover_T547 948
Cover_T548 1016
Cover_T549 -40
Cover_T550 28
Cover_T551 -28
Cover_T552 56
Cover_T553 -48
Cover_T554 46
Cover_T555 -50
Cover_T556 22
Cover_T557 -50
Cover_T558 4
Cover_T559 -34
Cover_T560 4
Cover_T561 -18
Cover_T562 26
Cover_T563 -46
Cover_T564 10
Cover_T565 -30
Cover_T566 -6
Cover_T567 -14
Cover_T568 32
Cover_T569 0
Cover_T570 16
Cover_T571 2
Cover_T572 0
Cover_T573 -20
Cover_T574 -16
Cover_T575 -4
Cover_T576 -14
Cover_T577 12
Cover_T578 -30
Cover_T579 -26
Cover_T580 -46
Cover_T581 -10
Cover_T582 -44
Cover_T583 4
Cover_T584 52
Cover_T585 16
Cover_T586 40
Cover_T587 28
Cover_T588 28
Cover_T589 22
Cover_T590 16
Cover_T591 34
Cover_T592 4
Cover_T593 46
Cover_T594 0
Cover_T595 40
Cover_T596 0
Cover_T597 52
Cover_T598 -2
Cover_T599 -44
Cover_T600 2
Cover_T601 -32
Cover_T602 4
Cover_T603 -18
Cover_T604 4
Cover_T605 -2
Cover_T606 52
Cover_T607 6
Cover_T608 36
Cover_T609 0
Cover_T610 20
Cover_T611 0
Cover_T612 18
Cover_T613 2
Cover_T614 2
Cover_T615 2
Cover_T616 -14
Cover_T617 -46
Cover_T618 48
Cover_T619 -30
Cover_T620 32
Cover_T621 -14
Cover_T622 16
Cover_T623 -12
Cover_T624 2
Cover_T625 4
Cover_T626 -14
Cover_T627 20
Cover_T628 -30
Cover_T629 -42
Cover_T630 -46
Cover_T631 -26
Cover_T632 0
Cover_T633 -10
Cover_T634 6
Cover_T635 4
Cover_T636 -10
Cover_T637 20
Cover_T638 -14
Cover_T639 36
Cover_T640 -30
Cover_T641 52
Cover_T642 -46
Cover_T643 6
Cover_T644 9.16849e-11
Cover_T645 4.78995e-11
Cover_T646 0
Cover_T647 16
Cover_T648 6
Cover_T649 20
Cover_T650 -8
Cover_T651 36
Cover_T652 -12
Cover_T653 52
Cover_T654 -28
Cover_T655 6
Cover_T656 -44
Cover_T657 6
Cover_T658 -12
Cover_T659 -1.38201e-12
Cover_T660 -28
Cover_T661 14
Cover_T662 -44
Cover_T663 16
Cover_T664 8
Cover_T665 30
Cover_T666 4
Cover_T667 40
Cover_T668 -8
Cover_T669 52
Cover_T670 -20
Cover_T671 18
Cover_T672 0
Cover_T673 32
Cover_T674 20
Cover_T675 44
Cover_T676 8
Cover_T677 58
Cover_T678 -4
Cover_T679 12
Cover_T680 2.40661e-10
Cover_T681 54
Cover_T682 24
Cover_T683 54
Cover_T684 12
Cover_T685 62
Cover_T686 0
Cover_T687 30
Cover_T688 48
Cover_T689 48
Cover_T690 50
Cover_T691 50
Cover_T692 40
Cover_T693 74
Cover_T694 42
Cover_T695 76
Cover_T696 8
Cover_T697 52
Cover_T698 14
Cover_T699 56
Cover_T700 18
Cover_T701 78
Cover_T702 38
Cover_T703 30
Cover_T704 -14
Cover_T705 30
Cover_T706 -10
Cover_T707 30
Cover_T708 -12
Cover_T709 30
Cover_T710 -28
Cover_T711 28
Cover_T712 -20
Cover_T713 28
Cover_T714 -20
Cover_T715 44
Cover_T716 -36
Cover_T717 34
Cover_T718 -22
Cover_T719 38
Cover_T720 -22
Cover_T721 48
Cover_T722 -38
Cover_T723 38
Cover_T724 -18
Cover_T725 38
Cover_T726 -22
Cover_T727 54
Cover_T728 -22
Cover_T729 38
Cover_T730 -22
Cover_T731 38
Cover_T732 -28
Cover_T733 60
Cover_T734 -28
Cover_T735 36
Cover_T736 -28
Cover_T737 30
Cover_T738 -28
Cover_T739 38
Cover_T740 -34
Cover_T741 32
Cover_T742 -36
Cover_T743 32
Cover_T744 -38
Cover_T745 32
Cover_T746 -38
Cover_T747 40
Cover_T748 -36
Cover_T749 42
Cover_T750 -38
Cover_T751 44
Cover_T752 -30
Cover_T753 44
Cover_T754 -30
Cover_T755 64
Cover_T756 -30
Cover_T757 54
Cover_T758 -30
Cover_T759 50
Cover_T760 -30
Cover_T761 58
Cover_T762 -34
Cover_T763 52
Cover_T764 -34
Cover_T765 52
Cover_T766 -36
Cover_T767 56
Cover_T768 -38
Cover_T769 60
Cover_T770 -42
Cover_T771 58
Cover_T772 -42
Cover_T773 62
Cover_T774 -50
Cover_T775 54
Cover_T776 -46
Cover_T777 54
Cover_T778 12
Cover_T779 2
Cover_T780 2
Cover_T781 0
Cover_T782 4
Cover_T783 2
Cover_T784 18
Cover_T785 6
Cover_T786 7.46299e-11
Cover_T787 0
Cover_T788 32
Cover_T789 8
Cover_T790 18
Cover_T791 6
Cover_T792 0
Cover_T793 14
Cover_T794 6
Cover_T795 14
Cover_T796 988
Cover_T797 952
Cover_T798 988
Cover_T799 978
Cover_T800 1042
Cover_T801 994
Cover_T802 1002
Cover_T803 984
Cover_T804 1034
Cover_T805 0
Cover_T806 46
Cover_T807 -1.52967e-10
Cover_T808 32
Cover_T809 -32
Cover_T810 50
Cover_T811 -28
Cover_T812 52
Cover_T813 -4
Cover_T814 52
Cover_T815 52
Cover_T816 -28
Cover_T817 56
Cover_T818 -34
Cover_T819 88
Cover_T820 16
Cover_T821 96
Cover_T822 4
Cover_T823 84
Cover_T824 0
Cover_T825 70
Cover_T826 86
Cover_T827 108
Cover_T828 74
Cover_T829 102
Cover_T830 92
Cover_T831 106
Cover_T832 58
Cover_T833 56
Cover_T834 50
Cover_T835 70
Cover_T836 72
Cover_T837 72
Cover_T838 72
Cover_T839 0
Cover_T840 22
Cover_T841 -12
Cover_T842 -20
Cover_T843 2
Cover_T844 30
Cover_T845 14
Cover_T846 18
Cover_T847 34
Cover_T848 30
Cover_T849 62
Cover_T850 26
Cover_T851 0
Cover_T852 30
Cover_T853 4
Cover_T854 26
Count_D0 -984
Count_D1 -1000
Max_H0_P0 0
Max_H0_P1 0
Max_H0_P2 0
Max_H0_P3 0
Max_H0_P4 0
Max_H0_P5 0
Max_H0_P6 0
Max_H0_P7 0
Max_H0_P8 0
Max_H0_P9 0
Max_H0_P10 0
Max_H0_P11 0
Max_H0_P12 0
Max_H0_P13 0
Max_H0_P14 0
Max_H0_P15 -3.90531e-12
Max_H0_P16 2.17684e-11
Max_H0_P17 -9.49313e-11
Max_H0_P18 -1.33983e-10
Max_H0_P19 -8.42828e-11
Max_H0_P20 -1.43811e-10
Max_H0_P21 -1.49409e-10
Max_H0_P22 -7.19756e-11
Max_H0_P23 -8.04921e-11
Max_H0_P24 6.26561e-12
Max_H0_P25 5.43423e-11
Max_H0_P26 -5.32197e-12
Max_H0_P27 4.6585e-13
Max_H0_P28 6.84501e-11
Max_H0_P29 9.17695e-11
Max_H0_P30 -1.79767e-12
Max_H0_P31 1.25187e-10
Max_H0_P32 7.04657e-12
Max_H0_P33 -7.3987e-11
Max_H0_P34 -5.3328e-11
Max_H0_P35 4.93744e-11
Max_H0_P36 3.29035e-11
Max_H0_P37 1.79442e-10
Max_H0_P38 1.27201e-10
Max_H0_P39 3.63507e-11
Max_H0_P40 3.23768e-11
Max_H0_P41 -1.47224e-11
Max_H0_P42 -8.96654e-11
Max_H0_P43 1.12674e-10
Max_H0_P44 -4.68961e-11
Max_H0_P45 0
Max_H0_P46 0
Max_H0_P47 0
Max_H0_P48 0
Max_H0_P49 0
Max_H0_P50 0
Max_H0_P51 0
Max_H0_P52 0
Max_H0_P53 0
Max_H0_P54 1.52759e-10
Max_H0_P55 0
Max_H0_P56 0
Max_H0_P57 0
Max_H0_P58 0
Max_H0_P59 0
Max_H0_P60 0
Max_H0_P61 0
Max_H0_P62 -1.18471e-10
Max_H0_P63 0
Max_H0_P64 0
Max_H0_P65 0
Max_H0_P66 0
Max_H0_P67 0
Max_H0_P68 0
Max_H0_P69 0
Max_H0_P70 0
Max_H0_P71 0
Max_H0_P72 0
Max_H0_P73 0
Max_H0_P74 0
Max_H0_P75 0
Max_H0_P76 0
Max_H0_P77 3.20299e-12
Max_H0_P78 0
Max_H0_P79 0
Max_H0_P80 0
Max_H0_P81 0
Max_H1_P0 0
Max_H1_P1 0
Max_H1_P2 0
Max_H1_P3 -2.30102e-10
Max_H1_P4 3.53467e-10
Max_H1_P5 1.06716e-10
Max_H1_P6 -1.57904e-10
Max_H1_P7 0
Max_H1_P8 0
Max_H1_P9 0
Max_H1_P10 0
Max_H1_P11 0
Max_H1_P12 0
Max_H1_P13 0
Max_H1_P14 1.65398e-10
Max_H1_P15 -5.92415e-13
Max_H1_P16 6.48644e-11
Max_H1_P17 -5.13173e-11
Max_H1_P18 -1.54276e-10
Max_H1_P19 -2.91266e-10
Max_H1_P20 2.34834e-12
Max_H1_P21 -4.23599e-11
Max_H1_P22 2.60769e-11
Max_H1_P23 -1.72502e-11
Max_H1_P24 -9.98668e-12
Max_H1_P25 -5.82645e-11
Max_H1_P26 -6.62705e-11
Max_H1_P27 4.65825e-11
Max_H1_P28 7.2319e-11
Max_H1_P29 7.27951e-12
Max_H1_P30 -2.9047e-11
Max_H1_P31 5.19882e-11
Max_H1_P32 -3.14913e-11
Max_H1_P33 4.57305e-11
Max_H1_P34 -7.79554e-11
Max_H1_P35 -2.67129e-11
Max_H1_P36 -9.50661e-12
Max_H1_P37 1.78625e-11
Max_H1_P38 1.62016e-10
Max_H1_P39 1.19831e-11
Max_H1_P40 1.54212e-10
Max_H1_P41 -8.67804e-11
Max_H1_P42 -5.07316e-11
Max_H1_P43 6.36078e-11
Max_H1_P44 6.40248e-11
Max_H1_P45 1.35339e-10
Max_H1_P46 -1.30806e-10
Max_H1_P47 0
Max_H1_P48 0
Max_H1_P49 0
Max_H1_P50 0
Max_H1_P51 0
Max_H1_P52 -1.00265e-10
Max_H1_P53 -2.251e-10
Max_H1_P54 2.641e-11
Max_H1_P55 1.25766e-12
Max_H1_P56 0
Max_H1_P57 0
Max_H1_P58 7.80153e-11
Max_H1_P59 0
Max_H1_P60 -8.63526e-11
Max_H1_P61 5.15925e-11
Max_H1_P62 0
Max_H1_P63 -2.05986e-11
Max_H1_P64 0
Max_H1_P65 4.57021e-11
Max_H1_P66 0
Max_H1_P67 0
Max_H1_P68 0
Max_H1_P69 0
Max_H1_P70 0
Max_H1_P71 0
Max_H1_P72 0
Max_H1_P73 0
Max_H1_P74 0
Max_H1_P75 0
Max_H1_P76 1.68441e-10
Max_H1_P77 1.68626e-10
Max_H1_P78 -2.75216e-10
Max_H1_P79 0
Max_H1_P80 0
Max_H1_P81 0
