
Branch and bound

  Entire solving process        :                           (Time    809.9)
  No feasible solution was found
  Best relaxation cost          :     52682.24 (Node     0) (Time    809.9)
  Lower bound after cuts        :     52682.24
  End lower bound               :     52682.24
  Deepest level reached         : 0
  Deepest real level reached    : 0
  Number of real nodes solved   : 1
  Stopping condition            : enough nodes explored

Problem identification

  Problem                       : <null>
  Machine                       : oslo1.gerad.lan

Solving process summary

  Linear relaxations            :        1
  Column generation iterations  :      189
  Shortest paths solved         :     4496
  Columns generated             :    52596

Instance characteristics

  Resources                     : 3
  Node types                    : no
  Arc types                     : no
  Strong resource windows       : no
  Weak resource windows         : no
  Resource windows (nodes)      : 3
  Resource values (arcs)        : 3
  Values on nodes               : no

  Rows                          : 1021
  Initial columns               : 2
  Tasks                         : 859
  Strong tasks                  : 855
  Weak tasks                    : 4
  Initial task constraints      : no
  Nodes                         : 1187
  Arc sets                      : 1
  Arcs                          : 33487
  Networks                      : 2
  Models                        : 1

Memory used per module (Megs)

  Parser (reused)               :      7.031
  Networks                      :     31.361
  Column generator              :     12.714
  Master problem                :      9.965
  -----------------
  Total                         :     54.040

Cpu time per module (seconds)

  Parser                        :        0.0
  Preprocessor                  :        0.0
  Lr solver manager             :        0.2
  Column generator              :       80.1
    (Shortest path)             :       66.5
  Master problem                :      729.6
  -------------------
  Total (without b&b)           :      809.9

Real elapsed time (seconds)

  Parser                        :        0.0
  Preprocessor                  :        0.0
  Lr solver manager             :        0.2
  Column generator              :       80.1
    (Shortest path)             :       65.9
  Master problem                :      729.6
  -------------------
  Total (without b&b)           :      809.9
