
Branch and bound

  Entire solving process        :                           (Time    702.4)
  No feasible solution was found
  Best relaxation cost          :     50448.86 (Node     0) (Time    702.3)
  Lower bound after cuts        :     50448.86
  End lower bound               :     50448.86
  Deepest level reached         : 0
  Deepest real level reached    : 0
  Number of real nodes solved   : 1
  Stopping condition            : enough nodes explored

Problem identification

  Problem                       : <null>
  Machine                       : oslo2.gerad.lan

Solving process summary

  Linear relaxations            :        1
  Column generation iterations  :      193
  Shortest paths solved         :     4059
  Columns generated             :    49606

Instance characteristics

  Resources                     : 3
  Node types                    : no
  Arc types                     : no
  Strong resource windows       : no
  Weak resource windows         : no
  Resource windows (nodes)      : 3
  Resource values (arcs)        : 3
  Values on nodes               : no

  Rows                          : 1062
  Initial columns               : 2
  Tasks                         : 900
  Strong tasks                  : 896
  Weak tasks                    : 4
  Initial task constraints      : no
  Nodes                         : 1228
  Arc sets                      : 1
  Arcs                          : 36110
  Networks                      : 2
  Models                        : 1

Memory used per module (Megs)

  Parser (reused)               :      7.515
  Networks                      :     32.572
  Column generator              :     14.288
  Master problem                :     10.615
  -----------------
  Total                         :     57.476

Cpu time per module (seconds)

  Parser                        :        0.0
  Preprocessor                  :        0.0
  Lr solver manager             :        0.1
  Column generator              :      108.7
    (Shortest path)             :       99.7
  Master problem                :      593.5
  -------------------
  Total (without b&b)           :      702.3

Real elapsed time (seconds)

  Parser                        :        0.0
  Preprocessor                  :        0.0
  Lr solver manager             :        0.1
  Column generator              :      108.9
    (Shortest path)             :      100.3
  Master problem                :      594.3
  -------------------
  Total (without b&b)           :      703.3
