Cover_T0 52
Cover_T1 -52
Cover_T2 52
Cover_T3 -52
Cover_T4 52
Cover_T5 -52
Cover_T6 52
Cover_T7 -52
Cover_T8 52
Cover_T9 -52
Cover_T10 52
Cover_T11 -52
Cover_T12 52
Cover_T13 -52
Cover_T14 52
Cover_T15 -52
Cover_T16 52
Cover_T17 -52
Cover_T18 52
Cover_T19 -52
Cover_T20 52
Cover_T21 -52
Cover_T22 52
Cover_T23 -52
Cover_T24 52
Cover_T25 -52
Cover_T26 56
Cover_T27 -52
Cover_T28 52
Cover_T29 -48
Cover_T30 58
Cover_T31 -48
Cover_T32 52
Cover_T33 -48
Cover_T34 58
Cover_T35 -48
Cover_T36 52
Cover_T37 -46
Cover_T38 62
Cover_T39 -52
Cover_T40 54
Cover_T41 -46
Cover_T42 56
Cover_T43 -46
Cover_T44 52
Cover_T45 -44
Cover_T46 58
Cover_T47 -42
Cover_T48 56
Cover_T49 -42
Cover_T50 48
Cover_T51 -44
Cover_T52 52
Cover_T53 -40
Cover_T54 66
Cover_T55 -40
Cover_T56 52
Cover_T57 -44
Cover_T58 68
Cover_T59 -34
Cover_T60 50
Cover_T61 -40
Cover_T62 1024
Cover_T63 938
Cover_T64 1010
Cover_T65 924
Cover_T66 1024
Cover_T67 956
Cover_T68 1046
Cover_T69 960
Cover_T70 1038
Cover_T71 972
Cover_T72 1030
Cover_T73 0
Cover_T74 66
Cover_T75 12
Cover_T76 66
Cover_T77 -2
Cover_T78 30
Cover_T79 -24
Cover_T80 16
Cover_T81 -24
Cover_T82 6
Cover_T83 -12
Cover_T84 0
Cover_T85 -24
Cover_T86 0
Cover_T87 -12
Cover_T88 8
Cover_T89 -20
Cover_T90 24
Cover_T91 -8
Cover_T92 12
Cover_T93 0
Cover_T94 2
Cover_T95 8
Cover_T96 6.38398e-10
Cover_T97 6
Cover_T98 24
Cover_T99 -28
Cover_T100 4
Cover_T101 -8
Cover_T102 -16
Cover_T103 -4.27875e-10
Cover_T104 -36
Cover_T105 -16
Cover_T106 -42
Cover_T107 4
Cover_T108 -40
Cover_T109 24
Cover_T110 -42
Cover_T111 40
Cover_T112 4
Cover_T113 52
Cover_T114 0
Cover_T115 50
Cover_T116 6
Cover_T117 40
Cover_T118 4.20084e-10
Cover_T119 52
Cover_T120 28
Cover_T121 46
Cover_T122 16
Cover_T123 0
Cover_T124 24
Cover_T125 4
Cover_T126 28
Cover_T127 -2
Cover_T128 28
Cover_T129 4
Cover_T130 28
Cover_T131 -20
Cover_T132 8
Cover_T133 -20
Cover_T134 4
Cover_T135 -28
Cover_T136 4
Cover_T137 -20
Cover_T138 0
Cover_T139 2.72756e-09
Cover_T140 20
Cover_T141 4
Cover_T142 -5.89634e-09
Cover_T143 4
Cover_T144 8
Cover_T145 8
Cover_T146 8
Cover_T147 -12
Cover_T148 8
Cover_T149 8
Cover_T150 8
Cover_T151 0
Cover_T152 8
Cover_T153 -2.87348e-10
Cover_T154 24
Cover_T155 -4
Cover_T156 12
Cover_T157 8
Cover_T158 -1.37252e-08
Cover_T159 5.11539e-10
Cover_T160 -12
Cover_T161 -8
Cover_T162 -24
Cover_T163 4
Cover_T164 -36
Cover_T165 -20
Cover_T166 -10
Cover_T167 -8
Cover_T168 -22
Cover_T169 4
Cover_T170 -34
Cover_T171 16
Cover_T172 -46
Cover_T173 28
Cover_T174 2.53247e-11
Cover_T175 42
Cover_T176 8
Cover_T177 20
Cover_T178 -2
Cover_T179 36
Cover_T180 -18
Cover_T181 52
Cover_T182 -34
Cover_T183 10
Cover_T184 -50
Cover_T185 2
Cover_T186 -42
Cover_T187 12
Cover_T188 -42
Cover_T189 28
Cover_T190 -42
Cover_T191 46
Cover_T192 8
Cover_T193 38
Cover_T194 -4
Cover_T195 54
Cover_T196 4
Cover_T197 52
Cover_T198 4
Cover_T199 54
Cover_T200 4
Cover_T201 6
Cover_T202 10
Cover_T203 18
Cover_T204 16
Cover_T205 6
Cover_T206 24
Cover_T207 14
Cover_T208 8
Cover_T209 12
Cover_T210 -10
Cover_T211 14
Cover_T212 22
Cover_T213 16
Cover_T214 22
Cover_T215 4
Cover_T216 20
Cover_T217 26
Cover_T218 20
Cover_T219 42
Cover_T220 16
Cover_T221 0
Cover_T222 16
Cover_T223 10
Cover_T224 12
Cover_T225 4
Cover_T226 -4
Cover_T227 8
Cover_T228 -26
Cover_T229 8
Cover_T230 -42
Cover_T231 8
Cover_T232 -38
Cover_T233 8
Cover_T234 2
Cover_T235 28
Cover_T236 4
Cover_T237 36
Cover_T238 -4
Cover_T239 42
Cover_T240 4
Cover_T241 50
Cover_T242 -4
Cover_T243 60
Cover_T244 4
Cover_T245 46
Cover_T246 -4
Cover_T247 54
Cover_T248 4
Cover_T249 62
Cover_T250 2
Cover_T251 20
Cover_T252 2
Cover_T253 12
Cover_T254 0
Cover_T255 26
Cover_T256 2
Cover_T257 18
Cover_T258 -8.9105e-09
Cover_T259 26
Cover_T260 -1.31349e-08
Cover_T261 18
Cover_T262 -1.29547e-08
Cover_T263 22
Cover_T264 -1.30422e-08
Cover_T265 16
Cover_T266 -4
Cover_T267 14
Cover_T268 -6
Cover_T269 14
Cover_T270 -6
Cover_T271 18
Cover_T272 -14
Cover_T273 24
Cover_T274 -34
Cover_T275 30
Cover_T276 -20
Cover_T277 30
Cover_T278 -38
Cover_T279 30
Cover_T280 -16
Cover_T281 48
Cover_T282 -18
Cover_T283 60
Cover_T284 -36
Cover_T285 46
Cover_T286 -28
Cover_T287 62
Cover_T288 -22
Cover_T289 40
Cover_T290 -22
Cover_T291 46
Cover_T292 -28
Cover_T293 62
Cover_T294 -26
Cover_T295 50
Cover_T296 -30
Cover_T297 64
Cover_T298 -34
Cover_T299 38
Cover_T300 -32
Cover_T301 44
Cover_T302 -30
Cover_T303 50
Cover_T304 -32
Cover_T305 48
Cover_T306 -32
Cover_T307 52
Cover_T308 -34
Cover_T309 58
Cover_T310 -32
Cover_T311 54
Cover_T312 -46
Cover_T313 54
Cover_T314 -42
Cover_T315 50
Cover_T316 -44
Cover_T317 62
Cover_T318 -48
Cover_T319 58
Cover_T320 52
Cover_T321 -52
Cover_T322 52
Cover_T323 -52
Cover_T324 52
Cover_T325 -52
Cover_T326 52
Cover_T327 -48
Cover_T328 56
Cover_T329 -48
Cover_T330 52
Cover_T331 -48
Cover_T332 56
Cover_T333 -50
Cover_T334 56
Cover_T335 -46
Cover_T336 56
Cover_T337 -42
Cover_T338 48
Cover_T339 -46
Cover_T340 56
Cover_T341 -46
Cover_T342 52
Cover_T343 -40
Cover_T344 62
Cover_T345 -40
Cover_T346 44
Cover_T347 -40
Cover_T348 60
Cover_T349 -36
Cover_T350 52
Cover_T351 -36
Cover_T352 1022
Cover_T353 944
Cover_T354 1018
Cover_T355 936
Cover_T356 1010
Cover_T357 920
Cover_T358 998
Cover_T359 968
Cover_T360 1016
Cover_T361 958
Cover_T362 1038
Cover_T363 970
Cover_T364 1038
Cover_T365 0
Cover_T366 54
Cover_T367 2
Cover_T368 54
Cover_T369 10
Cover_T370 74
Cover_T371 18
Cover_T372 30
Cover_T373 -5.96645e-10
Cover_T374 22
Cover_T375 -32
Cover_T376 16
Cover_T377 -12
Cover_T378 2
Cover_T379 -16
Cover_T380 2
Cover_T381 -16
Cover_T382 28
Cover_T383 2.30407e-10
Cover_T384 8
Cover_T385 2
Cover_T386 5.0899e-10
Cover_T387 0
Cover_T388 24
Cover_T389 -20
Cover_T390 12
Cover_T391 -8
Cover_T392 -1.13377e-08
Cover_T393 2
Cover_T394 -12
Cover_T395 4
Cover_T396 -24
Cover_T397 -20
Cover_T398 -36
Cover_T399 -8
Cover_T400 -48
Cover_T401 4
Cover_T402 -46
Cover_T403 16
Cover_T404 -36
Cover_T405 28
Cover_T406 -48
Cover_T407 44
Cover_T408 -50
Cover_T409 50
Cover_T410 -4
Cover_T411 48
Cover_T412 0
Cover_T413 50
Cover_T414 20
Cover_T415 4
Cover_T416 20
Cover_T417 2.03966e-10
Cover_T418 28
Cover_T419 -24
Cover_T420 28
Cover_T421 -12
Cover_T422 16
Cover_T423 -20
Cover_T424 4
Cover_T425 -24
Cover_T426 8
Cover_T427 -24
Cover_T428 -4
Cover_T429 -24
Cover_T430 4
Cover_T431 -12
Cover_T432 8
Cover_T433 0
Cover_T434 -4
Cover_T435 -4
Cover_T436 24
Cover_T437 8
Cover_T438 12
Cover_T439 4
Cover_T440 -8
Cover_T441 8
Cover_T442 -6.35422e-10
Cover_T443 -12
Cover_T444 1.90852e-11
Cover_T445 8
Cover_T446 -2.52466e-09
Cover_T447 6.82509e-10
Cover_T448 4.28037e-10
Cover_T449 0
Cover_T450 -7.40741e-10
Cover_T451 0
Cover_T452 16
Cover_T453 1.67452e-09
Cover_T454 -4
Cover_T455 7.04391e-10
Cover_T456 -24
Cover_T457 -16
Cover_T458 -6
Cover_T459 4
Cover_T460 -26
Cover_T461 24
Cover_T462 -46
Cover_T463 40
Cover_T464 0
Cover_T465 14
Cover_T466 12
Cover_T467 26
Cover_T468 0
Cover_T469 38
Cover_T470 -6
Cover_T471 50
Cover_T472 -18
Cover_T473 4
Cover_T474 -30
Cover_T475 -8
Cover_T476 -42
Cover_T477 4
Cover_T478 -30
Cover_T479 10
Cover_T480 -42
Cover_T481 22
Cover_T482 -38
Cover_T483 36
Cover_T484 -38
Cover_T485 54
Cover_T486 12
Cover_T487 46
Cover_T488 0
Cover_T489 46
Cover_T490 8
Cover_T491 46
Cover_T492 -1.28852e-09
Cover_T493 -4
Cover_T494 3.47603e-09
Cover_T495 8
Cover_T496 14
Cover_T497 6
Cover_T498 16
Cover_T499 10
Cover_T500 28
Cover_T501 10
Cover_T502 10
Cover_T503 6
Cover_T504 -6
Cover_T505 0
Cover_T506 22
Cover_T507 2.98078e-08
Cover_T508 22
Cover_T509 16
Cover_T510 18
Cover_T511 34
Cover_T512 6
Cover_T513 4
Cover_T514 12
Cover_T515 6
Cover_T516 10
Cover_T517 6
Cover_T518 -6
Cover_T519 -4
Cover_T520 -24
Cover_T521 2
Cover_T522 -44
Cover_T523 6
Cover_T524 -42
Cover_T525 26
Cover_T526 2
Cover_T527 46
Cover_T528 -1.33395e-08
Cover_T529 50
Cover_T530 -4
Cover_T531 1.43143e-08
Cover_T532 -2
Cover_T533 8
Cover_T534 -4
Cover_T535 14
Cover_T536 -1.54178e-08
Cover_T537 14
Cover_T538 -4
Cover_T539 18
Cover_T540 -6
Cover_T541 16
Cover_T542 -4
Cover_T543 22
Cover_T544 -6
Cover_T545 18
Cover_T546 -14
Cover_T547 20
Cover_T548 -6
Cover_T549 16
Cover_T550 -14
Cover_T551 16
Cover_T552 -12
Cover_T553 16
Cover_T554 -12
Cover_T555 18
Cover_T556 -12
Cover_T557 18
Cover_T558 -20
Cover_T559 26
Cover_T560 -18
Cover_T561 18
Cover_T562 -26
Cover_T563 28
Cover_T564 -36
Cover_T565 18
Cover_T566 -42
Cover_T567 22
Cover_T568 -22
Cover_T569 34
Cover_T570 -34
Cover_T571 26
Cover_T572 -46
Cover_T573 48
Cover_T574 -18
Cover_T575 60
Cover_T576 -18
Cover_T577 38
Cover_T578 -38
Cover_T579 50
Cover_T580 -20
Cover_T581 66
Cover_T582 -38
Cover_T583 34
Cover_T584 -22
Cover_T585 40
Cover_T586 -22
Cover_T587 48
Cover_T588 -26
Cover_T589 58
Cover_T590 -26
Cover_T591 42
Cover_T592 -26
Cover_T593 50
Cover_T594 -28
Cover_T595 62
Cover_T596 -28
Cover_T597 40
Cover_T598 -28
Cover_T599 36
Cover_T600 -36
Cover_T601 38
Cover_T602 -30
Cover_T603 36
Cover_T604 -30
Cover_T605 40
Cover_T606 -30
Cover_T607 48
Cover_T608 -34
Cover_T609 40
Cover_T610 -32
Cover_T611 46
Cover_T612 -32
Cover_T613 56
Cover_T614 -34
Cover_T615 46
Cover_T616 -32
Cover_T617 46
Cover_T618 -40
Cover_T619 46
Cover_T620 -36
Cover_T621 56
Cover_T622 -42
Cover_T623 52
Cover_T624 -42
Cover_T625 52
Cover_T626 -46
Cover_T627 60
Cover_T628 -44
Cover_T629 56
Cover_T630 -48
Cover_T631 54
Cover_T632 -48
Cover_T633 56
Cover_T634 -48
Cover_T635 60
Cover_T636 -48
Cover_T637 56
Cover_T638 -46
Cover_T639 60
Cover_T640 -46
Cover_T641 56
Cover_T642 -42
Cover_T643 56
Cover_T644 -48
Cover_T645 56
Cover_T646 -46
Cover_T647 64
Cover_T648 -42
Cover_T649 64
Cover_T650 -40
Cover_T651 1026
Cover_T652 944
Cover_T653 1014
Cover_T654 936
Cover_T655 1012
Cover_T656 928
Cover_T657 1004
Cover_T658 968
Cover_T659 1022
Cover_T660 968
Cover_T661 1046
Cover_T662 972
Cover_T663 1046
Cover_T664 964
Cover_T665 1038
Cover_T666 972
Cover_T667 1030
Cover_T668 962
Cover_T669 1038
Cover_T670 970
Cover_T671 1034
Cover_T672 3.77796e-10
Cover_T673 46
Cover_T674 2
Cover_T675 66
Cover_T676 10
Cover_T677 66
Cover_T678 18
Cover_T679 18
Cover_T680 0
Cover_T681 14
Cover_T682 -24
Cover_T683 4
Cover_T684 -24
Cover_T685 4
Cover_T686 -12
Cover_T687 12
Cover_T688 -24
Cover_T689 30
Cover_T690 -12
Cover_T691 20
Cover_T692 -20
Cover_T693 6
Cover_T694 -8
Cover_T695 4
Cover_T696 1.7959e-10
Cover_T697 28
Cover_T698 8
Cover_T699 16
Cover_T700 6
Cover_T701 4
Cover_T702 2
Cover_T703 -12
Cover_T704 -14
Cover_T705 -28
Cover_T706 0
Cover_T707 -44
Cover_T708 6
Cover_T709 -46
Cover_T710 -14
Cover_T711 -40
Cover_T712 2
Cover_T713 -38
Cover_T714 18
Cover_T715 4
Cover_T716 34
Cover_T717 2.15498e-10
Cover_T718 42
Cover_T719 0
Cover_T720 50
Cover_T721 2
Cover_T722 44
Cover_T723 -2.83473e-12
Cover_T724 52
Cover_T725 2
Cover_T726 38
Cover_T727 24
Cover_T728 46
Cover_T729 16
Cover_T730 52
Cover_T731 28
Cover_T732 44
Cover_T733 20
Cover_T734 52
Cover_T735 28
Cover_T736 2
Cover_T737 20
Cover_T738 2
Cover_T739 24
Cover_T740 2
Cover_T741 28
Cover_T742 0
Cover_T743 20
Cover_T744 2
Cover_T745 12
Cover_T746 0
Cover_T747 -2.76692e-10
Cover_T748 -14
Cover_T749 0
Cover_T750 -18
Cover_T751 4
Cover_T752 -18
Cover_T753 4
Cover_T754 -26
Cover_T755 28
Cover_T756 -10
Cover_T757 12
Cover_T758 6
Cover_T759 -4
Cover_T760 6
Cover_T761 8
Cover_T762 0
Cover_T763 16
Cover_T764 -4
Cover_T765 4
Cover_T766 8
Cover_T767 12
Cover_T768 -20
Cover_T769 3.2297e-10
Cover_T770 -8
Cover_T771 8
Cover_T772 4
Cover_T773 16
Cover_T774 16
Cover_T775 4
Cover_T776 -7.20839e-10
Cover_T777 28
Cover_T778 -8
Cover_T779 16
Cover_T780 4
Cover_T781 4
Cover_T782 -2.3523e-10
Cover_T783 -16
Cover_T784 0
Cover_T785 -36
Cover_T786 0
Cover_T787 -18
Cover_T788 -16
Cover_T789 -38
Cover_T790 4
Cover_T791 7.64791e-10
Cover_T792 24
Cover_T793 4
Cover_T794 42
Cover_T795 -6
Cover_T796 20
Cover_T797 -22
Cover_T798 36
Cover_T799 -38
Cover_T800 52
Cover_T801 -30
Cover_T802 10
Cover_T803 -46
Cover_T804 2
Cover_T805 -46
Cover_T806 14
Cover_T807 -46
Cover_T808 30
Cover_T809 8
Cover_T810 38
Cover_T811 0
Cover_T812 46
Cover_T813 -4
Cover_T814 54
Cover_T815 -12
Cover_T816 38
Cover_T817 4
Cover_T818 46
Cover_T819 4
Cover_T820 54
Cover_T821 4
Cover_T822 46
Cover_T823 -4
Cover_T824 54
Cover_T825 4
Cover_T826 46
Cover_T827 0
Cover_T828 60
Cover_T829 10
Cover_T830 2
Cover_T831 2
Cover_T832 10
Cover_T833 16
Cover_T834 18
Cover_T835 8
Cover_T836 22
Cover_T837 24
Cover_T838 10
Cover_T839 14
Cover_T840 12
Cover_T841 -1.54212e-08
Cover_T842 20
Cover_T843 -10
Cover_T844 16
Cover_T845 18
Cover_T846 14
Cover_T847 18
Cover_T848 0
Cover_T849 6
Cover_T850 14
Cover_T851 24
Cover_T852 6
Cover_T853 24
Cover_T854 18
Cover_T855 8
Cover_T856 30
Cover_T857 8
Cover_T858 42
Cover_T859 14
Cover_T860 6
Cover_T861 10
Cover_T862 2
Cover_T863 -2
Cover_T864 0
Cover_T865 -20
Cover_T866 6
Cover_T867 -22
Cover_T868 4
Cover_T869 -40
Cover_T870 -2
Cover_T871 -30
Cover_T872 12
Cover_T873 -42
Cover_T874 8
Cover_T875 0
Cover_T876 8
Cover_T877 -2
Cover_T878 24
Cover_T879 -6.86959e-09
Cover_T880 40
Cover_T881 -1.57877e-08
Cover_T882 56
Cover_T883 4
Cover_T884 56
Cover_T885 4
Cover_T886 16
Cover_T887 0
Cover_T888 22
Cover_T889 2
Cover_T890 18
Cover_T891 -1.39336e-08
Cover_T892 24
Cover_T893 -1.33892e-08
Cover_T894 18
Cover_T895 -4
Cover_T896 14
Cover_T897 -6
Cover_T898 14
Cover_T899 -8
Cover_T900 20
Cover_T901 -34
Cover_T902 30
Cover_T903 -20
Cover_T904 30
Cover_T905 -40
Cover_T906 30
Cover_T907 -14
Cover_T908 36
Cover_T909 -14
Cover_T910 32
Cover_T911 -26
Cover_T912 50
Cover_T913 -38
Cover_T914 60
Cover_T915 -26
Cover_T916 42
Cover_T917 -46
Cover_T918 52
Cover_T919 -16
Cover_T920 68
Cover_T921 -22
Cover_T922 38
Cover_T923 -26
Cover_T924 42
Cover_T925 -24
Cover_T926 54
Cover_T927 -26
Cover_T928 54
Cover_T929 -26
Cover_T930 44
Cover_T931 -28
Cover_T932 44
Cover_T933 -30
Cover_T934 50
Cover_T935 -30
Cover_T936 56
Cover_T937 -32
Cover_T938 54
Cover_T939 -34
Cover_T940 56
Cover_T941 -38
Cover_T942 54
Cover_T943 -36
Cover_T944 52
Cover_T945 -44
Cover_T946 56
Cover_T947 -42
Cover_T948 58
Cover_T949 -44
Cover_T950 58
Cover_T951 -44
Cover_T952 60
Cover_T953 -48
Cover_T954 58
Cover_T955 -48
Cover_T956 26
Cover_T957 1.71475e-10
Cover_T958 22
Cover_T959 2
Cover_T960 22
Cover_T961 6
Cover_T962 14
Cover_T963 4
Cover_T964 10
Cover_T965 -2
Cover_T966 30
Cover_T967 14
Cover_T968 1024
Cover_T969 2
Cover_T970 1014
Cover_T971 990
Cover_T972 1004
Cover_T973 974
Cover_T974 996
Cover_T975 974
Cover_T976 990
Cover_T977 1010
Cover_T978 978
Cover_T979 1010
Cover_T980 1062
Cover_T981 1016
Cover_T982 1070
Cover_T983 1000
Cover_T984 1058
Cover_T985 1006
Cover_T986 1058
Cover_T987 0
Cover_T988 1066
Cover_T989 6
Cover_T990 86
Cover_T991 14
Cover_T992 86
Cover_T993 24
Cover_T994 102
Cover_T995 32
Cover_T996 54
Cover_T997 40
Cover_T998 26
Cover_T999 -44
Cover_T1000 56
Cover_T1001 -40
Cover_T1002 52
Cover_T1003 -28
Cover_T1004 52
Cover_T1005 -2.03208e-08
Cover_T1006 -2
Cover_T1007 52
Cover_T1008 -34
Cover_T1009 16
Cover_T1010 -36
Cover_T1011 56
Cover_T1012 0
Cover_T1013 44
Cover_T1014 0
Cover_T1015 54
Cover_T1016 0
Cover_T1017 62
Cover_T1018 28
Cover_T1019 62
Cover_T1020 18
Cover_T1021 64
Cover_T1022 68
Cover_T1023 64
Cover_T1024 60
Cover_T1025 72
Cover_T1026 74
Cover_T1027 52
Cover_T1028 62
Cover_T1029 64
Cover_T1030 72
Cover_T1031 22
Cover_T1032 60
Cover_T1033 28
Cover_T1034 66
Cover_T1035 22
Cover_T1036 58
Cover_T1037 0
Cover_T1038 50
Cover_T1039 8
Cover_T1040 38
Cover_T1041 -32
Cover_T1042 2
Cover_T1043 -40
Cover_T1044 0
Cover_T1045 -26
Cover_T1046 -2
Cover_T1047 4
Cover_T1048 -30
Cover_T1049 32
Cover_T1050 32
Cover_T1051 30
Cover_T1052 48
Cover_T1053 20
Cover_T1054 52
Cover_T1055 40
Cover_T1056 44
Cover_T1057 64
Cover_T1058 44
Cover_T1059 0
Cover_T1060 34
Count_D0 -984
Count_D1 -1000
Max_H0_P0 0
Max_H0_P1 0
Max_H0_P2 0
Max_H0_P3 0
Max_H0_P4 0
Max_H0_P5 -1.21029e-09
Max_H0_P6 -9.64748e-10
Max_H0_P7 0
Max_H0_P8 0
Max_H0_P9 0
Max_H0_P10 0
Max_H0_P11 0
Max_H0_P12 0
Max_H0_P13 0
Max_H0_P14 0
Max_H0_P15 -1.38077e-09
Max_H0_P16 -2.01796e-09
Max_H0_P17 -1.0047e-09
Max_H0_P18 -4.43357e-10
Max_H0_P19 -3.07939e-10
Max_H0_P20 -1.80818e-10
Max_H0_P21 -4.98018e-10
Max_H0_P22 -2.01935e-10
Max_H0_P23 -5.56755e-10
Max_H0_P24 -2.35957e-10
Max_H0_P25 -4.88996e-10
Max_H0_P26 3.67161e-10
Max_H0_P27 -2.03055e-10
Max_H0_P28 9.78535e-12
Max_H0_P29 5.67582e-10
Max_H0_P30 -5.58483e-10
Max_H0_P31 -9.99023e-11
Max_H0_P32 -1.36669e-11
Max_H0_P33 2.91482e-11
Max_H0_P34 -7.98409e-11
Max_H0_P35 -4.2542e-11
Max_H0_P36 -1.9415e-10
Max_H0_P37 -1.22114e-10
Max_H0_P38 4.52758e-11
Max_H0_P39 -1.76152e-10
Max_H0_P40 3.3479e-10
Max_H0_P41 7.50582e-11
Max_H0_P42 -3.45629e-10
Max_H0_P43 -1.6227e-10
Max_H0_P44 0
Max_H0_P45 -2
Max_H0_P46 0
Max_H0_P47 0
Max_H0_P48 0
Max_H0_P49 0
Max_H0_P50 0
Max_H0_P51 0
Max_H0_P52 0
Max_H0_P53 0
Max_H0_P54 0
Max_H0_P55 0
Max_H0_P56 0
Max_H0_P57 0
Max_H0_P58 0
Max_H0_P59 0
Max_H0_P60 0
Max_H0_P61 0
Max_H0_P62 0
Max_H0_P63 0
Max_H0_P64 0
Max_H0_P65 0
Max_H0_P66 0
Max_H0_P67 0
Max_H0_P68 0
Max_H0_P69 0
Max_H0_P70 0
Max_H0_P71 0
Max_H0_P72 0
Max_H0_P73 0
Max_H0_P74 0
Max_H0_P75 -0
Max_H0_P76 -5.83753e-10
Max_H0_P77 2.29179e-10
Max_H0_P78 7.56551e-10
Max_H0_P79 -7.55484e-10
Max_H0_P80 0
Max_H0_P81 0
Max_H1_P0 0
Max_H1_P1 0
Max_H1_P2 0
Max_H1_P3 1.13005e-10
Max_H1_P4 5.44958e-10
Max_H1_P5 -3.8945e-10
Max_H1_P6 -8.16087e-10
Max_H1_P7 -2.27626e-10
Max_H1_P8 0
Max_H1_P9 0
Max_H1_P10 6.63802e-11
Max_H1_P11 0
Max_H1_P12 0
Max_H1_P13 0
Max_H1_P14 0
Max_H1_P15 -1.88429e-09
Max_H1_P16 -1.43324e-09
Max_H1_P17 -7.04584e-10
Max_H1_P18 -6.34905e-10
Max_H1_P19 -7.15073e-10
Max_H1_P20 -9.98425e-10
Max_H1_P21 -2.25082e-10
Max_H1_P22 -5.53882e-10
Max_H1_P23 -1.68527e-10
Max_H1_P24 -3.81622e-10
Max_H1_P25 -5.00142e-10
Max_H1_P26 -3.80813e-10
Max_H1_P27 -5.87306e-10
Max_H1_P28 3.77675e-10
Max_H1_P29 -6.11653e-10
Max_H1_P30 3.52234e-10
Max_H1_P31 5.20547e-10
Max_H1_P32 -2.33058e-11
Max_H1_P33 -1.18962e-10
Max_H1_P34 1.33163e-10
Max_H1_P35 8.42103e-11
Max_H1_P36 -3.92131e-10
Max_H1_P37 -5.42958e-11
Max_H1_P38 -1.58494e-10
Max_H1_P39 -1.02322e-10
Max_H1_P40 -9.4627e-12
Max_H1_P41 -5.72129e-10
Max_H1_P42 -3.45792e-10
Max_H1_P43 -5.08063e-10
Max_H1_P44 3.75268e-10
Max_H1_P45 -2
Max_H1_P46 0
Max_H1_P47 0
Max_H1_P48 0
Max_H1_P49 0
Max_H1_P50 0
Max_H1_P51 -1.06775e-09
Max_H1_P52 -1.70972e-10
Max_H1_P53 -3.18725e-10
Max_H1_P54 3.1708e-10
Max_H1_P55 0
Max_H1_P56 0
Max_H1_P57 0
Max_H1_P58 0
Max_H1_P59 0
Max_H1_P60 -9.05223e-10
Max_H1_P61 0
Max_H1_P62 0
Max_H1_P63 -4.44061e-10
Max_H1_P64 0
Max_H1_P65 0
Max_H1_P66 0
Max_H1_P67 0
Max_H1_P68 0
Max_H1_P69 0
Max_H1_P70 0
Max_H1_P71 -9.94376e-10
Max_H1_P72 0
Max_H1_P73 0
Max_H1_P74 0
Max_H1_P75 0
Max_H1_P76 -2.40878e-10
Max_H1_P77 4.06827e-10
Max_H1_P78 0
Max_H1_P79 4.99105e-10
Max_H1_P80 -6.65054e-10
Max_H1_P81 0
