
Branch and bound

  Entire solving process        :                           (Time   1408.0)
  No feasible solution was found
  Best relaxation cost          :     71837.48 (Node     0) (Time   1407.9)
  Lower bound after cuts        :     71837.48
  End lower bound               :     71837.48
  Deepest level reached         : 0
  Deepest real level reached    : 0
  Number of real nodes solved   : 1
  Stopping condition            : enough nodes explored

Problem identification

  Problem                       : <null>
  Machine                       : oslo1.gerad.lan

Solving process summary

  Linear relaxations            :        1
  Column generation iterations  :      184
  Shortest paths solved         :     5104
  Columns generated             :    65219

Instance characteristics

  Resources                     : 3
  Node types                    : no
  Arc types                     : no
  Strong resource windows       : no
  Weak resource windows         : no
  Resource windows (nodes)      : 3
  Resource values (arcs)        : 3
  Values on nodes               : no

  Rows                          : 1227
  Initial columns               : 2
  Tasks                         : 1065
  Strong tasks                  : 1061
  Weak tasks                    : 4
  Initial task constraints      : no
  Nodes                         : 1393
  Arc sets                      : 1
  Arcs                          : 49339
  Networks                      : 2
  Models                        : 1

Memory used per module (Megs)

  Parser (reused)               :     10.058
  Networks                      :     38.021
  Column generator              :     26.276
  Master problem                :     11.500
  -----------------
  Total                         :     75.797

Cpu time per module (seconds)

  Parser                        :        0.1
  Preprocessor                  :        0.0
  Lr solver manager             :        0.3
  Column generator              :      350.7
    (Shortest path)             :      326.3
  Master problem                :     1056.9
  -------------------
  Total (without b&b)           :     1407.9

Real elapsed time (seconds)

  Parser                        :        0.1
  Preprocessor                  :        0.0
  Lr solver manager             :        0.3
  Column generator              :      350.8
    (Shortest path)             :      326.8
  Master problem                :     1056.8
  -------------------
  Total (without b&b)           :     1408.0
