Cover_T0 52
Cover_T1 -52
Cover_T2 52
Cover_T3 -52
Cover_T4 52
Cover_T5 -52
Cover_T6 52
Cover_T7 -52
Cover_T8 52
Cover_T9 -52
Cover_T10 52
Cover_T11 -52
Cover_T12 52
Cover_T13 -52
Cover_T14 54
Cover_T15 -52
Cover_T16 52
Cover_T17 -50
Cover_T18 52
Cover_T19 -50
Cover_T20 54
Cover_T21 -50
Cover_T22 52
Cover_T23 -50
Cover_T24 56
Cover_T25 -50
Cover_T26 56
Cover_T27 -46
Cover_T28 56
Cover_T29 -46
Cover_T30 56
Cover_T31 -46
Cover_T32 56
Cover_T33 -46
Cover_T34 56
Cover_T35 -46
Cover_T36 56
Cover_T37 -42
Cover_T38 54
Cover_T39 -42
Cover_T40 54
Cover_T41 -42
Cover_T42 52
Cover_T43 -40
Cover_T44 52
Cover_T45 -42
Cover_T46 54
Cover_T47 -38
Cover_T48 50
Cover_T49 -38
Cover_T50 48
Cover_T51 -16
Cover_T52 52
Cover_T53 -28
Cover_T54 50
Cover_T55 0
Cover_T56 1034
Cover_T57 980
Cover_T58 1030
Cover_T59 968
Cover_T60 1018
Cover_T61 956
Cover_T62 1020
Cover_T63 984
Cover_T64 1032
Cover_T65 984
Cover_T66 992
Cover_T67 2
Cover_T68 24
Cover_T69 2
Cover_T70 24
Cover_T71 14
Cover_T72 10
Cover_T73 -6
Cover_T74 0
Cover_T75 -2
Cover_T76 8
Cover_T77 -2
Cover_T78 14
Cover_T79 10
Cover_T80 6
Cover_T81 -4
Cover_T82 14
Cover_T83 6
Cover_T84 2
Cover_T85 2
Cover_T86 8
Cover_T87 2
Cover_T88 14
Cover_T89 -6
Cover_T90 0
Cover_T91 6
Cover_T92 8
Cover_T93 8
Cover_T94 -4
Cover_T95 4
Cover_T96 -8
Cover_T97 3.0443e-09
Cover_T98 -36
Cover_T99 12
Cover_T100 4
Cover_T101 16
Cover_T102 6
Cover_T103 44
Cover_T104 4
Cover_T105 4
Cover_T106 8
Cover_T107 2
Cover_T108 10
Cover_T109 4
Cover_T110 8
Cover_T111 0
Cover_T112 -8
Cover_T113 -2
Cover_T114 -36
Cover_T115 0
Cover_T116 -36
Cover_T117 16
Cover_T118 14
Cover_T119 32
Cover_T120 -2
Cover_T121 48
Cover_T122 12
Cover_T123 36
Cover_T124 -4
Cover_T125 52
Cover_T126 0
Cover_T127 -4
Cover_T128 -2
Cover_T129 12
Cover_T130 -18
Cover_T131 -2
Cover_T132 -34
Cover_T133 3.43152e-10
Cover_T134 2
Cover_T135 14
Cover_T136 -26
Cover_T137 42
Cover_T138 -30
Cover_T139 6
Cover_T140 -36
Cover_T141 34
Cover_T142 10
Cover_T143 50
Cover_T144 8
Cover_T145 44
Cover_T146 4
Cover_T147 38
Cover_T148 14
Cover_T149 54
Cover_T150 -2
Cover_T151 2
Cover_T152 -18
Cover_T153 6
Cover_T154 -34
Cover_T155 10
Cover_T156 10
Cover_T157 3.42781e-09
Cover_T158 -6
Cover_T159 16
Cover_T160 -24
Cover_T161 34
Cover_T162 8
Cover_T163 50
Cover_T164 0
Cover_T165 6
Cover_T166 -4
Cover_T167 22
Cover_T168 4
Cover_T169 40
Cover_T170 -10
Cover_T171 8
Cover_T172 -30
Cover_T173 8
Cover_T174 8
Cover_T175 4
Cover_T176 4.27061e-10
Cover_T177 26
Cover_T178 6
Cover_T179 46
Cover_T180 2
Cover_T181 6
Cover_T182 4
Cover_T183 10
Cover_T184 -6
Cover_T185 8
Cover_T186 -6
Cover_T187 8
Cover_T188 0
Cover_T189 4
Cover_T190 2
Cover_T191 16
Cover_T192 -18
Cover_T193 16
Cover_T194 2
Cover_T195 8
Cover_T196 -2
Cover_T197 6
Cover_T198 -22
Cover_T199 26
Cover_T200 -42
Cover_T201 6
Cover_T202 -34
Cover_T203 10
Cover_T204 -20
Cover_T205 32
Cover_T206 -40
Cover_T207 52
Cover_T208 -5.93995e-09
Cover_T209 40
Cover_T210 -16
Cover_T211 54
Cover_T212 -32
Cover_T213 38
Cover_T214 -18
Cover_T215 64
Cover_T216 -34
Cover_T217 20
Cover_T218 -20
Cover_T219 40
Cover_T220 -38
Cover_T221 62
Cover_T222 -4
Cover_T223 54
Cover_T224 -2
Cover_T225 74
Cover_T226 -2
Cover_T227 60
Cover_T228 -2
Cover_T229 76
Cover_T230 -12
Cover_T231 40
Cover_T232 -26
Cover_T233 44
Cover_T234 -18
Cover_T235 44
Cover_T236 -18
Cover_T237 60
Cover_T238 -28
Cover_T239 60
Cover_T240 -36
Cover_T241 46
Cover_T242 -32
Cover_T243 60
Cover_T244 -44
Cover_T245 60
Cover_T246 -40
Cover_T247 64
Cover_T248 -38
Cover_T249 52
Cover_T250 -52
Cover_T251 52
Cover_T252 -50
Cover_T253 52
Cover_T254 -52
Cover_T255 56
Cover_T256 -50
Cover_T257 52
Cover_T258 -46
Cover_T259 56
Cover_T260 -46
Cover_T261 56
Cover_T262 -46
Cover_T263 58
Cover_T264 -46
Cover_T265 54
Cover_T266 -42
Cover_T267 60
Cover_T268 -42
Cover_T269 58
Cover_T270 -34
Cover_T271 50
Cover_T272 -40
Cover_T273 50
Cover_T274 -32
Cover_T275 54
Cover_T276 -38
Cover_T277 44
Cover_T278 -14
Cover_T279 36
Cover_T280 -18
Cover_T281 50
Cover_T282 -26
Cover_T283 52
Cover_T284 4
Cover_T285 36
Cover_T286 0
Cover_T287 1030
Cover_T288 980
Cover_T289 1018
Cover_T290 970
Cover_T291 996
Cover_T292 966
Cover_T293 996
Cover_T294 954
Cover_T295 1028
Cover_T296 974
Cover_T297 994
Cover_T298 986
Cover_T299 992
Cover_T300 0
Cover_T301 12
Cover_T302 6
Cover_T303 24
Cover_T304 4
Cover_T305 36
Cover_T306 12
Cover_T307 36
Cover_T308 -12
Cover_T309 12
Cover_T310 -8
Cover_T311 6
Cover_T312 -4
Cover_T313 2
Cover_T314 3.06529e-09
Cover_T315 0
Cover_T316 -4
Cover_T317 8
Cover_T318 4
Cover_T319 2
Cover_T320 4
Cover_T321 10
Cover_T322 6
Cover_T323 8
Cover_T324 -5.91518e-11
Cover_T325 8
Cover_T326 4
Cover_T327 0
Cover_T328 12
Cover_T329 14
Cover_T330 4
Cover_T331 0
Cover_T332 0
Cover_T333 4
Cover_T334 -8
Cover_T335 0
Cover_T336 -1.92423e-11
Cover_T337 -2
Cover_T338 -4
Cover_T339 -16
Cover_T340 -7.84631e-10
Cover_T341 -36
Cover_T342 2
Cover_T343 8
Cover_T344 24
Cover_T345 10
Cover_T346 52
Cover_T347 8
Cover_T348 12
Cover_T349 12
Cover_T350 10
Cover_T351 14
Cover_T352 12
Cover_T353 12
Cover_T354 8
Cover_T355 -4
Cover_T356 6
Cover_T357 -32
Cover_T358 8
Cover_T359 -32
Cover_T360 24
Cover_T361 12
Cover_T362 52
Cover_T363 14
Cover_T364 52
Cover_T365 6
Cover_T366 8
Cover_T367 -8
Cover_T368 6
Cover_T369 -30
Cover_T370 2
Cover_T371 -46
Cover_T372 4
Cover_T373 2
Cover_T374 20
Cover_T375 -14
Cover_T376 36
Cover_T377 -30
Cover_T378 52
Cover_T379 -46
Cover_T380 4
Cover_T381 -38
Cover_T382 20
Cover_T383 -32
Cover_T384 42
Cover_T385 8
Cover_T386 46
Cover_T387 6
Cover_T388 54
Cover_T389 4
Cover_T390 -8.08882e-11
Cover_T391 -24
Cover_T392 -8
Cover_T393 14
Cover_T394 8
Cover_T395 -2
Cover_T396 22
Cover_T397 -20
Cover_T398 42
Cover_T399 12
Cover_T400 -2
Cover_T401 0
Cover_T402 14
Cover_T403 0
Cover_T404 30
Cover_T405 10
Cover_T406 3.62181e-11
Cover_T407 -8
Cover_T408 8
Cover_T409 -28
Cover_T410 18
Cover_T411 4
Cover_T412 14
Cover_T413 2
Cover_T414 34
Cover_T415 8
Cover_T416 0
Cover_T417 4
Cover_T418 4
Cover_T419 4
Cover_T420 6
Cover_T421 4
Cover_T422 8
Cover_T423 2
Cover_T424 10
Cover_T425 -4
Cover_T426 18
Cover_T427 0
Cover_T428 14
Cover_T429 0
Cover_T430 12
Cover_T431 -16
Cover_T432 2.15785e-10
Cover_T433 -36
Cover_T434 1.53335e-11
Cover_T435 -28
Cover_T436 16
Cover_T437 -48
Cover_T438 38
Cover_T439 -34
Cover_T440 54
Cover_T441 -46
Cover_T442 40
Cover_T443 -2
Cover_T444 52
Cover_T445 -14
Cover_T446 30
Cover_T447 -26
Cover_T448 42
Cover_T449 -38
Cover_T450 54
Cover_T451 -20
Cover_T452 20
Cover_T453 -32
Cover_T454 32
Cover_T455 -46
Cover_T456 36
Cover_T457 -28
Cover_T458 52
Cover_T459 -40
Cover_T460 44
Cover_T461 -8
Cover_T462 66
Cover_T463 -20
Cover_T464 66
Cover_T465 -8
Cover_T466 56
Cover_T467 -6
Cover_T468 72
Cover_T469 -14
Cover_T470 36
Cover_T471 -30
Cover_T472 50
Cover_T473 -14
Cover_T474 48
Cover_T475 -20
Cover_T476 40
Cover_T477 -24
Cover_T478 40
Cover_T479 -28
Cover_T480 32
Cover_T481 -38
Cover_T482 56
Cover_T483 -40
Cover_T484 44
Cover_T485 -40
Cover_T486 46
Cover_T487 -38
Cover_T488 68
Cover_T489 -38
Cover_T490 64
Cover_T491 -38
Cover_T492 64
Cover_T493 -40
Cover_T494 56
Cover_T495 58
Cover_T496 -46
Cover_T497 54
Cover_T498 -42
Cover_T499 60
Cover_T500 -42
Cover_T501 56
Cover_T502 -36
Cover_T503 52
Cover_T504 -38
Cover_T505 52
Cover_T506 -34
Cover_T507 58
Cover_T508 -34
Cover_T509 56
Cover_T510 -12
Cover_T511 56
Cover_T512 -24
Cover_T513 56
Cover_T514 2
Cover_T515 1034
Cover_T516 982
Cover_T517 1024
Cover_T518 978
Cover_T519 1026
Cover_T520 966
Cover_T521 1026
Cover_T522 960
Cover_T523 1010
Cover_T524 978
Cover_T525 1034
Cover_T526 986
Cover_T527 1042
Cover_T528 982
Cover_T529 1012
Cover_T530 976
Cover_T531 1024
Cover_T532 986
Cover_T533 1024
Cover_T534 982
Cover_T535 996
Cover_T536 0
Cover_T537 8
Cover_T538 4
Cover_T539 24
Cover_T540 0
Cover_T541 24
Cover_T542 8
Cover_T543 32
Cover_T544 16
Cover_T545 -2.46188e-11
Cover_T546 -8
Cover_T547 4
Cover_T548 -8
Cover_T549 4
Cover_T550 -8
Cover_T551 14
Cover_T552 -8
Cover_T553 10
Cover_T554 4
Cover_T555 0
Cover_T556 -4
Cover_T557 12
Cover_T558 0
Cover_T559 0
Cover_T560 12
Cover_T561 8
Cover_T562 8
Cover_T563 -4
Cover_T564 6
Cover_T565 12
Cover_T566 -6
Cover_T567 8
Cover_T568 0
Cover_T569 -4
Cover_T570 8
Cover_T571 10
Cover_T572 -4
Cover_T573 -2
Cover_T574 8
Cover_T575 14
Cover_T576 0
Cover_T577 2
Cover_T578 12
Cover_T579 2
Cover_T580 -4
Cover_T581 14
Cover_T582 0
Cover_T583 2
Cover_T584 5.53086e-11
Cover_T585 2
Cover_T586 6
Cover_T587 0
Cover_T588 -2
Cover_T589 -14
Cover_T590 6
Cover_T591 -34
Cover_T592 2
Cover_T593 14
Cover_T594 6
Cover_T595 -6
Cover_T596 8
Cover_T597 6
Cover_T598 18
Cover_T599 -10
Cover_T600 34
Cover_T601 0
Cover_T602 50
Cover_T603 14
Cover_T604 -2
Cover_T605 -3.55362e-11
Cover_T606 14
Cover_T607 14
Cover_T608 0
Cover_T609 -2
Cover_T610 16
Cover_T611 8
Cover_T612 12
Cover_T613 -8
Cover_T614 8
Cover_T615 -36
Cover_T616 6
Cover_T617 -36
Cover_T618 8
Cover_T619 8
Cover_T620 24
Cover_T621 10
Cover_T622 52
Cover_T623 2
Cover_T624 52
Cover_T625 -12
Cover_T626 8
Cover_T627 -40
Cover_T628 6
Cover_T629 1.45668e-10
Cover_T630 6
Cover_T631 -20
Cover_T632 12
Cover_T633 -40
Cover_T634 32
Cover_T635 -36
Cover_T636 52
Cover_T637 -34
Cover_T638 8
Cover_T639 2
Cover_T640 28
Cover_T641 12
Cover_T642 40
Cover_T643 0
Cover_T644 54
Cover_T645 0
Cover_T646 42
Cover_T647 14
Cover_T648 52
Cover_T649 2
Cover_T650 42
Cover_T651 -10
Cover_T652 0
Cover_T653 -22
Cover_T654 0
Cover_T655 -34
Cover_T656 4.69438e-11
Cover_T657 14
Cover_T658 0
Cover_T659 2
Cover_T660 12
Cover_T661 -14
Cover_T662 8
Cover_T663 14
Cover_T664 28
Cover_T665 2
Cover_T666 48
Cover_T667 -10
Cover_T668 8
Cover_T669 -4.28764e-09
Cover_T670 30
Cover_T671 -22
Cover_T672 4
Cover_T673 -38
Cover_T674 6
Cover_T675 10
Cover_T676 8
Cover_T677 10
Cover_T678 20
Cover_T679 0
Cover_T680 6
Cover_T681 8
Cover_T682 18
Cover_T683 -2
Cover_T684 30
Cover_T685 6
Cover_T686 42
Cover_T687 0
Cover_T688 54
Cover_T689 4
Cover_T690 6
Cover_T691 0
Cover_T692 6
Cover_T693 4
Cover_T694 -2
Cover_T695 -12
Cover_T696 12
Cover_T697 -1.27963e-10
Cover_T698 8
Cover_T699 4
Cover_T700 5.39031e-09
Cover_T701 -12
Cover_T702 8
Cover_T703 2
Cover_T704 4
Cover_T705 -4
Cover_T706 20
Cover_T707 -4
Cover_T708 14
Cover_T709 -32
Cover_T710 20
Cover_T711 -32
Cover_T712 8
Cover_T713 -26
Cover_T714 22
Cover_T715 2
Cover_T716 48
Cover_T717 -26
Cover_T718 52
Cover_T719 -24
Cover_T720 56
Cover_T721 -22
Cover_T722 20
Cover_T723 -5.0891e-09
Cover_T724 64
Cover_T725 -6
Cover_T726 54
Cover_T727 -6
Cover_T728 70
Cover_T729 -2
Cover_T730 70
Cover_T731 -2
Cover_T732 86
Cover_T733 -12
Cover_T734 50
Cover_T735 -14
Cover_T736 44
Cover_T737 -22
Cover_T738 60
Cover_T739 -18
Cover_T740 56
Cover_T741 -32
Cover_T742 58
Cover_T743 -32
Cover_T744 58
Cover_T745 -32
Cover_T746 52
Cover_T747 -32
Cover_T748 62
Cover_T749 -44
Cover_T750 58
Cover_T751 -44
Cover_T752 58
Cover_T753 -46
Cover_T754 52
Cover_T755 20
Cover_T756 -2.49969e-10
Cover_T757 16
Cover_T758 6
Cover_T759 6
Cover_T760 4
Cover_T761 44
Cover_T762 6
Cover_T763 32
Cover_T764 0
Cover_T765 14
Cover_T766 0
Cover_T767 96
Cover_T768 24
Cover_T769 82
Cover_T770 16
Cover_T771 64
Cover_T772 20
Cover_T773 996
Cover_T774 1000
Cover_T775 980
Cover_T776 1000
Cover_T777 1074
Cover_T778 1032
Cover_T779 1040
Cover_T780 940
Cover_T781 1064
Cover_T782 954
Cover_T783 1026
Cover_T784 964
Cover_T785 56
Cover_T786 36
Cover_T787 56
Cover_T788 48
Cover_T789 56
Cover_T790 -38
Cover_T791 54
Cover_T792 -34
Cover_T793 48
Cover_T794 -30
Cover_T795 42
Cover_T796 -2
Cover_T797 52
Cover_T798 52
Cover_T799 30
Cover_T800 54
Cover_T801 20
Cover_T802 52
Cover_T803 2.87152e-10
Cover_T804 56
Cover_T805 -28
Cover_T806 0
Cover_T807 0
Cover_T808 0
Cover_T809 26
Cover_T810 14
Cover_T811 48
Cover_T812 36
Cover_T813 28
Cover_T814 54
Cover_T815 22
Cover_T816 26
Cover_T817 12
Cover_T818 0
Cover_T819 34
Cover_T820 -14
Cover_T821 56
Cover_T822 0
Cover_T823 28
Cover_T824 16
Cover_T825 52
Cover_T826 0
Cover_T827 24
Cover_T828 2
Cover_T829 50
Cover_T830 28
Count_D0 -984
Count_D1 -1000
Max_H0_P0 0
Max_H0_P1 0
Max_H0_P2 0
Max_H0_P3 0
Max_H0_P4 0
Max_H0_P5 7.76694e-11
Max_H0_P6 0
Max_H0_P7 0
Max_H0_P8 0
Max_H0_P9 0
Max_H0_P10 0
Max_H0_P11 0
Max_H0_P12 0
Max_H0_P13 0
Max_H0_P14 0
Max_H0_P15 -6.77274e-12
Max_H0_P16 -2.16252e-10
Max_H0_P17 -2.84747e-11
Max_H0_P18 -5.02496e-11
Max_H0_P19 -4.86041e-11
Max_H0_P20 5.39035e-12
Max_H0_P21 1.56312e-11
Max_H0_P22 4.50613e-12
Max_H0_P23 -2.20801e-11
Max_H0_P24 -9.68232e-12
Max_H0_P25 -1.495e-11
Max_H0_P26 -2.0421e-11
Max_H0_P27 1.15567e-12
Max_H0_P28 5.23596e-12
Max_H0_P29 -4.78479e-13
Max_H0_P30 2.75012e-12
Max_H0_P31 7.31671e-12
Max_H0_P32 -1.3513e-11
Max_H0_P33 1.74936e-11
Max_H0_P34 1.80427e-12
Max_H0_P35 -2.31353e-11
Max_H0_P36 -3.63798e-12
Max_H0_P37 2.29328e-12
Max_H0_P38 2.2963e-11
Max_H0_P39 1.25816e-12
Max_H0_P40 -3.33955e-13
Max_H0_P41 -3.07482e-11
Max_H0_P42 -3.13847e-11
Max_H0_P43 0
Max_H0_P44 0
Max_H0_P45 0
Max_H0_P46 0
Max_H0_P47 0
Max_H0_P48 0
Max_H0_P49 0
Max_H0_P50 0
Max_H0_P51 0
Max_H0_P52 0
Max_H0_P53 0
Max_H0_P54 0
Max_H0_P55 0
Max_H0_P56 0
Max_H0_P57 0
Max_H0_P58 0
Max_H0_P59 0
Max_H0_P60 -2.6315e-11
Max_H0_P61 -1.48628e-11
Max_H0_P62 0
Max_H0_P63 0
Max_H0_P64 0
Max_H0_P65 0
Max_H0_P66 0
Max_H0_P67 0
Max_H0_P68 0
Max_H0_P69 0
Max_H0_P70 0
Max_H0_P71 0
Max_H0_P72 0
Max_H0_P73 0
Max_H0_P74 0
Max_H0_P75 0
Max_H0_P76 0
Max_H0_P77 1.38451e-11
Max_H0_P78 0
Max_H0_P79 0
Max_H0_P80 0
Max_H0_P81 0
Max_H1_P0 0
Max_H1_P1 0
Max_H1_P2 0
Max_H1_P3 7.97138e-11
Max_H1_P4 -3.76588e-12
Max_H1_P5 7.20906e-11
Max_H1_P6 0
Max_H1_P7 -5.0757e-11
Max_H1_P8 0
Max_H1_P9 0
Max_H1_P10 0
Max_H1_P11 0
Max_H1_P12 0
Max_H1_P13 0
Max_H1_P14 0
Max_H1_P15 0
Max_H1_P16 -2.06153e-10
Max_H1_P17 -4.02017e-11
Max_H1_P18 -5.77689e-11
Max_H1_P19 -4.63185e-11
Max_H1_P20 2.14838e-12
Max_H1_P21 1.03932e-11
Max_H1_P22 1.1614e-11
Max_H1_P23 -1.32765e-11
Max_H1_P24 -1.17488e-11
Max_H1_P25 -1.05071e-11
Max_H1_P26 -2.1011e-12
Max_H1_P27 8.72458e-12
Max_H1_P28 -1.0985e-11
Max_H1_P29 -1.37652e-11
Max_H1_P30 -3.35376e-12
Max_H1_P31 2.31787e-11
Max_H1_P32 -1.68504e-11
Max_H1_P33 -5.37992e-12
Max_H1_P34 -5.53241e-12
Max_H1_P35 -8.55868e-13
Max_H1_P36 -9.15179e-12
Max_H1_P37 -1.43764e-11
Max_H1_P38 1.10618e-11
Max_H1_P39 -2.66019e-11
Max_H1_P40 1.36922e-11
Max_H1_P41 -4.74302e-12
Max_H1_P42 -8.15525e-12
Max_H1_P43 0
Max_H1_P44 -2.54801e-11
Max_H1_P45 0
Max_H1_P46 0
Max_H1_P47 0
Max_H1_P48 0
Max_H1_P49 0
Max_H1_P50 -3.79221e-12
Max_H1_P51 0
Max_H1_P52 0
Max_H1_P53 0
Max_H1_P54 5.44986e-12
Max_H1_P55 4.00062e-12
Max_H1_P56 0
Max_H1_P57 4.99227e-11
Max_H1_P58 -1.61488e-11
Max_H1_P59 -1.55183e-11
Max_H1_P60 -5.45839e-11
Max_H1_P61 -3.14806e-11
Max_H1_P62 1.09147e-11
Max_H1_P63 0
Max_H1_P64 0
Max_H1_P65 -1.328e-11
Max_H1_P66 0
Max_H1_P67 0
Max_H1_P68 0
Max_H1_P69 0
Max_H1_P70 0
Max_H1_P71 0
Max_H1_P72 0
Max_H1_P73 0
Max_H1_P74 0
Max_H1_P75 0
Max_H1_P76 -1.15641e-11
Max_H1_P77 1.32774e-11
Max_H1_P78 0
Max_H1_P79 0
Max_H1_P80 0
Max_H1_P81 0
