
Branch and bound

  Entire solving process        :                           (Time    209.1)
  No feasible solution was found
  Best relaxation cost          :     63461.08 (Node     0) (Time    209.1)
  Lower bound after cuts        :     63461.08
  End lower bound               :     63461.08
  Deepest level reached         : 0
  Deepest real level reached    : 0
  Number of real nodes solved   : 1
  Stopping condition            : enough nodes explored

Problem identification

  Problem                       : <null>
  Machine                       : oslo2.gerad.lan

Solving process summary

  Linear relaxations            :        1
  Column generation iterations  :      139
  Shortest paths solved         :     8338
  Columns generated             :    63728

Instance characteristics

  Resources                     : 3
  Node types                    : no
  Arc types                     : no
  Strong resource windows       : no
  Weak resource windows         : no
  Resource windows (nodes)      : 3
  Resource values (arcs)        : 3
  Values on nodes               : no

  Rows                          : 997
  Initial columns               : 475
  Tasks                         : 835
  Strong tasks                  : 555
  Weak tasks                    : 4
  Initial task constraints      : no
  Nodes                         : 1163
  Arc sets                      : 1
  Arcs                          : 32373
  Networks                      : 2
  Models                        : 1

Memory used per module (Megs)

  Parser (reused)               :      6.788
  Networks                      :     32.451
  Column generator              :      8.718
  Master problem                :      9.708
  -----------------
  Total                         :     50.877

Cpu time per module (seconds)

  Parser                        :        0.0
  Preprocessor                  :        0.0
  Lr solver manager             :        0.1
  Column generator              :       80.1
    (Shortest path)             :       69.2
  Master problem                :      128.9
  -------------------
  Total (without b&b)           :      209.1

Real elapsed time (seconds)

  Parser                        :        0.0
  Preprocessor                  :        0.0
  Lr solver manager             :        0.2
  Column generator              :       80.1
    (Shortest path)             :       69.3
  Master problem                :      129.1
  -------------------
  Total (without b&b)           :      209.4
