Cover_T0 52
Cover_T1 -52
Cover_T2 52
Cover_T3 -52
Cover_T4 52
Cover_T5 -52
Cover_T6 52
Cover_T7 -52
Cover_T8 52
Cover_T9 -52
Cover_T10 52
Cover_T11 -52
Cover_T12 52
Cover_T13 -52
Cover_T14 52
Cover_T15 -52
Cover_T16 52
Cover_T17 -52
Cover_T18 52
Cover_T19 -52
Cover_T20 52
Cover_T21 -52
Cover_T22 52
Cover_T23 -52
Cover_T24 52
Cover_T25 -52
Cover_T26 52
Cover_T27 -52
Cover_T28 52
Cover_T29 -52
Cover_T30 52
Cover_T31 -52
Cover_T32 52
Cover_T33 -52
Cover_T34 52
Cover_T35 -52
Cover_T36 52
Cover_T37 -46
Cover_T38 52
Cover_T39 -50
Cover_T40 52
Cover_T41 -46
Cover_T42 56
Cover_T43 -50
Cover_T44 52
Cover_T45 -48
Cover_T46 52
Cover_T47 -40
Cover_T48 50
Cover_T49 -22
Cover_T50 54
Cover_T51 -30
Cover_T52 66
Cover_T53 -38
Cover_T54 54
Cover_T55 938
Cover_T56 1002
Cover_T57 934
Cover_T58 990
Cover_T59 926
Cover_T60 1042
Cover_T61 942
Cover_T62 1046
Cover_T63 948
Cover_T64 1038
Cover_T65 948
Cover_T66 1028
Cover_T67 948
Cover_T68 1028
Cover_T69 940
Cover_T70 1044
Cover_T71 948
Cover_T72 64
Cover_T73 4
Cover_T74 72
Cover_T75 12
Cover_T76 72
Cover_T77 -52
Cover_T78 50
Cover_T79 -40
Cover_T80 42
Cover_T81 -44
Cover_T82 26
Cover_T83 -48
Cover_T84 12
Cover_T85 -52
Cover_T86 -1.76803e-09
Cover_T87 -40
Cover_T88 4
Cover_T89 -44
Cover_T90 -8
Cover_T91 -32
Cover_T92 0
Cover_T93 -20
Cover_T94 4
Cover_T95 -8
Cover_T96 4
Cover_T97 6
Cover_T98 -4
Cover_T99 6
Cover_T100 8
Cover_T101 2
Cover_T102 8
Cover_T103 2
Cover_T104 -8
Cover_T105 6
Cover_T106 6
Cover_T107 0
Cover_T108 -10
Cover_T109 2
Cover_T110 -26
Cover_T111 2
Cover_T112 -44
Cover_T113 22
Cover_T114 6
Cover_T115 12
Cover_T116 8
Cover_T117 32
Cover_T118 50
Cover_T119 52
Cover_T120 46
Cover_T121 2
Cover_T122 50
Cover_T123 -3.83324e-10
Cover_T124 32
Cover_T125 -46
Cover_T126 16
Cover_T127 -46
Cover_T128 1.638e-09
Cover_T129 -30
Cover_T130 52
Cover_T131 -38
Cover_T132 36
Cover_T133 -22
Cover_T134 20
Cover_T135 -6
Cover_T136 40
Cover_T137 10
Cover_T138 48
Cover_T139 -40
Cover_T140 28
Cover_T141 -20
Cover_T142 8
Cover_T143 -36
Cover_T144 -12
Cover_T145 -40
Cover_T146 -32
Cover_T147 -20
Cover_T148 8
Cover_T149 -8.0919e-11
Cover_T150 8
Cover_T151 18
Cover_T152 10
Cover_T153 34
Cover_T154 -2
Cover_T155 50
Cover_T156 -18
Cover_T157 6
Cover_T158 -34
Cover_T159 2
Cover_T160 -50
Cover_T161 -1.91616e-10
Cover_T162 -42
Cover_T163 12
Cover_T164 6
Cover_T165 28
Cover_T166 0
Cover_T167 40
Cover_T168 2
Cover_T169 52
Cover_T170 -8
Cover_T171 40
Cover_T172 -20
Cover_T173 52
Cover_T174 -32
Cover_T175 0
Cover_T176 -44
Cover_T177 4
Cover_T178 -36
Cover_T179 2
Cover_T180 -48
Cover_T181 12
Cover_T182 -48
Cover_T183 24
Cover_T184 -44
Cover_T185 36
Cover_T186 -38
Cover_T187 52
Cover_T188 12
Cover_T189 48
Cover_T190 8
Cover_T191 54
Cover_T192 16
Cover_T193 54
Cover_T194 7.96007e-10
Cover_T195 50
Cover_T196 4
Cover_T197 6
Cover_T198 2
Cover_T199 8
Cover_T200 20
Cover_T201 2
Cover_T202 4
Cover_T203 12
Cover_T204 48
Cover_T205 24
Cover_T206 46
Cover_T207 40
Cover_T208 30
Cover_T209 50
Cover_T210 0
Cover_T211 58
Cover_T212 40
Cover_T213 18
Cover_T214 40
Cover_T215 26
Cover_T216 26
Cover_T217 36
Cover_T218 34
Cover_T219 44
Cover_T220 -2
Cover_T221 52
Cover_T222 -10
Cover_T223 60
Cover_T224 -10
Cover_T225 22
Cover_T226 -6
Cover_T227 30
Cover_T228 -6
Cover_T229 20
Cover_T230 -8
Cover_T231 22
Cover_T232 -8
Cover_T233 20
Cover_T234 -8
Cover_T235 22
Cover_T236 -8
Cover_T237 22
Cover_T238 -10
Cover_T239 32
Cover_T240 -12
Cover_T241 40
Cover_T242 -12
Cover_T243 24
Cover_T244 -12
Cover_T245 32
Cover_T246 -14
Cover_T247 24
Cover_T248 -14
Cover_T249 24
Cover_T250 -22
Cover_T251 20
Cover_T252 -36
Cover_T253 24
Cover_T254 -42
Cover_T255 28
Cover_T256 -20
Cover_T257 28
Cover_T258 -20
Cover_T259 32
Cover_T260 -20
Cover_T261 48
Cover_T262 -22
Cover_T263 54
Cover_T264 -38
Cover_T265 32
Cover_T266 -18
Cover_T267 32
Cover_T268 -34
Cover_T269 32
Cover_T270 -50
Cover_T271 32
Cover_T272 -42
Cover_T273 50
Cover_T274 -20
Cover_T275 30
Cover_T276 -18
Cover_T277 42
Cover_T278 -22
Cover_T279 54
Cover_T280 -18
Cover_T281 44
Cover_T282 -20
Cover_T283 54
Cover_T284 -24
Cover_T285 30
Cover_T286 -34
Cover_T287 28
Cover_T288 -46
Cover_T289 32
Cover_T290 -30
Cover_T291 32
Cover_T292 -44
Cover_T293 32
Cover_T294 -24
Cover_T295 38
Cover_T296 -32
Cover_T297 48
Cover_T298 -44
Cover_T299 62
Cover_T300 -26
Cover_T301 48
Cover_T302 -28
Cover_T303 62
Cover_T304 -28
Cover_T305 48
Cover_T306 -26
Cover_T307 56
Cover_T308 -24
Cover_T309 68
Cover_T310 -28
Cover_T311 54
Cover_T312 -28
Cover_T313 52
Cover_T314 -34
Cover_T315 54
Cover_T316 -40
Cover_T317 44
Cover_T318 -40
Cover_T319 56
Cover_T320 -44
Cover_T321 60
Cover_T322 -44
Cover_T323 52
Cover_T324 52
Cover_T325 -52
Cover_T326 52
Cover_T327 -52
Cover_T328 52
Cover_T329 -52
Cover_T330 52
Cover_T331 -52
Cover_T332 52
Cover_T333 -52
Cover_T334 52
Cover_T335 -52
Cover_T336 52
Cover_T337 -52
Cover_T338 52
Cover_T339 -52
Cover_T340 56
Cover_T341 -52
Cover_T342 54
Cover_T343 -46
Cover_T344 54
Cover_T345 -46
Cover_T346 54
Cover_T347 -46
Cover_T348 54
Cover_T349 -50
Cover_T350 58
Cover_T351 -40
Cover_T352 54
Cover_T353 -22
Cover_T354 58
Cover_T355 -30
Cover_T356 66
Cover_T357 -38
Cover_T358 58
Cover_T359 942
Cover_T360 1002
Cover_T361 934
Cover_T362 994
Cover_T363 922
Cover_T364 1036
Cover_T365 942
Cover_T366 1024
Cover_T367 944
Cover_T368 1024
Cover_T369 936
Cover_T370 1040
Cover_T371 944
Cover_T372 52
Cover_T373 1.75532e-10
Cover_T374 68
Cover_T375 8
Cover_T376 76
Cover_T377 -44
Cover_T378 60
Cover_T379 -42
Cover_T380 54
Cover_T381 -42
Cover_T382 38
Cover_T383 -50
Cover_T384 22
Cover_T385 -42
Cover_T386 -1.82463e-09
Cover_T387 -42
Cover_T388 0
Cover_T389 -26
Cover_T390 4
Cover_T391 -10
Cover_T392 4
Cover_T393 4
Cover_T394 4
Cover_T395 8.8221e-11
Cover_T396 0
Cover_T397 12
Cover_T398 2
Cover_T399 4
Cover_T400 4
Cover_T401 -5.87884e-11
Cover_T402 8
Cover_T403 0
Cover_T404 -4
Cover_T405 4
Cover_T406 -16
Cover_T407 2
Cover_T408 2
Cover_T409 0
Cover_T410 -10
Cover_T411 -4
Cover_T412 -22
Cover_T413 10
Cover_T414 -38
Cover_T415 -4
Cover_T416 5.19833e-11
Cover_T417 12
Cover_T418 3.8176e-10
Cover_T419 28
Cover_T420 6
Cover_T421 44
Cover_T422 52
Cover_T423 6
Cover_T424 52
Cover_T425 6
Cover_T426 36
Cover_T427 0
Cover_T428 42
Cover_T429 -42
Cover_T430 22
Cover_T431 -38
Cover_T432 2
Cover_T433 -42
Cover_T434 50
Cover_T435 -22
Cover_T436 30
Cover_T437 -2
Cover_T438 46
Cover_T439 -50
Cover_T440 52
Cover_T441 -34
Cover_T442 36
Cover_T443 -18
Cover_T444 20
Cover_T445 -38
Cover_T446 4
Cover_T447 -46
Cover_T448 -12
Cover_T449 -30
Cover_T450 -28
Cover_T451 -14
Cover_T452 -44
Cover_T453 2
Cover_T454 0
Cover_T455 20
Cover_T456 0
Cover_T457 40
Cover_T458 0
Cover_T459 6.95479e-11
Cover_T460 -18
Cover_T461 3.75231e-10
Cover_T462 -38
Cover_T463 -1.26192e-11
Cover_T464 -34
Cover_T465 18
Cover_T466 10
Cover_T467 36
Cover_T468 2
Cover_T469 52
Cover_T470 0
Cover_T471 44
Cover_T472 -14
Cover_T473 -4
Cover_T474 -30
Cover_T475 4
Cover_T476 -46
Cover_T477 6
Cover_T478 -42
Cover_T479 20
Cover_T480 -46
Cover_T481 36
Cover_T482 -44
Cover_T483 48
Cover_T484 -36
Cover_T485 40
Cover_T486 -48
Cover_T487 52
Cover_T488 6
Cover_T489 54
Cover_T490 6
Cover_T491 50
Cover_T492 18
Cover_T493 42
Cover_T494 6
Cover_T495 54
Cover_T496 2
Cover_T497 0
Cover_T498 2
Cover_T499 6
Cover_T500 4
Cover_T501 -6
Cover_T502 24
Cover_T503 14
Cover_T504 8
Cover_T505 12
Cover_T506 46
Cover_T507 22
Cover_T508 48
Cover_T509 18
Cover_T510 30
Cover_T511 18
Cover_T512 12
Cover_T513 10
Cover_T514 36
Cover_T515 14
Cover_T516 22
Cover_T517 16
Cover_T518 -4
Cover_T519 56
Cover_T520 -18
Cover_T521 12
Cover_T522 4
Cover_T523 14
Cover_T524 -12
Cover_T525 24
Cover_T526 -16
Cover_T527 22
Cover_T528 -12
Cover_T529 36
Cover_T530 -18
Cover_T531 18
Cover_T532 -18
Cover_T533 20
Cover_T534 -16
Cover_T535 18
Cover_T536 -16
Cover_T537 20
Cover_T538 -28
Cover_T539 26
Cover_T540 -40
Cover_T541 26
Cover_T542 -42
Cover_T543 22
Cover_T544 -16
Cover_T545 22
Cover_T546 -28
Cover_T547 34
Cover_T548 -24
Cover_T549 48
Cover_T550 -26
Cover_T551 54
Cover_T552 -26
Cover_T553 32
Cover_T554 -42
Cover_T555 32
Cover_T556 -22
Cover_T557 32
Cover_T558 -38
Cover_T559 32
Cover_T560 -30
Cover_T561 48
Cover_T562 -46
Cover_T563 28
Cover_T564 -20
Cover_T565 38
Cover_T566 -18
Cover_T567 44
Cover_T568 -20
Cover_T569 54
Cover_T570 -20
Cover_T571 38
Cover_T572 -18
Cover_T573 44
Cover_T574 -20
Cover_T575 56
Cover_T576 -18
Cover_T577 26
Cover_T578 -18
Cover_T579 20
Cover_T580 -26
Cover_T581 26
Cover_T582 -32
Cover_T583 26
Cover_T584 -40
Cover_T585 22
Cover_T586 -48
Cover_T587 28
Cover_T588 -30
Cover_T589 26
Cover_T590 -38
Cover_T591 26
Cover_T592 -46
Cover_T593 36
Cover_T594 -22
Cover_T595 40
Cover_T596 -26
Cover_T597 48
Cover_T598 -34
Cover_T599 60
Cover_T600 -44
Cover_T601 46
Cover_T602 -22
Cover_T603 46
Cover_T604 -30
Cover_T605 60
Cover_T606 -26
Cover_T607 42
Cover_T608 -22
Cover_T609 38
Cover_T610 -32
Cover_T611 56
Cover_T612 -26
Cover_T613 68
Cover_T614 -32
Cover_T615 38
Cover_T616 -26
Cover_T617 50
Cover_T618 -30
Cover_T619 48
Cover_T620 -36
Cover_T621 42
Cover_T622 -30
Cover_T623 54
Cover_T624 -40
Cover_T625 50
Cover_T626 -40
Cover_T627 52
Cover_T628 -40
Cover_T629 54
Cover_T630 -44
Cover_T631 48
Cover_T632 -40
Cover_T633 56
Cover_T634 -44
Cover_T635 60
Cover_T636 -44
Cover_T637 60
Cover_T638 -44
Cover_T639 60
Cover_T640 -44
Cover_T641 56
Cover_T642 -44
Cover_T643 56
Cover_T644 52
Cover_T645 -52
Cover_T646 52
Cover_T647 -52
Cover_T648 54
Cover_T649 -52
Cover_T650 52
Cover_T651 -50
Cover_T652 52
Cover_T653 -50
Cover_T654 52
Cover_T655 -50
Cover_T656 52
Cover_T657 -46
Cover_T658 52
Cover_T659 -50
Cover_T660 56
Cover_T661 -44
Cover_T662 52
Cover_T663 -30
Cover_T664 66
Cover_T665 -38
Cover_T666 58
Cover_T667 942
Cover_T668 1002
Cover_T669 934
Cover_T670 994
Cover_T671 926
Cover_T672 1046
Cover_T673 942
Cover_T674 1052
Cover_T675 948
Cover_T676 1044
Cover_T677 948
Cover_T678 1052
Cover_T679 944
Cover_T680 1034
Cover_T681 948
Cover_T682 1024
Cover_T683 944
Cover_T684 1032
Cover_T685 936
Cover_T686 1040
Cover_T687 944
Cover_T688 52
Cover_T689 0
Cover_T690 68
Cover_T691 8
Cover_T692 68
Cover_T693 -44
Cover_T694 44
Cover_T695 -42
Cover_T696 22
Cover_T697 -42
Cover_T698 6
Cover_T699 -50
Cover_T700 6
Cover_T701 -42
Cover_T702 4
Cover_T703 -42
Cover_T704 4
Cover_T705 -26
Cover_T706 -3.47075e-10
Cover_T707 -10
Cover_T708 6
Cover_T709 4
Cover_T710 8
Cover_T711 -1.30775e-10
Cover_T712 12
Cover_T713 12
Cover_T714 0
Cover_T715 4
Cover_T716 -12
Cover_T717 0
Cover_T718 6
Cover_T719 -1.37334e-11
Cover_T720 -6
Cover_T721 4
Cover_T722 -18
Cover_T723 2
Cover_T724 -30
Cover_T725 2.77431e-10
Cover_T726 -42
Cover_T727 -4
Cover_T728 0
Cover_T729 6
Cover_T730 8
Cover_T731 14
Cover_T732 0
Cover_T733 22
Cover_T734 0
Cover_T735 2.42063e-09
Cover_T736 6
Cover_T737 8
Cover_T738 4
Cover_T739 16
Cover_T740 52
Cover_T741 24
Cover_T742 44
Cover_T743 32
Cover_T744 52
Cover_T745 40
Cover_T746 44
Cover_T747 48
Cover_T748 36
Cover_T749 2
Cover_T750 52
Cover_T751 -6
Cover_T752 44
Cover_T753 2
Cover_T754 36
Cover_T755 2
Cover_T756 28
Cover_T757 -4
Cover_T758 20
Cover_T759 0
Cover_T760 8
Cover_T761 -44
Cover_T762 -4
Cover_T763 -48
Cover_T764 52
Cover_T765 -36
Cover_T766 40
Cover_T767 -48
Cover_T768 28
Cover_T769 -36
Cover_T770 52
Cover_T771 -24
Cover_T772 40
Cover_T773 -12
Cover_T774 52
Cover_T775 -1.59676e-09
Cover_T776 40
Cover_T777 12
Cover_T778 28
Cover_T779 -40
Cover_T780 8
Cover_T781 -20
Cover_T782 -12
Cover_T783 -36
Cover_T784 -32
Cover_T785 -40
Cover_T786 8
Cover_T787 -20
Cover_T788 8
Cover_T789 -1.1548e-10
Cover_T790 6
Cover_T791 18
Cover_T792 -6
Cover_T793 34
Cover_T794 -22
Cover_T795 50
Cover_T796 -38
Cover_T797 6
Cover_T798 -30
Cover_T799 2
Cover_T800 -46
Cover_T801 0
Cover_T802 2
Cover_T803 12
Cover_T804 8
Cover_T805 28
Cover_T806 -6
Cover_T807 44
Cover_T808 -22
Cover_T809 36
Cover_T810 -38
Cover_T811 52
Cover_T812 -34
Cover_T813 4
Cover_T814 -50
Cover_T815 -2
Cover_T816 -38
Cover_T817 12
Cover_T818 -34
Cover_T819 28
Cover_T820 -50
Cover_T821 40
Cover_T822 8
Cover_T823 48
Cover_T824 6
Cover_T825 36
Cover_T826 4
Cover_T827 46
Cover_T828 20
Cover_T829 54
Cover_T830 12
Cover_T831 50
Cover_T832 4
Cover_T833 42
Cover_T834 4
Cover_T835 50
Cover_T836 8
Cover_T837 38
Cover_T838 0
Cover_T839 52
Cover_T840 6
Cover_T841 56
Cover_T842 -2
Cover_T843 0
Cover_T844 24
Cover_T845 0
Cover_T846 16
Cover_T847 6
Cover_T848 8
Cover_T849 -1.62231e-10
Cover_T850 0
Cover_T851 0
Cover_T852 52
Cover_T853 8
Cover_T854 44
Cover_T855 16
Cover_T856 52
Cover_T857 4
Cover_T858 44
Cover_T859 34
Cover_T860 30
Cover_T861 20
Cover_T862 26
Cover_T863 64
Cover_T864 16
Cover_T865 38
Cover_T866 10
Cover_T867 38
Cover_T868 46
Cover_T869 58
Cover_T870 28
Cover_T871 58
Cover_T872 44
Cover_T873 0
Cover_T874 44
Cover_T875 22
Cover_T876 36
Cover_T877 16
Cover_T878 44
Cover_T879 24
Cover_T880 22
Cover_T881 34
Cover_T882 22
Cover_T883 44
Cover_T884 -6
Cover_T885 60
Cover_T886 -6
Cover_T887 24
Cover_T888 -2
Cover_T889 18
Cover_T890 4
Cover_T891 16
Cover_T892 -12
Cover_T893 22
Cover_T894 -8
Cover_T895 26
Cover_T896 -12
Cover_T897 36
Cover_T898 -12
Cover_T899 26
Cover_T900 -12
Cover_T901 40
Cover_T902 -14
Cover_T903 24
Cover_T904 -32
Cover_T905 24
Cover_T906 -38
Cover_T907 24
Cover_T908 -16
Cover_T909 20
Cover_T910 -16
Cover_T911 20
Cover_T912 -16
Cover_T913 24
Cover_T914 -16
Cover_T915 40
Cover_T916 -32
Cover_T917 42
Cover_T918 -44
Cover_T919 54
Cover_T920 -20
Cover_T921 28
Cover_T922 -32
Cover_T923 24
Cover_T924 -44
Cover_T925 20
Cover_T926 -32
Cover_T927 32
Cover_T928 -44
Cover_T929 30
Cover_T930 -18
Cover_T931 42
Cover_T932 -18
Cover_T933 52
Cover_T934 -18
Cover_T935 30
Cover_T936 -18
Cover_T937 50
Cover_T938 -20
Cover_T939 48
Cover_T940 -38
Cover_T941 32
Cover_T942 -30
Cover_T943 28
Cover_T944 -18
Cover_T945 36
Cover_T946 -36
Cover_T947 44
Cover_T948 -22
Cover_T949 56
Cover_T950 -20
Cover_T951 70
Cover_T952 -22
Cover_T953 56
Cover_T954 -24
Cover_T955 72
Cover_T956 -22
Cover_T957 52
Cover_T958 -24
Cover_T959 60
Cover_T960 -24
Cover_T961 72
Cover_T962 -26
Cover_T963 54
Cover_T964 -28
Cover_T965 52
Cover_T966 -30
Cover_T967 58
Cover_T968 -36
Cover_T969 54
Cover_T970 -36
Cover_T971 56
Cover_T972 -36
Cover_T973 58
Cover_T974 -40
Cover_T975 56
Cover_T976 -40
Cover_T977 60
Cover_T978 -44
Cover_T979 60
Cover_T980 -44
Cover_T981 60
Cover_T982 -44
Cover_T983 60
Cover_T984 -44
Cover_T985 56
Cover_T986 -44
Cover_T987 56
Cover_T988 6
Cover_T989 -4
Cover_T990 4
Cover_T991 -4
Cover_T992 4
Cover_T993 -4
Cover_T994 16
Cover_T995 2
Cover_T996 34
Cover_T997 0
Cover_T998 18
Cover_T999 2
Cover_T1000 14
Cover_T1001 4
Cover_T1002 10
Cover_T1003 24
Cover_T1004 20
Cover_T1005 10
Cover_T1006 8
Cover_T1007 964
Cover_T1008 1004
Cover_T1009 964
Cover_T1010 1040
Cover_T1011 988
Cover_T1012 1048
Cover_T1013 996
Cover_T1014 1030
Cover_T1015 996
Cover_T1016 1030
Cover_T1017 978
Cover_T1018 1042
Cover_T1019 994
Cover_T1020 66
Cover_T1021 0
Cover_T1022 66
Cover_T1023 -34
Cover_T1024 40
Cover_T1025 -28
Cover_T1026 50
Cover_T1027 52
Cover_T1028 -4
Cover_T1029 52
Cover_T1030 -32
Cover_T1031 52
Cover_T1032 -36
Cover_T1033 58
Cover_T1034 -34
Cover_T1035 40
Cover_T1036 0
Cover_T1037 58
Cover_T1038 34
Cover_T1039 58
Cover_T1040 26
Cover_T1041 42
Cover_T1042 18
Cover_T1043 58
Cover_T1044 8
Cover_T1045 58
Cover_T1046 0
Cover_T1047 80
Cover_T1048 52
Cover_T1049 58
Cover_T1050 96
Cover_T1051 102
Cover_T1052 80
Cover_T1053 106
Cover_T1054 96
Cover_T1055 54
Cover_T1056 78
Cover_T1057 32
Cover_T1058 96
Cover_T1059 32
Cover_T1060 78
Cover_T1061 34
Cover_T1062 78
Cover_T1063 58
Cover_T1064 48
Cover_T1065 66
Cover_T1066 48
Cover_T1067 -28
Cover_T1068 0
Cover_T1069 -18
Cover_T1070 48
Cover_T1071 -24
Cover_T1072 34
Cover_T1073 -2
Cover_T1074 16
Cover_T1075 20
Cover_T1076 32
Cover_T1077 34
Cover_T1078 0
Cover_T1079 4
Cover_T1080 30
Cover_T1081 14
Count_D0 -984
Count_D1 -1000
Max_H0_P0 0
Max_H0_P1 0
Max_H0_P2 0
Max_H0_P3 0
Max_H0_P4 0
Max_H0_P5 -1.9825e-10
Max_H0_P6 -2.13589e-11
Max_H0_P7 0
Max_H0_P8 0
Max_H0_P9 -2.52125e-10
Max_H0_P10 0
Max_H0_P11 0
Max_H0_P12 0
Max_H0_P13 0
Max_H0_P14 0
Max_H0_P15 -2.58374e-11
Max_H0_P16 1.84233e-10
Max_H0_P17 2.47929e-10
Max_H0_P18 3.06283e-10
Max_H0_P19 2.44028e-10
Max_H0_P20 1.14994e-10
Max_H0_P21 1.74133e-11
Max_H0_P22 -7.30438e-11
Max_H0_P23 3.88809e-11
Max_H0_P24 1.02334e-10
Max_H0_P25 1.05703e-10
Max_H0_P26 -1.79785e-11
Max_H0_P27 -2.02203e-11
Max_H0_P28 -6.53089e-11
Max_H0_P29 3.52216e-11
Max_H0_P30 -8.39175e-11
Max_H0_P31 -4.72249e-11
Max_H0_P32 -8.91274e-12
Max_H0_P33 -1.47688e-10
Max_H0_P34 -1.01749e-10
Max_H0_P35 -2.37458e-11
Max_H0_P36 -3.8213e-11
Max_H0_P37 -1.91676e-10
Max_H0_P38 1.81873e-13
Max_H0_P39 4.15454e-11
Max_H0_P40 5.66869e-11
Max_H0_P41 1.53889e-11
Max_H0_P42 -1.4407e-10
Max_H0_P43 2.53664e-11
Max_H0_P44 -3.65503e-11
Max_H0_P45 -2.18073e-11
Max_H0_P46 0
Max_H0_P47 0
Max_H0_P48 0
Max_H0_P49 0
Max_H0_P50 0
Max_H0_P51 0
Max_H0_P52 0
Max_H0_P53 0
Max_H0_P54 0
Max_H0_P55 8.58336e-11
Max_H0_P56 -2
Max_H0_P57 0
Max_H0_P58 0
Max_H0_P59 5.70921e-11
Max_H0_P60 1.73259e-11
Max_H0_P61 -1.6157e-10
Max_H0_P62 0
Max_H0_P63 0
Max_H0_P64 0
Max_H0_P65 0
Max_H0_P66 0
Max_H0_P67 0
Max_H0_P68 0
Max_H0_P69 0
Max_H0_P70 0
Max_H0_P71 0
Max_H0_P72 0
Max_H0_P73 0
Max_H0_P74 0
Max_H0_P75 0
Max_H0_P76 0
Max_H0_P77 -4.86438e-11
Max_H0_P78 5.28644e-11
Max_H0_P79 0
Max_H0_P80 0
Max_H0_P81 0
Max_H1_P0 0
Max_H1_P1 0
Max_H1_P2 -4.41234e-11
Max_H1_P3 1.51985e-10
Max_H1_P4 0
Max_H1_P5 -1.3755e-10
Max_H1_P6 -8.78249e-11
Max_H1_P7 0
Max_H1_P8 0
Max_H1_P9 -1.42347e-10
Max_H1_P10 0
Max_H1_P11 0
Max_H1_P12 0
Max_H1_P13 0
Max_H1_P14 0
Max_H1_P15 9.42464e-11
Max_H1_P16 2.79337e-10
Max_H1_P17 1.77845e-10
Max_H1_P18 3.39001e-10
Max_H1_P19 1.5978e-10
Max_H1_P20 1.67477e-10
Max_H1_P21 1.40723e-11
Max_H1_P22 1.01323e-11
Max_H1_P23 -2.29026e-11
Max_H1_P24 5.44304e-11
Max_H1_P25 3.13838e-11
Max_H1_P26 -9.96039e-11
Max_H1_P27 -9.12728e-11
Max_H1_P28 -2.96696e-11
Max_H1_P29 -3.56977e-11
Max_H1_P30 -6.84697e-11
Max_H1_P31 -5.97511e-11
Max_H1_P32 -7.12816e-11
Max_H1_P33 -1.22842e-10
Max_H1_P34 -5.43238e-11
Max_H1_P35 -5.85754e-11
Max_H1_P36 3.597e-11
Max_H1_P37 -6.44535e-11
Max_H1_P38 -2.10889e-11
Max_H1_P39 -4.26326e-11
Max_H1_P40 1.34492e-10
Max_H1_P41 2.4122e-11
Max_H1_P42 8.98694e-11
Max_H1_P43 8.47677e-11
Max_H1_P44 0
Max_H1_P45 0
Max_H1_P46 0
Max_H1_P47 0
Max_H1_P48 0
Max_H1_P49 0
Max_H1_P50 0
Max_H1_P51 0
Max_H1_P52 -1.21969e-11
Max_H1_P53 0
Max_H1_P54 0
Max_H1_P55 0
Max_H1_P56 -2
Max_H1_P57 0
Max_H1_P58 6.41167e-11
Max_H1_P59 1.95588e-10
Max_H1_P60 6.9118e-11
Max_H1_P61 -1.98654e-10
Max_H1_P62 -4.92761e-12
Max_H1_P63 0
Max_H1_P64 0
Max_H1_P65 -3.87501e-11
Max_H1_P66 0
Max_H1_P67 0
Max_H1_P68 0
Max_H1_P69 0
Max_H1_P70 0
Max_H1_P71 0
Max_H1_P72 0
Max_H1_P73 0
Max_H1_P74 0
Max_H1_P75 0
Max_H1_P76 0
Max_H1_P77 -7.92255e-12
Max_H1_P78 2.86619e-11
Max_H1_P79 -5.95719e-11
Max_H1_P80 0
Max_H1_P81 0
