Cover_T0 52
Cover_T1 -52
Cover_T2 52
Cover_T3 -52
Cover_T4 52
Cover_T5 -52
Cover_T6 52
Cover_T7 -52
Cover_T8 52
Cover_T9 -52
Cover_T10 54
Cover_T11 -50
Cover_T12 60
Cover_T13 -44
Cover_T14 60
Cover_T15 -44
Cover_T16 60
Cover_T17 -42
Cover_T18 58
Cover_T19 -38
Cover_T20 56
Cover_T21 -40
Cover_T22 62
Cover_T23 -28
Cover_T24 58
Cover_T25 -26
Cover_T26 1000
Cover_T27 918
Cover_T28 982
Cover_T29 890
Cover_T30 966
Cover_T31 932
Cover_T32 1040
Cover_T33 950
Cover_T34 1036
Cover_T35 2
Cover_T36 76
Cover_T37 20
Cover_T38 40
Cover_T39 36
Cover_T40 44
Cover_T41 -48
Cover_T42 16
Cover_T43 -24
Cover_T44 50
Cover_T45 -9.37689e-10
Cover_T46 12
Cover_T47 10
Cover_T48 -12
Cover_T49 10
Cover_T50 18
Cover_T51 -10
Cover_T52 0
Cover_T53 18
Cover_T54 -4
Cover_T55 -10
Cover_T56 2
Cover_T57 8
Cover_T58 -2
Cover_T59 10
Cover_T60 0
Cover_T61 0
Cover_T62 14
Cover_T63 0
Cover_T64 4
Cover_T65 -2
Cover_T66 4
Cover_T67 22
Cover_T68 46
Cover_T69 -4
Cover_T70 18
Cover_T71 3.6918e-11
Cover_T72 8
Cover_T73 -38
Cover_T74 42
Cover_T75 -10
Cover_T76 14
Cover_T77 4
Cover_T78 -22
Cover_T79 -22
Cover_T80 28
Cover_T81 14
Cover_T82 -8
Cover_T83 50
Cover_T84 0
Cover_T85 -12
Cover_T86 22
Cover_T87 12
Cover_T88 -2
Cover_T89 36
Cover_T90 -26
Cover_T91 22
Cover_T92 44
Cover_T93 0
Cover_T94 14
Cover_T95 36
Cover_T96 -20
Cover_T97 -22
Cover_T98 16
Cover_T99 12
Cover_T100 -6
Cover_T101 44
Cover_T102 -30
Cover_T103 0
Cover_T104 4
Cover_T105 38
Cover_T106 8
Cover_T107 52
Cover_T108 50
Cover_T109 82
Cover_T110 32
Cover_T111 16
Cover_T112 42
Cover_T113 44
Cover_T114 22
Cover_T115 8
Cover_T116 14
Cover_T117 10
Cover_T118 20
Cover_T119 18
Cover_T120 -4
Cover_T121 1.3229e-09
Cover_T122 -24
Cover_T123 28
Cover_T124 6
Cover_T125 12
Cover_T126 10
Cover_T127 32
Cover_T128 -1.66328e-09
Cover_T129 52
Cover_T130 -10
Cover_T131 30
Cover_T132 0
Cover_T133 24
Cover_T134 -8
Cover_T135 30
Cover_T136 -10
Cover_T137 26
Cover_T138 -10
Cover_T139 30
Cover_T140 -14
Cover_T141 18
Cover_T142 -14
Cover_T143 16
Cover_T144 -30
Cover_T145 16
Cover_T146 -18
Cover_T147 22
Cover_T148 -16
Cover_T149 44
Cover_T150 -16
Cover_T151 30
Cover_T152 -24
Cover_T153 28
Cover_T154 -16
Cover_T155 28
Cover_T156 -20
Cover_T157 40
Cover_T158 -20
Cover_T159 32
Cover_T160 -20
Cover_T161 34
Cover_T162 -20
Cover_T163 36
Cover_T164 -24
Cover_T165 44
Cover_T166 -28
Cover_T167 46
Cover_T168 -26
Cover_T169 56
Cover_T170 -28
Cover_T171 64
Cover_T172 -30
Cover_T173 62
Cover_T174 -40
Cover_T175 52
Cover_T176 -52
Cover_T177 54
Cover_T178 -50
Cover_T179 62
Cover_T180 -44
Cover_T181 54
Cover_T182 -48
Cover_T183 62
Cover_T184 -38
Cover_T185 54
Cover_T186 -36
Cover_T187 50
Cover_T188 -30
Cover_T189 994
Cover_T190 916
Cover_T191 980
Cover_T192 936
Cover_T193 962
Cover_T194 928
Cover_T195 1030
Cover_T196 -3.82382e-10
Cover_T197 88
Cover_T198 18
Cover_T199 52
Cover_T200 32
Cover_T201 42
Cover_T202 -36
Cover_T203 8
Cover_T204 -30
Cover_T205 14
Cover_T206 -6
Cover_T207 30
Cover_T208 4
Cover_T209 6
Cover_T210 4
Cover_T211 -18
Cover_T212 -20
Cover_T213 14
Cover_T214 4
Cover_T215 1.55739e-10
Cover_T216 28
Cover_T217 0
Cover_T218 -4
Cover_T219 10
Cover_T220 10
Cover_T221 10
Cover_T222 12
Cover_T223 8
Cover_T224 6
Cover_T225 -20
Cover_T226 10
Cover_T227 4
Cover_T228 12
Cover_T229 0
Cover_T230 0
Cover_T231 42
Cover_T232 10
Cover_T233 18
Cover_T234 10
Cover_T235 12
Cover_T236 -32
Cover_T237 50
Cover_T238 -8
Cover_T239 26
Cover_T240 5.29212e-11
Cover_T241 -2
Cover_T242 -34
Cover_T243 -30
Cover_T244 -6
Cover_T245 28
Cover_T246 22
Cover_T247 -1.07448e-10
Cover_T248 50
Cover_T249 -32
Cover_T250 0
Cover_T251 16
Cover_T252 36
Cover_T253 -20
Cover_T254 -12
Cover_T255 40
Cover_T256 16
Cover_T257 16
Cover_T258 40
Cover_T259 -6
Cover_T260 -30
Cover_T261 -30
Cover_T262 -6
Cover_T263 18
Cover_T264 16
Cover_T265 -12
Cover_T266 56
Cover_T267 -36
Cover_T268 20
Cover_T269 18
Cover_T270 64
Cover_T271 44
Cover_T272 42
Cover_T273 34
Cover_T274 28
Cover_T275 32
Cover_T276 0
Cover_T277 0
Cover_T278 0
Cover_T279 2
Cover_T280 12
Cover_T281 14
Cover_T282 30
Cover_T283 -14
Cover_T284 22
Cover_T285 4.51703e-10
Cover_T286 24
Cover_T287 14
Cover_T288 64
Cover_T289 2
Cover_T290 42
Cover_T291 0
Cover_T292 30
Cover_T293 -3.37487e-09
Cover_T294 32
Cover_T295 -10
Cover_T296 26
Cover_T297 -10
Cover_T298 26
Cover_T299 -14
Cover_T300 14
Cover_T301 -14
Cover_T302 16
Cover_T303 -16
Cover_T304 16
Cover_T305 -40
Cover_T306 16
Cover_T307 -26
Cover_T308 32
Cover_T309 -20
Cover_T310 56
Cover_T311 -16
Cover_T312 30
Cover_T313 -16
Cover_T314 24
Cover_T315 -36
Cover_T316 20
Cover_T317 -16
Cover_T318 20
Cover_T319 -40
Cover_T320 36
Cover_T321 -32
Cover_T322 20
Cover_T323 -24
Cover_T324 44
Cover_T325 -20
Cover_T326 36
Cover_T327 -20
Cover_T328 32
Cover_T329 -32
Cover_T330 28
Cover_T331 -24
Cover_T332 38
Cover_T333 -24
Cover_T334 58
Cover_T335 -26
Cover_T336 68
Cover_T337 -28
Cover_T338 72
Cover_T339 -38
Cover_T340 70
Cover_T341 58
Cover_T342 -42
Cover_T343 60
Cover_T344 -42
Cover_T345 56
Cover_T346 -46
Cover_T347 46
Cover_T348 -26
Cover_T349 1000
Cover_T350 910
Cover_T351 970
Cover_T352 936
Cover_T353 1038
Cover_T354 950
Cover_T355 1038
Cover_T356 948
Cover_T357 1016
Cover_T358 0
Cover_T359 56
Cover_T360 28
Cover_T361 24
Cover_T362 -40
Cover_T363 14
Cover_T364 -34
Cover_T365 30
Cover_T366 -10
Cover_T367 2
Cover_T368 0
Cover_T369 -22
Cover_T370 0
Cover_T371 10
Cover_T372 -26
Cover_T373 1.95833e-10
Cover_T374 -6
Cover_T375 4
Cover_T376 14
Cover_T377 18
Cover_T378 34
Cover_T379 -2
Cover_T380 -2
Cover_T381 2
Cover_T382 8
Cover_T383 8
Cover_T384 4
Cover_T385 -12
Cover_T386 -10
Cover_T387 6
Cover_T388 10
Cover_T389 0
Cover_T390 6
Cover_T391 4
Cover_T392 -8.27214e-11
Cover_T393 50
Cover_T394 20
Cover_T395 30
Cover_T396 4
Cover_T397 6
Cover_T398 14
Cover_T399 0
Cover_T400 14
Cover_T401 38
Cover_T402 -28
Cover_T403 14
Cover_T404 -4
Cover_T405 -10
Cover_T406 2
Cover_T407 -34
Cover_T408 -36
Cover_T409 28
Cover_T410 -12
Cover_T411 4
Cover_T412 12
Cover_T413 -20
Cover_T414 36
Cover_T415 -6
Cover_T416 -24
Cover_T417 12
Cover_T418 4
Cover_T419 -16
Cover_T420 32
Cover_T421 50
Cover_T422 22
Cover_T423 22
Cover_T424 4
Cover_T425 -4
Cover_T426 32
Cover_T427 -32
Cover_T428 -34
Cover_T429 12
Cover_T430 -6
Cover_T431 -16
Cover_T432 24
Cover_T433 -26
Cover_T434 36
Cover_T435 -42
Cover_T436 60
Cover_T437 0
Cover_T438 18
Cover_T439 16
Cover_T440 18
Cover_T441 0
Cover_T442 32
Cover_T443 46
Cover_T444 62
Cover_T445 30
Cover_T446 72
Cover_T447 32
Cover_T448 42
Cover_T449 26
Cover_T450 42
Cover_T451 34
Cover_T452 0
Cover_T453 22
Cover_T454 0
Cover_T455 -12
Cover_T456 14
Cover_T457 -32
Cover_T458 14
Cover_T459 0
Cover_T460 2.93171e-10
Cover_T461 14
Cover_T462 30
Cover_T463 14
Cover_T464 54
Cover_T465 14
Cover_T466 70
Cover_T467 -1.53087e-09
Cover_T468 40
Cover_T469 2
Cover_T470 28
Cover_T471 -3.02975e-09
Cover_T472 32
Cover_T473 -6
Cover_T474 24
Cover_T475 -12
Cover_T476 24
Cover_T477 -14
Cover_T478 18
Cover_T479 -14
Cover_T480 18
Cover_T481 -32
Cover_T482 18
Cover_T483 -14
Cover_T484 22
Cover_T485 -16
Cover_T486 22
Cover_T487 -16
Cover_T488 40
Cover_T489 -16
Cover_T490 34
Cover_T491 -16
Cover_T492 26
Cover_T493 -24
Cover_T494 32
Cover_T495 -20
Cover_T496 58
Cover_T497 -28
Cover_T498 48
Cover_T499 -24
Cover_T500 46
Cover_T501 -20
Cover_T502 40
Cover_T503 -24
Cover_T504 54
Cover_T505 -24
Cover_T506 62
Cover_T507 -26
Cover_T508 62
Cover_T509 -26
Cover_T510 66
Cover_T511 -28
Cover_T512 64
Cover_T513 -38
Cover_T514 30
Cover_T515 6
Cover_T516 64
Cover_T517 10
Cover_T518 20
Cover_T519 6
Cover_T520 24
Cover_T521 918
Cover_T522 1006
Cover_T523 954
Cover_T524 1030
Cover_T525 998
Cover_T526 1008
Cover_T527 988
Cover_T528 96
Cover_T529 0
Cover_T530 50
Cover_T531 -24
Cover_T532 64
Cover_T533 -16
Cover_T534 52
Cover_T535 56
Cover_T536 28
Cover_T537 58
Cover_T538 -8
Cover_T539 56
Cover_T540 0
Cover_T541 20
Cover_T542 54
Cover_T543 42
Cover_T544 56
Cover_T545 66
Cover_T546 74
Cover_T547 44
Cover_T548 34
Cover_T549 36
Cover_T550 56
Cover_T551 0
Cover_T552 28
Cover_T553 0
Cover_T554 44
Cover_T555 1.59448e-09
Cover_T556 0
Cover_T557 10
Cover_T558 48
Cover_T559 8
Cover_T560 38
Cover_T561 42
Cover_T562 48
Cover_T563 0
Cover_T564 38
Cover_T565 0
Cover_T566 34
Count_D0 -984
Count_D1 -1000
Max_H0_P0 0
Max_H0_P1 0
Max_H0_P2 0
Max_H0_P3 0
Max_H0_P4 0
Max_H0_P5 0
Max_H0_P6 0
Max_H0_P7 0
Max_H0_P8 0
Max_H0_P9 0
Max_H0_P10 0
Max_H0_P11 0
Max_H0_P12 0
Max_H0_P13 0
Max_H0_P14 0
Max_H0_P15 0
Max_H0_P16 4.30456e-11
Max_H0_P17 -9.48823e-11
Max_H0_P18 -6.91323e-11
Max_H0_P19 2.73737e-11
Max_H0_P20 -6.72166e-11
Max_H0_P21 -2.73423e-11
Max_H0_P22 -4.4869e-11
Max_H0_P23 -2.02889e-11
Max_H0_P24 5.02831e-11
Max_H0_P25 -8.02122e-11
Max_H0_P26 0
Max_H0_P27 4.73452e-11
Max_H0_P28 -7.87576e-11
Max_H0_P29 7.34623e-13
Max_H0_P30 6.00995e-11
Max_H0_P31 -4.28955e-11
Max_H0_P32 -1.51372e-11
Max_H0_P33 1.62452e-12
Max_H0_P34 -2.19131e-11
Max_H0_P35 -3.04423e-13
Max_H0_P36 8.16431e-12
Max_H0_P37 6.20352e-11
Max_H0_P38 -4.82032e-11
Max_H0_P39 -2.13305e-11
Max_H0_P40 -2.38032e-13
Max_H0_P41 4.23661e-11
Max_H0_P42 0
Max_H0_P43 0
Max_H0_P44 0
Max_H0_P45 0
Max_H0_P46 0
Max_H0_P47 0
Max_H0_P48 0
Max_H0_P49 0
Max_H0_P50 0
Max_H0_P51 0
Max_H0_P52 0
Max_H0_P53 0
Max_H0_P54 0
Max_H0_P55 0
Max_H0_P56 0
Max_H0_P57 0
Max_H0_P58 0
Max_H0_P59 0
Max_H0_P60 0
Max_H0_P61 0
Max_H0_P62 0
Max_H0_P63 0
Max_H0_P64 0
Max_H0_P65 0
Max_H0_P66 0
Max_H0_P67 0
Max_H0_P68 0
Max_H0_P69 0
Max_H0_P70 0
Max_H0_P71 0
Max_H0_P72 0
Max_H0_P73 0
Max_H0_P74 0
Max_H0_P75 0
Max_H0_P76 0
Max_H0_P77 1.44766e-10
Max_H0_P78 -9.87956e-11
Max_H0_P79 0
Max_H0_P80 0
Max_H0_P81 0
Max_H1_P0 0
Max_H1_P1 0
Max_H1_P2 0
Max_H1_P3 0
Max_H1_P4 0
Max_H1_P5 -5.65858e-11
Max_H1_P6 0
Max_H1_P7 0
Max_H1_P8 0
Max_H1_P9 0
Max_H1_P10 0
Max_H1_P11 0
Max_H1_P12 0
Max_H1_P13 0
Max_H1_P14 0
Max_H1_P15 -5.8332e-11
Max_H1_P16 -1.52611e-11
Max_H1_P17 -7.24647e-11
Max_H1_P18 2.84955e-11
Max_H1_P19 0
Max_H1_P20 -1.42002e-11
Max_H1_P21 6.50768e-12
Max_H1_P22 2.78586e-11
Max_H1_P23 -2.06217e-11
Max_H1_P24 0
Max_H1_P25 -1.09178e-10
Max_H1_P26 3.32292e-11
Max_H1_P27 1.71774e-12
Max_H1_P28 2.47419e-11
Max_H1_P29 -4.35652e-12
Max_H1_P30 2.10796e-11
Max_H1_P31 2.34195e-11
Max_H1_P32 -6.07357e-11
Max_H1_P33 1.08635e-10
Max_H1_P34 -6.29642e-11
Max_H1_P35 4.23712e-11
Max_H1_P36 2.92624e-11
Max_H1_P37 1.03753e-11
Max_H1_P38 -6.4917e-11
Max_H1_P39 1.44146e-11
Max_H1_P40 -2.37605e-11
Max_H1_P41 7.82281e-11
Max_H1_P42 0
Max_H1_P43 0
Max_H1_P44 0
Max_H1_P45 0
Max_H1_P46 0
Max_H1_P47 0
Max_H1_P48 0
Max_H1_P49 0
Max_H1_P50 0
Max_H1_P51 0
Max_H1_P52 0
Max_H1_P53 0
Max_H1_P54 0
Max_H1_P55 0
Max_H1_P56 0
Max_H1_P57 0
Max_H1_P58 0
Max_H1_P59 0
Max_H1_P60 0
Max_H1_P61 0
Max_H1_P62 0
Max_H1_P63 0
Max_H1_P64 0
Max_H1_P65 0
Max_H1_P66 0
Max_H1_P67 0
Max_H1_P68 0
Max_H1_P69 0
Max_H1_P70 0
Max_H1_P71 0
Max_H1_P72 0
Max_H1_P73 0
Max_H1_P74 0
Max_H1_P75 0
Max_H1_P76 0
Max_H1_P77 2.63526e-11
Max_H1_P78 0
Max_H1_P79 0
Max_H1_P80 0
Max_H1_P81 0
