
Branch and bound

  Entire solving process        :                           (Time    200.7)
  No feasible solution was found
  Best relaxation cost          :     37111.88 (Node     0) (Time    200.7)
  Lower bound after cuts        :     37111.88
  End lower bound               :     37111.88
  Deepest level reached         : 0
  Deepest real level reached    : 0
  Number of real nodes solved   : 1
  Stopping condition            : enough nodes explored

Problem identification

  Problem                       : <null>
  Machine                       : oslo1.gerad.lan

Solving process summary

  Linear relaxations            :        1
  Column generation iterations  :      181
  Shortest paths solved         :     3154
  Columns generated             :    29767

Instance characteristics

  Resources                     : 3
  Node types                    : no
  Arc types                     : no
  Strong resource windows       : no
  Weak resource windows         : no
  Resource windows (nodes)      : 3
  Resource values (arcs)        : 3
  Values on nodes               : no

  Rows                          : 733
  Initial columns               : 2
  Tasks                         : 571
  Strong tasks                  : 567
  Weak tasks                    : 4
  Initial task constraints      : no
  Nodes                         : 899
  Arc sets                      : 1
  Arcs                          : 16675
  Networks                      : 2
  Models                        : 1

Memory used per module (Megs)

  Parser (reused)               :      3.761
  Networks                      :     20.706
  Column generator              :      6.660
  Master problem                :      7.470
  -----------------
  Total                         :     34.835

Cpu time per module (seconds)

  Parser                        :        0.0
  Preprocessor                  :        0.0
  Lr solver manager             :        0.1
  Column generator              :       17.9
    (Shortest path)             :       14.5
  Master problem                :      182.7
  -------------------
  Total (without b&b)           :      200.7

Real elapsed time (seconds)

  Parser                        :        0.0
  Preprocessor                  :        0.0
  Lr solver manager             :        0.1
  Column generator              :       17.8
    (Shortest path)             :       14.8
  Master problem                :      182.8
  -------------------
  Total (without b&b)           :      200.7
