
Branch and bound

  Entire solving process        :                           (Time   1311.1)
  No feasible solution was found
  Best relaxation cost          :     57346.33 (Node     0) (Time   1311.1)
  Lower bound after cuts        :     57346.33
  End lower bound               :     57346.33
  Deepest level reached         : 0
  Deepest real level reached    : 0
  Number of real nodes solved   : 1
  Stopping condition            : enough nodes explored

Problem identification

  Problem                       : <null>
  Machine                       : oslo2.gerad.lan

Solving process summary

  Linear relaxations            :        1
  Column generation iterations  :      306
  Shortest paths solved         :     6358
  Columns generated             :    70931

Instance characteristics

  Resources                     : 3
  Node types                    : no
  Arc types                     : no
  Strong resource windows       : no
  Weak resource windows         : no
  Resource windows (nodes)      : 3
  Resource values (arcs)        : 3
  Values on nodes               : no

  Rows                          : 1004
  Initial columns               : 2
  Tasks                         : 842
  Strong tasks                  : 838
  Weak tasks                    : 4
  Initial task constraints      : no
  Nodes                         : 1170
  Arc sets                      : 1
  Arcs                          : 32325
  Networks                      : 2
  Models                        : 1

Memory used per module (Megs)

  Parser (reused)               :      6.788
  Networks                      :     30.393
  Column generator              :     18.889
  Master problem                :      9.776
  -----------------
  Total                         :     59.058

Cpu time per module (seconds)

  Parser                        :        0.0
  Preprocessor                  :        0.0
  Lr solver manager             :        0.2
  Column generator              :      161.5
    (Shortest path)             :      151.2
  Master problem                :     1149.3
  -------------------
  Total (without b&b)           :     1311.1

Real elapsed time (seconds)

  Parser                        :        0.0
  Preprocessor                  :        0.0
  Lr solver manager             :        0.2
  Column generator              :      161.9
    (Shortest path)             :      151.5
  Master problem                :     1151.2
  -------------------
  Total (without b&b)           :     1313.3
