
Branch and bound

  Entire solving process        :                           (Time    135.0)
  No feasible solution was found
  Best relaxation cost          :     57213.40 (Node     0) (Time    135.0)
  Lower bound after cuts        :     57213.40
  End lower bound               :     57213.40
  Deepest level reached         : 0
  Deepest real level reached    : 0
  Number of real nodes solved   : 1
  Stopping condition            : enough nodes explored

Problem identification

  Problem                       : <null>
  Machine                       : oslo1.gerad.lan

Solving process summary

  Linear relaxations            :        1
  Column generation iterations  :      104
  Shortest paths solved         :     5289
  Columns generated             :    47505

Instance characteristics

  Resources                     : 3
  Node types                    : no
  Arc types                     : no
  Strong resource windows       : no
  Weak resource windows         : no
  Resource windows (nodes)      : 3
  Resource values (arcs)        : 3
  Values on nodes               : no

  Rows                          : 1004
  Initial columns               : 425
  Tasks                         : 842
  Strong tasks                  : 590
  Weak tasks                    : 4
  Initial task constraints      : no
  Nodes                         : 1170
  Arc sets                      : 1
  Arcs                          : 32325
  Networks                      : 2
  Models                        : 1

Memory used per module (Megs)

  Parser (reused)               :      6.788
  Networks                      :     31.967
  Column generator              :      8.597
  Master problem                :      9.935
  -----------------
  Total                         :     50.499

Cpu time per module (seconds)

  Parser                        :        0.0
  Preprocessor                  :        0.0
  Lr solver manager             :        0.1
  Column generator              :       58.4
    (Shortest path)             :       52.1
  Master problem                :       76.4
  -------------------
  Total (without b&b)           :      135.0

Real elapsed time (seconds)

  Parser                        :        0.0
  Preprocessor                  :        0.0
  Lr solver manager             :        0.1
  Column generator              :       58.5
    (Shortest path)             :       51.6
  Master problem                :       76.5
  -------------------
  Total (without b&b)           :      135.0
