
Branch and bound

  Entire solving process        :                           (Time    502.7)
  No feasible solution was found
  Best relaxation cost          :     62972.53 (Node     0) (Time    502.6)
  Lower bound after cuts        :     62972.53
  End lower bound               :     62972.53
  Deepest level reached         : 0
  Deepest real level reached    : 0
  Number of real nodes solved   : 1
  Stopping condition            : enough nodes explored

Problem identification

  Problem                       : <null>
  Machine                       : oslo5.gerad.lan

Solving process summary

  Linear relaxations            :        1
  Column generation iterations  :      225
  Shortest paths solved         :     5010
  Columns generated             :    51670

Instance characteristics

  Resources                     : 3
  Node types                    : no
  Arc types                     : no
  Strong resource windows       : no
  Weak resource windows         : no
  Resource windows (nodes)      : 3
  Resource values (arcs)        : 3
  Values on nodes               : no

  Rows                          : 963
  Initial columns               : 2
  Tasks                         : 801
  Strong tasks                  : 797
  Weak tasks                    : 4
  Initial task constraints      : no
  Nodes                         : 1129
  Arc sets                      : 1
  Arcs                          : 29974
  Networks                      : 2
  Models                        : 1

Memory used per module (Megs)

  Parser (reused)               :      6.304
  Networks                      :     28.818
  Column generator              :      8.718
  Master problem                :      9.428
  -----------------
  Total                         :     46.965

Cpu time per module (seconds)

  Parser                        :        0.0
  Preprocessor                  :        0.0
  Lr solver manager             :        0.1
  Column generator              :       61.9
    (Shortest path)             :       54.6
  Master problem                :      440.6
  -------------------
  Total (without b&b)           :      502.6

Real elapsed time (seconds)

  Parser                        :        0.0
  Preprocessor                  :        0.0
  Lr solver manager             :        0.1
  Column generator              :       61.9
    (Shortest path)             :       54.9
  Master problem                :      440.6
  -------------------
  Total (without b&b)           :      502.7
