
Branch and bound

  Entire solving process        :                           (Time    474.3)
  No feasible solution was found
  Best relaxation cost          :     49577.09 (Node     0) (Time    474.3)
  Lower bound after cuts        :     49577.09
  End lower bound               :     49577.09
  Deepest level reached         : 0
  Deepest real level reached    : 0
  Number of real nodes solved   : 1
  Stopping condition            : enough nodes explored

Problem identification

  Problem                       : <null>
  Machine                       : oslo1.gerad.lan

Solving process summary

  Linear relaxations            :        1
  Column generation iterations  :      213
  Shortest paths solved         :     4230
  Columns generated             :    45190

Instance characteristics

  Resources                     : 3
  Node types                    : no
  Arc types                     : no
  Strong resource windows       : no
  Weak resource windows         : no
  Resource windows (nodes)      : 3
  Resource values (arcs)        : 3
  Values on nodes               : no

  Rows                          : 941
  Initial columns               : 2
  Tasks                         : 779
  Strong tasks                  : 775
  Weak tasks                    : 4
  Initial task constraints      : no
  Nodes                         : 1107
  Arc sets                      : 1
  Arcs                          : 27961
  Networks                      : 2
  Models                        : 1

Memory used per module (Megs)

  Parser (reused)               :      5.941
  Networks                      :     28.213
  Column generator              :      7.507
  Master problem                :      9.466
  -----------------
  Total                         :     45.186

Cpu time per module (seconds)

  Parser                        :        0.0
  Preprocessor                  :        0.0
  Lr solver manager             :        0.1
  Column generator              :       46.6
    (Shortest path)             :       41.8
  Master problem                :      427.5
  -------------------
  Total (without b&b)           :      474.3

Real elapsed time (seconds)

  Parser                        :        0.0
  Preprocessor                  :        0.0
  Lr solver manager             :        0.1
  Column generator              :       46.5
    (Shortest path)             :       41.6
  Master problem                :      427.6
  -------------------
  Total (without b&b)           :      474.3
