
Branch and bound

  Entire solving process        :                           (Time    338.7)
  No feasible solution was found
  Best relaxation cost          :     57702.17 (Node     0) (Time    338.7)
  Lower bound after cuts        :     57702.17
  End lower bound               :     57702.17
  Deepest level reached         : 0
  Deepest real level reached    : 0
  Number of real nodes solved   : 1
  Stopping condition            : enough nodes explored

Problem identification

  Problem                       : <null>
  Machine                       : oslo5.gerad.lan

Solving process summary

  Linear relaxations            :        1
  Column generation iterations  :      132
  Shortest paths solved         :     6000
  Columns generated             :    63838

Instance characteristics

  Resources                     : 3
  Node types                    : no
  Arc types                     : no
  Strong resource windows       : no
  Weak resource windows         : no
  Resource windows (nodes)      : 3
  Resource values (arcs)        : 3
  Values on nodes               : no

  Rows                          : 1136
  Initial columns               : 449
  Tasks                         : 974
  Strong tasks                  : 698
  Weak tasks                    : 4
  Initial task constraints      : no
  Nodes                         : 1302
  Arc sets                      : 1
  Arcs                          : 42217
  Networks                      : 2
  Models                        : 1

Memory used per module (Megs)

  Parser (reused)               :      8.726
  Networks                      :     37.537
  Column generator              :     11.866
  Master problem                :     11.379
  -----------------
  Total                         :     60.782

Cpu time per module (seconds)

  Parser                        :        0.0
  Preprocessor                  :        0.0
  Lr solver manager             :        0.1
  Column generator              :      142.9
    (Shortest path)             :      129.2
  Master problem                :      195.6
  -------------------
  Total (without b&b)           :      338.7

Real elapsed time (seconds)

  Parser                        :        0.0
  Preprocessor                  :        0.0
  Lr solver manager             :        0.2
  Column generator              :      142.9
    (Shortest path)             :      129.1
  Master problem                :      195.6
  -------------------
  Total (without b&b)           :      338.7
