
Branch and bound

  Entire solving process        :                           (Time     91.2)
  No feasible solution was found
  Best relaxation cost          :     47284.74 (Node     0) (Time     91.2)
  Lower bound after cuts        :     47284.74
  End lower bound               :     47284.74
  Deepest level reached         : 0
  Deepest real level reached    : 0
  Number of real nodes solved   : 1
  Stopping condition            : enough nodes explored

Problem identification

  Problem                       : <null>
  Machine                       : oslo4.gerad.lan

Solving process summary

  Linear relaxations            :        1
  Column generation iterations  :      129
  Shortest paths solved         :     3161
  Columns generated             :    29592

Instance characteristics

  Resources                     : 3
  Node types                    : no
  Arc types                     : no
  Strong resource windows       : no
  Weak resource windows         : no
  Resource windows (nodes)      : 3
  Resource values (arcs)        : 3
  Values on nodes               : no

  Rows                          : 820
  Initial columns               : 2
  Tasks                         : 658
  Strong tasks                  : 654
  Weak tasks                    : 4
  Initial task constraints      : no
  Nodes                         : 986
  Arc sets                      : 1
  Arcs                          : 21383
  Networks                      : 2
  Models                        : 1

Memory used per module (Megs)

  Parser (reused)               :      4.609
  Networks                      :     23.370
  Column generator              :      4.843
  Master problem                :      8.090
  -----------------
  Total                         :     36.303

Cpu time per module (seconds)

  Parser                        :        0.0
  Preprocessor                  :        0.0
  Lr solver manager             :        0.1
  Column generator              :       17.4
    (Shortest path)             :       14.8
  Master problem                :       73.6
  -------------------
  Total (without b&b)           :       91.1

Real elapsed time (seconds)

  Parser                        :        0.0
  Preprocessor                  :        0.0
  Lr solver manager             :        0.1
  Column generator              :       17.4
    (Shortest path)             :       14.5
  Master problem                :       73.7
  -------------------
  Total (without b&b)           :       91.1
