
Branch and bound

  Entire solving process        :                           (Time     72.8)
  No feasible solution was found
  Best relaxation cost          :     49116.27 (Node     0) (Time     72.8)
  Lower bound after cuts        :     49116.27
  End lower bound               :     49116.27
  Deepest level reached         : 0
  Deepest real level reached    : 0
  Number of real nodes solved   : 1
  Stopping condition            : enough nodes explored

Problem identification

  Problem                       : <null>
  Machine                       : oslo2.gerad.lan

Solving process summary

  Linear relaxations            :        1
  Column generation iterations  :      111
  Shortest paths solved         :     7826
  Columns generated             :    39458

Instance characteristics

  Resources                     : 3
  Node types                    : no
  Arc types                     : no
  Strong resource windows       : no
  Weak resource windows         : no
  Resource windows (nodes)      : 3
  Resource values (arcs)        : 3
  Values on nodes               : no

  Rows                          : 797
  Initial columns               : 381
  Tasks                         : 635
  Strong tasks                  : 415
  Weak tasks                    : 4
  Initial task constraints      : no
  Nodes                         : 963
  Arc sets                      : 1
  Arcs                          : 19716
  Networks                      : 2
  Models                        : 1

Memory used per module (Megs)

  Parser (reused)               :      4.367
  Networks                      :     26.518
  Column generator              :      4.238
  Master problem                :      7.614
  -----------------
  Total                         :     38.370

Cpu time per module (seconds)

  Parser                        :        0.0
  Preprocessor                  :        0.0
  Lr solver manager             :        0.1
  Column generator              :       23.8
    (Shortest path)             :       19.2
  Master problem                :       48.9
  -------------------
  Total (without b&b)           :       72.8

Real elapsed time (seconds)

  Parser                        :        0.0
  Preprocessor                  :        0.0
  Lr solver manager             :        0.1
  Column generator              :       23.8
    (Shortest path)             :       19.0
  Master problem                :       49.0
  -------------------
  Total (without b&b)           :       72.9
