Cover_T0 52
Cover_T1 -52
Cover_T2 52
Cover_T3 -52
Cover_T4 52
Cover_T5 -52
Cover_T6 52
Cover_T7 -52
Cover_T8 52
Cover_T9 -52
Cover_T10 52
Cover_T11 -52
Cover_T12 52
Cover_T13 -52
Cover_T14 52
Cover_T15 -52
Cover_T16 52
Cover_T17 -52
Cover_T18 52
Cover_T19 -52
Cover_T20 54
Cover_T21 -52
Cover_T22 54
Cover_T23 -52
Cover_T24 54
Cover_T25 -48
Cover_T26 54
Cover_T27 -48
Cover_T28 58
Cover_T29 -38
Cover_T30 52
Cover_T31 -46
Cover_T32 66
Cover_T33 -38
Cover_T34 58
Cover_T35 -42
Cover_T36 60
Cover_T37 -9.9557e-10
Cover_T38 48
Cover_T39 -8
Cover_T40 66
Cover_T41 -16
Cover_T42 54
Cover_T43 -24
Cover_T44 66
Cover_T45 -32
Cover_T46 50
Cover_T47 4
Cover_T48 52
Cover_T49 0
Cover_T50 46
Cover_T51 6
Cover_T52 998
Cover_T53 10
Cover_T54 948
Cover_T55 4
Cover_T56 966
Cover_T57 922
Cover_T58 976
Cover_T59 906
Cover_T60 976
Cover_T61 940
Cover_T62 942
Cover_T63 940
Cover_T64 936
Cover_T65 0
Cover_T66 998
Cover_T67 0
Cover_T68 76
Cover_T69 2
Cover_T70 88
Cover_T71 10
Cover_T72 64
Cover_T73 4
Cover_T74 50
Cover_T75 16
Cover_T76 38
Cover_T77 -46
Cover_T78 18
Cover_T79 -42
Cover_T80 2.39517e-10
Cover_T81 -50
Cover_T82 2
Cover_T83 -34
Cover_T84 32
Cover_T85 -18
Cover_T86 16
Cover_T87 -2
Cover_T88 5.6977e-10
Cover_T89 14
Cover_T90 48
Cover_T91 10
Cover_T92 32
Cover_T93 -22
Cover_T94 16
Cover_T95 -6
Cover_T96 4
Cover_T97 10
Cover_T98 6
Cover_T99 -38
Cover_T100 -10
Cover_T101 -22
Cover_T102 -26
Cover_T103 -6
Cover_T104 -42
Cover_T105 6
Cover_T106 -10
Cover_T107 4
Cover_T108 -26
Cover_T109 20
Cover_T110 -42
Cover_T111 36
Cover_T112 18
Cover_T113 52
Cover_T114 2
Cover_T115 20
Cover_T116 -14
Cover_T117 36
Cover_T118 -12
Cover_T119 52
Cover_T120 -28
Cover_T121 -8
Cover_T122 -42
Cover_T123 4
Cover_T124 2
Cover_T125 16
Cover_T126 52
Cover_T127 10
Cover_T128 40
Cover_T129 22
Cover_T130 28
Cover_T131 34
Cover_T132 16
Cover_T133 46
Cover_T134 4
Cover_T135 2
Cover_T136 0
Cover_T137 -48
Cover_T138 52
Cover_T139 -36
Cover_T140 40
Cover_T141 -24
Cover_T142 24
Cover_T143 -4
Cover_T144 8
Cover_T145 8
Cover_T146 8
Cover_T147 -36
Cover_T148 2.10353e-10
Cover_T149 -16
Cover_T150 -4.55009e-09
Cover_T151 0
Cover_T152 -20
Cover_T153 4.07212e-11
Cover_T154 -38
Cover_T155 4
Cover_T156 10
Cover_T157 4.89468e-09
Cover_T158 50
Cover_T159 16
Cover_T160 34
Cover_T161 32
Cover_T162 18
Cover_T163 48
Cover_T164 2
Cover_T165 -9.6489e-11
Cover_T166 -6
Cover_T167 -40
Cover_T168 2
Cover_T169 -24
Cover_T170 0
Cover_T171 -8
Cover_T172 0
Cover_T173 1.90994e-10
Cover_T174 -10
Cover_T175 4
Cover_T176 -26
Cover_T177 8
Cover_T178 -42
Cover_T179 10
Cover_T180 -10
Cover_T181 10
Cover_T182 -26
Cover_T183 20
Cover_T184 -42
Cover_T185 36
Cover_T186 20
Cover_T187 52
Cover_T188 4
Cover_T189 20
Cover_T190 -12
Cover_T191 40
Cover_T192 -2
Cover_T193 54
Cover_T194 -18
Cover_T195 -4
Cover_T196 -34
Cover_T197 10
Cover_T198 32
Cover_T199 30
Cover_T200 16
Cover_T201 28
Cover_T202 0
Cover_T203 64
Cover_T204 48
Cover_T205 70
Cover_T206 26
Cover_T207 8
Cover_T208 0
Cover_T209 48
Cover_T210 42
Cover_T211 64
Cover_T212 0
Cover_T213 22
Cover_T214 14
Cover_T215 34
Cover_T216 26
Cover_T217 46
Cover_T218 -2
Cover_T219 10
Cover_T220 -6
Cover_T221 30
Cover_T222 6
Cover_T223 42
Cover_T224 -18
Cover_T225 14
Cover_T226 -10
Cover_T227 18
Cover_T228 -6
Cover_T229 28
Cover_T230 -14
Cover_T231 28
Cover_T232 -18
Cover_T233 26
Cover_T234 -14
Cover_T235 28
Cover_T236 -8
Cover_T237 36
Cover_T238 -10
Cover_T239 34
Cover_T240 -28
Cover_T241 28
Cover_T242 -22
Cover_T243 32
Cover_T244 -20
Cover_T245 36
Cover_T246 -34
Cover_T247 34
Cover_T248 -32
Cover_T249 36
Cover_T250 -26
Cover_T251 42
Cover_T252 -24
Cover_T253 38
Cover_T254 -28
Cover_T255 44
Cover_T256 -28
Cover_T257 46
Cover_T258 -40
Cover_T259 36
Cover_T260 -38
Cover_T261 42
Cover_T262 -30
Cover_T263 42
Cover_T264 -34
Cover_T265 48
Cover_T266 -36
Cover_T267 48
Cover_T268 -32
Cover_T269 40
Cover_T270 -32
Cover_T271 46
Cover_T272 -36
Cover_T273 46
Cover_T274 -38
Cover_T275 44
Cover_T276 -32
Cover_T277 48
Cover_T278 -34
Cover_T279 46
Cover_T280 -32
Cover_T281 48
Cover_T282 -36
Cover_T283 64
Cover_T284 -36
Cover_T285 56
Cover_T286 -36
Cover_T287 56
Cover_T288 -36
Cover_T289 58
Cover_T290 -40
Cover_T291 58
Cover_T292 -40
Cover_T293 54
Cover_T294 -42
Cover_T295 52
Cover_T296 -42
Cover_T297 56
Cover_T298 -48
Cover_T299 60
Cover_T300 -46
Cover_T301 58
Cover_T302 -46
Cover_T303 58
Cover_T304 -48
Cover_T305 54
Cover_T306 -48
Cover_T307 54
Cover_T308 52
Cover_T309 -52
Cover_T310 52
Cover_T311 -52
Cover_T312 52
Cover_T313 -52
Cover_T314 56
Cover_T315 -48
Cover_T316 56
Cover_T317 -48
Cover_T318 56
Cover_T319 -44
Cover_T320 64
Cover_T321 -40
Cover_T322 58
Cover_T323 -6
Cover_T324 64
Cover_T325 -22
Cover_T326 62
Cover_T327 -44
Cover_T328 50
Cover_T329 8
Cover_T330 960
Cover_T331 0
Cover_T332 960
Cover_T333 934
Cover_T334 978
Cover_T335 918
Cover_T336 988
Cover_T337 918
Cover_T338 944
Cover_T339 910
Cover_T340 926
Cover_T341 938
Cover_T342 948
Cover_T343 0
Cover_T344 934
Cover_T345 10
Cover_T346 0
Cover_T347 -6
Cover_T348 76
Cover_T349 0
Cover_T350 76
Cover_T351 4
Cover_T352 88
Cover_T353 16
Cover_T354 64
Cover_T355 0
Cover_T356 50
Cover_T357 10
Cover_T358 52
Cover_T359 18
Cover_T360 50
Cover_T361 -44
Cover_T362 20
Cover_T363 -48
Cover_T364 1.5686e-09
Cover_T365 -40
Cover_T366 0
Cover_T367 -20
Cover_T368 28
Cover_T369 -1.39335e-09
Cover_T370 8
Cover_T371 -8.76906e-10
Cover_T372 52
Cover_T373 -30
Cover_T374 36
Cover_T375 -14
Cover_T376 20
Cover_T377 2
Cover_T378 8
Cover_T379 -46
Cover_T380 10
Cover_T381 -30
Cover_T382 -6
Cover_T383 -14
Cover_T384 -22
Cover_T385 -2
Cover_T386 -38
Cover_T387 -4
Cover_T388 -6
Cover_T389 12
Cover_T390 -22
Cover_T391 28
Cover_T392 -38
Cover_T393 44
Cover_T394 22
Cover_T395 12
Cover_T396 6
Cover_T397 28
Cover_T398 -10
Cover_T399 44
Cover_T400 -8
Cover_T401 -16
Cover_T402 -24
Cover_T403 0
Cover_T404 -40
Cover_T405 16
Cover_T406 0
Cover_T407 14
Cover_T408 46
Cover_T409 30
Cover_T410 30
Cover_T411 46
Cover_T412 14
Cover_T413 6
Cover_T414 6
Cover_T415 -40
Cover_T416 52
Cover_T417 -24
Cover_T418 40
Cover_T419 -12
Cover_T420 28
Cover_T421 -1.00367e-09
Cover_T422 16
Cover_T423 4
Cover_T424 8
Cover_T425 -48
Cover_T426 -4
Cover_T427 -36
Cover_T428 4
Cover_T429 -24
Cover_T430 4
Cover_T431 -12
Cover_T432 -8
Cover_T433 -4
Cover_T434 -4.68486e-09
Cover_T435 8
Cover_T436 -12
Cover_T437 -4.8324e-11
Cover_T438 -28
Cover_T439 8
Cover_T440 -48
Cover_T441 8
Cover_T442 52
Cover_T443 28
Cover_T444 32
Cover_T445 48
Cover_T446 12
Cover_T447 -52
Cover_T448 0
Cover_T449 -32
Cover_T450 6
Cover_T451 -16
Cover_T452 4
Cover_T453 -5.73852e-10
Cover_T454 4
Cover_T455 8
Cover_T456 -6
Cover_T457 1.31515e-10
Cover_T458 -22
Cover_T459 2
Cover_T460 -38
Cover_T461 2
Cover_T462 -6
Cover_T463 12
Cover_T464 -22
Cover_T465 28
Cover_T466 -38
Cover_T467 44
Cover_T468 24
Cover_T469 12
Cover_T470 8
Cover_T471 28
Cover_T472 -8
Cover_T473 44
Cover_T474 2
Cover_T475 -12
Cover_T476 -14
Cover_T477 0
Cover_T478 -30
Cover_T479 20
Cover_T480 34
Cover_T481 16
Cover_T482 20
Cover_T483 34
Cover_T484 0
Cover_T485 76
Cover_T486 50
Cover_T487 4.17492e-09
Cover_T488 30
Cover_T489 20
Cover_T490 6
Cover_T491 58
Cover_T492 18
Cover_T493 12
Cover_T494 12
Cover_T495 12
Cover_T496 26
Cover_T497 52
Cover_T498 -18
Cover_T499 32
Cover_T500 6
Cover_T501 10
Cover_T502 -8
Cover_T503 30
Cover_T504 -16
Cover_T505 30
Cover_T506 -8
Cover_T507 36
Cover_T508 -8
Cover_T509 36
Cover_T510 -10
Cover_T511 36
Cover_T512 -16
Cover_T513 36
Cover_T514 -20
Cover_T515 36
Cover_T516 -22
Cover_T517 38
Cover_T518 -24
Cover_T519 36
Cover_T520 -24
Cover_T521 38
Cover_T522 -26
Cover_T523 36
Cover_T524 -30
Cover_T525 48
Cover_T526 -36
Cover_T527 42
Cover_T528 -32
Cover_T529 38
Cover_T530 -30
Cover_T531 36
Cover_T532 -42
Cover_T533 34
Cover_T534 -34
Cover_T535 46
Cover_T536 -46
Cover_T537 38
Cover_T538 -32
Cover_T539 36
Cover_T540 -32
Cover_T541 48
Cover_T542 -38
Cover_T543 40
Cover_T544 -32
Cover_T545 52
Cover_T546 -44
Cover_T547 36
Cover_T548 -32
Cover_T549 40
Cover_T550 -44
Cover_T551 42
Cover_T552 -36
Cover_T553 40
Cover_T554 -32
Cover_T555 52
Cover_T556 -32
Cover_T557 40
Cover_T558 -38
Cover_T559 54
Cover_T560 -46
Cover_T561 48
Cover_T562 -36
Cover_T563 44
Cover_T564 -32
Cover_T565 46
Cover_T566 -44
Cover_T567 48
Cover_T568 -42
Cover_T569 64
Cover_T570 -38
Cover_T571 54
Cover_T572 -36
Cover_T573 50
Cover_T574 -44
Cover_T575 60
Cover_T576 -36
Cover_T577 56
Cover_T578 -42
Cover_T579 54
Cover_T580 -42
Cover_T581 50
Cover_T582 -42
Cover_T583 54
Cover_T584 -42
Cover_T585 52
Cover_T586 -46
Cover_T587 52
Cover_T588 -46
Cover_T589 54
Cover_T590 -46
Cover_T591 54
Cover_T592 -46
Cover_T593 54
Cover_T594 -48
Cover_T595 56
Cover_T596 -48
Cover_T597 64
Cover_T598 -38
Cover_T599 52
Cover_T600 -5.09896e-10
Cover_T601 56
Cover_T602 -12
Cover_T603 60
Cover_T604 -24
Cover_T605 64
Cover_T606 -36
Cover_T607 48
Cover_T608 4
Cover_T609 46
Cover_T610 2
Cover_T611 982
Cover_T612 8.31342e-10
Cover_T613 996
Cover_T614 924
Cover_T615 956
Cover_T616 902
Cover_T617 956
Cover_T618 938
Cover_T619 978
Cover_T620 936
Cover_T621 934
Cover_T622 940
Cover_T623 992
Cover_T624 1.96174e-10
Cover_T625 990
Cover_T626 12
Cover_T627 68
Cover_T628 6
Cover_T629 80
Cover_T630 8
Cover_T631 80
Cover_T632 18
Cover_T633 30
Cover_T634 10
Cover_T635 20
Cover_T636 22
Cover_T637 2
Cover_T638 -42
Cover_T639 -2
Cover_T640 -42
Cover_T641 0
Cover_T642 -42
Cover_T643 36
Cover_T644 -42
Cover_T645 24
Cover_T646 -30
Cover_T647 10
Cover_T648 -18
Cover_T649 -2
Cover_T650 -6
Cover_T651 50
Cover_T652 6
Cover_T653 38
Cover_T654 18
Cover_T655 26
Cover_T656 10
Cover_T657 12
Cover_T658 -22
Cover_T659 0
Cover_T660 -6
Cover_T661 2
Cover_T662 10
Cover_T663 -14
Cover_T664 -38
Cover_T665 -30
Cover_T666 -22
Cover_T667 -46
Cover_T668 -6
Cover_T669 -14
Cover_T670 6
Cover_T671 -30
Cover_T672 2
Cover_T673 -42
Cover_T674 14
Cover_T675 22
Cover_T676 26
Cover_T677 10
Cover_T678 38
Cover_T679 -2
Cover_T680 50
Cover_T681 -14
Cover_T682 14
Cover_T683 -8
Cover_T684 26
Cover_T685 -20
Cover_T686 38
Cover_T687 -32
Cover_T688 50
Cover_T689 -44
Cover_T690 -14
Cover_T691 -7.9865e-12
Cover_T692 -2
Cover_T693 50
Cover_T694 10
Cover_T695 38
Cover_T696 22
Cover_T697 26
Cover_T698 16
Cover_T699 14
Cover_T700 28
Cover_T701 2
Cover_T702 40
Cover_T703 -2
Cover_T704 52
Cover_T705 50
Cover_T706 8
Cover_T707 38
Cover_T708 -42
Cover_T709 26
Cover_T710 -30
Cover_T711 14
Cover_T712 -16
Cover_T713 2
Cover_T714 -8.52179e-10
Cover_T715 6
Cover_T716 8
Cover_T717 2
Cover_T718 -40
Cover_T719 6
Cover_T720 -24
Cover_T721 -10
Cover_T722 -8
Cover_T723 -26
Cover_T724 4
Cover_T725 -42
Cover_T726 0
Cover_T727 8
Cover_T728 0
Cover_T729 52
Cover_T730 12
Cover_T731 40
Cover_T732 4
Cover_T733 28
Cover_T734 16
Cover_T735 16
Cover_T736 28
Cover_T737 4
Cover_T738 40
Cover_T739 -4.18368e-11
Cover_T740 52
Cover_T741 0
Cover_T742 0
Cover_T743 0
Cover_T744 -44
Cover_T745 2
Cover_T746 -32
Cover_T747 4
Cover_T748 -16
Cover_T749 -6
Cover_T750 -4.40171e-10
Cover_T751 -22
Cover_T752 8
Cover_T753 -38
Cover_T754 2.04182e-10
Cover_T755 -6
Cover_T756 2
Cover_T757 -22
Cover_T758 2
Cover_T759 -38
Cover_T760 12
Cover_T761 24
Cover_T762 26
Cover_T763 12
Cover_T764 38
Cover_T765 9.44403e-10
Cover_T766 50
Cover_T767 -12
Cover_T768 14
Cover_T769 2
Cover_T770 26
Cover_T771 -10
Cover_T772 42
Cover_T773 -22
Cover_T774 54
Cover_T775 -34
Cover_T776 -10
Cover_T777 36
Cover_T778 2
Cover_T779 24
Cover_T780 28
Cover_T781 12
Cover_T782 34
Cover_T783 6.33911e-11
Cover_T784 44
Cover_T785 52
Cover_T786 50
Cover_T787 40
Cover_T788 70
Cover_T789 28
Cover_T790 70
Cover_T791 16
Cover_T792 28
Cover_T793 46
Cover_T794 44
Cover_T795 28
Cover_T796 44
Cover_T797 22
Cover_T798 68
Cover_T799 20
Cover_T800 14
Cover_T801 26
Cover_T802 26
Cover_T803 18
Cover_T804 48
Cover_T805 30
Cover_T806 58
Cover_T807 2
Cover_T808 22
Cover_T809 -1.98469e-10
Cover_T810 28
Cover_T811 4
Cover_T812 44
Cover_T813 -8
Cover_T814 34
Cover_T815 -4
Cover_T816 32
Cover_T817 -8
Cover_T818 30
Cover_T819 -12
Cover_T820 34
Cover_T821 -10
Cover_T822 38
Cover_T823 -8
Cover_T824 40
Cover_T825 -8
Cover_T826 40
Cover_T827 -18
Cover_T828 36
Cover_T829 -20
Cover_T830 36
Cover_T831 -20
Cover_T832 40
Cover_T833 -26
Cover_T834 36
Cover_T835 -28
Cover_T836 38
Cover_T837 -26
Cover_T838 40
Cover_T839 -28
Cover_T840 38
Cover_T841 -30
Cover_T842 38
Cover_T843 -44
Cover_T844 40
Cover_T845 -32
Cover_T846 42
Cover_T847 -30
Cover_T848 38
Cover_T849 -32
Cover_T850 40
Cover_T851 -46
Cover_T852 36
Cover_T853 -38
Cover_T854 56
Cover_T855 -34
Cover_T856 44
Cover_T857 -34
Cover_T858 38
Cover_T859 -32
Cover_T860 40
Cover_T861 -44
Cover_T862 60
Cover_T863 -38
Cover_T864 48
Cover_T865 -38
Cover_T866 50
Cover_T867 -36
Cover_T868 54
Cover_T869 -36
Cover_T870 48
Cover_T871 -36
Cover_T872 64
Cover_T873 -36
Cover_T874 58
Cover_T875 -36
Cover_T876 60
Cover_T877 -40
Cover_T878 58
Cover_T879 -40
Cover_T880 62
Cover_T881 -40
Cover_T882 60
Cover_T883 -42
Cover_T884 48
Cover_T885 -46
Cover_T886 56
Cover_T887 -46
Cover_T888 56
Cover_T889 -46
Cover_T890 52
Cover_T891 -48
Cover_T892 54
Cover_T893 -48
Cover_T894 4
Cover_T895 -2
Cover_T896 34
Cover_T897 2
Cover_T898 18
Cover_T899 36
Cover_T900 50
Cover_T901 20
Cover_T902 34
Cover_T903 48
Cover_T904 16
Cover_T905 20
Cover_T906 998
Cover_T907 968
Cover_T908 966
Cover_T909 968
Cover_T910 966
Cover_T911 920
Cover_T912 990
Cover_T913 970
Cover_T914 946
Cover_T915 980
Cover_T916 956
Cover_T917 994
Cover_T918 996
Cover_T919 0
Cover_T920 62
Cover_T921 0
Cover_T922 86
Cover_T923 12
Cover_T924 50
Cover_T925 0
Cover_T926 36
Cover_T927 0
Cover_T928 24
Cover_T929 0
Cover_T930 4
Cover_T931 -34
Cover_T932 52
Cover_T933 -38
Cover_T934 54
Cover_T935 -18
Cover_T936 52
Cover_T937 2
Cover_T938 52
Cover_T939 22
Cover_T940 52
Cover_T941 52
Cover_T942 -24
Cover_T943 56
Cover_T944 -34
Cover_T945 60
Cover_T946 36
Cover_T947 66
Cover_T948 22
Cover_T949 90
Cover_T950 10
Cover_T951 84
Cover_T952 0
Cover_T953 74
Cover_T954 100
Cover_T955 74
Cover_T956 80
Cover_T957 102
Cover_T958 62
Cover_T959 30
Cover_T960 56
Cover_T961 30
Cover_T962 20
Cover_T963 54
Cover_T964 14
Cover_T965 70
Cover_T966 64
Cover_T967 -14
Cover_T968 54
Cover_T969 -2
Cover_T970 40
Cover_T971 30
Cover_T972 40
Cover_T973 54
Cover_T974 40
Cover_T975 4
Cover_T976 20
Cover_T977 0
Cover_T978 30
Cover_T979 2
Cover_T980 14
Cover_T981 6
Cover_T982 24
Cover_T983 0
Count_D0 -984
Count_D1 -1000
Max_H0_P0 0
Max_H0_P1 0
Max_H0_P2 0
Max_H0_P3 0
Max_H0_P4 0
Max_H0_P5 -4.68441e-10
Max_H0_P6 -3.81881e-10
Max_H0_P7 0
Max_H0_P8 0
Max_H0_P9 0
Max_H0_P10 0
Max_H0_P11 0
Max_H0_P12 0
Max_H0_P13 0
Max_H0_P14 0
Max_H0_P15 4.48708e-12
Max_H0_P16 -2.09053e-11
Max_H0_P17 6.13321e-11
Max_H0_P18 -1.53795e-11
Max_H0_P19 -3.85558e-11
Max_H0_P20 -9.10063e-11
Max_H0_P21 -9.75586e-11
Max_H0_P22 -5.17693e-11
Max_H0_P23 -1.41623e-11
Max_H0_P24 -1.15952e-10
Max_H0_P25 -6.75387e-11
Max_H0_P26 -1.13028e-10
Max_H0_P27 -1.91193e-10
Max_H0_P28 -3.33541e-11
Max_H0_P29 -6.49152e-11
Max_H0_P30 -8.34621e-11
Max_H0_P31 -6.02831e-11
Max_H0_P32 -8.23093e-11
Max_H0_P33 -2.05219e-11
Max_H0_P34 -3.89857e-11
Max_H0_P35 -6.88702e-11
Max_H0_P36 -7.78524e-11
Max_H0_P37 -1.32765e-11
Max_H0_P38 -1.70247e-12
Max_H0_P39 -2.96141e-12
Max_H0_P40 -4.01897e-11
Max_H0_P41 5.11283e-11
Max_H0_P42 -3.24647e-11
Max_H0_P43 -4.80313e-11
Max_H0_P44 -3.16618e-11
Max_H0_P45 -5.53692e-11
Max_H0_P46 0
Max_H0_P47 0
Max_H0_P48 0
Max_H0_P49 0
Max_H0_P50 0
Max_H0_P51 0
Max_H0_P52 0
Max_H0_P53 0
Max_H0_P54 0
Max_H0_P55 0
Max_H0_P56 0
Max_H0_P57 0
Max_H0_P58 0
Max_H0_P59 0
Max_H0_P60 0
Max_H0_P61 1.39941e-11
Max_H0_P62 0
Max_H0_P63 1.16905e-12
Max_H0_P64 0
Max_H0_P65 0
Max_H0_P66 0
Max_H0_P67 0
Max_H0_P68 0
Max_H0_P69 0
Max_H0_P70 0
Max_H0_P71 0
Max_H0_P72 0
Max_H0_P73 0
Max_H0_P74 0
Max_H0_P75 0
Max_H0_P76 0
Max_H0_P77 -2.7281e-11
Max_H0_P78 0
Max_H0_P79 0
Max_H0_P80 0
Max_H0_P81 0
Max_H1_P0 0
Max_H1_P1 0
Max_H1_P2 0
Max_H1_P3 0
Max_H1_P4 0
Max_H1_P5 -4.15614e-10
Max_H1_P6 -5.07821e-10
Max_H1_P7 0
Max_H1_P8 0
Max_H1_P9 0
Max_H1_P10 0
Max_H1_P11 0
Max_H1_P12 0
Max_H1_P13 0
Max_H1_P14 0
Max_H1_P15 0
Max_H1_P16 4.45689e-11
Max_H1_P17 4.02656e-11
Max_H1_P18 3.91815e-11
Max_H1_P19 -1.90994e-11
Max_H1_P20 -4.77349e-11
Max_H1_P21 -6.74305e-11
Max_H1_P22 -6.59562e-11
Max_H1_P23 -3.73745e-12
Max_H1_P24 3.78737e-11
Max_H1_P25 0
Max_H1_P26 -1.43264e-10
Max_H1_P27 -1.952e-10
Max_H1_P28 -1.08754e-10
Max_H1_P29 -5.49419e-11
Max_H1_P30 7.94387e-12
Max_H1_P31 -1.19025e-11
Max_H1_P32 -1.29798e-10
Max_H1_P33 -4.84169e-11
Max_H1_P34 -7.53326e-11
Max_H1_P35 -6.92353e-11
Max_H1_P36 -3.95817e-12
Max_H1_P37 -3.11786e-11
Max_H1_P38 -8.87499e-11
Max_H1_P39 -1.38512e-10
Max_H1_P40 -6.05134e-11
Max_H1_P41 -2.75233e-11
Max_H1_P42 7.47948e-12
Max_H1_P43 3.82698e-11
Max_H1_P44 -1.1823e-10
Max_H1_P45 -6.07159e-11
Max_H1_P46 -3.16789e-11
Max_H1_P47 0
Max_H1_P48 0
Max_H1_P49 0
Max_H1_P50 0
Max_H1_P51 0
Max_H1_P52 0
Max_H1_P53 0
Max_H1_P54 0
Max_H1_P55 0
Max_H1_P56 0
Max_H1_P57 0
Max_H1_P58 0
Max_H1_P59 -7.41078e-11
Max_H1_P60 0
Max_H1_P61 0
Max_H1_P62 0
Max_H1_P63 0
Max_H1_P64 0
Max_H1_P65 3.61762e-11
Max_H1_P66 0
Max_H1_P67 0
Max_H1_P68 0
Max_H1_P69 0
Max_H1_P70 0
Max_H1_P71 0
Max_H1_P72 0
Max_H1_P73 0
Max_H1_P74 0
Max_H1_P75 0
Max_H1_P76 -2.7281e-11
Max_H1_P77 1.76506e-10
Max_H1_P78 -1.49225e-10
Max_H1_P79 -1.06226e-11
Max_H1_P80 0
Max_H1_P81 0
