
Branch and bound

  Entire solving process        :                           (Time    857.4)
  No feasible solution was found
  Best relaxation cost          :     57946.52 (Node     0) (Time    857.4)
  Lower bound after cuts        :     57946.52
  End lower bound               :     57946.52
  Deepest level reached         : 0
  Deepest real level reached    : 0
  Number of real nodes solved   : 1
  Stopping condition            : enough nodes explored

Problem identification

  Problem                       : <null>
  Machine                       : oslo1.gerad.lan

Solving process summary

  Linear relaxations            :        1
  Column generation iterations  :      186
  Shortest paths solved         :     4670
  Columns generated             :    55272

Instance characteristics

  Resources                     : 3
  Node types                    : no
  Arc types                     : no
  Strong resource windows       : no
  Weak resource windows         : no
  Resource windows (nodes)      : 3
  Resource values (arcs)        : 3
  Values on nodes               : no

  Rows                          : 1150
  Initial columns               : 2
  Tasks                         : 988
  Strong tasks                  : 984
  Weak tasks                    : 4
  Initial task constraints      : no
  Nodes                         : 1316
  Arc sets                      : 1
  Arcs                          : 42755
  Networks                      : 2
  Models                        : 1

Memory used per module (Megs)

  Parser (reused)               :      8.847
  Networks                      :     35.478
  Column generator              :     16.347
  Master problem                :     11.326
  -----------------
  Total                         :     63.151

Cpu time per module (seconds)

  Parser                        :        0.0
  Preprocessor                  :        0.0
  Lr solver manager             :        0.2
  Column generator              :      112.2
    (Shortest path)             :      100.8
  Master problem                :      745.0
  -------------------
  Total (without b&b)           :      857.4

Real elapsed time (seconds)

  Parser                        :        0.0
  Preprocessor                  :        0.0
  Lr solver manager             :        0.1
  Column generator              :      112.2
    (Shortest path)             :      101.1
  Master problem                :      745.0
  -------------------
  Total (without b&b)           :      857.4
