Cover_T0 52
Cover_T1 -52
Cover_T2 52
Cover_T3 -52
Cover_T4 52
Cover_T5 -52
Cover_T6 52
Cover_T7 -52
Cover_T8 52
Cover_T9 -52
Cover_T10 52
Cover_T11 -52
Cover_T12 54
Cover_T13 -44
Cover_T14 54
Cover_T15 -44
Cover_T16 52
Cover_T17 -42
Cover_T18 60
Cover_T19 -40
Cover_T20 58
Cover_T21 -36
Cover_T22 70
Cover_T23 -32
Cover_T24 44
Cover_T25 -6
Cover_T26 48
Cover_T27 46
Cover_T28 48
Cover_T29 16
Cover_T30 988
Cover_T31 944
Cover_T32 1026
Cover_T33 924
Cover_T34 952
Cover_T35 948
Cover_T36 952
Cover_T37 -14
Cover_T38 4
Cover_T39 -30
Cover_T40 56
Cover_T41 -6
Cover_T42 28
Cover_T43 18
Cover_T44 52
Cover_T45 42
Cover_T46 28
Cover_T47 -20
Cover_T48 18
Cover_T49 -24
Cover_T50 -18
Cover_T51 -14
Cover_T52 4
Cover_T53 14
Cover_T54 40
Cover_T55 46
Cover_T56 8
Cover_T57 14
Cover_T58 0
Cover_T59 -22
Cover_T60 32
Cover_T61 10
Cover_T62 8.94056e-13
Cover_T63 -46
Cover_T64 -32
Cover_T65 -14
Cover_T66 7.60344e-12
Cover_T67 18
Cover_T68 4
Cover_T69 42
Cover_T70 0
Cover_T71 2
Cover_T72 2
Cover_T73 0
Cover_T74 8
Cover_T75 0
Cover_T76 4
Cover_T77 0
Cover_T78 4
Cover_T79 2
Cover_T80 4
Cover_T81 6
Cover_T82 -22
Cover_T83 14
Cover_T84 -30
Cover_T85 10
Cover_T86 10
Cover_T87 28
Cover_T88 0
Cover_T89 52
Cover_T90 52
Cover_T91 52
Cover_T92 28
Cover_T93 2
Cover_T94 4
Cover_T95 -44
Cover_T96 -16
Cover_T97 -5.12342e-11
Cover_T98 6
Cover_T99 20
Cover_T100 -30
Cover_T101 60
Cover_T102 52
Cover_T103 16
Cover_T104 32
Cover_T105 74
Cover_T106 52
Cover_T107 82
Cover_T108 28
Cover_T109 26
Cover_T110 42
Cover_T111 46
Cover_T112 6
Cover_T113 14
Cover_T114 -3.30601e-10
Cover_T115 50
Cover_T116 -4
Cover_T117 38
Cover_T118 -18
Cover_T119 38
Cover_T120 -32
Cover_T121 32
Cover_T122 -18
Cover_T123 38
Cover_T124 -26
Cover_T125 46
Cover_T126 -18
Cover_T127 18
Cover_T128 -18
Cover_T129 44
Cover_T130 -28
Cover_T131 28
Cover_T132 -18
Cover_T133 32
Cover_T134 -30
Cover_T135 56
Cover_T136 -20
Cover_T137 52
Cover_T138 -22
Cover_T139 52
Cover_T140 -18
Cover_T141 42
Cover_T142 -22
Cover_T143 58
Cover_T144 -26
Cover_T145 54
Cover_T146 -22
Cover_T147 62
Cover_T148 -22
Cover_T149 62
Cover_T150 -36
Cover_T151 50
Cover_T152 -36
Cover_T153 56
Cover_T154 -44
Cover_T155 52
Cover_T156 -52
Cover_T157 52
Cover_T158 -52
Cover_T159 56
Cover_T160 -44
Cover_T161 52
Cover_T162 -42
Cover_T163 60
Cover_T164 -26
Cover_T165 78
Cover_T166 -30
Cover_T167 58
Cover_T168 -14
Cover_T169 56
Cover_T170 30
Cover_T171 58
Cover_T172 28
Cover_T173 14
Cover_T174 10
Cover_T175 998
Cover_T176 936
Cover_T177 924
Cover_T178 910
Cover_T179 964
Cover_T180 946
Cover_T181 964
Cover_T182 -24
Cover_T183 16
Cover_T184 -20
Cover_T185 48
Cover_T186 24
Cover_T187 48
Cover_T188 -32
Cover_T189 52
Cover_T190 -8
Cover_T191 28
Cover_T192 -32
Cover_T193 4
Cover_T194 -42
Cover_T195 -12
Cover_T196 -18
Cover_T197 -36
Cover_T198 8
Cover_T199 52
Cover_T200 52
Cover_T201 8
Cover_T202 -36
Cover_T203 52
Cover_T204 2
Cover_T205 20
Cover_T206 10
Cover_T207 -12
Cover_T208 -22
Cover_T209 20
Cover_T210 10
Cover_T211 14
Cover_T212 42
Cover_T213 6
Cover_T214 10
Cover_T215 2
Cover_T216 0
Cover_T217 0
Cover_T218 8
Cover_T219 0
Cover_T220 7.28022e-11
Cover_T221 1.07834e-10
Cover_T222 14
Cover_T223 8
Cover_T224 10
Cover_T225 -10
Cover_T226 10
Cover_T227 -34
Cover_T228 6
Cover_T229 -42
Cover_T230 32
Cover_T231 0
Cover_T232 40
Cover_T233 48
Cover_T234 8
Cover_T235 16
Cover_T236 22
Cover_T237 8
Cover_T238 -30
Cover_T239 -8
Cover_T240 -6
Cover_T241 -32
Cover_T242 2
Cover_T243 10
Cover_T244 18
Cover_T245 -14
Cover_T246 54
Cover_T247 44
Cover_T248 86
Cover_T249 40
Cover_T250 40
Cover_T251 -4
Cover_T252 22
Cover_T253 12
Cover_T254 48
Cover_T255 -6
Cover_T256 36
Cover_T257 -6
Cover_T258 36
Cover_T259 -18
Cover_T260 30
Cover_T261 -46
Cover_T262 36
Cover_T263 -18
Cover_T264 44
Cover_T265 -44
Cover_T266 34
Cover_T267 -18
Cover_T268 42
Cover_T269 -18
Cover_T270 34
Cover_T271 -22
Cover_T272 26
Cover_T273 -18
Cover_T274 38
Cover_T275 -18
Cover_T276 48
Cover_T277 -42
Cover_T278 40
Cover_T279 -24
Cover_T280 32
Cover_T281 -18
Cover_T282 56
Cover_T283 -42
Cover_T284 38
Cover_T285 -30
Cover_T286 32
Cover_T287 -28
Cover_T288 66
Cover_T289 -48
Cover_T290 36
Cover_T291 -36
Cover_T292 38
Cover_T293 -36
Cover_T294 62
Cover_T295 -22
Cover_T296 54
Cover_T297 -32
Cover_T298 48
Cover_T299 -36
Cover_T300 56
Cover_T301 -36
Cover_T302 60
Cover_T303 -40
Cover_T304 60
Cover_T305 -44
Cover_T306 58
Cover_T307 -32
Cover_T308 68
Cover_T309 -28
Cover_T310 78
Cover_T311 -26
Cover_T312 52
Cover_T313 0
Cover_T314 48
Cover_T315 -26
Cover_T316 48
Cover_T317 28
Cover_T318 50
Cover_T319 -2
Cover_T320 1012
Cover_T321 944
Cover_T322 1006
Cover_T323 904
Cover_T324 1006
Cover_T325 948
Cover_T326 932
Cover_T327 942
Cover_T328 932
Cover_T329 -24
Cover_T330 -16
Cover_T331 -44
Cover_T332 54
Cover_T333 -24
Cover_T334 28
Cover_T335 -4
Cover_T336 8
Cover_T337 16
Cover_T338 36
Cover_T339 36
Cover_T340 50
Cover_T341 -40
Cover_T342 24
Cover_T343 -8
Cover_T344 3.81775e-10
Cover_T345 -24
Cover_T346 -32
Cover_T347 -26
Cover_T348 0
Cover_T349 6
Cover_T350 42
Cover_T351 18
Cover_T352 22
Cover_T353 38
Cover_T354 2
Cover_T355 52
Cover_T356 6
Cover_T357 14
Cover_T358 50
Cover_T359 -34
Cover_T360 30
Cover_T361 -8
Cover_T362 -2
Cover_T363 -3.70903e-11
Cover_T364 -34
Cover_T365 -32
Cover_T366 -2
Cover_T367 0
Cover_T368 8
Cover_T369 32
Cover_T370 0
Cover_T371 0
Cover_T372 0
Cover_T373 0
Cover_T374 6
Cover_T375 12
Cover_T376 -2
Cover_T377 18
Cover_T378 -2
Cover_T379 0
Cover_T380 -28
Cover_T381 0
Cover_T382 -36
Cover_T383 0
Cover_T384 2
Cover_T385 14
Cover_T386 -4
Cover_T387 34
Cover_T388 52
Cover_T389 30
Cover_T390 32
Cover_T391 50
Cover_T392 12
Cover_T393 6
Cover_T394 8
Cover_T395 12
Cover_T396 -4
Cover_T397 -44
Cover_T398 -24
Cover_T399 -24
Cover_T400 -44
Cover_T401 -4
Cover_T402 2
Cover_T403 0
Cover_T404 -18
Cover_T405 12
Cover_T406 -38
Cover_T407 40
Cover_T408 44
Cover_T409 62
Cover_T410 24
Cover_T411 54
Cover_T412 48
Cover_T413 62
Cover_T414 26
Cover_T415 110
Cover_T416 44
Cover_T417 34
Cover_T418 46
Cover_T419 54
Cover_T420 10
Cover_T421 42
Cover_T422 -12
Cover_T423 38
Cover_T424 -18
Cover_T425 46
Cover_T426 -22
Cover_T427 26
Cover_T428 -18
Cover_T429 36
Cover_T430 -38
Cover_T431 32
Cover_T432 -18
Cover_T433 52
Cover_T434 -18
Cover_T435 30
Cover_T436 -18
Cover_T437 26
Cover_T438 -18
Cover_T439 52
Cover_T440 -32
Cover_T441 24
Cover_T442 -28
Cover_T443 26
Cover_T444 -28
Cover_T445 34
Cover_T446 -18
Cover_T447 36
Cover_T448 -32
Cover_T449 48
Cover_T450 -18
Cover_T451 64
Cover_T452 -22
Cover_T453 66
Cover_T454 -22
Cover_T455 44
Cover_T456 -22
Cover_T457 74
Cover_T458 -22
Cover_T459 78
Cover_T460 -36
Cover_T461 60
Cover_T462 -36
Cover_T463 68
Cover_T464 -40
Cover_T465 64
Cover_T466 -44
Cover_T467 58
Cover_T468 6
Cover_T469 34
Cover_T470 22
Cover_T471 78
Cover_T472 22
Cover_T473 62
Cover_T474 0
Cover_T475 34
Cover_T476 76
Cover_T477 10
Cover_T478 8
Cover_T479 998
Cover_T480 936
Cover_T481 1016
Cover_T482 964
Cover_T483 942
Cover_T484 988
Cover_T485 942
Cover_T486 0
Cover_T487 76
Cover_T488 -20
Cover_T489 56
Cover_T490 24
Cover_T491 52
Cover_T492 52
Cover_T493 -28
Cover_T494 68
Cover_T495 0
Cover_T496 50
Cover_T497 100
Cover_T498 108
Cover_T499 80
Cover_T500 96
Cover_T501 60
Cover_T502 122
Cover_T503 100
Cover_T504 88
Cover_T505 80
Cover_T506 10
Cover_T507 0
Cover_T508 14
Cover_T509 24
Cover_T510 26
Cover_T511 24
Cover_T512 0
Count_D0 -984
Count_D1 -1000
Max_H0_P0 0
Max_H0_P1 0
Max_H0_P2 0
Max_H0_P3 0
Max_H0_P4 0
Max_H0_P5 0
Max_H0_P6 0
Max_H0_P7 0
Max_H0_P8 0
Max_H0_P9 0
Max_H0_P10 0
Max_H0_P11 0
Max_H0_P12 0
Max_H0_P13 0
Max_H0_P14 0
Max_H0_P15 0
Max_H0_P16 0
Max_H0_P17 0
Max_H0_P18 0
Max_H0_P19 -1.24523e-11
Max_H0_P20 0
Max_H0_P21 1.81603e-11
Max_H0_P22 0
Max_H0_P23 4.13891e-12
Max_H0_P24 9.55528e-12
Max_H0_P25 6.0852e-11
Max_H0_P26 -2.86935e-11
Max_H0_P27 2.18035e-11
Max_H0_P28 -8.34888e-12
Max_H0_P29 -2.14633e-11
Max_H0_P30 -2.72231e-11
Max_H0_P31 0
Max_H0_P32 1.86121e-11
Max_H0_P33 -4.43379e-11
Max_H0_P34 0
Max_H0_P35 2.03251e-11
Max_H0_P36 0
Max_H0_P37 6.09152e-12
Max_H0_P38 -1.61067e-11
Max_H0_P39 -2.73914e-11
Max_H0_P40 0
Max_H0_P41 0
Max_H0_P42 -4.00213e-11
Max_H0_P43 0
Max_H0_P44 0
Max_H0_P45 0
Max_H0_P46 0
Max_H0_P47 0
Max_H0_P48 0
Max_H0_P49 0
Max_H0_P50 0
Max_H0_P51 0
Max_H0_P52 0
Max_H0_P53 0
Max_H0_P54 0
Max_H0_P55 0
Max_H0_P56 0
Max_H0_P57 0
Max_H0_P58 0
Max_H0_P59 0
Max_H0_P60 0
Max_H0_P61 0
Max_H0_P62 0
Max_H0_P63 0
Max_H0_P64 0
Max_H0_P65 -0
Max_H0_P66 0
Max_H0_P67 0
Max_H0_P68 0
Max_H0_P69 0
Max_H0_P70 0
Max_H0_P71 0
Max_H0_P72 0
Max_H0_P73 0
Max_H0_P74 0
Max_H0_P75 0
Max_H0_P76 0
Max_H0_P77 0
Max_H0_P78 0
Max_H0_P79 0
Max_H0_P80 0
Max_H0_P81 0
Max_H1_P0 0
Max_H1_P1 0
Max_H1_P2 0
Max_H1_P3 0
Max_H1_P4 3.87956e-11
Max_H1_P5 0
Max_H1_P6 0
Max_H1_P7 0
Max_H1_P8 0
Max_H1_P9 0
Max_H1_P10 0
Max_H1_P11 0
Max_H1_P12 0
Max_H1_P13 0
Max_H1_P14 0
Max_H1_P15 0
Max_H1_P16 -3.19993e-11
Max_H1_P17 0
Max_H1_P18 0
Max_H1_P19 -2.75491e-11
Max_H1_P20 0
Max_H1_P21 2.22992e-11
Max_H1_P22 -3.22302e-11
Max_H1_P23 0
Max_H1_P24 6.30202e-11
Max_H1_P25 0
Max_H1_P26 -5.36886e-11
Max_H1_P27 2.11458e-11
Max_H1_P28 -8.94573e-12
Max_H1_P29 7.66972e-12
Max_H1_P30 -4.86864e-11
Max_H1_P31 4.49421e-11
Max_H1_P32 -4.10234e-11
Max_H1_P33 0
Max_H1_P34 0
Max_H1_P35 -3.16991e-11
Max_H1_P36 0
Max_H1_P37 0
Max_H1_P38 -5.82711e-11
Max_H1_P39 -2.05098e-11
Max_H1_P40 -1.12976e-12
Max_H1_P41 1.30811e-11
Max_H1_P42 -8.17657e-12
Max_H1_P43 -2.02641e-11
Max_H1_P44 4.44427e-11
Max_H1_P45 1.99987e-11
Max_H1_P46 1.71951e-12
Max_H1_P47 0
Max_H1_P48 0
Max_H1_P49 0
Max_H1_P50 0
Max_H1_P51 0
Max_H1_P52 -2.03366e-11
Max_H1_P53 0
Max_H1_P54 -1.35197e-11
Max_H1_P55 2.49212e-11
Max_H1_P56 0
Max_H1_P57 0
Max_H1_P58 0
Max_H1_P59 -7.64544e-12
Max_H1_P60 -2.45155e-11
Max_H1_P61 0
Max_H1_P62 1.0516e-11
Max_H1_P63 -4.22009e-11
Max_H1_P64 0
Max_H1_P65 0
Max_H1_P66 0
Max_H1_P67 1.44539e-11
Max_H1_P68 0
Max_H1_P69 0
Max_H1_P70 0
Max_H1_P71 0
Max_H1_P72 0
Max_H1_P73 0
Max_H1_P74 0
Max_H1_P75 0
Max_H1_P76 9.10738e-12
Max_H1_P77 2.19558e-12
Max_H1_P78 0
Max_H1_P79 -9.72333e-12
Max_H1_P80 0
Max_H1_P81 0
