Cover_T0 52
Cover_T1 -52
Cover_T2 52
Cover_T3 -52
Cover_T4 52
Cover_T5 -52
Cover_T6 52
Cover_T7 -52
Cover_T8 52
Cover_T9 -52
Cover_T10 52
Cover_T11 -52
Cover_T12 52
Cover_T13 -52
Cover_T14 52
Cover_T15 -52
Cover_T16 52
Cover_T17 -52
Cover_T18 52
Cover_T19 -52
Cover_T20 54
Cover_T21 -50
Cover_T22 56
Cover_T23 -50
Cover_T24 58
Cover_T25 -50
Cover_T26 56
Cover_T27 -50
Cover_T28 56
Cover_T29 -48
Cover_T30 56
Cover_T31 -36
Cover_T32 56
Cover_T33 -48
Cover_T34 52
Cover_T35 -42
Cover_T36 56
Cover_T37 -36
Cover_T38 50
Cover_T39 -18
Cover_T40 68
Cover_T41 -30
Cover_T42 44
Cover_T43 936
Cover_T44 988
Cover_T45 938
Cover_T46 970
Cover_T47 926
Cover_T48 954
Cover_T49 942
Cover_T50 1014
Cover_T51 932
Cover_T52 1028
Cover_T53 948
Cover_T54 64
Cover_T55 20
Cover_T56 66
Cover_T57 32
Cover_T58 66
Cover_T59 40
Cover_T60 38
Cover_T61 -42
Cover_T62 8
Cover_T63 -36
Cover_T64 2.62933e-10
Cover_T65 -32
Cover_T66 14
Cover_T67 -12
Cover_T68 14
Cover_T69 8
Cover_T70 4
Cover_T71 16
Cover_T72 30
Cover_T73 2
Cover_T74 12
Cover_T75 -10
Cover_T76 8
Cover_T77 -6
Cover_T78 40
Cover_T79 10
Cover_T80 24
Cover_T81 -18
Cover_T82 8
Cover_T83 -2
Cover_T84 0
Cover_T85 2
Cover_T86 4
Cover_T87 -30
Cover_T88 0
Cover_T89 -14
Cover_T90 -2
Cover_T91 -1.41877e-11
Cover_T92 2
Cover_T93 2
Cover_T94 12
Cover_T95 6
Cover_T96 -4
Cover_T97 10
Cover_T98 18
Cover_T99 12
Cover_T100 2
Cover_T101 8
Cover_T102 -14
Cover_T103 4
Cover_T104 2
Cover_T105 -6
Cover_T106 26
Cover_T107 22
Cover_T108 38
Cover_T109 6
Cover_T110 42
Cover_T111 -18
Cover_T112 14
Cover_T113 -30
Cover_T114 2
Cover_T115 -34
Cover_T116 16
Cover_T117 -6
Cover_T118 42
Cover_T119 6
Cover_T120 18
Cover_T121 -16
Cover_T122 -2
Cover_T123 4
Cover_T124 -2.13558e-11
Cover_T125 -30
Cover_T126 -16
Cover_T127 -10
Cover_T128 -36
Cover_T129 10
Cover_T130 -36
Cover_T131 8
Cover_T132 12
Cover_T133 20
Cover_T134 -4
Cover_T135 36
Cover_T136 1.25421e-10
Cover_T137 52
Cover_T138 -16
Cover_T139 48
Cover_T140 -32
Cover_T141 -2
Cover_T142 -48
Cover_T143 14
Cover_T144 -42
Cover_T145 10
Cover_T146 -10
Cover_T147 30
Cover_T148 -26
Cover_T149 46
Cover_T150 -42
Cover_T151 44
Cover_T152 30
Cover_T153 58
Cover_T154 14
Cover_T155 26
Cover_T156 20
Cover_T157 44
Cover_T158 18
Cover_T159 64
Cover_T160 28
Cover_T161 -8
Cover_T162 6
Cover_T163 12
Cover_T164 8
Cover_T165 6
Cover_T166 8
Cover_T167 -6
Cover_T168 36
Cover_T169 24
Cover_T170 8
Cover_T171 24
Cover_T172 -12
Cover_T173 26
Cover_T174 -20
Cover_T175 12
Cover_T176 -36
Cover_T177 22
Cover_T178 28
Cover_T179 24
Cover_T180 2
Cover_T181 52
Cover_T182 4
Cover_T183 50
Cover_T184 4
Cover_T185 66
Cover_T186 -6
Cover_T187 80
Cover_T188 -4
Cover_T189 18
Cover_T190 -10
Cover_T191 40
Cover_T192 -10
Cover_T193 28
Cover_T194 -10
Cover_T195 46
Cover_T196 -14
Cover_T197 22
Cover_T198 -30
Cover_T199 32
Cover_T200 -16
Cover_T201 46
Cover_T202 -20
Cover_T203 30
Cover_T204 -22
Cover_T205 36
Cover_T206 -26
Cover_T207 38
Cover_T208 -20
Cover_T209 50
Cover_T210 -24
Cover_T211 40
Cover_T212 -28
Cover_T213 34
Cover_T214 -30
Cover_T215 44
Cover_T216 -30
Cover_T217 54
Cover_T218 -34
Cover_T219 54
Cover_T220 -36
Cover_T221 50
Cover_T222 -36
Cover_T223 50
Cover_T224 -38
Cover_T225 46
Cover_T226 -46
Cover_T227 46
Cover_T228 -38
Cover_T229 44
Cover_T230 -42
Cover_T231 48
Cover_T232 -36
Cover_T233 48
Cover_T234 -36
Cover_T235 54
Cover_T236 -36
Cover_T237 56
Cover_T238 -40
Cover_T239 52
Cover_T240 -40
Cover_T241 62
Cover_T242 -42
Cover_T243 56
Cover_T244 -44
Cover_T245 58
Cover_T246 -44
Cover_T247 58
Cover_T248 -46
Cover_T249 52
Cover_T250 -52
Cover_T251 52
Cover_T252 -52
Cover_T253 52
Cover_T254 -52
Cover_T255 52
Cover_T256 -52
Cover_T257 54
Cover_T258 -50
Cover_T259 52
Cover_T260 -52
Cover_T261 52
Cover_T262 -52
Cover_T263 52
Cover_T264 -34
Cover_T265 58
Cover_T266 -38
Cover_T267 52
Cover_T268 -22
Cover_T269 56
Cover_T270 -30
Cover_T271 56
Cover_T272 940
Cover_T273 982
Cover_T274 924
Cover_T275 982
Cover_T276 938
Cover_T277 966
Cover_T278 926
Cover_T279 966
Cover_T280 922
Cover_T281 936
Cover_T282 930
Cover_T283 1026
Cover_T284 942
Cover_T285 62
Cover_T286 0
Cover_T287 62
Cover_T288 14
Cover_T289 62
Cover_T290 28
Cover_T291 72
Cover_T292 32
Cover_T293 78
Cover_T294 44
Cover_T295 50
Cover_T296 -38
Cover_T297 36
Cover_T298 -34
Cover_T299 20
Cover_T300 -42
Cover_T301 12
Cover_T302 -32
Cover_T303 -6
Cover_T304 -16
Cover_T305 4
Cover_T306 -8.29914e-10
Cover_T307 16
Cover_T308 4
Cover_T309 12
Cover_T310 20
Cover_T311 -4
Cover_T312 6
Cover_T313 18
Cover_T314 -2
Cover_T315 -1.91851e-11
Cover_T316 6
Cover_T317 38
Cover_T318 -18
Cover_T319 18
Cover_T320 0
Cover_T321 0
Cover_T322 -38
Cover_T323 6
Cover_T324 -20
Cover_T325 2
Cover_T326 -4
Cover_T327 0
Cover_T328 4
Cover_T329 4
Cover_T330 4.91127e-11
Cover_T331 14
Cover_T332 4
Cover_T333 -2
Cover_T334 6
Cover_T335 20
Cover_T336 2
Cover_T337 4
Cover_T338 -8
Cover_T339 -12
Cover_T340 8
Cover_T341 6
Cover_T342 -14
Cover_T343 0
Cover_T344 2
Cover_T345 36
Cover_T346 18
Cover_T347 20
Cover_T348 0
Cover_T349 44
Cover_T350 6
Cover_T351 28
Cover_T352 -30
Cover_T353 44
Cover_T354 -8
Cover_T355 16
Cover_T356 -20
Cover_T357 4
Cover_T358 -24
Cover_T359 18
Cover_T360 4
Cover_T361 44
Cover_T362 16
Cover_T363 16
Cover_T364 2
Cover_T365 10
Cover_T366 -24
Cover_T367 -14
Cover_T368 4
Cover_T369 -42
Cover_T370 10
Cover_T371 -46
Cover_T372 26
Cover_T373 0
Cover_T374 46
Cover_T375 9.80585e-11
Cover_T376 46
Cover_T377 -20
Cover_T378 -1.61595e-11
Cover_T379 -40
Cover_T380 -1.70539e-10
Cover_T381 -38
Cover_T382 20
Cover_T383 -8
Cover_T384 36
Cover_T385 -24
Cover_T386 56
Cover_T387 -40
Cover_T388 54
Cover_T389 32
Cover_T390 22
Cover_T391 16
Cover_T392 38
Cover_T393 0
Cover_T394 54
Cover_T395 18
Cover_T396 -12
Cover_T397 28
Cover_T398 4
Cover_T399 10
Cover_T400 0
Cover_T401 20
Cover_T402 0
Cover_T403 0
Cover_T404 -6
Cover_T405 4
Cover_T406 16
Cover_T407 32
Cover_T408 6
Cover_T409 12
Cover_T410 24
Cover_T411 -4
Cover_T412 36
Cover_T413 -12
Cover_T414 24
Cover_T415 14
Cover_T416 46
Cover_T417 12
Cover_T418 78
Cover_T419 -4
Cover_T420 34
Cover_T421 -10
Cover_T422 42
Cover_T423 -14
Cover_T424 32
Cover_T425 -22
Cover_T426 44
Cover_T427 -22
Cover_T428 36
Cover_T429 -20
Cover_T430 44
Cover_T431 -20
Cover_T432 44
Cover_T433 -24
Cover_T434 42
Cover_T435 -24
Cover_T436 38
Cover_T437 -30
Cover_T438 36
Cover_T439 -42
Cover_T440 44
Cover_T441 -34
Cover_T442 34
Cover_T443 -30
Cover_T444 42
Cover_T445 -38
Cover_T446 40
Cover_T447 -34
Cover_T448 50
Cover_T449 -34
Cover_T450 42
Cover_T451 -46
Cover_T452 40
Cover_T453 -34
Cover_T454 48
Cover_T455 -42
Cover_T456 36
Cover_T457 -34
Cover_T458 52
Cover_T459 -36
Cover_T460 44
Cover_T461 -42
Cover_T462 36
Cover_T463 -36
Cover_T464 36
Cover_T465 -36
Cover_T466 46
Cover_T467 -36
Cover_T468 46
Cover_T469 -36
Cover_T470 46
Cover_T471 -36
Cover_T472 50
Cover_T473 -44
Cover_T474 46
Cover_T475 -40
Cover_T476 48
Cover_T477 -36
Cover_T478 50
Cover_T479 -40
Cover_T480 58
Cover_T481 -40
Cover_T482 52
Cover_T483 -48
Cover_T484 50
Cover_T485 -46
Cover_T486 60
Cover_T487 -42
Cover_T488 54
Cover_T489 -44
Cover_T490 58
Cover_T491 -48
Cover_T492 52
Cover_T493 -46
Cover_T494 52
Cover_T495 54
Cover_T496 -46
Cover_T497 60
Cover_T498 -46
Cover_T499 56
Cover_T500 -38
Cover_T501 52
Cover_T502 -34
Cover_T503 60
Cover_T504 -34
Cover_T505 54
Cover_T506 -20
Cover_T507 62
Cover_T508 940
Cover_T509 994
Cover_T510 942
Cover_T511 970
Cover_T512 930
Cover_T513 968
Cover_T514 946
Cover_T515 1040
Cover_T516 946
Cover_T517 1038
Cover_T518 952
Cover_T519 1022
Cover_T520 942
Cover_T521 1032
Cover_T522 948
Cover_T523 60
Cover_T524 20
Cover_T525 46
Cover_T526 32
Cover_T527 46
Cover_T528 46
Cover_T529 18
Cover_T530 -32
Cover_T531 14
Cover_T532 -34
Cover_T533 0
Cover_T534 -36
Cover_T535 14
Cover_T536 -40
Cover_T537 0
Cover_T538 -28
Cover_T539 22
Cover_T540 -16
Cover_T541 12
Cover_T542 -4
Cover_T543 0
Cover_T544 8
Cover_T545 34
Cover_T546 8
Cover_T547 22
Cover_T548 20
Cover_T549 10
Cover_T550 -1.44652e-10
Cover_T551 8
Cover_T552 12
Cover_T553 44
Cover_T554 -4
Cover_T555 32
Cover_T556 -4
Cover_T557 20
Cover_T558 8
Cover_T559 8
Cover_T560 -24
Cover_T561 4
Cover_T562 -12
Cover_T563 0
Cover_T564 -8.51585e-11
Cover_T565 0
Cover_T566 0
Cover_T567 -9.42159e-12
Cover_T568 -36
Cover_T569 2
Cover_T570 -22
Cover_T571 6
Cover_T572 -6
Cover_T573 16
Cover_T574 2
Cover_T575 0
Cover_T576 -2
Cover_T577 22
Cover_T578 2
Cover_T579 6
Cover_T580 4
Cover_T581 -10
Cover_T582 0
Cover_T583 8
Cover_T584 -10
Cover_T585 4
Cover_T586 2
Cover_T587 44
Cover_T588 14
Cover_T589 32
Cover_T590 -12
Cover_T591 20
Cover_T592 0
Cover_T593 8
Cover_T594 12
Cover_T595 36
Cover_T596 24
Cover_T597 24
Cover_T598 2
Cover_T599 44
Cover_T600 4
Cover_T601 32
Cover_T602 -36
Cover_T603 20
Cover_T604 -24
Cover_T605 6
Cover_T606 -8
Cover_T607 6
Cover_T608 -32
Cover_T609 -10
Cover_T610 -16
Cover_T611 16
Cover_T612 -32
Cover_T613 0
Cover_T614 -16
Cover_T615 38
Cover_T616 -4.66514e-10
Cover_T617 22
Cover_T618 0
Cover_T619 6
Cover_T620 22
Cover_T621 0
Cover_T622 8
Cover_T623 -24
Cover_T624 -18
Cover_T625 -52
Cover_T626 10
Cover_T627 6
Cover_T628 16
Cover_T629 2
Cover_T630 32
Cover_T631 -18
Cover_T632 52
Cover_T633 -38
Cover_T634 52
Cover_T635 -36
Cover_T636 6
Cover_T637 -8
Cover_T638 10
Cover_T639 -28
Cover_T640 26
Cover_T641 -44
Cover_T642 46
Cover_T643 32
Cover_T644 58
Cover_T645 20
Cover_T646 48
Cover_T647 8
Cover_T648 56
Cover_T649 18
Cover_T650 24
Cover_T651 22
Cover_T652 44
Cover_T653 30
Cover_T654 56
Cover_T655 22
Cover_T656 60
Cover_T657 10
Cover_T658 -8
Cover_T659 22
Cover_T660 4
Cover_T661 6
Cover_T662 24
Cover_T663 16
Cover_T664 6
Cover_T665 0
Cover_T666 8
Cover_T667 36
Cover_T668 0
Cover_T669 20
Cover_T670 4
Cover_T671 12
Cover_T672 30
Cover_T673 -6.56596e-10
Cover_T674 26
Cover_T675 -6
Cover_T676 26
Cover_T677 -18
Cover_T678 40
Cover_T679 -30
Cover_T680 50
Cover_T681 26
Cover_T682 8
Cover_T683 8
Cover_T684 32
Cover_T685 18
Cover_T686 44
Cover_T687 6
Cover_T688 60
Cover_T689 10
Cover_T690 62
Cover_T691 16
Cover_T692 68
Cover_T693 -14
Cover_T694 88
Cover_T695 1.17981e-09
Cover_T696 34
Cover_T697 1.00759e-09
Cover_T698 50
Cover_T699 -6
Cover_T700 44
Cover_T701 -12
Cover_T702 38
Cover_T703 -14
Cover_T704 48
Cover_T705 -16
Cover_T706 32
Cover_T707 -24
Cover_T708 44
Cover_T709 -26
Cover_T710 42
Cover_T711 -24
Cover_T712 34
Cover_T713 -30
Cover_T714 40
Cover_T715 -42
Cover_T716 44
Cover_T717 -30
Cover_T718 36
Cover_T719 -44
Cover_T720 46
Cover_T721 -34
Cover_T722 42
Cover_T723 -34
Cover_T724 42
Cover_T725 -34
Cover_T726 54
Cover_T727 -34
Cover_T728 38
Cover_T729 -36
Cover_T730 54
Cover_T731 -36
Cover_T732 42
Cover_T733 -36
Cover_T734 42
Cover_T735 -40
Cover_T736 46
Cover_T737 -36
Cover_T738 46
Cover_T739 -36
Cover_T740 48
Cover_T741 -36
Cover_T742 44
Cover_T743 -36
Cover_T744 54
Cover_T745 -40
Cover_T746 48
Cover_T747 -36
Cover_T748 54
Cover_T749 -40
Cover_T750 62
Cover_T751 -42
Cover_T752 58
Cover_T753 -42
Cover_T754 62
Cover_T755 -44
Cover_T756 62
Cover_T757 -46
Cover_T758 58
Cover_T759 22
Cover_T760 -2
Cover_T761 22
Cover_T762 2
Cover_T763 54
Cover_T764 12
Cover_T765 34
Cover_T766 12
Cover_T767 76
Cover_T768 8
Cover_T769 994
Cover_T770 18
Cover_T771 972
Cover_T772 944
Cover_T773 956
Cover_T774 958
Cover_T775 936
Cover_T776 922
Cover_T777 1008
Cover_T778 16
Cover_T779 1036
Cover_T780 32
Cover_T781 58
Cover_T782 48
Cover_T783 44
Cover_T784 64
Cover_T785 42
Cover_T786 0
Cover_T787 12
Cover_T788 -30
Cover_T789 56
Cover_T790 -2
Cover_T791 54
Cover_T792 0
Cover_T793 54
Cover_T794 28
Cover_T795 -4
Cover_T796 56
Cover_T797 0
Cover_T798 54
Cover_T799 -20
Cover_T800 60
Cover_T801 32
Cover_T802 46
Cover_T803 -1.17703e-09
Cover_T804 34
Cover_T805 0
Cover_T806 44
Cover_T807 0
Cover_T808 60
Cover_T809 16
Cover_T810 0
Cover_T811 0
Cover_T812 20
Cover_T813 34
Cover_T814 30
Cover_T815 16
Cover_T816 34
Cover_T817 0
Cover_T818 2
Cover_T819 0
Cover_T820 42
Cover_T821 0
Cover_T822 18
Cover_T823 66
Cover_T824 44
Cover_T825 44
Cover_T826 62
Cover_T827 0
Cover_T828 68
Cover_T829 0
Cover_T830 64
Cover_T831 0
Cover_T832 8
Cover_T833 34
Cover_T834 38
Cover_T835 28
Cover_T836 56
Cover_T837 8
Cover_T838 42
Cover_T839 22
Count_D0 -984
Count_D1 -1000
Max_H0_P0 0
Max_H0_P1 0
Max_H0_P2 0
Max_H0_P3 0
Max_H0_P4 0
Max_H0_P5 -2.25278e-11
Max_H0_P6 6.18279e-11
Max_H0_P7 0
Max_H0_P8 0
Max_H0_P9 0
Max_H0_P10 0
Max_H0_P11 0
Max_H0_P12 0
Max_H0_P13 0
Max_H0_P14 0
Max_H0_P15 0
Max_H0_P16 0
Max_H0_P17 0
Max_H0_P18 2.57734e-11
Max_H0_P19 2.57289e-11
Max_H0_P20 2.66454e-13
Max_H0_P21 1.47793e-12
Max_H0_P22 -4.83192e-11
Max_H0_P23 -5.95577e-11
Max_H0_P24 -3.70344e-11
Max_H0_P25 -4.47926e-11
Max_H0_P26 5.08715e-12
Max_H0_P27 -1.50738e-11
Max_H0_P28 -3.31115e-11
Max_H0_P29 -1.30574e-11
Max_H0_P30 1.80597e-11
Max_H0_P31 -5.87964e-12
Max_H0_P32 -9.01334e-12
Max_H0_P33 -1.67806e-11
Max_H0_P34 -1.54898e-11
Max_H0_P35 4.35556e-12
Max_H0_P36 -9.51542e-12
Max_H0_P37 -3.12212e-11
Max_H0_P38 -2.18133e-11
Max_H0_P39 -1.78237e-11
Max_H0_P40 1.73462e-11
Max_H0_P41 5.59457e-11
Max_H0_P42 3.02514e-12
Max_H0_P43 0
Max_H0_P44 0
Max_H0_P45 0
Max_H0_P46 0
Max_H0_P47 0
Max_H0_P48 0
Max_H0_P49 0
Max_H0_P50 0
Max_H0_P51 0
Max_H0_P52 0
Max_H0_P53 0
Max_H0_P54 0
Max_H0_P55 0
Max_H0_P56 0
Max_H0_P57 0
Max_H0_P58 0
Max_H0_P59 0
Max_H0_P60 0
Max_H0_P61 0
Max_H0_P62 0
Max_H0_P63 0
Max_H0_P64 0
Max_H0_P65 0
Max_H0_P66 0
Max_H0_P67 0
Max_H0_P68 0
Max_H0_P69 0
Max_H0_P70 0
Max_H0_P71 0
Max_H0_P72 0
Max_H0_P73 0
Max_H0_P74 0
Max_H0_P75 0
Max_H0_P76 0
Max_H0_P77 -4.12967e-11
Max_H0_P78 6.85958e-11
Max_H0_P79 0
Max_H0_P80 0
Max_H0_P81 0
Max_H1_P0 0
Max_H1_P1 0
Max_H1_P2 -1.37131e-10
Max_H1_P3 -2.51283e-11
Max_H1_P4 0
Max_H1_P5 0
Max_H1_P6 5.91101e-11
Max_H1_P7 0
Max_H1_P8 0
Max_H1_P9 0
Max_H1_P10 0
Max_H1_P11 0
Max_H1_P12 0
Max_H1_P13 0
Max_H1_P14 0
Max_H1_P15 3.71578e-11
Max_H1_P16 2.2355e-11
Max_H1_P17 -1.22831e-11
Max_H1_P18 3.90754e-11
Max_H1_P19 0
Max_H1_P20 -9.5941e-12
Max_H1_P21 -4.25189e-11
Max_H1_P22 -1.72815e-11
Max_H1_P23 -6.22926e-11
Max_H1_P24 -1.46834e-11
Max_H1_P25 -3.0167e-11
Max_H1_P26 -9.98661e-12
Max_H1_P27 0
Max_H1_P28 5.00222e-12
Max_H1_P29 -2.60094e-11
Max_H1_P30 -1.19122e-11
Max_H1_P31 -1.4893e-11
Max_H1_P32 2.07621e-11
Max_H1_P33 -2.13944e-11
Max_H1_P34 5.13008e-12
Max_H1_P35 2.28602e-11
Max_H1_P36 -4.68372e-11
Max_H1_P37 -4.02061e-11
Max_H1_P38 1.83927e-11
Max_H1_P39 -9.29644e-14
Max_H1_P40 4.46817e-12
Max_H1_P41 -1.25633e-12
Max_H1_P42 1.69189e-11
Max_H1_P43 0
Max_H1_P44 0
Max_H1_P45 0
Max_H1_P46 0
Max_H1_P47 0
Max_H1_P48 0
Max_H1_P49 0
Max_H1_P50 0
Max_H1_P51 0
Max_H1_P52 0
Max_H1_P53 0
Max_H1_P54 0
Max_H1_P55 0
Max_H1_P56 0
Max_H1_P57 0
Max_H1_P58 -2.98592e-11
Max_H1_P59 0
Max_H1_P60 -2.26548e-11
Max_H1_P61 0
Max_H1_P62 -3.48372e-11
Max_H1_P63 0
Max_H1_P64 0
Max_H1_P65 0
Max_H1_P66 -4.34612e-11
Max_H1_P67 4.14779e-12
Max_H1_P68 7.36105e-11
Max_H1_P69 3.12301e-11
Max_H1_P70 0
Max_H1_P71 0
Max_H1_P72 0
Max_H1_P73 0
Max_H1_P74 0
Max_H1_P75 0
Max_H1_P76 0
Max_H1_P77 1.26121e-12
Max_H1_P78 -2.49401e-12
Max_H1_P79 2.72991e-11
Max_H1_P80 0
Max_H1_P81 0
