
Branch and bound

  Entire solving process        :                           (Time    205.9)
  No feasible solution was found
  Best relaxation cost          :     42663.75 (Node     0) (Time    205.9)
  Lower bound after cuts        :     42663.75
  End lower bound               :     42663.75
  Deepest level reached         : 0
  Deepest real level reached    : 0
  Number of real nodes solved   : 1
  Stopping condition            : enough nodes explored

Problem identification

  Problem                       : <null>
  Machine                       : oslo5.gerad.lan

Solving process summary

  Linear relaxations            :        1
  Column generation iterations  :      168
  Shortest paths solved         :     3428
  Columns generated             :    36050

Instance characteristics

  Resources                     : 3
  Node types                    : no
  Arc types                     : no
  Strong resource windows       : no
  Weak resource windows         : no
  Resource windows (nodes)      : 3
  Resource values (arcs)        : 3
  Values on nodes               : no

  Rows                          : 832
  Initial columns               : 2
  Tasks                         : 670
  Strong tasks                  : 666
  Weak tasks                    : 4
  Initial task constraints      : no
  Nodes                         : 998
  Arc sets                      : 1
  Arcs                          : 21753
  Networks                      : 2
  Models                        : 1

Memory used per module (Megs)

  Parser (reused)               :      4.730
  Networks                      :     24.702
  Column generator              :      6.054
  Master problem                :      8.483
  -----------------
  Total                         :     39.239

Cpu time per module (seconds)

  Parser                        :        0.0
  Preprocessor                  :        0.0
  Lr solver manager             :        0.1
  Column generator              :       24.1
    (Shortest path)             :       20.7
  Master problem                :      181.6
  -------------------
  Total (without b&b)           :      205.9

Real elapsed time (seconds)

  Parser                        :        0.0
  Preprocessor                  :        0.0
  Lr solver manager             :        0.1
  Column generator              :       24.2
    (Shortest path)             :       21.0
  Master problem                :      181.5
  -------------------
  Total (without b&b)           :      205.9
