
Branch and bound

  Entire solving process        :                           (Time     44.3)
  No feasible solution was found
  Best relaxation cost          :     34803.84 (Node     0) (Time     44.3)
  Lower bound after cuts        :     34803.84
  End lower bound               :     34803.84
  Deepest level reached         : 0
  Deepest real level reached    : 0
  Number of real nodes solved   : 1
  Stopping condition            : enough nodes explored

Problem identification

  Problem                       : <null>
  Machine                       : oslo5.gerad.lan

Solving process summary

  Linear relaxations            :        1
  Column generation iterations  :      108
  Shortest paths solved         :     5709
  Columns generated             :    29439

Instance characteristics

  Resources                     : 3
  Node types                    : no
  Arc types                     : no
  Strong resource windows       : no
  Weak resource windows         : no
  Resource windows (nodes)      : 3
  Resource values (arcs)        : 3
  Values on nodes               : no

  Rows                          : 683
  Initial columns               : 278
  Tasks                         : 521
  Strong tasks                  : 364
  Weak tasks                    : 4
  Initial task constraints      : no
  Nodes                         : 849
  Arc sets                      : 1
  Arcs                          : 14221
  Networks                      : 2
  Models                        : 1

Memory used per module (Megs)

  Parser (reused)               :      3.277
  Networks                      :     21.674
  Column generator              :      3.996
  Master problem                :      7.016
  -----------------
  Total                         :     32.687

Cpu time per module (seconds)

  Parser                        :        0.0
  Preprocessor                  :        0.0
  Lr solver manager             :        0.1
  Column generator              :       11.6
    (Shortest path)             :        9.5
  Master problem                :       32.6
  -------------------
  Total (without b&b)           :       44.3

Real elapsed time (seconds)

  Parser                        :        0.0
  Preprocessor                  :        0.0
  Lr solver manager             :        0.1
  Column generator              :       11.4
    (Shortest path)             :        9.8
  Master problem                :       32.8
  -------------------
  Total (without b&b)           :       44.3
