
Branch and bound

  Entire solving process        :                           (Time    688.1)
  No feasible solution was found
  Best relaxation cost          :     47873.09 (Node     0) (Time    688.0)
  Lower bound after cuts        :     47873.09
  End lower bound               :     47873.09
  Deepest level reached         : 0
  Deepest real level reached    : 0
  Number of real nodes solved   : 1
  Stopping condition            : enough nodes explored

Problem identification

  Problem                       : <null>
  Machine                       : oslo1.gerad.lan

Solving process summary

  Linear relaxations            :        1
  Column generation iterations  :      228
  Shortest paths solved         :     3954
  Columns generated             :    41379

Instance characteristics

  Resources                     : 3
  Node types                    : no
  Arc types                     : no
  Strong resource windows       : no
  Weak resource windows         : no
  Resource windows (nodes)      : 3
  Resource values (arcs)        : 3
  Values on nodes               : no

  Rows                          : 903
  Initial columns               : 2
  Tasks                         : 741
  Strong tasks                  : 737
  Weak tasks                    : 4
  Initial task constraints      : no
  Nodes                         : 1069
  Arc sets                      : 1
  Arcs                          : 25921
  Networks                      : 2
  Models                        : 1

Memory used per module (Megs)

  Parser (reused)               :      5.578
  Networks                      :     26.760
  Column generator              :     11.866
  Master problem                :      9.073
  -----------------
  Total                         :     47.699

Cpu time per module (seconds)

  Parser                        :        0.0
  Preprocessor                  :        0.0
  Lr solver manager             :        0.1
  Column generator              :       61.9
    (Shortest path)             :       52.4
  Master problem                :      626.0
  -------------------
  Total (without b&b)           :      688.0

Real elapsed time (seconds)

  Parser                        :        0.0
  Preprocessor                  :        0.0
  Lr solver manager             :        0.2
  Column generator              :       62.0
    (Shortest path)             :       53.1
  Master problem                :      625.9
  -------------------
  Total (without b&b)           :      688.0
