Cover_T0 52
Cover_T1 -52
Cover_T2 52
Cover_T3 -52
Cover_T4 52
Cover_T5 -52
Cover_T6 52
Cover_T7 -52
Cover_T8 52
Cover_T9 -50
Cover_T10 52
Cover_T11 -50
Cover_T12 54
Cover_T13 -50
Cover_T14 56
Cover_T15 -50
Cover_T16 56
Cover_T17 -48
Cover_T18 54
Cover_T19 -48
Cover_T20 56
Cover_T21 -48
Cover_T22 56
Cover_T23 -48
Cover_T24 58
Cover_T25 -48
Cover_T26 52
Cover_T27 -46
Cover_T28 54
Cover_T29 -46
Cover_T30 56
Cover_T31 -46
Cover_T32 56
Cover_T33 -46
Cover_T34 56
Cover_T35 -46
Cover_T36 58
Cover_T37 -46
Cover_T38 54
Cover_T39 -46
Cover_T40 52
Cover_T41 -44
Cover_T42 48
Cover_T43 -36
Cover_T44 54
Cover_T45 -40
Cover_T46 50
Cover_T47 -38
Cover_T48 54
Cover_T49 -36
Cover_T50 50
Cover_T51 0
Cover_T52 50
Cover_T53 966
Cover_T54 1024
Cover_T55 954
Cover_T56 1044
Cover_T57 968
Cover_T58 1042
Cover_T59 970
Cover_T60 1040
Cover_T61 970
Cover_T62 998
Cover_T63 974
Cover_T64 38
Cover_T65 0
Cover_T66 38
Cover_T67 -18
Cover_T68 26
Cover_T69 -16
Cover_T70 10
Cover_T71 -18
Cover_T72 -6
Cover_T73 -20
Cover_T74 -22
Cover_T75 -18
Cover_T76 -42
Cover_T77 -2
Cover_T78 -40
Cover_T79 4
Cover_T80 6
Cover_T81 20
Cover_T82 -10
Cover_T83 36
Cover_T84 -26
Cover_T85 52
Cover_T86 8
Cover_T87 50
Cover_T88 16
Cover_T89 4
Cover_T90 0
Cover_T91 20
Cover_T92 4
Cover_T93 36
Cover_T94 10
Cover_T95 2
Cover_T96 -6
Cover_T97 -6
Cover_T98 8
Cover_T99 10
Cover_T100 16
Cover_T101 6
Cover_T102 0
Cover_T103 -1.16587e-10
Cover_T104 4
Cover_T105 16
Cover_T106 10
Cover_T107 2
Cover_T108 -6
Cover_T109 -6
Cover_T110 8
Cover_T111 10
Cover_T112 10
Cover_T113 6
Cover_T114 -6
Cover_T115 0
Cover_T116 8
Cover_T117 16
Cover_T118 26
Cover_T119 2
Cover_T120 10
Cover_T121 0
Cover_T122 26
Cover_T123 16
Cover_T124 26
Cover_T125 2
Cover_T126 10
Cover_T127 -10
Cover_T128 8
Cover_T129 -14
Cover_T130 12
Cover_T131 -2
Cover_T132 -16
Cover_T133 9.49996e-11
Cover_T134 -44
Cover_T135 -4
Cover_T136 -38
Cover_T137 12
Cover_T138 26
Cover_T139 28
Cover_T140 10
Cover_T141 44
Cover_T142 10
Cover_T143 32
Cover_T144 2
Cover_T145 48
Cover_T146 0
Cover_T147 -16
Cover_T148 8
Cover_T149 8.42208e-09
Cover_T150 8
Cover_T151 4
Cover_T152 4
Cover_T153 2
Cover_T154 -14
Cover_T155 -2
Cover_T156 -34
Cover_T157 -9.86518e-11
Cover_T158 4
Cover_T159 4
Cover_T160 -16
Cover_T161 22
Cover_T162 -36
Cover_T163 42
Cover_T164 10
Cover_T165 4
Cover_T166 0
Cover_T167 24
Cover_T168 -8
Cover_T169 44
Cover_T170 -4
Cover_T171 0
Cover_T172 0
Cover_T173 10
Cover_T174 4
Cover_T175 12
Cover_T176 0
Cover_T177 26
Cover_T178 2
Cover_T179 22
Cover_T180 12
Cover_T181 20
Cover_T182 0
Cover_T183 0
Cover_T184 16
Cover_T185 10
Cover_T186 0
Cover_T187 16
Cover_T188 22
Cover_T189 16
Cover_T190 18
Cover_T191 4
Cover_T192 10
Cover_T193 18
Cover_T194 14
Cover_T195 10
Cover_T196 8
Cover_T197 6
Cover_T198 14
Cover_T199 6
Cover_T200 10
Cover_T201 10
Cover_T202 2
Cover_T203 14
Cover_T204 -20
Cover_T205 6
Cover_T206 -38
Cover_T207 4
Cover_T208 -40
Cover_T209 16
Cover_T210 10
Cover_T211 18
Cover_T212 -10
Cover_T213 30
Cover_T214 6
Cover_T215 42
Cover_T216 6
Cover_T217 54
Cover_T218 2
Cover_T219 58
Cover_T220 4
Cover_T221 10
Cover_T222 2
Cover_T223 22
Cover_T224 5.90206e-09
Cover_T225 8
Cover_T226 -2
Cover_T227 8
Cover_T228 -8
Cover_T229 6
Cover_T230 -34
Cover_T231 12
Cover_T232 -30
Cover_T233 18
Cover_T234 -42
Cover_T235 46
Cover_T236 -4
Cover_T237 62
Cover_T238 -4
Cover_T239 50
Cover_T240 -4
Cover_T241 74
Cover_T242 -4
Cover_T243 76
Cover_T244 -20
Cover_T245 38
Cover_T246 -8
Cover_T247 42
Cover_T248 -8
Cover_T249 40
Cover_T250 -14
Cover_T251 56
Cover_T252 -30
Cover_T253 44
Cover_T254 -26
Cover_T255 52
Cover_T256 -28
Cover_T257 52
Cover_T258 -32
Cover_T259 56
Cover_T260 -32
Cover_T261 48
Cover_T262 -40
Cover_T263 52
Cover_T264 -40
Cover_T265 60
Cover_T266 -44
Cover_T267 52
Cover_T268 -44
Cover_T269 60
Cover_T270 54
Cover_T271 -50
Cover_T272 56
Cover_T273 -48
Cover_T274 54
Cover_T275 -50
Cover_T276 56
Cover_T277 -48
Cover_T278 50
Cover_T279 -48
Cover_T280 50
Cover_T281 -46
Cover_T282 52
Cover_T283 -46
Cover_T284 54
Cover_T285 -46
Cover_T286 48
Cover_T287 -46
Cover_T288 50
Cover_T289 -46
Cover_T290 50
Cover_T291 -42
Cover_T292 52
Cover_T293 -44
Cover_T294 46
Cover_T295 -52
Cover_T296 50
Cover_T297 -42
Cover_T298 50
Cover_T299 -42
Cover_T300 50
Cover_T301 -38
Cover_T302 54
Cover_T303 -36
Cover_T304 50
Cover_T305 0
Cover_T306 50
Cover_T307 966
Cover_T308 1024
Cover_T309 954
Cover_T310 1040
Cover_T311 964
Cover_T312 1040
Cover_T313 974
Cover_T314 1004
Cover_T315 970
Cover_T316 32
Cover_T317 1.68283e-10
Cover_T318 50
Cover_T319 -18
Cover_T320 38
Cover_T321 -16
Cover_T322 12
Cover_T323 -18
Cover_T324 6
Cover_T325 -20
Cover_T326 -10
Cover_T327 -18
Cover_T328 -30
Cover_T329 -2
Cover_T330 -46
Cover_T331 4
Cover_T332 -44
Cover_T333 20
Cover_T334 2
Cover_T335 36
Cover_T336 -14
Cover_T337 52
Cover_T338 -30
Cover_T339 50
Cover_T340 4
Cover_T341 4
Cover_T342 12
Cover_T343 20
Cover_T344 -4
Cover_T345 36
Cover_T346 0
Cover_T347 2
Cover_T348 6
Cover_T349 -6
Cover_T350 -10
Cover_T351 10
Cover_T352 4
Cover_T353 6
Cover_T354 12
Cover_T355 0
Cover_T356 -4
Cover_T357 16
Cover_T358 0
Cover_T359 2
Cover_T360 6
Cover_T361 -6
Cover_T362 -10
Cover_T363 10
Cover_T364 4
Cover_T365 6
Cover_T366 6
Cover_T367 -1.60615e-10
Cover_T368 -10
Cover_T369 16
Cover_T370 4
Cover_T371 2
Cover_T372 22
Cover_T373 -7.47313e-12
Cover_T374 6
Cover_T375 16
Cover_T376 22
Cover_T377 2
Cover_T378 22
Cover_T379 -16
Cover_T380 6
Cover_T381 9.48676e-09
Cover_T382 0
Cover_T383 -16
Cover_T384 5.65645e-11
Cover_T385 -16
Cover_T386 16
Cover_T387 8.9704e-09
Cover_T388 9.61915e-11
Cover_T389 6
Cover_T390 -16
Cover_T391 6
Cover_T392 -32
Cover_T393 -10
Cover_T394 -26
Cover_T395 18
Cover_T396 26
Cover_T397 46
Cover_T398 2
Cover_T399 46
Cover_T400 8
Cover_T401 -6
Cover_T402 4
Cover_T403 0
Cover_T404 6
Cover_T405 -6
Cover_T406 6
Cover_T407 2
Cover_T408 -8
Cover_T409 2
Cover_T410 -24
Cover_T411 0
Cover_T412 -40
Cover_T413 0
Cover_T414 2
Cover_T415 14
Cover_T416 -14
Cover_T417 32
Cover_T418 -34
Cover_T419 52
Cover_T420 0
Cover_T421 14
Cover_T422 2
Cover_T423 34
Cover_T424 -6
Cover_T425 -2.31356e-10
Cover_T426 -2
Cover_T427 0
Cover_T428 -8
Cover_T429 6
Cover_T430 4
Cover_T431 6
Cover_T432 4
Cover_T433 20
Cover_T434 8
Cover_T435 0
Cover_T436 12
Cover_T437 0
Cover_T438 14
Cover_T439 6
Cover_T440 22
Cover_T441 16
Cover_T442 16
Cover_T443 12
Cover_T444 2
Cover_T445 -2
Cover_T446 0
Cover_T447 -5.46242e-09
Cover_T448 12
Cover_T449 7.85136e-10
Cover_T450 14
Cover_T451 12
Cover_T452 -2
Cover_T453 8
Cover_T454 -8
Cover_T455 4
Cover_T456 -30
Cover_T457 16
Cover_T458 6
Cover_T459 32
Cover_T460 4
Cover_T461 58
Cover_T462 6.12664e-10
Cover_T463 22
Cover_T464 0
Cover_T465 6
Cover_T466 5.99981e-09
Cover_T467 8
Cover_T468 -2
Cover_T469 6
Cover_T470 -2
Cover_T471 6
Cover_T472 -6
Cover_T473 8
Cover_T474 -18
Cover_T475 8
Cover_T476 -28
Cover_T477 10
Cover_T478 -40
Cover_T479 8
Cover_T480 -52
Cover_T481 12
Cover_T482 -32
Cover_T483 28
Cover_T484 -44
Cover_T485 38
Cover_T486 -44
Cover_T487 58
Cover_T488 -6
Cover_T489 44
Cover_T490 -6
Cover_T491 62
Cover_T492 -6
Cover_T493 72
Cover_T494 -8
Cover_T495 34
Cover_T496 -8
Cover_T497 34
Cover_T498 -12
Cover_T499 38
Cover_T500 -22
Cover_T501 36
Cover_T502 -26
Cover_T503 44
Cover_T504 -18
Cover_T505 48
Cover_T506 -26
Cover_T507 44
Cover_T508 -38
Cover_T509 40
Cover_T510 -28
Cover_T511 44
Cover_T512 -28
Cover_T513 52
Cover_T514 -36
Cover_T515 48
Cover_T516 -32
Cover_T517 60
Cover_T518 -32
Cover_T519 44
Cover_T520 -44
Cover_T521 48
Cover_T522 -44
Cover_T523 48
Cover_T524 -40
Cover_T525 48
Cover_T526 -56
Cover_T527 56
Cover_T528 -44
Cover_T529 52
Cover_T530 -44
Cover_T531 60
Cover_T532 52
Cover_T533 -46
Cover_T534 60
Cover_T535 -46
Cover_T536 50
Cover_T537 -46
Cover_T538 48
Cover_T539 -46
Cover_T540 48
Cover_T541 -46
Cover_T542 46
Cover_T543 -48
Cover_T544 46
Cover_T545 -52
Cover_T546 46
Cover_T547 -46
Cover_T548 46
Cover_T549 -44
Cover_T550 50
Cover_T551 -42
Cover_T552 48
Cover_T553 -5.38876e-11
Cover_T554 52
Cover_T555 970
Cover_T556 46
Cover_T557 962
Cover_T558 1018
Cover_T559 954
Cover_T560 1036
Cover_T561 970
Cover_T562 1036
Cover_T563 960
Cover_T564 1038
Cover_T565 974
Cover_T566 1022
Cover_T567 974
Cover_T568 1040
Cover_T569 966
Cover_T570 1030
Cover_T571 974
Cover_T572 1042
Cover_T573 972
Cover_T574 996
Cover_T575 970
Cover_T576 32
Cover_T577 974
Cover_T578 32
Cover_T579 1.63254e-10
Cover_T580 32
Cover_T581 -24
Cover_T582 16
Cover_T583 -18
Cover_T584 -10
Cover_T585 -16
Cover_T586 -32
Cover_T587 -14
Cover_T588 -36
Cover_T589 -8
Cover_T590 6
Cover_T591 2
Cover_T592 -14
Cover_T593 22
Cover_T594 -30
Cover_T595 34
Cover_T596 8
Cover_T597 46
Cover_T598 20
Cover_T599 40
Cover_T600 8
Cover_T601 52
Cover_T602 -4
Cover_T603 2
Cover_T604 4
Cover_T605 14
Cover_T606 14
Cover_T607 26
Cover_T608 2
Cover_T609 38
Cover_T610 -10
Cover_T611 0
Cover_T612 8
Cover_T613 -12
Cover_T614 20
Cover_T615 -5.03508e-11
Cover_T616 8
Cover_T617 12
Cover_T618 -4
Cover_T619 4
Cover_T620 4
Cover_T621 -6
Cover_T622 14
Cover_T623 6
Cover_T624 2
Cover_T625 18
Cover_T626 -10
Cover_T627 0
Cover_T628 8
Cover_T629 -12
Cover_T630 14
Cover_T631 -5.15129e-10
Cover_T632 2
Cover_T633 12
Cover_T634 -10
Cover_T635 4
Cover_T636 8
Cover_T637 -6
Cover_T638 26
Cover_T639 6
Cover_T640 18
Cover_T641 18
Cover_T642 6
Cover_T643 0
Cover_T644 26
Cover_T645 -6
Cover_T646 14
Cover_T647 6
Cover_T648 18
Cover_T649 18
Cover_T650 6
Cover_T651 0
Cover_T652 4
Cover_T653 -22
Cover_T654 6
Cover_T655 -6
Cover_T656 22
Cover_T657 -22
Cover_T658 6
Cover_T659 -22
Cover_T660 -10
Cover_T661 -6
Cover_T662 -26
Cover_T663 1.54046e-10
Cover_T664 -42
Cover_T665 0
Cover_T666 -30
Cover_T667 -16
Cover_T668 -46
Cover_T669 0
Cover_T670 18
Cover_T671 16
Cover_T672 2
Cover_T673 32
Cover_T674 2
Cover_T675 48
Cover_T676 8
Cover_T677 36
Cover_T678 0
Cover_T679 52
Cover_T680 0
Cover_T681 -12
Cover_T682 2
Cover_T683 0
Cover_T684 -1.79052e-10
Cover_T685 0
Cover_T686 -18
Cover_T687 6
Cover_T688 -38
Cover_T689 2
Cover_T690 5.39785e-10
Cover_T691 4
Cover_T692 -20
Cover_T693 8
Cover_T694 -40
Cover_T695 26
Cover_T696 10
Cover_T697 38
Cover_T698 8
Cover_T699 50
Cover_T700 -4
Cover_T701 4
Cover_T702 -4
Cover_T703 16
Cover_T704 -16
Cover_T705 28
Cover_T706 -4
Cover_T707 40
Cover_T708 -2
Cover_T709 54
Cover_T710 12
Cover_T711 -5.84159e-10
Cover_T712 0
Cover_T713 4
Cover_T714 2
Cover_T715 16
Cover_T716 2
Cover_T717 26
Cover_T718 8
Cover_T719 14
Cover_T720 0
Cover_T721 12
Cover_T722 4
Cover_T723 10
Cover_T724 16
Cover_T725 16
Cover_T726 22
Cover_T727 18
Cover_T728 18
Cover_T729 12
Cover_T730 -8.41498e-09
Cover_T731 7.69139e-10
Cover_T732 2
Cover_T733 18
Cover_T734 18
Cover_T735 6
Cover_T736 10
Cover_T737 0
Cover_T738 4
Cover_T739 4
Cover_T740 -12
Cover_T741 22
Cover_T742 -28
Cover_T743 18
Cover_T744 -36
Cover_T745 4
Cover_T746 12
Cover_T747 4
Cover_T748 -2
Cover_T749 20
Cover_T750 12
Cover_T751 20
Cover_T752 6
Cover_T753 34
Cover_T754 6
Cover_T755 46
Cover_T756 0
Cover_T757 58
Cover_T758 6
Cover_T759 62
Cover_T760 6
Cover_T761 12
Cover_T762 2
Cover_T763 24
Cover_T764 6.0525e-09
Cover_T765 10
Cover_T766 7.14471e-09
Cover_T767 10
Cover_T768 -26
Cover_T769 8
Cover_T770 -24
Cover_T771 18
Cover_T772 -52
Cover_T773 30
Cover_T774 -8
Cover_T775 44
Cover_T776 -8
Cover_T777 62
Cover_T778 -8
Cover_T779 56
Cover_T780 -8
Cover_T781 72
Cover_T782 -4
Cover_T783 80
Cover_T784 -8
Cover_T785 38
Cover_T786 -12
Cover_T787 44
Cover_T788 -8
Cover_T789 52
Cover_T790 -18
Cover_T791 56
Cover_T792 -26
Cover_T793 48
Cover_T794 -26
Cover_T795 52
Cover_T796 -28
Cover_T797 52
Cover_T798 -32
Cover_T799 64
Cover_T800 -32
Cover_T801 56
Cover_T802 -40
Cover_T803 52
Cover_T804 -44
Cover_T805 54
Cover_T806 -40
Cover_T807 58
Cover_T808 -40
Cover_T809 62
Cover_T810 -44
Cover_T811 58
Cover_T812 -44
Cover_T813 58
Cover_T814 -44
Cover_T815 54
Cover_T816 8
Cover_T817 0
Cover_T818 6
Cover_T819 2
Cover_T820 14
Cover_T821 -2
Cover_T822 10
Cover_T823 2
Cover_T824 8
Cover_T825 0
Cover_T826 28
Cover_T827 -2
Cover_T828 10
Cover_T829 0
Cover_T830 94
Cover_T831 0
Cover_T832 1026
Cover_T833 50
Cover_T834 1014
Cover_T835 1016
Cover_T836 1026
Cover_T837 980
Cover_T838 1072
Cover_T839 1006
Cover_T840 1072
Cover_T841 1022
Cover_T842 1068
Cover_T843 932
Cover_T844 1054
Cover_T845 0
Cover_T846 1030
Cover_T847 12
Cover_T848 64
Cover_T849 0
Cover_T850 64
Cover_T851 -36
Cover_T852 52
Cover_T853 8
Cover_T854 20
Cover_T855 52
Cover_T856 -8
Cover_T857 52
Cover_T858 -36
Cover_T859 52
Cover_T860 -40
Cover_T861 8
Cover_T862 16
Cover_T863 32
Cover_T864 20
Cover_T865 40
Cover_T866 12
Cover_T867 60
Cover_T868 0
Cover_T869 48
Cover_T870 0
Cover_T871 60
Cover_T872 64
Cover_T873 56
Cover_T874 50
Cover_T875 0
Cover_T876 58
Cover_T877 0
Cover_T878 48
Cover_T879 8
Cover_T880 36
Cover_T881 20
Cover_T882 38
Cover_T883 22
Cover_T884 38
Cover_T885 -28
Cover_T886 54
Cover_T887 -28
Cover_T888 32
Cover_T889 -8
Cover_T890 22
Cover_T891 0
Cover_T892 -1.15826e-09
Cover_T893 0
Cover_T894 0
Cover_T895 -18
Cover_T896 60
Cover_T897 0
Cover_T898 54
Cover_T899 34
Cover_T900 54
Cover_T901 36
Cover_T902 48
Count_D0 -984
Count_D1 -1000
Max_H0_P0 0
Max_H0_P1 0
Max_H0_P2 0
Max_H0_P3 0
Max_H0_P4 0
Max_H0_P5 0
Max_H0_P6 0
Max_H0_P7 0
Max_H0_P8 0
Max_H0_P9 0
Max_H0_P10 0
Max_H0_P11 0
Max_H0_P12 0
Max_H0_P13 0
Max_H0_P14 0
Max_H0_P15 8.01208e-10
Max_H0_P16 7.94417e-10
Max_H0_P17 7.63176e-10
Max_H0_P18 7.03722e-11
Max_H0_P19 -1.21645e-10
Max_H0_P20 -1.74282e-10
Max_H0_P21 -1.78678e-10
Max_H0_P22 3.18323e-11
Max_H0_P23 -1.2508e-10
Max_H0_P24 -9.24274e-11
Max_H0_P25 -1.61977e-10
Max_H0_P26 -7.04672e-11
Max_H0_P27 -9.12177e-11
Max_H0_P28 2.77806e-10
Max_H0_P29 -4.23618e-11
Max_H0_P30 -1.54856e-10
Max_H0_P31 -2.95624e-11
Max_H0_P32 8.11277e-11
Max_H0_P33 -1.17234e-10
Max_H0_P34 8.1366e-11
Max_H0_P35 0
Max_H0_P36 4.23239e-11
Max_H0_P37 5.64881e-11
Max_H0_P38 -6.54836e-11
Max_H0_P39 3.70537e-11
Max_H0_P40 4.21778e-11
Max_H0_P41 3.12667e-10
Max_H0_P42 2.01593e-10
Max_H0_P43 2.83755e-10
Max_H0_P44 0
Max_H0_P45 0
Max_H0_P46 0
Max_H0_P47 0
Max_H0_P48 0
Max_H0_P49 0
Max_H0_P50 0
Max_H0_P51 0
Max_H0_P52 0
Max_H0_P53 0
Max_H0_P54 0
Max_H0_P55 0
Max_H0_P56 0
Max_H0_P57 0
Max_H0_P58 0
Max_H0_P59 0
Max_H0_P60 1.20375e-09
Max_H0_P61 0
Max_H0_P62 0
Max_H0_P63 0
Max_H0_P64 0
Max_H0_P65 0
Max_H0_P66 0
Max_H0_P67 0
Max_H0_P68 0
Max_H0_P69 0
Max_H0_P70 0
Max_H0_P71 0
Max_H0_P72 0
Max_H0_P73 0
Max_H0_P74 0
Max_H0_P75 0
Max_H0_P76 0
Max_H0_P77 1.7832e-11
Max_H0_P78 0
Max_H0_P79 0
Max_H0_P80 -2.4149e-11
Max_H0_P81 0
Max_H1_P0 0
Max_H1_P1 0
Max_H1_P2 5.83896e-10
Max_H1_P3 0
Max_H1_P4 0
Max_H1_P5 1.22121e-10
Max_H1_P6 -3.9563e-11
Max_H1_P7 0
Max_H1_P8 0
Max_H1_P9 0
Max_H1_P10 0
Max_H1_P11 0
Max_H1_P12 0
Max_H1_P13 0
Max_H1_P14 0
Max_H1_P15 9.3593e-10
Max_H1_P16 8.03964e-10
Max_H1_P17 6.7962e-10
Max_H1_P18 -8.70834e-12
Max_H1_P19 -1.24399e-10
Max_H1_P20 -1.74225e-10
Max_H1_P21 -2.04845e-10
Max_H1_P22 -2.22384e-12
Max_H1_P23 -1.27658e-10
Max_H1_P24 -3.59557e-11
Max_H1_P25 -1.42634e-10
Max_H1_P26 -1.26849e-10
Max_H1_P27 -6.12523e-11
Max_H1_P28 1.83928e-10
Max_H1_P29 6.82761e-11
Max_H1_P30 3.86535e-12
Max_H1_P31 -6.53295e-11
Max_H1_P32 -3.85636e-11
Max_H1_P33 -1.58701e-11
Max_H1_P34 -2.84053e-11
Max_H1_P35 -2.46132e-11
Max_H1_P36 3.04006e-11
Max_H1_P37 -8.84288e-11
Max_H1_P38 -1.92105e-11
Max_H1_P39 1.14457e-10
Max_H1_P40 2.77964e-11
Max_H1_P41 2.0921e-10
Max_H1_P42 2.0834e-10
Max_H1_P43 1.97611e-10
Max_H1_P44 0
Max_H1_P45 -1.19897e-10
Max_H1_P46 0
Max_H1_P47 0
Max_H1_P48 0
Max_H1_P49 0
Max_H1_P50 0
Max_H1_P51 0
Max_H1_P52 0
Max_H1_P53 0
Max_H1_P54 0
Max_H1_P55 0
Max_H1_P56 0
Max_H1_P57 0
Max_H1_P58 0
Max_H1_P59 0
Max_H1_P60 1.17593e-09
Max_H1_P61 -7.51292e-11
Max_H1_P62 0
Max_H1_P63 0
Max_H1_P64 0
Max_H1_P65 0
Max_H1_P66 0
Max_H1_P67 0
Max_H1_P68 0
Max_H1_P69 0
Max_H1_P70 0
Max_H1_P71 0
Max_H1_P72 0
Max_H1_P73 0
Max_H1_P74 0
Max_H1_P75 0
Max_H1_P76 1.16168e-10
Max_H1_P77 -5.37908e-11
Max_H1_P78 0
Max_H1_P79 0
Max_H1_P80 0
Max_H1_P81 0
