
Branch and bound

  Entire solving process        :                           (Time    441.4)
  No feasible solution was found
  Best relaxation cost          :     58751.07 (Node     0) (Time    441.4)
  Lower bound after cuts        :     58751.07
  End lower bound               :     58751.07
  Deepest level reached         : 0
  Deepest real level reached    : 0
  Number of real nodes solved   : 1
  Stopping condition            : enough nodes explored

Problem identification

  Problem                       : <null>
  Machine                       : oslo4.gerad.lan

Solving process summary

  Linear relaxations            :        1
  Column generation iterations  :      157
  Shortest paths solved         :     7554
  Columns generated             :    67114

Instance characteristics

  Resources                     : 3
  Node types                    : no
  Arc types                     : no
  Strong resource windows       : no
  Weak resource windows         : no
  Resource windows (nodes)      : 3
  Resource values (arcs)        : 3
  Values on nodes               : no

  Rows                          : 1069
  Initial columns               : 464
  Tasks                         : 907
  Strong tasks                  : 640
  Weak tasks                    : 4
  Initial task constraints      : no
  Nodes                         : 1235
  Arc sets                      : 1
  Arcs                          : 36627
  Networks                      : 2
  Models                        : 1

Memory used per module (Megs)

  Parser (reused)               :      7.636
  Networks                      :     34.510
  Column generator              :      9.203
  Master problem                :     10.419
  -----------------
  Total                         :     54.131

Cpu time per module (seconds)

  Parser                        :        0.0
  Preprocessor                  :        0.0
  Lr solver manager             :        0.1
  Column generator              :      109.5
    (Shortest path)             :       96.0
  Master problem                :      331.8
  -------------------
  Total (without b&b)           :      441.3

Real elapsed time (seconds)

  Parser                        :        0.0
  Preprocessor                  :        0.0
  Lr solver manager             :        0.1
  Column generator              :      109.4
    (Shortest path)             :       95.4
  Master problem                :      331.8
  -------------------
  Total (without b&b)           :      441.3
