Cover_T0 52
Cover_T1 -52
Cover_T2 52
Cover_T3 -52
Cover_T4 52
Cover_T5 -52
Cover_T6 52
Cover_T7 -52
Cover_T8 54
Cover_T9 -52
Cover_T10 54
Cover_T11 -50
Cover_T12 54
Cover_T13 -50
Cover_T14 54
Cover_T15 -50
Cover_T16 54
Cover_T17 -44
Cover_T18 60
Cover_T19 -42
Cover_T20 60
Cover_T21 -34
Cover_T22 62
Cover_T23 -14
Cover_T24 58
Cover_T25 8
Cover_T26 58
Cover_T27 -6.40568e-10
Cover_T28 50
Cover_T29 20
Cover_T30 34
Cover_T31 924
Cover_T32 8
Cover_T33 946
Cover_T34 876
Cover_T35 942
Cover_T36 978
Cover_T37 950
Cover_T38 84
Cover_T39 956
Cover_T40 42
Cover_T41 96
Cover_T42 26
Cover_T43 -26
Cover_T44 40
Cover_T45 -22
Cover_T46 14
Cover_T47 6
Cover_T48 30
Cover_T49 -20
Cover_T50 44
Cover_T51 4
Cover_T52 24
Cover_T53 28
Cover_T54 14
Cover_T55 4
Cover_T56 12
Cover_T57 -12
Cover_T58 14
Cover_T59 8
Cover_T60 8
Cover_T61 18
Cover_T62 -6
Cover_T63 0
Cover_T64 -30
Cover_T65 2
Cover_T66 18
Cover_T67 4
Cover_T68 14
Cover_T69 28
Cover_T70 34
Cover_T71 52
Cover_T72 10
Cover_T73 4
Cover_T74 -14
Cover_T75 8
Cover_T76 34
Cover_T77 -12
Cover_T78 10
Cover_T79 12
Cover_T80 34
Cover_T81 36
Cover_T82 8
Cover_T83 8
Cover_T84 0
Cover_T85 -4
Cover_T86 16
Cover_T87 -7.00418e-12
Cover_T88 10
Cover_T89 6
Cover_T90 28
Cover_T91 4
Cover_T92 0
Cover_T93 8
Cover_T94 2
Cover_T95 -4
Cover_T96 -10
Cover_T97 2
Cover_T98 -14
Cover_T99 14
Cover_T100 32
Cover_T101 50
Cover_T102 30
Cover_T103 36
Cover_T104 18
Cover_T105 66
Cover_T106 0
Cover_T107 4
Cover_T108 22
Cover_T109 0
Cover_T110 0
Cover_T111 24
Cover_T112 22
Cover_T113 12
Cover_T114 14
Cover_T115 30
Cover_T116 20
Cover_T117 8
Cover_T118 -20
Cover_T119 22
Cover_T120 6
Cover_T121 18
Cover_T122 8
Cover_T123 58
Cover_T124 8
Cover_T125 24
Cover_T126 -24
Cover_T127 26
Cover_T128 -6
Cover_T129 26
Cover_T130 -2
Cover_T131 52
Cover_T132 -8
Cover_T133 10
Cover_T134 -24
Cover_T135 14
Cover_T136 -20
Cover_T137 28
Cover_T138 -12
Cover_T139 16
Cover_T140 -10
Cover_T141 44
Cover_T142 -18
Cover_T143 34
Cover_T144 -16
Cover_T145 32
Cover_T146 -18
Cover_T147 24
Cover_T148 -14
Cover_T149 32
Cover_T150 -18
Cover_T151 52
Cover_T152 -20
Cover_T153 58
Cover_T154 -44
Cover_T155 56
Cover_T156 -48
Cover_T157 52
Cover_T158 -52
Cover_T159 54
Cover_T160 -52
Cover_T161 60
Cover_T162 -44
Cover_T163 66
Cover_T164 -38
Cover_T165 60
Cover_T166 -34
Cover_T167 56
Cover_T168 -22
Cover_T169 50
Cover_T170 0
Cover_T171 62
Cover_T172 32
Cover_T173 30
Cover_T174 16
Cover_T175 4
Cover_T176 916
Cover_T177 8
Cover_T178 938
Cover_T179 844
Cover_T180 946
Cover_T181 990
Cover_T182 930
Cover_T183 70
Cover_T184 950
Cover_T185 54
Cover_T186 92
Cover_T187 38
Cover_T188 -30
Cover_T189 52
Cover_T190 -18
Cover_T191 10
Cover_T192 18
Cover_T193 24
Cover_T194 2.53777e-10
Cover_T195 36
Cover_T196 24
Cover_T197 16
Cover_T198 -3.84156e-10
Cover_T199 0
Cover_T200 -16
Cover_T201 0
Cover_T202 4
Cover_T203 6
Cover_T204 14
Cover_T205 0
Cover_T206 10
Cover_T207 -14
Cover_T208 4
Cover_T209 -38
Cover_T210 10
Cover_T211 10
Cover_T212 24
Cover_T213 6
Cover_T214 48
Cover_T215 26
Cover_T216 0
Cover_T217 2
Cover_T218 4
Cover_T219 -22
Cover_T220 -16
Cover_T221 26
Cover_T222 8
Cover_T223 2
Cover_T224 32
Cover_T225 28
Cover_T226 -16
Cover_T227 10
Cover_T228 8
Cover_T229 10
Cover_T230 -18
Cover_T231 24
Cover_T232 0
Cover_T233 0
Cover_T234 0
Cover_T235 0
Cover_T236 6
Cover_T237 34
Cover_T238 16
Cover_T239 4
Cover_T240 -18
Cover_T241 0
Cover_T242 0
Cover_T243 -10
Cover_T244 0
Cover_T245 -42
Cover_T246 8
Cover_T247 -34
Cover_T248 52
Cover_T249 30
Cover_T250 58
Cover_T251 8
Cover_T252 -2.2176e-10
Cover_T253 4
Cover_T254 16
Cover_T255 0
Cover_T256 22
Cover_T257 24
Cover_T258 22
Cover_T259 20
Cover_T260 30
Cover_T261 0
Cover_T262 0
Cover_T263 -6
Cover_T264 22
Cover_T265 8
Cover_T266 34
Cover_T267 -5.81447e-10
Cover_T268 28
Cover_T269 -14
Cover_T270 32
Cover_T271 -5.75814e-10
Cover_T272 40
Cover_T273 -8
Cover_T274 20
Cover_T275 -8
Cover_T276 24
Cover_T277 -26
Cover_T278 22
Cover_T279 -10
Cover_T280 24
Cover_T281 -42
Cover_T282 52
Cover_T283 -20
Cover_T284 32
Cover_T285 -10
Cover_T286 56
Cover_T287 -10
Cover_T288 34
Cover_T289 -10
Cover_T290 26
Cover_T291 -24
Cover_T292 22
Cover_T293 -48
Cover_T294 18
Cover_T295 -28
Cover_T296 30
Cover_T297 -14
Cover_T298 50
Cover_T299 -14
Cover_T300 44
Cover_T301 -16
Cover_T302 26
Cover_T303 -20
Cover_T304 48
Cover_T305 -24
Cover_T306 70
Cover_T307 -30
Cover_T308 70
Cover_T309 60
Cover_T310 -34
Cover_T311 64
Cover_T312 -14
Cover_T313 58
Cover_T314 8
Cover_T315 58
Cover_T316 -7.42449e-10
Cover_T317 58
Cover_T318 24
Cover_T319 54
Cover_T320 920
Cover_T321 30
Cover_T322 946
Cover_T323 868
Cover_T324 942
Cover_T325 1002
Cover_T326 954
Cover_T327 984
Cover_T328 952
Cover_T329 64
Cover_T330 956
Cover_T331 22
Cover_T332 96
Cover_T333 56
Cover_T334 -24
Cover_T335 20
Cover_T336 -30
Cover_T337 -2
Cover_T338 -6
Cover_T339 22
Cover_T340 14
Cover_T341 44
Cover_T342 -16
Cover_T343 16
Cover_T344 4
Cover_T345 4
Cover_T346 28
Cover_T347 -6
Cover_T348 4
Cover_T349 6
Cover_T350 -12
Cover_T351 0
Cover_T352 8
Cover_T353 -2
Cover_T354 18
Cover_T355 -24
Cover_T356 10
Cover_T357 -44
Cover_T358 0
Cover_T359 8
Cover_T360 2
Cover_T361 8
Cover_T362 12
Cover_T363 32
Cover_T364 32
Cover_T365 12
Cover_T366 52
Cover_T367 -8
Cover_T368 -9.91385e-12
Cover_T369 -28
Cover_T370 0
Cover_T371 24
Cover_T372 -24
Cover_T373 4
Cover_T374 -4
Cover_T375 34
Cover_T376 16
Cover_T377 14
Cover_T378 36
Cover_T379 0
Cover_T380 -12
Cover_T381 0
Cover_T382 12
Cover_T383 12
Cover_T384 -14
Cover_T385 0
Cover_T386 2
Cover_T387 -2
Cover_T388 2
Cover_T389 2
Cover_T390 -10
Cover_T391 28
Cover_T392 2
Cover_T393 4
Cover_T394 4
Cover_T395 18
Cover_T396 0
Cover_T397 2
Cover_T398 -26
Cover_T399 -2
Cover_T400 2
Cover_T401 -34
Cover_T402 0
Cover_T403 -26
Cover_T404 22
Cover_T405 28
Cover_T406 38
Cover_T407 24
Cover_T408 60
Cover_T409 16
Cover_T410 46
Cover_T411 6
Cover_T412 60
Cover_T413 0
Cover_T414 0
Cover_T415 8
Cover_T416 6
Cover_T417 2
Cover_T418 20
Cover_T419 18
Cover_T420 -6.14087e-11
Cover_T421 16
Cover_T422 18
Cover_T423 10
Cover_T424 6
Cover_T425 -20
Cover_T426 6
Cover_T427 12
Cover_T428 22
Cover_T429 -8
Cover_T430 6
Cover_T431 12
Cover_T432 26
Cover_T433 -12
Cover_T434 54
Cover_T435 0
Cover_T436 16
Cover_T437 -14
Cover_T438 44
Cover_T439 -5.36176e-10
Cover_T440 36
Cover_T441 -5.46505e-10
Cover_T442 30
Cover_T443 -8
Cover_T444 62
Cover_T445 -14
Cover_T446 20
Cover_T447 -12
Cover_T448 16
Cover_T449 -10
Cover_T450 48
Cover_T451 -20
Cover_T452 44
Cover_T453 -10
Cover_T454 44
Cover_T455 -10
Cover_T456 24
Cover_T457 -14
Cover_T458 36
Cover_T459 -14
Cover_T460 68
Cover_T461 -20
Cover_T462 80
Cover_T463 -16
Cover_T464 60
Cover_T465 -16
Cover_T466 56
Cover_T467 -30
Cover_T468 88
Cover_T469 -30
Cover_T470 74
Cover_T471 62
Cover_T472 24
Cover_T473 64
Cover_T474 40
Cover_T475 34
Cover_T476 58
Cover_T477 4
Cover_T478 0
Cover_T479 16
Cover_T480 18
Cover_T481 6.48617e-10
Cover_T482 938
Cover_T483 878
Cover_T484 980
Cover_T485 1012
Cover_T486 956
Cover_T487 990
Cover_T488 992
Cover_T489 70
Cover_T490 990
Cover_T491 52
Cover_T492 94
Cover_T493 90
Cover_T494 -24
Cover_T495 64
Cover_T496 0
Cover_T497 62
Cover_T498 56
Cover_T499 0
Cover_T500 66
Cover_T501 -12
Cover_T502 30
Cover_T503 36
Cover_T504 54
Cover_T505 66
Cover_T506 68
Cover_T507 48
Cover_T508 46
Cover_T509 36
Cover_T510 70
Cover_T511 38
Cover_T512 0
Cover_T513 16
Cover_T514 -26
Cover_T515 28
Cover_T516 0
Cover_T517 36
Cover_T518 4
Cover_T519 44
Cover_T520 0
Cover_T521 20
Cover_T522 0
Cover_T523 48
Cover_T524 0
Cover_T525 44
Cover_T526 36
Count_D0 -984
Count_D1 -1000
Max_H0_P0 0
Max_H0_P1 0
Max_H0_P2 0
Max_H0_P3 0
Max_H0_P4 0
Max_H0_P5 0
Max_H0_P6 0
Max_H0_P7 0
Max_H0_P8 0
Max_H0_P9 0
Max_H0_P10 0
Max_H0_P11 0
Max_H0_P12 0
Max_H0_P13 0
Max_H0_P14 0
Max_H0_P15 0
Max_H0_P16 0
Max_H0_P17 0
Max_H0_P18 0
Max_H0_P19 0
Max_H0_P20 0
Max_H0_P21 -2.3018e-11
Max_H0_P22 0
Max_H0_P23 -3.27347e-11
Max_H0_P24 0
Max_H0_P25 1.5099e-11
Max_H0_P26 0
Max_H0_P27 0
Max_H0_P28 0
Max_H0_P29 -1.98549e-11
Max_H0_P30 0
Max_H0_P31 0
Max_H0_P32 2.87347e-11
Max_H0_P33 -3.02762e-11
Max_H0_P34 0
Max_H0_P35 -2.21707e-11
Max_H0_P36 1.90248e-11
Max_H0_P37 1.45648e-11
Max_H0_P38 -7.35412e-12
Max_H0_P39 1.07647e-11
Max_H0_P40 -3.9988e-12
Max_H0_P41 1.85523e-11
Max_H0_P42 -2.93134e-11
Max_H0_P43 0
Max_H0_P44 0
Max_H0_P45 0
Max_H0_P46 0
Max_H0_P47 0
Max_H0_P48 0
Max_H0_P49 0
Max_H0_P50 0
Max_H0_P51 0
Max_H0_P52 0
Max_H0_P53 0
Max_H0_P54 0
Max_H0_P55 0
Max_H0_P56 0
Max_H0_P57 0
Max_H0_P58 0
Max_H0_P59 0
Max_H0_P60 0
Max_H0_P61 0
Max_H0_P62 0
Max_H0_P63 0
Max_H0_P64 0
Max_H0_P65 0
Max_H0_P66 0
Max_H0_P67 0
Max_H0_P68 0
Max_H0_P69 0
Max_H0_P70 0
Max_H0_P71 0
Max_H0_P72 0
Max_H0_P73 0
Max_H0_P74 0
Max_H0_P75 0
Max_H0_P76 0
Max_H0_P77 0
Max_H0_P78 0
Max_H0_P79 0
Max_H0_P80 0
Max_H0_P81 0
Max_H1_P0 0
Max_H1_P1 0
Max_H1_P2 0
Max_H1_P3 0
Max_H1_P4 0
Max_H1_P5 4.69926e-11
Max_H1_P6 0
Max_H1_P7 0
Max_H1_P8 0
Max_H1_P9 0
Max_H1_P10 0
Max_H1_P11 0
Max_H1_P12 0
Max_H1_P13 0
Max_H1_P14 0
Max_H1_P15 0
Max_H1_P16 0
Max_H1_P17 4.5528e-12
Max_H1_P18 0
Max_H1_P19 0
Max_H1_P20 -7.79381e-12
Max_H1_P21 -6.14488e-12
Max_H1_P22 0
Max_H1_P23 -1.13332e-11
Max_H1_P24 0
Max_H1_P25 0
Max_H1_P26 0
Max_H1_P27 0
Max_H1_P28 0
Max_H1_P29 5.08482e-12
Max_H1_P30 -2.23817e-11
Max_H1_P31 0
Max_H1_P32 2.90157e-12
Max_H1_P33 1.12088e-11
Max_H1_P34 0
Max_H1_P35 -9.25127e-12
Max_H1_P36 -1.13687e-12
Max_H1_P37 -7.25783e-12
Max_H1_P38 -1.03917e-11
Max_H1_P39 -9.4289e-12
Max_H1_P40 -1.53245e-11
Max_H1_P41 -1.06178e-11
Max_H1_P42 1.06244e-11
Max_H1_P43 0
Max_H1_P44 0
Max_H1_P45 0
Max_H1_P46 0
Max_H1_P47 0
Max_H1_P48 0
Max_H1_P49 0
Max_H1_P50 0
Max_H1_P51 0
Max_H1_P52 0
Max_H1_P53 0
Max_H1_P54 0
Max_H1_P55 0
Max_H1_P56 0
Max_H1_P57 0
Max_H1_P58 0
Max_H1_P59 0
Max_H1_P60 0
Max_H1_P61 0
Max_H1_P62 0
Max_H1_P63 0
Max_H1_P64 -4.9853e-11
Max_H1_P65 0
Max_H1_P66 0
Max_H1_P67 0
Max_H1_P68 0
Max_H1_P69 0
Max_H1_P70 0
Max_H1_P71 0
Max_H1_P72 0
Max_H1_P73 0
Max_H1_P74 0
Max_H1_P75 0
Max_H1_P76 0
Max_H1_P77 0
Max_H1_P78 -1.26023e-11
Max_H1_P79 0
Max_H1_P80 0
Max_H1_P81 0
