
Branch and bound

  Entire solving process        :                           (Time     67.7)
  No feasible solution was found
  Best relaxation cost          :     36240.12 (Node     0) (Time     67.7)
  Lower bound after cuts        :     36240.12
  End lower bound               :     36240.12
  Deepest level reached         : 0
  Deepest real level reached    : 0
  Number of real nodes solved   : 1
  Stopping condition            : enough nodes explored

Problem identification

  Problem                       : <null>
  Machine                       : oslo5.gerad.lan

Solving process summary

  Linear relaxations            :        1
  Column generation iterations  :      156
  Shortest paths solved         :     2914
  Columns generated             :    25092

Instance characteristics

  Resources                     : 3
  Node types                    : no
  Arc types                     : no
  Strong resource windows       : no
  Weak resource windows         : no
  Resource windows (nodes)      : 3
  Resource values (arcs)        : 3
  Values on nodes               : no

  Rows                          : 693
  Initial columns               : 2
  Tasks                         : 531
  Strong tasks                  : 527
  Weak tasks                    : 4
  Initial task constraints      : no
  Nodes                         : 859
  Arc sets                      : 1
  Arcs                          : 14817
  Networks                      : 2
  Models                        : 1

Memory used per module (Megs)

  Parser (reused)               :      3.398
  Networks                      :     19.132
  Column generator              :      4.965
  Master problem                :      7.024
  -----------------
  Total                         :     31.120

Cpu time per module (seconds)

  Parser                        :        0.0
  Preprocessor                  :        0.0
  Lr solver manager             :        0.1
  Column generator              :       10.1
    (Shortest path)             :        8.8
  Master problem                :       57.5
  -------------------
  Total (without b&b)           :       67.7

Real elapsed time (seconds)

  Parser                        :        0.0
  Preprocessor                  :        0.0
  Lr solver manager             :        0.0
  Column generator              :       10.2
    (Shortest path)             :        8.8
  Master problem                :       57.4
  -------------------
  Total (without b&b)           :       67.7
