Cover_T0 52
Cover_T1 -52
Cover_T2 52
Cover_T3 -52
Cover_T4 52
Cover_T5 -52
Cover_T6 52
Cover_T7 -52
Cover_T8 52
Cover_T9 -52
Cover_T10 52
Cover_T11 -52
Cover_T12 52
Cover_T13 -52
Cover_T14 58
Cover_T15 -52
Cover_T16 58
Cover_T17 -52
Cover_T18 60
Cover_T19 -46
Cover_T20 52
Cover_T21 -42
Cover_T22 62
Cover_T23 -42
Cover_T24 62
Cover_T25 -38
Cover_T26 64
Cover_T27 -38
Cover_T28 62
Cover_T29 -36
Cover_T30 62
Cover_T31 -40
Cover_T32 62
Cover_T33 -28
Cover_T34 56
Cover_T35 -16
Cover_T36 52
Cover_T37 -30
Cover_T38 46
Cover_T39 964
Cover_T40 1024
Cover_T41 962
Cover_T42 1022
Cover_T43 976
Cover_T44 1034
Cover_T45 978
Cover_T46 1020
Cover_T47 974
Cover_T48 1020
Cover_T49 980
Cover_T50 30
Cover_T51 2
Cover_T52 32
Cover_T53 0
Cover_T54 16
Cover_T55 -12
Cover_T56 14
Cover_T57 -12
Cover_T58 6.56595e-11
Cover_T59 -16
Cover_T60 0
Cover_T61 -16
Cover_T62 -1.40972e-11
Cover_T63 -20
Cover_T64 1.13898e-10
Cover_T65 -4
Cover_T66 12
Cover_T67 5.07328e-11
Cover_T68 -4
Cover_T69 -6
Cover_T70 0
Cover_T71 -2.36033e-11
Cover_T72 4
Cover_T73 0
Cover_T74 4
Cover_T75 8
Cover_T76 -6
Cover_T77 4
Cover_T78 -34
Cover_T79 4
Cover_T80 20
Cover_T81 4
Cover_T82 4
Cover_T83 18
Cover_T84 10
Cover_T85 34
Cover_T86 2.32276e-11
Cover_T87 50
Cover_T88 -6
Cover_T89 -10
Cover_T90 -3.06679e-11
Cover_T91 4
Cover_T92 0
Cover_T93 0
Cover_T94 0
Cover_T95 0
Cover_T96 1.86198e-11
Cover_T97 4
Cover_T98 -6
Cover_T99 0
Cover_T100 0
Cover_T101 0
Cover_T102 0
Cover_T103 0
Cover_T104 4
Cover_T105 0
Cover_T106 -12
Cover_T107 0
Cover_T108 -6.03961e-14
Cover_T109 -4.32285e-11
Cover_T110 4
Cover_T111 8
Cover_T112 8
Cover_T113 8
Cover_T114 -6.53053e-12
Cover_T115 4
Cover_T116 -16
Cover_T117 7.95488e-11
Cover_T118 -38
Cover_T119 -4
Cover_T120 20
Cover_T121 12
Cover_T122 4
Cover_T123 16
Cover_T124 12
Cover_T125 32
Cover_T126 -4
Cover_T127 48
Cover_T128 6
Cover_T129 -10
Cover_T130 10
Cover_T131 6
Cover_T132 8
Cover_T133 -2
Cover_T134 10
Cover_T135 14
Cover_T136 -6
Cover_T137 4
Cover_T138 -2
Cover_T139 0
Cover_T140 4
Cover_T141 2
Cover_T142 6
Cover_T143 0
Cover_T144 6
Cover_T145 16
Cover_T146 -10
Cover_T147 12
Cover_T148 -10
Cover_T149 2
Cover_T150 -38
Cover_T151 20
Cover_T152 8
Cover_T153 30
Cover_T154 16
Cover_T155 58
Cover_T156 10
Cover_T157 8
Cover_T158 18
Cover_T159 32
Cover_T160 -8
Cover_T161 14
Cover_T162 2
Cover_T163 10
Cover_T164 6
Cover_T165 10
Cover_T166 8
Cover_T167 30
Cover_T168 -4
Cover_T169 16
Cover_T170 -2
Cover_T171 12
Cover_T172 -24
Cover_T173 12
Cover_T174 -44
Cover_T175 20
Cover_T176 -10
Cover_T177 18
Cover_T178 -8
Cover_T179 36
Cover_T180 -26
Cover_T181 58
Cover_T182 -42
Cover_T183 24
Cover_T184 -4
Cover_T185 8
Cover_T186 -4
Cover_T187 32
Cover_T188 -4
Cover_T189 50
Cover_T190 -10
Cover_T191 64
Cover_T192 -4
Cover_T193 26
Cover_T194 -6
Cover_T195 32
Cover_T196 -16
Cover_T197 24
Cover_T198 -14
Cover_T199 24
Cover_T200 -32
Cover_T201 32
Cover_T202 -18
Cover_T203 36
Cover_T204 -22
Cover_T205 28
Cover_T206 -18
Cover_T207 64
Cover_T208 -40
Cover_T209 36
Cover_T210 -20
Cover_T211 36
Cover_T212 -24
Cover_T213 64
Cover_T214 -32
Cover_T215 54
Cover_T216 -36
Cover_T217 46
Cover_T218 -32
Cover_T219 56
Cover_T220 -38
Cover_T221 60
Cover_T222 -46
Cover_T223 56
Cover_T224 -48
Cover_T225 52
Cover_T226 -48
Cover_T227 56
Cover_T228 -50
Cover_T229 56
Cover_T230 52
Cover_T231 -52
Cover_T232 52
Cover_T233 -46
Cover_T234 56
Cover_T235 -46
Cover_T236 58
Cover_T237 -46
Cover_T238 58
Cover_T239 -40
Cover_T240 60
Cover_T241 -38
Cover_T242 58
Cover_T243 -40
Cover_T244 58
Cover_T245 -32
Cover_T246 52
Cover_T247 -34
Cover_T248 48
Cover_T249 -18
Cover_T250 40
Cover_T251 976
Cover_T252 1024
Cover_T253 974
Cover_T254 1022
Cover_T255 974
Cover_T256 1016
Cover_T257 980
Cover_T258 22
Cover_T259 0
Cover_T260 28
Cover_T261 2
Cover_T262 16
Cover_T263 -6
Cover_T264 20
Cover_T265 -6
Cover_T266 8
Cover_T267 -10
Cover_T268 0
Cover_T269 -10
Cover_T270 6
Cover_T271 -14
Cover_T272 6
Cover_T273 0
Cover_T274 18
Cover_T275 4.10209e-11
Cover_T276 2
Cover_T277 0
Cover_T278 6
Cover_T279 0
Cover_T280 6
Cover_T281 -12
Cover_T282 6
Cover_T283 4
Cover_T284 2
Cover_T285 1.69245e-10
Cover_T286 2
Cover_T287 0
Cover_T288 2
Cover_T289 0
Cover_T290 -12
Cover_T291 4
Cover_T292 -28
Cover_T293 10
Cover_T294 20
Cover_T295 20
Cover_T296 -2.10352e-11
Cover_T297 48
Cover_T298 2
Cover_T299 -2.52878e-11
Cover_T300 0
Cover_T301 0
Cover_T302 4.55778e-11
Cover_T303 6
Cover_T304 -3.12639e-11
Cover_T305 0
Cover_T306 7.07452e-11
Cover_T307 -3.61817e-11
Cover_T308 -1.54534e-11
Cover_T309 1.64686e-11
Cover_T310 6
Cover_T311 0
Cover_T312 10
Cover_T313 6
Cover_T314 -6
Cover_T315 2.63631e-11
Cover_T316 6
Cover_T317 4.74482e-11
Cover_T318 2
Cover_T319 -4
Cover_T320 6
Cover_T321 12
Cover_T322 6
Cover_T323 0
Cover_T324 6
Cover_T325 4
Cover_T326 10
Cover_T327 0
Cover_T328 -6
Cover_T329 0
Cover_T330 -10
Cover_T331 0
Cover_T332 -32
Cover_T333 8
Cover_T334 14
Cover_T335 24
Cover_T336 10
Cover_T337 52
Cover_T338 8
Cover_T339 6
Cover_T340 4
Cover_T341 0
Cover_T342 2
Cover_T343 16
Cover_T344 4
Cover_T345 6
Cover_T346 -12
Cover_T347 2
Cover_T348 -8
Cover_T349 4
Cover_T350 -2
Cover_T351 2
Cover_T352 8.92382e-11
Cover_T353 18
Cover_T354 -1.93756e-11
Cover_T355 14
Cover_T356 0
Cover_T357 10
Cover_T358 -10
Cover_T359 8
Cover_T360 -26
Cover_T361 14
Cover_T362 -42
Cover_T363 14
Cover_T364 16
Cover_T365 28
Cover_T366 -2
Cover_T367 44
Cover_T368 18
Cover_T369 60
Cover_T370 18
Cover_T371 18
Cover_T372 10
Cover_T373 8
Cover_T374 8
Cover_T375 20
Cover_T376 8
Cover_T377 22
Cover_T378 2
Cover_T379 4
Cover_T380 4
Cover_T381 24
Cover_T382 -26
Cover_T383 18
Cover_T384 0
Cover_T385 22
Cover_T386 -6
Cover_T387 50
Cover_T388 -32
Cover_T389 32
Cover_T390 -4
Cover_T391 32
Cover_T392 -4
Cover_T393 62
Cover_T394 -4
Cover_T395 24
Cover_T396 -12
Cover_T397 22
Cover_T398 -12
Cover_T399 30
Cover_T400 -28
Cover_T401 26
Cover_T402 -20
Cover_T403 26
Cover_T404 -42
Cover_T405 30
Cover_T406 -18
Cover_T407 46
Cover_T408 -18
Cover_T409 40
Cover_T410 -18
Cover_T411 56
Cover_T412 -20
Cover_T413 36
Cover_T414 -36
Cover_T415 36
Cover_T416 -22
Cover_T417 38
Cover_T418 -24
Cover_T419 38
Cover_T420 -24
Cover_T421 60
Cover_T422 -30
Cover_T423 46
Cover_T424 -26
Cover_T425 48
Cover_T426 -46
Cover_T427 50
Cover_T428 -32
Cover_T429 58
Cover_T430 -32
Cover_T431 54
Cover_T432 -36
Cover_T433 64
Cover_T434 -38
Cover_T435 54
Cover_T436 -42
Cover_T437 54
Cover_T438 -46
Cover_T439 56
Cover_T440 -46
Cover_T441 50
Cover_T442 -48
Cover_T443 52
Cover_T444 -48
Cover_T445 52
Cover_T446 -48
Cover_T447 56
Cover_T448 -50
Cover_T449 62
Cover_T450 -38
Cover_T451 60
Cover_T452 -38
Cover_T453 54
Cover_T454 -34
Cover_T455 58
Cover_T456 -44
Cover_T457 58
Cover_T458 -18
Cover_T459 52
Cover_T460 974
Cover_T461 1028
Cover_T462 974
Cover_T463 1030
Cover_T464 974
Cover_T465 1042
Cover_T466 970
Cover_T467 1026
Cover_T468 980
Cover_T469 1030
Cover_T470 978
Cover_T471 1020
Cover_T472 974
Cover_T473 1020
Cover_T474 980
Cover_T475 26
Cover_T476 2
Cover_T477 32
Cover_T478 2.59854e-11
Cover_T479 16
Cover_T480 -12
Cover_T481 4
Cover_T482 -8
Cover_T483 10
Cover_T484 -8
Cover_T485 2
Cover_T486 -4
Cover_T487 10
Cover_T488 -4
Cover_T489 10
Cover_T490 4
Cover_T491 6
Cover_T492 2
Cover_T493 4
Cover_T494 2
Cover_T495 0
Cover_T496 -10
Cover_T497 0
Cover_T498 6
Cover_T499 0
Cover_T500 2
Cover_T501 -14
Cover_T502 2
Cover_T503 -30
Cover_T504 2
Cover_T505 -46
Cover_T506 6
Cover_T507 14
Cover_T508 6
Cover_T509 0
Cover_T510 6
Cover_T511 4
Cover_T512 20
Cover_T513 4
Cover_T514 36
Cover_T515 0
Cover_T516 52
Cover_T517 4
Cover_T518 -8
Cover_T519 0
Cover_T520 0
Cover_T521 4
Cover_T522 2
Cover_T523 2
Cover_T524 6
Cover_T525 4
Cover_T526 1.88791e-11
Cover_T527 -1.36424e-12
Cover_T528 2
Cover_T529 1.19047e-11
Cover_T530 2
Cover_T531 8
Cover_T532 6
Cover_T533 0
Cover_T534 4
Cover_T535 2
Cover_T536 4
Cover_T537 2
Cover_T538 0
Cover_T539 2
Cover_T540 16
Cover_T541 6
Cover_T542 4
Cover_T543 -10
Cover_T544 8
Cover_T545 -14
Cover_T546 4
Cover_T547 -30
Cover_T548 4
Cover_T549 -46
Cover_T550 4
Cover_T551 12
Cover_T552 0
Cover_T553 -4
Cover_T554 16
Cover_T555 4
Cover_T556 20
Cover_T557 -12
Cover_T558 36
Cover_T559 -2
Cover_T560 52
Cover_T561 2
Cover_T562 -6
Cover_T563 0
Cover_T564 10
Cover_T565 5.88452e-12
Cover_T566 6
Cover_T567 8.14864e-11
Cover_T568 0
Cover_T569 2
Cover_T570 5.74758e-11
Cover_T571 0
Cover_T572 6
Cover_T573 -4
Cover_T574 8
Cover_T575 -2
Cover_T576 10
Cover_T577 -18
Cover_T578 0
Cover_T579 -30
Cover_T580 16
Cover_T581 -42
Cover_T582 12
Cover_T583 20
Cover_T584 4
Cover_T585 8
Cover_T586 18
Cover_T587 -4
Cover_T588 14
Cover_T589 20
Cover_T590 22
Cover_T591 8
Cover_T592 38
Cover_T593 18
Cover_T594 52
Cover_T595 6
Cover_T596 66
Cover_T597 16
Cover_T598 12
Cover_T599 -2
Cover_T600 28
Cover_T601 12
Cover_T602 8
Cover_T603 8
Cover_T604 -2
Cover_T605 3.60119e-10
Cover_T606 20
Cover_T607 6
Cover_T608 10
Cover_T609 0
Cover_T610 28
Cover_T611 4
Cover_T612 12
Cover_T613 -14
Cover_T614 8
Cover_T615 -38
Cover_T616 6
Cover_T617 -4
Cover_T618 14
Cover_T619 2.34605e-10
Cover_T620 12
Cover_T621 -22
Cover_T622 38
Cover_T623 -38
Cover_T624 58
Cover_T625 -4
Cover_T626 24
Cover_T627 -10
Cover_T628 26
Cover_T629 -4
Cover_T630 42
Cover_T631 -4
Cover_T632 62
Cover_T633 -6
Cover_T634 28
Cover_T635 -10
Cover_T636 22
Cover_T637 -22
Cover_T638 20
Cover_T639 -14
Cover_T640 32
Cover_T641 -18
Cover_T642 48
Cover_T643 -24
Cover_T644 58
Cover_T645 -20
Cover_T646 38
Cover_T647 -22
Cover_T648 38
Cover_T649 -26
Cover_T650 40
Cover_T651 -30
Cover_T652 64
Cover_T653 -34
Cover_T654 52
Cover_T655 -28
Cover_T656 54
Cover_T657 -36
Cover_T658 58
Cover_T659 -36
Cover_T660 48
Cover_T661 -32
Cover_T662 52
Cover_T663 -32
Cover_T664 68
Cover_T665 -38
Cover_T666 60
Cover_T667 -38
Cover_T668 60
Cover_T669 -46
Cover_T670 62
Cover_T671 -48
Cover_T672 54
Cover_T673 -48
Cover_T674 54
Cover_T675 -48
Cover_T676 54
Cover_T677 -50
Cover_T678 54
Cover_T679 -50
Cover_T680 32
Cover_T681 6
Cover_T682 18
Cover_T683 2
Cover_T684 12
Cover_T685 16
Cover_T686 28
Cover_T687 32
Cover_T688 1018
Cover_T689 1022
Cover_T690 1006
Cover_T691 1020
Cover_T692 1014
Cover_T693 1020
Cover_T694 1014
Cover_T695 1016
Cover_T696 1052
Cover_T697 0
Cover_T698 58
Cover_T699 16
Cover_T700 60
Cover_T701 0
Cover_T702 44
Cover_T703 0
Cover_T704 52
Cover_T705 -16
Cover_T706 0
Cover_T707 54
Cover_T708 0
Cover_T709 60
Cover_T710 -14
Cover_T711 64
Cover_T712 0
Cover_T713 38
Cover_T714 10
Cover_T715 36
Cover_T716 0
Cover_T717 36
Cover_T718 0
Cover_T719 58
Cover_T720 16
Cover_T721 28
Cover_T722 48
Cover_T723 2
Cover_T724 24
Cover_T725 20
Cover_T726 44
Cover_T727 10
Cover_T728 22
Cover_T729 0
Cover_T730 0
Cover_T731 -8
Cover_T732 20
Cover_T733 -2
Cover_T734 -18
Cover_T735 36
Cover_T736 0
Cover_T737 0
Cover_T738 44
Cover_T739 32
Cover_T740 44
Cover_T741 66
Cover_T742 40
Cover_T743 40
Cover_T744 36
Count_D0 -984
Count_D1 -1000
Max_H0_P0 0
Max_H0_P1 0
Max_H0_P2 0
Max_H0_P3 0
Max_H0_P4 0
Max_H0_P5 1.48046e-11
Max_H0_P6 -1.38351e-11
Max_H0_P7 0
Max_H0_P8 0
Max_H0_P9 0
Max_H0_P10 0
Max_H0_P11 0
Max_H0_P12 0
Max_H0_P13 0
Max_H0_P14 0
Max_H0_P15 0
Max_H0_P16 0
Max_H0_P17 7.92255e-12
Max_H0_P18 -1.22511e-11
Max_H0_P19 5.75284e-12
Max_H0_P20 -1.37113e-11
Max_H0_P21 -1.20182e-12
Max_H0_P22 -2.53753e-11
Max_H0_P23 1.65312e-11
Max_H0_P24 -3.66812e-11
Max_H0_P25 -7.17648e-12
Max_H0_P26 -2.66898e-12
Max_H0_P27 -2.18199e-11
Max_H0_P28 5.37606e-11
Max_H0_P29 -2.0691e-11
Max_H0_P30 3.30925e-12
Max_H0_P31 -1.81925e-11
Max_H0_P32 -2.14628e-11
Max_H0_P33 2.14628e-11
Max_H0_P34 0
Max_H0_P35 0
Max_H0_P36 -1.30914e-11
Max_H0_P37 2.14621e-11
Max_H0_P38 9.7854e-12
Max_H0_P39 -6.47615e-12
Max_H0_P40 9.11479e-12
Max_H0_P41 5.57624e-12
Max_H0_P42 3.4273e-11
Max_H0_P43 0
Max_H0_P44 0
Max_H0_P45 0
Max_H0_P46 0
Max_H0_P47 0
Max_H0_P48 0
Max_H0_P49 0
Max_H0_P50 0
Max_H0_P51 0
Max_H0_P52 0
Max_H0_P53 0
Max_H0_P54 0
Max_H0_P55 0
Max_H0_P56 0
Max_H0_P57 0
Max_H0_P58 0
Max_H0_P59 0
Max_H0_P60 0
Max_H0_P61 0
Max_H0_P62 0
Max_H0_P63 0
Max_H0_P64 0
Max_H0_P65 0
Max_H0_P66 0
Max_H0_P67 0
Max_H0_P68 0
Max_H0_P69 0
Max_H0_P70 0
Max_H0_P71 0
Max_H0_P72 0
Max_H0_P73 0
Max_H0_P74 0
Max_H0_P75 0
Max_H0_P76 0
Max_H0_P77 0
Max_H0_P78 0
Max_H0_P79 0
Max_H0_P80 -5.14393e-11
Max_H0_P81 0
Max_H1_P0 0
Max_H1_P1 0
Max_H1_P2 0
Max_H1_P3 0
Max_H1_P4 0
Max_H1_P5 0
Max_H1_P6 0
Max_H1_P7 0
Max_H1_P8 0
Max_H1_P9 0
Max_H1_P10 0
Max_H1_P11 0
Max_H1_P12 0
Max_H1_P13 0
Max_H1_P14 0
Max_H1_P15 0
Max_H1_P16 -6.39316e-11
Max_H1_P17 3.68131e-11
Max_H1_P18 -1.40754e-11
Max_H1_P19 1.90526e-11
Max_H1_P20 -3.51079e-11
Max_H1_P21 -1.46381e-11
Max_H1_P22 -4.79373e-11
Max_H1_P23 0
Max_H1_P24 9.581e-12
Max_H1_P25 -5.49255e-11
Max_H1_P26 6.1053e-12
Max_H1_P27 -6.5457e-12
Max_H1_P28 3.41953e-11
Max_H1_P29 -5.23735e-12
Max_H1_P30 -8.97932e-14
Max_H1_P31 7.61702e-12
Max_H1_P32 -4.05116e-11
Max_H1_P33 -2.56897e-11
Max_H1_P34 1.06208e-11
Max_H1_P35 1.32875e-11
Max_H1_P36 -7.40963e-12
Max_H1_P37 -3.47927e-11
Max_H1_P38 -1.0413e-11
Max_H1_P39 0
Max_H1_P40 2.27025e-11
Max_H1_P41 5.8904e-11
Max_H1_P42 0
Max_H1_P43 -5.03378e-11
Max_H1_P44 0
Max_H1_P45 0
Max_H1_P46 0
Max_H1_P47 0
Max_H1_P48 0
Max_H1_P49 0
Max_H1_P50 0
Max_H1_P51 0
Max_H1_P52 0
Max_H1_P53 1.23363e-11
Max_H1_P54 -2.66341e-11
Max_H1_P55 4.76916e-11
Max_H1_P56 0
Max_H1_P57 0
Max_H1_P58 0
Max_H1_P59 -1.48493e-10
Max_H1_P60 0
Max_H1_P61 4.58238e-11
Max_H1_P62 0
Max_H1_P63 3.41718e-11
Max_H1_P64 0
Max_H1_P65 0
Max_H1_P66 5.48491e-11
Max_H1_P67 0
Max_H1_P68 0
Max_H1_P69 0
Max_H1_P70 -5.88352e-11
Max_H1_P71 -8.15894e-13
Max_H1_P72 0
Max_H1_P73 0
Max_H1_P74 0
Max_H1_P75 0
Max_H1_P76 -6.47615e-12
Max_H1_P77 -7.40101e-11
Max_H1_P78 0
Max_H1_P79 1.99748e-10
Max_H1_P80 -1.19261e-10
Max_H1_P81 0
