
Branch and bound

  Entire solving process        :                           (Time    216.6)
  No feasible solution was found
  Best relaxation cost          :     71337.61 (Node     0) (Time    216.6)
  Lower bound after cuts        :     71337.61
  End lower bound               :     71337.61
  Deepest level reached         : 0
  Deepest real level reached    : 0
  Number of real nodes solved   : 1
  Stopping condition            : enough nodes explored

Problem identification

  Problem                       : <null>
  Machine                       : oslo3.gerad.lan

Solving process summary

  Linear relaxations            :        1
  Column generation iterations  :      103
  Shortest paths solved         :     3880
  Columns generated             :    46862

Instance characteristics

  Resources                     : 3
  Node types                    : no
  Arc types                     : no
  Strong resource windows       : no
  Weak resource windows         : no
  Resource windows (nodes)      : 3
  Resource values (arcs)        : 3
  Values on nodes               : no

  Rows                          : 1214
  Initial columns               : 2
  Tasks                         : 1052
  Strong tasks                  : 1048
  Weak tasks                    : 4
  Initial task constraints      : no
  Nodes                         : 1380
  Arc sets                      : 1
  Arcs                          : 48675
  Networks                      : 2
  Models                        : 1

Memory used per module (Megs)

  Parser (reused)               :      9.937
  Networks                      :     38.142
  Column generator              :     14.530
  Master problem                :     11.507
  -----------------
  Total                         :     64.180

Cpu time per module (seconds)

  Parser                        :        0.0
  Preprocessor                  :        0.0
  Lr solver manager             :        0.1
  Column generator              :       91.3
    (Shortest path)             :       79.2
  Master problem                :      125.2
  -------------------
  Total (without b&b)           :      216.6

Real elapsed time (seconds)

  Parser                        :        0.0
  Preprocessor                  :        0.0
  Lr solver manager             :        0.1
  Column generator              :       91.3
    (Shortest path)             :       79.2
  Master problem                :      125.1
  -------------------
  Total (without b&b)           :      216.6
