
Branch and bound

  Entire solving process        :                           (Time    335.2)
  No feasible solution was found
  Best relaxation cost          :     63148.48 (Node     0) (Time    335.2)
  Lower bound after cuts        :     63148.48
  End lower bound               :     63148.48
  Deepest level reached         : 0
  Deepest real level reached    : 0
  Number of real nodes solved   : 1
  Stopping condition            : enough nodes explored

Problem identification

  Problem                       : <null>
  Machine                       : oslo3.gerad.lan

Solving process summary

  Linear relaxations            :        1
  Column generation iterations  :      167
  Shortest paths solved         :    11985
  Columns generated             :    69129

Instance characteristics

  Resources                     : 3
  Node types                    : no
  Arc types                     : no
  Strong resource windows       : no
  Weak resource windows         : no
  Resource windows (nodes)      : 3
  Resource values (arcs)        : 3
  Values on nodes               : no

  Rows                          : 955
  Initial columns               : 428
  Tasks                         : 793
  Strong tasks                  : 540
  Weak tasks                    : 4
  Initial task constraints      : no
  Nodes                         : 1121
  Arc sets                      : 1
  Arcs                          : 30168
  Networks                      : 2
  Models                        : 1

Memory used per module (Megs)

  Parser (reused)               :      6.304
  Networks                      :     31.240
  Column generator              :     12.351
  Master problem                :      9.118
  -----------------
  Total                         :     52.709

Cpu time per module (seconds)

  Parser                        :        0.0
  Preprocessor                  :        0.0
  Lr solver manager             :        0.1
  Column generator              :      144.2
    (Shortest path)             :      131.2
  Master problem                :      190.8
  -------------------
  Total (without b&b)           :      335.1

Real elapsed time (seconds)

  Parser                        :        0.0
  Preprocessor                  :        0.0
  Lr solver manager             :        0.1
  Column generator              :      144.3
    (Shortest path)             :      130.7
  Master problem                :      190.8
  -------------------
  Total (without b&b)           :      335.1
