
Branch and bound

  Entire solving process        :                           (Time    781.5)
  No feasible solution was found
  Best relaxation cost          :     63240.53 (Node     0) (Time    781.5)
  Lower bound after cuts        :     63240.53
  End lower bound               :     63240.53
  Deepest level reached         : 0
  Deepest real level reached    : 0
  Number of real nodes solved   : 1
  Stopping condition            : enough nodes explored

Problem identification

  Problem                       : <null>
  Machine                       : oslo4.gerad.lan

Solving process summary

  Linear relaxations            :        1
  Column generation iterations  :      267
  Shortest paths solved         :     5592
  Columns generated             :    58684

Instance characteristics

  Resources                     : 3
  Node types                    : no
  Arc types                     : no
  Strong resource windows       : no
  Weak resource windows         : no
  Resource windows (nodes)      : 3
  Resource values (arcs)        : 3
  Values on nodes               : no

  Rows                          : 955
  Initial columns               : 2
  Tasks                         : 793
  Strong tasks                  : 789
  Weak tasks                    : 4
  Initial task constraints      : no
  Nodes                         : 1121
  Arc sets                      : 1
  Arcs                          : 30168
  Networks                      : 2
  Models                        : 1

Memory used per module (Megs)

  Parser (reused)               :      6.304
  Networks                      :     28.576
  Column generator              :      8.476
  Master problem                :      9.043
  -----------------
  Total                         :     46.095

Cpu time per module (seconds)

  Parser                        :        0.0
  Preprocessor                  :        0.0
  Lr solver manager             :        0.2
  Column generator              :       84.5
    (Shortest path)             :       75.6
  Master problem                :      696.7
  -------------------
  Total (without b&b)           :      781.5

Real elapsed time (seconds)

  Parser                        :        0.0
  Preprocessor                  :        0.0
  Lr solver manager             :        0.2
  Column generator              :       84.5
    (Shortest path)             :       75.4
  Master problem                :      696.8
  -------------------
  Total (without b&b)           :      781.5
