
Branch and bound

  Entire solving process        :                           (Time    469.5)
  No feasible solution was found
  Best relaxation cost          :     64237.13 (Node     0) (Time    469.4)
  Lower bound after cuts        :     64237.13
  End lower bound               :     64237.13
  Deepest level reached         : 0
  Deepest real level reached    : 0
  Number of real nodes solved   : 1
  Stopping condition            : enough nodes explored

Problem identification

  Problem                       : <null>
  Machine                       : oslo1.gerad.lan

Solving process summary

  Linear relaxations            :        1
  Column generation iterations  :      132
  Shortest paths solved         :     7834
  Columns generated             :    64787

Instance characteristics

  Resources                     : 3
  Node types                    : no
  Arc types                     : no
  Strong resource windows       : no
  Weak resource windows         : no
  Resource windows (nodes)      : 3
  Resource values (arcs)        : 3
  Values on nodes               : no

  Rows                          : 1182
  Initial columns               : 523
  Tasks                         : 1020
  Strong tasks                  : 707
  Weak tasks                    : 4
  Initial task constraints      : no
  Nodes                         : 1348
  Arc sets                      : 1
  Arcs                          : 45338
  Networks                      : 2
  Models                        : 1

Memory used per module (Megs)

  Parser (reused)               :      9.331
  Networks                      :     39.595
  Column generator              :     11.745
  Master problem                :     11.538
  -----------------
  Total                         :     62.878

Cpu time per module (seconds)

  Parser                        :        0.0
  Preprocessor                  :        0.0
  Lr solver manager             :        0.1
  Column generator              :      143.4
    (Shortest path)             :      125.8
  Master problem                :      325.9
  -------------------
  Total (without b&b)           :      469.4

Real elapsed time (seconds)

  Parser                        :        0.0
  Preprocessor                  :        0.0
  Lr solver manager             :        0.1
  Column generator              :      143.3
    (Shortest path)             :      125.3
  Master problem                :      326.0
  -------------------
  Total (without b&b)           :      469.4
