Cover_T0 52
Cover_T1 -52
Cover_T2 52
Cover_T3 -52
Cover_T4 52
Cover_T5 -52
Cover_T6 52
Cover_T7 -52
Cover_T8 52
Cover_T9 -52
Cover_T10 52
Cover_T11 -52
Cover_T12 54
Cover_T13 -50
Cover_T14 54
Cover_T15 -50
Cover_T16 54
Cover_T17 -50
Cover_T18 54
Cover_T19 -50
Cover_T20 54
Cover_T21 -50
Cover_T22 54
Cover_T23 -50
Cover_T24 52
Cover_T25 -50
Cover_T26 56
Cover_T27 -42
Cover_T28 58
Cover_T29 -34
Cover_T30 54
Cover_T31 -46
Cover_T32 58
Cover_T33 -40
Cover_T34 64
Cover_T35 -2
Cover_T36 52
Cover_T37 -14
Cover_T38 50
Cover_T39 -30
Cover_T40 48
Cover_T41 8
Cover_T42 78
Cover_T43 38
Cover_T44 78
Cover_T45 20
Cover_T46 28
Cover_T47 18
Cover_T48 1032
Cover_T49 970
Cover_T50 1002
Cover_T51 946
Cover_T52 956
Cover_T53 964
Cover_T54 974
Cover_T55 978
Cover_T56 988
Cover_T57 -6
Cover_T58 14
Cover_T59 -2
Cover_T60 -2.13847e-10
Cover_T61 -2.10179e-10
Cover_T62 18
Cover_T63 -6
Cover_T64 20
Cover_T65 2
Cover_T66 18
Cover_T67 8
Cover_T68 12
Cover_T69 -2
Cover_T70 0
Cover_T71 -10
Cover_T72 0
Cover_T73 -10
Cover_T74 -4
Cover_T75 -4
Cover_T76 -24
Cover_T77 8
Cover_T78 -44
Cover_T79 8
Cover_T80 -2
Cover_T81 12
Cover_T82 8
Cover_T83 32
Cover_T84 0
Cover_T85 52
Cover_T86 6
Cover_T87 10
Cover_T88 -2
Cover_T89 0
Cover_T90 8
Cover_T91 8
Cover_T92 4
Cover_T93 2
Cover_T94 6
Cover_T95 10
Cover_T96 -2
Cover_T97 0
Cover_T98 14
Cover_T99 4
Cover_T100 18
Cover_T101 2
Cover_T102 18
Cover_T103 10
Cover_T104 18
Cover_T105 0
Cover_T106 6
Cover_T107 -12
Cover_T108 18
Cover_T109 -2.58041e-10
Cover_T110 -14
Cover_T111 12
Cover_T112 4
Cover_T113 -6
Cover_T114 6
Cover_T115 18
Cover_T116 -18
Cover_T117 0
Cover_T118 4
Cover_T119 18
Cover_T120 6
Cover_T121 16
Cover_T122 -1.48683e-11
Cover_T123 2
Cover_T124 6
Cover_T125 8
Cover_T126 -26
Cover_T127 18
Cover_T128 0
Cover_T129 12
Cover_T130 -1.64182e-10
Cover_T131 32
Cover_T132 -14
Cover_T133 52
Cover_T134 -34
Cover_T135 14
Cover_T136 0
Cover_T137 8
Cover_T138 18
Cover_T139 24
Cover_T140 0
Cover_T141 44
Cover_T142 18
Cover_T143 8
Cover_T144 -4
Cover_T145 4
Cover_T146 -28
Cover_T147 2
Cover_T148 6
Cover_T149 20
Cover_T150 16
Cover_T151 32
Cover_T152 16
Cover_T153 74
Cover_T154 -12
Cover_T155 30
Cover_T156 12
Cover_T157 34
Cover_T158 6
Cover_T159 30
Cover_T160 2
Cover_T161 60
Cover_T162 -6
Cover_T163 36
Cover_T164 -22
Cover_T165 36
Cover_T166 -6
Cover_T167 14
Cover_T168 -18
Cover_T169 28
Cover_T170 -14
Cover_T171 52
Cover_T172 -14
Cover_T173 26
Cover_T174 -36
Cover_T175 26
Cover_T176 -22
Cover_T177 26
Cover_T178 -14
Cover_T179 50
Cover_T180 -14
Cover_T181 28
Cover_T182 -14
Cover_T183 52
Cover_T184 -36
Cover_T185 22
Cover_T186 -24
Cover_T187 40
Cover_T188 -34
Cover_T189 48
Cover_T190 -14
Cover_T191 36
Cover_T192 -14
Cover_T193 72
Cover_T194 -22
Cover_T195 52
Cover_T196 -22
Cover_T197 60
Cover_T198 -28
Cover_T199 70
Cover_T200 -34
Cover_T201 70
Cover_T202 -34
Cover_T203 70
Cover_T204 52
Cover_T205 -52
Cover_T206 54
Cover_T207 -50
Cover_T208 54
Cover_T209 -50
Cover_T210 52
Cover_T211 -50
Cover_T212 52
Cover_T213 -50
Cover_T214 52
Cover_T215 -50
Cover_T216 50
Cover_T217 -32
Cover_T218 52
Cover_T219 -34
Cover_T220 66
Cover_T221 -4
Cover_T222 42
Cover_T223 -26
Cover_T224 60
Cover_T225 4
Cover_T226 90
Cover_T227 32
Cover_T228 40
Cover_T229 30
Cover_T230 40
Cover_T231 18
Cover_T232 40
Cover_T233 12
Cover_T234 996
Cover_T235 932
Cover_T236 952
Cover_T237 950
Cover_T238 968
Cover_T239 962
Cover_T240 986
Cover_T241 976
Cover_T242 974
Cover_T243 -16
Cover_T244 30
Cover_T245 -8
Cover_T246 10
Cover_T247 -2
Cover_T248 0
Cover_T249 -4
Cover_T250 0
Cover_T251 8
Cover_T252 2
Cover_T253 18
Cover_T254 0
Cover_T255 8
Cover_T256 -8.34408e-11
Cover_T257 -4.81371e-10
Cover_T258 -4.59347e-11
Cover_T259 6.55676e-12
Cover_T260 -2
Cover_T261 1.40343e-12
Cover_T262 -22
Cover_T263 8.15926e-11
Cover_T264 -42
Cover_T265 2
Cover_T266 0
Cover_T267 22
Cover_T268 0
Cover_T269 42
Cover_T270 1.94136e-11
Cover_T271 -1.74083e-12
Cover_T272 0
Cover_T273 -3.33102e-11
Cover_T274 -4.43384e-11
Cover_T275 0
Cover_T276 -8.25509e-11
Cover_T277 -4.18474e-11
Cover_T278 0
Cover_T279 0
Cover_T280 -1.31855e-11
Cover_T281 -1.37754e-11
Cover_T282 1.63993e-11
Cover_T283 2.50715e-11
Cover_T284 3.78568e-11
Cover_T285 0
Cover_T286 -4
Cover_T287 0
Cover_T288 0
Cover_T289 0
Cover_T290 0
Cover_T291 4
Cover_T292 2.0259e-10
Cover_T293 1.3352e-11
Cover_T294 -3.38611e-10
Cover_T295 7.60227e-11
Cover_T296 -20
Cover_T297 -2.45441e-10
Cover_T298 4
Cover_T299 0
Cover_T300 -16
Cover_T301 20
Cover_T302 2.09126e-11
Cover_T303 8
Cover_T304 0
Cover_T305 40
Cover_T306 14
Cover_T307 -2
Cover_T308 8
Cover_T309 28
Cover_T310 4
Cover_T311 6
Cover_T312 2
Cover_T313 4
Cover_T314 -6
Cover_T315 6
Cover_T316 -30
Cover_T317 8
Cover_T318 4
Cover_T319 20
Cover_T320 -2
Cover_T321 52
Cover_T322 -28
Cover_T323 0
Cover_T324 0
Cover_T325 28
Cover_T326 0
Cover_T327 52
Cover_T328 2
Cover_T329 14
Cover_T330 2
Cover_T331 2
Cover_T332 -16
Cover_T333 0
Cover_T334 -38
Cover_T335 10
Cover_T336 2
Cover_T337 32
Cover_T338 16
Cover_T339 66
Cover_T340 8
Cover_T341 38
Cover_T342 -34
Cover_T343 12
Cover_T344 2
Cover_T345 52
Cover_T346 -6
Cover_T347 36
Cover_T348 -14
Cover_T349 14
Cover_T350 -12
Cover_T351 28
Cover_T352 -14
Cover_T353 52
Cover_T354 -24
Cover_T355 18
Cover_T356 -16
Cover_T357 18
Cover_T358 -36
Cover_T359 18
Cover_T360 -14
Cover_T361 26
Cover_T362 -38
Cover_T363 46
Cover_T364 -20
Cover_T365 20
Cover_T366 -16
Cover_T367 40
Cover_T368 -36
Cover_T369 20
Cover_T370 -30
Cover_T371 24
Cover_T372 -14
Cover_T373 44
Cover_T374 -20
Cover_T375 36
Cover_T376 -38
Cover_T377 28
Cover_T378 -14
Cover_T379 40
Cover_T380 -18
Cover_T381 48
Cover_T382 -34
Cover_T383 58
Cover_T384 -26
Cover_T385 40
Cover_T386 -22
Cover_T387 44
Cover_T388 -32
Cover_T389 60
Cover_T390 -22
Cover_T391 70
Cover_T392 -28
Cover_T393 70
Cover_T394 -34
Cover_T395 70
Cover_T396 -34
Cover_T397 70
Cover_T398 58
Cover_T399 -42
Cover_T400 58
Cover_T401 -38
Cover_T402 64
Cover_T403 -36
Cover_T404 66
Cover_T405 -2
Cover_T406 52
Cover_T407 -18
Cover_T408 66
Cover_T409 0
Cover_T410 48
Cover_T411 42
Cover_T412 76
Cover_T413 18
Cover_T414 58
Cover_T415 0
Cover_T416 58
Cover_T417 12
Cover_T418 1012
Cover_T419 968
Cover_T420 1012
Cover_T421 966
Cover_T422 994
Cover_T423 978
Cover_T424 1000
Cover_T425 946
Cover_T426 954
Cover_T427 958
Cover_T428 980
Cover_T429 962
Cover_T430 980
Cover_T431 982
Cover_T432 980
Cover_T433 -8
Cover_T434 8
Cover_T435 -8
Cover_T436 -4
Cover_T437 -10
Cover_T438 4
Cover_T439 6
Cover_T440 22
Cover_T441 -4
Cover_T442 20
Cover_T443 0
Cover_T444 2
Cover_T445 2
Cover_T446 6
Cover_T447 18
Cover_T448 8
Cover_T449 8
Cover_T450 6
Cover_T451 -4.29316e-10
Cover_T452 -14
Cover_T453 -2.85514e-11
Cover_T454 -34
Cover_T455 0
Cover_T456 8
Cover_T457 0
Cover_T458 8
Cover_T459 2
Cover_T460 1.62981e-11
Cover_T461 18
Cover_T462 -4
Cover_T463 34
Cover_T464 6
Cover_T465 50
Cover_T466 2
Cover_T467 4
Cover_T468 6
Cover_T469 -8.977e-11
Cover_T470 -4.20875e-11
Cover_T471 6
Cover_T472 0
Cover_T473 10
Cover_T474 6
Cover_T475 0
Cover_T476 2
Cover_T477 4
Cover_T478 6
Cover_T479 0
Cover_T480 6
Cover_T481 6
Cover_T482 14
Cover_T483 6
Cover_T484 18
Cover_T485 0
Cover_T486 2
Cover_T487 4
Cover_T488 6
Cover_T489 2.82716e-13
Cover_T490 8
Cover_T491 4
Cover_T492 -12
Cover_T493 4.19398e-11
Cover_T494 12
Cover_T495 1.30882e-11
Cover_T496 -8
Cover_T497 -2.46564e-10
Cover_T498 -28
Cover_T499 -1.5163e-11
Cover_T500 0
Cover_T501 20
Cover_T502 6
Cover_T503 -4
Cover_T504 -14
Cover_T505 16
Cover_T506 12
Cover_T507 36
Cover_T508 18
Cover_T509 8
Cover_T510 -2
Cover_T511 2
Cover_T512 -2.30687e-11
Cover_T513 22
Cover_T514 0
Cover_T515 0
Cover_T516 -8
Cover_T517 -2
Cover_T518 -32
Cover_T519 0
Cover_T520 2
Cover_T521 2
Cover_T522 4
Cover_T523 10
Cover_T524 -10
Cover_T525 26
Cover_T526 -26
Cover_T527 42
Cover_T528 -42
Cover_T529 2
Cover_T530 2
Cover_T531 18
Cover_T532 18
Cover_T533 6
Cover_T534 2
Cover_T535 18
Cover_T536 8
Cover_T537 34
Cover_T538 12
Cover_T539 54
Cover_T540 -10
Cover_T541 -12
Cover_T542 -34
Cover_T543 18
Cover_T544 0
Cover_T545 2
Cover_T546 10
Cover_T547 36
Cover_T548 10
Cover_T549 56
Cover_T550 -6
Cover_T551 66
Cover_T552 -22
Cover_T553 28
Cover_T554 2
Cover_T555 16
Cover_T556 -10
Cover_T557 28
Cover_T558 -10
Cover_T559 26
Cover_T560 -1.70282e-10
Cover_T561 42
Cover_T562 2
Cover_T563 58
Cover_T564 -16
Cover_T565 34
Cover_T566 -40
Cover_T567 34
Cover_T568 -6
Cover_T569 26
Cover_T570 -12
Cover_T571 26
Cover_T572 -14
Cover_T573 50
Cover_T574 -26
Cover_T575 24
Cover_T576 -14
Cover_T577 24
Cover_T578 -40
Cover_T579 24
Cover_T580 -14
Cover_T581 52
Cover_T582 -14
Cover_T583 38
Cover_T584 -14
Cover_T585 38
Cover_T586 -28
Cover_T587 22
Cover_T588 -20
Cover_T589 50
Cover_T590 -32
Cover_T591 40
Cover_T592 -24
Cover_T593 54
Cover_T594 -26
Cover_T595 42
Cover_T596 -22
Cover_T597 70
Cover_T598 -42
Cover_T599 48
Cover_T600 -38
Cover_T601 50
Cover_T602 -34
Cover_T603 54
Cover_T604 -48
Cover_T605 52
Cover_T606 -34
Cover_T607 64
Cover_T608 -44
Cover_T609 22
Cover_T610 -2
Cover_T611 24
Cover_T612 16
Cover_T613 52
Cover_T614 14
Cover_T615 76
Cover_T616 44
Cover_T617 68
Cover_T618 24
Cover_T619 130
Cover_T620 46
Cover_T621 110
Cover_T622 44
Cover_T623 108
Cover_T624 0
Cover_T625 990
Cover_T626 0
Cover_T627 990
Cover_T628 904
Cover_T629 1032
Cover_T630 916
Cover_T631 986
Cover_T632 922
Cover_T633 1018
Cover_T634 0
Cover_T635 1006
Cover_T636 30
Cover_T637 14
Cover_T638 -26
Cover_T639 56
Cover_T640 -26
Cover_T641 54
Cover_T642 0
Cover_T643 -2.41951e-10
Cover_T644 52
Cover_T645 -36
Cover_T646 0
Cover_T647 -26
Cover_T648 38
Cover_T649 6
Cover_T650 54
Cover_T651 0
Cover_T652 50
Cover_T653 2
Cover_T654 32
Cover_T655 28
Cover_T656 54
Cover_T657 62
Cover_T658 0
Cover_T659 46
Cover_T660 14
Cover_T661 36
Cover_T662 22
Cover_T663 34
Cover_T664 0
Cover_T665 32
Cover_T666 -24
Cover_T667 0
Cover_T668 0
Cover_T669 54
Cover_T670 6
Cover_T671 24
Cover_T672 10
Cover_T673 0
Cover_T674 42
Cover_T675 36
Cover_T676 -6
Cover_T677 36
Cover_T678 16
Cover_T679 34
Count_D0 -984
Count_D1 -1000
Max_H0_P0 0
Max_H0_P1 0
Max_H0_P2 0
Max_H0_P3 0
Max_H0_P4 0
Max_H0_P5 0
Max_H0_P6 0
Max_H0_P7 1.1646e-11
Max_H0_P8 0
Max_H0_P9 0
Max_H0_P10 0
Max_H0_P11 0
Max_H0_P12 0
Max_H0_P13 0
Max_H0_P14 0
Max_H0_P15 0
Max_H0_P16 0
Max_H0_P17 1.65201e-13
Max_H0_P18 2.95715e-12
Max_H0_P19 -1.66271e-11
Max_H0_P20 -1.39828e-11
Max_H0_P21 4.88842e-12
Max_H0_P22 3.86446e-12
Max_H0_P23 1.12981e-11
Max_H0_P24 9.9476e-14
Max_H0_P25 -4.40572e-11
Max_H0_P26 -1.91906e-11
Max_H0_P27 1.47704e-11
Max_H0_P28 1.16782e-11
Max_H0_P29 -8.90267e-12
Max_H0_P30 1.59144e-11
Max_H0_P31 -5.43319e-12
Max_H0_P32 -7.10543e-13
Max_H0_P33 6.9543e-12
Max_H0_P34 2.24143e-11
Max_H0_P35 1.38949e-11
Max_H0_P36 -1.35181e-11
Max_H0_P37 0
Max_H0_P38 -1.96446e-11
Max_H0_P39 4.78228e-11
Max_H0_P40 -3.37065e-11
Max_H0_P41 5.16987e-11
Max_H0_P42 1.07599e-11
Max_H0_P43 2.33751e-11
Max_H0_P44 0
Max_H0_P45 0
Max_H0_P46 0
Max_H0_P47 0
Max_H0_P48 0
Max_H0_P49 0
Max_H0_P50 0
Max_H0_P51 0
Max_H0_P52 0
Max_H0_P53 0
Max_H0_P54 0
Max_H0_P55 0
Max_H0_P56 0
Max_H0_P57 0
Max_H0_P58 0
Max_H0_P59 0
Max_H0_P60 1.73524e-11
Max_H0_P61 0
Max_H0_P62 0
Max_H0_P63 0
Max_H0_P64 0
Max_H0_P65 0
Max_H0_P66 0
Max_H0_P67 0
Max_H0_P68 0
Max_H0_P69 0
Max_H0_P70 0
Max_H0_P71 0
Max_H0_P72 0
Max_H0_P73 0
Max_H0_P74 0
Max_H0_P75 0
Max_H0_P76 0
Max_H0_P77 0
Max_H0_P78 0
Max_H0_P79 -4.85745e-12
Max_H0_P80 0
Max_H0_P81 0
Max_H1_P0 0
Max_H1_P1 0
Max_H1_P2 0
Max_H1_P3 0
Max_H1_P4 -2.05863e-11
Max_H1_P5 -2.39793e-11
Max_H1_P6 4.1261e-11
Max_H1_P7 0
Max_H1_P8 0
Max_H1_P9 0
Max_H1_P10 0
Max_H1_P11 0
Max_H1_P12 0
Max_H1_P13 0
Max_H1_P14 0
Max_H1_P15 0
Max_H1_P16 -3.99396e-11
Max_H1_P17 2.70478e-11
Max_H1_P18 0
Max_H1_P19 -3.14415e-12
Max_H1_P20 -1.35674e-11
Max_H1_P21 2.30405e-12
Max_H1_P22 -9.50737e-12
Max_H1_P23 -1.82808e-11
Max_H1_P24 5.52076e-11
Max_H1_P25 -1.44507e-11
Max_H1_P26 -2.98708e-11
Max_H1_P27 4.36284e-11
Max_H1_P28 -2.55795e-11
Max_H1_P29 -6.21753e-12
Max_H1_P30 0
Max_H1_P31 -4.39828e-11
Max_H1_P32 4.61112e-11
Max_H1_P33 -1.473e-11
Max_H1_P34 -1.11905e-11
Max_H1_P35 2.27911e-11
Max_H1_P36 6.93109e-12
Max_H1_P37 -7.22917e-12
Max_H1_P38 2.25479e-11
Max_H1_P39 -6.93109e-12
Max_H1_P40 2.71677e-11
Max_H1_P41 1.58442e-12
Max_H1_P42 0
Max_H1_P43 1.73649e-11
Max_H1_P44 0
Max_H1_P45 0
Max_H1_P46 6.17267e-11
Max_H1_P47 0
Max_H1_P48 0
Max_H1_P49 0
Max_H1_P50 0
Max_H1_P51 0
Max_H1_P52 0
Max_H1_P53 0
Max_H1_P54 0
Max_H1_P55 0
Max_H1_P56 2.24132e-11
Max_H1_P57 -2.80167e-11
Max_H1_P58 1.1708e-11
Max_H1_P59 -1.66835e-11
Max_H1_P60 -4.09072e-11
Max_H1_P61 3.23048e-11
Max_H1_P62 0
Max_H1_P63 1.29656e-11
Max_H1_P64 0
Max_H1_P65 -5.43237e-11
Max_H1_P66 0
Max_H1_P67 0
Max_H1_P68 0
Max_H1_P69 0
Max_H1_P70 0
Max_H1_P71 0
Max_H1_P72 0
Max_H1_P73 0
Max_H1_P74 0
Max_H1_P75 0
Max_H1_P76 -2.60885e-11
Max_H1_P77 -3.41679e-11
Max_H1_P78 -9.01055e-11
Max_H1_P79 1.61567e-10
Max_H1_P80 0
Max_H1_P81 0
