
Branch and bound

  Entire solving process        :                           (Time    329.6)
  No feasible solution was found
  Best relaxation cost          :     47306.99 (Node     0) (Time    329.6)
  Lower bound after cuts        :     47306.99
  End lower bound               :     47306.99
  Deepest level reached         : 0
  Deepest real level reached    : 0
  Number of real nodes solved   : 1
  Stopping condition            : enough nodes explored

Problem identification

  Problem                       : <null>
  Machine                       : oslo1.gerad.lan

Solving process summary

  Linear relaxations            :        1
  Column generation iterations  :      213
  Shortest paths solved         :     3870
  Columns generated             :    35324

Instance characteristics

  Resources                     : 3
  Node types                    : no
  Arc types                     : no
  Strong resource windows       : no
  Weak resource windows         : no
  Resource windows (nodes)      : 3
  Resource values (arcs)        : 3
  Values on nodes               : no

  Rows                          : 846
  Initial columns               : 2
  Tasks                         : 684
  Strong tasks                  : 680
  Weak tasks                    : 4
  Initial task constraints      : no
  Nodes                         : 1012
  Arc sets                      : 1
  Arcs                          : 22756
  Networks                      : 2
  Models                        : 1

Memory used per module (Megs)

  Parser (reused)               :      4.851
  Networks                      :     24.580
  Column generator              :      5.812
  Master problem                :      8.544
  -----------------
  Total                         :     38.936

Cpu time per module (seconds)

  Parser                        :        0.0
  Preprocessor                  :        0.0
  Lr solver manager             :        0.1
  Column generator              :       22.5
    (Shortest path)             :       19.4
  Master problem                :      306.9
  -------------------
  Total (without b&b)           :      329.6

Real elapsed time (seconds)

  Parser                        :        0.0
  Preprocessor                  :        0.0
  Lr solver manager             :        0.2
  Column generator              :       22.4
    (Shortest path)             :       19.4
  Master problem                :      307.0
  -------------------
  Total (without b&b)           :      329.6
