
Branch and bound

  Entire solving process        :                           (Time  22331.9)
  No feasible solution was found
  Best relaxation cost          :     76577.43 (Node     0) (Time  22331.9)
  Lower bound after cuts        :     76577.43
  End lower bound               : -inf
  Deepest level reached         : 0
  Deepest real level reached    : 0
  Number of real nodes solved   : 1
  Stopping condition            : too much time

Problem identification

  Problem                       : <null>
  Machine                       : oslo4.gerad.lan

Solving process summary

  Linear relaxations            :        1
  Column generation iterations  :      354
  Shortest paths solved         :     7623
  Columns generated             :    90887

Instance characteristics

  Resources                     : 3
  Node types                    : no
  Arc types                     : no
  Strong resource windows       : no
  Weak resource windows         : no
  Resource windows (nodes)      : 3
  Resource values (arcs)        : 3
  Values on nodes               : no

  Rows                          : 1261
  Initial columns               : 2
  Tasks                         : 1099
  Strong tasks                  : 1095
  Weak tasks                    : 4
  Initial task constraints      : no
  Nodes                         : 1427
  Arc sets                      : 1
  Arcs                          : 52948
  Networks                      : 2
  Models                        : 1

Memory used per module (Megs)

  Parser (reused)               :     10.784
  Networks                      :     39.958
  Column generator              :     32.209
  Master problem                :     11.984
  -----------------
  Total                         :     84.151

Cpu time per module (seconds)

  Parser                        :        0.1
  Preprocessor                  :        0.0
  Lr solver manager             :        0.4
  Column generator              :      621.4
    (Shortest path)             :      587.0
  Master problem                :    21710.0
  -------------------
  Total (without b&b)           :    22331.9

Real elapsed time (seconds)

  Parser                        :        0.1
  Preprocessor                  :        0.0
  Lr solver manager             :        0.4
  Column generator              :      622.8
    (Shortest path)             :      586.8
  Master problem                :    21738.6
  -------------------
  Total (without b&b)           :    22361.9
