
Branch and bound

  Entire solving process        :                           (Time    148.0)
  No feasible solution was found
  Best relaxation cost          :     50668.66 (Node     0) (Time    148.0)
  Lower bound after cuts        :     50668.66
  End lower bound               :     50668.66
  Deepest level reached         : 0
  Deepest real level reached    : 0
  Number of real nodes solved   : 1
  Stopping condition            : enough nodes explored

Problem identification

  Problem                       : <null>
  Machine                       : oslo1.gerad.lan

Solving process summary

  Linear relaxations            :        1
  Column generation iterations  :      144
  Shortest paths solved         :     3707
  Columns generated             :    38512

Instance characteristics

  Resources                     : 3
  Node types                    : no
  Arc types                     : no
  Strong resource windows       : no
  Weak resource windows         : no
  Resource windows (nodes)      : 3
  Resource values (arcs)        : 3
  Values on nodes               : no

  Rows                          : 899
  Initial columns               : 2
  Tasks                         : 737
  Strong tasks                  : 733
  Weak tasks                    : 4
  Initial task constraints      : no
  Nodes                         : 1065
  Arc sets                      : 1
  Arcs                          : 25366
  Networks                      : 2
  Models                        : 1

Memory used per module (Megs)

  Parser (reused)               :      5.456
  Networks                      :     26.760
  Column generator              :      8.113
  Master problem                :      8.884
  -----------------
  Total                         :     43.757

Cpu time per module (seconds)

  Parser                        :        0.0
  Preprocessor                  :        0.0
  Lr solver manager             :        0.1
  Column generator              :       30.8
    (Shortest path)             :       27.5
  Master problem                :      117.1
  -------------------
  Total (without b&b)           :      148.0

Real elapsed time (seconds)

  Parser                        :        0.0
  Preprocessor                  :        0.0
  Lr solver manager             :        0.1
  Column generator              :       30.8
    (Shortest path)             :       27.5
  Master problem                :      117.1
  -------------------
  Total (without b&b)           :      148.0
