
Branch and bound

  Entire solving process        :                           (Time   1391.5)
  No feasible solution was found
  Best relaxation cost          :     64305.93 (Node     0) (Time   1391.5)
  Lower bound after cuts        :     64305.93
  End lower bound               :     64305.93
  Deepest level reached         : 0
  Deepest real level reached    : 0
  Number of real nodes solved   : 1
  Stopping condition            : enough nodes explored

Problem identification

  Problem                       : <null>
  Machine                       : oslo1.gerad.lan

Solving process summary

  Linear relaxations            :        1
  Column generation iterations  :      188
  Shortest paths solved         :     4972
  Columns generated             :    60809

Instance characteristics

  Resources                     : 3
  Node types                    : no
  Arc types                     : no
  Strong resource windows       : no
  Weak resource windows         : no
  Resource windows (nodes)      : 3
  Resource values (arcs)        : 3
  Values on nodes               : no

  Rows                          : 1209
  Initial columns               : 2
  Tasks                         : 1047
  Strong tasks                  : 1043
  Weak tasks                    : 4
  Initial task constraints      : no
  Nodes                         : 1375
  Arc sets                      : 1
  Arcs                          : 48260
  Networks                      : 2
  Models                        : 1

Memory used per module (Megs)

  Parser (reused)               :      9.816
  Networks                      :     37.173
  Column generator              :     19.495
  Master problem                :     11.689
  -----------------
  Total                         :     68.357

Cpu time per module (seconds)

  Parser                        :        0.1
  Preprocessor                  :        0.0
  Lr solver manager             :        0.4
  Column generator              :      245.7
    (Shortest path)             :      221.9
  Master problem                :     1145.4
  -------------------
  Total (without b&b)           :     1391.5

Real elapsed time (seconds)

  Parser                        :        0.1
  Preprocessor                  :        0.0
  Lr solver manager             :        0.3
  Column generator              :      245.6
    (Shortest path)             :      221.5
  Master problem                :     1145.5
  -------------------
  Total (without b&b)           :     1391.5
