Cover_T0 52
Cover_T1 -52
Cover_T2 52
Cover_T3 -52
Cover_T4 52
Cover_T5 -52
Cover_T6 52
Cover_T7 -52
Cover_T8 52
Cover_T9 -52
Cover_T10 52
Cover_T11 -52
Cover_T12 54
Cover_T13 -52
Cover_T14 52
Cover_T15 -50
Cover_T16 56
Cover_T17 -50
Cover_T18 52
Cover_T19 -46
Cover_T20 54
Cover_T21 -46
Cover_T22 58
Cover_T23 -46
Cover_T24 52
Cover_T25 -48
Cover_T26 56
Cover_T27 -42
Cover_T28 60
Cover_T29 -42
Cover_T30 58
Cover_T31 -42
Cover_T32 52
Cover_T33 -44
Cover_T34 52
Cover_T35 -42
Cover_T36 56
Cover_T37 -26
Cover_T38 48
Cover_T39 -42
Cover_T40 52
Cover_T41 -22
Cover_T42 56
Cover_T43 -32
Cover_T44 56
Cover_T45 18
Cover_T46 56
Cover_T47 -6.44704e-10
Cover_T48 40
Cover_T49 952
Cover_T50 1042
Cover_T51 940
Cover_T52 1020
Cover_T53 952
Cover_T54 1036
Cover_T55 952
Cover_T56 982
Cover_T57 954
Cover_T58 998
Cover_T59 952
Cover_T60 34
Cover_T61 -36
Cover_T62 16
Cover_T63 -28
Cover_T64 -1.75529e-09
Cover_T65 -36
Cover_T66 0
Cover_T67 -36
Cover_T68 4
Cover_T69 -20
Cover_T70 0
Cover_T71 -4
Cover_T72 2
Cover_T73 12
Cover_T74 4
Cover_T75 10
Cover_T76 0
Cover_T77 8
Cover_T78 8
Cover_T79 12
Cover_T80 0
Cover_T81 8
Cover_T82 2
Cover_T83 6
Cover_T84 0
Cover_T85 10
Cover_T86 0
Cover_T87 2
Cover_T88 0
Cover_T89 10
Cover_T90 2
Cover_T91 8
Cover_T92 2
Cover_T93 10
Cover_T94 2
Cover_T95 10
Cover_T96 -2
Cover_T97 10
Cover_T98 0
Cover_T99 8
Cover_T100 0
Cover_T101 8
Cover_T102 0
Cover_T103 8
Cover_T104 0
Cover_T105 12
Cover_T106 2
Cover_T107 10
Cover_T108 2
Cover_T109 10
Cover_T110 4
Cover_T111 10
Cover_T112 2
Cover_T113 10
Cover_T114 2
Cover_T115 8
Cover_T116 2
Cover_T117 8
Cover_T118 -2
Cover_T119 6
Cover_T120 0
Cover_T121 8
Cover_T122 4
Cover_T123 8
Cover_T124 0
Cover_T125 8
Cover_T126 2
Cover_T127 12
Cover_T128 0
Cover_T129 10
Cover_T130 0
Cover_T131 6
Cover_T132 -2
Cover_T133 10
Cover_T134 0
Cover_T135 8
Cover_T136 2
Cover_T137 10
Cover_T138 4
Cover_T139 10
Cover_T140 -2
Cover_T141 12
Cover_T142 2
Cover_T143 10
Cover_T144 2
Cover_T145 8
Cover_T146 2
Cover_T147 6
Cover_T148 2
Cover_T149 12
Cover_T150 0
Cover_T151 8
Cover_T152 4
Cover_T153 8
Cover_T154 0
Cover_T155 8
Cover_T156 0
Cover_T157 8
Cover_T158 -14
Cover_T159 10
Cover_T160 -30
Cover_T161 6
Cover_T162 -46
Cover_T163 10
Cover_T164 -32
Cover_T165 12
Cover_T166 -48
Cover_T167 28
Cover_T168 36
Cover_T169 62
Cover_T170 12
Cover_T171 50
Cover_T172 12
Cover_T173 56
Cover_T174 34
Cover_T175 0
Cover_T176 10
Cover_T177 0
Cover_T178 22
Cover_T179 12
Cover_T180 22
Cover_T181 8
Cover_T182 16
Cover_T183 -12
Cover_T184 8
Cover_T185 1.75021e-09
Cover_T186 28
Cover_T187 16
Cover_T188 24
Cover_T189 -8
Cover_T190 8
Cover_T191 -8.45308e-10
Cover_T192 14
Cover_T193 4
Cover_T194 22
Cover_T195 16
Cover_T196 22
Cover_T197 -3.60591e-09
Cover_T198 4
Cover_T199 4
Cover_T200 14
Cover_T201 8
Cover_T202 -8
Cover_T203 4
Cover_T204 -24
Cover_T205 4
Cover_T206 -40
Cover_T207 20
Cover_T208 -4
Cover_T209 20
Cover_T210 -22
Cover_T211 30
Cover_T212 -38
Cover_T213 54
Cover_T214 0
Cover_T215 62
Cover_T216 -9.76806e-10
Cover_T217 24
Cover_T218 2.64031e-10
Cover_T219 32
Cover_T220 -4
Cover_T221 56
Cover_T222 -4
Cover_T223 66
Cover_T224 -10
Cover_T225 32
Cover_T226 -4
Cover_T227 30
Cover_T228 -12
Cover_T229 30
Cover_T230 -6
Cover_T231 30
Cover_T232 -16
Cover_T233 28
Cover_T234 -28
Cover_T235 42
Cover_T236 -32
Cover_T237 54
Cover_T238 -24
Cover_T239 58
Cover_T240 -24
Cover_T241 42
Cover_T242 -24
Cover_T243 58
Cover_T244 -24
Cover_T245 58
Cover_T246 -28
Cover_T247 46
Cover_T248 -40
Cover_T249 46
Cover_T250 -32
Cover_T251 46
Cover_T252 -32
Cover_T253 44
Cover_T254 -34
Cover_T255 52
Cover_T256 -34
Cover_T257 44
Cover_T258 -36
Cover_T259 60
Cover_T260 -36
Cover_T261 56
Cover_T262 -36
Cover_T263 50
Cover_T264 -38
Cover_T265 58
Cover_T266 -42
Cover_T267 64
Cover_T268 -42
Cover_T269 52
Cover_T270 52
Cover_T271 -52
Cover_T272 54
Cover_T273 -46
Cover_T274 56
Cover_T275 -46
Cover_T276 54
Cover_T277 -46
Cover_T278 60
Cover_T279 -46
Cover_T280 60
Cover_T281 -42
Cover_T282 52
Cover_T283 -42
Cover_T284 54
Cover_T285 -44
Cover_T286 56
Cover_T287 -30
Cover_T288 52
Cover_T289 -14
Cover_T290 50
Cover_T291 -22
Cover_T292 56
Cover_T293 -30
Cover_T294 44
Cover_T295 -38
Cover_T296 52
Cover_T297 12
Cover_T298 40
Cover_T299 8
Cover_T300 40
Cover_T301 -1.7398e-10
Cover_T302 22
Cover_T303 952
Cover_T304 1024
Cover_T305 940
Cover_T306 1032
Cover_T307 958
Cover_T308 1032
Cover_T309 954
Cover_T310 986
Cover_T311 950
Cover_T312 994
Cover_T313 952
Cover_T314 994
Cover_T315 956
Cover_T316 46
Cover_T317 -38
Cover_T318 46
Cover_T319 -34
Cover_T320 20
Cover_T321 -34
Cover_T322 10
Cover_T323 -26
Cover_T324 4
Cover_T325 -26
Cover_T326 6
Cover_T327 -10
Cover_T328 2
Cover_T329 6
Cover_T330 4
Cover_T331 4
Cover_T332 6
Cover_T333 2
Cover_T334 2
Cover_T335 6
Cover_T336 10
Cover_T337 2
Cover_T338 2
Cover_T339 -1.9952e-10
Cover_T340 4
Cover_T341 4
Cover_T342 2
Cover_T343 -4
Cover_T344 2
Cover_T345 4
Cover_T346 2
Cover_T347 2
Cover_T348 4
Cover_T349 4
Cover_T350 4
Cover_T351 4
Cover_T352 4
Cover_T353 4
Cover_T354 0
Cover_T355 2
Cover_T356 2
Cover_T357 2
Cover_T358 2
Cover_T359 2
Cover_T360 2
Cover_T361 6
Cover_T362 2
Cover_T363 4
Cover_T364 4
Cover_T365 4
Cover_T366 4
Cover_T367 4
Cover_T368 6
Cover_T369 4
Cover_T370 4
Cover_T371 2
Cover_T372 4
Cover_T373 2
Cover_T374 4
Cover_T375 0
Cover_T376 0
Cover_T377 2
Cover_T378 2
Cover_T379 2
Cover_T380 6
Cover_T381 2
Cover_T382 2
Cover_T383 6
Cover_T384 4
Cover_T385 4
Cover_T386 2
Cover_T387 0
Cover_T388 2
Cover_T389 4
Cover_T390 0
Cover_T391 2
Cover_T392 2
Cover_T393 4
Cover_T394 4
Cover_T395 4
Cover_T396 6
Cover_T397 6
Cover_T398 0
Cover_T399 4
Cover_T400 4
Cover_T401 2
Cover_T402 4
Cover_T403 0
Cover_T404 4
Cover_T405 6
Cover_T406 4
Cover_T407 2
Cover_T408 2
Cover_T409 2
Cover_T410 6
Cover_T411 2
Cover_T412 2
Cover_T413 2
Cover_T414 2
Cover_T415 4
Cover_T416 -12
Cover_T417 0
Cover_T418 -28
Cover_T419 4
Cover_T420 -44
Cover_T421 4
Cover_T422 -30
Cover_T423 22
Cover_T424 -46
Cover_T425 38
Cover_T426 -46
Cover_T427 52
Cover_T428 30
Cover_T429 46
Cover_T430 14
Cover_T431 60
Cover_T432 22
Cover_T433 68
Cover_T434 22
Cover_T435 -8
Cover_T436 36
Cover_T437 8
Cover_T438 20
Cover_T439 4
Cover_T440 32
Cover_T441 -18
Cover_T442 16
Cover_T443 12
Cover_T444 22
Cover_T445 -4
Cover_T446 24
Cover_T447 12
Cover_T448 22
Cover_T449 0
Cover_T450 14
Cover_T451 4
Cover_T452 0
Cover_T453 8
Cover_T454 4
Cover_T455 6
Cover_T456 -12
Cover_T457 10
Cover_T458 -28
Cover_T459 30
Cover_T460 6
Cover_T461 20
Cover_T462 -10
Cover_T463 34
Cover_T464 -32
Cover_T465 66
Cover_T466 -2
Cover_T467 36
Cover_T468 0
Cover_T469 68
Cover_T470 -8
Cover_T471 30
Cover_T472 -10
Cover_T473 34
Cover_T474 -16
Cover_T475 30
Cover_T476 -28
Cover_T477 32
Cover_T478 -16
Cover_T479 30
Cover_T480 -34
Cover_T481 32
Cover_T482 -46
Cover_T483 28
Cover_T484 -30
Cover_T485 40
Cover_T486 -42
Cover_T487 32
Cover_T488 -22
Cover_T489 44
Cover_T490 -36
Cover_T491 52
Cover_T492 -48
Cover_T493 38
Cover_T494 -46
Cover_T495 58
Cover_T496 -32
Cover_T497 46
Cover_T498 -32
Cover_T499 62
Cover_T500 -32
Cover_T501 62
Cover_T502 -28
Cover_T503 50
Cover_T504 -28
Cover_T505 50
Cover_T506 -28
Cover_T507 50
Cover_T508 -28
Cover_T509 40
Cover_T510 -34
Cover_T511 36
Cover_T512 -46
Cover_T513 50
Cover_T514 -34
Cover_T515 36
Cover_T516 -44
Cover_T517 42
Cover_T518 -34
Cover_T519 40
Cover_T520 -36
Cover_T521 58
Cover_T522 -40
Cover_T523 46
Cover_T524 -36
Cover_T525 52
Cover_T526 -36
Cover_T527 46
Cover_T528 -44
Cover_T529 40
Cover_T530 -40
Cover_T531 54
Cover_T532 -38
Cover_T533 54
Cover_T534 -42
Cover_T535 62
Cover_T536 -42
Cover_T537 62
Cover_T538 -42
Cover_T539 58
Cover_T540 -42
Cover_T541 58
Cover_T542 -42
Cover_T543 56
Cover_T544 -44
Cover_T545 56
Cover_T546 -42
Cover_T547 58
Cover_T548 -30
Cover_T549 54
Cover_T550 -16
Cover_T551 46
Cover_T552 -32
Cover_T553 54
Cover_T554 16
Cover_T555 54
Cover_T556 0
Cover_T557 50
Cover_T558 956
Cover_T559 1040
Cover_T560 958
Cover_T561 1030
Cover_T562 958
Cover_T563 1016
Cover_T564 956
Cover_T565 1024
Cover_T566 960
Cover_T567 1040
Cover_T568 960
Cover_T569 978
Cover_T570 960
Cover_T571 978
Cover_T572 960
Cover_T573 14
Cover_T574 -36
Cover_T575 6
Cover_T576 -36
Cover_T577 14
Cover_T578 -28
Cover_T579 2
Cover_T580 -28
Cover_T581 6
Cover_T582 -12
Cover_T583 10
Cover_T584 4
Cover_T585 4
Cover_T586 2
Cover_T587 12
Cover_T588 0
Cover_T589 4
Cover_T590 4
Cover_T591 6
Cover_T592 0
Cover_T593 4
Cover_T594 -2
Cover_T595 4
Cover_T596 2
Cover_T597 4
Cover_T598 -6
Cover_T599 6
Cover_T600 2
Cover_T601 6
Cover_T602 0
Cover_T603 6
Cover_T604 2
Cover_T605 2
Cover_T606 2
Cover_T607 4
Cover_T608 2
Cover_T609 4
Cover_T610 0
Cover_T611 4
Cover_T612 0
Cover_T613 4
Cover_T614 0
Cover_T615 6
Cover_T616 4
Cover_T617 6
Cover_T618 2
Cover_T619 8
Cover_T620 2
Cover_T621 6
Cover_T622 2
Cover_T623 6
Cover_T624 2
Cover_T625 6
Cover_T626 0
Cover_T627 2
Cover_T628 0
Cover_T629 4
Cover_T630 -2
Cover_T631 8
Cover_T632 0
Cover_T633 4
Cover_T634 0
Cover_T635 6
Cover_T636 0
Cover_T637 4
Cover_T638 4
Cover_T639 4
Cover_T640 2
Cover_T641 2
Cover_T642 -2
Cover_T643 4
Cover_T644 2
Cover_T645 6
Cover_T646 0
Cover_T647 8
Cover_T648 2
Cover_T649 2
Cover_T650 2
Cover_T651 6
Cover_T652 4
Cover_T653 6
Cover_T654 2
Cover_T655 6
Cover_T656 0
Cover_T657 6
Cover_T658 -2
Cover_T659 4
Cover_T660 4
Cover_T661 8
Cover_T662 0
Cover_T663 4
Cover_T664 0
Cover_T665 4
Cover_T666 0
Cover_T667 -10
Cover_T668 0
Cover_T669 -26
Cover_T670 2
Cover_T671 -42
Cover_T672 -2
Cover_T673 -28
Cover_T674 6
Cover_T675 -44
Cover_T676 6
Cover_T677 -44
Cover_T678 20
Cover_T679 34
Cover_T680 28
Cover_T681 26
Cover_T682 44
Cover_T683 18
Cover_T684 52
Cover_T685 10
Cover_T686 58
Cover_T687 22
Cover_T688 38
Cover_T689 18
Cover_T690 52
Cover_T691 8
Cover_T692 52
Cover_T693 18
Cover_T694 68
Cover_T695 22
Cover_T696 60
Cover_T697 36
Cover_T698 68
Cover_T699 28
Cover_T700 -16
Cover_T701 20
Cover_T702 -12
Cover_T703 4
Cover_T704 4
Cover_T705 32
Cover_T706 12
Cover_T707 26
Cover_T708 0
Cover_T709 34
Cover_T710 18
Cover_T711 18
Cover_T712 0
Cover_T713 28
Cover_T714 2.23997e-09
Cover_T715 24
Cover_T716 16
Cover_T717 16
Cover_T718 2
Cover_T719 20
Cover_T720 0
Cover_T721 14
Cover_T722 16
Cover_T723 4
Cover_T724 2
Cover_T725 10
Cover_T726 10
Cover_T727 -6
Cover_T728 12
Cover_T729 -28
Cover_T730 12
Cover_T731 12
Cover_T732 16
Cover_T733 -4
Cover_T734 28
Cover_T735 -26
Cover_T736 20
Cover_T737 6
Cover_T738 42
Cover_T739 4
Cover_T740 60
Cover_T741 -4
Cover_T742 68
Cover_T743 4
Cover_T744 34
Cover_T745 2
Cover_T746 46
Cover_T747 2
Cover_T748 58
Cover_T749 -4
Cover_T750 70
Cover_T751 -6
Cover_T752 36
Cover_T753 -4
Cover_T754 34
Cover_T755 -16
Cover_T756 32
Cover_T757 -6
Cover_T758 34
Cover_T759 -34
Cover_T760 32
Cover_T761 -32
Cover_T762 36
Cover_T763 -24
Cover_T764 42
Cover_T765 -48
Cover_T766 44
Cover_T767 -28
Cover_T768 46
Cover_T769 -32
Cover_T770 62
Cover_T771 -32
Cover_T772 46
Cover_T773 -24
Cover_T774 64
Cover_T775 -24
Cover_T776 64
Cover_T777 -28
Cover_T778 50
Cover_T779 -28
Cover_T780 50
Cover_T781 -32
Cover_T782 52
Cover_T783 -28
Cover_T784 40
Cover_T785 -34
Cover_T786 40
Cover_T787 -34
Cover_T788 44
Cover_T789 -36
Cover_T790 42
Cover_T791 -36
Cover_T792 46
Cover_T793 -44
Cover_T794 54
Cover_T795 -38
Cover_T796 66
Cover_T797 -38
Cover_T798 54
Cover_T799 -38
Cover_T800 66
Cover_T801 -42
Cover_T802 64
Cover_T803 -42
Cover_T804 66
Cover_T805 -42
Cover_T806 58
Cover_T807 -50
Cover_T808 58
Cover_T809 34
Cover_T810 2
Cover_T811 22
Cover_T812 6
Cover_T813 14
Cover_T814 2
Cover_T815 18
Cover_T816 0
Cover_T817 10
Cover_T818 18
Cover_T819 0
Cover_T820 64
Cover_T821 6
Cover_T822 34
Cover_T823 0
Cover_T824 998
Cover_T825 958
Cover_T826 1002
Cover_T827 1040
Cover_T828 1000
Cover_T829 978
Cover_T830 1000
Cover_T831 1008
Cover_T832 986
Cover_T833 44
Cover_T834 54
Cover_T835 28
Cover_T836 -22
Cover_T837 54
Cover_T838 -16
Cover_T839 52
Cover_T840 0
Cover_T841 0
Cover_T842 56
Cover_T843 -16
Cover_T844 68
Cover_T845 -12
Cover_T846 30
Cover_T847 26
Cover_T848 48
Cover_T849 0
Cover_T850 62
Cover_T851 0
Cover_T852 46
Cover_T853 12
Cover_T854 62
Cover_T855 0
Cover_T856 0
Cover_T857 64
Cover_T858 18
Cover_T859 50
Cover_T860 18
Cover_T861 26
Cover_T862 8
Cover_T863 34
Cover_T864 32
Cover_T865 14
Cover_T866 -30
Cover_T867 38
Cover_T868 1.07759e-09
Cover_T869 18
Cover_T870 0
Cover_T871 0
Cover_T872 34
Cover_T873 0
Cover_T874 0
Cover_T875 0
Cover_T876 30
Cover_T877 48
Cover_T878 42
Cover_T879 44
Cover_T880 42
Cover_T881 42
Cover_T882 42
Count_D0 -984
Count_D1 -1000
Max_H0_P0 0
Max_H0_P1 0
Max_H0_P2 0
Max_H0_P3 0
Max_H0_P4 0
Max_H0_P5 0
Max_H0_P6 0
Max_H0_P7 0
Max_H0_P8 0
Max_H0_P9 0
Max_H0_P10 0
Max_H0_P11 0
Max_H0_P12 0
Max_H0_P13 0
Max_H0_P14 0
Max_H0_P15 0
Max_H0_P16 -1.50952e-09
Max_H0_P17 -2.57045e-09
Max_H0_P18 2.76251e-10
Max_H0_P19 -2.97362e-11
Max_H0_P20 2.40888e-10
Max_H0_P21 0
Max_H0_P22 0
Max_H0_P23 -4.89692e-10
Max_H0_P24 -1.86102e-10
Max_H0_P25 3.01658e-10
Max_H0_P26 -6.02033e-10
Max_H0_P27 2.56762e-10
Max_H0_P28 -6.25218e-10
Max_H0_P29 -1.21153e-10
Max_H0_P30 1.9052e-10
Max_H0_P31 1.34285e-10
Max_H0_P32 0
Max_H0_P33 1.37538e-10
Max_H0_P34 2.85131e-10
Max_H0_P35 4.46187e-10
Max_H0_P36 -2.13715e-10
Max_H0_P37 6.40769e-10
Max_H0_P38 1.82482e-10
Max_H0_P39 -1.51801e-10
Max_H0_P40 1.77337e-10
Max_H0_P41 -2.74213e-10
Max_H0_P42 -7.72231e-10
Max_H0_P43 0
Max_H0_P44 0
Max_H0_P45 0
Max_H0_P46 0
Max_H0_P47 0
Max_H0_P48 0
Max_H0_P49 0
Max_H0_P50 0
Max_H0_P51 0
Max_H0_P52 0
Max_H0_P53 0
Max_H0_P54 0
Max_H0_P55 0
Max_H0_P56 0
Max_H0_P57 0
Max_H0_P58 0
Max_H0_P59 0
Max_H0_P60 -5.62447e-10
Max_H0_P61 2.67831e-10
Max_H0_P62 0
Max_H0_P63 0
Max_H0_P64 0
Max_H0_P65 0
Max_H0_P66 0
Max_H0_P67 0
Max_H0_P68 0
Max_H0_P69 0
Max_H0_P70 0
Max_H0_P71 0
Max_H0_P72 0
Max_H0_P73 0
Max_H0_P74 0
Max_H0_P75 0
Max_H0_P76 0
Max_H0_P77 1.20346e-10
Max_H0_P78 0
Max_H0_P79 0
Max_H0_P80 0
Max_H0_P81 0
Max_H1_P0 0
Max_H1_P1 0
Max_H1_P2 0
Max_H1_P3 0
Max_H1_P4 3.89747e-10
Max_H1_P5 5.14451e-10
Max_H1_P6 -3.44105e-10
Max_H1_P7 8.80675e-10
Max_H1_P8 0
Max_H1_P9 -8.27981e-10
Max_H1_P10 0
Max_H1_P11 0
Max_H1_P12 0
Max_H1_P13 0
Max_H1_P14 0
Max_H1_P15 4.93299e-10
Max_H1_P16 -1.62202e-09
Max_H1_P17 -2.49283e-09
Max_H1_P18 2.74691e-10
Max_H1_P19 0
Max_H1_P20 4.64798e-10
Max_H1_P21 -4.90244e-11
Max_H1_P22 -2.33243e-10
Max_H1_P23 -1.86414e-10
Max_H1_P24 1.17192e-10
Max_H1_P25 5.17559e-11
Max_H1_P26 -2.05432e-10
Max_H1_P27 -2.09565e-10
Max_H1_P28 -7.51615e-10
Max_H1_P29 2.49904e-10
Max_H1_P30 0
Max_H1_P31 2.58391e-10
Max_H1_P32 -2.02575e-10
Max_H1_P33 1.82742e-10
Max_H1_P34 -2.97362e-11
Max_H1_P35 3.32619e-10
Max_H1_P36 2.52936e-10
Max_H1_P37 7.07769e-10
Max_H1_P38 1.63999e-10
Max_H1_P39 -3.08953e-10
Max_H1_P40 -3.95295e-10
Max_H1_P41 -3.96927e-10
Max_H1_P42 -5.13523e-10
Max_H1_P43 0
Max_H1_P44 0
Max_H1_P45 0
Max_H1_P46 0
Max_H1_P47 0
Max_H1_P48 0
Max_H1_P49 0
Max_H1_P50 0
Max_H1_P51 0
Max_H1_P52 0
Max_H1_P53 -7.60004e-10
Max_H1_P54 0
Max_H1_P55 0
Max_H1_P56 0
Max_H1_P57 0
Max_H1_P58 0
Max_H1_P59 1.17035e-10
Max_H1_P60 0
Max_H1_P61 3.13995e-10
Max_H1_P62 4.51763e-10
Max_H1_P63 0
Max_H1_P64 0
Max_H1_P65 0
Max_H1_P66 0
Max_H1_P67 0
Max_H1_P68 0
Max_H1_P69 0
Max_H1_P70 0
Max_H1_P71 0
Max_H1_P72 0
Max_H1_P73 0
Max_H1_P74 0
Max_H1_P75 0
Max_H1_P76 0
Max_H1_P77 -7.46461e-11
Max_H1_P78 7.78949e-10
Max_H1_P79 -6.64196e-10
Max_H1_P80 0
Max_H1_P81 0
