
Branch and bound

  Entire solving process        :                           (Time    247.2)
  No feasible solution was found
  Best relaxation cost          :     53163.99 (Node     0) (Time    247.2)
  Lower bound after cuts        :     53163.99
  End lower bound               :     53163.99
  Deepest level reached         : 0
  Deepest real level reached    : 0
  Number of real nodes solved   : 1
  Stopping condition            : enough nodes explored

Problem identification

  Problem                       : <null>
  Machine                       : oslo2.gerad.lan

Solving process summary

  Linear relaxations            :        1
  Column generation iterations  :      127
  Shortest paths solved         :     6884
  Columns generated             :    60350

Instance characteristics

  Resources                     : 3
  Node types                    : no
  Arc types                     : no
  Strong resource windows       : no
  Weak resource windows         : no
  Resource windows (nodes)      : 3
  Resource values (arcs)        : 3
  Values on nodes               : no

  Rows                          : 1049
  Initial columns               : 429
  Tasks                         : 887
  Strong tasks                  : 636
  Weak tasks                    : 4
  Initial task constraints      : no
  Nodes                         : 1215
  Arc sets                      : 1
  Arcs                          : 35738
  Networks                      : 2
  Models                        : 1

Memory used per module (Megs)

  Parser (reused)               :      7.394
  Networks                      :     32.693
  Column generator              :      8.718
  Master problem                :     10.525
  -----------------
  Total                         :     51.936

Cpu time per module (seconds)

  Parser                        :        0.0
  Preprocessor                  :        0.0
  Lr solver manager             :        0.1
  Column generator              :      115.0
    (Shortest path)             :      105.6
  Master problem                :      132.1
  -------------------
  Total (without b&b)           :      247.2

Real elapsed time (seconds)

  Parser                        :        0.0
  Preprocessor                  :        0.0
  Lr solver manager             :        0.2
  Column generator              :      115.0
    (Shortest path)             :      105.6
  Master problem                :      132.3
  -------------------
  Total (without b&b)           :      247.5
