Cover_T0 52
Cover_T1 -52
Cover_T2 52
Cover_T3 -52
Cover_T4 52
Cover_T5 -52
Cover_T6 52
Cover_T7 -52
Cover_T8 52
Cover_T9 -52
Cover_T10 52
Cover_T11 -52
Cover_T12 52
Cover_T13 -52
Cover_T14 64
Cover_T15 -50
Cover_T16 60
Cover_T17 -44
Cover_T18 60
Cover_T19 -28
Cover_T20 68
Cover_T21 -3.33969e-10
Cover_T22 52
Cover_T23 -16
Cover_T24 1010
Cover_T25 922
Cover_T26 974
Cover_T27 894
Cover_T28 998
Cover_T29 954
Cover_T30 1024
Cover_T31 6
Cover_T32 66
Cover_T33 30
Cover_T34 104
Cover_T35 -26
Cover_T36 28
Cover_T37 -20
Cover_T38 0
Cover_T39 -26
Cover_T40 16
Cover_T41 6
Cover_T42 2
Cover_T43 -20
Cover_T44 32
Cover_T45 2
Cover_T46 2
Cover_T47 -28
Cover_T48 4
Cover_T49 2
Cover_T50 0
Cover_T51 0
Cover_T52 -20
Cover_T53 4
Cover_T54 40
Cover_T55 12
Cover_T56 18
Cover_T57 44
Cover_T58 -4
Cover_T59 -22
Cover_T60 -26
Cover_T61 0
Cover_T62 8
Cover_T63 14
Cover_T64 -16
Cover_T65 28
Cover_T66 0
Cover_T67 52
Cover_T68 24
Cover_T69 14
Cover_T70 0
Cover_T71 -2
Cover_T72 6
Cover_T73 -18
Cover_T74 -6
Cover_T75 14
Cover_T76 -16
Cover_T77 12
Cover_T78 -48
Cover_T79 8
Cover_T80 -6
Cover_T81 52
Cover_T82 20
Cover_T83 10
Cover_T84 22
Cover_T85 4
Cover_T86 10
Cover_T87 14
Cover_T88 -8
Cover_T89 6
Cover_T90 10
Cover_T91 26
Cover_T92 -20
Cover_T93 34
Cover_T94 36
Cover_T95 12
Cover_T96 12
Cover_T97 44
Cover_T98 12
Cover_T99 68
Cover_T100 4
Cover_T101 8
Cover_T102 0
Cover_T103 -2
Cover_T104 20
Cover_T105 32
Cover_T106 0
Cover_T107 44
Cover_T108 10
Cover_T109 14
Cover_T110 6
Cover_T111 24
Cover_T112 10
Cover_T113 40
Cover_T114 10
Cover_T115 24
Cover_T116 0
Cover_T117 18
Cover_T118 -4
Cover_T119 10
Cover_T120 -24
Cover_T121 26
Cover_T122 -10
Cover_T123 42
Cover_T124 -10
Cover_T125 44
Cover_T126 -12
Cover_T127 12
Cover_T128 -12
Cover_T129 44
Cover_T130 -24
Cover_T131 36
Cover_T132 -30
Cover_T133 48
Cover_T134 -8
Cover_T135 52
Cover_T136 -12
Cover_T137 50
Cover_T138 -8
Cover_T139 80
Cover_T140 -8
Cover_T141 54
Cover_T142 -18
Cover_T143 62
Cover_T144 -30
Cover_T145 52
Cover_T146 -36
Cover_T147 52
Cover_T148 -52
Cover_T149 52
Cover_T150 -52
Cover_T151 52
Cover_T152 -40
Cover_T153 70
Cover_T154 -26
Cover_T155 66
Cover_T156 -4
Cover_T157 54
Cover_T158 -24
Cover_T159 986
Cover_T160 906
Cover_T161 980
Cover_T162 906
Cover_T163 1010
Cover_T164 890
Cover_T165 1010
Cover_T166 0
Cover_T167 78
Cover_T168 20
Cover_T169 78
Cover_T170 -34
Cover_T171 116
Cover_T172 -36
Cover_T173 20
Cover_T174 -4
Cover_T175 40
Cover_T176 -10
Cover_T177 10
Cover_T178 6
Cover_T179 -2
Cover_T180 -10
Cover_T181 40
Cover_T182 0
Cover_T183 8
Cover_T184 32
Cover_T185 0
Cover_T186 -10
Cover_T187 2
Cover_T188 10
Cover_T189 4
Cover_T190 14
Cover_T191 -26
Cover_T192 12
Cover_T193 28
Cover_T194 42
Cover_T195 4
Cover_T196 -12
Cover_T197 -30
Cover_T198 6
Cover_T199 0
Cover_T200 28
Cover_T201 8
Cover_T202 -2
Cover_T203 24
Cover_T204 30
Cover_T205 -6
Cover_T206 16
Cover_T207 4
Cover_T208 -8
Cover_T209 0
Cover_T210 16
Cover_T211 -2
Cover_T212 6
Cover_T213 -26
Cover_T214 10
Cover_T215 32
Cover_T216 20
Cover_T217 0
Cover_T218 52
Cover_T219 16
Cover_T220 -2
Cover_T221 6
Cover_T222 30
Cover_T223 14
Cover_T224 8
Cover_T225 4
Cover_T226 12
Cover_T227 12
Cover_T228 24
Cover_T229 -26
Cover_T230 58
Cover_T231 24
Cover_T232 40
Cover_T233 24
Cover_T234 0
Cover_T235 0
Cover_T236 32
Cover_T237 20
Cover_T238 20
Cover_T239 0
Cover_T240 34
Cover_T241 10
Cover_T242 22
Cover_T243 10
Cover_T244 8
Cover_T245 -3.42197e-11
Cover_T246 16
Cover_T247 -4
Cover_T248 26
Cover_T249 -12
Cover_T250 10
Cover_T251 -42
Cover_T252 10
Cover_T253 -6
Cover_T254 30
Cover_T255 -28
Cover_T256 54
Cover_T257 -8
Cover_T258 18
Cover_T259 -14
Cover_T260 40
Cover_T261 -42
Cover_T262 26
Cover_T263 -28
Cover_T264 40
Cover_T265 -8
Cover_T266 26
Cover_T267 -14
Cover_T268 24
Cover_T269 -38
Cover_T270 40
Cover_T271 -8
Cover_T272 38
Cover_T273 -8
Cover_T274 48
Cover_T275 -24
Cover_T276 34
Cover_T277 -44
Cover_T278 36
Cover_T279 -18
Cover_T280 34
Cover_T281 -32
Cover_T282 74
Cover_T283 -30
Cover_T284 38
Cover_T285 -36
Cover_T286 64
Cover_T287 -42
Cover_T288 62
Cover_T289 -36
Cover_T290 64
Cover_T291 -40
Cover_T292 68
Cover_T293 -26
Cover_T294 64
Cover_T295 -6
Cover_T296 1002
Cover_T297 902
Cover_T298 988
Cover_T299 900
Cover_T300 1024
Cover_T301 950
Cover_T302 1004
Cover_T303 956
Cover_T304 1004
Cover_T305 12
Cover_T306 84
Cover_T307 32
Cover_T308 84
Cover_T309 -24
Cover_T310 8
Cover_T311 -30
Cover_T312 52
Cover_T313 -10
Cover_T314 20
Cover_T315 -28
Cover_T316 20
Cover_T317 -8
Cover_T318 6
Cover_T319 12
Cover_T320 -18
Cover_T321 -32
Cover_T322 34
Cover_T323 -8
Cover_T324 10
Cover_T325 -5.19549e-11
Cover_T326 0
Cover_T327 18
Cover_T328 2
Cover_T329 -32
Cover_T330 2
Cover_T331 -8
Cover_T332 2
Cover_T333 2
Cover_T334 0
Cover_T335 0
Cover_T336 -10
Cover_T337 0
Cover_T338 -34
Cover_T339 0
Cover_T340 40
Cover_T341 2
Cover_T342 12
Cover_T343 20
Cover_T344 0
Cover_T345 52
Cover_T346 -22
Cover_T347 -14
Cover_T348 8
Cover_T349 4
Cover_T350 4
Cover_T351 38
Cover_T352 8
Cover_T353 20
Cover_T354 -2
Cover_T355 18
Cover_T356 8
Cover_T357 2
Cover_T358 -24
Cover_T359 0
Cover_T360 30
Cover_T361 12
Cover_T362 4
Cover_T363 10
Cover_T364 -16
Cover_T365 30
Cover_T366 12
Cover_T367 50
Cover_T368 14
Cover_T369 -16
Cover_T370 -6
Cover_T371 4
Cover_T372 20
Cover_T373 28
Cover_T374 0
Cover_T375 0
Cover_T376 0
Cover_T377 -2
Cover_T378 -6
Cover_T379 18
Cover_T380 -26
Cover_T381 -2
Cover_T382 6
Cover_T383 26
Cover_T384 -14
Cover_T385 28
Cover_T386 36
Cover_T387 48
Cover_T388 4
Cover_T389 36
Cover_T390 4
Cover_T391 68
Cover_T392 0
Cover_T393 20
Cover_T394 12
Cover_T395 14
Cover_T396 1.82724e-11
Cover_T397 24
Cover_T398 18
Cover_T399 28
Cover_T400 6
Cover_T401 8
Cover_T402 0
Cover_T403 24
Cover_T404 2
Cover_T405 8
Cover_T406 6.79545e-12
Cover_T407 14
Cover_T408 0
Cover_T409 14
Cover_T410 -28
Cover_T411 10
Cover_T412 -4
Cover_T413 10
Cover_T414 -20
Cover_T415 18
Cover_T416 -6
Cover_T417 50
Cover_T418 -22
Cover_T419 22
Cover_T420 -8
Cover_T421 52
Cover_T422 -8
Cover_T423 20
Cover_T424 -20
Cover_T425 62
Cover_T426 -26
Cover_T427 60
Cover_T428 -8
Cover_T429 42
Cover_T430 -8
Cover_T431 70
Cover_T432 -8
Cover_T433 52
Cover_T434 -30
Cover_T435 60
Cover_T436 -30
Cover_T437 52
Cover_T438 -36
Cover_T439 74
Cover_T440 -36
Cover_T441 52
Cover_T442 64
Cover_T443 8
Cover_T444 46
Cover_T445 16
Cover_T446 1024
Cover_T447 954
Cover_T448 992
Cover_T449 928
Cover_T450 1012
Cover_T451 1004
Cover_T452 1030
Cover_T453 0
Cover_T454 72
Cover_T455 32
Cover_T456 96
Cover_T457 0
Cover_T458 58
Cover_T459 -20
Cover_T460 56
Cover_T461 0
Cover_T462 52
Cover_T463 56
Cover_T464 -12
Cover_T465 60
Cover_T466 -24
Cover_T467 48
Cover_T468 0
Cover_T469 72
Cover_T470 76
Cover_T471 46
Cover_T472 48
Cover_T473 70
Cover_T474 30
Cover_T475 38
Cover_T476 8
Cover_T477 -10
Cover_T478 54
Cover_T479 42
Cover_T480 58
Cover_T481 24
Count_D0 -984
Count_D1 -1000
Max_H0_P0 0
Max_H0_P1 0
Max_H0_P2 0
Max_H0_P3 0
Max_H0_P4 0
Max_H0_P5 0
Max_H0_P6 0
Max_H0_P7 0
Max_H0_P8 0
Max_H0_P9 0
Max_H0_P10 0
Max_H0_P11 0
Max_H0_P12 0
Max_H0_P13 0
Max_H0_P14 0
Max_H0_P15 0
Max_H0_P16 0
Max_H0_P17 0
Max_H0_P18 -3.203e-13
Max_H0_P19 0
Max_H0_P20 0
Max_H0_P21 9.15579e-12
Max_H0_P22 -3.94523e-12
Max_H0_P23 0
Max_H0_P24 -1.74906e-12
Max_H0_P25 0
Max_H0_P26 0
Max_H0_P27 1.25837e-11
Max_H0_P28 0
Max_H0_P29 0
Max_H0_P30 1.03362e-12
Max_H0_P31 0
Max_H0_P32 -1.10361e-11
Max_H0_P33 6.67904e-12
Max_H0_P34 -8.43414e-12
Max_H0_P35 0
Max_H0_P36 0
Max_H0_P37 2.50568e-11
Max_H0_P38 0
Max_H0_P39 2.21387e-11
Max_H0_P40 0
Max_H0_P41 0
Max_H0_P42 0
Max_H0_P43 0
Max_H0_P44 0
Max_H0_P45 0
Max_H0_P46 0
Max_H0_P47 0
Max_H0_P48 0
Max_H0_P49 0
Max_H0_P50 0
Max_H0_P51 0
Max_H0_P52 0
Max_H0_P53 0
Max_H0_P54 0
Max_H0_P55 0
Max_H0_P56 0
Max_H0_P57 0
Max_H0_P58 0
Max_H0_P59 0
Max_H0_P60 0
Max_H0_P61 0
Max_H0_P62 0
Max_H0_P63 0
Max_H0_P64 0
Max_H0_P65 0
Max_H0_P66 0
Max_H0_P67 0
Max_H0_P68 0
Max_H0_P69 0
Max_H0_P70 0
Max_H0_P71 0
Max_H0_P72 0
Max_H0_P73 0
Max_H0_P74 0
Max_H0_P75 0
Max_H0_P76 0
Max_H0_P77 0
Max_H0_P78 0
Max_H0_P79 0
Max_H0_P80 0
Max_H0_P81 0
Max_H1_P0 0
Max_H1_P1 0
Max_H1_P2 0
Max_H1_P3 0
Max_H1_P4 0
Max_H1_P5 0
Max_H1_P6 0
Max_H1_P7 0
Max_H1_P8 0
Max_H1_P9 0
Max_H1_P10 0
Max_H1_P11 0
Max_H1_P12 0
Max_H1_P13 0
Max_H1_P14 0
Max_H1_P15 0
Max_H1_P16 0
Max_H1_P17 0
Max_H1_P18 0
Max_H1_P19 1.19584e-11
Max_H1_P20 -1.7053e-12
Max_H1_P21 0
Max_H1_P22 5.95907e-12
Max_H1_P23 0
Max_H1_P24 0
Max_H1_P25 0
Max_H1_P26 2.0963e-11
Max_H1_P27 1.87149e-12
Max_H1_P28 0
Max_H1_P29 0
Max_H1_P30 3.79297e-11
Max_H1_P31 -1.16342e-11
Max_H1_P32 1.96598e-11
Max_H1_P33 0
Max_H1_P34 -6.57435e-12
Max_H1_P35 6.02615e-12
Max_H1_P36 1.59517e-11
Max_H1_P37 -9.44667e-12
Max_H1_P38 -0
Max_H1_P39 1.71392e-11
Max_H1_P40 0
Max_H1_P41 0
Max_H1_P42 2.01936e-11
Max_H1_P43 0
Max_H1_P44 0
Max_H1_P45 0
Max_H1_P46 0
Max_H1_P47 0
Max_H1_P48 0
Max_H1_P49 0
Max_H1_P50 0
Max_H1_P51 0
Max_H1_P52 0
Max_H1_P53 0
Max_H1_P54 0
Max_H1_P55 0
Max_H1_P56 0
Max_H1_P57 0
Max_H1_P58 0
Max_H1_P59 1.77351e-11
Max_H1_P60 0
Max_H1_P61 0
Max_H1_P62 0
Max_H1_P63 8.45812e-12
Max_H1_P64 0
Max_H1_P65 0
Max_H1_P66 0
Max_H1_P67 0
Max_H1_P68 0
Max_H1_P69 0
Max_H1_P70 0
Max_H1_P71 0
Max_H1_P72 0
Max_H1_P73 0
Max_H1_P74 0
Max_H1_P75 0
Max_H1_P76 0
Max_H1_P77 -4.19131e-12
Max_H1_P78 0
Max_H1_P79 0
Max_H1_P80 0
Max_H1_P81 0
