
Branch and bound

  Entire solving process        :                           (Time     43.4)
  No feasible solution was found
  Best relaxation cost          :     31723.92 (Node     0) (Time     43.4)
  Lower bound after cuts        :     31723.92
  End lower bound               :     31723.92
  Deepest level reached         : 0
  Deepest real level reached    : 0
  Number of real nodes solved   : 1
  Stopping condition            : enough nodes explored

Problem identification

  Problem                       : <null>
  Machine                       : oslo2.gerad.lan

Solving process summary

  Linear relaxations            :        1
  Column generation iterations  :      122
  Shortest paths solved         :     5498
  Columns generated             :    34894

Instance characteristics

  Resources                     : 3
  Node types                    : no
  Arc types                     : no
  Strong resource windows       : no
  Weak resource windows         : no
  Resource windows (nodes)      : 3
  Resource values (arcs)        : 3
  Values on nodes               : no

  Rows                          : 648
  Initial columns               : 306
  Tasks                         : 486
  Strong tasks                  : 311
  Weak tasks                    : 4
  Initial task constraints      : no
  Nodes                         : 814
  Arc sets                      : 1
  Arcs                          : 12829
  Networks                      : 2
  Models                        : 1

Memory used per module (Megs)

  Parser (reused)               :      2.914
  Networks                      :     19.737
  Column generator              :      3.027
  Master problem                :      6.653
  -----------------
  Total                         :     29.418

Cpu time per module (seconds)

  Parser                        :        0.0
  Preprocessor                  :        0.0
  Lr solver manager             :        0.0
  Column generator              :       11.6
    (Shortest path)             :        9.9
  Master problem                :       31.7
  -------------------
  Total (without b&b)           :       43.3

Real elapsed time (seconds)

  Parser                        :        0.0
  Preprocessor                  :        0.0
  Lr solver manager             :        0.0
  Column generator              :       11.6
    (Shortest path)             :       10.0
  Master problem                :       31.8
  -------------------
  Total (without b&b)           :       43.4
