
Branch and bound

  Entire solving process        :                           (Time    119.6)
  No feasible solution was found
  Best relaxation cost          :     42135.38 (Node     0) (Time    119.6)
  Lower bound after cuts        :     42135.38
  End lower bound               :     42135.38
  Deepest level reached         : 0
  Deepest real level reached    : 0
  Number of real nodes solved   : 1
  Stopping condition            : enough nodes explored

Problem identification

  Problem                       : <null>
  Machine                       : oslo2.gerad.lan

Solving process summary

  Linear relaxations            :        1
  Column generation iterations  :      133
  Shortest paths solved         :     6166
  Columns generated             :    40759

Instance characteristics

  Resources                     : 3
  Node types                    : no
  Arc types                     : no
  Strong resource windows       : no
  Weak resource windows         : no
  Resource windows (nodes)      : 3
  Resource values (arcs)        : 3
  Values on nodes               : no

  Rows                          : 819
  Initial columns               : 320
  Tasks                         : 657
  Strong tasks                  : 461
  Weak tasks                    : 4
  Initial task constraints      : no
  Nodes                         : 985
  Arc sets                      : 1
  Arcs                          : 21280
  Networks                      : 2
  Models                        : 1

Memory used per module (Megs)

  Parser (reused)               :      4.609
  Networks                      :     26.155
  Column generator              :      4.843
  Master problem                :      8.339
  -----------------
  Total                         :     39.338

Cpu time per module (seconds)

  Parser                        :        0.0
  Preprocessor                  :        0.0
  Lr solver manager             :        0.1
  Column generator              :       23.0
    (Shortest path)             :       19.2
  Master problem                :       96.5
  -------------------
  Total (without b&b)           :      119.6

Real elapsed time (seconds)

  Parser                        :        0.0
  Preprocessor                  :        0.0
  Lr solver manager             :        0.1
  Column generator              :       23.1
    (Shortest path)             :       19.7
  Master problem                :       96.5
  -------------------
  Total (without b&b)           :      119.7
