Cover_T0 52
Cover_T1 -52
Cover_T2 52
Cover_T3 -52
Cover_T4 52
Cover_T5 -52
Cover_T6 52
Cover_T7 -52
Cover_T8 52
Cover_T9 -52
Cover_T10 52
Cover_T11 -52
Cover_T12 52
Cover_T13 -52
Cover_T14 52
Cover_T15 -52
Cover_T16 52
Cover_T17 -52
Cover_T18 52
Cover_T19 -52
Cover_T20 52
Cover_T21 -52
Cover_T22 52
Cover_T23 -52
Cover_T24 52
Cover_T25 -52
Cover_T26 52
Cover_T27 -52
Cover_T28 52
Cover_T29 -52
Cover_T30 52
Cover_T31 -52
Cover_T32 52
Cover_T33 -52
Cover_T34 52
Cover_T35 -52
Cover_T36 52
Cover_T37 -52
Cover_T38 52
Cover_T39 -52
Cover_T40 52
Cover_T41 -48
Cover_T42 54
Cover_T43 -48
Cover_T44 52
Cover_T45 -46
Cover_T46 52
Cover_T47 -46
Cover_T48 52
Cover_T49 -46
Cover_T50 52
Cover_T51 -46
Cover_T52 48
Cover_T53 -36
Cover_T54 48
Cover_T55 -44
Cover_T56 48
Cover_T57 1.84454e-10
Cover_T58 58
Cover_T59 990
Cover_T60 62
Cover_T61 992
Cover_T62 54
Cover_T63 992
Cover_T64 994
Cover_T65 992
Cover_T66 1044
Cover_T67 986
Cover_T68 1034
Cover_T69 994
Cover_T70 1046
Cover_T71 996
Cover_T72 998
Cover_T73 996
Cover_T74 8
Cover_T75 996
Cover_T76 12
Cover_T77 988
Cover_T78 6
Cover_T79 996
Cover_T80 4
Cover_T81 56
Cover_T82 12
Cover_T83 0
Cover_T84 6
Cover_T85 -4
Cover_T86 4
Cover_T87 7.3784e-11
Cover_T88 8
Cover_T89 -2
Cover_T90 6
Cover_T91 -3.31973e-10
Cover_T92 -8
Cover_T93 -4
Cover_T94 4
Cover_T95 1.06637e-10
Cover_T96 -8
Cover_T97 -6.8956e-12
Cover_T98 -20
Cover_T99 0
Cover_T100 -32
Cover_T101 -1.37335e-11
Cover_T102 0
Cover_T103 12
Cover_T104 4
Cover_T105 -2.24206e-10
Cover_T106 4
Cover_T107 12
Cover_T108 4
Cover_T109 24
Cover_T110 4
Cover_T111 36
Cover_T112 4
Cover_T113 4
Cover_T114 4
Cover_T115 -3.71436e-11
Cover_T116 4
Cover_T117 -1.83994e-10
Cover_T118 4
Cover_T119 -1.56319e-10
Cover_T120 4
Cover_T121 1.77735e-10
Cover_T122 4
Cover_T123 0
Cover_T124 4
Cover_T125 -2.84133e-11
Cover_T126 4
Cover_T127 -9.59089e-11
Cover_T128 4
Cover_T129 -1.48717e-10
Cover_T130 4
Cover_T131 -1.07475e-10
Cover_T132 4
Cover_T133 -4.80824e-11
Cover_T134 4
Cover_T135 0
Cover_T136 4
Cover_T137 0
Cover_T138 4
Cover_T139 -1.37135e-10
Cover_T140 4
Cover_T141 1.2966e-10
Cover_T142 4
Cover_T143 0
Cover_T144 4
Cover_T145 0
Cover_T146 4
Cover_T147 1.58302e-10
Cover_T148 4
Cover_T149 6.18883e-11
Cover_T150 4
Cover_T151 -5.2848e-10
Cover_T152 4
Cover_T153 -3.52571e-11
Cover_T154 4
Cover_T155 4.50979e-10
Cover_T156 4
Cover_T157 5.90448e-11
Cover_T158 4
Cover_T159 -1.19217e-10
Cover_T160 4
Cover_T161 0
Cover_T162 -1.79284e-10
Cover_T163 -1.49843e-10
Cover_T164 4
Cover_T165 4
Cover_T166 4
Cover_T167 -2.75373e-10
Cover_T168 -16
Cover_T169 0
Cover_T170 -36
Cover_T171 4
Cover_T172 4
Cover_T173 4
Cover_T174 -16
Cover_T175 24
Cover_T176 5.02496e-10
Cover_T177 40
Cover_T178 6.05556e-10
Cover_T179 52
Cover_T180 -5.54579e-11
Cover_T181 4
Cover_T182 2.5787e-10
Cover_T183 16
Cover_T184 1.16782e-09
Cover_T185 28
Cover_T186 -4.05386e-10
Cover_T187 4
Cover_T188 4
Cover_T189 4
Cover_T190 4
Cover_T191 4
Cover_T192 2
Cover_T193 4
Cover_T194 4
Cover_T195 4
Cover_T196 4
Cover_T197 6
Cover_T198 4
Cover_T199 6
Cover_T200 -10
Cover_T201 7.43512e-11
Cover_T202 -26
Cover_T203 2
Cover_T204 -42
Cover_T205 6
Cover_T206 -26
Cover_T207 6
Cover_T208 -42
Cover_T209 22
Cover_T210 -42
Cover_T211 38
Cover_T212 -42
Cover_T213 54
Cover_T214 4
Cover_T215 38
Cover_T216 4
Cover_T217 58
Cover_T218 4
Cover_T219 54
Cover_T220 4
Cover_T221 54
Cover_T222 4
Cover_T223 16
Cover_T224 2
Cover_T225 12
Cover_T226 2
Cover_T227 14
Cover_T228 2
Cover_T229 10
Cover_T230 -10
Cover_T231 6
Cover_T232 -26
Cover_T233 22
Cover_T234 -2
Cover_T235 18
Cover_T236 -2
Cover_T237 14
Cover_T238 -2
Cover_T239 14
Cover_T240 -2
Cover_T241 26
Cover_T242 -6
Cover_T243 42
Cover_T244 -6
Cover_T245 18
Cover_T246 -6
Cover_T247 20
Cover_T248 -6
Cover_T249 22
Cover_T250 -26
Cover_T251 16
Cover_T252 -10
Cover_T253 26
Cover_T254 -10
Cover_T255 28
Cover_T256 -16
Cover_T257 24
Cover_T258 -14
Cover_T259 48
Cover_T260 -16
Cover_T261 32
Cover_T262 -18
Cover_T263 30
Cover_T264 -18
Cover_T265 30
Cover_T266 -18
Cover_T267 32
Cover_T268 -24
Cover_T269 32
Cover_T270 -24
Cover_T271 32
Cover_T272 -20
Cover_T273 32
Cover_T274 -24
Cover_T275 32
Cover_T276 -20
Cover_T277 32
Cover_T278 -22
Cover_T279 32
Cover_T280 -26
Cover_T281 32
Cover_T282 -24
Cover_T283 28
Cover_T284 -26
Cover_T285 26
Cover_T286 -24
Cover_T287 32
Cover_T288 -40
Cover_T289 32
Cover_T290 -36
Cover_T291 34
Cover_T292 -24
Cover_T293 36
Cover_T294 -36
Cover_T295 44
Cover_T296 -48
Cover_T297 56
Cover_T298 -28
Cover_T299 48
Cover_T300 -28
Cover_T301 60
Cover_T302 -28
Cover_T303 40
Cover_T304 -28
Cover_T305 52
Cover_T306 -24
Cover_T307 60
Cover_T308 -28
Cover_T309 44
Cover_T310 -44
Cover_T311 44
Cover_T312 -30
Cover_T313 44
Cover_T314 -30
Cover_T315 54
Cover_T316 -30
Cover_T317 46
Cover_T318 -34
Cover_T319 62
Cover_T320 -34
Cover_T321 54
Cover_T322 -36
Cover_T323 54
Cover_T324 -42
Cover_T325 54
Cover_T326 -36
Cover_T327 54
Cover_T328 -38
Cover_T329 52
Cover_T330 -42
Cover_T331 54
Cover_T332 -42
Cover_T333 56
Cover_T334 -42
Cover_T335 62
Cover_T336 -44
Cover_T337 60
Cover_T338 -48
Cover_T339 56
Cover_T340 -44
Cover_T341 52
Cover_T342 -52
Cover_T343 52
Cover_T344 -52
Cover_T345 52
Cover_T346 -52
Cover_T347 52
Cover_T348 -52
Cover_T349 52
Cover_T350 -52
Cover_T351 52
Cover_T352 -52
Cover_T353 52
Cover_T354 -52
Cover_T355 52
Cover_T356 -52
Cover_T357 56
Cover_T358 -52
Cover_T359 56
Cover_T360 -48
Cover_T361 56
Cover_T362 -48
Cover_T363 56
Cover_T364 -48
Cover_T365 56
Cover_T366 -48
Cover_T367 56
Cover_T368 -48
Cover_T369 54
Cover_T370 -48
Cover_T371 56
Cover_T372 -44
Cover_T373 56
Cover_T374 -42
Cover_T375 54
Cover_T376 2
Cover_T377 58
Cover_T378 990
Cover_T379 58
Cover_T380 994
Cover_T381 994
Cover_T382 992
Cover_T383 1044
Cover_T384 994
Cover_T385 1002
Cover_T386 994
Cover_T387 10
Cover_T388 986
Cover_T389 8
Cover_T390 52
Cover_T391 8
Cover_T392 0
Cover_T393 8
Cover_T394 1.13553e-09
Cover_T395 4
Cover_T396 -4
Cover_T397 2
Cover_T398 2
Cover_T399 2
Cover_T400 -2
Cover_T401 2
Cover_T402 -2.78422e-10
Cover_T403 -12
Cover_T404 -2
Cover_T405 5.64012e-10
Cover_T406 4
Cover_T407 -12
Cover_T408 4
Cover_T409 -24
Cover_T410 4
Cover_T411 -36
Cover_T412 16
Cover_T413 -4
Cover_T414 4
Cover_T415 0
Cover_T416 16
Cover_T417 3.00835e-11
Cover_T418 28
Cover_T419 -1.43459e-10
Cover_T420 40
Cover_T421 0
Cover_T422 8
Cover_T423 -1.27933e-10
Cover_T424 4
Cover_T425 0
Cover_T426 0
Cover_T427 -2.40163e-11
Cover_T428 0
Cover_T429 0
Cover_T430 3.52377e-11
Cover_T431 -8.04893e-11
Cover_T432 -1.30629e-10
Cover_T433 -8.22863e-11
Cover_T434 0
Cover_T435 -2.22975e-11
Cover_T436 0
Cover_T437 -4.57732e-11
Cover_T438 0
Cover_T439 -1.81056e-10
Cover_T440 0
Cover_T441 -2.20325e-10
Cover_T442 0
Cover_T443 2.98314e-10
Cover_T444 -4.13078e-11
Cover_T445 2.13272e-10
Cover_T446 1.39718e-10
Cover_T447 -9.7033e-11
Cover_T448 -2.49267e-11
Cover_T449 -2.20368e-10
Cover_T450 0
Cover_T451 5.38847e-10
Cover_T452 0
Cover_T453 1.79474e-10
Cover_T454 0
Cover_T455 -5.35928e-10
Cover_T456 0
Cover_T457 0
Cover_T458 0
Cover_T459 0
Cover_T460 1.36702e-11
Cover_T461 -6.1857e-11
Cover_T462 -1.30316e-10
Cover_T463 2.80282e-10
Cover_T464 0
Cover_T465 0
Cover_T466 -1.07108e-10
Cover_T467 3.72938e-10
Cover_T468 0
Cover_T469 9.75184e-11
Cover_T470 5.44401e-11
Cover_T471 -2.59671e-11
Cover_T472 -1.59435e-10
Cover_T473 5.63131e-11
Cover_T474 4
Cover_T475 2.12727e-10
Cover_T476 0
Cover_T477 9.1241e-11
Cover_T478 0
Cover_T479 -4
Cover_T480 0
Cover_T481 -16
Cover_T482 1.80194e-11
Cover_T483 -28
Cover_T484 4
Cover_T485 -40
Cover_T486 -4
Cover_T487 -52
Cover_T488 8
Cover_T489 -4
Cover_T490 20
Cover_T491 -16
Cover_T492 32
Cover_T493 4
Cover_T494 52
Cover_T495 -4
Cover_T496 12
Cover_T497 2.02122e-10
Cover_T498 -4
Cover_T499 4
Cover_T500 4
Cover_T501 -2.31211e-11
Cover_T502 6.56541e-12
Cover_T503 2
Cover_T504 -4
Cover_T505 -6.5457e-11
Cover_T506 6.425e-12
Cover_T507 -3.99094e-11
Cover_T508 4
Cover_T509 4
Cover_T510 -2.39879e-10
Cover_T511 -6
Cover_T512 1.40723e-10
Cover_T513 -18
Cover_T514 0
Cover_T515 -30
Cover_T516 4
Cover_T517 -42
Cover_T518 4.74778e-10
Cover_T519 -22
Cover_T520 10
Cover_T521 -34
Cover_T522 22
Cover_T523 -46
Cover_T524 36
Cover_T525 -44
Cover_T526 52
Cover_T527 -44
Cover_T528 36
Cover_T529 2
Cover_T530 56
Cover_T531 2
Cover_T532 56
Cover_T533 2
Cover_T534 56
Cover_T535 2
Cover_T536 6
Cover_T537 4.92491e-10
Cover_T538 14
Cover_T539 4.85282e-10
Cover_T540 14
Cover_T541 -2.6985e-10
Cover_T542 10
Cover_T543 -4
Cover_T544 14
Cover_T545 -24
Cover_T546 18
Cover_T547 -4
Cover_T548 14
Cover_T549 -8
Cover_T550 18
Cover_T551 -16
Cover_T552 38
Cover_T553 -8
Cover_T554 18
Cover_T555 -10
Cover_T556 20
Cover_T557 -10
Cover_T558 22
Cover_T559 -6
Cover_T560 22
Cover_T561 -22
Cover_T562 22
Cover_T563 -34
Cover_T564 26
Cover_T565 -14
Cover_T566 28
Cover_T567 -10
Cover_T568 24
Cover_T569 -12
Cover_T570 34
Cover_T571 -16
Cover_T572 50
Cover_T573 -16
Cover_T574 28
Cover_T575 -20
Cover_T576 22
Cover_T577 -16
Cover_T578 20
Cover_T579 -20
Cover_T580 28
Cover_T581 -26
Cover_T582 26
Cover_T583 -22
Cover_T584 24
Cover_T585 -22
Cover_T586 30
Cover_T587 -26
Cover_T588 26
Cover_T589 -24
Cover_T590 30
Cover_T591 -30
Cover_T592 26
Cover_T593 -24
Cover_T594 26
Cover_T595 -24
Cover_T596 30
Cover_T597 -26
Cover_T598 28
Cover_T599 -34
Cover_T600 34
Cover_T601 -46
Cover_T602 28
Cover_T603 -34
Cover_T604 32
Cover_T605 -46
Cover_T606 34
Cover_T607 -26
Cover_T608 42
Cover_T609 -34
Cover_T610 56
Cover_T611 -46
Cover_T612 44
Cover_T613 -26
Cover_T614 60
Cover_T615 -26
Cover_T616 40
Cover_T617 -28
Cover_T618 48
Cover_T619 -28
Cover_T620 60
Cover_T621 -26
Cover_T622 36
Cover_T623 -32
Cover_T624 40
Cover_T625 -44
Cover_T626 42
Cover_T627 -30
Cover_T628 40
Cover_T629 -42
Cover_T630 50
Cover_T631 -30
Cover_T632 42
Cover_T633 -38
Cover_T634 46
Cover_T635 -34
Cover_T636 50
Cover_T637 -42
Cover_T638 62
Cover_T639 -34
Cover_T640 40
Cover_T641 -42
Cover_T642 52
Cover_T643 -36
Cover_T644 44
Cover_T645 -40
Cover_T646 54
Cover_T647 -40
Cover_T648 46
Cover_T649 -36
Cover_T650 54
Cover_T651 -46
Cover_T652 46
Cover_T653 -36
Cover_T654 54
Cover_T655 -40
Cover_T656 46
Cover_T657 -42
Cover_T658 52
Cover_T659 -44
Cover_T660 54
Cover_T661 -50
Cover_T662 52
Cover_T663 -42
Cover_T664 54
Cover_T665 -44
Cover_T666 60
Cover_T667 -44
Cover_T668 54
Cover_T669 -44
Cover_T670 58
Cover_T671 -44
Cover_T672 52
Cover_T673 -52
Cover_T674 52
Cover_T675 -48
Cover_T676 52
Cover_T677 -48
Cover_T678 52
Cover_T679 -46
Cover_T680 52
Cover_T681 -46
Cover_T682 52
Cover_T683 -46
Cover_T684 58
Cover_T685 -42
Cover_T686 52
Cover_T687 -40
Cover_T688 52
Cover_T689 2
Cover_T690 48
Cover_T691 992
Cover_T692 66
Cover_T693 990
Cover_T694 54
Cover_T695 992
Cover_T696 994
Cover_T697 994
Cover_T698 1052
Cover_T699 986
Cover_T700 1044
Cover_T701 988
Cover_T702 1048
Cover_T703 996
Cover_T704 1048
Cover_T705 994
Cover_T706 1042
Cover_T707 992
Cover_T708 1044
Cover_T709 996
Cover_T710 1002
Cover_T711 992
Cover_T712 8
Cover_T713 984
Cover_T714 10
Cover_T715 992
Cover_T716 10
Cover_T717 52
Cover_T718 6
Cover_T719 -2
Cover_T720 12
Cover_T721 2
Cover_T722 -4.16176e-10
Cover_T723 -2
Cover_T724 0
Cover_T725 -1.27833e-10
Cover_T726 6
Cover_T727 -5.34577e-10
Cover_T728 -10
Cover_T729 -2
Cover_T730 -28
Cover_T731 2
Cover_T732 8.26885e-11
Cover_T733 6
Cover_T734 1.15157e-10
Cover_T735 10
Cover_T736 -1.31812e-10
Cover_T737 -1.74927e-10
Cover_T738 -7.33991e-11
Cover_T739 12
Cover_T740 0
Cover_T741 24
Cover_T742 0
Cover_T743 36
Cover_T744 -6.37335e-11
Cover_T745 4
Cover_T746 -8.42291e-11
Cover_T747 -2.96319e-11
Cover_T748 1.64007e-11
Cover_T749 0
Cover_T750 -6.9571e-12
Cover_T751 1.25324e-10
Cover_T752 1.17302e-11
Cover_T753 -2.21322e-10
Cover_T754 0
Cover_T755 2.02757e-10
Cover_T756 0
Cover_T757 -1.43586e-10
Cover_T758 0
Cover_T759 0
Cover_T760 -1.27299e-10
Cover_T761 -2.06754e-10
Cover_T762 -5.57832e-12
Cover_T763 -1.08322e-10
Cover_T764 -1.27307e-10
Cover_T765 1.23629e-10
Cover_T766 1.12492e-11
Cover_T767 -1.59838e-15
Cover_T768 5.91349e-12
Cover_T769 2.8308e-11
Cover_T770 0
Cover_T771 0
Cover_T772 0
Cover_T773 1.00727e-10
Cover_T774 -6.19085e-11
Cover_T775 -2.88605e-11
Cover_T776 0
Cover_T777 -2.03814e-10
Cover_T778 -1.65084e-10
Cover_T779 1.96885e-11
Cover_T780 0
Cover_T781 0
Cover_T782 0
Cover_T783 -4.69312e-10
Cover_T784 -4
Cover_T785 -7.71914e-12
Cover_T786 1.23093e-10
Cover_T787 0
Cover_T788 1.27063e-10
Cover_T789 4.97958e-11
Cover_T790 1.64846e-11
Cover_T791 -1.36364e-10
Cover_T792 0
Cover_T793 1.84808e-11
Cover_T794 -4
Cover_T795 -4.2378e-10
Cover_T796 4
Cover_T797 4.76348e-11
Cover_T798 -8
Cover_T799 -3.67003e-10
Cover_T800 -20
Cover_T801 -1.77666e-10
Cover_T802 -32
Cover_T803 0
Cover_T804 -44
Cover_T805 0
Cover_T806 4
Cover_T807 -2.76804e-10
Cover_T808 -8
Cover_T809 0
Cover_T810 -20
Cover_T811 4
Cover_T812 4
Cover_T813 16
Cover_T814 4
Cover_T815 28
Cover_T816 4
Cover_T817 40
Cover_T818 4
Cover_T819 52
Cover_T820 4
Cover_T821 4
Cover_T822 4
Cover_T823 16
Cover_T824 0
Cover_T825 28
Cover_T826 -4
Cover_T827 4
Cover_T828 0
Cover_T829 4
Cover_T830 0
Cover_T831 4
Cover_T832 -7.52332e-11
Cover_T833 4
Cover_T834 -4
Cover_T835 4
Cover_T836 -3.05005e-10
Cover_T837 6
Cover_T838 -14
Cover_T839 6
Cover_T840 -30
Cover_T841 0
Cover_T842 -46
Cover_T843 2
Cover_T844 -30
Cover_T845 6
Cover_T846 -46
Cover_T847 8
Cover_T848 -46
Cover_T849 22
Cover_T850 -46
Cover_T851 38
Cover_T852 4
Cover_T853 46
Cover_T854 -4
Cover_T855 56
Cover_T856 4
Cover_T857 32
Cover_T858 -4
Cover_T859 40
Cover_T860 4
Cover_T861 50
Cover_T862 -4
Cover_T863 56
Cover_T864 4
Cover_T865 48
Cover_T866 -4
Cover_T867 58
Cover_T868 4
Cover_T869 50
Cover_T870 -4
Cover_T871 60
Cover_T872 4
Cover_T873 8
Cover_T874 -4
Cover_T875 14
Cover_T876 2
Cover_T877 4
Cover_T878 -6
Cover_T879 16
Cover_T880 -2
Cover_T881 6
Cover_T882 -12
Cover_T883 20
Cover_T884 -26
Cover_T885 18
Cover_T886 1.99928e-10
Cover_T887 14
Cover_T888 -6
Cover_T889 12
Cover_T890 -4
Cover_T891 24
Cover_T892 -4
Cover_T893 20
Cover_T894 -4
Cover_T895 22
Cover_T896 -6
Cover_T897 36
Cover_T898 -8
Cover_T899 48
Cover_T900 -6
Cover_T901 24
Cover_T902 -16
Cover_T903 24
Cover_T904 -28
Cover_T905 30
Cover_T906 -8
Cover_T907 30
Cover_T908 -10
Cover_T909 30
Cover_T910 -10
Cover_T911 30
Cover_T912 -10
Cover_T913 30
Cover_T914 -10
Cover_T915 28
Cover_T916 -10
Cover_T917 40
Cover_T918 -14
Cover_T919 54
Cover_T920 -14
Cover_T921 34
Cover_T922 -14
Cover_T923 30
Cover_T924 -14
Cover_T925 32
Cover_T926 -14
Cover_T927 32
Cover_T928 -20
Cover_T929 32
Cover_T930 -20
Cover_T931 32
Cover_T932 -20
Cover_T933 32
Cover_T934 -22
Cover_T935 32
Cover_T936 -20
Cover_T937 32
Cover_T938 -22
Cover_T939 32
Cover_T940 -26
Cover_T941 32
Cover_T942 -26
Cover_T943 28
Cover_T944 -24
Cover_T945 26
Cover_T946 -40
Cover_T947 32
Cover_T948 -36
Cover_T949 32
Cover_T950 -24
Cover_T951 38
Cover_T952 -40
Cover_T953 38
Cover_T954 -24
Cover_T955 46
Cover_T956 -24
Cover_T957 62
Cover_T958 -24
Cover_T959 50
Cover_T960 -24
Cover_T961 64
Cover_T962 -36
Cover_T963 40
Cover_T964 -24
Cover_T965 52
Cover_T966 -36
Cover_T967 64
Cover_T968 -24
Cover_T969 44
Cover_T970 -38
Cover_T971 46
Cover_T972 -34
Cover_T973 50
Cover_T974 -34
Cover_T975 54
Cover_T976 -34
Cover_T977 46
Cover_T978 -34
Cover_T979 64
Cover_T980 -34
Cover_T981 54
Cover_T982 -36
Cover_T983 54
Cover_T984 -40
Cover_T985 54
Cover_T986 -42
Cover_T987 60
Cover_T988 -36
Cover_T989 48
Cover_T990 -42
Cover_T991 48
Cover_T992 -42
Cover_T993 58
Cover_T994 -42
Cover_T995 56
Cover_T996 -42
Cover_T997 60
Cover_T998 -42
Cover_T999 58
Cover_T1000 -44
Cover_T1001 58
Cover_T1002 -44
Cover_T1003 60
Cover_T1004 -44
Cover_T1005 52
Cover_T1006 -44
Cover_T1007 60
Cover_T1008 -44
Cover_T1009 10
Cover_T1010 -4
Cover_T1011 16
Cover_T1012 -4
Cover_T1013 18
Cover_T1014 -7.25819e-11
Cover_T1015 28
Cover_T1016 -9.00727e-11
Cover_T1017 16
Cover_T1018 2
Cover_T1019 4
Cover_T1020 2
Cover_T1021 16
Cover_T1022 2
Cover_T1023 4
Cover_T1024 0
Cover_T1025 8
Cover_T1026 0
Cover_T1027 12
Cover_T1028 34
Cover_T1029 24
Cover_T1030 1032
Cover_T1031 12
Cover_T1032 1034
Cover_T1033 4
Cover_T1034 1042
Cover_T1035 1050
Cover_T1036 1034
Cover_T1037 1038
Cover_T1038 1036
Cover_T1039 1048
Cover_T1040 1042
Cover_T1041 1096
Cover_T1042 1044
Cover_T1043 1090
Cover_T1044 1032
Cover_T1045 1094
Cover_T1046 1040
Cover_T1047 1050
Cover_T1048 1028
Cover_T1049 58
Cover_T1050 1034
Cover_T1051 58
Cover_T1052 1044
Cover_T1053 56
Cover_T1054 0
Cover_T1055 46
Cover_T1056 10
Cover_T1057 58
Cover_T1058 0
Cover_T1059 46
Cover_T1060 -38
Cover_T1061 52
Cover_T1062 52
Cover_T1063 28
Cover_T1064 58
Cover_T1065 8
Cover_T1066 54
Cover_T1067 -12
Cover_T1068 58
Cover_T1069 -32
Cover_T1070 58
Cover_T1071 -26
Cover_T1072 7.11895e-10
Cover_T1073 16
Cover_T1074 18
Cover_T1075 16
Cover_T1076 32
Cover_T1077 18
Cover_T1078 46
Cover_T1079 12
Cover_T1080 58
Cover_T1081 0
Cover_T1082 40
Cover_T1083 36
Cover_T1084 52
Cover_T1085 24
Cover_T1086 0
Cover_T1087 12
Cover_T1088 1.20185e-09
Cover_T1089 16
Cover_T1090 0
Cover_T1091 36
Cover_T1092 2
Cover_T1093 24
Cover_T1094 16
Cover_T1095 10
Cover_T1096 -14
Cover_T1097 0
Cover_T1098 4
Cover_T1099 12
Cover_T1100 0
Cover_T1101 0
Cover_T1102 -12
Cover_T1103 0
Cover_T1104 6
Cover_T1105 0
Cover_T1106 14
Cover_T1107 0
Cover_T1108 0
Cover_T1109 0
Cover_T1110 14
Cover_T1111 28
Cover_T1112 22
Cover_T1113 28
Cover_T1114 22
Cover_T1115 28
Cover_T1116 24
Cover_T1117 28
Cover_T1118 28
Cover_T1119 26
Cover_T1120 0
Count_D0 -984
Count_D1 -1000
Max_H0_P0 0
Max_H0_P1 0
Max_H0_P2 0
Max_H0_P3 0
Max_H0_P4 8.65324e-11
Max_H0_P5 3.41061e-12
Max_H0_P6 -4.31529e-11
Max_H0_P7 -3.08717e-11
Max_H0_P8 0
Max_H0_P9 -1.49534e-11
Max_H0_P10 0
Max_H0_P11 0
Max_H0_P12 0
Max_H0_P13 0
Max_H0_P14 0
Max_H0_P15 -4.07603e-11
Max_H0_P16 -4.86389e-11
Max_H0_P17 -6.84732e-11
Max_H0_P18 1.15648e-11
Max_H0_P19 -5.71831e-12
Max_H0_P20 3.21094e-11
Max_H0_P21 -3.83151e-11
Max_H0_P22 -6.2359e-11
Max_H0_P23 7.13131e-11
Max_H0_P24 1.1974e-10
Max_H0_P25 -9.1139e-11
Max_H0_P26 -1.97755e-11
Max_H0_P27 1.79625e-11
Max_H0_P28 -2.56423e-11
Max_H0_P29 -5.03462e-11
Max_H0_P30 -2.24966e-11
Max_H0_P31 -9.49437e-11
Max_H0_P32 -8.68762e-12
Max_H0_P33 1.84939e-11
Max_H0_P34 2.47957e-11
Max_H0_P35 -5.72997e-12
Max_H0_P36 -7.58929e-11
Max_H0_P37 7.9768e-11
Max_H0_P38 1.25642e-10
Max_H0_P39 -1.16287e-10
Max_H0_P40 -3.91189e-11
Max_H0_P41 1.30815e-10
Max_H0_P42 1.44221e-10
Max_H0_P43 0
Max_H0_P44 0
Max_H0_P45 0
Max_H0_P46 7.03153e-11
Max_H0_P47 0
Max_H0_P48 0
Max_H0_P49 0
Max_H0_P50 0
Max_H0_P51 0
Max_H0_P52 0
Max_H0_P53 0
Max_H0_P54 0
Max_H0_P55 0
Max_H0_P56 0
Max_H0_P57 0
Max_H0_P58 0
Max_H0_P59 7.757e-11
Max_H0_P60 2.31795e-10
Max_H0_P61 2.39055e-10
Max_H0_P62 0
Max_H0_P63 0
Max_H0_P64 0
Max_H0_P65 0
Max_H0_P66 0
Max_H0_P67 0
Max_H0_P68 0
Max_H0_P69 0
Max_H0_P70 0
Max_H0_P71 0
Max_H0_P72 0
Max_H0_P73 0
Max_H0_P74 0
Max_H0_P75 0
Max_H0_P76 0
Max_H0_P77 -1.7147e-10
Max_H0_P78 -5.68434e-14
Max_H0_P79 1.17938e-10
Max_H0_P80 8.67629e-12
Max_H0_P81 0
Max_H1_P0 0
Max_H1_P1 0
Max_H1_P2 -7.49747e-11
Max_H1_P3 1.48304e-10
Max_H1_P4 0
Max_H1_P5 1.11398e-10
Max_H1_P6 9.4059e-11
Max_H1_P7 -3.60316e-11
Max_H1_P8 5.66948e-11
Max_H1_P9 0
Max_H1_P10 -4.68545e-11
Max_H1_P11 0
Max_H1_P12 0
Max_H1_P13 0
Max_H1_P14 0
Max_H1_P15 -1.43712e-10
Max_H1_P16 -9.66701e-11
Max_H1_P17 5.95286e-11
Max_H1_P18 6.40057e-11
Max_H1_P19 1.35758e-11
Max_H1_P20 1.29745e-11
Max_H1_P21 1.76737e-11
Max_H1_P22 -1.82538e-11
Max_H1_P23 -1.85706e-11
Max_H1_P24 -5.23652e-11
Max_H1_P25 1.35856e-11
Max_H1_P26 4.73506e-11
Max_H1_P27 -2.40751e-11
Max_H1_P28 7.98395e-12
Max_H1_P29 -1.37692e-10
Max_H1_P30 -1.35664e-10
Max_H1_P31 1.07946e-10
Max_H1_P32 -2.05085e-11
Max_H1_P33 3.37907e-12
Max_H1_P34 -9.48499e-11
Max_H1_P35 5.02839e-11
Max_H1_P36 -6.91784e-11
Max_H1_P37 7.98532e-11
Max_H1_P38 -1.12532e-11
Max_H1_P39 1.11954e-10
Max_H1_P40 5.01359e-11
Max_H1_P41 8.90459e-11
Max_H1_P42 6.65376e-11
Max_H1_P43 -1.45865e-10
Max_H1_P44 -1.3177e-10
Max_H1_P45 0
Max_H1_P46 0
Max_H1_P47 0
Max_H1_P48 1.70303e-10
Max_H1_P49 2.78297e-11
Max_H1_P50 0
Max_H1_P51 -1.77582e-10
Max_H1_P52 0
Max_H1_P53 0
Max_H1_P54 0
Max_H1_P55 -8.74829e-11
Max_H1_P56 8.00431e-11
Max_H1_P57 1.91868e-10
Max_H1_P58 4.64109e-11
Max_H1_P59 -6.53155e-11
Max_H1_P60 1.13413e-10
Max_H1_P61 1.30187e-10
Max_H1_P62 -7.09122e-11
Max_H1_P63 0
Max_H1_P64 0
Max_H1_P65 0
Max_H1_P66 0
Max_H1_P67 0
Max_H1_P68 0
Max_H1_P69 0
Max_H1_P70 -4.61213e-11
Max_H1_P71 0
Max_H1_P72 0
Max_H1_P73 0
Max_H1_P74 0
Max_H1_P75 0
Max_H1_P76 1.2442e-10
Max_H1_P77 -1.26646e-10
Max_H1_P78 2.03806e-11
Max_H1_P79 -3.13489e-12
Max_H1_P80 0
Max_H1_P81 0
