
Branch and bound

  Entire solving process        :                           (Time    439.5)
  No feasible solution was found
  Best relaxation cost          :     71678.61 (Node     0) (Time    439.5)
  Lower bound after cuts        :     71678.61
  End lower bound               :     71678.61
  Deepest level reached         : 0
  Deepest real level reached    : 0
  Number of real nodes solved   : 1
  Stopping condition            : enough nodes explored

Problem identification

  Problem                       : <null>
  Machine                       : oslo2.gerad.lan

Solving process summary

  Linear relaxations            :        1
  Column generation iterations  :      150
  Shortest paths solved         :     7322
  Columns generated             :    68214

Instance characteristics

  Resources                     : 3
  Node types                    : no
  Arc types                     : no
  Strong resource windows       : no
  Weak resource windows         : no
  Resource windows (nodes)      : 3
  Resource values (arcs)        : 3
  Values on nodes               : no

  Rows                          : 1122
  Initial columns               : 477
  Tasks                         : 960
  Strong tasks                  : 648
  Weak tasks                    : 4
  Initial task constraints      : no
  Nodes                         : 1288
  Arc sets                      : 1
  Arcs                          : 41353
  Networks                      : 2
  Models                        : 1

Memory used per module (Megs)

  Parser (reused)               :      8.484
  Networks                      :     36.568
  Column generator              :     11.624
  Master problem                :     10.744
  -----------------
  Total                         :     58.936

Cpu time per module (seconds)

  Parser                        :        0.0
  Preprocessor                  :        0.0
  Lr solver manager             :        0.2
  Column generator              :      132.0
    (Shortest path)             :      114.7
  Master problem                :      307.2
  -------------------
  Total (without b&b)           :      439.5

Real elapsed time (seconds)

  Parser                        :        0.0
  Preprocessor                  :        0.0
  Lr solver manager             :        0.2
  Column generator              :      132.2
    (Shortest path)             :      115.1
  Master problem                :      307.6
  -------------------
  Total (without b&b)           :      440.0
