
Branch and bound

  Entire solving process        :                           (Time   1173.9)
  No feasible solution was found
  Best relaxation cost          :     58932.00 (Node     0) (Time   1173.9)
  Lower bound after cuts        :     58932.00
  End lower bound               :     58932.00
  Deepest level reached         : 0
  Deepest real level reached    : 0
  Number of real nodes solved   : 1
  Stopping condition            : enough nodes explored

Problem identification

  Problem                       : <null>
  Machine                       : oslo2.gerad.lan

Solving process summary

  Linear relaxations            :        1
  Column generation iterations  :      182
  Shortest paths solved         :     6718
  Columns generated             :    74037

Instance characteristics

  Resources                     : 3
  Node types                    : no
  Arc types                     : no
  Strong resource windows       : no
  Weak resource windows         : no
  Resource windows (nodes)      : 3
  Resource values (arcs)        : 3
  Values on nodes               : no

  Rows                          : 1221
  Initial columns               : 486
  Tasks                         : 1059
  Strong tasks                  : 780
  Weak tasks                    : 4
  Initial task constraints      : no
  Nodes                         : 1387
  Arc sets                      : 1
  Arcs                          : 48071
  Networks                      : 2
  Models                        : 1

Memory used per module (Megs)

  Parser (reused)               :      9.816
  Networks                      :     40.322
  Column generator              :     36.810
  Master problem                :     12.536
  -----------------
  Total                         :     89.668

Cpu time per module (seconds)

  Parser                        :        0.0
  Preprocessor                  :        0.0
  Lr solver manager             :        0.1
  Column generator              :      489.1
    (Shortest path)             :      468.9
  Master problem                :      684.7
  -------------------
  Total (without b&b)           :     1173.9

Real elapsed time (seconds)

  Parser                        :        0.0
  Preprocessor                  :        0.0
  Lr solver manager             :        0.1
  Column generator              :      489.7
    (Shortest path)             :      468.7
  Master problem                :      685.7
  -------------------
  Total (without b&b)           :     1175.5
