
Branch and bound

  Entire solving process        :                           (Time     44.8)
  No feasible solution was found
  Best relaxation cost          :     36649.70 (Node     0) (Time     44.8)
  Lower bound after cuts        :     36649.70
  End lower bound               :     36649.70
  Deepest level reached         : 0
  Deepest real level reached    : 0
  Number of real nodes solved   : 1
  Stopping condition            : enough nodes explored

Problem identification

  Problem                       : <null>
  Machine                       : oslo4.gerad.lan

Solving process summary

  Linear relaxations            :        1
  Column generation iterations  :      132
  Shortest paths solved         :     2536
  Columns generated             :    21257

Instance characteristics

  Resources                     : 3
  Node types                    : no
  Arc types                     : no
  Strong resource windows       : no
  Weak resource windows         : no
  Resource windows (nodes)      : 3
  Resource values (arcs)        : 3
  Values on nodes               : no

  Rows                          : 651
  Initial columns               : 2
  Tasks                         : 489
  Strong tasks                  : 485
  Weak tasks                    : 4
  Initial task constraints      : no
  Nodes                         : 817
  Arc sets                      : 1
  Arcs                          : 12933
  Networks                      : 2
  Models                        : 1

Memory used per module (Megs)

  Parser (reused)               :      2.914
  Networks                      :     18.284
  Column generator              :      3.754
  Master problem                :      6.593
  -----------------
  Total                         :     28.631

Cpu time per module (seconds)

  Parser                        :        0.0
  Preprocessor                  :        0.0
  Lr solver manager             :        0.1
  Column generator              :        6.2
    (Shortest path)             :        5.3
  Master problem                :       38.5
  -------------------
  Total (without b&b)           :       44.8

Real elapsed time (seconds)

  Parser                        :        0.0
  Preprocessor                  :        0.0
  Lr solver manager             :        0.1
  Column generator              :        6.2
    (Shortest path)             :        5.2
  Master problem                :       38.5
  -------------------
  Total (without b&b)           :       44.8
