
Branch and bound

  Entire solving process        :                           (Time    268.1)
  No feasible solution was found
  Best relaxation cost          :     52230.90 (Node     0) (Time    268.1)
  Lower bound after cuts        :     52230.90
  End lower bound               :     52230.90
  Deepest level reached         : 0
  Deepest real level reached    : 0
  Number of real nodes solved   : 1
  Stopping condition            : enough nodes explored

Problem identification

  Problem                       : <null>
  Machine                       : oslo5.gerad.lan

Solving process summary

  Linear relaxations            :        1
  Column generation iterations  :      148
  Shortest paths solved         :     3835
  Columns generated             :    44881

Instance characteristics

  Resources                     : 3
  Node types                    : no
  Arc types                     : no
  Strong resource windows       : no
  Weak resource windows         : no
  Resource windows (nodes)      : 3
  Resource values (arcs)        : 3
  Values on nodes               : no

  Rows                          : 992
  Initial columns               : 2
  Tasks                         : 830
  Strong tasks                  : 826
  Weak tasks                    : 4
  Initial task constraints      : no
  Nodes                         : 1158
  Arc sets                      : 1
  Arcs                          : 31570
  Networks                      : 2
  Models                        : 1

Memory used per module (Megs)

  Parser (reused)               :      6.667
  Networks                      :     29.787
  Column generator              :     13.319
  Master problem                :      9.784
  -----------------
  Total                         :     52.890

Cpu time per module (seconds)

  Parser                        :        0.0
  Preprocessor                  :        0.0
  Lr solver manager             :        0.1
  Column generator              :       61.9
    (Shortest path)             :       55.8
  Master problem                :      206.1
  -------------------
  Total (without b&b)           :      268.1

Real elapsed time (seconds)

  Parser                        :        0.0
  Preprocessor                  :        0.0
  Lr solver manager             :        0.1
  Column generator              :       61.8
    (Shortest path)             :       56.1
  Master problem                :      206.2
  -------------------
  Total (without b&b)           :      268.1
