
Branch and bound

  Entire solving process        :                           (Time    138.9)
  No feasible solution was found
  Best relaxation cost          :     52221.75 (Node     0) (Time    138.8)
  Lower bound after cuts        :     52221.75
  End lower bound               :     52221.75
  Deepest level reached         : 0
  Deepest real level reached    : 0
  Number of real nodes solved   : 1
  Stopping condition            : enough nodes explored

Problem identification

  Problem                       : <null>
  Machine                       : oslo4.gerad.lan

Solving process summary

  Linear relaxations            :        1
  Column generation iterations  :      115
  Shortest paths solved         :     6143
  Columns generated             :    55556

Instance characteristics

  Resources                     : 3
  Node types                    : no
  Arc types                     : no
  Strong resource windows       : no
  Weak resource windows         : no
  Resource windows (nodes)      : 3
  Resource values (arcs)        : 3
  Values on nodes               : no

  Rows                          : 989
  Initial columns               : 413
  Tasks                         : 827
  Strong tasks                  : 580
  Weak tasks                    : 4
  Initial task constraints      : no
  Nodes                         : 1155
  Arc sets                      : 1
  Arcs                          : 32094
  Networks                      : 2
  Models                        : 1

Memory used per module (Megs)

  Parser (reused)               :      6.788
  Networks                      :     32.814
  Column generator              :      5.812
  Master problem                :      9.784
  -----------------
  Total                         :     48.410

Cpu time per module (seconds)

  Parser                        :        0.0
  Preprocessor                  :        0.0
  Lr solver manager             :        0.1
  Column generator              :       54.1
    (Shortest path)             :       47.7
  Master problem                :       84.6
  -------------------
  Total (without b&b)           :      138.8

Real elapsed time (seconds)

  Parser                        :        0.0
  Preprocessor                  :        0.0
  Lr solver manager             :        0.1
  Column generator              :       54.2
    (Shortest path)             :       47.6
  Master problem                :       84.5
  -------------------
  Total (without b&b)           :      138.8
