Cover_T0 52
Cover_T1 -52
Cover_T2 52
Cover_T3 -52
Cover_T4 52
Cover_T5 -52
Cover_T6 54
Cover_T7 -52
Cover_T8 54
Cover_T9 -50
Cover_T10 54
Cover_T11 -50
Cover_T12 52
Cover_T13 -50
Cover_T14 54
Cover_T15 -50
Cover_T16 54
Cover_T17 -48
Cover_T18 54
Cover_T19 -48
Cover_T20 54
Cover_T21 -48
Cover_T22 58
Cover_T23 -48
Cover_T24 60
Cover_T25 -46
Cover_T26 54
Cover_T27 -44
Cover_T28 54
Cover_T29 -44
Cover_T30 54
Cover_T31 -40
Cover_T32 54
Cover_T33 -46
Cover_T34 54
Cover_T35 -44
Cover_T36 52
Cover_T37 -40
Cover_T38 52
Cover_T39 -26
Cover_T40 48
Cover_T41 968
Cover_T42 1022
Cover_T43 958
Cover_T44 994
Cover_T45 980
Cover_T46 1034
Cover_T47 978
Cover_T48 24
Cover_T49 16
Cover_T50 30
Cover_T51 36
Cover_T52 12
Cover_T53 -6
Cover_T54 8
Cover_T55 6
Cover_T56 14
Cover_T57 12
Cover_T58 12
Cover_T59 12
Cover_T60 6
Cover_T61 4
Cover_T62 0
Cover_T63 6
Cover_T64 -2
Cover_T65 12
Cover_T66 -34
Cover_T67 12
Cover_T68 18
Cover_T69 2
Cover_T70 -2
Cover_T71 22
Cover_T72 8
Cover_T73 42
Cover_T74 12
Cover_T75 -10
Cover_T76 16
Cover_T77 10
Cover_T78 18
Cover_T79 2
Cover_T80 10
Cover_T81 2
Cover_T82 18
Cover_T83 2
Cover_T84 2
Cover_T85 4
Cover_T86 0
Cover_T87 12
Cover_T88 -2
Cover_T89 4
Cover_T90 -4
Cover_T91 -2
Cover_T92 -6.56009e-12
Cover_T93 0
Cover_T94 6
Cover_T95 2
Cover_T96 6
Cover_T97 -2
Cover_T98 4.42526e-11
Cover_T99 5.08678e-11
Cover_T100 0
Cover_T101 0
Cover_T102 6
Cover_T103 6
Cover_T104 8
Cover_T105 8
Cover_T106 0
Cover_T107 8
Cover_T108 8
Cover_T109 2
Cover_T110 8
Cover_T111 2
Cover_T112 -8
Cover_T113 2
Cover_T114 -32
Cover_T115 0
Cover_T116 -36
Cover_T117 6
Cover_T118 -36
Cover_T119 30
Cover_T120 -36
Cover_T121 54
Cover_T122 3.73745e-11
Cover_T123 54
Cover_T124 4
Cover_T125 50
Cover_T126 14
Cover_T127 46
Cover_T128 0
Cover_T129 10
Cover_T130 -2
Cover_T131 6
Cover_T132 14
Cover_T133 -4
Cover_T134 2
Cover_T135 6
Cover_T136 16
Cover_T137 4
Cover_T138 -1.3091e-09
Cover_T139 20
Cover_T140 6
Cover_T141 2
Cover_T142 16
Cover_T143 12
Cover_T144 4
Cover_T145 -2
Cover_T146 4
Cover_T147 14
Cover_T148 -14
Cover_T149 8
Cover_T150 10
Cover_T151 -2
Cover_T152 0
Cover_T153 12
Cover_T154 1.70957e-10
Cover_T155 12
Cover_T156 8
Cover_T157 30
Cover_T158 8
Cover_T159 10
Cover_T160 8
Cover_T161 18
Cover_T162 -4
Cover_T163 22
Cover_T164 0
Cover_T165 14
Cover_T166 6
Cover_T167 14
Cover_T168 6
Cover_T169 14
Cover_T170 0
Cover_T171 36
Cover_T172 -2
Cover_T173 32
Cover_T174 2
Cover_T175 28
Cover_T176 4
Cover_T177 26
Cover_T178 -12
Cover_T179 20
Cover_T180 -4
Cover_T181 24
Cover_T182 -4
Cover_T183 18
Cover_T184 -12
Cover_T185 46
Cover_T186 -30
Cover_T187 12
Cover_T188 -12
Cover_T189 26
Cover_T190 -30
Cover_T191 32
Cover_T192 -12
Cover_T193 66
Cover_T194 -14
Cover_T195 36
Cover_T196 -30
Cover_T197 72
Cover_T198 -18
Cover_T199 48
Cover_T200 -24
Cover_T201 36
Cover_T202 -18
Cover_T203 64
Cover_T204 -26
Cover_T205 52
Cover_T206 -26
Cover_T207 60
Cover_T208 -32
Cover_T209 48
Cover_T210 -40
Cover_T211 60
Cover_T212 -40
Cover_T213 58
Cover_T214 -40
Cover_T215 62
Cover_T216 -44
Cover_T217 60
Cover_T218 -48
Cover_T219 60
Cover_T220 52
Cover_T221 -50
Cover_T222 56
Cover_T223 -48
Cover_T224 52
Cover_T225 -48
Cover_T226 58
Cover_T227 -48
Cover_T228 54
Cover_T229 -44
Cover_T230 58
Cover_T231 -44
Cover_T232 54
Cover_T233 -42
Cover_T234 50
Cover_T235 -34
Cover_T236 52
Cover_T237 -40
Cover_T238 52
Cover_T239 -26
Cover_T240 60
Cover_T241 -30
Cover_T242 52
Cover_T243 968
Cover_T244 1018
Cover_T245 970
Cover_T246 1006
Cover_T247 958
Cover_T248 980
Cover_T249 968
Cover_T250 1034
Cover_T251 978
Cover_T252 36
Cover_T253 12
Cover_T254 22
Cover_T255 24
Cover_T256 42
Cover_T257 36
Cover_T258 24
Cover_T259 -6
Cover_T260 20
Cover_T261 6
Cover_T262 0
Cover_T263 12
Cover_T264 18
Cover_T265 12
Cover_T266 18
Cover_T267 4
Cover_T268 12
Cover_T269 6
Cover_T270 10
Cover_T271 12
Cover_T272 -22
Cover_T273 18
Cover_T274 18
Cover_T275 20
Cover_T276 16
Cover_T277 52
Cover_T278 8
Cover_T279 12
Cover_T280 2
Cover_T281 6
Cover_T282 4
Cover_T283 2
Cover_T284 0
Cover_T285 -2
Cover_T286 12
Cover_T287 -4
Cover_T288 0
Cover_T289 3.5099e-11
Cover_T290 2
Cover_T291 -12
Cover_T292 2
Cover_T293 4
Cover_T294 1.84627e-10
Cover_T295 6
Cover_T296 4
Cover_T297 8
Cover_T298 0
Cover_T299 10
Cover_T300 0
Cover_T301 6
Cover_T302 0
Cover_T303 0
Cover_T304 1.5941e-11
Cover_T305 0
Cover_T306 2
Cover_T307 6
Cover_T308 0
Cover_T309 10
Cover_T310 0
Cover_T311 8
Cover_T312 0
Cover_T313 6
Cover_T314 -1.0814e-11
Cover_T315 2
Cover_T316 -18
Cover_T317 -5.21894e-12
Cover_T318 -38
Cover_T319 0
Cover_T320 -38
Cover_T321 18
Cover_T322 -34
Cover_T323 38
Cover_T324 -32
Cover_T325 44
Cover_T326 4.93916e-11
Cover_T327 44
Cover_T328 5.93535e-12
Cover_T329 44
Cover_T330 6
Cover_T331 12
Cover_T332 6
Cover_T333 12
Cover_T334 -18
Cover_T335 2
Cover_T336 0
Cover_T337 1.23193e-09
Cover_T338 14
Cover_T339 20
Cover_T340 -6
Cover_T341 2
Cover_T342 -6
Cover_T343 -12
Cover_T344 0
Cover_T345 10
Cover_T346 -3.99486e-09
Cover_T347 8
Cover_T348 -20
Cover_T349 2
Cover_T350 -2
Cover_T351 4
Cover_T352 0
Cover_T353 24
Cover_T354 6
Cover_T355 2
Cover_T356 -2.57903e-09
Cover_T357 4
Cover_T358 -4
Cover_T359 2
Cover_T360 2
Cover_T361 10
Cover_T362 0
Cover_T363 10
Cover_T364 -6
Cover_T365 14
Cover_T366 -2.48017e-09
Cover_T367 20
Cover_T368 4
Cover_T369 22
Cover_T370 -4
Cover_T371 30
Cover_T372 -10
Cover_T373 26
Cover_T374 -26
Cover_T375 22
Cover_T376 -6
Cover_T377 18
Cover_T378 -12
Cover_T379 24
Cover_T380 -12
Cover_T381 40
Cover_T382 -12
Cover_T383 22
Cover_T384 -28
Cover_T385 20
Cover_T386 -44
Cover_T387 24
Cover_T388 -12
Cover_T389 24
Cover_T390 -28
Cover_T391 40
Cover_T392 -44
Cover_T393 54
Cover_T394 -18
Cover_T395 30
Cover_T396 -12
Cover_T397 48
Cover_T398 -20
Cover_T399 58
Cover_T400 -38
Cover_T401 44
Cover_T402 -18
Cover_T403 38
Cover_T404 -22
Cover_T405 46
Cover_T406 -20
Cover_T407 66
Cover_T408 -26
Cover_T409 50
Cover_T410 -26
Cover_T411 50
Cover_T412 -32
Cover_T413 56
Cover_T414 -40
Cover_T415 48
Cover_T416 -46
Cover_T417 56
Cover_T418 -40
Cover_T419 54
Cover_T420 -44
Cover_T421 56
Cover_T422 -44
Cover_T423 52
Cover_T424 -48
Cover_T425 54
Cover_T426 -50
Cover_T427 60
Cover_T428 -44
Cover_T429 56
Cover_T430 -34
Cover_T431 54
Cover_T432 -34
Cover_T433 54
Cover_T434 -26
Cover_T435 62
Cover_T436 972
Cover_T437 1026
Cover_T438 974
Cover_T439 1010
Cover_T440 962
Cover_T441 1002
Cover_T442 980
Cover_T443 1044
Cover_T444 982
Cover_T445 1040
Cover_T446 982
Cover_T447 1022
Cover_T448 970
Cover_T449 1034
Cover_T450 982
Cover_T451 24
Cover_T452 12
Cover_T453 10
Cover_T454 24
Cover_T455 36
Cover_T456 36
Cover_T457 2
Cover_T458 -14
Cover_T459 12
Cover_T460 -6
Cover_T461 -4
Cover_T462 -10
Cover_T463 20
Cover_T464 6
Cover_T465 2
Cover_T466 -4
Cover_T467 16
Cover_T468 12
Cover_T469 0
Cover_T470 -4
Cover_T471 10
Cover_T472 2
Cover_T473 12
Cover_T474 7.50298e-11
Cover_T475 -12
Cover_T476 -6
Cover_T477 -6
Cover_T478 -8
Cover_T479 -30
Cover_T480 -10
Cover_T481 18
Cover_T482 14
Cover_T483 -6
Cover_T484 8
Cover_T485 0
Cover_T486 32
Cover_T487 0
Cover_T488 -16
Cover_T489 0
Cover_T490 8
Cover_T491 -2
Cover_T492 2
Cover_T493 -10
Cover_T494 2
Cover_T495 -2
Cover_T496 2
Cover_T497 4
Cover_T498 4
Cover_T499 2
Cover_T500 12
Cover_T501 0
Cover_T502 2
Cover_T503 8
Cover_T504 14
Cover_T505 8
Cover_T506 12
Cover_T507 8
Cover_T508 10
Cover_T509 2
Cover_T510 8
Cover_T511 0
Cover_T512 0
Cover_T513 1.38712e-11
Cover_T514 2
Cover_T515 2
Cover_T516 2
Cover_T517 -7.87459e-12
Cover_T518 2
Cover_T519 -2.40341e-11
Cover_T520 2
Cover_T521 2
Cover_T522 0
Cover_T523 -4
Cover_T524 1.25961e-11
Cover_T525 -24
Cover_T526 8
Cover_T527 -44
Cover_T528 0
Cover_T529 -44
Cover_T530 0
Cover_T531 -40
Cover_T532 12
Cover_T533 -36
Cover_T534 34
Cover_T535 0
Cover_T536 50
Cover_T537 12
Cover_T538 40
Cover_T539 0
Cover_T540 54
Cover_T541 18
Cover_T542 42
Cover_T543 6
Cover_T544 54
Cover_T545 2.56737e-11
Cover_T546 42
Cover_T547 4
Cover_T548 54
Cover_T549 -6
Cover_T550 10
Cover_T551 18
Cover_T552 -2
Cover_T553 6
Cover_T554 12
Cover_T555 0
Cover_T556 -2
Cover_T557 8
Cover_T558 10
Cover_T559 10
Cover_T560 16
Cover_T561 16
Cover_T562 1.54003e-09
Cover_T563 0
Cover_T564 14
Cover_T565 -4
Cover_T566 4
Cover_T567 16
Cover_T568 0
Cover_T569 4
Cover_T570 -8
Cover_T571 2
Cover_T572 4
Cover_T573 14
Cover_T574 10
Cover_T575 14
Cover_T576 26
Cover_T577 12
Cover_T578 2
Cover_T579 0
Cover_T580 12
Cover_T581 4
Cover_T582 20
Cover_T583 10
Cover_T584 10
Cover_T585 10
Cover_T586 10
Cover_T587 1.84329e-10
Cover_T588 12
Cover_T589 6
Cover_T590 30
Cover_T591 4
Cover_T592 26
Cover_T593 2
Cover_T594 14
Cover_T595 2
Cover_T596 18
Cover_T597 -14
Cover_T598 26
Cover_T599 -4
Cover_T600 26
Cover_T601 -4
Cover_T602 12
Cover_T603 -10
Cover_T604 16
Cover_T605 -22
Cover_T606 40
Cover_T607 -42
Cover_T608 26
Cover_T609 -14
Cover_T610 22
Cover_T611 -34
Cover_T612 22
Cover_T613 -14
Cover_T614 44
Cover_T615 -12
Cover_T616 64
Cover_T617 -18
Cover_T618 30
Cover_T619 -42
Cover_T620 70
Cover_T621 -16
Cover_T622 48
Cover_T623 -20
Cover_T624 46
Cover_T625 -18
Cover_T626 54
Cover_T627 -24
Cover_T628 78
Cover_T629 -32
Cover_T630 52
Cover_T631 -32
Cover_T632 52
Cover_T633 -32
Cover_T634 44
Cover_T635 -42
Cover_T636 54
Cover_T637 -40
Cover_T638 60
Cover_T639 -44
Cover_T640 54
Cover_T641 -48
Cover_T642 54
Cover_T643 -48
Cover_T644 18
Cover_T645 -6.14366e-11
Cover_T646 14
Cover_T647 14
Cover_T648 12
Cover_T649 0
Cover_T650 12
Cover_T651 16
Cover_T652 998
Cover_T653 1018
Cover_T654 982
Cover_T655 1008
Cover_T656 974
Cover_T657 1008
Cover_T658 972
Cover_T659 1028
Cover_T660 1078
Cover_T661 1016
Cover_T662 1064
Cover_T663 1028
Cover_T664 1056
Cover_T665 38
Cover_T666 70
Cover_T667 48
Cover_T668 56
Cover_T669 62
Cover_T670 70
Cover_T671 60
Cover_T672 26
Cover_T673 -38
Cover_T674 54
Cover_T675 -30
Cover_T676 52
Cover_T677 -12
Cover_T678 52
Cover_T679 54
Cover_T680 -14
Cover_T681 54
Cover_T682 0
Cover_T683 30
Cover_T684 16
Cover_T685 54
Cover_T686 56
Cover_T687 54
Cover_T688 32
Cover_T689 16
Cover_T690 26
Cover_T691 0
Cover_T692 -10
Cover_T693 -14
Cover_T694 40
Cover_T695 20
Cover_T696 30
Cover_T697 68
Cover_T698 26
Cover_T699 0
Cover_T700 58
Cover_T701 0
Cover_T702 52
Cover_T703 0
Cover_T704 52
Count_D0 -984
Count_D1 -1000
Max_H0_P0 0
Max_H0_P1 0
Max_H0_P2 0
Max_H0_P3 0
Max_H0_P4 0
Max_H0_P5 0
Max_H0_P6 0
Max_H0_P7 0
Max_H0_P8 0
Max_H0_P9 0
Max_H0_P10 0
Max_H0_P11 0
Max_H0_P12 0
Max_H0_P13 0
Max_H0_P14 0
Max_H0_P15 0
Max_H0_P16 2.06875e-11
Max_H0_P17 0
Max_H0_P18 0
Max_H0_P19 1.51475e-11
Max_H0_P20 -1.65484e-11
Max_H0_P21 -1.86216e-11
Max_H0_P22 0
Max_H0_P23 0
Max_H0_P24 -1.15344e-11
Max_H0_P25 -1.05962e-11
Max_H0_P26 1.05764e-11
Max_H0_P27 -1.92975e-11
Max_H0_P28 -1.62004e-12
Max_H0_P29 1.47882e-13
Max_H0_P30 -3.19744e-11
Max_H0_P31 0
Max_H0_P32 -3.14193e-11
Max_H0_P33 3.10241e-12
Max_H0_P34 -1.35287e-11
Max_H0_P35 -2.20963e-11
Max_H0_P36 -8.14637e-12
Max_H0_P37 1.92329e-12
Max_H0_P38 -1.5433e-11
Max_H0_P39 -1.88922e-11
Max_H0_P40 2.23224e-11
Max_H0_P41 -2.33413e-11
Max_H0_P42 -1.29035e-11
Max_H0_P43 0
Max_H0_P44 0
Max_H0_P45 0
Max_H0_P46 0
Max_H0_P47 0
Max_H0_P48 0
Max_H0_P49 0
Max_H0_P50 0
Max_H0_P51 0
Max_H0_P52 0
Max_H0_P53 0
Max_H0_P54 0
Max_H0_P55 0
Max_H0_P56 0
Max_H0_P57 0
Max_H0_P58 0
Max_H0_P59 0
Max_H0_P60 0
Max_H0_P61 0
Max_H0_P62 0
Max_H0_P63 0
Max_H0_P64 0
Max_H0_P65 0
Max_H0_P66 0
Max_H0_P67 0
Max_H0_P68 0
Max_H0_P69 0
Max_H0_P70 0
Max_H0_P71 0
Max_H0_P72 0
Max_H0_P73 0
Max_H0_P74 0
Max_H0_P75 0
Max_H0_P76 -0
Max_H0_P77 0
Max_H0_P78 2.12061e-11
Max_H0_P79 0
Max_H0_P80 0
Max_H0_P81 0
Max_H1_P0 0
Max_H1_P1 0
Max_H1_P2 0
Max_H1_P3 0
Max_H1_P4 0
Max_H1_P5 0
Max_H1_P6 0
Max_H1_P7 0
Max_H1_P8 0
Max_H1_P9 0
Max_H1_P10 0
Max_H1_P11 0
Max_H1_P12 0
Max_H1_P13 0
Max_H1_P14 0
Max_H1_P15 1.4414e-11
Max_H1_P16 4.73788e-11
Max_H1_P17 0
Max_H1_P18 -7.09122e-12
Max_H1_P19 -3.8584e-11
Max_H1_P20 1.80903e-11
Max_H1_P21 0
Max_H1_P22 -1.26938e-11
Max_H1_P23 -1.31788e-11
Max_H1_P24 -1.0985e-11
Max_H1_P25 -1.46901e-11
Max_H1_P26 1.62661e-11
Max_H1_P27 -3.06488e-11
Max_H1_P28 -4.03455e-13
Max_H1_P29 -3.79612e-11
Max_H1_P30 -3.73035e-14
Max_H1_P31 0
Max_H1_P32 -2.51722e-11
Max_H1_P33 -2.06276e-11
Max_H1_P34 4.07463e-12
Max_H1_P35 -6.22309e-12
Max_H1_P36 0
Max_H1_P37 -2.51942e-11
Max_H1_P38 0
Max_H1_P39 -1.1343e-11
Max_H1_P40 -1.69495e-11
Max_H1_P41 -3.30597e-12
Max_H1_P42 -5.38014e-13
Max_H1_P43 0
Max_H1_P44 0
Max_H1_P45 8.03704e-12
Max_H1_P46 0
Max_H1_P47 0
Max_H1_P48 0
Max_H1_P49 0
Max_H1_P50 0
Max_H1_P51 0
Max_H1_P52 1.20891e-11
Max_H1_P53 0
Max_H1_P54 0
Max_H1_P55 0
Max_H1_P56 0
Max_H1_P57 0
Max_H1_P58 0
Max_H1_P59 0
Max_H1_P60 0
Max_H1_P61 -8.1144e-12
Max_H1_P62 0
Max_H1_P63 0
Max_H1_P64 0
Max_H1_P65 -8.5379e-11
Max_H1_P66 0
Max_H1_P67 0
Max_H1_P68 0
Max_H1_P69 0
Max_H1_P70 0
Max_H1_P71 0
Max_H1_P72 0
Max_H1_P73 0
Max_H1_P74 0
Max_H1_P75 0
Max_H1_P76 0
Max_H1_P77 2.06626e-11
Max_H1_P78 0
Max_H1_P79 0
Max_H1_P80 0
Max_H1_P81 0
