
Branch and bound

  Entire solving process        :                           (Time    266.2)
  No feasible solution was found
  Best relaxation cost          :     71386.56 (Node     0) (Time    266.2)
  Lower bound after cuts        :     71386.56
  End lower bound               :     71386.56
  Deepest level reached         : 0
  Deepest real level reached    : 0
  Number of real nodes solved   : 1
  Stopping condition            : enough nodes explored

Problem identification

  Problem                       : <null>
  Machine                       : oslo1.gerad.lan

Solving process summary

  Linear relaxations            :        1
  Column generation iterations  :      117
  Shortest paths solved         :     7331
  Columns generated             :    68574

Instance characteristics

  Resources                     : 3
  Node types                    : no
  Arc types                     : no
  Strong resource windows       : no
  Weak resource windows         : no
  Resource windows (nodes)      : 3
  Resource values (arcs)        : 3
  Values on nodes               : no

  Rows                          : 1209
  Initial columns               : 491
  Tasks                         : 1047
  Strong tasks                  : 752
  Weak tasks                    : 4
  Initial task constraints      : no
  Nodes                         : 1375
  Arc sets                      : 1
  Arcs                          : 47789
  Networks                      : 2
  Models                        : 1

Memory used per module (Megs)

  Parser (reused)               :      9.816
  Networks                      :     39.595
  Column generator              :      9.808
  Master problem                :     11.492
  -----------------
  Total                         :     60.895

Cpu time per module (seconds)

  Parser                        :        0.0
  Preprocessor                  :        0.0
  Lr solver manager             :        0.1
  Column generator              :      124.3
    (Shortest path)             :      106.1
  Master problem                :      141.8
  -------------------
  Total (without b&b)           :      266.2

Real elapsed time (seconds)

  Parser                        :        0.0
  Preprocessor                  :        0.0
  Lr solver manager             :        0.1
  Column generator              :      124.4
    (Shortest path)             :      106.8
  Master problem                :      141.8
  -------------------
  Total (without b&b)           :      266.2
