Cover_T0 52
Cover_T1 -52
Cover_T2 52
Cover_T3 -52
Cover_T4 52
Cover_T5 -52
Cover_T6 52
Cover_T7 -52
Cover_T8 52
Cover_T9 -52
Cover_T10 54
Cover_T11 -52
Cover_T12 54
Cover_T13 -50
Cover_T14 54
Cover_T15 -50
Cover_T16 58
Cover_T17 -50
Cover_T18 58
Cover_T19 -50
Cover_T20 58
Cover_T21 -46
Cover_T22 58
Cover_T23 -46
Cover_T24 54
Cover_T25 -46
Cover_T26 62
Cover_T27 -38
Cover_T28 60
Cover_T29 -38
Cover_T30 56
Cover_T31 -40
Cover_T32 54
Cover_T33 -44
Cover_T34 50
Cover_T35 -28
Cover_T36 56
Cover_T37 -18
Cover_T38 56
Cover_T39 -34
Cover_T40 50
Cover_T41 992
Cover_T42 1038
Cover_T43 994
Cover_T44 1034
Cover_T45 996
Cover_T46 1028
Cover_T47 996
Cover_T48 1032
Cover_T49 994
Cover_T50 16
Cover_T51 6
Cover_T52 8
Cover_T53 2.22187e-11
Cover_T54 6
Cover_T55 -4
Cover_T56 -12
Cover_T57 2
Cover_T58 -6
Cover_T59 6
Cover_T60 -4
Cover_T61 2
Cover_T62 7.5269e-11
Cover_T63 20
Cover_T64 -4
Cover_T65 14
Cover_T66 -4
Cover_T67 12
Cover_T68 2.58105e-11
Cover_T69 0
Cover_T70 -4
Cover_T71 12
Cover_T72 4
Cover_T73 12
Cover_T74 -16
Cover_T75 8
Cover_T76 -4
Cover_T77 18
Cover_T78 2
Cover_T79 22
Cover_T80 2
Cover_T81 22
Cover_T82 2
Cover_T83 16
Cover_T84 2
Cover_T85 16
Cover_T86 2
Cover_T87 16
Cover_T88 2
Cover_T89 16
Cover_T90 4
Cover_T91 16
Cover_T92 2
Cover_T93 4
Cover_T94 -12
Cover_T95 24
Cover_T96 -4
Cover_T97 10
Cover_T98 4
Cover_T99 -1.26665e-10
Cover_T100 -16
Cover_T101 20
Cover_T102 4
Cover_T103 12
Cover_T104 -6.39488e-13
Cover_T105 8
Cover_T106 4
Cover_T107 0
Cover_T108 -14
Cover_T109 16
Cover_T110 -38
Cover_T111 16
Cover_T112 -12
Cover_T113 12
Cover_T114 -34
Cover_T115 32
Cover_T116 4
Cover_T117 52
Cover_T118 4
Cover_T119 22
Cover_T120 -4
Cover_T121 42
Cover_T122 -4
Cover_T123 4
Cover_T124 1.24298e-10
Cover_T125 4
Cover_T126 4
Cover_T127 12
Cover_T128 0
Cover_T129 12
Cover_T130 -4
Cover_T131 8
Cover_T132 4
Cover_T133 4
Cover_T134 4
Cover_T135 14
Cover_T136 4
Cover_T137 16
Cover_T138 -18
Cover_T139 14
Cover_T140 4
Cover_T141 22
Cover_T142 -20
Cover_T143 28
Cover_T144 4
Cover_T145 52
Cover_T146 -24
Cover_T147 34
Cover_T148 -2
Cover_T149 58
Cover_T150 -16
Cover_T151 44
Cover_T152 -6
Cover_T153 36
Cover_T154 -12
Cover_T155 36
Cover_T156 -16
Cover_T157 34
Cover_T158 -16
Cover_T159 30
Cover_T160 -12
Cover_T161 44
Cover_T162 -42
Cover_T163 40
Cover_T164 -24
Cover_T165 44
Cover_T166 -24
Cover_T167 38
Cover_T168 -30
Cover_T169 58
Cover_T170 -30
Cover_T171 32
Cover_T172 -32
Cover_T173 36
Cover_T174 -32
Cover_T175 44
Cover_T176 -32
Cover_T177 44
Cover_T178 -32
Cover_T179 50
Cover_T180 -32
Cover_T181 52
Cover_T182 -32
Cover_T183 52
Cover_T184 -32
Cover_T185 52
Cover_T186 -32
Cover_T187 52
Cover_T188 -34
Cover_T189 56
Cover_T190 -34
Cover_T191 64
Cover_T192 -34
Cover_T193 42
Cover_T194 -36
Cover_T195 50
Cover_T196 -44
Cover_T197 52
Cover_T198 -38
Cover_T199 70
Cover_T200 -46
Cover_T201 58
Cover_T202 52
Cover_T203 -52
Cover_T204 52
Cover_T205 -50
Cover_T206 54
Cover_T207 -46
Cover_T208 58
Cover_T209 -46
Cover_T210 58
Cover_T211 -46
Cover_T212 56
Cover_T213 -42
Cover_T214 56
Cover_T215 -40
Cover_T216 54
Cover_T217 -44
Cover_T218 50
Cover_T219 -36
Cover_T220 54
Cover_T221 -32
Cover_T222 52
Cover_T223 -20
Cover_T224 56
Cover_T225 -32
Cover_T226 62
Cover_T227 -32
Cover_T228 42
Cover_T229 986
Cover_T230 1034
Cover_T231 992
Cover_T232 1020
Cover_T233 990
Cover_T234 1032
Cover_T235 984
Cover_T236 1032
Cover_T237 996
Cover_T238 18
Cover_T239 4
Cover_T240 8
Cover_T241 4
Cover_T242 0
Cover_T243 4
Cover_T244 0
Cover_T245 2
Cover_T246 4
Cover_T247 10
Cover_T248 2
Cover_T249 8
Cover_T250 2
Cover_T251 6
Cover_T252 -4
Cover_T253 4
Cover_T254 -4
Cover_T255 -2.46132e-11
Cover_T256 -4.25189e-11
Cover_T257 4
Cover_T258 -4
Cover_T259 4
Cover_T260 4
Cover_T261 -5.3308e-11
Cover_T262 -16
Cover_T263 4
Cover_T264 -4
Cover_T265 -4
Cover_T266 -24
Cover_T267 16
Cover_T268 -6
Cover_T269 4
Cover_T270 -1.80655e-11
Cover_T271 24
Cover_T272 -14
Cover_T273 6
Cover_T274 -2
Cover_T275 0
Cover_T276 4
Cover_T277 26
Cover_T278 4
Cover_T279 26
Cover_T280 4
Cover_T281 26
Cover_T282 4
Cover_T283 26
Cover_T284 4
Cover_T285 26
Cover_T286 0
Cover_T287 0
Cover_T288 -4
Cover_T289 26
Cover_T290 4
Cover_T291 -4
Cover_T292 -16
Cover_T293 16
Cover_T294 -12
Cover_T295 -4
Cover_T296 -4
Cover_T297 16
Cover_T298 -24
Cover_T299 12
Cover_T300 -44
Cover_T301 4
Cover_T302 -14
Cover_T303 26
Cover_T304 -38
Cover_T305 50
Cover_T306 -4
Cover_T307 24
Cover_T308 4
Cover_T309 48
Cover_T310 5.13083e-11
Cover_T311 14
Cover_T312 1.24298e-10
Cover_T313 4
Cover_T314 4
Cover_T315 4
Cover_T316 1.14611e-11
Cover_T317 0
Cover_T318 -4
Cover_T319 -4
Cover_T320 4
Cover_T321 -5.15001e-11
Cover_T322 4
Cover_T323 10
Cover_T324 4
Cover_T325 -1.94642e-10
Cover_T326 -16
Cover_T327 -4
Cover_T328 -42
Cover_T329 2
Cover_T330 -14
Cover_T331 22
Cover_T332 -30
Cover_T333 46
Cover_T334 -6
Cover_T335 20
Cover_T336 -2
Cover_T337 52
Cover_T338 -2
Cover_T339 46
Cover_T340 -8
Cover_T341 32
Cover_T342 -12
Cover_T343 60
Cover_T344 -22
Cover_T345 30
Cover_T346 -24
Cover_T347 40
Cover_T348 -24
Cover_T349 54
Cover_T350 -30
Cover_T351 60
Cover_T352 -32
Cover_T353 42
Cover_T354 -34
Cover_T355 38
Cover_T356 -32
Cover_T357 34
Cover_T358 -38
Cover_T359 36
Cover_T360 -32
Cover_T361 32
Cover_T362 -50
Cover_T363 38
Cover_T364 -40
Cover_T365 32
Cover_T366 -32
Cover_T367 50
Cover_T368 -48
Cover_T369 40
Cover_T370 -36
Cover_T371 32
Cover_T372 -32
Cover_T373 48
Cover_T374 -44
Cover_T375 38
Cover_T376 -32
Cover_T377 34
Cover_T378 -32
Cover_T379 46
Cover_T380 -42
Cover_T381 34
Cover_T382 -34
Cover_T383 34
Cover_T384 -40
Cover_T385 44
Cover_T386 -34
Cover_T387 46
Cover_T388 -34
Cover_T389 70
Cover_T390 -34
Cover_T391 52
Cover_T392 -38
Cover_T393 56
Cover_T394 -46
Cover_T395 64
Cover_T396 -38
Cover_T397 60
Cover_T398 -40
Cover_T399 52
Cover_T400 -36
Cover_T401 46
Cover_T402 -36
Cover_T403 58
Cover_T404 -22
Cover_T405 54
Cover_T406 -26
Cover_T407 54
Cover_T408 990
Cover_T409 1046
Cover_T410 996
Cover_T411 1046
Cover_T412 986
Cover_T413 1038
Cover_T414 992
Cover_T415 1038
Cover_T416 994
Cover_T417 1024
Cover_T418 990
Cover_T419 1028
Cover_T420 984
Cover_T421 1036
Cover_T422 996
Cover_T423 12
Cover_T424 4
Cover_T425 10
Cover_T426 4
Cover_T427 0
Cover_T428 -4.5091e-11
Cover_T429 6
Cover_T430 4
Cover_T431 4
Cover_T432 2
Cover_T433 4
Cover_T434 -2
Cover_T435 4
Cover_T436 12
Cover_T437 4
Cover_T438 6
Cover_T439 4
Cover_T440 4
Cover_T441 4
Cover_T442 0
Cover_T443 -16
Cover_T444 4
Cover_T445 -8
Cover_T446 4
Cover_T447 4
Cover_T448 0
Cover_T449 -16
Cover_T450 4
Cover_T451 4
Cover_T452 20
Cover_T453 -12
Cover_T454 8
Cover_T455 4
Cover_T456 24
Cover_T457 -12
Cover_T458 8
Cover_T459 4
Cover_T460 24
Cover_T461 -12
Cover_T462 2
Cover_T463 4
Cover_T464 18
Cover_T465 -12
Cover_T466 2
Cover_T467 4
Cover_T468 18
Cover_T469 -12
Cover_T470 2
Cover_T471 4
Cover_T472 18
Cover_T473 -12
Cover_T474 2
Cover_T475 4
Cover_T476 18
Cover_T477 -10
Cover_T478 2
Cover_T479 4
Cover_T480 18
Cover_T481 -20
Cover_T482 18
Cover_T483 4
Cover_T484 16
Cover_T485 4
Cover_T486 18
Cover_T487 4
Cover_T488 22
Cover_T489 4.50939e-10
Cover_T490 26
Cover_T491 -32
Cover_T492 0
Cover_T493 -14
Cover_T494 4
Cover_T495 -46
Cover_T496 22
Cover_T497 -4
Cover_T498 38
Cover_T499 0
Cover_T500 52
Cover_T501 -4
Cover_T502 20
Cover_T503 8.51339e-11
Cover_T504 36
Cover_T505 0
Cover_T506 52
Cover_T507 -8
Cover_T508 10
Cover_T509 -3.85132e-11
Cover_T510 6
Cover_T511 1.8872e-11
Cover_T512 10
Cover_T513 1.81171e-10
Cover_T514 6
Cover_T515 4
Cover_T516 6
Cover_T517 -4
Cover_T518 14
Cover_T519 0
Cover_T520 12
Cover_T521 4
Cover_T522 6
Cover_T523 -12
Cover_T524 12
Cover_T525 -28
Cover_T526 8
Cover_T527 2
Cover_T528 16
Cover_T529 -14
Cover_T530 16
Cover_T531 -30
Cover_T532 14
Cover_T533 4
Cover_T534 24
Cover_T535 -12
Cover_T536 50
Cover_T537 -2
Cover_T538 20
Cover_T539 -4
Cover_T540 36
Cover_T541 -10
Cover_T542 64
Cover_T543 -26
Cover_T544 24
Cover_T545 -6
Cover_T546 46
Cover_T547 -6
Cover_T548 20
Cover_T549 -16
Cover_T550 38
Cover_T551 -10
Cover_T552 44
Cover_T553 -18
Cover_T554 60
Cover_T555 -28
Cover_T556 34
Cover_T557 -26
Cover_T558 42
Cover_T559 -24
Cover_T560 44
Cover_T561 -24
Cover_T562 50
Cover_T563 -30
Cover_T564 48
Cover_T565 -30
Cover_T566 38
Cover_T567 -30
Cover_T568 46
Cover_T569 -36
Cover_T570 36
Cover_T571 -38
Cover_T572 36
Cover_T573 -36
Cover_T574 54
Cover_T575 -32
Cover_T576 54
Cover_T577 -32
Cover_T578 48
Cover_T579 -44
Cover_T580 40
Cover_T581 -36
Cover_T582 36
Cover_T583 -32
Cover_T584 36
Cover_T585 -32
Cover_T586 48
Cover_T587 -36
Cover_T588 44
Cover_T589 -34
Cover_T590 48
Cover_T591 -34
Cover_T592 42
Cover_T593 -34
Cover_T594 62
Cover_T595 -34
Cover_T596 70
Cover_T597 -38
Cover_T598 70
Cover_T599 -46
Cover_T600 58
Cover_T601 16
Cover_T602 -2
Cover_T603 36
Cover_T604 10
Cover_T605 12
Cover_T606 6
Cover_T607 4
Cover_T608 18
Cover_T609 0
Cover_T610 0
Cover_T611 6
Cover_T612 8
Cover_T613 10
Cover_T614 1036
Cover_T615 1048
Cover_T616 1044
Cover_T617 1040
Cover_T618 1044
Cover_T619 1086
Cover_T620 1042
Cover_T621 1072
Cover_T622 1042
Cover_T623 1084
Cover_T624 1042
Cover_T625 1072
Cover_T626 1038
Cover_T627 66
Cover_T628 0
Cover_T629 52
Cover_T630 0
Cover_T631 18
Cover_T632 -34
Cover_T633 48
Cover_T634 -16
Cover_T635 52
Cover_T636 52
Cover_T637 -20
Cover_T638 52
Cover_T639 -36
Cover_T640 20
Cover_T641 0
Cover_T642 56
Cover_T643 0
Cover_T644 46
Cover_T645 14
Cover_T646 58
Cover_T647 20
Cover_T648 64
Cover_T649 32
Cover_T650 8
Cover_T651 44
Cover_T652 16
Cover_T653 22
Cover_T654 5.47971e-11
Cover_T655 34
Cover_T656 0
Cover_T657 8
Cover_T658 -1.54627e-11
Cover_T659 36
Cover_T660 1.63861e-10
Cover_T661 40
Cover_T662 0
Cover_T663 16
Cover_T664 30
Cover_T665 32
Cover_T666 8
Cover_T667 24
Count_D0 -984
Count_D1 -1000
Max_H0_P0 0
Max_H0_P1 0
Max_H0_P2 0
Max_H0_P3 0
Max_H0_P4 0
Max_H0_P5 0
Max_H0_P6 0
Max_H0_P7 0
Max_H0_P8 0
Max_H0_P9 0
Max_H0_P10 0
Max_H0_P11 0
Max_H0_P12 0
Max_H0_P13 0
Max_H0_P14 0
Max_H0_P15 1.23519e-11
Max_H0_P16 -3.09406e-11
Max_H0_P17 0
Max_H0_P18 0
Max_H0_P19 -4.37861e-12
Max_H0_P20 -2.04885e-11
Max_H0_P21 2.91308e-11
Max_H0_P22 -4.02953e-11
Max_H0_P23 -3.73035e-12
Max_H0_P24 1.14131e-11
Max_H0_P25 0
Max_H0_P26 -9.54081e-12
Max_H0_P27 1.48788e-11
Max_H0_P28 -3.65121e-11
Max_H0_P29 0
Max_H0_P30 -2.36448e-11
Max_H0_P31 -8.16369e-12
Max_H0_P32 0
Max_H0_P33 3.0016e-11
Max_H0_P34 -4.60134e-11
Max_H0_P35 1.20163e-11
Max_H0_P36 0
Max_H0_P37 -2.86811e-11
Max_H0_P38 0
Max_H0_P39 0
Max_H0_P40 -1.92606e-11
Max_H0_P41 1.40972e-11
Max_H0_P42 0
Max_H0_P43 0
Max_H0_P44 0
Max_H0_P45 0
Max_H0_P46 0
Max_H0_P47 0
Max_H0_P48 0
Max_H0_P49 0
Max_H0_P50 0
Max_H0_P51 0
Max_H0_P52 0
Max_H0_P53 0
Max_H0_P54 0
Max_H0_P55 0
Max_H0_P56 0
Max_H0_P57 0
Max_H0_P58 0
Max_H0_P59 0
Max_H0_P60 0
Max_H0_P61 0
Max_H0_P62 0
Max_H0_P63 0
Max_H0_P64 0
Max_H0_P65 0
Max_H0_P66 0
Max_H0_P67 0
Max_H0_P68 0
Max_H0_P69 0
Max_H0_P70 0
Max_H0_P71 0
Max_H0_P72 0
Max_H0_P73 0
Max_H0_P74 0
Max_H0_P75 0
Max_H0_P76 0
Max_H0_P77 0
Max_H0_P78 0
Max_H0_P79 0
Max_H0_P80 0
Max_H0_P81 0
Max_H1_P0 0
Max_H1_P1 0
Max_H1_P2 0
Max_H1_P3 0
Max_H1_P4 0
Max_H1_P5 -9.6918e-12
Max_H1_P6 0
Max_H1_P7 0
Max_H1_P8 0
Max_H1_P9 -8.52651e-13
Max_H1_P10 0
Max_H1_P11 0
Max_H1_P12 0
Max_H1_P13 0
Max_H1_P14 0
Max_H1_P15 2.38742e-12
Max_H1_P16 -2.13305e-11
Max_H1_P17 -2.49969e-11
Max_H1_P18 9.10916e-12
Max_H1_P19 7.08702e-12
Max_H1_P20 -2.29524e-11
Max_H1_P21 0
Max_H1_P22 2.36905e-12
Max_H1_P23 -4.718e-12
Max_H1_P24 -6.87805e-12
Max_H1_P25 -8.55188e-12
Max_H1_P26 1.18519e-11
Max_H1_P27 0
Max_H1_P28 0
Max_H1_P29 -9.86938e-12
Max_H1_P30 -3.02531e-11
Max_H1_P31 2.99594e-13
Max_H1_P32 -1.14101e-11
Max_H1_P33 -7.6228e-12
Max_H1_P34 -1.3892e-11
Max_H1_P35 -7.44826e-12
Max_H1_P36 2.06826e-11
Max_H1_P37 -1.0879e-11
Max_H1_P38 -1.89164e-11
Max_H1_P39 2.89901e-11
Max_H1_P40 -7.76792e-12
Max_H1_P41 3.95231e-11
Max_H1_P42 -3.74243e-11
Max_H1_P43 -1.95097e-11
Max_H1_P44 1.03296e-11
Max_H1_P45 0
Max_H1_P46 0
Max_H1_P47 0
Max_H1_P48 0
Max_H1_P49 0
Max_H1_P50 0
Max_H1_P51 0
Max_H1_P52 0
Max_H1_P53 0
Max_H1_P54 0
Max_H1_P55 0
Max_H1_P56 2.06408e-11
Max_H1_P57 0
Max_H1_P58 8.20322e-12
Max_H1_P59 1.37561e-11
Max_H1_P60 -7.17204e-13
Max_H1_P61 0
Max_H1_P62 0
Max_H1_P63 0
Max_H1_P64 0
Max_H1_P65 0
Max_H1_P66 0
Max_H1_P67 0
Max_H1_P68 0
Max_H1_P69 0
Max_H1_P70 0
Max_H1_P71 0
Max_H1_P72 0
Max_H1_P73 0
Max_H1_P74 0
Max_H1_P75 0
Max_H1_P76 0
Max_H1_P77 -1.01662e-10
Max_H1_P78 1.02043e-10
Max_H1_P79 0
Max_H1_P80 0
Max_H1_P81 0
