
Branch and bound

  Entire solving process        :                           (Time    135.5)
  No feasible solution was found
  Best relaxation cost          :     51382.80 (Node     0) (Time    135.5)
  Lower bound after cuts        :     51382.80
  End lower bound               :     51382.80
  Deepest level reached         : 0
  Deepest real level reached    : 0
  Number of real nodes solved   : 1
  Stopping condition            : enough nodes explored

Problem identification

  Problem                       : <null>
  Machine                       : oslo3.gerad.lan

Solving process summary

  Linear relaxations            :        1
  Column generation iterations  :      143
  Shortest paths solved         :     8185
  Columns generated             :    47363

Instance characteristics

  Resources                     : 3
  Node types                    : no
  Arc types                     : no
  Strong resource windows       : no
  Weak resource windows         : no
  Resource windows (nodes)      : 3
  Resource values (arcs)        : 3
  Values on nodes               : no

  Rows                          : 834
  Initial columns               : 362
  Tasks                         : 672
  Strong tasks                  : 453
  Weak tasks                    : 4
  Initial task constraints      : no
  Nodes                         : 1000
  Arc sets                      : 1
  Arcs                          : 22219
  Networks                      : 2
  Models                        : 1

Memory used per module (Megs)

  Parser (reused)               :      4.851
  Networks                      :     26.034
  Column generator              :      4.601
  Master problem                :      8.249
  -----------------
  Total                         :     38.884

Cpu time per module (seconds)

  Parser                        :        0.0
  Preprocessor                  :        0.0
  Lr solver manager             :        0.1
  Column generator              :       33.0
    (Shortest path)             :       28.0
  Master problem                :      102.5
  -------------------
  Total (without b&b)           :      135.5

Real elapsed time (seconds)

  Parser                        :        0.0
  Preprocessor                  :        0.0
  Lr solver manager             :        0.1
  Column generator              :       32.9
    (Shortest path)             :       28.3
  Master problem                :      102.6
  -------------------
  Total (without b&b)           :      135.5
