
Branch and bound

  Entire solving process        :                           (Time    493.4)
  No feasible solution was found
  Best relaxation cost          :     64872.12 (Node     0) (Time    493.4)
  Lower bound after cuts        :     64872.12
  End lower bound               :     64872.12
  Deepest level reached         : 0
  Deepest real level reached    : 0
  Number of real nodes solved   : 1
  Stopping condition            : enough nodes explored

Problem identification

  Problem                       : <null>
  Machine                       : oslo4.gerad.lan

Solving process summary

  Linear relaxations            :        1
  Column generation iterations  :      157
  Shortest paths solved         :     4545
  Columns generated             :    56324

Instance characteristics

  Resources                     : 3
  Node types                    : no
  Arc types                     : no
  Strong resource windows       : no
  Weak resource windows         : no
  Resource windows (nodes)      : 3
  Resource values (arcs)        : 3
  Values on nodes               : no

  Rows                          : 1142
  Initial columns               : 2
  Tasks                         : 980
  Strong tasks                  : 976
  Weak tasks                    : 4
  Initial task constraints      : no
  Nodes                         : 1308
  Arc sets                      : 1
  Arcs                          : 41970
  Networks                      : 2
  Models                        : 1

Memory used per module (Megs)

  Parser (reused)               :      8.605
  Networks                      :     35.841
  Column generator              :     15.136
  Master problem                :     11.190
  -----------------
  Total                         :     62.167

Cpu time per module (seconds)

  Parser                        :        0.0
  Preprocessor                  :        0.0
  Lr solver manager             :        0.1
  Column generator              :      133.8
    (Shortest path)             :      123.6
  Master problem                :      359.4
  -------------------
  Total (without b&b)           :      493.4

Real elapsed time (seconds)

  Parser                        :        0.0
  Preprocessor                  :        0.0
  Lr solver manager             :        0.2
  Column generator              :      133.7
    (Shortest path)             :      123.2
  Master problem                :      359.5
  -------------------
  Total (without b&b)           :      493.4
