
Branch and bound

  Entire solving process        :                           (Time    193.6)
  No feasible solution was found
  Best relaxation cost          :     60197.45 (Node     0) (Time    193.6)
  Lower bound after cuts        :     60197.45
  End lower bound               :     60197.45
  Deepest level reached         : 0
  Deepest real level reached    : 0
  Number of real nodes solved   : 1
  Stopping condition            : enough nodes explored

Problem identification

  Problem                       : <null>
  Machine                       : oslo2.gerad.lan

Solving process summary

  Linear relaxations            :        1
  Column generation iterations  :      117
  Shortest paths solved         :     6889
  Columns generated             :    53752

Instance characteristics

  Resources                     : 3
  Node types                    : no
  Arc types                     : no
  Strong resource windows       : no
  Weak resource windows         : no
  Resource windows (nodes)      : 3
  Resource values (arcs)        : 3
  Values on nodes               : no

  Rows                          : 1057
  Initial columns               : 452
  Tasks                         : 895
  Strong tasks                  : 631
  Weak tasks                    : 4
  Initial task constraints      : no
  Nodes                         : 1223
  Arc sets                      : 1
  Arcs                          : 36017
  Networks                      : 2
  Models                        : 1

Memory used per module (Megs)

  Parser (reused)               :      7.515
  Networks                      :     33.904
  Column generator              :     11.261
  Master problem                :     10.729
  -----------------
  Total                         :     55.894

Cpu time per module (seconds)

  Parser                        :        0.0
  Preprocessor                  :        0.0
  Lr solver manager             :        0.1
  Column generator              :       90.6
    (Shortest path)             :       78.7
  Master problem                :      102.8
  -------------------
  Total (without b&b)           :      193.5

Real elapsed time (seconds)

  Parser                        :        0.0
  Preprocessor                  :        0.0
  Lr solver manager             :        0.1
  Column generator              :       90.7
    (Shortest path)             :       78.6
  Master problem                :      102.9
  -------------------
  Total (without b&b)           :      193.8
