
Branch and bound

  Entire solving process        :                           (Time    186.2)
  No feasible solution was found
  Best relaxation cost          :     60424.46 (Node     0) (Time    186.2)
  Lower bound after cuts        :     60424.46
  End lower bound               :     60424.46
  Deepest level reached         : 0
  Deepest real level reached    : 0
  Number of real nodes solved   : 1
  Stopping condition            : enough nodes explored

Problem identification

  Problem                       : <null>
  Machine                       : oslo1.gerad.lan

Solving process summary

  Linear relaxations            :        1
  Column generation iterations  :      110
  Shortest paths solved         :     3493
  Columns generated             :    38633

Instance characteristics

  Resources                     : 3
  Node types                    : no
  Arc types                     : no
  Strong resource windows       : no
  Weak resource windows         : no
  Resource windows (nodes)      : 3
  Resource values (arcs)        : 3
  Values on nodes               : no

  Rows                          : 1057
  Initial columns               : 2
  Tasks                         : 895
  Strong tasks                  : 891
  Weak tasks                    : 4
  Initial task constraints      : no
  Nodes                         : 1223
  Arc sets                      : 1
  Arcs                          : 36017
  Networks                      : 2
  Models                        : 1

Memory used per module (Megs)

  Parser (reused)               :      7.515
  Networks                      :     32.572
  Column generator              :     15.136
  Master problem                :     10.509
  -----------------
  Total                         :     58.217

Cpu time per module (seconds)

  Parser                        :        0.0
  Preprocessor                  :        0.0
  Lr solver manager             :        0.1
  Column generator              :       60.3
    (Shortest path)             :       48.4
  Master problem                :      125.7
  -------------------
  Total (without b&b)           :      186.2

Real elapsed time (seconds)

  Parser                        :        0.0
  Preprocessor                  :        0.0
  Lr solver manager             :        0.1
  Column generator              :       60.3
    (Shortest path)             :       48.2
  Master problem                :      125.7
  -------------------
  Total (without b&b)           :      186.2
