
Branch and bound

  Entire solving process        :                           (Time     64.1)
  No feasible solution was found
  Best relaxation cost          :     37135.91 (Node     0) (Time     64.0)
  Lower bound after cuts        :     37135.91
  End lower bound               :     37135.91
  Deepest level reached         : 0
  Deepest real level reached    : 0
  Number of real nodes solved   : 1
  Stopping condition            : enough nodes explored

Problem identification

  Problem                       : <null>
  Machine                       : oslo2.gerad.lan

Solving process summary

  Linear relaxations            :        1
  Column generation iterations  :      139
  Shortest paths solved         :     2854
  Columns generated             :    22497

Instance characteristics

  Resources                     : 3
  Node types                    : no
  Arc types                     : no
  Strong resource windows       : no
  Weak resource windows         : no
  Resource windows (nodes)      : 3
  Resource values (arcs)        : 3
  Values on nodes               : no

  Rows                          : 670
  Initial columns               : 2
  Tasks                         : 508
  Strong tasks                  : 504
  Weak tasks                    : 4
  Initial task constraints      : no
  Nodes                         : 836
  Arc sets                      : 1
  Arcs                          : 13861
  Networks                      : 2
  Models                        : 1

Memory used per module (Megs)

  Parser (reused)               :      3.156
  Networks                      :     19.253
  Column generator              :      5.570
  Master problem                :      6.714
  -----------------
  Total                         :     31.537

Cpu time per module (seconds)

  Parser                        :        0.0
  Preprocessor                  :        0.0
  Lr solver manager             :        0.0
  Column generator              :        8.2
    (Shortest path)             :        7.0
  Master problem                :       55.9
  -------------------
  Total (without b&b)           :       64.0

Real elapsed time (seconds)

  Parser                        :        0.0
  Preprocessor                  :        0.0
  Lr solver manager             :        0.1
  Column generator              :        8.1
    (Shortest path)             :        6.9
  Master problem                :       55.9
  -------------------
  Total (without b&b)           :       64.1
