
Branch and bound

  Entire solving process        :                           (Time    148.3)
  No feasible solution was found
  Best relaxation cost          :     47495.07 (Node     0) (Time    148.3)
  Lower bound after cuts        :     47495.07
  End lower bound               :     47495.07
  Deepest level reached         : 0
  Deepest real level reached    : 0
  Number of real nodes solved   : 1
  Stopping condition            : enough nodes explored

Problem identification

  Problem                       : <null>
  Machine                       : oslo2.gerad.lan

Solving process summary

  Linear relaxations            :        1
  Column generation iterations  :      148
  Shortest paths solved         :     3400
  Columns generated             :    35368

Instance characteristics

  Resources                     : 3
  Node types                    : no
  Arc types                     : no
  Strong resource windows       : no
  Weak resource windows         : no
  Resource windows (nodes)      : 3
  Resource values (arcs)        : 3
  Values on nodes               : no

  Rows                          : 827
  Initial columns               : 2
  Tasks                         : 665
  Strong tasks                  : 661
  Weak tasks                    : 4
  Initial task constraints      : no
  Nodes                         : 993
  Arc sets                      : 1
  Arcs                          : 21854
  Networks                      : 2
  Models                        : 1

Memory used per module (Megs)

  Parser (reused)               :      4.730
  Networks                      :     23.854
  Column generator              :      6.175
  Master problem                :      8.203
  -----------------
  Total                         :     38.233

Cpu time per module (seconds)

  Parser                        :        0.0
  Preprocessor                  :        0.0
  Lr solver manager             :        0.1
  Column generator              :       24.3
    (Shortest path)             :       21.4
  Master problem                :      123.9
  -------------------
  Total (without b&b)           :      148.3

Real elapsed time (seconds)

  Parser                        :        0.0
  Preprocessor                  :        0.0
  Lr solver manager             :        0.1
  Column generator              :       24.3
    (Shortest path)             :       21.5
  Master problem                :      124.1
  -------------------
  Total (without b&b)           :      148.5
