Cover_T0 52
Cover_T1 -52
Cover_T2 52
Cover_T3 -52
Cover_T4 52
Cover_T5 -52
Cover_T6 54
Cover_T7 -50
Cover_T8 54
Cover_T9 -50
Cover_T10 52
Cover_T11 -50
Cover_T12 56
Cover_T13 -48
Cover_T14 56
Cover_T15 -48
Cover_T16 56
Cover_T17 -48
Cover_T18 52
Cover_T19 -48
Cover_T20 58
Cover_T21 -48
Cover_T22 58
Cover_T23 -36
Cover_T24 52
Cover_T25 -46
Cover_T26 48
Cover_T27 -4
Cover_T28 58
Cover_T29 -28
Cover_T30 64
Cover_T31 942
Cover_T32 1048
Cover_T33 948
Cover_T34 1004
Cover_T35 924
Cover_T36 972
Cover_T37 948
Cover_T38 54
Cover_T39 -24
Cover_T40 22
Cover_T41 -24
Cover_T42 4
Cover_T43 -34
Cover_T44 -4
Cover_T45 -2
Cover_T46 24
Cover_T47 6
Cover_T48 0
Cover_T49 6
Cover_T50 -24
Cover_T51 -26
Cover_T52 -30
Cover_T53 -2
Cover_T54 4
Cover_T55 22
Cover_T56 10
Cover_T57 28
Cover_T58 10
Cover_T59 52
Cover_T60 10
Cover_T61 18
Cover_T62 -6
Cover_T63 12
Cover_T64 -30
Cover_T65 12
Cover_T66 16
Cover_T67 12
Cover_T68 14
Cover_T69 28
Cover_T70 52
Cover_T71 52
Cover_T72 28
Cover_T73 6
Cover_T74 46
Cover_T75 8
Cover_T76 18
Cover_T77 -22
Cover_T78 46
Cover_T79 -32
Cover_T80 14
Cover_T81 1.93051e-09
Cover_T82 4
Cover_T83 -28
Cover_T84 0
Cover_T85 -1.02647e-10
Cover_T86 4
Cover_T87 10
Cover_T88 -22
Cover_T89 0
Cover_T90 4
Cover_T91 8
Cover_T92 -6
Cover_T93 28
Cover_T94 -30
Cover_T95 52
Cover_T96 -30
Cover_T97 16
Cover_T98 18
Cover_T99 28
Cover_T100 32
Cover_T101 54
Cover_T102 8
Cover_T103 54
Cover_T104 -16
Cover_T105 6
Cover_T106 10
Cover_T107 2
Cover_T108 6
Cover_T109 38
Cover_T110 52
Cover_T111 66
Cover_T112 50
Cover_T113 36
Cover_T114 28
Cover_T115 40
Cover_T116 32
Cover_T117 -4
Cover_T118 28
Cover_T119 1.42253e-09
Cover_T120 8
Cover_T121 28
Cover_T122 14
Cover_T123 24
Cover_T124 20
Cover_T125 20
Cover_T126 -4
Cover_T127 32
Cover_T128 0
Cover_T129 36
Cover_T130 -2
Cover_T131 24
Cover_T132 -2
Cover_T133 54
Cover_T134 -2.08574e-09
Cover_T135 46
Cover_T136 -26
Cover_T137 32
Cover_T138 -18
Cover_T139 48
Cover_T140 -44
Cover_T141 58
Cover_T142 -26
Cover_T143 34
Cover_T144 -26
Cover_T145 42
Cover_T146 -30
Cover_T147 42
Cover_T148 -30
Cover_T149 42
Cover_T150 -30
Cover_T151 40
Cover_T152 -30
Cover_T153 32
Cover_T154 -30
Cover_T155 40
Cover_T156 -36
Cover_T157 30
Cover_T158 -30
Cover_T159 52
Cover_T160 -30
Cover_T161 44
Cover_T162 -30
Cover_T163 44
Cover_T164 -40
Cover_T165 52
Cover_T166 -30
Cover_T167 62
Cover_T168 -32
Cover_T169 72
Cover_T170 -36
Cover_T171 52
Cover_T172 -50
Cover_T173 52
Cover_T174 -50
Cover_T175 52
Cover_T176 -50
Cover_T177 50
Cover_T178 -48
Cover_T179 50
Cover_T180 -48
Cover_T181 50
Cover_T182 -36
Cover_T183 60
Cover_T184 -38
Cover_T185 48
Cover_T186 -12
Cover_T187 48
Cover_T188 -26
Cover_T189 74
Cover_T190 20
Cover_T191 58
Cover_T192 946
Cover_T193 1016
Cover_T194 946
Cover_T195 1016
Cover_T196 926
Cover_T197 984
Cover_T198 942
Cover_T199 44
Cover_T200 -32
Cover_T201 34
Cover_T202 -20
Cover_T203 -1.36404e-10
Cover_T204 -18
Cover_T205 46
Cover_T206 0
Cover_T207 14
Cover_T208 8
Cover_T209 -18
Cover_T210 -16
Cover_T211 -32
Cover_T212 16
Cover_T213 -2
Cover_T214 40
Cover_T215 4
Cover_T216 46
Cover_T217 4
Cover_T218 12
Cover_T219 4
Cover_T220 6
Cover_T221 -12
Cover_T222 6
Cover_T223 -36
Cover_T224 6
Cover_T225 10
Cover_T226 22
Cover_T227 8
Cover_T228 46
Cover_T229 46
Cover_T230 0
Cover_T231 22
Cover_T232 2
Cover_T233 40
Cover_T234 -36
Cover_T235 16
Cover_T236 -12
Cover_T237 52
Cover_T238 -30
Cover_T239 28
Cover_T240 -6
Cover_T241 8
Cover_T242 -42
Cover_T243 2
Cover_T244 -10
Cover_T245 12
Cover_T246 0
Cover_T247 0
Cover_T248 4
Cover_T249 -28
Cover_T250 0
Cover_T251 0
Cover_T252 26
Cover_T253 -20
Cover_T254 0
Cover_T255 -52
Cover_T256 18
Cover_T257 12
Cover_T258 46
Cover_T259 26
Cover_T260 48
Cover_T261 2
Cover_T262 0
Cover_T263 -22
Cover_T264 -4
Cover_T265 4
Cover_T266 20
Cover_T267 0
Cover_T268 50
Cover_T269 44
Cover_T270 28
Cover_T271 40
Cover_T272 44
Cover_T273 40
Cover_T274 8
Cover_T275 40
Cover_T276 12
Cover_T277 2
Cover_T278 6
Cover_T279 0
Cover_T280 12
Cover_T281 8
Cover_T282 38
Cover_T283 6
Cover_T284 44
Cover_T285 8
Cover_T286 36
Cover_T287 -8
Cover_T288 36
Cover_T289 -16
Cover_T290 30
Cover_T291 -18
Cover_T292 38
Cover_T293 -16
Cover_T294 42
Cover_T295 -16
Cover_T296 48
Cover_T297 -26
Cover_T298 36
Cover_T299 -26
Cover_T300 52
Cover_T301 -26
Cover_T302 34
Cover_T303 -36
Cover_T304 34
Cover_T305 -30
Cover_T306 52
Cover_T307 -40
Cover_T308 48
Cover_T309 -30
Cover_T310 30
Cover_T311 -44
Cover_T312 40
Cover_T313 -30
Cover_T314 30
Cover_T315 -42
Cover_T316 44
Cover_T317 -30
Cover_T318 30
Cover_T319 -50
Cover_T320 42
Cover_T321 -44
Cover_T322 30
Cover_T323 -30
Cover_T324 52
Cover_T325 -30
Cover_T326 46
Cover_T327 -30
Cover_T328 36
Cover_T329 -30
Cover_T330 64
Cover_T331 -32
Cover_T332 52
Cover_T333 -32
Cover_T334 72
Cover_T335 -36
Cover_T336 52
Cover_T337 56
Cover_T338 -48
Cover_T339 64
Cover_T340 -36
Cover_T341 64
Cover_T342 -42
Cover_T343 50
Cover_T344 -28
Cover_T345 74
Cover_T346 20
Cover_T347 52
Cover_T348 944
Cover_T349 1046
Cover_T350 948
Cover_T351 1030
Cover_T352 948
Cover_T353 1016
Cover_T354 948
Cover_T355 1016
Cover_T356 928
Cover_T357 952
Cover_T358 944
Cover_T359 54
Cover_T360 -42
Cover_T361 34
Cover_T362 -22
Cover_T363 4
Cover_T364 -34
Cover_T365 2
Cover_T366 -14
Cover_T367 4
Cover_T368 -36
Cover_T369 40
Cover_T370 -16
Cover_T371 20
Cover_T372 0
Cover_T373 -12
Cover_T374 2
Cover_T375 -26
Cover_T376 -22
Cover_T377 0
Cover_T378 10
Cover_T379 0
Cover_T380 36
Cover_T381 0
Cover_T382 42
Cover_T383 2.13731e-11
Cover_T384 8
Cover_T385 -16
Cover_T386 2
Cover_T387 -40
Cover_T388 2
Cover_T389 6
Cover_T390 0
Cover_T391 8
Cover_T392 12
Cover_T393 50
Cover_T394 32
Cover_T395 30
Cover_T396 52
Cover_T397 52
Cover_T398 2
Cover_T399 32
Cover_T400 0
Cover_T401 10
Cover_T402 -38
Cover_T403 46
Cover_T404 -14
Cover_T405 22
Cover_T406 -32
Cover_T407 2
Cover_T408 -8
Cover_T409 0
Cover_T410 -44
Cover_T411 -1.5478e-11
Cover_T412 -20
Cover_T413 0
Cover_T414 0
Cover_T415 -6
Cover_T416 2
Cover_T417 -30
Cover_T418 2
Cover_T419 4
Cover_T420 2
Cover_T421 -6
Cover_T422 8
Cover_T423 -30
Cover_T424 32
Cover_T425 -30
Cover_T426 -2
Cover_T427 18
Cover_T428 8
Cover_T429 32
Cover_T430 34
Cover_T431 10
Cover_T432 54
Cover_T433 -10
Cover_T434 48
Cover_T435 -30
Cover_T436 2
Cover_T437 -6.28013e-11
Cover_T438 -12
Cover_T439 1.41961e-09
Cover_T440 18
Cover_T441 50
Cover_T442 46
Cover_T443 48
Cover_T444 72
Cover_T445 28
Cover_T446 40
Cover_T447 42
Cover_T448 46
Cover_T449 36
Cover_T450 3.34947e-09
Cover_T451 14
Cover_T452 8
Cover_T453 12
Cover_T454 38
Cover_T455 16
Cover_T456 24
Cover_T457 -1.43279e-09
Cover_T458 18
Cover_T459 8
Cover_T460 40
Cover_T461 6
Cover_T462 40
Cover_T463 -2
Cover_T464 36
Cover_T465 -2
Cover_T466 56
Cover_T467 -10
Cover_T468 44
Cover_T469 -30
Cover_T470 36
Cover_T471 -10
Cover_T472 40
Cover_T473 -22
Cover_T474 40
Cover_T475 -20
Cover_T476 38
Cover_T477 -26
Cover_T478 58
Cover_T479 -36
Cover_T480 42
Cover_T481 -28
Cover_T482 50
Cover_T483 -26
Cover_T484 30
Cover_T485 -30
Cover_T486 42
Cover_T487 -30
Cover_T488 34
Cover_T489 -30
Cover_T490 52
Cover_T491 -30
Cover_T492 36
Cover_T493 -42
Cover_T494 30
Cover_T495 -48
Cover_T496 38
Cover_T497 -30
Cover_T498 32
Cover_T499 -42
Cover_T500 58
Cover_T501 -30
Cover_T502 54
Cover_T503 -34
Cover_T504 54
Cover_T505 -30
Cover_T506 62
Cover_T507 -34
Cover_T508 54
Cover_T509 -32
Cover_T510 58
Cover_T511 -50
Cover_T512 54
Cover_T513 -46
Cover_T514 42
Cover_T515 2.05205e-10
Cover_T516 34
Cover_T517 10
Cover_T518 30
Cover_T519 30
Cover_T520 22
Cover_T521 54
Cover_T522 30
Cover_T523 994
Cover_T524 1042
Cover_T525 974
Cover_T526 1016
Cover_T527 996
Cover_T528 1016
Cover_T529 992
Cover_T530 18
Cover_T531 976
Cover_T532 64
Cover_T533 -30
Cover_T534 52
Cover_T535 14
Cover_T536 52
Cover_T537 54
Cover_T538 -18
Cover_T539 80
Cover_T540 0
Cover_T541 56
Cover_T542 66
Cover_T543 84
Cover_T544 76
Cover_T545 94
Cover_T546 48
Cover_T547 58
Cover_T548 12
Cover_T549 0
Cover_T550 56
Cover_T551 -2
Cover_T552 4
Cover_T553 30
Cover_T554 42
Cover_T555 0
Cover_T556 4
Cover_T557 38
Cover_T558 38
Cover_T559 18
Cover_T560 32
Cover_T561 62
Count_D0 -984
Count_D1 -1000
Max_H0_P0 0
Max_H0_P1 0
Max_H0_P2 0
Max_H0_P3 0
Max_H0_P4 0
Max_H0_P5 0
Max_H0_P6 0
Max_H0_P7 0
Max_H0_P8 0
Max_H0_P9 0
Max_H0_P10 0
Max_H0_P11 0
Max_H0_P12 0
Max_H0_P13 0
Max_H0_P14 0
Max_H0_P15 1.58288e-10
Max_H0_P16 -4.35163e-12
Max_H0_P17 -1.25127e-11
Max_H0_P18 -1.00398e-11
Max_H0_P19 1.83036e-11
Max_H0_P20 -8.85336e-12
Max_H0_P21 0
Max_H0_P22 0
Max_H0_P23 0
Max_H0_P24 0
Max_H0_P25 0
Max_H0_P26 -1.08919e-11
Max_H0_P27 0
Max_H0_P28 0
Max_H0_P29 0
Max_H0_P30 0
Max_H0_P31 1.07434e-11
Max_H0_P32 -1.49803e-11
Max_H0_P33 -3.66995e-12
Max_H0_P34 0
Max_H0_P35 1.30761e-11
Max_H0_P36 3.04073e-12
Max_H0_P37 -1.02567e-12
Max_H0_P38 -2.45137e-12
Max_H0_P39 5.68434e-14
Max_H0_P40 -1.08002e-12
Max_H0_P41 7.3257e-12
Max_H0_P42 0
Max_H0_P43 0
Max_H0_P44 0
Max_H0_P45 0
Max_H0_P46 0
Max_H0_P47 0
Max_H0_P48 0
Max_H0_P49 0
Max_H0_P50 0
Max_H0_P51 0
Max_H0_P52 0
Max_H0_P53 0
Max_H0_P54 0
Max_H0_P55 0
Max_H0_P56 0
Max_H0_P57 0
Max_H0_P58 0
Max_H0_P59 0
Max_H0_P60 0
Max_H0_P61 0
Max_H0_P62 0
Max_H0_P63 0
Max_H0_P64 0
Max_H0_P65 0
Max_H0_P66 0
Max_H0_P67 0
Max_H0_P68 0
Max_H0_P69 0
Max_H0_P70 0
Max_H0_P71 0
Max_H0_P72 0
Max_H0_P73 0
Max_H0_P74 0
Max_H0_P75 0
Max_H0_P76 -0
Max_H0_P77 0
Max_H0_P78 0
Max_H0_P79 0
Max_H0_P80 0
Max_H0_P81 0
Max_H1_P0 0
Max_H1_P1 0
Max_H1_P2 0
Max_H1_P3 0
Max_H1_P4 0
Max_H1_P5 0
Max_H1_P6 0
Max_H1_P7 0
Max_H1_P8 0
Max_H1_P9 -9.20197e-12
Max_H1_P10 0
Max_H1_P11 0
Max_H1_P12 0
Max_H1_P13 0
Max_H1_P14 0
Max_H1_P15 1.35318e-10
Max_H1_P16 -1.0766e-11
Max_H1_P17 -6.37499e-11
Max_H1_P18 -1.83835e-11
Max_H1_P19 6.63133e-12
Max_H1_P20 8.9336e-12
Max_H1_P21 -1.19513e-11
Max_H1_P22 1.66823e-11
Max_H1_P23 -1.15227e-11
Max_H1_P24 0
Max_H1_P25 0
Max_H1_P26 -1.29418e-11
Max_H1_P27 8.54783e-12
Max_H1_P28 0
Max_H1_P29 5.46141e-12
Max_H1_P30 0
Max_H1_P31 0
Max_H1_P32 6.60805e-12
Max_H1_P33 5.86331e-12
Max_H1_P34 0
Max_H1_P35 9.09724e-12
Max_H1_P36 1.06441e-11
Max_H1_P37 -2.44025e-11
Max_H1_P38 0
Max_H1_P39 -1.25056e-12
Max_H1_P40 -3.41061e-12
Max_H1_P41 0
Max_H1_P42 4.56346e-12
Max_H1_P43 0
Max_H1_P44 0
Max_H1_P45 0
Max_H1_P46 0
Max_H1_P47 0
Max_H1_P48 0
Max_H1_P49 0
Max_H1_P50 0
Max_H1_P51 0
Max_H1_P52 0
Max_H1_P53 0
Max_H1_P54 0
Max_H1_P55 0
Max_H1_P56 0
Max_H1_P57 0
Max_H1_P58 0
Max_H1_P59 0
Max_H1_P60 0
Max_H1_P61 -1.21645e-11
Max_H1_P62 0
Max_H1_P63 0
Max_H1_P64 -1.75078e-11
Max_H1_P65 0
Max_H1_P66 -6.1334e-12
Max_H1_P67 0
Max_H1_P68 0
Max_H1_P69 0
Max_H1_P70 0
Max_H1_P71 0
Max_H1_P72 0
Max_H1_P73 0
Max_H1_P74 0
Max_H1_P75 0
Max_H1_P76 0
Max_H1_P77 1.37064e-11
Max_H1_P78 -1.37064e-11
Max_H1_P79 0
Max_H1_P80 0
Max_H1_P81 0
