
Branch and bound

  Entire solving process        :                           (Time    154.7)
  No feasible solution was found
  Best relaxation cost          :     38255.72 (Node     0) (Time    154.7)
  Lower bound after cuts        :     38255.72
  End lower bound               :     38255.72
  Deepest level reached         : 0
  Deepest real level reached    : 0
  Number of real nodes solved   : 1
  Stopping condition            : enough nodes explored

Problem identification

  Problem                       : <null>
  Machine                       : oslo1.gerad.lan

Solving process summary

  Linear relaxations            :        1
  Column generation iterations  :      179
  Shortest paths solved         :     3230
  Columns generated             :    29883

Instance characteristics

  Resources                     : 3
  Node types                    : no
  Arc types                     : no
  Strong resource windows       : no
  Weak resource windows         : no
  Resource windows (nodes)      : 3
  Resource values (arcs)        : 3
  Values on nodes               : no

  Rows                          : 728
  Initial columns               : 2
  Tasks                         : 566
  Strong tasks                  : 562
  Weak tasks                    : 4
  Initial task constraints      : no
  Nodes                         : 894
  Arc sets                      : 1
  Arcs                          : 16413
  Networks                      : 2
  Models                        : 1

Memory used per module (Megs)

  Parser (reused)               :      3.640
  Networks                      :     21.069
  Column generator              :      5.933
  Master problem                :      7.387
  -----------------
  Total                         :     34.389

Cpu time per module (seconds)

  Parser                        :        0.0
  Preprocessor                  :        0.0
  Lr solver manager             :        0.1
  Column generator              :       17.8
    (Shortest path)             :       14.6
  Master problem                :      136.8
  -------------------
  Total (without b&b)           :      154.7

Real elapsed time (seconds)

  Parser                        :        0.0
  Preprocessor                  :        0.0
  Lr solver manager             :        0.1
  Column generator              :       17.9
    (Shortest path)             :       15.1
  Master problem                :      136.7
  -------------------
  Total (without b&b)           :      154.7
