Cover_T0 52
Cover_T1 -52
Cover_T2 52
Cover_T3 -52
Cover_T4 52
Cover_T5 -52
Cover_T6 52
Cover_T7 -52
Cover_T8 52
Cover_T9 -52
Cover_T10 52
Cover_T11 -52
Cover_T12 52
Cover_T13 -52
Cover_T14 52
Cover_T15 -52
Cover_T16 52
Cover_T17 -52
Cover_T18 52
Cover_T19 -50
Cover_T20 52
Cover_T21 -50
Cover_T22 54
Cover_T23 -50
Cover_T24 58
Cover_T25 -46
Cover_T26 54
Cover_T27 -44
Cover_T28 62
Cover_T29 -38
Cover_T30 62
Cover_T31 -36
Cover_T32 56
Cover_T33 -36
Cover_T34 60
Cover_T35 -36
Cover_T36 60
Cover_T37 986
Cover_T38 42
Cover_T39 986
Cover_T40 1036
Cover_T41 978
Cover_T42 1024
Cover_T43 994
Cover_T44 1030
Cover_T45 992
Cover_T46 20
Cover_T47 992
Cover_T48 14
Cover_T49 6
Cover_T50 16
Cover_T51 -2
Cover_T52 10
Cover_T53 6
Cover_T54 0
Cover_T55 4
Cover_T56 6
Cover_T57 2
Cover_T58 4
Cover_T59 4
Cover_T60 -2
Cover_T61 8
Cover_T62 -22
Cover_T63 4
Cover_T64 -42
Cover_T65 4
Cover_T66 -4
Cover_T67 10
Cover_T68 -8
Cover_T69 30
Cover_T70 4
Cover_T71 50
Cover_T72 -16
Cover_T73 12
Cover_T74 -4
Cover_T75 16
Cover_T76 4
Cover_T77 16
Cover_T78 4
Cover_T79 16
Cover_T80 4
Cover_T81 14
Cover_T82 -6
Cover_T83 14
Cover_T84 -8
Cover_T85 6
Cover_T86 4
Cover_T87 8
Cover_T88 4
Cover_T89 6
Cover_T90 4
Cover_T91 2
Cover_T92 4
Cover_T93 18
Cover_T94 -18
Cover_T95 14
Cover_T96 -38
Cover_T97 8
Cover_T98 0
Cover_T99 6
Cover_T100 0
Cover_T101 26
Cover_T102 -14
Cover_T103 46
Cover_T104 4
Cover_T105 14
Cover_T106 0
Cover_T107 20
Cover_T108 4
Cover_T109 14
Cover_T110 -24
Cover_T111 18
Cover_T112 2
Cover_T113 10
Cover_T114 4
Cover_T115 42
Cover_T116 4
Cover_T117 16
Cover_T118 -6
Cover_T119 14
Cover_T120 -6
Cover_T121 6
Cover_T122 -30
Cover_T123 8
Cover_T124 4
Cover_T125 12
Cover_T126 4
Cover_T127 30
Cover_T128 -4
Cover_T129 56
Cover_T130 -4
Cover_T131 18
Cover_T132 -4
Cover_T133 20
Cover_T134 1.32236e-10
Cover_T135 24
Cover_T136 2
Cover_T137 16
Cover_T138 2
Cover_T139 32
Cover_T140 -1.69357e-10
Cover_T141 18
Cover_T142 1.09715e-10
Cover_T143 22
Cover_T144 1.27991e-11
Cover_T145 32
Cover_T146 -6
Cover_T147 36
Cover_T148 -22
Cover_T149 44
Cover_T150 -16
Cover_T151 42
Cover_T152 -28
Cover_T153 32
Cover_T154 -20
Cover_T155 26
Cover_T156 -20
Cover_T157 32
Cover_T158 -22
Cover_T159 52
Cover_T160 -30
Cover_T161 44
Cover_T162 -24
Cover_T163 28
Cover_T164 -22
Cover_T165 34
Cover_T166 -22
Cover_T167 38
Cover_T168 -22
Cover_T169 44
Cover_T170 -22
Cover_T171 22
Cover_T172 -22
Cover_T173 44
Cover_T174 -30
Cover_T175 38
Cover_T176 -22
Cover_T177 52
Cover_T178 -30
Cover_T179 36
Cover_T180 -22
Cover_T181 60
Cover_T182 -22
Cover_T183 40
Cover_T184 -22
Cover_T185 76
Cover_T186 -24
Cover_T187 40
Cover_T188 -30
Cover_T189 74
Cover_T190 -30
Cover_T191 70
Cover_T192 -34
Cover_T193 60
Cover_T194 -34
Cover_T195 56
Cover_T196 -46
Cover_T197 52
Cover_T198 -52
Cover_T199 52
Cover_T200 -52
Cover_T201 54
Cover_T202 -50
Cover_T203 54
Cover_T204 -50
Cover_T205 58
Cover_T206 -44
Cover_T207 54
Cover_T208 -44
Cover_T209 54
Cover_T210 -44
Cover_T211 54
Cover_T212 -44
Cover_T213 56
Cover_T214 -38
Cover_T215 50
Cover_T216 -34
Cover_T217 68
Cover_T218 -28
Cover_T219 52
Cover_T220 -28
Cover_T221 50
Cover_T222 982
Cover_T223 46
Cover_T224 970
Cover_T225 1026
Cover_T226 986
Cover_T227 1034
Cover_T228 994
Cover_T229 20
Cover_T230 996
Cover_T231 24
Cover_T232 0
Cover_T233 20
Cover_T234 2
Cover_T235 6
Cover_T236 2
Cover_T237 4
Cover_T238 0
Cover_T239 4
Cover_T240 6.03375e-11
Cover_T241 -2
Cover_T242 8
Cover_T243 -12
Cover_T244 8
Cover_T245 -34
Cover_T246 8
Cover_T247 4
Cover_T248 14
Cover_T249 0
Cover_T250 34
Cover_T251 1.09114e-11
Cover_T252 -4
Cover_T253 -8
Cover_T254 -8.07114e-11
Cover_T255 4
Cover_T256 -2.3399e-11
Cover_T257 -16
Cover_T258 8
Cover_T259 -2
Cover_T260 -4
Cover_T261 -2.73572e-10
Cover_T262 16
Cover_T263 -10
Cover_T264 2
Cover_T265 2
Cover_T266 2.3567e-10
Cover_T267 4
Cover_T268 10
Cover_T269 4
Cover_T270 10
Cover_T271 0
Cover_T272 20
Cover_T273 -2.20882e-10
Cover_T274 26
Cover_T275 -6
Cover_T276 18
Cover_T277 -8
Cover_T278 18
Cover_T279 -32
Cover_T280 4
Cover_T281 2
Cover_T282 18
Cover_T283 4
Cover_T284 42
Cover_T285 -20
Cover_T286 8
Cover_T287 -4
Cover_T288 2
Cover_T289 -3.91645e-11
Cover_T290 22
Cover_T291 -16
Cover_T292 4
Cover_T293 -2.40107e-10
Cover_T294 0
Cover_T295 -16
Cover_T296 16
Cover_T297 -36
Cover_T298 6
Cover_T299 -10
Cover_T300 34
Cover_T301 -8
Cover_T302 8
Cover_T303 4
Cover_T304 6
Cover_T305 4
Cover_T306 6
Cover_T307 -22
Cover_T308 16
Cover_T309 4
Cover_T310 22
Cover_T311 -4
Cover_T312 52
Cover_T313 0
Cover_T314 -2.18295e-11
Cover_T315 2
Cover_T316 6
Cover_T317 2
Cover_T318 14
Cover_T319 -2.60414e-11
Cover_T320 22
Cover_T321 -2
Cover_T322 28
Cover_T323 -4
Cover_T324 32
Cover_T325 -12
Cover_T326 32
Cover_T327 -18
Cover_T328 34
Cover_T329 -10
Cover_T330 44
Cover_T331 -16
Cover_T332 44
Cover_T333 -24
Cover_T334 40
Cover_T335 -20
Cover_T336 24
Cover_T337 -22
Cover_T338 52
Cover_T339 -22
Cover_T340 26
Cover_T341 -28
Cover_T342 28
Cover_T343 -32
Cover_T344 36
Cover_T345 -24
Cover_T346 38
Cover_T347 -30
Cover_T348 42
Cover_T349 -40
Cover_T350 34
Cover_T351 -30
Cover_T352 40
Cover_T353 -24
Cover_T354 50
Cover_T355 -30
Cover_T356 40
Cover_T357 -30
Cover_T358 34
Cover_T359 -38
Cover_T360 42
Cover_T361 -22
Cover_T362 40
Cover_T363 -26
Cover_T364 38
Cover_T365 -42
Cover_T366 56
Cover_T367 -22
Cover_T368 34
Cover_T369 -24
Cover_T370 44
Cover_T371 -34
Cover_T372 60
Cover_T373 -24
Cover_T374 52
Cover_T375 -40
Cover_T376 42
Cover_T377 -36
Cover_T378 38
Cover_T379 -42
Cover_T380 54
Cover_T381 -34
Cover_T382 58
Cover_T383 -46
Cover_T384 58
Cover_T385 -46
Cover_T386 52
Cover_T387 -44
Cover_T388 58
Cover_T389 -40
Cover_T390 62
Cover_T391 -34
Cover_T392 62
Cover_T393 -38
Cover_T394 68
Cover_T395 -24
Cover_T396 52
Cover_T397 -24
Cover_T398 56
Cover_T399 986
Cover_T400 56
Cover_T401 982
Cover_T402 1036
Cover_T403 986
Cover_T404 1030
Cover_T405 982
Cover_T406 1036
Cover_T407 982
Cover_T408 1030
Cover_T409 996
Cover_T410 1026
Cover_T411 988
Cover_T412 10
Cover_T413 996
Cover_T414 10
Cover_T415 996
Cover_T416 16
Cover_T417 6
Cover_T418 14
Cover_T419 8
Cover_T420 4
Cover_T421 0
Cover_T422 6
Cover_T423 2
Cover_T424 6
Cover_T425 4
Cover_T426 -6
Cover_T427 0
Cover_T428 -30
Cover_T429 0
Cover_T430 4
Cover_T431 -4
Cover_T432 -3.10123e-11
Cover_T433 2
Cover_T434 0
Cover_T435 22
Cover_T436 -8
Cover_T437 42
Cover_T438 4
Cover_T439 4
Cover_T440 -16
Cover_T441 8
Cover_T442 -2
Cover_T443 6
Cover_T444 4
Cover_T445 10
Cover_T446 -2
Cover_T447 26
Cover_T448 4
Cover_T449 10
Cover_T450 -2
Cover_T451 26
Cover_T452 4
Cover_T453 8
Cover_T454 -12
Cover_T455 2
Cover_T456 -2
Cover_T457 8
Cover_T458 -18
Cover_T459 2
Cover_T460 2
Cover_T461 8
Cover_T462 -14
Cover_T463 2
Cover_T464 -6
Cover_T465 18
Cover_T466 4
Cover_T467 8
Cover_T468 0
Cover_T469 24
Cover_T470 -6
Cover_T471 4
Cover_T472 -22
Cover_T473 4
Cover_T474 4
Cover_T475 10
Cover_T476 -2
Cover_T477 20
Cover_T478 4
Cover_T479 52
Cover_T480 2
Cover_T481 -4.448e-11
Cover_T482 2
Cover_T483 18
Cover_T484 -6
Cover_T485 4
Cover_T486 -30
Cover_T487 -9.77352e-11
Cover_T488 4
Cover_T489 0
Cover_T490 4
Cover_T491 8
Cover_T492 -2
Cover_T493 20
Cover_T494 0
Cover_T495 36
Cover_T496 -2
Cover_T497 52
Cover_T498 4
Cover_T499 10
Cover_T500 -12
Cover_T501 2
Cover_T502 -6
Cover_T503 8
Cover_T504 -16
Cover_T505 8
Cover_T506 -36
Cover_T507 2
Cover_T508 2
Cover_T509 14
Cover_T510 4
Cover_T511 12
Cover_T512 0
Cover_T513 28
Cover_T514 4
Cover_T515 48
Cover_T516 4
Cover_T517 12
Cover_T518 4
Cover_T519 18
Cover_T520 4
Cover_T521 14
Cover_T522 -6.38494e-11
Cover_T523 18
Cover_T524 4.93013e-10
Cover_T525 22
Cover_T526 -16
Cover_T527 20
Cover_T528 -6
Cover_T529 20
Cover_T530 -16
Cover_T531 22
Cover_T532 -16
Cover_T533 36
Cover_T534 -12
Cover_T535 40
Cover_T536 -18
Cover_T537 36
Cover_T538 -38
Cover_T539 30
Cover_T540 -26
Cover_T541 40
Cover_T542 -20
Cover_T543 24
Cover_T544 -20
Cover_T545 32
Cover_T546 -24
Cover_T547 48
Cover_T548 -22
Cover_T549 36
Cover_T550 -22
Cover_T551 30
Cover_T552 -22
Cover_T553 30
Cover_T554 -36
Cover_T555 40
Cover_T556 -22
Cover_T557 52
Cover_T558 -22
Cover_T559 34
Cover_T560 -36
Cover_T561 52
Cover_T562 -28
Cover_T563 28
Cover_T564 -22
Cover_T565 42
Cover_T566 -44
Cover_T567 48
Cover_T568 -22
Cover_T569 34
Cover_T570 -24
Cover_T571 66
Cover_T572 -24
Cover_T573 38
Cover_T574 -30
Cover_T575 70
Cover_T576 -30
Cover_T577 68
Cover_T578 -36
Cover_T579 58
Cover_T580 -36
Cover_T581 54
Cover_T582 -48
Cover_T583 38
Cover_T584 4
Cover_T585 24
Cover_T586 10
Cover_T587 20
Cover_T588 14
Cover_T589 18
Cover_T590 14
Cover_T591 38
Cover_T592 0
Cover_T593 22
Cover_T594 1036
Cover_T595 1032
Cover_T596 1036
Cover_T597 1022
Cover_T598 1016
Cover_T599 1002
Cover_T600 1034
Cover_T601 980
Cover_T602 1012
Cover_T603 1086
Cover_T604 1026
Cover_T605 1082
Cover_T606 1034
Cover_T607 66
Cover_T608 12
Cover_T609 64
Cover_T610 22
Cover_T611 48
Cover_T612 36
Cover_T613 48
Cover_T614 48
Cover_T615 54
Cover_T616 -2
Cover_T617 0
Cover_T618 52
Cover_T619 -28
Cover_T620 2
Cover_T621 -36
Cover_T622 32
Cover_T623 18
Cover_T624 46
Cover_T625 10
Cover_T626 62
Cover_T627 0
Cover_T628 42
Cover_T629 0
Cover_T630 66
Cover_T631 48
Cover_T632 0
Cover_T633 34
Cover_T634 0
Cover_T635 24
Cover_T636 24
Cover_T637 10
Cover_T638 32
Cover_T639 34
Cover_T640 -12
Cover_T641 42
Cover_T642 0
Cover_T643 38
Cover_T644 24
Cover_T645 4
Cover_T646 0
Cover_T647 26
Cover_T648 34
Count_D0 -984
Count_D1 -1000
Max_H0_P0 0
Max_H0_P1 0
Max_H0_P2 0
Max_H0_P3 0
Max_H0_P4 0
Max_H0_P5 0
Max_H0_P6 0
Max_H0_P7 0
Max_H0_P8 0
Max_H0_P9 0
Max_H0_P10 0
Max_H0_P11 0
Max_H0_P12 0
Max_H0_P13 0
Max_H0_P14 0
Max_H0_P15 0
Max_H0_P16 -2.28795e-12
Max_H0_P17 5.50799e-11
Max_H0_P18 0
Max_H0_P19 -4.65005e-11
Max_H0_P20 8.00924e-11
Max_H0_P21 -1.55889e-11
Max_H0_P22 0
Max_H0_P23 9.43824e-12
Max_H0_P24 0
Max_H0_P25 3.20301e-11
Max_H0_P26 0
Max_H0_P27 2.68454e-11
Max_H0_P28 0
Max_H0_P29 -1.98579e-11
Max_H0_P30 0
Max_H0_P31 0
Max_H0_P32 1.04421e-11
Max_H0_P33 0
Max_H0_P34 -2.84595e-11
Max_H0_P35 -6.27218e-12
Max_H0_P36 -1.71294e-11
Max_H0_P37 -1.56127e-12
Max_H0_P38 0
Max_H0_P39 -5.95494e-12
Max_H0_P40 1.44151e-11
Max_H0_P41 1.07648e-11
Max_H0_P42 0
Max_H0_P43 0
Max_H0_P44 0
Max_H0_P45 0
Max_H0_P46 0
Max_H0_P47 0
Max_H0_P48 0
Max_H0_P49 0
Max_H0_P50 0
Max_H0_P51 0
Max_H0_P52 0
Max_H0_P53 0
Max_H0_P54 0
Max_H0_P55 0
Max_H0_P56 0
Max_H0_P57 0
Max_H0_P58 0
Max_H0_P59 0
Max_H0_P60 0
Max_H0_P61 -7.78155e-12
Max_H0_P62 0
Max_H0_P63 0
Max_H0_P64 0
Max_H0_P65 0
Max_H0_P66 0
Max_H0_P67 0
Max_H0_P68 0
Max_H0_P69 0
Max_H0_P70 0
Max_H0_P71 0
Max_H0_P72 0
Max_H0_P73 0
Max_H0_P74 0
Max_H0_P75 0
Max_H0_P76 0
Max_H0_P77 0
Max_H0_P78 0
Max_H0_P79 0
Max_H0_P80 0
Max_H0_P81 0
Max_H1_P0 0
Max_H1_P1 0
Max_H1_P2 0
Max_H1_P3 6.44808e-11
Max_H1_P4 0
Max_H1_P5 2.61595e-11
Max_H1_P6 0
Max_H1_P7 0
Max_H1_P8 0
Max_H1_P9 0
Max_H1_P10 0
Max_H1_P11 0
Max_H1_P12 0
Max_H1_P13 0
Max_H1_P14 0
Max_H1_P15 1.12459e-10
Max_H1_P16 4.93723e-11
Max_H1_P17 0
Max_H1_P18 4.68843e-11
Max_H1_P19 -2.03322e-11
Max_H1_P20 -0
Max_H1_P21 9.31073e-12
Max_H1_P22 0
Max_H1_P23 0
Max_H1_P24 5.29934e-11
Max_H1_P25 1.5234e-11
Max_H1_P26 6.3595e-11
Max_H1_P27 9.90997e-12
Max_H1_P28 -9.09311e-12
Max_H1_P29 6.19672e-13
Max_H1_P30 -2.37534e-11
Max_H1_P31 0
Max_H1_P32 6.50324e-12
Max_H1_P33 -2.772e-11
Max_H1_P34 0
Max_H1_P35 -3.81277e-11
Max_H1_P36 1.49111e-11
Max_H1_P37 0
Max_H1_P38 2.16289e-11
Max_H1_P39 0
Max_H1_P40 1.49831e-11
Max_H1_P41 0
Max_H1_P42 0
Max_H1_P43 0
Max_H1_P44 0
Max_H1_P45 0
Max_H1_P46 0
Max_H1_P47 0
Max_H1_P48 0
Max_H1_P49 0
Max_H1_P50 0
Max_H1_P51 0
Max_H1_P52 0
Max_H1_P53 -2.42001e-12
Max_H1_P54 0
Max_H1_P55 -3.5465e-12
Max_H1_P56 0
Max_H1_P57 1.16813e-11
Max_H1_P58 0
Max_H1_P59 2.73781e-12
Max_H1_P60 2.71796e-11
Max_H1_P61 0
Max_H1_P62 0
Max_H1_P63 0
Max_H1_P64 0
Max_H1_P65 0
Max_H1_P66 6.70752e-12
Max_H1_P67 0
Max_H1_P68 0
Max_H1_P69 0
Max_H1_P70 0
Max_H1_P71 0
Max_H1_P72 0
Max_H1_P73 0
Max_H1_P74 0
Max_H1_P75 0
Max_H1_P76 0
Max_H1_P77 0
Max_H1_P78 0
Max_H1_P79 0
Max_H1_P80 0
Max_H1_P81 0
