
Branch and bound

  Entire solving process        :                           (Time     70.2)
  No feasible solution was found
  Best relaxation cost          :     48147.11 (Node     0) (Time     70.2)
  Lower bound after cuts        :     48147.11
  End lower bound               :     48147.11
  Deepest level reached         : 0
  Deepest real level reached    : 0
  Number of real nodes solved   : 1
  Stopping condition            : enough nodes explored

Problem identification

  Problem                       : <null>
  Machine                       : oslo4.gerad.lan

Solving process summary

  Linear relaxations            :        1
  Column generation iterations  :      112
  Shortest paths solved         :     9333
  Columns generated             :    45224

Instance characteristics

  Resources                     : 3
  Node types                    : no
  Arc types                     : no
  Strong resource windows       : no
  Weak resource windows         : no
  Resource windows (nodes)      : 3
  Resource values (arcs)        : 3
  Values on nodes               : no

  Rows                          : 815
  Initial columns               : 352
  Tasks                         : 653
  Strong tasks                  : 455
  Weak tasks                    : 4
  Initial task constraints      : no
  Nodes                         : 981
  Arc sets                      : 1
  Arcs                          : 20665
  Networks                      : 2
  Models                        : 1

Memory used per module (Megs)

  Parser (reused)               :      4.488
  Networks                      :     26.518
  Column generator              :      4.722
  Master problem                :      7.772
  -----------------
  Total                         :     39.013

Cpu time per module (seconds)

  Parser                        :        0.0
  Preprocessor                  :        0.0
  Lr solver manager             :        0.1
  Column generator              :       25.4
    (Shortest path)             :       20.6
  Master problem                :       44.7
  -------------------
  Total (without b&b)           :       70.2

Real elapsed time (seconds)

  Parser                        :        0.0
  Preprocessor                  :        0.0
  Lr solver manager             :        0.0
  Column generator              :       25.5
    (Shortest path)             :       20.8
  Master problem                :       44.7
  -------------------
  Total (without b&b)           :       70.2
