
Branch and bound

  Entire solving process        :                           (Time    562.8)
  No feasible solution was found
  Best relaxation cost          :     76675.47 (Node     0) (Time    562.8)
  Lower bound after cuts        :     76675.47
  End lower bound               :     76675.47
  Deepest level reached         : 0
  Deepest real level reached    : 0
  Number of real nodes solved   : 1
  Stopping condition            : enough nodes explored

Problem identification

  Problem                       : <null>
  Machine                       : oslo2.gerad.lan

Solving process summary

  Linear relaxations            :        1
  Column generation iterations  :      125
  Shortest paths solved         :     4401
  Columns generated             :    53914

Instance characteristics

  Resources                     : 3
  Node types                    : no
  Arc types                     : no
  Strong resource windows       : no
  Weak resource windows         : no
  Resource windows (nodes)      : 3
  Resource values (arcs)        : 3
  Values on nodes               : no

  Rows                          : 1242
  Initial columns               : 2
  Tasks                         : 1080
  Strong tasks                  : 1076
  Weak tasks                    : 4
  Initial task constraints      : no
  Nodes                         : 1408
  Arc sets                      : 1
  Arcs                          : 50956
  Networks                      : 2
  Models                        : 1

Memory used per module (Megs)

  Parser (reused)               :     10.421
  Networks                      :     38.869
  Column generator              :     15.136
  Master problem                :     11.621
  -----------------
  Total                         :     65.625

Cpu time per module (seconds)

  Parser                        :        0.0
  Preprocessor                  :        0.0
  Lr solver manager             :        0.1
  Column generator              :      153.1
    (Shortest path)             :      137.2
  Master problem                :      409.5
  -------------------
  Total (without b&b)           :      562.8

Real elapsed time (seconds)

  Parser                        :        0.0
  Preprocessor                  :        0.0
  Lr solver manager             :       16.0
  Column generator              :      153.3
    (Shortest path)             :      137.4
  Master problem                :      410.0
  -------------------
  Total (without b&b)           :      579.4
