
Branch and bound

  Entire solving process        :                           (Time    342.1)
  No feasible solution was found
  Best relaxation cost          :     76460.69 (Node     0) (Time    342.0)
  Lower bound after cuts        :     76460.69
  End lower bound               :     76460.69
  Deepest level reached         : 0
  Deepest real level reached    : 0
  Number of real nodes solved   : 1
  Stopping condition            : enough nodes explored

Problem identification

  Problem                       : <null>
  Machine                       : oslo5.gerad.lan

Solving process summary

  Linear relaxations            :        1
  Column generation iterations  :      128
  Shortest paths solved         :     6872
  Columns generated             :    78567

Instance characteristics

  Resources                     : 3
  Node types                    : no
  Arc types                     : no
  Strong resource windows       : no
  Weak resource windows         : no
  Resource windows (nodes)      : 3
  Resource values (arcs)        : 3
  Values on nodes               : no

  Rows                          : 1242
  Initial columns               : 559
  Tasks                         : 1080
  Strong tasks                  : 718
  Weak tasks                    : 4
  Initial task constraints      : no
  Nodes                         : 1408
  Arc sets                      : 1
  Arcs                          : 50956
  Networks                      : 2
  Models                        : 1

Memory used per module (Megs)

  Parser (reused)               :     10.421
  Networks                      :     41.533
  Column generator              :     17.194
  Master problem                :     11.848
  -----------------
  Total                         :     70.574

Cpu time per module (seconds)

  Parser                        :        0.0
  Preprocessor                  :        0.0
  Lr solver manager             :        0.1
  Column generator              :      181.3
    (Shortest path)             :      163.8
  Master problem                :      160.6
  -------------------
  Total (without b&b)           :      342.0

Real elapsed time (seconds)

  Parser                        :        0.0
  Preprocessor                  :        0.0
  Lr solver manager             :        0.1
  Column generator              :      181.4
    (Shortest path)             :      163.8
  Master problem                :      160.5
  -------------------
  Total (without b&b)           :      342.0
