
Branch and bound

  Entire solving process        :                           (Time     46.2)
  No feasible solution was found
  Best relaxation cost          :     37823.94 (Node     0) (Time     46.2)
  Lower bound after cuts        :     37823.94
  End lower bound               :     37823.94
  Deepest level reached         : 0
  Deepest real level reached    : 0
  Number of real nodes solved   : 1
  Stopping condition            : enough nodes explored

Problem identification

  Problem                       : <null>
  Machine                       : oslo4.gerad.lan

Solving process summary

  Linear relaxations            :        1
  Column generation iterations  :      115
  Shortest paths solved         :     6208
  Columns generated             :    36991

Instance characteristics

  Resources                     : 3
  Node types                    : no
  Arc types                     : no
  Strong resource windows       : no
  Weak resource windows         : no
  Resource windows (nodes)      : 3
  Resource values (arcs)        : 3
  Values on nodes               : no

  Rows                          : 689
  Initial columns               : 316
  Tasks                         : 527
  Strong tasks                  : 349
  Weak tasks                    : 4
  Initial task constraints      : no
  Nodes                         : 855
  Arc sets                      : 1
  Arcs                          : 14722
  Networks                      : 2
  Models                        : 1

Memory used per module (Megs)

  Parser (reused)               :      3.398
  Networks                      :     21.553
  Column generator              :      3.875
  Master problem                :      7.047
  -----------------
  Total                         :     32.475

Cpu time per module (seconds)

  Parser                        :        0.0
  Preprocessor                  :        0.0
  Lr solver manager             :        0.0
  Column generator              :       13.2
    (Shortest path)             :       11.0
  Master problem                :       33.0
  -------------------
  Total (without b&b)           :       46.2

Real elapsed time (seconds)

  Parser                        :        0.0
  Preprocessor                  :        0.0
  Lr solver manager             :        0.1
  Column generator              :       13.2
    (Shortest path)             :       10.8
  Master problem                :       32.9
  -------------------
  Total (without b&b)           :       46.1
