
Branch and bound

  Entire solving process        :                           (Time    293.3)
  No feasible solution was found
  Best relaxation cost          :     60366.17 (Node     0) (Time    285.7)
  Lower bound after cuts        :     60366.17
  End lower bound               :     60369.14
  Deepest level reached         : 0
  Deepest real level reached    : 0
  Number of real nodes solved   : 1
  Stopping condition            : enough nodes explored

Problem identification

  Problem                       : <null>
  Machine                       : oslo3.gerad.lan

Solving process summary

  Linear relaxations            :        1
  Column generation iterations  :      136
  Shortest paths solved         :     3851
  Columns generated             :    44743

Instance characteristics

  Resources                     : 3
  Node types                    : no
  Arc types                     : no
  Strong resource windows       : no
  Weak resource windows         : no
  Resource windows (nodes)      : 3
  Resource values (arcs)        : 3
  Values on nodes               : no

  Rows                          : 1018
  Initial columns               : 2
  Tasks                         : 856
  Strong tasks                  : 852
  Weak tasks                    : 4
  Initial task constraints      : no
  Nodes                         : 1184
  Arc sets                      : 1
  Arcs                          : 33741
  Networks                      : 2
  Models                        : 1

Memory used per module (Megs)

  Parser (reused)               :      7.031
  Networks                      :     30.635
  Column generator              :     12.109
  Master problem                :      9.942
  -----------------
  Total                         :     52.686

Cpu time per module (seconds)

  Parser                        :        0.0
  Preprocessor                  :        0.0
  Lr solver manager             :        0.0
  Column generator              :       93.1
    (Shortest path)             :       86.0
  Master problem                :      200.1
  -------------------
  Total (without b&b)           :      293.2

Real elapsed time (seconds)

  Parser                        :        0.0
  Preprocessor                  :        0.0
  Lr solver manager             :        0.0
  Column generator              :       93.0
    (Shortest path)             :       85.9
  Master problem                :      200.2
  -------------------
  Total (without b&b)           :      293.2
