
Branch and bound

  Entire solving process        :                           (Time    348.9)
  No feasible solution was found
  Best relaxation cost          :     70893.40 (Node     0) (Time    348.9)
  Lower bound after cuts        :     70893.40
  End lower bound               :     70893.40
  Deepest level reached         : 0
  Deepest real level reached    : 0
  Number of real nodes solved   : 1
  Stopping condition            : enough nodes explored

Problem identification

  Problem                       : <null>
  Machine                       : oslo1.gerad.lan

Solving process summary

  Linear relaxations            :        1
  Column generation iterations  :      124
  Shortest paths solved         :     3996
  Columns generated             :    45803

Instance characteristics

  Resources                     : 3
  Node types                    : no
  Arc types                     : no
  Strong resource windows       : no
  Weak resource windows         : no
  Resource windows (nodes)      : 3
  Resource values (arcs)        : 3
  Values on nodes               : no

  Rows                          : 1155
  Initial columns               : 2
  Tasks                         : 993
  Strong tasks                  : 989
  Weak tasks                    : 4
  Initial task constraints      : no
  Nodes                         : 1321
  Arc sets                      : 1
  Arcs                          : 43296
  Networks                      : 2
  Models                        : 1

Memory used per module (Megs)

  Parser (reused)               :      8.847
  Networks                      :     36.689
  Column generator              :     14.773
  Master problem                :     11.281
  -----------------
  Total                         :     62.742

Cpu time per module (seconds)

  Parser                        :        0.0
  Preprocessor                  :        0.0
  Lr solver manager             :        0.1
  Column generator              :       90.0
    (Shortest path)             :       79.6
  Master problem                :      258.7
  -------------------
  Total (without b&b)           :      348.8

Real elapsed time (seconds)

  Parser                        :        0.0
  Preprocessor                  :        0.0
  Lr solver manager             :        0.1
  Column generator              :       90.0
    (Shortest path)             :       79.9
  Master problem                :      258.7
  -------------------
  Total (without b&b)           :      348.9
