
Branch and bound

  Entire solving process        :                           (Time     41.8)
  No feasible solution was found
  Best relaxation cost          :     36402.76 (Node     0) (Time     41.8)
  Lower bound after cuts        :     36402.76
  End lower bound               :     36402.76
  Deepest level reached         : 0
  Deepest real level reached    : 0
  Number of real nodes solved   : 1
  Stopping condition            : enough nodes explored

Problem identification

  Problem                       : <null>
  Machine                       : oslo4.gerad.lan

Solving process summary

  Linear relaxations            :        1
  Column generation iterations  :      101
  Shortest paths solved         :     5026
  Columns generated             :    30436

Instance characteristics

  Resources                     : 3
  Node types                    : no
  Arc types                     : no
  Strong resource windows       : no
  Weak resource windows         : no
  Resource windows (nodes)      : 3
  Resource values (arcs)        : 3
  Values on nodes               : no

  Rows                          : 687
  Initial columns               : 334
  Tasks                         : 525
  Strong tasks                  : 334
  Weak tasks                    : 4
  Initial task constraints      : no
  Nodes                         : 853
  Arc sets                      : 1
  Arcs                          : 14495
  Networks                      : 2
  Models                        : 1

Memory used per module (Megs)

  Parser (reused)               :      3.277
  Networks                      :     21.674
  Column generator              :      3.027
  Master problem                :      6.948
  -----------------
  Total                         :     31.650

Cpu time per module (seconds)

  Parser                        :        0.0
  Preprocessor                  :        0.0
  Lr solver manager             :        0.1
  Column generator              :       11.3
    (Shortest path)             :        9.6
  Master problem                :       30.4
  -------------------
  Total (without b&b)           :       41.8

Real elapsed time (seconds)

  Parser                        :        0.0
  Preprocessor                  :        0.0
  Lr solver manager             :        0.1
  Column generator              :       11.2
    (Shortest path)             :        9.5
  Master problem                :       30.5
  -------------------
  Total (without b&b)           :       41.8
