
Branch and bound

  Entire solving process        :                           (Time   2180.5)
  No feasible solution was found
  Best relaxation cost          :     71306.92 (Node     0) (Time   2180.4)
  Lower bound after cuts        :     71306.92
  End lower bound               :     71306.92
  Deepest level reached         : 0
  Deepest real level reached    : 0
  Number of real nodes solved   : 1
  Stopping condition            : enough nodes explored

Problem identification

  Problem                       : <null>
  Machine                       : oslo3.gerad.lan

Solving process summary

  Linear relaxations            :        1
  Column generation iterations  :      214
  Shortest paths solved         :     5116
  Columns generated             :    64399

Instance characteristics

  Resources                     : 3
  Node types                    : no
  Arc types                     : no
  Strong resource windows       : no
  Weak resource windows         : no
  Resource windows (nodes)      : 3
  Resource values (arcs)        : 3
  Values on nodes               : no

  Rows                          : 1272
  Initial columns               : 2
  Tasks                         : 1110
  Strong tasks                  : 1106
  Weak tasks                    : 4
  Initial task constraints      : no
  Nodes                         : 1438
  Arc sets                      : 1
  Arcs                          : 53953
  Networks                      : 2
  Models                        : 1

Memory used per module (Megs)

  Parser (reused)               :     10.905
  Networks                      :     39.595
  Column generator              :     30.393
  Master problem                :     12.301
  -----------------
  Total                         :     82.289

Cpu time per module (seconds)

  Parser                        :        0.0
  Preprocessor                  :        0.0
  Lr solver manager             :        0.2
  Column generator              :      406.1
    (Shortest path)             :      386.2
  Master problem                :     1774.1
  -------------------
  Total (without b&b)           :     2180.4

Real elapsed time (seconds)

  Parser                        :        0.1
  Preprocessor                  :        0.0
  Lr solver manager             :        0.2
  Column generator              :      406.2
    (Shortest path)             :      386.4
  Master problem                :     1774.0
  -------------------
  Total (without b&b)           :     2180.4
