
Branch and bound

  Entire solving process        :                           (Time    362.3)
  No feasible solution was found
  Best relaxation cost          :     48043.24 (Node     0) (Time    362.3)
  Lower bound after cuts        :     48043.24
  End lower bound               :     48043.24
  Deepest level reached         : 0
  Deepest real level reached    : 0
  Number of real nodes solved   : 1
  Stopping condition            : enough nodes explored

Problem identification

  Problem                       : <null>
  Machine                       : oslo1.gerad.lan

Solving process summary

  Linear relaxations            :        1
  Column generation iterations  :      181
  Shortest paths solved         :     4091
  Columns generated             :    45987

Instance characteristics

  Resources                     : 3
  Node types                    : no
  Arc types                     : no
  Strong resource windows       : no
  Weak resource windows         : no
  Resource windows (nodes)      : 3
  Resource values (arcs)        : 3
  Values on nodes               : no

  Rows                          : 941
  Initial columns               : 2
  Tasks                         : 779
  Strong tasks                  : 775
  Weak tasks                    : 4
  Initial task constraints      : no
  Nodes                         : 1107
  Arc sets                      : 1
  Arcs                          : 28206
  Networks                      : 2
  Models                        : 1

Memory used per module (Megs)

  Parser (reused)               :      5.941
  Networks                      :     28.213
  Column generator              :      7.871
  Master problem                :      9.375
  -----------------
  Total                         :     45.459

Cpu time per module (seconds)

  Parser                        :        0.0
  Preprocessor                  :        0.0
  Lr solver manager             :        0.1
  Column generator              :       56.7
    (Shortest path)             :       51.4
  Master problem                :      305.4
  -------------------
  Total (without b&b)           :      362.3

Real elapsed time (seconds)

  Parser                        :        0.0
  Preprocessor                  :        0.0
  Lr solver manager             :        0.1
  Column generator              :       56.8
    (Shortest path)             :       51.5
  Master problem                :      305.3
  -------------------
  Total (without b&b)           :      362.3
