
Branch and bound

  Entire solving process        :                           (Time    152.1)
  No feasible solution was found
  Best relaxation cost          :     47795.26 (Node     0) (Time    152.1)
  Lower bound after cuts        :     47795.26
  End lower bound               :     47795.26
  Deepest level reached         : 0
  Deepest real level reached    : 0
  Number of real nodes solved   : 1
  Stopping condition            : enough nodes explored

Problem identification

  Problem                       : <null>
  Machine                       : oslo4.gerad.lan

Solving process summary

  Linear relaxations            :        1
  Column generation iterations  :      125
  Shortest paths solved         :     7226
  Columns generated             :    53333

Instance characteristics

  Resources                     : 3
  Node types                    : no
  Arc types                     : no
  Strong resource windows       : no
  Weak resource windows         : no
  Resource windows (nodes)      : 3
  Resource values (arcs)        : 3
  Values on nodes               : no

  Rows                          : 941
  Initial columns               : 394
  Tasks                         : 779
  Strong tasks                  : 540
  Weak tasks                    : 4
  Initial task constraints      : no
  Nodes                         : 1107
  Arc sets                      : 1
  Arcs                          : 28206
  Networks                      : 2
  Models                        : 1

Memory used per module (Megs)

  Parser (reused)               :      5.941
  Networks                      :     30.635
  Column generator              :      8.113
  Master problem                :      9.383
  -----------------
  Total                         :     48.130

Cpu time per module (seconds)

  Parser                        :        0.0
  Preprocessor                  :        0.0
  Lr solver manager             :        0.1
  Column generator              :       51.7
    (Shortest path)             :       45.8
  Master problem                :      100.3
  -------------------
  Total (without b&b)           :      152.1

Real elapsed time (seconds)

  Parser                        :        0.0
  Preprocessor                  :        0.0
  Lr solver manager             :        0.1
  Column generator              :       51.7
    (Shortest path)             :       46.3
  Master problem                :      100.3
  -------------------
  Total (without b&b)           :      152.1
