Cover_T0 52
Cover_T1 -52
Cover_T2 52
Cover_T3 -52
Cover_T4 52
Cover_T5 -52
Cover_T6 52
Cover_T7 -52
Cover_T8 52
Cover_T9 -52
Cover_T10 52
Cover_T11 -52
Cover_T12 54
Cover_T13 -52
Cover_T14 54
Cover_T15 -50
Cover_T16 56
Cover_T17 -50
Cover_T18 56
Cover_T19 -48
Cover_T20 60
Cover_T21 -48
Cover_T22 60
Cover_T23 -44
Cover_T24 60
Cover_T25 -44
Cover_T26 60
Cover_T27 -44
Cover_T28 60
Cover_T29 -44
Cover_T30 52
Cover_T31 -44
Cover_T32 52
Cover_T33 -44
Cover_T34 50
Cover_T35 -36
Cover_T36 58
Cover_T37 -30
Cover_T38 52
Cover_T39 -38
Cover_T40 68
Cover_T41 -38
Cover_T42 60
Cover_T43 978
Cover_T44 52
Cover_T45 970
Cover_T46 1028
Cover_T47 962
Cover_T48 1026
Cover_T49 982
Cover_T50 1042
Cover_T51 974
Cover_T52 1036
Cover_T53 984
Cover_T54 1036
Cover_T55 984
Cover_T56 1036
Cover_T57 968
Cover_T58 1044
Cover_T59 976
Cover_T60 20
Cover_T61 984
Cover_T62 36
Cover_T63 0
Cover_T64 36
Cover_T65 8
Cover_T66 20
Cover_T67 -6
Cover_T68 18
Cover_T69 -6
Cover_T70 10
Cover_T71 -6
Cover_T72 4
Cover_T73 -6
Cover_T74 16
Cover_T75 -2
Cover_T76 0
Cover_T77 -2
Cover_T78 4
Cover_T79 2
Cover_T80 4
Cover_T81 8
Cover_T82 12
Cover_T83 2
Cover_T84 16
Cover_T85 6
Cover_T86 2
Cover_T87 14
Cover_T88 2
Cover_T89 10
Cover_T90 -18
Cover_T91 -8.56417e-11
Cover_T92 -38
Cover_T93 0
Cover_T94 16
Cover_T95 4
Cover_T96 4
Cover_T97 16
Cover_T98 8
Cover_T99 32
Cover_T100 2
Cover_T101 48
Cover_T102 0
Cover_T103 -6
Cover_T104 2
Cover_T105 -3.51505e-11
Cover_T106 2
Cover_T107 2
Cover_T108 2
Cover_T109 0
Cover_T110 2
Cover_T111 -1.91926e-11
Cover_T112 2
Cover_T113 8
Cover_T114 12
Cover_T115 8
Cover_T116 2
Cover_T117 8
Cover_T118 2
Cover_T119 8
Cover_T120 12
Cover_T121 8
Cover_T122 -8
Cover_T123 0
Cover_T124 16
Cover_T125 8
Cover_T126 10
Cover_T127 6
Cover_T128 -14
Cover_T129 30
Cover_T130 -38
Cover_T131 0
Cover_T132 10
Cover_T133 4
Cover_T134 10
Cover_T135 20
Cover_T136 -6
Cover_T137 36
Cover_T138 -10
Cover_T139 52
Cover_T140 -26
Cover_T141 -1.5136e-10
Cover_T142 -42
Cover_T143 -3.76335e-10
Cover_T144 4
Cover_T145 16
Cover_T146 8
Cover_T147 20
Cover_T148 4
Cover_T149 36
Cover_T150 2
Cover_T151 52
Cover_T152 -10
Cover_T153 6
Cover_T154 -26
Cover_T155 2
Cover_T156 -42
Cover_T157 6
Cover_T158 -42
Cover_T159 8
Cover_T160 -34
Cover_T161 20
Cover_T162 -30
Cover_T163 46
Cover_T164 16
Cover_T165 56
Cover_T166 0
Cover_T167 56
Cover_T168 4
Cover_T169 64
Cover_T170 4
Cover_T171 12
Cover_T172 14
Cover_T173 2
Cover_T174 14
Cover_T175 18
Cover_T176 0
Cover_T177 14
Cover_T178 10
Cover_T179 6
Cover_T180 12
Cover_T181 14
Cover_T182 0
Cover_T183 12
Cover_T184 4
Cover_T185 4
Cover_T186 4
Cover_T187 16
Cover_T188 -4
Cover_T189 4
Cover_T190 -6
Cover_T191 6
Cover_T192 -24
Cover_T193 14
Cover_T194 -40
Cover_T195 6
Cover_T196 -6
Cover_T197 18
Cover_T198 -22
Cover_T199 20
Cover_T200 -38
Cover_T201 38
Cover_T202 -6
Cover_T203 60
Cover_T204 -22
Cover_T205 24
Cover_T206 -40
Cover_T207 40
Cover_T208 -10
Cover_T209 68
Cover_T210 -6
Cover_T211 36
Cover_T212 -6
Cover_T213 52
Cover_T214 -14
Cover_T215 68
Cover_T216 -10
Cover_T217 40
Cover_T218 -16
Cover_T219 36
Cover_T220 -16
Cover_T221 36
Cover_T222 -16
Cover_T223 40
Cover_T224 -24
Cover_T225 38
Cover_T226 -38
Cover_T227 36
Cover_T228 -24
Cover_T229 40
Cover_T230 -24
Cover_T231 40
Cover_T232 -28
Cover_T233 46
Cover_T234 -26
Cover_T235 42
Cover_T236 -28
Cover_T237 38
Cover_T238 -28
Cover_T239 60
Cover_T240 -30
Cover_T241 60
Cover_T242 -34
Cover_T243 42
Cover_T244 -36
Cover_T245 68
Cover_T246 -36
Cover_T247 54
Cover_T248 -36
Cover_T249 68
Cover_T250 -38
Cover_T251 58
Cover_T252 -44
Cover_T253 62
Cover_T254 -46
Cover_T255 58
Cover_T256 -48
Cover_T257 56
Cover_T258 52
Cover_T259 -52
Cover_T260 54
Cover_T261 -48
Cover_T262 58
Cover_T263 -48
Cover_T264 58
Cover_T265 -44
Cover_T266 58
Cover_T267 -44
Cover_T268 58
Cover_T269 -44
Cover_T270 56
Cover_T271 -44
Cover_T272 56
Cover_T273 -44
Cover_T274 54
Cover_T275 -36
Cover_T276 54
Cover_T277 -40
Cover_T278 54
Cover_T279 -34
Cover_T280 48
Cover_T281 -42
Cover_T282 60
Cover_T283 978
Cover_T284 48
Cover_T285 966
Cover_T286 1028
Cover_T287 978
Cover_T288 1032
Cover_T289 984
Cover_T290 1038
Cover_T291 972
Cover_T292 16
Cover_T293 984
Cover_T294 32
Cover_T295 4
Cover_T296 20
Cover_T297 -8
Cover_T298 14
Cover_T299 -8
Cover_T300 10
Cover_T301 -8
Cover_T302 6
Cover_T303 -8
Cover_T304 0
Cover_T305 -4
Cover_T306 14
Cover_T307 -4
Cover_T308 -2
Cover_T309 0
Cover_T310 2
Cover_T311 6
Cover_T312 2
Cover_T313 -8
Cover_T314 -14
Cover_T315 8
Cover_T316 -2
Cover_T317 4
Cover_T318 10
Cover_T319 4
Cover_T320 0
Cover_T321 -8
Cover_T322 -1.68257e-11
Cover_T323 8
Cover_T324 -4
Cover_T325 -4
Cover_T326 -16
Cover_T327 6
Cover_T328 -40
Cover_T329 6
Cover_T330 6
Cover_T331 26
Cover_T332 6
Cover_T333 50
Cover_T334 -5.27507e-11
Cover_T335 0
Cover_T336 -1.44041e-10
Cover_T337 0
Cover_T338 0
Cover_T339 6
Cover_T340 -4.39021e-11
Cover_T341 8
Cover_T342 0
Cover_T343 6
Cover_T344 0
Cover_T345 6
Cover_T346 10
Cover_T347 6
Cover_T348 4.08207e-12
Cover_T349 6
Cover_T350 -9.3161e-12
Cover_T351 6
Cover_T352 10
Cover_T353 -4
Cover_T354 -6
Cover_T355 6
Cover_T356 -22
Cover_T357 6
Cover_T358 10
Cover_T359 -4
Cover_T360 -6.47297e-11
Cover_T361 12
Cover_T362 -4
Cover_T363 28
Cover_T364 -20
Cover_T365 -4
Cover_T366 -36
Cover_T367 -2
Cover_T368 8
Cover_T369 22
Cover_T370 2.28056e-10
Cover_T371 46
Cover_T372 -12
Cover_T373 2
Cover_T374 -36
Cover_T375 10
Cover_T376 2
Cover_T377 18
Cover_T378 6
Cover_T379 34
Cover_T380 2
Cover_T381 50
Cover_T382 1.27443e-10
Cover_T383 4
Cover_T384 -12
Cover_T385 0
Cover_T386 -28
Cover_T387 4
Cover_T388 -44
Cover_T389 6
Cover_T390 -44
Cover_T391 18
Cover_T392 -36
Cover_T393 34
Cover_T394 -52
Cover_T395 52
Cover_T396 -44
Cover_T397 54
Cover_T398 10
Cover_T399 44
Cover_T400 0
Cover_T401 36
Cover_T402 12
Cover_T403 52
Cover_T404 -2
Cover_T405 6
Cover_T406 6
Cover_T407 20
Cover_T408 12
Cover_T409 18
Cover_T410 4
Cover_T411 24
Cover_T412 8
Cover_T413 16
Cover_T414 0
Cover_T415 14
Cover_T416 2
Cover_T417 18
Cover_T418 -4
Cover_T419 14
Cover_T420 -10
Cover_T421 18
Cover_T422 -34
Cover_T423 12
Cover_T424 -8
Cover_T425 26
Cover_T426 -32
Cover_T427 50
Cover_T428 -8
Cover_T429 24
Cover_T430 -34
Cover_T431 52
Cover_T432 -12
Cover_T433 32
Cover_T434 -22
Cover_T435 60
Cover_T436 -16
Cover_T437 34
Cover_T438 -18
Cover_T439 34
Cover_T440 -16
Cover_T441 34
Cover_T442 -18
Cover_T443 38
Cover_T444 -18
Cover_T445 34
Cover_T446 -26
Cover_T447 32
Cover_T448 -40
Cover_T449 36
Cover_T450 -26
Cover_T451 38
Cover_T452 -26
Cover_T453 32
Cover_T454 -26
Cover_T455 42
Cover_T456 -32
Cover_T457 54
Cover_T458 -44
Cover_T459 44
Cover_T460 -30
Cover_T461 34
Cover_T462 -44
Cover_T463 34
Cover_T464 -32
Cover_T465 44
Cover_T466 -28
Cover_T467 58
Cover_T468 -36
Cover_T469 44
Cover_T470 -46
Cover_T471 56
Cover_T472 -36
Cover_T473 48
Cover_T474 -36
Cover_T475 40
Cover_T476 -44
Cover_T477 58
Cover_T478 -42
Cover_T479 56
Cover_T480 -42
Cover_T481 48
Cover_T482 -36
Cover_T483 62
Cover_T484 -44
Cover_T485 64
Cover_T486 -38
Cover_T487 46
Cover_T488 -46
Cover_T489 56
Cover_T490 -46
Cover_T491 52
Cover_T492 -48
Cover_T493 54
Cover_T494 -52
Cover_T495 56
Cover_T496 -52
Cover_T497 58
Cover_T498 -44
Cover_T499 58
Cover_T500 -44
Cover_T501 58
Cover_T502 -44
Cover_T503 58
Cover_T504 -44
Cover_T505 56
Cover_T506 -36
Cover_T507 56
Cover_T508 -40
Cover_T509 54
Cover_T510 -34
Cover_T511 70
Cover_T512 -42
Cover_T513 56
Cover_T514 974
Cover_T515 48
Cover_T516 966
Cover_T517 1032
Cover_T518 958
Cover_T519 1024
Cover_T520 978
Cover_T521 1034
Cover_T522 984
Cover_T523 1044
Cover_T524 980
Cover_T525 1038
Cover_T526 976
Cover_T527 1044
Cover_T528 984
Cover_T529 1032
Cover_T530 984
Cover_T531 1044
Cover_T532 968
Cover_T533 1040
Cover_T534 976
Cover_T535 28
Cover_T536 984
Cover_T537 28
Cover_T538 3.56679e-11
Cover_T539 44
Cover_T540 8
Cover_T541 16
Cover_T542 -6
Cover_T543 10
Cover_T544 -6
Cover_T545 0
Cover_T546 -6
Cover_T547 14
Cover_T548 -6
Cover_T549 -4
Cover_T550 -2
Cover_T551 0
Cover_T552 -2
Cover_T553 0
Cover_T554 2
Cover_T555 12
Cover_T556 8
Cover_T557 -2
Cover_T558 -10
Cover_T559 14
Cover_T560 2
Cover_T561 8
Cover_T562 14
Cover_T563 0
Cover_T564 6
Cover_T565 -1.32836e-11
Cover_T566 2
Cover_T567 0
Cover_T568 14
Cover_T569 -8
Cover_T570 -2
Cover_T571 -20
Cover_T572 10
Cover_T573 -32
Cover_T574 -6
Cover_T575 -44
Cover_T576 5.7792e-11
Cover_T577 14
Cover_T578 8
Cover_T579 6
Cover_T580 8
Cover_T581 0
Cover_T582 8
Cover_T583 2
Cover_T584 16
Cover_T585 0
Cover_T586 28
Cover_T587 2
Cover_T588 40
Cover_T589 0
Cover_T590 52
Cover_T591 -4
Cover_T592 -6
Cover_T593 -3.57794e-11
Cover_T594 2
Cover_T595 4
Cover_T596 -6
Cover_T597 6
Cover_T598 -1.61435e-11
Cover_T599 6
Cover_T600 2
Cover_T601 16
Cover_T602 0
Cover_T603 6
Cover_T604 1.52756e-11
Cover_T605 6
Cover_T606 0
Cover_T607 16
Cover_T608 1.90997e-10
Cover_T609 5.23777e-10
Cover_T610 1.5282e-11
Cover_T611 -16
Cover_T612 -10
Cover_T613 16
Cover_T614 -2.39948e-11
Cover_T615 6
Cover_T616 0
Cover_T617 2
Cover_T618 -10
Cover_T619 -14
Cover_T620 6
Cover_T621 -30
Cover_T622 22
Cover_T623 -46
Cover_T624 -10
Cover_T625 6
Cover_T626 8.01208e-11
Cover_T627 6
Cover_T628 4
Cover_T629 -10
Cover_T630 20
Cover_T631 -14
Cover_T632 36
Cover_T633 -30
Cover_T634 52
Cover_T635 -46
Cover_T636 0
Cover_T637 0
Cover_T638 0
Cover_T639 4
Cover_T640 16
Cover_T641 0
Cover_T642 20
Cover_T643 -2
Cover_T644 36
Cover_T645 -14
Cover_T646 52
Cover_T647 -30
Cover_T648 6
Cover_T649 -46
Cover_T650 2
Cover_T651 -46
Cover_T652 6
Cover_T653 -38
Cover_T654 10
Cover_T655 -30
Cover_T656 22
Cover_T657 -42
Cover_T658 30
Cover_T659 -50
Cover_T660 40
Cover_T661 12
Cover_T662 46
Cover_T663 4
Cover_T664 56
Cover_T665 2
Cover_T666 48
Cover_T667 -4
Cover_T668 54
Cover_T669 16
Cover_T670 38
Cover_T671 8
Cover_T672 48
Cover_T673 3.40266e-10
Cover_T674 56
Cover_T675 14
Cover_T676 44
Cover_T677 8
Cover_T678 54
Cover_T679 -3.18174e-10
Cover_T680 56
Cover_T681 14
Cover_T682 -2
Cover_T683 16
Cover_T684 16
Cover_T685 6
Cover_T686 16
Cover_T687 14
Cover_T688 26
Cover_T689 10
Cover_T690 6
Cover_T691 14
Cover_T692 18
Cover_T693 0
Cover_T694 14
Cover_T695 8
Cover_T696 26
Cover_T697 4
Cover_T698 6
Cover_T699 2.09186e-10
Cover_T700 18
Cover_T701 2
Cover_T702 12
Cover_T703 1.36328e-09
Cover_T704 16
Cover_T705 5.64314e-10
Cover_T706 8
Cover_T707 -2
Cover_T708 8
Cover_T709 -18
Cover_T710 14
Cover_T711 -36
Cover_T712 8
Cover_T713 -4
Cover_T714 6
Cover_T715 -18
Cover_T716 14
Cover_T717 -34
Cover_T718 16
Cover_T719 -4
Cover_T720 38
Cover_T721 -18
Cover_T722 54
Cover_T723 -34
Cover_T724 20
Cover_T725 -4
Cover_T726 36
Cover_T727 -6
Cover_T728 60
Cover_T729 -6
Cover_T730 28
Cover_T731 -12
Cover_T732 44
Cover_T733 -10
Cover_T734 62
Cover_T735 -10
Cover_T736 32
Cover_T737 -18
Cover_T738 36
Cover_T739 -30
Cover_T740 34
Cover_T741 -32
Cover_T742 38
Cover_T743 -32
Cover_T744 32
Cover_T745 -28
Cover_T746 40
Cover_T747 -44
Cover_T748 44
Cover_T749 -34
Cover_T750 60
Cover_T751 -26
Cover_T752 46
Cover_T753 -26
Cover_T754 46
Cover_T755 -36
Cover_T756 46
Cover_T757 -28
Cover_T758 62
Cover_T759 -30
Cover_T760 54
Cover_T761 -32
Cover_T762 46
Cover_T763 -30
Cover_T764 46
Cover_T765 -30
Cover_T766 60
Cover_T767 -36
Cover_T768 50
Cover_T769 -36
Cover_T770 54
Cover_T771 -36
Cover_T772 58
Cover_T773 -38
Cover_T774 58
Cover_T775 -44
Cover_T776 54
Cover_T777 -40
Cover_T778 60
Cover_T779 -46
Cover_T780 52
Cover_T781 -46
Cover_T782 58
Cover_T783 -48
Cover_T784 52
Cover_T785 -52
Cover_T786 52
Cover_T787 16
Cover_T788 4
Cover_T789 18
Cover_T790 4
Cover_T791 12
Cover_T792 2
Cover_T793 4
Cover_T794 10
Cover_T795 24
Cover_T796 -1.88336e-10
Cover_T797 92
Cover_T798 8
Cover_T799 1036
Cover_T800 1016
Cover_T801 1024
Cover_T802 1008
Cover_T803 1004
Cover_T804 1026
Cover_T805 1074
Cover_T806 1014
Cover_T807 1080
Cover_T808 1026
Cover_T809 1076
Cover_T810 942
Cover_T811 1080
Cover_T812 0
Cover_T813 68
Cover_T814 12
Cover_T815 68
Cover_T816 24
Cover_T817 52
Cover_T818 -34
Cover_T819 52
Cover_T820 54
Cover_T821 0
Cover_T822 54
Cover_T823 -12
Cover_T824 56
Cover_T825 -36
Cover_T826 56
Cover_T827 -34
Cover_T828 20
Cover_T829 -32
Cover_T830 42
Cover_T831 0
Cover_T832 46
Cover_T833 0
Cover_T834 64
Cover_T835 22
Cover_T836 52
Cover_T837 60
Cover_T838 66
Cover_T839 48
Cover_T840 48
Cover_T841 60
Cover_T842 62
Cover_T843 36
Cover_T844 24
Cover_T845 24
Cover_T846 24
Cover_T847 46
Cover_T848 0
Cover_T849 34
Cover_T850 -26
Cover_T851 0
Cover_T852 -12
Cover_T853 -22
Cover_T854 -6
Cover_T855 0
Cover_T856 30
Cover_T857 -4.55924e-09
Cover_T858 38
Cover_T859 40
Cover_T860 64
Cover_T861 32
Cover_T862 32
Cover_T863 40
Cover_T864 32
Cover_T865 30
Count_D0 -984
Count_D1 -1000
Max_H0_P0 0
Max_H0_P1 0
Max_H0_P2 0
Max_H0_P3 0
Max_H0_P4 0
Max_H0_P5 0
Max_H0_P6 0
Max_H0_P7 0
Max_H0_P8 -5.14504e-11
Max_H0_P9 -2
Max_H0_P10 0
Max_H0_P11 0
Max_H0_P12 0
Max_H0_P13 0
Max_H0_P14 0
Max_H0_P15 -1.25976e-10
Max_H0_P16 -1.01288e-10
Max_H0_P17 -3.13073e-11
Max_H0_P18 -1.0986e-11
Max_H0_P19 1.30642e-11
Max_H0_P20 3.96021e-11
Max_H0_P21 6.98912e-12
Max_H0_P22 -6.36864e-13
Max_H0_P23 -3.51577e-11
Max_H0_P24 -1.0786e-11
Max_H0_P25 -2.34166e-12
Max_H0_P26 5.20907e-12
Max_H0_P27 -2.28608e-11
Max_H0_P28 -1.83938e-11
Max_H0_P29 -1.00652e-10
Max_H0_P30 -2.21737e-11
Max_H0_P31 -1.08665e-11
Max_H0_P32 -1.50277e-11
Max_H0_P33 -8.90843e-12
Max_H0_P34 -1.74954e-11
Max_H0_P35 2.76223e-13
Max_H0_P36 -2.8697e-11
Max_H0_P37 -1.73197e-11
Max_H0_P38 -1.08862e-11
Max_H0_P39 9.3428e-11
Max_H0_P40 1.60494e-11
Max_H0_P41 4.6231e-11
Max_H0_P42 1.11914e-10
Max_H0_P43 -3.42657e-12
Max_H0_P44 0
Max_H0_P45 0
Max_H0_P46 0
Max_H0_P47 0
Max_H0_P48 0
Max_H0_P49 0
Max_H0_P50 0
Max_H0_P51 0
Max_H0_P52 -1.11021e-10
Max_H0_P53 0
Max_H0_P54 0
Max_H0_P55 0
Max_H0_P56 0
Max_H0_P57 0
Max_H0_P58 0
Max_H0_P59 0
Max_H0_P60 0
Max_H0_P61 0
Max_H0_P62 0
Max_H0_P63 0
Max_H0_P64 0
Max_H0_P65 0
Max_H0_P66 0
Max_H0_P67 0
Max_H0_P68 0
Max_H0_P69 0
Max_H0_P70 0
Max_H0_P71 0
Max_H0_P72 0
Max_H0_P73 0
Max_H0_P74 0
Max_H0_P75 0
Max_H0_P76 0
Max_H0_P77 0
Max_H0_P78 0
Max_H0_P79 0
Max_H0_P80 0
Max_H0_P81 0
Max_H1_P0 0
Max_H1_P1 0
Max_H1_P2 0
Max_H1_P3 0
Max_H1_P4 0
Max_H1_P5 5.36104e-12
Max_H1_P6 -0
Max_H1_P7 1.00044e-11
Max_H1_P8 0
Max_H1_P9 -2
Max_H1_P10 6.94911e-12
Max_H1_P11 0
Max_H1_P12 0
Max_H1_P13 0
Max_H1_P14 0
Max_H1_P15 -6.91247e-11
Max_H1_P16 -8.0786e-11
Max_H1_P17 -3.13073e-11
Max_H1_P18 -2.29208e-12
Max_H1_P19 1.86908e-11
Max_H1_P20 4.02767e-11
Max_H1_P21 -2.72441e-11
Max_H1_P22 -2.94599e-11
Max_H1_P23 -2.41784e-11
Max_H1_P24 -1.28964e-11
Max_H1_P25 6.35225e-12
Max_H1_P26 -1.396e-11
Max_H1_P27 -4.43379e-12
Max_H1_P28 2.20552e-11
Max_H1_P29 -7.85985e-12
Max_H1_P30 1.01433e-11
Max_H1_P31 -6.52367e-13
Max_H1_P32 -8.6402e-12
Max_H1_P33 4.55458e-12
Max_H1_P34 -4.43379e-12
Max_H1_P35 -5.52092e-12
Max_H1_P36 -5.94585e-11
Max_H1_P37 -2.9047e-11
Max_H1_P38 -2.63549e-11
Max_H1_P39 1.12553e-10
Max_H1_P40 3.74669e-11
Max_H1_P41 6.8212e-11
Max_H1_P42 8.49072e-11
Max_H1_P43 0
Max_H1_P44 0
Max_H1_P45 0
Max_H1_P46 0
Max_H1_P47 0
Max_H1_P48 0
Max_H1_P49 0
Max_H1_P50 0
Max_H1_P51 0
Max_H1_P52 -1.30819e-10
Max_H1_P53 6.10376e-11
Max_H1_P54 0
Max_H1_P55 -3.0159e-11
Max_H1_P56 0
Max_H1_P57 0
Max_H1_P58 0
Max_H1_P59 0
Max_H1_P60 0
Max_H1_P61 4.13378e-11
Max_H1_P62 0
Max_H1_P63 6.29008e-12
Max_H1_P64 0
Max_H1_P65 0
Max_H1_P66 0
Max_H1_P67 0
Max_H1_P68 0
Max_H1_P69 0
Max_H1_P70 0
Max_H1_P71 0
Max_H1_P72 0
Max_H1_P73 0
Max_H1_P74 0
Max_H1_P75 0
Max_H1_P76 -6.04947e-11
Max_H1_P77 5.11143e-11
Max_H1_P78 0
Max_H1_P79 0
Max_H1_P80 0
Max_H1_P81 0
