
Branch and bound

  Entire solving process        :                           (Time    598.4)
  No feasible solution was found
  Best relaxation cost          :     71347.18 (Node     0) (Time    598.4)
  Lower bound after cuts        :     71347.18
  End lower bound               :     71347.18
  Deepest level reached         : 0
  Deepest real level reached    : 0
  Number of real nodes solved   : 1
  Stopping condition            : enough nodes explored

Problem identification

  Problem                       : <null>
  Machine                       : oslo3.gerad.lan

Solving process summary

  Linear relaxations            :        1
  Column generation iterations  :      131
  Shortest paths solved         :     6315
  Columns generated             :    76499

Instance characteristics

  Resources                     : 3
  Node types                    : no
  Arc types                     : no
  Strong resource windows       : no
  Weak resource windows         : no
  Resource windows (nodes)      : 3
  Resource values (arcs)        : 3
  Values on nodes               : no

  Rows                          : 1332
  Initial columns               : 594
  Tasks                         : 1170
  Strong tasks                  : 807
  Weak tasks                    : 4
  Initial task constraints      : no
  Nodes                         : 1498
  Arc sets                      : 1
  Arcs                          : 58210
  Networks                      : 2
  Models                        : 1

Memory used per module (Megs)

  Parser (reused)               :     11.753
  Networks                      :     45.407
  Column generator              :     30.029
  Master problem                :     13.262
  -----------------
  Total                         :     88.698

Cpu time per module (seconds)

  Parser                        :        0.1
  Preprocessor                  :        0.0
  Lr solver manager             :        0.1
  Column generator              :      346.9
    (Shortest path)             :      322.2
  Master problem                :      251.4
  -------------------
  Total (without b&b)           :      598.4

Real elapsed time (seconds)

  Parser                        :        0.1
  Preprocessor                  :        0.0
  Lr solver manager             :        0.1
  Column generator              :      346.9
    (Shortest path)             :      322.6
  Master problem                :      251.3
  -------------------
  Total (without b&b)           :      598.4
