Cover_T0 52
Cover_T1 -52
Cover_T2 52
Cover_T3 -52
Cover_T4 52
Cover_T5 -52
Cover_T6 54
Cover_T7 -52
Cover_T8 54
Cover_T9 -50
Cover_T10 52
Cover_T11 -50
Cover_T12 54
Cover_T13 -50
Cover_T14 54
Cover_T15 -50
Cover_T16 54
Cover_T17 -50
Cover_T18 54
Cover_T19 -50
Cover_T20 54
Cover_T21 -50
Cover_T22 54
Cover_T23 -50
Cover_T24 52
Cover_T25 -48
Cover_T26 52
Cover_T27 -48
Cover_T28 50
Cover_T29 -40
Cover_T30 54
Cover_T31 -42
Cover_T32 54
Cover_T33 -46
Cover_T34 50
Cover_T35 -30
Cover_T36 48
Cover_T37 30
Cover_T38 54
Cover_T39 16
Cover_T40 1038
Cover_T41 -1.95328e-11
Cover_T42 1026
Cover_T43 992
Cover_T44 1034
Cover_T45 992
Cover_T46 1028
Cover_T47 992
Cover_T48 974
Cover_T49 986
Cover_T50 980
Cover_T51 0
Cover_T52 998
Cover_T53 12
Cover_T54 8
Cover_T55 0
Cover_T56 6
Cover_T57 0
Cover_T58 8
Cover_T59 8
Cover_T60 8
Cover_T61 12
Cover_T62 4
Cover_T63 10
Cover_T64 4
Cover_T65 10
Cover_T66 -26
Cover_T67 14
Cover_T68 4
Cover_T69 14
Cover_T70 2
Cover_T71 32
Cover_T72 -18
Cover_T73 52
Cover_T74 2
Cover_T75 10
Cover_T76 -18
Cover_T77 6
Cover_T78 4
Cover_T79 26
Cover_T80 6
Cover_T81 6
Cover_T82 8
Cover_T83 26
Cover_T84 0
Cover_T85 4
Cover_T86 -14
Cover_T87 2
Cover_T88 -34
Cover_T89 -1.23795e-10
Cover_T90 2
Cover_T91 8
Cover_T92 8
Cover_T93 22
Cover_T94 8
Cover_T95 42
Cover_T96 8
Cover_T97 6
Cover_T98 0
Cover_T99 -7.29585e-11
Cover_T100 8
Cover_T101 -1.1942e-10
Cover_T102 0
Cover_T103 -5.47828e-12
Cover_T104 0
Cover_T105 8
Cover_T106 0
Cover_T107 -7.99361e-11
Cover_T108 8
Cover_T109 8
Cover_T110 8
Cover_T111 8
Cover_T112 8
Cover_T113 8
Cover_T114 -12
Cover_T115 -7.27596e-11
Cover_T116 -32
Cover_T117 -1.27676e-10
Cover_T118 8
Cover_T119 4
Cover_T120 -6
Cover_T121 28
Cover_T122 -30
Cover_T123 52
Cover_T124 6
Cover_T125 20
Cover_T126 -18
Cover_T127 34
Cover_T128 -40
Cover_T129 54
Cover_T130 4
Cover_T131 16
Cover_T132 0
Cover_T133 40
Cover_T134 4
Cover_T135 60
Cover_T136 8
Cover_T137 24
Cover_T138 -6
Cover_T139 28
Cover_T140 2
Cover_T141 24
Cover_T142 -1.89004e-11
Cover_T143 22
Cover_T144 -4
Cover_T145 26
Cover_T146 -6
Cover_T147 22
Cover_T148 -26
Cover_T149 26
Cover_T150 -12
Cover_T151 24
Cover_T152 -16
Cover_T153 30
Cover_T154 -14
Cover_T155 60
Cover_T156 -14
Cover_T157 24
Cover_T158 -22
Cover_T159 50
Cover_T160 -16
Cover_T161 46
Cover_T162 -36
Cover_T163 38
Cover_T164 -24
Cover_T165 40
Cover_T166 -42
Cover_T167 54
Cover_T168 -22
Cover_T169 42
Cover_T170 -34
Cover_T171 58
Cover_T172 -22
Cover_T173 42
Cover_T174 -28
Cover_T175 58
Cover_T176 -30
Cover_T177 30
Cover_T178 -34
Cover_T179 46
Cover_T180 -28
Cover_T181 38
Cover_T182 -44
Cover_T183 54
Cover_T184 -28
Cover_T185 42
Cover_T186 -28
Cover_T187 46
Cover_T188 -30
Cover_T189 46
Cover_T190 -34
Cover_T191 32
Cover_T192 -32
Cover_T193 38
Cover_T194 -32
Cover_T195 42
Cover_T196 -34
Cover_T197 50
Cover_T198 -32
Cover_T199 44
Cover_T200 -38
Cover_T201 64
Cover_T202 -38
Cover_T203 62
Cover_T204 -42
Cover_T205 62
Cover_T206 -44
Cover_T207 52
Cover_T208 -50
Cover_T209 54
Cover_T210 -50
Cover_T211 54
Cover_T212 -50
Cover_T213 54
Cover_T214 -50
Cover_T215 54
Cover_T216 -48
Cover_T217 52
Cover_T218 -48
Cover_T219 54
Cover_T220 -48
Cover_T221 50
Cover_T222 -40
Cover_T223 58
Cover_T224 -42
Cover_T225 54
Cover_T226 -36
Cover_T227 54
Cover_T228 -36
Cover_T229 54
Cover_T230 24
Cover_T231 52
Cover_T232 12
Cover_T233 1038
Cover_T234 0
Cover_T235 1018
Cover_T236 992
Cover_T237 1040
Cover_T238 992
Cover_T239 968
Cover_T240 986
Cover_T241 992
Cover_T242 6
Cover_T243 1000
Cover_T244 18
Cover_T245 2
Cover_T246 4
Cover_T247 2
Cover_T248 8.11754e-11
Cover_T249 4.38675e-10
Cover_T250 -1.34464e-10
Cover_T251 -20
Cover_T252 8
Cover_T253 -6
Cover_T254 -1.91505e-10
Cover_T255 6
Cover_T256 20
Cover_T257 8
Cover_T258 18
Cover_T259 8
Cover_T260 18
Cover_T261 -22
Cover_T262 0
Cover_T263 8
Cover_T264 20
Cover_T265 2.94642e-13
Cover_T266 52
Cover_T267 8
Cover_T268 -2
Cover_T269 -24
Cover_T270 30
Cover_T271 -3.853e-12
Cover_T272 16
Cover_T273 2.00465e-11
Cover_T274 36
Cover_T275 -5.91904e-13
Cover_T276 0
Cover_T277 -12
Cover_T278 0
Cover_T279 -32
Cover_T280 0
Cover_T281 -52
Cover_T282 12
Cover_T283 -16
Cover_T284 32
Cover_T285 -10
Cover_T286 52
Cover_T287 -7.08713e-11
Cover_T288 16
Cover_T289 6.99423e-11
Cover_T290 10
Cover_T291 1.46946e-10
Cover_T292 3.89946e-11
Cover_T293 1.67063e-10
Cover_T294 -7.40519e-11
Cover_T295 2.42146e-10
Cover_T296 -7.79009e-11
Cover_T297 1.08581e-10
Cover_T298 1.6783e-11
Cover_T299 9.94618e-11
Cover_T300 -1.84322e-10
Cover_T301 1.58838e-10
Cover_T302 -1.2204e-10
Cover_T303 -2.49756e-11
Cover_T304 -3.56977e-11
Cover_T305 -10
Cover_T306 -1.67365e-10
Cover_T307 -30
Cover_T308 0
Cover_T309 -50
Cover_T310 10
Cover_T311 -8
Cover_T312 30
Cover_T313 -18
Cover_T314 50
Cover_T315 -38
Cover_T316 8
Cover_T317 2
Cover_T318 22
Cover_T319 -18
Cover_T320 46
Cover_T321 -42
Cover_T322 6
Cover_T323 -2
Cover_T324 38
Cover_T325 8
Cover_T326 64
Cover_T327 2
Cover_T328 26
Cover_T329 0
Cover_T330 18
Cover_T331 0
Cover_T332 8
Cover_T333 -4
Cover_T334 14
Cover_T335 -10
Cover_T336 14
Cover_T337 -4
Cover_T338 14
Cover_T339 -32
Cover_T340 14
Cover_T341 -12
Cover_T342 18
Cover_T343 -16
Cover_T344 42
Cover_T345 -14
Cover_T346 30
Cover_T347 -14
Cover_T348 36
Cover_T349 -24
Cover_T350 34
Cover_T351 -16
Cover_T352 38
Cover_T353 -16
Cover_T354 56
Cover_T355 -22
Cover_T356 58
Cover_T357 -24
Cover_T358 58
Cover_T359 -28
Cover_T360 40
Cover_T361 -44
Cover_T362 28
Cover_T363 -28
Cover_T364 32
Cover_T365 -28
Cover_T366 34
Cover_T367 -34
Cover_T368 52
Cover_T369 -44
Cover_T370 36
Cover_T371 -34
Cover_T372 38
Cover_T373 -38
Cover_T374 44
Cover_T375 -42
Cover_T376 38
Cover_T377 -36
Cover_T378 32
Cover_T379 -30
Cover_T380 56
Cover_T381 -30
Cover_T382 40
Cover_T383 -32
Cover_T384 42
Cover_T385 -32
Cover_T386 50
Cover_T387 -38
Cover_T388 50
Cover_T389 -32
Cover_T390 48
Cover_T391 -44
Cover_T392 48
Cover_T393 -32
Cover_T394 52
Cover_T395 -32
Cover_T396 44
Cover_T397 -44
Cover_T398 62
Cover_T399 -38
Cover_T400 56
Cover_T401 -38
Cover_T402 60
Cover_T403 -42
Cover_T404 48
Cover_T405 -42
Cover_T406 60
Cover_T407 -44
Cover_T408 62
Cover_T409 54
Cover_T410 -48
Cover_T411 54
Cover_T412 -40
Cover_T413 54
Cover_T414 -40
Cover_T415 54
Cover_T416 -30
Cover_T417 52
Cover_T418 30
Cover_T419 58
Cover_T420 16
Cover_T421 1044
Cover_T422 4
Cover_T423 1032
Cover_T424 992
Cover_T425 1048
Cover_T426 990
Cover_T427 1040
Cover_T428 990
Cover_T429 1040
Cover_T430 992
Cover_T431 1032
Cover_T432 992
Cover_T433 980
Cover_T434 992
Cover_T435 992
Cover_T436 6
Cover_T437 992
Cover_T438 18
Cover_T439 10
Cover_T440 4
Cover_T441 -2
Cover_T442 1.14092e-10
Cover_T443 2
Cover_T444 -1.36623e-10
Cover_T445 -18
Cover_T446 8
Cover_T447 -6
Cover_T448 -1.28939e-10
Cover_T449 2
Cover_T450 20
Cover_T451 6
Cover_T452 2
Cover_T453 0
Cover_T454 18
Cover_T455 -14
Cover_T456 2
Cover_T457 -30
Cover_T458 18
Cover_T459 -46
Cover_T460 6
Cover_T461 0
Cover_T462 4.27605e-11
Cover_T463 8
Cover_T464 6
Cover_T465 -8
Cover_T466 24
Cover_T467 8
Cover_T468 48
Cover_T469 -16
Cover_T470 10
Cover_T471 2
Cover_T472 10
Cover_T473 0
Cover_T474 -6
Cover_T475 0
Cover_T476 18
Cover_T477 -8
Cover_T478 0
Cover_T479 -32
Cover_T480 2
Cover_T481 0
Cover_T482 2
Cover_T483 2
Cover_T484 10
Cover_T485 8
Cover_T486 32
Cover_T487 8
Cover_T488 52
Cover_T489 8
Cover_T490 16
Cover_T491 8
Cover_T492 10
Cover_T493 8
Cover_T494 6.18456e-11
Cover_T495 8
Cover_T496 -3.34452e-11
Cover_T497 8
Cover_T498 -4.99334e-11
Cover_T499 8
Cover_T500 -1.27329e-10
Cover_T501 0
Cover_T502 -1.98753e-10
Cover_T503 -2
Cover_T504 -1.36414e-10
Cover_T505 -22
Cover_T506 -6.08122e-11
Cover_T507 -42
Cover_T508 -1.29093e-10
Cover_T509 1.78799e-11
Cover_T510 6
Cover_T511 -6
Cover_T512 4
Cover_T513 -22
Cover_T514 20
Cover_T515 -38
Cover_T516 36
Cover_T517 6
Cover_T518 52
Cover_T519 -10
Cover_T520 6
Cover_T521 -26
Cover_T522 14
Cover_T523 -42
Cover_T524 34
Cover_T525 8
Cover_T526 46
Cover_T527 -4
Cover_T528 64
Cover_T529 -2.47151e-10
Cover_T530 10
Cover_T531 4
Cover_T532 22
Cover_T533 0
Cover_T534 40
Cover_T535 4
Cover_T536 52
Cover_T537 -5.39515e-11
Cover_T538 68
Cover_T539 4
Cover_T540 20
Cover_T541 0
Cover_T542 24
Cover_T543 -2
Cover_T544 28
Cover_T545 -2.74376e-11
Cover_T546 26
Cover_T547 2
Cover_T548 22
Cover_T549 -6
Cover_T550 26
Cover_T551 -26
Cover_T552 24
Cover_T553 -4
Cover_T554 26
Cover_T555 -14
Cover_T556 24
Cover_T557 -32
Cover_T558 28
Cover_T559 -20
Cover_T560 44
Cover_T561 -14
Cover_T562 60
Cover_T563 -14
Cover_T564 34
Cover_T565 -30
Cover_T566 34
Cover_T567 -14
Cover_T568 50
Cover_T569 -32
Cover_T570 42
Cover_T571 -16
Cover_T572 36
Cover_T573 -36
Cover_T574 40
Cover_T575 -22
Cover_T576 28
Cover_T577 -22
Cover_T578 48
Cover_T579 -22
Cover_T580 36
Cover_T581 -30
Cover_T582 56
Cover_T583 -24
Cover_T584 42
Cover_T585 -28
Cover_T586 36
Cover_T587 -28
Cover_T588 56
Cover_T589 -28
Cover_T590 40
Cover_T591 -28
Cover_T592 48
Cover_T593 -28
Cover_T594 42
Cover_T595 -28
Cover_T596 50
Cover_T597 -32
Cover_T598 56
Cover_T599 -30
Cover_T600 44
Cover_T601 -36
Cover_T602 40
Cover_T603 -32
Cover_T604 44
Cover_T605 -32
Cover_T606 52
Cover_T607 -32
Cover_T608 62
Cover_T609 -42
Cover_T610 46
Cover_T611 -40
Cover_T612 54
Cover_T613 -42
Cover_T614 54
Cover_T615 -42
Cover_T616 62
Cover_T617 -42
Cover_T618 54
Cover_T619 -50
Cover_T620 54
Cover_T621 14
Cover_T622 -2
Cover_T623 14
Cover_T624 8
Cover_T625 14
Cover_T626 -4.09912e-11
Cover_T627 4
Cover_T628 10
Cover_T629 8
Cover_T630 74
Cover_T631 8
Cover_T632 50
Cover_T633 1048
Cover_T634 50
Cover_T635 1034
Cover_T636 1040
Cover_T637 1092
Cover_T638 1040
Cover_T639 1084
Cover_T640 1036
Cover_T641 1084
Cover_T642 1040
Cover_T643 1012
Cover_T644 1040
Cover_T645 1026
Cover_T646 0
Cover_T647 1048
Cover_T648 12
Cover_T649 26
Cover_T650 -34
Cover_T651 46
Cover_T652 -22
Cover_T653 48
Cover_T654 52
Cover_T655 0
Cover_T656 62
Cover_T657 -18
Cover_T658 64
Cover_T659 0
Cover_T660 28
Cover_T661 28
Cover_T662 42
Cover_T663 24
Cover_T664 68
Cover_T665 28
Cover_T666 40
Cover_T667 8
Cover_T668 0
Cover_T669 44
Cover_T670 0
Cover_T671 12
Cover_T672 2
Cover_T673 -18
Cover_T674 -2
Cover_T675 14
Cover_T676 28
Cover_T677 -2
Cover_T678 62
Cover_T679 26
Cover_T680 16
Cover_T681 24
Cover_T682 16
Cover_T683 24
Count_D0 -984
Count_D1 -1000
Max_H0_P0 0
Max_H0_P1 0
Max_H0_P2 0
Max_H0_P3 0
Max_H0_P4 0
Max_H0_P5 0
Max_H0_P6 0
Max_H0_P7 0
Max_H0_P8 0
Max_H0_P9 6.18557e-11
Max_H0_P10 0
Max_H0_P11 0
Max_H0_P12 0
Max_H0_P13 0
Max_H0_P14 0
Max_H0_P15 2.54659e-11
Max_H0_P16 -1.78697e-11
Max_H0_P17 -1.99556e-11
Max_H0_P18 -6.39729e-12
Max_H0_P19 2.13498e-11
Max_H0_P20 5.94934e-12
Max_H0_P21 -2.12065e-11
Max_H0_P22 4.0643e-11
Max_H0_P23 -3.34007e-11
Max_H0_P24 1.71383e-11
Max_H0_P25 -2.79421e-11
Max_H0_P26 0
Max_H0_P27 4.25874e-11
Max_H0_P28 6.22807e-12
Max_H0_P29 -1.22953e-11
Max_H0_P30 2.31155e-11
Max_H0_P31 -2.27178e-11
Max_H0_P32 1.02318e-11
Max_H0_P33 3.34075e-12
Max_H0_P34 -1.00928e-11
Max_H0_P35 2.58389e-11
Max_H0_P36 -5.3401e-13
Max_H0_P37 3.24007e-12
Max_H0_P38 -5.13085e-11
Max_H0_P39 -5.21823e-11
Max_H0_P40 6.62763e-12
Max_H0_P41 -1.26865e-12
Max_H0_P42 0
Max_H0_P43 0
Max_H0_P44 0
Max_H0_P45 0
Max_H0_P46 0
Max_H0_P47 0
Max_H0_P48 0
Max_H0_P49 0
Max_H0_P50 0
Max_H0_P51 0
Max_H0_P52 4.03233e-13
Max_H0_P53 0
Max_H0_P54 0
Max_H0_P55 0
Max_H0_P56 0
Max_H0_P57 0
Max_H0_P58 0
Max_H0_P59 0
Max_H0_P60 5.38165e-11
Max_H0_P61 0
Max_H0_P62 0
Max_H0_P63 0
Max_H0_P64 0
Max_H0_P65 0
Max_H0_P66 0
Max_H0_P67 0
Max_H0_P68 0
Max_H0_P69 0
Max_H0_P70 0
Max_H0_P71 0
Max_H0_P72 0
Max_H0_P73 0
Max_H0_P74 0
Max_H0_P75 0
Max_H0_P76 0
Max_H0_P77 -7.31861e-12
Max_H0_P78 0
Max_H0_P79 0
Max_H0_P80 0
Max_H0_P81 0
Max_H1_P0 0
Max_H1_P1 0
Max_H1_P2 0
Max_H1_P3 0
Max_H1_P4 0
Max_H1_P5 6.87303e-11
Max_H1_P6 3.43015e-11
Max_H1_P7 0
Max_H1_P8 -9.20485e-12
Max_H1_P9 5.74509e-11
Max_H1_P10 0
Max_H1_P11 0
Max_H1_P12 0
Max_H1_P13 0
Max_H1_P14 0
Max_H1_P15 7.59615e-12
Max_H1_P16 -1.50665e-11
Max_H1_P17 2.0465e-11
Max_H1_P18 -2.7747e-11
Max_H1_P19 -5.99698e-12
Max_H1_P20 -5.8333e-11
Max_H1_P21 3.83877e-11
Max_H1_P22 -2.52675e-11
Max_H1_P23 2.18305e-11
Max_H1_P24 -3.19123e-12
Max_H1_P25 -2.79421e-11
Max_H1_P26 1.07584e-10
Max_H1_P27 -1.59674e-11
Max_H1_P28 -2.66347e-11
Max_H1_P29 -9.02789e-12
Max_H1_P30 -4.42334e-12
Max_H1_P31 -3.75356e-11
Max_H1_P32 0
Max_H1_P33 -2.06163e-11
Max_H1_P34 -2.67147e-12
Max_H1_P35 -3.33187e-11
Max_H1_P36 1.26139e-11
Max_H1_P37 -4.80005e-11
Max_H1_P38 -2.94224e-11
Max_H1_P39 -3.36034e-12
Max_H1_P40 -5.21978e-11
Max_H1_P41 2.28049e-11
Max_H1_P42 -1.09889e-11
Max_H1_P43 0
Max_H1_P44 0
Max_H1_P45 -8.32778e-13
Max_H1_P46 0
Max_H1_P47 0
Max_H1_P48 0
Max_H1_P49 0
Max_H1_P50 -4.42555e-11
Max_H1_P51 0
Max_H1_P52 0
Max_H1_P53 0
Max_H1_P54 -2.62617e-11
Max_H1_P55 0
Max_H1_P56 0
Max_H1_P57 0
Max_H1_P58 0
Max_H1_P59 0
Max_H1_P60 0
Max_H1_P61 1.56395e-11
Max_H1_P62 0
Max_H1_P63 0
Max_H1_P64 0
Max_H1_P65 0
Max_H1_P66 0
Max_H1_P67 0
Max_H1_P68 0
Max_H1_P69 0
Max_H1_P70 0
Max_H1_P71 0
Max_H1_P72 0
Max_H1_P73 0
Max_H1_P74 0
Max_H1_P75 0
Max_H1_P76 0
Max_H1_P77 -9.99734e-12
Max_H1_P78 9.99734e-12
Max_H1_P79 0
Max_H1_P80 0
Max_H1_P81 0
