
Branch and bound

  Entire solving process        :                           (Time    152.0)
  No feasible solution was found
  Best relaxation cost          :     52618.91 (Node     0) (Time    152.0)
  Lower bound after cuts        :     52618.91
  End lower bound               :     52618.91
  Deepest level reached         : 0
  Deepest real level reached    : 0
  Number of real nodes solved   : 1
  Stopping condition            : enough nodes explored

Problem identification

  Problem                       : <null>
  Machine                       : oslo5.gerad.lan

Solving process summary

  Linear relaxations            :        1
  Column generation iterations  :      136
  Shortest paths solved         :     8916
  Columns generated             :    48801

Instance characteristics

  Resources                     : 3
  Node types                    : no
  Arc types                     : no
  Strong resource windows       : no
  Weak resource windows         : no
  Resource windows (nodes)      : 3
  Resource values (arcs)        : 3
  Values on nodes               : no

  Rows                          : 850
  Initial columns               : 372
  Tasks                         : 688
  Strong tasks                  : 469
  Weak tasks                    : 4
  Initial task constraints      : no
  Nodes                         : 1016
  Arc sets                      : 1
  Arcs                          : 23012
  Networks                      : 2
  Models                        : 1

Memory used per module (Megs)

  Parser (reused)               :      4.972
  Networks                      :     27.244
  Column generator              :      7.628
  Master problem                :      8.309
  -----------------
  Total                         :     43.182

Cpu time per module (seconds)

  Parser                        :        0.0
  Preprocessor                  :        0.0
  Lr solver manager             :        0.1
  Column generator              :       44.3
    (Shortest path)             :       36.8
  Master problem                :      107.6
  -------------------
  Total (without b&b)           :      152.0

Real elapsed time (seconds)

  Parser                        :        0.0
  Preprocessor                  :        0.0
  Lr solver manager             :        0.1
  Column generator              :       44.2
    (Shortest path)             :       37.1
  Master problem                :      107.7
  -------------------
  Total (without b&b)           :      152.0
