
Branch and bound

  Entire solving process        :                           (Time    975.1)
  No feasible solution was found
  Best relaxation cost          :     65205.78 (Node     0) (Time    975.1)
  Lower bound after cuts        :     65205.78
  End lower bound               :     65205.78
  Deepest level reached         : 0
  Deepest real level reached    : 0
  Number of real nodes solved   : 1
  Stopping condition            : enough nodes explored

Problem identification

  Problem                       : <null>
  Machine                       : oslo3.gerad.lan

Solving process summary

  Linear relaxations            :        1
  Column generation iterations  :      175
  Shortest paths solved         :     4734
  Columns generated             :    60688

Instance characteristics

  Resources                     : 3
  Node types                    : no
  Arc types                     : no
  Strong resource windows       : no
  Weak resource windows         : no
  Resource windows (nodes)      : 3
  Resource values (arcs)        : 3
  Values on nodes               : no

  Rows                          : 1213
  Initial columns               : 2
  Tasks                         : 1051
  Strong tasks                  : 1047
  Weak tasks                    : 4
  Initial task constraints      : no
  Nodes                         : 1379
  Arc sets                      : 1
  Arcs                          : 48537
  Networks                      : 2
  Models                        : 1

Memory used per module (Megs)

  Parser (reused)               :      9.937
  Networks                      :     38.263
  Column generator              :     20.827
  Master problem                :     11.848
  -----------------
  Total                         :     70.938

Cpu time per module (seconds)

  Parser                        :        0.0
  Preprocessor                  :        0.0
  Lr solver manager             :        0.1
  Column generator              :      279.1
    (Shortest path)             :      266.2
  Master problem                :      695.9
  -------------------
  Total (without b&b)           :      975.0

Real elapsed time (seconds)

  Parser                        :        0.0
  Preprocessor                  :        0.0
  Lr solver manager             :        0.1
  Column generator              :      279.1
    (Shortest path)             :      265.8
  Master problem                :      695.9
  -------------------
  Total (without b&b)           :      975.1
