
Branch and bound

  Entire solving process        :                           (Time    321.2)
  No feasible solution was found
  Best relaxation cost          :     70799.81 (Node     0) (Time    321.2)
  Lower bound after cuts        :     70799.81
  End lower bound               :     70799.81
  Deepest level reached         : 0
  Deepest real level reached    : 0
  Number of real nodes solved   : 1
  Stopping condition            : enough nodes explored

Problem identification

  Problem                       : <null>
  Machine                       : oslo5.gerad.lan

Solving process summary

  Linear relaxations            :        1
  Column generation iterations  :      129
  Shortest paths solved         :     7136
  Columns generated             :    71989

Instance characteristics

  Resources                     : 3
  Node types                    : no
  Arc types                     : no
  Strong resource windows       : no
  Weak resource windows         : no
  Resource windows (nodes)      : 3
  Resource values (arcs)        : 3
  Values on nodes               : no

  Rows                          : 1197
  Initial columns               : 492
  Tasks                         : 1035
  Strong tasks                  : 731
  Weak tasks                    : 4
  Initial task constraints      : no
  Nodes                         : 1363
  Arc sets                      : 1
  Arcs                          : 46607
  Networks                      : 2
  Models                        : 1

Memory used per module (Megs)

  Parser (reused)               :      9.573
  Networks                      :     39.716
  Column generator              :     16.952
  Master problem                :     11.402
  -----------------
  Total                         :     68.070

Cpu time per module (seconds)

  Parser                        :        0.0
  Preprocessor                  :        0.0
  Lr solver manager             :        0.1
  Column generator              :      159.7
    (Shortest path)             :      142.7
  Master problem                :      161.4
  -------------------
  Total (without b&b)           :      321.2

Real elapsed time (seconds)

  Parser                        :        0.0
  Preprocessor                  :        0.0
  Lr solver manager             :        0.2
  Column generator              :      159.7
    (Shortest path)             :      141.8
  Master problem                :      161.4
  -------------------
  Total (without b&b)           :      321.2
