
Branch and bound

  Entire solving process        :                           (Time     44.1)
  No feasible solution was found
  Best relaxation cost          :     35635.93 (Node     0) (Time     44.1)
  Lower bound after cuts        :     35635.93
  End lower bound               :     35635.93
  Deepest level reached         : 0
  Deepest real level reached    : 0
  Number of real nodes solved   : 1
  Stopping condition            : enough nodes explored

Problem identification

  Problem                       : <null>
  Machine                       : oslo1.gerad.lan

Solving process summary

  Linear relaxations            :        1
  Column generation iterations  :      125
  Shortest paths solved         :     2399
  Columns generated             :    19539

Instance characteristics

  Resources                     : 3
  Node types                    : no
  Arc types                     : no
  Strong resource windows       : no
  Weak resource windows         : no
  Resource windows (nodes)      : 3
  Resource values (arcs)        : 3
  Values on nodes               : no

  Rows                          : 636
  Initial columns               : 2
  Tasks                         : 474
  Strong tasks                  : 470
  Weak tasks                    : 4
  Initial task constraints      : no
  Nodes                         : 802
  Arc sets                      : 1
  Arcs                          : 12290
  Networks                      : 2
  Models                        : 1

Memory used per module (Megs)

  Parser (reused)               :      2.793
  Networks                      :     17.800
  Column generator              :      3.148
  Master problem                :      6.510
  -----------------
  Total                         :     27.458

Cpu time per module (seconds)

  Parser                        :        0.0
  Preprocessor                  :        0.0
  Lr solver manager             :        0.0
  Column generator              :        6.8
    (Shortest path)             :        5.3
  Master problem                :       37.3
  -------------------
  Total (without b&b)           :       44.1

Real elapsed time (seconds)

  Parser                        :        0.0
  Preprocessor                  :        0.0
  Lr solver manager             :        0.1
  Column generator              :        6.7
    (Shortest path)             :        5.1
  Master problem                :       37.3
  -------------------
  Total (without b&b)           :       44.1
