
Branch and bound

  Entire solving process        :                           (Time    446.5)
  No feasible solution was found
  Best relaxation cost          :     54618.26 (Node     0) (Time    446.5)
  Lower bound after cuts        :     54618.26
  End lower bound               :     54618.26
  Deepest level reached         : 0
  Deepest real level reached    : 0
  Number of real nodes solved   : 1
  Stopping condition            : enough nodes explored

Problem identification

  Problem                       : <null>
  Machine                       : oslo5.gerad.lan

Solving process summary

  Linear relaxations            :        1
  Column generation iterations  :      185
  Shortest paths solved         :     5965
  Columns generated             :    58277

Instance characteristics

  Resources                     : 3
  Node types                    : no
  Arc types                     : no
  Strong resource windows       : no
  Weak resource windows         : no
  Resource windows (nodes)      : 3
  Resource values (arcs)        : 3
  Values on nodes               : no

  Rows                          : 1041
  Initial columns               : 408
  Tasks                         : 879
  Strong tasks                  : 634
  Weak tasks                    : 4
  Initial task constraints      : no
  Nodes                         : 1207
  Arc sets                      : 1
  Arcs                          : 34582
  Networks                      : 2
  Models                        : 1

Memory used per module (Megs)

  Parser (reused)               :      7.273
  Networks                      :     32.935
  Column generator              :     11.745
  Master problem                :     10.691
  -----------------
  Total                         :     55.372

Cpu time per module (seconds)

  Parser                        :        0.0
  Preprocessor                  :        0.0
  Lr solver manager             :        0.1
  Column generator              :       65.0
    (Shortest path)             :       57.0
  Master problem                :      381.4
  -------------------
  Total (without b&b)           :      446.5

Real elapsed time (seconds)

  Parser                        :        0.0
  Preprocessor                  :        0.0
  Lr solver manager             :        0.1
  Column generator              :       65.1
    (Shortest path)             :       56.9
  Master problem                :      381.3
  -------------------
  Total (without b&b)           :      446.5
