Cover_T0 52
Cover_T1 -52
Cover_T2 52
Cover_T3 -52
Cover_T4 52
Cover_T5 -52
Cover_T6 52
Cover_T7 -52
Cover_T8 52
Cover_T9 -52
Cover_T10 52
Cover_T11 -52
Cover_T12 52
Cover_T13 -52
Cover_T14 52
Cover_T15 -52
Cover_T16 52
Cover_T17 -52
Cover_T18 52
Cover_T19 -52
Cover_T20 52
Cover_T21 -52
Cover_T22 52
Cover_T23 -52
Cover_T24 52
Cover_T25 -52
Cover_T26 52
Cover_T27 -48
Cover_T28 56
Cover_T29 -48
Cover_T30 56
Cover_T31 -48
Cover_T32 56
Cover_T33 -48
Cover_T34 54
Cover_T35 -48
Cover_T36 56
Cover_T37 -48
Cover_T38 56
Cover_T39 -48
Cover_T40 54
Cover_T41 -48
Cover_T42 54
Cover_T43 -48
Cover_T44 54
Cover_T45 -48
Cover_T46 50
Cover_T47 -44
Cover_T48 50
Cover_T49 -40
Cover_T50 54
Cover_T51 -42
Cover_T52 54
Cover_T53 -42
Cover_T54 54
Cover_T55 996
Cover_T56 1048
Cover_T57 988
Cover_T58 1048
Cover_T59 980
Cover_T60 1046
Cover_T61 996
Cover_T62 1048
Cover_T63 988
Cover_T64 1040
Cover_T65 998
Cover_T66 1048
Cover_T67 998
Cover_T68 1048
Cover_T69 998
Cover_T70 1048
Cover_T71 998
Cover_T72 10
Cover_T73 4
Cover_T74 18
Cover_T75 4
Cover_T76 26
Cover_T77 4
Cover_T78 10
Cover_T79 4
Cover_T80 4
Cover_T81 4
Cover_T82 4
Cover_T83 0
Cover_T84 4
Cover_T85 4
Cover_T86 2
Cover_T87 16
Cover_T88 2
Cover_T89 20
Cover_T90 2
Cover_T91 12
Cover_T92 2
Cover_T93 12
Cover_T94 2
Cover_T95 20
Cover_T96 2
Cover_T97 12
Cover_T98 2
Cover_T99 12
Cover_T100 -10
Cover_T101 4
Cover_T102 -2
Cover_T103 4
Cover_T104 -2
Cover_T105 12
Cover_T106 -18
Cover_T107 4
Cover_T108 -10
Cover_T109 20
Cover_T110 -26
Cover_T111 12
Cover_T112 -42
Cover_T113 12
Cover_T114 -2
Cover_T115 28
Cover_T116 -2
Cover_T117 20
Cover_T118 -2
Cover_T119 36
Cover_T120 -4
Cover_T121 52
Cover_T122 -2
Cover_T123 12
Cover_T124 -2
Cover_T125 12
Cover_T126 -2
Cover_T127 12
Cover_T128 -2
Cover_T129 14
Cover_T130 -2
Cover_T131 12
Cover_T132 -2
Cover_T133 12
Cover_T134 -2
Cover_T135 12
Cover_T136 -2
Cover_T137 12
Cover_T138 -2
Cover_T139 12
Cover_T140 -2
Cover_T141 12
Cover_T142 -2
Cover_T143 12
Cover_T144 -2
Cover_T145 12
Cover_T146 -2
Cover_T147 12
Cover_T148 -2
Cover_T149 12
Cover_T150 -2
Cover_T151 12
Cover_T152 -2
Cover_T153 12
Cover_T154 -2
Cover_T155 12
Cover_T156 -2
Cover_T157 12
Cover_T158 -2
Cover_T159 12
Cover_T160 2
Cover_T161 4
Cover_T162 -6
Cover_T163 12
Cover_T164 -30
Cover_T165 20
Cover_T166 -2
Cover_T167 20
Cover_T168 -18
Cover_T169 28
Cover_T170 -38
Cover_T171 44
Cover_T172 2
Cover_T173 8
Cover_T174 2.71428e-10
Cover_T175 26
Cover_T176 -16
Cover_T177 34
Cover_T178 -32
Cover_T179 50
Cover_T180 -48
Cover_T181 12
Cover_T182 -6
Cover_T183 14
Cover_T184 -2
Cover_T185 30
Cover_T186 1.6537e-11
Cover_T187 44
Cover_T188 2
Cover_T189 56
Cover_T190 5.14547e-10
Cover_T191 6
Cover_T192 -4
Cover_T193 8
Cover_T194 2.78863e-10
Cover_T195 18
Cover_T196 -2.11214e-10
Cover_T197 16
Cover_T198 -4
Cover_T199 10
Cover_T200 -6
Cover_T201 16
Cover_T202 -2
Cover_T203 22
Cover_T204 -2
Cover_T205 20
Cover_T206 -22
Cover_T207 26
Cover_T208 -6
Cover_T209 22
Cover_T210 -8
Cover_T211 22
Cover_T212 -10
Cover_T213 28
Cover_T214 -10
Cover_T215 42
Cover_T216 -14
Cover_T217 28
Cover_T218 -24
Cover_T219 28
Cover_T220 -40
Cover_T221 22
Cover_T222 -16
Cover_T223 22
Cover_T224 -28
Cover_T225 24
Cover_T226 -16
Cover_T227 32
Cover_T228 -16
Cover_T229 38
Cover_T230 -18
Cover_T231 50
Cover_T232 -18
Cover_T233 26
Cover_T234 -18
Cover_T235 40
Cover_T236 -18
Cover_T237 26
Cover_T238 -18
Cover_T239 28
Cover_T240 -20
Cover_T241 28
Cover_T242 -22
Cover_T243 28
Cover_T244 -22
Cover_T245 28
Cover_T246 -28
Cover_T247 42
Cover_T248 -24
Cover_T249 48
Cover_T250 -42
Cover_T251 40
Cover_T252 -28
Cover_T253 40
Cover_T254 -28
Cover_T255 56
Cover_T256 -28
Cover_T257 42
Cover_T258 -28
Cover_T259 58
Cover_T260 -28
Cover_T261 46
Cover_T262 -40
Cover_T263 46
Cover_T264 -30
Cover_T265 48
Cover_T266 -32
Cover_T267 48
Cover_T268 -38
Cover_T269 46
Cover_T270 -34
Cover_T271 58
Cover_T272 -36
Cover_T273 52
Cover_T274 -36
Cover_T275 42
Cover_T276 -36
Cover_T277 60
Cover_T278 -36
Cover_T279 54
Cover_T280 -40
Cover_T281 48
Cover_T282 -40
Cover_T283 52
Cover_T284 -42
Cover_T285 62
Cover_T286 -42
Cover_T287 66
Cover_T288 -38
Cover_T289 66
Cover_T290 -38
Cover_T291 66
Cover_T292 -44
Cover_T293 66
Cover_T294 -44
Cover_T295 52
Cover_T296 -52
Cover_T297 52
Cover_T298 -52
Cover_T299 52
Cover_T300 -52
Cover_T301 52
Cover_T302 -52
Cover_T303 54
Cover_T304 -48
Cover_T305 56
Cover_T306 -50
Cover_T307 52
Cover_T308 -48
Cover_T309 56
Cover_T310 -48
Cover_T311 56
Cover_T312 -48
Cover_T313 52
Cover_T314 -48
Cover_T315 50
Cover_T316 -48
Cover_T317 50
Cover_T318 -40
Cover_T319 50
Cover_T320 -34
Cover_T321 50
Cover_T322 -42
Cover_T323 54
Cover_T324 -42
Cover_T325 54
Cover_T326 -42
Cover_T327 54
Cover_T328 996
Cover_T329 1042
Cover_T330 988
Cover_T331 1044
Cover_T332 980
Cover_T333 1036
Cover_T334 996
Cover_T335 1044
Cover_T336 984
Cover_T337 1044
Cover_T338 994
Cover_T339 1044
Cover_T340 994
Cover_T341 6
Cover_T342 0
Cover_T343 14
Cover_T344 -1.16282e-10
Cover_T345 22
Cover_T346 0
Cover_T347 6
Cover_T348 0
Cover_T349 14
Cover_T350 4
Cover_T351 2
Cover_T352 4
Cover_T353 0
Cover_T354 4
Cover_T355 4
Cover_T356 0
Cover_T357 -14
Cover_T358 4
Cover_T359 2
Cover_T360 8
Cover_T361 2
Cover_T362 4
Cover_T363 -6
Cover_T364 20
Cover_T365 -10
Cover_T366 12
Cover_T367 -2
Cover_T368 12
Cover_T369 -2
Cover_T370 20
Cover_T371 -2
Cover_T372 12
Cover_T373 -2
Cover_T374 12
Cover_T375 -2
Cover_T376 12
Cover_T377 -2
Cover_T378 12
Cover_T379 -10
Cover_T380 12
Cover_T381 -10
Cover_T382 12
Cover_T383 -34
Cover_T384 20
Cover_T385 2
Cover_T386 12
Cover_T387 2
Cover_T388 28
Cover_T389 2
Cover_T390 44
Cover_T391 0
Cover_T392 4
Cover_T393 2
Cover_T394 4
Cover_T395 2
Cover_T396 4
Cover_T397 2
Cover_T398 6
Cover_T399 2
Cover_T400 4
Cover_T401 2
Cover_T402 4
Cover_T403 2
Cover_T404 4
Cover_T405 2
Cover_T406 4
Cover_T407 2
Cover_T408 4
Cover_T409 2
Cover_T410 4
Cover_T411 2
Cover_T412 4
Cover_T413 2
Cover_T414 4
Cover_T415 2
Cover_T416 4
Cover_T417 2
Cover_T418 4
Cover_T419 2
Cover_T420 4
Cover_T421 2
Cover_T422 4
Cover_T423 2
Cover_T424 4
Cover_T425 2
Cover_T426 4
Cover_T427 2
Cover_T428 4
Cover_T429 2
Cover_T430 4
Cover_T431 -14
Cover_T432 4
Cover_T433 -6
Cover_T434 4
Cover_T435 -6
Cover_T436 4
Cover_T437 -22
Cover_T438 20
Cover_T439 -38
Cover_T440 12
Cover_T441 -2
Cover_T442 12
Cover_T443 -18
Cover_T444 28
Cover_T445 -30
Cover_T446 52
Cover_T447 2
Cover_T448 26
Cover_T449 -8
Cover_T450 42
Cover_T451 -32
Cover_T452 10
Cover_T453 2
Cover_T454 22
Cover_T455 2
Cover_T456 42
Cover_T457 0
Cover_T458 58
Cover_T459 -4
Cover_T460 18
Cover_T461 3.83771e-10
Cover_T462 14
Cover_T463 -3.58895e-11
Cover_T464 18
Cover_T465 -4
Cover_T466 20
Cover_T467 -2
Cover_T468 20
Cover_T469 -2
Cover_T470 20
Cover_T471 -10
Cover_T472 26
Cover_T473 -26
Cover_T474 22
Cover_T475 -12
Cover_T476 22
Cover_T477 -14
Cover_T478 26
Cover_T479 -10
Cover_T480 42
Cover_T481 -14
Cover_T482 28
Cover_T483 -18
Cover_T484 28
Cover_T485 -34
Cover_T486 22
Cover_T487 -22
Cover_T488 32
Cover_T489 -16
Cover_T490 50
Cover_T491 -18
Cover_T492 38
Cover_T493 -18
Cover_T494 28
Cover_T495 -20
Cover_T496 28
Cover_T497 -20
Cover_T498 28
Cover_T499 -20
Cover_T500 28
Cover_T501 -34
Cover_T502 28
Cover_T503 -28
Cover_T504 28
Cover_T505 -40
Cover_T506 28
Cover_T507 -28
Cover_T508 28
Cover_T509 -22
Cover_T510 40
Cover_T511 -36
Cover_T512 36
Cover_T513 -48
Cover_T514 48
Cover_T515 -30
Cover_T516 42
Cover_T517 -46
Cover_T518 40
Cover_T519 -32
Cover_T520 58
Cover_T521 -32
Cover_T522 42
Cover_T523 -32
Cover_T524 58
Cover_T525 -32
Cover_T526 46
Cover_T527 -28
Cover_T528 46
Cover_T529 -44
Cover_T530 42
Cover_T531 -32
Cover_T532 44
Cover_T533 -28
Cover_T534 36
Cover_T535 -32
Cover_T536 46
Cover_T537 -44
Cover_T538 58
Cover_T539 -34
Cover_T540 44
Cover_T541 -32
Cover_T542 40
Cover_T543 -32
Cover_T544 44
Cover_T545 -32
Cover_T546 54
Cover_T547 -36
Cover_T548 50
Cover_T549 -32
Cover_T550 50
Cover_T551 -36
Cover_T552 56
Cover_T553 -36
Cover_T554 56
Cover_T555 -38
Cover_T556 58
Cover_T557 -38
Cover_T558 58
Cover_T559 -44
Cover_T560 58
Cover_T561 -44
Cover_T562 58
Cover_T563 -46
Cover_T564 58
Cover_T565 56
Cover_T566 -48
Cover_T567 56
Cover_T568 -48
Cover_T569 54
Cover_T570 -48
Cover_T571 54
Cover_T572 -48
Cover_T573 54
Cover_T574 -48
Cover_T575 54
Cover_T576 -48
Cover_T577 54
Cover_T578 -46
Cover_T579 54
Cover_T580 -36
Cover_T581 50
Cover_T582 -48
Cover_T583 54
Cover_T584 -44
Cover_T585 50
Cover_T586 992
Cover_T587 1044
Cover_T588 984
Cover_T589 1044
Cover_T590 976
Cover_T591 1044
Cover_T592 992
Cover_T593 1044
Cover_T594 996
Cover_T595 1042
Cover_T596 998
Cover_T597 1044
Cover_T598 998
Cover_T599 1036
Cover_T600 998
Cover_T601 1044
Cover_T602 996
Cover_T603 1044
Cover_T604 998
Cover_T605 1048
Cover_T606 998
Cover_T607 10
Cover_T608 4
Cover_T609 14
Cover_T610 4
Cover_T611 22
Cover_T612 4
Cover_T613 6
Cover_T614 4
Cover_T615 -8
Cover_T616 4
Cover_T617 -4
Cover_T618 4
Cover_T619 4
Cover_T620 -5.90599e-11
Cover_T621 -4
Cover_T622 4
Cover_T623 2
Cover_T624 4
Cover_T625 2
Cover_T626 16
Cover_T627 -14
Cover_T628 12
Cover_T629 2
Cover_T630 2
Cover_T631 -10
Cover_T632 6
Cover_T633 2
Cover_T634 2
Cover_T635 -10
Cover_T636 6
Cover_T637 2
Cover_T638 2
Cover_T639 -10
Cover_T640 14
Cover_T641 2
Cover_T642 2
Cover_T643 -10
Cover_T644 6
Cover_T645 2
Cover_T646 2
Cover_T647 -10
Cover_T648 6
Cover_T649 2
Cover_T650 4
Cover_T651 2
Cover_T652 12
Cover_T653 -14
Cover_T654 4
Cover_T655 -6
Cover_T656 4
Cover_T657 -22
Cover_T658 12
Cover_T659 -38
Cover_T660 4
Cover_T661 2
Cover_T662 4
Cover_T663 2
Cover_T664 20
Cover_T665 2
Cover_T666 12
Cover_T667 9.99121e-11
Cover_T668 28
Cover_T669 2
Cover_T670 44
Cover_T671 2
Cover_T672 4
Cover_T673 2
Cover_T674 4
Cover_T675 2
Cover_T676 4
Cover_T677 2
Cover_T678 6
Cover_T679 2
Cover_T680 4
Cover_T681 2
Cover_T682 4
Cover_T683 2
Cover_T684 4
Cover_T685 2
Cover_T686 4
Cover_T687 2
Cover_T688 4
Cover_T689 2
Cover_T690 4
Cover_T691 2
Cover_T692 4
Cover_T693 2
Cover_T694 4
Cover_T695 2
Cover_T696 4
Cover_T697 2
Cover_T698 4
Cover_T699 2
Cover_T700 4
Cover_T701 2
Cover_T702 4
Cover_T703 2
Cover_T704 4
Cover_T705 2
Cover_T706 4
Cover_T707 -14
Cover_T708 4
Cover_T709 -6
Cover_T710 4
Cover_T711 -6
Cover_T712 4
Cover_T713 -22
Cover_T714 4
Cover_T715 -38
Cover_T716 4
Cover_T717 -2
Cover_T718 20
Cover_T719 -18
Cover_T720 12
Cover_T721 -26
Cover_T722 12
Cover_T723 -42
Cover_T724 28
Cover_T725 1.58364e-10
Cover_T726 40
Cover_T727 2
Cover_T728 54
Cover_T729 -10
Cover_T730 14
Cover_T731 -22
Cover_T732 26
Cover_T733 -34
Cover_T734 30
Cover_T735 -46
Cover_T736 42
Cover_T737 0
Cover_T738 56
Cover_T739 2
Cover_T740 12
Cover_T741 -4
Cover_T742 10
Cover_T743 -2
Cover_T744 26
Cover_T745 -2
Cover_T746 44
Cover_T747 2
Cover_T748 60
Cover_T749 4.46203e-10
Cover_T750 20
Cover_T751 -4
Cover_T752 16
Cover_T753 -1.04876e-10
Cover_T754 22
Cover_T755 -4.46772e-11
Cover_T756 24
Cover_T757 -6
Cover_T758 22
Cover_T759 -22
Cover_T760 20
Cover_T761 -8
Cover_T762 20
Cover_T763 -6
Cover_T764 18
Cover_T765 -16
Cover_T766 24
Cover_T767 -8
Cover_T768 22
Cover_T769 -12
Cover_T770 22
Cover_T771 -12
Cover_T772 34
Cover_T773 -18
Cover_T774 46
Cover_T775 -28
Cover_T776 26
Cover_T777 -40
Cover_T778 24
Cover_T779 -16
Cover_T780 20
Cover_T781 -30
Cover_T782 28
Cover_T783 -16
Cover_T784 24
Cover_T785 -18
Cover_T786 26
Cover_T787 -18
Cover_T788 32
Cover_T789 -18
Cover_T790 44
Cover_T791 -20
Cover_T792 58
Cover_T793 -20
Cover_T794 34
Cover_T795 -20
Cover_T796 46
Cover_T797 -20
Cover_T798 28
Cover_T799 -20
Cover_T800 28
Cover_T801 -28
Cover_T802 28
Cover_T803 -30
Cover_T804 28
Cover_T805 -36
Cover_T806 30
Cover_T807 -30
Cover_T808 36
Cover_T809 -24
Cover_T810 34
Cover_T811 -24
Cover_T812 34
Cover_T813 -24
Cover_T814 50
Cover_T815 -24
Cover_T816 38
Cover_T817 -24
Cover_T818 52
Cover_T819 -34
Cover_T820 38
Cover_T821 -26
Cover_T822 42
Cover_T823 -26
Cover_T824 40
Cover_T825 -34
Cover_T826 44
Cover_T827 -28
Cover_T828 44
Cover_T829 -30
Cover_T830 54
Cover_T831 -30
Cover_T832 44
Cover_T833 -32
Cover_T834 50
Cover_T835 -32
Cover_T836 56
Cover_T837 -36
Cover_T838 56
Cover_T839 -32
Cover_T840 56
Cover_T841 -36
Cover_T842 58
Cover_T843 -36
Cover_T844 58
Cover_T845 -38
Cover_T846 58
Cover_T847 -38
Cover_T848 58
Cover_T849 -44
Cover_T850 58
Cover_T851 -44
Cover_T852 58
Cover_T853 -46
Cover_T854 58
Cover_T855 8
Cover_T856 1.5541e-10
Cover_T857 6
Cover_T858 6.35406e-10
Cover_T859 12
Cover_T860 3.98245e-10
Cover_T861 6
Cover_T862 0
Cover_T863 24
Cover_T864 -4
Cover_T865 4
Cover_T866 -5.35366e-10
Cover_T867 -5.94483e-10
Cover_T868 0
Cover_T869 8
Cover_T870 -2
Cover_T871 1050
Cover_T872 1042
Cover_T873 1038
Cover_T874 1018
Cover_T875 1052
Cover_T876 1042
Cover_T877 1092
Cover_T878 1044
Cover_T879 1070
Cover_T880 1046
Cover_T881 1090
Cover_T882 1046
Cover_T883 1094
Cover_T884 0
Cover_T885 48
Cover_T886 14
Cover_T887 68
Cover_T888 0
Cover_T889 44
Cover_T890 -28
Cover_T891 52
Cover_T892 -32
Cover_T893 38
Cover_T894 -16
Cover_T895 50
Cover_T896 52
Cover_T897 0
Cover_T898 54
Cover_T899 -6
Cover_T900 54
Cover_T901 -30
Cover_T902 52
Cover_T903 22
Cover_T904 16
Cover_T905 16
Cover_T906 26
Cover_T907 10
Cover_T908 42
Cover_T909 16
Cover_T910 54
Cover_T911 0
Cover_T912 0
Cover_T913 46
Cover_T914 0
Cover_T915 24
Cover_T916 0
Cover_T917 36
Cover_T918 0
Cover_T919 24
Cover_T920 16
Cover_T921 30
Cover_T922 -10
Cover_T923 30
Cover_T924 1.33566e-09
Cover_T925 14
Cover_T926 0
Cover_T927 0
Cover_T928 0
Cover_T929 32
Cover_T930 10
Cover_T931 28
Cover_T932 26
Cover_T933 20
Count_D0 -984
Count_D1 -1000
Max_H0_P0 0
Max_H0_P1 0
Max_H0_P2 0
Max_H0_P3 0
Max_H0_P4 -9.13458e-11
Max_H0_P5 -3.09637e-11
Max_H0_P6 6.90363e-12
Max_H0_P7 0
Max_H0_P8 0
Max_H0_P9 0
Max_H0_P10 0
Max_H0_P11 0
Max_H0_P12 0
Max_H0_P13 0
Max_H0_P14 0
Max_H0_P15 5.776e-11
Max_H0_P16 4.09273e-12
Max_H0_P17 -9.35089e-11
Max_H0_P18 -5.88215e-11
Max_H0_P19 -3.82401e-11
Max_H0_P20 4.94822e-11
Max_H0_P21 -7.88765e-11
Max_H0_P22 -1.06281e-10
Max_H0_P23 -8.10241e-11
Max_H0_P24 -1.31879e-11
Max_H0_P25 8.14797e-11
Max_H0_P26 1.65592e-10
Max_H0_P27 -1.16606e-11
Max_H0_P28 -5.90656e-11
Max_H0_P29 1.44926e-10
Max_H0_P30 8.22235e-11
Max_H0_P31 9.26736e-11
Max_H0_P32 8.96421e-11
Max_H0_P33 4.50747e-11
Max_H0_P34 2.81091e-11
Max_H0_P35 -6.1533e-11
Max_H0_P36 1.91289e-11
Max_H0_P37 -1.03849e-10
Max_H0_P38 -2.95888e-11
Max_H0_P39 -5.14428e-11
Max_H0_P40 -4.80008e-11
Max_H0_P41 -1.62349e-10
Max_H0_P42 -9.3359e-11
Max_H0_P43 -9.02798e-11
Max_H0_P44 0
Max_H0_P45 0
Max_H0_P46 0
Max_H0_P47 0
Max_H0_P48 0
Max_H0_P49 0
Max_H0_P50 0
Max_H0_P51 0
Max_H0_P52 0
Max_H0_P53 0
Max_H0_P54 0
Max_H0_P55 0
Max_H0_P56 0
Max_H0_P57 0
Max_H0_P58 0
Max_H0_P59 0
Max_H0_P60 -1.65896e-10
Max_H0_P61 -2.74704e-10
Max_H0_P62 -2.15117e-10
Max_H0_P63 0
Max_H0_P64 0
Max_H0_P65 0
Max_H0_P66 0
Max_H0_P67 0
Max_H0_P68 0
Max_H0_P69 0
Max_H0_P70 0
Max_H0_P71 0
Max_H0_P72 0
Max_H0_P73 0
Max_H0_P74 0
Max_H0_P75 0
Max_H0_P76 0
Max_H0_P77 0
Max_H0_P78 0
Max_H0_P79 -7.60059e-12
Max_H0_P80 0
Max_H0_P81 0
Max_H1_P0 0
Max_H1_P1 0
Max_H1_P2 -2.65149e-11
Max_H1_P3 0
Max_H1_P4 6.90363e-12
Max_H1_P5 -3.78674e-11
Max_H1_P6 6.90363e-12
Max_H1_P7 0
Max_H1_P8 -0
Max_H1_P9 6.90363e-12
Max_H1_P10 -8.1215e-12
Max_H1_P11 0
Max_H1_P12 0
Max_H1_P13 0
Max_H1_P14 0
Max_H1_P15 5.776e-11
Max_H1_P16 1.02995e-10
Max_H1_P17 -3.70726e-12
Max_H1_P18 -1.19647e-10
Max_H1_P19 -3.64937e-11
Max_H1_P20 -2.43068e-11
Max_H1_P21 -2.92816e-11
Max_H1_P22 -1.31745e-10
Max_H1_P23 2.33058e-12
Max_H1_P24 -1.92406e-11
Max_H1_P25 1.83119e-11
Max_H1_P26 4.5759e-11
Max_H1_P27 2.2254e-11
Max_H1_P28 3.26878e-11
Max_H1_P29 -1.45093e-11
Max_H1_P30 1.71917e-10
Max_H1_P31 1.72122e-10
Max_H1_P32 4.38831e-11
Max_H1_P33 4.88853e-11
Max_H1_P34 1.00093e-10
Max_H1_P35 4.82689e-11
Max_H1_P36 8.16636e-12
Max_H1_P37 0
Max_H1_P38 -1.61482e-10
Max_H1_P39 -1.53782e-11
Max_H1_P40 -4.59262e-11
Max_H1_P41 -1.30502e-10
Max_H1_P42 -5.95102e-11
Max_H1_P43 -2.08027e-10
Max_H1_P44 7.88191e-11
Max_H1_P45 0
Max_H1_P46 0
Max_H1_P47 0
Max_H1_P48 0
Max_H1_P49 0
Max_H1_P50 0
Max_H1_P51 1.1756e-10
Max_H1_P52 0
Max_H1_P53 0
Max_H1_P54 2.89331e-11
Max_H1_P55 -1.1736e-10
Max_H1_P56 0
Max_H1_P57 0
Max_H1_P58 -1.25684e-10
Max_H1_P59 0
Max_H1_P60 -2.39737e-10
Max_H1_P61 -2.04663e-10
Max_H1_P62 -2.49064e-10
Max_H1_P63 0
Max_H1_P64 0
Max_H1_P65 -2.58751e-10
Max_H1_P66 0
Max_H1_P67 0
Max_H1_P68 0
Max_H1_P69 0
Max_H1_P70 0
Max_H1_P71 0
Max_H1_P72 0
Max_H1_P73 0
Max_H1_P74 0
Max_H1_P75 0
Max_H1_P76 0
Max_H1_P77 -2.46083e-11
Max_H1_P78 -7.60059e-12
Max_H1_P79 0
Max_H1_P80 0
Max_H1_P81 0
