
Branch and bound

  Entire solving process        :                           (Time    208.5)
  No feasible solution was found
  Best relaxation cost          :     69677.89 (Node     0) (Time    208.5)
  Lower bound after cuts        :     69677.89
  End lower bound               :     69677.89
  Deepest level reached         : 0
  Deepest real level reached    : 0
  Number of real nodes solved   : 1
  Stopping condition            : enough nodes explored

Problem identification

  Problem                       : <null>
  Machine                       : oslo5.gerad.lan

Solving process summary

  Linear relaxations            :        1
  Column generation iterations  :      113
  Shortest paths solved         :     6964
  Columns generated             :    58324

Instance characteristics

  Resources                     : 3
  Node types                    : no
  Arc types                     : no
  Strong resource windows       : no
  Weak resource windows         : no
  Resource windows (nodes)      : 3
  Resource values (arcs)        : 3
  Values on nodes               : no

  Rows                          : 1100
  Initial columns               : 472
  Tasks                         : 938
  Strong tasks                  : 657
  Weak tasks                    : 4
  Initial task constraints      : no
  Nodes                         : 1266
  Arc sets                      : 1
  Arcs                          : 38803
  Networks                      : 2
  Models                        : 1

Memory used per module (Megs)

  Parser (reused)               :      7.999
  Networks                      :     37.416
  Column generator              :     11.866
  Master problem                :     10.706
  -----------------
  Total                         :     59.988

Cpu time per module (seconds)

  Parser                        :        0.0
  Preprocessor                  :        0.0
  Lr solver manager             :        0.1
  Column generator              :       90.0
    (Shortest path)             :       79.6
  Master problem                :      118.4
  -------------------
  Total (without b&b)           :      208.5

Real elapsed time (seconds)

  Parser                        :        0.0
  Preprocessor                  :        0.0
  Lr solver manager             :        0.1
  Column generator              :       90.0
    (Shortest path)             :       79.1
  Master problem                :      118.4
  -------------------
  Total (without b&b)           :      208.5
