
Branch and bound

  Entire solving process        :                           (Time     41.9)
  No feasible solution was found
  Best relaxation cost          :     34692.00 (Node     0) (Time     41.9)
  Lower bound after cuts        :     34692.00
  End lower bound               :     34692.00
  Deepest level reached         : 0
  Deepest real level reached    : 0
  Number of real nodes solved   : 1
  Stopping condition            : enough nodes explored

Problem identification

  Problem                       : <null>
  Machine                       : oslo4.gerad.lan

Solving process summary

  Linear relaxations            :        1
  Column generation iterations  :      104
  Shortest paths solved         :     4357
  Columns generated             :    29186

Instance characteristics

  Resources                     : 3
  Node types                    : no
  Arc types                     : no
  Strong resource windows       : no
  Weak resource windows         : no
  Resource windows (nodes)      : 3
  Resource values (arcs)        : 3
  Values on nodes               : no

  Rows                          : 682
  Initial columns               : 272
  Tasks                         : 520
  Strong tasks                  : 359
  Weak tasks                    : 4
  Initial task constraints      : no
  Nodes                         : 848
  Arc sets                      : 1
  Arcs                          : 14330
  Networks                      : 2
  Models                        : 1

Memory used per module (Megs)

  Parser (reused)               :      3.277
  Networks                      :     21.190
  Column generator              :      3.027
  Master problem                :      7.062
  -----------------
  Total                         :     31.279

Cpu time per module (seconds)

  Parser                        :        0.0
  Preprocessor                  :        0.0
  Lr solver manager             :        0.0
  Column generator              :        9.5
    (Shortest path)             :        8.0
  Master problem                :       32.4
  -------------------
  Total (without b&b)           :       41.9

Real elapsed time (seconds)

  Parser                        :        0.0
  Preprocessor                  :        0.0
  Lr solver manager             :        0.0
  Column generator              :        9.6
    (Shortest path)             :        8.2
  Master problem                :       32.3
  -------------------
  Total (without b&b)           :       41.9
