
Branch and bound

  Entire solving process        :                           (Time    429.6)
  No feasible solution was found
  Best relaxation cost          :     71277.41 (Node     0) (Time    429.6)
  Lower bound after cuts        :     71277.41
  End lower bound               :     71277.41
  Deepest level reached         : 0
  Deepest real level reached    : 0
  Number of real nodes solved   : 1
  Stopping condition            : enough nodes explored

Problem identification

  Problem                       : <null>
  Machine                       : oslo2.gerad.lan

Solving process summary

  Linear relaxations            :        1
  Column generation iterations  :      119
  Shortest paths solved         :     7049
  Columns generated             :    70995

Instance characteristics

  Resources                     : 3
  Node types                    : no
  Arc types                     : no
  Strong resource windows       : no
  Weak resource windows         : no
  Resource windows (nodes)      : 3
  Resource values (arcs)        : 3
  Values on nodes               : no

  Rows                          : 1273
  Initial columns               : 578
  Tasks                         : 1111
  Strong tasks                  : 749
  Weak tasks                    : 4
  Initial task constraints      : no
  Nodes                         : 1439
  Arc sets                      : 1
  Arcs                          : 53067
  Networks                      : 2
  Models                        : 1

Memory used per module (Megs)

  Parser (reused)               :     10.784
  Networks                      :     42.743
  Column generator              :     20.706
  Master problem                :     12.725
  -----------------
  Total                         :     76.174

Cpu time per module (seconds)

  Parser                        :        0.0
  Preprocessor                  :        0.0
  Lr solver manager             :        0.2
  Column generator              :      251.5
    (Shortest path)             :      228.5
  Master problem                :      177.8
  -------------------
  Total (without b&b)           :      429.6

Real elapsed time (seconds)

  Parser                        :        0.0
  Preprocessor                  :        0.0
  Lr solver manager             :        0.2
  Column generator              :      251.8
    (Shortest path)             :      228.9
  Master problem                :      178.1
  -------------------
  Total (without b&b)           :      430.1
