
Branch and bound

  Entire solving process        :                           (Time    605.1)
  No feasible solution was found
  Best relaxation cost          :     71577.48 (Node     0) (Time    605.0)
  Lower bound after cuts        :     71577.48
  End lower bound               :     71577.48
  Deepest level reached         : 0
  Deepest real level reached    : 0
  Number of real nodes solved   : 1
  Stopping condition            : enough nodes explored

Problem identification

  Problem                       : <null>
  Machine                       : oslo1.gerad.lan

Solving process summary

  Linear relaxations            :        1
  Column generation iterations  :      125
  Shortest paths solved         :     4242
  Columns generated             :    54004

Instance characteristics

  Resources                     : 3
  Node types                    : no
  Arc types                     : no
  Strong resource windows       : no
  Weak resource windows         : no
  Resource windows (nodes)      : 3
  Resource values (arcs)        : 3
  Values on nodes               : no

  Rows                          : 1273
  Initial columns               : 2
  Tasks                         : 1111
  Strong tasks                  : 1107
  Weak tasks                    : 4
  Initial task constraints      : no
  Nodes                         : 1439
  Arc sets                      : 1
  Arcs                          : 53067
  Networks                      : 2
  Models                        : 1

Memory used per module (Megs)

  Parser (reused)               :     10.784
  Networks                      :     40.927
  Column generator              :     16.952
  Master problem                :     12.316
  -----------------
  Total                         :     70.196

Cpu time per module (seconds)

  Parser                        :        0.1
  Preprocessor                  :        0.0
  Lr solver manager             :        0.2
  Column generator              :      195.5
    (Shortest path)             :      172.7
  Master problem                :      409.3
  -------------------
  Total (without b&b)           :      605.0

Real elapsed time (seconds)

  Parser                        :        0.1
  Preprocessor                  :        0.0
  Lr solver manager             :        0.3
  Column generator              :      195.5
    (Shortest path)             :      172.5
  Master problem                :      409.2
  -------------------
  Total (without b&b)           :      605.0
