
Branch and bound

  Entire solving process        :                           (Time     32.5)
  No feasible solution was found
  Best relaxation cost          :     36542.03 (Node     0) (Time     32.5)
  Lower bound after cuts        :     36542.03
  End lower bound               :     36542.03
  Deepest level reached         : 0
  Deepest real level reached    : 0
  Number of real nodes solved   : 1
  Stopping condition            : enough nodes explored

Problem identification

  Problem                       : <null>
  Machine                       : oslo3.gerad.lan

Solving process summary

  Linear relaxations            :        1
  Column generation iterations  :      108
  Shortest paths solved         :     2189
  Columns generated             :    18066

Instance characteristics

  Resources                     : 3
  Node types                    : no
  Arc types                     : no
  Strong resource windows       : no
  Weak resource windows         : no
  Resource windows (nodes)      : 3
  Resource values (arcs)        : 3
  Values on nodes               : no

  Rows                          : 644
  Initial columns               : 2
  Tasks                         : 482
  Strong tasks                  : 478
  Weak tasks                    : 4
  Initial task constraints      : no
  Nodes                         : 810
  Arc sets                      : 1
  Arcs                          : 12683
  Networks                      : 2
  Models                        : 1

Memory used per module (Megs)

  Parser (reused)               :      2.914
  Networks                      :     17.921
  Column generator              :      3.996
  Master problem                :      6.472
  -----------------
  Total                         :     28.389

Cpu time per module (seconds)

  Parser                        :        0.0
  Preprocessor                  :        0.0
  Lr solver manager             :        0.0
  Column generator              :        5.1
    (Shortest path)             :        4.2
  Master problem                :       27.4
  -------------------
  Total (without b&b)           :       32.5

Real elapsed time (seconds)

  Parser                        :        0.0
  Preprocessor                  :        0.0
  Lr solver manager             :        0.0
  Column generator              :        5.1
    (Shortest path)             :        4.2
  Master problem                :       27.4
  -------------------
  Total (without b&b)           :       32.5
