Cover_T0 52
Cover_T1 -52
Cover_T2 52
Cover_T3 -52
Cover_T4 52
Cover_T5 -52
Cover_T6 52
Cover_T7 -52
Cover_T8 56
Cover_T9 -52
Cover_T10 56
Cover_T11 -48
Cover_T12 56
Cover_T13 -48
Cover_T14 62
Cover_T15 -46
Cover_T16 60
Cover_T17 -40
Cover_T18 60
Cover_T19 -38
Cover_T20 52
Cover_T21 -10
Cover_T22 56
Cover_T23 -28
Cover_T24 1024
Cover_T25 -24
Cover_T26 1040
Cover_T27 952
Cover_T28 990
Cover_T29 966
Cover_T30 1012
Cover_T31 0
Cover_T32 1018
Cover_T33 -14
Cover_T34 50
Cover_T35 0
Cover_T36 0
Cover_T37 -2
Cover_T38 14
Cover_T39 8
Cover_T40 0
Cover_T41 -10
Cover_T42 -2
Cover_T43 4
Cover_T44 8
Cover_T45 6
Cover_T46 16
Cover_T47 44
Cover_T48 0
Cover_T49 22
Cover_T50 -14
Cover_T51 2
Cover_T52 -46
Cover_T53 0
Cover_T54 0
Cover_T55 26
Cover_T56 12
Cover_T57 50
Cover_T58 16
Cover_T59 20
Cover_T60 6.6791e-12
Cover_T61 0
Cover_T62 28
Cover_T63 4
Cover_T64 -6
Cover_T65 18
Cover_T66 2.90967e-11
Cover_T67 10
Cover_T68 -20
Cover_T69 4
Cover_T70 24
Cover_T71 4
Cover_T72 0
Cover_T73 28
Cover_T74 10
Cover_T75 52
Cover_T76 10
Cover_T77 -2
Cover_T78 4
Cover_T79 22
Cover_T80 10
Cover_T81 12
Cover_T82 10
Cover_T83 12
Cover_T84 0
Cover_T85 18
Cover_T86 10
Cover_T87 8
Cover_T88 -14
Cover_T89 8
Cover_T90 4
Cover_T91 18
Cover_T92 -14
Cover_T93 8
Cover_T94 -30
Cover_T95 18
Cover_T96 28
Cover_T97 40
Cover_T98 20
Cover_T99 46
Cover_T100 18
Cover_T101 70
Cover_T102 20
Cover_T103 0
Cover_T104 4
Cover_T105 20
Cover_T106 10
Cover_T107 24
Cover_T108 1.67792e-09
Cover_T109 6
Cover_T110 -30
Cover_T111 14
Cover_T112 10
Cover_T113 30
Cover_T114 10
Cover_T115 44
Cover_T116 10
Cover_T117 84
Cover_T118 4
Cover_T119 44
Cover_T120 4
Cover_T121 44
Cover_T122 -4
Cover_T123 24
Cover_T124 -20
Cover_T125 24
Cover_T126 -22
Cover_T127 28
Cover_T128 -30
Cover_T129 34
Cover_T130 -22
Cover_T131 40
Cover_T132 -22
Cover_T133 34
Cover_T134 -24
Cover_T135 34
Cover_T136 -22
Cover_T137 36
Cover_T138 -22
Cover_T139 50
Cover_T140 -22
Cover_T141 30
Cover_T142 -22
Cover_T143 38
Cover_T144 -28
Cover_T145 56
Cover_T146 -26
Cover_T147 74
Cover_T148 -26
Cover_T149 72
Cover_T150 -34
Cover_T151 60
Cover_T152 52
Cover_T153 -52
Cover_T154 54
Cover_T155 -48
Cover_T156 60
Cover_T157 -40
Cover_T158 52
Cover_T159 -38
Cover_T160 60
Cover_T161 -16
Cover_T162 52
Cover_T163 -36
Cover_T164 1014
Cover_T165 -24
Cover_T166 1036
Cover_T167 962
Cover_T168 1002
Cover_T169 946
Cover_T170 1008
Cover_T171 -2.34301e-10
Cover_T172 1030
Cover_T173 -20
Cover_T174 28
Cover_T175 -2
Cover_T176 60
Cover_T177 0
Cover_T178 4
Cover_T179 2
Cover_T180 30
Cover_T181 0
Cover_T182 0
Cover_T183 32
Cover_T184 22
Cover_T185 12
Cover_T186 -14
Cover_T187 -6
Cover_T188 -4
Cover_T189 30
Cover_T190 4
Cover_T191 20
Cover_T192 -6
Cover_T193 12
Cover_T194 -50
Cover_T195 16
Cover_T196 0
Cover_T197 48
Cover_T198 0
Cover_T199 4
Cover_T200 2
Cover_T201 0
Cover_T202 22
Cover_T203 0
Cover_T204 -2
Cover_T205 16
Cover_T206 10
Cover_T207 -12
Cover_T208 0
Cover_T209 12
Cover_T210 7.36549e-10
Cover_T211 0
Cover_T212 -24
Cover_T213 20
Cover_T214 10
Cover_T215 40
Cover_T216 -3.32241e-11
Cover_T217 6
Cover_T218 4
Cover_T219 0
Cover_T220 10
Cover_T221 0
Cover_T222 10
Cover_T223 6
Cover_T224 3.18749e-11
Cover_T225 0
Cover_T226 10
Cover_T227 0
Cover_T228 -14
Cover_T229 10
Cover_T230 14
Cover_T231 -2.18899e-10
Cover_T232 0
Cover_T233 24
Cover_T234 2
Cover_T235 0
Cover_T236 -22
Cover_T237 18
Cover_T238 -28
Cover_T239 38
Cover_T240 22
Cover_T241 62
Cover_T242 0
Cover_T243 8
Cover_T244 10
Cover_T245 14
Cover_T246 0
Cover_T247 10
Cover_T248 -26
Cover_T249 14
Cover_T250 0
Cover_T251 34
Cover_T252 -2
Cover_T253 8
Cover_T254 0
Cover_T255 32
Cover_T256 4
Cover_T257 40
Cover_T258 -10
Cover_T259 44
Cover_T260 -8
Cover_T261 34
Cover_T262 -22
Cover_T263 36
Cover_T264 -22
Cover_T265 34
Cover_T266 -32
Cover_T267 32
Cover_T268 -24
Cover_T269 30
Cover_T270 -22
Cover_T271 36
Cover_T272 -32
Cover_T273 24
Cover_T274 -28
Cover_T275 22
Cover_T276 -48
Cover_T277 32
Cover_T278 -28
Cover_T279 30
Cover_T280 -22
Cover_T281 48
Cover_T282 -22
Cover_T283 28
Cover_T284 -24
Cover_T285 24
Cover_T286 -24
Cover_T287 26
Cover_T288 -22
Cover_T289 26
Cover_T290 -28
Cover_T291 36
Cover_T292 -26
Cover_T293 54
Cover_T294 -28
Cover_T295 70
Cover_T296 -34
Cover_T297 58
Cover_T298 -40
Cover_T299 64
Cover_T300 -40
Cover_T301 58
Cover_T302 -30
Cover_T303 1020
Cover_T304 -30
Cover_T305 1036
Cover_T306 952
Cover_T307 1016
Cover_T308 970
Cover_T309 1022
Cover_T310 970
Cover_T311 1018
Cover_T312 10
Cover_T313 1032
Cover_T314 -8
Cover_T315 30
Cover_T316 6
Cover_T317 -8
Cover_T318 -20
Cover_T319 34
Cover_T320 5.79663e-10
Cover_T321 8
Cover_T322 -14
Cover_T323 16
Cover_T324 6
Cover_T325 30
Cover_T326 26
Cover_T327 8
Cover_T328 -16
Cover_T329 -6
Cover_T330 6
Cover_T331 -30
Cover_T332 2
Cover_T333 0
Cover_T334 -8
Cover_T335 28
Cover_T336 8
Cover_T337 4
Cover_T338 32
Cover_T339 10
Cover_T340 10
Cover_T341 -22
Cover_T342 -10
Cover_T343 0
Cover_T344 6
Cover_T345 12
Cover_T346 20
Cover_T347 0
Cover_T348 52
Cover_T349 -2
Cover_T350 2
Cover_T351 18
Cover_T352 2
Cover_T353 22
Cover_T354 0
Cover_T355 4
Cover_T356 -20
Cover_T357 -4
Cover_T358 12
Cover_T359 -36
Cover_T360 8
Cover_T361 14
Cover_T362 18
Cover_T363 -10
Cover_T364 18
Cover_T365 -3.32241e-11
Cover_T366 42
Cover_T367 -2.36229e-11
Cover_T368 -12
Cover_T369 -6
Cover_T370 12
Cover_T371 0
Cover_T372 10
Cover_T373 2
Cover_T374 0
Cover_T375 4
Cover_T376 2
Cover_T377 24
Cover_T378 10
Cover_T379 8
Cover_T380 16
Cover_T381 0
Cover_T382 2
Cover_T383 -6
Cover_T384 26
Cover_T385 -26
Cover_T386 -2
Cover_T387 -18
Cover_T388 8
Cover_T389 -38
Cover_T390 12
Cover_T391 24
Cover_T392 26
Cover_T393 20
Cover_T394 46
Cover_T395 0
Cover_T396 40
Cover_T397 2
Cover_T398 64
Cover_T399 24
Cover_T400 2
Cover_T401 16
Cover_T402 6
Cover_T403 0
Cover_T404 18
Cover_T405 -18
Cover_T406 2
Cover_T407 8
Cover_T408 16
Cover_T409 -6.56755e-11
Cover_T410 28
Cover_T411 1.14113e-10
Cover_T412 70
Cover_T413 -6
Cover_T414 28
Cover_T415 4
Cover_T416 34
Cover_T417 0
Cover_T418 34
Cover_T419 -16
Cover_T420 38
Cover_T421 -12
Cover_T422 22
Cover_T423 -22
Cover_T424 26
Cover_T425 -22
Cover_T426 26
Cover_T427 -22
Cover_T428 34
Cover_T429 -30
Cover_T430 26
Cover_T431 -22
Cover_T432 28
Cover_T433 -22
Cover_T434 30
Cover_T435 -22
Cover_T436 56
Cover_T437 -22
Cover_T438 40
Cover_T439 -22
Cover_T440 32
Cover_T441 -32
Cover_T442 36
Cover_T443 -24
Cover_T444 54
Cover_T445 -24
Cover_T446 56
Cover_T447 -26
Cover_T448 80
Cover_T449 -26
Cover_T450 78
Cover_T451 -34
Cover_T452 66
Cover_T453 44
Cover_T454 6
Cover_T455 46
Cover_T456 10
Cover_T457 32
Cover_T458 8
Cover_T459 984
Cover_T460 984
Cover_T461 1022
Cover_T462 1018
Cover_T463 1054
Cover_T464 1006
Cover_T465 1030
Cover_T466 48
Cover_T467 28
Cover_T468 0
Cover_T469 54
Cover_T470 -20
Cover_T471 54
Cover_T472 24
Cover_T473 52
Cover_T474 52
Cover_T475 -4
Cover_T476 54
Cover_T477 0
Cover_T478 24
Cover_T479 18
Cover_T480 64
Cover_T481 0
Cover_T482 34
Cover_T483 66
Cover_T484 0
Cover_T485 48
Cover_T486 42
Cover_T487 0
Cover_T488 0
Cover_T489 0
Cover_T490 62
Cover_T491 52
Cover_T492 56
Count_D0 -984
Count_D1 -1000
Max_H0_P0 0
Max_H0_P1 0
Max_H0_P2 0
Max_H0_P3 0
Max_H0_P4 0
Max_H0_P5 0
Max_H0_P6 0
Max_H0_P7 0
Max_H0_P8 0
Max_H0_P9 0
Max_H0_P10 0
Max_H0_P11 0
Max_H0_P12 0
Max_H0_P13 0
Max_H0_P14 0
Max_H0_P15 0
Max_H0_P16 0
Max_H0_P17 0
Max_H0_P18 0
Max_H0_P19 0
Max_H0_P20 0
Max_H0_P21 0
Max_H0_P22 5.34328e-12
Max_H0_P23 0
Max_H0_P24 0
Max_H0_P25 -4.63984e-12
Max_H0_P26 0
Max_H0_P27 0
Max_H0_P28 0
Max_H0_P29 0
Max_H0_P30 0
Max_H0_P31 0
Max_H0_P32 1.26671e-11
Max_H0_P33 -3.00027e-12
Max_H0_P34 0
Max_H0_P35 -7.89502e-12
Max_H0_P36 0
Max_H0_P37 0
Max_H0_P38 0
Max_H0_P39 0
Max_H0_P40 0
Max_H0_P41 0
Max_H0_P42 0
Max_H0_P43 0
Max_H0_P44 0
Max_H0_P45 0
Max_H0_P46 0
Max_H0_P47 0
Max_H0_P48 0
Max_H0_P49 0
Max_H0_P50 0
Max_H0_P51 0
Max_H0_P52 0
Max_H0_P53 0
Max_H0_P54 0
Max_H0_P55 0
Max_H0_P56 0
Max_H0_P57 0
Max_H0_P58 0
Max_H0_P59 0
Max_H0_P60 0
Max_H0_P61 0
Max_H0_P62 0
Max_H0_P63 0
Max_H0_P64 0
Max_H0_P65 0
Max_H0_P66 0
Max_H0_P67 0
Max_H0_P68 0
Max_H0_P69 0
Max_H0_P70 0
Max_H0_P71 0
Max_H0_P72 0
Max_H0_P73 0
Max_H0_P74 0
Max_H0_P75 0
Max_H0_P76 0
Max_H0_P77 0
Max_H0_P78 0
Max_H0_P79 0
Max_H0_P80 0
Max_H0_P81 0
Max_H1_P0 0
Max_H1_P1 0
Max_H1_P2 0
Max_H1_P3 0
Max_H1_P4 0
Max_H1_P5 -3.97744e-11
Max_H1_P6 0
Max_H1_P7 0
Max_H1_P8 0
Max_H1_P9 0
Max_H1_P10 0
Max_H1_P11 0
Max_H1_P12 0
Max_H1_P13 0
Max_H1_P14 0
Max_H1_P15 0
Max_H1_P16 2.19285e-11
Max_H1_P17 0
Max_H1_P18 0
Max_H1_P19 0
Max_H1_P20 -9.61564e-12
Max_H1_P21 8.7752e-12
Max_H1_P22 0
Max_H1_P23 0
Max_H1_P24 7.29467e-13
Max_H1_P25 -4.60432e-12
Max_H1_P26 -4.63984e-12
Max_H1_P27 -1.13989e-11
Max_H1_P28 0
Max_H1_P29 0
Max_H1_P30 1.81681e-12
Max_H1_P31 2.45848e-12
Max_H1_P32 0
Max_H1_P33 0
Max_H1_P34 0
Max_H1_P35 8.95284e-13
Max_H1_P36 0
Max_H1_P37 0
Max_H1_P38 0
Max_H1_P39 0
Max_H1_P40 -1.56881e-11
Max_H1_P41 -3.15481e-12
Max_H1_P42 0
Max_H1_P43 8.52651e-14
Max_H1_P44 0
Max_H1_P45 0
Max_H1_P46 0
Max_H1_P47 0
Max_H1_P48 0
Max_H1_P49 0
Max_H1_P50 0
Max_H1_P51 0
Max_H1_P52 0
Max_H1_P53 0
Max_H1_P54 0
Max_H1_P55 0
Max_H1_P56 0
Max_H1_P57 0
Max_H1_P58 0
Max_H1_P59 0
Max_H1_P60 1.43849e-11
Max_H1_P61 0
Max_H1_P62 0
Max_H1_P63 0
Max_H1_P64 0
Max_H1_P65 0
Max_H1_P66 0
Max_H1_P67 0
Max_H1_P68 0
Max_H1_P69 0
Max_H1_P70 0
Max_H1_P71 0
Max_H1_P72 0
Max_H1_P73 0
Max_H1_P74 0
Max_H1_P75 0
Max_H1_P76 0
Max_H1_P77 3.18323e-12
Max_H1_P78 0
Max_H1_P79 0
Max_H1_P80 0
Max_H1_P81 0
