
Branch and bound

  Entire solving process        :                           (Time    101.6)
  No feasible solution was found
  Best relaxation cost          :     34613.95 (Node     0) (Time    101.6)
  Lower bound after cuts        :     34613.95
  End lower bound               :     34613.95
  Deepest level reached         : 0
  Deepest real level reached    : 0
  Number of real nodes solved   : 1
  Stopping condition            : enough nodes explored

Problem identification

  Problem                       : <null>
  Machine                       : oslo1.gerad.lan

Solving process summary

  Linear relaxations            :        1
  Column generation iterations  :      185
  Shortest paths solved         :     2865
  Columns generated             :    25441

Instance characteristics

  Resources                     : 3
  Node types                    : no
  Arc types                     : no
  Strong resource windows       : no
  Weak resource windows         : no
  Resource windows (nodes)      : 3
  Resource values (arcs)        : 3
  Values on nodes               : no

  Rows                          : 659
  Initial columns               : 2
  Tasks                         : 497
  Strong tasks                  : 493
  Weak tasks                    : 4
  Initial task constraints      : no
  Nodes                         : 825
  Arc sets                      : 1
  Arcs                          : 13204
  Networks                      : 2
  Models                        : 1

Memory used per module (Megs)

  Parser (reused)               :      3.035
  Networks                      :     18.647
  Column generator              :      3.390
  Master problem                :      6.865
  -----------------
  Total                         :     28.903

Cpu time per module (seconds)

  Parser                        :        0.0
  Preprocessor                  :        0.0
  Lr solver manager             :        0.1
  Column generator              :       11.1
    (Shortest path)             :        8.8
  Master problem                :       90.4
  -------------------
  Total (without b&b)           :      101.6

Real elapsed time (seconds)

  Parser                        :        0.0
  Preprocessor                  :        0.0
  Lr solver manager             :        0.1
  Column generator              :       11.1
    (Shortest path)             :        8.7
  Master problem                :       90.4
  -------------------
  Total (without b&b)           :      101.6
