
Branch and bound

  Entire solving process        :                           (Time    380.8)
  No feasible solution was found
  Best relaxation cost          :     70996.33 (Node     0) (Time    372.4)
  Lower bound after cuts        :     70996.33
  End lower bound               :     71000.06
  Deepest level reached         : 0
  Deepest real level reached    : 0
  Number of real nodes solved   : 1
  Stopping condition            : enough nodes explored

Problem identification

  Problem                       : <null>
  Machine                       : oslo5.gerad.lan

Solving process summary

  Linear relaxations            :        1
  Column generation iterations  :      122
  Shortest paths solved         :     7425
  Columns generated             :    73363

Instance characteristics

  Resources                     : 3
  Node types                    : no
  Arc types                     : no
  Strong resource windows       : no
  Weak resource windows         : no
  Resource windows (nodes)      : 3
  Resource values (arcs)        : 3
  Values on nodes               : no

  Rows                          : 1265
  Initial columns               : 533
  Tasks                         : 1103
  Strong tasks                  : 769
  Weak tasks                    : 4
  Initial task constraints      : no
  Nodes                         : 1431
  Arc sets                      : 1
  Arcs                          : 52278
  Networks                      : 2
  Models                        : 1

Memory used per module (Megs)

  Parser (reused)               :     10.663
  Networks                      :     42.380
  Column generator              :     18.526
  Master problem                :     12.294
  -----------------
  Total                         :     73.200

Cpu time per module (seconds)

  Parser                        :        0.0
  Preprocessor                  :        0.0
  Lr solver manager             :        0.0
  Column generator              :      209.3
    (Shortest path)             :      189.8
  Master problem                :      171.3
  -------------------
  Total (without b&b)           :      380.7

Real elapsed time (seconds)

  Parser                        :        0.0
  Preprocessor                  :        0.0
  Lr solver manager             :        0.0
  Column generator              :      209.3
    (Shortest path)             :      190.0
  Master problem                :      171.3
  -------------------
  Total (without b&b)           :      380.6
