
Branch and bound

  Entire solving process        :                           (Time     67.9)
  No feasible solution was found
  Best relaxation cost          :     36006.07 (Node     0) (Time     67.9)
  Lower bound after cuts        :     36006.07
  End lower bound               :     36006.07
  Deepest level reached         : 0
  Deepest real level reached    : 0
  Number of real nodes solved   : 1
  Stopping condition            : enough nodes explored

Problem identification

  Problem                       : <null>
  Machine                       : oslo1.gerad.lan

Solving process summary

  Linear relaxations            :        1
  Column generation iterations  :      152
  Shortest paths solved         :     2883
  Columns generated             :    23776

Instance characteristics

  Resources                     : 3
  Node types                    : no
  Arc types                     : no
  Strong resource windows       : no
  Weak resource windows         : no
  Resource windows (nodes)      : 3
  Resource values (arcs)        : 3
  Values on nodes               : no

  Rows                          : 668
  Initial columns               : 2
  Tasks                         : 506
  Strong tasks                  : 502
  Weak tasks                    : 4
  Initial task constraints      : no
  Nodes                         : 834
  Arc sets                      : 1
  Arcs                          : 13504
  Networks                      : 2
  Models                        : 1

Memory used per module (Megs)

  Parser (reused)               :      3.035
  Networks                      :     18.889
  Column generator              :      3.754
  Master problem                :      6.873
  -----------------
  Total                         :     29.516

Cpu time per module (seconds)

  Parser                        :        0.0
  Preprocessor                  :        0.0
  Lr solver manager             :        0.1
  Column generator              :        9.3
    (Shortest path)             :        7.2
  Master problem                :       58.5
  -------------------
  Total (without b&b)           :       67.9

Real elapsed time (seconds)

  Parser                        :        0.0
  Preprocessor                  :        0.0
  Lr solver manager             :        0.1
  Column generator              :        9.2
    (Shortest path)             :        6.9
  Master problem                :       58.6
  -------------------
  Total (without b&b)           :       67.9
