
Branch and bound

  Entire solving process        :                           (Time     46.5)
  No feasible solution was found
  Best relaxation cost          :     35928.90 (Node     0) (Time     46.5)
  Lower bound after cuts        :     35928.90
  End lower bound               :     35928.90
  Deepest level reached         : 0
  Deepest real level reached    : 0
  Number of real nodes solved   : 1
  Stopping condition            : enough nodes explored

Problem identification

  Problem                       : <null>
  Machine                       : oslo1.gerad.lan

Solving process summary

  Linear relaxations            :        1
  Column generation iterations  :      128
  Shortest paths solved         :     5523
  Columns generated             :    38949

Instance characteristics

  Resources                     : 3
  Node types                    : no
  Arc types                     : no
  Strong resource windows       : no
  Weak resource windows         : no
  Resource windows (nodes)      : 3
  Resource values (arcs)        : 3
  Values on nodes               : no

  Rows                          : 668
  Initial columns               : 290
  Tasks                         : 506
  Strong tasks                  : 341
  Weak tasks                    : 4
  Initial task constraints      : no
  Nodes                         : 834
  Arc sets                      : 1
  Arcs                          : 13504
  Networks                      : 2
  Models                        : 1

Memory used per module (Megs)

  Parser (reused)               :      3.156
  Networks                      :     20.706
  Column generator              :      3.996
  Master problem                :      6.911
  -----------------
  Total                         :     31.612

Cpu time per module (seconds)

  Parser                        :        0.0
  Preprocessor                  :        0.0
  Lr solver manager             :        0.0
  Column generator              :       10.6
    (Shortest path)             :        8.6
  Master problem                :       35.9
  -------------------
  Total (without b&b)           :       46.5

Real elapsed time (seconds)

  Parser                        :        0.0
  Preprocessor                  :        0.0
  Lr solver manager             :        0.1
  Column generator              :       10.5
    (Shortest path)             :        8.5
  Master problem                :       35.9
  -------------------
  Total (without b&b)           :       46.5
