
Branch and bound

  Entire solving process        :                           (Time    476.9)
  No feasible solution was found
  Best relaxation cost          :     52086.14 (Node     0) (Time    476.9)
  Lower bound after cuts        :     52086.14
  End lower bound               :     52086.14
  Deepest level reached         : 0
  Deepest real level reached    : 0
  Number of real nodes solved   : 1
  Stopping condition            : enough nodes explored

Problem identification

  Problem                       : <null>
  Machine                       : oslo5.gerad.lan

Solving process summary

  Linear relaxations            :        1
  Column generation iterations  :      162
  Shortest paths solved         :     8325
  Columns generated             :    58919

Instance characteristics

  Resources                     : 3
  Node types                    : no
  Arc types                     : no
  Strong resource windows       : no
  Weak resource windows         : no
  Resource windows (nodes)      : 3
  Resource values (arcs)        : 3
  Values on nodes               : no

  Rows                          : 1025
  Initial columns               : 396
  Tasks                         : 863
  Strong tasks                  : 631
  Weak tasks                    : 4
  Initial task constraints      : no
  Nodes                         : 1191
  Arc sets                      : 1
  Arcs                          : 33884
  Networks                      : 2
  Models                        : 1

Memory used per module (Megs)

  Parser (reused)               :      7.152
  Networks                      :     33.662
  Column generator              :     15.620
  Master problem                :     10.192
  -----------------
  Total                         :     59.474

Cpu time per module (seconds)

  Parser                        :        0.0
  Preprocessor                  :        0.0
  Lr solver manager             :        0.2
  Column generator              :      111.6
    (Shortest path)             :      101.8
  Master problem                :      365.1
  -------------------
  Total (without b&b)           :      476.9

Real elapsed time (seconds)

  Parser                        :        0.0
  Preprocessor                  :        0.0
  Lr solver manager             :        0.1
  Column generator              :      111.6
    (Shortest path)             :      101.8
  Master problem                :      365.1
  -------------------
  Total (without b&b)           :      476.9
