
Branch and bound

  Entire solving process        :                           (Time    437.1)
  No feasible solution was found
  Best relaxation cost          :     52356.10 (Node     0) (Time    437.0)
  Lower bound after cuts        :     52356.10
  End lower bound               :     52356.10
  Deepest level reached         : 0
  Deepest real level reached    : 0
  Number of real nodes solved   : 1
  Stopping condition            : enough nodes explored

Problem identification

  Problem                       : <null>
  Machine                       : oslo1.gerad.lan

Solving process summary

  Linear relaxations            :        1
  Column generation iterations  :      169
  Shortest paths solved         :     4212
  Columns generated             :    49770

Instance characteristics

  Resources                     : 3
  Node types                    : no
  Arc types                     : no
  Strong resource windows       : no
  Weak resource windows         : no
  Resource windows (nodes)      : 3
  Resource values (arcs)        : 3
  Values on nodes               : no

  Rows                          : 1025
  Initial columns               : 2
  Tasks                         : 863
  Strong tasks                  : 859
  Weak tasks                    : 4
  Initial task constraints      : no
  Nodes                         : 1191
  Arc sets                      : 1
  Arcs                          : 33884
  Networks                      : 2
  Models                        : 1

Memory used per module (Megs)

  Parser (reused)               :      7.031
  Networks                      :     30.756
  Column generator              :     11.019
  Master problem                :     10.230
  -----------------
  Total                         :     52.004

Cpu time per module (seconds)

  Parser                        :        0.0
  Preprocessor                  :        0.0
  Lr solver manager             :        0.1
  Column generator              :       83.8
    (Shortest path)             :       76.6
  Master problem                :      353.1
  -------------------
  Total (without b&b)           :      437.0

Real elapsed time (seconds)

  Parser                        :        0.0
  Preprocessor                  :        0.0
  Lr solver manager             :        0.1
  Column generator              :       83.9
    (Shortest path)             :       75.9
  Master problem                :      353.0
  -------------------
  Total (without b&b)           :      437.0
