Cover_T0 52
Cover_T1 -52
Cover_T2 52
Cover_T3 -52
Cover_T4 52
Cover_T5 -52
Cover_T6 52
Cover_T7 -52
Cover_T8 52
Cover_T9 -52
Cover_T10 52
Cover_T11 -52
Cover_T12 52
Cover_T13 -52
Cover_T14 52
Cover_T15 -52
Cover_T16 52
Cover_T17 -52
Cover_T18 52
Cover_T19 -52
Cover_T20 52
Cover_T21 -52
Cover_T22 52
Cover_T23 -52
Cover_T24 54
Cover_T25 -52
Cover_T26 54
Cover_T27 -50
Cover_T28 54
Cover_T29 -50
Cover_T30 54
Cover_T31 -50
Cover_T32 54
Cover_T33 -50
Cover_T34 54
Cover_T35 -50
Cover_T36 54
Cover_T37 -50
Cover_T38 54
Cover_T39 -50
Cover_T40 54
Cover_T41 -50
Cover_T42 54
Cover_T43 -50
Cover_T44 54
Cover_T45 -50
Cover_T46 54
Cover_T47 -50
Cover_T48 52
Cover_T49 -46
Cover_T50 52
Cover_T51 -40
Cover_T52 56
Cover_T53 0
Cover_T54 56
Cover_T55 -1.38812e-10
Cover_T56 64
Cover_T57 0
Cover_T58 56
Cover_T59 942
Cover_T60 56
Cover_T61 946
Cover_T62 954
Cover_T63 946
Cover_T64 946
Cover_T65 942
Cover_T66 1040
Cover_T67 948
Cover_T68 1048
Cover_T69 948
Cover_T70 998
Cover_T71 948
Cover_T72 998
Cover_T73 940
Cover_T74 56
Cover_T75 948
Cover_T76 56
Cover_T77 948
Cover_T78 56
Cover_T79 50
Cover_T80 48
Cover_T81 58
Cover_T82 34
Cover_T83 -42
Cover_T84 12
Cover_T85 -46
Cover_T86 -6
Cover_T87 -42
Cover_T88 -28
Cover_T89 -24
Cover_T90 -4
Cover_T91 -4
Cover_T92 -24
Cover_T93 16
Cover_T94 -44
Cover_T95 36
Cover_T96 8
Cover_T97 12
Cover_T98 0
Cover_T99 32
Cover_T100 50
Cover_T101 52
Cover_T102 46
Cover_T103 -2.52228e-10
Cover_T104 50
Cover_T105 8
Cover_T106 46
Cover_T107 -42
Cover_T108 26
Cover_T109 -38
Cover_T110 8
Cover_T111 -42
Cover_T112 -2
Cover_T113 -38
Cover_T114 -2.06001e-10
Cover_T115 -18
Cover_T116 8
Cover_T117 0
Cover_T118 8
Cover_T119 10
Cover_T120 -2
Cover_T121 8
Cover_T122 -2
Cover_T123 0
Cover_T124 8
Cover_T125 0
Cover_T126 52
Cover_T127 10
Cover_T128 32
Cover_T129 10
Cover_T130 12
Cover_T131 0
Cover_T132 8
Cover_T133 -44
Cover_T134 0
Cover_T135 -24
Cover_T136 -14
Cover_T137 -4
Cover_T138 -34
Cover_T139 0
Cover_T140 18
Cover_T141 8
Cover_T142 -9.65699e-11
Cover_T143 18
Cover_T144 -10
Cover_T145 34
Cover_T146 -26
Cover_T147 50
Cover_T148 -42
Cover_T149 -6
Cover_T150 -26
Cover_T151 10
Cover_T152 -42
Cover_T153 20
Cover_T154 -42
Cover_T155 36
Cover_T156 4
Cover_T157 50
Cover_T158 2
Cover_T159 30
Cover_T160 -10
Cover_T161 42
Cover_T162 -22
Cover_T163 38
Cover_T164 -34
Cover_T165 50
Cover_T166 -46
Cover_T167 0
Cover_T168 -42
Cover_T169 2
Cover_T170 -6
Cover_T171 14
Cover_T172 -18
Cover_T173 26
Cover_T174 -30
Cover_T175 38
Cover_T176 -42
Cover_T177 52
Cover_T178 8
Cover_T179 52
Cover_T180 -8
Cover_T181 20
Cover_T182 -24
Cover_T183 38
Cover_T184 -40
Cover_T185 64
Cover_T186 -22
Cover_T187 14
Cover_T188 -38
Cover_T189 34
Cover_T190 -38
Cover_T191 60
Cover_T192 22
Cover_T193 60
Cover_T194 14
Cover_T195 90
Cover_T196 0
Cover_T197 56
Cover_T198 52
Cover_T199 72
Cover_T200 38
Cover_T201 72
Cover_T202 34
Cover_T203 98
Cover_T204 42
Cover_T205 90
Cover_T206 50
Cover_T207 94
Cover_T208 30
Cover_T209 36
Cover_T210 30
Cover_T211 44
Cover_T212 0
Cover_T213 48
Cover_T214 26
Cover_T215 4
Cover_T216 10
Cover_T217 16
Cover_T218 26
Cover_T219 20
Cover_T220 -6.5126e-09
Cover_T221 8
Cover_T222 -1.98939e-09
Cover_T223 8
Cover_T224 12
Cover_T225 8
Cover_T226 -2
Cover_T227 20
Cover_T228 -14
Cover_T229 28
Cover_T230 2
Cover_T231 8
Cover_T232 -6
Cover_T233 20
Cover_T234 -16
Cover_T235 12
Cover_T236 2
Cover_T237 12
Cover_T238 -8
Cover_T239 20
Cover_T240 -12
Cover_T241 16
Cover_T242 -20
Cover_T243 24
Cover_T244 -28
Cover_T245 34
Cover_T246 -38
Cover_T247 18
Cover_T248 -2
Cover_T249 26
Cover_T250 -2
Cover_T251 34
Cover_T252 -12
Cover_T253 22
Cover_T254 -4
Cover_T255 26
Cover_T256 -4
Cover_T257 38
Cover_T258 -12
Cover_T259 40
Cover_T260 -6
Cover_T261 60
Cover_T262 -6
Cover_T263 60
Cover_T264 -14
Cover_T265 20
Cover_T266 -6
Cover_T267 28
Cover_T268 -14
Cover_T269 36
Cover_T270 -10
Cover_T271 28
Cover_T272 -10
Cover_T273 28
Cover_T274 -14
Cover_T275 42
Cover_T276 -16
Cover_T277 34
Cover_T278 -20
Cover_T279 34
Cover_T280 -12
Cover_T281 42
Cover_T282 -20
Cover_T283 30
Cover_T284 -20
Cover_T285 32
Cover_T286 -26
Cover_T287 40
Cover_T288 -34
Cover_T289 34
Cover_T290 -26
Cover_T291 42
Cover_T292 -30
Cover_T293 40
Cover_T294 -34
Cover_T295 34
Cover_T296 -28
Cover_T297 52
Cover_T298 -34
Cover_T299 38
Cover_T300 -34
Cover_T301 42
Cover_T302 -30
Cover_T303 42
Cover_T304 -32
Cover_T305 48
Cover_T306 -34
Cover_T307 48
Cover_T308 -32
Cover_T309 48
Cover_T310 -34
Cover_T311 46
Cover_T312 -34
Cover_T313 48
Cover_T314 -34
Cover_T315 46
Cover_T316 -34
Cover_T317 54
Cover_T318 -34
Cover_T319 52
Cover_T320 -40
Cover_T321 52
Cover_T322 -40
Cover_T323 52
Cover_T324 -40
Cover_T325 52
Cover_T326 -40
Cover_T327 52
Cover_T328 -40
Cover_T329 56
Cover_T330 -48
Cover_T331 56
Cover_T332 -44
Cover_T333 52
Cover_T334 -44
Cover_T335 56
Cover_T336 -48
Cover_T337 56
Cover_T338 -48
Cover_T339 52
Cover_T340 -48
Cover_T341 52
Cover_T342 -52
Cover_T343 52
Cover_T344 -52
Cover_T345 52
Cover_T346 -52
Cover_T347 54
Cover_T348 -52
Cover_T349 52
Cover_T350 -52
Cover_T351 52
Cover_T352 -50
Cover_T353 52
Cover_T354 -50
Cover_T355 52
Cover_T356 -50
Cover_T357 52
Cover_T358 -50
Cover_T359 52
Cover_T360 -50
Cover_T361 56
Cover_T362 -48
Cover_T363 52
Cover_T364 -48
Cover_T365 50
Cover_T366 -48
Cover_T367 50
Cover_T368 -48
Cover_T369 50
Cover_T370 -48
Cover_T371 52
Cover_T372 -42
Cover_T373 56
Cover_T374 0
Cover_T375 56
Cover_T376 0
Cover_T377 64
Cover_T378 -3.22636e-10
Cover_T379 56
Cover_T380 942
Cover_T381 52
Cover_T382 946
Cover_T383 954
Cover_T384 946
Cover_T385 940
Cover_T386 938
Cover_T387 1002
Cover_T388 944
Cover_T389 1002
Cover_T390 936
Cover_T391 994
Cover_T392 944
Cover_T393 60
Cover_T394 944
Cover_T395 56
Cover_T396 46
Cover_T397 56
Cover_T398 54
Cover_T399 60
Cover_T400 -50
Cover_T401 40
Cover_T402 -44
Cover_T403 32
Cover_T404 -48
Cover_T405 18
Cover_T406 -52
Cover_T407 8
Cover_T408 -48
Cover_T409 -6
Cover_T410 -36
Cover_T411 -18
Cover_T412 -26
Cover_T413 -30
Cover_T414 -14
Cover_T415 -42
Cover_T416 -2
Cover_T417 -10
Cover_T418 10
Cover_T419 -22
Cover_T420 26
Cover_T421 -42
Cover_T422 46
Cover_T423 10
Cover_T424 22
Cover_T425 0
Cover_T426 42
Cover_T427 52
Cover_T428 -10
Cover_T429 48
Cover_T430 1.81885e-10
Cover_T431 52
Cover_T432 -52
Cover_T433 48
Cover_T434 -48
Cover_T435 28
Cover_T436 -52
Cover_T437 8
Cover_T438 -48
Cover_T439 -1.94813e-10
Cover_T440 -28
Cover_T441 2
Cover_T442 -8
Cover_T443 -9.96181e-11
Cover_T444 -8.26352e-11
Cover_T445 1.71667e-11
Cover_T446 -2
Cover_T447 -5.41756e-10
Cover_T448 0
Cover_T449 0
Cover_T450 0
Cover_T451 4.21885e-11
Cover_T452 0
Cover_T453 -10
Cover_T454 -8.20837e-11
Cover_T455 34
Cover_T456 0
Cover_T457 14
Cover_T458 10
Cover_T459 0
Cover_T460 -34
Cover_T461 -1.9039e-10
Cover_T462 -14
Cover_T463 -12
Cover_T464 2.08047e-11
Cover_T465 -32
Cover_T466 0
Cover_T467 -52
Cover_T468 12
Cover_T469 1.36003e-10
Cover_T470 32
Cover_T471 -14
Cover_T472 52
Cover_T473 -34
Cover_T474 0
Cover_T475 -22
Cover_T476 14
Cover_T477 -42
Cover_T478 34
Cover_T479 -46
Cover_T480 52
Cover_T481 -5.3344e-11
Cover_T482 36
Cover_T483 -6
Cover_T484 52
Cover_T485 -22
Cover_T486 52
Cover_T487 -38
Cover_T488 6
Cover_T489 -38
Cover_T490 12
Cover_T491 -6
Cover_T492 28
Cover_T493 -22
Cover_T494 44
Cover_T495 -36
Cover_T496 40
Cover_T497 -48
Cover_T498 52
Cover_T499 6
Cover_T500 16
Cover_T501 -6
Cover_T502 30
Cover_T503 -18
Cover_T504 42
Cover_T505 -30
Cover_T506 54
Cover_T507 -42
Cover_T508 10
Cover_T509 -20
Cover_T510 12
Cover_T511 -32
Cover_T512 26
Cover_T513 -44
Cover_T514 46
Cover_T515 -42
Cover_T516 72
Cover_T517 12
Cover_T518 68
Cover_T519 50
Cover_T520 84
Cover_T521 30
Cover_T522 94
Cover_T523 36
Cover_T524 34
Cover_T525 12
Cover_T526 6
Cover_T527 22
Cover_T528 22
Cover_T529 4
Cover_T530 6
Cover_T531 12
Cover_T532 14
Cover_T533 2
Cover_T534 26
Cover_T535 -10
Cover_T536 8
Cover_T537 -4.6923e-09
Cover_T538 10
Cover_T539 -10
Cover_T540 6
Cover_T541 0
Cover_T542 12
Cover_T543 -8
Cover_T544 20
Cover_T545 -22
Cover_T546 14
Cover_T547 -34
Cover_T548 22
Cover_T549 -4
Cover_T550 14
Cover_T551 -8
Cover_T552 22
Cover_T553 -8
Cover_T554 38
Cover_T555 -10
Cover_T556 50
Cover_T557 -10
Cover_T558 28
Cover_T559 -10
Cover_T560 20
Cover_T561 -14
Cover_T562 24
Cover_T563 -10
Cover_T564 32
Cover_T565 -12
Cover_T566 24
Cover_T567 -20
Cover_T568 36
Cover_T569 -12
Cover_T570 30
Cover_T571 -20
Cover_T572 34
Cover_T573 -20
Cover_T574 30
Cover_T575 -24
Cover_T576 30
Cover_T577 -32
Cover_T578 30
Cover_T579 -28
Cover_T580 36
Cover_T581 -26
Cover_T582 30
Cover_T583 -30
Cover_T584 32
Cover_T585 -30
Cover_T586 32
Cover_T587 -38
Cover_T588 38
Cover_T589 -46
Cover_T590 46
Cover_T591 -28
Cover_T592 36
Cover_T593 -28
Cover_T594 30
Cover_T595 -36
Cover_T596 38
Cover_T597 -30
Cover_T598 38
Cover_T599 -38
Cover_T600 46
Cover_T601 -48
Cover_T602 54
Cover_T603 -34
Cover_T604 38
Cover_T605 -30
Cover_T606 34
Cover_T607 -34
Cover_T608 44
Cover_T609 -42
Cover_T610 38
Cover_T611 -30
Cover_T612 44
Cover_T613 -38
Cover_T614 54
Cover_T615 -34
Cover_T616 40
Cover_T617 -32
Cover_T618 34
Cover_T619 -32
Cover_T620 42
Cover_T621 -34
Cover_T622 50
Cover_T623 -32
Cover_T624 36
Cover_T625 -32
Cover_T626 46
Cover_T627 -34
Cover_T628 40
Cover_T629 -38
Cover_T630 40
Cover_T631 -34
Cover_T632 46
Cover_T633 -34
Cover_T634 48
Cover_T635 -34
Cover_T636 46
Cover_T637 -34
Cover_T638 54
Cover_T639 -34
Cover_T640 48
Cover_T641 -40
Cover_T642 52
Cover_T643 -40
Cover_T644 52
Cover_T645 -40
Cover_T646 52
Cover_T647 -40
Cover_T648 52
Cover_T649 -40
Cover_T650 52
Cover_T651 -44
Cover_T652 56
Cover_T653 -44
Cover_T654 52
Cover_T655 -44
Cover_T656 56
Cover_T657 -44
Cover_T658 54
Cover_T659 -44
Cover_T660 54
Cover_T661 -48
Cover_T662 56
Cover_T663 -48
Cover_T664 56
Cover_T665 -48
Cover_T666 52
Cover_T667 -48
Cover_T668 54
Cover_T669 -48
Cover_T670 52
Cover_T671 -50
Cover_T672 52
Cover_T673 -50
Cover_T674 52
Cover_T675 -50
Cover_T676 52
Cover_T677 -48
Cover_T678 52
Cover_T679 -48
Cover_T680 50
Cover_T681 -48
Cover_T682 50
Cover_T683 -44
Cover_T684 50
Cover_T685 -38
Cover_T686 50
Cover_T687 -4.86747e-10
Cover_T688 54
Cover_T689 0
Cover_T690 60
Cover_T691 946
Cover_T692 52
Cover_T693 946
Cover_T694 52
Cover_T695 946
Cover_T696 950
Cover_T697 946
Cover_T698 942
Cover_T699 946
Cover_T700 1046
Cover_T701 946
Cover_T702 1046
Cover_T703 948
Cover_T704 1038
Cover_T705 948
Cover_T706 1044
Cover_T707 948
Cover_T708 1002
Cover_T709 948
Cover_T710 994
Cover_T711 938
Cover_T712 52
Cover_T713 948
Cover_T714 44
Cover_T715 948
Cover_T716 38
Cover_T717 50
Cover_T718 30
Cover_T719 58
Cover_T720 16
Cover_T721 -46
Cover_T722 0
Cover_T723 -46
Cover_T724 -16
Cover_T725 -46
Cover_T726 -32
Cover_T727 -38
Cover_T728 -6
Cover_T729 -24
Cover_T730 -22
Cover_T731 -8
Cover_T732 -38
Cover_T733 8
Cover_T734 0
Cover_T735 20
Cover_T736 10
Cover_T737 28
Cover_T738 2
Cover_T739 36
Cover_T740 2
Cover_T741 44
Cover_T742 -2
Cover_T743 8
Cover_T744 6
Cover_T745 16
Cover_T746 52
Cover_T747 24
Cover_T748 44
Cover_T749 32
Cover_T750 52
Cover_T751 40
Cover_T752 44
Cover_T753 48
Cover_T754 52
Cover_T755 2
Cover_T756 52
Cover_T757 -8
Cover_T758 44
Cover_T759 0
Cover_T760 52
Cover_T761 0
Cover_T762 44
Cover_T763 4
Cover_T764 36
Cover_T765 0
Cover_T766 20
Cover_T767 -38
Cover_T768 6
Cover_T769 -38
Cover_T770 0
Cover_T771 -46
Cover_T772 6
Cover_T773 -46
Cover_T774 6
Cover_T775 -30
Cover_T776 2
Cover_T777 -14
Cover_T778 6
Cover_T779 8.63594e-11
Cover_T780 -1.27557e-10
Cover_T781 6
Cover_T782 4
Cover_T783 0
Cover_T784 8
Cover_T785 0
Cover_T786 2
Cover_T787 4
Cover_T788 50
Cover_T789 3.70193e-12
Cover_T790 34
Cover_T791 6
Cover_T792 18
Cover_T793 2
Cover_T794 8
Cover_T795 -1.56835e-10
Cover_T796 8
Cover_T797 10
Cover_T798 -4
Cover_T799 -34
Cover_T800 -24
Cover_T801 -14
Cover_T802 -44
Cover_T803 3.30874e-10
Cover_T804 8
Cover_T805 2.30607e-10
Cover_T806 -6
Cover_T807 12
Cover_T808 -26
Cover_T809 32
Cover_T810 -46
Cover_T811 52
Cover_T812 -34
Cover_T813 9.36407e-11
Cover_T814 -38
Cover_T815 14
Cover_T816 4
Cover_T817 34
Cover_T818 -6
Cover_T819 52
Cover_T820 -22
Cover_T821 36
Cover_T822 -38
Cover_T823 52
Cover_T824 -38
Cover_T825 52
Cover_T826 -6
Cover_T827 6
Cover_T828 -22
Cover_T829 12
Cover_T830 -38
Cover_T831 28
Cover_T832 12
Cover_T833 44
Cover_T834 0
Cover_T835 52
Cover_T836 -8
Cover_T837 46
Cover_T838 -16
Cover_T839 54
Cover_T840 -24
Cover_T841 12
Cover_T842 -32
Cover_T843 22
Cover_T844 -40
Cover_T845 30
Cover_T846 -48
Cover_T847 44
Cover_T848 -22
Cover_T849 46
Cover_T850 -30
Cover_T851 60
Cover_T852 -38
Cover_T853 -2
Cover_T854 -46
Cover_T855 14
Cover_T856 -38
Cover_T857 14
Cover_T858 -46
Cover_T859 40
Cover_T860 18
Cover_T861 40
Cover_T862 10
Cover_T863 70
Cover_T864 2
Cover_T865 70
Cover_T866 48
Cover_T867 86
Cover_T868 34
Cover_T869 52
Cover_T870 32
Cover_T871 78
Cover_T872 42
Cover_T873 90
Cover_T874 46
Cover_T875 90
Cover_T876 36
Cover_T877 88
Cover_T878 36
Cover_T879 100
Cover_T880 10
Cover_T881 36
Cover_T882 36
Cover_T883 44
Cover_T884 6
Cover_T885 54
Cover_T886 22
Cover_T887 6
Cover_T888 18
Cover_T889 14
Cover_T890 18
Cover_T891 24
Cover_T892 4
Cover_T893 8
Cover_T894 -8
Cover_T895 8
Cover_T896 2
Cover_T897 20
Cover_T898 -10
Cover_T899 8
Cover_T900 -2
Cover_T901 20
Cover_T902 -8
Cover_T903 20
Cover_T904 -22
Cover_T905 18
Cover_T906 -34
Cover_T907 22
Cover_T908 -2
Cover_T909 30
Cover_T910 -8
Cover_T911 26
Cover_T912 -4
Cover_T913 34
Cover_T914 -8
Cover_T915 22
Cover_T916 -16
Cover_T917 24
Cover_T918 -8
Cover_T919 40
Cover_T920 -8
Cover_T921 40
Cover_T922 -18
Cover_T923 60
Cover_T924 -6
Cover_T925 68
Cover_T926 -6
Cover_T927 26
Cover_T928 -6
Cover_T929 32
Cover_T930 -10
Cover_T931 40
Cover_T932 -10
Cover_T933 32
Cover_T934 -18
Cover_T935 34
Cover_T936 -14
Cover_T937 42
Cover_T938 -12
Cover_T939 32
Cover_T940 -20
Cover_T941 36
Cover_T942 -20
Cover_T943 44
Cover_T944 -22
Cover_T945 36
Cover_T946 -20
Cover_T947 32
Cover_T948 -24
Cover_T949 32
Cover_T950 -40
Cover_T951 42
Cover_T952 -28
Cover_T953 34
Cover_T954 -28
Cover_T955 34
Cover_T956 -28
Cover_T957 46
Cover_T958 -38
Cover_T959 40
Cover_T960 -30
Cover_T961 40
Cover_T962 -28
Cover_T963 44
Cover_T964 -42
Cover_T965 56
Cover_T966 -32
Cover_T967 42
Cover_T968 -30
Cover_T969 44
Cover_T970 -32
Cover_T971 44
Cover_T972 -32
Cover_T973 56
Cover_T974 -34
Cover_T975 46
Cover_T976 -32
Cover_T977 42
Cover_T978 -40
Cover_T979 54
Cover_T980 -34
Cover_T981 52
Cover_T982 -34
Cover_T983 50
Cover_T984 -36
Cover_T985 44
Cover_T986 -36
Cover_T987 44
Cover_T988 -36
Cover_T989 44
Cover_T990 -36
Cover_T991 54
Cover_T992 -36
Cover_T993 62
Cover_T994 -38
Cover_T995 56
Cover_T996 -38
Cover_T997 56
Cover_T998 -36
Cover_T999 56
Cover_T1000 -36
Cover_T1001 60
Cover_T1002 -38
Cover_T1003 60
Cover_T1004 -46
Cover_T1005 58
Cover_T1006 -44
Cover_T1007 54
Cover_T1008 -44
Cover_T1009 58
Cover_T1010 -50
Cover_T1011 58
Cover_T1012 -48
Cover_T1013 54
Cover_T1014 -48
Cover_T1015 54
Cover_T1016 6
Cover_T1017 -2
Cover_T1018 8
Cover_T1019 -2
Cover_T1020 10
Cover_T1021 -2
Cover_T1022 18
Cover_T1023 1.10589e-10
Cover_T1024 10
Cover_T1025 -2
Cover_T1026 16
Cover_T1027 0
Cover_T1028 8
Cover_T1029 0
Cover_T1030 8
Cover_T1031 42
Cover_T1032 26
Cover_T1033 42
Cover_T1034 18
Cover_T1035 992
Cover_T1036 10
Cover_T1037 992
Cover_T1038 1002
Cover_T1039 992
Cover_T1040 1002
Cover_T1041 984
Cover_T1042 1046
Cover_T1043 994
Cover_T1044 1050
Cover_T1045 996
Cover_T1046 1044
Cover_T1047 996
Cover_T1048 994
Cover_T1049 996
Cover_T1050 1002
Cover_T1051 976
Cover_T1052 1002
Cover_T1053 984
Cover_T1054 60
Cover_T1055 992
Cover_T1056 56
Cover_T1057 0
Cover_T1058 56
Cover_T1059 0
Cover_T1060 52
Cover_T1061 -40
Cover_T1062 46
Cover_T1063 -32
Cover_T1064 52
Cover_T1065 52
Cover_T1066 0
Cover_T1067 52
Cover_T1068 0
Cover_T1069 52
Cover_T1070 0
Cover_T1071 62
Cover_T1072 0
Cover_T1073 58
Cover_T1074 20
Cover_T1075 24
Cover_T1076 0
Cover_T1077 30
Cover_T1078 0
Cover_T1079 40
Cover_T1080 42
Cover_T1081 36
Cover_T1082 24
Cover_T1083 34
Cover_T1084 8
Cover_T1085 48
Cover_T1086 86
Cover_T1087 50
Cover_T1088 56
Cover_T1089 10
Cover_T1090 40
Cover_T1091 30
Cover_T1092 42
Cover_T1093 56
Cover_T1094 42
Cover_T1095 -18
Cover_T1096 12
Cover_T1097 16
Cover_T1098 32
Cover_T1099 0
Cover_T1100 6
Cover_T1101 26
Cover_T1102 40
Cover_T1103 32
Cover_T1104 32
Count_D0 -984
Count_D1 -1000
Max_H0_P0 0
Max_H0_P1 0
Max_H0_P2 0
Max_H0_P3 0
Max_H0_P4 0
Max_H0_P5 2.53108e-10
Max_H0_P6 2.30528e-10
Max_H0_P7 0
Max_H0_P8 0
Max_H0_P9 2.06528e-11
Max_H0_P10 0
Max_H0_P11 0
Max_H0_P12 0
Max_H0_P13 0
Max_H0_P14 0
Max_H0_P15 2.65908e-10
Max_H0_P16 4.48939e-11
Max_H0_P17 1.97627e-10
Max_H0_P18 1.33134e-10
Max_H0_P19 7.5147e-11
Max_H0_P20 2.78e-12
Max_H0_P21 2.61423e-10
Max_H0_P22 3.54028e-11
Max_H0_P23 1.36378e-10
Max_H0_P24 -6.66631e-11
Max_H0_P25 -3.24076e-11
Max_H0_P26 -4.31299e-11
Max_H0_P27 -4.02167e-11
Max_H0_P28 -1.41894e-11
Max_H0_P29 -8.93579e-11
Max_H0_P30 -4.61714e-11
Max_H0_P31 0
Max_H0_P32 7.44649e-11
Max_H0_P33 -2.94255e-11
Max_H0_P34 0
Max_H0_P35 7.34417e-11
Max_H0_P36 -3.75427e-11
Max_H0_P37 -1.70303e-10
Max_H0_P38 1.09697e-10
Max_H0_P39 -2.79388e-11
Max_H0_P40 -1.62176e-10
Max_H0_P41 2.74706e-10
Max_H0_P42 2.03378e-10
Max_H0_P43 0
Max_H0_P44 0
Max_H0_P45 0
Max_H0_P46 0
Max_H0_P47 0
Max_H0_P48 0
Max_H0_P49 0
Max_H0_P50 0
Max_H0_P51 0
Max_H0_P52 0
Max_H0_P53 0
Max_H0_P54 0
Max_H0_P55 0
Max_H0_P56 0
Max_H0_P57 0
Max_H0_P58 0
Max_H0_P59 0
Max_H0_P60 0
Max_H0_P61 0
Max_H0_P62 0
Max_H0_P63 0
Max_H0_P64 0
Max_H0_P65 0
Max_H0_P66 0
Max_H0_P67 0
Max_H0_P68 0
Max_H0_P69 0
Max_H0_P70 0
Max_H0_P71 0
Max_H0_P72 0
Max_H0_P73 0
Max_H0_P74 0
Max_H0_P75 0
Max_H0_P76 1.49874e-10
Max_H0_P77 0
Max_H0_P78 3.25624e-11
Max_H0_P79 0
Max_H0_P80 -8.24189e-11
Max_H0_P81 0
Max_H1_P0 0
Max_H1_P1 0
Max_H1_P2 6.10008e-11
Max_H1_P3 0
Max_H1_P4 4.57092e-11
Max_H1_P5 1.67191e-10
Max_H1_P6 3.10825e-10
Max_H1_P7 1.46391e-10
Max_H1_P8 0
Max_H1_P9 1.21297e-10
Max_H1_P10 -1.46633e-10
Max_H1_P11 0
Max_H1_P12 0
Max_H1_P13 0
Max_H1_P14 0
Max_H1_P15 1.12726e-10
Max_H1_P16 -1.82503e-11
Max_H1_P17 1.44756e-10
Max_H1_P18 4.95675e-11
Max_H1_P19 6.65175e-11
Max_H1_P20 1.13118e-10
Max_H1_P21 -9.14647e-11
Max_H1_P22 7.0763e-11
Max_H1_P23 -6.70752e-12
Max_H1_P24 -5.03686e-11
Max_H1_P25 -1.89691e-11
Max_H1_P26 5.71472e-11
Max_H1_P27 -3.39355e-11
Max_H1_P28 -1.97441e-11
Max_H1_P29 1.43274e-10
Max_H1_P30 -5.11591e-13
Max_H1_P31 -2.28695e-11
Max_H1_P32 9.16813e-11
Max_H1_P33 6.98037e-11
Max_H1_P34 1.06043e-10
Max_H1_P35 -1.05859e-10
Max_H1_P36 -1.06549e-10
Max_H1_P37 -0
Max_H1_P38 -1.15857e-10
Max_H1_P39 -6.76756e-11
Max_H1_P40 2.11067e-10
Max_H1_P41 2.74263e-11
Max_H1_P42 1.1607e-10
Max_H1_P43 1.34158e-10
Max_H1_P44 0
Max_H1_P45 -8.22333e-11
Max_H1_P46 0
Max_H1_P47 0
Max_H1_P48 0
Max_H1_P49 0
Max_H1_P50 0
Max_H1_P51 0
Max_H1_P52 0
Max_H1_P53 4.30276e-11
Max_H1_P54 0
Max_H1_P55 0
Max_H1_P56 0
Max_H1_P57 0
Max_H1_P58 0
Max_H1_P59 0
Max_H1_P60 -1.99457e-10
Max_H1_P61 0
Max_H1_P62 0
Max_H1_P63 0
Max_H1_P64 0
Max_H1_P65 0
Max_H1_P66 0
Max_H1_P67 0
Max_H1_P68 0
Max_H1_P69 0
Max_H1_P70 -2.10719e-10
Max_H1_P71 -6.83364e-12
Max_H1_P72 0
Max_H1_P73 0
Max_H1_P74 0
Max_H1_P75 -1.10852e-10
Max_H1_P76 8.42689e-11
Max_H1_P77 -1.98352e-12
Max_H1_P78 -8.22854e-11
Max_H1_P79 8.63964e-11
Max_H1_P80 0
Max_H1_P81 0
