
Branch and bound

  Entire solving process        :                           (Time    461.5)
  No feasible solution was found
  Best relaxation cost          :     62638.00 (Node     0) (Time    461.5)
  Lower bound after cuts        :     62638.00
  End lower bound               :     62638.00
  Deepest level reached         : 0
  Deepest real level reached    : 0
  Number of real nodes solved   : 1
  Stopping condition            : enough nodes explored

Problem identification

  Problem                       : <null>
  Machine                       : oslo2.gerad.lan

Solving process summary

  Linear relaxations            :        1
  Column generation iterations  :      165
  Shortest paths solved         :     4376
  Columns generated             :    51346

Instance characteristics

  Resources                     : 3
  Node types                    : no
  Arc types                     : no
  Strong resource windows       : no
  Weak resource windows         : no
  Resource windows (nodes)      : 3
  Resource values (arcs)        : 3
  Values on nodes               : no

  Rows                          : 1047
  Initial columns               : 2
  Tasks                         : 885
  Strong tasks                  : 881
  Weak tasks                    : 4
  Initial task constraints      : no
  Nodes                         : 1213
  Arc sets                      : 1
  Arcs                          : 35163
  Networks                      : 2
  Models                        : 1

Memory used per module (Megs)

  Parser (reused)               :      7.273
  Networks                      :     31.725
  Column generator              :     17.557
  Master problem                :     10.018
  -----------------
  Total                         :     59.300

Cpu time per module (seconds)

  Parser                        :        0.0
  Preprocessor                  :        0.0
  Lr solver manager             :        0.1
  Column generator              :      101.7
    (Shortest path)             :       94.2
  Master problem                :      359.6
  -------------------
  Total (without b&b)           :      461.4

Real elapsed time (seconds)

  Parser                        :        0.0
  Preprocessor                  :        0.0
  Lr solver manager             :        0.1
  Column generator              :      101.8
    (Shortest path)             :       93.9
  Master problem                :      360.2
  -------------------
  Total (without b&b)           :      462.2
