
Branch and bound

  Entire solving process        :                           (Time    250.3)
  No feasible solution was found
  Best relaxation cost          :     59859.35 (Node     0) (Time    250.3)
  Lower bound after cuts        :     59859.35
  End lower bound               :     59859.35
  Deepest level reached         : 0
  Deepest real level reached    : 0
  Number of real nodes solved   : 1
  Stopping condition            : enough nodes explored

Problem identification

  Problem                       : <null>
  Machine                       : oslo2.gerad.lan

Solving process summary

  Linear relaxations            :        1
  Column generation iterations  :      127
  Shortest paths solved         :    10713
  Columns generated             :    65701

Instance characteristics

  Resources                     : 3
  Node types                    : no
  Arc types                     : no
  Strong resource windows       : no
  Weak resource windows         : no
  Resource windows (nodes)      : 3
  Resource values (arcs)        : 3
  Values on nodes               : no

  Rows                          : 1078
  Initial columns               : 443
  Tasks                         : 916
  Strong tasks                  : 648
  Weak tasks                    : 4
  Initial task constraints      : no
  Nodes                         : 1244
  Arc sets                      : 1
  Arcs                          : 38079
  Networks                      : 2
  Models                        : 1

Memory used per module (Megs)

  Parser (reused)               :      7.878
  Networks                      :     35.841
  Column generator              :     11.140
  Master problem                :     10.933
  -----------------
  Total                         :     57.914

Cpu time per module (seconds)

  Parser                        :        0.0
  Preprocessor                  :        0.0
  Lr solver manager             :        0.2
  Column generator              :      136.5
    (Shortest path)             :      117.9
  Master problem                :      113.5
  -------------------
  Total (without b&b)           :      250.3

Real elapsed time (seconds)

  Parser                        :        0.0
  Preprocessor                  :        0.0
  Lr solver manager             :        0.2
  Column generator              :      136.7
    (Shortest path)             :      118.7
  Master problem                :      113.7
  -------------------
  Total (without b&b)           :      250.6
