Cover_T0 52
Cover_T1 -52
Cover_T2 52
Cover_T3 -52
Cover_T4 52
Cover_T5 -52
Cover_T6 52
Cover_T7 -52
Cover_T8 52
Cover_T9 -52
Cover_T10 52
Cover_T11 -52
Cover_T12 52
Cover_T13 -52
Cover_T14 52
Cover_T15 -52
Cover_T16 52
Cover_T17 -52
Cover_T18 54
Cover_T19 -52
Cover_T20 52
Cover_T21 -50
Cover_T22 54
Cover_T23 -50
Cover_T24 54
Cover_T25 -50
Cover_T26 56
Cover_T27 -48
Cover_T28 56
Cover_T29 -48
Cover_T30 52
Cover_T31 -48
Cover_T32 50
Cover_T33 -48
Cover_T34 56
Cover_T35 -46
Cover_T36 52
Cover_T37 -38
Cover_T38 56
Cover_T39 -42
Cover_T40 52
Cover_T41 -40
Cover_T42 56
Cover_T43 -38
Cover_T44 76
Cover_T45 982
Cover_T46 64
Cover_T47 970
Cover_T48 52
Cover_T49 988
Cover_T50 1046
Cover_T51 992
Cover_T52 1044
Cover_T53 988
Cover_T54 1042
Cover_T55 966
Cover_T56 16
Cover_T57 980
Cover_T58 34
Cover_T59 992
Cover_T60 4
Cover_T61 -8
Cover_T62 6
Cover_T63 2
Cover_T64 0
Cover_T65 -2
Cover_T66 -28
Cover_T67 2
Cover_T68 -20
Cover_T69 8
Cover_T70 -44
Cover_T71 28
Cover_T72 3.10459e-09
Cover_T73 48
Cover_T74 4
Cover_T75 32
Cover_T76 4
Cover_T77 52
Cover_T78 4
Cover_T79 8
Cover_T80 4
Cover_T81 4
Cover_T82 4
Cover_T83 4
Cover_T84 0
Cover_T85 4
Cover_T86 3.76228e-09
Cover_T87 -4.20279e-10
Cover_T88 -20
Cover_T89 4
Cover_T90 -40
Cover_T91 8
Cover_T92 -40
Cover_T93 8
Cover_T94 6
Cover_T95 24
Cover_T96 -10
Cover_T97 40
Cover_T98 -26
Cover_T99 36
Cover_T100 -42
Cover_T101 52
Cover_T102 0
Cover_T103 4
Cover_T104 8
Cover_T105 20
Cover_T106 -7.72905e-10
Cover_T107 36
Cover_T108 8
Cover_T109 52
Cover_T110 8
Cover_T111 10
Cover_T112 4
Cover_T113 2
Cover_T114 -6
Cover_T115 10
Cover_T116 -22
Cover_T117 2
Cover_T118 -38
Cover_T119 2
Cover_T120 -3.78903e-10
Cover_T121 6
Cover_T122 8
Cover_T123 16
Cover_T124 8
Cover_T125 32
Cover_T126 8
Cover_T127 48
Cover_T128 8
Cover_T129 10
Cover_T130 8
Cover_T131 2
Cover_T132 8
Cover_T133 2
Cover_T134 -8
Cover_T135 2
Cover_T136 -18
Cover_T137 2
Cover_T138 -36
Cover_T139 6
Cover_T140 6
Cover_T141 10
Cover_T142 1.23215e-09
Cover_T143 24
Cover_T144 -20
Cover_T145 46
Cover_T146 8
Cover_T147 4
Cover_T148 -12
Cover_T149 10
Cover_T150 6
Cover_T151 30
Cover_T152 -10
Cover_T153 -5.48113e-11
Cover_T154 8
Cover_T155 18
Cover_T156 6
Cover_T157 34
Cover_T158 4
Cover_T159 16
Cover_T160 4
Cover_T161 32
Cover_T162 4
Cover_T163 14
Cover_T164 6
Cover_T165 12
Cover_T166 -2
Cover_T167 10
Cover_T168 -10
Cover_T169 16
Cover_T170 -2
Cover_T171 24
Cover_T172 -10
Cover_T173 30
Cover_T174 -20
Cover_T175 36
Cover_T176 -4
Cover_T177 24
Cover_T178 -28
Cover_T179 36
Cover_T180 -22
Cover_T181 46
Cover_T182 -20
Cover_T183 60
Cover_T184 -24
Cover_T185 44
Cover_T186 -26
Cover_T187 30
Cover_T188 -22
Cover_T189 44
Cover_T190 -26
Cover_T191 34
Cover_T192 -28
Cover_T193 54
Cover_T194 -34
Cover_T195 38
Cover_T196 -38
Cover_T197 46
Cover_T198 -34
Cover_T199 44
Cover_T200 -34
Cover_T201 50
Cover_T202 -40
Cover_T203 50
Cover_T204 -36
Cover_T205 38
Cover_T206 -36
Cover_T207 46
Cover_T208 -42
Cover_T209 38
Cover_T210 -36
Cover_T211 44
Cover_T212 -38
Cover_T213 48
Cover_T214 -36
Cover_T215 38
Cover_T216 -36
Cover_T217 46
Cover_T218 -40
Cover_T219 48
Cover_T220 -42
Cover_T221 46
Cover_T222 -36
Cover_T223 40
Cover_T224 -36
Cover_T225 56
Cover_T226 -38
Cover_T227 42
Cover_T228 -42
Cover_T229 44
Cover_T230 -38
Cover_T231 52
Cover_T232 -40
Cover_T233 58
Cover_T234 -50
Cover_T235 50
Cover_T236 -42
Cover_T237 62
Cover_T238 -44
Cover_T239 54
Cover_T240 -46
Cover_T241 56
Cover_T242 52
Cover_T243 -52
Cover_T244 52
Cover_T245 -50
Cover_T246 52
Cover_T247 -48
Cover_T248 56
Cover_T249 -48
Cover_T250 56
Cover_T251 -48
Cover_T252 52
Cover_T253 -48
Cover_T254 56
Cover_T255 -48
Cover_T256 56
Cover_T257 -44
Cover_T258 56
Cover_T259 -44
Cover_T260 48
Cover_T261 -44
Cover_T262 54
Cover_T263 -44
Cover_T264 52
Cover_T265 -42
Cover_T266 52
Cover_T267 -40
Cover_T268 56
Cover_T269 -38
Cover_T270 76
Cover_T271 982
Cover_T272 64
Cover_T273 970
Cover_T274 50
Cover_T275 988
Cover_T276 1044
Cover_T277 988
Cover_T278 1042
Cover_T279 968
Cover_T280 22
Cover_T281 978
Cover_T282 28
Cover_T283 992
Cover_T284 16
Cover_T285 -2
Cover_T286 14
Cover_T287 -4
Cover_T288 8
Cover_T289 8.38243e-11
Cover_T290 0
Cover_T291 -2
Cover_T292 6
Cover_T293 -4
Cover_T294 -12
Cover_T295 6.34728e-10
Cover_T296 -28
Cover_T297 8
Cover_T298 -44
Cover_T299 2
Cover_T300 -30
Cover_T301 30
Cover_T302 6
Cover_T303 22
Cover_T304 2
Cover_T305 50
Cover_T306 8
Cover_T307 14
Cover_T308 6
Cover_T309 14
Cover_T310 0
Cover_T311 0
Cover_T312 2
Cover_T313 -6
Cover_T314 2
Cover_T315 7.43267e-11
Cover_T316 -18
Cover_T317 -2
Cover_T318 -38
Cover_T319 -2
Cover_T320 -38
Cover_T321 18
Cover_T322 6
Cover_T323 38
Cover_T324 -14
Cover_T325 38
Cover_T326 -34
Cover_T327 -6
Cover_T328 4
Cover_T329 14
Cover_T330 8
Cover_T331 34
Cover_T332 -4
Cover_T333 52
Cover_T334 4
Cover_T335 10
Cover_T336 4
Cover_T337 2
Cover_T338 4.15774e-10
Cover_T339 10
Cover_T340 -10
Cover_T341 2
Cover_T342 -26
Cover_T343 2
Cover_T344 -42
Cover_T345 6
Cover_T346 -4
Cover_T347 16
Cover_T348 4
Cover_T349 32
Cover_T350 4
Cover_T351 48
Cover_T352 4
Cover_T353 10
Cover_T354 4
Cover_T355 2
Cover_T356 4
Cover_T357 2
Cover_T358 4
Cover_T359 2
Cover_T360 -6
Cover_T361 2
Cover_T362 -22
Cover_T363 2
Cover_T364 -38
Cover_T365 2
Cover_T366 8
Cover_T367 12
Cover_T368 6
Cover_T369 28
Cover_T370 -10
Cover_T371 44
Cover_T372 4
Cover_T373 9.88621e-10
Cover_T374 6
Cover_T375 2
Cover_T376 -10
Cover_T377 18
Cover_T378 6
Cover_T379 12
Cover_T380 -14
Cover_T381 16
Cover_T382 7.43029e-10
Cover_T383 -4
Cover_T384 4
Cover_T385 22
Cover_T386 0
Cover_T387 10
Cover_T388 -2.53514e-09
Cover_T389 12
Cover_T390 -4
Cover_T391 22
Cover_T392 -2
Cover_T393 22
Cover_T394 -6
Cover_T395 16
Cover_T396 -22
Cover_T397 30
Cover_T398 -4
Cover_T399 30
Cover_T400 -14
Cover_T401 32
Cover_T402 -26
Cover_T403 48
Cover_T404 -16
Cover_T405 40
Cover_T406 -20
Cover_T407 58
Cover_T408 -22
Cover_T409 56
Cover_T410 -22
Cover_T411 36
Cover_T412 -28
Cover_T413 46
Cover_T414 -32
Cover_T415 42
Cover_T416 -42
Cover_T417 40
Cover_T418 -42
Cover_T419 38
Cover_T420 -34
Cover_T421 46
Cover_T422 -34
Cover_T423 46
Cover_T424 -44
Cover_T425 36
Cover_T426 -36
Cover_T427 36
Cover_T428 -36
Cover_T429 46
Cover_T430 -36
Cover_T431 36
Cover_T432 -46
Cover_T433 36
Cover_T434 -36
Cover_T435 36
Cover_T436 -46
Cover_T437 44
Cover_T438 -42
Cover_T439 42
Cover_T440 -36
Cover_T441 44
Cover_T442 -36
Cover_T443 54
Cover_T444 -36
Cover_T445 50
Cover_T446 -48
Cover_T447 44
Cover_T448 -36
Cover_T449 40
Cover_T450 -36
Cover_T451 44
Cover_T452 -38
Cover_T453 52
Cover_T454 -38
Cover_T455 50
Cover_T456 -48
Cover_T457 52
Cover_T458 -40
Cover_T459 46
Cover_T460 -38
Cover_T461 44
Cover_T462 -40
Cover_T463 44
Cover_T464 -38
Cover_T465 56
Cover_T466 -38
Cover_T467 50
Cover_T468 -38
Cover_T469 50
Cover_T470 -38
Cover_T471 50
Cover_T472 -42
Cover_T473 54
Cover_T474 -42
Cover_T475 56
Cover_T476 -44
Cover_T477 62
Cover_T478 -46
Cover_T479 54
Cover_T480 52
Cover_T481 -48
Cover_T482 56
Cover_T483 -48
Cover_T484 52
Cover_T485 -44
Cover_T486 48
Cover_T487 -40
Cover_T488 56
Cover_T489 -46
Cover_T490 62
Cover_T491 -38
Cover_T492 74
Cover_T493 982
Cover_T494 66
Cover_T495 974
Cover_T496 56
Cover_T497 966
Cover_T498 48
Cover_T499 988
Cover_T500 1038
Cover_T501 990
Cover_T502 1040
Cover_T503 984
Cover_T504 1038
Cover_T505 992
Cover_T506 1044
Cover_T507 992
Cover_T508 1042
Cover_T509 984
Cover_T510 1036
Cover_T511 992
Cover_T512 1044
Cover_T513 966
Cover_T514 14
Cover_T515 976
Cover_T516 28
Cover_T517 984
Cover_T518 32
Cover_T519 992
Cover_T520 14
Cover_T521 -8
Cover_T522 6
Cover_T523 0
Cover_T524 6
Cover_T525 2
Cover_T526 -14
Cover_T527 4
Cover_T528 -36
Cover_T529 -6
Cover_T530 -20
Cover_T531 6
Cover_T532 -40
Cover_T533 4
Cover_T534 8
Cover_T535 16
Cover_T536 -4
Cover_T537 28
Cover_T538 8
Cover_T539 40
Cover_T540 -4
Cover_T541 52
Cover_T542 4
Cover_T543 28
Cover_T544 6
Cover_T545 40
Cover_T546 0
Cover_T547 52
Cover_T548 8
Cover_T549 -2.19555e-09
Cover_T550 0
Cover_T551 12
Cover_T552 4
Cover_T553 -3.15555e-09
Cover_T554 4
Cover_T555 0
Cover_T556 4
Cover_T557 -1.86134e-10
Cover_T558 -16
Cover_T559 -3.86362e-09
Cover_T560 -36
Cover_T561 0
Cover_T562 -36
Cover_T563 4
Cover_T564 8
Cover_T565 4
Cover_T566 -10
Cover_T567 20
Cover_T568 -26
Cover_T569 36
Cover_T570 -42
Cover_T571 52
Cover_T572 -6.3351e-10
Cover_T573 48
Cover_T574 8
Cover_T575 -2.32251e-09
Cover_T576 -3.89122e-12
Cover_T577 16
Cover_T578 8
Cover_T579 32
Cover_T580 8
Cover_T581 50
Cover_T582 0
Cover_T583 12
Cover_T584 -14
Cover_T585 0
Cover_T586 -34
Cover_T587 -4
Cover_T588 0
Cover_T589 -1.02885e-09
Cover_T590 4
Cover_T591 8
Cover_T592 3.1065e-09
Cover_T593 20
Cover_T594 2.86698e-09
Cover_T595 36
Cover_T596 1.10194e-09
Cover_T597 52
Cover_T598 -9.30637e-10
Cover_T599 14
Cover_T600 6.1414e-10
Cover_T601 6
Cover_T602 -10
Cover_T603 6
Cover_T604 -26
Cover_T605 6
Cover_T606 -42
Cover_T607 6
Cover_T608 6
Cover_T609 2
Cover_T610 8
Cover_T611 -2
Cover_T612 -4
Cover_T613 10
Cover_T614 -16
Cover_T615 18
Cover_T616 2
Cover_T617 30
Cover_T618 8
Cover_T619 42
Cover_T620 -4
Cover_T621 54
Cover_T622 -16
Cover_T623 4
Cover_T624 8
Cover_T625 8
Cover_T626 -4
Cover_T627 16
Cover_T628 -16
Cover_T629 32
Cover_T630 4
Cover_T631 16
Cover_T632 8
Cover_T633 10
Cover_T634 0
Cover_T635 22
Cover_T636 0
Cover_T637 34
Cover_T638 2
Cover_T639 12
Cover_T640 6
Cover_T641 24
Cover_T642 -1.1469e-09
Cover_T643 36
Cover_T644 -1.39636e-09
Cover_T645 20
Cover_T646 6
Cover_T647 20
Cover_T648 -2.95406e-09
Cover_T649 28
Cover_T650 -16
Cover_T651 14
Cover_T652 -2
Cover_T653 22
Cover_T654 -8
Cover_T655 28
Cover_T656 -20
Cover_T657 26
Cover_T658 -36
Cover_T659 28
Cover_T660 -22
Cover_T661 50
Cover_T662 -18
Cover_T663 26
Cover_T664 -18
Cover_T665 36
Cover_T666 -12
Cover_T667 50
Cover_T668 -20
Cover_T669 50
Cover_T670 -32
Cover_T671 66
Cover_T672 -20
Cover_T673 42
Cover_T674 -22
Cover_T675 52
Cover_T676 -26
Cover_T677 36
Cover_T678 -22
Cover_T679 48
Cover_T680 -24
Cover_T681 44
Cover_T682 -24
Cover_T683 48
Cover_T684 -30
Cover_T685 42
Cover_T686 -32
Cover_T687 40
Cover_T688 -32
Cover_T689 38
Cover_T690 -34
Cover_T691 44
Cover_T692 -34
Cover_T693 44
Cover_T694 -34
Cover_T695 38
Cover_T696 -38
Cover_T697 38
Cover_T698 -36
Cover_T699 44
Cover_T700 -36
Cover_T701 44
Cover_T702 -42
Cover_T703 44
Cover_T704 -36
Cover_T705 48
Cover_T706 -36
Cover_T707 50
Cover_T708 -36
Cover_T709 44
Cover_T710 -36
Cover_T711 46
Cover_T712 -36
Cover_T713 52
Cover_T714 -38
Cover_T715 42
Cover_T716 -42
Cover_T717 48
Cover_T718 -38
Cover_T719 44
Cover_T720 -38
Cover_T721 44
Cover_T722 -40
Cover_T723 58
Cover_T724 -40
Cover_T725 62
Cover_T726 -38
Cover_T727 60
Cover_T728 -42
Cover_T729 48
Cover_T730 -42
Cover_T731 62
Cover_T732 -42
Cover_T733 62
Cover_T734 -44
Cover_T735 60
Cover_T736 -46
Cover_T737 60
Cover_T738 -46
Cover_T739 36
Cover_T740 3.01682e-09
Cover_T741 28
Cover_T742 5.24859e-09
Cover_T743 18
Cover_T744 4
Cover_T745 4
Cover_T746 0
Cover_T747 10
Cover_T748 0
Cover_T749 6
Cover_T750 1020
Cover_T751 42
Cover_T752 1020
Cover_T753 30
Cover_T754 1038
Cover_T755 1092
Cover_T756 1038
Cover_T757 1090
Cover_T758 1040
Cover_T759 1088
Cover_T760 1040
Cover_T761 1074
Cover_T762 1040
Cover_T763 66
Cover_T764 1004
Cover_T765 78
Cover_T766 1016
Cover_T767 56
Cover_T768 -36
Cover_T769 26
Cover_T770 0
Cover_T771 0
Cover_T772 60
Cover_T773 28
Cover_T774 62
Cover_T775 0
Cover_T776 62
Cover_T777 -18
Cover_T778 38
Cover_T779 0
Cover_T780 14
Cover_T781 0
Cover_T782 42
Cover_T783 46
Cover_T784 50
Cover_T785 28
Cover_T786 68
Cover_T787 6
Cover_T788 44
Cover_T789 0
Cover_T790 40
Cover_T791 0
Cover_T792 0
Cover_T793 34
Cover_T794 32
Cover_T795 24
Cover_T796 46
Cover_T797 0
Cover_T798 54
Cover_T799 24
Cover_T800 16
Cover_T801 20
Cover_T802 24
Cover_T803 16
Cover_T804 12
Cover_T805 14
Cover_T806 16
Count_D0 -984
Count_D1 -1000
Max_H0_P0 0
Max_H0_P1 0
Max_H0_P2 0
Max_H0_P3 0
Max_H0_P4 0
Max_H0_P5 -4.54727e-10
Max_H0_P6 0
Max_H0_P7 0
Max_H0_P8 0
Max_H0_P9 0
Max_H0_P10 -7.74776e-11
Max_H0_P11 0
Max_H0_P12 0
Max_H0_P13 0
Max_H0_P14 0
Max_H0_P15 -5.58644e-10
Max_H0_P16 2.31225e-10
Max_H0_P17 3.20315e-10
Max_H0_P18 7.9261e-11
Max_H0_P19 -7.41807e-11
Max_H0_P20 -7.41807e-11
Max_H0_P21 -1.09749e-09
Max_H0_P22 -3.06657e-10
Max_H0_P23 7.13254e-10
Max_H0_P24 -2.45658e-10
Max_H0_P25 7.45985e-10
Max_H0_P26 5.49325e-10
Max_H0_P27 -3.52202e-10
Max_H0_P28 3.96199e-10
Max_H0_P29 1.38218e-11
Max_H0_P30 4.68276e-10
Max_H0_P31 6.30178e-10
Max_H0_P32 6.06693e-10
Max_H0_P33 6.10578e-10
Max_H0_P34 9.52921e-11
Max_H0_P35 1.29638e-10
Max_H0_P36 2.32644e-10
Max_H0_P37 -5.03794e-10
Max_H0_P38 -4.47484e-10
Max_H0_P39 -3.93125e-10
Max_H0_P40 0
Max_H0_P41 5.42286e-11
Max_H0_P42 0
Max_H0_P43 0
Max_H0_P44 0
Max_H0_P45 0
Max_H0_P46 0
Max_H0_P47 0
Max_H0_P48 0
Max_H0_P49 0
Max_H0_P50 0
Max_H0_P51 0
Max_H0_P52 0
Max_H0_P53 0
Max_H0_P54 0
Max_H0_P55 0
Max_H0_P56 0
Max_H0_P57 0
Max_H0_P58 0
Max_H0_P59 -7.92397e-11
Max_H0_P60 3.93813e-11
Max_H0_P61 0
Max_H0_P62 0
Max_H0_P63 0
Max_H0_P64 0
Max_H0_P65 0
Max_H0_P66 0
Max_H0_P67 0
Max_H0_P68 0
Max_H0_P69 0
Max_H0_P70 0
Max_H0_P71 0
Max_H0_P72 0
Max_H0_P73 0
Max_H0_P74 0
Max_H0_P75 0
Max_H0_P76 0
Max_H0_P77 0
Max_H0_P78 0
Max_H0_P79 0
Max_H0_P80 0
Max_H0_P81 0
Max_H1_P0 0
Max_H1_P1 0
Max_H1_P2 0
Max_H1_P3 0
Max_H1_P4 0
Max_H1_P5 -2.4782e-10
Max_H1_P6 0
Max_H1_P7 0
Max_H1_P8 0
Max_H1_P9 -5.09004e-10
Max_H1_P10 0
Max_H1_P11 0
Max_H1_P12 0
Max_H1_P13 0
Max_H1_P14 0
Max_H1_P15 -5.28392e-10
Max_H1_P16 3.20315e-10
Max_H1_P17 -1.00278e-11
Max_H1_P18 1.59375e-10
Max_H1_P19 -1.00278e-11
Max_H1_P20 1.49092e-11
Max_H1_P21 -1.78366e-10
Max_H1_P22 3.63859e-10
Max_H1_P23 4.05115e-10
Max_H1_P24 7.06346e-11
Max_H1_P25 -2.58268e-10
Max_H1_P26 2.68471e-10
Max_H1_P27 7.21373e-12
Max_H1_P28 9.80793e-11
Max_H1_P29 3.10416e-10
Max_H1_P30 1.98648e-10
Max_H1_P31 -7.99039e-11
Max_H1_P32 1.026e-09
Max_H1_P33 4.59282e-10
Max_H1_P34 -2.03607e-10
Max_H1_P35 -4.09578e-11
Max_H1_P36 3.62282e-10
Max_H1_P37 -3.80055e-10
Max_H1_P38 -3.93125e-10
Max_H1_P39 1.21694e-10
Max_H1_P40 -7.9538e-10
Max_H1_P41 7.35081e-10
Max_H1_P42 0
Max_H1_P43 0
Max_H1_P44 0
Max_H1_P45 0
Max_H1_P46 -2.77577e-10
Max_H1_P47 0
Max_H1_P48 0
Max_H1_P49 0
Max_H1_P50 0
Max_H1_P51 0
Max_H1_P52 0
Max_H1_P53 0
Max_H1_P54 0
Max_H1_P55 0
Max_H1_P56 0
Max_H1_P57 0
Max_H1_P58 -3.75087e-11
Max_H1_P59 0
Max_H1_P60 0
Max_H1_P61 0
Max_H1_P62 0
Max_H1_P63 0
Max_H1_P64 0
Max_H1_P65 0
Max_H1_P66 0
Max_H1_P67 0
Max_H1_P68 0
Max_H1_P69 0
Max_H1_P70 0
Max_H1_P71 0
Max_H1_P72 0
Max_H1_P73 0
Max_H1_P74 0
Max_H1_P75 0
Max_H1_P76 -4.43645e-13
Max_H1_P77 1.4472e-11
Max_H1_P78 0
Max_H1_P79 0
Max_H1_P80 0
Max_H1_P81 0
