
Branch and bound

  Entire solving process        :                           (Time    648.2)
  No feasible solution was found
  Best relaxation cost          :     75925.46 (Node     0) (Time    648.1)
  Lower bound after cuts        :     75925.46
  End lower bound               :     75925.46
  Deepest level reached         : 0
  Deepest real level reached    : 0
  Number of real nodes solved   : 1
  Stopping condition            : enough nodes explored

Problem identification

  Problem                       : <null>
  Machine                       : oslo3.gerad.lan

Solving process summary

  Linear relaxations            :        1
  Column generation iterations  :      150
  Shortest paths solved         :     4359
  Columns generated             :    48493

Instance characteristics

  Resources                     : 3
  Node types                    : no
  Arc types                     : no
  Strong resource windows       : no
  Weak resource windows         : no
  Resource windows (nodes)      : 3
  Resource values (arcs)        : 3
  Values on nodes               : no

  Rows                          : 1153
  Initial columns               : 2
  Tasks                         : 991
  Strong tasks                  : 987
  Weak tasks                    : 4
  Initial task constraints      : no
  Nodes                         : 1319
  Arc sets                      : 1
  Arcs                          : 43733
  Networks                      : 2
  Models                        : 1

Memory used per module (Megs)

  Parser (reused)               :      8.968
  Networks                      :     36.326
  Column generator              :     15.983
  Master problem                :     11.076
  -----------------
  Total                         :     63.386

Cpu time per module (seconds)

  Parser                        :        0.0
  Preprocessor                  :        0.0
  Lr solver manager             :        0.1
  Column generator              :       70.1
    (Shortest path)             :       59.1
  Master problem                :      577.9
  -------------------
  Total (without b&b)           :      648.1

Real elapsed time (seconds)

  Parser                        :        0.0
  Preprocessor                  :        0.0
  Lr solver manager             :        0.1
  Column generator              :       70.2
    (Shortest path)             :       59.3
  Master problem                :      577.8
  -------------------
  Total (without b&b)           :      648.1
