Cover_T0 52
Cover_T1 -52
Cover_T2 52
Cover_T3 -52
Cover_T4 52
Cover_T5 -52
Cover_T6 52
Cover_T7 -52
Cover_T8 52
Cover_T9 -52
Cover_T10 52
Cover_T11 -52
Cover_T12 52
Cover_T13 -52
Cover_T14 52
Cover_T15 -52
Cover_T16 52
Cover_T17 -52
Cover_T18 52
Cover_T19 -52
Cover_T20 54
Cover_T21 -50
Cover_T22 54
Cover_T23 -48
Cover_T24 58
Cover_T25 -42
Cover_T26 52
Cover_T27 -48
Cover_T28 62
Cover_T29 -42
Cover_T30 54
Cover_T31 -46
Cover_T32 66
Cover_T33 -40
Cover_T34 58
Cover_T35 -44
Cover_T36 64
Cover_T37 -40
Cover_T38 56
Cover_T39 -36
Cover_T40 58
Cover_T41 -32
Cover_T42 52
Cover_T43 -32
Cover_T44 54
Cover_T45 -42
Cover_T46 48
Cover_T47 -34
Cover_T48 56
Cover_T49 -26
Cover_T50 42
Cover_T51 -26
Cover_T52 66
Cover_T53 56
Cover_T54 42
Cover_T55 944
Cover_T56 54
Cover_T57 936
Cover_T58 44
Cover_T59 946
Cover_T60 1034
Cover_T61 934
Cover_T62 1028
Cover_T63 938
Cover_T64 932
Cover_T65 950
Cover_T66 50
Cover_T67 936
Cover_T68 50
Cover_T69 950
Cover_T70 50
Cover_T71 -40
Cover_T72 50
Cover_T73 -40
Cover_T74 10
Cover_T75 -36
Cover_T76 4
Cover_T77 -40
Cover_T78 30
Cover_T79 -20
Cover_T80 8
Cover_T81 -6.89397e-10
Cover_T82 50
Cover_T83 8
Cover_T84 30
Cover_T85 -18
Cover_T86 8
Cover_T87 2
Cover_T88 8
Cover_T89 -40
Cover_T90 18
Cover_T91 -20
Cover_T92 -2
Cover_T93 2.54451e-10
Cover_T94 48
Cover_T95 0
Cover_T96 28
Cover_T97 -12
Cover_T98 12
Cover_T99 4
Cover_T100 -4
Cover_T101 20
Cover_T102 -20
Cover_T103 -34
Cover_T104 -36
Cover_T105 -18
Cover_T106 -38
Cover_T107 -2
Cover_T108 8
Cover_T109 14
Cover_T110 6
Cover_T111 30
Cover_T112 6
Cover_T113 42
Cover_T114 -6
Cover_T115 40
Cover_T116 2
Cover_T117 52
Cover_T118 6
Cover_T119 2
Cover_T120 4
Cover_T121 0
Cover_T122 10
Cover_T123 -2
Cover_T124 -2
Cover_T125 10
Cover_T126 2
Cover_T127 2
Cover_T128 48
Cover_T129 -2
Cover_T130 36
Cover_T131 0
Cover_T132 20
Cover_T133 2
Cover_T134 6
Cover_T135 6
Cover_T136 -8
Cover_T137 -32
Cover_T138 -28
Cover_T139 -12
Cover_T140 -48
Cover_T141 2
Cover_T142 -20
Cover_T143 16
Cover_T144 -36
Cover_T145 28
Cover_T146 -48
Cover_T147 40
Cover_T148 0
Cover_T149 52
Cover_T150 0
Cover_T151 16
Cover_T152 3.74644e-09
Cover_T153 28
Cover_T154 -12
Cover_T155 40
Cover_T156 -24
Cover_T157 52
Cover_T158 -36
Cover_T159 4
Cover_T160 -48
Cover_T161 4
Cover_T162 42
Cover_T163 4
Cover_T164 30
Cover_T165 16
Cover_T166 18
Cover_T167 28
Cover_T168 6
Cover_T169 42
Cover_T170 -6
Cover_T171 54
Cover_T172 -18
Cover_T173 -36
Cover_T174 -30
Cover_T175 -24
Cover_T176 -42
Cover_T177 -12
Cover_T178 -22
Cover_T179 4
Cover_T180 -34
Cover_T181 12
Cover_T182 -46
Cover_T183 28
Cover_T184 -36
Cover_T185 52
Cover_T186 8
Cover_T187 42
Cover_T188 -9.30731e-10
Cover_T189 62
Cover_T190 28
Cover_T191 70
Cover_T192 46
Cover_T193 12
Cover_T194 40
Cover_T195 36
Cover_T196 16
Cover_T197 6
Cover_T198 34
Cover_T199 18
Cover_T200 16
Cover_T201 -2
Cover_T202 36
Cover_T203 6
Cover_T204 26
Cover_T205 4
Cover_T206 0
Cover_T207 12
Cover_T208 0
Cover_T209 0
Cover_T210 12
Cover_T211 16
Cover_T212 10
Cover_T213 2
Cover_T214 6
Cover_T215 10
Cover_T216 0
Cover_T217 6
Cover_T218 8
Cover_T219 18
Cover_T220 10
Cover_T221 8
Cover_T222 -8
Cover_T223 4
Cover_T224 -18
Cover_T225 4
Cover_T226 -30
Cover_T227 16
Cover_T228 -44
Cover_T229 10
Cover_T230 -6
Cover_T231 8
Cover_T232 -20
Cover_T233 24
Cover_T234 -32
Cover_T235 36
Cover_T236 -44
Cover_T237 46
Cover_T238 -4
Cover_T239 58
Cover_T240 -2
Cover_T241 26
Cover_T242 -6
Cover_T243 40
Cover_T244 -20
Cover_T245 56
Cover_T246 -4
Cover_T247 72
Cover_T248 -2
Cover_T249 34
Cover_T250 -14
Cover_T251 28
Cover_T252 -8
Cover_T253 32
Cover_T254 -10
Cover_T255 44
Cover_T256 -12
Cover_T257 36
Cover_T258 -12
Cover_T259 38
Cover_T260 -22
Cover_T261 32
Cover_T262 -18
Cover_T263 38
Cover_T264 -24
Cover_T265 36
Cover_T266 -28
Cover_T267 42
Cover_T268 -24
Cover_T269 46
Cover_T270 -24
Cover_T271 44
Cover_T272 -32
Cover_T273 46
Cover_T274 -28
Cover_T275 50
Cover_T276 -28
Cover_T277 44
Cover_T278 -34
Cover_T279 48
Cover_T280 -30
Cover_T281 50
Cover_T282 -32
Cover_T283 48
Cover_T284 -36
Cover_T285 48
Cover_T286 -40
Cover_T287 58
Cover_T288 -36
Cover_T289 40
Cover_T290 -38
Cover_T291 50
Cover_T292 -38
Cover_T293 54
Cover_T294 -44
Cover_T295 54
Cover_T296 -38
Cover_T297 60
Cover_T298 -40
Cover_T299 54
Cover_T300 -40
Cover_T301 58
Cover_T302 -40
Cover_T303 62
Cover_T304 -40
Cover_T305 64
Cover_T306 -42
Cover_T307 62
Cover_T308 -42
Cover_T309 60
Cover_T310 -50
Cover_T311 60
Cover_T312 -50
Cover_T313 52
Cover_T314 -52
Cover_T315 52
Cover_T316 -52
Cover_T317 58
Cover_T318 -50
Cover_T319 58
Cover_T320 -44
Cover_T321 62
Cover_T322 -42
Cover_T323 66
Cover_T324 -40
Cover_T325 62
Cover_T326 -32
Cover_T327 56
Cover_T328 -40
Cover_T329 60
Cover_T330 -38
Cover_T331 52
Cover_T332 -28
Cover_T333 54
Cover_T334 -30
Cover_T335 54
Cover_T336 58
Cover_T337 42
Cover_T338 948
Cover_T339 58
Cover_T340 942
Cover_T341 44
Cover_T342 946
Cover_T343 44
Cover_T344 948
Cover_T345 1022
Cover_T346 922
Cover_T347 1022
Cover_T348 922
Cover_T349 944
Cover_T350 948
Cover_T351 46
Cover_T352 932
Cover_T353 54
Cover_T354 940
Cover_T355 48
Cover_T356 948
Cover_T357 52
Cover_T358 -46
Cover_T359 62
Cover_T360 -38
Cover_T361 62
Cover_T362 -44
Cover_T363 28
Cover_T364 -42
Cover_T365 12
Cover_T366 -40
Cover_T367 8
Cover_T368 -34
Cover_T369 36
Cover_T370 -18
Cover_T371 20
Cover_T372 -2
Cover_T373 4
Cover_T374 2
Cover_T375 48
Cover_T376 -28
Cover_T377 30
Cover_T378 -8
Cover_T379 10
Cover_T380 12
Cover_T381 0
Cover_T382 -30
Cover_T383 20
Cover_T384 -10
Cover_T385 0
Cover_T386 -1.52644e-10
Cover_T387 -20
Cover_T388 -20
Cover_T389 30
Cover_T390 2.84373e-10
Cover_T391 10
Cover_T392 20
Cover_T393 -10
Cover_T394 -30
Cover_T395 -30
Cover_T396 -10
Cover_T397 -36
Cover_T398 10
Cover_T399 6
Cover_T400 30
Cover_T401 2
Cover_T402 46
Cover_T403 0
Cover_T404 48
Cover_T405 4
Cover_T406 2
Cover_T407 4
Cover_T408 4
Cover_T409 -2
Cover_T410 6
Cover_T411 -1.08379e-10
Cover_T412 2
Cover_T413 0
Cover_T414 2
Cover_T415 42
Cover_T416 6
Cover_T417 30
Cover_T418 0
Cover_T419 18
Cover_T420 12
Cover_T421 6
Cover_T422 8
Cover_T423 0
Cover_T424 -38
Cover_T425 -6
Cover_T426 -26
Cover_T427 -18
Cover_T428 -14
Cover_T429 -30
Cover_T430 -2
Cover_T431 -42
Cover_T432 4
Cover_T433 -6
Cover_T434 10
Cover_T435 -18
Cover_T436 26
Cover_T437 -38
Cover_T438 46
Cover_T439 2
Cover_T440 18
Cover_T441 6
Cover_T442 38
Cover_T443 -14
Cover_T444 -2
Cover_T445 -34
Cover_T446 -6
Cover_T447 48
Cover_T448 10
Cover_T449 36
Cover_T450 22
Cover_T451 24
Cover_T452 34
Cover_T453 12
Cover_T454 46
Cover_T455 -1.65443e-10
Cover_T456 -42
Cover_T457 -12
Cover_T458 -30
Cover_T459 -24
Cover_T460 -18
Cover_T461 -36
Cover_T462 -6
Cover_T463 -48
Cover_T464 4
Cover_T465 -28
Cover_T466 22
Cover_T467 -40
Cover_T468 34
Cover_T469 -26
Cover_T470 42
Cover_T471 -38
Cover_T472 62
Cover_T473 12
Cover_T474 42
Cover_T475 0
Cover_T476 54
Cover_T477 2
Cover_T478 42
Cover_T479 38
Cover_T480 56
Cover_T481 20
Cover_T482 -1.15601e-08
Cover_T483 10
Cover_T484 22
Cover_T485 38
Cover_T486 20
Cover_T487 40
Cover_T488 -20
Cover_T489 20
Cover_T490 18
Cover_T491 24
Cover_T492 -8
Cover_T493 30
Cover_T494 0
Cover_T495 12
Cover_T496 6
Cover_T497 8
Cover_T498 4
Cover_T499 18
Cover_T500 20
Cover_T501 2
Cover_T502 18
Cover_T503 6
Cover_T504 6
Cover_T505 1.88504e-09
Cover_T506 8
Cover_T507 -16
Cover_T508 16
Cover_T509 -32
Cover_T510 10
Cover_T511 -2
Cover_T512 14
Cover_T513 -18
Cover_T514 36
Cover_T515 -34
Cover_T516 48
Cover_T517 2
Cover_T518 20
Cover_T519 -4
Cover_T520 38
Cover_T521 -8
Cover_T522 52
Cover_T523 -2
Cover_T524 30
Cover_T525 -4
Cover_T526 32
Cover_T527 -8
Cover_T528 36
Cover_T529 -8
Cover_T530 20
Cover_T531 -28
Cover_T532 28
Cover_T533 -12
Cover_T534 38
Cover_T535 -22
Cover_T536 30
Cover_T537 -18
Cover_T538 26
Cover_T539 -30
Cover_T540 38
Cover_T541 -28
Cover_T542 34
Cover_T543 -24
Cover_T544 34
Cover_T545 -24
Cover_T546 32
Cover_T547 -36
Cover_T548 48
Cover_T549 -28
Cover_T550 40
Cover_T551 -28
Cover_T552 40
Cover_T553 -28
Cover_T554 34
Cover_T555 -40
Cover_T556 52
Cover_T557 -32
Cover_T558 44
Cover_T559 -28
Cover_T560 40
Cover_T561 -32
Cover_T562 42
Cover_T563 -42
Cover_T564 54
Cover_T565 -32
Cover_T566 46
Cover_T567 -32
Cover_T568 42
Cover_T569 -32
Cover_T570 42
Cover_T571 -36
Cover_T572 56
Cover_T573 -42
Cover_T574 44
Cover_T575 -36
Cover_T576 44
Cover_T577 -38
Cover_T578 44
Cover_T579 -36
Cover_T580 44
Cover_T581 -38
Cover_T582 50
Cover_T583 -38
Cover_T584 42
Cover_T585 -38
Cover_T586 48
Cover_T587 -38
Cover_T588 54
Cover_T589 -38
Cover_T590 54
Cover_T591 -40
Cover_T592 54
Cover_T593 -42
Cover_T594 50
Cover_T595 -54
Cover_T596 50
Cover_T597 -50
Cover_T598 54
Cover_T599 -50
Cover_T600 58
Cover_T601 -50
Cover_T602 60
Cover_T603 -44
Cover_T604 64
Cover_T605 -42
Cover_T606 62
Cover_T607 -34
Cover_T608 56
Cover_T609 -38
Cover_T610 62
Cover_T611 -32
Cover_T612 56
Cover_T613 -26
Cover_T614 64
Cover_T615 50
Cover_T616 70
Cover_T617 942
Cover_T618 46
Cover_T619 944
Cover_T620 1036
Cover_T621 940
Cover_T622 1026
Cover_T623 946
Cover_T624 1032
Cover_T625 950
Cover_T626 1024
Cover_T627 936
Cover_T628 942
Cover_T629 948
Cover_T630 54
Cover_T631 936
Cover_T632 40
Cover_T633 948
Cover_T634 30
Cover_T635 -40
Cover_T636 30
Cover_T637 -46
Cover_T638 12
Cover_T639 -34
Cover_T640 0
Cover_T641 -38
Cover_T642 36
Cover_T643 -40
Cover_T644 22
Cover_T645 -38
Cover_T646 10
Cover_T647 -26
Cover_T648 -2
Cover_T649 -14
Cover_T650 48
Cover_T651 -2
Cover_T652 36
Cover_T653 -2
Cover_T654 22
Cover_T655 10
Cover_T656 12
Cover_T657 -24
Cover_T658 8
Cover_T659 -12
Cover_T660 6
Cover_T661 -8.41187e-10
Cover_T662 24
Cover_T663 12
Cover_T664 12
Cover_T665 -38
Cover_T666 -1.24688e-10
Cover_T667 -26
Cover_T668 -12
Cover_T669 -14
Cover_T670 46
Cover_T671 -2
Cover_T672 34
Cover_T673 -2.53237e-11
Cover_T674 22
Cover_T675 2
Cover_T676 10
Cover_T677 -14
Cover_T678 -6
Cover_T679 2
Cover_T680 -22
Cover_T681 18
Cover_T682 -38
Cover_T683 -36
Cover_T684 -40
Cover_T685 -20
Cover_T686 6
Cover_T687 -4
Cover_T688 4
Cover_T689 12
Cover_T690 2
Cover_T691 28
Cover_T692 6
Cover_T693 44
Cover_T694 6
Cover_T695 46
Cover_T696 5.21529e-11
Cover_T697 0
Cover_T698 2
Cover_T699 2
Cover_T700 2
Cover_T701 4
Cover_T702 44
Cover_T703 0
Cover_T704 28
Cover_T705 0
Cover_T706 12
Cover_T707 6
Cover_T708 2
Cover_T709 4
Cover_T710 -8
Cover_T711 4
Cover_T712 -24
Cover_T713 -38
Cover_T714 -40
Cover_T715 -22
Cover_T716 -8
Cover_T717 -6
Cover_T718 -24
Cover_T719 4
Cover_T720 -40
Cover_T721 14
Cover_T722 6
Cover_T723 26
Cover_T724 6
Cover_T725 38
Cover_T726 6
Cover_T727 50
Cover_T728 -6
Cover_T729 14
Cover_T730 -18
Cover_T731 26
Cover_T732 -30
Cover_T733 38
Cover_T734 -42
Cover_T735 50
Cover_T736 48
Cover_T737 2
Cover_T738 36
Cover_T739 2
Cover_T740 24
Cover_T741 2
Cover_T742 10
Cover_T743 18
Cover_T744 -6
Cover_T745 36
Cover_T746 -22
Cover_T747 52
Cover_T748 -38
Cover_T749 -36
Cover_T750 -22
Cover_T751 -14
Cover_T752 -38
Cover_T753 2
Cover_T754 -28
Cover_T755 14
Cover_T756 -44
Cover_T757 32
Cover_T758 8
Cover_T759 42
Cover_T760 2
Cover_T761 54
Cover_T762 6
Cover_T763 56
Cover_T764 0
Cover_T765 36
Cover_T766 34
Cover_T767 50
Cover_T768 30
Cover_T769 58
Cover_T770 18
Cover_T771 76
Cover_T772 12
Cover_T773 50
Cover_T774 44
Cover_T775 54
Cover_T776 30
Cover_T777 66
Cover_T778 44
Cover_T779 4
Cover_T780 34
Cover_T781 30
Cover_T782 24
Cover_T783 24
Cover_T784 20
Cover_T785 34
Cover_T786 36
Cover_T787 0
Cover_T788 22
Cover_T789 16
Cover_T790 22
Cover_T791 26
Cover_T792 20
Cover_T793 0
Cover_T794 26
Cover_T795 -6
Cover_T796 18
Cover_T797 6
Cover_T798 18
Cover_T799 24
Cover_T800 20
Cover_T801 8
Cover_T802 18
Cover_T803 18
Cover_T804 4
Cover_T805 8
Cover_T806 12
Cover_T807 18
Cover_T808 4
Cover_T809 22
Cover_T810 -10
Cover_T811 12
Cover_T812 -32
Cover_T813 4
Cover_T814 2
Cover_T815 16
Cover_T816 -14
Cover_T817 20
Cover_T818 -34
Cover_T819 16
Cover_T820 2
Cover_T821 38
Cover_T822 2
Cover_T823 52
Cover_T824 2
Cover_T825 70
Cover_T826 -10
Cover_T827 24
Cover_T828 -2
Cover_T829 50
Cover_T830 -12
Cover_T831 52
Cover_T832 -12
Cover_T833 74
Cover_T834 -2
Cover_T835 30
Cover_T836 -2
Cover_T837 28
Cover_T838 -16
Cover_T839 34
Cover_T840 -12
Cover_T841 46
Cover_T842 -16
Cover_T843 36
Cover_T844 -20
Cover_T845 40
Cover_T846 -22
Cover_T847 34
Cover_T848 -22
Cover_T849 38
Cover_T850 -32
Cover_T851 38
Cover_T852 -28
Cover_T853 40
Cover_T854 -28
Cover_T855 50
Cover_T856 -32
Cover_T857 46
Cover_T858 -32
Cover_T859 44
Cover_T860 -32
Cover_T861 50
Cover_T862 -36
Cover_T863 46
Cover_T864 -30
Cover_T865 48
Cover_T866 -34
Cover_T867 50
Cover_T868 -40
Cover_T869 48
Cover_T870 -38
Cover_T871 50
Cover_T872 -36
Cover_T873 50
Cover_T874 -40
Cover_T875 42
Cover_T876 -38
Cover_T877 50
Cover_T878 -36
Cover_T879 52
Cover_T880 -38
Cover_T881 52
Cover_T882 -40
Cover_T883 46
Cover_T884 -40
Cover_T885 66
Cover_T886 -38
Cover_T887 54
Cover_T888 -50
Cover_T889 56
Cover_T890 -44
Cover_T891 58
Cover_T892 -42
Cover_T893 54
Cover_T894 -42
Cover_T895 58
Cover_T896 -40
Cover_T897 62
Cover_T898 -40
Cover_T899 64
Cover_T900 -42
Cover_T901 62
Cover_T902 -42
Cover_T903 60
Cover_T904 -50
Cover_T905 60
Cover_T906 -50
Cover_T907 30
Cover_T908 6
Cover_T909 60
Cover_T910 8
Cover_T911 40
Cover_T912 14
Cover_T913 16
Cover_T914 14
Cover_T915 42
Cover_T916 0
Cover_T917 10
Cover_T918 70
Cover_T919 20
Cover_T920 968
Cover_T921 998
Cover_T922 982
Cover_T923 990
Cover_T924 992
Cover_T925 976
Cover_T926 950
Cover_T927 1022
Cover_T928 980
Cover_T929 1022
Cover_T930 992
Cover_T931 926
Cover_T932 976
Cover_T933 58
Cover_T934 0
Cover_T935 46
Cover_T936 0
Cover_T937 42
Cover_T938 12
Cover_T939 20
Cover_T940 -36
Cover_T941 22
Cover_T942 -16
Cover_T943 56
Cover_T944 -34
Cover_T945 54
Cover_T946 -14
Cover_T947 54
Cover_T948 0
Cover_T949 54
Cover_T950 0
Cover_T951 0
Cover_T952 62
Cover_T953 -22
Cover_T954 60
Cover_T955 -4
Cover_T956 24
Cover_T957 44
Cover_T958 54
Cover_T959 16
Cover_T960 70
Cover_T961 0
Cover_T962 50
Cover_T963 0
Cover_T964 60
Cover_T965 0
Cover_T966 0
Cover_T967 70
Cover_T968 14
Cover_T969 54
Cover_T970 36
Cover_T971 56
Cover_T972 30
Cover_T973 46
Cover_T974 42
Cover_T975 8
Cover_T976 -22
Cover_T977 22
Cover_T978 -24
Cover_T979 0
Cover_T980 16
Cover_T981 30
Cover_T982 0
Cover_T983 0
Cover_T984 30
Cover_T985 46
Cover_T986 0
Cover_T987 36
Cover_T988 34
Count_D0 -984
Count_D1 -1000
Max_H0_P0 0
Max_H0_P1 0
Max_H0_P2 0
Max_H0_P3 0
Max_H0_P4 0
Max_H0_P5 4.41702e-11
Max_H0_P6 0
Max_H0_P7 0
Max_H0_P8 0
Max_H0_P9 0
Max_H0_P10 0
Max_H0_P11 0
Max_H0_P12 0
Max_H0_P13 0
Max_H0_P14 0
Max_H0_P15 0
Max_H0_P16 -6.92624e-11
Max_H0_P17 9.13845e-12
Max_H0_P18 3.19114e-11
Max_H0_P19 4.77766e-11
Max_H0_P20 4.43078e-11
Max_H0_P21 4.3876e-12
Max_H0_P22 1.07134e-10
Max_H0_P23 -1.14643e-11
Max_H0_P24 4.91003e-11
Max_H0_P25 4.31095e-11
Max_H0_P26 5.37455e-11
Max_H0_P27 3.82343e-11
Max_H0_P28 9.71951e-11
Max_H0_P29 -2.66205e-11
Max_H0_P30 1.20108e-11
Max_H0_P31 4.28174e-11
Max_H0_P32 -1.79623e-11
Max_H0_P33 6.03677e-11
Max_H0_P34 1.03e-10
Max_H0_P35 4.39633e-11
Max_H0_P36 1.66743e-11
Max_H0_P37 -3.41629e-11
Max_H0_P38 2.03583e-10
Max_H0_P39 1.29204e-08
Max_H0_P40 1.45699e-08
Max_H0_P41 1.45133e-08
Max_H0_P42 4.6505e-11
Max_H0_P43 0
Max_H0_P44 0
Max_H0_P45 0
Max_H0_P46 0
Max_H0_P47 0
Max_H0_P48 0
Max_H0_P49 0
Max_H0_P50 0
Max_H0_P51 0
Max_H0_P52 0
Max_H0_P53 0
Max_H0_P54 0
Max_H0_P55 0
Max_H0_P56 0
Max_H0_P57 0
Max_H0_P58 0
Max_H0_P59 0
Max_H0_P60 0
Max_H0_P61 0
Max_H0_P62 0
Max_H0_P63 0
Max_H0_P64 0
Max_H0_P65 0
Max_H0_P66 0
Max_H0_P67 0
Max_H0_P68 0
Max_H0_P69 0
Max_H0_P70 0
Max_H0_P71 0
Max_H0_P72 0
Max_H0_P73 0
Max_H0_P74 0
Max_H0_P75 0
Max_H0_P76 -1.1215e-11
Max_H0_P77 -1.56817e-11
Max_H0_P78 8.17764e-11
Max_H0_P79 -5.57066e-12
Max_H0_P80 5.57066e-12
Max_H0_P81 0
Max_H1_P0 0
Max_H1_P1 0
Max_H1_P2 0
Max_H1_P3 0
Max_H1_P4 0
Max_H1_P5 6.46878e-11
Max_H1_P6 0
Max_H1_P7 0
Max_H1_P8 0
Max_H1_P9 0
Max_H1_P10 0
Max_H1_P11 0
Max_H1_P12 0
Max_H1_P13 0
Max_H1_P14 0
Max_H1_P15 8.04334e-11
Max_H1_P16 0
Max_H1_P17 -3.54419e-11
Max_H1_P18 5.59623e-11
Max_H1_P19 7.45211e-11
Max_H1_P20 4.66862e-11
Max_H1_P21 2.1938e-11
Max_H1_P22 9.56695e-11
Max_H1_P23 1.14117e-10
Max_H1_P24 8.60264e-12
Max_H1_P25 6.95497e-11
Max_H1_P26 8.54747e-11
Max_H1_P27 3.63587e-11
Max_H1_P28 5.53166e-11
Max_H1_P29 8.18545e-12
Max_H1_P30 -4.54836e-11
Max_H1_P31 6.88523e-11
Max_H1_P32 4.1922e-11
Max_H1_P33 5.92735e-11
Max_H1_P34 7.77545e-11
Max_H1_P35 7.60784e-11
Max_H1_P36 8.50833e-11
Max_H1_P37 4.45652e-11
Max_H1_P38 1.60099e-10
Max_H1_P39 1.29055e-08
Max_H1_P40 1.45906e-08
Max_H1_P41 1.46261e-08
Max_H1_P42 0
Max_H1_P43 0
Max_H1_P44 0
Max_H1_P45 0
Max_H1_P46 0
Max_H1_P47 0
Max_H1_P48 0
Max_H1_P49 0
Max_H1_P50 0
Max_H1_P51 0
Max_H1_P52 0
Max_H1_P53 0
Max_H1_P54 -2.14947e-11
Max_H1_P55 0
Max_H1_P56 0
Max_H1_P57 0
Max_H1_P58 0
Max_H1_P59 0
Max_H1_P60 0
Max_H1_P61 0
Max_H1_P62 -1.3288e-10
Max_H1_P63 -4.90807e-12
Max_H1_P64 0
Max_H1_P65 0
Max_H1_P66 0
Max_H1_P67 0
Max_H1_P68 0
Max_H1_P69 0
Max_H1_P70 0
Max_H1_P71 0
Max_H1_P72 0
Max_H1_P73 0
Max_H1_P74 0
Max_H1_P75 0
Max_H1_P76 -2.8062e-11
Max_H1_P77 1.6847e-11
Max_H1_P78 4.49527e-11
Max_H1_P79 0
Max_H1_P80 0
Max_H1_P81 0
