Cover_T0 52
Cover_T1 -52
Cover_T2 52
Cover_T3 -52
Cover_T4 52
Cover_T5 -52
Cover_T6 52
Cover_T7 -52
Cover_T8 52
Cover_T9 -52
Cover_T10 52
Cover_T11 -52
Cover_T12 52
Cover_T13 -52
Cover_T14 52
Cover_T15 -52
Cover_T16 52
Cover_T17 -52
Cover_T18 52
Cover_T19 -52
Cover_T20 52
Cover_T21 -52
Cover_T22 52
Cover_T23 -52
Cover_T24 54
Cover_T25 -52
Cover_T26 54
Cover_T27 -50
Cover_T28 58
Cover_T29 -50
Cover_T30 58
Cover_T31 -46
Cover_T32 58
Cover_T33 -46
Cover_T34 60
Cover_T35 -46
Cover_T36 60
Cover_T37 -46
Cover_T38 52
Cover_T39 -42
Cover_T40 52
Cover_T41 -40
Cover_T42 58
Cover_T43 -40
Cover_T44 54
Cover_T45 -36
Cover_T46 56
Cover_T47 -18
Cover_T48 48
Cover_T49 -26
Cover_T50 48
Cover_T51 -34
Cover_T52 66
Cover_T53 992
Cover_T54 56
Cover_T55 976
Cover_T56 52
Cover_T57 976
Cover_T58 1044
Cover_T59 988
Cover_T60 1034
Cover_T61 992
Cover_T62 1042
Cover_T63 986
Cover_T64 1024
Cover_T65 992
Cover_T66 1032
Cover_T67 992
Cover_T68 1038
Cover_T69 976
Cover_T70 14
Cover_T71 984
Cover_T72 14
Cover_T73 992
Cover_T74 30
Cover_T75 2
Cover_T76 8
Cover_T77 -6
Cover_T78 8
Cover_T79 -4
Cover_T80 2
Cover_T81 2
Cover_T82 4
Cover_T83 2
Cover_T84 -12
Cover_T85 2
Cover_T86 4
Cover_T87 8
Cover_T88 4
Cover_T89 8
Cover_T90 -16
Cover_T91 14
Cover_T92 0
Cover_T93 6
Cover_T94 6
Cover_T95 14
Cover_T96 6
Cover_T97 6
Cover_T98 4
Cover_T99 -6
Cover_T100 8
Cover_T101 0
Cover_T102 -8
Cover_T103 0
Cover_T104 -24
Cover_T105 -6
Cover_T106 -10
Cover_T107 10
Cover_T108 -26
Cover_T109 2
Cover_T110 -42
Cover_T111 18
Cover_T112 4
Cover_T113 34
Cover_T114 2
Cover_T115 20
Cover_T116 2
Cover_T117 36
Cover_T118 2
Cover_T119 52
Cover_T120 2
Cover_T121 6
Cover_T122 2
Cover_T123 8
Cover_T124 2
Cover_T125 8
Cover_T126 2
Cover_T127 8
Cover_T128 0
Cover_T129 8
Cover_T130 2
Cover_T131 8
Cover_T132 0
Cover_T133 8
Cover_T134 2
Cover_T135 8
Cover_T136 2
Cover_T137 10
Cover_T138 2
Cover_T139 8
Cover_T140 2
Cover_T141 10
Cover_T142 2
Cover_T143 8
Cover_T144 2
Cover_T145 8
Cover_T146 2
Cover_T147 8
Cover_T148 2
Cover_T149 8
Cover_T150 0
Cover_T151 8
Cover_T152 4
Cover_T153 8
Cover_T154 0
Cover_T155 8
Cover_T156 2
Cover_T157 8
Cover_T158 4
Cover_T159 10
Cover_T160 -16
Cover_T161 2
Cover_T162 -6
Cover_T163 8
Cover_T164 -30
Cover_T165 14
Cover_T166 -38
Cover_T167 38
Cover_T168 -38
Cover_T169 28
Cover_T170 -40
Cover_T171 48
Cover_T172 8
Cover_T173 44
Cover_T174 -8
Cover_T175 42
Cover_T176 8
Cover_T177 58
Cover_T178 0
Cover_T179 56
Cover_T180 2
Cover_T181 12
Cover_T182 8
Cover_T183 28
Cover_T184 8
Cover_T185 12
Cover_T186 2
Cover_T187 16
Cover_T188 -8
Cover_T189 10
Cover_T190 -22
Cover_T191 24
Cover_T192 -2
Cover_T193 14
Cover_T194 2
Cover_T195 14
Cover_T196 -12
Cover_T197 10
Cover_T198 -26
Cover_T199 22
Cover_T200 -2
Cover_T201 38
Cover_T202 -2
Cover_T203 18
Cover_T204 -2
Cover_T205 16
Cover_T206 -6
Cover_T207 32
Cover_T208 -6
Cover_T209 12
Cover_T210 -10
Cover_T211 10
Cover_T212 -28
Cover_T213 10
Cover_T214 -44
Cover_T215 16
Cover_T216 -16
Cover_T217 10
Cover_T218 -26
Cover_T219 22
Cover_T220 -40
Cover_T221 42
Cover_T222 -10
Cover_T223 54
Cover_T224 -10
Cover_T225 22
Cover_T226 -12
Cover_T227 28
Cover_T228 -10
Cover_T229 40
Cover_T230 -12
Cover_T231 52
Cover_T232 -14
Cover_T233 22
Cover_T234 -14
Cover_T235 22
Cover_T236 -14
Cover_T237 20
Cover_T238 -14
Cover_T239 22
Cover_T240 -18
Cover_T241 22
Cover_T242 -18
Cover_T243 22
Cover_T244 -18
Cover_T245 24
Cover_T246 -26
Cover_T247 40
Cover_T248 -18
Cover_T249 42
Cover_T250 -18
Cover_T251 36
Cover_T252 -18
Cover_T253 36
Cover_T254 -20
Cover_T255 58
Cover_T256 -36
Cover_T257 46
Cover_T258 -36
Cover_T259 42
Cover_T260 -34
Cover_T261 48
Cover_T262 -20
Cover_T263 50
Cover_T264 -20
Cover_T265 70
Cover_T266 -22
Cover_T267 72
Cover_T268 -22
Cover_T269 70
Cover_T270 -28
Cover_T271 54
Cover_T272 -32
Cover_T273 56
Cover_T274 -32
Cover_T275 56
Cover_T276 -38
Cover_T277 56
Cover_T278 -38
Cover_T279 56
Cover_T280 -44
Cover_T281 54
Cover_T282 -44
Cover_T283 58
Cover_T284 -46
Cover_T285 54
Cover_T286 52
Cover_T287 -52
Cover_T288 52
Cover_T289 -52
Cover_T290 52
Cover_T291 -52
Cover_T292 52
Cover_T293 -52
Cover_T294 54
Cover_T295 -50
Cover_T296 56
Cover_T297 -50
Cover_T298 56
Cover_T299 -46
Cover_T300 58
Cover_T301 -46
Cover_T302 58
Cover_T303 -46
Cover_T304 58
Cover_T305 -42
Cover_T306 54
Cover_T307 -44
Cover_T308 52
Cover_T309 -40
Cover_T310 54
Cover_T311 -42
Cover_T312 50
Cover_T313 -36
Cover_T314 54
Cover_T315 -22
Cover_T316 46
Cover_T317 -34
Cover_T318 66
Cover_T319 988
Cover_T320 54
Cover_T321 976
Cover_T322 1038
Cover_T323 984
Cover_T324 1026
Cover_T325 992
Cover_T326 1036
Cover_T327 972
Cover_T328 16
Cover_T329 988
Cover_T330 26
Cover_T331 3.33543e-10
Cover_T332 10
Cover_T333 -8
Cover_T334 10
Cover_T335 -6
Cover_T336 -1.0139e-10
Cover_T337 -1.01601e-09
Cover_T338 0
Cover_T339 -9.29683e-11
Cover_T340 2
Cover_T341 1.33227e-12
Cover_T342 -14
Cover_T343 6
Cover_T344 2
Cover_T345 6
Cover_T346 2
Cover_T347 4
Cover_T348 -14
Cover_T349 20
Cover_T350 2
Cover_T351 4
Cover_T352 2
Cover_T353 4
Cover_T354 6
Cover_T355 20
Cover_T356 3.6112e-11
Cover_T357 4
Cover_T358 1.51402e-10
Cover_T359 4
Cover_T360 6
Cover_T361 -5.75158e-11
Cover_T362 6
Cover_T363 2
Cover_T364 -18
Cover_T365 4
Cover_T366 -12
Cover_T367 4
Cover_T368 -36
Cover_T369 28
Cover_T370 2
Cover_T371 18
Cover_T372 5.47095e-11
Cover_T373 34
Cover_T374 0
Cover_T375 50
Cover_T376 -2.27161e-11
Cover_T377 4
Cover_T378 0
Cover_T379 6
Cover_T380 1.13534e-10
Cover_T381 6
Cover_T382 0
Cover_T383 6
Cover_T384 -5.90388e-11
Cover_T385 6
Cover_T386 -2
Cover_T387 6
Cover_T388 -9.07274e-12
Cover_T389 6
Cover_T390 -2
Cover_T391 6
Cover_T392 -4.83979e-11
Cover_T393 8
Cover_T394 1.14922e-10
Cover_T395 6
Cover_T396 -7.38325e-11
Cover_T397 8
Cover_T398 9.53593e-11
Cover_T399 6
Cover_T400 4.07798e-11
Cover_T401 6
Cover_T402 0
Cover_T403 6
Cover_T404 2.48249e-11
Cover_T405 6
Cover_T406 0
Cover_T407 6
Cover_T408 -2
Cover_T409 6
Cover_T410 2
Cover_T411 6
Cover_T412 -2
Cover_T413 6
Cover_T414 0
Cover_T415 8
Cover_T416 2
Cover_T417 4
Cover_T418 -14
Cover_T419 8
Cover_T420 -30
Cover_T421 6
Cover_T422 -12
Cover_T423 4
Cover_T424 -28
Cover_T425 20
Cover_T426 -44
Cover_T427 36
Cover_T428 -44
Cover_T429 18
Cover_T430 -36
Cover_T431 38
Cover_T432 -42
Cover_T433 50
Cover_T434 -2
Cover_T435 50
Cover_T436 6
Cover_T437 58
Cover_T438 8
Cover_T439 18
Cover_T440 6
Cover_T441 8
Cover_T442 2
Cover_T443 8
Cover_T444 -2
Cover_T445 14
Cover_T446 -20
Cover_T447 14
Cover_T448 -4
Cover_T449 2
Cover_T450 -6
Cover_T451 16
Cover_T452 -24
Cover_T453 34
Cover_T454 -4
Cover_T455 18
Cover_T456 -4
Cover_T457 22
Cover_T458 -4
Cover_T459 38
Cover_T460 -12
Cover_T461 18
Cover_T462 -6
Cover_T463 10
Cover_T464 -22
Cover_T465 14
Cover_T466 -38
Cover_T467 10
Cover_T468 -10
Cover_T469 18
Cover_T470 -20
Cover_T471 28
Cover_T472 -36
Cover_T473 46
Cover_T474 -10
Cover_T475 22
Cover_T476 -14
Cover_T477 34
Cover_T478 -10
Cover_T479 46
Cover_T480 -14
Cover_T481 24
Cover_T482 -18
Cover_T483 28
Cover_T484 -18
Cover_T485 20
Cover_T486 -18
Cover_T487 18
Cover_T488 -18
Cover_T489 20
Cover_T490 -22
Cover_T491 18
Cover_T492 -34
Cover_T493 20
Cover_T494 -22
Cover_T495 18
Cover_T496 -34
Cover_T497 22
Cover_T498 -22
Cover_T499 26
Cover_T500 -18
Cover_T501 38
Cover_T502 -30
Cover_T503 28
Cover_T504 -42
Cover_T505 40
Cover_T506 -24
Cover_T507 32
Cover_T508 -20
Cover_T509 34
Cover_T510 -20
Cover_T511 56
Cover_T512 -22
Cover_T513 40
Cover_T514 -38
Cover_T515 38
Cover_T516 -38
Cover_T517 38
Cover_T518 -40
Cover_T519 46
Cover_T520 -24
Cover_T521 62
Cover_T522 -30
Cover_T523 66
Cover_T524 -26
Cover_T525 66
Cover_T526 -30
Cover_T527 66
Cover_T528 -26
Cover_T529 66
Cover_T530 -36
Cover_T531 70
Cover_T532 -32
Cover_T533 50
Cover_T534 -36
Cover_T535 42
Cover_T536 -36
Cover_T537 50
Cover_T538 -40
Cover_T539 48
Cover_T540 -32
Cover_T541 52
Cover_T542 -42
Cover_T543 48
Cover_T544 -38
Cover_T545 52
Cover_T546 -42
Cover_T547 48
Cover_T548 -38
Cover_T549 52
Cover_T550 -42
Cover_T551 48
Cover_T552 -44
Cover_T553 54
Cover_T554 -44
Cover_T555 48
Cover_T556 -44
Cover_T557 54
Cover_T558 -46
Cover_T559 58
Cover_T560 -46
Cover_T561 58
Cover_T562 -46
Cover_T563 56
Cover_T564 -46
Cover_T565 56
Cover_T566 58
Cover_T567 -46
Cover_T568 58
Cover_T569 -46
Cover_T570 52
Cover_T571 -48
Cover_T572 54
Cover_T573 -44
Cover_T574 54
Cover_T575 -42
Cover_T576 54
Cover_T577 -48
Cover_T578 48
Cover_T579 -44
Cover_T580 54
Cover_T581 -44
Cover_T582 52
Cover_T583 -40
Cover_T584 54
Cover_T585 -30
Cover_T586 48
Cover_T587 -34
Cover_T588 68
Cover_T589 992
Cover_T590 56
Cover_T591 984
Cover_T592 52
Cover_T593 976
Cover_T594 1040
Cover_T595 992
Cover_T596 1036
Cover_T597 988
Cover_T598 1040
Cover_T599 992
Cover_T600 1046
Cover_T601 992
Cover_T602 1038
Cover_T603 982
Cover_T604 1018
Cover_T605 990
Cover_T606 1028
Cover_T607 992
Cover_T608 1028
Cover_T609 972
Cover_T610 10
Cover_T611 980
Cover_T612 10
Cover_T613 988
Cover_T614 26
Cover_T615 -6
Cover_T616 10
Cover_T617 -6
Cover_T618 6
Cover_T619 -6
Cover_T620 8
Cover_T621 -6
Cover_T622 -8
Cover_T623 -6
Cover_T624 8
Cover_T625 -6
Cover_T626 8
Cover_T627 0
Cover_T628 -8
Cover_T629 -1.32716e-11
Cover_T630 8
Cover_T631 -4
Cover_T632 -4
Cover_T633 8
Cover_T634 0
Cover_T635 20
Cover_T636 8
Cover_T637 1.90913e-10
Cover_T638 0
Cover_T639 -4
Cover_T640 0
Cover_T641 8
Cover_T642 -2
Cover_T643 20
Cover_T644 8
Cover_T645 -4.56737e-11
Cover_T646 -4
Cover_T647 4
Cover_T648 8
Cover_T649 8
Cover_T650 -4
Cover_T651 0
Cover_T652 -20
Cover_T653 2
Cover_T654 -6
Cover_T655 8
Cover_T656 -22
Cover_T657 2
Cover_T658 -38
Cover_T659 -6
Cover_T660 8
Cover_T661 10
Cover_T662 6
Cover_T663 26
Cover_T664 6
Cover_T665 12
Cover_T666 6
Cover_T667 28
Cover_T668 6
Cover_T669 44
Cover_T670 6
Cover_T671 -2
Cover_T672 6
Cover_T673 0
Cover_T674 6
Cover_T675 3.71534e-11
Cover_T676 4
Cover_T677 0
Cover_T678 6
Cover_T679 6.35332e-11
Cover_T680 4
Cover_T681 0
Cover_T682 6
Cover_T683 6.14024e-11
Cover_T684 6
Cover_T685 0
Cover_T686 6
Cover_T687 2
Cover_T688 6
Cover_T689 0
Cover_T690 6
Cover_T691 2
Cover_T692 6
Cover_T693 0
Cover_T694 6
Cover_T695 0
Cover_T696 6
Cover_T697 0
Cover_T698 4
Cover_T699 0
Cover_T700 8
Cover_T701 0
Cover_T702 4
Cover_T703 7.10663e-11
Cover_T704 6
Cover_T705 0
Cover_T706 8
Cover_T707 4.82133e-11
Cover_T708 -8
Cover_T709 2
Cover_T710 -24
Cover_T711 -2
Cover_T712 -6
Cover_T713 2
Cover_T714 -22
Cover_T715 5.25953e-11
Cover_T716 -38
Cover_T717 -2
Cover_T718 -38
Cover_T719 14
Cover_T720 -30
Cover_T721 30
Cover_T722 -46
Cover_T723 14
Cover_T724 -44
Cover_T725 32
Cover_T726 8
Cover_T727 38
Cover_T728 -8.13429e-11
Cover_T729 46
Cover_T730 -8
Cover_T731 58
Cover_T732 -16
Cover_T733 48
Cover_T734 8
Cover_T735 58
Cover_T736 6.92602e-11
Cover_T737 44
Cover_T738 -6.31409e-11
Cover_T739 50
Cover_T740 0
Cover_T741 60
Cover_T742 2
Cover_T743 50
Cover_T744 -6
Cover_T745 60
Cover_T746 4
Cover_T747 2
Cover_T748 -2.55493e-11
Cover_T749 10
Cover_T750 8
Cover_T751 22
Cover_T752 4
Cover_T753 30
Cover_T754 2
Cover_T755 6
Cover_T756 -12
Cover_T757 16
Cover_T758 4
Cover_T759 14
Cover_T760 3.3565e-10
Cover_T761 12
Cover_T762 -16
Cover_T763 12
Cover_T764 3.14309e-10
Cover_T765 16
Cover_T766 3.46319e-10
Cover_T767 32
Cover_T768 -6
Cover_T769 16
Cover_T770 -2
Cover_T771 14
Cover_T772 -8
Cover_T773 26
Cover_T774 -4
Cover_T775 38
Cover_T776 -16
Cover_T777 14
Cover_T778 -28
Cover_T779 16
Cover_T780 -42
Cover_T781 12
Cover_T782 -12
Cover_T783 16
Cover_T784 -18
Cover_T785 20
Cover_T786 -30
Cover_T787 22
Cover_T788 -42
Cover_T789 24
Cover_T790 -12
Cover_T791 34
Cover_T792 -12
Cover_T793 46
Cover_T794 -10
Cover_T795 58
Cover_T796 -12
Cover_T797 28
Cover_T798 -10
Cover_T799 34
Cover_T800 -12
Cover_T801 46
Cover_T802 -12
Cover_T803 58
Cover_T804 -14
Cover_T805 28
Cover_T806 -14
Cover_T807 28
Cover_T808 -18
Cover_T809 20
Cover_T810 -22
Cover_T811 18
Cover_T812 -18
Cover_T813 22
Cover_T814 -34
Cover_T815 18
Cover_T816 -26
Cover_T817 18
Cover_T818 -26
Cover_T819 24
Cover_T820 -42
Cover_T821 34
Cover_T822 -26
Cover_T823 28
Cover_T824 -22
Cover_T825 44
Cover_T826 -22
Cover_T827 40
Cover_T828 -24
Cover_T829 40
Cover_T830 -40
Cover_T831 58
Cover_T832 -40
Cover_T833 42
Cover_T834 -38
Cover_T835 44
Cover_T836 -22
Cover_T837 48
Cover_T838 -24
Cover_T839 50
Cover_T840 -24
Cover_T841 72
Cover_T842 -26
Cover_T843 72
Cover_T844 -26
Cover_T845 70
Cover_T846 -28
Cover_T847 54
Cover_T848 -32
Cover_T849 56
Cover_T850 -32
Cover_T851 56
Cover_T852 -38
Cover_T853 60
Cover_T854 -38
Cover_T855 60
Cover_T856 -44
Cover_T857 58
Cover_T858 -44
Cover_T859 58
Cover_T860 -44
Cover_T861 58
Cover_T862 -44
Cover_T863 58
Cover_T864 -46
Cover_T865 52
Cover_T866 -46
Cover_T867 58
Cover_T868 -46
Cover_T869 58
Cover_T870 -46
Cover_T871 10
Cover_T872 -4
Cover_T873 8
Cover_T874 -2
Cover_T875 10
Cover_T876 -2
Cover_T877 14
Cover_T878 6
Cover_T879 34
Cover_T880 0
Cover_T881 18
Cover_T882 -2
Cover_T883 36
Cover_T884 2
Cover_T885 20
Cover_T886 20
Cover_T887 4
Cover_T888 16
Cover_T889 1042
Cover_T890 1014
Cover_T891 1044
Cover_T892 1014
Cover_T893 1090
Cover_T894 1040
Cover_T895 1090
Cover_T896 1016
Cover_T897 1084
Cover_T898 1026
Cover_T899 1058
Cover_T900 1040
Cover_T901 1078
Cover_T902 0
Cover_T903 60
Cover_T904 0
Cover_T905 60
Cover_T906 -40
Cover_T907 44
Cover_T908 -4
Cover_T909 20
Cover_T910 52
Cover_T911 18
Cover_T912 58
Cover_T913 -6
Cover_T914 60
Cover_T915 -30
Cover_T916 0
Cover_T917 24
Cover_T918 4
Cover_T919 0
Cover_T920 24
Cover_T921 14
Cover_T922 44
Cover_T923 10
Cover_T924 60
Cover_T925 22
Cover_T926 0
Cover_T927 38
Cover_T928 14
Cover_T929 24
Cover_T930 0
Cover_T931 42
Cover_T932 0
Cover_T933 26
Cover_T934 0
Cover_T935 0
Cover_T936 -2
Cover_T937 0
Cover_T938 -1.98142e-10
Cover_T939 26
Cover_T940 30
Cover_T941 0
Cover_T942 26
Cover_T943 38
Cover_T944 0
Cover_T945 34
Cover_T946 26
Count_D0 -984
Count_D1 -1000
Max_H0_P0 0
Max_H0_P1 0
Max_H0_P2 0
Max_H0_P3 0
Max_H0_P4 0
Max_H0_P5 -1.26505e-10
Max_H0_P6 -5.74101e-11
Max_H0_P7 0
Max_H0_P8 0
Max_H0_P9 0
Max_H0_P10 0
Max_H0_P11 0
Max_H0_P12 0
Max_H0_P13 0
Max_H0_P14 0
Max_H0_P15 3.97611e-11
Max_H0_P16 -2.84359e-11
Max_H0_P17 1.72487e-11
Max_H0_P18 1.89302e-11
Max_H0_P19 -3.9809e-11
Max_H0_P20 -3.20597e-11
Max_H0_P21 1.77088e-11
Max_H0_P22 3.35911e-11
Max_H0_P23 -2.80229e-11
Max_H0_P24 2.96581e-11
Max_H0_P25 2.91988e-12
Max_H0_P26 4.80629e-11
Max_H0_P27 6.64047e-12
Max_H0_P28 2.2418e-11
Max_H0_P29 -3.89325e-12
Max_H0_P30 4.26037e-11
Max_H0_P31 -2.05101e-11
Max_H0_P32 -2.32895e-11
Max_H0_P33 -2.53222e-11
Max_H0_P34 2.38909e-14
Max_H0_P35 3.30352e-11
Max_H0_P36 -2.41925e-11
Max_H0_P37 1.63672e-11
Max_H0_P38 -7.5216e-11
Max_H0_P39 4.06387e-11
Max_H0_P40 5.66051e-11
Max_H0_P41 -1.49804e-11
Max_H0_P42 -7.20382e-11
Max_H0_P43 0
Max_H0_P44 0
Max_H0_P45 0
Max_H0_P46 0
Max_H0_P47 0
Max_H0_P48 0
Max_H0_P49 0
Max_H0_P50 0
Max_H0_P51 0
Max_H0_P52 0
Max_H0_P53 0
Max_H0_P54 0
Max_H0_P55 0
Max_H0_P56 0
Max_H0_P57 0
Max_H0_P58 0
Max_H0_P59 0
Max_H0_P60 0
Max_H0_P61 0
Max_H0_P62 0
Max_H0_P63 0
Max_H0_P64 0
Max_H0_P65 0
Max_H0_P66 0
Max_H0_P67 0
Max_H0_P68 0
Max_H0_P69 0
Max_H0_P70 0
Max_H0_P71 0
Max_H0_P72 0
Max_H0_P73 0
Max_H0_P74 0
Max_H0_P75 0
Max_H0_P76 0
Max_H0_P77 -5.81735e-12
Max_H0_P78 0
Max_H0_P79 0
Max_H0_P80 0
Max_H0_P81 0
Max_H1_P0 0
Max_H1_P1 1.14485e-09
Max_H1_P2 0
Max_H1_P3 0
Max_H1_P4 1.56746e-11
Max_H1_P5 -1.17002e-10
Max_H1_P6 -6.67174e-11
Max_H1_P7 -0
Max_H1_P8 0
Max_H1_P9 -6.43352e-11
Max_H1_P10 0
Max_H1_P11 0
Max_H1_P12 0
Max_H1_P13 0
Max_H1_P14 0
Max_H1_P15 1.30511e-11
Max_H1_P16 2.82334e-11
Max_H1_P17 -2.37605e-11
Max_H1_P18 -1.42126e-11
Max_H1_P19 -9.02389e-13
Max_H1_P20 3.23717e-12
Max_H1_P21 7.07634e-11
Max_H1_P22 1.10845e-11
Max_H1_P23 -2.94733e-11
Max_H1_P24 -5.61329e-12
Max_H1_P25 1.79046e-11
Max_H1_P26 1.00622e-11
Max_H1_P27 4.05157e-11
Max_H1_P28 2.38654e-11
Max_H1_P29 -1.1795e-11
Max_H1_P30 7.92326e-11
Max_H1_P31 -4.40794e-11
Max_H1_P32 1.37053e-11
Max_H1_P33 8.84269e-12
Max_H1_P34 -2.90861e-11
Max_H1_P35 3.77236e-11
Max_H1_P36 1.04325e-11
Max_H1_P37 2.31033e-11
Max_H1_P38 -9.65242e-12
Max_H1_P39 -4.2572e-11
Max_H1_P40 2.607e-11
Max_H1_P41 -5.68818e-11
Max_H1_P42 -3.49601e-11
Max_H1_P43 0
Max_H1_P44 6.99849e-11
Max_H1_P45 0
Max_H1_P46 0
Max_H1_P47 0
Max_H1_P48 0
Max_H1_P49 0
Max_H1_P50 0
Max_H1_P51 1.02037e-10
Max_H1_P52 0
Max_H1_P53 0
Max_H1_P54 0
Max_H1_P55 0
Max_H1_P56 0
Max_H1_P57 0
Max_H1_P58 0
Max_H1_P59 0
Max_H1_P60 3.14971e-11
Max_H1_P61 0
Max_H1_P62 0
Max_H1_P63 0
Max_H1_P64 0
Max_H1_P65 -1.17097e-11
Max_H1_P66 0
Max_H1_P67 0
Max_H1_P68 0
Max_H1_P69 0
Max_H1_P70 0
Max_H1_P71 0
Max_H1_P72 0
Max_H1_P73 -0
Max_H1_P74 0
Max_H1_P75 0
Max_H1_P76 -0
Max_H1_P77 0
Max_H1_P78 4.21072e-12
Max_H1_P79 0
Max_H1_P80 0
Max_H1_P81 0
