
Branch and bound

  Entire solving process        :                           (Time    178.0)
  No feasible solution was found
  Best relaxation cost          :     66635.83 (Node     0) (Time    178.0)
  Lower bound after cuts        :     66635.83
  End lower bound               :     66635.83
  Deepest level reached         : 0
  Deepest real level reached    : 0
  Number of real nodes solved   : 1
  Stopping condition            : enough nodes explored

Problem identification

  Problem                       : <null>
  Machine                       : oslo1.gerad.lan

Solving process summary

  Linear relaxations            :        1
  Column generation iterations  :      112
  Shortest paths solved         :     3848
  Columns generated             :    44580

Instance characteristics

  Resources                     : 3
  Node types                    : no
  Arc types                     : no
  Strong resource windows       : no
  Weak resource windows         : no
  Resource windows (nodes)      : 3
  Resource values (arcs)        : 3
  Values on nodes               : no

  Rows                          : 1113
  Initial columns               : 2
  Tasks                         : 951
  Strong tasks                  : 947
  Weak tasks                    : 4
  Initial task constraints      : no
  Nodes                         : 1279
  Arc sets                      : 1
  Arcs                          : 39775
  Networks                      : 2
  Models                        : 1

Memory used per module (Megs)

  Parser (reused)               :      8.241
  Networks                      :     34.752
  Column generator              :     12.714
  Master problem                :     10.721
  -----------------
  Total                         :     58.187

Cpu time per module (seconds)

  Parser                        :        0.0
  Preprocessor                  :        0.0
  Lr solver manager             :        0.1
  Column generator              :       74.0
    (Shortest path)             :       66.4
  Master problem                :      103.8
  -------------------
  Total (without b&b)           :      178.0

Real elapsed time (seconds)

  Parser                        :        0.0
  Preprocessor                  :        0.0
  Lr solver manager             :        0.1
  Column generator              :       74.1
    (Shortest path)             :       66.1
  Master problem                :      103.8
  -------------------
  Total (without b&b)           :      178.0
