
Branch and bound

  Entire solving process        :                           (Time     67.9)
  No feasible solution was found
  Best relaxation cost          :     41023.71 (Node     0) (Time     67.9)
  Lower bound after cuts        :     41023.71
  End lower bound               :     41023.71
  Deepest level reached         : 0
  Deepest real level reached    : 0
  Number of real nodes solved   : 1
  Stopping condition            : enough nodes explored

Problem identification

  Problem                       : <null>
  Machine                       : oslo1.gerad.lan

Solving process summary

  Linear relaxations            :        1
  Column generation iterations  :      118
  Shortest paths solved         :     5912
  Columns generated             :    41139

Instance characteristics

  Resources                     : 3
  Node types                    : no
  Arc types                     : no
  Strong resource windows       : no
  Weak resource windows         : no
  Resource windows (nodes)      : 3
  Resource values (arcs)        : 3
  Values on nodes               : no

  Rows                          : 787
  Initial columns               : 341
  Tasks                         : 625
  Strong tasks                  : 417
  Weak tasks                    : 4
  Initial task constraints      : no
  Nodes                         : 953
  Arc sets                      : 1
  Arcs                          : 19517
  Networks                      : 2
  Models                        : 1

Memory used per module (Megs)

  Parser (reused)               :      4.246
  Networks                      :     25.065
  Column generator              :      4.480
  Master problem                :      8.082
  -----------------
  Total                         :     37.627

Cpu time per module (seconds)

  Parser                        :        0.0
  Preprocessor                  :        0.0
  Lr solver manager             :        0.1
  Column generator              :       20.1
    (Shortest path)             :       17.0
  Master problem                :       47.7
  -------------------
  Total (without b&b)           :       67.9

Real elapsed time (seconds)

  Parser                        :        0.0
  Preprocessor                  :        0.0
  Lr solver manager             :        0.1
  Column generator              :       20.2
    (Shortest path)             :       17.0
  Master problem                :       47.6
  -------------------
  Total (without b&b)           :       67.9
