
Branch and bound

  Entire solving process        :                           (Time     38.9)
  No feasible solution was found
  Best relaxation cost          :     36881.87 (Node     0) (Time     38.9)
  Lower bound after cuts        :     36881.87
  End lower bound               :     36881.87
  Deepest level reached         : 0
  Deepest real level reached    : 0
  Number of real nodes solved   : 1
  Stopping condition            : enough nodes explored

Problem identification

  Problem                       : <null>
  Machine                       : oslo1.gerad.lan

Solving process summary

  Linear relaxations            :        1
  Column generation iterations  :      101
  Shortest paths solved         :     6645
  Columns generated             :    31493

Instance characteristics

  Resources                     : 3
  Node types                    : no
  Arc types                     : no
  Strong resource windows       : no
  Weak resource windows         : no
  Resource windows (nodes)      : 3
  Resource values (arcs)        : 3
  Values on nodes               : no

  Rows                          : 659
  Initial columns               : 325
  Tasks                         : 497
  Strong tasks                  : 316
  Weak tasks                    : 4
  Initial task constraints      : no
  Nodes                         : 825
  Arc sets                      : 1
  Arcs                          : 13262
  Networks                      : 2
  Models                        : 1

Memory used per module (Megs)

  Parser (reused)               :      3.035
  Networks                      :     20.342
  Column generator              :      3.511
  Master problem                :      6.593
  -----------------
  Total                         :     30.447

Cpu time per module (seconds)

  Parser                        :        0.0
  Preprocessor                  :        0.0
  Lr solver manager             :        0.1
  Column generator              :       11.8
    (Shortest path)             :        9.9
  Master problem                :       27.1
  -------------------
  Total (without b&b)           :       38.9

Real elapsed time (seconds)

  Parser                        :        0.0
  Preprocessor                  :        0.0
  Lr solver manager             :        0.1
  Column generator              :       11.7
    (Shortest path)             :        9.8
  Master problem                :       27.1
  -------------------
  Total (without b&b)           :       38.9
