
Branch and bound

  Entire solving process        :                           (Time     95.6)
  No feasible solution was found
  Best relaxation cost          :     41932.95 (Node     0) (Time     95.6)
  Lower bound after cuts        :     41932.95
  End lower bound               :     41932.95
  Deepest level reached         : 0
  Deepest real level reached    : 0
  Number of real nodes solved   : 1
  Stopping condition            : enough nodes explored

Problem identification

  Problem                       : <null>
  Machine                       : oslo3.gerad.lan

Solving process summary

  Linear relaxations            :        1
  Column generation iterations  :      111
  Shortest paths solved         :     4466
  Columns generated             :    41123

Instance characteristics

  Resources                     : 3
  Node types                    : no
  Arc types                     : no
  Strong resource windows       : no
  Weak resource windows         : no
  Resource windows (nodes)      : 3
  Resource values (arcs)        : 3
  Values on nodes               : no

  Rows                          : 909
  Initial columns               : 359
  Tasks                         : 747
  Strong tasks                  : 540
  Weak tasks                    : 4
  Initial task constraints      : no
  Nodes                         : 1075
  Arc sets                      : 1
  Arcs                          : 26437
  Networks                      : 2
  Models                        : 1

Memory used per module (Megs)

  Parser (reused)               :      5.699
  Networks                      :     27.850
  Column generator              :      6.539
  Master problem                :      9.572
  -----------------
  Total                         :     43.960

Cpu time per module (seconds)

  Parser                        :        0.0
  Preprocessor                  :        0.0
  Lr solver manager             :        0.1
  Column generator              :       32.2
    (Shortest path)             :       28.6
  Master problem                :       63.4
  -------------------
  Total (without b&b)           :       95.6

Real elapsed time (seconds)

  Parser                        :        0.0
  Preprocessor                  :        0.0
  Lr solver manager             :        0.1
  Column generator              :       32.2
    (Shortest path)             :       28.1
  Master problem                :       63.3
  -------------------
  Total (without b&b)           :       95.6
