
Branch and bound

  Entire solving process        :                           (Time    234.9)
  No feasible solution was found
  Best relaxation cost          :     56975.31 (Node     0) (Time    234.9)
  Lower bound after cuts        :     56975.31
  End lower bound               :     56975.31
  Deepest level reached         : 0
  Deepest real level reached    : 0
  Number of real nodes solved   : 1
  Stopping condition            : enough nodes explored

Problem identification

  Problem                       : <null>
  Machine                       : oslo1.gerad.lan

Solving process summary

  Linear relaxations            :        1
  Column generation iterations  :      138
  Shortest paths solved         :     6500
  Columns generated             :    55412

Instance characteristics

  Resources                     : 3
  Node types                    : no
  Arc types                     : no
  Strong resource windows       : no
  Weak resource windows         : no
  Resource windows (nodes)      : 3
  Resource values (arcs)        : 3
  Values on nodes               : no

  Rows                          : 1002
  Initial columns               : 430
  Tasks                         : 840
  Strong tasks                  : 587
  Weak tasks                    : 4
  Initial task constraints      : no
  Nodes                         : 1168
  Arc sets                      : 1
  Arcs                          : 32740
  Networks                      : 2
  Models                        : 1

Memory used per module (Megs)

  Parser (reused)               :      6.910
  Networks                      :     32.451
  Column generator              :      9.808
  Master problem                :     10.056
  -----------------
  Total                         :     52.315

Cpu time per module (seconds)

  Parser                        :        0.0
  Preprocessor                  :        0.0
  Lr solver manager             :        0.2
  Column generator              :       68.6
    (Shortest path)             :       59.2
  Master problem                :      166.1
  -------------------
  Total (without b&b)           :      234.9

Real elapsed time (seconds)

  Parser                        :        0.0
  Preprocessor                  :        0.0
  Lr solver manager             :        2.0
  Column generator              :       68.7
    (Shortest path)             :       58.9
  Master problem                :      166.1
  -------------------
  Total (without b&b)           :      236.8
