
Branch and bound

  Entire solving process        :                           (Time    523.5)
  No feasible solution was found
  Best relaxation cost          :     57082.30 (Node     0) (Time    523.5)
  Lower bound after cuts        :     57082.30
  End lower bound               :     57082.30
  Deepest level reached         : 0
  Deepest real level reached    : 0
  Number of real nodes solved   : 1
  Stopping condition            : enough nodes explored

Problem identification

  Problem                       : <null>
  Machine                       : oslo3.gerad.lan

Solving process summary

  Linear relaxations            :        1
  Column generation iterations  :      189
  Shortest paths solved         :     4438
  Columns generated             :    46307

Instance characteristics

  Resources                     : 3
  Node types                    : no
  Arc types                     : no
  Strong resource windows       : no
  Weak resource windows         : no
  Resource windows (nodes)      : 3
  Resource values (arcs)        : 3
  Values on nodes               : no

  Rows                          : 1002
  Initial columns               : 2
  Tasks                         : 840
  Strong tasks                  : 836
  Weak tasks                    : 4
  Initial task constraints      : no
  Nodes                         : 1168
  Arc sets                      : 1
  Arcs                          : 32740
  Networks                      : 2
  Models                        : 1

Memory used per module (Megs)

  Parser (reused)               :      6.910
  Networks                      :     30.272
  Column generator              :     12.956
  Master problem                :      9.882
  -----------------
  Total                         :     53.110

Cpu time per module (seconds)

  Parser                        :        0.0
  Preprocessor                  :        0.0
  Lr solver manager             :        0.1
  Column generator              :       53.6
    (Shortest path)             :       47.4
  Master problem                :      469.8
  -------------------
  Total (without b&b)           :      523.5

Real elapsed time (seconds)

  Parser                        :        0.0
  Preprocessor                  :        0.0
  Lr solver manager             :        0.1
  Column generator              :       53.4
    (Shortest path)             :       47.5
  Master problem                :      470.0
  -------------------
  Total (without b&b)           :      523.5
