
Branch and bound

  Entire solving process        :                           (Time    219.9)
  No feasible solution was found
  Best relaxation cost          :     49341.25 (Node     0) (Time    219.9)
  Lower bound after cuts        :     49341.25
  End lower bound               :     49341.25
  Deepest level reached         : 0
  Deepest real level reached    : 0
  Number of real nodes solved   : 1
  Stopping condition            : enough nodes explored

Problem identification

  Problem                       : <null>
  Machine                       : oslo4.gerad.lan

Solving process summary

  Linear relaxations            :        1
  Column generation iterations  :      175
  Shortest paths solved         :     3792
  Columns generated             :    34016

Instance characteristics

  Resources                     : 3
  Node types                    : no
  Arc types                     : no
  Strong resource windows       : no
  Weak resource windows         : no
  Resource windows (nodes)      : 3
  Resource values (arcs)        : 3
  Values on nodes               : no

  Rows                          : 857
  Initial columns               : 2
  Tasks                         : 695
  Strong tasks                  : 691
  Weak tasks                    : 4
  Initial task constraints      : no
  Nodes                         : 1023
  Arc sets                      : 1
  Arcs                          : 23137
  Networks                      : 2
  Models                        : 1

Memory used per module (Megs)

  Parser (reused)               :      4.972
  Networks                      :     25.065
  Column generator              :      7.750
  Master problem                :      8.612
  -----------------
  Total                         :     41.426

Cpu time per module (seconds)

  Parser                        :        0.0
  Preprocessor                  :        0.0
  Lr solver manager             :        0.0
  Column generator              :       24.7
    (Shortest path)             :       21.9
  Master problem                :      195.2
  -------------------
  Total (without b&b)           :      219.9

Real elapsed time (seconds)

  Parser                        :        0.0
  Preprocessor                  :        0.0
  Lr solver manager             :        0.1
  Column generator              :       24.7
    (Shortest path)             :       21.8
  Master problem                :      195.1
  -------------------
  Total (without b&b)           :      219.9
