
Branch and bound

  Entire solving process        :                           (Time  22129.1)
  No feasible solution was found
  Best relaxation cost          :     76953.60 (Node     0) (Time  22129.1)
  Lower bound after cuts        :     76953.60
  End lower bound               : -inf
  Deepest level reached         : 0
  Deepest real level reached    : 0
  Number of real nodes solved   : 1
  Stopping condition            : too much time

Problem identification

  Problem                       : <null>
  Machine                       : oslo3.gerad.lan

Solving process summary

  Linear relaxations            :        1
  Column generation iterations  :      383
  Shortest paths solved         :     8484
  Columns generated             :   104379

Instance characteristics

  Resources                     : 3
  Node types                    : no
  Arc types                     : no
  Strong resource windows       : no
  Weak resource windows         : no
  Resource windows (nodes)      : 3
  Resource values (arcs)        : 3
  Values on nodes               : no

  Rows                          : 1349
  Initial columns               : 2
  Tasks                         : 1187
  Strong tasks                  : 1183
  Weak tasks                    : 4
  Initial task constraints      : no
  Nodes                         : 1515
  Arc sets                      : 1
  Arcs                          : 59736
  Networks                      : 2
  Models                        : 1

Memory used per module (Megs)

  Parser (reused)               :     11.995
  Networks                      :     43.228
  Column generator              :     19.737
  Master problem                :     12.831
  -----------------
  Total                         :     75.795

Cpu time per module (seconds)

  Parser                        :        0.0
  Preprocessor                  :        0.0
  Lr solver manager             :        0.3
  Column generator              :      490.2
    (Shortest path)             :      452.3
  Master problem                :    21638.5
  -------------------
  Total (without b&b)           :    22129.1

Real elapsed time (seconds)

  Parser                        :        0.0
  Preprocessor                  :        0.0
  Lr solver manager             :        0.3
  Column generator              :      490.3
    (Shortest path)             :      452.5
  Master problem                :    21638.5
  -------------------
  Total (without b&b)           :    22129.1
