
Branch and bound

  Entire solving process        :                           (Time    110.1)
  No feasible solution was found
  Best relaxation cost          :     36193.91 (Node     0) (Time    110.1)
  Lower bound after cuts        :     36193.91
  End lower bound               :     36193.91
  Deepest level reached         : 0
  Deepest real level reached    : 0
  Number of real nodes solved   : 1
  Stopping condition            : enough nodes explored

Problem identification

  Problem                       : <null>
  Machine                       : oslo3.gerad.lan

Solving process summary

  Linear relaxations            :        1
  Column generation iterations  :      173
  Shortest paths solved         :     2748
  Columns generated             :    23022

Instance characteristics

  Resources                     : 3
  Node types                    : no
  Arc types                     : no
  Strong resource windows       : no
  Weak resource windows         : no
  Resource windows (nodes)      : 3
  Resource values (arcs)        : 3
  Values on nodes               : no

  Rows                          : 702
  Initial columns               : 2
  Tasks                         : 540
  Strong tasks                  : 536
  Weak tasks                    : 4
  Initial task constraints      : no
  Nodes                         : 868
  Arc sets                      : 1
  Arcs                          : 15151
  Networks                      : 2
  Models                        : 1

Memory used per module (Megs)

  Parser (reused)               :      3.398
  Networks                      :     19.616
  Column generator              :      3.390
  Master problem                :      7.213
  -----------------
  Total                         :     30.219

Cpu time per module (seconds)

  Parser                        :        0.0
  Preprocessor                  :        0.0
  Lr solver manager             :        0.1
  Column generator              :        9.7
    (Shortest path)             :        8.4
  Master problem                :      100.3
  -------------------
  Total (without b&b)           :      110.1

Real elapsed time (seconds)

  Parser                        :        0.0
  Preprocessor                  :        0.0
  Lr solver manager             :        0.0
  Column generator              :        9.5
    (Shortest path)             :        8.1
  Master problem                :      100.5
  -------------------
  Total (without b&b)           :      110.1
