
Branch and bound

  Entire solving process        :                           (Time     34.3)
  No feasible solution was found
  Best relaxation cost          :     32962.38 (Node     0) (Time     34.3)
  Lower bound after cuts        :     32962.38
  End lower bound               :     32962.38
  Deepest level reached         : 0
  Deepest real level reached    : 0
  Number of real nodes solved   : 1
  Stopping condition            : enough nodes explored

Problem identification

  Problem                       : <null>
  Machine                       : oslo2.gerad.lan

Solving process summary

  Linear relaxations            :        1
  Column generation iterations  :      119
  Shortest paths solved         :     2152
  Columns generated             :    19364

Instance characteristics

  Resources                     : 3
  Node types                    : no
  Arc types                     : no
  Strong resource windows       : no
  Weak resource windows         : no
  Resource windows (nodes)      : 3
  Resource values (arcs)        : 3
  Values on nodes               : no

  Rows                          : 619
  Initial columns               : 2
  Tasks                         : 457
  Strong tasks                  : 453
  Weak tasks                    : 4
  Initial task constraints      : no
  Nodes                         : 785
  Arc sets                      : 1
  Arcs                          : 11594
  Networks                      : 2
  Models                        : 1

Memory used per module (Megs)

  Parser (reused)               :      2.671
  Networks                      :     17.315
  Column generator              :      2.422
  Master problem                :      6.343
  -----------------
  Total                         :     26.080

Cpu time per module (seconds)

  Parser                        :        0.0
  Preprocessor                  :        0.0
  Lr solver manager             :        0.0
  Column generator              :        4.3
    (Shortest path)             :        3.6
  Master problem                :       30.0
  -------------------
  Total (without b&b)           :       34.3

Real elapsed time (seconds)

  Parser                        :        0.0
  Preprocessor                  :        0.0
  Lr solver manager             :        0.0
  Column generator              :        4.3
    (Shortest path)             :        3.6
  Master problem                :       30.0
  -------------------
  Total (without b&b)           :       34.3
