
Branch and bound

  Entire solving process        :                           (Time    257.3)
  No feasible solution was found
  Best relaxation cost          :     61532.35 (Node     0) (Time    257.3)
  Lower bound after cuts        :     61532.35
  End lower bound               :     61532.35
  Deepest level reached         : 0
  Deepest real level reached    : 0
  Number of real nodes solved   : 1
  Stopping condition            : enough nodes explored

Problem identification

  Problem                       : <null>
  Machine                       : oslo2.gerad.lan

Solving process summary

  Linear relaxations            :        1
  Column generation iterations  :      151
  Shortest paths solved         :     7099
  Columns generated             :    68183

Instance characteristics

  Resources                     : 3
  Node types                    : no
  Arc types                     : no
  Strong resource windows       : no
  Weak resource windows         : no
  Resource windows (nodes)      : 3
  Resource values (arcs)        : 3
  Values on nodes               : no

  Rows                          : 1032
  Initial columns               : 410
  Tasks                         : 870
  Strong tasks                  : 638
  Weak tasks                    : 4
  Initial task constraints      : no
  Nodes                         : 1198
  Arc sets                      : 1
  Arcs                          : 33816
  Networks                      : 2
  Models                        : 1

Memory used per module (Megs)

  Parser (reused)               :      7.031
  Networks                      :     33.904
  Column generator              :      7.750
  Master problem                :     10.215
  -----------------
  Total                         :     51.868

Cpu time per module (seconds)

  Parser                        :        0.0
  Preprocessor                  :        0.0
  Lr solver manager             :        0.1
  Column generator              :       77.0
    (Shortest path)             :       64.0
  Master problem                :      180.2
  -------------------
  Total (without b&b)           :      257.3

Real elapsed time (seconds)

  Parser                        :        0.0
  Preprocessor                  :        0.0
  Lr solver manager             :        0.1
  Column generator              :       77.1
    (Shortest path)             :       63.9
  Master problem                :      180.4
  -------------------
  Total (without b&b)           :      257.6
