Cover_T0 52
Cover_T1 -52
Cover_T2 52
Cover_T3 -52
Cover_T4 52
Cover_T5 -52
Cover_T6 52
Cover_T7 -52
Cover_T8 52
Cover_T9 -52
Cover_T10 52
Cover_T11 -52
Cover_T12 52
Cover_T13 -52
Cover_T14 52
Cover_T15 -52
Cover_T16 52
Cover_T17 -50
Cover_T18 52
Cover_T19 -50
Cover_T20 52
Cover_T21 -50
Cover_T22 58
Cover_T23 -50
Cover_T24 56
Cover_T25 -46
Cover_T26 56
Cover_T27 -46
Cover_T28 54
Cover_T29 -46
Cover_T30 56
Cover_T31 -46
Cover_T32 56
Cover_T33 -48
Cover_T34 56
Cover_T35 -42
Cover_T36 54
Cover_T37 -40
Cover_T38 54
Cover_T39 -40
Cover_T40 64
Cover_T41 -34
Cover_T42 1044
Cover_T43 -3.30616e-10
Cover_T44 1042
Cover_T45 980
Cover_T46 1028
Cover_T47 982
Cover_T48 1022
Cover_T49 980
Cover_T50 1044
Cover_T51 0
Cover_T52 990
Cover_T53 -4
Cover_T54 10
Cover_T55 -8
Cover_T56 14
Cover_T57 2
Cover_T58 14
Cover_T59 10
Cover_T60 16
Cover_T61 10
Cover_T62 14
Cover_T63 -10
Cover_T64 0
Cover_T65 -12
Cover_T66 16
Cover_T67 -16
Cover_T68 -8
Cover_T69 8
Cover_T70 0
Cover_T71 12
Cover_T72 6
Cover_T73 14
Cover_T74 16
Cover_T75 14
Cover_T76 6
Cover_T77 12
Cover_T78 -26
Cover_T79 2
Cover_T80 12
Cover_T81 12
Cover_T82 -20
Cover_T83 44
Cover_T84 14
Cover_T85 6
Cover_T86 16
Cover_T87 34
Cover_T88 0
Cover_T89 -8
Cover_T90 -12
Cover_T91 2
Cover_T92 -36
Cover_T93 0
Cover_T94 10
Cover_T95 10
Cover_T96 2
Cover_T97 34
Cover_T98 10
Cover_T99 -12
Cover_T100 0
Cover_T101 12
Cover_T102 0
Cover_T103 20
Cover_T104 2
Cover_T105 12
Cover_T106 4
Cover_T107 2
Cover_T108 2
Cover_T109 8
Cover_T110 -26
Cover_T111 14
Cover_T112 2
Cover_T113 12
Cover_T114 -30
Cover_T115 40
Cover_T116 16
Cover_T117 6
Cover_T118 -8
Cover_T119 30
Cover_T120 -8
Cover_T121 54
Cover_T122 -32
Cover_T123 12
Cover_T124 16
Cover_T125 28
Cover_T126 16
Cover_T127 26
Cover_T128 -1.78273e-09
Cover_T129 42
Cover_T130 14
Cover_T131 56
Cover_T132 -2
Cover_T133 6
Cover_T134 -18
Cover_T135 2
Cover_T136 -38
Cover_T137 30
Cover_T138 10
Cover_T139 14
Cover_T140 8
Cover_T141 22
Cover_T142 -8
Cover_T143 54
Cover_T144 6
Cover_T145 70
Cover_T146 6
Cover_T147 34
Cover_T148 4
Cover_T149 34
Cover_T150 -12
Cover_T151 46
Cover_T152 -4
Cover_T153 32
Cover_T154 -6
Cover_T155 42
Cover_T156 -14
Cover_T157 42
Cover_T158 -24
Cover_T159 34
Cover_T160 -14
Cover_T161 40
Cover_T162 -24
Cover_T163 40
Cover_T164 -24
Cover_T165 44
Cover_T166 -24
Cover_T167 30
Cover_T168 -30
Cover_T169 40
Cover_T170 -38
Cover_T171 40
Cover_T172 -40
Cover_T173 48
Cover_T174 -36
Cover_T175 44
Cover_T176 -32
Cover_T177 44
Cover_T178 -30
Cover_T179 52
Cover_T180 -46
Cover_T181 48
Cover_T182 -36
Cover_T183 48
Cover_T184 -30
Cover_T185 54
Cover_T186 -34
Cover_T187 60
Cover_T188 -34
Cover_T189 60
Cover_T190 -38
Cover_T191 46
Cover_T192 -38
Cover_T193 52
Cover_T194 -38
Cover_T195 54
Cover_T196 -46
Cover_T197 62
Cover_T198 -42
Cover_T199 52
Cover_T200 -52
Cover_T201 54
Cover_T202 -50
Cover_T203 52
Cover_T204 -50
Cover_T205 58
Cover_T206 -50
Cover_T207 52
Cover_T208 -46
Cover_T209 54
Cover_T210 -46
Cover_T211 56
Cover_T212 -48
Cover_T213 50
Cover_T214 -46
Cover_T215 54
Cover_T216 -38
Cover_T217 54
Cover_T218 -40
Cover_T219 66
Cover_T220 -30
Cover_T221 54
Cover_T222 -42
Cover_T223 1034
Cover_T224 0
Cover_T225 1040
Cover_T226 980
Cover_T227 1028
Cover_T228 970
Cover_T229 1034
Cover_T230 984
Cover_T231 1034
Cover_T232 5.89435e-11
Cover_T233 1002
Cover_T234 -8
Cover_T235 10
Cover_T236 4
Cover_T237 10
Cover_T238 2.27067e-09
Cover_T239 18
Cover_T240 2
Cover_T241 -6
Cover_T242 2
Cover_T243 14
Cover_T244 -6
Cover_T245 16
Cover_T246 18
Cover_T247 16
Cover_T248 4
Cover_T249 4
Cover_T250 4
Cover_T251 2
Cover_T252 4
Cover_T253 2
Cover_T254 -6
Cover_T255 10
Cover_T256 18
Cover_T257 10
Cover_T258 10
Cover_T259 4
Cover_T260 1.57183e-09
Cover_T261 2
Cover_T262 0
Cover_T263 -22
Cover_T264 10
Cover_T265 16
Cover_T266 20
Cover_T267 -16
Cover_T268 52
Cover_T269 16
Cover_T270 14
Cover_T271 0
Cover_T272 46
Cover_T273 8
Cover_T274 12
Cover_T275 -24
Cover_T276 -2.92744e-11
Cover_T277 14
Cover_T278 22
Cover_T279 2
Cover_T280 46
Cover_T281 10
Cover_T282 0
Cover_T283 -4.82956e-11
Cover_T284 8
Cover_T285 -4.77716e-11
Cover_T286 -3.00648e-11
Cover_T287 2
Cover_T288 10
Cover_T289 4
Cover_T290 10
Cover_T291 -2.22826e-11
Cover_T292 8
Cover_T293 -10
Cover_T294 6
Cover_T295 -34
Cover_T296 0
Cover_T297 2
Cover_T298 20
Cover_T299 -26
Cover_T300 52
Cover_T301 12
Cover_T302 26
Cover_T303 -20
Cover_T304 -12
Cover_T305 -28
Cover_T306 24
Cover_T307 16
Cover_T308 26
Cover_T309 6
Cover_T310 50
Cover_T311 14
Cover_T312 2
Cover_T313 -10
Cover_T314 14
Cover_T315 -38
Cover_T316 10
Cover_T317 2
Cover_T318 28
Cover_T319 -2
Cover_T320 62
Cover_T321 5.30189e-11
Cover_T322 18
Cover_T323 4.05986e-12
Cover_T324 32
Cover_T325 -18
Cover_T326 16
Cover_T327 -12
Cover_T328 26
Cover_T329 -22
Cover_T330 36
Cover_T331 -16
Cover_T332 28
Cover_T333 -28
Cover_T334 24
Cover_T335 -30
Cover_T336 30
Cover_T337 -28
Cover_T338 34
Cover_T339 -24
Cover_T340 30
Cover_T341 -30
Cover_T342 30
Cover_T343 -30
Cover_T344 30
Cover_T345 -30
Cover_T346 30
Cover_T347 -40
Cover_T348 30
Cover_T349 -48
Cover_T350 30
Cover_T351 -40
Cover_T352 40
Cover_T353 -30
Cover_T354 52
Cover_T355 -30
Cover_T356 52
Cover_T357 -30
Cover_T358 44
Cover_T359 -30
Cover_T360 44
Cover_T361 -30
Cover_T362 48
Cover_T363 -40
Cover_T364 38
Cover_T365 -30
Cover_T366 48
Cover_T367 -32
Cover_T368 58
Cover_T369 -48
Cover_T370 42
Cover_T371 -34
Cover_T372 52
Cover_T373 -40
Cover_T374 42
Cover_T375 -34
Cover_T376 44
Cover_T377 -34
Cover_T378 60
Cover_T379 -38
Cover_T380 46
Cover_T381 -38
Cover_T382 52
Cover_T383 -38
Cover_T384 52
Cover_T385 -42
Cover_T386 52
Cover_T387 -42
Cover_T388 54
Cover_T389 -42
Cover_T390 58
Cover_T391 -50
Cover_T392 56
Cover_T393 -50
Cover_T394 56
Cover_T395 -50
Cover_T396 58
Cover_T397 -48
Cover_T398 64
Cover_T399 -36
Cover_T400 1042
Cover_T401 4
Cover_T402 1050
Cover_T403 982
Cover_T404 1038
Cover_T405 982
Cover_T406 1046
Cover_T407 984
Cover_T408 1036
Cover_T409 984
Cover_T410 1044
Cover_T411 972
Cover_T412 1024
Cover_T413 984
Cover_T414 1046
Cover_T415 -3.47882e-11
Cover_T416 994
Cover_T417 -8
Cover_T418 2
Cover_T419 4
Cover_T420 16
Cover_T421 -8
Cover_T422 -2
Cover_T423 -14
Cover_T424 18
Cover_T425 2
Cover_T426 12
Cover_T427 -6
Cover_T428 16
Cover_T429 10
Cover_T430 4
Cover_T431 -6
Cover_T432 16
Cover_T433 10
Cover_T434 -1.84287e-09
Cover_T435 -8
Cover_T436 0
Cover_T437 2
Cover_T438 10
Cover_T439 -4
Cover_T440 -10
Cover_T441 -12
Cover_T442 2
Cover_T443 8
Cover_T444 16
Cover_T445 8
Cover_T446 -4
Cover_T447 1.67773e-09
Cover_T448 14
Cover_T449 24
Cover_T450 -10
Cover_T451 16
Cover_T452 -12
Cover_T453 6
Cover_T454 -36
Cover_T455 -12
Cover_T456 10
Cover_T457 10
Cover_T458 -10
Cover_T459 8
Cover_T460 -30
Cover_T461 28
Cover_T462 16
Cover_T463 48
Cover_T464 -4
Cover_T465 -2
Cover_T466 16
Cover_T467 18
Cover_T468 0
Cover_T469 44
Cover_T470 -22
Cover_T471 10
Cover_T472 16
Cover_T473 9.6243e-12
Cover_T474 0
Cover_T475 20
Cover_T476 0
Cover_T477 52
Cover_T478 6
Cover_T479 -2
Cover_T480 0
Cover_T481 -2
Cover_T482 -6
Cover_T483 16
Cover_T484 0
Cover_T485 12
Cover_T486 -18
Cover_T487 6
Cover_T488 -38
Cover_T489 0
Cover_T490 2
Cover_T491 0
Cover_T492 -18
Cover_T493 8
Cover_T494 -38
Cover_T495 26
Cover_T496 14
Cover_T497 42
Cover_T498 -2
Cover_T499 2.15437e-11
Cover_T500 -18
Cover_T501 16
Cover_T502 -10
Cover_T503 32
Cover_T504 -26
Cover_T505 52
Cover_T506 -42
Cover_T507 -2
Cover_T508 14
Cover_T509 16
Cover_T510 14
Cover_T511 36
Cover_T512 -10
Cover_T513 36
Cover_T514 -4
Cover_T515 64
Cover_T516 -28
Cover_T517 8
Cover_T518 8
Cover_T519 28
Cover_T520 1.13437e-09
Cover_T521 30
Cover_T522 8
Cover_T523 50
Cover_T524 6
Cover_T525 80
Cover_T526 2
Cover_T527 30
Cover_T528 4
Cover_T529 42
Cover_T530 -8
Cover_T531 38
Cover_T532 -4
Cover_T533 38
Cover_T534 -18
Cover_T535 38
Cover_T536 -16
Cover_T537 48
Cover_T538 -12
Cover_T539 38
Cover_T540 -12
Cover_T541 40
Cover_T542 -24
Cover_T543 36
Cover_T544 -24
Cover_T545 36
Cover_T546 -34
Cover_T547 36
Cover_T548 -30
Cover_T549 40
Cover_T550 -30
Cover_T551 44
Cover_T552 -38
Cover_T553 32
Cover_T554 -30
Cover_T555 46
Cover_T556 -30
Cover_T557 38
Cover_T558 -38
Cover_T559 38
Cover_T560 -36
Cover_T561 52
Cover_T562 -36
Cover_T563 50
Cover_T564 -36
Cover_T565 42
Cover_T566 -30
Cover_T567 46
Cover_T568 -30
Cover_T569 42
Cover_T570 -48
Cover_T571 54
Cover_T572 -34
Cover_T573 54
Cover_T574 -34
Cover_T575 54
Cover_T576 -40
Cover_T577 62
Cover_T578 -40
Cover_T579 50
Cover_T580 -38
Cover_T581 52
Cover_T582 -38
Cover_T583 62
Cover_T584 -42
Cover_T585 66
Cover_T586 -42
Cover_T587 62
Cover_T588 -42
Cover_T589 18
Cover_T590 -2
Cover_T591 14
Cover_T592 -2
Cover_T593 18
Cover_T594 0
Cover_T595 20
Cover_T596 20
Cover_T597 32
Cover_T598 8
Cover_T599 20
Cover_T600 38
Cover_T601 8
Cover_T602 1030
Cover_T603 988
Cover_T604 1030
Cover_T605 1074
Cover_T606 1018
Cover_T607 1080
Cover_T608 1030
Cover_T609 1058
Cover_T610 1006
Cover_T611 1082
Cover_T612 1018
Cover_T613 1028
Cover_T614 1030
Cover_T615 60
Cover_T616 48
Cover_T617 32
Cover_T618 -38
Cover_T619 54
Cover_T620 -30
Cover_T621 52
Cover_T622 -22
Cover_T623 42
Cover_T624 52
Cover_T625 -16
Cover_T626 54
Cover_T627 -14
Cover_T628 20
Cover_T629 0
Cover_T630 60
Cover_T631 32
Cover_T632 32
Cover_T633 22
Cover_T634 60
Cover_T635 58
Cover_T636 18
Cover_T637 38
Cover_T638 0
Cover_T639 8
Cover_T640 20
Cover_T641 0
Cover_T642 0
Cover_T643 50
Cover_T644 26
Cover_T645 14
Cover_T646 46
Cover_T647 36
Cover_T648 52
Count_D0 -984
Count_D1 -1000
Max_H0_P0 0
Max_H0_P1 0
Max_H0_P2 0
Max_H0_P3 0
Max_H0_P4 0
Max_H0_P5 0
Max_H0_P6 0
Max_H0_P7 0
Max_H0_P8 0
Max_H0_P9 0
Max_H0_P10 0
Max_H0_P11 0
Max_H0_P12 0
Max_H0_P13 0
Max_H0_P14 0
Max_H0_P15 0
Max_H0_P16 5.44101e-11
Max_H0_P17 1.55396e-11
Max_H0_P18 -3.61951e-11
Max_H0_P19 7.02993e-12
Max_H0_P20 1.82493e-11
Max_H0_P21 -3.03494e-11
Max_H0_P22 4.71125e-11
Max_H0_P23 1.16596e-11
Max_H0_P24 -4.23365e-13
Max_H0_P25 -4.98436e-12
Max_H0_P26 3.01571e-11
Max_H0_P27 -1.22995e-11
Max_H0_P28 1.30008e-11
Max_H0_P29 2.94716e-11
Max_H0_P30 0
Max_H0_P31 4.37026e-11
Max_H0_P32 -3.25439e-11
Max_H0_P33 5.96176e-11
Max_H0_P34 5.50315e-12
Max_H0_P35 1.33014e-11
Max_H0_P36 1.89226e-12
Max_H0_P37 -1.55165e-12
Max_H0_P38 2.49116e-11
Max_H0_P39 2.74092e-12
Max_H0_P40 3.97973e-12
Max_H0_P41 -1.48788e-11
Max_H0_P42 1.19268e-11
Max_H0_P43 -1.64238e-11
Max_H0_P44 0
Max_H0_P45 0
Max_H0_P46 0
Max_H0_P47 0
Max_H0_P48 0
Max_H0_P49 0
Max_H0_P50 0
Max_H0_P51 0
Max_H0_P52 0
Max_H0_P53 0
Max_H0_P54 0
Max_H0_P55 0
Max_H0_P56 0
Max_H0_P57 0
Max_H0_P58 0
Max_H0_P59 0
Max_H0_P60 0
Max_H0_P61 0
Max_H0_P62 -8.5137e-12
Max_H0_P63 0
Max_H0_P64 0
Max_H0_P65 0
Max_H0_P66 0
Max_H0_P67 0
Max_H0_P68 0
Max_H0_P69 0
Max_H0_P70 0
Max_H0_P71 0
Max_H0_P72 0
Max_H0_P73 0
Max_H0_P74 0
Max_H0_P75 0
Max_H0_P76 0
Max_H0_P77 0
Max_H0_P78 0
Max_H0_P79 0
Max_H0_P80 1.64979e-13
Max_H0_P81 0
Max_H1_P0 0
Max_H1_P1 0
Max_H1_P2 0
Max_H1_P3 0
Max_H1_P4 0
Max_H1_P5 5.08706e-11
Max_H1_P6 0
Max_H1_P7 0
Max_H1_P8 0
Max_H1_P9 7.44649e-12
Max_H1_P10 0
Max_H1_P11 0
Max_H1_P12 0
Max_H1_P13 0
Max_H1_P14 0
Max_H1_P15 -1.14804e-11
Max_H1_P16 2.88995e-11
Max_H1_P17 2.40411e-11
Max_H1_P18 -4.17941e-11
Max_H1_P19 4.8046e-11
Max_H1_P20 -1.91847e-13
Max_H1_P21 -2.05177e-11
Max_H1_P22 3.80851e-11
Max_H1_P23 0
Max_H1_P24 1.06368e-11
Max_H1_P25 -3.58824e-12
Max_H1_P26 7.52079e-12
Max_H1_P27 -4.48086e-12
Max_H1_P28 2.47482e-11
Max_H1_P29 -1.74483e-11
Max_H1_P30 -1.4289e-11
Max_H1_P31 3.77831e-11
Max_H1_P32 -3.77831e-11
Max_H1_P33 2.02853e-11
Max_H1_P34 2.21871e-11
Max_H1_P35 -1.98952e-13
Max_H1_P36 2.84456e-11
Max_H1_P37 1.51936e-11
Max_H1_P38 -1.82493e-11
Max_H1_P39 4.02842e-11
Max_H1_P40 -1.04379e-11
Max_H1_P41 2.36042e-11
Max_H1_P42 -3.21236e-11
Max_H1_P43 -1.72236e-11
Max_H1_P44 -7.95808e-12
Max_H1_P45 0
Max_H1_P46 1.0844e-11
Max_H1_P47 0
Max_H1_P48 0
Max_H1_P49 0
Max_H1_P50 0
Max_H1_P51 0
Max_H1_P52 0
Max_H1_P53 0
Max_H1_P54 0
Max_H1_P55 0
Max_H1_P56 0
Max_H1_P57 -2.15208e-11
Max_H1_P58 0
Max_H1_P59 0
Max_H1_P60 0
Max_H1_P61 2.17977e-11
Max_H1_P62 -2.27725e-11
Max_H1_P63 0
Max_H1_P64 -1.58789e-11
Max_H1_P65 6.21725e-15
Max_H1_P66 -1.5664e-11
Max_H1_P67 0
Max_H1_P68 0
Max_H1_P69 0
Max_H1_P70 5.57347e-11
Max_H1_P71 0
Max_H1_P72 0
Max_H1_P73 0
Max_H1_P74 0
Max_H1_P75 0
Max_H1_P76 0
Max_H1_P77 -9.43245e-12
Max_H1_P78 5.96678e-12
Max_H1_P79 0
Max_H1_P80 0
Max_H1_P81 0
