
Branch and bound

  Entire solving process        :                           (Time    180.8)
  No feasible solution was found
  Best relaxation cost          :     43955.35 (Node     0) (Time    180.8)
  Lower bound after cuts        :     43955.35
  End lower bound               :     43955.35
  Deepest level reached         : 0
  Deepest real level reached    : 0
  Number of real nodes solved   : 1
  Stopping condition            : enough nodes explored

Problem identification

  Problem                       : <null>
  Machine                       : oslo1.gerad.lan

Solving process summary

  Linear relaxations            :        1
  Column generation iterations  :      148
  Shortest paths solved         :     3518
  Columns generated             :    39204

Instance characteristics

  Resources                     : 3
  Node types                    : no
  Arc types                     : no
  Strong resource windows       : no
  Weak resource windows         : no
  Resource windows (nodes)      : 3
  Resource values (arcs)        : 3
  Values on nodes               : no

  Rows                          : 908
  Initial columns               : 2
  Tasks                         : 746
  Strong tasks                  : 742
  Weak tasks                    : 4
  Initial task constraints      : no
  Nodes                         : 1074
  Arc sets                      : 1
  Arcs                          : 26102
  Networks                      : 2
  Models                        : 1

Memory used per module (Megs)

  Parser (reused)               :      5.578
  Networks                      :     27.002
  Column generator              :     10.292
  Master problem                :      9.118
  -----------------
  Total                         :     46.413

Cpu time per module (seconds)

  Parser                        :        0.0
  Preprocessor                  :        0.0
  Lr solver manager             :        0.1
  Column generator              :       32.3
    (Shortest path)             :       28.1
  Master problem                :      148.4
  -------------------
  Total (without b&b)           :      180.7

Real elapsed time (seconds)

  Parser                        :        0.0
  Preprocessor                  :        0.0
  Lr solver manager             :        0.1
  Column generator              :       32.3
    (Shortest path)             :       28.6
  Master problem                :      148.3
  -------------------
  Total (without b&b)           :      180.7
