
Branch and bound

  Entire solving process        :                           (Time    110.1)
  No feasible solution was found
  Best relaxation cost          :     57013.06 (Node     0) (Time    110.1)
  Lower bound after cuts        :     57013.06
  End lower bound               :     57013.06
  Deepest level reached         : 0
  Deepest real level reached    : 0
  Number of real nodes solved   : 1
  Stopping condition            : enough nodes explored

Problem identification

  Problem                       : <null>
  Machine                       : oslo4.gerad.lan

Solving process summary

  Linear relaxations            :        1
  Column generation iterations  :      112
  Shortest paths solved         :     6873
  Columns generated             :    50133

Instance characteristics

  Resources                     : 3
  Node types                    : no
  Arc types                     : no
  Strong resource windows       : no
  Weak resource windows         : no
  Resource windows (nodes)      : 3
  Resource values (arcs)        : 3
  Values on nodes               : no

  Rows                          : 927
  Initial columns               : 408
  Tasks                         : 765
  Strong tasks                  : 520
  Weak tasks                    : 4
  Initial task constraints      : no
  Nodes                         : 1093
  Arc sets                      : 1
  Arcs                          : 27815
  Networks                      : 2
  Models                        : 1

Memory used per module (Megs)

  Parser (reused)               :      5.941
  Networks                      :     29.787
  Column generator              :      6.296
  Master problem                :      8.952
  -----------------
  Total                         :     45.036

Cpu time per module (seconds)

  Parser                        :        0.0
  Preprocessor                  :        0.0
  Lr solver manager             :        0.1
  Column generator              :       44.6
    (Shortest path)             :       37.9
  Master problem                :       65.3
  -------------------
  Total (without b&b)           :      110.1

Real elapsed time (seconds)

  Parser                        :        0.0
  Preprocessor                  :        0.0
  Lr solver manager             :        0.1
  Column generator              :       44.7
    (Shortest path)             :       37.9
  Master problem                :       65.3
  -------------------
  Total (without b&b)           :      110.1
