
Branch and bound

  Entire solving process        :                           (Time    519.5)
  No feasible solution was found
  Best relaxation cost          :     45265.04 (Node     0) (Time    519.5)
  Lower bound after cuts        :     45265.04
  End lower bound               :     45265.04
  Deepest level reached         : 0
  Deepest real level reached    : 0
  Number of real nodes solved   : 1
  Stopping condition            : enough nodes explored

Problem identification

  Problem                       : <null>
  Machine                       : oslo1.gerad.lan

Solving process summary

  Linear relaxations            :        1
  Column generation iterations  :      347
  Shortest paths solved         :     5927
  Columns generated             :    58364

Instance characteristics

  Resources                     : 3
  Node types                    : no
  Arc types                     : no
  Strong resource windows       : no
  Weak resource windows         : no
  Resource windows (nodes)      : 3
  Resource values (arcs)        : 3
  Values on nodes               : no

  Rows                          : 846
  Initial columns               : 2
  Tasks                         : 684
  Strong tasks                  : 680
  Weak tasks                    : 4
  Initial task constraints      : no
  Nodes                         : 1012
  Arc sets                      : 1
  Arcs                          : 22945
  Networks                      : 2
  Models                        : 1

Memory used per module (Megs)

  Parser (reused)               :      4.972
  Networks                      :     24.580
  Column generator              :     11.261
  Master problem                :      8.476
  -----------------
  Total                         :     44.317

Cpu time per module (seconds)

  Parser                        :        0.0
  Preprocessor                  :        0.0
  Lr solver manager             :        0.2
  Column generator              :       59.3
    (Shortest path)             :       54.0
  Master problem                :      460.0
  -------------------
  Total (without b&b)           :      519.5

Real elapsed time (seconds)

  Parser                        :        0.0
  Preprocessor                  :        0.0
  Lr solver manager             :        0.2
  Column generator              :       59.2
    (Shortest path)             :       53.7
  Master problem                :      460.1
  -------------------
  Total (without b&b)           :      519.5
