
Branch and bound

  Entire solving process        :                           (Time    184.5)
  No feasible solution was found
  Best relaxation cost          :     42498.41 (Node     0) (Time    184.5)
  Lower bound after cuts        :     42498.41
  End lower bound               :     42498.41
  Deepest level reached         : 0
  Deepest real level reached    : 0
  Number of real nodes solved   : 1
  Stopping condition            : enough nodes explored

Problem identification

  Problem                       : <null>
  Machine                       : oslo3.gerad.lan

Solving process summary

  Linear relaxations            :        1
  Column generation iterations  :      159
  Shortest paths solved         :     7755
  Columns generated             :    47740

Instance characteristics

  Resources                     : 3
  Node types                    : no
  Arc types                     : no
  Strong resource windows       : no
  Weak resource windows         : no
  Resource windows (nodes)      : 3
  Resource values (arcs)        : 3
  Values on nodes               : no

  Rows                          : 844
  Initial columns               : 326
  Tasks                         : 682
  Strong tasks                  : 499
  Weak tasks                    : 4
  Initial task constraints      : no
  Nodes                         : 1010
  Arc sets                      : 1
  Arcs                          : 22444
  Networks                      : 2
  Models                        : 1

Memory used per module (Megs)

  Parser (reused)               :      4.851
  Networks                      :     27.002
  Column generator              :      7.992
  Master problem                :      8.536
  -----------------
  Total                         :     43.530

Cpu time per module (seconds)

  Parser                        :        0.0
  Preprocessor                  :        0.0
  Lr solver manager             :        0.1
  Column generator              :       40.2
    (Shortest path)             :       35.7
  Master problem                :      144.2
  -------------------
  Total (without b&b)           :      184.4

Real elapsed time (seconds)

  Parser                        :        0.0
  Preprocessor                  :        0.0
  Lr solver manager             :        0.1
  Column generator              :       40.1
    (Shortest path)             :       35.5
  Master problem                :      144.2
  -------------------
  Total (without b&b)           :      184.4
