
Branch and bound

  Entire solving process        :                           (Time   2115.4)
  No feasible solution was found
  Best relaxation cost          :     77319.13 (Node     0) (Time   2115.4)
  Lower bound after cuts        :     77319.13
  End lower bound               :     77319.13
  Deepest level reached         : 0
  Deepest real level reached    : 0
  Number of real nodes solved   : 1
  Stopping condition            : enough nodes explored

Problem identification

  Problem                       : <null>
  Machine                       : oslo5.gerad.lan

Solving process summary

  Linear relaxations            :        1
  Column generation iterations  :      238
  Shortest paths solved         :     5705
  Columns generated             :    64180

Instance characteristics

  Resources                     : 3
  Node types                    : no
  Arc types                     : no
  Strong resource windows       : no
  Weak resource windows         : no
  Resource windows (nodes)      : 3
  Resource values (arcs)        : 3
  Values on nodes               : no

  Rows                          : 1227
  Initial columns               : 2
  Tasks                         : 1065
  Strong tasks                  : 1061
  Weak tasks                    : 4
  Initial task constraints      : no
  Nodes                         : 1393
  Arc sets                      : 1
  Arcs                          : 49731
  Networks                      : 2
  Models                        : 1

Memory used per module (Megs)

  Parser (reused)               :     10.179
  Networks                      :     39.111
  Column generator              :     12.593
  Master problem                :     11.712
  -----------------
  Total                         :     63.415

Cpu time per module (seconds)

  Parser                        :        0.0
  Preprocessor                  :        0.0
  Lr solver manager             :        0.2
  Column generator              :      174.9
    (Shortest path)             :      155.8
  Master problem                :     1940.2
  -------------------
  Total (without b&b)           :     2115.4

Real elapsed time (seconds)

  Parser                        :        0.0
  Preprocessor                  :        0.0
  Lr solver manager             :        0.2
  Column generator              :      174.9
    (Shortest path)             :      155.7
  Master problem                :     1940.2
  -------------------
  Total (without b&b)           :     2115.4
