Cover_T0 52
Cover_T1 -52
Cover_T2 52
Cover_T3 -52
Cover_T4 52
Cover_T5 -52
Cover_T6 52
Cover_T7 -52
Cover_T8 52
Cover_T9 -52
Cover_T10 54
Cover_T11 -52
Cover_T12 54
Cover_T13 -50
Cover_T14 52
Cover_T15 -44
Cover_T16 54
Cover_T17 -42
Cover_T18 62
Cover_T19 -42
Cover_T20 64
Cover_T21 -38
Cover_T22 60
Cover_T23 -30
Cover_T24 60
Cover_T25 -32
Cover_T26 52
Cover_T27 -32
Cover_T28 48
Cover_T29 -28
Cover_T30 70
Cover_T31 6
Cover_T32 48
Cover_T33 -10
Cover_T34 984
Cover_T35 954
Cover_T36 1030
Cover_T37 930
Cover_T38 980
Cover_T39 952
Cover_T40 1006
Cover_T41 6
Cover_T42 8
Cover_T43 -24
Cover_T44 0
Cover_T45 -24
Cover_T46 28
Cover_T47 4
Cover_T48 0
Cover_T49 12
Cover_T50 0
Cover_T51 -10
Cover_T52 10
Cover_T53 0
Cover_T54 34
Cover_T55 18
Cover_T56 8
Cover_T57 12
Cover_T58 10
Cover_T59 -20
Cover_T60 4
Cover_T61 0
Cover_T62 2
Cover_T63 -2
Cover_T64 0
Cover_T65 8
Cover_T66 -24
Cover_T67 18
Cover_T68 38
Cover_T69 16
Cover_T70 2
Cover_T71 52
Cover_T72 0
Cover_T73 -18
Cover_T74 -2
Cover_T75 10
Cover_T76 2
Cover_T77 8
Cover_T78 0
Cover_T79 10
Cover_T80 0
Cover_T81 2
Cover_T82 8
Cover_T83 1.29594e-11
Cover_T84 -12
Cover_T85 4
Cover_T86 -36
Cover_T87 0
Cover_T88 2
Cover_T89 10
Cover_T90 14
Cover_T91 34
Cover_T92 4
Cover_T93 52
Cover_T94 0
Cover_T95 20
Cover_T96 -16
Cover_T97 8
Cover_T98 -40
Cover_T99 20
Cover_T100 -2
Cover_T101 22
Cover_T102 0
Cover_T103 50
Cover_T104 20
Cover_T105 24
Cover_T106 16
Cover_T107 20
Cover_T108 -14
Cover_T109 10
Cover_T110 20
Cover_T111 16
Cover_T112 -12
Cover_T113 54
Cover_T114 20
Cover_T115 44
Cover_T116 26
Cover_T117 70
Cover_T118 12
Cover_T119 58
Cover_T120 -2
Cover_T121 32
Cover_T122 -6
Cover_T123 30
Cover_T124 -12
Cover_T125 28
Cover_T126 -34
Cover_T127 34
Cover_T128 -28
Cover_T129 32
Cover_T130 -32
Cover_T131 40
Cover_T132 -36
Cover_T133 42
Cover_T134 -20
Cover_T135 46
Cover_T136 -24
Cover_T137 48
Cover_T138 -24
Cover_T139 32
Cover_T140 -24
Cover_T141 32
Cover_T142 -24
Cover_T143 24
Cover_T144 -28
Cover_T145 24
Cover_T146 -32
Cover_T147 24
Cover_T148 -24
Cover_T149 24
Cover_T150 -24
Cover_T151 40
Cover_T152 -32
Cover_T153 32
Cover_T154 -24
Cover_T155 36
Cover_T156 -24
Cover_T157 44
Cover_T158 -36
Cover_T159 44
Cover_T160 -44
Cover_T161 32
Cover_T162 -24
Cover_T163 64
Cover_T164 -28
Cover_T165 68
Cover_T166 52
Cover_T167 -52
Cover_T168 52
Cover_T169 -50
Cover_T170 52
Cover_T171 -44
Cover_T172 62
Cover_T173 -42
Cover_T174 60
Cover_T175 -38
Cover_T176 50
Cover_T177 -40
Cover_T178 44
Cover_T179 -22
Cover_T180 52
Cover_T181 -22
Cover_T182 82
Cover_T183 10
Cover_T184 60
Cover_T185 0
Cover_T186 40
Cover_T187 -18
Cover_T188 990
Cover_T189 918
Cover_T190 996
Cover_T191 936
Cover_T192 992
Cover_T193 954
Cover_T194 1018
Cover_T195 0
Cover_T196 34
Cover_T197 -30
Cover_T198 18
Cover_T199 -30
Cover_T200 46
Cover_T201 -2
Cover_T202 16
Cover_T203 6
Cover_T204 14
Cover_T205 -24
Cover_T206 4
Cover_T207 2
Cover_T208 12
Cover_T209 0
Cover_T210 44
Cover_T211 16
Cover_T212 16
Cover_T213 12
Cover_T214 4
Cover_T215 -12
Cover_T216 4
Cover_T217 0
Cover_T218 -6
Cover_T219 -2
Cover_T220 2
Cover_T221 0
Cover_T222 -26
Cover_T223 2
Cover_T224 44
Cover_T225 18
Cover_T226 16
Cover_T227 46
Cover_T228 4
Cover_T229 -16
Cover_T230 4
Cover_T231 0
Cover_T232 9.77707e-12
Cover_T233 0
Cover_T234 10
Cover_T235 0
Cover_T236 10
Cover_T237 2
Cover_T238 -4
Cover_T239 4
Cover_T240 -32
Cover_T241 0
Cover_T242 2
Cover_T243 22
Cover_T244 14
Cover_T245 46
Cover_T246 4
Cover_T247 8
Cover_T248 2.5377e-11
Cover_T249 -4
Cover_T250 -16
Cover_T251 6
Cover_T252 -40
Cover_T253 12
Cover_T254 0
Cover_T255 26
Cover_T256 6
Cover_T257 60
Cover_T258 30
Cover_T259 16
Cover_T260 4
Cover_T261 22
Cover_T262 4
Cover_T263 0
Cover_T264 32
Cover_T265 8
Cover_T266 6
Cover_T267 58
Cover_T268 0
Cover_T269 32
Cover_T270 18
Cover_T271 58
Cover_T272 0
Cover_T273 22
Cover_T274 -16
Cover_T275 36
Cover_T276 -14
Cover_T277 38
Cover_T278 -26
Cover_T279 24
Cover_T280 -26
Cover_T281 44
Cover_T282 -26
Cover_T283 42
Cover_T284 -20
Cover_T285 42
Cover_T286 -24
Cover_T287 40
Cover_T288 -32
Cover_T289 24
Cover_T290 -24
Cover_T291 24
Cover_T292 -32
Cover_T293 52
Cover_T294 -24
Cover_T295 38
Cover_T296 -24
Cover_T297 52
Cover_T298 -24
Cover_T299 26
Cover_T300 -24
Cover_T301 24
Cover_T302 -40
Cover_T303 28
Cover_T304 -32
Cover_T305 32
Cover_T306 -28
Cover_T307 52
Cover_T308 -28
Cover_T309 36
Cover_T310 -24
Cover_T311 28
Cover_T312 -32
Cover_T313 32
Cover_T314 -24
Cover_T315 28
Cover_T316 -28
Cover_T317 40
Cover_T318 -28
Cover_T319 52
Cover_T320 -24
Cover_T321 76
Cover_T322 -28
Cover_T323 76
Cover_T324 -28
Cover_T325 72
Cover_T326 52
Cover_T327 -38
Cover_T328 60
Cover_T329 -30
Cover_T330 60
Cover_T331 -32
Cover_T332 52
Cover_T333 -22
Cover_T334 82
Cover_T335 0
Cover_T336 64
Cover_T337 2.54872e-11
Cover_T338 48
Cover_T339 -14
Cover_T340 998
Cover_T341 954
Cover_T342 1034
Cover_T343 948
Cover_T344 1016
Cover_T345 924
Cover_T346 996
Cover_T347 938
Cover_T348 986
Cover_T349 956
Cover_T350 986
Cover_T351 6
Cover_T352 8
Cover_T353 -28
Cover_T354 44
Cover_T355 -32
Cover_T356 18
Cover_T357 -8
Cover_T358 0
Cover_T359 -4
Cover_T360 1.8623e-11
Cover_T361 -38
Cover_T362 -12
Cover_T363 -14
Cover_T364 0
Cover_T365 4
Cover_T366 36
Cover_T367 -4.68159e-12
Cover_T368 12
Cover_T369 14
Cover_T370 2
Cover_T371 2
Cover_T372 2
Cover_T373 -34
Cover_T374 0
Cover_T375 -10
Cover_T376 2
Cover_T377 0
Cover_T378 4
Cover_T379 0
Cover_T380 -8
Cover_T381 4
Cover_T382 -36
Cover_T383 6
Cover_T384 34
Cover_T385 8
Cover_T386 6
Cover_T387 24
Cover_T388 8
Cover_T389 52
Cover_T390 6
Cover_T391 -18
Cover_T392 10
Cover_T393 10
Cover_T394 8
Cover_T395 8
Cover_T396 0
Cover_T397 10
Cover_T398 6
Cover_T399 14
Cover_T400 -26
Cover_T401 4
Cover_T402 0
Cover_T403 2
Cover_T404 0
Cover_T405 28
Cover_T406 -10
Cover_T407 52
Cover_T408 -6
Cover_T409 14
Cover_T410 -30
Cover_T411 4
Cover_T412 10
Cover_T413 16
Cover_T414 0
Cover_T415 14
Cover_T416 8.30447e-14
Cover_T417 30
Cover_T418 32
Cover_T419 46
Cover_T420 16
Cover_T421 68
Cover_T422 24
Cover_T423 22
Cover_T424 8
Cover_T425 16
Cover_T426 -10
Cover_T427 38
Cover_T428 38
Cover_T429 0
Cover_T430 20
Cover_T431 20
Cover_T432 -6.31672e-11
Cover_T433 34
Cover_T434 6
Cover_T435 66
Cover_T436 16
Cover_T437 26
Cover_T438 26
Cover_T439 46
Cover_T440 10
Cover_T441 62
Cover_T442 10
Cover_T443 60
Cover_T444 -2
Cover_T445 36
Cover_T446 -2
Cover_T447 36
Cover_T448 -12
Cover_T449 26
Cover_T450 -18
Cover_T451 28
Cover_T452 -18
Cover_T453 32
Cover_T454 -20
Cover_T455 34
Cover_T456 -20
Cover_T457 38
Cover_T458 -36
Cover_T459 40
Cover_T460 -24
Cover_T461 34
Cover_T462 -30
Cover_T463 32
Cover_T464 -24
Cover_T465 40
Cover_T466 -24
Cover_T467 26
Cover_T468 -24
Cover_T469 32
Cover_T470 -24
Cover_T471 26
Cover_T472 -36
Cover_T473 26
Cover_T474 -36
Cover_T475 32
Cover_T476 -24
Cover_T477 44
Cover_T478 -24
Cover_T479 48
Cover_T480 -32
Cover_T481 32
Cover_T482 -24
Cover_T483 48
Cover_T484 -24
Cover_T485 60
Cover_T486 -24
Cover_T487 72
Cover_T488 -28
Cover_T489 72
Cover_T490 -28
Cover_T491 68
Cover_T492 56
Cover_T493 6
Cover_T494 0
Cover_T495 10
Cover_T496 18
Cover_T497 18
Cover_T498 22
Cover_T499 0
Cover_T500 14
Cover_T501 80
Cover_T502 36
Cover_T503 44
Cover_T504 1034
Cover_T505 980
Cover_T506 1000
Cover_T507 1002
Cover_T508 1000
Cover_T509 1004
Cover_T510 1012
Cover_T511 980
Cover_T512 1010
Cover_T513 -4
Cover_T514 54
Cover_T515 -20
Cover_T516 52
Cover_T517 56
Cover_T518 18
Cover_T519 70
Cover_T520 -14
Cover_T521 24
Cover_T522 0
Cover_T523 50
Cover_T524 0
Cover_T525 62
Cover_T526 82
Cover_T527 98
Cover_T528 64
Cover_T529 66
Cover_T530 64
Cover_T531 56
Cover_T532 26
Cover_T533 0
Cover_T534 24
Cover_T535 0
Cover_T536 0
Cover_T537 0
Cover_T538 28
Cover_T539 18
Count_D0 -984
Count_D1 -1000
Max_H0_P0 0
Max_H0_P1 0
Max_H0_P2 0
Max_H0_P3 0
Max_H0_P4 0
Max_H0_P5 0
Max_H0_P6 0
Max_H0_P7 0
Max_H0_P8 0
Max_H0_P9 0
Max_H0_P10 0
Max_H0_P11 0
Max_H0_P12 0
Max_H0_P13 0
Max_H0_P14 0
Max_H0_P15 0
Max_H0_P16 0
Max_H0_P17 0
Max_H0_P18 0
Max_H0_P19 5.17986e-12
Max_H0_P20 1.05402e-11
Max_H0_P21 -6.63652e-12
Max_H0_P22 1.25527e-12
Max_H0_P23 -3.41061e-13
Max_H0_P24 0
Max_H0_P25 0
Max_H0_P26 -2.75335e-12
Max_H0_P27 0
Max_H0_P28 3.2585e-14
Max_H0_P29 0
Max_H0_P30 -3.72857e-12
Max_H0_P31 0
Max_H0_P32 0
Max_H0_P33 0
Max_H0_P34 0
Max_H0_P35 0
Max_H0_P36 -5.30835e-12
Max_H0_P37 4.84834e-12
Max_H0_P38 0
Max_H0_P39 -2.70794e-12
Max_H0_P40 0
Max_H0_P41 0
Max_H0_P42 0
Max_H0_P43 0
Max_H0_P44 0
Max_H0_P45 0
Max_H0_P46 0
Max_H0_P47 0
Max_H0_P48 0
Max_H0_P49 0
Max_H0_P50 0
Max_H0_P51 0
Max_H0_P52 0
Max_H0_P53 0
Max_H0_P54 0
Max_H0_P55 0
Max_H0_P56 0
Max_H0_P57 0
Max_H0_P58 0
Max_H0_P59 0
Max_H0_P60 0
Max_H0_P61 0
Max_H0_P62 0
Max_H0_P63 0
Max_H0_P64 0
Max_H0_P65 0
Max_H0_P66 0
Max_H0_P67 0
Max_H0_P68 0
Max_H0_P69 0
Max_H0_P70 0
Max_H0_P71 0
Max_H0_P72 0
Max_H0_P73 0
Max_H0_P74 0
Max_H0_P75 0
Max_H0_P76 0
Max_H0_P77 0
Max_H0_P78 0
Max_H0_P79 0
Max_H0_P80 0
Max_H0_P81 0
Max_H1_P0 0
Max_H1_P1 0
Max_H1_P2 0
Max_H1_P3 0
Max_H1_P4 0
Max_H1_P5 2.72715e-12
Max_H1_P6 0
Max_H1_P7 0
Max_H1_P8 0
Max_H1_P9 0
Max_H1_P10 0
Max_H1_P11 0
Max_H1_P12 0
Max_H1_P13 0
Max_H1_P14 0
Max_H1_P15 9.15976e-12
Max_H1_P16 0
Max_H1_P17 0
Max_H1_P18 2.95586e-12
Max_H1_P19 2.224e-12
Max_H1_P20 -2.85638e-12
Max_H1_P21 -4.12115e-12
Max_H1_P22 -1.60116e-12
Max_H1_P23 1.2601e-12
Max_H1_P24 0
Max_H1_P25 0
Max_H1_P26 0
Max_H1_P27 0
Max_H1_P28 -4.43325e-12
Max_H1_P29 0
Max_H1_P30 0
Max_H1_P31 -5.68434e-13
Max_H1_P32 0
Max_H1_P33 6.69337e-12
Max_H1_P34 -7.62901e-12
Max_H1_P35 2.9621e-12
Max_H1_P36 0
Max_H1_P37 6.24567e-12
Max_H1_P38 2.36966e-11
Max_H1_P39 -3.90021e-12
Max_H1_P40 0
Max_H1_P41 0
Max_H1_P42 0
Max_H1_P43 0
Max_H1_P44 0
Max_H1_P45 0
Max_H1_P46 0
Max_H1_P47 0
Max_H1_P48 0
Max_H1_P49 0
Max_H1_P50 0
Max_H1_P51 0
Max_H1_P52 0
Max_H1_P53 0
Max_H1_P54 0
Max_H1_P55 0
Max_H1_P56 0
Max_H1_P57 0
Max_H1_P58 0
Max_H1_P59 0
Max_H1_P60 0
Max_H1_P61 0
Max_H1_P62 0
Max_H1_P63 0
Max_H1_P64 -3.1394e-12
Max_H1_P65 0
Max_H1_P66 0
Max_H1_P67 0
Max_H1_P68 0
Max_H1_P69 0
Max_H1_P70 0
Max_H1_P71 0
Max_H1_P72 0
Max_H1_P73 0
Max_H1_P74 0
Max_H1_P75 0
Max_H1_P76 0
Max_H1_P77 -3.884e-12
Max_H1_P78 0
Max_H1_P79 0
Max_H1_P80 0
Max_H1_P81 0
