
Branch and bound

  Entire solving process        :                           (Time    165.0)
  No feasible solution was found
  Best relaxation cost          :     38809.87 (Node     0) (Time    165.0)
  Lower bound after cuts        :     38809.87
  End lower bound               :     38811.54
  Deepest level reached         : 0
  Deepest real level reached    : 0
  Number of real nodes solved   : 1
  Stopping condition            : enough nodes explored

Problem identification

  Problem                       : <null>
  Machine                       : oslo1.gerad.lan

Solving process summary

  Linear relaxations            :        1
  Column generation iterations  :      181
  Shortest paths solved         :     3056
  Columns generated             :    25725

Instance characteristics

  Resources                     : 3
  Node types                    : no
  Arc types                     : no
  Strong resource windows       : no
  Weak resource windows         : no
  Resource windows (nodes)      : 3
  Resource values (arcs)        : 3
  Values on nodes               : no

  Rows                          : 706
  Initial columns               : 2
  Tasks                         : 544
  Strong tasks                  : 540
  Weak tasks                    : 4
  Initial task constraints      : no
  Nodes                         : 872
  Arc sets                      : 1
  Arcs                          : 15303
  Networks                      : 2
  Models                        : 1

Memory used per module (Megs)

  Parser (reused)               :      3.398
  Networks                      :     20.464
  Column generator              :      8.234
  Master problem                :      7.311
  -----------------
  Total                         :     36.009

Cpu time per module (seconds)

  Parser                        :        0.0
  Preprocessor                  :        0.0
  Lr solver manager             :        0.0
  Column generator              :       13.6
    (Shortest path)             :       10.5
  Master problem                :      151.4
  -------------------
  Total (without b&b)           :      165.0

Real elapsed time (seconds)

  Parser                        :        0.0
  Preprocessor                  :        0.0
  Lr solver manager             :        0.1
  Column generator              :       13.5
    (Shortest path)             :       11.1
  Master problem                :      151.4
  -------------------
  Total (without b&b)           :      165.0
