Cover_T0 52
Cover_T1 -52
Cover_T2 52
Cover_T3 -52
Cover_T4 52
Cover_T5 -52
Cover_T6 52
Cover_T7 -52
Cover_T8 52
Cover_T9 -52
Cover_T10 52
Cover_T11 -52
Cover_T12 52
Cover_T13 -52
Cover_T14 52
Cover_T15 -52
Cover_T16 52
Cover_T17 -52
Cover_T18 54
Cover_T19 -52
Cover_T20 52
Cover_T21 -50
Cover_T22 54
Cover_T23 -50
Cover_T24 56
Cover_T25 -48
Cover_T26 56
Cover_T27 -50
Cover_T28 54
Cover_T29 -48
Cover_T30 56
Cover_T31 -48
Cover_T32 54
Cover_T33 -48
Cover_T34 54
Cover_T35 -50
Cover_T36 52
Cover_T37 -48
Cover_T38 50
Cover_T39 -48
Cover_T40 56
Cover_T41 -44
Cover_T42 56
Cover_T43 -44
Cover_T44 52
Cover_T45 -42
Cover_T46 60
Cover_T47 -34
Cover_T48 52
Cover_T49 -42
Cover_T50 100
Cover_T51 20
Cover_T52 998
Cover_T53 12
Cover_T54 990
Cover_T55 4
Cover_T56 998
Cover_T57 942
Cover_T58 1044
Cover_T59 942
Cover_T60 1040
Cover_T61 948
Cover_T62 1048
Cover_T63 944
Cover_T64 1040
Cover_T65 948
Cover_T66 1048
Cover_T67 904
Cover_T68 986
Cover_T69 4
Cover_T70 994
Cover_T71 12
Cover_T72 994
Cover_T73 4
Cover_T74 46
Cover_T75 -46
Cover_T76 24
Cover_T77 -46
Cover_T78 8
Cover_T79 -46
Cover_T80 -8
Cover_T81 -38
Cover_T82 -24
Cover_T83 -28
Cover_T84 -40
Cover_T85 -12
Cover_T86 -42
Cover_T87 4
Cover_T88 -1.71894e-10
Cover_T89 22
Cover_T90 8
Cover_T91 42
Cover_T92 8
Cover_T93 48
Cover_T94 6
Cover_T95 10
Cover_T96 44
Cover_T97 2
Cover_T98 24
Cover_T99 2
Cover_T100 52
Cover_T101 0
Cover_T102 40
Cover_T103 -48
Cover_T104 28
Cover_T105 -36
Cover_T106 16
Cover_T107 -24
Cover_T108 4
Cover_T109 -12
Cover_T110 52
Cover_T111 -48
Cover_T112 40
Cover_T113 -36
Cover_T114 28
Cover_T115 -24
Cover_T116 16
Cover_T117 -12
Cover_T118 52
Cover_T119 -2.81226e-09
Cover_T120 40
Cover_T121 -44
Cover_T122 20
Cover_T123 -24
Cover_T124 8
Cover_T125 -52
Cover_T126 6
Cover_T127 -32
Cover_T128 0
Cover_T129 -12
Cover_T130 -4
Cover_T131 6.91713e-11
Cover_T132 -24
Cover_T133 0
Cover_T134 -40
Cover_T135 2
Cover_T136 0
Cover_T137 2
Cover_T138 48
Cover_T139 18
Cover_T140 32
Cover_T141 34
Cover_T142 52
Cover_T143 50
Cover_T144 36
Cover_T145 10
Cover_T146 44
Cover_T147 -38
Cover_T148 26
Cover_T149 -18
Cover_T150 6
Cover_T151 -34
Cover_T152 -14
Cover_T153 -38
Cover_T154 -34
Cover_T155 -18
Cover_T156 -18
Cover_T157 2
Cover_T158 -38
Cover_T159 22
Cover_T160 -42
Cover_T161 38
Cover_T162 -4.31362e-09
Cover_T163 18
Cover_T164 -16
Cover_T165 34
Cover_T166 -32
Cover_T167 50
Cover_T168 -48
Cover_T169 52
Cover_T170 -28
Cover_T171 10
Cover_T172 -44
Cover_T173 26
Cover_T174 4
Cover_T175 42
Cover_T176 5.5647e-11
Cover_T177 54
Cover_T178 4
Cover_T179 30
Cover_T180 -8
Cover_T181 40
Cover_T182 -20
Cover_T183 54
Cover_T184 -32
Cover_T185 4
Cover_T186 -44
Cover_T187 10
Cover_T188 -46
Cover_T189 2
Cover_T190 -44
Cover_T191 18
Cover_T192 -28
Cover_T193 30
Cover_T194 -40
Cover_T195 46
Cover_T196 20
Cover_T197 54
Cover_T198 14
Cover_T199 58
Cover_T200 6
Cover_T201 60
Cover_T202 32
Cover_T203 62
Cover_T204 24
Cover_T205 62
Cover_T206 16
Cover_T207 50
Cover_T208 16
Cover_T209 58
Cover_T210 8
Cover_T211 60
Cover_T212 0
Cover_T213 3.46255e-09
Cover_T214 30
Cover_T215 16
Cover_T216 22
Cover_T217 20
Cover_T218 14
Cover_T219 -2
Cover_T220 38
Cover_T221 6
Cover_T222 38
Cover_T223 10
Cover_T224 22
Cover_T225 16
Cover_T226 22
Cover_T227 28
Cover_T228 10
Cover_T229 2
Cover_T230 -10
Cover_T231 14
Cover_T232 -22
Cover_T233 -14
Cover_T234 -34
Cover_T235 6
Cover_T236 2
Cover_T237 10
Cover_T238 -8
Cover_T239 20
Cover_T240 -20
Cover_T241 28
Cover_T242 -32
Cover_T243 50
Cover_T244 20
Cover_T245 74
Cover_T246 0
Cover_T247 80
Cover_T248 22
Cover_T249 32
Cover_T250 8
Cover_T251 42
Cover_T252 10
Cover_T253 44
Cover_T254 10
Cover_T255 82
Cover_T256 22
Cover_T257 82
Cover_T258 8
Cover_T259 98
Cover_T260 4
Cover_T261 40
Cover_T262 0
Cover_T263 40
Cover_T264 0
Cover_T265 38
Cover_T266 0
Cover_T267 46
Cover_T268 0
Cover_T269 42
Cover_T270 6
Cover_T271 50
Cover_T272 -24
Cover_T273 38
Cover_T274 -16
Cover_T275 34
Cover_T276 -18
Cover_T277 36
Cover_T278 -34
Cover_T279 32
Cover_T280 -30
Cover_T281 42
Cover_T282 -40
Cover_T283 42
Cover_T284 -32
Cover_T285 46
Cover_T286 -40
Cover_T287 40
Cover_T288 -34
Cover_T289 44
Cover_T290 -38
Cover_T291 36
Cover_T292 -34
Cover_T293 50
Cover_T294 -36
Cover_T295 56
Cover_T296 -36
Cover_T297 34
Cover_T298 -40
Cover_T299 56
Cover_T300 -34
Cover_T301 52
Cover_T302 -34
Cover_T303 50
Cover_T304 -38
Cover_T305 44
Cover_T306 -36
Cover_T307 62
Cover_T308 -38
Cover_T309 62
Cover_T310 -36
Cover_T311 52
Cover_T312 -40
Cover_T313 48
Cover_T314 -40
Cover_T315 54
Cover_T316 -38
Cover_T317 52
Cover_T318 -42
Cover_T319 52
Cover_T320 -46
Cover_T321 50
Cover_T322 -50
Cover_T323 54
Cover_T324 -42
Cover_T325 56
Cover_T326 -46
Cover_T327 58
Cover_T328 -46
Cover_T329 52
Cover_T330 -46
Cover_T331 54
Cover_T332 -48
Cover_T333 58
Cover_T334 52
Cover_T335 -52
Cover_T336 52
Cover_T337 -52
Cover_T338 56
Cover_T339 -50
Cover_T340 56
Cover_T341 -48
Cover_T342 54
Cover_T343 -48
Cover_T344 56
Cover_T345 -48
Cover_T346 56
Cover_T347 -48
Cover_T348 52
Cover_T349 -50
Cover_T350 48
Cover_T351 -52
Cover_T352 48
Cover_T353 -44
Cover_T354 56
Cover_T355 -42
Cover_T356 52
Cover_T357 -38
Cover_T358 52
Cover_T359 -46
Cover_T360 56
Cover_T361 -38
Cover_T362 50
Cover_T363 -46
Cover_T364 94
Cover_T365 16
Cover_T366 994
Cover_T367 4
Cover_T368 982
Cover_T369 0
Cover_T370 986
Cover_T371 946
Cover_T372 1044
Cover_T373 944
Cover_T374 1036
Cover_T375 944
Cover_T376 1044
Cover_T377 904
Cover_T378 982
Cover_T379 4
Cover_T380 990
Cover_T381 12
Cover_T382 998
Cover_T383 4
Cover_T384 52
Cover_T385 -50
Cover_T386 44
Cover_T387 -46
Cover_T388 28
Cover_T389 -50
Cover_T390 16
Cover_T391 -46
Cover_T392 4
Cover_T393 -42
Cover_T394 -6
Cover_T395 -36
Cover_T396 -20
Cover_T397 -24
Cover_T398 -32
Cover_T399 -12
Cover_T400 -42
Cover_T401 0
Cover_T402 -40
Cover_T403 12
Cover_T404 4
Cover_T405 28
Cover_T406 0
Cover_T407 44
Cover_T408 0
Cover_T409 46
Cover_T410 4
Cover_T411 4
Cover_T412 4
Cover_T413 8
Cover_T414 48
Cover_T415 8
Cover_T416 32
Cover_T417 4
Cover_T418 16
Cover_T419 4
Cover_T420 44
Cover_T421 -36
Cover_T422 24
Cover_T423 -16
Cover_T424 4
Cover_T425 -44
Cover_T426 44
Cover_T427 -24
Cover_T428 24
Cover_T429 -4
Cover_T430 52
Cover_T431 -48
Cover_T432 40
Cover_T433 -36
Cover_T434 28
Cover_T435 -24
Cover_T436 16
Cover_T437 -12
Cover_T438 12
Cover_T439 -48
Cover_T440 0
Cover_T441 -36
Cover_T442 6
Cover_T443 -24
Cover_T444 8
Cover_T445 -12
Cover_T446 -4
Cover_T447 -8
Cover_T448 -1.152e-08
Cover_T449 4
Cover_T450 -12
Cover_T451 2
Cover_T452 -32
Cover_T453 8
Cover_T454 -52
Cover_T455 12
Cover_T456 48
Cover_T457 32
Cover_T458 28
Cover_T459 52
Cover_T460 44
Cover_T461 -48
Cover_T462 48
Cover_T463 -30
Cover_T464 32
Cover_T465 -50
Cover_T466 16
Cover_T467 -34
Cover_T468 5.83313e-10
Cover_T469 -42
Cover_T470 -16
Cover_T471 -26
Cover_T472 -32
Cover_T473 -10
Cover_T474 -12
Cover_T475 6
Cover_T476 -28
Cover_T477 22
Cover_T478 -46
Cover_T479 42
Cover_T480 -52
Cover_T481 26
Cover_T482 -14
Cover_T483 46
Cover_T484 -34
Cover_T485 52
Cover_T486 -18
Cover_T487 14
Cover_T488 -38
Cover_T489 34
Cover_T490 8
Cover_T491 52
Cover_T492 0
Cover_T493 32
Cover_T494 -1.35729e-09
Cover_T495 48
Cover_T496 -16
Cover_T497 0
Cover_T498 -32
Cover_T499 10
Cover_T500 -48
Cover_T501 12
Cover_T502 -40
Cover_T503 28
Cover_T504 -28
Cover_T505 42
Cover_T506 -42
Cover_T507 58
Cover_T508 18
Cover_T509 56
Cover_T510 6
Cover_T511 58
Cover_T512 28
Cover_T513 46
Cover_T514 16
Cover_T515 62
Cover_T516 12
Cover_T517 0
Cover_T518 4.25045e-09
Cover_T519 12
Cover_T520 26
Cover_T521 -2
Cover_T522 10
Cover_T523 10
Cover_T524 34
Cover_T525 10
Cover_T526 24
Cover_T527 28
Cover_T528 22
Cover_T529 2
Cover_T530 2
Cover_T531 14
Cover_T532 -10
Cover_T533 -14
Cover_T534 -22
Cover_T535 -2
Cover_T536 -40
Cover_T537 8
Cover_T538 2
Cover_T539 22
Cover_T540 -8
Cover_T541 32
Cover_T542 -20
Cover_T543 40
Cover_T544 -32
Cover_T545 66
Cover_T546 12
Cover_T547 38
Cover_T548 10
Cover_T549 54
Cover_T550 14
Cover_T551 94
Cover_T552 8
Cover_T553 46
Cover_T554 2
Cover_T555 30
Cover_T556 2.35971e-11
Cover_T557 46
Cover_T558 -24
Cover_T559 34
Cover_T560 -28
Cover_T561 42
Cover_T562 -26
Cover_T563 36
Cover_T564 -26
Cover_T565 38
Cover_T566 -30
Cover_T567 40
Cover_T568 -34
Cover_T569 36
Cover_T570 -30
Cover_T571 36
Cover_T572 -34
Cover_T573 36
Cover_T574 -42
Cover_T575 36
Cover_T576 -36
Cover_T577 44
Cover_T578 -36
Cover_T579 0
Cover_T580 -32
Cover_T581 40
Cover_T582 -40
Cover_T583 36
Cover_T584 -36
Cover_T585 40
Cover_T586 -32
Cover_T587 48
Cover_T588 -36
Cover_T589 40
Cover_T590 -48
Cover_T591 44
Cover_T592 -48
Cover_T593 44
Cover_T594 -36
Cover_T595 44
Cover_T596 -36
Cover_T597 42
Cover_T598 -48
Cover_T599 54
Cover_T600 -40
Cover_T601 54
Cover_T602 -38
Cover_T603 44
Cover_T604 -34
Cover_T605 42
Cover_T606 -46
Cover_T607 56
Cover_T608 -46
Cover_T609 48
Cover_T610 -34
Cover_T611 46
Cover_T612 -34
Cover_T613 50
Cover_T614 -36
Cover_T615 46
Cover_T616 -36
Cover_T617 54
Cover_T618 -36
Cover_T619 46
Cover_T620 -40
Cover_T621 62
Cover_T622 -36
Cover_T623 46
Cover_T624 -48
Cover_T625 46
Cover_T626 -40
Cover_T627 50
Cover_T628 -40
Cover_T629 50
Cover_T630 -40
Cover_T631 44
Cover_T632 -42
Cover_T633 52
Cover_T634 -44
Cover_T635 48
Cover_T636 -48
Cover_T637 56
Cover_T638 -42
Cover_T639 50
Cover_T640 -44
Cover_T641 52
Cover_T642 -42
Cover_T643 56
Cover_T644 -42
Cover_T645 54
Cover_T646 -46
Cover_T647 54
Cover_T648 -46
Cover_T649 54
Cover_T650 -48
Cover_T651 56
Cover_T652 -46
Cover_T653 54
Cover_T654 -46
Cover_T655 56
Cover_T656 -48
Cover_T657 52
Cover_T658 -46
Cover_T659 58
Cover_T660 52
Cover_T661 -48
Cover_T662 56
Cover_T663 -48
Cover_T664 52
Cover_T665 -48
Cover_T666 54
Cover_T667 -48
Cover_T668 54
Cover_T669 -46
Cover_T670 52
Cover_T671 -38
Cover_T672 52
Cover_T673 -42
Cover_T674 56
Cover_T675 -42
Cover_T676 98
Cover_T677 20
Cover_T678 1000
Cover_T679 12
Cover_T680 990
Cover_T681 4
Cover_T682 998
Cover_T683 946
Cover_T684 1048
Cover_T685 938
Cover_T686 1044
Cover_T687 948
Cover_T688 1040
Cover_T689 948
Cover_T690 1048
Cover_T691 948
Cover_T692 1044
Cover_T693 940
Cover_T694 1036
Cover_T695 948
Cover_T696 1044
Cover_T697 900
Cover_T698 974
Cover_T699 0
Cover_T700 980
Cover_T701 8
Cover_T702 980
Cover_T703 0
Cover_T704 30
Cover_T705 -46
Cover_T706 12
Cover_T707 -46
Cover_T708 -4
Cover_T709 -46
Cover_T710 -20
Cover_T711 -46
Cover_T712 -36
Cover_T713 -36
Cover_T714 -38
Cover_T715 -20
Cover_T716 4
Cover_T717 -4
Cover_T718 4.80123e-11
Cover_T719 12
Cover_T720 4
Cover_T721 20
Cover_T722 -4
Cover_T723 28
Cover_T724 8
Cover_T725 36
Cover_T726 0
Cover_T727 44
Cover_T728 4
Cover_T729 52
Cover_T730 2
Cover_T731 46
Cover_T732 54
Cover_T733 54
Cover_T734 46
Cover_T735 4
Cover_T736 36
Cover_T737 12
Cover_T738 28
Cover_T739 8
Cover_T740 20
Cover_T741 6.20517e-11
Cover_T742 12
Cover_T743 8
Cover_T744 52
Cover_T745 -4
Cover_T746 44
Cover_T747 4
Cover_T748 36
Cover_T749 0
Cover_T750 26
Cover_T751 6
Cover_T752 14
Cover_T753 -42
Cover_T754 2
Cover_T755 -30
Cover_T756 50
Cover_T757 -18
Cover_T758 38
Cover_T759 -6
Cover_T760 26
Cover_T761 -42
Cover_T762 14
Cover_T763 -30
Cover_T764 50
Cover_T765 -18
Cover_T766 38
Cover_T767 -6
Cover_T768 26
Cover_T769 6
Cover_T770 12
Cover_T771 -38
Cover_T772 4
Cover_T773 -22
Cover_T774 6
Cover_T775 -6
Cover_T776 4
Cover_T777 -38
Cover_T778 4
Cover_T779 -22
Cover_T780 -12
Cover_T781 -6
Cover_T782 -28
Cover_T783 2
Cover_T784 -44
Cover_T785 -2
Cover_T786 7.27216e-11
Cover_T787 -4
Cover_T788 52
Cover_T789 8
Cover_T790 40
Cover_T791 4
Cover_T792 28
Cover_T793 16
Cover_T794 52
Cover_T795 28
Cover_T796 40
Cover_T797 40
Cover_T798 52
Cover_T799 52
Cover_T800 40
Cover_T801 8
Cover_T802 28
Cover_T803 -44
Cover_T804 16
Cover_T805 -28
Cover_T806 -4
Cover_T807 -44
Cover_T808 -24
Cover_T809 -48
Cover_T810 -8
Cover_T811 -28
Cover_T812 -28
Cover_T813 -8
Cover_T814 -48
Cover_T815 12
Cover_T816 4
Cover_T817 28
Cover_T818 -8
Cover_T819 40
Cover_T820 -20
Cover_T821 16
Cover_T822 -32
Cover_T823 28
Cover_T824 -44
Cover_T825 40
Cover_T826 -20
Cover_T827 52
Cover_T828 -32
Cover_T829 50
Cover_T830 -44
Cover_T831 4
Cover_T832 8
Cover_T833 16
Cover_T834 4
Cover_T835 30
Cover_T836 8
Cover_T837 40
Cover_T838 -4
Cover_T839 54
Cover_T840 -16
Cover_T841 30
Cover_T842 -28
Cover_T843 42
Cover_T844 -40
Cover_T845 54
Cover_T846 -42
Cover_T847 6
Cover_T848 -40
Cover_T849 6
Cover_T850 -24
Cover_T851 2
Cover_T852 -36
Cover_T853 18
Cover_T854 24
Cover_T855 34
Cover_T856 12
Cover_T857 42
Cover_T858 32
Cover_T859 66
Cover_T860 20
Cover_T861 56
Cover_T862 20
Cover_T863 68
Cover_T864 8
Cover_T865 44
Cover_T866 34
Cover_T867 70
Cover_T868 18
Cover_T869 4
Cover_T870 46
Cover_T871 22
Cover_T872 34
Cover_T873 0
Cover_T874 28
Cover_T875 16
Cover_T876 12
Cover_T877 12
Cover_T878 2
Cover_T879 20
Cover_T880 -2
Cover_T881 30
Cover_T882 -10
Cover_T883 -4.44345e-10
Cover_T884 -30
Cover_T885 6
Cover_T886 -34
Cover_T887 26
Cover_T888 -42
Cover_T889 -14
Cover_T890 0
Cover_T891 9.89209e-09
Cover_T892 -8
Cover_T893 10
Cover_T894 -16
Cover_T895 6.88703e-09
Cover_T896 -28
Cover_T897 8
Cover_T898 -32
Cover_T899 30
Cover_T900 -40
Cover_T901 34
Cover_T902 12
Cover_T903 54
Cover_T904 6
Cover_T905 60
Cover_T906 22
Cover_T907 66
Cover_T908 2
Cover_T909 78
Cover_T910 14
Cover_T911 26
Cover_T912 0
Cover_T913 62
Cover_T914 10
Cover_T915 62
Cover_T916 18
Cover_T917 84
Cover_T918 22
Cover_T919 84
Cover_T920 8
Cover_T921 100
Cover_T922 12
Cover_T923 40
Cover_T924 2.75021e-10
Cover_T925 52
Cover_T926 2
Cover_T927 38
Cover_T928 4
Cover_T929 46
Cover_T930 -2.67768e-11
Cover_T931 42
Cover_T932 2
Cover_T933 52
Cover_T934 -24
Cover_T935 40
Cover_T936 -16
Cover_T937 44
Cover_T938 -22
Cover_T939 38
Cover_T940 -26
Cover_T941 36
Cover_T942 -38
Cover_T943 36
Cover_T944 -32
Cover_T945 44
Cover_T946 -32
Cover_T947 40
Cover_T948 -48
Cover_T949 40
Cover_T950 -32
Cover_T951 40
Cover_T952 -34
Cover_T953 44
Cover_T954 -44
Cover_T955 46
Cover_T956 -36
Cover_T957 46
Cover_T958 -34
Cover_T959 42
Cover_T960 -46
Cover_T961 54
Cover_T962 -42
Cover_T963 56
Cover_T964 -42
Cover_T965 48
Cover_T966 -34
Cover_T967 48
Cover_T968 -36
Cover_T969 58
Cover_T970 -34
Cover_T971 52
Cover_T972 -34
Cover_T973 58
Cover_T974 -38
Cover_T975 56
Cover_T976 -36
Cover_T977 62
Cover_T978 -36
Cover_T979 48
Cover_T980 -40
Cover_T981 50
Cover_T982 -38
Cover_T983 52
Cover_T984 -42
Cover_T985 60
Cover_T986 -42
Cover_T987 48
Cover_T988 -42
Cover_T989 58
Cover_T990 -42
Cover_T991 60
Cover_T992 -46
Cover_T993 54
Cover_T994 -46
Cover_T995 56
Cover_T996 -46
Cover_T997 58
Cover_T998 -46
Cover_T999 52
Cover_T1000 -46
Cover_T1001 58
Cover_T1002 22
Cover_T1003 -3.7663e-09
Cover_T1004 22
Cover_T1005 -3.42482e-12
Cover_T1006 16
Cover_T1007 2.30507e-10
Cover_T1008 20
Cover_T1009 -2
Cover_T1010 38
Cover_T1011 4
Cover_T1012 16
Cover_T1013 8
Cover_T1014 10
Cover_T1015 10
Cover_T1016 26
Cover_T1017 56
Cover_T1018 14
Cover_T1019 56
Cover_T1020 0
Cover_T1021 968
Cover_T1022 1048
Cover_T1023 982
Cover_T1024 1048
Cover_T1025 994
Cover_T1026 1048
Cover_T1027 994
Cover_T1028 1042
Cover_T1029 978
Cover_T1030 972
Cover_T1031 990
Cover_T1032 998
Cover_T1033 1002
Cover_T1034 18
Cover_T1035 -36
Cover_T1036 52
Cover_T1037 -6
Cover_T1038 20
Cover_T1039 54
Cover_T1040 0
Cover_T1041 54
Cover_T1042 -10
Cover_T1043 58
Cover_T1044 -30
Cover_T1045 58
Cover_T1046 -12
Cover_T1047 2
Cover_T1048 -32
Cover_T1049 30
Cover_T1050 0
Cover_T1051 32
Cover_T1052 26
Cover_T1053 44
Cover_T1054 22
Cover_T1055 60
Cover_T1056 32
Cover_T1057 38
Cover_T1058 76
Cover_T1059 48
Cover_T1060 60
Cover_T1061 60
Cover_T1062 68
Cover_T1063 26
Cover_T1064 76
Cover_T1065 0
Cover_T1066 52
Cover_T1067 0
Cover_T1068 52
Cover_T1069 0
Cover_T1070 26
Cover_T1071 -26
Cover_T1072 0
Cover_T1073 -28
Cover_T1074 0
Cover_T1075 -4
Cover_T1076 -22
Cover_T1077 30
Cover_T1078 0
Cover_T1079 52
Cover_T1080 62
Cover_T1081 66
Cover_T1082 66
Cover_T1083 86
Cover_T1084 58
Cover_T1085 106
Cover_T1086 48
Cover_T1087 72
Cover_T1088 88
Cover_T1089 6
Count_D0 -984
Count_D1 -1000
Max_H0_P0 0
Max_H0_P1 0
Max_H0_P2 0
Max_H0_P3 0
Max_H0_P4 0
Max_H0_P5 -1.10048e-10
Max_H0_P6 5.08589e-11
Max_H0_P7 0
Max_H0_P8 0
Max_H0_P9 -2
Max_H0_P10 0
Max_H0_P11 0
Max_H0_P12 0
Max_H0_P13 0
Max_H0_P14 0
Max_H0_P15 -2
Max_H0_P16 -2
Max_H0_P17 -2
Max_H0_P18 -2
Max_H0_P19 -3.59847e-09
Max_H0_P20 -3.62838e-09
Max_H0_P21 -3.31211e-11
Max_H0_P22 -5.06036e-11
Max_H0_P23 -5.62421e-11
Max_H0_P24 -8.58025e-11
Max_H0_P25 -1.44446e-10
Max_H0_P26 -1.39848e-10
Max_H0_P27 -8.7482e-11
Max_H0_P28 -3.83787e-11
Max_H0_P29 -5.05893e-11
Max_H0_P30 -5.20511e-11
Max_H0_P31 1.24458e-11
Max_H0_P32 -6.6997e-11
Max_H0_P33 2.63713e-11
Max_H0_P34 -5.94733e-11
Max_H0_P35 -3.22586e-11
Max_H0_P36 -1.82913e-11
Max_H0_P37 -1.17077e-11
Max_H0_P38 -8.97402e-11
Max_H0_P39 -3.90514e-11
Max_H0_P40 -5.07637e-11
Max_H0_P41 5.83213e-11
Max_H0_P42 -1.71637e-10
Max_H0_P43 -2.55159e-10
Max_H0_P44 -3.48744e-10
Max_H0_P45 -5.64484e-10
Max_H0_P46 0
Max_H0_P47 0
Max_H0_P48 0
Max_H0_P49 0
Max_H0_P50 0
Max_H0_P51 0
Max_H0_P52 0
Max_H0_P53 0
Max_H0_P54 0
Max_H0_P55 0
Max_H0_P56 0
Max_H0_P57 0
Max_H0_P58 0
Max_H0_P59 0
Max_H0_P60 -2.10152e-11
Max_H0_P61 -6.37311e-10
Max_H0_P62 -6.59298e-10
Max_H0_P63 -7.4803e-10
Max_H0_P64 0
Max_H0_P65 0
Max_H0_P66 0
Max_H0_P67 0
Max_H0_P68 0
Max_H0_P69 0
Max_H0_P70 0
Max_H0_P71 0
Max_H0_P72 0
Max_H0_P73 0
Max_H0_P74 0
Max_H0_P75 0
Max_H0_P76 0
Max_H0_P77 -1.58894e-11
Max_H0_P78 2.2332e-11
Max_H0_P79 0
Max_H0_P80 0
Max_H0_P81 0
Max_H1_P0 0
Max_H1_P1 0
Max_H1_P2 0
Max_H1_P3 0
Max_H1_P4 0
Max_H1_P5 4.54703e-12
Max_H1_P6 0
Max_H1_P7 0
Max_H1_P8 -4.85461e-11
Max_H1_P9 -2
Max_H1_P10 -5.2778e-11
Max_H1_P11 0
Max_H1_P12 0
Max_H1_P13 0
Max_H1_P14 0
Max_H1_P15 -2
Max_H1_P16 -2
Max_H1_P17 -2
Max_H1_P18 -2
Max_H1_P19 -3.60846e-09
Max_H1_P20 -3.58563e-09
Max_H1_P21 -1.04378e-10
Max_H1_P22 -3.22427e-11
Max_H1_P23 -5.92948e-11
Max_H1_P24 -1.89402e-10
Max_H1_P25 -9.67331e-11
Max_H1_P26 -2.47269e-10
Max_H1_P27 -1.13433e-10
Max_H1_P28 -3.80378e-11
Max_H1_P29 -7.61453e-11
Max_H1_P30 -6.38926e-11
Max_H1_P31 -2.57394e-11
Max_H1_P32 -1.04256e-10
Max_H1_P33 -9.90763e-11
Max_H1_P34 2.07221e-11
Max_H1_P35 -3.21361e-11
Max_H1_P36 1.11609e-12
Max_H1_P37 -1.88968e-11
Max_H1_P38 4.12328e-11
Max_H1_P39 -3.49019e-11
Max_H1_P40 -2.28564e-11
Max_H1_P41 -1.89893e-11
Max_H1_P42 -5.04201e-11
Max_H1_P43 -3.39998e-10
Max_H1_P44 -2.92092e-10
Max_H1_P45 -5.8234e-10
Max_H1_P46 -2.0646e-11
Max_H1_P47 0
Max_H1_P48 0
Max_H1_P49 0
Max_H1_P50 0
Max_H1_P51 0
Max_H1_P52 2.91109e-11
Max_H1_P53 0
Max_H1_P54 0
Max_H1_P55 0
Max_H1_P56 0
Max_H1_P57 0
Max_H1_P58 0
Max_H1_P59 0
Max_H1_P60 0
Max_H1_P61 -6.50203e-10
Max_H1_P62 -6.78227e-10
Max_H1_P63 -6.59142e-10
Max_H1_P64 0
Max_H1_P65 2.6686e-11
Max_H1_P66 -1.15662e-10
Max_H1_P67 0
Max_H1_P68 0
Max_H1_P69 0
Max_H1_P70 0
Max_H1_P71 -3.2216e-11
Max_H1_P72 0
Max_H1_P73 0
Max_H1_P74 0
Max_H1_P75 0
Max_H1_P76 0
Max_H1_P77 -1.86589e-11
Max_H1_P78 8.54389e-12
Max_H1_P79 0
Max_H1_P80 0
Max_H1_P81 0
