
Branch and bound

  Entire solving process        :                           (Time   1894.2)
  No feasible solution was found
  Best relaxation cost          :     72204.75 (Node     0) (Time   1878.0)
  Lower bound after cuts        :     72204.75
  End lower bound               :     72208.81
  Deepest level reached         : 0
  Deepest real level reached    : 0
  Number of real nodes solved   : 1
  Stopping condition            : enough nodes explored

Problem identification

  Problem                       : <null>
  Machine                       : oslo3.gerad.lan

Solving process summary

  Linear relaxations            :        1
  Column generation iterations  :      198
  Shortest paths solved         :     5194
  Columns generated             :    64314

Instance characteristics

  Resources                     : 3
  Node types                    : no
  Arc types                     : no
  Strong resource windows       : no
  Weak resource windows         : no
  Resource windows (nodes)      : 3
  Resource values (arcs)        : 3
  Values on nodes               : no

  Rows                          : 1256
  Initial columns               : 2
  Tasks                         : 1094
  Strong tasks                  : 1090
  Weak tasks                    : 4
  Initial task constraints      : no
  Nodes                         : 1422
  Arc sets                      : 1
  Arcs                          : 52560
  Networks                      : 2
  Models                        : 1

Memory used per module (Megs)

  Parser (reused)               :     10.663
  Networks                      :     40.201
  Column generator              :     28.818
  Master problem                :     11.810
  -----------------
  Total                         :     80.829

Cpu time per module (seconds)

  Parser                        :        0.0
  Preprocessor                  :        0.0
  Lr solver manager             :        0.0
  Column generator              :      304.8
    (Shortest path)             :      287.1
  Master problem                :     1589.1
  -------------------
  Total (without b&b)           :     1893.9

Real elapsed time (seconds)

  Parser                        :        0.1
  Preprocessor                  :        0.0
  Lr solver manager             :        0.0
  Column generator              :      304.8
    (Shortest path)             :      286.5
  Master problem                :     1589.2
  -------------------
  Total (without b&b)           :     1894.0
