
Branch and bound

  Entire solving process        :                           (Time    471.4)
  No feasible solution was found
  Best relaxation cost          :     70055.84 (Node     0) (Time    471.4)
  Lower bound after cuts        :     70055.84
  End lower bound               :     70055.84
  Deepest level reached         : 0
  Deepest real level reached    : 0
  Number of real nodes solved   : 1
  Stopping condition            : enough nodes explored

Problem identification

  Problem                       : <null>
  Machine                       : oslo1.gerad.lan

Solving process summary

  Linear relaxations            :        1
  Column generation iterations  :      107
  Shortest paths solved         :     5914
  Columns generated             :    63774

Instance characteristics

  Resources                     : 3
  Node types                    : no
  Arc types                     : no
  Strong resource windows       : no
  Weak resource windows         : no
  Resource windows (nodes)      : 3
  Resource values (arcs)        : 3
  Values on nodes               : no

  Rows                          : 1256
  Initial columns               : 552
  Tasks                         : 1094
  Strong tasks                  : 751
  Weak tasks                    : 4
  Initial task constraints      : no
  Nodes                         : 1422
  Arc sets                      : 1
  Arcs                          : 52560
  Networks                      : 2
  Models                        : 1

Memory used per module (Megs)

  Parser (reused)               :     10.663
  Networks                      :     41.896
  Column generator              :     17.436
  Master problem                :     12.090
  -----------------
  Total                         :     71.422

Cpu time per module (seconds)

  Parser                        :        0.0
  Preprocessor                  :        0.0
  Lr solver manager             :        0.2
  Column generator              :      270.3
    (Shortest path)             :      250.1
  Master problem                :      200.8
  -------------------
  Total (without b&b)           :      471.4

Real elapsed time (seconds)

  Parser                        :        0.0
  Preprocessor                  :        0.0
  Lr solver manager             :        0.5
  Column generator              :      270.3
    (Shortest path)             :      249.8
  Master problem                :      200.9
  -------------------
  Total (without b&b)           :      471.7
