
Branch and bound

  Entire solving process        :                           (Time    352.5)
  No feasible solution was found
  Best relaxation cost          :     49826.73 (Node     0) (Time    352.5)
  Lower bound after cuts        :     49826.73
  End lower bound               :     49826.73
  Deepest level reached         : 0
  Deepest real level reached    : 0
  Number of real nodes solved   : 1
  Stopping condition            : enough nodes explored

Problem identification

  Problem                       : <null>
  Machine                       : oslo1.gerad.lan

Solving process summary

  Linear relaxations            :        1
  Column generation iterations  :      178
  Shortest paths solved         :     4118
  Columns generated             :    46527

Instance characteristics

  Resources                     : 3
  Node types                    : no
  Arc types                     : no
  Strong resource windows       : no
  Weak resource windows         : no
  Resource windows (nodes)      : 3
  Resource values (arcs)        : 3
  Values on nodes               : no

  Rows                          : 982
  Initial columns               : 2
  Tasks                         : 820
  Strong tasks                  : 816
  Weak tasks                    : 4
  Initial task constraints      : no
  Nodes                         : 1148
  Arc sets                      : 1
  Arcs                          : 30442
  Networks                      : 2
  Models                        : 1

Memory used per module (Megs)

  Parser (reused)               :      6.425
  Networks                      :     29.787
  Column generator              :     14.167
  Master problem                :      9.920
  -----------------
  Total                         :     53.874

Cpu time per module (seconds)

  Parser                        :        0.0
  Preprocessor                  :        0.0
  Lr solver manager             :        0.1
  Column generator              :       54.5
    (Shortest path)             :       49.0
  Master problem                :      297.8
  -------------------
  Total (without b&b)           :      352.5

Real elapsed time (seconds)

  Parser                        :        0.0
  Preprocessor                  :        0.0
  Lr solver manager             :        0.1
  Column generator              :       54.6
    (Shortest path)             :       48.8
  Master problem                :      297.8
  -------------------
  Total (without b&b)           :      352.5
