Cover_T0 52
Cover_T1 -52
Cover_T2 52
Cover_T3 -52
Cover_T4 52
Cover_T5 -52
Cover_T6 52
Cover_T7 -52
Cover_T8 52
Cover_T9 -52
Cover_T10 52
Cover_T11 -52
Cover_T12 52
Cover_T13 -52
Cover_T14 52
Cover_T15 -52
Cover_T16 52
Cover_T17 -52
Cover_T18 58
Cover_T19 -52
Cover_T20 60
Cover_T21 -44
Cover_T22 62
Cover_T23 -44
Cover_T24 62
Cover_T25 -40
Cover_T26 64
Cover_T27 -38
Cover_T28 64
Cover_T29 -38
Cover_T30 62
Cover_T31 -38
Cover_T32 62
Cover_T33 -34
Cover_T34 52
Cover_T35 -40
Cover_T36 54
Cover_T37 -4
Cover_T38 54
Cover_T39 -18
Cover_T40 40
Cover_T41 -34
Cover_T42 54
Cover_T43 2
Cover_T44 42
Cover_T45 944
Cover_T46 1034
Cover_T47 944
Cover_T48 1010
Cover_T49 948
Cover_T50 1010
Cover_T51 948
Cover_T52 1030
Cover_T53 940
Cover_T54 1002
Cover_T55 952
Cover_T56 48
Cover_T57 -40
Cover_T58 54
Cover_T59 -36
Cover_T60 14
Cover_T61 -44
Cover_T62 8
Cover_T63 -34
Cover_T64 0
Cover_T65 -6
Cover_T66 10
Cover_T67 0
Cover_T68 6
Cover_T69 8
Cover_T70 0
Cover_T71 -2
Cover_T72 40
Cover_T73 2
Cover_T74 12
Cover_T75 8
Cover_T76 6
Cover_T77 -32
Cover_T78 10
Cover_T79 -4
Cover_T80 2
Cover_T81 2
Cover_T82 14
Cover_T83 -2
Cover_T84 -14
Cover_T85 6
Cover_T86 0
Cover_T87 -6
Cover_T88 38
Cover_T89 22
Cover_T90 10
Cover_T91 8
Cover_T92 42
Cover_T93 -30
Cover_T94 14
Cover_T95 -2
Cover_T96 -4
Cover_T97 -34
Cover_T98 -32
Cover_T99 -6
Cover_T100 10
Cover_T101 12
Cover_T102 2
Cover_T103 32
Cover_T104 -6
Cover_T105 52
Cover_T106 -26
Cover_T107 2
Cover_T108 -46
Cover_T109 6
Cover_T110 -38
Cover_T111 14
Cover_T112 6
Cover_T113 34
Cover_T114 10
Cover_T115 50
Cover_T116 -6
Cover_T117 38
Cover_T118 -6
Cover_T119 52
Cover_T120 -10
Cover_T121 6
Cover_T122 -26
Cover_T123 0
Cover_T124 -42
Cover_T125 16
Cover_T126 0
Cover_T127 22
Cover_T128 -2
Cover_T129 30
Cover_T130 14
Cover_T131 50
Cover_T132 14
Cover_T133 18
Cover_T134 4
Cover_T135 32
Cover_T136 -4
Cover_T137 12
Cover_T138 10
Cover_T139 8
Cover_T140 34
Cover_T141 38
Cover_T142 26
Cover_T143 22
Cover_T144 10
Cover_T145 14
Cover_T146 6
Cover_T147 30
Cover_T148 0
Cover_T149 6
Cover_T150 18
Cover_T151 6
Cover_T152 18
Cover_T153 18
Cover_T154 12
Cover_T155 24
Cover_T156 -6.17222e-10
Cover_T157 22
Cover_T158 6
Cover_T159 6.07336e-11
Cover_T160 4
Cover_T161 10
Cover_T162 12
Cover_T163 0
Cover_T164 2
Cover_T165 0
Cover_T166 0
Cover_T167 0
Cover_T168 0
Cover_T169 -5.37625e-10
Cover_T170 0
Cover_T171 6
Cover_T172 2
Cover_T173 4
Cover_T174 0
Cover_T175 2
Cover_T176 0
Cover_T177 8
Cover_T178 -9.79377e-10
Cover_T179 2
Cover_T180 -7.56313e-10
Cover_T181 2
Cover_T182 -8
Cover_T183 2
Cover_T184 -8
Cover_T185 2
Cover_T186 -9.33928e-10
Cover_T187 14
Cover_T188 -7.75682e-10
Cover_T189 20
Cover_T190 -2
Cover_T191 24
Cover_T192 -10
Cover_T193 16
Cover_T194 -4
Cover_T195 16
Cover_T196 -4
Cover_T197 24
Cover_T198 -14
Cover_T199 38
Cover_T200 -12
Cover_T201 18
Cover_T202 -32
Cover_T203 34
Cover_T204 -30
Cover_T205 34
Cover_T206 -20
Cover_T207 56
Cover_T208 -20
Cover_T209 72
Cover_T210 -20
Cover_T211 54
Cover_T212 -18
Cover_T213 78
Cover_T214 -26
Cover_T215 58
Cover_T216 -24
Cover_T217 60
Cover_T218 -26
Cover_T219 60
Cover_T220 -26
Cover_T221 54
Cover_T222 -38
Cover_T223 50
Cover_T224 -44
Cover_T225 62
Cover_T226 -50
Cover_T227 58
Cover_T228 -48
Cover_T229 54
Cover_T230 52
Cover_T231 -52
Cover_T232 52
Cover_T233 -52
Cover_T234 52
Cover_T235 -52
Cover_T236 58
Cover_T237 -46
Cover_T238 58
Cover_T239 -44
Cover_T240 60
Cover_T241 -38
Cover_T242 60
Cover_T243 -38
Cover_T244 58
Cover_T245 -34
Cover_T246 56
Cover_T247 -40
Cover_T248 54
Cover_T249 -32
Cover_T250 50
Cover_T251 -6
Cover_T252 44
Cover_T253 -22
Cover_T254 60
Cover_T255 2
Cover_T256 42
Cover_T257 944
Cover_T258 1006
Cover_T259 940
Cover_T260 1022
Cover_T261 936
Cover_T262 998
Cover_T263 952
Cover_T264 60
Cover_T265 -36
Cover_T266 66
Cover_T267 -36
Cover_T268 38
Cover_T269 -40
Cover_T270 20
Cover_T271 -40
Cover_T272 10
Cover_T273 -42
Cover_T274 6
Cover_T275 -26
Cover_T276 10
Cover_T277 -10
Cover_T278 -6
Cover_T279 0
Cover_T280 16
Cover_T281 6
Cover_T282 12
Cover_T283 14
Cover_T284 6
Cover_T285 4
Cover_T286 46
Cover_T287 8
Cover_T288 18
Cover_T289 14
Cover_T290 12
Cover_T291 -26
Cover_T292 16
Cover_T293 2
Cover_T294 8
Cover_T295 8
Cover_T296 20
Cover_T297 4
Cover_T298 -8
Cover_T299 12
Cover_T300 6
Cover_T301 -4.8133e-11
Cover_T302 44
Cover_T303 28
Cover_T304 16
Cover_T305 14
Cover_T306 48
Cover_T307 -24
Cover_T308 20
Cover_T309 4
Cover_T310 2
Cover_T311 -28
Cover_T312 -26
Cover_T313 5.85791e-10
Cover_T314 0
Cover_T315 18
Cover_T316 4
Cover_T317 46
Cover_T318 -12
Cover_T319 4
Cover_T320 -40
Cover_T321 4
Cover_T322 -40
Cover_T323 32
Cover_T324 -8.08233e-11
Cover_T325 52
Cover_T326 2
Cover_T327 44
Cover_T328 -2
Cover_T329 0
Cover_T330 -10
Cover_T331 4
Cover_T332 -30
Cover_T333 8
Cover_T334 8
Cover_T335 18
Cover_T336 4
Cover_T337 34
Cover_T338 24
Cover_T339 48
Cover_T340 8
Cover_T341 14
Cover_T342 6
Cover_T343 16
Cover_T344 8.66955e-10
Cover_T345 4
Cover_T346 0
Cover_T347 20
Cover_T348 22
Cover_T349 18
Cover_T350 6
Cover_T351 16
Cover_T352 20
Cover_T353 32
Cover_T354 20
Cover_T355 12
Cover_T356 0
Cover_T357 0
Cover_T358 0
Cover_T359 8
Cover_T360 22
Cover_T361 30
Cover_T362 0
Cover_T363 14
Cover_T364 8
Cover_T365 2
Cover_T366 6
Cover_T367 0
Cover_T368 10
Cover_T369 0
Cover_T370 10
Cover_T371 6
Cover_T372 0
Cover_T373 0
Cover_T374 0
Cover_T375 0
Cover_T376 0
Cover_T377 0
Cover_T378 -6
Cover_T379 7.69717e-10
Cover_T380 0
Cover_T381 2
Cover_T382 0
Cover_T383 4
Cover_T384 3.87502e-10
Cover_T385 2
Cover_T386 -2
Cover_T387 2
Cover_T388 -2
Cover_T389 6
Cover_T390 -2
Cover_T391 4
Cover_T392 -2
Cover_T393 4
Cover_T394 -2
Cover_T395 8
Cover_T396 -8
Cover_T397 14
Cover_T398 -2
Cover_T399 16
Cover_T400 -2
Cover_T401 18
Cover_T402 -6
Cover_T403 24
Cover_T404 -22
Cover_T405 18
Cover_T406 -6
Cover_T407 22
Cover_T408 -12
Cover_T409 22
Cover_T410 -10
Cover_T411 38
Cover_T412 -12
Cover_T413 24
Cover_T414 -12
Cover_T415 26
Cover_T416 -20
Cover_T417 30
Cover_T418 -36
Cover_T419 30
Cover_T420 -22
Cover_T421 30
Cover_T422 -38
Cover_T423 38
Cover_T424 -18
Cover_T425 68
Cover_T426 -18
Cover_T427 50
Cover_T428 -18
Cover_T429 66
Cover_T430 -16
Cover_T431 50
Cover_T432 -30
Cover_T433 54
Cover_T434 -30
Cover_T435 54
Cover_T436 -30
Cover_T437 54
Cover_T438 -38
Cover_T439 54
Cover_T440 -42
Cover_T441 54
Cover_T442 -42
Cover_T443 56
Cover_T444 -42
Cover_T445 58
Cover_T446 -46
Cover_T447 60
Cover_T448 -46
Cover_T449 58
Cover_T450 -48
Cover_T451 58
Cover_T452 -48
Cover_T453 58
Cover_T454 -40
Cover_T455 58
Cover_T456 -40
Cover_T457 56
Cover_T458 -34
Cover_T459 56
Cover_T460 -34
Cover_T461 60
Cover_T462 -32
Cover_T463 56
Cover_T464 -8
Cover_T465 48
Cover_T466 -24
Cover_T467 64
Cover_T468 6
Cover_T469 44
Cover_T470 944
Cover_T471 1038
Cover_T472 948
Cover_T473 1026
Cover_T474 936
Cover_T475 1030
Cover_T476 952
Cover_T477 1010
Cover_T478 948
Cover_T479 1022
Cover_T480 948
Cover_T481 1026
Cover_T482 938
Cover_T483 1000
Cover_T484 952
Cover_T485 46
Cover_T486 -40
Cover_T487 34
Cover_T488 -40
Cover_T489 12
Cover_T490 -40
Cover_T491 8
Cover_T492 -36
Cover_T493 8
Cover_T494 -34
Cover_T495 22
Cover_T496 -14
Cover_T497 2
Cover_T498 -8.27036e-11
Cover_T499 6
Cover_T500 2
Cover_T501 12
Cover_T502 -2
Cover_T503 -4
Cover_T504 14
Cover_T505 48
Cover_T506 -8
Cover_T507 32
Cover_T508 8
Cover_T509 16
Cover_T510 0
Cover_T511 0
Cover_T512 -6
Cover_T513 6
Cover_T514 10
Cover_T515 20
Cover_T516 -38
Cover_T517 0
Cover_T518 -18
Cover_T519 0
Cover_T520 2
Cover_T521 20
Cover_T522 0
Cover_T523 0
Cover_T524 -12
Cover_T525 -20
Cover_T526 8
Cover_T527 2
Cover_T528 8
Cover_T529 48
Cover_T530 -12
Cover_T531 28
Cover_T532 8
Cover_T533 8
Cover_T534 28
Cover_T535 48
Cover_T536 6
Cover_T537 28
Cover_T538 -40
Cover_T539 4
Cover_T540 -12
Cover_T541 -14
Cover_T542 -44
Cover_T543 -42
Cover_T544 -16
Cover_T545 0
Cover_T546 2
Cover_T547 -2.46709e-09
Cover_T548 30
Cover_T549 -28
Cover_T550 4
Cover_T551 -28
Cover_T552 0
Cover_T553 8
Cover_T554 16
Cover_T555 2
Cover_T556 40
Cover_T557 -2
Cover_T558 32
Cover_T559 -10
Cover_T560 58
Cover_T561 -30
Cover_T562 14
Cover_T563 8
Cover_T564 14
Cover_T565 2
Cover_T566 18
Cover_T567 18
Cover_T568 24
Cover_T569 0
Cover_T570 40
Cover_T571 0
Cover_T572 56
Cover_T573 0
Cover_T574 26
Cover_T575 2
Cover_T576 28
Cover_T577 18
Cover_T578 6
Cover_T579 2.32202e-09
Cover_T580 28
Cover_T581 24
Cover_T582 28
Cover_T583 28
Cover_T584 36
Cover_T585 6
Cover_T586 38
Cover_T587 0
Cover_T588 24
Cover_T589 8
Cover_T590 40
Cover_T591 24
Cover_T592 16
Cover_T593 16
Cover_T594 8
Cover_T595 24
Cover_T596 32
Cover_T597 20
Cover_T598 38
Cover_T599 12
Cover_T600 30
Cover_T601 6
Cover_T602 6
Cover_T603 6
Cover_T604 16
Cover_T605 10
Cover_T606 6
Cover_T607 6
Cover_T608 6
Cover_T609 0
Cover_T610 6
Cover_T611 2
Cover_T612 6
Cover_T613 2
Cover_T614 10
Cover_T615 2
Cover_T616 8
Cover_T617 2
Cover_T618 10
Cover_T619 2
Cover_T620 16
Cover_T621 -1.04865e-09
Cover_T622 10
Cover_T623 -7.14486e-10
Cover_T624 10
Cover_T625 -8.02306e-10
Cover_T626 10
Cover_T627 -6
Cover_T628 14
Cover_T629 -9.37224e-10
Cover_T630 16
Cover_T631 -6.58883e-10
Cover_T632 16
Cover_T633 -1.08264e-09
Cover_T634 14
Cover_T635 -16
Cover_T636 16
Cover_T637 -4
Cover_T638 26
Cover_T639 -6
Cover_T640 20
Cover_T641 -4
Cover_T642 22
Cover_T643 -8
Cover_T644 22
Cover_T645 -8
Cover_T646 38
Cover_T647 -18
Cover_T648 30
Cover_T649 -34
Cover_T650 32
Cover_T651 -16
Cover_T652 30
Cover_T653 -32
Cover_T654 30
Cover_T655 -14
Cover_T656 44
Cover_T657 -14
Cover_T658 52
Cover_T659 -18
Cover_T660 68
Cover_T661 -18
Cover_T662 54
Cover_T663 -18
Cover_T664 74
Cover_T665 -18
Cover_T666 52
Cover_T667 -32
Cover_T668 54
Cover_T669 -32
Cover_T670 54
Cover_T671 -32
Cover_T672 56
Cover_T673 -42
Cover_T674 50
Cover_T675 -42
Cover_T676 64
Cover_T677 -46
Cover_T678 62
Cover_T679 -48
Cover_T680 56
Cover_T681 -48
Cover_T682 24
Cover_T683 10
Cover_T684 38
Cover_T685 10
Cover_T686 16
Cover_T687 4
Cover_T688 66
Cover_T689 8
Cover_T690 46
Cover_T691 44
Cover_T692 98
Cover_T693 10
Cover_T694 986
Cover_T695 54
Cover_T696 974
Cover_T697 940
Cover_T698 950
Cover_T699 952
Cover_T700 1010
Cover_T701 896
Cover_T702 1026
Cover_T703 0
Cover_T704 982
Cover_T705 16
Cover_T706 60
Cover_T707 32
Cover_T708 64
Cover_T709 -34
Cover_T710 52
Cover_T711 58
Cover_T712 0
Cover_T713 66
Cover_T714 0
Cover_T715 74
Cover_T716 6
Cover_T717 76
Cover_T718 -24
Cover_T719 48
Cover_T720 32
Cover_T721 54
Cover_T722 0
Cover_T723 34
Cover_T724 74
Cover_T725 58
Cover_T726 50
Cover_T727 80
Cover_T728 74
Cover_T729 22
Cover_T730 44
Cover_T731 44
Cover_T732 40
Cover_T733 -8
Cover_T734 60
Cover_T735 -10
Cover_T736 40
Cover_T737 0
Cover_T738 50
Cover_T739 0
Cover_T740 44
Count_D0 -984
Count_D1 -1000
Max_H0_P0 0
Max_H0_P1 0
Max_H0_P2 0
Max_H0_P3 0
Max_H0_P4 0
Max_H0_P5 -6.70539e-11
Max_H0_P6 -7.57261e-11
Max_H0_P7 0
Max_H0_P8 0
Max_H0_P9 0
Max_H0_P10 0
Max_H0_P11 0
Max_H0_P12 0
Max_H0_P13 0
Max_H0_P14 0
Max_H0_P15 -3.24188e-11
Max_H0_P16 3.24188e-11
Max_H0_P17 1.27445e-11
Max_H0_P18 2.44781e-11
Max_H0_P19 -4.11333e-11
Max_H0_P20 4.9063e-12
Max_H0_P21 -1.18912e-11
Max_H0_P22 -2.17872e-11
Max_H0_P23 -8.5103e-12
Max_H0_P24 5.05015e-11
Max_H0_P25 -8.88178e-16
Max_H0_P26 -4.85834e-11
Max_H0_P27 -3.76225e-11
Max_H0_P28 6.39897e-11
Max_H0_P29 -1.96974e-11
Max_H0_P30 4.01414e-11
Max_H0_P31 7.62057e-13
Max_H0_P32 -2.48428e-11
Max_H0_P33 -2.41517e-11
Max_H0_P34 -7.26446e-12
Max_H0_P35 2.50071e-11
Max_H0_P36 -1.76905e-11
Max_H0_P37 2.69829e-12
Max_H0_P38 -5.02437e-12
Max_H0_P39 -3.90257e-11
Max_H0_P40 1.08562e-11
Max_H0_P41 2.70557e-12
Max_H0_P42 1.55538e-11
Max_H0_P43 0
Max_H0_P44 0
Max_H0_P45 0
Max_H0_P46 0
Max_H0_P47 0
Max_H0_P48 0
Max_H0_P49 0
Max_H0_P50 0
Max_H0_P51 0
Max_H0_P52 0
Max_H0_P53 0
Max_H0_P54 0
Max_H0_P55 0
Max_H0_P56 0
Max_H0_P57 0
Max_H0_P58 0
Max_H0_P59 0
Max_H0_P60 0
Max_H0_P61 0
Max_H0_P62 0
Max_H0_P63 0
Max_H0_P64 0
Max_H0_P65 0
Max_H0_P66 0
Max_H0_P67 0
Max_H0_P68 0
Max_H0_P69 0
Max_H0_P70 0
Max_H0_P71 0
Max_H0_P72 0
Max_H0_P73 0
Max_H0_P74 0
Max_H0_P75 0
Max_H0_P76 0
Max_H0_P77 3.64508e-12
Max_H0_P78 0
Max_H0_P79 0
Max_H0_P80 0
Max_H0_P81 0
Max_H1_P0 0
Max_H1_P1 0
Max_H1_P2 0
Max_H1_P3 0
Max_H1_P4 0
Max_H1_P5 -8.17693e-11
Max_H1_P6 -9.90461e-11
Max_H1_P7 0
Max_H1_P8 0
Max_H1_P9 0
Max_H1_P10 0
Max_H1_P11 0
Max_H1_P12 0
Max_H1_P13 0
Max_H1_P14 0
Max_H1_P15 -2.77787e-11
Max_H1_P16 0
Max_H1_P17 1.13401e-11
Max_H1_P18 -2.41172e-11
Max_H1_P19 -1.41316e-11
Max_H1_P20 -3.6227e-11
Max_H1_P21 -3.02975e-11
Max_H1_P22 2.40216e-11
Max_H1_P23 3.68345e-11
Max_H1_P24 0
Max_H1_P25 -1.46604e-11
Max_H1_P26 3.30367e-11
Max_H1_P27 -1.63007e-11
Max_H1_P28 0
Max_H1_P29 0
Max_H1_P30 7.56994e-12
Max_H1_P31 2.12061e-11
Max_H1_P32 9.63496e-12
Max_H1_P33 -4.89946e-11
Max_H1_P34 -6.4091e-12
Max_H1_P35 1.51346e-11
Max_H1_P36 -2.18972e-11
Max_H1_P37 -4.34641e-11
Max_H1_P38 -1.95029e-11
Max_H1_P39 8.12861e-12
Max_H1_P40 -5.01899e-12
Max_H1_P41 9.64206e-12
Max_H1_P42 -4.00107e-11
Max_H1_P43 0
Max_H1_P44 0
Max_H1_P45 0
Max_H1_P46 0
Max_H1_P47 0
Max_H1_P48 0
Max_H1_P49 0
Max_H1_P50 0
Max_H1_P51 0
Max_H1_P52 0
Max_H1_P53 0
Max_H1_P54 0
Max_H1_P55 0
Max_H1_P56 0
Max_H1_P57 0
Max_H1_P58 0
Max_H1_P59 0
Max_H1_P60 0
Max_H1_P61 0
Max_H1_P62 -2.52692e-11
Max_H1_P63 6.56488e-11
Max_H1_P64 4.51297e-11
Max_H1_P65 0
Max_H1_P66 0
Max_H1_P67 0
Max_H1_P68 0
Max_H1_P69 0
Max_H1_P70 0
Max_H1_P71 1.29141e-11
Max_H1_P72 4.08569e-10
Max_H1_P73 0
Max_H1_P74 0
Max_H1_P75 0
Max_H1_P76 0
Max_H1_P77 0
Max_H1_P78 -8.73612e-12
Max_H1_P79 0
Max_H1_P80 0
Max_H1_P81 0
