
Branch and bound

  Entire solving process        :                           (Time    562.2)
  No feasible solution was found
  Best relaxation cost          :     47715.06 (Node     0) (Time    562.2)
  Lower bound after cuts        :     47715.06
  End lower bound               :     47715.06
  Deepest level reached         : 0
  Deepest real level reached    : 0
  Number of real nodes solved   : 1
  Stopping condition            : enough nodes explored

Problem identification

  Problem                       : <null>
  Machine                       : oslo5.gerad.lan

Solving process summary

  Linear relaxations            :        1
  Column generation iterations  :      253
  Shortest paths solved         :     4743
  Columns generated             :    51619

Instance characteristics

  Resources                     : 3
  Node types                    : no
  Arc types                     : no
  Strong resource windows       : no
  Weak resource windows         : no
  Resource windows (nodes)      : 3
  Resource values (arcs)        : 3
  Values on nodes               : no

  Rows                          : 907
  Initial columns               : 2
  Tasks                         : 745
  Strong tasks                  : 741
  Weak tasks                    : 4
  Initial task constraints      : no
  Nodes                         : 1073
  Arc sets                      : 1
  Arcs                          : 26304
  Networks                      : 2
  Models                        : 1

Memory used per module (Megs)

  Parser (reused)               :      5.578
  Networks                      :     27.365
  Column generator              :      8.234
  Master problem                :      9.096
  -----------------
  Total                         :     44.695

Cpu time per module (seconds)

  Parser                        :        0.0
  Preprocessor                  :        0.0
  Lr solver manager             :        0.1
  Column generator              :       68.3
    (Shortest path)             :       63.1
  Master problem                :      493.7
  -------------------
  Total (without b&b)           :      562.2

Real elapsed time (seconds)

  Parser                        :        0.0
  Preprocessor                  :        0.0
  Lr solver manager             :        0.2
  Column generator              :       68.4
    (Shortest path)             :       62.4
  Master problem                :      493.6
  -------------------
  Total (without b&b)           :      562.2
