
Branch and bound

  Entire solving process        :                           (Time    689.0)
  No feasible solution was found
  Best relaxation cost          :     65835.83 (Node     0) (Time    689.0)
  Lower bound after cuts        :     65835.83
  End lower bound               :     65835.83
  Deepest level reached         : 0
  Deepest real level reached    : 0
  Number of real nodes solved   : 1
  Stopping condition            : enough nodes explored

Problem identification

  Problem                       : <null>
  Machine                       : oslo3.gerad.lan

Solving process summary

  Linear relaxations            :        1
  Column generation iterations  :      156
  Shortest paths solved         :     4938
  Columns generated             :    63452

Instance characteristics

  Resources                     : 3
  Node types                    : no
  Arc types                     : no
  Strong resource windows       : no
  Weak resource windows         : no
  Resource windows (nodes)      : 3
  Resource values (arcs)        : 3
  Values on nodes               : no

  Rows                          : 1219
  Initial columns               : 2
  Tasks                         : 1057
  Strong tasks                  : 1053
  Weak tasks                    : 4
  Initial task constraints      : no
  Nodes                         : 1385
  Arc sets                      : 1
  Arcs                          : 49337
  Networks                      : 2
  Models                        : 1

Memory used per module (Megs)

  Parser (reused)               :     10.058
  Networks                      :     38.505
  Column generator              :     23.975
  Master problem                :     11.591
  -----------------
  Total                         :     74.071

Cpu time per module (seconds)

  Parser                        :        0.0
  Preprocessor                  :        0.0
  Lr solver manager             :        0.2
  Column generator              :      270.8
    (Shortest path)             :      254.0
  Master problem                :      417.9
  -------------------
  Total (without b&b)           :      689.0

Real elapsed time (seconds)

  Parser                        :        0.0
  Preprocessor                  :        0.0
  Lr solver manager             :        0.2
  Column generator              :      270.9
    (Shortest path)             :      254.3
  Master problem                :      417.8
  -------------------
  Total (without b&b)           :      689.0
