Cover_T0 52
Cover_T1 -52
Cover_T2 52
Cover_T3 -52
Cover_T4 52
Cover_T5 -52
Cover_T6 52
Cover_T7 -52
Cover_T8 54
Cover_T9 -52
Cover_T10 54
Cover_T11 -50
Cover_T12 54
Cover_T13 -50
Cover_T14 52
Cover_T15 -50
Cover_T16 54
Cover_T17 -50
Cover_T18 60
Cover_T19 -44
Cover_T20 54
Cover_T21 -38
Cover_T22 60
Cover_T23 -38
Cover_T24 52
Cover_T25 -30
Cover_T26 62
Cover_T27 -2
Cover_T28 58
Cover_T29 -22
Cover_T30 52
Cover_T31 992
Cover_T32 1038
Cover_T33 982
Cover_T34 1006
Cover_T35 996
Cover_T36 1024
Cover_T37 996
Cover_T38 0
Cover_T39 2
Cover_T40 -6
Cover_T41 14
Cover_T42 -18
Cover_T43 8
Cover_T44 -4
Cover_T45 8
Cover_T46 4
Cover_T47 40
Cover_T48 4
Cover_T49 22
Cover_T50 4
Cover_T51 14
Cover_T52 4
Cover_T53 14
Cover_T54 4
Cover_T55 14
Cover_T56 4
Cover_T57 14
Cover_T58 4
Cover_T59 14
Cover_T60 0
Cover_T61 2
Cover_T62 0
Cover_T63 0
Cover_T64 -26
Cover_T65 0
Cover_T66 4
Cover_T67 10
Cover_T68 0
Cover_T69 28
Cover_T70 0
Cover_T71 52
Cover_T72 -8
Cover_T73 0
Cover_T74 -26
Cover_T75 18
Cover_T76 4
Cover_T77 14
Cover_T78 4
Cover_T79 40
Cover_T80 -4.51195e-12
Cover_T81 14
Cover_T82 -8
Cover_T83 20
Cover_T84 0
Cover_T85 12
Cover_T86 4
Cover_T87 -8.62599e-12
Cover_T88 -5.62901e-11
Cover_T89 0
Cover_T90 -20
Cover_T91 4
Cover_T92 0
Cover_T93 24
Cover_T94 -8
Cover_T95 10
Cover_T96 4
Cover_T97 10
Cover_T98 4
Cover_T99 6
Cover_T100 -14
Cover_T101 2
Cover_T102 -38
Cover_T103 18
Cover_T104 -6
Cover_T105 20
Cover_T106 0
Cover_T107 52
Cover_T108 -6
Cover_T109 28
Cover_T110 -26
Cover_T111 22
Cover_T112 4
Cover_T113 22
Cover_T114 4
Cover_T115 34
Cover_T116 4
Cover_T117 60
Cover_T118 2.24802e-10
Cover_T119 26
Cover_T120 -5.03397e-11
Cover_T121 6
Cover_T122 -20
Cover_T123 22
Cover_T124 -4
Cover_T125 26
Cover_T126 -28
Cover_T127 48
Cover_T128 -4
Cover_T129 34
Cover_T130 -4
Cover_T131 32
Cover_T132 -26
Cover_T133 64
Cover_T134 -4
Cover_T135 38
Cover_T136 -10
Cover_T137 46
Cover_T138 -32
Cover_T139 26
Cover_T140 -16
Cover_T141 48
Cover_T142 -16
Cover_T143 66
Cover_T144 -20
Cover_T145 76
Cover_T146 -30
Cover_T147 70
Cover_T148 -30
Cover_T149 74
Cover_T150 52
Cover_T151 -52
Cover_T152 52
Cover_T153 -50
Cover_T154 52
Cover_T155 -50
Cover_T156 58
Cover_T157 -44
Cover_T158 50
Cover_T159 -50
Cover_T160 50
Cover_T161 -56
Cover_T162 44
Cover_T163 -44
Cover_T164 50
Cover_T165 -38
Cover_T166 54
Cover_T167 -10
Cover_T168 44
Cover_T169 -30
Cover_T170 38
Cover_T171 992
Cover_T172 1006
Cover_T173 996
Cover_T174 1028
Cover_T175 996
Cover_T176 8
Cover_T177 0
Cover_T178 0
Cover_T179 6
Cover_T180 -8
Cover_T181 22
Cover_T182 -8
Cover_T183 6
Cover_T184 4
Cover_T185 18
Cover_T186 4.61247e-12
Cover_T187 12
Cover_T188 -12
Cover_T189 10
Cover_T190 -12
Cover_T191 10
Cover_T192 -12
Cover_T193 10
Cover_T194 -12
Cover_T195 10
Cover_T196 0
Cover_T197 10
Cover_T198 2
Cover_T199 10
Cover_T200 2
Cover_T201 10
Cover_T202 -10
Cover_T203 14
Cover_T204 -42
Cover_T205 8
Cover_T206 2
Cover_T207 40
Cover_T208 4
Cover_T209 14
Cover_T210 -14
Cover_T211 2
Cover_T212 -42
Cover_T213 10
Cover_T214 -8
Cover_T215 28
Cover_T216 2.2375e-11
Cover_T217 52
Cover_T218 4
Cover_T219 18
Cover_T220 4
Cover_T221 10
Cover_T222 4
Cover_T223 14
Cover_T224 0
Cover_T225 22
Cover_T226 -4
Cover_T227 2
Cover_T228 4
Cover_T229 8
Cover_T230 -7.56231e-11
Cover_T231 12
Cover_T232 -4
Cover_T233 16
Cover_T234 4
Cover_T235 2
Cover_T236 -4
Cover_T237 12
Cover_T238 -18
Cover_T239 -4
Cover_T240 4
Cover_T241 22
Cover_T242 4
Cover_T243 -7.51257e-11
Cover_T244 4
Cover_T245 4
Cover_T246 -16
Cover_T247 4
Cover_T248 4
Cover_T249 32
Cover_T250 1.22611e-10
Cover_T251 20
Cover_T252 -16
Cover_T253 6
Cover_T254 -2
Cover_T255 6
Cover_T256 -2
Cover_T257 6
Cover_T258 -28
Cover_T259 14
Cover_T260 -14
Cover_T261 14
Cover_T262 -18
Cover_T263 38
Cover_T264 -42
Cover_T265 32
Cover_T266 -16
Cover_T267 38
Cover_T268 -14
Cover_T269 64
Cover_T270 -4
Cover_T271 36
Cover_T272 -16
Cover_T273 34
Cover_T274 -30
Cover_T275 22
Cover_T276 -18
Cover_T277 30
Cover_T278 -38
Cover_T279 32
Cover_T280 -36
Cover_T281 34
Cover_T282 -16
Cover_T283 42
Cover_T284 -32
Cover_T285 64
Cover_T286 -16
Cover_T287 84
Cover_T288 -30
Cover_T289 62
Cover_T290 54
Cover_T291 -44
Cover_T292 66
Cover_T293 -42
Cover_T294 52
Cover_T295 -30
Cover_T296 64
Cover_T297 -6
Cover_T298 56
Cover_T299 -22
Cover_T300 58
Cover_T301 996
Cover_T302 1044
Cover_T303 994
Cover_T304 1036
Cover_T305 996
Cover_T306 996
Cover_T307 996
Cover_T308 1012
Cover_T309 996
Cover_T310 1028
Cover_T311 992
Cover_T312 -6
Cover_T313 0
Cover_T314 8
Cover_T315 2
Cover_T316 4
Cover_T317 10
Cover_T318 -28
Cover_T319 18
Cover_T320 -8
Cover_T321 20
Cover_T322 0
Cover_T323 12
Cover_T324 4
Cover_T325 36
Cover_T326 -8
Cover_T327 10
Cover_T328 1.53761e-11
Cover_T329 2
Cover_T330 4
Cover_T331 6
Cover_T332 4
Cover_T333 26
Cover_T334 4
Cover_T335 26
Cover_T336 4
Cover_T337 26
Cover_T338 0
Cover_T339 18
Cover_T340 2
Cover_T341 10
Cover_T342 -6
Cover_T343 2
Cover_T344 -30
Cover_T345 2
Cover_T346 4
Cover_T347 0
Cover_T348 0
Cover_T349 16
Cover_T350 4
Cover_T351 48
Cover_T352 -22
Cover_T353 2
Cover_T354 4
Cover_T355 2
Cover_T356 4
Cover_T357 20
Cover_T358 0
Cover_T359 52
Cover_T360 -8
Cover_T361 26
Cover_T362 0
Cover_T363 20
Cover_T364 4
Cover_T365 12
Cover_T366 4
Cover_T367 8
Cover_T368 8.03979e-12
Cover_T369 0
Cover_T370 4
Cover_T371 8
Cover_T372 0
Cover_T373 4
Cover_T374 4
Cover_T375 4
Cover_T376 -16
Cover_T377 8
Cover_T378 4
Cover_T379 4
Cover_T380 2
Cover_T381 8
Cover_T382 0
Cover_T383 4
Cover_T384 -4
Cover_T385 24
Cover_T386 4
Cover_T387 10
Cover_T388 4
Cover_T389 6
Cover_T390 -22
Cover_T391 22
Cover_T392 0
Cover_T393 18
Cover_T394 0
Cover_T395 20
Cover_T396 0
Cover_T397 56
Cover_T398 -14
Cover_T399 28
Cover_T400 -46
Cover_T401 24
Cover_T402 -16
Cover_T403 22
Cover_T404 4
Cover_T405 36
Cover_T406 4
Cover_T407 60
Cover_T408 6.87099e-11
Cover_T409 26
Cover_T410 -4
Cover_T411 6
Cover_T412 -16
Cover_T413 22
Cover_T414 -24
Cover_T415 26
Cover_T416 -48
Cover_T417 40
Cover_T418 -4
Cover_T419 44
Cover_T420 -4
Cover_T421 58
Cover_T422 -4
Cover_T423 16
Cover_T424 -4
Cover_T425 46
Cover_T426 -22
Cover_T427 46
Cover_T428 -14
Cover_T429 60
Cover_T430 -44
Cover_T431 64
Cover_T432 -16
Cover_T433 64
Cover_T434 -32
Cover_T435 68
Cover_T436 -18
Cover_T437 88
Cover_T438 -30
Cover_T439 52
Cover_T440 -30
Cover_T441 70
Cover_T442 54
Cover_T443 2
Cover_T444 42
Cover_T445 2.04636e-11
Cover_T446 32
Cover_T447 44
Cover_T448 74
Cover_T449 12
Cover_T450 54
Cover_T451 1040
Cover_T452 1092
Cover_T453 1024
Cover_T454 1086
Cover_T455 1044
Cover_T456 1058
Cover_T457 990
Cover_T458 1058
Cover_T459 1010
Cover_T460 42
Cover_T461 34
Cover_T462 24
Cover_T463 52
Cover_T464 -20
Cover_T465 0
Cover_T466 0
Cover_T467 20
Cover_T468 0
Cover_T469 52
Cover_T470 8
Cover_T471 8
Cover_T472 32
Cover_T473 8
Cover_T474 36
Cover_T475 12
Cover_T476 0
Cover_T477 0
Cover_T478 32
Cover_T479 10
Cover_T480 48
Cover_T481 0
Cover_T482 48
Count_D0 -984
Count_D1 -1000
Max_H0_P0 0
Max_H0_P1 0
Max_H0_P2 0
Max_H0_P3 0
Max_H0_P4 0
Max_H0_P5 0
Max_H0_P6 0
Max_H0_P7 0
Max_H0_P8 0
Max_H0_P9 0
Max_H0_P10 0
Max_H0_P11 0
Max_H0_P12 0
Max_H0_P13 0
Max_H0_P14 0
Max_H0_P15 0
Max_H0_P16 0
Max_H0_P17 0
Max_H0_P18 0
Max_H0_P19 0
Max_H0_P20 0
Max_H0_P21 2.48672e-11
Max_H0_P22 -1.8467e-11
Max_H0_P23 0
Max_H0_P24 1.50026e-11
Max_H0_P25 0
Max_H0_P26 0
Max_H0_P27 -9.911e-12
Max_H0_P28 9.37916e-13
Max_H0_P29 -9.57554e-12
Max_H0_P30 0
Max_H0_P31 0
Max_H0_P32 1.91642e-11
Max_H0_P33 -3.78041e-11
Max_H0_P34 0
Max_H0_P35 0
Max_H0_P36 0
Max_H0_P37 -3.59823e-11
Max_H0_P38 1.16085e-11
Max_H0_P39 -3.57659e-11
Max_H0_P40 0
Max_H0_P41 0
Max_H0_P42 0
Max_H0_P43 0
Max_H0_P44 0
Max_H0_P45 0
Max_H0_P46 0
Max_H0_P47 0
Max_H0_P48 0
Max_H0_P49 0
Max_H0_P50 0
Max_H0_P51 0
Max_H0_P52 0
Max_H0_P53 0
Max_H0_P54 0
Max_H0_P55 0
Max_H0_P56 0
Max_H0_P57 0
Max_H0_P58 0
Max_H0_P59 0
Max_H0_P60 0
Max_H0_P61 0
Max_H0_P62 0
Max_H0_P63 0
Max_H0_P64 0
Max_H0_P65 0
Max_H0_P66 0
Max_H0_P67 0
Max_H0_P68 0
Max_H0_P69 0
Max_H0_P70 0
Max_H0_P71 0
Max_H0_P72 0
Max_H0_P73 0
Max_H0_P74 0
Max_H0_P75 0
Max_H0_P76 0
Max_H0_P77 0
Max_H0_P78 0
Max_H0_P79 0
Max_H0_P80 0
Max_H0_P81 0
Max_H1_P0 0
Max_H1_P1 0
Max_H1_P2 0
Max_H1_P3 0
Max_H1_P4 0
Max_H1_P5 0
Max_H1_P6 4.13163e-11
Max_H1_P7 0
Max_H1_P8 0
Max_H1_P9 0
Max_H1_P10 0
Max_H1_P11 0
Max_H1_P12 0
Max_H1_P13 0
Max_H1_P14 0
Max_H1_P15 0
Max_H1_P16 -1.40412e-11
Max_H1_P17 3.51812e-11
Max_H1_P18 2.38054e-11
Max_H1_P19 0
Max_H1_P20 -3.69482e-13
Max_H1_P21 0
Max_H1_P22 0
Max_H1_P23 -2.08659e-11
Max_H1_P24 0
Max_H1_P25 -6.38375e-12
Max_H1_P26 2.09965e-11
Max_H1_P27 -4.84151e-12
Max_H1_P28 0
Max_H1_P29 9.32365e-12
Max_H1_P30 2.07478e-11
Max_H1_P31 -3.34737e-11
Max_H1_P32 -1.72798e-11
Max_H1_P33 0
Max_H1_P34 -2.29416e-11
Max_H1_P35 -1.40687e-11
Max_H1_P36 0
Max_H1_P37 -3.22338e-11
Max_H1_P38 9.45641e-12
Max_H1_P39 -2.05477e-11
Max_H1_P40 0
Max_H1_P41 1.13427e-11
Max_H1_P42 2.62617e-11
Max_H1_P43 1.56779e-11
Max_H1_P44 0
Max_H1_P45 -4.60696e-11
Max_H1_P46 0
Max_H1_P47 -6.30607e-12
Max_H1_P48 5.33573e-13
Max_H1_P49 0
Max_H1_P50 0
Max_H1_P51 0
Max_H1_P52 0
Max_H1_P53 0
Max_H1_P54 0
Max_H1_P55 0
Max_H1_P56 0
Max_H1_P57 0
Max_H1_P58 0
Max_H1_P59 1.96243e-11
Max_H1_P60 0
Max_H1_P61 0
Max_H1_P62 0
Max_H1_P63 0
Max_H1_P64 0
Max_H1_P65 0
Max_H1_P66 0
Max_H1_P67 0
Max_H1_P68 0
Max_H1_P69 0
Max_H1_P70 0
Max_H1_P71 0
Max_H1_P72 0
Max_H1_P73 0
Max_H1_P74 0
Max_H1_P75 0
Max_H1_P76 0
Max_H1_P77 0
Max_H1_P78 0
Max_H1_P79 0
Max_H1_P80 0
Max_H1_P81 0
