Cover_T0 52
Cover_T1 -52
Cover_T2 52
Cover_T3 -52
Cover_T4 52
Cover_T5 -52
Cover_T6 52
Cover_T7 -52
Cover_T8 52
Cover_T9 -52
Cover_T10 52
Cover_T11 -52
Cover_T12 52
Cover_T13 -52
Cover_T14 52
Cover_T15 -52
Cover_T16 52
Cover_T17 -52
Cover_T18 52
Cover_T19 -52
Cover_T20 52
Cover_T21 -52
Cover_T22 52
Cover_T23 -52
Cover_T24 54
Cover_T25 -52
Cover_T26 54
Cover_T27 -52
Cover_T28 54
Cover_T29 -50
Cover_T30 54
Cover_T31 -50
Cover_T32 56
Cover_T33 -48
Cover_T34 54
Cover_T35 -48
Cover_T36 52
Cover_T37 -48
Cover_T38 56
Cover_T39 -48
Cover_T40 56
Cover_T41 -46
Cover_T42 50
Cover_T43 -46
Cover_T44 56
Cover_T45 -46
Cover_T46 52
Cover_T47 -42
Cover_T48 56
Cover_T49 -46
Cover_T50 54
Cover_T51 -46
Cover_T52 58
Cover_T53 -42
Cover_T54 50
Cover_T55 -44
Cover_T56 56
Cover_T57 -40
Cover_T58 56
Cover_T59 -28
Cover_T60 60
Cover_T61 -36
Cover_T62 54
Cover_T63 -36
Cover_T64 54
Cover_T65 68
Cover_T66 50
Cover_T67 60
Cover_T68 78
Cover_T69 52
Cover_T70 68
Cover_T71 44
Cover_T72 52
Cover_T73 36
Cover_T74 52
Cover_T75 986
Cover_T76 1034
Cover_T77 976
Cover_T78 1042
Cover_T79 990
Cover_T80 1042
Cover_T81 990
Cover_T82 938
Cover_T83 986
Cover_T84 946
Cover_T85 966
Cover_T86 954
Cover_T87 974
Cover_T88 962
Cover_T89 980
Cover_T90 962
Cover_T91 990
Cover_T92 14
Cover_T93 -4
Cover_T94 -4
Cover_T95 -4
Cover_T96 8
Cover_T97 -4
Cover_T98 6
Cover_T99 4
Cover_T100 -6
Cover_T101 0
Cover_T102 6
Cover_T103 16
Cover_T104 -4
Cover_T105 0
Cover_T106 0
Cover_T107 -2
Cover_T108 2
Cover_T109 10
Cover_T110 6
Cover_T111 -6
Cover_T112 10
Cover_T113 0
Cover_T114 -2
Cover_T115 2
Cover_T116 4
Cover_T117 4
Cover_T118 10
Cover_T119 2
Cover_T120 2
Cover_T121 -2
Cover_T122 2
Cover_T123 -6
Cover_T124 8.83205e-12
Cover_T125 6
Cover_T126 8
Cover_T127 4
Cover_T128 2
Cover_T129 2
Cover_T130 6
Cover_T131 -5.28644e-11
Cover_T132 2
Cover_T133 0
Cover_T134 -18
Cover_T135 6
Cover_T136 -38
Cover_T137 2
Cover_T138 -42
Cover_T139 4
Cover_T140 8
Cover_T141 20
Cover_T142 8
Cover_T143 36
Cover_T144 6.19282e-13
Cover_T145 52
Cover_T146 10
Cover_T147 52
Cover_T148 0
Cover_T149 2
Cover_T150 2
Cover_T151 2
Cover_T152 2
Cover_T153 10
Cover_T154 8
Cover_T155 -4
Cover_T156 2
Cover_T157 2
Cover_T158 6
Cover_T159 -4
Cover_T160 -6
Cover_T161 2
Cover_T162 0
Cover_T163 4
Cover_T164 8
Cover_T165 -4
Cover_T166 -4
Cover_T167 2
Cover_T168 3.06741e-11
Cover_T169 -2
Cover_T170 0
Cover_T171 10
Cover_T172 4
Cover_T173 4
Cover_T174 -6.50502e-11
Cover_T175 4
Cover_T176 3.11172e-11
Cover_T177 8
Cover_T178 -16
Cover_T179 0
Cover_T180 -36
Cover_T181 8
Cover_T182 -24
Cover_T183 8
Cover_T184 -44
Cover_T185 24
Cover_T186 -44
Cover_T187 44
Cover_T188 4
Cover_T189 32
Cover_T190 8
Cover_T191 52
Cover_T192 6
Cover_T193 52
Cover_T194 -3.33753e-10
Cover_T195 4
Cover_T196 8
Cover_T197 4.19416e-11
Cover_T198 4
Cover_T199 -6
Cover_T200 1.96003e-11
Cover_T201 6
Cover_T202 4
Cover_T203 4
Cover_T204 2
Cover_T205 16
Cover_T206 -2
Cover_T207 3.11296e-10
Cover_T208 -14
Cover_T209 0
Cover_T210 6
Cover_T211 4
Cover_T212 2
Cover_T213 0
Cover_T214 -2
Cover_T215 2
Cover_T216 4
Cover_T217 6
Cover_T218 8
Cover_T219 22
Cover_T220 -8
Cover_T221 0
Cover_T222 -8
Cover_T223 8
Cover_T224 -24
Cover_T225 8
Cover_T226 -40
Cover_T227 6
Cover_T228 -24
Cover_T229 22
Cover_T230 -40
Cover_T231 20
Cover_T232 -38
Cover_T233 38
Cover_T234 0
Cover_T235 52
Cover_T236 8
Cover_T237 30
Cover_T238 4
Cover_T239 44
Cover_T240 8
Cover_T241 54
Cover_T242 8
Cover_T243 50
Cover_T244 6
Cover_T245 14
Cover_T246 6
Cover_T247 4
Cover_T248 6
Cover_T249 10
Cover_T250 6
Cover_T251 2
Cover_T252 6
Cover_T253 8
Cover_T254 -2
Cover_T255 4
Cover_T256 -4
Cover_T257 4
Cover_T258 -4
Cover_T259 8
Cover_T260 -4
Cover_T261 4
Cover_T262 -4
Cover_T263 16
Cover_T264 -4
Cover_T265 16
Cover_T266 -4
Cover_T267 16
Cover_T268 -4
Cover_T269 16
Cover_T270 -4
Cover_T271 16
Cover_T272 -20
Cover_T273 16
Cover_T274 -36
Cover_T275 16
Cover_T276 -42
Cover_T277 16
Cover_T278 -42
Cover_T279 18
Cover_T280 -4
Cover_T281 34
Cover_T282 3.87777e-10
Cover_T283 48
Cover_T284 -4
Cover_T285 56
Cover_T286 -2
Cover_T287 58
Cover_T288 -14
Cover_T289 20
Cover_T290 -30
Cover_T291 18
Cover_T292 -46
Cover_T293 18
Cover_T294 -38
Cover_T295 26
Cover_T296 -18
Cover_T297 36
Cover_T298 -32
Cover_T299 46
Cover_T300 -44
Cover_T301 60
Cover_T302 -10
Cover_T303 64
Cover_T304 -10
Cover_T305 64
Cover_T306 -12
Cover_T307 48
Cover_T308 -10
Cover_T309 68
Cover_T310 -8
Cover_T311 84
Cover_T312 -14
Cover_T313 46
Cover_T314 -18
Cover_T315 46
Cover_T316 -16
Cover_T317 52
Cover_T318 -22
Cover_T319 50
Cover_T320 -26
Cover_T321 56
Cover_T322 -34
Cover_T323 60
Cover_T324 -32
Cover_T325 60
Cover_T326 -40
Cover_T327 58
Cover_T328 -40
Cover_T329 62
Cover_T330 -42
Cover_T331 62
Cover_T332 -42
Cover_T333 52
Cover_T334 -52
Cover_T335 52
Cover_T336 -52
Cover_T337 52
Cover_T338 -52
Cover_T339 54
Cover_T340 -52
Cover_T341 52
Cover_T342 -50
Cover_T343 56
Cover_T344 -48
Cover_T345 52
Cover_T346 -48
Cover_T347 56
Cover_T348 -48
Cover_T349 52
Cover_T350 -46
Cover_T351 52
Cover_T352 -46
Cover_T353 48
Cover_T354 -42
Cover_T355 56
Cover_T356 -42
Cover_T357 48
Cover_T358 -44
Cover_T359 48
Cover_T360 -36
Cover_T361 46
Cover_T362 -28
Cover_T363 58
Cover_T364 -40
Cover_T365 54
Cover_T366 -36
Cover_T367 54
Cover_T368 64
Cover_T369 50
Cover_T370 60
Cover_T371 76
Cover_T372 48
Cover_T373 64
Cover_T374 40
Cover_T375 44
Cover_T376 24
Cover_T377 44
Cover_T378 982
Cover_T379 1038
Cover_T380 980
Cover_T381 934
Cover_T382 986
Cover_T383 942
Cover_T384 962
Cover_T385 950
Cover_T386 966
Cover_T387 958
Cover_T388 978
Cover_T389 966
Cover_T390 986
Cover_T391 16
Cover_T392 -4
Cover_T393 12
Cover_T394 -4
Cover_T395 4
Cover_T396 -4
Cover_T397 12
Cover_T398 -4
Cover_T399 6
Cover_T400 -4
Cover_T401 -2
Cover_T402 8
Cover_T403 10
Cover_T404 -4
Cover_T405 2.81807e-10
Cover_T406 7.70891e-11
Cover_T407 4
Cover_T408 8
Cover_T409 2
Cover_T410 -4
Cover_T411 2
Cover_T412 6
Cover_T413 2
Cover_T414 2
Cover_T415 4
Cover_T416 4
Cover_T417 6
Cover_T418 4
Cover_T419 2
Cover_T420 4
Cover_T421 0
Cover_T422 0
Cover_T423 8
Cover_T424 -6
Cover_T425 10
Cover_T426 2
Cover_T427 -2
Cover_T428 2
Cover_T429 10
Cover_T430 4
Cover_T431 -2
Cover_T432 -4
Cover_T433 2
Cover_T434 -6
Cover_T435 -10
Cover_T436 6
Cover_T437 -22
Cover_T438 -6
Cover_T439 -34
Cover_T440 6
Cover_T441 -46
Cover_T442 6
Cover_T443 -50
Cover_T444 26
Cover_T445 7.16458e-11
Cover_T446 46
Cover_T447 3.69289e-11
Cover_T448 50
Cover_T449 6
Cover_T450 0
Cover_T451 10
Cover_T452 0
Cover_T453 6
Cover_T454 -8
Cover_T455 10
Cover_T456 2
Cover_T457 0
Cover_T458 -8.70379e-11
Cover_T459 0
Cover_T460 0
Cover_T461 2
Cover_T462 -4
Cover_T463 6
Cover_T464 6
Cover_T465 6
Cover_T466 6
Cover_T467 2
Cover_T468 4
Cover_T469 4
Cover_T470 -4
Cover_T471 4
Cover_T472 8
Cover_T473 -8
Cover_T474 4
Cover_T475 0
Cover_T476 4
Cover_T477 -8
Cover_T478 -4.24762e-11
Cover_T479 -20
Cover_T480 0
Cover_T481 -32
Cover_T482 12
Cover_T483 -44
Cover_T484 4
Cover_T485 -24
Cover_T486 12
Cover_T487 -36
Cover_T488 24
Cover_T489 -52
Cover_T490 44
Cover_T491 -52
Cover_T492 32
Cover_T493 -4
Cover_T494 52
Cover_T495 0
Cover_T496 52
Cover_T497 -2
Cover_T498 4
Cover_T499 -8
Cover_T500 -1.01622e-10
Cover_T501 -1.47792e-10
Cover_T502 2
Cover_T503 6.75158e-11
Cover_T504 8
Cover_T505 -4
Cover_T506 2.05816e-10
Cover_T507 -6
Cover_T508 0
Cover_T509 6
Cover_T510 4
Cover_T511 0
Cover_T512 6
Cover_T513 4
Cover_T514 18
Cover_T515 10
Cover_T516 -3.46937e-10
Cover_T517 -2
Cover_T518 0
Cover_T519 -14
Cover_T520 8
Cover_T521 -10
Cover_T522 2
Cover_T523 -22
Cover_T524 -4
Cover_T525 -34
Cover_T526 10
Cover_T527 -46
Cover_T528 22
Cover_T529 -26
Cover_T530 18
Cover_T531 -38
Cover_T532 30
Cover_T533 -38
Cover_T534 52
Cover_T535 -6
Cover_T536 42
Cover_T537 0
Cover_T538 40
Cover_T539 0
Cover_T540 16
Cover_T541 2
Cover_T542 8
Cover_T543 4
Cover_T544 6
Cover_T545 2
Cover_T546 4
Cover_T547 2
Cover_T548 8
Cover_T549 2
Cover_T550 12
Cover_T551 2
Cover_T552 4
Cover_T553 2.09014e-10
Cover_T554 8
Cover_T555 -1.52912e-10
Cover_T556 8
Cover_T557 -2.92545e-10
Cover_T558 8
Cover_T559 -4.1314e-10
Cover_T560 8
Cover_T561 -3.60077e-10
Cover_T562 8
Cover_T563 -6.8591e-10
Cover_T564 8
Cover_T565 -16
Cover_T566 8
Cover_T567 -32
Cover_T568 8
Cover_T569 -38
Cover_T570 8
Cover_T571 -38
Cover_T572 24
Cover_T573 -4.60631e-10
Cover_T574 42
Cover_T575 -12
Cover_T576 50
Cover_T577 3.46347e-10
Cover_T578 48
Cover_T579 -8
Cover_T580 56
Cover_T581 -4
Cover_T582 48
Cover_T583 -14
Cover_T584 54
Cover_T585 -4
Cover_T586 12
Cover_T587 -12
Cover_T588 20
Cover_T589 -14
Cover_T590 8
Cover_T591 -22
Cover_T592 16
Cover_T593 -30
Cover_T594 12
Cover_T595 -38
Cover_T596 18
Cover_T597 -46
Cover_T598 10
Cover_T599 -44
Cover_T600 20
Cover_T601 -38
Cover_T602 20
Cover_T603 -46
Cover_T604 32
Cover_T605 -18
Cover_T606 38
Cover_T607 -26
Cover_T608 48
Cover_T609 -34
Cover_T610 58
Cover_T611 -42
Cover_T612 60
Cover_T613 -6
Cover_T614 46
Cover_T615 -14
Cover_T616 62
Cover_T617 -10
Cover_T618 40
Cover_T619 -6
Cover_T620 40
Cover_T621 -16
Cover_T622 60
Cover_T623 -10
Cover_T624 80
Cover_T625 -16
Cover_T626 34
Cover_T627 -8
Cover_T628 50
Cover_T629 -18
Cover_T630 44
Cover_T631 -22
Cover_T632 34
Cover_T633 -20
Cover_T634 48
Cover_T635 -24
Cover_T636 46
Cover_T637 -32
Cover_T638 54
Cover_T639 -42
Cover_T640 50
Cover_T641 -38
Cover_T642 56
Cover_T643 -36
Cover_T644 56
Cover_T645 -40
Cover_T646 54
Cover_T647 -48
Cover_T648 62
Cover_T649 -40
Cover_T650 62
Cover_T651 -44
Cover_T652 58
Cover_T653 -48
Cover_T654 52
Cover_T655 54
Cover_T656 -48
Cover_T657 56
Cover_T658 -46
Cover_T659 54
Cover_T660 -46
Cover_T661 54
Cover_T662 -44
Cover_T663 54
Cover_T664 -44
Cover_T665 58
Cover_T666 -44
Cover_T667 54
Cover_T668 -38
Cover_T669 56
Cover_T670 -30
Cover_T671 60
Cover_T672 -42
Cover_T673 54
Cover_T674 66
Cover_T675 50
Cover_T676 56
Cover_T677 74
Cover_T678 48
Cover_T679 62
Cover_T680 40
Cover_T681 58
Cover_T682 32
Cover_T683 48
Cover_T684 986
Cover_T685 1034
Cover_T686 990
Cover_T687 1042
Cover_T688 990
Cover_T689 1030
Cover_T690 982
Cover_T691 1038
Cover_T692 990
Cover_T693 1038
Cover_T694 990
Cover_T695 934
Cover_T696 990
Cover_T697 942
Cover_T698 966
Cover_T699 942
Cover_T700 974
Cover_T701 958
Cover_T702 982
Cover_T703 962
Cover_T704 990
Cover_T705 -2
Cover_T706 -8
Cover_T707 8
Cover_T708 -4
Cover_T709 4
Cover_T710 -8
Cover_T711 4
Cover_T712 -4
Cover_T713 -6
Cover_T714 5.52443e-10
Cover_T715 8
Cover_T716 -4
Cover_T717 2
Cover_T718 4
Cover_T719 0
Cover_T720 16
Cover_T721 -2
Cover_T722 2.26637e-10
Cover_T723 0
Cover_T724 0
Cover_T725 4
Cover_T726 4
Cover_T727 8
Cover_T728 16
Cover_T729 -4
Cover_T730 1.42094e-10
Cover_T731 2
Cover_T732 6
Cover_T733 8
Cover_T734 -2
Cover_T735 0
Cover_T736 10
Cover_T737 0
Cover_T738 8
Cover_T739 -2
Cover_T740 4
Cover_T741 6
Cover_T742 2.19558e-11
Cover_T743 8
Cover_T744 12
Cover_T745 -4
Cover_T746 6
Cover_T747 8
Cover_T748 -8.15121e-11
Cover_T749 -4
Cover_T750 0
Cover_T751 -8.39947e-10
Cover_T752 8
Cover_T753 -12
Cover_T754 10
Cover_T755 -24
Cover_T756 2
Cover_T757 -36
Cover_T758 1.66665e-10
Cover_T759 -48
Cover_T760 12
Cover_T761 -44
Cover_T762 0
Cover_T763 10
Cover_T764 12
Cover_T765 0
Cover_T766 4
Cover_T767 8
Cover_T768 12
Cover_T769 0
Cover_T770 20
Cover_T771 8.40412e-11
Cover_T772 28
Cover_T773 -8
Cover_T774 36
Cover_T775 10
Cover_T776 44
Cover_T777 2
Cover_T778 52
Cover_T779 -1.32751e-10
Cover_T780 44
Cover_T781 10
Cover_T782 52
Cover_T783 2
Cover_T784 -6
Cover_T785 0
Cover_T786 2
Cover_T787 2
Cover_T788 -6
Cover_T789 10
Cover_T790 2
Cover_T791 6
Cover_T792 2
Cover_T793 4
Cover_T794 10
Cover_T795 6
Cover_T796 4
Cover_T797 4
Cover_T798 -2.0265e-10
Cover_T799 4
Cover_T800 4
Cover_T801 0
Cover_T802 -2
Cover_T803 8
Cover_T804 2
Cover_T805 -9.94731e-11
Cover_T806 4
Cover_T807 2
Cover_T808 0
Cover_T809 -10
Cover_T810 1.64178e-12
Cover_T811 -26
Cover_T812 4
Cover_T813 -42
Cover_T814 4
Cover_T815 -26
Cover_T816 8
Cover_T817 -42
Cover_T818 4
Cover_T819 -38
Cover_T820 16
Cover_T821 0
Cover_T822 28
Cover_T823 6
Cover_T824 36
Cover_T825 -2
Cover_T826 44
Cover_T827 0
Cover_T828 52
Cover_T829 6
Cover_T830 28
Cover_T831 0
Cover_T832 36
Cover_T833 8
Cover_T834 44
Cover_T835 1.15003e-10
Cover_T836 52
Cover_T837 0
Cover_T838 40
Cover_T839 -2
Cover_T840 48
Cover_T841 -10
Cover_T842 2
Cover_T843 10
Cover_T844 -4
Cover_T845 2
Cover_T846 4
Cover_T847 1.12152e-10
Cover_T848 2
Cover_T849 4
Cover_T850 -4
Cover_T851 -2
Cover_T852 4
Cover_T853 2
Cover_T854 0
Cover_T855 0
Cover_T856 4
Cover_T857 -4
Cover_T858 10
Cover_T859 -16
Cover_T860 -6
Cover_T861 4
Cover_T862 0
Cover_T863 4
Cover_T864 0
Cover_T865 -4
Cover_T866 10
Cover_T867 2
Cover_T868 6
Cover_T869 8
Cover_T870 10
Cover_T871 -4
Cover_T872 14
Cover_T873 -4
Cover_T874 0
Cover_T875 -20
Cover_T876 2
Cover_T877 -36
Cover_T878 0
Cover_T879 -20
Cover_T880 -2
Cover_T881 -36
Cover_T882 14
Cover_T883 -34
Cover_T884 18
Cover_T885 2
Cover_T886 32
Cover_T887 8
Cover_T888 42
Cover_T889 8
Cover_T890 48
Cover_T891 2.413e-10
Cover_T892 56
Cover_T893 8
Cover_T894 34
Cover_T895 6
Cover_T896 42
Cover_T897 4
Cover_T898 54
Cover_T899 8
Cover_T900 62
Cover_T901 8
Cover_T902 52
Cover_T903 5.14838e-10
Cover_T904 60
Cover_T905 6
Cover_T906 16
Cover_T907 -2
Cover_T908 4
Cover_T909 0
Cover_T910 4
Cover_T911 6
Cover_T912 12
Cover_T913 6
Cover_T914 4
Cover_T915 0
Cover_T916 6
Cover_T917 2
Cover_T918 4
Cover_T919 2
Cover_T920 8
Cover_T921 2
Cover_T922 12
Cover_T923 2
Cover_T924 4
Cover_T925 -1.33412e-10
Cover_T926 8
Cover_T927 -3.52893e-10
Cover_T928 8
Cover_T929 -2.80822e-10
Cover_T930 8
Cover_T931 -7.50432e-10
Cover_T932 8
Cover_T933 -16
Cover_T934 8
Cover_T935 -32
Cover_T936 8
Cover_T937 -38
Cover_T938 8
Cover_T939 -38
Cover_T940 8
Cover_T941 -3.44417e-10
Cover_T942 10
Cover_T943 5.49891e-11
Cover_T944 26
Cover_T945 -4.93511e-10
Cover_T946 42
Cover_T947 3.31006e-10
Cover_T948 54
Cover_T949 -14
Cover_T950 58
Cover_T951 -38
Cover_T952 10
Cover_T953 -44
Cover_T954 12
Cover_T955 -14
Cover_T956 22
Cover_T957 -36
Cover_T958 40
Cover_T959 -6
Cover_T960 56
Cover_T961 -4
Cover_T962 70
Cover_T963 -6
Cover_T964 78
Cover_T965 -6
Cover_T966 84
Cover_T967 -8
Cover_T968 48
Cover_T969 -10
Cover_T970 72
Cover_T971 -8
Cover_T972 86
Cover_T973 -10
Cover_T974 52
Cover_T975 -22
Cover_T976 50
Cover_T977 -18
Cover_T978 56
Cover_T979 -26
Cover_T980 50
Cover_T981 -30
Cover_T982 52
Cover_T983 -34
Cover_T984 60
Cover_T985 -32
Cover_T986 60
Cover_T987 -40
Cover_T988 58
Cover_T989 -40
Cover_T990 62
Cover_T991 -42
Cover_T992 62
Cover_T993 -42
Cover_T994 4
Cover_T995 -4
Cover_T996 14
Cover_T997 -2
Cover_T998 18
Cover_T999 2
Cover_T1000 6
Cover_T1001 -1.18689e-10
Cover_T1002 4
Cover_T1003 -1.02234e-09
Cover_T1004 12
Cover_T1005 0
Cover_T1006 10
Cover_T1007 0
Cover_T1008 10
Cover_T1009 4
Cover_T1010 84
Cover_T1011 110
Cover_T1012 80
Cover_T1013 100
Cover_T1014 72
Cover_T1015 94
Cover_T1016 60
Cover_T1017 78
Cover_T1018 1040
Cover_T1019 78
Cover_T1020 1084
Cover_T1021 1026
Cover_T1022 1064
Cover_T1023 1038
Cover_T1024 1080
Cover_T1025 1026
Cover_T1026 1080
Cover_T1027 1032
Cover_T1028 976
Cover_T1029 954
Cover_T1030 976
Cover_T1031 962
Cover_T1032 992
Cover_T1033 970
Cover_T1034 996
Cover_T1035 978
Cover_T1036 996
Cover_T1037 0
Cover_T1038 38
Cover_T1039 -38
Cover_T1040 54
Cover_T1041 -42
Cover_T1042 56
Cover_T1043 -34
Cover_T1044 50
Cover_T1045 -6
Cover_T1046 52
Cover_T1047 52
Cover_T1048 0
Cover_T1049 52
Cover_T1050 -28
Cover_T1051 52
Cover_T1052 -24
Cover_T1053 52
Cover_T1054 -36
Cover_T1055 28
Cover_T1056 10
Cover_T1057 42
Cover_T1058 0
Cover_T1059 54
Cover_T1060 0
Cover_T1061 34
Cover_T1062 0
Cover_T1063 46
Cover_T1064 0
Cover_T1065 42
Cover_T1066 14
Cover_T1067 56
Cover_T1068 0
Cover_T1069 0
Cover_T1070 8
Cover_T1071 10
Cover_T1072 20
Cover_T1073 10
Cover_T1074 56
Cover_T1075 12
Cover_T1076 38
Cover_T1077 18
Cover_T1078 22
Cover_T1079 8
Cover_T1080 8
Cover_T1081 4
Cover_T1082 52
Cover_T1083 0
Cover_T1084 32
Cover_T1085 -30
Cover_T1086 50
Cover_T1087 -14
Cover_T1088 46
Cover_T1089 0
Cover_T1090 32
Cover_T1091 -22
Cover_T1092 38
Cover_T1093 -14
Cover_T1094 44
Count_D0 -984
Count_D1 -1000
Max_H0_P0 0
Max_H0_P1 0
Max_H0_P2 0
Max_H0_P3 -3.33187e-11
Max_H0_P4 0
Max_H0_P5 3.01632e-11
Max_H0_P6 -1.9817e-11
Max_H0_P7 0
Max_H0_P8 0
Max_H0_P9 0
Max_H0_P10 0
Max_H0_P11 0
Max_H0_P12 0
Max_H0_P13 0
Max_H0_P14 0
Max_H0_P15 -4.35065e-11
Max_H0_P16 -1.64197e-10
Max_H0_P17 -2.13582e-11
Max_H0_P18 -1.11022e-15
Max_H0_P19 1.17147e-10
Max_H0_P20 1.48891e-10
Max_H0_P21 -2.7935e-11
Max_H0_P22 -6.34771e-11
Max_H0_P23 -4.14572e-11
Max_H0_P24 3.28975e-11
Max_H0_P25 -1.30457e-10
Max_H0_P26 -1.16455e-10
Max_H0_P27 -9.62956e-11
Max_H0_P28 -2.79385e-11
Max_H0_P29 -2.22715e-11
Max_H0_P30 -4.60492e-11
Max_H0_P31 -5.76144e-11
Max_H0_P32 -4.36607e-11
Max_H0_P33 -5.11975e-11
Max_H0_P34 4.31228e-11
Max_H0_P35 5.04241e-12
Max_H0_P36 1.20934e-11
Max_H0_P37 6.44069e-11
Max_H0_P38 -9.00879e-12
Max_H0_P39 8.1215e-12
Max_H0_P40 -6.98987e-12
Max_H0_P41 -1.34691e-10
Max_H0_P42 1.39675e-11
Max_H0_P43 -3.5044e-11
Max_H0_P44 -2.17693e-11
Max_H0_P45 -1.14748e-11
Max_H0_P46 1.04095e-12
Max_H0_P47 2.27992e-11
Max_H0_P48 -1.22969e-10
Max_H0_P49 0
Max_H0_P50 0
Max_H0_P51 0
Max_H0_P52 0
Max_H0_P53 0
Max_H0_P54 0
Max_H0_P55 -2
Max_H0_P56 -2
Max_H0_P57 -2
Max_H0_P58 -2
Max_H0_P59 -2
Max_H0_P60 -2
Max_H0_P61 -2
Max_H0_P62 0
Max_H0_P63 0
Max_H0_P64 0
Max_H0_P65 0
Max_H0_P66 0
Max_H0_P67 0
Max_H0_P68 0
Max_H0_P69 0
Max_H0_P70 0
Max_H0_P71 0
Max_H0_P72 0
Max_H0_P73 0
Max_H0_P74 0
Max_H0_P75 0
Max_H0_P76 -5.90887e-11
Max_H0_P77 4.09583e-11
Max_H0_P78 -2.92916e-11
Max_H0_P79 -1.14748e-11
Max_H0_P80 0
Max_H0_P81 0
Max_H1_P0 0
Max_H1_P1 0
Max_H1_P2 0
Max_H1_P3 0
Max_H1_P4 -0
Max_H1_P5 1.74432e-11
Max_H1_P6 -5.27912e-11
Max_H1_P7 -1.10788e-10
Max_H1_P8 0
Max_H1_P9 3.93237e-11
Max_H1_P10 0
Max_H1_P11 0
Max_H1_P12 0
Max_H1_P13 0
Max_H1_P14 0
Max_H1_P15 -6.29434e-11
Max_H1_P16 -2.40766e-10
Max_H1_P17 -4.36961e-11
Max_H1_P18 -3.39266e-11
Max_H1_P19 1.17147e-10
Max_H1_P20 8.96274e-11
Max_H1_P21 1.52485e-11
Max_H1_P22 2.13855e-11
Max_H1_P23 1.58593e-11
Max_H1_P24 -4.14572e-11
Max_H1_P25 -1.57936e-10
Max_H1_P26 -9.62956e-11
Max_H1_P27 -5.76108e-11
Max_H1_P28 -7.82767e-11
Max_H1_P29 -2.22715e-11
Max_H1_P30 -7.02399e-11
Max_H1_P31 -4.55529e-11
Max_H1_P32 -3.55319e-11
Max_H1_P33 -1.00819e-10
Max_H1_P34 1.51372e-11
Max_H1_P35 1.02722e-10
Max_H1_P36 -4.94538e-12
Max_H1_P37 4.27782e-11
Max_H1_P38 0
Max_H1_P39 -9.76164e-12
Max_H1_P40 -1.1933e-10
Max_H1_P41 -3.25021e-11
Max_H1_P42 -2.08615e-11
Max_H1_P43 -5.19418e-11
Max_H1_P44 -7.3918e-11
Max_H1_P45 -5.10847e-11
Max_H1_P46 1.38995e-11
Max_H1_P47 9.6718e-11
Max_H1_P48 -1.55596e-10
Max_H1_P49 -1.10106e-10
Max_H1_P50 3.90443e-12
Max_H1_P51 1.7919e-11
Max_H1_P52 0
Max_H1_P53 0
Max_H1_P54 0
Max_H1_P55 -2
Max_H1_P56 -2
Max_H1_P57 -2
Max_H1_P58 -2
Max_H1_P59 -2
Max_H1_P60 -2
Max_H1_P61 -2
Max_H1_P62 0
Max_H1_P63 -6.96723e-11
Max_H1_P64 1.4212e-11
Max_H1_P65 -5.83029e-11
Max_H1_P66 -1.65338e-10
Max_H1_P67 0
Max_H1_P68 0
Max_H1_P69 0
Max_H1_P70 0
Max_H1_P71 0
Max_H1_P72 0
Max_H1_P73 0
Max_H1_P74 0
Max_H1_P75 0
Max_H1_P76 -8.14921e-11
Max_H1_P77 -6.06626e-13
Max_H1_P78 8.20988e-11
Max_H1_P79 0
Max_H1_P80 -3.52214e-11
Max_H1_P81 0
