
Branch and bound

  Entire solving process        :                           (Time     56.8)
  No feasible solution was found
  Best relaxation cost          :     33643.99 (Node     0) (Time     56.8)
  Lower bound after cuts        :     33643.99
  End lower bound               :     33643.99
  Deepest level reached         : 0
  Deepest real level reached    : 0
  Number of real nodes solved   : 1
  Stopping condition            : enough nodes explored

Problem identification

  Problem                       : <null>
  Machine                       : oslo3.gerad.lan

Solving process summary

  Linear relaxations            :        1
  Column generation iterations  :      118
  Shortest paths solved         :     5215
  Columns generated             :    35304

Instance characteristics

  Resources                     : 3
  Node types                    : no
  Arc types                     : no
  Strong resource windows       : no
  Weak resource windows         : no
  Resource windows (nodes)      : 3
  Resource values (arcs)        : 3
  Values on nodes               : no

  Rows                          : 712
  Initial columns               : 302
  Tasks                         : 550
  Strong tasks                  : 372
  Weak tasks                    : 4
  Initial task constraints      : no
  Nodes                         : 878
  Arc sets                      : 1
  Arcs                          : 15706
  Networks                      : 2
  Models                        : 1

Memory used per module (Megs)

  Parser (reused)               :      3.519
  Networks                      :     21.796
  Column generator              :      4.117
  Master problem                :      7.281
  -----------------
  Total                         :     33.193

Cpu time per module (seconds)

  Parser                        :        0.0
  Preprocessor                  :        0.0
  Lr solver manager             :        0.1
  Column generator              :       15.5
    (Shortest path)             :       13.0
  Master problem                :       41.2
  -------------------
  Total (without b&b)           :       56.7

Real elapsed time (seconds)

  Parser                        :        0.0
  Preprocessor                  :        0.0
  Lr solver manager             :        0.1
  Column generator              :       15.6
    (Shortest path)             :       13.1
  Master problem                :       41.1
  -------------------
  Total (without b&b)           :       56.7
