
Branch and bound

  Entire solving process        :                           (Time    135.4)
  No feasible solution was found
  Best relaxation cost          :     34661.94 (Node     0) (Time    135.4)
  Lower bound after cuts        :     34661.94
  End lower bound               :     34661.94
  Deepest level reached         : 0
  Deepest real level reached    : 0
  Number of real nodes solved   : 1
  Stopping condition            : enough nodes explored

Problem identification

  Problem                       : <null>
  Machine                       : oslo1.gerad.lan

Solving process summary

  Linear relaxations            :        1
  Column generation iterations  :      196
  Shortest paths solved         :     3157
  Columns generated             :    30241

Instance characteristics

  Resources                     : 3
  Node types                    : no
  Arc types                     : no
  Strong resource windows       : no
  Weak resource windows         : no
  Resource windows (nodes)      : 3
  Resource values (arcs)        : 3
  Values on nodes               : no

  Rows                          : 712
  Initial columns               : 2
  Tasks                         : 550
  Strong tasks                  : 546
  Weak tasks                    : 4
  Initial task constraints      : no
  Nodes                         : 878
  Arc sets                      : 1
  Arcs                          : 15706
  Networks                      : 2
  Models                        : 1

Memory used per module (Megs)

  Parser (reused)               :      3.519
  Networks                      :     20.221
  Column generator              :      6.781
  Master problem                :      7.296
  -----------------
  Total                         :     34.298

Cpu time per module (seconds)

  Parser                        :        0.0
  Preprocessor                  :        0.0
  Lr solver manager             :        0.0
  Column generator              :       13.5
    (Shortest path)             :       12.0
  Master problem                :      121.8
  -------------------
  Total (without b&b)           :      135.4

Real elapsed time (seconds)

  Parser                        :        0.0
  Preprocessor                  :        0.0
  Lr solver manager             :        0.1
  Column generator              :       13.4
    (Shortest path)             :       11.8
  Master problem                :      121.9
  -------------------
  Total (without b&b)           :      135.4
