
Branch and bound

  Entire solving process        :                           (Time     63.2)
  No feasible solution was found
  Best relaxation cost          :     35114.06 (Node     0) (Time     63.2)
  Lower bound after cuts        :     35114.06
  End lower bound               :     35114.06
  Deepest level reached         : 0
  Deepest real level reached    : 0
  Number of real nodes solved   : 1
  Stopping condition            : enough nodes explored

Problem identification

  Problem                       : <null>
  Machine                       : oslo1.gerad.lan

Solving process summary

  Linear relaxations            :        1
  Column generation iterations  :      139
  Shortest paths solved         :     2676
  Columns generated             :    24158

Instance characteristics

  Resources                     : 3
  Node types                    : no
  Arc types                     : no
  Strong resource windows       : no
  Weak resource windows         : no
  Resource windows (nodes)      : 3
  Resource values (arcs)        : 3
  Values on nodes               : no

  Rows                          : 695
  Initial columns               : 2
  Tasks                         : 533
  Strong tasks                  : 529
  Weak tasks                    : 4
  Initial task constraints      : no
  Nodes                         : 861
  Arc sets                      : 1
  Arcs                          : 14738
  Networks                      : 2
  Models                        : 1

Memory used per module (Megs)

  Parser (reused)               :      3.277
  Networks                      :     19.616
  Column generator              :      7.750
  Master problem                :      7.160
  -----------------
  Total                         :     34.525

Cpu time per module (seconds)

  Parser                        :        0.0
  Preprocessor                  :        0.0
  Lr solver manager             :        0.1
  Column generator              :       10.2
    (Shortest path)             :        9.2
  Master problem                :       52.8
  -------------------
  Total (without b&b)           :       63.2

Real elapsed time (seconds)

  Parser                        :        0.0
  Preprocessor                  :        0.0
  Lr solver manager             :        0.0
  Column generator              :       10.3
    (Shortest path)             :        8.9
  Master problem                :       52.9
  -------------------
  Total (without b&b)           :       63.2
