Cover_T0 52
Cover_T1 -52
Cover_T2 52
Cover_T3 -52
Cover_T4 52
Cover_T5 -52
Cover_T6 52
Cover_T7 -52
Cover_T8 52
Cover_T9 -52
Cover_T10 52
Cover_T11 -52
Cover_T12 54
Cover_T13 -48
Cover_T14 58
Cover_T15 -46
Cover_T16 56
Cover_T17 -44
Cover_T18 56
Cover_T19 -44
Cover_T20 56
Cover_T21 -44
Cover_T22 56
Cover_T23 -44
Cover_T24 58
Cover_T25 -14
Cover_T26 54
Cover_T27 -26
Cover_T28 52
Cover_T29 -38
Cover_T30 52
Cover_T31 -36
Cover_T32 56
Cover_T33 4
Cover_T34 52
Cover_T35 -10
Cover_T36 34
Cover_T37 922
Cover_T38 38
Cover_T39 910
Cover_T40 946
Cover_T41 938
Cover_T42 954
Cover_T43 944
Cover_T44 60
Cover_T45 948
Cover_T46 82
Cover_T47 32
Cover_T48 82
Cover_T49 54
Cover_T50 18
Cover_T51 -34
Cover_T52 20
Cover_T53 -24
Cover_T54 50
Cover_T55 8
Cover_T56 18
Cover_T57 6
Cover_T58 32
Cover_T59 -32
Cover_T60 0
Cover_T61 -1.83412e-10
Cover_T62 46
Cover_T63 -14
Cover_T64 14
Cover_T65 14
Cover_T66 2
Cover_T67 -40
Cover_T68 -12
Cover_T69 -16
Cover_T70 -36
Cover_T71 8
Cover_T72 6
Cover_T73 16
Cover_T74 8
Cover_T75 32
Cover_T76 10
Cover_T77 52
Cover_T78 14
Cover_T79 6
Cover_T80 50
Cover_T81 0
Cover_T82 30
Cover_T83 -2
Cover_T84 10
Cover_T85 -6
Cover_T86 8
Cover_T87 -36
Cover_T88 -8
Cover_T89 -4
Cover_T90 -40
Cover_T91 10
Cover_T92 -26
Cover_T93 26
Cover_T94 28
Cover_T95 50
Cover_T96 8
Cover_T97 24
Cover_T98 -12
Cover_T99 44
Cover_T100 8
Cover_T101 -20
Cover_T102 8
Cover_T103 7.22e-12
Cover_T104 50
Cover_T105 20
Cover_T106 30
Cover_T107 0
Cover_T108 10
Cover_T109 0
Cover_T110 -4
Cover_T111 -42
Cover_T112 -24
Cover_T113 -22
Cover_T114 -44
Cover_T115 2
Cover_T116 -40
Cover_T117 16
Cover_T118 -30
Cover_T119 48
Cover_T120 20
Cover_T121 62
Cover_T122 28
Cover_T123 64
Cover_T124 42
Cover_T125 22
Cover_T126 44
Cover_T127 0
Cover_T128 28
Cover_T129 36
Cover_T130 12
Cover_T131 4
Cover_T132 0
Cover_T133 0
Cover_T134 16
Cover_T135 6
Cover_T136 10
Cover_T137 30
Cover_T138 14
Cover_T139 2
Cover_T140 18
Cover_T141 24
Cover_T142 0
Cover_T143 12
Cover_T144 -12
Cover_T145 6
Cover_T146 -34
Cover_T147 14
Cover_T148 -2.5389e-09
Cover_T149 24
Cover_T150 4
Cover_T151 40
Cover_T152 4
Cover_T153 64
Cover_T154 2
Cover_T155 24
Cover_T156 0
Cover_T157 24
Cover_T158 -6
Cover_T159 24
Cover_T160 -12
Cover_T161 24
Cover_T162 -10
Cover_T163 24
Cover_T164 -14
Cover_T165 26
Cover_T166 -28
Cover_T167 26
Cover_T168 -16
Cover_T169 40
Cover_T170 -16
Cover_T171 40
Cover_T172 -16
Cover_T173 56
Cover_T174 -16
Cover_T175 42
Cover_T176 -16
Cover_T177 44
Cover_T178 -26
Cover_T179 44
Cover_T180 -18
Cover_T181 48
Cover_T182 -24
Cover_T183 44
Cover_T184 -20
Cover_T185 52
Cover_T186 -26
Cover_T187 56
Cover_T188 -26
Cover_T189 64
Cover_T190 -32
Cover_T191 54
Cover_T192 -32
Cover_T193 54
Cover_T194 -38
Cover_T195 68
Cover_T196 -38
Cover_T197 60
Cover_T198 -38
Cover_T199 52
Cover_T200 -52
Cover_T201 54
Cover_T202 -48
Cover_T203 54
Cover_T204 -44
Cover_T205 58
Cover_T206 -44
Cover_T207 64
Cover_T208 -14
Cover_T209 62
Cover_T210 -38
Cover_T211 62
Cover_T212 2
Cover_T213 22
Cover_T214 -8
Cover_T215 46
Cover_T216 934
Cover_T217 46
Cover_T218 922
Cover_T219 930
Cover_T220 906
Cover_T221 906
Cover_T222 942
Cover_T223 966
Cover_T224 938
Cover_T225 70
Cover_T226 950
Cover_T227 72
Cover_T228 64
Cover_T229 94
Cover_T230 44
Cover_T231 50
Cover_T232 6
Cover_T233 14
Cover_T234 -30
Cover_T235 -2
Cover_T236 -28
Cover_T237 -1.2232e-10
Cover_T238 -4
Cover_T239 46
Cover_T240 20
Cover_T241 22
Cover_T242 14
Cover_T243 36
Cover_T244 -24
Cover_T245 4
Cover_T246 8
Cover_T247 50
Cover_T248 -6
Cover_T249 18
Cover_T250 26
Cover_T251 2
Cover_T252 -20
Cover_T253 -24
Cover_T254 0
Cover_T255 10
Cover_T256 22
Cover_T257 8
Cover_T258 46
Cover_T259 6
Cover_T260 4
Cover_T261 6
Cover_T262 2
Cover_T263 38
Cover_T264 4
Cover_T265 14
Cover_T266 4
Cover_T267 0
Cover_T268 -32
Cover_T269 -10
Cover_T270 -12
Cover_T271 -14
Cover_T272 -2.13163e-12
Cover_T273 -34
Cover_T274 10
Cover_T275 -8
Cover_T276 14
Cover_T277 -28
Cover_T278 34
Cover_T279 30
Cover_T280 20
Cover_T281 -2
Cover_T282 52
Cover_T283 6
Cover_T284 0
Cover_T285 -6
Cover_T286 30
Cover_T287 32
Cover_T288 10
Cover_T289 12
Cover_T290 10
Cover_T291 -2
Cover_T292 -32
Cover_T293 -22
Cover_T294 -12
Cover_T295 -42
Cover_T296 2
Cover_T297 -38
Cover_T298 26
Cover_T299 -22
Cover_T300 42
Cover_T301 -42
Cover_T302 42
Cover_T303 16
Cover_T304 26
Cover_T305 1.26635e-09
Cover_T306 58
Cover_T307 18
Cover_T308 -6
Cover_T309 38
Cover_T310 30
Cover_T311 42
Cover_T312 12
Cover_T313 8
Cover_T314 -8
Cover_T315 30
Cover_T316 14
Cover_T317 22
Cover_T318 30
Cover_T319 10
Cover_T320 18
Cover_T321 4
Cover_T322 12
Cover_T323 -2
Cover_T324 10
Cover_T325 -32
Cover_T326 22
Cover_T327 4
Cover_T328 28
Cover_T329 2
Cover_T330 56
Cover_T331 -6
Cover_T332 22
Cover_T333 -8
Cover_T334 28
Cover_T335 -6
Cover_T336 32
Cover_T337 -6
Cover_T338 32
Cover_T339 -18
Cover_T340 20
Cover_T341 -30
Cover_T342 16
Cover_T343 -26
Cover_T344 24
Cover_T345 -38
Cover_T346 32
Cover_T347 -20
Cover_T348 30
Cover_T349 -16
Cover_T350 38
Cover_T351 -32
Cover_T352 56
Cover_T353 -24
Cover_T354 34
Cover_T355 -16
Cover_T356 26
Cover_T357 -32
Cover_T358 42
Cover_T359 -16
Cover_T360 36
Cover_T361 -28
Cover_T362 28
Cover_T363 -44
Cover_T364 48
Cover_T365 -28
Cover_T366 38
Cover_T367 -20
Cover_T368 48
Cover_T369 -36
Cover_T370 64
Cover_T371 -20
Cover_T372 42
Cover_T373 -36
Cover_T374 44
Cover_T375 -26
Cover_T376 60
Cover_T377 -26
Cover_T378 36
Cover_T379 -26
Cover_T380 76
Cover_T381 -32
Cover_T382 62
Cover_T383 -38
Cover_T384 54
Cover_T385 -38
Cover_T386 62
Cover_T387 58
Cover_T388 -44
Cover_T389 64
Cover_T390 -14
Cover_T391 60
Cover_T392 -38
Cover_T393 60
Cover_T394 -1.37e-10
Cover_T395 50
Cover_T396 924
Cover_T397 46
Cover_T398 914
Cover_T399 940
Cover_T400 902
Cover_T401 940
Cover_T402 938
Cover_T403 1044
Cover_T404 946
Cover_T405 994
Cover_T406 938
Cover_T407 62
Cover_T408 950
Cover_T409 62
Cover_T410 44
Cover_T411 18
Cover_T412 0
Cover_T413 -2
Cover_T414 -44
Cover_T415 10
Cover_T416 -50
Cover_T417 0
Cover_T418 -34
Cover_T419 48
Cover_T420 -18
Cover_T421 32
Cover_T422 -2
Cover_T423 16
Cover_T424 14
Cover_T425 1.2615e-10
Cover_T426 -4
Cover_T427 28
Cover_T428 16
Cover_T429 8
Cover_T430 -34
Cover_T431 -12
Cover_T432 -14
Cover_T433 46
Cover_T434 6
Cover_T435 26
Cover_T436 -20
Cover_T437 6
Cover_T438 1.79625e-11
Cover_T439 0
Cover_T440 24
Cover_T441 -18
Cover_T442 -30
Cover_T443 -42
Cover_T444 -6
Cover_T445 0
Cover_T446 2
Cover_T447 2
Cover_T448 20
Cover_T449 0
Cover_T450 44
Cover_T451 0
Cover_T452 2
Cover_T453 32
Cover_T454 -2.43943e-11
Cover_T455 8
Cover_T456 2
Cover_T457 2
Cover_T458 2
Cover_T459 -6
Cover_T460 -30
Cover_T461 -30
Cover_T462 -6
Cover_T463 -8
Cover_T464 0
Cover_T465 -32
Cover_T466 8
Cover_T467 28
Cover_T468 32
Cover_T469 6
Cover_T470 52
Cover_T471 -14
Cover_T472 26
Cover_T473 6
Cover_T474 46
Cover_T475 6
Cover_T476 -18
Cover_T477 48
Cover_T478 2
Cover_T479 28
Cover_T480 22
Cover_T481 6
Cover_T482 6
Cover_T483 -12
Cover_T484 10
Cover_T485 -36
Cover_T486 -28
Cover_T487 -36
Cover_T488 -1.07377e-10
Cover_T489 -24
Cover_T490 18
Cover_T491 -44
Cover_T492 32
Cover_T493 26
Cover_T494 50
Cover_T495 14
Cover_T496 62
Cover_T497 2
Cover_T498 48
Cover_T499 28
Cover_T500 62
Cover_T501 20
Cover_T502 44
Cover_T503 8
Cover_T504 60
Cover_T505 44
Cover_T506 76
Cover_T507 32
Cover_T508 2
Cover_T509 44
Cover_T510 20
Cover_T511 46
Cover_T512 0
Cover_T513 26
Cover_T514 18
Cover_T515 8
Cover_T516 0
Cover_T517 40
Cover_T518 4
Cover_T519 16
Cover_T520 2
Cover_T521 30
Cover_T522 2
Cover_T523 26
Cover_T524 12
Cover_T525 16
Cover_T526 34
Cover_T527 14
Cover_T528 16
Cover_T529 -6
Cover_T530 8
Cover_T531 -30
Cover_T532 14
Cover_T533 -2.70378e-09
Cover_T534 16
Cover_T535 -2
Cover_T536 24
Cover_T537 -2
Cover_T538 50
Cover_T539 -4
Cover_T540 70
Cover_T541 0
Cover_T542 32
Cover_T543 2
Cover_T544 30
Cover_T545 -6
Cover_T546 30
Cover_T547 -10
Cover_T548 32
Cover_T549 -14
Cover_T550 16
Cover_T551 -32
Cover_T552 20
Cover_T553 -20
Cover_T554 24
Cover_T555 -20
Cover_T556 24
Cover_T557 -20
Cover_T558 40
Cover_T559 -20
Cover_T560 26
Cover_T561 -16
Cover_T562 28
Cover_T563 -30
Cover_T564 32
Cover_T565 -22
Cover_T566 38
Cover_T567 -22
Cover_T568 26
Cover_T569 -20
Cover_T570 40
Cover_T571 -26
Cover_T572 68
Cover_T573 -20
Cover_T574 52
Cover_T575 -22
Cover_T576 50
Cover_T577 -26
Cover_T578 50
Cover_T579 -26
Cover_T580 60
Cover_T581 -32
Cover_T582 66
Cover_T583 -32
Cover_T584 54
Cover_T585 -50
Cover_T586 54
Cover_T587 -42
Cover_T588 54
Cover_T589 -50
Cover_T590 26
Cover_T591 4
Cover_T592 16
Cover_T593 32
Cover_T594 60
Cover_T595 0
Cover_T596 22
Cover_T597 984
Cover_T598 974
Cover_T599 958
Cover_T600 1006
Cover_T601 950
Cover_T602 1046
Cover_T603 972
Cover_T604 994
Cover_T605 998
Cover_T606 80
Cover_T607 12
Cover_T608 80
Cover_T609 0
Cover_T610 16
Cover_T611 -22
Cover_T612 60
Cover_T613 -30
Cover_T614 52
Cover_T615 2
Cover_T616 52
Cover_T617 52
Cover_T618 0
Cover_T619 58
Cover_T620 -6
Cover_T621 12
Cover_T622 52
Cover_T623 54
Cover_T624 30
Cover_T625 52
Cover_T626 74
Cover_T627 74
Cover_T628 46
Cover_T629 0
Cover_T630 72
Cover_T631 24
Cover_T632 28
Cover_T633 -2
Cover_T634 0
Cover_T635 -4
Cover_T636 0
Cover_T637 14
Cover_T638 10
Cover_T639 18
Cover_T640 38
Cover_T641 0
Count_D0 -984
Count_D1 -1000
Max_H0_P0 0
Max_H0_P1 0
Max_H0_P2 0
Max_H0_P3 0
Max_H0_P4 0
Max_H0_P5 0
Max_H0_P6 0
Max_H0_P7 0
Max_H0_P8 0
Max_H0_P9 0
Max_H0_P10 0
Max_H0_P11 0
Max_H0_P12 0
Max_H0_P13 0
Max_H0_P14 0
Max_H0_P15 0
Max_H0_P16 0
Max_H0_P17 0
Max_H0_P18 2.74605e-11
Max_H0_P19 2.59632e-11
Max_H0_P20 -1.82361e-11
Max_H0_P21 -1.16668e-11
Max_H0_P22 -4.47642e-13
Max_H0_P23 4.57945e-12
Max_H0_P24 2.80398e-12
Max_H0_P25 -3.55438e-11
Max_H0_P26 1.97531e-11
Max_H0_P27 1.54365e-12
Max_H0_P28 0
Max_H0_P29 0
Max_H0_P30 -3.30475e-12
Max_H0_P31 -0
Max_H0_P32 -9.62565e-13
Max_H0_P33 2.43172e-12
Max_H0_P34 -1.42126e-11
Max_H0_P35 5.45697e-12
Max_H0_P36 -2.00089e-11
Max_H0_P37 2.00089e-11
Max_H0_P38 -9.15125e-13
Max_H0_P39 1.62004e-11
Max_H0_P40 -5.52133e-12
Max_H0_P41 -1.2731e-11
Max_H0_P42 0
Max_H0_P43 0
Max_H0_P44 0
Max_H0_P45 0
Max_H0_P46 0
Max_H0_P47 0
Max_H0_P48 0
Max_H0_P49 0
Max_H0_P50 0
Max_H0_P51 0
Max_H0_P52 0
Max_H0_P53 0
Max_H0_P54 0
Max_H0_P55 0
Max_H0_P56 0
Max_H0_P57 0
Max_H0_P58 0
Max_H0_P59 0
Max_H0_P60 0
Max_H0_P61 0
Max_H0_P62 0
Max_H0_P63 0
Max_H0_P64 0
Max_H0_P65 0
Max_H0_P66 0
Max_H0_P67 0
Max_H0_P68 0
Max_H0_P69 0
Max_H0_P70 0
Max_H0_P71 0
Max_H0_P72 0
Max_H0_P73 0
Max_H0_P74 0
Max_H0_P75 0
Max_H0_P76 0
Max_H0_P77 0
Max_H0_P78 0
Max_H0_P79 0
Max_H0_P80 0
Max_H0_P81 0
Max_H1_P0 0
Max_H1_P1 0
Max_H1_P2 0
Max_H1_P3 0
Max_H1_P4 0
Max_H1_P5 0
Max_H1_P6 0
Max_H1_P7 0
Max_H1_P8 0
Max_H1_P9 0
Max_H1_P10 0
Max_H1_P11 0
Max_H1_P12 0
Max_H1_P13 0
Max_H1_P14 0
Max_H1_P15 3.47897e-12
Max_H1_P16 -1.27813e-11
Max_H1_P17 4.25615e-12
Max_H1_P18 0
Max_H1_P19 -2.66809e-12
Max_H1_P20 0
Max_H1_P21 -7.61702e-12
Max_H1_P22 -3.93936e-12
Max_H1_P23 5.19762e-12
Max_H1_P24 -7.32436e-12
Max_H1_P25 6.82121e-13
Max_H1_P26 -7.4607e-13
Max_H1_P27 9.80638e-12
Max_H1_P28 -1.53868e-11
Max_H1_P29 8.9091e-12
Max_H1_P30 -1.76048e-12
Max_H1_P31 -3.30475e-12
Max_H1_P32 -5.58014e-12
Max_H1_P33 -1.6815e-11
Max_H1_P34 -1.07324e-12
Max_H1_P35 -2.29896e-11
Max_H1_P36 0
Max_H1_P37 0
Max_H1_P38 1.30935e-11
Max_H1_P39 2.1295e-11
Max_H1_P40 -7.97917e-13
Max_H1_P41 0
Max_H1_P42 0
Max_H1_P43 0
Max_H1_P44 0
Max_H1_P45 0
Max_H1_P46 0
Max_H1_P47 0
Max_H1_P48 0
Max_H1_P49 0
Max_H1_P50 0
Max_H1_P51 0
Max_H1_P52 0
Max_H1_P53 0
Max_H1_P54 0
Max_H1_P55 0
Max_H1_P56 0
Max_H1_P57 0
Max_H1_P58 0
Max_H1_P59 0
Max_H1_P60 -1.01819e-12
Max_H1_P61 0
Max_H1_P62 0
Max_H1_P63 0
Max_H1_P64 0
Max_H1_P65 0
Max_H1_P66 0
Max_H1_P67 0
Max_H1_P68 0
Max_H1_P69 0
Max_H1_P70 0
Max_H1_P71 0
Max_H1_P72 0
Max_H1_P73 0
Max_H1_P74 0
Max_H1_P75 0
Max_H1_P76 0
Max_H1_P77 0
Max_H1_P78 8.42992e-13
Max_H1_P79 0
Max_H1_P80 0
Max_H1_P81 0
