
Branch and bound

  Entire solving process        :                           (Time     92.9)
  No feasible solution was found
  Best relaxation cost          :     40746.52 (Node     0) (Time     92.9)
  Lower bound after cuts        :     40746.52
  End lower bound               :     40746.52
  Deepest level reached         : 0
  Deepest real level reached    : 0
  Number of real nodes solved   : 1
  Stopping condition            : enough nodes explored

Problem identification

  Problem                       : <null>
  Machine                       : oslo5.gerad.lan

Solving process summary

  Linear relaxations            :        1
  Column generation iterations  :      130
  Shortest paths solved         :     7503
  Columns generated             :    44450

Instance characteristics

  Resources                     : 3
  Node types                    : no
  Arc types                     : no
  Strong resource windows       : no
  Weak resource windows         : no
  Resource windows (nodes)      : 3
  Resource values (arcs)        : 3
  Values on nodes               : no

  Rows                          : 808
  Initial columns               : 320
  Tasks                         : 646
  Strong tasks                  : 461
  Weak tasks                    : 4
  Initial task constraints      : no
  Nodes                         : 974
  Arc sets                      : 1
  Arcs                          : 20535
  Networks                      : 2
  Models                        : 1

Memory used per module (Megs)

  Parser (reused)               :      4.488
  Networks                      :     24.580
  Column generator              :      6.539
  Master problem                :      7.924
  -----------------
  Total                         :     39.043

Cpu time per module (seconds)

  Parser                        :        0.0
  Preprocessor                  :        0.0
  Lr solver manager             :        0.0
  Column generator              :       31.8
    (Shortest path)             :       27.9
  Master problem                :       61.1
  -------------------
  Total (without b&b)           :       92.9

Real elapsed time (seconds)

  Parser                        :        0.0
  Preprocessor                  :        0.0
  Lr solver manager             :        0.1
  Column generator              :       31.7
    (Shortest path)             :       27.7
  Master problem                :       61.0
  -------------------
  Total (without b&b)           :       92.9
