
Branch and bound

  Entire solving process        :                           (Time    197.5)
  No feasible solution was found
  Best relaxation cost          :     41329.56 (Node     0) (Time    197.5)
  Lower bound after cuts        :     41329.56
  End lower bound               :     41329.56
  Deepest level reached         : 0
  Deepest real level reached    : 0
  Number of real nodes solved   : 1
  Stopping condition            : enough nodes explored

Problem identification

  Problem                       : <null>
  Machine                       : oslo1.gerad.lan

Solving process summary

  Linear relaxations            :        1
  Column generation iterations  :      161
  Shortest paths solved         :     3266
  Columns generated             :    34542

Instance characteristics

  Resources                     : 3
  Node types                    : no
  Arc types                     : no
  Strong resource windows       : no
  Weak resource windows         : no
  Resource windows (nodes)      : 3
  Resource values (arcs)        : 3
  Values on nodes               : no

  Rows                          : 808
  Initial columns               : 2
  Tasks                         : 646
  Strong tasks                  : 642
  Weak tasks                    : 4
  Initial task constraints      : no
  Nodes                         : 974
  Arc sets                      : 1
  Arcs                          : 20535
  Networks                      : 2
  Models                        : 1

Memory used per module (Megs)

  Parser (reused)               :      4.488
  Networks                      :     23.249
  Column generator              :      5.933
  Master problem                :      8.181
  -----------------
  Total                         :     37.362

Cpu time per module (seconds)

  Parser                        :        0.0
  Preprocessor                  :        0.0
  Lr solver manager             :        0.1
  Column generator              :       28.9
    (Shortest path)             :       24.4
  Master problem                :      168.5
  -------------------
  Total (without b&b)           :      197.5

Real elapsed time (seconds)

  Parser                        :        0.0
  Preprocessor                  :        0.0
  Lr solver manager             :        0.1
  Column generator              :       29.0
    (Shortest path)             :       25.0
  Master problem                :      168.4
  -------------------
  Total (without b&b)           :      197.5
