Cover_T0 52
Cover_T1 -52
Cover_T2 52
Cover_T3 -52
Cover_T4 52
Cover_T5 -52
Cover_T6 52
Cover_T7 -52
Cover_T8 52
Cover_T9 -52
Cover_T10 52
Cover_T11 -52
Cover_T12 52
Cover_T13 -52
Cover_T14 52
Cover_T15 -52
Cover_T16 52
Cover_T17 -52
Cover_T18 52
Cover_T19 -52
Cover_T20 52
Cover_T21 -52
Cover_T22 52
Cover_T23 -52
Cover_T24 54
Cover_T25 -52
Cover_T26 52
Cover_T27 -44
Cover_T28 60
Cover_T29 -44
Cover_T30 58
Cover_T31 -38
Cover_T32 56
Cover_T33 -48
Cover_T34 58
Cover_T35 -40
Cover_T36 58
Cover_T37 -30
Cover_T38 70
Cover_T39 -32
Cover_T40 54
Cover_T41 -28
Cover_T42 58
Cover_T43 -30
Cover_T44 58
Cover_T45 -10
Cover_T46 50
Cover_T47 -22
Cover_T48 40
Cover_T49 10
Cover_T50 40
Cover_T51 10
Cover_T52 48
Cover_T53 930
Cover_T54 40
Cover_T55 928
Cover_T56 958
Cover_T57 944
Cover_T58 958
Cover_T59 944
Cover_T60 978
Cover_T61 946
Cover_T62 992
Cover_T63 934
Cover_T64 58
Cover_T65 950
Cover_T66 66
Cover_T67 8
Cover_T68 54
Cover_T69 22
Cover_T70 36
Cover_T71 -38
Cover_T72 18
Cover_T73 -44
Cover_T74 6
Cover_T75 -36
Cover_T76 50
Cover_T77 -36
Cover_T78 32
Cover_T79 -20
Cover_T80 18
Cover_T81 -4
Cover_T82 46
Cover_T83 6
Cover_T84 30
Cover_T85 -32
Cover_T86 6
Cover_T87 -8
Cover_T88 0
Cover_T89 -32
Cover_T90 -2
Cover_T91 -8
Cover_T92 -16
Cover_T93 7.22231e-11
Cover_T94 -40
Cover_T95 0
Cover_T96 -2
Cover_T97 14
Cover_T98 -2
Cover_T99 38
Cover_T100 0
Cover_T101 0
Cover_T102 -4
Cover_T103 0
Cover_T104 1.1562e-10
Cover_T105 -6
Cover_T106 1.00913e-10
Cover_T107 10
Cover_T108 16
Cover_T109 6
Cover_T110 0
Cover_T111 -6
Cover_T112 4
Cover_T113 10
Cover_T114 14
Cover_T115 10
Cover_T116 -2
Cover_T117 -6
Cover_T118 4
Cover_T119 10
Cover_T120 20
Cover_T121 6
Cover_T122 4
Cover_T123 -4
Cover_T124 -12
Cover_T125 12
Cover_T126 -28
Cover_T127 6
Cover_T128 -8
Cover_T129 -10
Cover_T130 -24
Cover_T131 6
Cover_T132 -40
Cover_T133 22
Cover_T134 0
Cover_T135 38
Cover_T136 0
Cover_T137 18
Cover_T138 6
Cover_T139 34
Cover_T140 6
Cover_T141 50
Cover_T142 10
Cover_T143 10
Cover_T144 4
Cover_T145 10
Cover_T146 6
Cover_T147 4
Cover_T148 6
Cover_T149 4
Cover_T150 10
Cover_T151 0
Cover_T152 6
Cover_T153 6
Cover_T154 -4
Cover_T155 4
Cover_T156 16
Cover_T157 4
Cover_T158 0
Cover_T159 0
Cover_T160 -1.36308e-09
Cover_T161 4
Cover_T162 -16
Cover_T163 14
Cover_T164 -32
Cover_T165 -2
Cover_T166 14
Cover_T167 6
Cover_T168 0
Cover_T169 30
Cover_T170 -6
Cover_T171 2.54232e-10
Cover_T172 -6
Cover_T173 -2.53975e-11
Cover_T174 -12
Cover_T175 18
Cover_T176 -28
Cover_T177 60
Cover_T178 48
Cover_T179 66
Cover_T180 30
Cover_T181 50
Cover_T182 4
Cover_T183 88
Cover_T184 46
Cover_T185 88
Cover_T186 6
Cover_T187 28
Cover_T188 -2
Cover_T189 50
Cover_T190 0
Cover_T191 60
Cover_T192 -18
Cover_T193 26
Cover_T194 -2
Cover_T195 30
Cover_T196 -26
Cover_T197 32
Cover_T198 -10
Cover_T199 32
Cover_T200 -24
Cover_T201 32
Cover_T202 -20
Cover_T203 32
Cover_T204 -24
Cover_T205 36
Cover_T206 -24
Cover_T207 36
Cover_T208 -28
Cover_T209 36
Cover_T210 -26
Cover_T211 44
Cover_T212 -26
Cover_T213 36
Cover_T214 -32
Cover_T215 40
Cover_T216 -28
Cover_T217 48
Cover_T218 -28
Cover_T219 48
Cover_T220 -30
Cover_T221 52
Cover_T222 -32
Cover_T223 52
Cover_T224 -32
Cover_T225 38
Cover_T226 -34
Cover_T227 48
Cover_T228 -36
Cover_T229 40
Cover_T230 -38
Cover_T231 40
Cover_T232 -40
Cover_T233 40
Cover_T234 -40
Cover_T235 40
Cover_T236 -40
Cover_T237 40
Cover_T238 -40
Cover_T239 40
Cover_T240 -40
Cover_T241 40
Cover_T242 -40
Cover_T243 40
Cover_T244 -40
Cover_T245 40
Cover_T246 -40
Cover_T247 40
Cover_T248 -40
Cover_T249 40
Cover_T250 -40
Cover_T251 44
Cover_T252 -42
Cover_T253 44
Cover_T254 -40
Cover_T255 54
Cover_T256 -44
Cover_T257 60
Cover_T258 -44
Cover_T259 56
Cover_T260 -44
Cover_T261 54
Cover_T262 -44
Cover_T263 60
Cover_T264 -46
Cover_T265 60
Cover_T266 -46
Cover_T267 56
Cover_T268 -46
Cover_T269 56
Cover_T270 52
Cover_T271 -52
Cover_T272 52
Cover_T273 -52
Cover_T274 52
Cover_T275 -52
Cover_T276 52
Cover_T277 -52
Cover_T278 54
Cover_T279 -44
Cover_T280 58
Cover_T281 -46
Cover_T282 54
Cover_T283 -42
Cover_T284 62
Cover_T285 -38
Cover_T286 58
Cover_T287 -32
Cover_T288 66
Cover_T289 -36
Cover_T290 68
Cover_T291 -32
Cover_T292 50
Cover_T293 -10
Cover_T294 40
Cover_T295 -34
Cover_T296 40
Cover_T297 22
Cover_T298 36
Cover_T299 -6.38908e-11
Cover_T300 52
Cover_T301 0
Cover_T302 52
Cover_T303 940
Cover_T304 18
Cover_T305 928
Cover_T306 970
Cover_T307 924
Cover_T308 970
Cover_T309 944
Cover_T310 914
Cover_T311 944
Cover_T312 988
Cover_T313 926
Cover_T314 990
Cover_T315 934
Cover_T316 62
Cover_T317 944
Cover_T318 70
Cover_T319 0
Cover_T320 78
Cover_T321 10
Cover_T322 50
Cover_T323 20
Cover_T324 54
Cover_T325 -44
Cover_T326 40
Cover_T327 -42
Cover_T328 22
Cover_T329 -42
Cover_T330 8
Cover_T331 -42
Cover_T332 52
Cover_T333 -26
Cover_T334 36
Cover_T335 -10
Cover_T336 16
Cover_T337 0
Cover_T338 48
Cover_T339 -42
Cover_T340 32
Cover_T341 -26
Cover_T342 16
Cover_T343 -10
Cover_T344 6
Cover_T345 -42
Cover_T346 0
Cover_T347 -26
Cover_T348 8
Cover_T349 -10
Cover_T350 2
Cover_T351 0
Cover_T352 -14
Cover_T353 4
Cover_T354 -30
Cover_T355 2
Cover_T356 8
Cover_T357 16
Cover_T358 8
Cover_T359 40
Cover_T360 10
Cover_T361 2
Cover_T362 6
Cover_T363 2
Cover_T364 10
Cover_T365 1.07522e-10
Cover_T366 2
Cover_T367 4
Cover_T368 10
Cover_T369 0
Cover_T370 6
Cover_T371 8
Cover_T372 8
Cover_T373 -1.52535e-11
Cover_T374 6
Cover_T375 0
Cover_T376 22
Cover_T377 -10
Cover_T378 6
Cover_T379 6
Cover_T380 -10
Cover_T381 0
Cover_T382 -26
Cover_T383 -16
Cover_T384 -6
Cover_T385 0
Cover_T386 -22
Cover_T387 16
Cover_T388 -38
Cover_T389 32
Cover_T390 2
Cover_T391 12
Cover_T392 2
Cover_T393 28
Cover_T394 8
Cover_T395 44
Cover_T396 8
Cover_T397 4
Cover_T398 12
Cover_T399 4
Cover_T400 6
Cover_T401 -2
Cover_T402 8
Cover_T403 -2
Cover_T404 8
Cover_T405 -6
Cover_T406 12
Cover_T407 0
Cover_T408 8
Cover_T409 -2
Cover_T410 -2
Cover_T411 -2
Cover_T412 18
Cover_T413 -6
Cover_T414 2
Cover_T415 -2
Cover_T416 2
Cover_T417 8
Cover_T418 -14
Cover_T419 -12
Cover_T420 -30
Cover_T421 4
Cover_T422 -46
Cover_T423 4
Cover_T424 8
Cover_T425 22
Cover_T426 2
Cover_T427 38
Cover_T428 -8
Cover_T429 54
Cover_T430 -12
Cover_T431 0
Cover_T432 -4
Cover_T433 10
Cover_T434 -4
Cover_T435 18
Cover_T436 -26
Cover_T437 48
Cover_T438 40
Cover_T439 60
Cover_T440 16
Cover_T441 100
Cover_T442 16
Cover_T443 40
Cover_T444 10
Cover_T445 62
Cover_T446 -6
Cover_T447 30
Cover_T448 -14
Cover_T449 36
Cover_T450 -22
Cover_T451 36
Cover_T452 -24
Cover_T453 40
Cover_T454 -24
Cover_T455 38
Cover_T456 -24
Cover_T457 38
Cover_T458 -24
Cover_T459 46
Cover_T460 -28
Cover_T461 42
Cover_T462 -28
Cover_T463 42
Cover_T464 -28
Cover_T465 44
Cover_T466 -32
Cover_T467 44
Cover_T468 -32
Cover_T469 44
Cover_T470 -32
Cover_T471 44
Cover_T472 -32
Cover_T473 46
Cover_T474 -36
Cover_T475 44
Cover_T476 -36
Cover_T477 44
Cover_T478 -38
Cover_T479 46
Cover_T480 -38
Cover_T481 46
Cover_T482 -40
Cover_T483 44
Cover_T484 -40
Cover_T485 46
Cover_T486 -40
Cover_T487 46
Cover_T488 -40
Cover_T489 44
Cover_T490 -40
Cover_T491 46
Cover_T492 -40
Cover_T493 46
Cover_T494 -40
Cover_T495 44
Cover_T496 -40
Cover_T497 46
Cover_T498 -40
Cover_T499 46
Cover_T500 -40
Cover_T501 48
Cover_T502 -40
Cover_T503 50
Cover_T504 -40
Cover_T505 50
Cover_T506 -40
Cover_T507 48
Cover_T508 -40
Cover_T509 52
Cover_T510 -46
Cover_T511 52
Cover_T512 -40
Cover_T513 50
Cover_T514 -40
Cover_T515 44
Cover_T516 -44
Cover_T517 54
Cover_T518 -44
Cover_T519 46
Cover_T520 -46
Cover_T521 60
Cover_T522 -46
Cover_T523 52
Cover_T524 -46
Cover_T525 60
Cover_T526 -38
Cover_T527 60
Cover_T528 -28
Cover_T529 72
Cover_T530 -28
Cover_T531 60
Cover_T532 -24
Cover_T533 70
Cover_T534 -28
Cover_T535 56
Cover_T536 -6
Cover_T537 50
Cover_T538 -18
Cover_T539 52
Cover_T540 26
Cover_T541 52
Cover_T542 14
Cover_T543 56
Cover_T544 932
Cover_T545 44
Cover_T546 932
Cover_T547 980
Cover_T548 938
Cover_T549 972
Cover_T550 948
Cover_T551 1014
Cover_T552 948
Cover_T553 1014
Cover_T554 948
Cover_T555 980
Cover_T556 948
Cover_T557 988
Cover_T558 940
Cover_T559 62
Cover_T560 952
Cover_T561 62
Cover_T562 10
Cover_T563 34
Cover_T564 24
Cover_T565 16
Cover_T566 -36
Cover_T567 2
Cover_T568 -42
Cover_T569 44
Cover_T570 -34
Cover_T571 28
Cover_T572 -34
Cover_T573 12
Cover_T574 -18
Cover_T575 44
Cover_T576 -2
Cover_T577 24
Cover_T578 8
Cover_T579 8
Cover_T580 -34
Cover_T581 4
Cover_T582 -18
Cover_T583 6
Cover_T584 -2
Cover_T585 7.9698e-11
Cover_T586 -34
Cover_T587 -6
Cover_T588 -18
Cover_T589 -22
Cover_T590 -2
Cover_T591 -38
Cover_T592 2
Cover_T593 8
Cover_T594 0
Cover_T595 8
Cover_T596 2
Cover_T597 6
Cover_T598 4
Cover_T599 0
Cover_T600 16
Cover_T601 8
Cover_T602 28
Cover_T603 -4
Cover_T604 40
Cover_T605 4
Cover_T606 52
Cover_T607 0
Cover_T608 2
Cover_T609 8
Cover_T610 0
Cover_T611 -4
Cover_T612 2
Cover_T613 0
Cover_T614 8
Cover_T615 18
Cover_T616 4
Cover_T617 2
Cover_T618 0
Cover_T619 6
Cover_T620 8
Cover_T621 16
Cover_T622 4
Cover_T623 0
Cover_T624 4
Cover_T625 6
Cover_T626 -12
Cover_T627 22
Cover_T628 4
Cover_T629 6
Cover_T630 4
Cover_T631 -18
Cover_T632 2
Cover_T633 -6
Cover_T634 4
Cover_T635 -30
Cover_T636 -4
Cover_T637 2
Cover_T638 20
Cover_T639 -6
Cover_T640 40
Cover_T641 0
Cover_T642 20
Cover_T643 0
Cover_T644 36
Cover_T645 4
Cover_T646 52
Cover_T647 -2
Cover_T648 12
Cover_T649 0
Cover_T650 12
Cover_T651 0
Cover_T652 6
Cover_T653 4
Cover_T654 6
Cover_T655 0
Cover_T656 2
Cover_T657 -10
Cover_T658 8
Cover_T659 10
Cover_T660 6
Cover_T661 2
Cover_T662 6
Cover_T663 -6
Cover_T664 2
Cover_T665 -22
Cover_T666 6
Cover_T667 -38
Cover_T668 16
Cover_T669 0
Cover_T670 -6
Cover_T671 4
Cover_T672 0
Cover_T673 2
Cover_T674 4
Cover_T675 -4
Cover_T676 14
Cover_T677 -4
Cover_T678 26
Cover_T679 -16
Cover_T680 40
Cover_T681 -4
Cover_T682 52
Cover_T683 -8.67075e-10
Cover_T684 0
Cover_T685 -10
Cover_T686 14
Cover_T687 -22
Cover_T688 10
Cover_T689 -34
Cover_T690 52
Cover_T691 46
Cover_T692 70
Cover_T693 34
Cover_T694 70
Cover_T695 20
Cover_T696 60
Cover_T697 8
Cover_T698 70
Cover_T699 44
Cover_T700 68
Cover_T701 40
Cover_T702 100
Cover_T703 0
Cover_T704 100
Cover_T705 8
Cover_T706 30
Cover_T707 -6
Cover_T708 42
Cover_T709 2
Cover_T710 60
Cover_T711 -14
Cover_T712 32
Cover_T713 2
Cover_T714 40
Cover_T715 -22
Cover_T716 34
Cover_T717 -20
Cover_T718 34
Cover_T719 -20
Cover_T720 46
Cover_T721 -32
Cover_T722 38
Cover_T723 -32
Cover_T724 38
Cover_T725 -32
Cover_T726 50
Cover_T727 -32
Cover_T728 42
Cover_T729 -28
Cover_T730 44
Cover_T731 -28
Cover_T732 52
Cover_T733 -36
Cover_T734 54
Cover_T735 -28
Cover_T736 54
Cover_T737 -32
Cover_T738 54
Cover_T739 -32
Cover_T740 46
Cover_T741 -32
Cover_T742 46
Cover_T743 -32
Cover_T744 54
Cover_T745 -36
Cover_T746 46
Cover_T747 -38
Cover_T748 42
Cover_T749 -38
Cover_T750 44
Cover_T751 -40
Cover_T752 46
Cover_T753 -40
Cover_T754 46
Cover_T755 -40
Cover_T756 44
Cover_T757 -40
Cover_T758 46
Cover_T759 -40
Cover_T760 46
Cover_T761 -40
Cover_T762 44
Cover_T763 -40
Cover_T764 46
Cover_T765 -40
Cover_T766 46
Cover_T767 -40
Cover_T768 48
Cover_T769 -40
Cover_T770 50
Cover_T771 -40
Cover_T772 50
Cover_T773 -40
Cover_T774 48
Cover_T775 -40
Cover_T776 52
Cover_T777 -40
Cover_T778 52
Cover_T779 -40
Cover_T780 50
Cover_T781 -40
Cover_T782 58
Cover_T783 -40
Cover_T784 58
Cover_T785 -44
Cover_T786 60
Cover_T787 -48
Cover_T788 58
Cover_T789 -44
Cover_T790 60
Cover_T791 -50
Cover_T792 54
Cover_T793 -46
Cover_T794 58
Cover_T795 18
Cover_T796 -5.78204e-11
Cover_T797 8
Cover_T798 4
Cover_T799 76
Cover_T800 8
Cover_T801 60
Cover_T802 22
Cover_T803 44
Cover_T804 0
Cover_T805 24
Cover_T806 28
Cover_T807 4
Cover_T808 0
Cover_T809 28
Cover_T810 0
Cover_T811 -1.55524e-10
Cover_T812 942
Cover_T813 984
Cover_T814 970
Cover_T815 950
Cover_T816 988
Cover_T817 978
Cover_T818 958
Cover_T819 978
Cover_T820 978
Cover_T821 68
Cover_T822 0
Cover_T823 40
Cover_T824 18
Cover_T825 14
Cover_T826 -30
Cover_T827 56
Cover_T828 -26
Cover_T829 56
Cover_T830 10
Cover_T831 52
Cover_T832 52
Cover_T833 -4
Cover_T834 54
Cover_T835 -40
Cover_T836 54
Cover_T837 -40
Cover_T838 32
Cover_T839 0
Cover_T840 86
Cover_T841 0
Cover_T842 86
Cover_T843 0
Cover_T844 104
Cover_T845 2
Cover_T846 80
Cover_T847 88
Cover_T848 120
Cover_T849 74
Cover_T850 104
Cover_T851 68
Cover_T852 74
Cover_T853 56
Cover_T854 70
Cover_T855 36
Cover_T856 76
Cover_T857 36
Cover_T858 74
Cover_T859 34
Cover_T860 10
Cover_T861 36
Cover_T862 -4
Cover_T863 14
Cover_T864 2
Cover_T865 22
Cover_T866 22
Cover_T867 16
Count_D0 -984
Count_D1 -1000
Max_H0_P0 0
Max_H0_P1 0
Max_H0_P2 0
Max_H0_P3 0
Max_H0_P4 0
Max_H0_P5 -2.7146e-10
Max_H0_P6 -3.43618e-10
Max_H0_P7 0
Max_H0_P8 0
Max_H0_P9 0
Max_H0_P10 0
Max_H0_P11 0
Max_H0_P12 0
Max_H0_P13 0
Max_H0_P14 0
Max_H0_P15 0
Max_H0_P16 -1.80194e-11
Max_H0_P17 -8.17296e-11
Max_H0_P18 -5.72129e-11
Max_H0_P19 1.86802e-11
Max_H0_P20 -1.20792e-12
Max_H0_P21 -3.04068e-12
Max_H0_P22 1.19371e-12
Max_H0_P23 1.6514e-13
Max_H0_P24 -1.09071e-11
Max_H0_P25 -0
Max_H0_P26 3.16155e-12
Max_H0_P27 -8.88623e-13
Max_H0_P28 -1.43648e-11
Max_H0_P29 -1.0381e-11
Max_H0_P30 5.7283e-13
Max_H0_P31 -2.24259e-11
Max_H0_P32 -2.05348e-11
Max_H0_P33 -1.62119e-11
Max_H0_P34 -6.68328e-12
Max_H0_P35 -1.94635e-11
Max_H0_P36 2.2383e-11
Max_H0_P37 -7.6966e-11
Max_H0_P38 -5.94477e-11
Max_H0_P39 -2.94875e-12
Max_H0_P40 -2.34429e-11
Max_H0_P41 -2.92175e-11
Max_H0_P42 1.51582e-11
Max_H0_P43 1.0516e-12
Max_H0_P44 -4.9851e-11
Max_H0_P45 0
Max_H0_P46 0
Max_H0_P47 0
Max_H0_P48 0
Max_H0_P49 0
Max_H0_P50 0
Max_H0_P51 0
Max_H0_P52 0
Max_H0_P53 0
Max_H0_P54 0
Max_H0_P55 0
Max_H0_P56 0
Max_H0_P57 0
Max_H0_P58 0
Max_H0_P59 0
Max_H0_P60 0
Max_H0_P61 0
Max_H0_P62 0
Max_H0_P63 0
Max_H0_P64 0
Max_H0_P65 0
Max_H0_P66 0
Max_H0_P67 0
Max_H0_P68 0
Max_H0_P69 0
Max_H0_P70 0
Max_H0_P71 0
Max_H0_P72 0
Max_H0_P73 0
Max_H0_P74 0
Max_H0_P75 0
Max_H0_P76 1.90998e-10
Max_H0_P77 -1.97545e-10
Max_H0_P78 0
Max_H0_P79 0
Max_H0_P80 0
Max_H0_P81 0
Max_H1_P0 0
Max_H1_P1 0
Max_H1_P2 0
Max_H1_P3 0
Max_H1_P4 -3.80851e-11
Max_H1_P5 -3.2685e-10
Max_H1_P6 -3.2685e-10
Max_H1_P7 0
Max_H1_P8 0
Max_H1_P9 0
Max_H1_P10 0
Max_H1_P11 0
Max_H1_P12 0
Max_H1_P13 0
Max_H1_P14 0
Max_H1_P15 4.81794e-12
Max_H1_P16 -3.14424e-11
Max_H1_P17 -6.87166e-11
Max_H1_P18 -7.00506e-11
Max_H1_P19 2.90162e-11
Max_H1_P20 2.0588e-12
Max_H1_P21 2.55511e-11
Max_H1_P22 -2.15512e-12
Max_H1_P23 1.86091e-11
Max_H1_P24 1.23634e-11
Max_H1_P25 9.97913e-12
Max_H1_P26 4.01814e-12
Max_H1_P27 -4.32543e-12
Max_H1_P28 -7.04627e-11
Max_H1_P29 -2.31992e-12
Max_H1_P30 -2.68304e-11
Max_H1_P31 -3.14575e-11
Max_H1_P32 0
Max_H1_P33 -1.63795e-11
Max_H1_P34 1.38911e-12
Max_H1_P35 -2.84596e-12
Max_H1_P36 -2.4805e-11
Max_H1_P37 -1.25148e-10
Max_H1_P38 -4.87717e-11
Max_H1_P39 -3.34363e-11
Max_H1_P40 -1.51582e-11
Max_H1_P41 -1.40593e-11
Max_H1_P42 2.32026e-12
Max_H1_P43 0
Max_H1_P44 0
Max_H1_P45 0
Max_H1_P46 5.42641e-11
Max_H1_P47 0
Max_H1_P48 0
Max_H1_P49 0
Max_H1_P50 0
Max_H1_P51 0
Max_H1_P52 0
Max_H1_P53 -5.42286e-11
Max_H1_P54 0
Max_H1_P55 0
Max_H1_P56 8.13469e-11
Max_H1_P57 0
Max_H1_P58 0
Max_H1_P59 3.52429e-12
Max_H1_P60 -7.4551e-12
Max_H1_P61 0
Max_H1_P62 0
Max_H1_P63 0
Max_H1_P64 3.71279e-11
Max_H1_P65 0
Max_H1_P66 0
Max_H1_P67 -3.5894e-11
Max_H1_P68 -3.47846e-11
Max_H1_P69 0
Max_H1_P70 -2.22826e-11
Max_H1_P71 0
Max_H1_P72 0
Max_H1_P73 0
Max_H1_P74 0
Max_H1_P75 0
Max_H1_P76 -8.1215e-12
Max_H1_P77 -3.42051e-12
Max_H1_P78 9.04699e-12
Max_H1_P79 0
Max_H1_P80 0
Max_H1_P81 0
