
Branch and bound

  Entire solving process        :                           (Time    901.3)
  No feasible solution was found
  Best relaxation cost          :     46757.22 (Node     0) (Time    901.3)
  Lower bound after cuts        :     46757.22
  End lower bound               :     46757.22
  Deepest level reached         : 0
  Deepest real level reached    : 0
  Number of real nodes solved   : 1
  Stopping condition            : enough nodes explored

Problem identification

  Problem                       : <null>
  Machine                       : oslo3.gerad.lan

Solving process summary

  Linear relaxations            :        1
  Column generation iterations  :      197
  Shortest paths solved         :     4057
  Columns generated             :    51820

Instance characteristics

  Resources                     : 3
  Node types                    : no
  Arc types                     : no
  Strong resource windows       : no
  Weak resource windows         : no
  Resource windows (nodes)      : 3
  Resource values (arcs)        : 3
  Values on nodes               : no

  Rows                          : 1085
  Initial columns               : 2
  Tasks                         : 923
  Strong tasks                  : 919
  Weak tasks                    : 4
  Initial task constraints      : no
  Nodes                         : 1251
  Arc sets                      : 1
  Arcs                          : 37307
  Networks                      : 2
  Models                        : 1

Memory used per module (Megs)

  Parser (reused)               :      7.757
  Networks                      :     33.299
  Column generator              :     21.311
  Master problem                :     11.265
  -----------------
  Total                         :     65.875

Cpu time per module (seconds)

  Parser                        :        0.0
  Preprocessor                  :        0.0
  Lr solver manager             :        0.2
  Column generator              :      147.0
    (Shortest path)             :      137.3
  Master problem                :      754.1
  -------------------
  Total (without b&b)           :      901.3

Real elapsed time (seconds)

  Parser                        :        0.0
  Preprocessor                  :        0.0
  Lr solver manager             :        0.2
  Column generator              :      146.9
    (Shortest path)             :      136.8
  Master problem                :      754.2
  -------------------
  Total (without b&b)           :      901.3
