Cover_T0 52
Cover_T1 -52
Cover_T2 52
Cover_T3 -52
Cover_T4 52
Cover_T5 -52
Cover_T6 52
Cover_T7 -52
Cover_T8 52
Cover_T9 -52
Cover_T10 52
Cover_T11 -52
Cover_T12 54
Cover_T13 -52
Cover_T14 54
Cover_T15 -50
Cover_T16 54
Cover_T17 -52
Cover_T18 54
Cover_T19 -50
Cover_T20 54
Cover_T21 -50
Cover_T22 56
Cover_T23 -50
Cover_T24 52
Cover_T25 -50
Cover_T26 56
Cover_T27 -46
Cover_T28 60
Cover_T29 -46
Cover_T30 56
Cover_T31 -46
Cover_T32 54
Cover_T33 -46
Cover_T34 50
Cover_T35 -42
Cover_T36 54
Cover_T37 -42
Cover_T38 54
Cover_T39 -30
Cover_T40 68
Cover_T41 -38
Cover_T42 60
Cover_T43 976
Cover_T44 994
Cover_T45 974
Cover_T46 978
Cover_T47 962
Cover_T48 1046
Cover_T49 950
Cover_T50 1018
Cover_T51 966
Cover_T52 1042
Cover_T53 978
Cover_T54 28
Cover_T55 44
Cover_T56 30
Cover_T57 56
Cover_T58 32
Cover_T59 -12
Cover_T60 52
Cover_T61 4
Cover_T62 4.19327e-11
Cover_T63 -12
Cover_T64 4
Cover_T65 -6
Cover_T66 18
Cover_T67 -6
Cover_T68 14
Cover_T69 8
Cover_T70 -7.78346e-11
Cover_T71 8
Cover_T72 6
Cover_T73 -8
Cover_T74 10
Cover_T75 -6
Cover_T76 0
Cover_T77 8
Cover_T78 8.2089e-11
Cover_T79 2
Cover_T80 0
Cover_T81 -2
Cover_T82 8
Cover_T83 8
Cover_T84 0
Cover_T85 8
Cover_T86 0
Cover_T87 8
Cover_T88 -1.21645e-11
Cover_T89 0
Cover_T90 8
Cover_T91 8
Cover_T92 16
Cover_T93 8
Cover_T94 6.36646e-12
Cover_T95 8
Cover_T96 3.47242e-11
Cover_T97 4
Cover_T98 6
Cover_T99 -9.63679e-11
Cover_T100 4
Cover_T101 8
Cover_T102 -2.60242e-11
Cover_T103 2
Cover_T104 -4
Cover_T105 4
Cover_T106 -28
Cover_T107 0
Cover_T108 12
Cover_T109 -4
Cover_T110 4
Cover_T111 16
Cover_T112 16
Cover_T113 36
Cover_T114 4
Cover_T115 -4
Cover_T116 8
Cover_T117 4
Cover_T118 16
Cover_T119 -8
Cover_T120 -4
Cover_T121 4
Cover_T122 -12
Cover_T123 0
Cover_T124 -32
Cover_T125 -8
Cover_T126 -52
Cover_T127 12
Cover_T128 -40
Cover_T129 20
Cover_T130 0
Cover_T131 36
Cover_T132 -10
Cover_T133 52
Cover_T134 -26
Cover_T135 52
Cover_T136 -42
Cover_T137 52
Cover_T138 -24
Cover_T139 10
Cover_T140 -40
Cover_T141 22
Cover_T142 -8
Cover_T143 36
Cover_T144 -24
Cover_T145 54
Cover_T146 -40
Cover_T147 36
Cover_T148 16
Cover_T149 54
Cover_T150 12
Cover_T151 22
Cover_T152 -4
Cover_T153 46
Cover_T154 2
Cover_T155 62
Cover_T156 10
Cover_T157 -3.64848e-11
Cover_T158 -6
Cover_T159 20
Cover_T160 0
Cover_T161 36
Cover_T162 10
Cover_T163 22
Cover_T164 -8
Cover_T165 30
Cover_T166 12
Cover_T167 44
Cover_T168 4
Cover_T169 32
Cover_T170 -12
Cover_T171 36
Cover_T172 1.21744e-09
Cover_T173 52
Cover_T174 -12
Cover_T175 38
Cover_T176 -10
Cover_T177 42
Cover_T178 -18
Cover_T179 30
Cover_T180 -16
Cover_T181 40
Cover_T182 -18
Cover_T183 34
Cover_T184 -22
Cover_T185 38
Cover_T186 -30
Cover_T187 32
Cover_T188 -42
Cover_T189 36
Cover_T190 -26
Cover_T191 40
Cover_T192 -38
Cover_T193 42
Cover_T194 -24
Cover_T195 42
Cover_T196 -32
Cover_T197 42
Cover_T198 -26
Cover_T199 54
Cover_T200 -32
Cover_T201 38
Cover_T202 -30
Cover_T203 50
Cover_T204 -30
Cover_T205 34
Cover_T206 -30
Cover_T207 46
Cover_T208 -32
Cover_T209 34
Cover_T210 -32
Cover_T211 42
Cover_T212 -34
Cover_T213 42
Cover_T214 -32
Cover_T215 46
Cover_T216 -36
Cover_T217 42
Cover_T218 -32
Cover_T219 42
Cover_T220 -32
Cover_T221 44
Cover_T222 -32
Cover_T223 38
Cover_T224 -44
Cover_T225 52
Cover_T226 -32
Cover_T227 48
Cover_T228 -32
Cover_T229 48
Cover_T230 -34
Cover_T231 62
Cover_T232 -40
Cover_T233 56
Cover_T234 -36
Cover_T235 58
Cover_T236 -40
Cover_T237 60
Cover_T238 -40
Cover_T239 64
Cover_T240 -40
Cover_T241 60
Cover_T242 -46
Cover_T243 54
Cover_T244 52
Cover_T245 -52
Cover_T246 52
Cover_T247 -50
Cover_T248 54
Cover_T249 -50
Cover_T250 56
Cover_T251 -50
Cover_T252 58
Cover_T253 -46
Cover_T254 58
Cover_T255 -46
Cover_T256 54
Cover_T257 -42
Cover_T258 52
Cover_T259 -42
Cover_T260 52
Cover_T261 -46
Cover_T262 52
Cover_T263 -32
Cover_T264 70
Cover_T265 -38
Cover_T266 60
Cover_T267 0
Cover_T268 54
Cover_T269 972
Cover_T270 988
Cover_T271 974
Cover_T272 978
Cover_T273 962
Cover_T274 972
Cover_T275 958
Cover_T276 1030
Cover_T277 932
Cover_T278 1030
Cover_T279 970
Cover_T280 984
Cover_T281 980
Cover_T282 30
Cover_T283 44
Cover_T284 20
Cover_T285 50
Cover_T286 30
Cover_T287 60
Cover_T288 44
Cover_T289 -12
Cover_T290 44
Cover_T291 -4
Cover_T292 16
Cover_T293 -10
Cover_T294 -1.17097e-10
Cover_T295 -14
Cover_T296 0
Cover_T297 -14
Cover_T298 16
Cover_T299 0
Cover_T300 14
Cover_T301 3.00814e-10
Cover_T302 0
Cover_T303 -16
Cover_T304 6
Cover_T305 -14
Cover_T306 10
Cover_T307 1.40993e-10
Cover_T308 4.00452e-11
Cover_T309 -6
Cover_T310 0
Cover_T311 -10
Cover_T312 7.5417e-11
Cover_T313 -1.18567e-10
Cover_T314 8
Cover_T315 -1.26624e-10
Cover_T316 -5.70708e-11
Cover_T317 4.31299e-12
Cover_T318 -9.48468e-11
Cover_T319 -8
Cover_T320 -9.82254e-11
Cover_T321 -5.09459e-12
Cover_T322 8
Cover_T323 2.21689e-12
Cover_T324 16
Cover_T325 0
Cover_T326 -2.33982e-11
Cover_T327 -8
Cover_T328 0
Cover_T329 -16
Cover_T330 3.14099e-11
Cover_T331 0
Cover_T332 0
Cover_T333 -1.24146e-10
Cover_T334 -1.00838e-10
Cover_T335 0
Cover_T336 4
Cover_T337 -3.45608e-11
Cover_T338 8
Cover_T339 0
Cover_T340 -16
Cover_T341 4
Cover_T342 16
Cover_T343 8
Cover_T344 -6.04667e-11
Cover_T345 36
Cover_T346 4
Cover_T347 4
Cover_T348 3.45199e-11
Cover_T349 14
Cover_T350 3.2621e-11
Cover_T351 2
Cover_T352 -2
Cover_T353 0
Cover_T354 -10
Cover_T355 0
Cover_T356 -30
Cover_T357 2
Cover_T358 -50
Cover_T359 10
Cover_T360 -38
Cover_T361 30
Cover_T362 7.34381e-11
Cover_T363 50
Cover_T364 -14
Cover_T365 38
Cover_T366 -34
Cover_T367 -4.13554e-11
Cover_T368 -20
Cover_T369 14
Cover_T370 -40
Cover_T371 36
Cover_T372 -12
Cover_T373 54
Cover_T374 -28
Cover_T375 36
Cover_T376 -44
Cover_T377 52
Cover_T378 12
Cover_T379 22
Cover_T380 8
Cover_T381 42
Cover_T382 -8
Cover_T383 58
Cover_T384 -4
Cover_T385 4
Cover_T386 6
Cover_T387 8
Cover_T388 -10
Cover_T389 32
Cover_T390 -4
Cover_T391 26
Cover_T392 4
Cover_T393 20
Cover_T394 -12
Cover_T395 44
Cover_T396 7.43377e-10
Cover_T397 34
Cover_T398 1.08546e-09
Cover_T399 30
Cover_T400 1.16948e-09
Cover_T401 48
Cover_T402 -12
Cover_T403 30
Cover_T404 -22
Cover_T405 34
Cover_T406 -28
Cover_T407 28
Cover_T408 -24
Cover_T409 38
Cover_T410 -18
Cover_T411 36
Cover_T412 -22
Cover_T413 38
Cover_T414 -24
Cover_T415 38
Cover_T416 -24
Cover_T417 34
Cover_T418 -26
Cover_T419 52
Cover_T420 -30
Cover_T421 52
Cover_T422 -30
Cover_T423 40
Cover_T424 -30
Cover_T425 34
Cover_T426 -30
Cover_T427 40
Cover_T428 -40
Cover_T429 34
Cover_T430 -32
Cover_T431 34
Cover_T432 -36
Cover_T433 36
Cover_T434 -36
Cover_T435 32
Cover_T436 -32
Cover_T437 44
Cover_T438 -44
Cover_T439 36
Cover_T440 -32
Cover_T441 40
Cover_T442 -44
Cover_T443 44
Cover_T444 -32
Cover_T445 48
Cover_T446 -32
Cover_T447 44
Cover_T448 -42
Cover_T449 32
Cover_T450 -38
Cover_T451 32
Cover_T452 -32
Cover_T453 44
Cover_T454 -46
Cover_T455 38
Cover_T456 -34
Cover_T457 56
Cover_T458 -32
Cover_T459 40
Cover_T460 -38
Cover_T461 60
Cover_T462 -32
Cover_T463 44
Cover_T464 -38
Cover_T465 44
Cover_T466 -34
Cover_T467 58
Cover_T468 -34
Cover_T469 42
Cover_T470 -36
Cover_T471 58
Cover_T472 -36
Cover_T473 52
Cover_T474 -40
Cover_T475 46
Cover_T476 -42
Cover_T477 52
Cover_T478 -40
Cover_T479 52
Cover_T480 -46
Cover_T481 52
Cover_T482 52
Cover_T483 -46
Cover_T484 60
Cover_T485 -46
Cover_T486 54
Cover_T487 -46
Cover_T488 50
Cover_T489 -38
Cover_T490 54
Cover_T491 -34
Cover_T492 64
Cover_T493 976
Cover_T494 992
Cover_T495 972
Cover_T496 974
Cover_T497 958
Cover_T498 1048
Cover_T499 948
Cover_T500 1026
Cover_T501 984
Cover_T502 1046
Cover_T503 984
Cover_T504 1034
Cover_T505 972
Cover_T506 1002
Cover_T507 984
Cover_T508 12
Cover_T509 50
Cover_T510 32
Cover_T511 62
Cover_T512 38
Cover_T513 -6
Cover_T514 3.05119e-10
Cover_T515 6
Cover_T516 10
Cover_T517 -8
Cover_T518 12
Cover_T519 -6
Cover_T520 14
Cover_T521 -8
Cover_T522 2
Cover_T523 4
Cover_T524 8
Cover_T525 -4
Cover_T526 2
Cover_T527 2
Cover_T528 16
Cover_T529 14
Cover_T530 4
Cover_T531 6
Cover_T532 0
Cover_T533 0
Cover_T534 2
Cover_T535 -2
Cover_T536 -4
Cover_T537 -4
Cover_T538 1.31706e-10
Cover_T539 6
Cover_T540 4
Cover_T541 -4
Cover_T542 0
Cover_T543 4
Cover_T544 -1.99122e-10
Cover_T545 4
Cover_T546 -4
Cover_T547 10
Cover_T548 -1.36005e-10
Cover_T549 6
Cover_T550 4
Cover_T551 2
Cover_T552 6
Cover_T553 6
Cover_T554 0
Cover_T555 6
Cover_T556 12
Cover_T557 10
Cover_T558 -1.28679e-11
Cover_T559 6
Cover_T560 4
Cover_T561 2
Cover_T562 6
Cover_T563 0
Cover_T564 6
Cover_T565 6
Cover_T566 0
Cover_T567 -6
Cover_T568 1.83178e-11
Cover_T569 6
Cover_T570 8
Cover_T571 2
Cover_T572 16
Cover_T573 0
Cover_T574 7.81597e-14
Cover_T575 0
Cover_T576 -16
Cover_T577 6
Cover_T578 -32
Cover_T579 8
Cover_T580 8
Cover_T581 4
Cover_T582 0
Cover_T583 -9.139e-11
Cover_T584 12
Cover_T585 20
Cover_T586 6.16751e-11
Cover_T587 40
Cover_T588 4
Cover_T589 0
Cover_T590 12
Cover_T591 12
Cover_T592 -4
Cover_T593 0
Cover_T594 -32
Cover_T595 4
Cover_T596 -44
Cover_T597 4
Cover_T598 2
Cover_T599 20
Cover_T600 -14
Cover_T601 36
Cover_T602 -30
Cover_T603 52
Cover_T604 -46
Cover_T605 52
Cover_T606 -28
Cover_T607 52
Cover_T608 -44
Cover_T609 12
Cover_T610 -12
Cover_T611 22
Cover_T612 -28
Cover_T613 38
Cover_T614 -44
Cover_T615 52
Cover_T616 16
Cover_T617 32
Cover_T618 16
Cover_T619 42
Cover_T620 4
Cover_T621 58
Cover_T622 -8
Cover_T623 26
Cover_T624 2
Cover_T625 40
Cover_T626 14
Cover_T627 44
Cover_T628 4
Cover_T629 60
Cover_T630 -10
Cover_T631 12
Cover_T632 -6.21192e-10
Cover_T633 14
Cover_T634 14
Cover_T635 16
Cover_T636 2
Cover_T637 36
Cover_T638 -10
Cover_T639 38
Cover_T640 8
Cover_T641 24
Cover_T642 0
Cover_T643 34
Cover_T644 -4
Cover_T645 48
Cover_T646 4
Cover_T647 42
Cover_T648 1.04565e-09
Cover_T649 30
Cover_T650 4
Cover_T651 44
Cover_T652 -8
Cover_T653 54
Cover_T654 -8
Cover_T655 32
Cover_T656 -8
Cover_T657 28
Cover_T658 -8
Cover_T659 40
Cover_T660 -16
Cover_T661 34
Cover_T662 -16
Cover_T663 34
Cover_T664 -16
Cover_T665 34
Cover_T666 -18
Cover_T667 50
Cover_T668 -18
Cover_T669 38
Cover_T670 -24
Cover_T671 36
Cover_T672 -36
Cover_T673 38
Cover_T674 -24
Cover_T675 32
Cover_T676 -40
Cover_T677 34
Cover_T678 -24
Cover_T679 42
Cover_T680 -24
Cover_T681 34
Cover_T682 -34
Cover_T683 50
Cover_T684 -26
Cover_T685 38
Cover_T686 -30
Cover_T687 54
Cover_T688 -30
Cover_T689 44
Cover_T690 -30
Cover_T691 48
Cover_T692 -32
Cover_T693 36
Cover_T694 -36
Cover_T695 48
Cover_T696 -32
Cover_T697 36
Cover_T698 -32
Cover_T699 36
Cover_T700 -40
Cover_T701 52
Cover_T702 -32
Cover_T703 44
Cover_T704 -48
Cover_T705 52
Cover_T706 -32
Cover_T707 46
Cover_T708 -48
Cover_T709 40
Cover_T710 -36
Cover_T711 50
Cover_T712 -32
Cover_T713 58
Cover_T714 -32
Cover_T715 54
Cover_T716 -32
Cover_T717 56
Cover_T718 -34
Cover_T719 58
Cover_T720 -34
Cover_T721 62
Cover_T722 -36
Cover_T723 52
Cover_T724 -40
Cover_T725 62
Cover_T726 -40
Cover_T727 64
Cover_T728 -46
Cover_T729 32
Cover_T730 -2
Cover_T731 22
Cover_T732 2
Cover_T733 10
Cover_T734 -2
Cover_T735 24
Cover_T736 18
Cover_T737 4
Cover_T738 46
Cover_T739 26
Cover_T740 1020
Cover_T741 14
Cover_T742 1012
Cover_T743 1036
Cover_T744 1000
Cover_T745 1082
Cover_T746 1014
Cover_T747 1054
Cover_T748 1024
Cover_T749 1078
Cover_T750 1028
Cover_T751 52
Cover_T752 1014
Cover_T753 66
Cover_T754 1026
Cover_T755 66
Cover_T756 0
Cover_T757 66
Cover_T758 -38
Cover_T759 54
Cover_T760 -34
Cover_T761 52
Cover_T762 -30
Cover_T763 52
Cover_T764 -2
Cover_T765 52
Cover_T766 54
Cover_T767 12
Cover_T768 54
Cover_T769 -28
Cover_T770 64
Cover_T771 26
Cover_T772 28
Cover_T773 0
Cover_T774 44
Cover_T775 0
Cover_T776 64
Cover_T777 16
Cover_T778 72
Cover_T779 0
Cover_T780 12
Cover_T781 50
Cover_T782 34
Cover_T783 34
Cover_T784 30
Cover_T785 46
Cover_T786 20
Cover_T787 10
Cover_T788 48
Cover_T789 30
Cover_T790 2
Cover_T791 4
Cover_T792 0
Cover_T793 0
Cover_T794 32
Cover_T795 16
Cover_T796 14
Cover_T797 24
Cover_T798 24
Cover_T799 22
Cover_T800 22
Cover_T801 18
Count_D0 -984
Count_D1 -1000
Max_H0_P0 0
Max_H0_P1 0
Max_H0_P2 0
Max_H0_P3 0
Max_H0_P4 0
Max_H0_P5 0
Max_H0_P6 4.85407e-11
Max_H0_P7 0
Max_H0_P8 0
Max_H0_P9 0
Max_H0_P10 0
Max_H0_P11 0
Max_H0_P12 0
Max_H0_P13 0
Max_H0_P14 0
Max_H0_P15 1.48344e-11
Max_H0_P16 -3.39435e-11
Max_H0_P17 -8.19334e-12
Max_H0_P18 1.41389e-11
Max_H0_P19 1.85799e-11
Max_H0_P20 2.37348e-11
Max_H0_P21 1.0282e-11
Max_H0_P22 2.98139e-11
Max_H0_P23 2.82239e-13
Max_H0_P24 1.72679e-11
Max_H0_P25 2.68688e-11
Max_H0_P26 3.5528e-11
Max_H0_P27 -4.78373e-11
Max_H0_P28 3.3734e-11
Max_H0_P29 1.40059e-11
Max_H0_P30 -1.80437e-11
Max_H0_P31 5.01608e-11
Max_H0_P32 -3.58013e-11
Max_H0_P33 -3.68834e-11
Max_H0_P34 4.74215e-11
Max_H0_P35 -2.0592e-11
Max_H0_P36 -3.14003e-11
Max_H0_P37 -1.57421e-11
Max_H0_P38 5.52305e-11
Max_H0_P39 -5.64286e-11
Max_H0_P40 -2.13567e-12
Max_H0_P41 1.47793e-12
Max_H0_P42 -3.18323e-11
Max_H0_P43 0
Max_H0_P44 0
Max_H0_P45 -1.04176e-11
Max_H0_P46 0
Max_H0_P47 0
Max_H0_P48 0
Max_H0_P49 0
Max_H0_P50 0
Max_H0_P51 0
Max_H0_P52 0
Max_H0_P53 0
Max_H0_P54 0
Max_H0_P55 0
Max_H0_P56 0
Max_H0_P57 0
Max_H0_P58 0
Max_H0_P59 0
Max_H0_P60 -3.86604e-11
Max_H0_P61 2.93132e-11
Max_H0_P62 -4.07192e-12
Max_H0_P63 -5.56719e-11
Max_H0_P64 0
Max_H0_P65 0
Max_H0_P66 0
Max_H0_P67 0
Max_H0_P68 0
Max_H0_P69 0
Max_H0_P70 0
Max_H0_P71 0
Max_H0_P72 0
Max_H0_P73 0
Max_H0_P74 0
Max_H0_P75 0
Max_H0_P76 -3.93959e-12
Max_H0_P77 0
Max_H0_P78 0
Max_H0_P79 0
Max_H0_P80 0
Max_H0_P81 0
Max_H1_P0 0
Max_H1_P1 0
Max_H1_P2 0
Max_H1_P3 0
Max_H1_P4 0
Max_H1_P5 0
Max_H1_P6 7.7307e-11
Max_H1_P7 0
Max_H1_P8 0
Max_H1_P9 0
Max_H1_P10 -4.75284e-11
Max_H1_P11 0
Max_H1_P12 0
Max_H1_P13 0
Max_H1_P14 0
Max_H1_P15 -1.61117e-11
Max_H1_P16 -3.54525e-11
Max_H1_P17 -2.09268e-11
Max_H1_P18 9.89075e-12
Max_H1_P19 8.53677e-12
Max_H1_P20 3.72053e-11
Max_H1_P21 8.91768e-12
Max_H1_P22 -1.05273e-11
Max_H1_P23 -2.17604e-14
Max_H1_P24 1.6522e-12
Max_H1_P25 6.77854e-11
Max_H1_P26 -1.18818e-11
Max_H1_P27 5.10576e-11
Max_H1_P28 3.67151e-11
Max_H1_P29 -1.3947e-12
Max_H1_P30 3.47873e-11
Max_H1_P31 -4.03778e-12
Max_H1_P32 3.70818e-11
Max_H1_P33 1.95771e-11
Max_H1_P34 -4.25194e-11
Max_H1_P35 1.13509e-10
Max_H1_P36 4.68351e-11
Max_H1_P37 3.51653e-12
Max_H1_P38 7.32747e-15
Max_H1_P39 2.00818e-11
Max_H1_P40 7.89095e-11
Max_H1_P41 -8.53761e-12
Max_H1_P42 5.89555e-12
Max_H1_P43 -1.60796e-11
Max_H1_P44 0
Max_H1_P45 0
Max_H1_P46 0
Max_H1_P47 0
Max_H1_P48 0
Max_H1_P49 0
Max_H1_P50 0
Max_H1_P51 0
Max_H1_P52 0
Max_H1_P53 0
Max_H1_P54 1.5568e-11
Max_H1_P55 0
Max_H1_P56 0
Max_H1_P57 0
Max_H1_P58 0
Max_H1_P59 1.91891e-11
Max_H1_P60 2.5544e-12
Max_H1_P61 1.11591e-11
Max_H1_P62 -9.34719e-12
Max_H1_P63 -8.17408e-11
Max_H1_P64 5.52597e-11
Max_H1_P65 0
Max_H1_P66 -5.90035e-11
Max_H1_P67 0
Max_H1_P68 0
Max_H1_P69 -3.75628e-11
Max_H1_P70 0
Max_H1_P71 0
Max_H1_P72 0
Max_H1_P73 0
Max_H1_P74 0
Max_H1_P75 0
Max_H1_P76 4.13314e-12
Max_H1_P77 3.75668e-11
Max_H1_P78 -3.32627e-11
Max_H1_P79 0
Max_H1_P80 0
Max_H1_P81 0
