Cover_T0 52
Cover_T1 -52
Cover_T2 52
Cover_T3 -52
Cover_T4 52
Cover_T5 -52
Cover_T6 52
Cover_T7 -52
Cover_T8 52
Cover_T9 -52
Cover_T10 52
Cover_T11 -52
Cover_T12 54
Cover_T13 -52
Cover_T14 54
Cover_T15 -50
Cover_T16 58
Cover_T17 -50
Cover_T18 58
Cover_T19 -46
Cover_T20 60
Cover_T21 -46
Cover_T22 60
Cover_T23 -44
Cover_T24 62
Cover_T25 -44
Cover_T26 60
Cover_T27 -42
Cover_T28 62
Cover_T29 -42
Cover_T30 56
Cover_T31 -42
Cover_T32 52
Cover_T33 -42
Cover_T34 56
Cover_T35 -34
Cover_T36 52
Cover_T37 -32
Cover_T38 48
Cover_T39 -32
Cover_T40 50
Cover_T41 942
Cover_T42 994
Cover_T43 948
Cover_T44 990
Cover_T45 948
Cover_T46 1042
Cover_T47 948
Cover_T48 1036
Cover_T49 948
Cover_T50 1036
Cover_T51 944
Cover_T52 52
Cover_T53 -2.16724e-10
Cover_T54 56
Cover_T55 4
Cover_T56 56
Cover_T57 -42
Cover_T58 28
Cover_T59 -44
Cover_T60 4
Cover_T61 -42
Cover_T62 4
Cover_T63 -30
Cover_T64 2
Cover_T65 -6
Cover_T66 0
Cover_T67 14
Cover_T68 16
Cover_T69 6
Cover_T70 0
Cover_T71 0
Cover_T72 0
Cover_T73 16
Cover_T74 10
Cover_T75 10
Cover_T76 -6
Cover_T77 -6
Cover_T78 0
Cover_T79 10
Cover_T80 20
Cover_T81 10
Cover_T82 -5.2359e-10
Cover_T83 8
Cover_T84 48
Cover_T85 10
Cover_T86 24
Cover_T87 -2
Cover_T88 0
Cover_T89 22
Cover_T90 -24
Cover_T91 -26
Cover_T92 -9.42518e-11
Cover_T93 -2
Cover_T94 4
Cover_T95 22
Cover_T96 52
Cover_T97 46
Cover_T98 52
Cover_T99 0
Cover_T100 52
Cover_T101 0
Cover_T102 28
Cover_T103 -30
Cover_T104 4
Cover_T105 -30
Cover_T106 -20
Cover_T107 -30
Cover_T108 -14
Cover_T109 -6
Cover_T110 -38
Cover_T111 18
Cover_T112 4
Cover_T113 34
Cover_T114 12
Cover_T115 20
Cover_T116 -4
Cover_T117 36
Cover_T118 -10
Cover_T119 52
Cover_T120 -26
Cover_T121 6
Cover_T122 -42
Cover_T123 -2
Cover_T124 4
Cover_T125 14
Cover_T126 10
Cover_T127 24
Cover_T128 -10
Cover_T129 48
Cover_T130 -34
Cover_T131 10
Cover_T132 -42
Cover_T133 12
Cover_T134 -42
Cover_T135 34
Cover_T136 -42
Cover_T137 54
Cover_T138 -24
Cover_T139 54
Cover_T140 -40
Cover_T141 52
Cover_T142 16
Cover_T143 60
Cover_T144 16
Cover_T145 62
Cover_T146 -2.39709e-10
Cover_T147 50
Cover_T148 48
Cover_T149 68
Cover_T150 48
Cover_T151 12
Cover_T152 48
Cover_T153 20
Cover_T154 32
Cover_T155 36
Cover_T156 32
Cover_T157 -12
Cover_T158 28
Cover_T159 -12
Cover_T160 4
Cover_T161 -10
Cover_T162 20
Cover_T163 14
Cover_T164 2
Cover_T165 6
Cover_T166 -14
Cover_T167 8
Cover_T168 -38
Cover_T169 28
Cover_T170 22
Cover_T171 20
Cover_T172 4
Cover_T173 36
Cover_T174 -12
Cover_T175 56
Cover_T176 -32
Cover_T177 64
Cover_T178 14
Cover_T179 12
Cover_T180 10
Cover_T181 28
Cover_T182 10
Cover_T183 40
Cover_T184 -4.13279e-09
Cover_T185 56
Cover_T186 10
Cover_T187 68
Cover_T188 -6
Cover_T189 8
Cover_T190 2
Cover_T191 4
Cover_T192 0
Cover_T193 6
Cover_T194 2
Cover_T195 12
Cover_T196 -10
Cover_T197 6
Cover_T198 2
Cover_T199 18
Cover_T200 0
Cover_T201 6
Cover_T202 -2
Cover_T203 18
Cover_T204 -18
Cover_T205 8
Cover_T206 -26
Cover_T207 28
Cover_T208 -42
Cover_T209 44
Cover_T210 -4
Cover_T211 62
Cover_T212 -4
Cover_T213 54
Cover_T214 -4
Cover_T215 52
Cover_T216 -4
Cover_T217 72
Cover_T218 -14
Cover_T219 34
Cover_T220 -32
Cover_T221 40
Cover_T222 -6
Cover_T223 54
Cover_T224 -20
Cover_T225 54
Cover_T226 -18
Cover_T227 78
Cover_T228 -24
Cover_T229 46
Cover_T230 -24
Cover_T231 66
Cover_T232 -28
Cover_T233 56
Cover_T234 -42
Cover_T235 64
Cover_T236 -44
Cover_T237 52
Cover_T238 -44
Cover_T239 52
Cover_T240 52
Cover_T241 -52
Cover_T242 54
Cover_T243 -46
Cover_T244 58
Cover_T245 -46
Cover_T246 58
Cover_T247 -44
Cover_T248 58
Cover_T249 -44
Cover_T250 58
Cover_T251 -42
Cover_T252 56
Cover_T253 -42
Cover_T254 52
Cover_T255 -42
Cover_T256 56
Cover_T257 -34
Cover_T258 52
Cover_T259 -38
Cover_T260 48
Cover_T261 -32
Cover_T262 46
Cover_T263 -32
Cover_T264 50
Cover_T265 942
Cover_T266 994
Cover_T267 948
Cover_T268 990
Cover_T269 948
Cover_T270 1036
Cover_T271 948
Cover_T272 1036
Cover_T273 944
Cover_T274 62
Cover_T275 0
Cover_T276 46
Cover_T277 4
Cover_T278 56
Cover_T279 -46
Cover_T280 52
Cover_T281 -42
Cover_T282 32
Cover_T283 -40
Cover_T284 16
Cover_T285 -46
Cover_T286 1.00073e-08
Cover_T287 -42
Cover_T288 8
Cover_T289 -26
Cover_T290 14
Cover_T291 -10
Cover_T292 -2
Cover_T293 6
Cover_T294 9.74607e-11
Cover_T295 6
Cover_T296 8
Cover_T297 8
Cover_T298 4.01023e-10
Cover_T299 10
Cover_T300 2
Cover_T301 2
Cover_T302 -5.39451e-10
Cover_T303 10
Cover_T304 16
Cover_T305 0
Cover_T306 0
Cover_T307 16
Cover_T308 -16
Cover_T309 10
Cover_T310 40
Cover_T311 -10
Cover_T312 24
Cover_T313 6
Cover_T314 8
Cover_T315 22
Cover_T316 -8
Cover_T317 -34
Cover_T318 -24
Cover_T319 -14
Cover_T320 -2.9341e-11
Cover_T321 10
Cover_T322 4
Cover_T323 34
Cover_T324 52
Cover_T325 10
Cover_T326 52
Cover_T327 6
Cover_T328 52
Cover_T329 -42
Cover_T330 28
Cover_T331 -42
Cover_T332 4
Cover_T333 -42
Cover_T334 -20
Cover_T335 -18
Cover_T336 -14
Cover_T337 6
Cover_T338 -38
Cover_T339 30
Cover_T340 1.06411e-10
Cover_T341 24
Cover_T342 2.01469e-10
Cover_T343 48
Cover_T344 -14
Cover_T345 10
Cover_T346 -38
Cover_T347 10
Cover_T348 0
Cover_T349 20
Cover_T350 6
Cover_T351 36
Cover_T352 -10
Cover_T353 52
Cover_T354 -22
Cover_T355 6
Cover_T356 -38
Cover_T357 2.7065e-10
Cover_T358 -38
Cover_T359 12
Cover_T360 -30
Cover_T361 28
Cover_T362 -46
Cover_T363 46
Cover_T364 -42
Cover_T365 54
Cover_T366 -32
Cover_T367 60
Cover_T368 16
Cover_T369 58
Cover_T370 8
Cover_T371 58
Cover_T372 48
Cover_T373 8
Cover_T374 44
Cover_T375 12
Cover_T376 44
Cover_T377 32
Cover_T378 22
Cover_T379 -16
Cover_T380 28
Cover_T381 -16
Cover_T382 16
Cover_T383 -8
Cover_T384 0
Cover_T385 8
Cover_T386 14
Cover_T387 4
Cover_T388 -2
Cover_T389 8
Cover_T390 -36
Cover_T391 8
Cover_T392 16
Cover_T393 38
Cover_T394 -12
Cover_T395 68
Cover_T396 -42
Cover_T397 16
Cover_T398 8
Cover_T399 40
Cover_T400 12
Cover_T401 68
Cover_T402 -2
Cover_T403 8
Cover_T404 -4.03301e-09
Cover_T405 12
Cover_T406 -4
Cover_T407 18
Cover_T408 2
Cover_T409 6
Cover_T410 -10
Cover_T411 14
Cover_T412 -2
Cover_T413 12
Cover_T414 -6
Cover_T415 24
Cover_T416 -18
Cover_T417 4
Cover_T418 -30
Cover_T419 14
Cover_T420 -24
Cover_T421 8
Cover_T422 -36
Cover_T423 12
Cover_T424 -48
Cover_T425 22
Cover_T426 -32
Cover_T427 38
Cover_T428 -44
Cover_T429 34
Cover_T430 -40
Cover_T431 56
Cover_T432 -2
Cover_T433 44
Cover_T434 -2
Cover_T435 66
Cover_T436 -2
Cover_T437 62
Cover_T438 -22
Cover_T439 30
Cover_T440 -22
Cover_T441 30
Cover_T442 -36
Cover_T443 34
Cover_T444 -54
Cover_T445 36
Cover_T446 -16
Cover_T447 32
Cover_T448 -32
Cover_T449 48
Cover_T450 -16
Cover_T451 42
Cover_T452 -24
Cover_T453 50
Cover_T454 -30
Cover_T455 66
Cover_T456 -46
Cover_T457 70
Cover_T458 -18
Cover_T459 36
Cover_T460 -24
Cover_T461 52
Cover_T462 -32
Cover_T463 50
Cover_T464 -28
Cover_T465 50
Cover_T466 -24
Cover_T467 58
Cover_T468 -32
Cover_T469 66
Cover_T470 -28
Cover_T471 46
Cover_T472 -36
Cover_T473 46
Cover_T474 -42
Cover_T475 54
Cover_T476 -42
Cover_T477 60
Cover_T478 -38
Cover_T479 56
Cover_T480 -44
Cover_T481 58
Cover_T482 -44
Cover_T483 60
Cover_T484 58
Cover_T485 -44
Cover_T486 58
Cover_T487 -42
Cover_T488 58
Cover_T489 -42
Cover_T490 54
Cover_T491 -42
Cover_T492 60
Cover_T493 -34
Cover_T494 56
Cover_T495 -38
Cover_T496 48
Cover_T497 -36
Cover_T498 60
Cover_T499 -40
Cover_T500 46
Cover_T501 934
Cover_T502 994
Cover_T503 948
Cover_T504 994
Cover_T505 940
Cover_T506 994
Cover_T507 940
Cover_T508 1034
Cover_T509 940
Cover_T510 1032
Cover_T511 944
Cover_T512 1034
Cover_T513 944
Cover_T514 1042
Cover_T515 948
Cover_T516 1030
Cover_T517 948
Cover_T518 1034
Cover_T519 940
Cover_T520 1040
Cover_T521 948
Cover_T522 54
Cover_T523 0
Cover_T524 48
Cover_T525 0
Cover_T526 48
Cover_T527 0
Cover_T528 36
Cover_T529 -44
Cover_T530 20
Cover_T531 -52
Cover_T532 9.66098e-09
Cover_T533 -38
Cover_T534 6
Cover_T535 -44
Cover_T536 12
Cover_T537 -40
Cover_T538 -4
Cover_T539 -24
Cover_T540 2
Cover_T541 -8
Cover_T542 18
Cover_T543 8
Cover_T544 2
Cover_T545 0
Cover_T546 2
Cover_T547 -6
Cover_T548 12
Cover_T549 10
Cover_T550 -4
Cover_T551 4
Cover_T552 2
Cover_T553 -12
Cover_T554 22
Cover_T555 4
Cover_T556 6
Cover_T557 4
Cover_T558 -10
Cover_T559 -6
Cover_T560 46
Cover_T561 10
Cover_T562 30
Cover_T563 4
Cover_T564 14
Cover_T565 -16
Cover_T566 -2
Cover_T567 7.66818e-10
Cover_T568 -18
Cover_T569 16
Cover_T570 -34
Cover_T571 -40
Cover_T572 -2
Cover_T573 -24
Cover_T574 6
Cover_T575 -12
Cover_T576 0
Cover_T577 9.87733e-10
Cover_T578 6
Cover_T579 12
Cover_T580 48
Cover_T581 24
Cover_T582 36
Cover_T583 36
Cover_T584 48
Cover_T585 0
Cover_T586 36
Cover_T587 12
Cover_T588 48
Cover_T589 -4
Cover_T590 36
Cover_T591 8
Cover_T592 24
Cover_T593 -52
Cover_T594 6
Cover_T595 -52
Cover_T596 -18
Cover_T597 -52
Cover_T598 -12
Cover_T599 -28
Cover_T600 -36
Cover_T601 -4
Cover_T602 2
Cover_T603 20
Cover_T604 2
Cover_T605 14
Cover_T606 -12
Cover_T607 38
Cover_T608 -36
Cover_T609 0
Cover_T610 2
Cover_T611 0
Cover_T612 0
Cover_T613 14
Cover_T614 -16
Cover_T615 30
Cover_T616 -32
Cover_T617 46
Cover_T618 -48
Cover_T619 -1.69912e-10
Cover_T620 -48
Cover_T621 -6
Cover_T622 -40
Cover_T623 12
Cover_T624 -48
Cover_T625 22
Cover_T626 -48
Cover_T627 40
Cover_T628 -30
Cover_T629 52
Cover_T630 -38
Cover_T631 44
Cover_T632 -46
Cover_T633 56
Cover_T634 18
Cover_T635 36
Cover_T636 10
Cover_T637 50
Cover_T638 18
Cover_T639 52
Cover_T640 8
Cover_T641 58
Cover_T642 2
Cover_T643 44
Cover_T644 -6
Cover_T645 64
Cover_T646 50
Cover_T647 32
Cover_T648 44
Cover_T649 48
Cover_T650 52
Cover_T651 48
Cover_T652 36
Cover_T653 66
Cover_T654 48
Cover_T655 0
Cover_T656 36
Cover_T657 16
Cover_T658 30
Cover_T659 14
Cover_T660 36
Cover_T661 32
Cover_T662 26
Cover_T663 -18
Cover_T664 8
Cover_T665 -14
Cover_T666 20
Cover_T667 -14
Cover_T668 -6.72e-09
Cover_T669 8
Cover_T670 -18
Cover_T671 0
Cover_T672 -34
Cover_T673 6
Cover_T674 26
Cover_T675 18
Cover_T676 8
Cover_T677 38
Cover_T678 2
Cover_T679 16
Cover_T680 -16
Cover_T681 34
Cover_T682 -30
Cover_T683 36
Cover_T684 -44
Cover_T685 58
Cover_T686 20
Cover_T687 68
Cover_T688 20
Cover_T689 6
Cover_T690 0
Cover_T691 20
Cover_T692 10
Cover_T693 34
Cover_T694 14
Cover_T695 48
Cover_T696 -2
Cover_T697 66
Cover_T698 4
Cover_T699 2
Cover_T700 6
Cover_T701 10
Cover_T702 -14
Cover_T703 10
Cover_T704 2
Cover_T705 8
Cover_T706 2
Cover_T707 24
Cover_T708 -8.58727e-09
Cover_T709 10
Cover_T710 -28
Cover_T711 20
Cover_T712 -34
Cover_T713 12
Cover_T714 -30
Cover_T715 6
Cover_T716 -34
Cover_T717 40
Cover_T718 -4
Cover_T719 42
Cover_T720 -4
Cover_T721 62
Cover_T722 -4
Cover_T723 52
Cover_T724 -2
Cover_T725 72
Cover_T726 -14
Cover_T727 68
Cover_T728 -30
Cover_T729 36
Cover_T730 -6
Cover_T731 34
Cover_T732 -10
Cover_T733 34
Cover_T734 -24
Cover_T735 44
Cover_T736 -20
Cover_T737 76
Cover_T738 -18
Cover_T739 58
Cover_T740 -32
Cover_T741 54
Cover_T742 -30
Cover_T743 48
Cover_T744 -38
Cover_T745 56
Cover_T746 -38
Cover_T747 52
Cover_T748 -38
Cover_T749 62
Cover_T750 -38
Cover_T751 54
Cover_T752 -44
Cover_T753 64
Cover_T754 -44
Cover_T755 58
Cover_T756 -44
Cover_T757 54
Cover_T758 -44
Cover_T759 16
Cover_T760 4
Cover_T761 18
Cover_T762 6
Cover_T763 22
Cover_T764 4
Cover_T765 8
Cover_T766 12
Cover_T767 10
Cover_T768 2
Cover_T769 14
Cover_T770 0
Cover_T771 2
Cover_T772 980
Cover_T773 950
Cover_T774 986
Cover_T775 930
Cover_T776 992
Cover_T777 1036
Cover_T778 990
Cover_T779 1042
Cover_T780 990
Cover_T781 1042
Cover_T782 984
Cover_T783 1042
Cover_T784 996
Cover_T785 68
Cover_T786 48
Cover_T787 50
Cover_T788 60
Cover_T789 52
Cover_T790 -34
Cover_T791 52
Cover_T792 54
Cover_T793 0
Cover_T794 60
Cover_T795 -14
Cover_T796 68
Cover_T797 14
Cover_T798 36
Cover_T799 26
Cover_T800 34
Cover_T801 28
Cover_T802 52
Cover_T803 6
Cover_T804 68
Cover_T805 0
Cover_T806 26
Cover_T807 0
Cover_T808 0
Cover_T809 18
Cover_T810 0
Cover_T811 0
Cover_T812 16
Cover_T813 22
Cover_T814 24
Cover_T815 0
Cover_T816 22
Cover_T817 0
Cover_T818 8
Cover_T819 0
Cover_T820 22
Cover_T821 70
Cover_T822 0
Cover_T823 66
Cover_T824 22
Cover_T825 60
Cover_T826 22
Cover_T827 38
Cover_T828 24
Cover_T829 58
Cover_T830 -20
Cover_T831 50
Count_D0 -984
Count_D1 -1000
Max_H0_P0 0
Max_H0_P1 0
Max_H0_P2 0
Max_H0_P3 0
Max_H0_P4 0
Max_H0_P5 -2.09752e-10
Max_H0_P6 3.95154e-10
Max_H0_P7 0
Max_H0_P8 0
Max_H0_P9 9.24096e-11
Max_H0_P10 0
Max_H0_P11 0
Max_H0_P12 0
Max_H0_P13 0
Max_H0_P14 0
Max_H0_P15 -2.39498e-10
Max_H0_P16 -7.70456e-10
Max_H0_P17 -2.46701e-10
Max_H0_P18 -6.75238e-11
Max_H0_P19 -5.1402e-10
Max_H0_P20 -5.96351e-11
Max_H0_P21 2.24077e-10
Max_H0_P22 1.56529e-10
Max_H0_P23 -1.68941e-10
Max_H0_P24 2.00142e-11
Max_H0_P25 9.24544e-11
Max_H0_P26 -2.49045e-11
Max_H0_P27 1.03096e-10
Max_H0_P28 3.54025e-10
Max_H0_P29 -3.18096e-10
Max_H0_P30 -3.46496e-11
Max_H0_P31 8.22009e-11
Max_H0_P32 -3.93374e-11
Max_H0_P33 -3.44824e-11
Max_H0_P34 2.27928e-10
Max_H0_P35 -2.58069e-11
Max_H0_P36 -4.42304e-10
Max_H0_P37 -4.46323e-11
Max_H0_P38 1.26088e-11
Max_H0_P39 -6.28943e-11
Max_H0_P40 3.63353e-11
Max_H0_P41 4.92186e-11
Max_H0_P42 -6.02967e-11
Max_H0_P43 0
Max_H0_P44 0
Max_H0_P45 0
Max_H0_P46 0
Max_H0_P47 0
Max_H0_P48 0
Max_H0_P49 0
Max_H0_P50 0
Max_H0_P51 0
Max_H0_P52 0
Max_H0_P53 0
Max_H0_P54 0
Max_H0_P55 0
Max_H0_P56 0
Max_H0_P57 0
Max_H0_P58 0
Max_H0_P59 0
Max_H0_P60 0
Max_H0_P61 0
Max_H0_P62 0
Max_H0_P63 0
Max_H0_P64 0
Max_H0_P65 0
Max_H0_P66 0
Max_H0_P67 0
Max_H0_P68 0
Max_H0_P69 0
Max_H0_P70 0
Max_H0_P71 0
Max_H0_P72 0
Max_H0_P73 0
Max_H0_P74 0
Max_H0_P75 0
Max_H0_P76 0
Max_H0_P77 5.52713e-12
Max_H0_P78 5.36245e-11
Max_H0_P79 0
Max_H0_P80 0
Max_H0_P81 0
Max_H1_P0 0
Max_H1_P1 0
Max_H1_P2 0
Max_H1_P3 0
Max_H1_P4 0
Max_H1_P5 -3.58114e-11
Max_H1_P6 -7.36282e-11
Max_H1_P7 0
Max_H1_P8 -1.82761e-10
Max_H1_P9 0
Max_H1_P10 -1.30856e-10
Max_H1_P11 0
Max_H1_P12 0
Max_H1_P13 0
Max_H1_P14 0
Max_H1_P15 -2.21929e-10
Max_H1_P16 -1.23407e-10
Max_H1_P17 -7.87135e-11
Max_H1_P18 -1.75852e-10
Max_H1_P19 -5.57261e-11
Max_H1_P20 -8.61521e-11
Max_H1_P21 -7.51458e-11
Max_H1_P22 -4.19433e-11
Max_H1_P23 -6.46647e-11
Max_H1_P24 4.97096e-11
Max_H1_P25 1.34513e-10
Max_H1_P26 1.71801e-10
Max_H1_P27 2.91429e-10
Max_H1_P28 1.05956e-10
Max_H1_P29 -3.12657e-11
Max_H1_P30 -1.40038e-10
Max_H1_P31 7.24151e-12
Max_H1_P32 -9.15761e-11
Max_H1_P33 -6.05382e-11
Max_H1_P34 6.93851e-11
Max_H1_P35 -1.22054e-10
Max_H1_P36 -1.09695e-10
Max_H1_P37 7.82476e-11
Max_H1_P38 -8.74864e-12
Max_H1_P39 -1.13971e-10
Max_H1_P40 5.44809e-11
Max_H1_P41 2.77822e-11
Max_H1_P42 -2.54257e-11
Max_H1_P43 -7.1263e-11
Max_H1_P44 0
Max_H1_P45 3.66528e-10
Max_H1_P46 0
Max_H1_P47 0
Max_H1_P48 0
Max_H1_P49 0
Max_H1_P50 0
Max_H1_P51 0
Max_H1_P52 0
Max_H1_P53 0
Max_H1_P54 0
Max_H1_P55 0
Max_H1_P56 0
Max_H1_P57 0
Max_H1_P58 7.81388e-11
Max_H1_P59 -4.95302e-11
Max_H1_P60 0
Max_H1_P61 0
Max_H1_P62 0
Max_H1_P63 0
Max_H1_P64 0
Max_H1_P65 0
Max_H1_P66 0
Max_H1_P67 0
Max_H1_P68 0
Max_H1_P69 0
Max_H1_P70 0
Max_H1_P71 -7.3247e-10
Max_H1_P72 0
Max_H1_P73 0
Max_H1_P74 0
Max_H1_P75 0
Max_H1_P76 1.40554e-10
Max_H1_P77 -2.38325e-10
Max_H1_P78 9.77707e-11
Max_H1_P79 -3.6545e-11
Max_H1_P80 0
Max_H1_P81 0
