
Branch and bound

  Entire solving process        :                           (Time   1112.1)
  No feasible solution was found
  Best relaxation cost          :     60604.24 (Node     0) (Time   1112.1)
  Lower bound after cuts        :     60604.24
  End lower bound               :     60604.24
  Deepest level reached         : 0
  Deepest real level reached    : 0
  Number of real nodes solved   : 1
  Stopping condition            : enough nodes explored

Problem identification

  Problem                       : <null>
  Machine                       : oslo1.gerad.lan

Solving process summary

  Linear relaxations            :        1
  Column generation iterations  :      227
  Shortest paths solved         :     4756
  Columns generated             :    54743

Instance characteristics

  Resources                     : 3
  Node types                    : no
  Arc types                     : no
  Strong resource windows       : no
  Weak resource windows         : no
  Resource windows (nodes)      : 3
  Resource values (arcs)        : 3
  Values on nodes               : no

  Rows                          : 998
  Initial columns               : 2
  Tasks                         : 836
  Strong tasks                  : 832
  Weak tasks                    : 4
  Initial task constraints      : no
  Nodes                         : 1164
  Arc sets                      : 1
  Arcs                          : 32147
  Networks                      : 2
  Models                        : 1

Memory used per module (Megs)

  Parser (reused)               :      6.788
  Networks                      :     29.908
  Column generator              :     13.925
  Master problem                :      9.542
  -----------------
  Total                         :     53.375

Cpu time per module (seconds)

  Parser                        :        0.0
  Preprocessor                  :        0.0
  Lr solver manager             :        0.3
  Column generator              :      147.8
    (Shortest path)             :      132.9
  Master problem                :      964.0
  -------------------
  Total (without b&b)           :     1112.1

Real elapsed time (seconds)

  Parser                        :        0.0
  Preprocessor                  :        0.0
  Lr solver manager             :        0.3
  Column generator              :      147.7
    (Shortest path)             :      133.3
  Master problem                :      964.1
  -------------------
  Total (without b&b)           :     1112.1
