
Branch and bound

  Entire solving process        :                           (Time     94.4)
  No feasible solution was found
  Best relaxation cost          :     34892.05 (Node     0) (Time     94.4)
  Lower bound after cuts        :     34892.05
  End lower bound               :     34892.05
  Deepest level reached         : 0
  Deepest real level reached    : 0
  Number of real nodes solved   : 1
  Stopping condition            : enough nodes explored

Problem identification

  Problem                       : <null>
  Machine                       : oslo1.gerad.lan

Solving process summary

  Linear relaxations            :        1
  Column generation iterations  :      154
  Shortest paths solved         :     3011
  Columns generated             :    26404

Instance characteristics

  Resources                     : 3
  Node types                    : no
  Arc types                     : no
  Strong resource windows       : no
  Weak resource windows         : no
  Resource windows (nodes)      : 3
  Resource values (arcs)        : 3
  Values on nodes               : no

  Rows                          : 695
  Initial columns               : 2
  Tasks                         : 533
  Strong tasks                  : 529
  Weak tasks                    : 4
  Initial task constraints      : no
  Nodes                         : 861
  Arc sets                      : 1
  Arcs                          : 15016
  Networks                      : 2
  Models                        : 1

Memory used per module (Megs)

  Parser (reused)               :      3.398
  Networks                      :     19.616
  Column generator              :      4.480
  Master problem                :      7.054
  -----------------
  Total                         :     31.150

Cpu time per module (seconds)

  Parser                        :        0.0
  Preprocessor                  :        0.0
  Lr solver manager             :        0.1
  Column generator              :       13.9
    (Shortest path)             :       11.0
  Master problem                :       80.4
  -------------------
  Total (without b&b)           :       94.3

Real elapsed time (seconds)

  Parser                        :        0.0
  Preprocessor                  :        0.0
  Lr solver manager             :        0.1
  Column generator              :       13.9
    (Shortest path)             :       10.8
  Master problem                :       80.3
  -------------------
  Total (without b&b)           :       94.4
