
Branch and bound

  Entire solving process        :                           (Time     52.2)
  No feasible solution was found
  Best relaxation cost          :     37131.98 (Node     0) (Time     52.1)
  Lower bound after cuts        :     37131.98
  End lower bound               :     37131.98
  Deepest level reached         : 0
  Deepest real level reached    : 0
  Number of real nodes solved   : 1
  Stopping condition            : enough nodes explored

Problem identification

  Problem                       : <null>
  Machine                       : oslo4.gerad.lan

Solving process summary

  Linear relaxations            :        1
  Column generation iterations  :      116
  Shortest paths solved         :     7145
  Columns generated             :    37779

Instance characteristics

  Resources                     : 3
  Node types                    : no
  Arc types                     : no
  Strong resource windows       : no
  Weak resource windows         : no
  Resource windows (nodes)      : 3
  Resource values (arcs)        : 3
  Values on nodes               : no

  Rows                          : 700
  Initial columns               : 301
  Tasks                         : 538
  Strong tasks                  : 357
  Weak tasks                    : 4
  Initial task constraints      : no
  Nodes                         : 866
  Arc sets                      : 1
  Arcs                          : 15172
  Networks                      : 2
  Models                        : 1

Memory used per module (Megs)

  Parser (reused)               :      3.398
  Networks                      :     21.674
  Column generator              :      3.027
  Master problem                :      7.198
  -----------------
  Total                         :     31.899

Cpu time per module (seconds)

  Parser                        :        0.0
  Preprocessor                  :        0.0
  Lr solver manager             :        0.1
  Column generator              :       15.7
    (Shortest path)             :       13.5
  Master problem                :       36.4
  -------------------
  Total (without b&b)           :       52.1

Real elapsed time (seconds)

  Parser                        :        0.0
  Preprocessor                  :        0.0
  Lr solver manager             :        0.1
  Column generator              :       15.6
    (Shortest path)             :       13.3
  Master problem                :       36.4
  -------------------
  Total (without b&b)           :       52.1
