
Branch and bound

  Entire solving process        :                           (Time     68.1)
  No feasible solution was found
  Best relaxation cost          :     37304.00 (Node     0) (Time     68.1)
  Lower bound after cuts        :     37304.00
  End lower bound               :     37304.00
  Deepest level reached         : 0
  Deepest real level reached    : 0
  Number of real nodes solved   : 1
  Stopping condition            : enough nodes explored

Problem identification

  Problem                       : <null>
  Machine                       : oslo4.gerad.lan

Solving process summary

  Linear relaxations            :        1
  Column generation iterations  :      133
  Shortest paths solved         :     2468
  Columns generated             :    20516

Instance characteristics

  Resources                     : 3
  Node types                    : no
  Arc types                     : no
  Strong resource windows       : no
  Weak resource windows         : no
  Resource windows (nodes)      : 3
  Resource values (arcs)        : 3
  Values on nodes               : no

  Rows                          : 700
  Initial columns               : 2
  Tasks                         : 538
  Strong tasks                  : 534
  Weak tasks                    : 4
  Initial task constraints      : no
  Nodes                         : 866
  Arc sets                      : 1
  Arcs                          : 15172
  Networks                      : 2
  Models                        : 1

Memory used per module (Megs)

  Parser (reused)               :      3.398
  Networks                      :     19.495
  Column generator              :      5.812
  Master problem                :      7.100
  -----------------
  Total                         :     32.407

Cpu time per module (seconds)

  Parser                        :        0.0
  Preprocessor                  :        0.0
  Lr solver manager             :        0.1
  Column generator              :        8.0
    (Shortest path)             :        6.8
  Master problem                :       60.0
  -------------------
  Total (without b&b)           :       68.1

Real elapsed time (seconds)

  Parser                        :        0.0
  Preprocessor                  :        0.0
  Lr solver manager             :        0.0
  Column generator              :        7.9
    (Shortest path)             :        7.0
  Master problem                :       60.2
  -------------------
  Total (without b&b)           :       68.0
