
Branch and bound

  Entire solving process        :                           (Time     44.7)
  No feasible solution was found
  Best relaxation cost          :     34409.23 (Node     0) (Time     44.7)
  Lower bound after cuts        :     34409.23
  End lower bound               :     34409.23
  Deepest level reached         : 0
  Deepest real level reached    : 0
  Number of real nodes solved   : 1
  Stopping condition            : enough nodes explored

Problem identification

  Problem                       : <null>
  Machine                       : oslo2.gerad.lan

Solving process summary

  Linear relaxations            :        1
  Column generation iterations  :      117
  Shortest paths solved         :     6586
  Columns generated             :    29448

Instance characteristics

  Resources                     : 3
  Node types                    : no
  Arc types                     : no
  Strong resource windows       : no
  Weak resource windows         : no
  Resource windows (nodes)      : 3
  Resource values (arcs)        : 3
  Values on nodes               : no

  Rows                          : 647
  Initial columns               : 279
  Tasks                         : 485
  Strong tasks                  : 326
  Weak tasks                    : 4
  Initial task constraints      : no
  Nodes                         : 813
  Arc sets                      : 1
  Arcs                          : 12752
  Networks                      : 2
  Models                        : 1

Memory used per module (Megs)

  Parser (reused)               :      2.914
  Networks                      :     21.311
  Column generator              :      2.664
  Master problem                :      6.721
  -----------------
  Total                         :     30.697

Cpu time per module (seconds)

  Parser                        :        0.0
  Preprocessor                  :        0.0
  Lr solver manager             :        0.0
  Column generator              :       11.0
    (Shortest path)             :        8.9
  Master problem                :       33.6
  -------------------
  Total (without b&b)           :       44.6

Real elapsed time (seconds)

  Parser                        :        0.0
  Preprocessor                  :        0.0
  Lr solver manager             :        0.0
  Column generator              :       11.2
    (Shortest path)             :        9.1
  Master problem                :       33.5
  -------------------
  Total (without b&b)           :       44.7
