
Branch and bound

  Entire solving process        :                           (Time     49.6)
  No feasible solution was found
  Best relaxation cost          :     37911.88 (Node     0) (Time     49.6)
  Lower bound after cuts        :     37911.88
  End lower bound               :     37911.88
  Deepest level reached         : 0
  Deepest real level reached    : 0
  Number of real nodes solved   : 1
  Stopping condition            : enough nodes explored

Problem identification

  Problem                       : <null>
  Machine                       : oslo5.gerad.lan

Solving process summary

  Linear relaxations            :        1
  Column generation iterations  :      110
  Shortest paths solved         :     5748
  Columns generated             :    33955

Instance characteristics

  Resources                     : 3
  Node types                    : no
  Arc types                     : no
  Strong resource windows       : no
  Weak resource windows         : no
  Resource windows (nodes)      : 3
  Resource values (arcs)        : 3
  Values on nodes               : no

  Rows                          : 710
  Initial columns               : 320
  Tasks                         : 548
  Strong tasks                  : 360
  Weak tasks                    : 4
  Initial task constraints      : no
  Nodes                         : 876
  Arc sets                      : 1
  Arcs                          : 15607
  Networks                      : 2
  Models                        : 1

Memory used per module (Megs)

  Parser (reused)               :      3.519
  Networks                      :     22.401
  Column generator              :      3.875
  Master problem                :      7.031
  -----------------
  Total                         :     33.307

Cpu time per module (seconds)

  Parser                        :        0.0
  Preprocessor                  :        0.0
  Lr solver manager             :        0.0
  Column generator              :       15.4
    (Shortest path)             :       12.8
  Master problem                :       34.2
  -------------------
  Total (without b&b)           :       49.6

Real elapsed time (seconds)

  Parser                        :        0.0
  Preprocessor                  :        0.0
  Lr solver manager             :        0.1
  Column generator              :       15.3
    (Shortest path)             :       13.3
  Master problem                :       34.2
  -------------------
  Total (without b&b)           :       49.6
