
Branch and bound

  Entire solving process        :                           (Time     59.0)
  No feasible solution was found
  Best relaxation cost          :     32714.77 (Node     0) (Time     59.0)
  Lower bound after cuts        :     32714.77
  End lower bound               :     32714.77
  Deepest level reached         : 0
  Deepest real level reached    : 0
  Number of real nodes solved   : 1
  Stopping condition            : enough nodes explored

Problem identification

  Problem                       : <null>
  Machine                       : oslo3.gerad.lan

Solving process summary

  Linear relaxations            :        1
  Column generation iterations  :      110
  Shortest paths solved         :     3617
  Columns generated             :    30756

Instance characteristics

  Resources                     : 3
  Node types                    : no
  Arc types                     : no
  Strong resource windows       : no
  Weak resource windows         : no
  Resource windows (nodes)      : 3
  Resource values (arcs)        : 3
  Values on nodes               : no

  Rows                          : 726
  Initial columns               : 289
  Tasks                         : 564
  Strong tasks                  : 388
  Weak tasks                    : 4
  Initial task constraints      : no
  Nodes                         : 892
  Arc sets                      : 1
  Arcs                          : 15988
  Networks                      : 2
  Models                        : 1

Memory used per module (Megs)

  Parser (reused)               :      3.640
  Networks                      :     21.674
  Column generator              :      6.539
  Master problem                :      7.712
  -----------------
  Total                         :     35.925

Cpu time per module (seconds)

  Parser                        :        0.0
  Preprocessor                  :        0.0
  Lr solver manager             :        0.1
  Column generator              :       13.4
    (Shortest path)             :       11.6
  Master problem                :       45.5
  -------------------
  Total (without b&b)           :       59.0

Real elapsed time (seconds)

  Parser                        :        0.0
  Preprocessor                  :        0.0
  Lr solver manager             :        0.0
  Column generator              :       13.4
    (Shortest path)             :       11.6
  Master problem                :       45.5
  -------------------
  Total (without b&b)           :       59.0
