Cover_T0 52
Cover_T1 -52
Cover_T2 52
Cover_T3 -52
Cover_T4 52
Cover_T5 -52
Cover_T6 52
Cover_T7 -52
Cover_T8 52
Cover_T9 -52
Cover_T10 52
Cover_T11 -52
Cover_T12 52
Cover_T13 -52
Cover_T14 54
Cover_T15 -52
Cover_T16 54
Cover_T17 -52
Cover_T18 54
Cover_T19 -50
Cover_T20 54
Cover_T21 -50
Cover_T22 52
Cover_T23 -50
Cover_T24 56
Cover_T25 -50
Cover_T26 56
Cover_T27 -50
Cover_T28 56
Cover_T29 -48
Cover_T30 56
Cover_T31 -48
Cover_T32 56
Cover_T33 -46
Cover_T34 58
Cover_T35 -46
Cover_T36 54
Cover_T37 -46
Cover_T38 52
Cover_T39 -46
Cover_T40 54
Cover_T41 -46
Cover_T42 54
Cover_T43 -42
Cover_T44 56
Cover_T45 -44
Cover_T46 54
Cover_T47 -42
Cover_T48 54
Cover_T49 -40
Cover_T50 48
Cover_T51 -32
Cover_T52 52
Cover_T53 -40
Cover_T54 56
Cover_T55 2
Cover_T56 56
Cover_T57 992
Cover_T58 52
Cover_T59 984
Cover_T60 1042
Cover_T61 990
Cover_T62 1042
Cover_T63 994
Cover_T64 1038
Cover_T65 994
Cover_T66 1044
Cover_T67 990
Cover_T68 1038
Cover_T69 994
Cover_T70 1042
Cover_T71 994
Cover_T72 1002
Cover_T73 986
Cover_T74 14
Cover_T75 994
Cover_T76 22
Cover_T77 4
Cover_T78 4
Cover_T79 4
Cover_T80 4
Cover_T81 2
Cover_T82 4
Cover_T83 -6.84381e-10
Cover_T84 0
Cover_T85 6.64302e-12
Cover_T86 0
Cover_T87 -4
Cover_T88 6
Cover_T89 3.71259e-11
Cover_T90 -8
Cover_T91 4
Cover_T92 0
Cover_T93 7.20899e-11
Cover_T94 0
Cover_T95 6
Cover_T96 4
Cover_T97 4
Cover_T98 6
Cover_T99 5.96276e-10
Cover_T100 2
Cover_T101 12
Cover_T102 0
Cover_T103 4
Cover_T104 4
Cover_T105 6
Cover_T106 -2
Cover_T107 2
Cover_T108 4
Cover_T109 -1.39575e-11
Cover_T110 2
Cover_T111 4
Cover_T112 4
Cover_T113 6
Cover_T114 4
Cover_T115 2
Cover_T116 4
Cover_T117 8
Cover_T118 3.2138e-10
Cover_T119 0
Cover_T120 4
Cover_T121 0
Cover_T122 6
Cover_T123 2
Cover_T124 7.83951e-11
Cover_T125 10
Cover_T126 2
Cover_T127 6
Cover_T128 6
Cover_T129 2
Cover_T130 -2
Cover_T131 8
Cover_T132 2
Cover_T133 0
Cover_T134 0
Cover_T135 2
Cover_T136 6
Cover_T137 10
Cover_T138 6
Cover_T139 6
Cover_T140 6
Cover_T141 8
Cover_T142 4
Cover_T143 2
Cover_T144 1.25808e-09
Cover_T145 2
Cover_T146 -20
Cover_T147 2
Cover_T148 -40
Cover_T149 4
Cover_T150 -36
Cover_T151 8
Cover_T152 6
Cover_T153 28
Cover_T154 4
Cover_T155 40
Cover_T156 -8
Cover_T157 52
Cover_T158 -8
Cover_T159 40
Cover_T160 -20
Cover_T161 52
Cover_T162 -32
Cover_T163 2
Cover_T164 -44
Cover_T165 0
Cover_T166 -24
Cover_T167 12
Cover_T168 -36
Cover_T169 12
Cover_T170 -48
Cover_T171 24
Cover_T172 2
Cover_T173 36
Cover_T174 2
Cover_T175 52
Cover_T176 4
Cover_T177 36
Cover_T178 -6
Cover_T179 52
Cover_T180 -22
Cover_T181 6
Cover_T182 -38
Cover_T183 8
Cover_T184 -22
Cover_T185 6
Cover_T186 -38
Cover_T187 16
Cover_T188 -38
Cover_T189 32
Cover_T190 4
Cover_T191 50
Cover_T192 -9.31902e-10
Cover_T193 34
Cover_T194 2
Cover_T195 50
Cover_T196 0
Cover_T197 54
Cover_T198 6
Cover_T199 -7.90529e-10
Cover_T200 2
Cover_T201 2
Cover_T202 2
Cover_T203 8
Cover_T204 0
Cover_T205 10
Cover_T206 -2.10822e-09
Cover_T207 2
Cover_T208 -4
Cover_T209 6
Cover_T210 1.59403e-09
Cover_T211 14
Cover_T212 -4
Cover_T213 20
Cover_T214 -8
Cover_T215 28
Cover_T216 -6
Cover_T217 30
Cover_T218 -2
Cover_T219 28
Cover_T220 -26
Cover_T221 30
Cover_T222 -10
Cover_T223 42
Cover_T224 -16
Cover_T225 38
Cover_T226 -26
Cover_T227 34
Cover_T228 -26
Cover_T229 42
Cover_T230 -26
Cover_T231 42
Cover_T232 -26
Cover_T233 34
Cover_T234 -30
Cover_T235 38
Cover_T236 -34
Cover_T237 42
Cover_T238 -36
Cover_T239 34
Cover_T240 -32
Cover_T241 38
Cover_T242 -32
Cover_T243 42
Cover_T244 -36
Cover_T245 46
Cover_T246 -36
Cover_T247 46
Cover_T248 -32
Cover_T249 32
Cover_T250 -32
Cover_T251 36
Cover_T252 -32
Cover_T253 40
Cover_T254 -42
Cover_T255 32
Cover_T256 -44
Cover_T257 40
Cover_T258 -32
Cover_T259 40
Cover_T260 -44
Cover_T261 52
Cover_T262 -32
Cover_T263 54
Cover_T264 -32
Cover_T265 36
Cover_T266 -44
Cover_T267 56
Cover_T268 -32
Cover_T269 44
Cover_T270 -32
Cover_T271 38
Cover_T272 -42
Cover_T273 56
Cover_T274 -34
Cover_T275 46
Cover_T276 -34
Cover_T277 48
Cover_T278 -36
Cover_T279 62
Cover_T280 -40
Cover_T281 48
Cover_T282 -36
Cover_T283 54
Cover_T284 -36
Cover_T285 60
Cover_T286 -40
Cover_T287 58
Cover_T288 -42
Cover_T289 56
Cover_T290 -40
Cover_T291 56
Cover_T292 -44
Cover_T293 62
Cover_T294 -44
Cover_T295 58
Cover_T296 -46
Cover_T297 54
Cover_T298 -46
Cover_T299 58
Cover_T300 52
Cover_T301 -52
Cover_T302 52
Cover_T303 -50
Cover_T304 56
Cover_T305 -50
Cover_T306 56
Cover_T307 -48
Cover_T308 56
Cover_T309 -48
Cover_T310 56
Cover_T311 -46
Cover_T312 58
Cover_T313 -46
Cover_T314 52
Cover_T315 -46
Cover_T316 52
Cover_T317 -46
Cover_T318 54
Cover_T319 -46
Cover_T320 54
Cover_T321 -44
Cover_T322 56
Cover_T323 -42
Cover_T324 54
Cover_T325 -42
Cover_T326 54
Cover_T327 -42
Cover_T328 56
Cover_T329 -38
Cover_T330 52
Cover_T331 0
Cover_T332 56
Cover_T333 986
Cover_T334 1042
Cover_T335 990
Cover_T336 1042
Cover_T337 992
Cover_T338 1040
Cover_T339 992
Cover_T340 1002
Cover_T341 988
Cover_T342 18
Cover_T343 2
Cover_T344 10
Cover_T345 2
Cover_T346 8
Cover_T347 0
Cover_T348 6
Cover_T349 -2
Cover_T350 8
Cover_T351 -4
Cover_T352 2
Cover_T353 -6
Cover_T354 4
Cover_T355 -2
Cover_T356 8
Cover_T357 2
Cover_T358 -4
Cover_T359 -2
Cover_T360 4
Cover_T361 4
Cover_T362 2
Cover_T363 2
Cover_T364 6
Cover_T365 -2
Cover_T366 6
Cover_T367 10
Cover_T368 4
Cover_T369 2
Cover_T370 2
Cover_T371 4
Cover_T372 6
Cover_T373 0
Cover_T374 0
Cover_T375 -2
Cover_T376 6
Cover_T377 2
Cover_T378 4
Cover_T379 4
Cover_T380 6
Cover_T381 0
Cover_T382 6
Cover_T383 6
Cover_T384 6
Cover_T385 0
Cover_T386 6
Cover_T387 2
Cover_T388 -6
Cover_T389 3.63656e-11
Cover_T390 4
Cover_T391 0
Cover_T392 -8
Cover_T393 1.29326e-10
Cover_T394 4
Cover_T395 -2.20382e-10
Cover_T396 6
Cover_T397 12
Cover_T398 -6
Cover_T399 -2.00806e-11
Cover_T400 4
Cover_T401 12
Cover_T402 0
Cover_T403 -7.06972e-11
Cover_T404 -1.4801e-10
Cover_T405 6
Cover_T406 -8
Cover_T407 4
Cover_T408 -4
Cover_T409 0
Cover_T410 -6
Cover_T411 8
Cover_T412 1.05062e-10
Cover_T413 4
Cover_T414 0
Cover_T415 6
Cover_T416 -1.5952e-10
Cover_T417 -2.59931e-10
Cover_T418 -2
Cover_T419 1.0824e-10
Cover_T420 -6
Cover_T421 8.63705e-11
Cover_T422 -26
Cover_T423 2
Cover_T424 -46
Cover_T425 6
Cover_T426 -42
Cover_T427 26
Cover_T428 -2.33932e-10
Cover_T429 46
Cover_T430 -6
Cover_T431 42
Cover_T432 -14
Cover_T433 2.12835e-10
Cover_T434 -34
Cover_T435 6
Cover_T436 -22
Cover_T437 14
Cover_T438 -42
Cover_T439 34
Cover_T440 4
Cover_T441 46
Cover_T442 6
Cover_T443 26
Cover_T444 -6
Cover_T445 38
Cover_T446 3.91744e-11
Cover_T447 50
Cover_T448 -6
Cover_T449 -5.1639e-11
Cover_T450 -18
Cover_T451 -2
Cover_T452 -30
Cover_T453 10
Cover_T454 -42
Cover_T455 4
Cover_T456 -22
Cover_T457 10
Cover_T458 -34
Cover_T459 22
Cover_T460 -48
Cover_T461 38
Cover_T462 -48
Cover_T463 22
Cover_T464 6
Cover_T465 38
Cover_T466 2
Cover_T467 38
Cover_T468 0
Cover_T469 0
Cover_T470 0
Cover_T471 2
Cover_T472 4
Cover_T473 0
Cover_T474 0
Cover_T475 6
Cover_T476 0
Cover_T477 0
Cover_T478 1.78834e-09
Cover_T479 12
Cover_T480 0
Cover_T481 10
Cover_T482 -8
Cover_T483 4
Cover_T484 -6
Cover_T485 30
Cover_T486 -2
Cover_T487 18
Cover_T488 -12
Cover_T489 16
Cover_T490 -12
Cover_T491 34
Cover_T492 -14
Cover_T493 38
Cover_T494 -20
Cover_T495 26
Cover_T496 -26
Cover_T497 30
Cover_T498 -30
Cover_T499 36
Cover_T500 -26
Cover_T501 32
Cover_T502 -30
Cover_T503 32
Cover_T504 -40
Cover_T505 32
Cover_T506 -32
Cover_T507 32
Cover_T508 -32
Cover_T509 40
Cover_T510 -32
Cover_T511 32
Cover_T512 -32
Cover_T513 32
Cover_T514 -32
Cover_T515 32
Cover_T516 -32
Cover_T517 36
Cover_T518 -38
Cover_T519 36
Cover_T520 -34
Cover_T521 32
Cover_T522 -40
Cover_T523 38
Cover_T524 -38
Cover_T525 44
Cover_T526 -32
Cover_T527 40
Cover_T528 -32
Cover_T529 44
Cover_T530 -42
Cover_T531 40
Cover_T532 -32
Cover_T533 52
Cover_T534 -34
Cover_T535 40
Cover_T536 -36
Cover_T537 36
Cover_T538 -32
Cover_T539 48
Cover_T540 -42
Cover_T541 40
Cover_T542 -32
Cover_T543 42
Cover_T544 -34
Cover_T545 44
Cover_T546 -32
Cover_T547 38
Cover_T548 -38
Cover_T549 50
Cover_T550 -42
Cover_T551 44
Cover_T552 -34
Cover_T553 44
Cover_T554 -34
Cover_T555 44
Cover_T556 -46
Cover_T557 38
Cover_T558 -40
Cover_T559 52
Cover_T560 -36
Cover_T561 48
Cover_T562 -36
Cover_T563 44
Cover_T564 -42
Cover_T565 60
Cover_T566 -36
Cover_T567 56
Cover_T568 -36
Cover_T569 50
Cover_T570 -46
Cover_T571 56
Cover_T572 -46
Cover_T573 46
Cover_T574 -42
Cover_T575 54
Cover_T576 -46
Cover_T577 58
Cover_T578 -46
Cover_T579 52
Cover_T580 -48
Cover_T581 58
Cover_T582 -46
Cover_T583 56
Cover_T584 -50
Cover_T585 56
Cover_T586 -46
Cover_T587 52
Cover_T588 -46
Cover_T589 52
Cover_T590 -50
Cover_T591 50
Cover_T592 -38
Cover_T593 50
Cover_T594 -42
Cover_T595 54
Cover_T596 -40
Cover_T597 52
Cover_T598 4
Cover_T599 64
Cover_T600 990
Cover_T601 52
Cover_T602 984
Cover_T603 1046
Cover_T604 992
Cover_T605 1046
Cover_T606 990
Cover_T607 1034
Cover_T608 994
Cover_T609 1036
Cover_T610 994
Cover_T611 1046
Cover_T612 992
Cover_T613 1038
Cover_T614 994
Cover_T615 1034
Cover_T616 994
Cover_T617 1042
Cover_T618 990
Cover_T619 998
Cover_T620 982
Cover_T621 10
Cover_T622 990
Cover_T623 18
Cover_T624 0
Cover_T625 2
Cover_T626 2.25639e-10
Cover_T627 6
Cover_T628 2
Cover_T629 4
Cover_T630 4
Cover_T631 2
Cover_T632 -2
Cover_T633 8
Cover_T634 3.71767e-11
Cover_T635 2
Cover_T636 8
Cover_T637 2
Cover_T638 0
Cover_T639 8
Cover_T640 4
Cover_T641 4
Cover_T642 7.07036e-10
Cover_T643 8
Cover_T644 12
Cover_T645 2
Cover_T646 4
Cover_T647 8
Cover_T648 4
Cover_T649 6
Cover_T650 2
Cover_T651 8
Cover_T652 8.15303e-12
Cover_T653 2
Cover_T654 4
Cover_T655 8
Cover_T656 6
Cover_T657 8
Cover_T658 2
Cover_T659 -4
Cover_T660 8
Cover_T661 8
Cover_T662 2
Cover_T663 -4
Cover_T664 4
Cover_T665 8
Cover_T666 2
Cover_T667 6
Cover_T668 2
Cover_T669 -4
Cover_T670 2
Cover_T671 6
Cover_T672 2
Cover_T673 -3.63798e-11
Cover_T674 14
Cover_T675 6
Cover_T676 2
Cover_T677 6
Cover_T678 14
Cover_T679 -6
Cover_T680 2
Cover_T681 6
Cover_T682 -9.46763e-11
Cover_T683 -6
Cover_T684 12
Cover_T685 -1.32782e-10
Cover_T686 2
Cover_T687 6
Cover_T688 6
Cover_T689 2
Cover_T690 2
Cover_T691 6
Cover_T692 2
Cover_T693 -2
Cover_T694 14
Cover_T695 6
Cover_T696 2
Cover_T697 6
Cover_T698 14
Cover_T699 0
Cover_T700 8
Cover_T701 1.35554e-09
Cover_T702 2
Cover_T703 -20
Cover_T704 2
Cover_T705 -40
Cover_T706 2
Cover_T707 -36
Cover_T708 4
Cover_T709 6
Cover_T710 8
Cover_T711 -1.45846e-10
Cover_T712 28
Cover_T713 -8
Cover_T714 48
Cover_T715 -28
Cover_T716 44
Cover_T717 -48
Cover_T718 2
Cover_T719 -36
Cover_T720 8
Cover_T721 6
Cover_T722 16
Cover_T723 0
Cover_T724 36
Cover_T725 0
Cover_T726 52
Cover_T727 -10
Cover_T728 36
Cover_T729 -26
Cover_T730 52
Cover_T731 -42
Cover_T732 6
Cover_T733 -26
Cover_T734 8
Cover_T735 -42
Cover_T736 6
Cover_T737 -42
Cover_T738 16
Cover_T739 6
Cover_T740 30
Cover_T741 4
Cover_T742 36
Cover_T743 6
Cover_T744 46
Cover_T745 0
Cover_T746 54
Cover_T747 0
Cover_T748 30
Cover_T749 4
Cover_T750 42
Cover_T751 6
Cover_T752 50
Cover_T753 6
Cover_T754 56
Cover_T755 6
Cover_T756 50
Cover_T757 6
Cover_T758 56
Cover_T759 0
Cover_T760 0
Cover_T761 6
Cover_T762 6
Cover_T763 6
Cover_T764 4
Cover_T765 6
Cover_T766 10
Cover_T767 0
Cover_T768 14
Cover_T769 6
Cover_T770 14
Cover_T771 4
Cover_T772 10
Cover_T773 4
Cover_T774 14
Cover_T775 4
Cover_T776 22
Cover_T777 4
Cover_T778 30
Cover_T779 4
Cover_T780 14
Cover_T781 -4
Cover_T782 34
Cover_T783 8.9234e-10
Cover_T784 34
Cover_T785 -2
Cover_T786 34
Cover_T787 -2
Cover_T788 38
Cover_T789 -6
Cover_T790 38
Cover_T791 -8
Cover_T792 40
Cover_T793 -18
Cover_T794 26
Cover_T795 -16
Cover_T796 44
Cover_T797 -16
Cover_T798 38
Cover_T799 -18
Cover_T800 36
Cover_T801 -26
Cover_T802 32
Cover_T803 -26
Cover_T804 44
Cover_T805 -26
Cover_T806 40
Cover_T807 -26
Cover_T808 36
Cover_T809 -26
Cover_T810 34
Cover_T811 -30
Cover_T812 34
Cover_T813 -30
Cover_T814 34
Cover_T815 -32
Cover_T816 34
Cover_T817 -32
Cover_T818 34
Cover_T819 -32
Cover_T820 38
Cover_T821 -32
Cover_T822 38
Cover_T823 -34
Cover_T824 34
Cover_T825 -42
Cover_T826 34
Cover_T827 -32
Cover_T828 34
Cover_T829 -34
Cover_T830 34
Cover_T831 -32
Cover_T832 40
Cover_T833 -34
Cover_T834 50
Cover_T835 -32
Cover_T836 40
Cover_T837 -32
Cover_T838 44
Cover_T839 -34
Cover_T840 42
Cover_T841 -32
Cover_T842 44
Cover_T843 -32
Cover_T844 44
Cover_T845 -32
Cover_T846 44
Cover_T847 -32
Cover_T848 46
Cover_T849 -40
Cover_T850 42
Cover_T851 -38
Cover_T852 40
Cover_T853 -36
Cover_T854 50
Cover_T855 -34
Cover_T856 56
Cover_T857 -36
Cover_T858 54
Cover_T859 -38
Cover_T860 54
Cover_T861 -40
Cover_T862 60
Cover_T863 -36
Cover_T864 58
Cover_T865 -40
Cover_T866 58
Cover_T867 -40
Cover_T868 54
Cover_T869 -40
Cover_T870 60
Cover_T871 -44
Cover_T872 60
Cover_T873 -46
Cover_T874 52
Cover_T875 -46
Cover_T876 28
Cover_T877 -2
Cover_T878 24
Cover_T879 2
Cover_T880 18
Cover_T881 2
Cover_T882 16
Cover_T883 -2
Cover_T884 12
Cover_T885 0
Cover_T886 8
Cover_T887 2.19794e-10
Cover_T888 8
Cover_T889 10
Cover_T890 2
Cover_T891 6
Cover_T892 18
Cover_T893 42
Cover_T894 10
Cover_T895 1038
Cover_T896 0
Cover_T897 1022
Cover_T898 2
Cover_T899 1038
Cover_T900 1092
Cover_T901 1040
Cover_T902 1084
Cover_T903 1040
Cover_T904 1092
Cover_T905 1042
Cover_T906 1092
Cover_T907 1038
Cover_T908 1084
Cover_T909 1040
Cover_T910 1092
Cover_T911 1030
Cover_T912 1048
Cover_T913 1038
Cover_T914 52
Cover_T915 1038
Cover_T916 68
Cover_T917 1042
Cover_T918 54
Cover_T919 -40
Cover_T920 50
Cover_T921 54
Cover_T922 24
Cover_T923 52
Cover_T924 8
Cover_T925 54
Cover_T926 -12
Cover_T927 58
Cover_T928 -32
Cover_T929 54
Cover_T930 -30
Cover_T931 0
Cover_T932 0
Cover_T933 24
Cover_T934 0
Cover_T935 36
Cover_T936 0
Cover_T937 50
Cover_T938 36
Cover_T939 62
Cover_T940 22
Cover_T941 58
Cover_T942 46
Cover_T943 80
Cover_T944 30
Cover_T945 30
Cover_T946 18
Cover_T947 34
Cover_T948 6
Cover_T949 34
Cover_T950 40
Cover_T951 0
Cover_T952 28
Cover_T953 16
Cover_T954 20
Cover_T955 -4
Cover_T956 0
Cover_T957 12
Cover_T958 0
Cover_T959 32
Cover_T960 32
Cover_T961 -5.05143e-10
Cover_T962 20
Cover_T963 4
Cover_T964 20
Cover_T965 20
Cover_T966 4
Cover_T967 14
Cover_T968 16
Cover_T969 -1.19606e-10
Cover_T970 16
Count_D0 -984
Count_D1 -1000
Max_H0_P0 0
Max_H0_P1 0
Max_H0_P2 0
Max_H0_P3 0
Max_H0_P4 0
Max_H0_P5 0
Max_H0_P6 0
Max_H0_P7 -1.99023e-11
Max_H0_P8 0
Max_H0_P9 -2
Max_H0_P10 3.26238e-11
Max_H0_P11 0
Max_H0_P12 0
Max_H0_P13 0
Max_H0_P14 0
Max_H0_P15 -2
Max_H0_P16 -2
Max_H0_P17 -2
Max_H0_P18 -2
Max_H0_P19 -2
Max_H0_P20 -2
Max_H0_P21 -2
Max_H0_P22 1.32218e-10
Max_H0_P23 5.95861e-11
Max_H0_P24 1.02568e-10
Max_H0_P25 9.39053e-11
Max_H0_P26 5.88877e-11
Max_H0_P27 5.95435e-12
Max_H0_P28 4.472e-12
Max_H0_P29 2.56361e-11
Max_H0_P30 1.8717e-11
Max_H0_P31 -8.82139e-12
Max_H0_P32 1.19643e-11
Max_H0_P33 -8.11156e-11
Max_H0_P34 2.85672e-14
Max_H0_P35 3.55012e-11
Max_H0_P36 4.63174e-11
Max_H0_P37 -6.93579e-11
Max_H0_P38 3.48795e-11
Max_H0_P39 8.37452e-12
Max_H0_P40 -1.31877e-11
Max_H0_P41 -6.83258e-11
Max_H0_P42 -8.24201e-11
Max_H0_P43 0
Max_H0_P44 0
Max_H0_P45 0
Max_H0_P46 0
Max_H0_P47 0
Max_H0_P48 0
Max_H0_P49 0
Max_H0_P50 0
Max_H0_P51 0
Max_H0_P52 0
Max_H0_P53 0
Max_H0_P54 0
Max_H0_P55 0
Max_H0_P56 -2.91891e-11
Max_H0_P57 0
Max_H0_P58 0
Max_H0_P59 -1.01044e-10
Max_H0_P60 5.82875e-11
Max_H0_P61 1.63266e-10
Max_H0_P62 0
Max_H0_P63 0
Max_H0_P64 2.03456e-11
Max_H0_P65 0
Max_H0_P66 0
Max_H0_P67 0
Max_H0_P68 0
Max_H0_P69 0
Max_H0_P70 0
Max_H0_P71 0
Max_H0_P72 0
Max_H0_P73 0
Max_H0_P74 0
Max_H0_P75 0
Max_H0_P76 0
Max_H0_P77 0
Max_H0_P78 0
Max_H0_P79 0
Max_H0_P80 -2.11706e-11
Max_H0_P81 0
Max_H1_P0 0
Max_H1_P1 0
Max_H1_P2 0
Max_H1_P3 0
Max_H1_P4 0
Max_H1_P5 1.37854e-11
Max_H1_P6 0
Max_H1_P7 0
Max_H1_P8 1.03067e-10
Max_H1_P9 -2
Max_H1_P10 0
Max_H1_P11 4.69285e-11
Max_H1_P12 0
Max_H1_P13 0
Max_H1_P14 0
Max_H1_P15 -2
Max_H1_P16 -2
Max_H1_P17 -2
Max_H1_P18 -2
Max_H1_P19 -2
Max_H1_P20 -2
Max_H1_P21 -2
Max_H1_P22 1.59297e-10
Max_H1_P23 8.08371e-11
Max_H1_P24 1.02776e-10
Max_H1_P25 1.20925e-10
Max_H1_P26 -1.20126e-12
Max_H1_P27 7.05948e-11
Max_H1_P28 -1.16316e-12
Max_H1_P29 1.11227e-11
Max_H1_P30 -7.71458e-13
Max_H1_P31 8.18186e-11
Max_H1_P32 1.34854e-11
Max_H1_P33 -7.45782e-11
Max_H1_P34 3.1334e-11
Max_H1_P35 9.19331e-11
Max_H1_P36 3.32167e-11
Max_H1_P37 -2.03386e-11
Max_H1_P38 5.96432e-11
Max_H1_P39 9.25252e-11
Max_H1_P40 -6.4678e-11
Max_H1_P41 2.37396e-11
Max_H1_P42 -1.06415e-10
Max_H1_P43 0
Max_H1_P44 0
Max_H1_P45 0
Max_H1_P46 0
Max_H1_P47 0
Max_H1_P48 0
Max_H1_P49 0
Max_H1_P50 0
Max_H1_P51 0
Max_H1_P52 0
Max_H1_P53 0
Max_H1_P54 0
Max_H1_P55 0
Max_H1_P56 0
Max_H1_P57 1.98987e-11
Max_H1_P58 4.10312e-11
Max_H1_P59 -6.35509e-11
Max_H1_P60 2.18279e-11
Max_H1_P61 1.03553e-10
Max_H1_P62 6.50424e-11
Max_H1_P63 0
Max_H1_P64 0
Max_H1_P65 0
Max_H1_P66 0
Max_H1_P67 0
Max_H1_P68 0
Max_H1_P69 0
Max_H1_P70 0
Max_H1_P71 0
Max_H1_P72 0
Max_H1_P73 0
Max_H1_P74 0
Max_H1_P75 0
Max_H1_P76 2.00019e-11
Max_H1_P77 8.86767e-11
Max_H1_P78 0
Max_H1_P79 0
Max_H1_P80 0
Max_H1_P81 0
