
Branch and bound

  Entire solving process        :                           (Time    171.8)
  No feasible solution was found
  Best relaxation cost          :     54002.21 (Node     0) (Time    171.8)
  Lower bound after cuts        :     54002.21
  End lower bound               :     54002.21
  Deepest level reached         : 0
  Deepest real level reached    : 0
  Number of real nodes solved   : 1
  Stopping condition            : enough nodes explored

Problem identification

  Problem                       : <null>
  Machine                       : oslo5.gerad.lan

Solving process summary

  Linear relaxations            :        1
  Column generation iterations  :      123
  Shortest paths solved         :     6097
  Columns generated             :    50155

Instance characteristics

  Resources                     : 3
  Node types                    : no
  Arc types                     : no
  Strong resource windows       : no
  Weak resource windows         : no
  Resource windows (nodes)      : 3
  Resource values (arcs)        : 3
  Values on nodes               : no

  Rows                          : 981
  Initial columns               : 388
  Tasks                         : 819
  Strong tasks                  : 590
  Weak tasks                    : 4
  Initial task constraints      : no
  Nodes                         : 1147
  Arc sets                      : 1
  Arcs                          : 30918
  Networks                      : 2
  Models                        : 1

Memory used per module (Megs)

  Parser (reused)               :      6.546
  Networks                      :     31.603
  Column generator              :     10.898
  Master problem                :      9.942
  -----------------
  Total                         :     52.444

Cpu time per module (seconds)

  Parser                        :        0.0
  Preprocessor                  :        0.0
  Lr solver manager             :        0.1
  Column generator              :       63.8
    (Shortest path)             :       56.9
  Master problem                :      107.9
  -------------------
  Total (without b&b)           :      171.8

Real elapsed time (seconds)

  Parser                        :        0.0
  Preprocessor                  :        0.0
  Lr solver manager             :        0.1
  Column generator              :       63.8
    (Shortest path)             :       56.9
  Master problem                :      107.9
  -------------------
  Total (without b&b)           :      171.8
