
Branch and bound

  Entire solving process        :                           (Time     90.9)
  No feasible solution was found
  Best relaxation cost          :     43720.69 (Node     0) (Time     90.8)
  Lower bound after cuts        :     43720.69
  End lower bound               :     43720.69
  Deepest level reached         : 0
  Deepest real level reached    : 0
  Number of real nodes solved   : 1
  Stopping condition            : enough nodes explored

Problem identification

  Problem                       : <null>
  Machine                       : oslo3.gerad.lan

Solving process summary

  Linear relaxations            :        1
  Column generation iterations  :      112
  Shortest paths solved         :     5755
  Columns generated             :    43080

Instance characteristics

  Resources                     : 3
  Node types                    : no
  Arc types                     : no
  Strong resource windows       : no
  Weak resource windows         : no
  Resource windows (nodes)      : 3
  Resource values (arcs)        : 3
  Values on nodes               : no

  Rows                          : 874
  Initial columns               : 360
  Tasks                         : 712
  Strong tasks                  : 517
  Weak tasks                    : 4
  Initial task constraints      : no
  Nodes                         : 1040
  Arc sets                      : 1
  Arcs                          : 23786
  Networks                      : 2
  Models                        : 1

Memory used per module (Megs)

  Parser (reused)               :      5.093
  Networks                      :     28.455
  Column generator              :      7.023
  Master problem                :      9.209
  -----------------
  Total                         :     44.687

Cpu time per module (seconds)

  Parser                        :        0.0
  Preprocessor                  :        0.0
  Lr solver manager             :        0.1
  Column generator              :       31.7
    (Shortest path)             :       27.9
  Master problem                :       59.0
  -------------------
  Total (without b&b)           :       90.8

Real elapsed time (seconds)

  Parser                        :        0.0
  Preprocessor                  :        0.0
  Lr solver manager             :        0.1
  Column generator              :       31.7
    (Shortest path)             :       27.6
  Master problem                :       59.0
  -------------------
  Total (without b&b)           :       90.8
