
Branch and bound

  Entire solving process        :                           (Time    221.6)
  No feasible solution was found
  Best relaxation cost          :     60778.18 (Node     0) (Time    221.5)
  Lower bound after cuts        :     60778.18
  End lower bound               :     60778.18
  Deepest level reached         : 0
  Deepest real level reached    : 0
  Number of real nodes solved   : 1
  Stopping condition            : enough nodes explored

Problem identification

  Problem                       : <null>
  Machine                       : oslo5.gerad.lan

Solving process summary

  Linear relaxations            :        1
  Column generation iterations  :      117
  Shortest paths solved         :     6746
  Columns generated             :    61974

Instance characteristics

  Resources                     : 3
  Node types                    : no
  Arc types                     : no
  Strong resource windows       : no
  Weak resource windows         : no
  Resource windows (nodes)      : 3
  Resource values (arcs)        : 3
  Values on nodes               : no

  Rows                          : 1099
  Initial columns               : 484
  Tasks                         : 937
  Strong tasks                  : 637
  Weak tasks                    : 4
  Initial task constraints      : no
  Nodes                         : 1265
  Arc sets                      : 1
  Arcs                          : 39287
  Networks                      : 2
  Models                        : 1

Memory used per module (Megs)

  Parser (reused)               :      8.120
  Networks                      :     36.810
  Column generator              :     12.714
  Master problem                :     10.918
  -----------------
  Total                         :     60.442

Cpu time per module (seconds)

  Parser                        :        0.0
  Preprocessor                  :        0.0
  Lr solver manager             :        0.1
  Column generator              :      113.4
    (Shortest path)             :      102.5
  Master problem                :      108.0
  -------------------
  Total (without b&b)           :      221.5

Real elapsed time (seconds)

  Parser                        :        0.0
  Preprocessor                  :        0.0
  Lr solver manager             :        0.1
  Column generator              :      113.4
    (Shortest path)             :      102.3
  Master problem                :      108.0
  -------------------
  Total (without b&b)           :      221.5
