Cover_T0 52
Cover_T1 -52
Cover_T2 52
Cover_T3 -52
Cover_T4 52
Cover_T5 -52
Cover_T6 52
Cover_T7 -52
Cover_T8 52
Cover_T9 -52
Cover_T10 52
Cover_T11 -52
Cover_T12 52
Cover_T13 -52
Cover_T14 52
Cover_T15 -52
Cover_T16 52
Cover_T17 -52
Cover_T18 52
Cover_T19 -52
Cover_T20 52
Cover_T21 -52
Cover_T22 58
Cover_T23 -46
Cover_T24 60
Cover_T25 -46
Cover_T26 54
Cover_T27 -42
Cover_T28 52
Cover_T29 -44
Cover_T30 62
Cover_T31 -26
Cover_T32 62
Cover_T33 -32
Cover_T34 50
Cover_T35 50
Cover_T36 56
Cover_T37 968
Cover_T38 52
Cover_T39 980
Cover_T40 1042
Cover_T41 980
Cover_T42 1028
Cover_T43 970
Cover_T44 1032
Cover_T45 982
Cover_T46 954
Cover_T47 982
Cover_T48 24
Cover_T49 980
Cover_T50 20
Cover_T51 -10
Cover_T52 12
Cover_T53 -14
Cover_T54 0
Cover_T55 -10
Cover_T56 -24
Cover_T57 -10
Cover_T58 -44
Cover_T59 -2
Cover_T60 -4
Cover_T61 12
Cover_T62 -24
Cover_T63 32
Cover_T64 0
Cover_T65 52
Cover_T66 0
Cover_T67 12
Cover_T68 0
Cover_T69 32
Cover_T70 18
Cover_T71 8
Cover_T72 1.05853e-11
Cover_T73 8
Cover_T74 4
Cover_T75 8
Cover_T76 4
Cover_T77 0
Cover_T78 18
Cover_T79 8
Cover_T80 18
Cover_T81 14
Cover_T82 4
Cover_T83 -5.31202e-11
Cover_T84 10
Cover_T85 -7.54707e-10
Cover_T86 4
Cover_T87 14
Cover_T88 12
Cover_T89 8
Cover_T90 12
Cover_T91 14
Cover_T92 0
Cover_T93 6
Cover_T94 -2
Cover_T95 6
Cover_T96 -34
Cover_T97 18
Cover_T98 14
Cover_T99 12
Cover_T100 -6
Cover_T101 32
Cover_T102 -26
Cover_T103 52
Cover_T104 -34
Cover_T105 -6
Cover_T106 18
Cover_T107 14
Cover_T108 -2
Cover_T109 34
Cover_T110 -24
Cover_T111 46
Cover_T112 -6
Cover_T113 -2
Cover_T114 -30
Cover_T115 22
Cover_T116 -30
Cover_T117 46
Cover_T118 -30
Cover_T119 28
Cover_T120 0
Cover_T121 60
Cover_T122 18
Cover_T123 60
Cover_T124 18
Cover_T125 70
Cover_T126 18
Cover_T127 4
Cover_T128 18
Cover_T129 12
Cover_T130 10
Cover_T131 30
Cover_T132 10
Cover_T133 36
Cover_T134 -12
Cover_T135 36
Cover_T136 1.07907e-10
Cover_T137 14
Cover_T138 -8
Cover_T139 36
Cover_T140 -8
Cover_T141 66
Cover_T142 -24
Cover_T143 46
Cover_T144 -22
Cover_T145 40
Cover_T146 -14
Cover_T147 38
Cover_T148 -22
Cover_T149 32
Cover_T150 -22
Cover_T151 56
Cover_T152 -22
Cover_T153 38
Cover_T154 -24
Cover_T155 40
Cover_T156 -24
Cover_T157 32
Cover_T158 -26
Cover_T159 48
Cover_T160 -30
Cover_T161 32
Cover_T162 -30
Cover_T163 40
Cover_T164 -30
Cover_T165 48
Cover_T166 -30
Cover_T167 48
Cover_T168 -30
Cover_T169 48
Cover_T170 -34
Cover_T171 48
Cover_T172 -34
Cover_T173 48
Cover_T174 -34
Cover_T175 54
Cover_T176 -26
Cover_T177 54
Cover_T178 -26
Cover_T179 64
Cover_T180 -26
Cover_T181 52
Cover_T182 -26
Cover_T183 60
Cover_T184 -32
Cover_T185 50
Cover_T186 -32
Cover_T187 54
Cover_T188 -38
Cover_T189 58
Cover_T190 -38
Cover_T191 66
Cover_T192 -38
Cover_T193 52
Cover_T194 -52
Cover_T195 52
Cover_T196 -52
Cover_T197 52
Cover_T198 -52
Cover_T199 56
Cover_T200 -52
Cover_T201 54
Cover_T202 -46
Cover_T203 58
Cover_T204 -46
Cover_T205 56
Cover_T206 -44
Cover_T207 52
Cover_T208 -36
Cover_T209 60
Cover_T210 -40
Cover_T211 58
Cover_T212 -30
Cover_T213 50
Cover_T214 56
Cover_T215 50
Cover_T216 968
Cover_T217 52
Cover_T218 978
Cover_T219 1028
Cover_T220 982
Cover_T221 950
Cover_T222 980
Cover_T223 36
Cover_T224 982
Cover_T225 2
Cover_T226 -14
Cover_T227 24
Cover_T228 -6
Cover_T229 4.75456e-10
Cover_T230 -2
Cover_T231 -20
Cover_T232 -14
Cover_T233 -40
Cover_T234 -5.40695e-10
Cover_T235 -1.68257e-11
Cover_T236 20
Cover_T237 -20
Cover_T238 40
Cover_T239 0
Cover_T240 -2.21689e-11
Cover_T241 2.00799e-11
Cover_T242 20
Cover_T243 4
Cover_T244 -4.88853e-11
Cover_T245 -1.343e-10
Cover_T246 0
Cover_T247 2
Cover_T248 -4
Cover_T249 -3.01661e-11
Cover_T250 0
Cover_T251 0
Cover_T252 -2
Cover_T253 -6
Cover_T254 0
Cover_T255 -2.47411e-11
Cover_T256 -6.09965e-11
Cover_T257 0
Cover_T258 6
Cover_T259 12
Cover_T260 0
Cover_T261 3.19371e-11
Cover_T262 6
Cover_T263 -2.93312e-11
Cover_T264 0
Cover_T265 1.4925e-11
Cover_T266 0
Cover_T267 18
Cover_T268 4
Cover_T269 18
Cover_T270 4
Cover_T271 6
Cover_T272 4
Cover_T273 4
Cover_T274 4
Cover_T275 -28
Cover_T276 4
Cover_T277 18
Cover_T278 26
Cover_T279 -14
Cover_T280 0
Cover_T281 -34
Cover_T282 12
Cover_T283 6
Cover_T284 32
Cover_T285 -20
Cover_T286 52
Cover_T287 -40
Cover_T288 -4.2348e-10
Cover_T289 -18
Cover_T290 20
Cover_T291 -38
Cover_T292 40
Cover_T293 -34
Cover_T294 18
Cover_T295 -30
Cover_T296 40
Cover_T297 -2.22711e-11
Cover_T298 48
Cover_T299 18
Cover_T300 48
Cover_T301 18
Cover_T302 28
Cover_T303 18
Cover_T304 10
Cover_T305 18
Cover_T306 18
Cover_T307 10
Cover_T308 18
Cover_T309 10
Cover_T310 24
Cover_T311 -22
Cover_T312 24
Cover_T313 1.36744e-10
Cover_T314 24
Cover_T315 -8
Cover_T316 58
Cover_T317 -8
Cover_T318 44
Cover_T319 -14
Cover_T320 28
Cover_T321 -14
Cover_T322 56
Cover_T323 -22
Cover_T324 56
Cover_T325 -24
Cover_T326 26
Cover_T327 -24
Cover_T328 40
Cover_T329 -34
Cover_T330 48
Cover_T331 -38
Cover_T332 48
Cover_T333 -38
Cover_T334 48
Cover_T335 -30
Cover_T336 48
Cover_T337 -26
Cover_T338 48
Cover_T339 -46
Cover_T340 40
Cover_T341 -36
Cover_T342 32
Cover_T343 -26
Cover_T344 48
Cover_T345 -44
Cover_T346 36
Cover_T347 -36
Cover_T348 26
Cover_T349 -26
Cover_T350 44
Cover_T351 -44
Cover_T352 36
Cover_T353 -32
Cover_T354 26
Cover_T355 -52
Cover_T356 44
Cover_T357 -32
Cover_T358 34
Cover_T359 -26
Cover_T360 54
Cover_T361 -40
Cover_T362 40
Cover_T363 -30
Cover_T364 38
Cover_T365 -28
Cover_T366 72
Cover_T367 -28
Cover_T368 54
Cover_T369 -38
Cover_T370 54
Cover_T371 -38
Cover_T372 62
Cover_T373 56
Cover_T374 -46
Cover_T375 54
Cover_T376 -36
Cover_T377 56
Cover_T378 -36
Cover_T379 56
Cover_T380 -24
Cover_T381 58
Cover_T382 56
Cover_T383 60
Cover_T384 972
Cover_T385 56
Cover_T386 982
Cover_T387 1052
Cover_T388 982
Cover_T389 1046
Cover_T390 980
Cover_T391 1046
Cover_T392 980
Cover_T393 1020
Cover_T394 976
Cover_T395 1028
Cover_T396 982
Cover_T397 954
Cover_T398 982
Cover_T399 36
Cover_T400 980
Cover_T401 12
Cover_T402 -10
Cover_T403 -2
Cover_T404 -10
Cover_T405 -30
Cover_T406 -2
Cover_T407 6
Cover_T408 -10
Cover_T409 -18
Cover_T410 8
Cover_T411 2
Cover_T412 32
Cover_T413 2
Cover_T414 48
Cover_T415 6
Cover_T416 4
Cover_T417 6
Cover_T418 20
Cover_T419 12
Cover_T420 36
Cover_T421 0
Cover_T422 8
Cover_T423 6
Cover_T424 4
Cover_T425 2
Cover_T426 1.00088e-10
Cover_T427 0
Cover_T428 4.76057e-11
Cover_T429 0
Cover_T430 -6
Cover_T431 14
Cover_T432 6
Cover_T433 -2
Cover_T434 0
Cover_T435 14
Cover_T436 4
Cover_T437 4
Cover_T438 6
Cover_T439 0
Cover_T440 6
Cover_T441 4
Cover_T442 -8
Cover_T443 6
Cover_T444 8
Cover_T445 0
Cover_T446 -8
Cover_T447 0
Cover_T448 0
Cover_T449 0
Cover_T450 6
Cover_T451 8
Cover_T452 0
Cover_T453 0
Cover_T454 0
Cover_T455 8
Cover_T456 0
Cover_T457 0
Cover_T458 14
Cover_T459 0
Cover_T460 6
Cover_T461 -22
Cover_T462 6
Cover_T463 4
Cover_T464 18
Cover_T465 -8
Cover_T466 20
Cover_T467 -28
Cover_T468 52
Cover_T469 12
Cover_T470 6
Cover_T471 -20
Cover_T472 38
Cover_T473 -6
Cover_T474 50
Cover_T475 -30
Cover_T476 2
Cover_T477 -30
Cover_T478 26
Cover_T479 -30
Cover_T480 8
Cover_T481 -7.16227e-12
Cover_T482 40
Cover_T483 18
Cover_T484 52
Cover_T485 12
Cover_T486 40
Cover_T487 18
Cover_T488 52
Cover_T489 12
Cover_T490 50
Cover_T491 0
Cover_T492 60
Cover_T493 12
Cover_T494 20
Cover_T495 -3.88387e-11
Cover_T496 26
Cover_T497 12
Cover_T498 10
Cover_T499 0
Cover_T500 14
Cover_T501 12
Cover_T502 10
Cover_T503 1.89756e-10
Cover_T504 32
Cover_T505 -6
Cover_T506 32
Cover_T507 -26
Cover_T508 22
Cover_T509 -10
Cover_T510 32
Cover_T511 3.88326e-10
Cover_T512 28
Cover_T513 -10
Cover_T514 46
Cover_T515 -28
Cover_T516 68
Cover_T517 -10
Cover_T518 42
Cover_T519 -36
Cover_T520 32
Cover_T521 -14
Cover_T522 28
Cover_T523 -14
Cover_T524 48
Cover_T525 -24
Cover_T526 36
Cover_T527 -22
Cover_T528 28
Cover_T529 -24
Cover_T530 28
Cover_T531 -24
Cover_T532 28
Cover_T533 -24
Cover_T534 28
Cover_T535 -26
Cover_T536 28
Cover_T537 -26
Cover_T538 36
Cover_T539 -26
Cover_T540 44
Cover_T541 -26
Cover_T542 52
Cover_T543 -26
Cover_T544 52
Cover_T545 -26
Cover_T546 52
Cover_T547 -26
Cover_T548 52
Cover_T549 -26
Cover_T550 52
Cover_T551 -26
Cover_T552 54
Cover_T553 -42
Cover_T554 46
Cover_T555 -34
Cover_T556 48
Cover_T557 -26
Cover_T558 40
Cover_T559 -26
Cover_T560 62
Cover_T561 -26
Cover_T562 54
Cover_T563 -28
Cover_T564 66
Cover_T565 -28
Cover_T566 66
Cover_T567 -38
Cover_T568 66
Cover_T569 12
Cover_T570 -4
Cover_T571 14
Cover_T572 12
Cover_T573 16
Cover_T574 4
Cover_T575 2
Cover_T576 16
Cover_T577 12
Cover_T578 100
Cover_T579 10
Cover_T580 1006
Cover_T581 60
Cover_T582 1030
Cover_T583 972
Cover_T584 1030
Cover_T585 1080
Cover_T586 1026
Cover_T587 1066
Cover_T588 1030
Cover_T589 1070
Cover_T590 1028
Cover_T591 988
Cover_T592 1024
Cover_T593 70
Cover_T594 980
Cover_T595 46
Cover_T596 62
Cover_T597 52
Cover_T598 -10
Cover_T599 0
Cover_T600 60
Cover_T601 -22
Cover_T602 60
Cover_T603 -6
Cover_T604 22
Cover_T605 0
Cover_T606 48
Cover_T607 0
Cover_T608 68
Cover_T609 0
Cover_T610 42
Cover_T611 0
Cover_T612 62
Cover_T613 36
Cover_T614 40
Cover_T615 36
Cover_T616 18
Cover_T617 34
Cover_T618 20
Cover_T619 18
Cover_T620 26
Cover_T621 18
Cover_T622 0
Cover_T623 0
Cover_T624 0
Cover_T625 30
Cover_T626 0
Cover_T627 34
Cover_T628 4
Cover_T629 4
Cover_T630 30
Cover_T631 26
Cover_T632 0
Cover_T633 24
Count_D0 -984
Count_D1 -1000
Max_H0_P0 0
Max_H0_P1 0
Max_H0_P2 0
Max_H0_P3 0
Max_H0_P4 0
Max_H0_P5 0
Max_H0_P6 0
Max_H0_P7 0
Max_H0_P8 0
Max_H0_P9 -9.2345e-12
Max_H0_P10 0
Max_H0_P11 0
Max_H0_P12 0
Max_H0_P13 0
Max_H0_P14 0
Max_H0_P15 0
Max_H0_P16 9.30633e-12
Max_H0_P17 2.07638e-11
Max_H0_P18 -1.54188e-11
Max_H0_P19 -1.05853e-11
Max_H0_P20 2.57785e-11
Max_H0_P21 0
Max_H0_P22 7.20301e-12
Max_H0_P23 2.91113e-12
Max_H0_P24 8.18247e-12
Max_H0_P25 -2.50111e-12
Max_H0_P26 2.57111e-12
Max_H0_P27 4.86543e-11
Max_H0_P28 -3.34115e-11
Max_H0_P29 9.42183e-12
Max_H0_P30 1.13496e-11
Max_H0_P31 -1.52784e-11
Max_H0_P32 4.48779e-11
Max_H0_P33 -1.91183e-11
Max_H0_P34 3.26627e-12
Max_H0_P35 -8.97837e-13
Max_H0_P36 7.776e-13
Max_H0_P37 -1.6712e-11
Max_H0_P38 -3.2685e-13
Max_H0_P39 2.01733e-12
Max_H0_P40 6.53699e-13
Max_H0_P41 2.39671e-11
Max_H0_P42 0
Max_H0_P43 0
Max_H0_P44 0
Max_H0_P45 0
Max_H0_P46 0
Max_H0_P47 0
Max_H0_P48 0
Max_H0_P49 0
Max_H0_P50 0
Max_H0_P51 0
Max_H0_P52 0
Max_H0_P53 0
Max_H0_P54 0
Max_H0_P55 0
Max_H0_P56 0
Max_H0_P57 0
Max_H0_P58 0
Max_H0_P59 0
Max_H0_P60 -4.28155e-11
Max_H0_P61 -2.24301e-11
Max_H0_P62 -2.68932e-11
Max_H0_P63 0
Max_H0_P64 0
Max_H0_P65 0
Max_H0_P66 0
Max_H0_P67 -0
Max_H0_P68 0
Max_H0_P69 0
Max_H0_P70 0
Max_H0_P71 0
Max_H0_P72 0
Max_H0_P73 0
Max_H0_P74 0
Max_H0_P75 0
Max_H0_P76 0
Max_H0_P77 0
Max_H0_P78 0
Max_H0_P79 4.54392e-12
Max_H0_P80 0
Max_H0_P81 0
Max_H1_P0 0
Max_H1_P1 0
Max_H1_P2 0
Max_H1_P3 0
Max_H1_P4 0
Max_H1_P5 0
Max_H1_P6 0
Max_H1_P7 0
Max_H1_P8 0
Max_H1_P9 -1.35572e-11
Max_H1_P10 -1.2335e-11
Max_H1_P11 0
Max_H1_P12 0
Max_H1_P13 0
Max_H1_P14 0
Max_H1_P15 2.64072e-11
Max_H1_P16 3.46603e-11
Max_H1_P17 -2.49258e-11
Max_H1_P18 -1.17102e-11
Max_H1_P19 -2.19558e-12
Max_H1_P20 2.01771e-11
Max_H1_P21 -6.34488e-11
Max_H1_P22 5.62368e-11
Max_H1_P23 0
Max_H1_P24 2.57749e-12
Max_H1_P25 2.07163e-11
Max_H1_P26 0
Max_H1_P27 -5.15321e-12
Max_H1_P28 4.76572e-11
Max_H1_P29 -4.60458e-11
Max_H1_P30 1.78488e-11
Max_H1_P31 1.69342e-11
Max_H1_P32 -1.79767e-11
Max_H1_P33 1.64162e-11
Max_H1_P34 -2.7367e-12
Max_H1_P35 -8.93392e-12
Max_H1_P36 1.86562e-11
Max_H1_P37 5.11591e-12
Max_H1_P38 -3.92886e-12
Max_H1_P39 2.85496e-11
Max_H1_P40 0
Max_H1_P41 4.03588e-11
Max_H1_P42 6.67893e-12
Max_H1_P43 -2.20133e-11
Max_H1_P44 0
Max_H1_P45 0
Max_H1_P46 0
Max_H1_P47 0
Max_H1_P48 0
Max_H1_P49 0
Max_H1_P50 0
Max_H1_P51 0
Max_H1_P52 -5.01501e-11
Max_H1_P53 0
Max_H1_P54 2.09859e-11
Max_H1_P55 2.45404e-11
Max_H1_P56 0
Max_H1_P57 -1.55849e-11
Max_H1_P58 0
Max_H1_P59 -1.26903e-11
Max_H1_P60 0
Max_H1_P61 0
Max_H1_P62 0
Max_H1_P63 0
Max_H1_P64 0
Max_H1_P65 0
Max_H1_P66 0
Max_H1_P67 0
Max_H1_P68 0
Max_H1_P69 0
Max_H1_P70 0
Max_H1_P71 0
Max_H1_P72 0
Max_H1_P73 0
Max_H1_P74 0
Max_H1_P75 0
Max_H1_P76 1.9039e-11
Max_H1_P77 0
Max_H1_P78 0
Max_H1_P79 0
Max_H1_P80 0
Max_H1_P81 0
