
Branch and bound

  Entire solving process        :                           (Time    129.7)
  No feasible solution was found
  Best relaxation cost          :     51809.18 (Node     0) (Time    129.7)
  Lower bound after cuts        :     51809.18
  End lower bound               :     51809.18
  Deepest level reached         : 0
  Deepest real level reached    : 0
  Number of real nodes solved   : 1
  Stopping condition            : enough nodes explored

Problem identification

  Problem                       : <null>
  Machine                       : oslo3.gerad.lan

Solving process summary

  Linear relaxations            :        1
  Column generation iterations  :      148
  Shortest paths solved         :     3225
  Columns generated             :    28199

Instance characteristics

  Resources                     : 3
  Node types                    : no
  Arc types                     : no
  Strong resource windows       : no
  Weak resource windows         : no
  Resource windows (nodes)      : 3
  Resource values (arcs)        : 3
  Values on nodes               : no

  Rows                          : 800
  Initial columns               : 2
  Tasks                         : 638
  Strong tasks                  : 634
  Weak tasks                    : 4
  Initial task constraints      : no
  Nodes                         : 966
  Arc sets                      : 1
  Arcs                          : 20251
  Networks                      : 2
  Models                        : 1

Memory used per module (Megs)

  Parser (reused)               :      4.367
  Networks                      :     22.885
  Column generator              :      6.054
  Master problem                :      7.651
  -----------------
  Total                         :     36.591

Cpu time per module (seconds)

  Parser                        :        0.0
  Preprocessor                  :        0.0
  Lr solver manager             :        0.0
  Column generator              :       15.0
    (Shortest path)             :       13.2
  Master problem                :      114.5
  -------------------
  Total (without b&b)           :      129.6

Real elapsed time (seconds)

  Parser                        :        0.0
  Preprocessor                  :        0.0
  Lr solver manager             :        0.1
  Column generator              :       15.1
    (Shortest path)             :       13.0
  Master problem                :      114.5
  -------------------
  Total (without b&b)           :      129.6
