
Branch and bound

  Entire solving process        :                           (Time     59.0)
  No feasible solution was found
  Best relaxation cost          :     51720.11 (Node     0) (Time     59.0)
  Lower bound after cuts        :     51720.11
  End lower bound               :     51720.11
  Deepest level reached         : 0
  Deepest real level reached    : 0
  Number of real nodes solved   : 1
  Stopping condition            : enough nodes explored

Problem identification

  Problem                       : <null>
  Machine                       : oslo1.gerad.lan

Solving process summary

  Linear relaxations            :        1
  Column generation iterations  :      100
  Shortest paths solved         :     6239
  Columns generated             :    38817

Instance characteristics

  Resources                     : 3
  Node types                    : no
  Arc types                     : no
  Strong resource windows       : no
  Weak resource windows         : no
  Resource windows (nodes)      : 3
  Resource values (arcs)        : 3
  Values on nodes               : no

  Rows                          : 800
  Initial columns               : 365
  Tasks                         : 638
  Strong tasks                  : 423
  Weak tasks                    : 4
  Initial task constraints      : no
  Nodes                         : 966
  Arc sets                      : 1
  Arcs                          : 20251
  Networks                      : 2
  Models                        : 1

Memory used per module (Megs)

  Parser (reused)               :      4.488
  Networks                      :     25.186
  Column generator              :      4.117
  Master problem                :      7.689
  -----------------
  Total                         :     36.992

Cpu time per module (seconds)

  Parser                        :        0.0
  Preprocessor                  :        0.0
  Lr solver manager             :        0.1
  Column generator              :       20.9
    (Shortest path)             :       17.6
  Master problem                :       38.0
  -------------------
  Total (without b&b)           :       59.0

Real elapsed time (seconds)

  Parser                        :        0.0
  Preprocessor                  :        0.0
  Lr solver manager             :        0.6
  Column generator              :       20.9
    (Shortest path)             :       17.6
  Master problem                :       38.0
  -------------------
  Total (without b&b)           :       59.6
