Cover_T0 52
Cover_T1 -52
Cover_T2 52
Cover_T3 -52
Cover_T4 52
Cover_T5 -52
Cover_T6 52
Cover_T7 -52
Cover_T8 52
Cover_T9 -52
Cover_T10 52
Cover_T11 -52
Cover_T12 52
Cover_T13 -52
Cover_T14 52
Cover_T15 -52
Cover_T16 52
Cover_T17 -52
Cover_T18 52
Cover_T19 -52
Cover_T20 56
Cover_T21 -52
Cover_T22 52
Cover_T23 -48
Cover_T24 56
Cover_T25 -48
Cover_T26 56
Cover_T27 -48
Cover_T28 56
Cover_T29 -48
Cover_T30 56
Cover_T31 -48
Cover_T32 56
Cover_T33 -44
Cover_T34 60
Cover_T35 -44
Cover_T36 56
Cover_T37 -44
Cover_T38 56
Cover_T39 -44
Cover_T40 56
Cover_T41 -44
Cover_T42 56
Cover_T43 -40
Cover_T44 52
Cover_T45 -44
Cover_T46 52
Cover_T47 -40
Cover_T48 56
Cover_T49 -40
Cover_T50 54
Cover_T51 -36
Cover_T52 1040
Cover_T53 0
Cover_T54 1032
Cover_T55 984
Cover_T56 1036
Cover_T57 990
Cover_T58 1040
Cover_T59 986
Cover_T60 1044
Cover_T61 988
Cover_T62 1040
Cover_T63 2
Cover_T64 1004
Cover_T65 6
Cover_T66 20
Cover_T67 2
Cover_T68 14
Cover_T69 -2
Cover_T70 8
Cover_T71 -6
Cover_T72 8
Cover_T73 -6
Cover_T74 2
Cover_T75 -6
Cover_T76 -6
Cover_T77 -6
Cover_T78 -18
Cover_T79 -6
Cover_T80 -30
Cover_T81 -2
Cover_T82 -42
Cover_T83 0
Cover_T84 4
Cover_T85 2
Cover_T86 4
Cover_T87 10
Cover_T88 0
Cover_T89 22
Cover_T90 4
Cover_T91 34
Cover_T92 0
Cover_T93 46
Cover_T94 4
Cover_T95 0
Cover_T96 4
Cover_T97 2.6148e-11
Cover_T98 4
Cover_T99 4
Cover_T100 0
Cover_T101 0
Cover_T102 0
Cover_T103 4
Cover_T104 0
Cover_T105 0
Cover_T106 0
Cover_T107 0
Cover_T108 4
Cover_T109 0
Cover_T110 4
Cover_T111 4
Cover_T112 4
Cover_T113 4
Cover_T114 4
Cover_T115 4
Cover_T116 4
Cover_T117 4
Cover_T118 6
Cover_T119 0
Cover_T120 10
Cover_T121 0
Cover_T122 2.01391e-10
Cover_T123 0
Cover_T124 4
Cover_T125 0
Cover_T126 6
Cover_T127 0
Cover_T128 4
Cover_T129 2
Cover_T130 4
Cover_T131 0
Cover_T132 7.98082e-10
Cover_T133 0
Cover_T134 4
Cover_T135 2
Cover_T136 1.25844e-10
Cover_T137 6
Cover_T138 8
Cover_T139 6
Cover_T140 8
Cover_T141 10
Cover_T142 -3.40559e-10
Cover_T143 4
Cover_T144 -1.52427e-10
Cover_T145 4
Cover_T146 3.43201e-10
Cover_T147 -8
Cover_T148 -6
Cover_T149 1.44049e-10
Cover_T150 -18
Cover_T151 6.53273e-10
Cover_T152 -30
Cover_T153 9.7881e-11
Cover_T154 -42
Cover_T155 7.81891e-11
Cover_T156 10
Cover_T157 0
Cover_T158 2
Cover_T159 10
Cover_T160 2
Cover_T161 22
Cover_T162 6
Cover_T163 36
Cover_T164 2
Cover_T165 52
Cover_T166 8
Cover_T167 0
Cover_T168 -8
Cover_T169 -2.3556e-10
Cover_T170 0
Cover_T171 4
Cover_T172 0
Cover_T173 8
Cover_T174 -10
Cover_T175 2
Cover_T176 -26
Cover_T177 18
Cover_T178 -42
Cover_T179 10
Cover_T180 8
Cover_T181 10
Cover_T182 -8
Cover_T183 20
Cover_T184 -6
Cover_T185 36
Cover_T186 -22
Cover_T187 52
Cover_T188 -38
Cover_T189 2
Cover_T190 -4
Cover_T191 18
Cover_T192 8
Cover_T193 16
Cover_T194 -4
Cover_T195 28
Cover_T196 6
Cover_T197 40
Cover_T198 8
Cover_T199 52
Cover_T200 7.22178e-10
Cover_T201 14
Cover_T202 -12
Cover_T203 2
Cover_T204 -2
Cover_T205 14
Cover_T206 2
Cover_T207 4
Cover_T208 2
Cover_T209 2
Cover_T210 10
Cover_T211 10
Cover_T212 4
Cover_T213 26
Cover_T214 8
Cover_T215 16
Cover_T216 0
Cover_T217 12
Cover_T218 0
Cover_T219 12
Cover_T220 8
Cover_T221 4
Cover_T222 8
Cover_T223 10
Cover_T224 0
Cover_T225 10
Cover_T226 2
Cover_T227 18
Cover_T228 2
Cover_T229 22
Cover_T230 -10
Cover_T231 12
Cover_T232 4.70842e-09
Cover_T233 16
Cover_T234 -2
Cover_T235 24
Cover_T236 -4
Cover_T237 22
Cover_T238 -16
Cover_T239 22
Cover_T240 -10
Cover_T241 34
Cover_T242 -6
Cover_T243 32
Cover_T244 -10
Cover_T245 30
Cover_T246 -26
Cover_T247 24
Cover_T248 -16
Cover_T249 42
Cover_T250 -14
Cover_T251 34
Cover_T252 -14
Cover_T253 34
Cover_T254 -34
Cover_T255 34
Cover_T256 -24
Cover_T257 48
Cover_T258 -20
Cover_T259 38
Cover_T260 -20
Cover_T261 36
Cover_T262 -22
Cover_T263 36
Cover_T264 -24
Cover_T265 48
Cover_T266 -24
Cover_T267 38
Cover_T268 -26
Cover_T269 36
Cover_T270 -26
Cover_T271 34
Cover_T272 -26
Cover_T273 38
Cover_T274 -30
Cover_T275 34
Cover_T276 -32
Cover_T277 30
Cover_T278 -36
Cover_T279 34
Cover_T280 -34
Cover_T281 38
Cover_T282 -30
Cover_T283 42
Cover_T284 -42
Cover_T285 44
Cover_T286 -32
Cover_T287 38
Cover_T288 -32
Cover_T289 56
Cover_T290 -42
Cover_T291 42
Cover_T292 -30
Cover_T293 58
Cover_T294 -32
Cover_T295 44
Cover_T296 -38
Cover_T297 46
Cover_T298 -34
Cover_T299 62
Cover_T300 -36
Cover_T301 36
Cover_T302 -32
Cover_T303 48
Cover_T304 -36
Cover_T305 48
Cover_T306 -36
Cover_T307 44
Cover_T308 -40
Cover_T309 48
Cover_T310 -40
Cover_T311 50
Cover_T312 -40
Cover_T313 54
Cover_T314 -40
Cover_T315 56
Cover_T316 -40
Cover_T317 56
Cover_T318 -40
Cover_T319 62
Cover_T320 -40
Cover_T321 62
Cover_T322 -40
Cover_T323 62
Cover_T324 -42
Cover_T325 62
Cover_T326 -42
Cover_T327 52
Cover_T328 -52
Cover_T329 52
Cover_T330 -52
Cover_T331 56
Cover_T332 -48
Cover_T333 56
Cover_T334 -48
Cover_T335 56
Cover_T336 -48
Cover_T337 56
Cover_T338 -44
Cover_T339 60
Cover_T340 -44
Cover_T341 56
Cover_T342 -44
Cover_T343 56
Cover_T344 -44
Cover_T345 56
Cover_T346 -44
Cover_T347 52
Cover_T348 -44
Cover_T349 52
Cover_T350 -40
Cover_T351 52
Cover_T352 -40
Cover_T353 56
Cover_T354 -40
Cover_T355 54
Cover_T356 -36
Cover_T357 1036
Cover_T358 -2.71939e-10
Cover_T359 1032
Cover_T360 984
Cover_T361 1036
Cover_T362 986
Cover_T363 1040
Cover_T364 988
Cover_T365 1040
Cover_T366 2
Cover_T367 1004
Cover_T368 6
Cover_T369 20
Cover_T370 2
Cover_T371 14
Cover_T372 2
Cover_T373 4
Cover_T374 -10
Cover_T375 0
Cover_T376 -6
Cover_T377 0
Cover_T378 -2
Cover_T379 -12
Cover_T380 -6
Cover_T381 -28
Cover_T382 -4.61618e-10
Cover_T383 -44
Cover_T384 6
Cover_T385 -2
Cover_T386 16
Cover_T387 -2
Cover_T388 28
Cover_T389 4
Cover_T390 40
Cover_T391 0
Cover_T392 52
Cover_T393 3.77609e-11
Cover_T394 6
Cover_T395 0
Cover_T396 6
Cover_T397 -4.01151e-10
Cover_T398 1.54679e-09
Cover_T399 1.42373e-09
Cover_T400 0
Cover_T401 0
Cover_T402 0
Cover_T403 1.59694e-10
Cover_T404 -5.01746e-10
Cover_T405 -1.21124e-10
Cover_T406 0
Cover_T407 6.2085e-11
Cover_T408 0
Cover_T409 0
Cover_T410 -1.46812e-10
Cover_T411 1.54676e-11
Cover_T412 -3.18131e-10
Cover_T413 0
Cover_T414 0
Cover_T415 2.74667e-10
Cover_T416 0
Cover_T417 0
Cover_T418 -1.73805e-10
Cover_T419 1.22986e-10
Cover_T420 0
Cover_T421 4
Cover_T422 7.19211e-10
Cover_T423 0
Cover_T424 -4.09202e-11
Cover_T425 0
Cover_T426 6.55678e-10
Cover_T427 0
Cover_T428 0
Cover_T429 0
Cover_T430 2.46521e-10
Cover_T431 4
Cover_T432 0
Cover_T433 5.76461e-11
Cover_T434 0
Cover_T435 -8
Cover_T436 1.22003e-10
Cover_T437 1.23517e-10
Cover_T438 4
Cover_T439 0
Cover_T440 7.0022e-10
Cover_T441 -3.25429e-11
Cover_T442 0
Cover_T443 5.95156e-10
Cover_T444 0
Cover_T445 4
Cover_T446 6
Cover_T447 0
Cover_T448 10
Cover_T449 4
Cover_T450 2
Cover_T451 -6
Cover_T452 2
Cover_T453 -22
Cover_T454 6
Cover_T455 -38
Cover_T456 2
Cover_T457 10
Cover_T458 12
Cover_T459 10
Cover_T460 28
Cover_T461 0
Cover_T462 40
Cover_T463 0
Cover_T464 52
Cover_T465 0
Cover_T466 1.31522e-09
Cover_T467 10
Cover_T468 -4
Cover_T469 -2
Cover_T470 4
Cover_T471 -14
Cover_T472 4
Cover_T473 -2
Cover_T474 4
Cover_T475 2
Cover_T476 -6
Cover_T477 -10
Cover_T478 6
Cover_T479 -16
Cover_T480 18
Cover_T481 -30
Cover_T482 10
Cover_T483 -46
Cover_T484 10
Cover_T485 4
Cover_T486 20
Cover_T487 -12
Cover_T488 36
Cover_T489 -10
Cover_T490 52
Cover_T491 -26
Cover_T492 2
Cover_T493 -42
Cover_T494 18
Cover_T495 -8
Cover_T496 16
Cover_T497 4
Cover_T498 32
Cover_T499 10
Cover_T500 50
Cover_T501 8
Cover_T502 16
Cover_T503 -4
Cover_T504 4
Cover_T505 0
Cover_T506 2
Cover_T507 2
Cover_T508 2
Cover_T509 -2
Cover_T510 16
Cover_T511 2
Cover_T512 2
Cover_T513 4
Cover_T514 2
Cover_T515 2
Cover_T516 2
Cover_T517 4
Cover_T518 8
Cover_T519 0
Cover_T520 0
Cover_T521 4
Cover_T522 0
Cover_T523 6.92822e-09
Cover_T524 6
Cover_T525 6.16205e-09
Cover_T526 8
Cover_T527 -10
Cover_T528 10
Cover_T529 -10
Cover_T530 4
Cover_T531 7.80584e-09
Cover_T532 18
Cover_T533 -4
Cover_T534 22
Cover_T535 -8
Cover_T536 24
Cover_T537 -8
Cover_T538 24
Cover_T539 -10
Cover_T540 30
Cover_T541 -14
Cover_T542 30
Cover_T543 -16
Cover_T544 32
Cover_T545 -14
Cover_T546 32
Cover_T547 -24
Cover_T548 36
Cover_T549 -18
Cover_T550 36
Cover_T551 -22
Cover_T552 36
Cover_T553 -22
Cover_T554 38
Cover_T555 -36
Cover_T556 36
Cover_T557 -26
Cover_T558 38
Cover_T559 -26
Cover_T560 30
Cover_T561 -30
Cover_T562 30
Cover_T563 -32
Cover_T564 30
Cover_T565 -30
Cover_T566 30
Cover_T567 -30
Cover_T568 30
Cover_T569 -34
Cover_T570 30
Cover_T571 -30
Cover_T572 36
Cover_T573 -42
Cover_T574 32
Cover_T575 -32
Cover_T576 34
Cover_T577 -44
Cover_T578 40
Cover_T579 -30
Cover_T580 36
Cover_T581 -36
Cover_T582 48
Cover_T583 -48
Cover_T584 36
Cover_T585 -34
Cover_T586 50
Cover_T587 -30
Cover_T588 40
Cover_T589 -36
Cover_T590 44
Cover_T591 -48
Cover_T592 54
Cover_T593 -32
Cover_T594 44
Cover_T595 -30
Cover_T596 40
Cover_T597 -34
Cover_T598 50
Cover_T599 -32
Cover_T600 58
Cover_T601 -36
Cover_T602 46
Cover_T603 -32
Cover_T604 44
Cover_T605 -36
Cover_T606 44
Cover_T607 -36
Cover_T608 44
Cover_T609 -48
Cover_T610 48
Cover_T611 -40
Cover_T612 44
Cover_T613 -36
Cover_T614 48
Cover_T615 -36
Cover_T616 44
Cover_T617 -44
Cover_T618 58
Cover_T619 -40
Cover_T620 48
Cover_T621 -46
Cover_T622 42
Cover_T623 -50
Cover_T624 52
Cover_T625 -40
Cover_T626 58
Cover_T627 -42
Cover_T628 62
Cover_T629 -40
Cover_T630 52
Cover_T631 -52
Cover_T632 52
Cover_T633 58
Cover_T634 -44
Cover_T635 58
Cover_T636 -48
Cover_T637 54
Cover_T638 -44
Cover_T639 58
Cover_T640 -44
Cover_T641 52
Cover_T642 -48
Cover_T643 54
Cover_T644 -36
Cover_T645 58
Cover_T646 -40
Cover_T647 52
Cover_T648 -38
Cover_T649 1036
Cover_T650 2
Cover_T651 1040
Cover_T652 988
Cover_T653 1028
Cover_T654 982
Cover_T655 1040
Cover_T656 990
Cover_T657 1044
Cover_T658 982
Cover_T659 1032
Cover_T660 990
Cover_T661 1036
Cover_T662 990
Cover_T663 1044
Cover_T664 984
Cover_T665 1036
Cover_T666 990
Cover_T667 1040
Cover_T668 990
Cover_T669 1040
Cover_T670 0
Cover_T671 996
Cover_T672 0
Cover_T673 12
Cover_T674 8
Cover_T675 20
Cover_T676 0
Cover_T677 2
Cover_T678 -4
Cover_T679 8
Cover_T680 -4
Cover_T681 -4
Cover_T682 2.93397e-10
Cover_T683 -22
Cover_T684 -8
Cover_T685 -38
Cover_T686 -4
Cover_T687 4
Cover_T688 2.85297e-10
Cover_T689 0
Cover_T690 -6.42224e-11
Cover_T691 2
Cover_T692 12
Cover_T693 -2.66887e-10
Cover_T694 24
Cover_T695 -1.10068e-09
Cover_T696 36
Cover_T697 0
Cover_T698 48
Cover_T699 -7.00331e-10
Cover_T700 2
Cover_T701 1.79535e-10
Cover_T702 2
Cover_T703 0
Cover_T704 -4
Cover_T705 0
Cover_T706 -2.99224e-10
Cover_T707 3.1134e-12
Cover_T708 0
Cover_T709 1.73443e-10
Cover_T710 -3.76183e-10
Cover_T711 0
Cover_T712 0
Cover_T713 -6.38849e-11
Cover_T714 0
Cover_T715 0
Cover_T716 1.86116e-10
Cover_T717 0
Cover_T718 0
Cover_T719 0
Cover_T720 0
Cover_T721 3.40212e-10
Cover_T722 0
Cover_T723 0
Cover_T724 -1.50697e-10
Cover_T725 -2.17554e-10
Cover_T726 0
Cover_T727 -8.77263e-11
Cover_T728 -8.84803e-12
Cover_T729 0
Cover_T730 0
Cover_T731 -4
Cover_T732 7.04766e-10
Cover_T733 0
Cover_T734 0
Cover_T735 1.47779e-10
Cover_T736 -4
Cover_T737 -3.27951e-10
Cover_T738 2.99934e-10
Cover_T739 -4
Cover_T740 4.2337e-10
Cover_T741 -4
Cover_T742 -3.85004e-10
Cover_T743 8
Cover_T744 7.39132e-11
Cover_T745 0
Cover_T746 -4
Cover_T747 0
Cover_T748 0
Cover_T749 -3.24394e-10
Cover_T750 8
Cover_T751 0
Cover_T752 0
Cover_T753 2.51168e-10
Cover_T754 -4.46127e-10
Cover_T755 -10
Cover_T756 0
Cover_T757 -22
Cover_T758 0
Cover_T759 -34
Cover_T760 -4
Cover_T761 -46
Cover_T762 0
Cover_T763 6
Cover_T764 0
Cover_T765 10
Cover_T766 0
Cover_T767 2
Cover_T768 6
Cover_T769 2
Cover_T770 18
Cover_T771 2
Cover_T772 30
Cover_T773 10
Cover_T774 46
Cover_T775 -6
Cover_T776 -2
Cover_T777 2
Cover_T778 -2
Cover_T779 2
Cover_T780 -2
Cover_T781 -8
Cover_T782 2
Cover_T783 -24
Cover_T784 -4
Cover_T785 -40
Cover_T786 12
Cover_T787 10
Cover_T788 2
Cover_T789 -2
Cover_T790 -2
Cover_T791 -14
Cover_T792 10
Cover_T793 -8
Cover_T794 16
Cover_T795 -20
Cover_T796 28
Cover_T797 -32
Cover_T798 40
Cover_T799 -44
Cover_T800 52
Cover_T801 -6
Cover_T802 -2
Cover_T803 10
Cover_T804 10
Cover_T805 -2
Cover_T806 24
Cover_T807 8
Cover_T808 18
Cover_T809 10
Cover_T810 30
Cover_T811 2
Cover_T812 42
Cover_T813 -10
Cover_T814 54
Cover_T815 -2.70224e-09
Cover_T816 20
Cover_T817 4
Cover_T818 4
Cover_T819 4
Cover_T820 12
Cover_T821 0
Cover_T822 6
Cover_T823 6
Cover_T824 4
Cover_T825 4
Cover_T826 16
Cover_T827 2
Cover_T828 28
Cover_T829 0
Cover_T830 20
Cover_T831 -1.03179e-09
Cover_T832 16
Cover_T833 8
Cover_T834 16
Cover_T835 2
Cover_T836 14
Cover_T837 8
Cover_T838 8
Cover_T839 4
Cover_T840 14
Cover_T841 -8
Cover_T842 14
Cover_T843 0
Cover_T844 16
Cover_T845 4
Cover_T846 18
Cover_T847 4
Cover_T848 18
Cover_T849 -12
Cover_T850 18
Cover_T851 -2
Cover_T852 26
Cover_T853 -2
Cover_T854 26
Cover_T855 -4
Cover_T856 44
Cover_T857 -14
Cover_T858 30
Cover_T859 -10
Cover_T860 34
Cover_T861 -10
Cover_T862 34
Cover_T863 -12
Cover_T864 46
Cover_T865 -24
Cover_T866 40
Cover_T867 -14
Cover_T868 38
Cover_T869 -18
Cover_T870 38
Cover_T871 -18
Cover_T872 50
Cover_T873 -18
Cover_T874 40
Cover_T875 -18
Cover_T876 38
Cover_T877 -20
Cover_T878 38
Cover_T879 -24
Cover_T880 50
Cover_T881 -24
Cover_T882 40
Cover_T883 -26
Cover_T884 38
Cover_T885 -32
Cover_T886 36
Cover_T887 -28
Cover_T888 38
Cover_T889 -30
Cover_T890 30
Cover_T891 -30
Cover_T892 30
Cover_T893 -46
Cover_T894 32
Cover_T895 -40
Cover_T896 38
Cover_T897 -30
Cover_T898 40
Cover_T899 -40
Cover_T900 38
Cover_T901 -30
Cover_T902 38
Cover_T903 -30
Cover_T904 58
Cover_T905 -40
Cover_T906 52
Cover_T907 -30
Cover_T908 42
Cover_T909 -30
Cover_T910 50
Cover_T911 -34
Cover_T912 46
Cover_T913 -30
Cover_T914 46
Cover_T915 -32
Cover_T916 54
Cover_T917 -40
Cover_T918 44
Cover_T919 -40
Cover_T920 46
Cover_T921 -36
Cover_T922 50
Cover_T923 -36
Cover_T924 46
Cover_T925 -36
Cover_T926 46
Cover_T927 -36
Cover_T928 56
Cover_T929 -46
Cover_T930 58
Cover_T931 -46
Cover_T932 54
Cover_T933 -46
Cover_T934 52
Cover_T935 -46
Cover_T936 52
Cover_T937 -40
Cover_T938 58
Cover_T939 -40
Cover_T940 64
Cover_T941 -40
Cover_T942 64
Cover_T943 -40
Cover_T944 64
Cover_T945 -42
Cover_T946 64
Cover_T947 -42
Cover_T948 22
Cover_T949 -4
Cover_T950 24
Cover_T951 4
Cover_T952 20
Cover_T953 4
Cover_T954 14
Cover_T955 -1.1473e-10
Cover_T956 10
Cover_T957 8
Cover_T958 6
Cover_T959 10
Cover_T960 6
Cover_T961 0
Cover_T962 10
Cover_T963 8
Cover_T964 6
Cover_T965 44
Cover_T966 1042
Cover_T967 1034
Cover_T968 1034
Cover_T969 1022
Cover_T970 1038
Cover_T971 1038
Cover_T972 1086
Cover_T973 1036
Cover_T974 1082
Cover_T975 1036
Cover_T976 1078
Cover_T977 1034
Cover_T978 1086
Cover_T979 1034
Cover_T980 1078
Cover_T981 1028
Cover_T982 1086
Cover_T983 1036
Cover_T984 1046
Cover_T985 0
Cover_T986 50
Cover_T987 0
Cover_T988 64
Cover_T989 0
Cover_T990 30
Cover_T991 -40
Cover_T992 52
Cover_T993 54
Cover_T994 -8
Cover_T995 54
Cover_T996 -40
Cover_T997 56
Cover_T998 -34
Cover_T999 22
Cover_T1000 0
Cover_T1001 50
Cover_T1002 0
Cover_T1003 62
Cover_T1004 12
Cover_T1005 64
Cover_T1006 0
Cover_T1007 50
Cover_T1008 32
Cover_T1009 62
Cover_T1010 56
Cover_T1011 68
Cover_T1012 40
Cover_T1013 26
Cover_T1014 28
Cover_T1015 26
Cover_T1016 36
Cover_T1017 12
Cover_T1018 52
Cover_T1019 26
Cover_T1020 40
Cover_T1021 0
Cover_T1022 22
Cover_T1023 -24
Cover_T1024 0
Cover_T1025 -2
Cover_T1026 0
Cover_T1027 0
Cover_T1028 0
Cover_T1029 -16
Cover_T1030 0
Cover_T1031 4
Cover_T1032 24
Cover_T1033 20
Cover_T1034 2
Cover_T1035 18
Cover_T1036 0
Cover_T1037 32
Cover_T1038 24
Cover_T1039 18
Cover_T1040 30
Cover_T1041 6
Cover_T1042 22
Cover_T1043 26
Cover_T1044 18
Cover_T1045 26
Cover_T1046 18
Cover_T1047 4
Count_D0 -984
Count_D1 -1000
Max_H0_P0 0
Max_H0_P1 0
Max_H0_P2 0
Max_H0_P3 0
Max_H0_P4 0
Max_H0_P5 3.50045e-10
Max_H0_P6 0
Max_H0_P7 0
Max_H0_P8 0
Max_H0_P9 0
Max_H0_P10 0
Max_H0_P11 0
Max_H0_P12 0
Max_H0_P13 0
Max_H0_P14 0
Max_H0_P15 -4.44501e-10
Max_H0_P16 1.50868e-10
Max_H0_P17 0
Max_H0_P18 3.51212e-11
Max_H0_P19 7.31529e-11
Max_H0_P20 -1.12378e-10
Max_H0_P21 3.2267e-11
Max_H0_P22 -1.58806e-11
Max_H0_P23 -3.98027e-11
Max_H0_P24 1.50387e-10
Max_H0_P25 1.66285e-10
Max_H0_P26 -2.19194e-10
Max_H0_P27 2.93668e-10
Max_H0_P28 2.29427e-10
Max_H0_P29 1.96052e-11
Max_H0_P30 -5.73213e-11
Max_H0_P31 -1.28922e-10
Max_H0_P32 1.06198e-10
Max_H0_P33 -8.98213e-13
Max_H0_P34 -4.61835e-11
Max_H0_P35 1.15882e-10
Max_H0_P36 -1.03248e-10
Max_H0_P37 -1.52199e-10
Max_H0_P38 7.73319e-11
Max_H0_P39 -2.09184e-11
Max_H0_P40 -6.44843e-11
Max_H0_P41 -5.76231e-11
Max_H0_P42 8.20535e-11
Max_H0_P43 0
Max_H0_P44 3.1654e-10
Max_H0_P45 0
Max_H0_P46 0
Max_H0_P47 0
Max_H0_P48 0
Max_H0_P49 0
Max_H0_P50 0
Max_H0_P51 0
Max_H0_P52 0
Max_H0_P53 0
Max_H0_P54 0
Max_H0_P55 0
Max_H0_P56 0
Max_H0_P57 0
Max_H0_P58 0
Max_H0_P59 5.83142e-11
Max_H0_P60 5.64123e-11
Max_H0_P61 3.2585e-14
Max_H0_P62 0
Max_H0_P63 3.08797e-10
Max_H0_P64 0
Max_H0_P65 0
Max_H0_P66 0
Max_H0_P67 0
Max_H0_P68 0
Max_H0_P69 0
Max_H0_P70 0
Max_H0_P71 0
Max_H0_P72 0
Max_H0_P73 0
Max_H0_P74 0
Max_H0_P75 0
Max_H0_P76 3.59559e-10
Max_H0_P77 -3.13341e-10
Max_H0_P78 -1.75698e-10
Max_H0_P79 0
Max_H0_P80 0
Max_H0_P81 0
Max_H1_P0 0
Max_H1_P1 0
Max_H1_P2 0
Max_H1_P3 0
Max_H1_P4 0
Max_H1_P5 3.32506e-10
Max_H1_P6 0
Max_H1_P7 -1.49015e-10
Max_H1_P8 0
Max_H1_P9 0
Max_H1_P10 1.42401e-10
Max_H1_P11 3.7651e-11
Max_H1_P12 0
Max_H1_P13 0
Max_H1_P14 0
Max_H1_P15 -2.28511e-10
Max_H1_P16 4.3983e-11
Max_H1_P17 -1.37534e-10
Max_H1_P18 2.36747e-10
Max_H1_P19 2.81336e-10
Max_H1_P20 -5.3955e-11
Max_H1_P21 -1.57456e-10
Max_H1_P22 -1.19712e-10
Max_H1_P23 8.17204e-11
Max_H1_P24 -2.3789e-11
Max_H1_P25 1.04397e-10
Max_H1_P26 3.16433e-11
Max_H1_P27 -8.02221e-11
Max_H1_P28 1.25987e-11
Max_H1_P29 9.0139e-11
Max_H1_P30 8.33522e-12
Max_H1_P31 -1.6567e-10
Max_H1_P32 1.16673e-11
Max_H1_P33 -1.91063e-10
Max_H1_P34 -9.54969e-12
Max_H1_P35 2.29836e-10
Max_H1_P36 -5.90425e-11
Max_H1_P37 1.18632e-10
Max_H1_P38 1.42702e-11
Max_H1_P39 -1.56248e-10
Max_H1_P40 7.66818e-11
Max_H1_P41 -7.17227e-11
Max_H1_P42 2.2184e-11
Max_H1_P43 0
Max_H1_P44 1.87407e-10
Max_H1_P45 0
Max_H1_P46 -2.42544e-10
Max_H1_P47 0
Max_H1_P48 0
Max_H1_P49 0
Max_H1_P50 0
Max_H1_P51 0
Max_H1_P52 9.65485e-11
Max_H1_P53 0
Max_H1_P54 0
Max_H1_P55 0
Max_H1_P56 9.55013e-11
Max_H1_P57 0
Max_H1_P58 0
Max_H1_P59 3.72793e-10
Max_H1_P60 2.95223e-10
Max_H1_P61 -1.18632e-10
Max_H1_P62 -2.09525e-10
Max_H1_P63 0
Max_H1_P64 0
Max_H1_P65 0
Max_H1_P66 0
Max_H1_P67 1.56151e-10
Max_H1_P68 0
Max_H1_P69 -1.4426e-11
Max_H1_P70 0
Max_H1_P71 0
Max_H1_P72 0
Max_H1_P73 0
Max_H1_P74 0
Max_H1_P75 0
Max_H1_P76 0
Max_H1_P77 8.20499e-11
Max_H1_P78 1.25118e-10
Max_H1_P79 0
Max_H1_P80 -2.09781e-10
Max_H1_P81 0
