
Branch and bound

  Entire solving process        :                           (Time    871.6)
  No feasible solution was found
  Best relaxation cost          :     64864.92 (Node     0) (Time    871.6)
  Lower bound after cuts        :     64864.92
  End lower bound               :     64864.92
  Deepest level reached         : 0
  Deepest real level reached    : 0
  Number of real nodes solved   : 1
  Stopping condition            : enough nodes explored

Problem identification

  Problem                       : <null>
  Machine                       : oslo4.gerad.lan

Solving process summary

  Linear relaxations            :        1
  Column generation iterations  :      191
  Shortest paths solved         :     9649
  Columns generated             :    85705

Instance characteristics

  Resources                     : 3
  Node types                    : no
  Arc types                     : no
  Strong resource windows       : no
  Weak resource windows         : no
  Resource windows (nodes)      : 3
  Resource values (arcs)        : 3
  Values on nodes               : no

  Rows                          : 1214
  Initial columns               : 487
  Tasks                         : 1052
  Strong tasks                  : 743
  Weak tasks                    : 4
  Initial task constraints      : no
  Nodes                         : 1380
  Arc sets                      : 1
  Arcs                          : 48222
  Networks                      : 2
  Models                        : 1

Memory used per module (Megs)

  Parser (reused)               :      9.816
  Networks                      :     40.201
  Column generator              :     17.073
  Master problem                :     11.946
  -----------------
  Total                         :     69.220

Cpu time per module (seconds)

  Parser                        :        0.0
  Preprocessor                  :        0.0
  Lr solver manager             :        0.2
  Column generator              :      294.7
    (Shortest path)             :      271.4
  Master problem                :      576.7
  -------------------
  Total (without b&b)           :      871.5

Real elapsed time (seconds)

  Parser                        :        0.0
  Preprocessor                  :        0.0
  Lr solver manager             :        0.2
  Column generator              :      294.6
    (Shortest path)             :      271.0
  Master problem                :      576.7
  -------------------
  Total (without b&b)           :      871.6
