
Branch and bound

  Entire solving process        :                           (Time   1529.8)
  No feasible solution was found
  Best relaxation cost          :     66791.91 (Node     0) (Time   1529.8)
  Lower bound after cuts        :     66791.91
  End lower bound               :     66791.91
  Deepest level reached         : 0
  Deepest real level reached    : 0
  Number of real nodes solved   : 1
  Stopping condition            : enough nodes explored

Problem identification

  Problem                       : <null>
  Machine                       : oslo1.gerad.lan

Solving process summary

  Linear relaxations            :        1
  Column generation iterations  :      236
  Shortest paths solved         :     5547
  Columns generated             :    65562

Instance characteristics

  Resources                     : 3
  Node types                    : no
  Arc types                     : no
  Strong resource windows       : no
  Weak resource windows         : no
  Resource windows (nodes)      : 3
  Resource values (arcs)        : 3
  Values on nodes               : no

  Rows                          : 1214
  Initial columns               : 2
  Tasks                         : 1052
  Strong tasks                  : 1048
  Weak tasks                    : 4
  Initial task constraints      : no
  Nodes                         : 1380
  Arc sets                      : 1
  Arcs                          : 48222
  Networks                      : 2
  Models                        : 1

Memory used per module (Megs)

  Parser (reused)               :      9.816
  Networks                      :     38.384
  Column generator              :     15.620
  Master problem                :     11.795
  -----------------
  Total                         :     65.799

Cpu time per module (seconds)

  Parser                        :        0.0
  Preprocessor                  :        0.0
  Lr solver manager             :        0.3
  Column generator              :      191.4
    (Shortest path)             :      175.0
  Master problem                :     1338.1
  -------------------
  Total (without b&b)           :     1529.8

Real elapsed time (seconds)

  Parser                        :        0.0
  Preprocessor                  :        0.0
  Lr solver manager             :        0.7
  Column generator              :      191.6
    (Shortest path)             :      174.7
  Master problem                :     1338.1
  -------------------
  Total (without b&b)           :     1530.4
