Cover_T0 52
Cover_T1 -52
Cover_T2 52
Cover_T3 -52
Cover_T4 52
Cover_T5 -52
Cover_T6 52
Cover_T7 -52
Cover_T8 54
Cover_T9 -50
Cover_T10 54
Cover_T11 -50
Cover_T12 54
Cover_T13 -50
Cover_T14 54
Cover_T15 -50
Cover_T16 58
Cover_T17 -50
Cover_T18 60
Cover_T19 -44
Cover_T20 62
Cover_T21 -44
Cover_T22 50
Cover_T23 -40
Cover_T24 60
Cover_T25 -40
Cover_T26 56
Cover_T27 -36
Cover_T28 60
Cover_T29 -36
Cover_T30 50
Cover_T31 -10
Cover_T32 56
Cover_T33 -26
Cover_T34 72
Cover_T35 20
Cover_T36 56
Cover_T37 0
Cover_T38 40
Cover_T39 934
Cover_T40 48
Cover_T41 938
Cover_T42 1018
Cover_T43 948
Cover_T44 1018
Cover_T45 914
Cover_T46 960
Cover_T47 936
Cover_T48 996
Cover_T49 948
Cover_T50 58
Cover_T51 944
Cover_T52 42
Cover_T53 -44
Cover_T54 18
Cover_T55 -24
Cover_T56 4
Cover_T57 -40
Cover_T58 0
Cover_T59 -20
Cover_T60 46
Cover_T61 -4.12294e-10
Cover_T62 26
Cover_T63 12
Cover_T64 6
Cover_T65 14
Cover_T66 1.07268e-09
Cover_T67 -26
Cover_T68 -28
Cover_T69 2
Cover_T70 -8
Cover_T71 8
Cover_T72 -36
Cover_T73 36
Cover_T74 14
Cover_T75 52
Cover_T76 -2
Cover_T77 20
Cover_T78 48
Cover_T79 36
Cover_T80 32
Cover_T81 52
Cover_T82 16
Cover_T83 -4
Cover_T84 50
Cover_T85 12
Cover_T86 34
Cover_T87 -38
Cover_T88 12
Cover_T89 -10
Cover_T90 8
Cover_T91 -32
Cover_T92 -2
Cover_T93 -4
Cover_T94 -30
Cover_T95 1.39468e-10
Cover_T96 -42
Cover_T97 4
Cover_T98 16
Cover_T99 20
Cover_T100 0
Cover_T101 36
Cover_T102 -7.09734e-11
Cover_T103 52
Cover_T104 12
Cover_T105 52
Cover_T106 -4
Cover_T107 -6
Cover_T108 10
Cover_T109 10
Cover_T110 52
Cover_T111 10
Cover_T112 36
Cover_T113 -2
Cover_T114 22
Cover_T115 14
Cover_T116 6
Cover_T117 0
Cover_T118 12
Cover_T119 -42
Cover_T120 8
Cover_T121 -26
Cover_T122 -8
Cover_T123 -12
Cover_T124 -24
Cover_T125 4
Cover_T126 -40
Cover_T127 2
Cover_T128 2
Cover_T129 10
Cover_T130 0
Cover_T131 30
Cover_T132 16
Cover_T133 52
Cover_T134 -4
Cover_T135 10
Cover_T136 4
Cover_T137 14
Cover_T138 -16
Cover_T139 2
Cover_T140 7.16227e-12
Cover_T141 10
Cover_T142 10
Cover_T143 34
Cover_T144 44
Cover_T145 24
Cover_T146 14
Cover_T147 18
Cover_T148 0
Cover_T149 40
Cover_T150 34
Cover_T151 -4
Cover_T152 14
Cover_T153 20
Cover_T154 26
Cover_T155 32
Cover_T156 24
Cover_T157 2
Cover_T158 14
Cover_T159 22
Cover_T160 0
Cover_T161 2
Cover_T162 20
Cover_T163 -4
Cover_T164 -1.39796e-10
Cover_T165 2
Cover_T166 16
Cover_T167 8
Cover_T168 7.11147e-10
Cover_T169 24
Cover_T170 -2.02718e-10
Cover_T171 4
Cover_T172 2
Cover_T173 20
Cover_T174 2
Cover_T175 8
Cover_T176 8
Cover_T177 18
Cover_T178 10
Cover_T179 14
Cover_T180 10
Cover_T181 16
Cover_T182 10
Cover_T183 10
Cover_T184 6
Cover_T185 8
Cover_T186 4
Cover_T187 16
Cover_T188 -6
Cover_T189 4
Cover_T190 -34
Cover_T191 10
Cover_T192 -6
Cover_T193 14
Cover_T194 -5.56838e-10
Cover_T195 42
Cover_T196 -16
Cover_T197 58
Cover_T198 -2
Cover_T199 22
Cover_T200 0
Cover_T201 38
Cover_T202 -6.38082e-10
Cover_T203 22
Cover_T204 -18
Cover_T205 38
Cover_T206 -34
Cover_T207 26
Cover_T208 -4
Cover_T209 16
Cover_T210 -12
Cover_T211 38
Cover_T212 -10
Cover_T213 20
Cover_T214 -12
Cover_T215 44
Cover_T216 -14
Cover_T217 56
Cover_T218 -16
Cover_T219 44
Cover_T220 -24
Cover_T221 62
Cover_T222 -24
Cover_T223 56
Cover_T224 -40
Cover_T225 60
Cover_T226 -36
Cover_T227 66
Cover_T228 -48
Cover_T229 62
Cover_T230 52
Cover_T231 -50
Cover_T232 54
Cover_T233 -50
Cover_T234 52
Cover_T235 -44
Cover_T236 58
Cover_T237 -44
Cover_T238 50
Cover_T239 -48
Cover_T240 44
Cover_T241 -44
Cover_T242 56
Cover_T243 -36
Cover_T244 56
Cover_T245 -14
Cover_T246 46
Cover_T247 -30
Cover_T248 64
Cover_T249 12
Cover_T250 44
Cover_T251 934
Cover_T252 26
Cover_T253 934
Cover_T254 1030
Cover_T255 926
Cover_T256 972
Cover_T257 948
Cover_T258 70
Cover_T259 948
Cover_T260 54
Cover_T261 -40
Cover_T262 30
Cover_T263 -24
Cover_T264 8
Cover_T265 -44
Cover_T266 0
Cover_T267 -28
Cover_T268 1.57924e-10
Cover_T269 -12
Cover_T270 52
Cover_T271 4
Cover_T272 36
Cover_T273 12
Cover_T274 20
Cover_T275 8
Cover_T276 -2.11554e-10
Cover_T277 -40
Cover_T278 -1.77618e-11
Cover_T279 -20
Cover_T280 -18
Cover_T281 2.72342e-10
Cover_T282 -38
Cover_T283 9.32712e-11
Cover_T284 -10
Cover_T285 18
Cover_T286 -30
Cover_T287 42
Cover_T288 14
Cover_T289 22
Cover_T290 52
Cover_T291 50
Cover_T292 24
Cover_T293 6
Cover_T294 46
Cover_T295 -32
Cover_T296 24
Cover_T297 -16
Cover_T298 8
Cover_T299 -50
Cover_T300 0
Cover_T301 -34
Cover_T302 -1.73571e-10
Cover_T303 -18
Cover_T304 2
Cover_T305 -2
Cover_T306 -14
Cover_T307 6
Cover_T308 -30
Cover_T309 6
Cover_T310 -46
Cover_T311 10
Cover_T312 16
Cover_T313 38
Cover_T314 4
Cover_T315 50
Cover_T316 4
Cover_T317 4
Cover_T318 6
Cover_T319 12
Cover_T320 46
Cover_T321 0
Cover_T322 30
Cover_T323 16
Cover_T324 16
Cover_T325 2
Cover_T326 0
Cover_T327 -40
Cover_T328 6
Cover_T329 -24
Cover_T330 2
Cover_T331 -10
Cover_T332 -14
Cover_T333 6
Cover_T334 -30
Cover_T335 0
Cover_T336 -46
Cover_T337 6
Cover_T338 0
Cover_T339 22
Cover_T340 2
Cover_T341 38
Cover_T342 22
Cover_T343 58
Cover_T344 6
Cover_T345 12
Cover_T346 18
Cover_T347 10
Cover_T348 2
Cover_T349 -10
Cover_T350 -20
Cover_T351 12
Cover_T352 0
Cover_T353 12
Cover_T354 18
Cover_T355 24
Cover_T356 0
Cover_T357 12
Cover_T358 38
Cover_T359 0
Cover_T360 26
Cover_T361 20
Cover_T362 6
Cover_T363 -12
Cover_T364 28
Cover_T365 24
Cover_T366 36
Cover_T367 44
Cover_T368 16
Cover_T369 20
Cover_T370 8
Cover_T371 0
Cover_T372 12
Cover_T373 8
Cover_T374 16
Cover_T375 26
Cover_T376 -2
Cover_T377 16
Cover_T378 -2
Cover_T379 2
Cover_T380 -4
Cover_T381 8
Cover_T382 0
Cover_T383 8
Cover_T384 4
Cover_T385 12
Cover_T386 2
Cover_T387 4
Cover_T388 -1.12237e-09
Cover_T389 6
Cover_T390 -4
Cover_T391 6
Cover_T392 0
Cover_T393 4
Cover_T394 -3.67667e-10
Cover_T395 6
Cover_T396 -20
Cover_T397 4
Cover_T398 -40
Cover_T399 3.08987e-10
Cover_T400 -4
Cover_T401 22
Cover_T402 -24
Cover_T403 40
Cover_T404 -6
Cover_T405 58
Cover_T406 -22
Cover_T407 18
Cover_T408 -8
Cover_T409 38
Cover_T410 -1.02771e-09
Cover_T411 22
Cover_T412 -6
Cover_T413 34
Cover_T414 -24
Cover_T415 28
Cover_T416 -40
Cover_T417 20
Cover_T418 -10
Cover_T419 24
Cover_T420 -22
Cover_T421 36
Cover_T422 -16
Cover_T423 48
Cover_T424 -10
Cover_T425 60
Cover_T426 -12
Cover_T427 26
Cover_T428 -12
Cover_T429 56
Cover_T430 -18
Cover_T431 34
Cover_T432 -14
Cover_T433 40
Cover_T434 -14
Cover_T435 30
Cover_T436 -16
Cover_T437 48
Cover_T438 -16
Cover_T439 56
Cover_T440 -18
Cover_T441 54
Cover_T442 -38
Cover_T443 68
Cover_T444 -48
Cover_T445 54
Cover_T446 -40
Cover_T447 66
Cover_T448 -40
Cover_T449 56
Cover_T450 -38
Cover_T451 56
Cover_T452 -34
Cover_T453 52
Cover_T454 -20
Cover_T455 72
Cover_T456 12
Cover_T457 56
Cover_T458 938
Cover_T459 52
Cover_T460 934
Cover_T461 1040
Cover_T462 942
Cover_T463 998
Cover_T464 946
Cover_T465 1028
Cover_T466 926
Cover_T467 976
Cover_T468 942
Cover_T469 38
Cover_T470 942
Cover_T471 22
Cover_T472 -44
Cover_T473 6
Cover_T474 -24
Cover_T475 6
Cover_T476 -40
Cover_T477 48
Cover_T478 -20
Cover_T479 26
Cover_T480 -3.10419e-10
Cover_T481 6
Cover_T482 12
Cover_T483 6
Cover_T484 8
Cover_T485 -8
Cover_T486 -44
Cover_T487 -24
Cover_T488 -28
Cover_T489 -40
Cover_T490 -12
Cover_T491 -8
Cover_T492 4
Cover_T493 -24
Cover_T494 0
Cover_T495 -40
Cover_T496 14
Cover_T497 16
Cover_T498 30
Cover_T499 0
Cover_T500 46
Cover_T501 50
Cover_T502 14
Cover_T503 34
Cover_T504 30
Cover_T505 18
Cover_T506 46
Cover_T507 52
Cover_T508 -10
Cover_T509 36
Cover_T510 6
Cover_T511 20
Cover_T512 -44
Cover_T513 4
Cover_T514 -26
Cover_T515 8
Cover_T516 -6
Cover_T517 6
Cover_T518 -36
Cover_T519 -14
Cover_T520 -16
Cover_T521 -34
Cover_T522 4
Cover_T523 -38
Cover_T524 0
Cover_T525 16
Cover_T526 1.58537e-09
Cover_T527 1.03348e-10
Cover_T528 16
Cover_T529 0
Cover_T530 32
Cover_T531 12
Cover_T532 48
Cover_T533 -4
Cover_T534 48
Cover_T535 10
Cover_T536 -10
Cover_T537 52
Cover_T538 6
Cover_T539 36
Cover_T540 6
Cover_T541 16
Cover_T542 6
Cover_T543 10
Cover_T544 4
Cover_T545 -6
Cover_T546 -26
Cover_T547 -34
Cover_T548 2
Cover_T549 -2.15518e-10
Cover_T550 2
Cover_T551 2
Cover_T552 6
Cover_T553 22
Cover_T554 26
Cover_T555 6
Cover_T556 42
Cover_T557 18
Cover_T558 58
Cover_T559 2
Cover_T560 12
Cover_T561 -14
Cover_T562 10
Cover_T563 10
Cover_T564 -10
Cover_T565 0
Cover_T566 10
Cover_T567 18
Cover_T568 20
Cover_T569 12
Cover_T570 6
Cover_T571 2
Cover_T572 14
Cover_T573 -10
Cover_T574 30
Cover_T575 40
Cover_T576 50
Cover_T577 28
Cover_T578 16
Cover_T579 16
Cover_T580 26
Cover_T581 0
Cover_T582 2
Cover_T583 0
Cover_T584 22
Cover_T585 38
Cover_T586 42
Cover_T587 22
Cover_T588 -4
Cover_T589 38
Cover_T590 4
Cover_T591 28
Cover_T592 24
Cover_T593 38
Cover_T594 40
Cover_T595 14
Cover_T596 0
Cover_T597 4
Cover_T598 16
Cover_T599 20
Cover_T600 -2.42839e-10
Cover_T601 0
Cover_T602 -2
Cover_T603 4
Cover_T604 8
Cover_T605 0
Cover_T606 22
Cover_T607 8
Cover_T608 2
Cover_T609 0
Cover_T610 22
Cover_T611 6
Cover_T612 16
Cover_T613 8
Cover_T614 20
Cover_T615 8
Cover_T616 16
Cover_T617 6
Cover_T618 18
Cover_T619 8
Cover_T620 12
Cover_T621 6
Cover_T622 10
Cover_T623 6
Cover_T624 10
Cover_T625 -10
Cover_T626 8
Cover_T627 -36
Cover_T628 10
Cover_T629 2.02092e-10
Cover_T630 8
Cover_T631 -20
Cover_T632 6
Cover_T633 -6
Cover_T634 28
Cover_T635 -2.43764e-10
Cover_T636 62
Cover_T637 -4
Cover_T638 36
Cover_T639 -22
Cover_T640 28
Cover_T641 -4
Cover_T642 28
Cover_T643 -14
Cover_T644 24
Cover_T645 -6
Cover_T646 42
Cover_T647 -10
Cover_T648 72
Cover_T649 -14
Cover_T650 48
Cover_T651 -12
Cover_T652 64
Cover_T653 -14
Cover_T654 52
Cover_T655 -22
Cover_T656 58
Cover_T657 -22
Cover_T658 52
Cover_T659 -30
Cover_T660 54
Cover_T661 -18
Cover_T662 66
Cover_T663 -36
Cover_T664 52
Cover_T665 -36
Cover_T666 64
Cover_T667 -48
Cover_T668 56
Cover_T669 -48
Cover_T670 30
Cover_T671 4
Cover_T672 22
Cover_T673 8
Cover_T674 16
Cover_T675 6
Cover_T676 30
Cover_T677 32
Cover_T678 8
Cover_T679 68
Cover_T680 0
Cover_T681 46
Cover_T682 18
Cover_T683 972
Cover_T684 988
Cover_T685 974
Cover_T686 1022
Cover_T687 990
Cover_T688 980
Cover_T689 976
Cover_T690 996
Cover_T691 974
Cover_T692 58
Cover_T693 0
Cover_T694 52
Cover_T695 -16
Cover_T696 32
Cover_T697 58
Cover_T698 4
Cover_T699 56
Cover_T700 -24
Cover_T701 64
Cover_T702 28
Cover_T703 6
Cover_T704 0
Cover_T705 30
Cover_T706 0
Cover_T707 54
Cover_T708 30
Cover_T709 74
Cover_T710 24
Cover_T711 14
Cover_T712 72
Cover_T713 30
Cover_T714 62
Cover_T715 36
Cover_T716 58
Cover_T717 0
Cover_T718 38
Cover_T719 0
Cover_T720 10
Cover_T721 -28
Cover_T722 0
Cover_T723 -8
Cover_T724 -20
Cover_T725 36
Cover_T726 0
Cover_T727 30
Cover_T728 52
Cover_T729 32
Cover_T730 58
Cover_T731 62
Cover_T732 54
Cover_T733 36
Cover_T734 46
Count_D0 -984
Count_D1 -1000
Max_H0_P0 0
Max_H0_P1 0
Max_H0_P2 0
Max_H0_P3 0
Max_H0_P4 0
Max_H0_P5 0
Max_H0_P6 0
Max_H0_P7 0
Max_H0_P8 0
Max_H0_P9 0
Max_H0_P10 0
Max_H0_P11 0
Max_H0_P12 0
Max_H0_P13 0
Max_H0_P14 0
Max_H0_P15 0
Max_H0_P16 -3.89224e-11
Max_H0_P17 2.22171e-11
Max_H0_P18 6.59863e-11
Max_H0_P19 5.77111e-11
Max_H0_P20 8.15692e-11
Max_H0_P21 9.14042e-11
Max_H0_P22 1.02492e-11
Max_H0_P23 -9.06857e-11
Max_H0_P24 -2.39779e-11
Max_H0_P25 -2.71913e-11
Max_H0_P26 -4.90438e-11
Max_H0_P27 -5.72578e-11
Max_H0_P28 -5.77345e-11
Max_H0_P29 -4.31442e-11
Max_H0_P30 1.02446e-11
Max_H0_P31 -6.07262e-11
Max_H0_P32 3.05915e-11
Max_H0_P33 -5.21228e-11
Max_H0_P34 -1.00341e-10
Max_H0_P35 7.59868e-11
Max_H0_P36 -8.2597e-11
Max_H0_P37 -3.42787e-11
Max_H0_P38 -1.52953e-11
Max_H0_P39 -5.52665e-11
Max_H0_P40 -6.52868e-11
Max_H0_P41 0
Max_H0_P42 0
Max_H0_P43 0
Max_H0_P44 0
Max_H0_P45 0
Max_H0_P46 0
Max_H0_P47 0
Max_H0_P48 0
Max_H0_P49 0
Max_H0_P50 0
Max_H0_P51 0
Max_H0_P52 0
Max_H0_P53 0
Max_H0_P54 0
Max_H0_P55 0
Max_H0_P56 0
Max_H0_P57 0
Max_H0_P58 0
Max_H0_P59 0
Max_H0_P60 1.27791e-11
Max_H0_P61 0
Max_H0_P62 0
Max_H0_P63 0
Max_H0_P64 0
Max_H0_P65 0
Max_H0_P66 0
Max_H0_P67 0
Max_H0_P68 0
Max_H0_P69 0
Max_H0_P70 0
Max_H0_P71 0
Max_H0_P72 0
Max_H0_P73 0
Max_H0_P74 0
Max_H0_P75 0
Max_H0_P76 0
Max_H0_P77 4.26328e-12
Max_H0_P78 0
Max_H0_P79 0
Max_H0_P80 0
Max_H0_P81 0
Max_H1_P0 0
Max_H1_P1 0
Max_H1_P2 0
Max_H1_P3 0
Max_H1_P4 0
Max_H1_P5 4.5933e-11
Max_H1_P6 0
Max_H1_P7 -4.37046e-11
Max_H1_P8 0
Max_H1_P9 3.21162e-10
Max_H1_P10 0
Max_H1_P11 0
Max_H1_P12 0
Max_H1_P13 0
Max_H1_P14 0
Max_H1_P15 0
Max_H1_P16 4.11993e-11
Max_H1_P17 1.48492e-11
Max_H1_P18 7.36964e-12
Max_H1_P19 1.69731e-12
Max_H1_P20 4.21636e-11
Max_H1_P21 7.3431e-11
Max_H1_P22 9.18264e-11
Max_H1_P23 -8.6156e-11
Max_H1_P24 -3.6291e-11
Max_H1_P25 -2.55423e-11
Max_H1_P26 -1.15052e-10
Max_H1_P27 -4.86899e-11
Max_H1_P28 -5.16915e-11
Max_H1_P29 -3.19198e-11
Max_H1_P30 4.75694e-11
Max_H1_P31 4.9996e-11
Max_H1_P32 -8.33538e-11
Max_H1_P33 -3.12639e-13
Max_H1_P34 -4.0429e-11
Max_H1_P35 -7.2089e-11
Max_H1_P36 -7.06442e-11
Max_H1_P37 -8.48166e-11
Max_H1_P38 -4.78217e-11
Max_H1_P39 1.36913e-11
Max_H1_P40 -9.112e-11
Max_H1_P41 -2.02807e-11
Max_H1_P42 7.34834e-11
Max_H1_P43 0
Max_H1_P44 0
Max_H1_P45 0
Max_H1_P46 0
Max_H1_P47 0
Max_H1_P48 0
Max_H1_P49 0
Max_H1_P50 0
Max_H1_P51 0
Max_H1_P52 -1.12744e-11
Max_H1_P53 -5.54496e-11
Max_H1_P54 -6.46878e-11
Max_H1_P55 1.35259e-10
Max_H1_P56 0
Max_H1_P57 0
Max_H1_P58 1.36382e-10
Max_H1_P59 -1.52015e-10
Max_H1_P60 0
Max_H1_P61 0
Max_H1_P62 2.19558e-11
Max_H1_P63 -1.11175e-10
Max_H1_P64 0
Max_H1_P65 0
Max_H1_P66 0
Max_H1_P67 0
Max_H1_P68 0
Max_H1_P69 0
Max_H1_P70 0
Max_H1_P71 0
Max_H1_P72 0
Max_H1_P73 0
Max_H1_P74 0
Max_H1_P75 0
Max_H1_P76 0
Max_H1_P77 1.07661e-11
Max_H1_P78 7.79745e-11
Max_H1_P79 0
Max_H1_P80 0
Max_H1_P81 0
