
Branch and bound

  Entire solving process        :                           (Time    118.1)
  No feasible solution was found
  Best relaxation cost          :     42853.17 (Node     0) (Time    118.1)
  Lower bound after cuts        :     42853.17
  End lower bound               :     42853.17
  Deepest level reached         : 0
  Deepest real level reached    : 0
  Number of real nodes solved   : 1
  Stopping condition            : enough nodes explored

Problem identification

  Problem                       : <null>
  Machine                       : oslo4.gerad.lan

Solving process summary

  Linear relaxations            :        1
  Column generation iterations  :      114
  Shortest paths solved         :     8186
  Columns generated             :    45774

Instance characteristics

  Resources                     : 3
  Node types                    : no
  Arc types                     : no
  Strong resource windows       : no
  Weak resource windows         : no
  Resource windows (nodes)      : 3
  Resource values (arcs)        : 3
  Values on nodes               : no

  Rows                          : 901
  Initial columns               : 351
  Tasks                         : 739
  Strong tasks                  : 534
  Weak tasks                    : 4
  Initial task constraints      : no
  Nodes                         : 1067
  Arc sets                      : 1
  Arcs                          : 25551
  Networks                      : 2
  Models                        : 1

Memory used per module (Megs)

  Parser (reused)               :      5.456
  Networks                      :     30.029
  Column generator              :      6.418
  Master problem                :      9.096
  -----------------
  Total                         :     45.542

Cpu time per module (seconds)

  Parser                        :        0.0
  Preprocessor                  :        0.0
  Lr solver manager             :        0.1
  Column generator              :       52.9
    (Shortest path)             :       45.5
  Master problem                :       65.1
  -------------------
  Total (without b&b)           :      118.1

Real elapsed time (seconds)

  Parser                        :        0.0
  Preprocessor                  :        0.0
  Lr solver manager             :        0.1
  Column generator              :       53.0
    (Shortest path)             :       45.6
  Master problem                :       65.0
  -------------------
  Total (without b&b)           :      118.1
