
Branch and bound

  Entire solving process        :                           (Time     95.7)
  No feasible solution was found
  Best relaxation cost          :     50200.48 (Node     0) (Time     95.6)
  Lower bound after cuts        :     50200.48
  End lower bound               :     50200.48
  Deepest level reached         : 0
  Deepest real level reached    : 0
  Number of real nodes solved   : 1
  Stopping condition            : enough nodes explored

Problem identification

  Problem                       : <null>
  Machine                       : oslo2.gerad.lan

Solving process summary

  Linear relaxations            :        1
  Column generation iterations  :      113
  Shortest paths solved         :     7015
  Columns generated             :    44486

Instance characteristics

  Resources                     : 3
  Node types                    : no
  Arc types                     : no
  Strong resource windows       : no
  Weak resource windows         : no
  Resource windows (nodes)      : 3
  Resource values (arcs)        : 3
  Values on nodes               : no

  Rows                          : 885
  Initial columns               : 379
  Tasks                         : 723
  Strong tasks                  : 486
  Weak tasks                    : 4
  Initial task constraints      : no
  Nodes                         : 1051
  Arc sets                      : 1
  Arcs                          : 24905
  Networks                      : 2
  Models                        : 1

Memory used per module (Megs)

  Parser (reused)               :      5.335
  Networks                      :     28.213
  Column generator              :      5.570
  Master problem                :      8.763
  -----------------
  Total                         :     42.546

Cpu time per module (seconds)

  Parser                        :        0.0
  Preprocessor                  :        0.0
  Lr solver manager             :        0.1
  Column generator              :       37.1
    (Shortest path)             :       29.7
  Master problem                :       58.5
  -------------------
  Total (without b&b)           :       95.6

Real elapsed time (seconds)

  Parser                        :        0.0
  Preprocessor                  :        0.0
  Lr solver manager             :        0.0
  Column generator              :       37.2
    (Shortest path)             :       29.9
  Master problem                :       58.5
  -------------------
  Total (without b&b)           :       95.8
