
Branch and bound

  Entire solving process        :                           (Time    596.5)
  No feasible solution was found
  Best relaxation cost          :     71163.44 (Node     0) (Time    596.5)
  Lower bound after cuts        :     71163.44
  End lower bound               :     71163.44
  Deepest level reached         : 0
  Deepest real level reached    : 0
  Number of real nodes solved   : 1
  Stopping condition            : enough nodes explored

Problem identification

  Problem                       : <null>
  Machine                       : oslo4.gerad.lan

Solving process summary

  Linear relaxations            :        1
  Column generation iterations  :      133
  Shortest paths solved         :     4340
  Columns generated             :    54885

Instance characteristics

  Resources                     : 3
  Node types                    : no
  Arc types                     : no
  Strong resource windows       : no
  Weak resource windows         : no
  Resource windows (nodes)      : 3
  Resource values (arcs)        : 3
  Values on nodes               : no

  Rows                          : 1250
  Initial columns               : 2
  Tasks                         : 1088
  Strong tasks                  : 1084
  Weak tasks                    : 4
  Initial task constraints      : no
  Nodes                         : 1416
  Arc sets                      : 1
  Arcs                          : 51756
  Networks                      : 2
  Models                        : 1

Memory used per module (Megs)

  Parser (reused)               :     10.542
  Networks                      :     38.990
  Column generator              :     19.253
  Master problem                :     12.037
  -----------------
  Total                         :     70.279

Cpu time per module (seconds)

  Parser                        :        0.0
  Preprocessor                  :        0.0
  Lr solver manager             :        0.1
  Column generator              :      201.0
    (Shortest path)             :      188.5
  Master problem                :      395.3
  -------------------
  Total (without b&b)           :      596.5

Real elapsed time (seconds)

  Parser                        :        0.0
  Preprocessor                  :        0.0
  Lr solver manager             :        0.1
  Column generator              :      201.0
    (Shortest path)             :      188.5
  Master problem                :      395.4
  -------------------
  Total (without b&b)           :      596.5
