Cover_T0 52
Cover_T1 -52
Cover_T2 52
Cover_T3 -52
Cover_T4 52
Cover_T5 -52
Cover_T6 52
Cover_T7 -52
Cover_T8 52
Cover_T9 -52
Cover_T10 52
Cover_T11 -52
Cover_T12 52
Cover_T13 -52
Cover_T14 52
Cover_T15 -52
Cover_T16 52
Cover_T17 -52
Cover_T18 52
Cover_T19 -52
Cover_T20 52
Cover_T21 -50
Cover_T22 52
Cover_T23 -50
Cover_T24 56
Cover_T25 -50
Cover_T26 52
Cover_T27 -46
Cover_T28 56
Cover_T29 -46
Cover_T30 56
Cover_T31 -46
Cover_T32 58
Cover_T33 -40
Cover_T34 62
Cover_T35 -40
Cover_T36 60
Cover_T37 -30
Cover_T38 54
Cover_T39 -42
Cover_T40 58
Cover_T41 -30
Cover_T42 60
Cover_T43 -34
Cover_T44 44
Cover_T45 0
Cover_T46 1000
Cover_T47 966
Cover_T48 980
Cover_T49 966
Cover_T50 980
Cover_T51 950
Cover_T52 956
Cover_T53 972
Cover_T54 1034
Cover_T55 972
Cover_T56 986
Cover_T57 26
Cover_T58 34
Cover_T59 38
Cover_T60 38
Cover_T61 40
Cover_T62 50
Cover_T63 62
Cover_T64 14
Cover_T65 -16
Cover_T66 20
Cover_T67 -2
Cover_T68 14
Cover_T69 -10
Cover_T70 8.52154e-11
Cover_T71 -18
Cover_T72 0
Cover_T73 -2
Cover_T74 10
Cover_T75 -4
Cover_T76 14
Cover_T77 4
Cover_T78 4
Cover_T79 20
Cover_T80 18
Cover_T81 12
Cover_T82 10
Cover_T83 2
Cover_T84 6
Cover_T85 -4
Cover_T86 6
Cover_T87 6
Cover_T88 -8
Cover_T89 -8
Cover_T90 -24
Cover_T91 0
Cover_T92 -40
Cover_T93 4
Cover_T94 -8
Cover_T95 4
Cover_T96 -24
Cover_T97 18
Cover_T98 -40
Cover_T99 34
Cover_T100 20
Cover_T101 50
Cover_T102 4
Cover_T103 18
Cover_T104 -12
Cover_T105 34
Cover_T106 20
Cover_T107 50
Cover_T108 4
Cover_T109 -10
Cover_T110 -12
Cover_T111 6
Cover_T112 20
Cover_T113 22
Cover_T114 4
Cover_T115 -10
Cover_T116 -12
Cover_T117 6
Cover_T118 20
Cover_T119 22
Cover_T120 4
Cover_T121 -10
Cover_T122 10
Cover_T123 6
Cover_T124 20
Cover_T125 22
Cover_T126 8
Cover_T127 -4
Cover_T128 8
Cover_T129 2
Cover_T130 0
Cover_T131 0
Cover_T132 4
Cover_T133 -1.6896e-11
Cover_T134 -20
Cover_T135 8
Cover_T136 -44
Cover_T137 -4
Cover_T138 8
Cover_T139 12
Cover_T140 12
Cover_T141 32
Cover_T142 20
Cover_T143 52
Cover_T144 1.25603e-10
Cover_T145 5.03029e-11
Cover_T146 8
Cover_T147 0
Cover_T148 2.71874e-10
Cover_T149 -1.14331e-10
Cover_T150 -28
Cover_T151 5.50884e-11
Cover_T152 -40
Cover_T153 8
Cover_T154 -48
Cover_T155 36
Cover_T156 -44
Cover_T157 52
Cover_T158 -26
Cover_T159 52
Cover_T160 -42
Cover_T161 54
Cover_T162 16
Cover_T163 44
Cover_T164 -2.67391e-10
Cover_T165 26
Cover_T166 0
Cover_T167 50
Cover_T168 18
Cover_T169 64
Cover_T170 4
Cover_T171 16
Cover_T172 18
Cover_T173 22
Cover_T174 4
Cover_T175 8
Cover_T176 6
Cover_T177 30
Cover_T178 6
Cover_T179 20
Cover_T180 -4
Cover_T181 24
Cover_T182 4.88567e-10
Cover_T183 34
Cover_T184 -28
Cover_T185 26
Cover_T186 -14
Cover_T187 36
Cover_T188 -4
Cover_T189 34
Cover_T190 -10
Cover_T191 54
Cover_T192 -24
Cover_T193 40
Cover_T194 -26
Cover_T195 34
Cover_T196 -18
Cover_T197 34
Cover_T198 -38
Cover_T199 44
Cover_T200 -22
Cover_T201 42
Cover_T202 -22
Cover_T203 36
Cover_T204 -22
Cover_T205 54
Cover_T206 -24
Cover_T207 42
Cover_T208 -30
Cover_T209 28
Cover_T210 -42
Cover_T211 38
Cover_T212 -28
Cover_T213 40
Cover_T214 -36
Cover_T215 54
Cover_T216 -32
Cover_T217 48
Cover_T218 -28
Cover_T219 32
Cover_T220 -32
Cover_T221 50
Cover_T222 -46
Cover_T223 44
Cover_T224 -28
Cover_T225 40
Cover_T226 -30
Cover_T227 46
Cover_T228 -32
Cover_T229 42
Cover_T230 -36
Cover_T231 46
Cover_T232 -32
Cover_T233 52
Cover_T234 -40
Cover_T235 60
Cover_T236 -38
Cover_T237 52
Cover_T238 -44
Cover_T239 66
Cover_T240 -44
Cover_T241 60
Cover_T242 -50
Cover_T243 60
Cover_T244 52
Cover_T245 -52
Cover_T246 52
Cover_T247 -52
Cover_T248 54
Cover_T249 -50
Cover_T250 52
Cover_T251 -50
Cover_T252 56
Cover_T253 -50
Cover_T254 52
Cover_T255 -46
Cover_T256 54
Cover_T257 -46
Cover_T258 60
Cover_T259 -42
Cover_T260 58
Cover_T261 -42
Cover_T262 46
Cover_T263 -42
Cover_T264 58
Cover_T265 -34
Cover_T266 54
Cover_T267 -36
Cover_T268 50
Cover_T269 2
Cover_T270 992
Cover_T271 970
Cover_T272 992
Cover_T273 962
Cover_T274 986
Cover_T275 962
Cover_T276 968
Cover_T277 948
Cover_T278 956
Cover_T279 946
Cover_T280 956
Cover_T281 972
Cover_T282 998
Cover_T283 24
Cover_T284 22
Cover_T285 32
Cover_T286 14
Cover_T287 38
Cover_T288 38
Cover_T289 50
Cover_T290 38
Cover_T291 52
Cover_T292 52
Cover_T293 66
Cover_T294 26
Cover_T295 -16
Cover_T296 14
Cover_T297 -8
Cover_T298 18
Cover_T299 -12
Cover_T300 12
Cover_T301 -16
Cover_T302 -18
Cover_T303 -14
Cover_T304 0
Cover_T305 -2
Cover_T306 14
Cover_T307 18
Cover_T308 0
Cover_T309 5.63496e-11
Cover_T310 12
Cover_T311 4
Cover_T312 4
Cover_T313 -2
Cover_T314 -3.52815e-12
Cover_T315 8
Cover_T316 0
Cover_T317 -6
Cover_T318 -14
Cover_T319 2
Cover_T320 -30
Cover_T321 6
Cover_T322 -46
Cover_T323 6
Cover_T324 -14
Cover_T325 20
Cover_T326 -30
Cover_T327 36
Cover_T328 -46
Cover_T329 52
Cover_T330 14
Cover_T331 20
Cover_T332 -2
Cover_T333 36
Cover_T334 -18
Cover_T335 52
Cover_T336 14
Cover_T337 -8
Cover_T338 -2
Cover_T339 8
Cover_T340 -18
Cover_T341 24
Cover_T342 14
Cover_T343 -8
Cover_T344 -2
Cover_T345 8
Cover_T346 -18
Cover_T347 24
Cover_T348 14
Cover_T349 -8
Cover_T350 4
Cover_T351 8
Cover_T352 4
Cover_T353 24
Cover_T354 14
Cover_T355 -8
Cover_T356 2
Cover_T357 2
Cover_T358 14
Cover_T359 2
Cover_T360 -2
Cover_T361 -8
Cover_T362 2
Cover_T363 4
Cover_T364 18
Cover_T365 -8
Cover_T366 2
Cover_T367 8
Cover_T368 -10
Cover_T369 4
Cover_T370 -32
Cover_T371 -4.12061e-10
Cover_T372 12
Cover_T373 24
Cover_T374 8
Cover_T375 52
Cover_T376 8
Cover_T377 8
Cover_T378 0
Cover_T379 6
Cover_T380 5.86198e-11
Cover_T381 -2
Cover_T382 -10
Cover_T383 -1.60014e-11
Cover_T384 -30
Cover_T385 0
Cover_T386 -50
Cover_T387 10
Cover_T388 -34
Cover_T389 30
Cover_T390 -32
Cover_T391 42
Cover_T392 -26
Cover_T393 54
Cover_T394 20
Cover_T395 56
Cover_T396 0
Cover_T397 62
Cover_T398 14
Cover_T399 2
Cover_T400 0
Cover_T401 20
Cover_T402 18
Cover_T403 32
Cover_T404 14
Cover_T405 16
Cover_T406 14
Cover_T407 30
Cover_T408 -8
Cover_T409 14
Cover_T410 -4
Cover_T411 14
Cover_T412 -10
Cover_T413 20
Cover_T414 -10
Cover_T415 20
Cover_T416 -4
Cover_T417 36
Cover_T418 -10
Cover_T419 48
Cover_T420 -20
Cover_T421 42
Cover_T422 -18
Cover_T423 26
Cover_T424 -22
Cover_T425 38
Cover_T426 -20
Cover_T427 48
Cover_T428 -22
Cover_T429 48
Cover_T430 -22
Cover_T431 34
Cover_T432 -34
Cover_T433 34
Cover_T434 -28
Cover_T435 28
Cover_T436 -32
Cover_T437 36
Cover_T438 -28
Cover_T439 30
Cover_T440 -30
Cover_T441 34
Cover_T442 -30
Cover_T443 52
Cover_T444 -46
Cover_T445 44
Cover_T446 -36
Cover_T447 44
Cover_T448 -28
Cover_T449 40
Cover_T450 -28
Cover_T451 56
Cover_T452 -38
Cover_T453 46
Cover_T454 -28
Cover_T455 38
Cover_T456 -28
Cover_T457 40
Cover_T458 -32
Cover_T459 46
Cover_T460 -42
Cover_T461 60
Cover_T462 -32
Cover_T463 44
Cover_T464 -38
Cover_T465 50
Cover_T466 -32
Cover_T467 42
Cover_T468 -38
Cover_T469 58
Cover_T470 -32
Cover_T471 40
Cover_T472 -32
Cover_T473 48
Cover_T474 -40
Cover_T475 54
Cover_T476 -34
Cover_T477 60
Cover_T478 -36
Cover_T479 58
Cover_T480 -46
Cover_T481 64
Cover_T482 -44
Cover_T483 60
Cover_T484 -50
Cover_T485 58
Cover_T486 54
Cover_T487 -48
Cover_T488 58
Cover_T489 -42
Cover_T490 60
Cover_T491 -40
Cover_T492 58
Cover_T493 -32
Cover_T494 54
Cover_T495 -44
Cover_T496 56
Cover_T497 -32
Cover_T498 58
Cover_T499 -32
Cover_T500 54
Cover_T501 4
Cover_T502 1006
Cover_T503 968
Cover_T504 994
Cover_T505 964
Cover_T506 978
Cover_T507 952
Cover_T508 960
Cover_T509 976
Cover_T510 1044
Cover_T511 976
Cover_T512 1026
Cover_T513 978
Cover_T514 1038
Cover_T515 980
Cover_T516 1004
Cover_T517 32
Cover_T518 30
Cover_T519 44
Cover_T520 30
Cover_T521 56
Cover_T522 48
Cover_T523 68
Cover_T524 10
Cover_T525 -10
Cover_T526 0
Cover_T527 2
Cover_T528 -6
Cover_T529 -10
Cover_T530 4
Cover_T531 -12
Cover_T532 12
Cover_T533 -10
Cover_T534 0
Cover_T535 2
Cover_T536 8
Cover_T537 -4
Cover_T538 2
Cover_T539 0
Cover_T540 20
Cover_T541 12
Cover_T542 8
Cover_T543 24
Cover_T544 4
Cover_T545 12
Cover_T546 2
Cover_T547 2
Cover_T548 2
Cover_T549 -4
Cover_T550 -12
Cover_T551 6
Cover_T552 -28
Cover_T553 -8
Cover_T554 -44
Cover_T555 -2.01901e-11
Cover_T556 -12
Cover_T557 4
Cover_T558 -28
Cover_T559 4
Cover_T560 -44
Cover_T561 16
Cover_T562 20
Cover_T563 28
Cover_T564 8
Cover_T565 40
Cover_T566 -4
Cover_T567 52
Cover_T568 -16
Cover_T569 16
Cover_T570 20
Cover_T571 28
Cover_T572 8
Cover_T573 40
Cover_T574 -4
Cover_T575 52
Cover_T576 -16
Cover_T577 -12
Cover_T578 20
Cover_T579 -1.1411e-10
Cover_T580 8
Cover_T581 12
Cover_T582 -4
Cover_T583 24
Cover_T584 -16
Cover_T585 -12
Cover_T586 20
Cover_T587 6.49294e-11
Cover_T588 8
Cover_T589 12
Cover_T590 2
Cover_T591 24
Cover_T592 6
Cover_T593 -12
Cover_T594 20
Cover_T595 1.11413e-11
Cover_T596 8
Cover_T597 12
Cover_T598 -1.15338e-11
Cover_T599 24
Cover_T600 16
Cover_T601 -10
Cover_T602 0
Cover_T603 0
Cover_T604 4
Cover_T605 0
Cover_T606 20
Cover_T607 -10
Cover_T608 4
Cover_T609 2
Cover_T610 -8
Cover_T611 -10
Cover_T612 -24
Cover_T613 6
Cover_T614 -40
Cover_T615 2
Cover_T616 16
Cover_T617 -14
Cover_T618 0
Cover_T619 2
Cover_T620 8
Cover_T621 14
Cover_T622 20
Cover_T623 30
Cover_T624 4
Cover_T625 46
Cover_T626 -3.41629e-11
Cover_T627 -10
Cover_T628 0
Cover_T629 6
Cover_T630 4
Cover_T631 -1.85594e-11
Cover_T632 -16
Cover_T633 -8
Cover_T634 -36
Cover_T635 0
Cover_T636 -40
Cover_T637 4
Cover_T638 -40
Cover_T639 4
Cover_T640 -34
Cover_T641 24
Cover_T642 -20
Cover_T643 40
Cover_T644 -32
Cover_T645 58
Cover_T646 -44
Cover_T647 54
Cover_T648 18
Cover_T649 46
Cover_T650 6
Cover_T651 54
Cover_T652 2
Cover_T653 44
Cover_T654 0
Cover_T655 64
Cover_T656 20
Cover_T657 44
Cover_T658 8
Cover_T659 48
Cover_T660 -2
Cover_T661 70
Cover_T662 18
Cover_T663 18
Cover_T664 18
Cover_T665 30
Cover_T666 3.89008e-10
Cover_T667 8
Cover_T668 12
Cover_T669 32
Cover_T670 0
Cover_T671 22
Cover_T672 2
Cover_T673 20
Cover_T674 -18
Cover_T675 28
Cover_T676 -4
Cover_T677 36
Cover_T678 -16
Cover_T679 28
Cover_T680 -8
Cover_T681 26
Cover_T682 -10
Cover_T683 40
Cover_T684 -6
Cover_T685 24
Cover_T686 -10
Cover_T687 38
Cover_T688 -22
Cover_T689 52
Cover_T690 -14
Cover_T691 28
Cover_T692 -26
Cover_T693 46
Cover_T694 -14
Cover_T695 28
Cover_T696 -34
Cover_T697 28
Cover_T698 -20
Cover_T699 44
Cover_T700 -20
Cover_T701 40
Cover_T702 -22
Cover_T703 34
Cover_T704 -22
Cover_T705 52
Cover_T706 -22
Cover_T707 40
Cover_T708 -32
Cover_T709 28
Cover_T710 -34
Cover_T711 36
Cover_T712 -28
Cover_T713 38
Cover_T714 -28
Cover_T715 54
Cover_T716 -32
Cover_T717 34
Cover_T718 -38
Cover_T719 46
Cover_T720 -28
Cover_T721 48
Cover_T722 -36
Cover_T723 36
Cover_T724 -36
Cover_T725 60
Cover_T726 -32
Cover_T727 44
Cover_T728 -32
Cover_T729 46
Cover_T730 -32
Cover_T731 68
Cover_T732 -38
Cover_T733 56
Cover_T734 -34
Cover_T735 60
Cover_T736 -38
Cover_T737 58
Cover_T738 -40
Cover_T739 58
Cover_T740 -44
Cover_T741 66
Cover_T742 -44
Cover_T743 54
Cover_T744 -44
Cover_T745 58
Cover_T746 -50
Cover_T747 52
Cover_T748 4
Cover_T749 0
Cover_T750 20
Cover_T751 -2
Cover_T752 38
Cover_T753 8
Cover_T754 22
Cover_T755 12
Cover_T756 12
Cover_T757 2
Cover_T758 4
Cover_T759 0
Cover_T760 20
Cover_T761 14
Cover_T762 6
Cover_T763 998
Cover_T764 994
Cover_T765 998
Cover_T766 1030
Cover_T767 988
Cover_T768 1006
Cover_T769 1026
Cover_T770 1062
Cover_T771 1006
Cover_T772 1014
Cover_T773 1012
Cover_T774 66
Cover_T775 1014
Cover_T776 58
Cover_T777 24
Cover_T778 82
Cover_T779 0
Cover_T780 46
Cover_T781 14
Cover_T782 34
Cover_T783 -34
Cover_T784 58
Cover_T785 -34
Cover_T786 52
Cover_T787 -30
Cover_T788 52
Cover_T789 -2
Cover_T790 52
Cover_T791 52
Cover_T792 0
Cover_T793 56
Cover_T794 -26
Cover_T795 68
Cover_T796 -16
Cover_T797 44
Cover_T798 28
Cover_T799 50
Cover_T800 12
Cover_T801 54
Cover_T802 34
Cover_T803 72
Cover_T804 34
Cover_T805 70
Cover_T806 60
Cover_T807 52
Cover_T808 50
Cover_T809 66
Cover_T810 58
Cover_T811 0
Cover_T812 36
Cover_T813 20
Cover_T814 20
Cover_T815 0
Cover_T816 42
Cover_T817 0
Cover_T818 32
Cover_T819 -16
Cover_T820 44
Cover_T821 -14
Cover_T822 22
Cover_T823 4
Cover_T824 24
Cover_T825 0
Cover_T826 16
Cover_T827 0
Cover_T828 24
Cover_T829 -4.46434e-10
Cover_T830 28
Cover_T831 0
Cover_T832 28
Cover_T833 16
Cover_T834 26
Cover_T835 16
Cover_T836 26
Count_D0 -984
Count_D1 -1000
Max_H0_P0 0
Max_H0_P1 0
Max_H0_P2 0
Max_H0_P3 0
Max_H0_P4 0
Max_H0_P5 -1.42478e-11
Max_H0_P6 0
Max_H0_P7 0
Max_H0_P8 0
Max_H0_P9 0
Max_H0_P10 0
Max_H0_P11 0
Max_H0_P12 0
Max_H0_P13 0
Max_H0_P14 0
Max_H0_P15 0
Max_H0_P16 0
Max_H0_P17 -9.10425e-12
Max_H0_P18 -2.63753e-11
Max_H0_P19 1.20615e-11
Max_H0_P20 8.3031e-12
Max_H0_P21 1.42393e-11
Max_H0_P22 1.1138e-11
Max_H0_P23 1.14753e-12
Max_H0_P24 -6.82121e-13
Max_H0_P25 -2.54117e-11
Max_H0_P26 -2.21264e-11
Max_H0_P27 1.25686e-11
Max_H0_P28 7.53612e-13
Max_H0_P29 1.18945e-11
Max_H0_P30 0
Max_H0_P31 -4.67293e-12
Max_H0_P32 -1.83853e-11
Max_H0_P33 -3.08233e-11
Max_H0_P34 -1.02141e-14
Max_H0_P35 1.93048e-11
Max_H0_P36 1.42109e-13
Max_H0_P37 -2.05844e-11
Max_H0_P38 -1.86108e-11
Max_H0_P39 6.88694e-12
Max_H0_P40 -2.17906e-12
Max_H0_P41 6.87894e-12
Max_H0_P42 2.22826e-11
Max_H0_P43 0
Max_H0_P44 0
Max_H0_P45 0
Max_H0_P46 0
Max_H0_P47 0
Max_H0_P48 0
Max_H0_P49 0
Max_H0_P50 0
Max_H0_P51 0
Max_H0_P52 0
Max_H0_P53 0
Max_H0_P54 0
Max_H0_P55 0
Max_H0_P56 0
Max_H0_P57 0
Max_H0_P58 0
Max_H0_P59 -4.31884e-12
Max_H0_P60 -4.22568e-12
Max_H0_P61 -3.71703e-12
Max_H0_P62 1.31078e-11
Max_H0_P63 0
Max_H0_P64 0
Max_H0_P65 0
Max_H0_P66 0
Max_H0_P67 0
Max_H0_P68 0
Max_H0_P69 0
Max_H0_P70 0
Max_H0_P71 0
Max_H0_P72 0
Max_H0_P73 0
Max_H0_P74 0
Max_H0_P75 0
Max_H0_P76 0
Max_H0_P77 -1.92311e-11
Max_H0_P78 7.08766e-12
Max_H0_P79 4.54747e-13
Max_H0_P80 0
Max_H0_P81 0
Max_H1_P0 0
Max_H1_P1 0
Max_H1_P2 6.25278e-13
Max_H1_P3 6.71189e-13
Max_H1_P4 0
Max_H1_P5 4.69469e-12
Max_H1_P6 0
Max_H1_P7 -5.27348e-12
Max_H1_P8 0
Max_H1_P9 0
Max_H1_P10 0
Max_H1_P11 0
Max_H1_P12 0
Max_H1_P13 0
Max_H1_P14 0
Max_H1_P15 2.1337e-11
Max_H1_P16 6.93556e-13
Max_H1_P17 3.66374e-12
Max_H1_P18 3.16284e-11
Max_H1_P19 3.49409e-12
Max_H1_P20 1.98335e-11
Max_H1_P21 1.29035e-11
Max_H1_P22 2.6044e-12
Max_H1_P23 1.90954e-11
Max_H1_P24 -1.19053e-11
Max_H1_P25 -9.8046e-12
Max_H1_P26 -2.21999e-11
Max_H1_P27 3.96838e-12
Max_H1_P28 6.05382e-12
Max_H1_P29 -2.14256e-12
Max_H1_P30 -1.99929e-12
Max_H1_P31 -2.66382e-11
Max_H1_P32 -2.02078e-11
Max_H1_P33 -2.00515e-11
Max_H1_P34 -1.90259e-11
Max_H1_P35 1.8902e-11
Max_H1_P36 4.02789e-13
Max_H1_P37 -7.17708e-12
Max_H1_P38 -4.70735e-14
Max_H1_P39 -6.40377e-13
Max_H1_P40 -5.73142e-12
Max_H1_P41 2.07029e-12
Max_H1_P42 2.00089e-11
Max_H1_P43 1.82644e-11
Max_H1_P44 7.53833e-11
Max_H1_P45 0
Max_H1_P46 0
Max_H1_P47 0
Max_H1_P48 0
Max_H1_P49 0
Max_H1_P50 0
Max_H1_P51 0
Max_H1_P52 0
Max_H1_P53 0
Max_H1_P54 0
Max_H1_P55 2.89191e-12
Max_H1_P56 -3.02434e-11
Max_H1_P57 0
Max_H1_P58 0
Max_H1_P59 1.07237e-11
Max_H1_P60 0
Max_H1_P61 0
Max_H1_P62 0
Max_H1_P63 0
Max_H1_P64 0
Max_H1_P65 0
Max_H1_P66 0
Max_H1_P67 0
Max_H1_P68 0
Max_H1_P69 0
Max_H1_P70 0
Max_H1_P71 0
Max_H1_P72 0
Max_H1_P73 0
Max_H1_P74 0
Max_H1_P75 0
Max_H1_P76 0
Max_H1_P77 2.14335e-11
Max_H1_P78 -4.23626e-11
Max_H1_P79 2.0929e-11
Max_H1_P80 -9.91207e-12
Max_H1_P81 0
