
Branch and bound

  Entire solving process        :                           (Time   1427.6)
  No feasible solution was found
  Best relaxation cost          :     57586.51 (Node     0) (Time   1427.6)
  Lower bound after cuts        :     57586.51
  End lower bound               :     57586.51
  Deepest level reached         : 0
  Deepest real level reached    : 0
  Number of real nodes solved   : 1
  Stopping condition            : enough nodes explored

Problem identification

  Problem                       : <null>
  Machine                       : oslo1.gerad.lan

Solving process summary

  Linear relaxations            :        1
  Column generation iterations  :      275
  Shortest paths solved         :     5516
  Columns generated             :    57156

Instance characteristics

  Resources                     : 3
  Node types                    : no
  Arc types                     : no
  Strong resource windows       : no
  Weak resource windows         : no
  Resource windows (nodes)      : 3
  Resource values (arcs)        : 3
  Values on nodes               : no

  Rows                          : 1003
  Initial columns               : 2
  Tasks                         : 841
  Strong tasks                  : 837
  Weak tasks                    : 4
  Initial task constraints      : no
  Nodes                         : 1169
  Arc sets                      : 1
  Arcs                          : 32754
  Networks                      : 2
  Models                        : 1

Memory used per module (Megs)

  Parser (reused)               :      6.910
  Networks                      :     29.666
  Column generator              :     12.593
  Master problem                :      9.776
  -----------------
  Total                         :     52.035

Cpu time per module (seconds)

  Parser                        :        0.0
  Preprocessor                  :        0.0
  Lr solver manager             :        0.3
  Column generator              :       87.9
    (Shortest path)             :       74.9
  Master problem                :     1339.4
  -------------------
  Total (without b&b)           :     1427.6

Real elapsed time (seconds)

  Parser                        :        0.0
  Preprocessor                  :        0.0
  Lr solver manager             :        0.4
  Column generator              :       87.8
    (Shortest path)             :       74.6
  Master problem                :     1339.4
  -------------------
  Total (without b&b)           :     1427.6
