
Branch and bound

  Entire solving process        :                           (Time    239.7)
  No feasible solution was found
  Best relaxation cost          :     57374.50 (Node     0) (Time    239.6)
  Lower bound after cuts        :     57374.50
  End lower bound               :     57377.28
  Deepest level reached         : 0
  Deepest real level reached    : 0
  Number of real nodes solved   : 1
  Stopping condition            : enough nodes explored

Problem identification

  Problem                       : <null>
  Machine                       : oslo4.gerad.lan

Solving process summary

  Linear relaxations            :        1
  Column generation iterations  :      128
  Shortest paths solved         :     6979
  Columns generated             :    51393

Instance characteristics

  Resources                     : 3
  Node types                    : no
  Arc types                     : no
  Strong resource windows       : no
  Weak resource windows         : no
  Resource windows (nodes)      : 3
  Resource values (arcs)        : 3
  Values on nodes               : no

  Rows                          : 1003
  Initial columns               : 408
  Tasks                         : 841
  Strong tasks                  : 594
  Weak tasks                    : 4
  Initial task constraints      : no
  Nodes                         : 1169
  Arc sets                      : 1
  Arcs                          : 32754
  Networks                      : 2
  Models                        : 1

Memory used per module (Megs)

  Parser (reused)               :      6.910
  Networks                      :     32.209
  Column generator              :      7.023
  Master problem                :      9.874
  -----------------
  Total                         :     49.106

Cpu time per module (seconds)

  Parser                        :        0.0
  Preprocessor                  :        0.0
  Lr solver manager             :        0.0
  Column generator              :       60.2
    (Shortest path)             :       50.6
  Master problem                :      179.3
  -------------------
  Total (without b&b)           :      239.6

Real elapsed time (seconds)

  Parser                        :        0.0
  Preprocessor                  :        0.0
  Lr solver manager             :        0.0
  Column generator              :       60.2
    (Shortest path)             :       50.7
  Master problem                :      179.3
  -------------------
  Total (without b&b)           :      239.6
