
Branch and bound

  Entire solving process        :                           (Time    365.6)
  No feasible solution was found
  Best relaxation cost          :     54208.36 (Node     0) (Time    365.6)
  Lower bound after cuts        :     54208.36
  End lower bound               :     54208.36
  Deepest level reached         : 0
  Deepest real level reached    : 0
  Number of real nodes solved   : 1
  Stopping condition            : enough nodes explored

Problem identification

  Problem                       : <null>
  Machine                       : oslo4.gerad.lan

Solving process summary

  Linear relaxations            :        1
  Column generation iterations  :      153
  Shortest paths solved         :     3966
  Columns generated             :    46079

Instance characteristics

  Resources                     : 3
  Node types                    : no
  Arc types                     : no
  Strong resource windows       : no
  Weak resource windows         : no
  Resource windows (nodes)      : 3
  Resource values (arcs)        : 3
  Values on nodes               : no

  Rows                          : 1030
  Initial columns               : 2
  Tasks                         : 868
  Strong tasks                  : 864
  Weak tasks                    : 4
  Initial task constraints      : no
  Nodes                         : 1196
  Arc sets                      : 1
  Arcs                          : 34030
  Networks                      : 2
  Models                        : 1

Memory used per module (Megs)

  Parser (reused)               :      7.152
  Networks                      :     31.240
  Column generator              :     11.140
  Master problem                :     10.169
  -----------------
  Total                         :     52.549

Cpu time per module (seconds)

  Parser                        :        0.0
  Preprocessor                  :        0.0
  Lr solver manager             :        0.1
  Column generator              :       65.3
    (Shortest path)             :       58.1
  Master problem                :      300.1
  -------------------
  Total (without b&b)           :      365.5

Real elapsed time (seconds)

  Parser                        :        0.0
  Preprocessor                  :        0.0
  Lr solver manager             :        0.1
  Column generator              :       65.3
    (Shortest path)             :       57.8
  Master problem                :      300.1
  -------------------
  Total (without b&b)           :      365.5
