Cover_T0 52
Cover_T1 -24
Cover_T2 44
Cover_T3 -24
Cover_T4 36
Cover_T5 -24
Cover_T6 52
Cover_T7 -24
Cover_T8 32
Cover_T9 -32
Cover_T10 32
Cover_T11 -24
Cover_T12 32
Cover_T13 -44
Cover_T14 24
Cover_T15 -24
Cover_T16 24
Cover_T17 -24
Cover_T18 24
Cover_T19 -24
Cover_T20 32
Cover_T21 -24
Cover_T22 32
Cover_T23 -22
Cover_T24 32
Cover_T25 -18
Cover_T26 28
Cover_T27 -22
Cover_T28 32
Cover_T29 -16
Cover_T30 52
Cover_T31 -8
Cover_T32 34
Cover_T33 36
Cover_T34 50
Cover_T35 12
Cover_T36 32
Cover_T37 1068
Cover_T38 1134
Cover_T39 1052
Cover_T40 1138
Cover_T41 1066
Cover_T42 1090
Cover_T43 1052
Cover_T44 1090
Cover_T45 1068
Cover_T46 52
Cover_T47 -38
Cover_T48 26
Cover_T49 -46
Cover_T50 4
Cover_T51 -26
Cover_T52 4
Cover_T53 -36
Cover_T54 6
Cover_T55 -16
Cover_T56 -14
Cover_T57 4
Cover_T58 5.25294e-11
Cover_T59 -7.42695e-12
Cover_T60 18
Cover_T61 18
Cover_T62 -10
Cover_T63 8
Cover_T64 -38
Cover_T65 -10
Cover_T66 -10
Cover_T67 18
Cover_T68 8
Cover_T69 46
Cover_T70 8
Cover_T71 18
Cover_T72 40
Cover_T73 -1.34541e-11
Cover_T74 12
Cover_T75 6.95555e-12
Cover_T76 -16
Cover_T77 -32
Cover_T78 8
Cover_T79 -4
Cover_T80 36
Cover_T81 24
Cover_T82 8
Cover_T83 1.82254e-12
Cover_T84 40
Cover_T85 -28
Cover_T86 12
Cover_T87 1.76062e-10
Cover_T88 -16
Cover_T89 -32
Cover_T90 8
Cover_T91 -4
Cover_T92 28
Cover_T93 24
Cover_T94 -9.47438e-11
Cover_T95 1.36391e-11
Cover_T96 -28
Cover_T97 -20
Cover_T98 -16
Cover_T99 8
Cover_T100 -44
Cover_T101 32
Cover_T102 20
Cover_T103 52
Cover_T104 0
Cover_T105 32
Cover_T106 2
Cover_T107 52
Cover_T108 16
Cover_T109 -12
Cover_T110 -4
Cover_T111 0
Cover_T112 -24
Cover_T113 14
Cover_T114 -1.7743e-10
Cover_T115 16
Cover_T116 -24
Cover_T117 54
Cover_T118 -28
Cover_T119 18
Cover_T120 24
Cover_T121 44
Cover_T122 8
Cover_T123 66
Cover_T124 12
Cover_T125 56
Cover_T126 52
Cover_T127 64
Cover_T128 34
Cover_T129 10
Cover_T130 48
Cover_T131 26
Cover_T132 26
Cover_T133 22
Cover_T134 22
Cover_T135 -6
Cover_T136 0
Cover_T137 -8
Cover_T138 -8
Cover_T139 -6
Cover_T140 -36
Cover_T141 12
Cover_T142 -4
Cover_T143 16
Cover_T144 0
Cover_T145 36
Cover_T146 8
Cover_T147 56
Cover_T148 22
Cover_T149 16
Cover_T150 28
Cover_T151 12
Cover_T152 24
Cover_T153 4
Cover_T154 22
Cover_T155 -20
Cover_T156 0
Cover_T157 -6
Cover_T158 -22
Cover_T159 8
Cover_T160 14
Cover_T161 14
Cover_T162 -22
Cover_T163 50
Cover_T164 18
Cover_T165 14
Cover_T166 8
Cover_T167 36
Cover_T168 8
Cover_T169 -2.50111e-12
Cover_T170 4
Cover_T171 0
Cover_T172 24
Cover_T173 0
Cover_T174 4
Cover_T175 0
Cover_T176 4
Cover_T177 4
Cover_T178 16
Cover_T179 1.69056e-11
Cover_T180 24
Cover_T181 16
Cover_T182 24
Cover_T183 12
Cover_T184 24
Cover_T185 52
Cover_T186 -24
Cover_T187 40
Cover_T188 -24
Cover_T189 28
Cover_T190 -24
Cover_T191 24
Cover_T192 -24
Cover_T193 24
Cover_T194 -24
Cover_T195 24
Cover_T196 -24
Cover_T197 24
Cover_T198 -18
Cover_T199 44
Cover_T200 -20
Cover_T201 24
Cover_T202 -8
Cover_T203 46
Cover_T204 -12
Cover_T205 30
Cover_T206 24
Cover_T207 44
Cover_T208 16
Cover_T209 20
Cover_T210 1052
Cover_T211 1134
Cover_T212 1068
Cover_T213 1090
Cover_T214 1052
Cover_T215 1102
Cover_T216 1068
Cover_T217 52
Cover_T218 -46
Cover_T219 24
Cover_T220 -30
Cover_T221 -4
Cover_T222 -32
Cover_T223 0
Cover_T224 -4
Cover_T225 -18
Cover_T226 0
Cover_T227 5.76561e-12
Cover_T228 -2
Cover_T229 26
Cover_T230 18
Cover_T231 6
Cover_T232 0
Cover_T233 -14
Cover_T234 -26
Cover_T235 -34
Cover_T236 -6
Cover_T237 2
Cover_T238 18
Cover_T239 20
Cover_T240 46
Cover_T241 20
Cover_T242 18
Cover_T243 52
Cover_T244 0
Cover_T245 24
Cover_T246 0
Cover_T247 -4
Cover_T248 -32
Cover_T249 20
Cover_T250 -4
Cover_T251 48
Cover_T252 24
Cover_T253 20
Cover_T254 0
Cover_T255 52
Cover_T256 -28
Cover_T257 24
Cover_T258 1.74885e-10
Cover_T259 -4
Cover_T260 -32
Cover_T261 8
Cover_T262 -4
Cover_T263 40
Cover_T264 24
Cover_T265 12
Cover_T266 1.26459e-11
Cover_T267 -16
Cover_T268 -20
Cover_T269 -44
Cover_T270 8
Cover_T271 -32
Cover_T272 36
Cover_T273 24
Cover_T274 24
Cover_T275 4
Cover_T276 52
Cover_T277 -10
Cover_T278 -4
Cover_T279 -4
Cover_T280 2
Cover_T281 -28
Cover_T282 -12
Cover_T283 -48
Cover_T284 8
Cover_T285 0
Cover_T286 28
Cover_T287 -16
Cover_T288 48
Cover_T289 -36
Cover_T290 2
Cover_T291 -24
Cover_T292 28
Cover_T293 16
Cover_T294 46
Cover_T295 0
Cover_T296 -2
Cover_T297 38
Cover_T298 26
Cover_T299 34
Cover_T300 -10
Cover_T301 10
Cover_T302 -20
Cover_T303 7.81331e-12
Cover_T304 -26
Cover_T305 -1.83945e-10
Cover_T306 -6
Cover_T307 -20
Cover_T308 6.85674e-12
Cover_T309 -40
Cover_T310 4
Cover_T311 -8
Cover_T312 40
Cover_T313 8
Cover_T314 16
Cover_T315 28
Cover_T316 0
Cover_T317 14
Cover_T318 -8
Cover_T319 12
Cover_T320 -14
Cover_T321 22
Cover_T322 -14
Cover_T323 2
Cover_T324 -12
Cover_T325 12
Cover_T326 -22
Cover_T327 -8
Cover_T328 -2
Cover_T329 -32
Cover_T330 -4
Cover_T331 12
Cover_T332 24
Cover_T333 -16
Cover_T334 52
Cover_T335 -44
Cover_T336 8
Cover_T337 4
Cover_T338 32
Cover_T339 4
Cover_T340 52
Cover_T341 4
Cover_T342 -4
Cover_T343 -4.60165e-12
Cover_T344 -4
Cover_T345 20
Cover_T346 -4
Cover_T347 -1.23546e-11
Cover_T348 0
Cover_T349 -8.64103e-12
Cover_T350 -20
Cover_T351 0
Cover_T352 -2.089e-12
Cover_T353 4.81351e-13
Cover_T354 0
Cover_T355 24
Cover_T356 -7.15583e-12
Cover_T357 24
Cover_T358 -7.04103e-13
Cover_T359 24
Cover_T360 -24
Cover_T361 24
Cover_T362 40
Cover_T363 -22
Cover_T364 40
Cover_T365 -22
Cover_T366 36
Cover_T367 -18
Cover_T368 40
Cover_T369 -24
Cover_T370 28
Cover_T371 -20
Cover_T372 38
Cover_T373 32
Cover_T374 54
Cover_T375 16
Cover_T376 34
Cover_T377 1052
Cover_T378 1142
Cover_T379 1060
Cover_T380 1130
Cover_T381 1044
Cover_T382 1130
Cover_T383 1060
Cover_T384 1070
Cover_T385 1044
Cover_T386 1100
Cover_T387 1060
Cover_T388 36
Cover_T389 -44
Cover_T390 6
Cover_T391 -44
Cover_T392 -2
Cover_T393 -46
Cover_T394 -8
Cover_T395 -18
Cover_T396 2
Cover_T397 10
Cover_T398 24
Cover_T399 10
Cover_T400 4
Cover_T401 8
Cover_T402 -16
Cover_T403 28
Cover_T404 -36
Cover_T405 10
Cover_T406 0
Cover_T407 -16
Cover_T408 26
Cover_T409 4
Cover_T410 8
Cover_T411 20
Cover_T412 20
Cover_T413 36
Cover_T414 4
Cover_T415 52
Cover_T416 48
Cover_T417 12
Cover_T418 32
Cover_T419 -18
Cover_T420 16
Cover_T421 -2
Cover_T422 -7.58558e-11
Cover_T423 -14
Cover_T424 -16
Cover_T425 4
Cover_T426 16
Cover_T427 -36
Cover_T428 52
Cover_T429 -16
Cover_T430 32
Cover_T431 4
Cover_T432 12
Cover_T433 24
Cover_T434 52
Cover_T435 -8
Cover_T436 32
Cover_T437 -40
Cover_T438 4
Cover_T439 -12
Cover_T440 -24
Cover_T441 -44
Cover_T442 0
Cover_T443 -16
Cover_T444 20
Cover_T445 12
Cover_T446 -8
Cover_T447 0
Cover_T448 -36
Cover_T449 -32
Cover_T450 -24
Cover_T451 -4
Cover_T452 -52
Cover_T453 24
Cover_T454 8
Cover_T455 44
Cover_T456 10
Cover_T457 24
Cover_T458 -10
Cover_T459 44
Cover_T460 4
Cover_T461 -20
Cover_T462 -16
Cover_T463 -2.82085e-12
Cover_T464 -36
Cover_T465 -2
Cover_T466 6
Cover_T467 14
Cover_T468 2
Cover_T469 -4
Cover_T470 -14
Cover_T471 14
Cover_T472 -30
Cover_T473 28
Cover_T474 -46
Cover_T475 46
Cover_T476 -30
Cover_T477 2
Cover_T478 -46
Cover_T479 8
Cover_T480 16
Cover_T481 24
Cover_T482 0
Cover_T483 46
Cover_T484 4
Cover_T485 76
Cover_T486 44
Cover_T487 60
Cover_T488 26
Cover_T489 76
Cover_T490 40
Cover_T491 14
Cover_T492 48
Cover_T493 30
Cover_T494 32
Cover_T495 26
Cover_T496 16
Cover_T497 -2
Cover_T498 -4
Cover_T499 -4
Cover_T500 -32
Cover_T501 2
Cover_T502 1.89289e-11
Cover_T503 16
Cover_T504 -2
Cover_T505 16
Cover_T506 10
Cover_T507 32
Cover_T508 28
Cover_T509 48
Cover_T510 10
Cover_T511 4
Cover_T512 22
Cover_T513 20
Cover_T514 26
Cover_T515 12
Cover_T516 24
Cover_T517 -1.34536e-11
Cover_T518 8
Cover_T519 -8
Cover_T520 2
Cover_T521 -18
Cover_T522 -4
Cover_T523 4.69278e-11
Cover_T524 -40
Cover_T525 6
Cover_T526 3.79341e-11
Cover_T527 4
Cover_T528 -28
Cover_T529 32
Cover_T530 0
Cover_T531 -12
Cover_T532 12
Cover_T533 16
Cover_T534 -3.63798e-12
Cover_T535 52
Cover_T536 20
Cover_T537 -8
Cover_T538 4
Cover_T539 8
Cover_T540 8
Cover_T541 -12
Cover_T542 24
Cover_T543 4
Cover_T544 24
Cover_T545 0
Cover_T546 24
Cover_T547 4
Cover_T548 18
Cover_T549 -4
Cover_T550 26
Cover_T551 -12
Cover_T552 30
Cover_T553 64
Cover_T554 34
Cover_T555 36
Cover_T556 86
Cover_T557 16
Cover_T558 66
Cover_T559 8
Cover_T560 1110
Cover_T561 -10
Cover_T562 1040
Cover_T563 1138
Cover_T564 1056
Cover_T565 1082
Cover_T566 1072
Cover_T567 1098
Cover_T568 1080
Cover_T569 38
Cover_T570 1096
Cover_T571 52
Cover_T572 8
Cover_T573 -4
Cover_T574 52
Cover_T575 -22
Cover_T576 12
Cover_T577 0
Cover_T578 54
Cover_T579 24
Cover_T580 36
Cover_T581 24
Cover_T582 58
Cover_T583 8
Cover_T584 74
Cover_T585 76
Cover_T586 32
Cover_T587 58
Cover_T588 0
Cover_T589 74
Cover_T590 0
Cover_T591 52
Cover_T592 16
Cover_T593 22
Cover_T594 -32
Cover_T595 22
Cover_T596 -28
Cover_T597 46
Cover_T598 12
Cover_T599 10
Cover_T600 8
Cover_T601 56
Cover_T602 0
Cover_T603 52
Count_D0 -1000
Count_D1 -1120
Max_H0_P0 0
Max_H0_P1 0
Max_H0_P2 0
Max_H0_P3 0
Max_H0_P4 0
Max_H0_P5 0
Max_H0_P6 0
Max_H0_P7 0
Max_H0_P8 0
Max_H0_P9 0
Max_H0_P10 0
Max_H0_P11 0
Max_H0_P12 0
Max_H0_P13 0
Max_H0_P14 0
Max_H0_P15 0
Max_H0_P16 0
Max_H0_P17 0
Max_H0_P18 0
Max_H0_P19 0
Max_H0_P20 0
Max_H0_P21 0
Max_H0_P22 0
Max_H0_P23 0
Max_H0_P24 0
Max_H0_P25 0
Max_H0_P26 0
Max_H0_P27 0
Max_H0_P28 0
Max_H0_P29 0
Max_H0_P30 0
Max_H0_P31 0
Max_H0_P32 0
Max_H0_P33 0
Max_H0_P34 0
Max_H0_P35 0
Max_H0_P36 0
Max_H0_P37 0
Max_H0_P38 0
Max_H0_P39 0
Max_H0_P40 0
Max_H0_P41 0
Max_H0_P42 0
Max_H0_P43 0
Max_H0_P44 0
Max_H0_P45 0
Max_H0_P46 0
Max_H0_P47 0
Max_H0_P48 0
Max_H0_P49 0
Max_H0_P50 0
Max_H0_P51 0
Max_H0_P52 0
Max_H0_P53 0
Max_H0_P54 0
Max_H0_P55 0
Max_H0_P56 0
Max_H0_P57 0
Max_H0_P58 0
Max_H0_P59 0
Max_H0_P60 0
Max_H0_P61 0
Max_H0_P62 0
Max_H0_P63 0
Max_H0_P64 0
Max_H0_P65 0
Max_H0_P66 0
Max_H0_P67 0
Max_H0_P68 0
Max_H0_P69 0
Max_H0_P70 0
Max_H0_P71 0
Max_H0_P72 0
Max_H0_P73 0
Max_H0_P74 0
Max_H0_P75 0
Max_H0_P76 0
Max_H0_P77 0
Max_H0_P78 0
Max_H0_P79 0
Max_H0_P80 0
Max_H0_P81 0
Max_H1_P0 0
Max_H1_P1 0
Max_H1_P2 0
Max_H1_P3 0
Max_H1_P4 0
Max_H1_P5 0
Max_H1_P6 0
Max_H1_P7 0
Max_H1_P8 0
Max_H1_P9 0
Max_H1_P10 0
Max_H1_P11 0
Max_H1_P12 0
Max_H1_P13 0
Max_H1_P14 0
Max_H1_P15 0
Max_H1_P16 0
Max_H1_P17 0
Max_H1_P18 -7.42622e-12
Max_H1_P19 0
Max_H1_P20 8.49332e-12
Max_H1_P21 -1.22836e-11
Max_H1_P22 0
Max_H1_P23 0
Max_H1_P24 0
Max_H1_P25 0
Max_H1_P26 0
Max_H1_P27 0
Max_H1_P28 1.1249e-11
Max_H1_P29 0
Max_H1_P30 0
Max_H1_P31 1.20921e-11
Max_H1_P32 -1.20082e-11
Max_H1_P33 -1.07256e-11
Max_H1_P34 1.31877e-11
Max_H1_P35 -8.90843e-12
Max_H1_P36 5.91882e-12
Max_H1_P37 -4.583e-13
Max_H1_P38 -2.04395e-11
Max_H1_P39 0
Max_H1_P40 0
Max_H1_P41 0
Max_H1_P42 0
Max_H1_P43 0
Max_H1_P44 0
Max_H1_P45 0
Max_H1_P46 0
Max_H1_P47 0
Max_H1_P48 0
Max_H1_P49 0
Max_H1_P50 0
Max_H1_P51 0
Max_H1_P52 0
Max_H1_P53 0
Max_H1_P54 0
Max_H1_P55 0
Max_H1_P56 0
Max_H1_P57 0
Max_H1_P58 0
Max_H1_P59 0
Max_H1_P60 0
Max_H1_P61 0
Max_H1_P62 0
Max_H1_P63 0
Max_H1_P64 0
Max_H1_P65 0
Max_H1_P66 0
Max_H1_P67 0
Max_H1_P68 0
Max_H1_P69 0
Max_H1_P70 0
Max_H1_P71 0
Max_H1_P72 0
Max_H1_P73 0
Max_H1_P74 0
Max_H1_P75 0
Max_H1_P76 0
Max_H1_P77 0
Max_H1_P78 0
Max_H1_P79 0
Max_H1_P80 0
Max_H1_P81 0
