
Branch and bound

  Entire solving process        :                           (Time    144.3)
  No feasible solution was found
  Best relaxation cost          :     32984.11 (Node     0) (Time    144.3)
  Lower bound after cuts        :     32984.11
  End lower bound               :     32984.11
  Deepest level reached         : 0
  Deepest real level reached    : 0
  Number of real nodes solved   : 1
  Stopping condition            : enough nodes explored

Problem identification

  Problem                       : <null>
  Machine                       : oslo5.gerad.lan

Solving process summary

  Linear relaxations            :        1
  Column generation iterations  :      208
  Shortest paths solved         :     3074
  Columns generated             :    29546

Instance characteristics

  Resources                     : 3
  Node types                    : no
  Arc types                     : no
  Strong resource windows       : no
  Weak resource windows         : no
  Resource windows (nodes)      : 3
  Resource values (arcs)        : 3
  Values on nodes               : no

  Rows                          : 696
  Initial columns               : 2
  Tasks                         : 534
  Strong tasks                  : 530
  Weak tasks                    : 4
  Initial task constraints      : no
  Nodes                         : 862
  Arc sets                      : 1
  Arcs                          : 14800
  Networks                      : 2
  Models                        : 1

Memory used per module (Megs)

  Parser (reused)               :      3.398
  Networks                      :     20.100
  Column generator              :      5.691
  Master problem                :      7.205
  -----------------
  Total                         :     32.997

Cpu time per module (seconds)

  Parser                        :        0.0
  Preprocessor                  :        0.0
  Lr solver manager             :        0.1
  Column generator              :       12.5
    (Shortest path)             :       11.2
  Master problem                :      131.7
  -------------------
  Total (without b&b)           :      144.3

Real elapsed time (seconds)

  Parser                        :        0.0
  Preprocessor                  :        0.0
  Lr solver manager             :        0.0
  Column generator              :       12.6
    (Shortest path)             :       11.1
  Master problem                :      131.7
  -------------------
  Total (without b&b)           :      144.3
