
Branch and bound

  Entire solving process        :                           (Time     47.8)
  No feasible solution was found
  Best relaxation cost          :     32802.00 (Node     0) (Time     47.8)
  Lower bound after cuts        :     32802.00
  End lower bound               :     32802.00
  Deepest level reached         : 0
  Deepest real level reached    : 0
  Number of real nodes solved   : 1
  Stopping condition            : enough nodes explored

Problem identification

  Problem                       : <null>
  Machine                       : oslo3.gerad.lan

Solving process summary

  Linear relaxations            :        1
  Column generation iterations  :      112
  Shortest paths solved         :     4872
  Columns generated             :    35194

Instance characteristics

  Resources                     : 3
  Node types                    : no
  Arc types                     : no
  Strong resource windows       : no
  Weak resource windows         : no
  Resource windows (nodes)      : 3
  Resource values (arcs)        : 3
  Values on nodes               : no

  Rows                          : 696
  Initial columns               : 293
  Tasks                         : 534
  Strong tasks                  : 367
  Weak tasks                    : 4
  Initial task constraints      : no
  Nodes                         : 862
  Arc sets                      : 1
  Arcs                          : 14800
  Networks                      : 2
  Models                        : 1

Memory used per module (Megs)

  Parser (reused)               :      3.398
  Networks                      :     21.432
  Column generator              :      2.664
  Master problem                :      7.168
  -----------------
  Total                         :     31.264

Cpu time per module (seconds)

  Parser                        :        0.0
  Preprocessor                  :        0.0
  Lr solver manager             :        0.1
  Column generator              :       11.2
    (Shortest path)             :        9.3
  Master problem                :       36.6
  -------------------
  Total (without b&b)           :       47.8

Real elapsed time (seconds)

  Parser                        :        0.0
  Preprocessor                  :        0.0
  Lr solver manager             :        0.0
  Column generator              :       11.2
    (Shortest path)             :        9.4
  Master problem                :       36.6
  -------------------
  Total (without b&b)           :       47.8
