
Branch and bound

  Entire solving process        :                           (Time    164.3)
  No feasible solution was found
  Best relaxation cost          :     64175.33 (Node     0) (Time    164.3)
  Lower bound after cuts        :     64175.33
  End lower bound               :     64175.33
  Deepest level reached         : 0
  Deepest real level reached    : 0
  Number of real nodes solved   : 1
  Stopping condition            : enough nodes explored

Problem identification

  Problem                       : <null>
  Machine                       : oslo5.gerad.lan

Solving process summary

  Linear relaxations            :        1
  Column generation iterations  :      133
  Shortest paths solved         :     8072
  Columns generated             :    54459

Instance characteristics

  Resources                     : 3
  Node types                    : no
  Arc types                     : no
  Strong resource windows       : no
  Weak resource windows         : no
  Resource windows (nodes)      : 3
  Resource values (arcs)        : 3
  Values on nodes               : no

  Rows                          : 943
  Initial columns               : 451
  Tasks                         : 781
  Strong tasks                  : 522
  Weak tasks                    : 4
  Initial task constraints      : no
  Nodes                         : 1109
  Arc sets                      : 1
  Arcs                          : 28952
  Networks                      : 2
  Models                        : 1

Memory used per module (Megs)

  Parser (reused)               :      6.183
  Networks                      :     30.029
  Column generator              :      5.691
  Master problem                :      9.201
  -----------------
  Total                         :     44.922

Cpu time per module (seconds)

  Parser                        :        0.0
  Preprocessor                  :        0.0
  Lr solver manager             :        0.1
  Column generator              :       49.2
    (Shortest path)             :       41.8
  Master problem                :      114.9
  -------------------
  Total (without b&b)           :      164.3

Real elapsed time (seconds)

  Parser                        :        0.0
  Preprocessor                  :        0.0
  Lr solver manager             :        0.1
  Column generator              :       49.2
    (Shortest path)             :       41.5
  Master problem                :      114.9
  -------------------
  Total (without b&b)           :      164.3
