
Branch and bound

  Entire solving process        :                           (Time    975.4)
  No feasible solution was found
  Best relaxation cost          :     64372.50 (Node     0) (Time    975.4)
  Lower bound after cuts        :     64372.50
  End lower bound               :     64372.50
  Deepest level reached         : 0
  Deepest real level reached    : 0
  Number of real nodes solved   : 1
  Stopping condition            : enough nodes explored

Problem identification

  Problem                       : <null>
  Machine                       : oslo1.gerad.lan

Solving process summary

  Linear relaxations            :        1
  Column generation iterations  :      238
  Shortest paths solved         :     4653
  Columns generated             :    43936

Instance characteristics

  Resources                     : 3
  Node types                    : no
  Arc types                     : no
  Strong resource windows       : no
  Weak resource windows         : no
  Resource windows (nodes)      : 3
  Resource values (arcs)        : 3
  Values on nodes               : no

  Rows                          : 943
  Initial columns               : 2
  Tasks                         : 781
  Strong tasks                  : 777
  Weak tasks                    : 4
  Initial task constraints      : no
  Nodes                         : 1109
  Arc sets                      : 1
  Arcs                          : 28952
  Networks                      : 2
  Models                        : 1

Memory used per module (Megs)

  Parser (reused)               :      6.062
  Networks                      :     28.455
  Column generator              :      7.507
  Master problem                :      8.997
  -----------------
  Total                         :     44.960

Cpu time per module (seconds)

  Parser                        :        0.0
  Preprocessor                  :        0.0
  Lr solver manager             :        0.3
  Column generator              :       45.3
    (Shortest path)             :       34.1
  Master problem                :      929.9
  -------------------
  Total (without b&b)           :      975.4

Real elapsed time (seconds)

  Parser                        :        0.0
  Preprocessor                  :        0.0
  Lr solver manager             :        0.2
  Column generator              :       45.4
    (Shortest path)             :       33.4
  Master problem                :      929.8
  -------------------
  Total (without b&b)           :      975.4
