
Branch and bound

  Entire solving process        :                           (Time    296.9)
  No feasible solution was found
  Best relaxation cost          :     59975.51 (Node     0) (Time    296.9)
  Lower bound after cuts        :     59975.51
  End lower bound               :     59975.51
  Deepest level reached         : 0
  Deepest real level reached    : 0
  Number of real nodes solved   : 1
  Stopping condition            : enough nodes explored

Problem identification

  Problem                       : <null>
  Machine                       : oslo5.gerad.lan

Solving process summary

  Linear relaxations            :        1
  Column generation iterations  :      162
  Shortest paths solved         :     6986
  Columns generated             :    59322

Instance characteristics

  Resources                     : 3
  Node types                    : no
  Arc types                     : no
  Strong resource windows       : no
  Weak resource windows         : no
  Resource windows (nodes)      : 3
  Resource values (arcs)        : 3
  Values on nodes               : no

  Rows                          : 950
  Initial columns               : 450
  Tasks                         : 788
  Strong tasks                  : 522
  Weak tasks                    : 4
  Initial task constraints      : no
  Nodes                         : 1116
  Arc sets                      : 1
  Arcs                          : 28985
  Networks                      : 2
  Models                        : 1

Memory used per module (Megs)

  Parser (reused)               :      6.183
  Networks                      :     30.635
  Column generator              :     11.988
  Master problem                :      9.368
  -----------------
  Total                         :     51.990

Cpu time per module (seconds)

  Parser                        :        0.0
  Preprocessor                  :        0.0
  Lr solver manager             :        0.2
  Column generator              :       67.2
    (Shortest path)             :       59.8
  Master problem                :      229.5
  -------------------
  Total (without b&b)           :      296.9

Real elapsed time (seconds)

  Parser                        :        0.0
  Preprocessor                  :        0.0
  Lr solver manager             :        0.1
  Column generator              :       67.2
    (Shortest path)             :       59.7
  Master problem                :      229.5
  -------------------
  Total (without b&b)           :      296.9
