
Branch and bound

  Entire solving process        :                           (Time     65.3)
  No feasible solution was found
  Best relaxation cost          :     39195.81 (Node     0) (Time     65.3)
  Lower bound after cuts        :     39195.81
  End lower bound               :     39195.81
  Deepest level reached         : 0
  Deepest real level reached    : 0
  Number of real nodes solved   : 1
  Stopping condition            : enough nodes explored

Problem identification

  Problem                       : <null>
  Machine                       : oslo1.gerad.lan

Solving process summary

  Linear relaxations            :        1
  Column generation iterations  :      126
  Shortest paths solved         :     2653
  Columns generated             :    24564

Instance characteristics

  Resources                     : 3
  Node types                    : no
  Arc types                     : no
  Strong resource windows       : no
  Weak resource windows         : no
  Resource windows (nodes)      : 3
  Resource values (arcs)        : 3
  Values on nodes               : no

  Rows                          : 727
  Initial columns               : 2
  Tasks                         : 565
  Strong tasks                  : 561
  Weak tasks                    : 4
  Initial task constraints      : no
  Nodes                         : 893
  Arc sets                      : 1
  Arcs                          : 16367
  Networks                      : 2
  Models                        : 1

Memory used per module (Megs)

  Parser (reused)               :      3.640
  Networks                      :     20.464
  Column generator              :      3.390
  Master problem                :      7.372
  -----------------
  Total                         :     31.226

Cpu time per module (seconds)

  Parser                        :        0.0
  Preprocessor                  :        0.0
  Lr solver manager             :        0.0
  Column generator              :       13.0
    (Shortest path)             :       10.7
  Master problem                :       52.2
  -------------------
  Total (without b&b)           :       65.2

Real elapsed time (seconds)

  Parser                        :        0.0
  Preprocessor                  :        0.0
  Lr solver manager             :        0.0
  Column generator              :       13.0
    (Shortest path)             :       10.4
  Master problem                :       52.2
  -------------------
  Total (without b&b)           :       65.3
