
Branch and bound

  Entire solving process        :                           (Time     46.1)
  No feasible solution was found
  Best relaxation cost          :     39048.73 (Node     0) (Time     46.1)
  Lower bound after cuts        :     39048.73
  End lower bound               :     39048.73
  Deepest level reached         : 0
  Deepest real level reached    : 0
  Number of real nodes solved   : 1
  Stopping condition            : enough nodes explored

Problem identification

  Problem                       : <null>
  Machine                       : oslo5.gerad.lan

Solving process summary

  Linear relaxations            :        1
  Column generation iterations  :       98
  Shortest paths solved         :     6206
  Columns generated             :    34393

Instance characteristics

  Resources                     : 3
  Node types                    : no
  Arc types                     : no
  Strong resource windows       : no
  Weak resource windows         : no
  Resource windows (nodes)      : 3
  Resource values (arcs)        : 3
  Values on nodes               : no

  Rows                          : 727
  Initial columns               : 362
  Tasks                         : 565
  Strong tasks                  : 365
  Weak tasks                    : 4
  Initial task constraints      : no
  Nodes                         : 893
  Arc sets                      : 1
  Arcs                          : 16367
  Networks                      : 2
  Models                        : 1

Memory used per module (Megs)

  Parser (reused)               :      3.640
  Networks                      :     23.854
  Column generator              :      5.207
  Master problem                :      7.387
  -----------------
  Total                         :     36.448

Cpu time per module (seconds)

  Parser                        :        0.0
  Preprocessor                  :        0.0
  Lr solver manager             :        0.0
  Column generator              :       16.5
    (Shortest path)             :       14.0
  Master problem                :       29.5
  -------------------
  Total (without b&b)           :       46.1

Real elapsed time (seconds)

  Parser                        :        0.0
  Preprocessor                  :        0.0
  Lr solver manager             :        0.0
  Column generator              :       16.5
    (Shortest path)             :       13.8
  Master problem                :       29.5
  -------------------
  Total (without b&b)           :       46.1
