
Branch and bound

  Entire solving process        :                           (Time     43.8)
  No feasible solution was found
  Best relaxation cost          :     35840.00 (Node     0) (Time     43.8)
  Lower bound after cuts        :     35840.00
  End lower bound               :     35840.00
  Deepest level reached         : 0
  Deepest real level reached    : 0
  Number of real nodes solved   : 1
  Stopping condition            : enough nodes explored

Problem identification

  Problem                       : <null>
  Machine                       : oslo5.gerad.lan

Solving process summary

  Linear relaxations            :        1
  Column generation iterations  :      108
  Shortest paths solved         :     5314
  Columns generated             :    32073

Instance characteristics

  Resources                     : 3
  Node types                    : no
  Arc types                     : no
  Strong resource windows       : no
  Weak resource windows         : no
  Resource windows (nodes)      : 3
  Resource values (arcs)        : 3
  Values on nodes               : no

  Rows                          : 689
  Initial columns               : 294
  Tasks                         : 527
  Strong tasks                  : 356
  Weak tasks                    : 4
  Initial task constraints      : no
  Nodes                         : 855
  Arc sets                      : 1
  Arcs                          : 14541
  Networks                      : 2
  Models                        : 1

Memory used per module (Megs)

  Parser (reused)               :      3.277
  Networks                      :     21.190
  Column generator              :      3.148
  Master problem                :      6.797
  -----------------
  Total                         :     31.135

Cpu time per module (seconds)

  Parser                        :        0.0
  Preprocessor                  :        0.0
  Lr solver manager             :        0.1
  Column generator              :       11.2
    (Shortest path)             :        9.6
  Master problem                :       32.5
  -------------------
  Total (without b&b)           :       43.8

Real elapsed time (seconds)

  Parser                        :        0.0
  Preprocessor                  :        0.0
  Lr solver manager             :        0.1
  Column generator              :       11.2
    (Shortest path)             :        9.6
  Master problem                :       32.5
  -------------------
  Total (without b&b)           :       43.8
