
Branch and bound

  Entire solving process        :                           (Time    112.4)
  No feasible solution was found
  Best relaxation cost          :     43683.23 (Node     0) (Time    112.4)
  Lower bound after cuts        :     43683.23
  End lower bound               :     43683.23
  Deepest level reached         : 0
  Deepest real level reached    : 0
  Number of real nodes solved   : 1
  Stopping condition            : enough nodes explored

Problem identification

  Problem                       : <null>
  Machine                       : oslo3.gerad.lan

Solving process summary

  Linear relaxations            :        1
  Column generation iterations  :      123
  Shortest paths solved         :     5292
  Columns generated             :    45206

Instance characteristics

  Resources                     : 3
  Node types                    : no
  Arc types                     : no
  Strong resource windows       : no
  Weak resource windows         : no
  Resource windows (nodes)      : 3
  Resource values (arcs)        : 3
  Values on nodes               : no

  Rows                          : 892
  Initial columns               : 356
  Tasks                         : 730
  Strong tasks                  : 535
  Weak tasks                    : 4
  Initial task constraints      : no
  Nodes                         : 1058
  Arc sets                      : 1
  Arcs                          : 25240
  Networks                      : 2
  Models                        : 1

Memory used per module (Megs)

  Parser (reused)               :      5.456
  Networks                      :     28.697
  Column generator              :      6.902
  Master problem                :      9.277
  -----------------
  Total                         :     44.876

Cpu time per module (seconds)

  Parser                        :        0.0
  Preprocessor                  :        0.0
  Lr solver manager             :        0.0
  Column generator              :       37.7
    (Shortest path)             :       33.7
  Master problem                :       74.7
  -------------------
  Total (without b&b)           :      112.4

Real elapsed time (seconds)

  Parser                        :        0.0
  Preprocessor                  :        0.0
  Lr solver manager             :        0.1
  Column generator              :       37.6
    (Shortest path)             :       33.7
  Master problem                :       74.7
  -------------------
  Total (without b&b)           :      112.4
