
Branch and bound

  Entire solving process        :                           (Time    469.1)
  No feasible solution was found
  Best relaxation cost          :     71575.64 (Node     0) (Time    457.1)
  Lower bound after cuts        :     71575.64
  End lower bound               :     71579.02
  Deepest level reached         : 0
  Deepest real level reached    : 0
  Number of real nodes solved   : 1
  Stopping condition            : enough nodes explored

Problem identification

  Problem                       : <null>
  Machine                       : oslo1.gerad.lan

Solving process summary

  Linear relaxations            :        1
  Column generation iterations  :      123
  Shortest paths solved         :     4324
  Columns generated             :    51617

Instance characteristics

  Resources                     : 3
  Node types                    : no
  Arc types                     : no
  Strong resource windows       : no
  Weak resource windows         : no
  Resource windows (nodes)      : 3
  Resource values (arcs)        : 3
  Values on nodes               : no

  Rows                          : 1189
  Initial columns               : 2
  Tasks                         : 1027
  Strong tasks                  : 1023
  Weak tasks                    : 4
  Initial task constraints      : no
  Nodes                         : 1355
  Arc sets                      : 1
  Arcs                          : 46504
  Networks                      : 2
  Models                        : 1

Memory used per module (Megs)

  Parser (reused)               :      9.452
  Networks                      :     37.173
  Column generator              :     11.866
  Master problem                :     11.054
  -----------------
  Total                         :     60.094

Cpu time per module (seconds)

  Parser                        :        0.0
  Preprocessor                  :        0.0
  Lr solver manager             :        0.0
  Column generator              :      128.8
    (Shortest path)             :      115.4
  Master problem                :      340.1
  -------------------
  Total (without b&b)           :      468.9

Real elapsed time (seconds)

  Parser                        :        0.0
  Preprocessor                  :        0.0
  Lr solver manager             :        0.0
  Column generator              :      128.9
    (Shortest path)             :      115.6
  Master problem                :      340.0
  -------------------
  Total (without b&b)           :      468.9
