
Branch and bound

  Entire solving process        :                           (Time     55.8)
  No feasible solution was found
  Best relaxation cost          :     36702.78 (Node     0) (Time     55.8)
  Lower bound after cuts        :     36702.78
  End lower bound               :     36702.78
  Deepest level reached         : 0
  Deepest real level reached    : 0
  Number of real nodes solved   : 1
  Stopping condition            : enough nodes explored

Problem identification

  Problem                       : <null>
  Machine                       : oslo4.gerad.lan

Solving process summary

  Linear relaxations            :        1
  Column generation iterations  :      118
  Shortest paths solved         :     5438
  Columns generated             :    34300

Instance characteristics

  Resources                     : 3
  Node types                    : no
  Arc types                     : no
  Strong resource windows       : no
  Weak resource windows         : no
  Resource windows (nodes)      : 3
  Resource values (arcs)        : 3
  Values on nodes               : no

  Rows                          : 727
  Initial columns               : 321
  Tasks                         : 565
  Strong tasks                  : 385
  Weak tasks                    : 4
  Initial task constraints      : no
  Nodes                         : 893
  Arc sets                      : 1
  Arcs                          : 16286
  Networks                      : 2
  Models                        : 1

Memory used per module (Megs)

  Parser (reused)               :      3.640
  Networks                      :     23.006
  Column generator              :      3.269
  Master problem                :      7.546
  -----------------
  Total                         :     33.821

Cpu time per module (seconds)

  Parser                        :        0.0
  Preprocessor                  :        0.0
  Lr solver manager             :        0.0
  Column generator              :       14.8
    (Shortest path)             :       12.7
  Master problem                :       41.0
  -------------------
  Total (without b&b)           :       55.8

Real elapsed time (seconds)

  Parser                        :        0.0
  Preprocessor                  :        0.0
  Lr solver manager             :        0.0
  Column generator              :       14.7
    (Shortest path)             :       12.6
  Master problem                :       41.1
  -------------------
  Total (without b&b)           :       55.8
