
Branch and bound

  Entire solving process        :                           (Time    122.4)
  No feasible solution was found
  Best relaxation cost          :     38727.75 (Node     0) (Time    122.4)
  Lower bound after cuts        :     38727.75
  End lower bound               :     38727.75
  Deepest level reached         : 0
  Deepest real level reached    : 0
  Number of real nodes solved   : 1
  Stopping condition            : enough nodes explored

Problem identification

  Problem                       : <null>
  Machine                       : oslo5.gerad.lan

Solving process summary

  Linear relaxations            :        1
  Column generation iterations  :      189
  Shortest paths solved         :     3192
  Columns generated             :    30119

Instance characteristics

  Resources                     : 3
  Node types                    : no
  Arc types                     : no
  Strong resource windows       : no
  Weak resource windows         : no
  Resource windows (nodes)      : 3
  Resource values (arcs)        : 3
  Values on nodes               : no

  Rows                          : 727
  Initial columns               : 2
  Tasks                         : 565
  Strong tasks                  : 561
  Weak tasks                    : 4
  Initial task constraints      : no
  Nodes                         : 893
  Arc sets                      : 1
  Arcs                          : 16286
  Networks                      : 2
  Models                        : 1

Memory used per module (Megs)

  Parser (reused)               :      3.640
  Networks                      :     20.706
  Column generator              :      7.871
  Master problem                :      7.470
  -----------------
  Total                         :     36.046

Cpu time per module (seconds)

  Parser                        :        0.0
  Preprocessor                  :        0.0
  Lr solver manager             :        0.1
  Column generator              :       14.0
    (Shortest path)             :       12.4
  Master problem                :      108.4
  -------------------
  Total (without b&b)           :      122.4

Real elapsed time (seconds)

  Parser                        :        0.0
  Preprocessor                  :        0.0
  Lr solver manager             :        0.0
  Column generator              :       14.0
    (Shortest path)             :       12.4
  Master problem                :      108.4
  -------------------
  Total (without b&b)           :      122.4
