
Branch and bound

  Entire solving process        :                           (Time    643.2)
  No feasible solution was found
  Best relaxation cost          :     41553.47 (Node     0) (Time    643.2)
  Lower bound after cuts        :     41553.47
  End lower bound               :     41553.47
  Deepest level reached         : 0
  Deepest real level reached    : 0
  Number of real nodes solved   : 1
  Stopping condition            : enough nodes explored

Problem identification

  Problem                       : <null>
  Machine                       : oslo2.gerad.lan

Solving process summary

  Linear relaxations            :        1
  Column generation iterations  :      329
  Shortest paths solved         :     5304
  Columns generated             :    54047

Instance characteristics

  Resources                     : 3
  Node types                    : no
  Arc types                     : no
  Strong resource windows       : no
  Weak resource windows         : no
  Resource windows (nodes)      : 3
  Resource values (arcs)        : 3
  Values on nodes               : no

  Rows                          : 845
  Initial columns               : 2
  Tasks                         : 683
  Strong tasks                  : 679
  Weak tasks                    : 4
  Initial task constraints      : no
  Nodes                         : 1011
  Arc sets                      : 1
  Arcs                          : 22323
  Networks                      : 2
  Models                        : 1

Memory used per module (Megs)

  Parser (reused)               :      4.851
  Networks                      :     25.065
  Column generator              :      7.265
  Master problem                :      8.710
  -----------------
  Total                         :     41.040

Cpu time per module (seconds)

  Parser                        :        0.0
  Preprocessor                  :        0.0
  Lr solver manager             :        0.1
  Column generator              :       52.8
    (Shortest path)             :       48.1
  Master problem                :      590.2
  -------------------
  Total (without b&b)           :      643.1

Real elapsed time (seconds)

  Parser                        :        0.0
  Preprocessor                  :        0.0
  Lr solver manager             :        0.2
  Column generator              :       52.9
    (Shortest path)             :       48.0
  Master problem                :      591.0
  -------------------
  Total (without b&b)           :      644.1
