
Branch and bound

  Entire solving process        :                           (Time     59.1)
  No feasible solution was found
  Best relaxation cost          :     37715.86 (Node     0) (Time     59.1)
  Lower bound after cuts        :     37715.86
  End lower bound               :     37715.86
  Deepest level reached         : 0
  Deepest real level reached    : 0
  Number of real nodes solved   : 1
  Stopping condition            : enough nodes explored

Problem identification

  Problem                       : <null>
  Machine                       : oslo1.gerad.lan

Solving process summary

  Linear relaxations            :        1
  Column generation iterations  :      121
  Shortest paths solved         :     7299
  Columns generated             :    41074

Instance characteristics

  Resources                     : 3
  Node types                    : no
  Arc types                     : no
  Strong resource windows       : no
  Weak resource windows         : no
  Resource windows (nodes)      : 3
  Resource values (arcs)        : 3
  Values on nodes               : no

  Rows                          : 722
  Initial columns               : 322
  Tasks                         : 560
  Strong tasks                  : 366
  Weak tasks                    : 4
  Initial task constraints      : no
  Nodes                         : 888
  Arc sets                      : 1
  Arcs                          : 15898
  Networks                      : 2
  Models                        : 1

Memory used per module (Megs)

  Parser (reused)               :      3.519
  Networks                      :     22.764
  Column generator              :      4.238
  Master problem                :      7.629
  -----------------
  Total                         :     34.631

Cpu time per module (seconds)

  Parser                        :        0.0
  Preprocessor                  :        0.0
  Lr solver manager             :        0.0
  Column generator              :       17.9
    (Shortest path)             :       15.3
  Master problem                :       41.1
  -------------------
  Total (without b&b)           :       59.1

Real elapsed time (seconds)

  Parser                        :        0.0
  Preprocessor                  :        0.0
  Lr solver manager             :        0.1
  Column generator              :       18.0
    (Shortest path)             :       15.4
  Master problem                :       41.0
  -------------------
  Total (without b&b)           :       59.1
