Cover_T0 52
Cover_T1 -52
Cover_T2 52
Cover_T3 -52
Cover_T4 52
Cover_T5 -52
Cover_T6 52
Cover_T7 -52
Cover_T8 52
Cover_T9 -52
Cover_T10 52
Cover_T11 -52
Cover_T12 52
Cover_T13 -52
Cover_T14 52
Cover_T15 -48
Cover_T16 52
Cover_T17 -48
Cover_T18 56
Cover_T19 -48
Cover_T20 56
Cover_T21 -48
Cover_T22 56
Cover_T23 -44
Cover_T24 56
Cover_T25 -44
Cover_T26 52
Cover_T27 -44
Cover_T28 56
Cover_T29 -44
Cover_T30 54
Cover_T31 -44
Cover_T32 56
Cover_T33 -40
Cover_T34 58
Cover_T35 -40
Cover_T36 48
Cover_T37 -10
Cover_T38 52
Cover_T39 -22
Cover_T40 54
Cover_T41 -34
Cover_T42 52
Cover_T43 18
Cover_T44 50
Cover_T45 0
Cover_T46 48
Cover_T47 980
Cover_T48 1010
Cover_T49 982
Cover_T50 1022
Cover_T51 982
Cover_T52 1034
Cover_T53 990
Cover_T54 986
Cover_T55 986
Cover_T56 992
Cover_T57 990
Cover_T58 6
Cover_T59 -6
Cover_T60 6
Cover_T61 2
Cover_T62 2
Cover_T63 1.14952e-10
Cover_T64 14
Cover_T65 8
Cover_T66 4
Cover_T67 12
Cover_T68 10
Cover_T69 8
Cover_T70 2
Cover_T71 4
Cover_T72 8
Cover_T73 -6
Cover_T74 6
Cover_T75 6
Cover_T76 0
Cover_T77 -6.32738e-11
Cover_T78 -8
Cover_T79 2
Cover_T80 -6
Cover_T81 8
Cover_T82 -6
Cover_T83 16
Cover_T84 -12
Cover_T85 14
Cover_T86 -8
Cover_T87 10
Cover_T88 2
Cover_T89 8
Cover_T90 -18
Cover_T91 -4
Cover_T92 -38
Cover_T93 16
Cover_T94 -2
Cover_T95 6
Cover_T96 2
Cover_T97 26
Cover_T98 0
Cover_T99 44
Cover_T100 4
Cover_T101 4
Cover_T102 -6
Cover_T103 -4
Cover_T104 -22
Cover_T105 12
Cover_T106 -38
Cover_T107 10
Cover_T108 10
Cover_T109 6
Cover_T110 -6
Cover_T111 16
Cover_T112 -22
Cover_T113 32
Cover_T114 -40
Cover_T115 52
Cover_T116 6
Cover_T117 8
Cover_T118 0
Cover_T119 28
Cover_T120 2
Cover_T121 48
Cover_T122 2
Cover_T123 2
Cover_T124 -18
Cover_T125 8
Cover_T126 -42
Cover_T127 14
Cover_T128 8
Cover_T129 22
Cover_T130 0
Cover_T131 50
Cover_T132 -16
Cover_T133 7.52998e-10
Cover_T134 -44
Cover_T135 6
Cover_T136 -6.0686e-10
Cover_T137 16
Cover_T138 6
Cover_T139 36
Cover_T140 -4
Cover_T141 56
Cover_T142 -2
Cover_T143 12
Cover_T144 -22
Cover_T145 10
Cover_T146 10
Cover_T147 18
Cover_T148 6
Cover_T149 12
Cover_T150 -10
Cover_T151 32
Cover_T152 4
Cover_T153 48
Cover_T154 4
Cover_T155 12
Cover_T156 4
Cover_T157 12
Cover_T158 2
Cover_T159 34
Cover_T160 2
Cover_T161 20
Cover_T162 -4.82677e-10
Cover_T163 18
Cover_T164 0
Cover_T165 22
Cover_T166 -2
Cover_T167 12
Cover_T168 -2
Cover_T169 24
Cover_T170 -2
Cover_T171 26
Cover_T172 -2
Cover_T173 30
Cover_T174 -8
Cover_T175 28
Cover_T176 -8
Cover_T177 28
Cover_T178 -8
Cover_T179 28
Cover_T180 -12
Cover_T181 34
Cover_T182 -12
Cover_T183 34
Cover_T184 -14
Cover_T185 34
Cover_T186 -14
Cover_T187 34
Cover_T188 -18
Cover_T189 34
Cover_T190 -18
Cover_T191 34
Cover_T192 -18
Cover_T193 26
Cover_T194 -24
Cover_T195 34
Cover_T196 -24
Cover_T197 52
Cover_T198 -28
Cover_T199 32
Cover_T200 -28
Cover_T201 52
Cover_T202 -28
Cover_T203 42
Cover_T204 -40
Cover_T205 38
Cover_T206 -28
Cover_T207 48
Cover_T208 -24
Cover_T209 44
Cover_T210 -42
Cover_T211 56
Cover_T212 -24
Cover_T213 44
Cover_T214 -36
Cover_T215 36
Cover_T216 -24
Cover_T217 54
Cover_T218 -26
Cover_T219 70
Cover_T220 -26
Cover_T221 50
Cover_T222 -36
Cover_T223 66
Cover_T224 -36
Cover_T225 46
Cover_T226 -40
Cover_T227 58
Cover_T228 -42
Cover_T229 62
Cover_T230 -44
Cover_T231 52
Cover_T232 -52
Cover_T233 54
Cover_T234 -48
Cover_T235 52
Cover_T236 -50
Cover_T237 52
Cover_T238 -48
Cover_T239 50
Cover_T240 -44
Cover_T241 50
Cover_T242 -46
Cover_T243 58
Cover_T244 -40
Cover_T245 52
Cover_T246 -4
Cover_T247 48
Cover_T248 -12
Cover_T249 52
Cover_T250 -20
Cover_T251 54
Cover_T252 -34
Cover_T253 50
Cover_T254 -36
Cover_T255 48
Cover_T256 12
Cover_T257 50
Cover_T258 12
Cover_T259 8
Cover_T260 4
Cover_T261 18
Cover_T262 980
Cover_T263 1022
Cover_T264 978
Cover_T265 1022
Cover_T266 980
Cover_T267 1034
Cover_T268 984
Cover_T269 982
Cover_T270 978
Cover_T271 982
Cover_T272 988
Cover_T273 998
Cover_T274 988
Cover_T275 18
Cover_T276 -2
Cover_T277 4
Cover_T278 -6
Cover_T279 0
Cover_T280 -8
Cover_T281 -5.49529e-11
Cover_T282 5.83178e-11
Cover_T283 10
Cover_T284 4
Cover_T285 -5.04841e-11
Cover_T286 0
Cover_T287 10
Cover_T288 -10
Cover_T289 0
Cover_T290 -3.92639e-10
Cover_T291 0
Cover_T292 -10
Cover_T293 -3.2162e-10
Cover_T294 -1.73486e-10
Cover_T295 6
Cover_T296 4.68106e-11
Cover_T297 8
Cover_T298 -1.34612e-10
Cover_T299 8
Cover_T300 -2
Cover_T301 10
Cover_T302 4
Cover_T303 10
Cover_T304 12
Cover_T305 4
Cover_T306 10
Cover_T307 8
Cover_T308 10
Cover_T309 10
Cover_T310 16
Cover_T311 -18
Cover_T312 12
Cover_T313 10
Cover_T314 10
Cover_T315 6
Cover_T316 38
Cover_T317 -4.87717e-11
Cover_T318 2
Cover_T319 0
Cover_T320 -2
Cover_T321 -14
Cover_T322 -1.39551e-11
Cover_T323 -34
Cover_T324 2.87255e-11
Cover_T325 10
Cover_T326 14
Cover_T327 -10
Cover_T328 34
Cover_T329 -28
Cover_T330 50
Cover_T331 -44
Cover_T332 2
Cover_T333 6
Cover_T334 18
Cover_T335 4
Cover_T336 34
Cover_T337 10
Cover_T338 50
Cover_T339 -6
Cover_T340 0
Cover_T341 -2
Cover_T342 2
Cover_T343 -18
Cover_T344 -2
Cover_T345 -38
Cover_T346 -2
Cover_T347 -2
Cover_T348 18
Cover_T349 -8.88448e-10
Cover_T350 38
Cover_T351 -6.7736e-11
Cover_T352 2
Cover_T353 -8
Cover_T354 7.23838e-10
Cover_T355 -28
Cover_T356 4
Cover_T357 8
Cover_T358 24
Cover_T359 6
Cover_T360 52
Cover_T361 10
Cover_T362 18
Cover_T363 -18
Cover_T364 12
Cover_T365 6
Cover_T366 10
Cover_T367 2
Cover_T368 30
Cover_T369 -22
Cover_T370 -2
Cover_T371 2
Cover_T372 4
Cover_T373 2
Cover_T374 26
Cover_T375 -2
Cover_T376 2
Cover_T377 -8
Cover_T378 2
Cover_T379 -2
Cover_T380 12
Cover_T381 -2
Cover_T382 18
Cover_T383 -6
Cover_T384 8
Cover_T385 -16
Cover_T386 12
Cover_T387 -10
Cover_T388 16
Cover_T389 -8
Cover_T390 24
Cover_T391 -16
Cover_T392 18
Cover_T393 -20
Cover_T394 18
Cover_T395 -16
Cover_T396 28
Cover_T397 -18
Cover_T398 32
Cover_T399 -18
Cover_T400 24
Cover_T401 -18
Cover_T402 36
Cover_T403 -24
Cover_T404 36
Cover_T405 -28
Cover_T406 32
Cover_T407 -40
Cover_T408 30
Cover_T409 -24
Cover_T410 24
Cover_T411 -32
Cover_T412 34
Cover_T413 -48
Cover_T414 46
Cover_T415 -36
Cover_T416 34
Cover_T417 -30
Cover_T418 46
Cover_T419 -30
Cover_T420 36
Cover_T421 -30
Cover_T422 32
Cover_T423 -42
Cover_T424 30
Cover_T425 -24
Cover_T426 40
Cover_T427 -24
Cover_T428 48
Cover_T429 -36
Cover_T430 52
Cover_T431 -48
Cover_T432 36
Cover_T433 -24
Cover_T434 50
Cover_T435 -38
Cover_T436 44
Cover_T437 -54
Cover_T438 54
Cover_T439 -30
Cover_T440 70
Cover_T441 -28
Cover_T442 46
Cover_T443 -36
Cover_T444 56
Cover_T445 -36
Cover_T446 70
Cover_T447 -36
Cover_T448 54
Cover_T449 -42
Cover_T450 44
Cover_T451 -42
Cover_T452 56
Cover_T453 -40
Cover_T454 58
Cover_T455 -42
Cover_T456 64
Cover_T457 -42
Cover_T458 60
Cover_T459 -46
Cover_T460 58
Cover_T461 -46
Cover_T462 60
Cover_T463 -44
Cover_T464 52
Cover_T465 -44
Cover_T466 56
Cover_T467 -48
Cover_T468 60
Cover_T469 -40
Cover_T470 54
Cover_T471 -6
Cover_T472 52
Cover_T473 -26
Cover_T474 56
Cover_T475 22
Cover_T476 58
Cover_T477 10
Cover_T478 56
Cover_T479 984
Cover_T480 1044
Cover_T481 978
Cover_T482 1044
Cover_T483 986
Cover_T484 1014
Cover_T485 986
Cover_T486 1014
Cover_T487 988
Cover_T488 1036
Cover_T489 990
Cover_T490 984
Cover_T491 984
Cover_T492 984
Cover_T493 990
Cover_T494 14
Cover_T495 -2
Cover_T496 0
Cover_T497 -2
Cover_T498 10
Cover_T499 -2
Cover_T500 14
Cover_T501 -6
Cover_T502 12
Cover_T503 3.13776e-11
Cover_T504 0
Cover_T505 0
Cover_T506 14
Cover_T507 12
Cover_T508 14
Cover_T509 8
Cover_T510 -7.76421e-11
Cover_T511 20
Cover_T512 2
Cover_T513 8
Cover_T514 2
Cover_T515 -6
Cover_T516 6
Cover_T517 0
Cover_T518 6
Cover_T519 -2
Cover_T520 0
Cover_T521 0
Cover_T522 6
Cover_T523 2
Cover_T524 10
Cover_T525 4
Cover_T526 -6
Cover_T527 0
Cover_T528 8
Cover_T529 0
Cover_T530 -8
Cover_T531 6
Cover_T532 4
Cover_T533 -6.76259e-12
Cover_T534 10
Cover_T535 -4
Cover_T536 -6
Cover_T537 12
Cover_T538 10
Cover_T539 -2
Cover_T540 -6
Cover_T541 14
Cover_T542 8
Cover_T543 2
Cover_T544 -10
Cover_T545 5.66217e-10
Cover_T546 -30
Cover_T547 20
Cover_T548 6
Cover_T549 8
Cover_T550 10
Cover_T551 -2
Cover_T552 -10
Cover_T553 18
Cover_T554 8
Cover_T555 38
Cover_T556 -10
Cover_T557 10
Cover_T558 -38
Cover_T559 14
Cover_T560 -2
Cover_T561 4
Cover_T562 -30
Cover_T563 26
Cover_T564 8
Cover_T565 50
Cover_T566 2
Cover_T567 6
Cover_T568 4
Cover_T569 26
Cover_T570 4
Cover_T571 46
Cover_T572 -16
Cover_T573 1.50851e-11
Cover_T574 -36
Cover_T575 6
Cover_T576 0
Cover_T577 4.23898e-10
Cover_T578 10
Cover_T579 12
Cover_T580 6
Cover_T581 4
Cover_T582 6
Cover_T583 16
Cover_T584 6
Cover_T585 28
Cover_T586 -6
Cover_T587 40
Cover_T588 -18
Cover_T589 52
Cover_T590 -30
Cover_T591 8
Cover_T592 -42
Cover_T593 2
Cover_T594 10
Cover_T595 4
Cover_T596 -2
Cover_T597 6
Cover_T598 10
Cover_T599 6
Cover_T600 0
Cover_T601 18
Cover_T602 -2
Cover_T603 30
Cover_T604 8
Cover_T605 42
Cover_T606 -4
Cover_T607 56
Cover_T608 -16
Cover_T609 6
Cover_T610 -28
Cover_T611 18
Cover_T612 10
Cover_T613 2
Cover_T614 -5.52163e-10
Cover_T615 16
Cover_T616 -4
Cover_T617 8
Cover_T618 6
Cover_T619 28
Cover_T620 4
Cover_T621 46
Cover_T622 -2
Cover_T623 18
Cover_T624 2
Cover_T625 26
Cover_T626 2
Cover_T627 16
Cover_T628 -5.65485e-11
Cover_T629 18
Cover_T630 2
Cover_T631 18
Cover_T632 -2
Cover_T633 20
Cover_T634 -2
Cover_T635 20
Cover_T636 -2
Cover_T637 26
Cover_T638 -2
Cover_T639 26
Cover_T640 -8
Cover_T641 24
Cover_T642 -8
Cover_T643 24
Cover_T644 -8
Cover_T645 30
Cover_T646 -8
Cover_T647 30
Cover_T648 -12
Cover_T649 30
Cover_T650 -12
Cover_T651 30
Cover_T652 -14
Cover_T653 30
Cover_T654 -18
Cover_T655 30
Cover_T656 -18
Cover_T657 30
Cover_T658 -18
Cover_T659 34
Cover_T660 -34
Cover_T661 38
Cover_T662 -28
Cover_T663 26
Cover_T664 -40
Cover_T665 30
Cover_T666 -30
Cover_T667 32
Cover_T668 -24
Cover_T669 48
Cover_T670 -24
Cover_T671 36
Cover_T672 -24
Cover_T673 48
Cover_T674 -36
Cover_T675 40
Cover_T676 -24
Cover_T677 32
Cover_T678 -24
Cover_T679 44
Cover_T680 -40
Cover_T681 44
Cover_T682 -28
Cover_T683 68
Cover_T684 -24
Cover_T685 42
Cover_T686 -28
Cover_T687 68
Cover_T688 -42
Cover_T689 64
Cover_T690 -36
Cover_T691 64
Cover_T692 -44
Cover_T693 50
Cover_T694 -40
Cover_T695 58
Cover_T696 -42
Cover_T697 60
Cover_T698 -42
Cover_T699 60
Cover_T700 -44
Cover_T701 62
Cover_T702 32
Cover_T703 1.09459e-11
Cover_T704 44
Cover_T705 4
Cover_T706 16
Cover_T707 -5.17417e-11
Cover_T708 50
Cover_T709 40
Cover_T710 16
Cover_T711 0
Cover_T712 0
Cover_T713 64
Cover_T714 34
Cover_T715 52
Cover_T716 14
Cover_T717 1000
Cover_T718 976
Cover_T719 1016
Cover_T720 1070
Cover_T721 1034
Cover_T722 1006
Cover_T723 1004
Cover_T724 1006
Cover_T725 1020
Cover_T726 6
Cover_T727 38
Cover_T728 56
Cover_T729 -28
Cover_T730 56
Cover_T731 -3.49473e-10
Cover_T732 52
Cover_T733 28
Cover_T734 0
Cover_T735 56
Cover_T736 -20
Cover_T737 58
Cover_T738 -24
Cover_T739 36
Cover_T740 8
Cover_T741 42
Cover_T742 14
Cover_T743 64
Cover_T744 0
Cover_T745 40
Cover_T746 0
Cover_T747 60
Cover_T748 48
Cover_T749 0
Cover_T750 48
Cover_T751 0
Cover_T752 26
Cover_T753 14
Cover_T754 44
Cover_T755 22
Cover_T756 46
Cover_T757 -10
Cover_T758 26
Cover_T759 -1.43125e-10
Cover_T760 4
Cover_T761 0
Cover_T762 26
Cover_T763 60
Count_D0 -984
Count_D1 -1000
Max_H0_P0 0
Max_H0_P1 0
Max_H0_P2 0
Max_H0_P3 0
Max_H0_P4 0
Max_H0_P5 0
Max_H0_P6 0
Max_H0_P7 0
Max_H0_P8 0
Max_H0_P9 0
Max_H0_P10 0
Max_H0_P11 0
Max_H0_P12 0
Max_H0_P13 0
Max_H0_P14 0
Max_H0_P15 0
Max_H0_P16 6.76146e-11
Max_H0_P17 0
Max_H0_P18 -7.15552e-11
Max_H0_P19 0
Max_H0_P20 2.78085e-11
Max_H0_P21 -2.32507e-11
Max_H0_P22 3.97904e-13
Max_H0_P23 0
Max_H0_P24 1.15355e-11
Max_H0_P25 -1.96678e-11
Max_H0_P26 -3.89345e-11
Max_H0_P27 4.91696e-11
Max_H0_P28 -1.67972e-11
Max_H0_P29 3.63143e-11
Max_H0_P30 -2.05064e-11
Max_H0_P31 3.24398e-11
Max_H0_P32 -4.78551e-11
Max_H0_P33 -9.94017e-13
Max_H0_P34 4.30997e-11
Max_H0_P35 -6.42402e-11
Max_H0_P36 3.41061e-13
Max_H0_P37 -2.18352e-11
Max_H0_P38 6.20695e-11
Max_H0_P39 3.74512e-11
Max_H0_P40 -4.17304e-12
Max_H0_P41 -3.45155e-11
Max_H0_P42 -2.45491e-11
Max_H0_P43 0
Max_H0_P44 0
Max_H0_P45 0
Max_H0_P46 0
Max_H0_P47 0
Max_H0_P48 0
Max_H0_P49 0
Max_H0_P50 0
Max_H0_P51 0
Max_H0_P52 0
Max_H0_P53 0
Max_H0_P54 0
Max_H0_P55 0
Max_H0_P56 0
Max_H0_P57 0
Max_H0_P58 0
Max_H0_P59 -4.49401e-11
Max_H0_P60 4.1173e-11
Max_H0_P61 2.00158e-13
Max_H0_P62 0
Max_H0_P63 0
Max_H0_P64 0
Max_H0_P65 0
Max_H0_P66 0
Max_H0_P67 0
Max_H0_P68 0
Max_H0_P69 0
Max_H0_P70 0
Max_H0_P71 0
Max_H0_P72 0
Max_H0_P73 0
Max_H0_P74 0
Max_H0_P75 0
Max_H0_P76 0
Max_H0_P77 -3.19424e-11
Max_H0_P78 6.90941e-11
Max_H0_P79 0
Max_H0_P80 0
Max_H0_P81 0
Max_H1_P0 0
Max_H1_P1 0
Max_H1_P2 0
Max_H1_P3 0
Max_H1_P4 0
Max_H1_P5 -5.02886e-11
Max_H1_P6 0
Max_H1_P7 5.05784e-12
Max_H1_P8 0
Max_H1_P9 0
Max_H1_P10 6.35794e-11
Max_H1_P11 0
Max_H1_P12 0
Max_H1_P13 0
Max_H1_P14 0
Max_H1_P15 3.00374e-11
Max_H1_P16 0
Max_H1_P17 2.82796e-12
Max_H1_P18 -6.24212e-11
Max_H1_P19 0
Max_H1_P20 -0
Max_H1_P21 6.91841e-12
Max_H1_P22 3.43903e-12
Max_H1_P23 5.398e-11
Max_H1_P24 4.03944e-12
Max_H1_P25 -1.26619e-11
Max_H1_P26 -2.0035e-11
Max_H1_P27 3.25997e-11
Max_H1_P28 7.24132e-12
Max_H1_P29 -5.49942e-11
Max_H1_P30 3.42349e-11
Max_H1_P31 0
Max_H1_P32 -4.03944e-12
Max_H1_P33 4.7616e-11
Max_H1_P34 3.58891e-12
Max_H1_P35 -4.49401e-11
Max_H1_P36 -3.82059e-11
Max_H1_P37 -3.20597e-11
Max_H1_P38 2.67468e-11
Max_H1_P39 -9.80194e-12
Max_H1_P40 -2.98223e-12
Max_H1_P41 -1.77227e-11
Max_H1_P42 2.06593e-11
Max_H1_P43 0
Max_H1_P44 0
Max_H1_P45 0
Max_H1_P46 5.56991e-11
Max_H1_P47 0
Max_H1_P48 0
Max_H1_P49 0
Max_H1_P50 0
Max_H1_P51 5.99947e-11
Max_H1_P52 0
Max_H1_P53 0
Max_H1_P54 0
Max_H1_P55 -1.02265e-11
Max_H1_P56 0
Max_H1_P57 0
Max_H1_P58 0
Max_H1_P59 3.02555e-11
Max_H1_P60 -3.56692e-12
Max_H1_P61 0
Max_H1_P62 1.08679e-10
Max_H1_P63 -2.03357e-11
Max_H1_P64 -8.94262e-11
Max_H1_P65 0
Max_H1_P66 -8.41993e-13
Max_H1_P67 0
Max_H1_P68 0
Max_H1_P69 0
Max_H1_P70 0
Max_H1_P71 0
Max_H1_P72 0
Max_H1_P73 0
Max_H1_P74 0
Max_H1_P75 0
Max_H1_P76 0
Max_H1_P77 7.10543e-15
Max_H1_P78 0
Max_H1_P79 0
Max_H1_P80 0
Max_H1_P81 0
