
Branch and bound

  Entire solving process        :                           (Time    167.6)
  No feasible solution was found
  Best relaxation cost          :     53564.86 (Node     0) (Time    167.6)
  Lower bound after cuts        :     53564.86
  End lower bound               :     53564.86
  Deepest level reached         : 0
  Deepest real level reached    : 0
  Number of real nodes solved   : 1
  Stopping condition            : enough nodes explored

Problem identification

  Problem                       : <null>
  Machine                       : oslo3.gerad.lan

Solving process summary

  Linear relaxations            :        1
  Column generation iterations  :      139
  Shortest paths solved         :     3543
  Columns generated             :    36211

Instance characteristics

  Resources                     : 3
  Node types                    : no
  Arc types                     : no
  Strong resource windows       : no
  Weak resource windows         : no
  Resource windows (nodes)      : 3
  Resource values (arcs)        : 3
  Values on nodes               : no

  Rows                          : 930
  Initial columns               : 2
  Tasks                         : 768
  Strong tasks                  : 764
  Weak tasks                    : 4
  Initial task constraints      : no
  Nodes                         : 1096
  Arc sets                      : 1
  Arcs                          : 28004
  Networks                      : 2
  Models                        : 1

Memory used per module (Megs)

  Parser (reused)               :      5.941
  Networks                      :     27.850
  Column generator              :      6.175
  Master problem                :      9.338
  -----------------
  Total                         :     43.363

Cpu time per module (seconds)

  Parser                        :        0.0
  Preprocessor                  :        0.0
  Lr solver manager             :        0.1
  Column generator              :       28.7
    (Shortest path)             :       25.5
  Master problem                :      138.8
  -------------------
  Total (without b&b)           :      167.6

Real elapsed time (seconds)

  Parser                        :        0.0
  Preprocessor                  :        0.0
  Lr solver manager             :        0.1
  Column generator              :       28.6
    (Shortest path)             :       25.7
  Master problem                :      138.9
  -------------------
  Total (without b&b)           :      167.6
