Cover_T0 52
Cover_T1 -52
Cover_T2 52
Cover_T3 -52
Cover_T4 52
Cover_T5 -52
Cover_T6 52
Cover_T7 -52
Cover_T8 52
Cover_T9 -52
Cover_T10 52
Cover_T11 -52
Cover_T12 52
Cover_T13 -52
Cover_T14 52
Cover_T15 -52
Cover_T16 52
Cover_T17 -50
Cover_T18 52
Cover_T19 -50
Cover_T20 54
Cover_T21 -42
Cover_T22 76
Cover_T23 -40
Cover_T24 62
Cover_T25 -8
Cover_T26 74
Cover_T27 -28
Cover_T28 52
Cover_T29 0
Cover_T30 142
Cover_T31 56
Cover_T32 90
Cover_T33 24
Cover_T34 976
Cover_T35 938
Cover_T36 912
Cover_T37 922
Cover_T38 994
Cover_T39 858
Cover_T40 942
Cover_T41 880
Cover_T42 966
Cover_T43 10
Cover_T44 68
Cover_T45 28
Cover_T46 68
Cover_T47 -44
Cover_T48 16
Cover_T49 -44
Cover_T50 -4
Cover_T51 -36
Cover_T52 -36
Cover_T53 -14
Cover_T54 -2
Cover_T55 10
Cover_T56 -2
Cover_T57 34
Cover_T58 1.05865e-12
Cover_T59 0
Cover_T60 0
Cover_T61 0
Cover_T62 0
Cover_T63 12
Cover_T64 0
Cover_T65 8
Cover_T66 12
Cover_T67 2
Cover_T68 8
Cover_T69 10
Cover_T70 8
Cover_T71 6
Cover_T72 -8
Cover_T73 10
Cover_T74 -38
Cover_T75 2
Cover_T76 48
Cover_T77 6
Cover_T78 28
Cover_T79 26
Cover_T80 8
Cover_T81 46
Cover_T82 6
Cover_T83 -40
Cover_T84 8
Cover_T85 -20
Cover_T86 52
Cover_T87 4
Cover_T88 28
Cover_T89 10
Cover_T90 8
Cover_T91 12
Cover_T92 -6
Cover_T93 -30
Cover_T94 -30
Cover_T95 -6
Cover_T96 16
Cover_T97 4
Cover_T98 12
Cover_T99 28
Cover_T100 36
Cover_T101 52
Cover_T102 12
Cover_T103 6
Cover_T104 -12
Cover_T105 10
Cover_T106 12
Cover_T107 -14
Cover_T108 22
Cover_T109 10
Cover_T110 4
Cover_T111 34
Cover_T112 -20
Cover_T113 10
Cover_T114 -6
Cover_T115 2.66294e-11
Cover_T116 -30
Cover_T117 18
Cover_T118 24
Cover_T119 42
Cover_T120 -1.45349e-10
Cover_T121 36
Cover_T122 2
Cover_T123 56
Cover_T124 -18
Cover_T125 10
Cover_T126 -40
Cover_T127 36
Cover_T128 44
Cover_T129 42
Cover_T130 52
Cover_T131 38
Cover_T132 36
Cover_T133 74
Cover_T134 24
Cover_T135 94
Cover_T136 24
Cover_T137 4
Cover_T138 0
Cover_T139 2
Cover_T140 8
Cover_T141 24
Cover_T142 2
Cover_T143 12
Cover_T144 8
Cover_T145 26
Cover_T146 0
Cover_T147 8
Cover_T148 4
Cover_T149 16
Cover_T150 4
Cover_T151 8
Cover_T152 6
Cover_T153 16
Cover_T154 0
Cover_T155 8
Cover_T156 -2
Cover_T157 4
Cover_T158 -3.90542e-09
Cover_T159 8
Cover_T160 2
Cover_T161 4
Cover_T162 -3.93629e-09
Cover_T163 8
Cover_T164 -4
Cover_T165 20
Cover_T166 -3.96781e-09
Cover_T167 20
Cover_T168 -2
Cover_T169 22
Cover_T170 -4
Cover_T171 20
Cover_T172 -6
Cover_T173 62
Cover_T174 -8
Cover_T175 32
Cover_T176 -8
Cover_T177 62
Cover_T178 -22
Cover_T179 32
Cover_T180 -22
Cover_T181 40
Cover_T182 -10
Cover_T183 40
Cover_T184 -28
Cover_T185 54
Cover_T186 -18
Cover_T187 56
Cover_T188 -22
Cover_T189 64
Cover_T190 -30
Cover_T191 66
Cover_T192 -30
Cover_T193 50
Cover_T194 -32
Cover_T195 66
Cover_T196 -38
Cover_T197 72
Cover_T198 -38
Cover_T199 60
Cover_T200 52
Cover_T201 -52
Cover_T202 52
Cover_T203 -52
Cover_T204 52
Cover_T205 -52
Cover_T206 54
Cover_T207 -50
Cover_T208 54
Cover_T209 -36
Cover_T210 78
Cover_T211 -38
Cover_T212 60
Cover_T213 -10
Cover_T214 64
Cover_T215 12
Cover_T216 58
Cover_T217 6
Cover_T218 102
Cover_T219 36
Cover_T220 102
Cover_T221 36
Cover_T222 924
Cover_T223 934
Cover_T224 924
Cover_T225 838
Cover_T226 954
Cover_T227 884
Cover_T228 954
Cover_T229 14
Cover_T230 64
Cover_T231 26
Cover_T232 80
Cover_T233 -42
Cover_T234 28
Cover_T235 -42
Cover_T236 6
Cover_T237 -34
Cover_T238 -26
Cover_T239 -12
Cover_T240 8
Cover_T241 12
Cover_T242 8
Cover_T243 36
Cover_T244 -4
Cover_T245 2
Cover_T246 0
Cover_T247 2
Cover_T248 10
Cover_T249 0
Cover_T250 10
Cover_T251 -6.93312e-12
Cover_T252 22
Cover_T253 4.17764e-11
Cover_T254 -2
Cover_T255 -2.74686e-11
Cover_T256 2
Cover_T257 -12
Cover_T258 10
Cover_T259 12
Cover_T260 2
Cover_T261 8
Cover_T262 -22
Cover_T263 4
Cover_T264 52
Cover_T265 20
Cover_T266 20
Cover_T267 52
Cover_T268 6
Cover_T269 -22
Cover_T270 -2.26388e-11
Cover_T271 -1.37162e-08
Cover_T272 46
Cover_T273 2
Cover_T274 26
Cover_T275 0
Cover_T276 6
Cover_T277 -46
Cover_T278 -1.00498e-08
Cover_T279 -26
Cover_T280 -20
Cover_T281 -6
Cover_T282 -42
Cover_T283 4
Cover_T284 4
Cover_T285 28
Cover_T286 0
Cover_T287 52
Cover_T288 24
Cover_T289 6
Cover_T290 0
Cover_T291 10
Cover_T292 -24
Cover_T293 -14
Cover_T294 0
Cover_T295 10
Cover_T296 10
Cover_T297 34
Cover_T298 -8
Cover_T299 10
Cover_T300 -32
Cover_T301 0
Cover_T302 -18
Cover_T303 18
Cover_T304 -42
Cover_T305 42
Cover_T306 12
Cover_T307 28
Cover_T308 -12
Cover_T309 58
Cover_T310 -6
Cover_T311 6
Cover_T312 -30
Cover_T313 48
Cover_T314 46
Cover_T315 50
Cover_T316 46
Cover_T317 84
Cover_T318 36
Cover_T319 2.22806e-09
Cover_T320 4
Cover_T321 8
Cover_T322 8
Cover_T323 -2
Cover_T324 8
Cover_T325 20
Cover_T326 0
Cover_T327 0
Cover_T328 2
Cover_T329 2
Cover_T330 6
Cover_T331 8
Cover_T332 6
Cover_T333 2
Cover_T334 4
Cover_T335 4
Cover_T336 4
Cover_T337 8
Cover_T338 2
Cover_T339 12
Cover_T340 -6
Cover_T341 6
Cover_T342 -2
Cover_T343 16
Cover_T344 -6
Cover_T345 16
Cover_T346 -2
Cover_T347 18
Cover_T348 -8
Cover_T349 22
Cover_T350 -24
Cover_T351 18
Cover_T352 -40
Cover_T353 16
Cover_T354 -6
Cover_T355 20
Cover_T356 -24
Cover_T357 36
Cover_T358 -40
Cover_T359 56
Cover_T360 -8
Cover_T361 36
Cover_T362 -8
Cover_T363 62
Cover_T364 -10
Cover_T365 30
Cover_T366 -10
Cover_T367 32
Cover_T368 -10
Cover_T369 30
Cover_T370 -22
Cover_T371 32
Cover_T372 -16
Cover_T373 42
Cover_T374 -34
Cover_T375 38
Cover_T376 -18
Cover_T377 42
Cover_T378 -28
Cover_T379 44
Cover_T380 -22
Cover_T381 60
Cover_T382 -34
Cover_T383 44
Cover_T384 -42
Cover_T385 58
Cover_T386 -32
Cover_T387 62
Cover_T388 -38
Cover_T389 54
Cover_T390 -38
Cover_T391 76
Cover_T392 -38
Cover_T393 66
Cover_T394 -2
Cover_T395 82
Cover_T396 -18
Cover_T397 66
Cover_T398 30
Cover_T399 66
Cover_T400 14
Cover_T401 144
Cover_T402 42
Cover_T403 122
Cover_T404 36
Cover_T405 956
Cover_T406 916
Cover_T407 956
Cover_T408 918
Cover_T409 974
Cover_T410 932
Cover_T411 984
Cover_T412 860
Cover_T413 946
Cover_T414 876
Cover_T415 962
Cover_T416 6
Cover_T417 48
Cover_T418 22
Cover_T419 50
Cover_T420 -44
Cover_T421 2
Cover_T422 -30
Cover_T423 -20
Cover_T424 -46
Cover_T425 20
Cover_T426 -22
Cover_T427 12
Cover_T428 0
Cover_T429 0
Cover_T430 24
Cover_T431 6
Cover_T432 44
Cover_T433 0
Cover_T434 6
Cover_T435 -2.07212e-11
Cover_T436 2
Cover_T437 4
Cover_T438 10
Cover_T439 20
Cover_T440 2
Cover_T441 0
Cover_T442 8
Cover_T443 8
Cover_T444 8
Cover_T445 8
Cover_T446 4
Cover_T447 0
Cover_T448 -12
Cover_T449 -4
Cover_T450 8
Cover_T451 -24
Cover_T452 0
Cover_T453 -44
Cover_T454 0
Cover_T455 42
Cover_T456 8
Cover_T457 22
Cover_T458 12
Cover_T459 2
Cover_T460 32
Cover_T461 0
Cover_T462 52
Cover_T463 2
Cover_T464 -34
Cover_T465 48
Cover_T466 -14
Cover_T467 22
Cover_T468 -2.13269e-11
Cover_T469 4
Cover_T470 10
Cover_T471 -28
Cover_T472 -24
Cover_T473 10
Cover_T474 0
Cover_T475 8
Cover_T476 10
Cover_T477 36
Cover_T478 30
Cover_T479 16
Cover_T480 50
Cover_T481 -4
Cover_T482 0
Cover_T483 -24
Cover_T484 2.62901e-11
Cover_T485 4
Cover_T486 -28
Cover_T487 18
Cover_T488 -8
Cover_T489 4
Cover_T490 12
Cover_T491 -16
Cover_T492 32
Cover_T493 -36
Cover_T494 4
Cover_T495 -18
Cover_T496 -10
Cover_T497 -38
Cover_T498 4
Cover_T499 22
Cover_T500 20
Cover_T501 6
Cover_T502 36
Cover_T503 -10
Cover_T504 22
Cover_T505 0
Cover_T506 36
Cover_T507 -12
Cover_T508 52
Cover_T509 -28
Cover_T510 -4
Cover_T511 -44
Cover_T512 16
Cover_T513 44
Cover_T514 48
Cover_T515 42
Cover_T516 54
Cover_T517 46
Cover_T518 74
Cover_T519 24
Cover_T520 94
Cover_T521 44
Cover_T522 8
Cover_T523 32
Cover_T524 14
Cover_T525 14
Cover_T526 4
Cover_T527 16
Cover_T528 24
Cover_T529 0
Cover_T530 6
Cover_T531 0
Cover_T532 8
Cover_T533 8
Cover_T534 10
Cover_T535 8
Cover_T536 8
Cover_T537 4
Cover_T538 14
Cover_T539 4
Cover_T540 12
Cover_T541 4
Cover_T542 14
Cover_T543 4
Cover_T544 8
Cover_T545 -3.98044e-09
Cover_T546 12
Cover_T547 -3.95364e-09
Cover_T548 12
Cover_T549 -3.94571e-09
Cover_T550 14
Cover_T551 -2
Cover_T552 12
Cover_T553 -22
Cover_T554 10
Cover_T555 -48
Cover_T556 16
Cover_T557 -22
Cover_T558 12
Cover_T559 -46
Cover_T560 34
Cover_T561 -14
Cover_T562 58
Cover_T563 -12
Cover_T564 32
Cover_T565 -8
Cover_T566 56
Cover_T567 -8
Cover_T568 24
Cover_T569 -26
Cover_T570 34
Cover_T571 -10
Cover_T572 30
Cover_T573 -10
Cover_T574 44
Cover_T575 -16
Cover_T576 58
Cover_T577 -18
Cover_T578 56
Cover_T579 -26
Cover_T580 74
Cover_T581 -48
Cover_T582 54
Cover_T583 -36
Cover_T584 58
Cover_T585 -32
Cover_T586 66
Cover_T587 -38
Cover_T588 72
Cover_T589 -38
Cover_T590 60
Cover_T591 56
Cover_T592 16
Cover_T593 46
Cover_T594 48
Cover_T595 24
Cover_T596 28
Cover_T597 102
Cover_T598 72
Cover_T599 82
Cover_T600 18
Cover_T601 108
Cover_T602 70
Cover_T603 56
Cover_T604 984
Cover_T605 878
Cover_T606 888
Cover_T607 994
Cover_T608 936
Cover_T609 944
Cover_T610 908
Cover_T611 60
Cover_T612 928
Cover_T613 58
Cover_T614 62
Cover_T615 60
Cover_T616 2
Cover_T617 0
Cover_T618 52
Cover_T619 -32
Cover_T620 8
Cover_T621 -10
Cover_T622 50
Cover_T623 54
Cover_T624 82
Cover_T625 94
Cover_T626 90
Cover_T627 76
Cover_T628 62
Cover_T629 36
Cover_T630 86
Cover_T631 66
Cover_T632 0
Cover_T633 66
Cover_T634 -24
Cover_T635 10
Cover_T636 6
Cover_T637 56
Cover_T638 -18
Cover_T639 24
Cover_T640 14
Cover_T641 44
Cover_T642 -4
Cover_T643 42
Count_D0 -984
Count_D1 -1000
Max_H0_P0 0
Max_H0_P1 0
Max_H0_P2 0
Max_H0_P3 0
Max_H0_P4 0
Max_H0_P5 -7.34623e-12
Max_H0_P6 0
Max_H0_P7 0
Max_H0_P8 0
Max_H0_P9 0
Max_H0_P10 0
Max_H0_P11 0
Max_H0_P12 0
Max_H0_P13 0
Max_H0_P14 0
Max_H0_P15 0
Max_H0_P16 2.46914e-12
Max_H0_P17 0
Max_H0_P18 0
Max_H0_P19 -1.54383e-11
Max_H0_P20 1.38106e-12
Max_H0_P21 -1.07713e-11
Max_H0_P22 4.95699e-12
Max_H0_P23 -2.55795e-12
Max_H0_P24 0
Max_H0_P25 -1.9353e-11
Max_H0_P26 1.86873e-12
Max_H0_P27 -3.81983e-12
Max_H0_P28 0
Max_H0_P29 -1.03518e-11
Max_H0_P30 6.16662e-12
Max_H0_P31 -4.23438e-12
Max_H0_P32 0
Max_H0_P33 -9.91918e-12
Max_H0_P34 0
Max_H0_P35 -1.59872e-12
Max_H0_P36 0
Max_H0_P37 5.94724e-12
Max_H0_P38 9.03988e-12
Max_H0_P39 -1.25517e-11
Max_H0_P40 1.11626e-11
Max_H0_P41 -4.12153e-12
Max_H0_P42 0
Max_H0_P43 0
Max_H0_P44 0
Max_H0_P45 0
Max_H0_P46 0
Max_H0_P47 0
Max_H0_P48 0
Max_H0_P49 0
Max_H0_P50 0
Max_H0_P51 0
Max_H0_P52 0
Max_H0_P53 0
Max_H0_P54 0
Max_H0_P55 0
Max_H0_P56 0
Max_H0_P57 0
Max_H0_P58 0
Max_H0_P59 0
Max_H0_P60 0
Max_H0_P61 0
Max_H0_P62 0
Max_H0_P63 0
Max_H0_P64 0
Max_H0_P65 0
Max_H0_P66 0
Max_H0_P67 0
Max_H0_P68 0
Max_H0_P69 0
Max_H0_P70 0
Max_H0_P71 0
Max_H0_P72 0
Max_H0_P73 0
Max_H0_P74 0
Max_H0_P75 0
Max_H0_P76 0
Max_H0_P77 -1.87576e-12
Max_H0_P78 0
Max_H0_P79 0
Max_H0_P80 0
Max_H0_P81 0
Max_H1_P0 0
Max_H1_P1 0
Max_H1_P2 -1.46116e-10
Max_H1_P3 4.63487e-11
Max_H1_P4 0
Max_H1_P5 -7.34623e-12
Max_H1_P6 0
Max_H1_P7 -3.69403e-12
Max_H1_P8 0
Max_H1_P9 0
Max_H1_P10 0
Max_H1_P11 0
Max_H1_P12 0
Max_H1_P13 0
Max_H1_P14 0
Max_H1_P15 0
Max_H1_P16 0
Max_H1_P17 0
Max_H1_P18 0
Max_H1_P19 -3.76588e-12
Max_H1_P20 -2.80664e-12
Max_H1_P21 2.80664e-12
Max_H1_P22 1.42775e-12
Max_H1_P23 0
Max_H1_P24 7.51355e-12
Max_H1_P25 -5.68434e-12
Max_H1_P26 5.57865e-12
Max_H1_P27 -3.48166e-13
Max_H1_P28 -1.32916e-11
Max_H1_P29 9.07718e-13
Max_H1_P30 -9.07718e-13
Max_H1_P31 6.08225e-12
Max_H1_P32 -7.58948e-12
Max_H1_P33 -1.75149e-12
Max_H1_P34 3.58219e-12
Max_H1_P35 -1.20792e-11
Max_H1_P36 0
Max_H1_P37 4.34852e-12
Max_H1_P38 1.59872e-12
Max_H1_P39 -1.13687e-12
Max_H1_P40 1.41132e-11
Max_H1_P41 4.97592e-12
Max_H1_P42 0
Max_H1_P43 0
Max_H1_P44 0
Max_H1_P45 2.56328e-12
Max_H1_P46 0
Max_H1_P47 0
Max_H1_P48 0
Max_H1_P49 0
Max_H1_P50 0
Max_H1_P51 0
Max_H1_P52 0
Max_H1_P53 0
Max_H1_P54 0
Max_H1_P55 0
Max_H1_P56 0
Max_H1_P57 0
Max_H1_P58 0
Max_H1_P59 0
Max_H1_P60 2.05347e-12
Max_H1_P61 0
Max_H1_P62 0
Max_H1_P63 0
Max_H1_P64 0
Max_H1_P65 0
Max_H1_P66 0
Max_H1_P67 0
Max_H1_P68 0
Max_H1_P69 0
Max_H1_P70 -0
Max_H1_P71 0
Max_H1_P72 0
Max_H1_P73 0
Max_H1_P74 0
Max_H1_P75 0
Max_H1_P76 0
Max_H1_P77 1.95577e-12
Max_H1_P78 0
Max_H1_P79 0
Max_H1_P80 0
Max_H1_P81 0
