
Branch and bound

  Entire solving process        :                           (Time    227.4)
  No feasible solution was found
  Best relaxation cost          :     40581.51 (Node     0) (Time    227.4)
  Lower bound after cuts        :     40581.51
  End lower bound               :     40581.51
  Deepest level reached         : 0
  Deepest real level reached    : 0
  Number of real nodes solved   : 1
  Stopping condition            : enough nodes explored

Problem identification

  Problem                       : <null>
  Machine                       : oslo1.gerad.lan

Solving process summary

  Linear relaxations            :        1
  Column generation iterations  :      175
  Shortest paths solved         :     3633
  Columns generated             :    39239

Instance characteristics

  Resources                     : 3
  Node types                    : no
  Arc types                     : no
  Strong resource windows       : no
  Weak resource windows         : no
  Resource windows (nodes)      : 3
  Resource values (arcs)        : 3
  Values on nodes               : no

  Rows                          : 810
  Initial columns               : 2
  Tasks                         : 648
  Strong tasks                  : 644
  Weak tasks                    : 4
  Initial task constraints      : no
  Nodes                         : 976
  Arc sets                      : 1
  Arcs                          : 20326
  Networks                      : 2
  Models                        : 1

Memory used per module (Megs)

  Parser (reused)               :      4.488
  Networks                      :     23.491
  Column generator              :      6.175
  Master problem                :      8.211
  -----------------
  Total                         :     37.877

Cpu time per module (seconds)

  Parser                        :        0.0
  Preprocessor                  :        0.0
  Lr solver manager             :        0.1
  Column generator              :       38.7
    (Shortest path)             :       33.6
  Master problem                :      188.5
  -------------------
  Total (without b&b)           :      227.4

Real elapsed time (seconds)

  Parser                        :        0.0
  Preprocessor                  :        0.0
  Lr solver manager             :        0.1
  Column generator              :       38.7
    (Shortest path)             :       33.6
  Master problem                :      188.5
  -------------------
  Total (without b&b)           :      227.4
