Cover_T0 52
Cover_T1 -52
Cover_T2 52
Cover_T3 -52
Cover_T4 52
Cover_T5 -52
Cover_T6 52
Cover_T7 -52
Cover_T8 52
Cover_T9 -52
Cover_T10 52
Cover_T11 -52
Cover_T12 54
Cover_T13 -52
Cover_T14 52
Cover_T15 -44
Cover_T16 56
Cover_T17 -34
Cover_T18 60
Cover_T19 -5.51745e-11
Cover_T20 62
Cover_T21 -20
Cover_T22 56
Cover_T23 18
Cover_T24 108
Cover_T25 4
Cover_T26 54
Cover_T27 60
Cover_T28 48
Cover_T29 74
Cover_T30 988
Cover_T31 898
Cover_T32 936
Cover_T33 924
Cover_T34 914
Cover_T35 948
Cover_T36 22
Cover_T37 -48
Cover_T38 0
Cover_T39 -32
Cover_T40 40
Cover_T41 7.70797e-11
Cover_T42 6
Cover_T43 22
Cover_T44 -26
Cover_T45 -24
Cover_T46 18
Cover_T47 3.40137e-11
Cover_T48 -6
Cover_T49 24
Cover_T50 -30
Cover_T51 -20
Cover_T52 6
Cover_T53 4
Cover_T54 10
Cover_T55 28
Cover_T56 10
Cover_T57 52
Cover_T58 52
Cover_T59 16
Cover_T60 28
Cover_T61 12
Cover_T62 4
Cover_T63 12
Cover_T64 -2.38902e-11
Cover_T65 -20
Cover_T66 0
Cover_T67 4
Cover_T68 52
Cover_T69 4
Cover_T70 8
Cover_T71 -48
Cover_T72 14
Cover_T73 -4
Cover_T74 14
Cover_T75 -10
Cover_T76 22
Cover_T77 22
Cover_T78 -10
Cover_T79 10
Cover_T80 26
Cover_T81 -4
Cover_T82 -6
Cover_T83 34
Cover_T84 -18
Cover_T85 10
Cover_T86 -22
Cover_T87 22
Cover_T88 12
Cover_T89 52
Cover_T90 0
Cover_T91 36
Cover_T92 -8
Cover_T93 0
Cover_T94 -32
Cover_T95 4
Cover_T96 6
Cover_T97 18
Cover_T98 42
Cover_T99 40
Cover_T100 22
Cover_T101 62
Cover_T102 2
Cover_T103 24
Cover_T104 -24
Cover_T105 -12
Cover_T106 18
Cover_T107 18
Cover_T108 -8
Cover_T109 34
Cover_T110 34
Cover_T111 68
Cover_T112 18
Cover_T113 24
Cover_T114 0
Cover_T115 42
Cover_T116 20
Cover_T117 16
Cover_T118 14
Cover_T119 26
Cover_T120 10
Cover_T121 52
Cover_T122 10
Cover_T123 34
Cover_T124 -10
Cover_T125 26
Cover_T126 -7.6227e-11
Cover_T127 40
Cover_T128 -10
Cover_T129 32
Cover_T130 -8
Cover_T131 42
Cover_T132 -16
Cover_T133 42
Cover_T134 -18
Cover_T135 26
Cover_T136 -24
Cover_T137 54
Cover_T138 -24
Cover_T139 54
Cover_T140 -24
Cover_T141 46
Cover_T142 -24
Cover_T143 50
Cover_T144 -24
Cover_T145 52
Cover_T146 -26
Cover_T147 44
Cover_T148 -26
Cover_T149 44
Cover_T150 -28
Cover_T151 54
Cover_T152 -40
Cover_T153 58
Cover_T154 -38
Cover_T155 66
Cover_T156 -38
Cover_T157 64
Cover_T158 -40
Cover_T159 52
Cover_T160 -52
Cover_T161 52
Cover_T162 -52
Cover_T163 52
Cover_T164 -48
Cover_T165 54
Cover_T166 -26
Cover_T167 60
Cover_T168 -4
Cover_T169 52
Cover_T170 10
Cover_T171 66
Cover_T172 64
Cover_T173 66
Cover_T174 58
Cover_T175 8
Cover_T176 14
Cover_T177 8
Cover_T178 24
Cover_T179 924
Cover_T180 912
Cover_T181 948
Cover_T182 916
Cover_T183 926
Cover_T184 946
Cover_T185 916
Cover_T186 -30
Cover_T187 24
Cover_T188 -34
Cover_T189 46
Cover_T190 10
Cover_T191 2
Cover_T192 -34
Cover_T193 36
Cover_T194 -2
Cover_T195 4
Cover_T196 30
Cover_T197 -28
Cover_T198 -6
Cover_T199 0
Cover_T200 22
Cover_T201 4
Cover_T202 46
Cover_T203 4
Cover_T204 10
Cover_T205 46
Cover_T206 6
Cover_T207 22
Cover_T208 6
Cover_T209 18
Cover_T210 -36
Cover_T211 10
Cover_T212 -12
Cover_T213 10
Cover_T214 -8
Cover_T215 50
Cover_T216 0
Cover_T217 26
Cover_T218 0
Cover_T219 38
Cover_T220 -30
Cover_T221 10
Cover_T222 -22
Cover_T223 0
Cover_T224 6
Cover_T225 0
Cover_T226 16
Cover_T227 2
Cover_T228 16
Cover_T229 26
Cover_T230 14
Cover_T231 0
Cover_T232 -22
Cover_T233 -12
Cover_T234 10
Cover_T235 -44
Cover_T236 10
Cover_T237 -36
Cover_T238 48
Cover_T239 6
Cover_T240 52
Cover_T241 -22
Cover_T242 16
Cover_T243 -4
Cover_T244 34
Cover_T245 32
Cover_T246 58
Cover_T247 8
Cover_T248 30
Cover_T249 -22
Cover_T250 -9.7657e-11
Cover_T251 10
Cover_T252 30
Cover_T253 -14
Cover_T254 48
Cover_T255 30
Cover_T256 26
Cover_T257 12
Cover_T258 54
Cover_T259 22
Cover_T260 28
Cover_T261 12
Cover_T262 26
Cover_T263 4
Cover_T264 26
Cover_T265 2
Cover_T266 30
Cover_T267 2
Cover_T268 44
Cover_T269 -8
Cover_T270 34
Cover_T271 -18
Cover_T272 38
Cover_T273 -22
Cover_T274 32
Cover_T275 -18
Cover_T276 30
Cover_T277 -22
Cover_T278 30
Cover_T279 -42
Cover_T280 24
Cover_T281 -38
Cover_T282 24
Cover_T283 -24
Cover_T284 42
Cover_T285 -24
Cover_T286 46
Cover_T287 -24
Cover_T288 46
Cover_T289 -24
Cover_T290 34
Cover_T291 -26
Cover_T292 48
Cover_T293 -28
Cover_T294 48
Cover_T295 -26
Cover_T296 34
Cover_T297 -48
Cover_T298 40
Cover_T299 -38
Cover_T300 38
Cover_T301 -30
Cover_T302 54
Cover_T303 -38
Cover_T304 40
Cover_T305 -38
Cover_T306 54
Cover_T307 -38
Cover_T308 54
Cover_T309 -40
Cover_T310 64
Cover_T311 -40
Cover_T312 54
Cover_T313 64
Cover_T314 -1.30242e-11
Cover_T315 66
Cover_T316 -16
Cover_T317 60
Cover_T318 22
Cover_T319 118
Cover_T320 2
Cover_T321 88
Cover_T322 62
Cover_T323 34
Cover_T324 78
Cover_T325 34
Cover_T326 74
Cover_T327 968
Cover_T328 884
Cover_T329 994
Cover_T330 906
Cover_T331 932
Cover_T332 926
Cover_T333 894
Cover_T334 946
Cover_T335 884
Cover_T336 -26
Cover_T337 2
Cover_T338 -38
Cover_T339 46
Cover_T340 -34
Cover_T341 28
Cover_T342 -14
Cover_T343 6
Cover_T344 6
Cover_T345 -14
Cover_T346 16
Cover_T347 34
Cover_T348 -38
Cover_T349 8
Cover_T350 -6
Cover_T351 -24
Cover_T352 26
Cover_T353 4
Cover_T354 -10
Cover_T355 0
Cover_T356 18
Cover_T357 0
Cover_T358 42
Cover_T359 42
Cover_T360 6
Cover_T361 18
Cover_T362 2
Cover_T363 14
Cover_T364 2
Cover_T365 6
Cover_T366 -40
Cover_T367 8
Cover_T368 -20
Cover_T369 52
Cover_T370 -1.0141e-10
Cover_T371 32
Cover_T372 0
Cover_T373 48
Cover_T374 4
Cover_T375 28
Cover_T376 -2.56062e-11
Cover_T377 8
Cover_T378 -42
Cover_T379 0
Cover_T380 -18
Cover_T381 10
Cover_T382 -30
Cover_T383 -14
Cover_T384 -6
Cover_T385 6
Cover_T386 2
Cover_T387 28
Cover_T388 2
Cover_T389 -16
Cover_T390 2
Cover_T391 8
Cover_T392 0
Cover_T393 -2
Cover_T394 36
Cover_T395 -34
Cover_T396 0
Cover_T397 -26
Cover_T398 20
Cover_T399 8
Cover_T400 32
Cover_T401 2
Cover_T402 52
Cover_T403 -2
Cover_T404 32
Cover_T405 -22
Cover_T406 58
Cover_T407 -42
Cover_T408 0
Cover_T409 1.82277e-11
Cover_T410 18
Cover_T411 40
Cover_T412 22
Cover_T413 14
Cover_T414 60
Cover_T415 -18
Cover_T416 28
Cover_T417 0
Cover_T418 14
Cover_T419 36
Cover_T420 56
Cover_T421 22
Cover_T422 78
Cover_T423 34
Cover_T424 54
Cover_T425 22
Cover_T426 64
Cover_T427 20
Cover_T428 16
Cover_T429 0
Cover_T430 42
Cover_T431 12
Cover_T432 26
Cover_T433 0
Cover_T434 30
Cover_T435 10
Cover_T436 42
Cover_T437 10
Cover_T438 46
Cover_T439 -8
Cover_T440 32
Cover_T441 -16
Cover_T442 32
Cover_T443 -16
Cover_T444 26
Cover_T445 -28
Cover_T446 28
Cover_T447 -28
Cover_T448 32
Cover_T449 -24
Cover_T450 28
Cover_T451 -24
Cover_T452 34
Cover_T453 -24
Cover_T454 34
Cover_T455 -24
Cover_T456 30
Cover_T457 -24
Cover_T458 30
Cover_T459 -24
Cover_T460 40
Cover_T461 -24
Cover_T462 40
Cover_T463 -26
Cover_T464 50
Cover_T465 -28
Cover_T466 48
Cover_T467 -28
Cover_T468 72
Cover_T469 -46
Cover_T470 46
Cover_T471 -38
Cover_T472 46
Cover_T473 -38
Cover_T474 56
Cover_T475 -40
Cover_T476 62
Cover_T477 -40
Cover_T478 54
Cover_T479 40
Cover_T480 12
Cover_T481 16
Cover_T482 42
Cover_T483 44
Cover_T484 24
Cover_T485 20
Cover_T486 28
Cover_T487 122
Cover_T488 112
Cover_T489 68
Cover_T490 98
Cover_T491 944
Cover_T492 990
Cover_T493 1000
Cover_T494 870
Cover_T495 924
Cover_T496 910
Cover_T497 910
Cover_T498 0
Cover_T499 66
Cover_T500 -20
Cover_T501 54
Cover_T502 0
Cover_T503 52
Cover_T504 52
Cover_T505 -20
Cover_T506 64
Cover_T507 44
Cover_T508 44
Cover_T509 20
Cover_T510 70
Cover_T511 52
Cover_T512 74
Cover_T513 28
Cover_T514 -3.49925e-12
Cover_T515 44
Cover_T516 38
Cover_T517 62
Cover_T518 8
Cover_T519 54
Cover_T520 0
Cover_T521 34
Cover_T522 0
Cover_T523 12
Cover_T524 0
Cover_T525 58
Cover_T526 28
Cover_T527 30
Cover_T528 68
Count_D0 -984
Count_D1 -1000
Max_H0_P0 0
Max_H0_P1 0
Max_H0_P2 0
Max_H0_P3 0
Max_H0_P4 0
Max_H0_P5 1.97247e-11
Max_H0_P6 0
Max_H0_P7 0
Max_H0_P8 0
Max_H0_P9 0
Max_H0_P10 0
Max_H0_P11 0
Max_H0_P12 0
Max_H0_P13 0
Max_H0_P14 0
Max_H0_P15 0
Max_H0_P16 1.52856e-11
Max_H0_P17 0
Max_H0_P18 8.83736e-13
Max_H0_P19 4.95871e-12
Max_H0_P20 0
Max_H0_P21 4.82732e-13
Max_H0_P22 6.29558e-12
Max_H0_P23 0
Max_H0_P24 0
Max_H0_P25 0
Max_H0_P26 2.02149e-12
Max_H0_P27 0
Max_H0_P28 9.47686e-12
Max_H0_P29 -7.8586e-12
Max_H0_P30 7.76538e-12
Max_H0_P31 -3.54206e-12
Max_H0_P32 2.92471e-12
Max_H0_P33 -1.39592e-12
Max_H0_P34 2.03074e-12
Max_H0_P35 -1.14508e-11
Max_H0_P36 -3.88025e-13
Max_H0_P37 1.9094e-12
Max_H0_P38 -1.9094e-12
Max_H0_P39 -8.20677e-13
Max_H0_P40 -1.61116e-11
Max_H0_P41 1.90097e-11
Max_H0_P42 -1.22755e-11
Max_H0_P43 1.5507e-13
Max_H0_P44 2.84484e-12
Max_H0_P45 -1.47215e-12
Max_H0_P46 0
Max_H0_P47 0
Max_H0_P48 0
Max_H0_P49 0
Max_H0_P50 0
Max_H0_P51 0
Max_H0_P52 0
Max_H0_P53 0
Max_H0_P54 0
Max_H0_P55 0
Max_H0_P56 0
Max_H0_P57 0
Max_H0_P58 0
Max_H0_P59 0
Max_H0_P60 -5.99325e-12
Max_H0_P61 0
Max_H0_P62 0
Max_H0_P63 0
Max_H0_P64 0
Max_H0_P65 0
Max_H0_P66 0
Max_H0_P67 0
Max_H0_P68 0
Max_H0_P69 0
Max_H0_P70 0
Max_H0_P71 0
Max_H0_P72 0
Max_H0_P73 0
Max_H0_P74 0
Max_H0_P75 0
Max_H0_P76 0
Max_H0_P77 0
Max_H0_P78 8.41094e-12
Max_H0_P79 0
Max_H0_P80 0
Max_H0_P81 0
Max_H1_P0 0
Max_H1_P1 0
Max_H1_P2 0
Max_H1_P3 0
Max_H1_P4 -7.35412e-12
Max_H1_P5 0
Max_H1_P6 0
Max_H1_P7 0
Max_H1_P8 0
Max_H1_P9 0
Max_H1_P10 0
Max_H1_P11 0
Max_H1_P12 0
Max_H1_P13 0
Max_H1_P14 0
Max_H1_P15 0
Max_H1_P16 6.21814e-12
Max_H1_P17 4.07692e-12
Max_H1_P18 0
Max_H1_P19 2.10437e-12
Max_H1_P20 3.9666e-12
Max_H1_P21 6.17662e-12
Max_H1_P22 -2.83051e-12
Max_H1_P23 7.33102e-12
Max_H1_P24 -4.94937e-13
Max_H1_P25 9.8082e-12
Max_H1_P26 -1.64491e-12
Max_H1_P27 -9.18066e-12
Max_H1_P28 6.92624e-12
Max_H1_P29 -1.31603e-12
Max_H1_P30 -1.28954e-11
Max_H1_P31 -4.65941e-12
Max_H1_P32 7.59287e-12
Max_H1_P33 -9.95276e-12
Max_H1_P34 6.9999e-12
Max_H1_P35 -1.71654e-13
Max_H1_P36 5.06686e-12
Max_H1_P37 -6.08033e-12
Max_H1_P38 1.26451e-11
Max_H1_P39 -2.291e-12
Max_H1_P40 0
Max_H1_P41 7.36082e-12
Max_H1_P42 3.88932e-12
Max_H1_P43 2.99991e-12
Max_H1_P44 -3.83214e-12
Max_H1_P45 0
Max_H1_P46 0
Max_H1_P47 0
Max_H1_P48 0
Max_H1_P49 0
Max_H1_P50 0
Max_H1_P51 0
Max_H1_P52 0
Max_H1_P53 0
Max_H1_P54 0
Max_H1_P55 0
Max_H1_P56 0
Max_H1_P57 0
Max_H1_P58 0
Max_H1_P59 0
Max_H1_P60 0
Max_H1_P61 -6.34159e-12
Max_H1_P62 0
Max_H1_P63 0
Max_H1_P64 0
Max_H1_P65 0
Max_H1_P66 0
Max_H1_P67 0
Max_H1_P68 0
Max_H1_P69 0
Max_H1_P70 0
Max_H1_P71 0
Max_H1_P72 0
Max_H1_P73 0
Max_H1_P74 0
Max_H1_P75 0
Max_H1_P76 1.2168e-11
Max_H1_P77 -2.17426e-12
Max_H1_P78 0
Max_H1_P79 0
Max_H1_P80 0
Max_H1_P81 0
