
Branch and bound

  Entire solving process        :                           (Time    505.6)
  No feasible solution was found
  Best relaxation cost          :     60225.77 (Node     0) (Time    505.6)
  Lower bound after cuts        :     60225.77
  End lower bound               :     60225.77
  Deepest level reached         : 0
  Deepest real level reached    : 0
  Number of real nodes solved   : 1
  Stopping condition            : enough nodes explored

Problem identification

  Problem                       : <null>
  Machine                       : oslo2.gerad.lan

Solving process summary

  Linear relaxations            :        1
  Column generation iterations  :      149
  Shortest paths solved         :    10764
  Columns generated             :    71980

Instance characteristics

  Resources                     : 3
  Node types                    : no
  Arc types                     : no
  Strong resource windows       : no
  Weak resource windows         : no
  Resource windows (nodes)      : 3
  Resource values (arcs)        : 3
  Values on nodes               : no

  Rows                          : 1097
  Initial columns               : 416
  Tasks                         : 935
  Strong tasks                  : 695
  Weak tasks                    : 4
  Initial task constraints      : no
  Nodes                         : 1263
  Arc sets                      : 1
  Arcs                          : 38552
  Networks                      : 2
  Models                        : 1

Memory used per module (Megs)

  Parser (reused)               :      7.999
  Networks                      :     35.720
  Column generator              :     23.975
  Master problem                :     10.857
  -----------------
  Total                         :     70.553

Cpu time per module (seconds)

  Parser                        :        0.0
  Preprocessor                  :        0.0
  Lr solver manager             :        0.2
  Column generator              :      342.8
    (Shortest path)             :      324.4
  Master problem                :      162.6
  -------------------
  Total (without b&b)           :      505.6

Real elapsed time (seconds)

  Parser                        :        0.0
  Preprocessor                  :        0.0
  Lr solver manager             :        0.2
  Column generator              :      343.2
    (Shortest path)             :      324.4
  Master problem                :      162.8
  -------------------
  Total (without b&b)           :      506.1
