
Branch and bound

  Entire solving process        :                           (Time    111.0)
  No feasible solution was found
  Best relaxation cost          :     49875.20 (Node     0) (Time    111.0)
  Lower bound after cuts        :     49875.20
  End lower bound               :     49875.20
  Deepest level reached         : 0
  Deepest real level reached    : 0
  Number of real nodes solved   : 1
  Stopping condition            : enough nodes explored

Problem identification

  Problem                       : <null>
  Machine                       : oslo3.gerad.lan

Solving process summary

  Linear relaxations            :        1
  Column generation iterations  :      151
  Shortest paths solved         :     8698
  Columns generated             :    48760

Instance characteristics

  Resources                     : 3
  Node types                    : no
  Arc types                     : no
  Strong resource windows       : no
  Weak resource windows         : no
  Resource windows (nodes)      : 3
  Resource values (arcs)        : 3
  Values on nodes               : no

  Rows                          : 810
  Initial columns               : 358
  Tasks                         : 648
  Strong tasks                  : 426
  Weak tasks                    : 4
  Initial task constraints      : no
  Nodes                         : 976
  Arc sets                      : 1
  Arcs                          : 20580
  Networks                      : 2
  Models                        : 1

Memory used per module (Megs)

  Parser (reused)               :      4.488
  Networks                      :     24.580
  Column generator              :      4.117
  Master problem                :      7.863
  -----------------
  Total                         :     36.561

Cpu time per module (seconds)

  Parser                        :        0.0
  Preprocessor                  :        0.0
  Lr solver manager             :        0.1
  Column generator              :       26.5
    (Shortest path)             :       22.4
  Master problem                :       84.4
  -------------------
  Total (without b&b)           :      110.9

Real elapsed time (seconds)

  Parser                        :        0.0
  Preprocessor                  :        0.0
  Lr solver manager             :        0.1
  Column generator              :       26.4
    (Shortest path)             :       22.1
  Master problem                :       84.5
  -------------------
  Total (without b&b)           :      111.0
