
Branch and bound

  Entire solving process        :                           (Time     53.2)
  No feasible solution was found
  Best relaxation cost          :     38724.60 (Node     0) (Time     53.2)
  Lower bound after cuts        :     38724.60
  End lower bound               :     38724.60
  Deepest level reached         : 0
  Deepest real level reached    : 0
  Number of real nodes solved   : 1
  Stopping condition            : enough nodes explored

Problem identification

  Problem                       : <null>
  Machine                       : oslo2.gerad.lan

Solving process summary

  Linear relaxations            :        1
  Column generation iterations  :      114
  Shortest paths solved         :     7320
  Columns generated             :    38446

Instance characteristics

  Resources                     : 3
  Node types                    : no
  Arc types                     : no
  Strong resource windows       : no
  Weak resource windows         : no
  Resource windows (nodes)      : 3
  Resource values (arcs)        : 3
  Values on nodes               : no

  Rows                          : 719
  Initial columns               : 341
  Tasks                         : 557
  Strong tasks                  : 373
  Weak tasks                    : 4
  Initial task constraints      : no
  Nodes                         : 885
  Arc sets                      : 1
  Arcs                          : 15950
  Networks                      : 2
  Models                        : 1

Memory used per module (Megs)

  Parser (reused)               :      3.640
  Networks                      :     23.249
  Column generator              :      2.785
  Master problem                :      7.840
  -----------------
  Total                         :     33.874

Cpu time per module (seconds)

  Parser                        :        0.0
  Preprocessor                  :        0.0
  Lr solver manager             :        0.0
  Column generator              :       18.0
    (Shortest path)             :       14.8
  Master problem                :       35.1
  -------------------
  Total (without b&b)           :       53.2

Real elapsed time (seconds)

  Parser                        :        0.0
  Preprocessor                  :        0.0
  Lr solver manager             :        0.1
  Column generator              :       17.9
    (Shortest path)             :       15.0
  Master problem                :       35.2
  -------------------
  Total (without b&b)           :       53.2
