
Branch and bound

  Entire solving process        :                           (Time     48.3)
  No feasible solution was found
  Best relaxation cost          :     36051.96 (Node     0) (Time     48.3)
  Lower bound after cuts        :     36051.96
  End lower bound               :     36051.96
  Deepest level reached         : 0
  Deepest real level reached    : 0
  Number of real nodes solved   : 1
  Stopping condition            : enough nodes explored

Problem identification

  Problem                       : <null>
  Machine                       : oslo2.gerad.lan

Solving process summary

  Linear relaxations            :        1
  Column generation iterations  :      127
  Shortest paths solved         :     2446
  Columns generated             :    20034

Instance characteristics

  Resources                     : 3
  Node types                    : no
  Arc types                     : no
  Strong resource windows       : no
  Weak resource windows         : no
  Resource windows (nodes)      : 3
  Resource values (arcs)        : 3
  Values on nodes               : no

  Rows                          : 661
  Initial columns               : 2
  Tasks                         : 499
  Strong tasks                  : 495
  Weak tasks                    : 4
  Initial task constraints      : no
  Nodes                         : 827
  Arc sets                      : 1
  Arcs                          : 13236
  Networks                      : 2
  Models                        : 1

Memory used per module (Megs)

  Parser (reused)               :      3.035
  Networks                      :     18.768
  Column generator              :      4.601
  Master problem                :      6.782
  -----------------
  Total                         :     30.152

Cpu time per module (seconds)

  Parser                        :        0.0
  Preprocessor                  :        0.0
  Lr solver manager             :        0.1
  Column generator              :        5.7
    (Shortest path)             :        4.9
  Master problem                :       42.5
  -------------------
  Total (without b&b)           :       48.3

Real elapsed time (seconds)

  Parser                        :        0.0
  Preprocessor                  :        0.0
  Lr solver manager             :        0.0
  Column generator              :        5.9
    (Shortest path)             :        5.1
  Master problem                :       42.4
  -------------------
  Total (without b&b)           :       48.3
