
Branch and bound

  Entire solving process        :                           (Time     51.3)
  No feasible solution was found
  Best relaxation cost          :     37685.97 (Node     0) (Time     51.3)
  Lower bound after cuts        :     37685.97
  End lower bound               :     37685.97
  Deepest level reached         : 0
  Deepest real level reached    : 0
  Number of real nodes solved   : 1
  Stopping condition            : enough nodes explored

Problem identification

  Problem                       : <null>
  Machine                       : oslo2.gerad.lan

Solving process summary

  Linear relaxations            :        1
  Column generation iterations  :      110
  Shortest paths solved         :     6375
  Columns generated             :    35747

Instance characteristics

  Resources                     : 3
  Node types                    : no
  Arc types                     : no
  Strong resource windows       : no
  Weak resource windows         : no
  Resource windows (nodes)      : 3
  Resource values (arcs)        : 3
  Values on nodes               : no

  Rows                          : 710
  Initial columns               : 322
  Tasks                         : 548
  Strong tasks                  : 351
  Weak tasks                    : 4
  Initial task constraints      : no
  Nodes                         : 876
  Arc sets                      : 1
  Arcs                          : 15509
  Networks                      : 2
  Models                        : 1

Memory used per module (Megs)

  Parser (reused)               :      3.519
  Networks                      :     22.643
  Column generator              :      5.449
  Master problem                :      7.152
  -----------------
  Total                         :     35.244

Cpu time per module (seconds)

  Parser                        :        0.0
  Preprocessor                  :        0.0
  Lr solver manager             :        0.1
  Column generator              :       14.0
    (Shortest path)             :       11.7
  Master problem                :       37.1
  -------------------
  Total (without b&b)           :       51.3

Real elapsed time (seconds)

  Parser                        :        0.0
  Preprocessor                  :        0.0
  Lr solver manager             :        0.0
  Column generator              :       14.1
    (Shortest path)             :       11.7
  Master problem                :       37.2
  -------------------
  Total (without b&b)           :       51.3
