Cover_T0 52
Cover_T1 -52
Cover_T2 52
Cover_T3 -52
Cover_T4 52
Cover_T5 -52
Cover_T6 52
Cover_T7 -52
Cover_T8 52
Cover_T9 -52
Cover_T10 52
Cover_T11 -52
Cover_T12 52
Cover_T13 -52
Cover_T14 52
Cover_T15 -52
Cover_T16 52
Cover_T17 -52
Cover_T18 52
Cover_T19 -52
Cover_T20 52
Cover_T21 -52
Cover_T22 52
Cover_T23 -50
Cover_T24 56
Cover_T25 -48
Cover_T26 56
Cover_T27 -48
Cover_T28 56
Cover_T29 -48
Cover_T30 56
Cover_T31 -48
Cover_T32 52
Cover_T33 -48
Cover_T34 56
Cover_T35 -48
Cover_T36 54
Cover_T37 -46
Cover_T38 56
Cover_T39 -44
Cover_T40 56
Cover_T41 -46
Cover_T42 52
Cover_T43 -44
Cover_T44 50
Cover_T45 -44
Cover_T46 58
Cover_T47 -44
Cover_T48 54
Cover_T49 -46
Cover_T50 50
Cover_T51 -38
Cover_T52 54
Cover_T53 -36
Cover_T54 46
Cover_T55 -38
Cover_T56 50
Cover_T57 -38
Cover_T58 52
Cover_T59 -40
Cover_T60 52
Cover_T61 984
Cover_T62 1020
Cover_T63 972
Cover_T64 1004
Cover_T65 960
Cover_T66 988
Cover_T67 994
Cover_T68 1042
Cover_T69 990
Cover_T70 1036
Cover_T71 994
Cover_T72 14
Cover_T73 24
Cover_T74 32
Cover_T75 36
Cover_T76 44
Cover_T77 48
Cover_T78 14
Cover_T79 2
Cover_T80 7.24256e-11
Cover_T81 3.5137e-10
Cover_T82 -8.07404e-10
Cover_T83 -2
Cover_T84 0
Cover_T85 2
Cover_T86 0
Cover_T87 12
Cover_T88 0
Cover_T89 2
Cover_T90 0
Cover_T91 4
Cover_T92 4
Cover_T93 5.93337e-10
Cover_T94 -12
Cover_T95 -2
Cover_T96 6
Cover_T97 6
Cover_T98 6
Cover_T99 10
Cover_T100 -1.55978e-10
Cover_T101 6
Cover_T102 4
Cover_T103 22
Cover_T104 6
Cover_T105 -6
Cover_T106 2.52328e-10
Cover_T107 0
Cover_T108 2
Cover_T109 2.73019e-10
Cover_T110 -14
Cover_T111 2
Cover_T112 -34
Cover_T113 8
Cover_T114 6
Cover_T115 6
Cover_T116 -14
Cover_T117 22
Cover_T118 -2
Cover_T119 42
Cover_T120 -2
Cover_T121 2
Cover_T122 6
Cover_T123 22
Cover_T124 0
Cover_T125 10
Cover_T126 6
Cover_T127 10
Cover_T128 6
Cover_T129 2.03996e-09
Cover_T130 2
Cover_T131 2
Cover_T132 4
Cover_T133 6
Cover_T134 6
Cover_T135 8
Cover_T136 -10
Cover_T137 2
Cover_T138 -26
Cover_T139 8
Cover_T140 -42
Cover_T141 6
Cover_T142 4
Cover_T143 4
Cover_T144 6
Cover_T145 20
Cover_T146 6
Cover_T147 36
Cover_T148 6
Cover_T149 52
Cover_T150 -10
Cover_T151 6
Cover_T152 -6
Cover_T153 4
Cover_T154 -22
Cover_T155 4
Cover_T156 -38
Cover_T157 4
Cover_T158 -18
Cover_T159 22
Cover_T160 -38
Cover_T161 22
Cover_T162 -2
Cover_T163 42
Cover_T164 6
Cover_T165 26
Cover_T166 -14
Cover_T167 46
Cover_T168 6
Cover_T169 10
Cover_T170 2
Cover_T171 3.57963e-11
Cover_T172 4
Cover_T173 16
Cover_T174 -12
Cover_T175 16
Cover_T176 -4
Cover_T177 8
Cover_T178 -20
Cover_T179 10
Cover_T180 -36
Cover_T181 8
Cover_T182 2
Cover_T183 24
Cover_T184 6
Cover_T185 16
Cover_T186 0
Cover_T187 30
Cover_T188 2.7652e-09
Cover_T189 42
Cover_T190 2
Cover_T191 56
Cover_T192 -2
Cover_T193 14
Cover_T194 -14
Cover_T195 6
Cover_T196 -28
Cover_T197 12
Cover_T198 -40
Cover_T199 16
Cover_T200 0
Cover_T201 12
Cover_T202 -12
Cover_T203 16
Cover_T204 -28
Cover_T205 30
Cover_T206 -38
Cover_T207 50
Cover_T208 2
Cover_T209 62
Cover_T210 -2
Cover_T211 24
Cover_T212 -6
Cover_T213 36
Cover_T214 -2.47029e-10
Cover_T215 48
Cover_T216 -6
Cover_T217 66
Cover_T218 -10
Cover_T219 26
Cover_T220 -10
Cover_T221 28
Cover_T222 -12
Cover_T223 28
Cover_T224 -12
Cover_T225 28
Cover_T226 -14
Cover_T227 28
Cover_T228 -20
Cover_T229 30
Cover_T230 -18
Cover_T231 32
Cover_T232 -20
Cover_T233 32
Cover_T234 -20
Cover_T235 32
Cover_T236 -22
Cover_T237 32
Cover_T238 -22
Cover_T239 34
Cover_T240 -22
Cover_T241 36
Cover_T242 -26
Cover_T243 36
Cover_T244 -24
Cover_T245 36
Cover_T246 -32
Cover_T247 32
Cover_T248 -32
Cover_T249 40
Cover_T250 -32
Cover_T251 46
Cover_T252 -38
Cover_T253 54
Cover_T254 -38
Cover_T255 36
Cover_T256 -34
Cover_T257 44
Cover_T258 -32
Cover_T259 56
Cover_T260 -32
Cover_T261 42
Cover_T262 -40
Cover_T263 44
Cover_T264 -34
Cover_T265 48
Cover_T266 -32
Cover_T267 42
Cover_T268 -44
Cover_T269 42
Cover_T270 -42
Cover_T271 42
Cover_T272 -34
Cover_T273 54
Cover_T274 -44
Cover_T275 44
Cover_T276 -40
Cover_T277 44
Cover_T278 -38
Cover_T279 52
Cover_T280 -42
Cover_T281 54
Cover_T282 -40
Cover_T283 56
Cover_T284 -38
Cover_T285 44
Cover_T286 -40
Cover_T287 54
Cover_T288 -40
Cover_T289 58
Cover_T290 -40
Cover_T291 60
Cover_T292 -42
Cover_T293 54
Cover_T294 -44
Cover_T295 60
Cover_T296 -44
Cover_T297 52
Cover_T298 -52
Cover_T299 52
Cover_T300 -52
Cover_T301 56
Cover_T302 -48
Cover_T303 56
Cover_T304 -48
Cover_T305 52
Cover_T306 -52
Cover_T307 56
Cover_T308 -44
Cover_T309 60
Cover_T310 -44
Cover_T311 56
Cover_T312 -44
Cover_T313 54
Cover_T314 -48
Cover_T315 56
Cover_T316 -44
Cover_T317 54
Cover_T318 -48
Cover_T319 50
Cover_T320 -32
Cover_T321 50
Cover_T322 -42
Cover_T323 62
Cover_T324 -42
Cover_T325 54
Cover_T326 -40
Cover_T327 54
Cover_T328 -46
Cover_T329 1024
Cover_T330 980
Cover_T331 1016
Cover_T332 972
Cover_T333 1000
Cover_T334 964
Cover_T335 1000
Cover_T336 944
Cover_T337 992
Cover_T338 990
Cover_T339 1038
Cover_T340 982
Cover_T341 1040
Cover_T342 16
Cover_T343 22
Cover_T344 24
Cover_T345 26
Cover_T346 32
Cover_T347 34
Cover_T348 40
Cover_T349 44
Cover_T350 48
Cover_T351 10
Cover_T352 3.95122e-10
Cover_T353 10
Cover_T354 1.16184e-09
Cover_T355 -2
Cover_T356 -2
Cover_T357 6
Cover_T358 2
Cover_T359 4
Cover_T360 2
Cover_T361 4.55238e-10
Cover_T362 8
Cover_T363 6
Cover_T364 4.20298e-10
Cover_T365 -4.01826e-10
Cover_T366 2.59981e-10
Cover_T367 -2.04636e-12
Cover_T368 8
Cover_T369 0
Cover_T370 9.34961e-10
Cover_T371 -20
Cover_T372 1.60938e-10
Cover_T373 6
Cover_T374 -2.32484e-10
Cover_T375 -1.84101e-10
Cover_T376 20
Cover_T377 0
Cover_T378 4
Cover_T379 2
Cover_T380 4
Cover_T381 2.79224e-10
Cover_T382 10
Cover_T383 6
Cover_T384 6
Cover_T385 -6
Cover_T386 4
Cover_T387 -22
Cover_T388 6
Cover_T389 -38
Cover_T390 7.93167e-10
Cover_T391 6
Cover_T392 12
Cover_T393 -12
Cover_T394 32
Cover_T395 -6.84349e-10
Cover_T396 52
Cover_T397 -1.01396e-09
Cover_T398 12
Cover_T399 -2
Cover_T400 4.35135e-10
Cover_T401 9.18563e-11
Cover_T402 -3.38936e-10
Cover_T403 -6
Cover_T404 2
Cover_T405 -12
Cover_T406 0
Cover_T407 -2.17752e-10
Cover_T408 6
Cover_T409 -2
Cover_T410 12
Cover_T411 -4
Cover_T412 -3.25173e-11
Cover_T413 -24
Cover_T414 2
Cover_T415 -44
Cover_T416 4
Cover_T417 -2.72848e-11
Cover_T418 20
Cover_T419 2
Cover_T420 36
Cover_T421 2
Cover_T422 52
Cover_T423 2
Cover_T424 6
Cover_T425 -14
Cover_T426 4
Cover_T427 -10
Cover_T428 4
Cover_T429 -26
Cover_T430 4
Cover_T431 -42
Cover_T432 20
Cover_T433 -22
Cover_T434 16
Cover_T435 -38
Cover_T436 32
Cover_T437 2
Cover_T438 48
Cover_T439 -2
Cover_T440 28
Cover_T441 -2
Cover_T442 44
Cover_T443 -2
Cover_T444 4
Cover_T445 6
Cover_T446 8
Cover_T447 -12
Cover_T448 12
Cover_T449 2
Cover_T450 16
Cover_T451 -18
Cover_T452 12
Cover_T453 -14
Cover_T454 8.11838e-09
Cover_T455 -34
Cover_T456 20
Cover_T457 -1.48762e-10
Cover_T458 16
Cover_T459 2
Cover_T460 32
Cover_T461 6
Cover_T462 50
Cover_T463 6
Cover_T464 14
Cover_T465 -4
Cover_T466 10
Cover_T467 -22
Cover_T468 12
Cover_T469 -38
Cover_T470 12
Cover_T471 -2
Cover_T472 22
Cover_T473 -18
Cover_T474 30
Cover_T475 -38
Cover_T476 52
Cover_T477 -44
Cover_T478 64
Cover_T479 -6
Cover_T480 24
Cover_T481 -6
Cover_T482 36
Cover_T483 -6
Cover_T484 48
Cover_T485 -12
Cover_T486 68
Cover_T487 -10
Cover_T488 28
Cover_T489 -12
Cover_T490 30
Cover_T491 -12
Cover_T492 30
Cover_T493 -12
Cover_T494 30
Cover_T495 -20
Cover_T496 34
Cover_T497 -18
Cover_T498 36
Cover_T499 -22
Cover_T500 36
Cover_T501 -22
Cover_T502 38
Cover_T503 -22
Cover_T504 38
Cover_T505 -28
Cover_T506 38
Cover_T507 -26
Cover_T508 40
Cover_T509 -28
Cover_T510 40
Cover_T511 -26
Cover_T512 42
Cover_T513 -28
Cover_T514 42
Cover_T515 -32
Cover_T516 40
Cover_T517 -26
Cover_T518 38
Cover_T519 -32
Cover_T520 38
Cover_T521 -44
Cover_T522 40
Cover_T523 -32
Cover_T524 42
Cover_T525 -46
Cover_T526 36
Cover_T527 -30
Cover_T528 40
Cover_T529 -36
Cover_T530 52
Cover_T531 -48
Cover_T532 40
Cover_T533 -34
Cover_T534 54
Cover_T535 -32
Cover_T536 40
Cover_T537 -32
Cover_T538 56
Cover_T539 -34
Cover_T540 46
Cover_T541 -34
Cover_T542 42
Cover_T543 -32
Cover_T544 44
Cover_T545 -34
Cover_T546 46
Cover_T547 -32
Cover_T548 46
Cover_T549 -36
Cover_T550 52
Cover_T551 -40
Cover_T552 46
Cover_T553 -36
Cover_T554 40
Cover_T555 -40
Cover_T556 48
Cover_T557 -48
Cover_T558 56
Cover_T559 -36
Cover_T560 44
Cover_T561 -42
Cover_T562 42
Cover_T563 -36
Cover_T564 46
Cover_T565 -38
Cover_T566 42
Cover_T567 -38
Cover_T568 48
Cover_T569 -38
Cover_T570 54
Cover_T571 -44
Cover_T572 44
Cover_T573 -38
Cover_T574 50
Cover_T575 -38
Cover_T576 44
Cover_T577 -46
Cover_T578 46
Cover_T579 -42
Cover_T580 46
Cover_T581 -40
Cover_T582 44
Cover_T583 -44
Cover_T584 48
Cover_T585 -42
Cover_T586 52
Cover_T587 -42
Cover_T588 52
Cover_T589 -48
Cover_T590 52
Cover_T591 52
Cover_T592 -44
Cover_T593 58
Cover_T594 -44
Cover_T595 52
Cover_T596 -44
Cover_T597 52
Cover_T598 -44
Cover_T599 52
Cover_T600 -40
Cover_T601 48
Cover_T602 -40
Cover_T603 58
Cover_T604 -38
Cover_T605 48
Cover_T606 982
Cover_T607 1020
Cover_T608 976
Cover_T609 1014
Cover_T610 964
Cover_T611 1004
Cover_T612 960
Cover_T613 1000
Cover_T614 994
Cover_T615 1040
Cover_T616 986
Cover_T617 1032
Cover_T618 994
Cover_T619 1034
Cover_T620 990
Cover_T621 1040
Cover_T622 982
Cover_T623 1038
Cover_T624 994
Cover_T625 1036
Cover_T626 994
Cover_T627 18
Cover_T628 20
Cover_T629 24
Cover_T630 28
Cover_T631 28
Cover_T632 36
Cover_T633 40
Cover_T634 44
Cover_T635 6
Cover_T636 -2
Cover_T637 4
Cover_T638 0
Cover_T639 12
Cover_T640 -2
Cover_T641 0
Cover_T642 0
Cover_T643 0
Cover_T644 -2
Cover_T645 0
Cover_T646 0
Cover_T647 6
Cover_T648 -6.4643e-11
Cover_T649 4
Cover_T650 2
Cover_T651 0
Cover_T652 14
Cover_T653 2.69438e-10
Cover_T654 2
Cover_T655 6
Cover_T656 0
Cover_T657 -4
Cover_T658 0
Cover_T659 -16
Cover_T660 8
Cover_T661 6
Cover_T662 2
Cover_T663 6
Cover_T664 2
Cover_T665 -2
Cover_T666 0
Cover_T667 -4
Cover_T668 8
Cover_T669 4
Cover_T670 -4.32623e-11
Cover_T671 6
Cover_T672 12
Cover_T673 -2
Cover_T674 24
Cover_T675 0
Cover_T676 4
Cover_T677 6
Cover_T678 4
Cover_T679 -6
Cover_T680 10
Cover_T681 -22
Cover_T682 6
Cover_T683 -38
Cover_T684 4
Cover_T685 6
Cover_T686 6
Cover_T687 -10
Cover_T688 8.11497e-10
Cover_T689 6
Cover_T690 12
Cover_T691 -8
Cover_T692 24
Cover_T693 0
Cover_T694 36
Cover_T695 6
Cover_T696 48
Cover_T697 4
Cover_T698 9.21336e-10
Cover_T699 4
Cover_T700 12
Cover_T701 6
Cover_T702 24
Cover_T703 -6
Cover_T704 4
Cover_T705 -4
Cover_T706 16
Cover_T707 6
Cover_T708 8
Cover_T709 4
Cover_T710 2
Cover_T711 6
Cover_T712 -1.03281e-10
Cover_T713 4
Cover_T714 6
Cover_T715 -16
Cover_T716 12
Cover_T717 -36
Cover_T718 0
Cover_T719 6
Cover_T720 2
Cover_T721 4
Cover_T722 4
Cover_T723 -2.83217e-10
Cover_T724 24
Cover_T725 -4
Cover_T726 44
Cover_T727 -4
Cover_T728 2
Cover_T729 -24
Cover_T730 4
Cover_T731 -44
Cover_T732 8
Cover_T733 -28
Cover_T734 12
Cover_T735 -44
Cover_T736 4
Cover_T737 0
Cover_T738 16
Cover_T739 -4.63842e-10
Cover_T740 28
Cover_T741 4
Cover_T742 40
Cover_T743 -8
Cover_T744 52
Cover_T745 -4
Cover_T746 28
Cover_T747 -16
Cover_T748 40
Cover_T749 -4
Cover_T750 52
Cover_T751 0
Cover_T752 8
Cover_T753 6
Cover_T754 8
Cover_T755 -6
Cover_T756 4
Cover_T757 -18
Cover_T758 16
Cover_T759 -6
Cover_T760 12
Cover_T761 -18
Cover_T762 2
Cover_T763 -30
Cover_T764 14
Cover_T765 -42
Cover_T766 10
Cover_T767 0
Cover_T768 4
Cover_T769 6
Cover_T770 16
Cover_T771 -4
Cover_T772 30
Cover_T773 4
Cover_T774 18
Cover_T775 6
Cover_T776 36
Cover_T777 -4
Cover_T778 52
Cover_T779 -20
Cover_T780 20
Cover_T781 -36
Cover_T782 16
Cover_T783 -2
Cover_T784 12
Cover_T785 -18
Cover_T786 8
Cover_T787 -34
Cover_T788 30
Cover_T789 2
Cover_T790 42
Cover_T791 -6
Cover_T792 56
Cover_T793 -8.37674e-09
Cover_T794 68
Cover_T795 -2
Cover_T796 30
Cover_T797 9.73159e-11
Cover_T798 48
Cover_T799 -2
Cover_T800 58
Cover_T801 -8
Cover_T802 72
Cover_T803 -8
Cover_T804 32
Cover_T805 -8
Cover_T806 34
Cover_T807 -6
Cover_T808 34
Cover_T809 -8
Cover_T810 34
Cover_T811 -16
Cover_T812 36
Cover_T813 -16
Cover_T814 36
Cover_T815 -18
Cover_T816 38
Cover_T817 -16
Cover_T818 38
Cover_T819 -16
Cover_T820 40
Cover_T821 -22
Cover_T822 40
Cover_T823 -22
Cover_T824 42
Cover_T825 -26
Cover_T826 42
Cover_T827 -24
Cover_T828 42
Cover_T829 -24
Cover_T830 42
Cover_T831 -38
Cover_T832 40
Cover_T833 -26
Cover_T834 38
Cover_T835 -40
Cover_T836 38
Cover_T837 -28
Cover_T838 40
Cover_T839 -30
Cover_T840 42
Cover_T841 -44
Cover_T842 36
Cover_T843 -30
Cover_T844 40
Cover_T845 -30
Cover_T846 52
Cover_T847 -34
Cover_T848 44
Cover_T849 -30
Cover_T850 58
Cover_T851 -34
Cover_T852 40
Cover_T853 -34
Cover_T854 56
Cover_T855 -32
Cover_T856 48
Cover_T857 -34
Cover_T858 44
Cover_T859 -32
Cover_T860 44
Cover_T861 -32
Cover_T862 48
Cover_T863 -32
Cover_T864 48
Cover_T865 -36
Cover_T866 50
Cover_T867 -36
Cover_T868 56
Cover_T869 -38
Cover_T870 44
Cover_T871 -38
Cover_T872 50
Cover_T873 -40
Cover_T874 48
Cover_T875 -38
Cover_T876 46
Cover_T877 -42
Cover_T878 48
Cover_T879 -40
Cover_T880 60
Cover_T881 -40
Cover_T882 48
Cover_T883 -44
Cover_T884 62
Cover_T885 -40
Cover_T886 52
Cover_T887 -42
Cover_T888 52
Cover_T889 -42
Cover_T890 56
Cover_T891 -42
Cover_T892 62
Cover_T893 -44
Cover_T894 60
Cover_T895 -44
Cover_T896 52
Cover_T897 22
Cover_T898 -1.55566e-09
Cover_T899 26
Cover_T900 4
Cover_T901 22
Cover_T902 4
Cover_T903 12
Cover_T904 2
Cover_T905 16
Cover_T906 18
Cover_T907 8
Cover_T908 2
Cover_T909 1046
Cover_T910 0
Cover_T911 1046
Cover_T912 1022
Cover_T913 1046
Cover_T914 1022
Cover_T915 1046
Cover_T916 1014
Cover_T917 1034
Cover_T918 998
Cover_T919 1026
Cover_T920 1042
Cover_T921 1078
Cover_T922 1028
Cover_T923 1090
Cover_T924 1042
Cover_T925 1082
Cover_T926 1036
Cover_T927 1088
Cover_T928 0
Cover_T929 1082
Cover_T930 0
Cover_T931 68
Cover_T932 0
Cover_T933 74
Cover_T934 0
Cover_T935 74
Cover_T936 8
Cover_T937 74
Cover_T938 16
Cover_T939 28
Cover_T940 -44
Cover_T941 22
Cover_T942 -40
Cover_T943 44
Cover_T944 -42
Cover_T945 52
Cover_T946 -22
Cover_T947 48
Cover_T948 -2
Cover_T949 52
Cover_T950 0
Cover_T951 0
Cover_T952 52
Cover_T953 -28
Cover_T954 52
Cover_T955 -28
Cover_T956 8
Cover_T957 18
Cover_T958 38
Cover_T959 10
Cover_T960 54
Cover_T961 0
Cover_T962 40
Cover_T963 0
Cover_T964 56
Cover_T965 0
Cover_T966 0
Cover_T967 26
Cover_T968 0
Cover_T969 10
Cover_T970 10
Cover_T971 2
Cover_T972 6
Cover_T973 44
Cover_T974 18
Cover_T975 22
Cover_T976 0
Cover_T977 46
Cover_T978 12
Cover_T979 48
Cover_T980 34
Cover_T981 16
Cover_T982 0
Cover_T983 40
Cover_T984 14
Cover_T985 16
Cover_T986 0
Cover_T987 32
Cover_T988 30
Count_D0 -984
Count_D1 -1000
Max_H0_P0 0
Max_H0_P1 0
Max_H0_P2 0
Max_H0_P3 0
Max_H0_P4 0
Max_H0_P5 -6.63461e-11
Max_H0_P6 3.75882e-10
Max_H0_P7 0
Max_H0_P8 0
Max_H0_P9 0
Max_H0_P10 0
Max_H0_P11 0
Max_H0_P12 0
Max_H0_P13 0
Max_H0_P14 0
Max_H0_P15 -5.83262e-10
Max_H0_P16 -5.47189e-10
Max_H0_P17 -2.05338e-10
Max_H0_P18 5.14442e-11
Max_H0_P19 1.58402e-10
Max_H0_P20 1.6376e-10
Max_H0_P21 -4.86372e-11
Max_H0_P22 9.00577e-11
Max_H0_P23 6.84299e-11
Max_H0_P24 2.12699e-10
Max_H0_P25 7.45627e-11
Max_H0_P26 6.48658e-11
Max_H0_P27 7.87962e-11
Max_H0_P28 1.97815e-11
Max_H0_P29 1.30953e-11
Max_H0_P30 6.82403e-11
Max_H0_P31 8.67715e-11
Max_H0_P32 -8.75985e-11
Max_H0_P33 -4.53042e-11
Max_H0_P34 3.37965e-11
Max_H0_P35 7.68846e-11
Max_H0_P36 0
Max_H0_P37 5.43672e-11
Max_H0_P38 1.23098e-10
Max_H0_P39 4.98507e-11
Max_H0_P40 -1.10107e-10
Max_H0_P41 -8.33402e-11
Max_H0_P42 -4.39488e-11
Max_H0_P43 -1.99748e-10
Max_H0_P44 -1.04995e-10
Max_H0_P45 -4.05283e-11
Max_H0_P46 0
Max_H0_P47 0
Max_H0_P48 0
Max_H0_P49 0
Max_H0_P50 0
Max_H0_P51 0
Max_H0_P52 0
Max_H0_P53 0
Max_H0_P54 0
Max_H0_P55 0
Max_H0_P56 0
Max_H0_P57 0
Max_H0_P58 0
Max_H0_P59 0
Max_H0_P60 -2
Max_H0_P61 0
Max_H0_P62 0
Max_H0_P63 0
Max_H0_P64 0
Max_H0_P65 0
Max_H0_P66 0
Max_H0_P67 0
Max_H0_P68 0
Max_H0_P69 0
Max_H0_P70 0
Max_H0_P71 0
Max_H0_P72 0
Max_H0_P73 0
Max_H0_P74 0
Max_H0_P75 0
Max_H0_P76 0
Max_H0_P77 6.92684e-12
Max_H0_P78 0
Max_H0_P79 0
Max_H0_P80 0
Max_H0_P81 0
Max_H1_P0 0
Max_H1_P1 0
Max_H1_P2 0
Max_H1_P3 0
Max_H1_P4 0
Max_H1_P5 1.10463e-10
Max_H1_P6 5.27793e-10
Max_H1_P7 0
Max_H1_P8 0
Max_H1_P9 1.21728e-11
Max_H1_P10 0
Max_H1_P11 0
Max_H1_P12 0
Max_H1_P13 0
Max_H1_P14 0
Max_H1_P15 -6.40552e-10
Max_H1_P16 -5.47189e-10
Max_H1_P17 -6.80122e-11
Max_H1_P18 8.16271e-11
Max_H1_P19 1.4496e-10
Max_H1_P20 1.8224e-10
Max_H1_P21 2.00302e-11
Max_H1_P22 -3.8887e-11
Max_H1_P23 2.2196e-10
Max_H1_P24 2.15989e-10
Max_H1_P25 1.82745e-10
Max_H1_P26 8.89777e-11
Max_H1_P27 -1.01815e-11
Max_H1_P28 1.7323e-11
Max_H1_P29 5.69855e-11
Max_H1_P30 -5.06106e-11
Max_H1_P31 2.99776e-11
Max_H1_P32 -4.70895e-11
Max_H1_P33 1.38449e-11
Max_H1_P34 1.61561e-11
Max_H1_P35 -2.31259e-11
Max_H1_P36 9.04323e-13
Max_H1_P37 0
Max_H1_P38 6.33903e-11
Max_H1_P39 4.08143e-11
Max_H1_P40 -1.24309e-11
Max_H1_P41 -9.0985e-12
Max_H1_P42 -1.34439e-11
Max_H1_P43 -2.26085e-10
Max_H1_P44 -6.35447e-11
Max_H1_P45 -5.07414e-11
Max_H1_P46 6.28809e-11
Max_H1_P47 8.62523e-11
Max_H1_P48 0
Max_H1_P49 1.83178e-11
Max_H1_P50 0
Max_H1_P51 0
Max_H1_P52 0
Max_H1_P53 0
Max_H1_P54 0
Max_H1_P55 0
Max_H1_P56 0
Max_H1_P57 0
Max_H1_P58 -6.23714e-11
Max_H1_P59 -9.09424e-11
Max_H1_P60 -2
Max_H1_P61 0
Max_H1_P62 3.28173e-11
Max_H1_P63 -9.93934e-11
Max_H1_P64 0
Max_H1_P65 0
Max_H1_P66 0
Max_H1_P67 0
Max_H1_P68 0
Max_H1_P69 0
Max_H1_P70 0
Max_H1_P71 0
Max_H1_P72 0
Max_H1_P73 0
Max_H1_P74 0
Max_H1_P75 0
Max_H1_P76 0
Max_H1_P77 0
Max_H1_P78 0
Max_H1_P79 0
Max_H1_P80 0
Max_H1_P81 0
