
Branch and bound

  Entire solving process        :                           (Time    290.2)
  No feasible solution was found
  Best relaxation cost          :     69251.41 (Node     0) (Time    290.2)
  Lower bound after cuts        :     69251.41
  End lower bound               :     69251.41
  Deepest level reached         : 0
  Deepest real level reached    : 0
  Number of real nodes solved   : 1
  Stopping condition            : enough nodes explored

Problem identification

  Problem                       : <null>
  Machine                       : oslo5.gerad.lan

Solving process summary

  Linear relaxations            :        1
  Column generation iterations  :      122
  Shortest paths solved         :     6763
  Columns generated             :    62823

Instance characteristics

  Resources                     : 3
  Node types                    : no
  Arc types                     : no
  Strong resource windows       : no
  Weak resource windows         : no
  Resource windows (nodes)      : 3
  Resource values (arcs)        : 3
  Values on nodes               : no

  Rows                          : 1155
  Initial columns               : 532
  Tasks                         : 993
  Strong tasks                  : 664
  Weak tasks                    : 4
  Initial task constraints      : no
  Nodes                         : 1321
  Arc sets                      : 1
  Arcs                          : 43987
  Networks                      : 2
  Models                        : 1

Memory used per module (Megs)

  Parser (reused)               :      9.089
  Networks                      :     38.869
  Column generator              :     12.351
  Master problem                :     11.167
  -----------------
  Total                         :     62.387

Cpu time per module (seconds)

  Parser                        :        0.0
  Preprocessor                  :        0.0
  Lr solver manager             :        0.2
  Column generator              :      135.1
    (Shortest path)             :      118.8
  Master problem                :      154.9
  -------------------
  Total (without b&b)           :      290.2

Real elapsed time (seconds)

  Parser                        :        0.0
  Preprocessor                  :        0.0
  Lr solver manager             :        0.1
  Column generator              :      135.0
    (Shortest path)             :      118.6
  Master problem                :      155.0
  -------------------
  Total (without b&b)           :      290.2
