Cover_T0 52
Cover_T1 -52
Cover_T2 52
Cover_T3 -52
Cover_T4 52
Cover_T5 -52
Cover_T6 54
Cover_T7 -52
Cover_T8 54
Cover_T9 -50
Cover_T10 52
Cover_T11 -50
Cover_T12 52
Cover_T13 -50
Cover_T14 54
Cover_T15 -50
Cover_T16 54
Cover_T17 -48
Cover_T18 54
Cover_T19 -48
Cover_T20 54
Cover_T21 -48
Cover_T22 58
Cover_T23 -48
Cover_T24 62
Cover_T25 -44
Cover_T26 54
Cover_T27 -44
Cover_T28 52
Cover_T29 -42
Cover_T30 56
Cover_T31 -42
Cover_T32 54
Cover_T33 -46
Cover_T34 54
Cover_T35 -42
Cover_T36 52
Cover_T37 -36
Cover_T38 52
Cover_T39 -36
Cover_T40 60
Cover_T41 -28
Cover_T42 64
Cover_T43 34
Cover_T44 44
Cover_T45 970
Cover_T46 1042
Cover_T47 968
Cover_T48 1028
Cover_T49 964
Cover_T50 964
Cover_T51 972
Cover_T52 18
Cover_T53 -16
Cover_T54 30
Cover_T55 -8
Cover_T56 30
Cover_T57 -8
Cover_T58 4
Cover_T59 16
Cover_T60 12
Cover_T61 -6
Cover_T62 22
Cover_T63 -10
Cover_T64 2
Cover_T65 10
Cover_T66 -14
Cover_T67 -2
Cover_T68 -34
Cover_T69 -14
Cover_T70 2
Cover_T71 6
Cover_T72 14
Cover_T73 22
Cover_T74 8
Cover_T75 46
Cover_T76 8
Cover_T77 14
Cover_T78 -14
Cover_T79 6
Cover_T80 -38
Cover_T81 14
Cover_T82 6
Cover_T83 14
Cover_T84 0
Cover_T85 32
Cover_T86 8
Cover_T87 52
Cover_T88 6
Cover_T89 4
Cover_T90 26
Cover_T91 8
Cover_T92 6
Cover_T93 0
Cover_T94 28
Cover_T95 2
Cover_T96 8
Cover_T97 -18
Cover_T98 0
Cover_T99 2
Cover_T100 8
Cover_T101 -20
Cover_T102 0
Cover_T103 -8.61426e-09
Cover_T104 -6
Cover_T105 8
Cover_T106 -6
Cover_T107 2.10176e-10
Cover_T108 8
Cover_T109 6
Cover_T110 6
Cover_T111 18
Cover_T112 -26
Cover_T113 10
Cover_T114 10
Cover_T115 10
Cover_T116 4
Cover_T117 30
Cover_T118 -16
Cover_T119 50
Cover_T120 -36
Cover_T121 2
Cover_T122 28
Cover_T123 4
Cover_T124 8
Cover_T125 24
Cover_T126 16
Cover_T127 50
Cover_T128 8
Cover_T129 -2
Cover_T130 6.72639e-10
Cover_T131 2
Cover_T132 -30
Cover_T133 10
Cover_T134 0
Cover_T135 20
Cover_T136 0
Cover_T137 42
Cover_T138 6
Cover_T139 62
Cover_T140 22
Cover_T141 30
Cover_T142 28
Cover_T143 28
Cover_T144 -6.85822e-09
Cover_T145 16
Cover_T146 12
Cover_T147 12
Cover_T148 4
Cover_T149 12
Cover_T150 -6
Cover_T151 34
Cover_T152 -26
Cover_T153 8
Cover_T154 2
Cover_T155 22
Cover_T156 4
Cover_T157 36
Cover_T158 0
Cover_T159 58
Cover_T160 -4
Cover_T161 14
Cover_T162 -22
Cover_T163 36
Cover_T164 -38
Cover_T165 28
Cover_T166 -8
Cover_T167 20
Cover_T168 -8
Cover_T169 24
Cover_T170 -10
Cover_T171 44
Cover_T172 -10
Cover_T173 60
Cover_T174 -10
Cover_T175 18
Cover_T176 -16
Cover_T177 32
Cover_T178 -18
Cover_T179 26
Cover_T180 -20
Cover_T181 48
Cover_T182 -18
Cover_T183 40
Cover_T184 -22
Cover_T185 40
Cover_T186 -22
Cover_T187 28
Cover_T188 -42
Cover_T189 48
Cover_T190 -22
Cover_T191 36
Cover_T192 -22
Cover_T193 30
Cover_T194 -40
Cover_T195 56
Cover_T196 -28
Cover_T197 42
Cover_T198 -22
Cover_T199 70
Cover_T200 -22
Cover_T201 70
Cover_T202 -22
Cover_T203 70
Cover_T204 -34
Cover_T205 60
Cover_T206 52
Cover_T207 -50
Cover_T208 54
Cover_T209 -48
Cover_T210 54
Cover_T211 -48
Cover_T212 58
Cover_T213 -48
Cover_T214 56
Cover_T215 -42
Cover_T216 56
Cover_T217 -42
Cover_T218 56
Cover_T219 -44
Cover_T220 50
Cover_T221 -42
Cover_T222 54
Cover_T223 -34
Cover_T224 50
Cover_T225 -38
Cover_T226 62
Cover_T227 -16
Cover_T228 52
Cover_T229 -28
Cover_T230 56
Cover_T231 46
Cover_T232 44
Cover_T233 36
Cover_T234 44
Cover_T235 958
Cover_T236 1020
Cover_T237 972
Cover_T238 1024
Cover_T239 960
Cover_T240 952
Cover_T241 972
Cover_T242 952
Cover_T243 972
Cover_T244 16
Cover_T245 -24
Cover_T246 30
Cover_T247 -16
Cover_T248 20
Cover_T249 16
Cover_T250 20
Cover_T251 -24
Cover_T252 26
Cover_T253 -1.41159e-10
Cover_T254 2
Cover_T255 -8
Cover_T256 -18
Cover_T257 -16
Cover_T258 -42
Cover_T259 8
Cover_T260 -10
Cover_T261 28
Cover_T262 -6.82832e-12
Cover_T263 48
Cover_T264 -4
Cover_T265 12
Cover_T266 -5.21782e-10
Cover_T267 0
Cover_T268 -18
Cover_T269 4
Cover_T270 -38
Cover_T271 0
Cover_T272 10
Cover_T273 20
Cover_T274 2
Cover_T275 44
Cover_T276 6
Cover_T277 -1.26784e-09
Cover_T278 0
Cover_T279 8
Cover_T280 16
Cover_T281 4
Cover_T282 0
Cover_T283 8
Cover_T284 14
Cover_T285 -12
Cover_T286 4.82441e-10
Cover_T287 1.11459e-09
Cover_T288 0
Cover_T289 -14
Cover_T290 0
Cover_T291 0
Cover_T292 0
Cover_T293 4.13829e-11
Cover_T294 -1.60081e-10
Cover_T295 5.51581e-11
Cover_T296 8.30624e-11
Cover_T297 -1.24824e-09
Cover_T298 0
Cover_T299 0
Cover_T300 1.53996e-10
Cover_T301 0
Cover_T302 -10
Cover_T303 7.71845e-11
Cover_T304 -30
Cover_T305 0
Cover_T306 -50
Cover_T307 16
Cover_T308 4
Cover_T309 48
Cover_T310 -28
Cover_T311 4
Cover_T312 24
Cover_T313 26
Cover_T314 -5.95648e-10
Cover_T315 52
Cover_T316 -7.02646e-10
Cover_T317 -12
Cover_T318 4
Cover_T319 0
Cover_T320 0
Cover_T321 4.88991e-10
Cover_T322 -12
Cover_T323 -4
Cover_T324 -30
Cover_T325 2
Cover_T326 -50
Cover_T327 30
Cover_T328 -3.3576e-10
Cover_T329 58
Cover_T330 26
Cover_T331 20
Cover_T332 16
Cover_T333 26
Cover_T334 16
Cover_T335 24
Cover_T336 12
Cover_T337 22
Cover_T338 -10
Cover_T339 14
Cover_T340 -40
Cover_T341 22
Cover_T342 -8
Cover_T343 42
Cover_T344 -16
Cover_T345 64
Cover_T346 -4
Cover_T347 32
Cover_T348 -30
Cover_T349 18
Cover_T350 -8
Cover_T351 24
Cover_T352 -10
Cover_T353 52
Cover_T354 -10
Cover_T355 22
Cover_T356 -14
Cover_T357 22
Cover_T358 -14
Cover_T359 22
Cover_T360 -14
Cover_T361 22
Cover_T362 -16
Cover_T363 24
Cover_T364 -14
Cover_T365 22
Cover_T366 -28
Cover_T367 28
Cover_T368 -40
Cover_T369 34
Cover_T370 -24
Cover_T371 34
Cover_T372 -18
Cover_T373 54
Cover_T374 -40
Cover_T375 38
Cover_T376 -32
Cover_T377 32
Cover_T378 -28
Cover_T379 52
Cover_T380 -22
Cover_T381 40
Cover_T382 -42
Cover_T383 28
Cover_T384 -22
Cover_T385 22
Cover_T386 -22
Cover_T387 42
Cover_T388 -40
Cover_T389 28
Cover_T390 -28
Cover_T391 34
Cover_T392 -48
Cover_T393 40
Cover_T394 -42
Cover_T395 50
Cover_T396 -34
Cover_T397 60
Cover_T398 -22
Cover_T399 66
Cover_T400 -44
Cover_T401 52
Cover_T402 -34
Cover_T403 54
Cover_T404 -44
Cover_T405 58
Cover_T406 -44
Cover_T407 58
Cover_T408 -46
Cover_T409 60
Cover_T410 -38
Cover_T411 66
Cover_T412 -22
Cover_T413 66
Cover_T414 50
Cover_T415 54
Cover_T416 40
Cover_T417 56
Cover_T418 970
Cover_T419 1040
Cover_T420 960
Cover_T421 1036
Cover_T422 972
Cover_T423 1040
Cover_T424 960
Cover_T425 1008
Cover_T426 972
Cover_T427 1032
Cover_T428 960
Cover_T429 944
Cover_T430 972
Cover_T431 944
Cover_T432 972
Cover_T433 -2
Cover_T434 -24
Cover_T435 22
Cover_T436 -24
Cover_T437 30
Cover_T438 -8
Cover_T439 14
Cover_T440 -16
Cover_T441 -4
Cover_T442 3.159e-09
Cover_T443 12
Cover_T444 16
Cover_T445 28
Cover_T446 -14
Cover_T447 12
Cover_T448 -18
Cover_T449 -8
Cover_T450 6
Cover_T451 -32
Cover_T452 -2
Cover_T453 0
Cover_T454 -10
Cover_T455 8
Cover_T456 10
Cover_T457 0
Cover_T458 32
Cover_T459 4
Cover_T460 52
Cover_T461 -14
Cover_T462 16
Cover_T463 -34
Cover_T464 4
Cover_T465 14
Cover_T466 8
Cover_T467 10
Cover_T468 4
Cover_T469 6
Cover_T470 20
Cover_T471 2
Cover_T472 36
Cover_T473 4
Cover_T474 52
Cover_T475 28
Cover_T476 0
Cover_T477 12
Cover_T478 3.28924e-10
Cover_T479 4
Cover_T480 0
Cover_T481 22
Cover_T482 4
Cover_T483 6
Cover_T484 2
Cover_T485 -2
Cover_T486 -14
Cover_T487 2
Cover_T488 2
Cover_T489 4
Cover_T490 -8
Cover_T491 1.85861e-09
Cover_T492 4
Cover_T493 16
Cover_T494 0
Cover_T495 -6
Cover_T496 8
Cover_T497 4
Cover_T498 14
Cover_T499 -16
Cover_T500 14
Cover_T501 -36
Cover_T502 -6
Cover_T503 12
Cover_T504 14
Cover_T505 0
Cover_T506 4
Cover_T507 -8
Cover_T508 20
Cover_T509 -24
Cover_T510 36
Cover_T511 -40
Cover_T512 52
Cover_T513 28
Cover_T514 0
Cover_T515 12
Cover_T516 -2
Cover_T517 -1.52018e-10
Cover_T518 14
Cover_T519 8
Cover_T520 30
Cover_T521 16
Cover_T522 48
Cover_T523 -4
Cover_T524 -16
Cover_T525 0
Cover_T526 0
Cover_T527 -18
Cover_T528 -4
Cover_T529 -38
Cover_T530 0
Cover_T531 4
Cover_T532 24
Cover_T533 4
Cover_T534 18
Cover_T535 16
Cover_T536 32
Cover_T537 0
Cover_T538 46
Cover_T539 18
Cover_T540 74
Cover_T541 28
Cover_T542 28
Cover_T543 8
Cover_T544 24
Cover_T545 16
Cover_T546 14
Cover_T547 20
Cover_T548 0
Cover_T549 0
Cover_T550 22
Cover_T551 -26
Cover_T552 26
Cover_T553 16
Cover_T554 22
Cover_T555 6
Cover_T556 28
Cover_T557 4
Cover_T558 46
Cover_T559 -14
Cover_T560 68
Cover_T561 -34
Cover_T562 32
Cover_T563 -8
Cover_T564 28
Cover_T565 -8
Cover_T566 18
Cover_T567 -8
Cover_T568 36
Cover_T569 -10
Cover_T570 54
Cover_T571 -14
Cover_T572 32
Cover_T573 -14
Cover_T574 24
Cover_T575 -14
Cover_T576 18
Cover_T577 -34
Cover_T578 28
Cover_T579 -22
Cover_T580 24
Cover_T581 -18
Cover_T582 26
Cover_T583 -32
Cover_T584 40
Cover_T585 -20
Cover_T586 56
Cover_T587 -40
Cover_T588 36
Cover_T589 -28
Cover_T590 26
Cover_T591 -26
Cover_T592 44
Cover_T593 -22
Cover_T594 44
Cover_T595 -22
Cover_T596 44
Cover_T597 -22
Cover_T598 62
Cover_T599 -22
Cover_T600 52
Cover_T601 -22
Cover_T602 82
Cover_T603 -22
Cover_T604 82
Cover_T605 -22
Cover_T606 82
Cover_T607 -34
Cover_T608 12
Cover_T609 6
Cover_T610 14
Cover_T611 3.75474e-09
Cover_T612 -2.68378e-09
Cover_T613 8
Cover_T614 5.25919e-09
Cover_T615 28
Cover_T616 100
Cover_T617 20
Cover_T618 88
Cover_T619 96
Cover_T620 70
Cover_T621 84
Cover_T622 58
Cover_T623 1018
Cover_T624 1066
Cover_T625 1020
Cover_T626 1066
Cover_T627 1020
Cover_T628 1034
Cover_T629 926
Cover_T630 1058
Cover_T631 938
Cover_T632 970
Cover_T633 950
Cover_T634 978
Cover_T635 962
Cover_T636 18
Cover_T637 -38
Cover_T638 52
Cover_T639 -30
Cover_T640 52
Cover_T641 -6
Cover_T642 52
Cover_T643 52
Cover_T644 -22
Cover_T645 60
Cover_T646 0
Cover_T647 44
Cover_T648 50
Cover_T649 64
Cover_T650 54
Cover_T651 64
Cover_T652 34
Cover_T653 68
Cover_T654 14
Cover_T655 42
Cover_T656 0
Cover_T657 0
Cover_T658 0
Cover_T659 0
Cover_T660 20
Cover_T661 26
Cover_T662 50
Cover_T663 30
Cover_T664 28
Cover_T665 38
Cover_T666 52
Cover_T667 16
Cover_T668 8
Cover_T669 0
Cover_T670 38
Cover_T671 6
Cover_T672 36
Count_D0 -984
Count_D1 -1000
Max_H0_P0 0
Max_H0_P1 0
Max_H0_P2 0
Max_H0_P3 0
Max_H0_P4 0
Max_H0_P5 0
Max_H0_P6 0
Max_H0_P7 0
Max_H0_P8 0
Max_H0_P9 0
Max_H0_P10 0
Max_H0_P11 0
Max_H0_P12 0
Max_H0_P13 0
Max_H0_P14 0
Max_H0_P15 0
Max_H0_P16 -0
Max_H0_P17 5.05554e-11
Max_H0_P18 9.58708e-11
Max_H0_P19 0
Max_H0_P20 8.15814e-11
Max_H0_P21 -8.15814e-11
Max_H0_P22 5.09144e-11
Max_H0_P23 -1.1261e-10
Max_H0_P24 -4.90434e-11
Max_H0_P25 -1.0688e-10
Max_H0_P26 -1.97111e-11
Max_H0_P27 0
Max_H0_P28 -1.61653e-10
Max_H0_P29 -1.07671e-10
Max_H0_P30 2.20054e-10
Max_H0_P31 -1.98074e-10
Max_H0_P32 -3.53114e-11
Max_H0_P33 2.40372e-10
Max_H0_P34 0
Max_H0_P35 -2.53907e-10
Max_H0_P36 -3.85753e-12
Max_H0_P37 7.92002e-11
Max_H0_P38 1.88081e-11
Max_H0_P39 8.03917e-11
Max_H0_P40 8.43065e-11
Max_H0_P41 1.37309e-11
Max_H0_P42 1.219e-10
Max_H0_P43 0
Max_H0_P44 3.38852e-12
Max_H0_P45 0
Max_H0_P46 0
Max_H0_P47 0
Max_H0_P48 0
Max_H0_P49 0
Max_H0_P50 0
Max_H0_P51 0
Max_H0_P52 0
Max_H0_P53 0
Max_H0_P54 0
Max_H0_P55 0
Max_H0_P56 0
Max_H0_P57 0
Max_H0_P58 0
Max_H0_P59 0
Max_H0_P60 6.98819e-11
Max_H0_P61 0
Max_H0_P62 0
Max_H0_P63 0
Max_H0_P64 0
Max_H0_P65 0
Max_H0_P66 0
Max_H0_P67 0
Max_H0_P68 0
Max_H0_P69 0
Max_H0_P70 0
Max_H0_P71 0
Max_H0_P72 0
Max_H0_P73 0
Max_H0_P74 0
Max_H0_P75 0
Max_H0_P76 0
Max_H0_P77 0
Max_H0_P78 0
Max_H0_P79 0
Max_H0_P80 0
Max_H0_P81 0
Max_H1_P0 0
Max_H1_P1 0
Max_H1_P2 0
Max_H1_P3 -4.69832e-10
Max_H1_P4 0
Max_H1_P5 0
Max_H1_P6 5.518e-10
Max_H1_P7 0
Max_H1_P8 0
Max_H1_P9 0
Max_H1_P10 0
Max_H1_P11 0
Max_H1_P12 0
Max_H1_P13 0
Max_H1_P14 0
Max_H1_P15 0
Max_H1_P16 0
Max_H1_P17 1.61691e-10
Max_H1_P18 1.19316e-10
Max_H1_P19 -1.51468e-10
Max_H1_P20 1.17502e-10
Max_H1_P21 0
Max_H1_P22 5.46496e-12
Max_H1_P23 7.46754e-11
Max_H1_P24 6.93419e-11
Max_H1_P25 0
Max_H1_P26 -5.47732e-11
Max_H1_P27 0
Max_H1_P28 -4.13829e-11
Max_H1_P29 7.04167e-11
Max_H1_P30 -9.47455e-11
Max_H1_P31 1.48759e-10
Max_H1_P32 -1.03311e-10
Max_H1_P33 2.59348e-13
Max_H1_P34 5.18394e-12
Max_H1_P35 3.2488e-10
Max_H1_P36 -3.0667e-11
Max_H1_P37 7.56202e-11
Max_H1_P38 -1.40266e-10
Max_H1_P39 -1.84507e-10
Max_H1_P40 1.37157e-10
Max_H1_P41 0
Max_H1_P42 1.35631e-10
Max_H1_P43 -2.56224e-10
Max_H1_P44 -8.48324e-11
Max_H1_P45 -3.16501e-10
Max_H1_P46 3.95008e-10
Max_H1_P47 0
Max_H1_P48 0
Max_H1_P49 0
Max_H1_P50 0
Max_H1_P51 0
Max_H1_P52 0
Max_H1_P53 3.92471e-11
Max_H1_P54 0
Max_H1_P55 0
Max_H1_P56 0
Max_H1_P57 0
Max_H1_P58 0
Max_H1_P59 0
Max_H1_P60 0
Max_H1_P61 0
Max_H1_P62 0
Max_H1_P63 -3.16989e-10
Max_H1_P64 0
Max_H1_P65 0
Max_H1_P66 0
Max_H1_P67 0
Max_H1_P68 0
Max_H1_P69 0
Max_H1_P70 0
Max_H1_P71 0
Max_H1_P72 0
Max_H1_P73 0
Max_H1_P74 0
Max_H1_P75 0
Max_H1_P76 -7.09832e-12
Max_H1_P77 0
Max_H1_P78 -7.18178e-11
Max_H1_P79 0
Max_H1_P80 0
Max_H1_P81 0
