
Branch and bound

  Entire solving process        :                           (Time    151.5)
  No feasible solution was found
  Best relaxation cost          :     49560.93 (Node     0) (Time    151.5)
  Lower bound after cuts        :     49560.93
  End lower bound               :     49560.93
  Deepest level reached         : 0
  Deepest real level reached    : 0
  Number of real nodes solved   : 1
  Stopping condition            : enough nodes explored

Problem identification

  Problem                       : <null>
  Machine                       : oslo1.gerad.lan

Solving process summary

  Linear relaxations            :        1
  Column generation iterations  :      150
  Shortest paths solved         :     3500
  Columns generated             :    34505

Instance characteristics

  Resources                     : 3
  Node types                    : no
  Arc types                     : no
  Strong resource windows       : no
  Weak resource windows         : no
  Resource windows (nodes)      : 3
  Resource values (arcs)        : 3
  Values on nodes               : no

  Rows                          : 839
  Initial columns               : 2
  Tasks                         : 677
  Strong tasks                  : 673
  Weak tasks                    : 4
  Initial task constraints      : no
  Nodes                         : 1005
  Arc sets                      : 1
  Arcs                          : 22224
  Networks                      : 2
  Models                        : 1

Memory used per module (Megs)

  Parser (reused)               :      4.851
  Networks                      :     24.217
  Column generator              :     11.261
  Master problem                :      8.287
  -----------------
  Total                         :     43.765

Cpu time per module (seconds)

  Parser                        :        0.0
  Preprocessor                  :        0.0
  Lr solver manager             :        0.1
  Column generator              :       23.0
    (Shortest path)             :       20.4
  Master problem                :      128.5
  -------------------
  Total (without b&b)           :      151.5

Real elapsed time (seconds)

  Parser                        :        0.0
  Preprocessor                  :        0.0
  Lr solver manager             :        0.1
  Column generator              :       23.0
    (Shortest path)             :       20.3
  Master problem                :      128.4
  -------------------
  Total (without b&b)           :      151.5
