
Branch and bound

  Entire solving process        :                           (Time     35.3)
  No feasible solution was found
  Best relaxation cost          :     37760.90 (Node     0) (Time     35.3)
  Lower bound after cuts        :     37760.90
  End lower bound               :     37760.90
  Deepest level reached         : 0
  Deepest real level reached    : 0
  Number of real nodes solved   : 1
  Stopping condition            : enough nodes explored

Problem identification

  Problem                       : <null>
  Machine                       : oslo3.gerad.lan

Solving process summary

  Linear relaxations            :        1
  Column generation iterations  :       95
  Shortest paths solved         :     5574
  Columns generated             :    28338

Instance characteristics

  Resources                     : 3
  Node types                    : no
  Arc types                     : no
  Strong resource windows       : no
  Weak resource windows         : no
  Resource windows (nodes)      : 3
  Resource values (arcs)        : 3
  Values on nodes               : no

  Rows                          : 682
  Initial columns               : 315
  Tasks                         : 520
  Strong tasks                  : 341
  Weak tasks                    : 4
  Initial task constraints      : no
  Nodes                         : 848
  Arc sets                      : 1
  Arcs                          : 14308
  Networks                      : 2
  Models                        : 1

Memory used per module (Megs)

  Parser (reused)               :      3.277
  Networks                      :     21.553
  Column generator              :      3.390
  Master problem                :      6.737
  -----------------
  Total                         :     31.680

Cpu time per module (seconds)

  Parser                        :        0.0
  Preprocessor                  :        0.0
  Lr solver manager             :        0.0
  Column generator              :       10.5
    (Shortest path)             :        8.7
  Master problem                :       24.8
  -------------------
  Total (without b&b)           :       35.3

Real elapsed time (seconds)

  Parser                        :        0.0
  Preprocessor                  :        0.0
  Lr solver manager             :        0.0
  Column generator              :       10.5
    (Shortest path)             :        8.7
  Master problem                :       24.8
  -------------------
  Total (without b&b)           :       35.3
