
Branch and bound

  Entire solving process        :                           (Time   5290.9)
  No feasible solution was found
  Best relaxation cost          :     66574.03 (Node     0) (Time   5290.8)
  Lower bound after cuts        :     66574.03
  End lower bound               :     66574.03
  Deepest level reached         : 0
  Deepest real level reached    : 0
  Number of real nodes solved   : 1
  Stopping condition            : enough nodes explored

Problem identification

  Problem                       : <null>
  Machine                       : oslo3.gerad.lan

Solving process summary

  Linear relaxations            :        1
  Column generation iterations  :      486
  Shortest paths solved         :     9207
  Columns generated             :   106008

Instance characteristics

  Resources                     : 3
  Node types                    : no
  Arc types                     : no
  Strong resource windows       : no
  Weak resource windows         : no
  Resource windows (nodes)      : 3
  Resource values (arcs)        : 3
  Values on nodes               : no

  Rows                          : 1188
  Initial columns               : 2
  Tasks                         : 1026
  Strong tasks                  : 1022
  Weak tasks                    : 4
  Initial task constraints      : no
  Nodes                         : 1354
  Arc sets                      : 1
  Arcs                          : 45169
  Networks                      : 2
  Models                        : 1

Memory used per module (Megs)

  Parser (reused)               :      9.210
  Networks                      :     37.416
  Column generator              :     24.459
  Master problem                :     11.568
  -----------------
  Total                         :     73.443

Cpu time per module (seconds)

  Parser                        :        0.0
  Preprocessor                  :        0.0
  Lr solver manager             :        0.3
  Column generator              :      457.6
    (Shortest path)             :      428.3
  Master problem                :     4832.9
  -------------------
  Total (without b&b)           :     5290.8

Real elapsed time (seconds)

  Parser                        :        0.0
  Preprocessor                  :        0.0
  Lr solver manager             :        0.3
  Column generator              :      457.6
    (Shortest path)             :      429.1
  Master problem                :     4832.9
  -------------------
  Total (without b&b)           :     5290.9
