
Branch and bound

  Entire solving process        :                           (Time    774.3)
  No feasible solution was found
  Best relaxation cost          :     71510.97 (Node     0) (Time    774.3)
  Lower bound after cuts        :     71510.97
  End lower bound               :     71510.97
  Deepest level reached         : 0
  Deepest real level reached    : 0
  Number of real nodes solved   : 1
  Stopping condition            : enough nodes explored

Problem identification

  Problem                       : <null>
  Machine                       : oslo4.gerad.lan

Solving process summary

  Linear relaxations            :        1
  Column generation iterations  :      135
  Shortest paths solved         :     7642
  Columns generated             :    73794

Instance characteristics

  Resources                     : 3
  Node types                    : no
  Arc types                     : no
  Strong resource windows       : no
  Weak resource windows         : no
  Resource windows (nodes)      : 3
  Resource values (arcs)        : 3
  Values on nodes               : no

  Rows                          : 1276
  Initial columns               : 527
  Tasks                         : 1114
  Strong tasks                  : 793
  Weak tasks                    : 4
  Initial task constraints      : no
  Nodes                         : 1442
  Arc sets                      : 1
  Arcs                          : 52892
  Networks                      : 2
  Models                        : 1

Memory used per module (Megs)

  Parser (reused)               :     10.784
  Networks                      :     42.743
  Column generator              :     33.178
  Master problem                :     12.271
  -----------------
  Total                         :     88.192

Cpu time per module (seconds)

  Parser                        :        0.0
  Preprocessor                  :        0.0
  Lr solver manager             :        0.2
  Column generator              :      373.9
    (Shortest path)             :      353.2
  Master problem                :      400.1
  -------------------
  Total (without b&b)           :      774.2

Real elapsed time (seconds)

  Parser                        :        0.0
  Preprocessor                  :        0.0
  Lr solver manager             :        0.1
  Column generator              :      374.1
    (Shortest path)             :      353.9
  Master problem                :      400.0
  -------------------
  Total (without b&b)           :      774.3
