
Branch and bound

  Entire solving process        :                           (Time     35.8)
  No feasible solution was found
  Best relaxation cost          :     35665.93 (Node     0) (Time     35.8)
  Lower bound after cuts        :     35665.93
  End lower bound               :     35665.93
  Deepest level reached         : 0
  Deepest real level reached    : 0
  Number of real nodes solved   : 1
  Stopping condition            : enough nodes explored

Problem identification

  Problem                       : <null>
  Machine                       : oslo2.gerad.lan

Solving process summary

  Linear relaxations            :        1
  Column generation iterations  :      107
  Shortest paths solved         :     2155
  Columns generated             :    18507

Instance characteristics

  Resources                     : 3
  Node types                    : no
  Arc types                     : no
  Strong resource windows       : no
  Weak resource windows         : no
  Resource windows (nodes)      : 3
  Resource values (arcs)        : 3
  Values on nodes               : no

  Rows                          : 653
  Initial columns               : 2
  Tasks                         : 491
  Strong tasks                  : 487
  Weak tasks                    : 4
  Initial task constraints      : no
  Nodes                         : 819
  Arc sets                      : 1
  Arcs                          : 13050
  Networks                      : 2
  Models                        : 1

Memory used per module (Megs)

  Parser (reused)               :      3.035
  Networks                      :     18.163
  Column generator              :      2.664
  Master problem                :      6.669
  -----------------
  Total                         :     27.495

Cpu time per module (seconds)

  Parser                        :        0.0
  Preprocessor                  :        0.0
  Lr solver manager             :        0.0
  Column generator              :        5.0
    (Shortest path)             :        4.3
  Master problem                :       30.8
  -------------------
  Total (without b&b)           :       35.8

Real elapsed time (seconds)

  Parser                        :        0.0
  Preprocessor                  :        0.0
  Lr solver manager             :        0.1
  Column generator              :        5.0
    (Shortest path)             :        4.1
  Master problem                :       30.8
  -------------------
  Total (without b&b)           :       35.8
