
Branch and bound

  Entire solving process        :                           (Time     35.3)
  No feasible solution was found
  Best relaxation cost          :     35558.72 (Node     0) (Time     35.3)
  Lower bound after cuts        :     35558.72
  End lower bound               :     35558.72
  Deepest level reached         : 0
  Deepest real level reached    : 0
  Number of real nodes solved   : 1
  Stopping condition            : enough nodes explored

Problem identification

  Problem                       : <null>
  Machine                       : oslo5.gerad.lan

Solving process summary

  Linear relaxations            :        1
  Column generation iterations  :       96
  Shortest paths solved         :     5962
  Columns generated             :    27657

Instance characteristics

  Resources                     : 3
  Node types                    : no
  Arc types                     : no
  Strong resource windows       : no
  Weak resource windows         : no
  Resource windows (nodes)      : 3
  Resource values (arcs)        : 3
  Values on nodes               : no

  Rows                          : 653
  Initial columns               : 316
  Tasks                         : 491
  Strong tasks                  : 312
  Weak tasks                    : 4
  Initial task constraints      : no
  Nodes                         : 819
  Arc sets                      : 1
  Arcs                          : 13050
  Networks                      : 2
  Models                        : 1

Memory used per module (Megs)

  Parser (reused)               :      3.035
  Networks                      :     21.069
  Column generator              :      4.601
  Master problem                :      6.850
  -----------------
  Total                         :     32.520

Cpu time per module (seconds)

  Parser                        :        0.0
  Preprocessor                  :        0.0
  Lr solver manager             :        0.0
  Column generator              :       10.8
    (Shortest path)             :        9.0
  Master problem                :       24.4
  -------------------
  Total (without b&b)           :       35.2

Real elapsed time (seconds)

  Parser                        :        0.0
  Preprocessor                  :        0.0
  Lr solver manager             :        0.0
  Column generator              :       10.7
    (Shortest path)             :        8.6
  Master problem                :       24.5
  -------------------
  Total (without b&b)           :       35.3
