
Branch and bound

  Entire solving process        :                           (Time     70.7)
  No feasible solution was found
  Best relaxation cost          :     51690.92 (Node     0) (Time     70.7)
  Lower bound after cuts        :     51690.92
  End lower bound               :     51690.92
  Deepest level reached         : 0
  Deepest real level reached    : 0
  Number of real nodes solved   : 1
  Stopping condition            : enough nodes explored

Problem identification

  Problem                       : <null>
  Machine                       : oslo1.gerad.lan

Solving process summary

  Linear relaxations            :        1
  Column generation iterations  :      103
  Shortest paths solved         :     5826
  Columns generated             :    41396

Instance characteristics

  Resources                     : 3
  Node types                    : no
  Arc types                     : no
  Strong resource windows       : no
  Weak resource windows         : no
  Resource windows (nodes)      : 3
  Resource values (arcs)        : 3
  Values on nodes               : no

  Rows                          : 849
  Initial columns               : 356
  Tasks                         : 687
  Strong tasks                  : 477
  Weak tasks                    : 4
  Initial task constraints      : no
  Nodes                         : 1015
  Arc sets                      : 1
  Arcs                          : 22618
  Networks                      : 2
  Models                        : 1

Memory used per module (Megs)

  Parser (reused)               :      4.851
  Networks                      :     27.850
  Column generator              :      6.781
  Master problem                :      8.400
  -----------------
  Total                         :     43.031

Cpu time per module (seconds)

  Parser                        :        0.0
  Preprocessor                  :        0.0
  Lr solver manager             :        0.1
  Column generator              :       24.6
    (Shortest path)             :       21.2
  Master problem                :       45.9
  -------------------
  Total (without b&b)           :       70.6

Real elapsed time (seconds)

  Parser                        :        0.0
  Preprocessor                  :        0.0
  Lr solver manager             :        0.1
  Column generator              :       24.6
    (Shortest path)             :       21.1
  Master problem                :       45.9
  -------------------
  Total (without b&b)           :       70.6
