Cover_T0 52
Cover_T1 -52
Cover_T2 52
Cover_T3 -52
Cover_T4 52
Cover_T5 -52
Cover_T6 52
Cover_T7 -52
Cover_T8 52
Cover_T9 -52
Cover_T10 52
Cover_T11 -52
Cover_T12 52
Cover_T13 -52
Cover_T14 52
Cover_T15 -52
Cover_T16 52
Cover_T17 -52
Cover_T18 52
Cover_T19 -52
Cover_T20 52
Cover_T21 -52
Cover_T22 52
Cover_T23 -52
Cover_T24 52
Cover_T25 -52
Cover_T26 56
Cover_T27 -50
Cover_T28 56
Cover_T29 -48
Cover_T30 56
Cover_T31 -48
Cover_T32 56
Cover_T33 -48
Cover_T34 60
Cover_T35 -48
Cover_T36 52
Cover_T37 -48
Cover_T38 56
Cover_T39 -50
Cover_T40 58
Cover_T41 -40
Cover_T42 52
Cover_T43 -44
Cover_T44 56
Cover_T45 -42
Cover_T46 58
Cover_T47 -46
Cover_T48 50
Cover_T49 -42
Cover_T50 58
Cover_T51 -38
Cover_T52 62
Cover_T53 -36
Cover_T54 54
Cover_T55 -36
Cover_T56 50
Cover_T57 -16
Cover_T58 64
Cover_T59 -22
Cover_T60 62
Cover_T61 -30
Cover_T62 50
Cover_T63 -28
Cover_T64 50
Cover_T65 8
Cover_T66 1028
Cover_T67 984
Cover_T68 1028
Cover_T69 984
Cover_T70 1014
Cover_T71 976
Cover_T72 1032
Cover_T73 988
Cover_T74 1026
Cover_T75 988
Cover_T76 994
Cover_T77 -2.67503e-11
Cover_T78 16
Cover_T79 4
Cover_T80 12
Cover_T81 -1.26676e-10
Cover_T82 18
Cover_T83 -6
Cover_T84 12
Cover_T85 -4
Cover_T86 0
Cover_T87 -2.98504e-10
Cover_T88 8
Cover_T89 -2
Cover_T90 -2.91467e-11
Cover_T91 -5.23798e-11
Cover_T92 12
Cover_T93 8
Cover_T94 10
Cover_T95 -4
Cover_T96 12
Cover_T97 2.90308e-11
Cover_T98 -2
Cover_T99 8
Cover_T100 -18
Cover_T101 -3.75053e-10
Cover_T102 -34
Cover_T103 -9.79933e-11
Cover_T104 -50
Cover_T105 -2
Cover_T106 -42
Cover_T107 12
Cover_T108 4
Cover_T109 26
Cover_T110 4
Cover_T111 38
Cover_T112 2
Cover_T113 50
Cover_T114 -6
Cover_T115 38
Cover_T116 -18
Cover_T117 50
Cover_T118 -30
Cover_T119 4.08296e-12
Cover_T120 -42
Cover_T121 0
Cover_T122 -30
Cover_T123 2
Cover_T124 -42
Cover_T125 10
Cover_T126 -30
Cover_T127 22
Cover_T128 -42
Cover_T129 36
Cover_T130 6
Cover_T131 48
Cover_T132 6
Cover_T133 36
Cover_T134 2
Cover_T135 48
Cover_T136 2
Cover_T137 36
Cover_T138 6
Cover_T139 48
Cover_T140 6
Cover_T141 0
Cover_T142 2
Cover_T143 1.13806e-10
Cover_T144 6
Cover_T145 4
Cover_T146 6
Cover_T147 4
Cover_T148 6
Cover_T149 4.36877e-11
Cover_T150 6
Cover_T151 1.05958e-11
Cover_T152 6
Cover_T153 4
Cover_T154 2
Cover_T155 -1.58025e-11
Cover_T156 6
Cover_T157 4.9672e-11
Cover_T158 6
Cover_T159 0
Cover_T160 12
Cover_T161 2.63185e-10
Cover_T162 2
Cover_T163 0
Cover_T164 12
Cover_T165 4
Cover_T166 2
Cover_T167 0
Cover_T168 6
Cover_T169 4
Cover_T170 2
Cover_T171 4
Cover_T172 6
Cover_T173 6.9546e-11
Cover_T174 -1.13369e-09
Cover_T175 4
Cover_T176 4
Cover_T177 6
Cover_T178 6
Cover_T179 2
Cover_T180 8
Cover_T181 8
Cover_T182 4
Cover_T183 4
Cover_T184 -6
Cover_T185 2
Cover_T186 2
Cover_T187 6.96896e-11
Cover_T188 -14
Cover_T189 4
Cover_T190 -34
Cover_T191 14
Cover_T192 8
Cover_T193 4
Cover_T194 8
Cover_T195 16
Cover_T196 -8
Cover_T197 32
Cover_T198 2
Cover_T199 48
Cover_T200 -10
Cover_T201 2
Cover_T202 -26
Cover_T203 2
Cover_T204 -42
Cover_T205 20
Cover_T206 8
Cover_T207 10
Cover_T208 2
Cover_T209 18
Cover_T210 6
Cover_T211 30
Cover_T212 0
Cover_T213 46
Cover_T214 4
Cover_T215 56
Cover_T216 0
Cover_T217 4
Cover_T218 -8
Cover_T219 8
Cover_T220 -20
Cover_T221 4
Cover_T222 -32
Cover_T223 12
Cover_T224 -46
Cover_T225 8
Cover_T226 1.49623e-09
Cover_T227 12
Cover_T228 -12
Cover_T229 22
Cover_T230 -24
Cover_T231 30
Cover_T232 -36
Cover_T233 50
Cover_T234 2.6088e-09
Cover_T235 62
Cover_T236 -12
Cover_T237 16
Cover_T238 -24
Cover_T239 34
Cover_T240 -36
Cover_T241 48
Cover_T242 4
Cover_T243 62
Cover_T244 -7.5994e-10
Cover_T245 22
Cover_T246 -2
Cover_T247 34
Cover_T248 -4.91058e-10
Cover_T249 54
Cover_T250 -6
Cover_T251 66
Cover_T252 -10
Cover_T253 28
Cover_T254 -10
Cover_T255 28
Cover_T256 -10
Cover_T257 28
Cover_T258 -12
Cover_T259 32
Cover_T260 -18
Cover_T261 32
Cover_T262 -20
Cover_T263 32
Cover_T264 -20
Cover_T265 32
Cover_T266 -20
Cover_T267 32
Cover_T268 -30
Cover_T269 28
Cover_T270 -28
Cover_T271 34
Cover_T272 -34
Cover_T273 42
Cover_T274 -36
Cover_T275 48
Cover_T276 -34
Cover_T277 32
Cover_T278 -30
Cover_T279 42
Cover_T280 -28
Cover_T281 56
Cover_T282 -28
Cover_T283 38
Cover_T284 -40
Cover_T285 40
Cover_T286 -30
Cover_T287 44
Cover_T288 -34
Cover_T289 36
Cover_T290 -46
Cover_T291 38
Cover_T292 -38
Cover_T293 38
Cover_T294 -30
Cover_T295 54
Cover_T296 -32
Cover_T297 44
Cover_T298 -30
Cover_T299 46
Cover_T300 -38
Cover_T301 64
Cover_T302 -32
Cover_T303 48
Cover_T304 -34
Cover_T305 44
Cover_T306 -34
Cover_T307 44
Cover_T308 -38
Cover_T309 42
Cover_T310 -38
Cover_T311 52
Cover_T312 -48
Cover_T313 44
Cover_T314 -38
Cover_T315 44
Cover_T316 -38
Cover_T317 58
Cover_T318 -44
Cover_T319 62
Cover_T320 -44
Cover_T321 62
Cover_T322 52
Cover_T323 -52
Cover_T324 52
Cover_T325 -52
Cover_T326 52
Cover_T327 -52
Cover_T328 56
Cover_T329 -48
Cover_T330 56
Cover_T331 -48
Cover_T332 56
Cover_T333 -48
Cover_T334 56
Cover_T335 -48
Cover_T336 56
Cover_T337 -40
Cover_T338 56
Cover_T339 -42
Cover_T340 56
Cover_T341 -40
Cover_T342 58
Cover_T343 -40
Cover_T344 56
Cover_T345 -38
Cover_T346 54
Cover_T347 -38
Cover_T348 52
Cover_T349 -16
Cover_T350 62
Cover_T351 -30
Cover_T352 50
Cover_T353 -34
Cover_T354 50
Cover_T355 -28
Cover_T356 48
Cover_T357 4
Cover_T358 40
Cover_T359 4
Cover_T360 1030
Cover_T361 988
Cover_T362 1010
Cover_T363 972
Cover_T364 1018
Cover_T365 972
Cover_T366 1026
Cover_T367 988
Cover_T368 1030
Cover_T369 976
Cover_T370 990
Cover_T371 988
Cover_T372 998
Cover_T373 0
Cover_T374 14
Cover_T375 0
Cover_T376 8
Cover_T377 2.76693e-12
Cover_T378 22
Cover_T379 0
Cover_T380 8
Cover_T381 -6
Cover_T382 6
Cover_T383 -4
Cover_T384 0
Cover_T385 -2.89906e-10
Cover_T386 -8
Cover_T387 -2
Cover_T388 5.04317e-10
Cover_T389 -6.13338e-10
Cover_T390 -6.54055e-11
Cover_T391 8
Cover_T392 4
Cover_T393 -5.69131e-10
Cover_T394 -2.07176e-10
Cover_T395 0
Cover_T396 -2.03712e-10
Cover_T397 -4
Cover_T398 -20
Cover_T399 -1.13819e-10
Cover_T400 -40
Cover_T401 2.96268e-10
Cover_T402 -36
Cover_T403 20
Cover_T404 8
Cover_T405 36
Cover_T406 4
Cover_T407 52
Cover_T408 -2
Cover_T409 44
Cover_T410 -14
Cover_T411 -2
Cover_T412 -30
Cover_T413 2
Cover_T414 -46
Cover_T415 8
Cover_T416 -38
Cover_T417 20
Cover_T418 -30
Cover_T419 34
Cover_T420 -42
Cover_T421 48
Cover_T422 6
Cover_T423 36
Cover_T424 6
Cover_T425 48
Cover_T426 2
Cover_T427 36
Cover_T428 2
Cover_T429 48
Cover_T430 6
Cover_T431 0
Cover_T432 6
Cover_T433 0
Cover_T434 2
Cover_T435 4
Cover_T436 6
Cover_T437 4
Cover_T438 6
Cover_T439 0
Cover_T440 6
Cover_T441 0
Cover_T442 6
Cover_T443 4
Cover_T444 6
Cover_T445 0
Cover_T446 2
Cover_T447 0
Cover_T448 6
Cover_T449 1.04121e-10
Cover_T450 6
Cover_T451 0
Cover_T452 12
Cover_T453 -4.87717e-11
Cover_T454 2
Cover_T455 4
Cover_T456 12
Cover_T457 -9.2907e-11
Cover_T458 2
Cover_T459 0
Cover_T460 4
Cover_T461 -6
Cover_T462 10
Cover_T463 4
Cover_T464 -2
Cover_T465 -6
Cover_T466 10
Cover_T467 4
Cover_T468 -2
Cover_T469 0
Cover_T470 0
Cover_T471 -6
Cover_T472 10
Cover_T473 6
Cover_T474 0
Cover_T475 -6
Cover_T476 10
Cover_T477 6
Cover_T478 -2
Cover_T479 8
Cover_T480 0
Cover_T481 4
Cover_T482 -4
Cover_T483 2
Cover_T484 -14
Cover_T485 -5.00222e-11
Cover_T486 -6
Cover_T487 4
Cover_T488 -22
Cover_T489 14
Cover_T490 -42
Cover_T491 6
Cover_T492 -3.95369e-11
Cover_T493 22
Cover_T494 -4
Cover_T495 42
Cover_T496 2
Cover_T497 0
Cover_T498 -14
Cover_T499 4
Cover_T500 -34
Cover_T501 -2
Cover_T502 10
Cover_T503 14
Cover_T504 4
Cover_T505 30
Cover_T506 4
Cover_T507 44
Cover_T508 10
Cover_T509 -4.09808e-10
Cover_T510 2
Cover_T511 8
Cover_T512 -10
Cover_T513 4
Cover_T514 -28
Cover_T515 2
Cover_T516 -44
Cover_T517 12
Cover_T518 -2
Cover_T519 22
Cover_T520 -18
Cover_T521 40
Cover_T522 -38
Cover_T523 62
Cover_T524 -2
Cover_T525 18
Cover_T526 -18
Cover_T527 34
Cover_T528 -36
Cover_T529 60
Cover_T530 0
Cover_T531 22
Cover_T532 -4
Cover_T533 34
Cover_T534 -6
Cover_T535 54
Cover_T536 -6
Cover_T537 66
Cover_T538 -10
Cover_T539 28
Cover_T540 -10
Cover_T541 28
Cover_T542 -10
Cover_T543 28
Cover_T544 -18
Cover_T545 36
Cover_T546 -16
Cover_T547 36
Cover_T548 -18
Cover_T549 38
Cover_T550 -14
Cover_T551 38
Cover_T552 -18
Cover_T553 38
Cover_T554 -26
Cover_T555 36
Cover_T556 -22
Cover_T557 36
Cover_T558 -28
Cover_T559 32
Cover_T560 -40
Cover_T561 36
Cover_T562 -28
Cover_T563 36
Cover_T564 -44
Cover_T565 32
Cover_T566 -28
Cover_T567 36
Cover_T568 -38
Cover_T569 48
Cover_T570 -50
Cover_T571 36
Cover_T572 -32
Cover_T573 50
Cover_T574 -28
Cover_T575 38
Cover_T576 -28
Cover_T577 54
Cover_T578 -30
Cover_T579 42
Cover_T580 -34
Cover_T581 38
Cover_T582 -28
Cover_T583 40
Cover_T584 -36
Cover_T585 42
Cover_T586 -28
Cover_T587 46
Cover_T588 -30
Cover_T589 52
Cover_T590 -34
Cover_T591 44
Cover_T592 -32
Cover_T593 42
Cover_T594 -38
Cover_T595 50
Cover_T596 -34
Cover_T597 58
Cover_T598 -34
Cover_T599 42
Cover_T600 -32
Cover_T601 40
Cover_T602 -32
Cover_T603 44
Cover_T604 -36
Cover_T605 44
Cover_T606 -34
Cover_T607 52
Cover_T608 -34
Cover_T609 42
Cover_T610 -34
Cover_T611 46
Cover_T612 -34
Cover_T613 44
Cover_T614 -36
Cover_T615 46
Cover_T616 -44
Cover_T617 46
Cover_T618 -38
Cover_T619 44
Cover_T620 -38
Cover_T621 48
Cover_T622 -44
Cover_T623 50
Cover_T624 -44
Cover_T625 58
Cover_T626 -46
Cover_T627 52
Cover_T628 -46
Cover_T629 56
Cover_T630 -42
Cover_T631 62
Cover_T632 -42
Cover_T633 56
Cover_T634 -44
Cover_T635 60
Cover_T636 -44
Cover_T637 60
Cover_T638 52
Cover_T639 -48
Cover_T640 58
Cover_T641 -40
Cover_T642 52
Cover_T643 -40
Cover_T644 60
Cover_T645 -38
Cover_T646 52
Cover_T647 -36
Cover_T648 64
Cover_T649 -36
Cover_T650 48
Cover_T651 -14
Cover_T652 72
Cover_T653 -26
Cover_T654 48
Cover_T655 -24
Cover_T656 56
Cover_T657 12
Cover_T658 46
Cover_T659 0
Cover_T660 1030
Cover_T661 988
Cover_T662 1038
Cover_T663 988
Cover_T664 1032
Cover_T665 972
Cover_T666 1028
Cover_T667 988
Cover_T668 1040
Cover_T669 980
Cover_T670 1020
Cover_T671 972
Cover_T672 1028
Cover_T673 980
Cover_T674 1036
Cover_T675 988
Cover_T676 1024
Cover_T677 984
Cover_T678 990
Cover_T679 988
Cover_T680 992
Cover_T681 -4.23874e-11
Cover_T682 14
Cover_T683 2.08516e-10
Cover_T684 14
Cover_T685 0
Cover_T686 14
Cover_T687 -1.29852e-10
Cover_T688 16
Cover_T689 -6
Cover_T690 -9.51547e-11
Cover_T691 -10
Cover_T692 4
Cover_T693 -6
Cover_T694 12
Cover_T695 -10
Cover_T696 4
Cover_T697 -2.88765e-10
Cover_T698 4
Cover_T699 -10
Cover_T700 -1.23467e-10
Cover_T701 2
Cover_T702 12
Cover_T703 -4
Cover_T704 2.52683e-10
Cover_T705 8
Cover_T706 4
Cover_T707 8
Cover_T708 8
Cover_T709 -4
Cover_T710 -6
Cover_T711 0
Cover_T712 -22
Cover_T713 8
Cover_T714 -38
Cover_T715 -2.46196e-10
Cover_T716 -30
Cover_T717 -2.18918e-11
Cover_T718 -46
Cover_T719 -2
Cover_T720 0
Cover_T721 12
Cover_T722 6
Cover_T723 28
Cover_T724 -6
Cover_T725 44
Cover_T726 -22
Cover_T727 36
Cover_T728 -38
Cover_T729 52
Cover_T730 -30
Cover_T731 6
Cover_T732 -46
Cover_T733 0
Cover_T734 -38
Cover_T735 12
Cover_T736 6
Cover_T737 30
Cover_T738 4
Cover_T739 42
Cover_T740 0
Cover_T741 54
Cover_T742 0
Cover_T743 42
Cover_T744 4
Cover_T745 54
Cover_T746 4
Cover_T747 42
Cover_T748 0
Cover_T749 54
Cover_T750 4
Cover_T751 6
Cover_T752 4
Cover_T753 6
Cover_T754 4
Cover_T755 10
Cover_T756 4
Cover_T757 10
Cover_T758 4
Cover_T759 6
Cover_T760 0
Cover_T761 6
Cover_T762 4
Cover_T763 10
Cover_T764 4
Cover_T765 6
Cover_T766 10
Cover_T767 6
Cover_T768 0
Cover_T769 6
Cover_T770 10
Cover_T771 6
Cover_T772 0
Cover_T773 6
Cover_T774 4
Cover_T775 10
Cover_T776 10
Cover_T777 6
Cover_T778 -4
Cover_T779 6
Cover_T780 8
Cover_T781 -5.65861e-11
Cover_T782 -4
Cover_T783 10
Cover_T784 -2
Cover_T785 0
Cover_T786 10
Cover_T787 10
Cover_T788 -2
Cover_T789 6
Cover_T790 8
Cover_T791 -1.61549e-10
Cover_T792 0
Cover_T793 12
Cover_T794 6
Cover_T795 -3.00402e-11
Cover_T796 10
Cover_T797 12
Cover_T798 -2
Cover_T799 10
Cover_T800 -4
Cover_T801 -2
Cover_T802 8
Cover_T803 10
Cover_T804 0
Cover_T805 7.00524e-11
Cover_T806 -8
Cover_T807 8
Cover_T808 -20
Cover_T809 2
Cover_T810 -32
Cover_T811 -2
Cover_T812 -44
Cover_T813 10
Cover_T814 6
Cover_T815 12
Cover_T816 10
Cover_T817 0
Cover_T818 -2
Cover_T819 8
Cover_T820 -14
Cover_T821 16
Cover_T822 0
Cover_T823 28
Cover_T824 -8
Cover_T825 40
Cover_T826 -20
Cover_T827 52
Cover_T828 -32
Cover_T829 2
Cover_T830 -44
Cover_T831 -3.21823e-11
Cover_T832 10
Cover_T833 12
Cover_T834 6
Cover_T835 24
Cover_T836 10
Cover_T837 10
Cover_T838 2
Cover_T839 26
Cover_T840 2
Cover_T841 38
Cover_T842 -2
Cover_T843 56
Cover_T844 -18
Cover_T845 0
Cover_T846 -34
Cover_T847 0
Cover_T848 8
Cover_T849 12
Cover_T850 -10
Cover_T851 14
Cover_T852 -26
Cover_T853 14
Cover_T854 -38
Cover_T855 30
Cover_T856 2
Cover_T857 44
Cover_T858 -14
Cover_T859 54
Cover_T860 -26
Cover_T861 14
Cover_T862 -38
Cover_T863 30
Cover_T864 2
Cover_T865 42
Cover_T866 2
Cover_T867 54
Cover_T868 -3.54902e-10
Cover_T869 68
Cover_T870 0
Cover_T871 34
Cover_T872 -4.34586e-10
Cover_T873 48
Cover_T874 -2
Cover_T875 60
Cover_T876 -2
Cover_T877 72
Cover_T878 -6
Cover_T879 34
Cover_T880 -4
Cover_T881 36
Cover_T882 -4
Cover_T883 38
Cover_T884 -12
Cover_T885 38
Cover_T886 -12
Cover_T887 38
Cover_T888 -14
Cover_T889 38
Cover_T890 -14
Cover_T891 38
Cover_T892 -14
Cover_T893 38
Cover_T894 -34
Cover_T895 36
Cover_T896 -22
Cover_T897 36
Cover_T898 -36
Cover_T899 32
Cover_T900 -24
Cover_T901 36
Cover_T902 -30
Cover_T903 36
Cover_T904 -46
Cover_T905 32
Cover_T906 -28
Cover_T907 36
Cover_T908 -28
Cover_T909 48
Cover_T910 -32
Cover_T911 38
Cover_T912 -28
Cover_T913 52
Cover_T914 -30
Cover_T915 40
Cover_T916 -34
Cover_T917 56
Cover_T918 -28
Cover_T919 44
Cover_T920 -36
Cover_T921 40
Cover_T922 -28
Cover_T923 40
Cover_T924 -28
Cover_T925 46
Cover_T926 -32
Cover_T927 48
Cover_T928 -30
Cover_T929 52
Cover_T930 -32
Cover_T931 64
Cover_T932 -34
Cover_T933 44
Cover_T934 -34
Cover_T935 54
Cover_T936 -36
Cover_T937 52
Cover_T938 -38
Cover_T939 46
Cover_T940 -38
Cover_T941 44
Cover_T942 -38
Cover_T943 54
Cover_T944 -38
Cover_T945 56
Cover_T946 -44
Cover_T947 62
Cover_T948 -42
Cover_T949 56
Cover_T950 -42
Cover_T951 56
Cover_T952 -42
Cover_T953 62
Cover_T954 -42
Cover_T955 56
Cover_T956 -44
Cover_T957 60
Cover_T958 -44
Cover_T959 60
Cover_T960 8
Cover_T961 -6.28177e-10
Cover_T962 4
Cover_T963 8
Cover_T964 4
Cover_T965 8
Cover_T966 20
Cover_T967 6
Cover_T968 14
Cover_T969 8
Cover_T970 26
Cover_T971 34
Cover_T972 10
Cover_T973 18
Cover_T974 18
Cover_T975 12
Cover_T976 16
Cover_T977 48
Cover_T978 4
Cover_T979 48
Cover_T980 10
Cover_T981 1026
Cover_T982 2
Cover_T983 1034
Cover_T984 986
Cover_T985 1006
Cover_T986 1056
Cover_T987 1022
Cover_T988 1056
Cover_T989 1024
Cover_T990 1072
Cover_T991 1032
Cover_T992 1058
Cover_T993 1014
Cover_T994 1074
Cover_T995 1024
Cover_T996 1034
Cover_T997 1032
Cover_T998 1034
Cover_T999 1020
Cover_T1000 56
Cover_T1001 1028
Cover_T1002 48
Cover_T1003 44
Cover_T1004 48
Cover_T1005 -42
Cover_T1006 14
Cover_T1007 -38
Cover_T1008 52
Cover_T1009 -42
Cover_T1010 52
Cover_T1011 -36
Cover_T1012 52
Cover_T1013 -16
Cover_T1014 52
Cover_T1015 4
Cover_T1016 50
Cover_T1017 52
Cover_T1018 -20
Cover_T1019 52
Cover_T1020 -36
Cover_T1021 36
Cover_T1022 6
Cover_T1023 52
Cover_T1024 0
Cover_T1025 56
Cover_T1026 0
Cover_T1027 40
Cover_T1028 0
Cover_T1029 58
Cover_T1030 0
Cover_T1031 0
Cover_T1032 26
Cover_T1033 8
Cover_T1034 6
Cover_T1035 10
Cover_T1036 0
Cover_T1037 12
Cover_T1038 20
Cover_T1039 16
Cover_T1040 0
Cover_T1041 0
Cover_T1042 36
Cover_T1043 28
Cover_T1044 22
Cover_T1045 30
Cover_T1046 0
Cover_T1047 18
Cover_T1048 0
Cover_T1049 44
Cover_T1050 30
Cover_T1051 0
Cover_T1052 42
Cover_T1053 26
Cover_T1054 32
Cover_T1055 48
Cover_T1056 22
Cover_T1057 42
Cover_T1058 32
Cover_T1059 4
Count_D0 -984
Count_D1 -1000
Max_H0_P0 0
Max_H0_P1 0
Max_H0_P2 0
Max_H0_P3 8.96452e-11
Max_H0_P4 -4.15186e-11
Max_H0_P5 -3.99379e-11
Max_H0_P6 -0
Max_H0_P7 0
Max_H0_P8 0
Max_H0_P9 0
Max_H0_P10 0
Max_H0_P11 0
Max_H0_P12 0
Max_H0_P13 0
Max_H0_P14 0
Max_H0_P15 1.33298e-11
Max_H0_P16 -3.88589e-11
Max_H0_P17 -5.61154e-11
Max_H0_P18 -4.29115e-11
Max_H0_P19 4.63163e-13
Max_H0_P20 -2.81586e-11
Max_H0_P21 -5.90303e-11
Max_H0_P22 -3.79172e-11
Max_H0_P23 -1.77467e-11
Max_H0_P24 -1.02176e-11
Max_H0_P25 -7.62576e-11
Max_H0_P26 -1.33056e-10
Max_H0_P27 -4.62599e-11
Max_H0_P28 -1.22254e-10
Max_H0_P29 -2
Max_H0_P30 -2
Max_H0_P31 -2
Max_H0_P32 -2
Max_H0_P33 1.45851e-09
Max_H0_P34 1.37024e-09
Max_H0_P35 2.98725e-10
Max_H0_P36 2.74899e-10
Max_H0_P37 7.11893e-11
Max_H0_P38 1.20814e-10
Max_H0_P39 4.10341e-11
Max_H0_P40 -3.34797e-11
Max_H0_P41 1.52187e-11
Max_H0_P42 6.00622e-11
Max_H0_P43 -3.92504e-11
Max_H0_P44 3.64935e-11
Max_H0_P45 -6.99174e-12
Max_H0_P46 2.6092e-11
Max_H0_P47 -3.88383e-11
Max_H0_P48 0
Max_H0_P49 0
Max_H0_P50 0
Max_H0_P51 0
Max_H0_P52 0
Max_H0_P53 0
Max_H0_P54 0
Max_H0_P55 0
Max_H0_P56 0
Max_H0_P57 0
Max_H0_P58 0
Max_H0_P59 0
Max_H0_P60 1.77047e-10
Max_H0_P61 1.11005e-10
Max_H0_P62 0
Max_H0_P63 -5.26654e-11
Max_H0_P64 0
Max_H0_P65 -1.20888e-09
Max_H0_P66 0
Max_H0_P67 0
Max_H0_P68 0
Max_H0_P69 0
Max_H0_P70 0
Max_H0_P71 0
Max_H0_P72 0
Max_H0_P73 0
Max_H0_P74 0
Max_H0_P75 0
Max_H0_P76 0
Max_H0_P77 1.80325e-11
Max_H0_P78 1.35969e-10
Max_H0_P79 -2.51148e-10
Max_H0_P80 1.09209e-10
Max_H0_P81 0
Max_H1_P0 0
Max_H1_P1 0
Max_H1_P2 8.07709e-11
Max_H1_P3 0
Max_H1_P4 0
Max_H1_P5 -1.058e-11
Max_H1_P6 0
Max_H1_P7 -1.28153e-10
Max_H1_P8 0
Max_H1_P9 0
Max_H1_P10 0
Max_H1_P11 0
Max_H1_P12 0
Max_H1_P13 0
Max_H1_P14 0
Max_H1_P15 1.39639e-11
Max_H1_P16 -2.291e-11
Max_H1_P17 -9.29115e-11
Max_H1_P18 -8.45194e-11
Max_H1_P19 -3.28923e-11
Max_H1_P20 -2.00764e-11
Max_H1_P21 3.39905e-11
Max_H1_P22 -4.78779e-11
Max_H1_P23 -1.31313e-11
Max_H1_P24 -6.69272e-11
Max_H1_P25 -9.38889e-11
Max_H1_P26 -5.54898e-11
Max_H1_P27 -1.41824e-10
Max_H1_P28 -1.19866e-10
Max_H1_P29 -2
Max_H1_P30 -2
Max_H1_P31 -2
Max_H1_P32 -2
Max_H1_P33 1.39232e-09
Max_H1_P34 1.41842e-09
Max_H1_P35 2.88286e-10
Max_H1_P36 2.51423e-10
Max_H1_P37 1.17723e-10
Max_H1_P38 9.51427e-12
Max_H1_P39 5.73363e-11
Max_H1_P40 6.43178e-12
Max_H1_P41 3.38782e-11
Max_H1_P42 4.4631e-11
Max_H1_P43 -1.39835e-11
Max_H1_P44 -6.07743e-11
Max_H1_P45 3.60449e-11
Max_H1_P46 1.71827e-11
Max_H1_P47 0
Max_H1_P48 9.8831e-11
Max_H1_P49 -6.03677e-11
Max_H1_P50 0
Max_H1_P51 0
Max_H1_P52 6.07385e-11
Max_H1_P53 0
Max_H1_P54 0
Max_H1_P55 0
Max_H1_P56 0
Max_H1_P57 0
Max_H1_P58 0
Max_H1_P59 0
Max_H1_P60 2.43558e-10
Max_H1_P61 0
Max_H1_P62 -3.62945e-11
Max_H1_P63 0
Max_H1_P64 -2.71063e-11
Max_H1_P65 -1.17701e-09
Max_H1_P66 -1.0937e-10
Max_H1_P67 0
Max_H1_P68 0
Max_H1_P69 0
Max_H1_P70 0
Max_H1_P71 -5.24611e-11
Max_H1_P72 0
Max_H1_P73 0
Max_H1_P74 0
Max_H1_P75 0
Max_H1_P76 -2.2196e-11
Max_H1_P77 -3.38134e-11
Max_H1_P78 4.146e-11
Max_H1_P79 2.38307e-10
Max_H1_P80 -2.67704e-10
Max_H1_P81 0
