Cover_T0 52
Cover_T1 -52
Cover_T2 52
Cover_T3 -52
Cover_T4 52
Cover_T5 -52
Cover_T6 52
Cover_T7 -52
Cover_T8 52
Cover_T9 -52
Cover_T10 52
Cover_T11 -52
Cover_T12 52
Cover_T13 -52
Cover_T14 54
Cover_T15 -52
Cover_T16 54
Cover_T17 -50
Cover_T18 54
Cover_T19 -50
Cover_T20 52
Cover_T21 -50
Cover_T22 54
Cover_T23 -50
Cover_T24 58
Cover_T25 -50
Cover_T26 52
Cover_T27 -46
Cover_T28 56
Cover_T29 -46
Cover_T30 52
Cover_T31 -46
Cover_T32 54
Cover_T33 -36
Cover_T34 60
Cover_T35 -36
Cover_T36 58
Cover_T37 -24
Cover_T38 58
Cover_T39 -36
Cover_T40 58
Cover_T41 -14
Cover_T42 62
Cover_T43 -26
Cover_T44 40
Cover_T45 960
Cover_T46 1028
Cover_T47 950
Cover_T48 1004
Cover_T49 976
Cover_T50 970
Cover_T51 972
Cover_T52 1018
Cover_T53 980
Cover_T54 42
Cover_T55 4
Cover_T56 52
Cover_T57 22
Cover_T58 34
Cover_T59 38
Cover_T60 14
Cover_T61 6
Cover_T62 2
Cover_T63 -4
Cover_T64 0
Cover_T65 5.99897e-10
Cover_T66 6
Cover_T67 8
Cover_T68 4
Cover_T69 8
Cover_T70 8
Cover_T71 2
Cover_T72 0
Cover_T73 4
Cover_T74 -4
Cover_T75 7.04858e-12
Cover_T76 0
Cover_T77 8
Cover_T78 0
Cover_T79 12
Cover_T80 -1.93668e-10
Cover_T81 8
Cover_T82 -4
Cover_T83 8
Cover_T84 4
Cover_T85 8
Cover_T86 0
Cover_T87 12
Cover_T88 -6.2542e-11
Cover_T89 4
Cover_T90 -10
Cover_T91 8
Cover_T92 -38
Cover_T93 8
Cover_T94 6
Cover_T95 18
Cover_T96 -8
Cover_T97 36
Cover_T98 -24
Cover_T99 52
Cover_T100 -40
Cover_T101 -4
Cover_T102 10
Cover_T103 2
Cover_T104 -6
Cover_T105 18
Cover_T106 10
Cover_T107 34
Cover_T108 -6
Cover_T109 50
Cover_T110 10
Cover_T111 0
Cover_T112 -6
Cover_T113 16
Cover_T114 10
Cover_T115 0
Cover_T116 -1.46732e-11
Cover_T117 0
Cover_T118 -14
Cover_T119 0
Cover_T120 -30
Cover_T121 0
Cover_T122 -46
Cover_T123 0
Cover_T124 -36
Cover_T125 8
Cover_T126 -36
Cover_T127 36
Cover_T128 -4
Cover_T129 38
Cover_T130 -4
Cover_T131 44
Cover_T132 -12
Cover_T133 12
Cover_T134 -40
Cover_T135 6
Cover_T136 16
Cover_T137 2
Cover_T138 6
Cover_T139 20
Cover_T140 4
Cover_T141 36
Cover_T142 12
Cover_T143 52
Cover_T144 2
Cover_T145 -4
Cover_T146 0
Cover_T147 6
Cover_T148 16
Cover_T149 10
Cover_T150 6
Cover_T151 -4.52478e-10
Cover_T152 10
Cover_T153 6
Cover_T154 8
Cover_T155 -6
Cover_T156 -10
Cover_T157 10
Cover_T158 -30
Cover_T159 0
Cover_T160 12
Cover_T161 6
Cover_T162 -4
Cover_T163 22
Cover_T164 -10
Cover_T165 34
Cover_T166 -24
Cover_T167 48
Cover_T168 -34
Cover_T169 58
Cover_T170 10
Cover_T171 8
Cover_T172 -6
Cover_T173 22
Cover_T174 4
Cover_T175 32
Cover_T176 4
Cover_T177 42
Cover_T178 0
Cover_T179 56
Cover_T180 4
Cover_T181 12
Cover_T182 -4
Cover_T183 30
Cover_T184 -26
Cover_T185 10
Cover_T186 -6
Cover_T187 16
Cover_T188 -7.47829e-10
Cover_T189 20
Cover_T190 -12
Cover_T191 24
Cover_T192 -28
Cover_T193 40
Cover_T194 -14
Cover_T195 24
Cover_T196 -10
Cover_T197 12
Cover_T198 -8
Cover_T199 36
Cover_T200 -8
Cover_T201 28
Cover_T202 -8
Cover_T203 30
Cover_T204 -10
Cover_T205 22
Cover_T206 -18
Cover_T207 28
Cover_T208 -14
Cover_T209 36
Cover_T210 -18
Cover_T211 28
Cover_T212 -20
Cover_T213 32
Cover_T214 -20
Cover_T215 48
Cover_T216 -26
Cover_T217 38
Cover_T218 -30
Cover_T219 56
Cover_T220 -24
Cover_T221 62
Cover_T222 -24
Cover_T223 60
Cover_T224 -26
Cover_T225 58
Cover_T226 -44
Cover_T227 58
Cover_T228 -38
Cover_T229 64
Cover_T230 -38
Cover_T231 60
Cover_T232 -46
Cover_T233 52
Cover_T234 -46
Cover_T235 58
Cover_T236 -50
Cover_T237 52
Cover_T238 52
Cover_T239 -52
Cover_T240 54
Cover_T241 -50
Cover_T242 52
Cover_T243 -50
Cover_T244 54
Cover_T245 -50
Cover_T246 54
Cover_T247 -50
Cover_T248 54
Cover_T249 -48
Cover_T250 56
Cover_T251 -46
Cover_T252 56
Cover_T253 -36
Cover_T254 58
Cover_T255 -40
Cover_T256 52
Cover_T257 -32
Cover_T258 48
Cover_T259 -14
Cover_T260 52
Cover_T261 -32
Cover_T262 48
Cover_T263 962
Cover_T264 1016
Cover_T265 948
Cover_T266 1016
Cover_T267 938
Cover_T268 1016
Cover_T269 978
Cover_T270 982
Cover_T271 962
Cover_T272 982
Cover_T273 984
Cover_T274 982
Cover_T275 976
Cover_T276 26
Cover_T277 0
Cover_T278 26
Cover_T279 8
Cover_T280 54
Cover_T281 16
Cover_T282 24
Cover_T283 24
Cover_T284 24
Cover_T285 30
Cover_T286 2
Cover_T287 40
Cover_T288 26
Cover_T289 0
Cover_T290 10
Cover_T291 8
Cover_T292 14
Cover_T293 -2
Cover_T294 10
Cover_T295 2
Cover_T296 16
Cover_T297 10
Cover_T298 14
Cover_T299 10
Cover_T300 10
Cover_T301 4
Cover_T302 10
Cover_T303 6
Cover_T304 6
Cover_T305 2
Cover_T306 10
Cover_T307 10
Cover_T308 10
Cover_T309 14
Cover_T310 10
Cover_T311 10
Cover_T312 6
Cover_T313 10
Cover_T314 14
Cover_T315 10
Cover_T316 10
Cover_T317 14
Cover_T318 10
Cover_T319 6
Cover_T320 4.02787e-10
Cover_T321 10
Cover_T322 -28
Cover_T323 10
Cover_T324 16
Cover_T325 20
Cover_T326 -2
Cover_T327 48
Cover_T328 -30
Cover_T329 4
Cover_T330 8
Cover_T331 22
Cover_T332 12
Cover_T333 50
Cover_T334 3.14042e-11
Cover_T335 6
Cover_T336 2.19345e-11
Cover_T337 -10
Cover_T338 -5.59339e-11
Cover_T339 6
Cover_T340 -5.69322e-11
Cover_T341 -10
Cover_T342 -8
Cover_T343 6
Cover_T344 -24
Cover_T345 -10
Cover_T346 -40
Cover_T347 0
Cover_T348 -30
Cover_T349 14
Cover_T350 -46
Cover_T351 30
Cover_T352 -40
Cover_T353 46
Cover_T354 4
Cover_T355 36
Cover_T356 -12
Cover_T357 52
Cover_T358 0
Cover_T359 46
Cover_T360 4
Cover_T361 2
Cover_T362 -12
Cover_T363 18
Cover_T364 -28
Cover_T365 12
Cover_T366 16
Cover_T367 20
Cover_T368 8
Cover_T369 50
Cover_T370 10
Cover_T371 0
Cover_T372 6
Cover_T373 12
Cover_T374 10
Cover_T375 -2
Cover_T376 2
Cover_T377 0
Cover_T378 10
Cover_T379 6
Cover_T380 12
Cover_T381 0
Cover_T382 -2
Cover_T383 12
Cover_T384 -18
Cover_T385 2
Cover_T386 -36
Cover_T387 -4.99466e-10
Cover_T388 6
Cover_T389 34
Cover_T390 -16
Cover_T391 60
Cover_T392 6
Cover_T393 20
Cover_T394 4
Cover_T395 54
Cover_T396 0
Cover_T397 20
Cover_T398 -1.16606e-09
Cover_T399 14
Cover_T400 -16
Cover_T401 18
Cover_T402 0
Cover_T403 10
Cover_T404 -6
Cover_T405 14
Cover_T406 -8
Cover_T407 32
Cover_T408 -24
Cover_T409 20
Cover_T410 -10
Cover_T411 16
Cover_T412 -8
Cover_T413 22
Cover_T414 -8
Cover_T415 38
Cover_T416 -10
Cover_T417 26
Cover_T418 -12
Cover_T419 22
Cover_T420 -10
Cover_T421 22
Cover_T422 -10
Cover_T423 22
Cover_T424 -14
Cover_T425 30
Cover_T426 -14
Cover_T427 20
Cover_T428 -18
Cover_T429 24
Cover_T430 -26
Cover_T431 32
Cover_T432 -16
Cover_T433 28
Cover_T434 -28
Cover_T435 28
Cover_T436 -18
Cover_T437 28
Cover_T438 -28
Cover_T439 42
Cover_T440 -40
Cover_T441 28
Cover_T442 -20
Cover_T443 40
Cover_T444 -32
Cover_T445 38
Cover_T446 -22
Cover_T447 50
Cover_T448 -24
Cover_T449 68
Cover_T450 -38
Cover_T451 52
Cover_T452 -32
Cover_T453 52
Cover_T454 -30
Cover_T455 50
Cover_T456 -32
Cover_T457 60
Cover_T458 -36
Cover_T459 60
Cover_T460 -38
Cover_T461 52
Cover_T462 -40
Cover_T463 58
Cover_T464 -38
Cover_T465 60
Cover_T466 -46
Cover_T467 50
Cover_T468 -52
Cover_T469 52
Cover_T470 -46
Cover_T471 52
Cover_T472 -50
Cover_T473 52
Cover_T474 52
Cover_T475 -48
Cover_T476 54
Cover_T477 -38
Cover_T478 60
Cover_T479 -38
Cover_T480 56
Cover_T481 -28
Cover_T482 58
Cover_T483 -38
Cover_T484 56
Cover_T485 -16
Cover_T486 60
Cover_T487 -28
Cover_T488 54
Cover_T489 958
Cover_T490 1036
Cover_T491 952
Cover_T492 1020
Cover_T493 980
Cover_T494 1008
Cover_T495 968
Cover_T496 984
Cover_T497 978
Cover_T498 1032
Cover_T499 982
Cover_T500 1024
Cover_T501 982
Cover_T502 1036
Cover_T503 984
Cover_T504 32
Cover_T505 6
Cover_T506 56
Cover_T507 18
Cover_T508 16
Cover_T509 30
Cover_T510 14
Cover_T511 42
Cover_T512 -1.67932e-09
Cover_T513 6
Cover_T514 16
Cover_T515 -10
Cover_T516 8
Cover_T517 -8
Cover_T518 -8
Cover_T519 4
Cover_T520 14
Cover_T521 -8
Cover_T522 2
Cover_T523 4
Cover_T524 16
Cover_T525 -4
Cover_T526 4
Cover_T527 8
Cover_T528 16
Cover_T529 -8
Cover_T530 12
Cover_T531 4
Cover_T532 0
Cover_T533 16
Cover_T534 4
Cover_T535 2
Cover_T536 8
Cover_T537 -4
Cover_T538 -12
Cover_T539 -8
Cover_T540 -2.95395e-10
Cover_T541 4
Cover_T542 8
Cover_T543 4
Cover_T544 16
Cover_T545 0
Cover_T546 -4
Cover_T547 20
Cover_T548 0
Cover_T549 8
Cover_T550 16
Cover_T551 -4.24532e-11
Cover_T552 -4
Cover_T553 -8
Cover_T554 9.4019e-11
Cover_T555 12
Cover_T556 8
Cover_T557 8
Cover_T558 6
Cover_T559 -8
Cover_T560 -14
Cover_T561 12
Cover_T562 -34
Cover_T563 8
Cover_T564 16
Cover_T565 0
Cover_T566 -2
Cover_T567 2
Cover_T568 -12
Cover_T569 22
Cover_T570 -36
Cover_T571 50
Cover_T572 2
Cover_T573 6
Cover_T574 6
Cover_T575 24
Cover_T576 10
Cover_T577 52
Cover_T578 14
Cover_T579 14
Cover_T580 -6
Cover_T581 10
Cover_T582 -34
Cover_T583 6
Cover_T584 -36
Cover_T585 2
Cover_T586 -42
Cover_T587 16
Cover_T588 4
Cover_T589 28
Cover_T590 -8
Cover_T591 40
Cover_T592 8
Cover_T593 52
Cover_T594 -4
Cover_T595 38
Cover_T596 4
Cover_T597 50
Cover_T598 -8
Cover_T599 40
Cover_T600 -20
Cover_T601 52
Cover_T602 -32
Cover_T603 4
Cover_T604 -44
Cover_T605 16
Cover_T606 16
Cover_T607 4.31955e-10
Cover_T608 10
Cover_T609 12
Cover_T610 0
Cover_T611 6
Cover_T612 2.234e-10
Cover_T613 18
Cover_T614 12
Cover_T615 30
Cover_T616 6
Cover_T617 42
Cover_T618 8
Cover_T619 56
Cover_T620 6
Cover_T621 -4
Cover_T622 16
Cover_T623 2
Cover_T624 4
Cover_T625 0
Cover_T626 0
Cover_T627 -8
Cover_T628 6
Cover_T629 6
Cover_T630 0
Cover_T631 2
Cover_T632 -16
Cover_T633 4
Cover_T634 -36
Cover_T635 16
Cover_T636 6
Cover_T637 18
Cover_T638 -8
Cover_T639 16
Cover_T640 -20
Cover_T641 26
Cover_T642 -32
Cover_T643 38
Cover_T644 12
Cover_T645 50
Cover_T646 -4
Cover_T647 66
Cover_T648 12
Cover_T649 16
Cover_T650 -8.2709e-10
Cover_T651 28
Cover_T652 6
Cover_T653 28
Cover_T654 8
Cover_T655 46
Cover_T656 -7.78785e-10
Cover_T657 58
Cover_T658 -4
Cover_T659 18
Cover_T660 -1.22598e-09
Cover_T661 16
Cover_T662 -6
Cover_T663 14
Cover_T664 -10
Cover_T665 8
Cover_T666 -6
Cover_T667 34
Cover_T668 -6
Cover_T669 22
Cover_T670 -6
Cover_T671 18
Cover_T672 -14
Cover_T673 28
Cover_T674 -16
Cover_T675 44
Cover_T676 -12
Cover_T677 34
Cover_T678 -8
Cover_T679 30
Cover_T680 -10
Cover_T681 18
Cover_T682 -18
Cover_T683 32
Cover_T684 -22
Cover_T685 38
Cover_T686 -16
Cover_T687 38
Cover_T688 -14
Cover_T689 24
Cover_T690 -30
Cover_T691 32
Cover_T692 -22
Cover_T693 50
Cover_T694 -20
Cover_T695 46
Cover_T696 -22
Cover_T697 42
Cover_T698 -42
Cover_T699 56
Cover_T700 -32
Cover_T701 42
Cover_T702 -28
Cover_T703 62
Cover_T704 -24
Cover_T705 58
Cover_T706 -30
Cover_T707 58
Cover_T708 -28
Cover_T709 74
Cover_T710 -36
Cover_T711 66
Cover_T712 -36
Cover_T713 52
Cover_T714 -44
Cover_T715 64
Cover_T716 -46
Cover_T717 56
Cover_T718 -46
Cover_T719 52
Cover_T720 -50
Cover_T721 20
Cover_T722 2
Cover_T723 4
Cover_T724 12
Cover_T725 16
Cover_T726 8
Cover_T727 18
Cover_T728 16
Cover_T729 10
Cover_T730 18
Cover_T731 16
Cover_T732 18
Cover_T733 6
Cover_T734 992
Cover_T735 1030
Cover_T736 992
Cover_T737 1006
Cover_T738 1014
Cover_T739 1006
Cover_T740 1026
Cover_T741 972
Cover_T742 1016
Cover_T743 1066
Cover_T744 1028
Cover_T745 62
Cover_T746 1020
Cover_T747 86
Cover_T748 0
Cover_T749 46
Cover_T750 12
Cover_T751 70
Cover_T752 24
Cover_T753 48
Cover_T754 36
Cover_T755 32
Cover_T756 -38
Cover_T757 54
Cover_T758 -34
Cover_T759 52
Cover_T760 -30
Cover_T761 52
Cover_T762 -2
Cover_T763 52
Cover_T764 52
Cover_T765 0
Cover_T766 56
Cover_T767 26
Cover_T768 22
Cover_T769 28
Cover_T770 42
Cover_T771 32
Cover_T772 58
Cover_T773 10
Cover_T774 54
Cover_T775 54
Cover_T776 0
Cover_T777 34
Cover_T778 0
Cover_T779 -1.04037e-08
Cover_T780 20
Cover_T781 60
Cover_T782 2
Cover_T783 44
Cover_T784 42
Cover_T785 48
Cover_T786 0
Cover_T787 42
Count_D0 -984
Count_D1 -1000
Max_H0_P0 0
Max_H0_P1 0
Max_H0_P2 0
Max_H0_P3 0
Max_H0_P4 0
Max_H0_P5 -7.44276e-11
Max_H0_P6 1.13814e-09
Max_H0_P7 0
Max_H0_P8 0
Max_H0_P9 0
Max_H0_P10 0
Max_H0_P11 0
Max_H0_P12 0
Max_H0_P13 0
Max_H0_P14 0
Max_H0_P15 1.80593e-11
Max_H0_P16 4.31789e-11
Max_H0_P17 -1.20821e-10
Max_H0_P18 0
Max_H0_P19 0
Max_H0_P20 7.10543e-15
Max_H0_P21 7.9593e-12
Max_H0_P22 -5.09971e-11
Max_H0_P23 6.84315e-11
Max_H0_P24 -3.22302e-11
Max_H0_P25 -8.68816e-12
Max_H0_P26 2.78964e-11
Max_H0_P27 1.86134e-11
Max_H0_P28 2.24373e-11
Max_H0_P29 1.73873e-11
Max_H0_P30 0
Max_H0_P31 5.50304e-12
Max_H0_P32 -2.60556e-11
Max_H0_P33 4.8944e-11
Max_H0_P34 1.5099e-12
Max_H0_P35 -3.38218e-12
Max_H0_P36 0
Max_H0_P37 3.13403e-11
Max_H0_P38 -3.53495e-12
Max_H0_P39 -2.2133e-11
Max_H0_P40 -1.00842e-11
Max_H0_P41 2.89894e-11
Max_H0_P42 -2.7363e-11
Max_H0_P43 0
Max_H0_P44 0
Max_H0_P45 8.74252e-11
Max_H0_P46 0
Max_H0_P47 0
Max_H0_P48 0
Max_H0_P49 0
Max_H0_P50 0
Max_H0_P51 0
Max_H0_P52 0
Max_H0_P53 0
Max_H0_P54 0
Max_H0_P55 0
Max_H0_P56 0
Max_H0_P57 -0
Max_H0_P58 0
Max_H0_P59 0
Max_H0_P60 0
Max_H0_P61 0
Max_H0_P62 0
Max_H0_P63 0
Max_H0_P64 0
Max_H0_P65 0
Max_H0_P66 0
Max_H0_P67 0
Max_H0_P68 0
Max_H0_P69 0
Max_H0_P70 0
Max_H0_P71 0
Max_H0_P72 0
Max_H0_P73 0
Max_H0_P74 0
Max_H0_P75 0
Max_H0_P76 0
Max_H0_P77 0
Max_H0_P78 0
Max_H0_P79 0
Max_H0_P80 1.18998e-11
Max_H0_P81 0
Max_H1_P0 0
Max_H1_P1 0
Max_H1_P2 0
Max_H1_P3 0
Max_H1_P4 0
Max_H1_P5 -3.11879e-11
Max_H1_P6 1.07222e-09
Max_H1_P7 0
Max_H1_P8 0
Max_H1_P9 0
Max_H1_P10 0
Max_H1_P11 0
Max_H1_P12 0
Max_H1_P13 0
Max_H1_P14 0
Max_H1_P15 1.80593e-11
Max_H1_P16 7.48841e-11
Max_H1_P17 1.29212e-11
Max_H1_P18 2.28339e-11
Max_H1_P19 -1.22138e-11
Max_H1_P20 -7.71504e-12
Max_H1_P21 2.06363e-11
Max_H1_P22 4.01315e-11
Max_H1_P23 -1.73884e-11
Max_H1_P24 1.37295e-11
Max_H1_P25 -1.3022e-11
Max_H1_P26 -0
Max_H1_P27 0
Max_H1_P28 0
Max_H1_P29 7.96641e-12
Max_H1_P30 -3.54228e-12
Max_H1_P31 -1.10262e-11
Max_H1_P32 1.38645e-12
Max_H1_P33 1.42109e-11
Max_H1_P34 -0
Max_H1_P35 0
Max_H1_P36 1.35945e-11
Max_H1_P37 1.42109e-11
Max_H1_P38 0
Max_H1_P39 -1.40243e-12
Max_H1_P40 0
Max_H1_P41 0
Max_H1_P42 -8.7006e-12
Max_H1_P43 0
Max_H1_P44 0
Max_H1_P45 6.28157e-11
Max_H1_P46 3.97464e-11
Max_H1_P47 0
Max_H1_P48 -4.8045e-11
Max_H1_P49 0
Max_H1_P50 -6.39488e-11
Max_H1_P51 0
Max_H1_P52 0
Max_H1_P53 0
Max_H1_P54 0
Max_H1_P55 0
Max_H1_P56 1.03438e-12
Max_H1_P57 0
Max_H1_P58 0
Max_H1_P59 0
Max_H1_P60 0
Max_H1_P61 0
Max_H1_P62 0
Max_H1_P63 0
Max_H1_P64 0
Max_H1_P65 0
Max_H1_P66 0
Max_H1_P67 0
Max_H1_P68 0
Max_H1_P69 0
Max_H1_P70 0
Max_H1_P71 0
Max_H1_P72 0
Max_H1_P73 0
Max_H1_P74 0
Max_H1_P75 0
Max_H1_P76 -4.3201e-12
Max_H1_P77 0
Max_H1_P78 0
Max_H1_P79 0
Max_H1_P80 0
Max_H1_P81 0
