
Branch and bound

  Entire solving process        :                           (Time    343.8)
  No feasible solution was found
  Best relaxation cost          :     70955.90 (Node     0) (Time    343.8)
  Lower bound after cuts        :     70955.90
  End lower bound               :     70955.90
  Deepest level reached         : 0
  Deepest real level reached    : 0
  Number of real nodes solved   : 1
  Stopping condition            : enough nodes explored

Problem identification

  Problem                       : <null>
  Machine                       : oslo1.gerad.lan

Solving process summary

  Linear relaxations            :        1
  Column generation iterations  :      125
  Shortest paths solved         :     4135
  Columns generated             :    47337

Instance characteristics

  Resources                     : 3
  Node types                    : no
  Arc types                     : no
  Strong resource windows       : no
  Weak resource windows         : no
  Resource windows (nodes)      : 3
  Resource values (arcs)        : 3
  Values on nodes               : no

  Rows                          : 1097
  Initial columns               : 2
  Tasks                         : 935
  Strong tasks                  : 931
  Weak tasks                    : 4
  Initial task constraints      : no
  Nodes                         : 1263
  Arc sets                      : 1
  Arcs                          : 38967
  Networks                      : 2
  Models                        : 1

Memory used per module (Megs)

  Parser (reused)               :      8.120
  Networks                      :     34.146
  Column generator              :     10.171
  Master problem                :     10.404
  -----------------
  Total                         :     54.721

Cpu time per module (seconds)

  Parser                        :        0.0
  Preprocessor                  :        0.0
  Lr solver manager             :        0.2
  Column generator              :       85.1
    (Shortest path)             :       74.4
  Master problem                :      258.5
  -------------------
  Total (without b&b)           :      343.8

Real elapsed time (seconds)

  Parser                        :        0.0
  Preprocessor                  :        0.0
  Lr solver manager             :        0.1
  Column generator              :       85.2
    (Shortest path)             :       74.4
  Master problem                :      258.4
  -------------------
  Total (without b&b)           :      343.8
