
Branch and bound

  Entire solving process        :                           (Time     91.2)
  No feasible solution was found
  Best relaxation cost          :     36641.88 (Node     0) (Time     91.2)
  Lower bound after cuts        :     36641.88
  End lower bound               :     36641.88
  Deepest level reached         : 0
  Deepest real level reached    : 0
  Number of real nodes solved   : 1
  Stopping condition            : enough nodes explored

Problem identification

  Problem                       : <null>
  Machine                       : oslo3.gerad.lan

Solving process summary

  Linear relaxations            :        1
  Column generation iterations  :      169
  Shortest paths solved         :     2741
  Columns generated             :    23658

Instance characteristics

  Resources                     : 3
  Node types                    : no
  Arc types                     : no
  Strong resource windows       : no
  Weak resource windows         : no
  Resource windows (nodes)      : 3
  Resource values (arcs)        : 3
  Values on nodes               : no

  Rows                          : 673
  Initial columns               : 2
  Tasks                         : 511
  Strong tasks                  : 507
  Weak tasks                    : 4
  Initial task constraints      : no
  Nodes                         : 839
  Arc sets                      : 1
  Arcs                          : 13912
  Networks                      : 2
  Models                        : 1

Memory used per module (Megs)

  Parser (reused)               :      3.156
  Networks                      :     18.889
  Column generator              :      3.269
  Master problem                :      6.903
  -----------------
  Total                         :     29.062

Cpu time per module (seconds)

  Parser                        :        0.0
  Preprocessor                  :        0.0
  Lr solver manager             :        0.1
  Column generator              :        9.5
    (Shortest path)             :        8.2
  Master problem                :       81.6
  -------------------
  Total (without b&b)           :       91.2

Real elapsed time (seconds)

  Parser                        :        0.0
  Preprocessor                  :        0.0
  Lr solver manager             :        0.1
  Column generator              :        9.4
    (Shortest path)             :        8.0
  Master problem                :       81.7
  -------------------
  Total (without b&b)           :       91.2
