
Branch and bound

  Entire solving process        :                           (Time    240.6)
  No feasible solution was found
  Best relaxation cost          :     54112.47 (Node     0) (Time    240.6)
  Lower bound after cuts        :     54112.47
  End lower bound               :     54112.47
  Deepest level reached         : 0
  Deepest real level reached    : 0
  Number of real nodes solved   : 1
  Stopping condition            : enough nodes explored

Problem identification

  Problem                       : <null>
  Machine                       : oslo2.gerad.lan

Solving process summary

  Linear relaxations            :        1
  Column generation iterations  :      140
  Shortest paths solved         :     9731
  Columns generated             :    60799

Instance characteristics

  Resources                     : 3
  Node types                    : no
  Arc types                     : no
  Strong resource windows       : no
  Weak resource windows         : no
  Resource windows (nodes)      : 3
  Resource values (arcs)        : 3
  Values on nodes               : no

  Rows                          : 987
  Initial columns               : 397
  Tasks                         : 825
  Strong tasks                  : 580
  Weak tasks                    : 4
  Initial task constraints      : no
  Nodes                         : 1153
  Arc sets                      : 1
  Arcs                          : 31600
  Networks                      : 2
  Models                        : 1

Memory used per module (Megs)

  Parser (reused)               :      6.667
  Networks                      :     32.451
  Column generator              :     13.319
  Master problem                :      9.814
  -----------------
  Total                         :     55.584

Cpu time per module (seconds)

  Parser                        :        0.0
  Preprocessor                  :        0.0
  Lr solver manager             :        0.1
  Column generator              :      115.6
    (Shortest path)             :      104.3
  Master problem                :      124.8
  -------------------
  Total (without b&b)           :      240.6

Real elapsed time (seconds)

  Parser                        :        0.0
  Preprocessor                  :        0.0
  Lr solver manager             :        0.1
  Column generator              :      115.8
    (Shortest path)             :      105.2
  Master problem                :      124.9
  -------------------
  Total (without b&b)           :      240.9
