
Branch and bound

  Entire solving process        :                           (Time    220.4)
  No feasible solution was found
  Best relaxation cost          :     58401.00 (Node     0) (Time    220.4)
  Lower bound after cuts        :     58401.00
  End lower bound               :     58401.00
  Deepest level reached         : 0
  Deepest real level reached    : 0
  Number of real nodes solved   : 1
  Stopping condition            : enough nodes explored

Problem identification

  Problem                       : <null>
  Machine                       : oslo3.gerad.lan

Solving process summary

  Linear relaxations            :        1
  Column generation iterations  :      146
  Shortest paths solved         :     6997
  Columns generated             :    66345

Instance characteristics

  Resources                     : 3
  Node types                    : no
  Arc types                     : no
  Strong resource windows       : no
  Weak resource windows         : no
  Resource windows (nodes)      : 3
  Resource values (arcs)        : 3
  Values on nodes               : no

  Rows                          : 1000
  Initial columns               : 452
  Tasks                         : 838
  Strong tasks                  : 558
  Weak tasks                    : 4
  Initial task constraints      : no
  Nodes                         : 1166
  Arc sets                      : 1
  Arcs                          : 32095
  Networks                      : 2
  Models                        : 1

Memory used per module (Megs)

  Parser (reused)               :      6.788
  Networks                      :     33.420
  Column generator              :      8.597
  Master problem                :      9.723
  -----------------
  Total                         :     51.740

Cpu time per module (seconds)

  Parser                        :        0.0
  Preprocessor                  :        0.0
  Lr solver manager             :        0.1
  Column generator              :       68.5
    (Shortest path)             :       60.0
  Master problem                :      151.7
  -------------------
  Total (without b&b)           :      220.3

Real elapsed time (seconds)

  Parser                        :        0.0
  Preprocessor                  :        0.0
  Lr solver manager             :        0.1
  Column generator              :       68.5
    (Shortest path)             :       60.2
  Master problem                :      151.7
  -------------------
  Total (without b&b)           :      220.4
