
Branch and bound

  Entire solving process        :                           (Time   2180.5)
  No feasible solution was found
  Best relaxation cost          :     58701.95 (Node     0) (Time   2180.4)
  Lower bound after cuts        :     58701.95
  End lower bound               :     58701.95
  Deepest level reached         : 0
  Deepest real level reached    : 0
  Number of real nodes solved   : 1
  Stopping condition            : enough nodes explored

Problem identification

  Problem                       : <null>
  Machine                       : oslo4.gerad.lan

Solving process summary

  Linear relaxations            :        1
  Column generation iterations  :      333
  Shortest paths solved         :     6690
  Columns generated             :    73557

Instance characteristics

  Resources                     : 3
  Node types                    : no
  Arc types                     : no
  Strong resource windows       : no
  Weak resource windows         : no
  Resource windows (nodes)      : 3
  Resource values (arcs)        : 3
  Values on nodes               : no

  Rows                          : 1000
  Initial columns               : 2
  Tasks                         : 838
  Strong tasks                  : 834
  Weak tasks                    : 4
  Initial task constraints      : no
  Nodes                         : 1166
  Arc sets                      : 1
  Arcs                          : 32095
  Networks                      : 2
  Models                        : 1

Memory used per module (Megs)

  Parser (reused)               :      6.788
  Networks                      :     30.150
  Column generator              :     10.656
  Master problem                :      9.716
  -----------------
  Total                         :     50.522

Cpu time per module (seconds)

  Parser                        :        0.0
  Preprocessor                  :        0.0
  Lr solver manager             :        0.2
  Column generator              :      122.1
    (Shortest path)             :      109.3
  Master problem                :     2058.1
  -------------------
  Total (without b&b)           :     2180.4

Real elapsed time (seconds)

  Parser                        :        0.0
  Preprocessor                  :        0.0
  Lr solver manager             :        0.3
  Column generator              :      122.6
    (Shortest path)             :      109.7
  Master problem                :     2059.7
  -------------------
  Total (without b&b)           :     2182.7
