Cover_T0 52
Cover_T1 -52
Cover_T2 52
Cover_T3 -52
Cover_T4 52
Cover_T5 -52
Cover_T6 52
Cover_T7 -52
Cover_T8 52
Cover_T9 -52
Cover_T10 52
Cover_T11 -52
Cover_T12 52
Cover_T13 -52
Cover_T14 52
Cover_T15 -52
Cover_T16 52
Cover_T17 -52
Cover_T18 52
Cover_T19 -52
Cover_T20 52
Cover_T21 -52
Cover_T22 54
Cover_T23 -50
Cover_T24 54
Cover_T25 -50
Cover_T26 54
Cover_T27 -52
Cover_T28 54
Cover_T29 -50
Cover_T30 54
Cover_T31 -50
Cover_T32 54
Cover_T33 -50
Cover_T34 52
Cover_T35 -50
Cover_T36 54
Cover_T37 -50
Cover_T38 56
Cover_T39 -50
Cover_T40 54
Cover_T41 -48
Cover_T42 52
Cover_T43 -48
Cover_T44 54
Cover_T45 -48
Cover_T46 52
Cover_T47 -48
Cover_T48 54
Cover_T49 -48
Cover_T50 52
Cover_T51 -48
Cover_T52 54
Cover_T53 -48
Cover_T54 56
Cover_T55 -46
Cover_T56 52
Cover_T57 -42
Cover_T58 56
Cover_T59 -34
Cover_T60 54
Cover_T61 -42
Cover_T62 56
Cover_T63 -1.24032e-10
Cover_T64 56
Cover_T65 988
Cover_T66 56
Cover_T67 980
Cover_T68 56
Cover_T69 984
Cover_T70 1002
Cover_T71 976
Cover_T72 986
Cover_T73 968
Cover_T74 986
Cover_T75 992
Cover_T76 1040
Cover_T77 994
Cover_T78 1048
Cover_T79 994
Cover_T80 1006
Cover_T81 994
Cover_T82 18
Cover_T83 990
Cover_T84 14
Cover_T85 994
Cover_T86 22
Cover_T87 46
Cover_T88 30
Cover_T89 52
Cover_T90 30
Cover_T91 62
Cover_T92 8
Cover_T93 -4
Cover_T94 -4
Cover_T95 -4.73534e-10
Cover_T96 6
Cover_T97 4
Cover_T98 -2
Cover_T99 -4
Cover_T100 2
Cover_T101 16
Cover_T102 6
Cover_T103 2
Cover_T104 -12
Cover_T105 6
Cover_T106 6
Cover_T107 -2
Cover_T108 6
Cover_T109 14
Cover_T110 2
Cover_T111 6
Cover_T112 2
Cover_T113 22
Cover_T114 2
Cover_T115 4
Cover_T116 -6
Cover_T117 2.695e-10
Cover_T118 0
Cover_T119 0
Cover_T120 0
Cover_T121 4
Cover_T122 2
Cover_T123 0
Cover_T124 2
Cover_T125 0
Cover_T126 2
Cover_T127 10
Cover_T128 -14
Cover_T129 10
Cover_T130 -10
Cover_T131 8
Cover_T132 -26
Cover_T133 8
Cover_T134 -44
Cover_T135 12
Cover_T136 6
Cover_T137 12
Cover_T138 -4.25342e-10
Cover_T139 32
Cover_T140 4
Cover_T141 52
Cover_T142 -2.20812e-10
Cover_T143 2
Cover_T144 0
Cover_T145 8
Cover_T146 -3.4186e-12
Cover_T147 4
Cover_T148 6
Cover_T149 8
Cover_T150 6
Cover_T151 -2.31402e-10
Cover_T152 4
Cover_T153 8
Cover_T154 -9.19158e-11
Cover_T155 2
Cover_T156 6
Cover_T157 2
Cover_T158 6
Cover_T159 -2.57069e-10
Cover_T160 6
Cover_T161 1.925e-10
Cover_T162 6
Cover_T163 6
Cover_T164 -10
Cover_T165 6
Cover_T166 -16
Cover_T167 4
Cover_T168 -32
Cover_T169 4
Cover_T170 -48
Cover_T171 4
Cover_T172 -4
Cover_T173 22
Cover_T174 -2
Cover_T175 32
Cover_T176 -22
Cover_T177 52
Cover_T178 -42
Cover_T179 12
Cover_T180 -44
Cover_T181 10
Cover_T182 -34
Cover_T183 30
Cover_T184 -38
Cover_T185 50
Cover_T186 6
Cover_T187 52
Cover_T188 6
Cover_T189 42
Cover_T190 5.20814e-10
Cover_T191 48
Cover_T192 6
Cover_T193 2
Cover_T194 6
Cover_T195 2
Cover_T196 6
Cover_T197 6
Cover_T198 4
Cover_T199 4
Cover_T200 -6
Cover_T201 2
Cover_T202 -18
Cover_T203 -2
Cover_T204 -30
Cover_T205 10
Cover_T206 -42
Cover_T207 4
Cover_T208 2.78127e-09
Cover_T209 4
Cover_T210 4
Cover_T211 12
Cover_T212 -8
Cover_T213 28
Cover_T214 4
Cover_T215 38
Cover_T216 1.60008e-09
Cover_T217 56
Cover_T218 -3.31847e-09
Cover_T219 16
Cover_T220 -3.1669e-09
Cover_T221 16
Cover_T222 -2
Cover_T223 8
Cover_T224 -4
Cover_T225 16
Cover_T226 -20
Cover_T227 16
Cover_T228 -36
Cover_T229 18
Cover_T230 -26
Cover_T231 18
Cover_T232 -42
Cover_T233 14
Cover_T234 -2
Cover_T235 26
Cover_T236 -2
Cover_T237 40
Cover_T238 -2
Cover_T239 52
Cover_T240 -2
Cover_T241 38
Cover_T242 -14
Cover_T243 50
Cover_T244 -2
Cover_T245 10
Cover_T246 -2
Cover_T247 12
Cover_T248 -8
Cover_T249 12
Cover_T250 -4
Cover_T251 12
Cover_T252 -4
Cover_T253 26
Cover_T254 -8
Cover_T255 8
Cover_T256 -14
Cover_T257 16
Cover_T258 -30
Cover_T259 16
Cover_T260 -46
Cover_T261 8
Cover_T262 -42
Cover_T263 28
Cover_T264 -42
Cover_T265 32
Cover_T266 -6
Cover_T267 50
Cover_T268 -6
Cover_T269 52
Cover_T270 -10
Cover_T271 54
Cover_T272 -8
Cover_T273 54
Cover_T274 -8
Cover_T275 62
Cover_T276 -8
Cover_T277 30
Cover_T278 -14
Cover_T279 24
Cover_T280 -8
Cover_T281 34
Cover_T282 -14
Cover_T283 26
Cover_T284 -26
Cover_T285 30
Cover_T286 -34
Cover_T287 40
Cover_T288 -28
Cover_T289 30
Cover_T290 -24
Cover_T291 40
Cover_T292 -22
Cover_T293 66
Cover_T294 -26
Cover_T295 48
Cover_T296 -26
Cover_T297 50
Cover_T298 -26
Cover_T299 54
Cover_T300 -34
Cover_T301 46
Cover_T302 -32
Cover_T303 42
Cover_T304 -38
Cover_T305 60
Cover_T306 -40
Cover_T307 62
Cover_T308 -40
Cover_T309 52
Cover_T310 -40
Cover_T311 56
Cover_T312 -40
Cover_T313 62
Cover_T314 52
Cover_T315 -52
Cover_T316 52
Cover_T317 -52
Cover_T318 54
Cover_T319 -52
Cover_T320 54
Cover_T321 -50
Cover_T322 54
Cover_T323 -50
Cover_T324 52
Cover_T325 -50
Cover_T326 52
Cover_T327 -50
Cover_T328 52
Cover_T329 -50
Cover_T330 52
Cover_T331 -48
Cover_T332 52
Cover_T333 -48
Cover_T334 50
Cover_T335 -48
Cover_T336 52
Cover_T337 -48
Cover_T338 50
Cover_T339 -48
Cover_T340 52
Cover_T341 -38
Cover_T342 48
Cover_T343 -34
Cover_T344 56
Cover_T345 -44
Cover_T346 56
Cover_T347 -0
Cover_T348 56
Cover_T349 986
Cover_T350 56
Cover_T351 976
Cover_T352 54
Cover_T353 984
Cover_T354 998
Cover_T355 972
Cover_T356 982
Cover_T357 964
Cover_T358 982
Cover_T359 988
Cover_T360 1002
Cover_T361 990
Cover_T362 14
Cover_T363 990
Cover_T364 22
Cover_T365 990
Cover_T366 18
Cover_T367 38
Cover_T368 26
Cover_T369 50
Cover_T370 34
Cover_T371 58
Cover_T372 10
Cover_T373 0
Cover_T374 8
Cover_T375 -3.7768e-09
Cover_T376 8
Cover_T377 -9.71738e-09
Cover_T378 -12
Cover_T379 -3.34204e-11
Cover_T380 4
Cover_T381 -4
Cover_T382 9.38061e-09
Cover_T383 4
Cover_T384 6
Cover_T385 20
Cover_T386 -8
Cover_T387 2
Cover_T388 -2
Cover_T389 10
Cover_T390 -22
Cover_T391 6
Cover_T392 6
Cover_T393 2
Cover_T394 4.83737e-11
Cover_T395 22
Cover_T396 0
Cover_T397 -6
Cover_T398 -1.04934e-10
Cover_T399 1.92525e-10
Cover_T400 4
Cover_T401 5.79163e-11
Cover_T402 4
Cover_T403 3.43385e-10
Cover_T404 6
Cover_T405 8
Cover_T406 6
Cover_T407 2
Cover_T408 6
Cover_T409 2
Cover_T410 -10
Cover_T411 -4.62554e-10
Cover_T412 -6
Cover_T413 5.21969e-10
Cover_T414 -22
Cover_T415 -7.34524e-12
Cover_T416 -38
Cover_T417 16
Cover_T418 6
Cover_T419 12
Cover_T420 2.12366e-11
Cover_T421 28
Cover_T422 -2
Cover_T423 44
Cover_T424 6
Cover_T425 -3.38254e-11
Cover_T426 6
Cover_T427 6
Cover_T428 6
Cover_T429 8
Cover_T430 2.17131e-10
Cover_T431 4
Cover_T432 -8
Cover_T433 8
Cover_T434 -2
Cover_T435 0
Cover_T436 -2
Cover_T437 8
Cover_T438 -4
Cover_T439 2
Cover_T440 -8
Cover_T441 2
Cover_T442 -2
Cover_T443 4
Cover_T444 -4
Cover_T445 8
Cover_T446 -8
Cover_T447 2
Cover_T448 -12
Cover_T449 4
Cover_T450 -22
Cover_T451 8
Cover_T452 -42
Cover_T453 12
Cover_T454 3.50331e-10
Cover_T455 18
Cover_T456 4
Cover_T457 34
Cover_T458 -10
Cover_T459 50
Cover_T460 -26
Cover_T461 6
Cover_T462 -42
Cover_T463 2
Cover_T464 -40
Cover_T465 16
Cover_T466 -26
Cover_T467 32
Cover_T468 -42
Cover_T469 50
Cover_T470 -46
Cover_T471 52
Cover_T472 -2
Cover_T473 42
Cover_T474 -2
Cover_T475 46
Cover_T476 6
Cover_T477 2
Cover_T478 0
Cover_T479 4
Cover_T480 -2
Cover_T481 -6
Cover_T482 -2
Cover_T483 2
Cover_T484 -12
Cover_T485 4
Cover_T486 -30
Cover_T487 4
Cover_T488 4
Cover_T489 16
Cover_T490 1.41267e-09
Cover_T491 34
Cover_T492 4
Cover_T493 54
Cover_T494 -4
Cover_T495 16
Cover_T496 -4
Cover_T497 16
Cover_T498 -6
Cover_T499 8
Cover_T500 -8
Cover_T501 16
Cover_T502 -8
Cover_T503 16
Cover_T504 -24
Cover_T505 16
Cover_T506 -40
Cover_T507 16
Cover_T508 -34
Cover_T509 20
Cover_T510 -2
Cover_T511 40
Cover_T512 -10
Cover_T513 38
Cover_T514 -6
Cover_T515 6
Cover_T516 -2
Cover_T517 12
Cover_T518 -6
Cover_T519 12
Cover_T520 -4
Cover_T521 24
Cover_T522 -4
Cover_T523 10
Cover_T524 -4
Cover_T525 10
Cover_T526 -16
Cover_T527 16
Cover_T528 -16
Cover_T529 12
Cover_T530 -28
Cover_T531 10
Cover_T532 -40
Cover_T533 8
Cover_T534 -32
Cover_T535 22
Cover_T536 -44
Cover_T537 28
Cover_T538 -40
Cover_T539 40
Cover_T540 -50
Cover_T541 44
Cover_T542 -6
Cover_T543 62
Cover_T544 -14
Cover_T545 42
Cover_T546 -10
Cover_T547 48
Cover_T548 -12
Cover_T549 66
Cover_T550 -8
Cover_T551 54
Cover_T552 -16
Cover_T553 66
Cover_T554 -8
Cover_T555 22
Cover_T556 -26
Cover_T557 32
Cover_T558 -14
Cover_T559 30
Cover_T560 -8
Cover_T561 28
Cover_T562 -26
Cover_T563 24
Cover_T564 -18
Cover_T565 32
Cover_T566 -18
Cover_T567 24
Cover_T568 -22
Cover_T569 36
Cover_T570 -32
Cover_T571 30
Cover_T572 -42
Cover_T573 30
Cover_T574 -48
Cover_T575 40
Cover_T576 -24
Cover_T577 38
Cover_T578 -36
Cover_T579 28
Cover_T580 -42
Cover_T581 34
Cover_T582 -26
Cover_T583 52
Cover_T584 -32
Cover_T585 52
Cover_T586 -44
Cover_T587 66
Cover_T588 -30
Cover_T589 46
Cover_T590 -30
Cover_T591 46
Cover_T592 -26
Cover_T593 58
Cover_T594 -26
Cover_T595 44
Cover_T596 -36
Cover_T597 50
Cover_T598 -28
Cover_T599 58
Cover_T600 -52
Cover_T601 54
Cover_T602 -34
Cover_T603 42
Cover_T604 -38
Cover_T605 54
Cover_T606 -60
Cover_T607 54
Cover_T608 -40
Cover_T609 52
Cover_T610 -42
Cover_T611 62
Cover_T612 52
Cover_T613 -50
Cover_T614 52
Cover_T615 -48
Cover_T616 52
Cover_T617 -48
Cover_T618 52
Cover_T619 -48
Cover_T620 50
Cover_T621 -48
Cover_T622 52
Cover_T623 -48
Cover_T624 50
Cover_T625 -42
Cover_T626 54
Cover_T627 -38
Cover_T628 48
Cover_T629 0
Cover_T630 52
Cover_T631 984
Cover_T632 52
Cover_T633 988
Cover_T634 52
Cover_T635 980
Cover_T636 1000
Cover_T637 972
Cover_T638 992
Cover_T639 964
Cover_T640 982
Cover_T641 992
Cover_T642 1036
Cover_T643 990
Cover_T644 1048
Cover_T645 990
Cover_T646 1036
Cover_T647 994
Cover_T648 1048
Cover_T649 994
Cover_T650 1002
Cover_T651 994
Cover_T652 18
Cover_T653 994
Cover_T654 10
Cover_T655 994
Cover_T656 22
Cover_T657 46
Cover_T658 30
Cover_T659 54
Cover_T660 38
Cover_T661 62
Cover_T662 -4
Cover_T663 -4
Cover_T664 -12
Cover_T665 -3.70869e-09
Cover_T666 10
Cover_T667 -4
Cover_T668 6
Cover_T669 -4
Cover_T670 -4
Cover_T671 4
Cover_T672 6
Cover_T673 -4
Cover_T674 -6
Cover_T675 3.33204e-09
Cover_T676 6
Cover_T677 12
Cover_T678 -6
Cover_T679 24
Cover_T680 -18
Cover_T681 2
Cover_T682 4
Cover_T683 2
Cover_T684 6
Cover_T685 14
Cover_T686 0
Cover_T687 2
Cover_T688 4
Cover_T689 14
Cover_T690 3.18471e-10
Cover_T691 2
Cover_T692 4
Cover_T693 14
Cover_T694 2.58157e-10
Cover_T695 26
Cover_T696 4
Cover_T697 4
Cover_T698 -2
Cover_T699 1.64754e-10
Cover_T700 2
Cover_T701 0
Cover_T702 6
Cover_T703 0
Cover_T704 6
Cover_T705 0
Cover_T706 6
Cover_T707 8
Cover_T708 -10
Cover_T709 2
Cover_T710 -6
Cover_T711 2
Cover_T712 -22
Cover_T713 5.08749e-12
Cover_T714 -38
Cover_T715 8.92938e-10
Cover_T716 6
Cover_T717 -2
Cover_T718 4
Cover_T719 10
Cover_T720 6
Cover_T721 22
Cover_T722 -6
Cover_T723 14
Cover_T724 6
Cover_T725 26
Cover_T726 0
Cover_T727 38
Cover_T728 -2
Cover_T729 50
Cover_T730 6
Cover_T731 2
Cover_T732 2
Cover_T733 4
Cover_T734 2
Cover_T735 2
Cover_T736 6
Cover_T737 16
Cover_T738 -4.31539e-11
Cover_T739 2
Cover_T740 4
Cover_T741 8
Cover_T742 6
Cover_T743 4
Cover_T744 6
Cover_T745 0
Cover_T746 0
Cover_T747 6.69829e-11
Cover_T748 -1.09443e-09
Cover_T749 6
Cover_T750 2
Cover_T751 2
Cover_T752 -7.14813e-10
Cover_T753 4
Cover_T754 -4
Cover_T755 8
Cover_T756 -14
Cover_T757 2
Cover_T758 -34
Cover_T759 4
Cover_T760 6
Cover_T761 8
Cover_T762 6
Cover_T763 12
Cover_T764 -10
Cover_T765 18
Cover_T766 -26
Cover_T767 34
Cover_T768 -42
Cover_T769 50
Cover_T770 -40
Cover_T771 6
Cover_T772 -26
Cover_T773 2
Cover_T774 -42
Cover_T775 16
Cover_T776 -42
Cover_T777 32
Cover_T778 6
Cover_T779 44
Cover_T780 -2
Cover_T781 52
Cover_T782 0
Cover_T783 42
Cover_T784 2
Cover_T785 50
Cover_T786 0
Cover_T787 28
Cover_T788 0
Cover_T789 38
Cover_T790 6
Cover_T791 46
Cover_T792 -2
Cover_T793 54
Cover_T794 4
Cover_T795 46
Cover_T796 6
Cover_T797 54
Cover_T798 6
Cover_T799 -2
Cover_T800 -2
Cover_T801 6
Cover_T802 6
Cover_T803 4
Cover_T804 2
Cover_T805 2
Cover_T806 6
Cover_T807 4
Cover_T808 -2
Cover_T809 8
Cover_T810 -18
Cover_T811 -1.52443e-09
Cover_T812 -34
Cover_T813 4
Cover_T814 6
Cover_T815 14
Cover_T816 4
Cover_T817 10
Cover_T818 4
Cover_T819 14
Cover_T820 4
Cover_T821 32
Cover_T822 4
Cover_T823 48
Cover_T824 1.67062e-08
Cover_T825 8
Cover_T826 4
Cover_T827 8
Cover_T828 2
Cover_T829 8
Cover_T830 -14
Cover_T831 8
Cover_T832 -32
Cover_T833 8
Cover_T834 -22
Cover_T835 10
Cover_T836 -38
Cover_T837 10
Cover_T838 -2
Cover_T839 8
Cover_T840 -4
Cover_T841 22
Cover_T842 -4
Cover_T843 34
Cover_T844 -4
Cover_T845 46
Cover_T846 -16
Cover_T847 32
Cover_T848 -2
Cover_T849 44
Cover_T850 -2
Cover_T851 56
Cover_T852 -8
Cover_T853 18
Cover_T854 -6
Cover_T855 18
Cover_T856 -4
Cover_T857 18
Cover_T858 -4
Cover_T859 22
Cover_T860 -12
Cover_T861 10
Cover_T862 -34
Cover_T863 16
Cover_T864 -34
Cover_T865 6
Cover_T866 -38
Cover_T867 20
Cover_T868 -6
Cover_T869 30
Cover_T870 -6
Cover_T871 54
Cover_T872 -6
Cover_T873 50
Cover_T874 -10
Cover_T875 68
Cover_T876 -16
Cover_T877 68
Cover_T878 -8
Cover_T879 36
Cover_T880 -8
Cover_T881 32
Cover_T882 -30
Cover_T883 34
Cover_T884 -14
Cover_T885 42
Cover_T886 -34
Cover_T887 42
Cover_T888 -22
Cover_T889 48
Cover_T890 -32
Cover_T891 38
Cover_T892 -22
Cover_T893 46
Cover_T894 -22
Cover_T895 58
Cover_T896 -28
Cover_T897 70
Cover_T898 -28
Cover_T899 50
Cover_T900 -30
Cover_T901 62
Cover_T902 -28
Cover_T903 58
Cover_T904 -30
Cover_T905 64
Cover_T906 -32
Cover_T907 50
Cover_T908 -32
Cover_T909 48
Cover_T910 -34
Cover_T911 58
Cover_T912 -38
Cover_T913 54
Cover_T914 -38
Cover_T915 64
Cover_T916 -40
Cover_T917 62
Cover_T918 -42
Cover_T919 58
Cover_T920 -40
Cover_T921 54
Cover_T922 -40
Cover_T923 60
Cover_T924 -40
Cover_T925 62
Cover_T926 4
Cover_T927 -2
Cover_T928 12
Cover_T929 -2
Cover_T930 4
Cover_T931 -8.91216e-09
Cover_T932 4
Cover_T933 -2
Cover_T934 2
Cover_T935 -2
Cover_T936 4
Cover_T937 0
Cover_T938 4
Cover_T939 8
Cover_T940 12
Cover_T941 42
Cover_T942 1046
Cover_T943 1030
Cover_T944 1038
Cover_T945 1034
Cover_T946 1030
Cover_T947 1026
Cover_T948 1022
Cover_T949 1016
Cover_T950 1012
Cover_T951 1010
Cover_T952 1086
Cover_T953 1038
Cover_T954 1070
Cover_T955 1038
Cover_T956 1086
Cover_T957 1030
Cover_T958 1048
Cover_T959 1036
Cover_T960 56
Cover_T961 2
Cover_T962 56
Cover_T963 10
Cover_T964 64
Cover_T965 18
Cover_T966 72
Cover_T967 26
Cover_T968 72
Cover_T969 34
Cover_T970 40
Cover_T971 -34
Cover_T972 54
Cover_T973 -38
Cover_T974 52
Cover_T975 -38
Cover_T976 46
Cover_T977 -10
Cover_T978 52
Cover_T979 52
Cover_T980 22
Cover_T981 52
Cover_T982 -6
Cover_T983 54
Cover_T984 -34
Cover_T985 54
Cover_T986 0
Cover_T987 6
Cover_T988 6
Cover_T989 22
Cover_T990 0
Cover_T991 38
Cover_T992 0
Cover_T993 56
Cover_T994 0
Cover_T995 12
Cover_T996 12
Cover_T997 0
Cover_T998 16
Cover_T999 6
Cover_T1000 3.41562e-09
Cover_T1001 6
Cover_T1002 0
Cover_T1003 10
Cover_T1004 0
Cover_T1005 0
Cover_T1006 40
Cover_T1007 0
Cover_T1008 20
Cover_T1009 20
Cover_T1010 16
Cover_T1011 24
Cover_T1012 0
Cover_T1013 26
Cover_T1014 34
Cover_T1015 -12
Cover_T1016 4
Cover_T1017 0
Cover_T1018 46
Cover_T1019 22
Cover_T1020 46
Cover_T1021 0
Cover_T1022 42
Cover_T1023 28
Count_D0 -984
Count_D1 -1000
Max_H0_P0 0
Max_H0_P1 0
Max_H0_P2 0
Max_H0_P3 0
Max_H0_P4 0
Max_H0_P5 2.41476e-10
Max_H0_P6 0
Max_H0_P7 0
Max_H0_P8 0
Max_H0_P9 0
Max_H0_P10 0
Max_H0_P11 0
Max_H0_P12 0
Max_H0_P13 0
Max_H0_P14 0
Max_H0_P15 -9.76267e-09
Max_H0_P16 -3.73852e-10
Max_H0_P17 -3.94806e-10
Max_H0_P18 -1.97247e-10
Max_H0_P19 -1.59831e-10
Max_H0_P20 -3.22586e-11
Max_H0_P21 -2.05568e-10
Max_H0_P22 -6.76934e-11
Max_H0_P23 -1.58229e-10
Max_H0_P24 2.2743e-10
Max_H0_P25 2.90277e-11
Max_H0_P26 1.26077e-10
Max_H0_P27 -3.24998e-11
Max_H0_P28 4.69065e-11
Max_H0_P29 1.71469e-10
Max_H0_P30 -3.247e-11
Max_H0_P31 -2.82272e-11
Max_H0_P32 -6.3887e-11
Max_H0_P33 2.82272e-11
Max_H0_P34 -1.57637e-10
Max_H0_P35 -7.14312e-11
Max_H0_P36 -1.14278e-10
Max_H0_P37 -4.57524e-11
Max_H0_P38 -1.51401e-10
Max_H0_P39 -1.00841e-10
Max_H0_P40 2.09184e-11
Max_H0_P41 5.23617e-11
Max_H0_P42 1.60969e-10
Max_H0_P43 0
Max_H0_P44 0
Max_H0_P45 0
Max_H0_P46 0
Max_H0_P47 0
Max_H0_P48 0
Max_H0_P49 0
Max_H0_P50 0
Max_H0_P51 0
Max_H0_P52 0
Max_H0_P53 0
Max_H0_P54 0
Max_H0_P55 0
Max_H0_P56 0
Max_H0_P57 0
Max_H0_P58 0
Max_H0_P59 0
Max_H0_P60 -2
Max_H0_P61 -2
Max_H0_P62 0
Max_H0_P63 0
Max_H0_P64 0
Max_H0_P65 0
Max_H0_P66 0
Max_H0_P67 0
Max_H0_P68 0
Max_H0_P69 0
Max_H0_P70 0
Max_H0_P71 0
Max_H0_P72 -0
Max_H0_P73 0
Max_H0_P74 0
Max_H0_P75 0
Max_H0_P76 0
Max_H0_P77 -8.00734e-12
Max_H0_P78 0
Max_H0_P79 0
Max_H0_P80 0
Max_H0_P81 0
Max_H1_P0 0
Max_H1_P1 0
Max_H1_P2 1.17247e-10
Max_H1_P3 0
Max_H1_P4 -9.45164e-11
Max_H1_P5 -1.9373e-10
Max_H1_P6 -1.18043e-10
Max_H1_P7 -1.51057e-10
Max_H1_P8 0
Max_H1_P9 2.64576e-10
Max_H1_P10 0
Max_H1_P11 0
Max_H1_P12 0
Max_H1_P13 0
Max_H1_P14 0
Max_H1_P15 -9.88895e-09
Max_H1_P16 -2.61105e-10
Max_H1_P17 -3.73852e-10
Max_H1_P18 -2.58525e-10
Max_H1_P19 7.05129e-11
Max_H1_P20 -5.8078e-10
Max_H1_P21 -1.26104e-10
Max_H1_P22 -5.65166e-11
Max_H1_P23 6.62145e-11
Max_H1_P24 2.13374e-10
Max_H1_P25 -1.03397e-11
Max_H1_P26 -2.11484e-11
Max_H1_P27 8.72477e-11
Max_H1_P28 -6.45839e-11
Max_H1_P29 -1.51739e-10
Max_H1_P30 -4.308e-11
Max_H1_P31 -1.91809e-10
Max_H1_P32 -3.25414e-11
Max_H1_P33 2.77396e-11
Max_H1_P34 -8.49307e-11
Max_H1_P35 -7.27068e-11
Max_H1_P36 2.83112e-11
Max_H1_P37 -2.07642e-10
Max_H1_P38 -2.32722e-10
Max_H1_P39 1.25932e-10
Max_H1_P40 2.92369e-10
Max_H1_P41 3.17501e-10
Max_H1_P42 1.92095e-11
Max_H1_P43 -1.27887e-10
Max_H1_P44 0
Max_H1_P45 0
Max_H1_P46 -1.66889e-10
Max_H1_P47 1.13969e-10
Max_H1_P48 -6.87155e-11
Max_H1_P49 -1.15258e-10
Max_H1_P50 0
Max_H1_P51 0
Max_H1_P52 0
Max_H1_P53 7.17895e-11
Max_H1_P54 0
Max_H1_P55 0
Max_H1_P56 0
Max_H1_P57 0
Max_H1_P58 0
Max_H1_P59 0
Max_H1_P60 -2
Max_H1_P61 -2
Max_H1_P62 1.76229e-10
Max_H1_P63 0
Max_H1_P64 0
Max_H1_P65 0
Max_H1_P66 0
Max_H1_P67 0
Max_H1_P68 0
Max_H1_P69 0
Max_H1_P70 0
Max_H1_P71 0
Max_H1_P72 0
Max_H1_P73 0
Max_H1_P74 0
Max_H1_P75 0
Max_H1_P76 1.70521e-11
Max_H1_P77 -1.59801e-10
Max_H1_P78 1.42749e-10
Max_H1_P79 0
Max_H1_P80 0
Max_H1_P81 0
