
Branch and bound

  Entire solving process        :                           (Time    708.8)
  No feasible solution was found
  Best relaxation cost          :     71005.15 (Node     0) (Time    708.8)
  Lower bound after cuts        :     71005.15
  End lower bound               :     71005.15
  Deepest level reached         : 0
  Deepest real level reached    : 0
  Number of real nodes solved   : 1
  Stopping condition            : enough nodes explored

Problem identification

  Problem                       : <null>
  Machine                       : oslo3.gerad.lan

Solving process summary

  Linear relaxations            :        1
  Column generation iterations  :      153
  Shortest paths solved         :     9809
  Columns generated             :    79542

Instance characteristics

  Resources                     : 3
  Node types                    : no
  Arc types                     : no
  Strong resource windows       : no
  Weak resource windows         : no
  Resource windows (nodes)      : 3
  Resource values (arcs)        : 3
  Values on nodes               : no

  Rows                          : 1245
  Initial columns               : 527
  Tasks                         : 1083
  Strong tasks                  : 756
  Weak tasks                    : 4
  Initial task constraints      : no
  Nodes                         : 1411
  Arc sets                      : 1
  Arcs                          : 51261
  Networks                      : 2
  Models                        : 1

Memory used per module (Megs)

  Parser (reused)               :     10.421
  Networks                      :     41.654
  Column generator              :     16.104
  Master problem                :     12.067
  -----------------
  Total                         :     69.825

Cpu time per module (seconds)

  Parser                        :        0.0
  Preprocessor                  :        0.0
  Lr solver manager             :        0.2
  Column generator              :      336.1
    (Shortest path)             :      307.6
  Master problem                :      372.4
  -------------------
  Total (without b&b)           :      708.7

Real elapsed time (seconds)

  Parser                        :        0.0
  Preprocessor                  :        0.0
  Lr solver manager             :        0.1
  Column generator              :      336.1
    (Shortest path)             :      307.6
  Master problem                :      372.5
  -------------------
  Total (without b&b)           :      708.7
