
Branch and bound

  Entire solving process        :                           (Time    477.3)
  No feasible solution was found
  Best relaxation cost          :     54366.30 (Node     0) (Time    477.2)
  Lower bound after cuts        :     54366.30
  End lower bound               :     54366.30
  Deepest level reached         : 0
  Deepest real level reached    : 0
  Number of real nodes solved   : 1
  Stopping condition            : enough nodes explored

Problem identification

  Problem                       : <null>
  Machine                       : oslo4.gerad.lan

Solving process summary

  Linear relaxations            :        1
  Column generation iterations  :      172
  Shortest paths solved         :     4365
  Columns generated             :    51664

Instance characteristics

  Resources                     : 3
  Node types                    : no
  Arc types                     : no
  Strong resource windows       : no
  Weak resource windows         : no
  Resource windows (nodes)      : 3
  Resource values (arcs)        : 3
  Values on nodes               : no

  Rows                          : 1054
  Initial columns               : 2
  Tasks                         : 892
  Strong tasks                  : 888
  Weak tasks                    : 4
  Initial task constraints      : no
  Nodes                         : 1220
  Arc sets                      : 1
  Arcs                          : 36242
  Networks                      : 2
  Models                        : 1

Memory used per module (Megs)

  Parser (reused)               :      7.515
  Networks                      :     31.967
  Column generator              :      9.081
  Master problem                :     10.404
  -----------------
  Total                         :     51.452

Cpu time per module (seconds)

  Parser                        :        0.0
  Preprocessor                  :        0.0
  Lr solver manager             :        0.1
  Column generator              :       96.5
    (Shortest path)             :       89.2
  Master problem                :      380.6
  -------------------
  Total (without b&b)           :      477.2

Real elapsed time (seconds)

  Parser                        :        0.0
  Preprocessor                  :        0.0
  Lr solver manager             :        0.1
  Column generator              :       96.5
    (Shortest path)             :       88.7
  Master problem                :      380.6
  -------------------
  Total (without b&b)           :      477.2
