
Branch and bound

  Entire solving process        :                           (Time    196.2)
  No feasible solution was found
  Best relaxation cost          :     53304.28 (Node     0) (Time    196.2)
  Lower bound after cuts        :     53304.28
  End lower bound               :     53304.28
  Deepest level reached         : 0
  Deepest real level reached    : 0
  Number of real nodes solved   : 1
  Stopping condition            : enough nodes explored

Problem identification

  Problem                       : <null>
  Machine                       : oslo4.gerad.lan

Solving process summary

  Linear relaxations            :        1
  Column generation iterations  :      116
  Shortest paths solved         :     7515
  Columns generated             :    55987

Instance characteristics

  Resources                     : 3
  Node types                    : no
  Arc types                     : no
  Strong resource windows       : no
  Weak resource windows         : no
  Resource windows (nodes)      : 3
  Resource values (arcs)        : 3
  Values on nodes               : no

  Rows                          : 1054
  Initial columns               : 414
  Tasks                         : 892
  Strong tasks                  : 646
  Weak tasks                    : 4
  Initial task constraints      : no
  Nodes                         : 1220
  Arc sets                      : 1
  Arcs                          : 36242
  Networks                      : 2
  Models                        : 1

Memory used per module (Megs)

  Parser (reused)               :      7.515
  Networks                      :     34.631
  Column generator              :      8.839
  Master problem                :     10.199
  -----------------
  Total                         :     53.669

Cpu time per module (seconds)

  Parser                        :        0.0
  Preprocessor                  :        0.0
  Lr solver manager             :        0.1
  Column generator              :      102.6
    (Shortest path)             :       88.8
  Master problem                :       93.4
  -------------------
  Total (without b&b)           :      196.2

Real elapsed time (seconds)

  Parser                        :        0.0
  Preprocessor                  :        0.0
  Lr solver manager             :        0.1
  Column generator              :      102.7
    (Shortest path)             :       89.1
  Master problem                :       93.4
  -------------------
  Total (without b&b)           :      196.2
