
Branch and bound

  Entire solving process        :                           (Time   6325.0)
  No feasible solution was found
  Best relaxation cost          :     64952.38 (Node     0) (Time   6290.4)
  Lower bound after cuts        :     64952.38
  End lower bound               :     64955.25
  Deepest level reached         : 0
  Deepest real level reached    : 0
  Number of real nodes solved   : 1
  Stopping condition            : enough nodes explored

Problem identification

  Problem                       : <null>
  Machine                       : oslo1.gerad.lan

Solving process summary

  Linear relaxations            :        1
  Column generation iterations  :      310
  Shortest paths solved         :     6811
  Columns generated             :    82071

Instance characteristics

  Resources                     : 3
  Node types                    : no
  Arc types                     : no
  Strong resource windows       : no
  Weak resource windows         : no
  Resource windows (nodes)      : 3
  Resource values (arcs)        : 3
  Values on nodes               : no

  Rows                          : 1176
  Initial columns               : 2
  Tasks                         : 1014
  Strong tasks                  : 1010
  Weak tasks                    : 4
  Initial task constraints      : no
  Nodes                         : 1342
  Arc sets                      : 1
  Arcs                          : 45600
  Networks                      : 2
  Models                        : 1

Memory used per module (Megs)

  Parser (reused)               :      9.331
  Networks                      :     36.568
  Column generator              :     24.702
  Master problem                :     11.341
  -----------------
  Total                         :     72.611

Cpu time per module (seconds)

  Parser                        :        0.0
  Preprocessor                  :        0.0
  Lr solver manager             :        0.0
  Column generator              :      294.4
    (Shortest path)             :      275.8
  Master problem                :     6030.4
  -------------------
  Total (without b&b)           :     6324.8

Real elapsed time (seconds)

  Parser                        :        0.0
  Preprocessor                  :        0.0
  Lr solver manager             :        0.0
  Column generator              :      294.4
    (Shortest path)             :      275.9
  Master problem                :     6030.4
  -------------------
  Total (without b&b)           :     6324.9
