
Branch and bound

  Entire solving process        :                           (Time    929.9)
  No feasible solution was found
  Best relaxation cost          :     64730.19 (Node     0) (Time    929.9)
  Lower bound after cuts        :     64730.19
  End lower bound               :     64730.19
  Deepest level reached         : 0
  Deepest real level reached    : 0
  Number of real nodes solved   : 1
  Stopping condition            : enough nodes explored

Problem identification

  Problem                       : <null>
  Machine                       : oslo1.gerad.lan

Solving process summary

  Linear relaxations            :        1
  Column generation iterations  :      195
  Shortest paths solved         :     9335
  Columns generated             :    80659

Instance characteristics

  Resources                     : 3
  Node types                    : no
  Arc types                     : no
  Strong resource windows       : no
  Weak resource windows         : no
  Resource windows (nodes)      : 3
  Resource values (arcs)        : 3
  Values on nodes               : no

  Rows                          : 1176
  Initial columns               : 523
  Tasks                         : 1014
  Strong tasks                  : 692
  Weak tasks                    : 4
  Initial task constraints      : no
  Nodes                         : 1342
  Arc sets                      : 1
  Arcs                          : 45600
  Networks                      : 2
  Models                        : 1

Memory used per module (Megs)

  Parser (reused)               :      9.331
  Networks                      :     39.111
  Column generator              :     22.038
  Master problem                :     11.515
  -----------------
  Total                         :     72.663

Cpu time per module (seconds)

  Parser                        :        0.0
  Preprocessor                  :        0.0
  Lr solver manager             :        0.2
  Column generator              :      316.2
    (Shortest path)             :      294.8
  Master problem                :      613.5
  -------------------
  Total (without b&b)           :      929.9

Real elapsed time (seconds)

  Parser                        :        0.0
  Preprocessor                  :        0.0
  Lr solver manager             :        0.2
  Column generator              :      316.2
    (Shortest path)             :      293.5
  Master problem                :      613.5
  -------------------
  Total (without b&b)           :      929.9
