Cover_T0 52
Cover_T1 -52
Cover_T2 52
Cover_T3 -52
Cover_T4 52
Cover_T5 -52
Cover_T6 52
Cover_T7 -52
Cover_T8 52
Cover_T9 -52
Cover_T10 52
Cover_T11 -52
Cover_T12 52
Cover_T13 -52
Cover_T14 52
Cover_T15 -52
Cover_T16 52
Cover_T17 -52
Cover_T18 52
Cover_T19 -50
Cover_T20 52
Cover_T21 -50
Cover_T22 54
Cover_T23 -50
Cover_T24 54
Cover_T25 -50
Cover_T26 58
Cover_T27 -40
Cover_T28 80
Cover_T29 -34
Cover_T30 68
Cover_T31 -46
Cover_T32 56
Cover_T33 -6
Cover_T34 64
Cover_T35 -18
Cover_T36 52
Cover_T37 -32
Cover_T38 48
Cover_T39 922
Cover_T40 1012
Cover_T41 944
Cover_T42 1026
Cover_T43 966
Cover_T44 976
Cover_T45 968
Cover_T46 976
Cover_T47 974
Cover_T48 60
Cover_T49 8
Cover_T50 54
Cover_T51 4
Cover_T52 44
Cover_T53 30
Cover_T54 40
Cover_T55 46
Cover_T56 36
Cover_T57 -6
Cover_T58 8
Cover_T59 -14
Cover_T60 22
Cover_T61 -4
Cover_T62 0
Cover_T63 2
Cover_T64 10
Cover_T65 26
Cover_T66 12
Cover_T67 4
Cover_T68 12
Cover_T69 -2.63586e-11
Cover_T70 8
Cover_T71 6
Cover_T72 4
Cover_T73 6
Cover_T74 16
Cover_T75 10
Cover_T76 -16
Cover_T77 14
Cover_T78 16
Cover_T79 2
Cover_T80 8
Cover_T81 34
Cover_T82 -4
Cover_T83 2
Cover_T84 12
Cover_T85 10
Cover_T86 16
Cover_T87 22
Cover_T88 3.11609e-11
Cover_T89 4
Cover_T90 4.10409e-11
Cover_T91 -8
Cover_T92 6
Cover_T93 0
Cover_T94 -18
Cover_T95 6
Cover_T96 -42
Cover_T97 0
Cover_T98 -34
Cover_T99 16
Cover_T100 18
Cover_T101 36
Cover_T102 -2
Cover_T103 24
Cover_T104 -22
Cover_T105 44
Cover_T106 10
Cover_T107 -10
Cover_T108 -10
Cover_T109 10
Cover_T110 -30
Cover_T111 32
Cover_T112 18
Cover_T113 4
Cover_T114 -6
Cover_T115 28
Cover_T116 -30
Cover_T117 52
Cover_T118 -30
Cover_T119 8
Cover_T120 -30
Cover_T121 36
Cover_T122 20
Cover_T123 60
Cover_T124 20
Cover_T125 60
Cover_T126 20
Cover_T127 70
Cover_T128 14
Cover_T129 20
Cover_T130 14
Cover_T131 26
Cover_T132 12
Cover_T133 22
Cover_T134 12
Cover_T135 18
Cover_T136 12
Cover_T137 14
Cover_T138 -6
Cover_T139 16
Cover_T140 0
Cover_T141 18
Cover_T142 2
Cover_T143 20
Cover_T144 -6
Cover_T145 34
Cover_T146 -6
Cover_T147 26
Cover_T148 -6
Cover_T149 26
Cover_T150 -32
Cover_T151 30
Cover_T152 -20
Cover_T153 34
Cover_T154 -10
Cover_T155 44
Cover_T156 -18
Cover_T157 68
Cover_T158 -18
Cover_T159 56
Cover_T160 -22
Cover_T161 56
Cover_T162 -22
Cover_T163 34
Cover_T164 -26
Cover_T165 44
Cover_T166 -34
Cover_T167 44
Cover_T168 -34
Cover_T169 44
Cover_T170 -34
Cover_T171 52
Cover_T172 -34
Cover_T173 36
Cover_T174 -34
Cover_T175 52
Cover_T176 -44
Cover_T177 52
Cover_T178 -34
Cover_T179 34
Cover_T180 -34
Cover_T181 48
Cover_T182 -34
Cover_T183 50
Cover_T184 -34
Cover_T185 54
Cover_T186 -34
Cover_T187 46
Cover_T188 -38
Cover_T189 62
Cover_T190 -36
Cover_T191 52
Cover_T192 -46
Cover_T193 52
Cover_T194 -52
Cover_T195 52
Cover_T196 -52
Cover_T197 52
Cover_T198 -52
Cover_T199 52
Cover_T200 -50
Cover_T201 52
Cover_T202 -50
Cover_T203 54
Cover_T204 -52
Cover_T205 50
Cover_T206 -34
Cover_T207 62
Cover_T208 -4
Cover_T209 64
Cover_T210 -22
Cover_T211 42
Cover_T212 934
Cover_T213 1024
Cover_T214 956
Cover_T215 988
Cover_T216 936
Cover_T217 988
Cover_T218 958
Cover_T219 988
Cover_T220 964
Cover_T221 0
Cover_T222 4
Cover_T223 28
Cover_T224 0
Cover_T225 24
Cover_T226 16
Cover_T227 40
Cover_T228 28
Cover_T229 38
Cover_T230 42
Cover_T231 30
Cover_T232 -18
Cover_T233 32
Cover_T234 -10
Cover_T235 2
Cover_T236 -16
Cover_T237 26
Cover_T238 -10
Cover_T239 1.33029e-11
Cover_T240 14
Cover_T241 10
Cover_T242 -10
Cover_T243 12
Cover_T244 12
Cover_T245 20
Cover_T246 0
Cover_T247 -4
Cover_T248 -2
Cover_T249 -3.62581e-12
Cover_T250 -10
Cover_T251 4
Cover_T252 14
Cover_T253 20
Cover_T254 18
Cover_T255 -12
Cover_T256 22
Cover_T257 20
Cover_T258 10
Cover_T259 12
Cover_T260 42
Cover_T261 0
Cover_T262 0
Cover_T263 16
Cover_T264 18
Cover_T265 20
Cover_T266 30
Cover_T267 4
Cover_T268 14
Cover_T269 16
Cover_T270 0
Cover_T271 -4
Cover_T272 0
Cover_T273 -36
Cover_T274 2
Cover_T275 -34
Cover_T276 28
Cover_T277 16
Cover_T278 52
Cover_T279 -8
Cover_T280 44
Cover_T281 -32
Cover_T282 -6
Cover_T283 -4
Cover_T284 18
Cover_T285 -28
Cover_T286 40
Cover_T287 -48
Cover_T288 8
Cover_T289 4
Cover_T290 28
Cover_T291 -16
Cover_T292 48
Cover_T293 -36
Cover_T294 -4
Cover_T295 -32
Cover_T296 20
Cover_T297 -30
Cover_T298 48
Cover_T299 20
Cover_T300 48
Cover_T301 20
Cover_T302 48
Cover_T303 20
Cover_T304 8
Cover_T305 16
Cover_T306 8
Cover_T307 12
Cover_T308 14
Cover_T309 4
Cover_T310 12
Cover_T311 4
Cover_T312 16
Cover_T313 5.07271e-10
Cover_T314 20
Cover_T315 2
Cover_T316 28
Cover_T317 -6
Cover_T318 28
Cover_T319 -10
Cover_T320 24
Cover_T321 -14
Cover_T322 24
Cover_T323 -20
Cover_T324 32
Cover_T325 -10
Cover_T326 44
Cover_T327 -18
Cover_T328 56
Cover_T329 -18
Cover_T330 44
Cover_T331 -18
Cover_T332 44
Cover_T333 -24
Cover_T334 44
Cover_T335 -26
Cover_T336 44
Cover_T337 -34
Cover_T338 44
Cover_T339 -34
Cover_T340 34
Cover_T341 -34
Cover_T342 44
Cover_T343 -34
Cover_T344 44
Cover_T345 -34
Cover_T346 44
Cover_T347 -34
Cover_T348 44
Cover_T349 -42
Cover_T350 44
Cover_T351 -34
Cover_T352 44
Cover_T353 -34
Cover_T354 52
Cover_T355 -34
Cover_T356 44
Cover_T357 -50
Cover_T358 40
Cover_T359 -50
Cover_T360 36
Cover_T361 -38
Cover_T362 50
Cover_T363 -46
Cover_T364 52
Cover_T365 -34
Cover_T366 40
Cover_T367 -34
Cover_T368 54
Cover_T369 -34
Cover_T370 46
Cover_T371 -34
Cover_T372 60
Cover_T373 -36
Cover_T374 52
Cover_T375 -36
Cover_T376 58
Cover_T377 -46
Cover_T378 58
Cover_T379 58
Cover_T380 -42
Cover_T381 76
Cover_T382 -40
Cover_T383 60
Cover_T384 -4
Cover_T385 62
Cover_T386 -20
Cover_T387 50
Cover_T388 952
Cover_T389 1030
Cover_T390 958
Cover_T391 1026
Cover_T392 950
Cover_T393 1008
Cover_T394 950
Cover_T395 956
Cover_T396 948
Cover_T397 956
Cover_T398 970
Cover_T399 1028
Cover_T400 970
Cover_T401 40
Cover_T402 0
Cover_T403 34
Cover_T404 0
Cover_T405 50
Cover_T406 14
Cover_T407 38
Cover_T408 26
Cover_T409 20
Cover_T410 38
Cover_T411 16
Cover_T412 0
Cover_T413 4
Cover_T414 -8
Cover_T415 -12
Cover_T416 -8
Cover_T417 20
Cover_T418 -8
Cover_T419 1.78524e-11
Cover_T420 -6
Cover_T421 20
Cover_T422 -8
Cover_T423 6
Cover_T424 8
Cover_T425 14
Cover_T426 24
Cover_T427 -2
Cover_T428 -8
Cover_T429 12
Cover_T430 10
Cover_T431 -8
Cover_T432 -6
Cover_T433 0
Cover_T434 -12
Cover_T435 8
Cover_T436 8
Cover_T437 -12
Cover_T438 -4
Cover_T439 12
Cover_T440 16
Cover_T441 -8
Cover_T442 8
Cover_T443 -28
Cover_T444 0
Cover_T445 16
Cover_T446 20
Cover_T447 6
Cover_T448 -4
Cover_T449 0
Cover_T450 16
Cover_T451 -2.28493e-10
Cover_T452 36
Cover_T453 -22
Cover_T454 -4
Cover_T455 2
Cover_T456 -4
Cover_T457 14
Cover_T458 1.61739e-10
Cover_T459 -2.27374e-11
Cover_T460 24
Cover_T461 0
Cover_T462 0
Cover_T463 2
Cover_T464 -4
Cover_T465 -22
Cover_T466 12
Cover_T467 -22
Cover_T468 0
Cover_T469 20
Cover_T470 20
Cover_T471 -12
Cover_T472 52
Cover_T473 8
Cover_T474 52
Cover_T475 -24
Cover_T476 10
Cover_T477 16
Cover_T478 36
Cover_T479 -4
Cover_T480 4
Cover_T481 -24
Cover_T482 24
Cover_T483 -44
Cover_T484 44
Cover_T485 -40
Cover_T486 -8
Cover_T487 -36
Cover_T488 18
Cover_T489 18
Cover_T490 36
Cover_T491 6
Cover_T492 46
Cover_T493 18
Cover_T494 60
Cover_T495 6
Cover_T496 48
Cover_T497 18
Cover_T498 70
Cover_T499 6
Cover_T500 54
Cover_T501 12
Cover_T502 70
Cover_T503 20
Cover_T504 -3.87091e-10
Cover_T505 14
Cover_T506 20
Cover_T507 2
Cover_T508 12
Cover_T509 10
Cover_T510 4
Cover_T511 -4
Cover_T512 22
Cover_T513 2
Cover_T514 12
Cover_T515 -2
Cover_T516 22
Cover_T517 -4
Cover_T518 22
Cover_T519 -4
Cover_T520 28
Cover_T521 -8
Cover_T522 20
Cover_T523 -12
Cover_T524 34
Cover_T525 -12
Cover_T526 22
Cover_T527 -32
Cover_T528 36
Cover_T529 -18
Cover_T530 34
Cover_T531 -16
Cover_T532 44
Cover_T533 -12
Cover_T534 48
Cover_T535 -18
Cover_T536 62
Cover_T537 -18
Cover_T538 52
Cover_T539 -18
Cover_T540 48
Cover_T541 -22
Cover_T542 44
Cover_T543 -32
Cover_T544 40
Cover_T545 -32
Cover_T546 38
Cover_T547 -36
Cover_T548 38
Cover_T549 -36
Cover_T550 38
Cover_T551 -36
Cover_T552 38
Cover_T553 -36
Cover_T554 38
Cover_T555 -44
Cover_T556 42
Cover_T557 -44
Cover_T558 50
Cover_T559 -34
Cover_T560 42
Cover_T561 -34
Cover_T562 42
Cover_T563 -34
Cover_T564 44
Cover_T565 -34
Cover_T566 54
Cover_T567 -34
Cover_T568 52
Cover_T569 -34
Cover_T570 70
Cover_T571 -34
Cover_T572 56
Cover_T573 -38
Cover_T574 60
Cover_T575 -36
Cover_T576 64
Cover_T577 -46
Cover_T578 56
Cover_T579 -4
Cover_T580 54
Cover_T581 14
Cover_T582 40
Cover_T583 46
Cover_T584 20
Cover_T585 26
Cover_T586 1024
Cover_T587 960
Cover_T588 1002
Cover_T589 964
Cover_T590 1028
Cover_T591 984
Cover_T592 994
Cover_T593 1002
Cover_T594 994
Cover_T595 0
Cover_T596 46
Cover_T597 28
Cover_T598 82
Cover_T599 0
Cover_T600 56
Cover_T601 0
Cover_T602 72
Cover_T603 16
Cover_T604 50
Cover_T605 0
Cover_T606 6
Cover_T607 -26
Cover_T608 52
Cover_T609 -28
Cover_T610 54
Cover_T611 4
Cover_T612 0
Cover_T613 58
Cover_T614 -24
Cover_T615 14
Cover_T616 -6
Cover_T617 46
Cover_T618 40
Cover_T619 66
Cover_T620 58
Cover_T621 62
Cover_T622 38
Cover_T623 40
Cover_T624 50
Cover_T625 62
Cover_T626 34
Cover_T627 0
Cover_T628 16
Cover_T629 4
Cover_T630 0
Cover_T631 4
Cover_T632 -3.13442e-10
Cover_T633 16
Cover_T634 20
Cover_T635 64
Count_D0 -984
Count_D1 -1000
Max_H0_P0 0
Max_H0_P1 0
Max_H0_P2 0
Max_H0_P3 0
Max_H0_P4 0
Max_H0_P5 5.81224e-12
Max_H0_P6 0
Max_H0_P7 0
Max_H0_P8 0
Max_H0_P9 0
Max_H0_P10 0
Max_H0_P11 0
Max_H0_P12 0
Max_H0_P13 0
Max_H0_P14 0
Max_H0_P15 0
Max_H0_P16 0
Max_H0_P17 -3.03846e-11
Max_H0_P18 0
Max_H0_P19 -1.64646e-11
Max_H0_P20 -2.8836e-11
Max_H0_P21 2.37241e-11
Max_H0_P22 -1.16174e-12
Max_H0_P23 -1.46567e-11
Max_H0_P24 1.63709e-11
Max_H0_P25 1.51716e-11
Max_H0_P26 -3.15519e-11
Max_H0_P27 0
Max_H0_P28 0
Max_H0_P29 -4.42021e-11
Max_H0_P30 0
Max_H0_P31 8.17586e-12
Max_H0_P32 -0
Max_H0_P33 -2.52826e-12
Max_H0_P34 1.48277e-11
Max_H0_P35 -3.52776e-11
Max_H0_P36 3.12781e-11
Max_H0_P37 0
Max_H0_P38 -7.22728e-12
Max_H0_P39 2.45106e-11
Max_H0_P40 -2.59348e-11
Max_H0_P41 -7.84951e-12
Max_H0_P42 0
Max_H0_P43 0
Max_H0_P44 0
Max_H0_P45 0
Max_H0_P46 0
Max_H0_P47 0
Max_H0_P48 0
Max_H0_P49 0
Max_H0_P50 0
Max_H0_P51 0
Max_H0_P52 0
Max_H0_P53 0
Max_H0_P54 0
Max_H0_P55 0
Max_H0_P56 0
Max_H0_P57 0
Max_H0_P58 0
Max_H0_P59 0
Max_H0_P60 0
Max_H0_P61 0
Max_H0_P62 0
Max_H0_P63 0
Max_H0_P64 0
Max_H0_P65 0
Max_H0_P66 0
Max_H0_P67 0
Max_H0_P68 0
Max_H0_P69 0
Max_H0_P70 0
Max_H0_P71 0
Max_H0_P72 0
Max_H0_P73 0
Max_H0_P74 0
Max_H0_P75 0
Max_H0_P76 0
Max_H0_P77 0
Max_H0_P78 0
Max_H0_P79 0
Max_H0_P80 0
Max_H0_P81 0
Max_H1_P0 0
Max_H1_P1 0
Max_H1_P2 0
Max_H1_P3 0
Max_H1_P4 0
Max_H1_P5 -6.75509e-12
Max_H1_P6 0
Max_H1_P7 0
Max_H1_P8 0
Max_H1_P9 0
Max_H1_P10 0
Max_H1_P11 0
Max_H1_P12 0
Max_H1_P13 0
Max_H1_P14 0
Max_H1_P15 0
Max_H1_P16 2.93312e-11
Max_H1_P17 -1.04592e-11
Max_H1_P18 2.38158e-11
Max_H1_P19 6.36646e-12
Max_H1_P20 0
Max_H1_P21 1.46656e-11
Max_H1_P22 -1.70441e-11
Max_H1_P23 0
Max_H1_P24 -7.25819e-12
Max_H1_P25 9.60654e-12
Max_H1_P26 -8.4025e-13
Max_H1_P27 -3.63234e-11
Max_H1_P28 0
Max_H1_P29 0
Max_H1_P30 -2.38084e-11
Max_H1_P31 -5.46472e-12
Max_H1_P32 1.19311e-11
Max_H1_P33 4.96421e-11
Max_H1_P34 -5.55677e-13
Max_H1_P35 -1.74835e-11
Max_H1_P36 -1.31166e-11
Max_H1_P37 -7.67386e-13
Max_H1_P38 -4.62919e-12
Max_H1_P39 6.70752e-12
Max_H1_P40 -8.13507e-12
Max_H1_P41 -1.00201e-11
Max_H1_P42 5.35172e-12
Max_H1_P43 0
Max_H1_P44 0
Max_H1_P45 0
Max_H1_P46 0
Max_H1_P47 0
Max_H1_P48 0
Max_H1_P49 0
Max_H1_P50 0
Max_H1_P51 0
Max_H1_P52 0
Max_H1_P53 0
Max_H1_P54 0
Max_H1_P55 0
Max_H1_P56 0
Max_H1_P57 1.56071e-11
Max_H1_P58 0
Max_H1_P59 2.8252e-11
Max_H1_P60 -7.16938e-12
Max_H1_P61 -1.90756e-11
Max_H1_P62 0
Max_H1_P63 0
Max_H1_P64 -2.61542e-11
Max_H1_P65 0
Max_H1_P66 0
Max_H1_P67 0
Max_H1_P68 0
Max_H1_P69 0
Max_H1_P70 0
Max_H1_P71 0
Max_H1_P72 0
Max_H1_P73 0
Max_H1_P74 0
Max_H1_P75 0
Max_H1_P76 0
Max_H1_P77 -5.05551e-11
Max_H1_P78 7.92681e-11
Max_H1_P79 0
Max_H1_P80 0
Max_H1_P81 0
