
Branch and bound

  Entire solving process        :                           (Time    140.6)
  No feasible solution was found
  Best relaxation cost          :     47333.12 (Node     0) (Time    140.6)
  Lower bound after cuts        :     47333.12
  End lower bound               :     47333.12
  Deepest level reached         : 0
  Deepest real level reached    : 0
  Number of real nodes solved   : 1
  Stopping condition            : enough nodes explored

Problem identification

  Problem                       : <null>
  Machine                       : oslo3.gerad.lan

Solving process summary

  Linear relaxations            :        1
  Column generation iterations  :      125
  Shortest paths solved         :     7286
  Columns generated             :    49979

Instance characteristics

  Resources                     : 3
  Node types                    : no
  Arc types                     : no
  Strong resource windows       : no
  Weak resource windows         : no
  Resource windows (nodes)      : 3
  Resource values (arcs)        : 3
  Values on nodes               : no

  Rows                          : 957
  Initial columns               : 399
  Tasks                         : 795
  Strong tasks                  : 554
  Weak tasks                    : 4
  Initial task constraints      : no
  Nodes                         : 1123
  Arc sets                      : 1
  Arcs                          : 28859
  Networks                      : 2
  Models                        : 1

Memory used per module (Megs)

  Parser (reused)               :      6.062
  Networks                      :     30.393
  Column generator              :      6.902
  Master problem                :      9.920
  -----------------
  Total                         :     47.214

Cpu time per module (seconds)

  Parser                        :        0.0
  Preprocessor                  :        0.0
  Lr solver manager             :        0.1
  Column generator              :       54.7
    (Shortest path)             :       48.3
  Master problem                :       85.8
  -------------------
  Total (without b&b)           :      140.6

Real elapsed time (seconds)

  Parser                        :        0.0
  Preprocessor                  :        0.0
  Lr solver manager             :        0.1
  Column generator              :       54.7
    (Shortest path)             :       48.0
  Master problem                :       85.8
  -------------------
  Total (without b&b)           :      140.6
