Cover_T0 52
Cover_T1 -52
Cover_T2 52
Cover_T3 -52
Cover_T4 52
Cover_T5 -52
Cover_T6 52
Cover_T7 -52
Cover_T8 52
Cover_T9 -52
Cover_T10 52
Cover_T11 -52
Cover_T12 54
Cover_T13 -52
Cover_T14 52
Cover_T15 -50
Cover_T16 58
Cover_T17 -50
Cover_T18 62
Cover_T19 -42
Cover_T20 62
Cover_T21 -42
Cover_T22 52
Cover_T23 -42
Cover_T24 62
Cover_T25 -34
Cover_T26 62
Cover_T27 -34
Cover_T28 62
Cover_T29 -32
Cover_T30 54
Cover_T31 -40
Cover_T32 50
Cover_T33 -24
Cover_T34 50
Cover_T35 4
Cover_T36 52
Cover_T37 -10
Cover_T38 42
Cover_T39 940
Cover_T40 986
Cover_T41 944
Cover_T42 1022
Cover_T43 946
Cover_T44 1006
Cover_T45 946
Cover_T46 1012
Cover_T47 946
Cover_T48 66
Cover_T49 2
Cover_T50 34
Cover_T51 -48
Cover_T52 20
Cover_T53 -44
Cover_T54 0
Cover_T55 -44
Cover_T56 1.05407e-10
Cover_T57 -24
Cover_T58 22
Cover_T59 -4
Cover_T60 10
Cover_T61 8
Cover_T62 6
Cover_T63 6
Cover_T64 6
Cover_T65 -20
Cover_T66 -10
Cover_T67 -4
Cover_T68 -26
Cover_T69 4
Cover_T70 -42
Cover_T71 4
Cover_T72 0
Cover_T73 4
Cover_T74 -10
Cover_T75 20
Cover_T76 -26
Cover_T77 36
Cover_T78 -42
Cover_T79 52
Cover_T80 4
Cover_T81 10
Cover_T82 4
Cover_T83 20
Cover_T84 50
Cover_T85 36
Cover_T86 34
Cover_T87 52
Cover_T88 18
Cover_T89 6
Cover_T90 50
Cover_T91 6
Cover_T92 34
Cover_T93 -34
Cover_T94 8
Cover_T95 -6
Cover_T96 28
Cover_T97 -26
Cover_T98 -6.75975e-11
Cover_T99 1.57769e-10
Cover_T100 -28
Cover_T101 -20
Cover_T102 -38
Cover_T103 -4
Cover_T104 52
Cover_T105 12
Cover_T106 36
Cover_T107 28
Cover_T108 52
Cover_T109 32
Cover_T110 36
Cover_T111 48
Cover_T112 20
Cover_T113 -42
Cover_T114 52
Cover_T115 -26
Cover_T116 36
Cover_T117 -36
Cover_T118 8
Cover_T119 -8
Cover_T120 1.147e-10
Cover_T121 -28
Cover_T122 -28
Cover_T123 -3.52628e-10
Cover_T124 -24
Cover_T125 4
Cover_T126 -42
Cover_T127 20
Cover_T128 -26
Cover_T129 36
Cover_T130 -42
Cover_T131 52
Cover_T132 12
Cover_T133 36
Cover_T134 -4
Cover_T135 52
Cover_T136 6
Cover_T137 38
Cover_T138 4
Cover_T139 54
Cover_T140 12
Cover_T141 4
Cover_T142 8
Cover_T143 0
Cover_T144 6
Cover_T145 6
Cover_T146 8
Cover_T147 0
Cover_T148 0
Cover_T149 10
Cover_T150 22
Cover_T151 12
Cover_T152 22
Cover_T153 10
Cover_T154 14
Cover_T155 20
Cover_T156 12
Cover_T157 0
Cover_T158 -2
Cover_T159 0
Cover_T160 -22
Cover_T161 18
Cover_T162 40
Cover_T163 12
Cover_T164 22
Cover_T165 26
Cover_T166 3.95515e-11
Cover_T167 44
Cover_T168 -26
Cover_T169 62
Cover_T170 -32
Cover_T171 -6
Cover_T172 30
Cover_T173 14
Cover_T174 14
Cover_T175 30
Cover_T176 22
Cover_T177 50
Cover_T178 1.99582e-09
Cover_T179 62
Cover_T180 8
Cover_T181 6
Cover_T182 0
Cover_T183 26
Cover_T184 2
Cover_T185 10
Cover_T186 20
Cover_T187 26
Cover_T188 12
Cover_T189 18
Cover_T190 4
Cover_T191 28
Cover_T192 4
Cover_T193 24
Cover_T194 8
Cover_T195 10
Cover_T196 -18
Cover_T197 4
Cover_T198 -30
Cover_T199 30
Cover_T200 4
Cover_T201 44
Cover_T202 4
Cover_T203 60
Cover_T204 4
Cover_T205 48
Cover_T206 4
Cover_T207 64
Cover_T208 2
Cover_T209 24
Cover_T210 2
Cover_T211 24
Cover_T212 -2
Cover_T213 18
Cover_T214 -2
Cover_T215 38
Cover_T216 -8
Cover_T217 36
Cover_T218 -24
Cover_T219 34
Cover_T220 -8
Cover_T221 34
Cover_T222 -8
Cover_T223 42
Cover_T224 -22
Cover_T225 38
Cover_T226 -24
Cover_T227 54
Cover_T228 -24
Cover_T229 46
Cover_T230 -28
Cover_T231 46
Cover_T232 -32
Cover_T233 46
Cover_T234 -28
Cover_T235 66
Cover_T236 -32
Cover_T237 60
Cover_T238 -36
Cover_T239 64
Cover_T240 -38
Cover_T241 58
Cover_T242 52
Cover_T243 -52
Cover_T244 62
Cover_T245 -46
Cover_T246 58
Cover_T247 -44
Cover_T248 58
Cover_T249 -44
Cover_T250 58
Cover_T251 -36
Cover_T252 58
Cover_T253 -36
Cover_T254 56
Cover_T255 -36
Cover_T256 50
Cover_T257 -24
Cover_T258 50
Cover_T259 -28
Cover_T260 46
Cover_T261 4.73719e-11
Cover_T262 48
Cover_T263 -8
Cover_T264 46
Cover_T265 -20
Cover_T266 38
Cover_T267 934
Cover_T268 986
Cover_T269 944
Cover_T270 990
Cover_T271 940
Cover_T272 1008
Cover_T273 944
Cover_T274 1024
Cover_T275 948
Cover_T276 58
Cover_T277 0
Cover_T278 56
Cover_T279 -36
Cover_T280 32
Cover_T281 -44
Cover_T282 10
Cover_T283 -36
Cover_T284 0
Cover_T285 -8
Cover_T286 14
Cover_T287 12
Cover_T288 0
Cover_T289 16
Cover_T290 6
Cover_T291 -6
Cover_T292 -14
Cover_T293 -5.62039e-12
Cover_T294 -34
Cover_T295 -6
Cover_T296 4
Cover_T297 14
Cover_T298 -10
Cover_T299 34
Cover_T300 -30
Cover_T301 52
Cover_T302 -46
Cover_T303 10
Cover_T304 0
Cover_T305 20
Cover_T306 5.10383e-11
Cover_T307 36
Cover_T308 46
Cover_T309 52
Cover_T310 30
Cover_T311 6
Cover_T312 14
Cover_T313 6
Cover_T314 46
Cover_T315 -40
Cover_T316 30
Cover_T317 -24
Cover_T318 14
Cover_T319 -8
Cover_T320 -1.20501e-10
Cover_T321 -40
Cover_T322 32
Cover_T323 -24
Cover_T324 16
Cover_T325 -8
Cover_T326 -1.16565e-10
Cover_T327 6
Cover_T328 -16
Cover_T329 -26
Cover_T330 -26
Cover_T331 2
Cover_T332 52
Cover_T333 30
Cover_T334 24
Cover_T335 46
Cover_T336 28
Cover_T337 -32
Cover_T338 48
Cover_T339 -42
Cover_T340 32
Cover_T341 -26
Cover_T342 16
Cover_T343 -10
Cover_T344 2.53229e-10
Cover_T345 -42
Cover_T346 4
Cover_T347 -26
Cover_T348 -12
Cover_T349 -10
Cover_T350 -28
Cover_T351 6
Cover_T352 -44
Cover_T353 2
Cover_T354 -34
Cover_T355 30
Cover_T356 -30
Cover_T357 26
Cover_T358 12
Cover_T359 22
Cover_T360 10
Cover_T361 52
Cover_T362 0
Cover_T363 1.45519e-11
Cover_T364 10
Cover_T365 16
Cover_T366 10
Cover_T367 6
Cover_T368 12
Cover_T369 10
Cover_T370 18
Cover_T371 0
Cover_T372 2
Cover_T373 0
Cover_T374 0
Cover_T375 4
Cover_T376 0
Cover_T377 0
Cover_T378 4
Cover_T379 -3.59675e-10
Cover_T380 14
Cover_T381 8
Cover_T382 14
Cover_T383 4
Cover_T384 4.21554e-10
Cover_T385 0
Cover_T386 -26
Cover_T387 2
Cover_T388 42
Cover_T389 24
Cover_T390 12
Cover_T391 56
Cover_T392 -20
Cover_T393 -1.31153e-09
Cover_T394 30
Cover_T395 30
Cover_T396 26
Cover_T397 62
Cover_T398 1.35108e-09
Cover_T399 4
Cover_T400 0
Cover_T401 -12
Cover_T402 0
Cover_T403 12
Cover_T404 12
Cover_T405 20
Cover_T406 16
Cover_T407 10
Cover_T408 12
Cover_T409 -4
Cover_T410 4
Cover_T411 0
Cover_T412 2
Cover_T413 8
Cover_T414 -8.35822e-10
Cover_T415 4
Cover_T416 -16
Cover_T417 2
Cover_T418 -24
Cover_T419 2
Cover_T420 -40
Cover_T421 8
Cover_T422 -28
Cover_T423 28
Cover_T424 -44
Cover_T425 34
Cover_T426 -2
Cover_T427 56
Cover_T428 -6
Cover_T429 50
Cover_T430 2
Cover_T431 14
Cover_T432 -7.17982e-10
Cover_T433 22
Cover_T434 -8
Cover_T435 10
Cover_T436 -14
Cover_T437 24
Cover_T438 -14
Cover_T439 32
Cover_T440 -10
Cover_T441 34
Cover_T442 -24
Cover_T443 30
Cover_T444 -34
Cover_T445 26
Cover_T446 -14
Cover_T447 38
Cover_T448 -20
Cover_T449 38
Cover_T450 -26
Cover_T451 50
Cover_T452 -24
Cover_T453 58
Cover_T454 -14
Cover_T455 38
Cover_T456 -36
Cover_T457 44
Cover_T458 -28
Cover_T459 58
Cover_T460 -28
Cover_T461 46
Cover_T462 -28
Cover_T463 62
Cover_T464 -38
Cover_T465 58
Cover_T466 -40
Cover_T467 58
Cover_T468 -38
Cover_T469 58
Cover_T470 -38
Cover_T471 64
Cover_T472 66
Cover_T473 -34
Cover_T474 62
Cover_T475 -34
Cover_T476 58
Cover_T477 -38
Cover_T478 52
Cover_T479 -30
Cover_T480 42
Cover_T481 0
Cover_T482 48
Cover_T483 -14
Cover_T484 50
Cover_T485 936
Cover_T486 994
Cover_T487 946
Cover_T488 1034
Cover_T489 946
Cover_T490 1034
Cover_T491 948
Cover_T492 1030
Cover_T493 944
Cover_T494 994
Cover_T495 942
Cover_T496 1012
Cover_T497 948
Cover_T498 1012
Cover_T499 948
Cover_T500 46
Cover_T501 -1.37515e-10
Cover_T502 24
Cover_T503 -36
Cover_T504 16
Cover_T505 -48
Cover_T506 0
Cover_T507 -40
Cover_T508 -1.42748e-11
Cover_T509 -44
Cover_T510 26
Cover_T511 -28
Cover_T512 8
Cover_T513 -12
Cover_T514 0
Cover_T515 -4
Cover_T516 0
Cover_T517 12
Cover_T518 4.49975e-11
Cover_T519 10
Cover_T520 -20
Cover_T521 -12
Cover_T522 -40
Cover_T523 -7.86535e-11
Cover_T524 -2
Cover_T525 4
Cover_T526 -16
Cover_T527 8
Cover_T528 -36
Cover_T529 28
Cover_T530 6
Cover_T531 46
Cover_T532 6
Cover_T533 4
Cover_T534 52
Cover_T535 14
Cover_T536 36
Cover_T537 30
Cover_T538 20
Cover_T539 46
Cover_T540 52
Cover_T541 7.79323e-11
Cover_T542 36
Cover_T543 0
Cover_T544 20
Cover_T545 -46
Cover_T546 6
Cover_T547 -30
Cover_T548 38
Cover_T549 -14
Cover_T550 22
Cover_T551 -46
Cover_T552 6
Cover_T553 -30
Cover_T554 -10
Cover_T555 -14
Cover_T556 -26
Cover_T557 0
Cover_T558 -30
Cover_T559 -32
Cover_T560 -46
Cover_T561 -16
Cover_T562 44
Cover_T563 0
Cover_T564 28
Cover_T565 16
Cover_T566 44
Cover_T567 32
Cover_T568 28
Cover_T569 36
Cover_T570 12
Cover_T571 52
Cover_T572 44
Cover_T573 -38
Cover_T574 28
Cover_T575 -22
Cover_T576 6
Cover_T577 -26
Cover_T578 -2
Cover_T579 -46
Cover_T580 -30
Cover_T581 -18
Cover_T582 -26
Cover_T583 10
Cover_T584 -22
Cover_T585 12
Cover_T586 -38
Cover_T587 28
Cover_T588 16
Cover_T589 44
Cover_T590 0
Cover_T591 28
Cover_T592 10
Cover_T593 46
Cover_T594 8
Cover_T595 30
Cover_T596 18
Cover_T597 46
Cover_T598 16
Cover_T599 -8
Cover_T600 2
Cover_T601 10
Cover_T602 4
Cover_T603 1.49798e-10
Cover_T604 8
Cover_T605 2
Cover_T606 8
Cover_T607 -8
Cover_T608 0
Cover_T609 0
Cover_T610 18
Cover_T611 12
Cover_T612 22
Cover_T613 12
Cover_T614 16
Cover_T615 6
Cover_T616 26
Cover_T617 14
Cover_T618 8
Cover_T619 22
Cover_T620 -8
Cover_T621 2
Cover_T622 -24
Cover_T623 8
Cover_T624 48
Cover_T625 14
Cover_T626 22
Cover_T627 6
Cover_T628 10
Cover_T629 12
Cover_T630 -6
Cover_T631 42
Cover_T632 -22
Cover_T633 58
Cover_T634 32
Cover_T635 -10
Cover_T636 12
Cover_T637 0
Cover_T638 30
Cover_T639 18
Cover_T640 12
Cover_T641 42
Cover_T642 14
Cover_T643 62
Cover_T644 4
Cover_T645 6
Cover_T646 0
Cover_T647 26
Cover_T648 20
Cover_T649 14
Cover_T650 10
Cover_T651 14
Cover_T652 6
Cover_T653 24
Cover_T654 12
Cover_T655 24
Cover_T656 6
Cover_T657 2
Cover_T658 -12
Cover_T659 10
Cover_T660 -28
Cover_T661 12
Cover_T662 -48
Cover_T663 6
Cover_T664 -40
Cover_T665 10
Cover_T666 2
Cover_T667 32
Cover_T668 -1.04564e-09
Cover_T669 44
Cover_T670 -1.44496e-09
Cover_T671 60
Cover_T672 0
Cover_T673 54
Cover_T674 2
Cover_T675 68
Cover_T676 -2
Cover_T677 20
Cover_T678 2
Cover_T679 24
Cover_T680 -6
Cover_T681 34
Cover_T682 -6
Cover_T683 18
Cover_T684 -10
Cover_T685 38
Cover_T686 -8
Cover_T687 40
Cover_T688 -16
Cover_T689 58
Cover_T690 -16
Cover_T691 38
Cover_T692 -40
Cover_T693 48
Cover_T694 -28
Cover_T695 58
Cover_T696 -28
Cover_T697 62
Cover_T698 -36
Cover_T699 76
Cover_T700 -32
Cover_T701 66
Cover_T702 -32
Cover_T703 66
Cover_T704 -38
Cover_T705 58
Cover_T706 -46
Cover_T707 64
Cover_T708 6
Cover_T709 56
Cover_T710 2
Cover_T711 26
Cover_T712 24
Cover_T713 96
Cover_T714 18
Cover_T715 986
Cover_T716 -3.49587e-10
Cover_T717 984
Cover_T718 966
Cover_T719 974
Cover_T720 988
Cover_T721 978
Cover_T722 914
Cover_T723 1002
Cover_T724 0
Cover_T725 1000
Cover_T726 0
Cover_T727 66
Cover_T728 0
Cover_T729 44
Cover_T730 0
Cover_T731 12
Cover_T732 -28
Cover_T733 54
Cover_T734 -20
Cover_T735 52
Cover_T736 20
Cover_T737 5.80407e-11
Cover_T738 56
Cover_T739 -18
Cover_T740 52
Cover_T741 0
Cover_T742 54
Cover_T743 14
Cover_T744 54
Cover_T745 0
Cover_T746 40
Cover_T747 0
Cover_T748 62
Cover_T749 0
Cover_T750 24
Cover_T751 0
Cover_T752 0
Cover_T753 36
Cover_T754 14
Cover_T755 28
Cover_T756 24
Cover_T757 14
Cover_T758 30
Cover_T759 66
Cover_T760 38
Cover_T761 46
Cover_T762 0
Cover_T763 44
Cover_T764 14
Cover_T765 42
Cover_T766 38
Cover_T767 18
Cover_T768 -10
Cover_T769 64
Cover_T770 0
Cover_T771 64
Cover_T772 0
Cover_T773 60
Cover_T774 28
Cover_T775 46
Count_D0 -984
Count_D1 -1000
Max_H0_P0 0
Max_H0_P1 0
Max_H0_P2 0
Max_H0_P3 0
Max_H0_P4 0
Max_H0_P5 0
Max_H0_P6 0
Max_H0_P7 0
Max_H0_P8 0
Max_H0_P9 0
Max_H0_P10 0
Max_H0_P11 0
Max_H0_P12 0
Max_H0_P13 0
Max_H0_P14 0
Max_H0_P15 0
Max_H0_P16 -2.93312e-11
Max_H0_P17 -2.04139e-11
Max_H0_P18 0
Max_H0_P19 -1.78479e-11
Max_H0_P20 -1.1644e-11
Max_H0_P21 -3.2706e-11
Max_H0_P22 2.64873e-11
Max_H0_P23 2.95752e-11
Max_H0_P24 9.49534e-11
Max_H0_P25 2.28173e-11
Max_H0_P26 -1.31486e-11
Max_H0_P27 -8.12861e-12
Max_H0_P28 -1.76835e-11
Max_H0_P29 4.96742e-11
Max_H0_P30 -3.23935e-12
Max_H0_P31 3.46745e-11
Max_H0_P32 5.14575e-11
Max_H0_P33 -3.84048e-11
Max_H0_P34 9.01599e-11
Max_H0_P35 2.90945e-12
Max_H0_P36 -1.78157e-11
Max_H0_P37 5.70495e-11
Max_H0_P38 -1.08686e-10
Max_H0_P39 -1.9245e-11
Max_H0_P40 0
Max_H0_P41 0
Max_H0_P42 0
Max_H0_P43 0
Max_H0_P44 0
Max_H0_P45 0
Max_H0_P46 0
Max_H0_P47 0
Max_H0_P48 0
Max_H0_P49 0
Max_H0_P50 0
Max_H0_P51 0
Max_H0_P52 0
Max_H0_P53 0
Max_H0_P54 0
Max_H0_P55 0
Max_H0_P56 0
Max_H0_P57 0
Max_H0_P58 0
Max_H0_P59 0
Max_H0_P60 0
Max_H0_P61 0
Max_H0_P62 0
Max_H0_P63 0
Max_H0_P64 0
Max_H0_P65 0
Max_H0_P66 0
Max_H0_P67 0
Max_H0_P68 0
Max_H0_P69 0
Max_H0_P70 0
Max_H0_P71 -0
Max_H0_P72 0
Max_H0_P73 0
Max_H0_P74 0
Max_H0_P75 0
Max_H0_P76 0
Max_H0_P77 1.27835e-10
Max_H0_P78 -1.22174e-10
Max_H0_P79 0
Max_H0_P80 0
Max_H0_P81 0
Max_H1_P0 0
Max_H1_P1 0
Max_H1_P2 0
Max_H1_P3 0
Max_H1_P4 0
Max_H1_P5 4.26974e-11
Max_H1_P6 0
Max_H1_P7 0
Max_H1_P8 0
Max_H1_P9 0
Max_H1_P10 0
Max_H1_P11 0
Max_H1_P12 0
Max_H1_P13 0
Max_H1_P14 0
Max_H1_P15 0
Max_H1_P16 -8.35301e-11
Max_H1_P17 1.92364e-11
Max_H1_P18 0
Max_H1_P19 0
Max_H1_P20 5.17275e-12
Max_H1_P21 -5.23208e-11
Max_H1_P22 4.89772e-12
Max_H1_P23 2.95752e-11
Max_H1_P24 2.32632e-11
Max_H1_P25 6.65302e-11
Max_H1_P26 -3.31644e-11
Max_H1_P27 4.90872e-11
Max_H1_P28 -1.38556e-13
Max_H1_P29 0
Max_H1_P30 -2.015e-12
Max_H1_P31 0
Max_H1_P32 2.32198e-11
Max_H1_P33 0
Max_H1_P34 9.8952e-12
Max_H1_P35 2.06944e-11
Max_H1_P36 -2.92033e-12
Max_H1_P37 5.34346e-11
Max_H1_P38 -1.9245e-11
Max_H1_P39 -1.09805e-11
Max_H1_P40 0
Max_H1_P41 4.14809e-11
Max_H1_P42 -3.3106e-11
Max_H1_P43 6.83391e-11
Max_H1_P44 0
Max_H1_P45 5.94452e-11
Max_H1_P46 7.8002e-12
Max_H1_P47 0
Max_H1_P48 0
Max_H1_P49 0
Max_H1_P50 0
Max_H1_P51 0
Max_H1_P52 0
Max_H1_P53 0
Max_H1_P54 0
Max_H1_P55 0
Max_H1_P56 0
Max_H1_P57 0
Max_H1_P58 -1.20793e-10
Max_H1_P59 1.42244e-10
Max_H1_P60 0
Max_H1_P61 4.71108e-11
Max_H1_P62 -1.09557e-12
Max_H1_P63 0
Max_H1_P64 0
Max_H1_P65 0
Max_H1_P66 0
Max_H1_P67 0
Max_H1_P68 0
Max_H1_P69 0
Max_H1_P70 0
Max_H1_P71 0
Max_H1_P72 0
Max_H1_P73 0
Max_H1_P74 0
Max_H1_P75 0
Max_H1_P76 -1.87498e-10
Max_H1_P77 1.76513e-10
Max_H1_P78 0
Max_H1_P79 0
Max_H1_P80 0
Max_H1_P81 0
