
Branch and bound

  Entire solving process        :                           (Time    500.9)
  No feasible solution was found
  Best relaxation cost          :     48031.31 (Node     0) (Time    500.9)
  Lower bound after cuts        :     48031.31
  End lower bound               :     48031.31
  Deepest level reached         : 0
  Deepest real level reached    : 0
  Number of real nodes solved   : 1
  Stopping condition            : enough nodes explored

Problem identification

  Problem                       : <null>
  Machine                       : oslo3.gerad.lan

Solving process summary

  Linear relaxations            :        1
  Column generation iterations  :      227
  Shortest paths solved         :     4604
  Columns generated             :    53645

Instance characteristics

  Resources                     : 3
  Node types                    : no
  Arc types                     : no
  Strong resource windows       : no
  Weak resource windows         : no
  Resource windows (nodes)      : 3
  Resource values (arcs)        : 3
  Values on nodes               : no

  Rows                          : 942
  Initial columns               : 2
  Tasks                         : 780
  Strong tasks                  : 776
  Weak tasks                    : 4
  Initial task constraints      : no
  Nodes                         : 1108
  Arc sets                      : 1
  Arcs                          : 27915
  Networks                      : 2
  Models                        : 1

Memory used per module (Megs)

  Parser (reused)               :      5.941
  Networks                      :     27.608
  Column generator              :      9.566
  Master problem                :      9.398
  -----------------
  Total                         :     46.571

Cpu time per module (seconds)

  Parser                        :        0.0
  Preprocessor                  :        0.0
  Lr solver manager             :        0.1
  Column generator              :       90.9
    (Shortest path)             :       84.3
  Master problem                :      409.9
  -------------------
  Total (without b&b)           :      500.9

Real elapsed time (seconds)

  Parser                        :        0.0
  Preprocessor                  :        0.0
  Lr solver manager             :        0.1
  Column generator              :       91.0
    (Shortest path)             :       84.6
  Master problem                :      409.8
  -------------------
  Total (without b&b)           :      500.9
