
Branch and bound

  Entire solving process        :                           (Time    693.2)
  No feasible solution was found
  Best relaxation cost          :     77365.50 (Node     0) (Time    693.2)
  Lower bound after cuts        :     77365.50
  End lower bound               :     77365.50
  Deepest level reached         : 0
  Deepest real level reached    : 0
  Number of real nodes solved   : 1
  Stopping condition            : enough nodes explored

Problem identification

  Problem                       : <null>
  Machine                       : oslo5.gerad.lan

Solving process summary

  Linear relaxations            :        1
  Column generation iterations  :      144
  Shortest paths solved         :     7849
  Columns generated             :    79366

Instance characteristics

  Resources                     : 3
  Node types                    : no
  Arc types                     : no
  Strong resource windows       : no
  Weak resource windows         : no
  Resource windows (nodes)      : 3
  Resource values (arcs)        : 3
  Values on nodes               : no

  Rows                          : 1266
  Initial columns               : 570
  Tasks                         : 1104
  Strong tasks                  : 742
  Weak tasks                    : 4
  Initial task constraints      : no
  Nodes                         : 1432
  Arc sets                      : 1
  Arcs                          : 53096
  Networks                      : 2
  Models                        : 1

Memory used per module (Megs)

  Parser (reused)               :     10.784
  Networks                      :     42.864
  Column generator              :     24.944
  Master problem                :     12.649
  -----------------
  Total                         :     80.457

Cpu time per module (seconds)

  Parser                        :        0.0
  Preprocessor                  :        0.0
  Lr solver manager             :        0.1
  Column generator              :      321.2
    (Shortest path)             :      297.4
  Master problem                :      371.9
  -------------------
  Total (without b&b)           :      693.2

Real elapsed time (seconds)

  Parser                        :        0.0
  Preprocessor                  :        0.0
  Lr solver manager             :        0.2
  Column generator              :      321.1
    (Shortest path)             :      297.8
  Master problem                :      371.9
  -------------------
  Total (without b&b)           :      693.2
