
Branch and bound

  Entire solving process        :                           (Time    391.5)
  No feasible solution was found
  Best relaxation cost          :     70419.73 (Node     0) (Time    391.5)
  Lower bound after cuts        :     70419.73
  End lower bound               :     70419.73
  Deepest level reached         : 0
  Deepest real level reached    : 0
  Number of real nodes solved   : 1
  Stopping condition            : enough nodes explored

Problem identification

  Problem                       : <null>
  Machine                       : oslo4.gerad.lan

Solving process summary

  Linear relaxations            :        1
  Column generation iterations  :      143
  Shortest paths solved         :     4294
  Columns generated             :    46714

Instance characteristics

  Resources                     : 3
  Node types                    : no
  Arc types                     : no
  Strong resource windows       : no
  Weak resource windows         : no
  Resource windows (nodes)      : 3
  Resource values (arcs)        : 3
  Values on nodes               : no

  Rows                          : 1079
  Initial columns               : 2
  Tasks                         : 917
  Strong tasks                  : 913
  Weak tasks                    : 4
  Initial task constraints      : no
  Nodes                         : 1245
  Arc sets                      : 1
  Arcs                          : 38532
  Networks                      : 2
  Models                        : 1

Memory used per module (Megs)

  Parser (reused)               :      7.999
  Networks                      :     33.057
  Column generator              :      8.839
  Master problem                :     10.222
  -----------------
  Total                         :     52.118

Cpu time per module (seconds)

  Parser                        :        0.0
  Preprocessor                  :        0.0
  Lr solver manager             :        0.1
  Column generator              :       68.9
    (Shortest path)             :       60.1
  Master problem                :      322.5
  -------------------
  Total (without b&b)           :      391.5

Real elapsed time (seconds)

  Parser                        :        0.0
  Preprocessor                  :        0.0
  Lr solver manager             :        0.1
  Column generator              :       69.0
    (Shortest path)             :       60.2
  Master problem                :      322.4
  -------------------
  Total (without b&b)           :      391.5
