Cover_T0 52
Cover_T1 -52
Cover_T2 52
Cover_T3 -52
Cover_T4 52
Cover_T5 -52
Cover_T6 52
Cover_T7 -52
Cover_T8 52
Cover_T9 -52
Cover_T10 54
Cover_T11 -52
Cover_T12 54
Cover_T13 -52
Cover_T14 54
Cover_T15 -50
Cover_T16 54
Cover_T17 -50
Cover_T18 54
Cover_T19 -50
Cover_T20 52
Cover_T21 -50
Cover_T22 56
Cover_T23 -50
Cover_T24 56
Cover_T25 -48
Cover_T26 54
Cover_T27 -48
Cover_T28 52
Cover_T29 -48
Cover_T30 56
Cover_T31 -48
Cover_T32 60
Cover_T33 -48
Cover_T34 54
Cover_T35 -44
Cover_T36 54
Cover_T37 -44
Cover_T38 54
Cover_T39 -40
Cover_T40 54
Cover_T41 -40
Cover_T42 54
Cover_T43 -44
Cover_T44 52
Cover_T45 -34
Cover_T46 52
Cover_T47 -30
Cover_T48 58
Cover_T49 -18
Cover_T50 48
Cover_T51 -30
Cover_T52 1022
Cover_T53 950
Cover_T54 1024
Cover_T55 938
Cover_T56 1006
Cover_T57 984
Cover_T58 1034
Cover_T59 978
Cover_T60 1022
Cover_T61 984
Cover_T62 1022
Cover_T63 8
Cover_T64 46
Cover_T65 8
Cover_T66 60
Cover_T67 20
Cover_T68 14
Cover_T69 -10
Cover_T70 18
Cover_T71 -6
Cover_T72 -2
Cover_T73 -6
Cover_T74 -18
Cover_T75 -4
Cover_T76 -34
Cover_T77 -4
Cover_T78 0
Cover_T79 -4
Cover_T80 10
Cover_T81 12
Cover_T82 6
Cover_T83 28
Cover_T84 10
Cover_T85 44
Cover_T86 6
Cover_T87 10
Cover_T88 6
Cover_T89 -1.06058e-10
Cover_T90 16
Cover_T91 4
Cover_T92 -2.92175e-11
Cover_T93 -8.51988e-10
Cover_T94 -16
Cover_T95 4
Cover_T96 16
Cover_T97 4
Cover_T98 6.29053e-10
Cover_T99 -1.69166e-10
Cover_T100 2
Cover_T101 28
Cover_T102 2
Cover_T103 8
Cover_T104 2
Cover_T105 6
Cover_T106 0
Cover_T107 6
Cover_T108 -16
Cover_T109 6
Cover_T110 -44
Cover_T111 2
Cover_T112 2
Cover_T113 24
Cover_T114 -2.46004e-10
Cover_T115 52
Cover_T116 4
Cover_T117 -2
Cover_T118 2.78533e-10
Cover_T119 -10
Cover_T120 -16
Cover_T121 0
Cover_T122 10
Cover_T123 -10
Cover_T124 16
Cover_T125 6
Cover_T126 6.89155e-11
Cover_T127 10
Cover_T128 10
Cover_T129 26
Cover_T130 -6
Cover_T131 2
Cover_T132 -8.87326e-10
Cover_T133 0
Cover_T134 4
Cover_T135 -6
Cover_T136 -16
Cover_T137 14
Cover_T138 -36
Cover_T139 8
Cover_T140 -6
Cover_T141 4
Cover_T142 -26
Cover_T143 22
Cover_T144 -42
Cover_T145 38
Cover_T146 -10
Cover_T147 52
Cover_T148 -26
Cover_T149 20
Cover_T150 -42
Cover_T151 36
Cover_T152 12
Cover_T153 52
Cover_T154 -4
Cover_T155 22
Cover_T156 -5.00066e-10
Cover_T157 38
Cover_T158 12
Cover_T159 54
Cover_T160 -4
Cover_T161 -1.01623e-10
Cover_T162 16
Cover_T163 20
Cover_T164 12
Cover_T165 14
Cover_T166 2
Cover_T167 6
Cover_T168 6
Cover_T169 22
Cover_T170 4
Cover_T171 2
Cover_T172 -12
Cover_T173 16
Cover_T174 10
Cover_T175 16
Cover_T176 -14
Cover_T177 26
Cover_T178 0
Cover_T179 54
Cover_T180 8
Cover_T181 24
Cover_T182 2
Cover_T183 54
Cover_T184 -4
Cover_T185 30
Cover_T186 -16
Cover_T187 28
Cover_T188 -36
Cover_T189 34
Cover_T190 -20
Cover_T191 32
Cover_T192 -42
Cover_T193 32
Cover_T194 -24
Cover_T195 52
Cover_T196 -24
Cover_T197 38
Cover_T198 -26
Cover_T199 54
Cover_T200 -42
Cover_T201 40
Cover_T202 -26
Cover_T203 26
Cover_T204 -26
Cover_T205 36
Cover_T206 -30
Cover_T207 40
Cover_T208 -26
Cover_T209 56
Cover_T210 -32
Cover_T211 38
Cover_T212 -32
Cover_T213 40
Cover_T214 -36
Cover_T215 38
Cover_T216 -36
Cover_T217 40
Cover_T218 -30
Cover_T219 44
Cover_T220 -40
Cover_T221 44
Cover_T222 -36
Cover_T223 38
Cover_T224 -32
Cover_T225 48
Cover_T226 -32
Cover_T227 46
Cover_T228 -30
Cover_T229 44
Cover_T230 -36
Cover_T231 46
Cover_T232 -36
Cover_T233 44
Cover_T234 -42
Cover_T235 50
Cover_T236 -36
Cover_T237 52
Cover_T238 -42
Cover_T239 56
Cover_T240 -34
Cover_T241 54
Cover_T242 -36
Cover_T243 38
Cover_T244 -36
Cover_T245 68
Cover_T246 -36
Cover_T247 60
Cover_T248 -44
Cover_T249 54
Cover_T250 52
Cover_T251 -52
Cover_T252 54
Cover_T253 -50
Cover_T254 52
Cover_T255 -48
Cover_T256 56
Cover_T257 -48
Cover_T258 56
Cover_T259 -48
Cover_T260 56
Cover_T261 -50
Cover_T262 52
Cover_T263 -44
Cover_T264 60
Cover_T265 -44
Cover_T266 60
Cover_T267 -44
Cover_T268 54
Cover_T269 -44
Cover_T270 54
Cover_T271 -44
Cover_T272 58
Cover_T273 -46
Cover_T274 48
Cover_T275 -46
Cover_T276 64
Cover_T277 -36
Cover_T278 52
Cover_T279 -24
Cover_T280 1034
Cover_T281 -42
Cover_T282 1030
Cover_T283 944
Cover_T284 1018
Cover_T285 920
Cover_T286 1002
Cover_T287 982
Cover_T288 1022
Cover_T289 0
Cover_T290 1034
Cover_T291 -4.77719e-10
Cover_T292 58
Cover_T293 14
Cover_T294 72
Cover_T295 26
Cover_T296 18
Cover_T297 -10
Cover_T298 18
Cover_T299 -6
Cover_T300 -8
Cover_T301 -16
Cover_T302 -28
Cover_T303 -12
Cover_T304 2
Cover_T305 8
Cover_T306 8
Cover_T307 28
Cover_T308 2
Cover_T309 44
Cover_T310 6
Cover_T311 10
Cover_T312 2
Cover_T313 0
Cover_T314 2
Cover_T315 4
Cover_T316 12
Cover_T317 -9.54764e-10
Cover_T318 -4
Cover_T319 4
Cover_T320 -20
Cover_T321 4
Cover_T322 12
Cover_T323 -6
Cover_T324 -4
Cover_T325 10
Cover_T326 10
Cover_T327 26
Cover_T328 -6
Cover_T329 -6
Cover_T330 6
Cover_T331 10
Cover_T332 16
Cover_T333 -4
Cover_T334 2
Cover_T335 12
Cover_T336 10
Cover_T337 0
Cover_T338 2
Cover_T339 0
Cover_T340 -26
Cover_T341 2
Cover_T342 16
Cover_T343 18
Cover_T344 12
Cover_T345 46
Cover_T346 16
Cover_T347 0
Cover_T348 0
Cover_T349 -7.15872e-11
Cover_T350 14
Cover_T351 4
Cover_T352 8
Cover_T353 20
Cover_T354 6
Cover_T355 0
Cover_T356 -10
Cover_T357 -6
Cover_T358 0
Cover_T359 10
Cover_T360 8
Cover_T361 0
Cover_T362 -8
Cover_T363 16
Cover_T364 -24
Cover_T365 6
Cover_T366 -40
Cover_T367 -2
Cover_T368 -6
Cover_T369 14
Cover_T370 -24
Cover_T371 34
Cover_T372 -44
Cover_T373 52
Cover_T374 -16
Cover_T375 24
Cover_T376 -36
Cover_T377 44
Cover_T378 14
Cover_T379 16
Cover_T380 -6
Cover_T381 38
Cover_T382 -4
Cover_T383 54
Cover_T384 8
Cover_T385 0
Cover_T386 -8
Cover_T387 16
Cover_T388 12
Cover_T389 16
Cover_T390 8
Cover_T391 6
Cover_T392 0
Cover_T393 22
Cover_T394 0
Cover_T395 2
Cover_T396 1.44331e-09
Cover_T397 8
Cover_T398 -16
Cover_T399 20
Cover_T400 10
Cover_T401 28
Cover_T402 -10
Cover_T403 38
Cover_T404 10
Cover_T405 54
Cover_T406 4
Cover_T407 24
Cover_T408 -6
Cover_T409 46
Cover_T410 -12
Cover_T411 30
Cover_T412 -18
Cover_T413 28
Cover_T414 -26
Cover_T415 28
Cover_T416 -20
Cover_T417 32
Cover_T418 -24
Cover_T419 54
Cover_T420 -24
Cover_T421 50
Cover_T422 -32
Cover_T423 36
Cover_T424 -26
Cover_T425 40
Cover_T426 -28
Cover_T427 56
Cover_T428 -26
Cover_T429 32
Cover_T430 -30
Cover_T431 36
Cover_T432 -38
Cover_T433 32
Cover_T434 -30
Cover_T435 38
Cover_T436 -46
Cover_T437 36
Cover_T438 -34
Cover_T439 44
Cover_T440 -30
Cover_T441 36
Cover_T442 -32
Cover_T443 52
Cover_T444 -30
Cover_T445 40
Cover_T446 -46
Cover_T447 36
Cover_T448 -30
Cover_T449 38
Cover_T450 -30
Cover_T451 36
Cover_T452 -30
Cover_T453 52
Cover_T454 -46
Cover_T455 36
Cover_T456 -34
Cover_T457 40
Cover_T458 -30
Cover_T459 40
Cover_T460 -36
Cover_T461 56
Cover_T462 -30
Cover_T463 44
Cover_T464 -46
Cover_T465 42
Cover_T466 -34
Cover_T467 48
Cover_T468 -30
Cover_T469 42
Cover_T470 -44
Cover_T471 56
Cover_T472 -34
Cover_T473 48
Cover_T474 -34
Cover_T475 60
Cover_T476 -36
Cover_T477 58
Cover_T478 -36
Cover_T479 68
Cover_T480 -38
Cover_T481 60
Cover_T482 -38
Cover_T483 58
Cover_T484 -48
Cover_T485 62
Cover_T486 -44
Cover_T487 54
Cover_T488 -40
Cover_T489 52
Cover_T490 -42
Cover_T491 60
Cover_T492 -42
Cover_T493 50
Cover_T494 -30
Cover_T495 56
Cover_T496 -26
Cover_T497 1032
Cover_T498 -38
Cover_T499 1028
Cover_T500 942
Cover_T501 1026
Cover_T502 936
Cover_T503 1014
Cover_T504 930
Cover_T505 1004
Cover_T506 980
Cover_T507 1042
Cover_T508 984
Cover_T509 1040
Cover_T510 980
Cover_T511 1026
Cover_T512 974
Cover_T513 1040
Cover_T514 982
Cover_T515 1018
Cover_T516 984
Cover_T517 1032
Cover_T518 4
Cover_T519 1032
Cover_T520 0
Cover_T521 56
Cover_T522 8
Cover_T523 56
Cover_T524 16
Cover_T525 72
Cover_T526 24
Cover_T527 10
Cover_T528 -8
Cover_T529 -2
Cover_T530 -4
Cover_T531 -22
Cover_T532 -4
Cover_T533 -40
Cover_T534 -2
Cover_T535 -6
Cover_T536 -2
Cover_T537 4
Cover_T538 -2
Cover_T539 0
Cover_T540 14
Cover_T541 4
Cover_T542 30
Cover_T543 0
Cover_T544 46
Cover_T545 0
Cover_T546 12
Cover_T547 10
Cover_T548 2
Cover_T549 -6
Cover_T550 6
Cover_T551 -22
Cover_T552 2
Cover_T553 10
Cover_T554 6
Cover_T555 -6
Cover_T556 6
Cover_T557 8
Cover_T558 -6
Cover_T559 -4
Cover_T560 6
Cover_T561 12
Cover_T562 18
Cover_T563 -7.40556e-10
Cover_T564 30
Cover_T565 14
Cover_T566 -6
Cover_T567 4
Cover_T568 6
Cover_T569 16
Cover_T570 18
Cover_T571 6
Cover_T572 0
Cover_T573 0
Cover_T574 12
Cover_T575 -6
Cover_T576 -4
Cover_T577 -18
Cover_T578 8
Cover_T579 -30
Cover_T580 -6
Cover_T581 -42
Cover_T582 4
Cover_T583 16
Cover_T584 -8
Cover_T585 4
Cover_T586 2
Cover_T587 16
Cover_T588 2
Cover_T589 4
Cover_T590 14
Cover_T591 0
Cover_T592 26
Cover_T593 12
Cover_T594 38
Cover_T595 0
Cover_T596 50
Cover_T597 1.01239e-10
Cover_T598 -3.68063e-10
Cover_T599 14
Cover_T600 4
Cover_T601 8
Cover_T602 3.96928e-11
Cover_T603 6
Cover_T604 16
Cover_T605 4
Cover_T606 2
Cover_T607 1.9157e-10
Cover_T608 8
Cover_T609 -28
Cover_T610 10
Cover_T611 -6
Cover_T612 12
Cover_T613 -34
Cover_T614 16
Cover_T615 -6
Cover_T616 28
Cover_T617 -18
Cover_T618 40
Cover_T619 -30
Cover_T620 52
Cover_T621 -42
Cover_T622 14
Cover_T623 16
Cover_T624 26
Cover_T625 4
Cover_T626 38
Cover_T627 -8
Cover_T628 50
Cover_T629 0
Cover_T630 16
Cover_T631 16
Cover_T632 26
Cover_T633 4
Cover_T634 40
Cover_T635 -8
Cover_T636 52
Cover_T637 16
Cover_T638 -2
Cover_T639 16
Cover_T640 6
Cover_T641 4
Cover_T642 22
Cover_T643 -3.53069e-11
Cover_T644 16
Cover_T645 6
Cover_T646 5.99911e-11
Cover_T647 10
Cover_T648 10
Cover_T649 -2
Cover_T650 26
Cover_T651 -16
Cover_T652 8
Cover_T653 12
Cover_T654 20
Cover_T655 2
Cover_T656 16
Cover_T657 -10
Cover_T658 40
Cover_T659 14
Cover_T660 22
Cover_T661 10
Cover_T662 34
Cover_T663 10
Cover_T664 46
Cover_T665 6.25811e-10
Cover_T666 58
Cover_T667 8
Cover_T668 32
Cover_T669 -6
Cover_T670 38
Cover_T671 4
Cover_T672 58
Cover_T673 -8
Cover_T674 32
Cover_T675 -18
Cover_T676 34
Cover_T677 -30
Cover_T678 30
Cover_T679 -12
Cover_T680 38
Cover_T681 -24
Cover_T682 34
Cover_T683 -36
Cover_T684 26
Cover_T685 -20
Cover_T686 36
Cover_T687 -20
Cover_T688 34
Cover_T689 -20
Cover_T690 40
Cover_T691 -24
Cover_T692 54
Cover_T693 -24
Cover_T694 32
Cover_T695 -42
Cover_T696 52
Cover_T697 -28
Cover_T698 30
Cover_T699 -26
Cover_T700 30
Cover_T701 -28
Cover_T702 34
Cover_T703 -32
Cover_T704 54
Cover_T705 -26
Cover_T706 40
Cover_T707 -30
Cover_T708 42
Cover_T709 -30
Cover_T710 40
Cover_T711 -30
Cover_T712 42
Cover_T713 -34
Cover_T714 46
Cover_T715 -30
Cover_T716 42
Cover_T717 -34
Cover_T718 34
Cover_T719 -38
Cover_T720 30
Cover_T721 -30
Cover_T722 54
Cover_T723 -30
Cover_T724 42
Cover_T725 -40
Cover_T726 42
Cover_T727 -38
Cover_T728 52
Cover_T729 -30
Cover_T730 44
Cover_T731 -30
Cover_T732 44
Cover_T733 -30
Cover_T734 54
Cover_T735 -30
Cover_T736 54
Cover_T737 -36
Cover_T738 58
Cover_T739 -34
Cover_T740 64
Cover_T741 -36
Cover_T742 56
Cover_T743 -36
Cover_T744 66
Cover_T745 -36
Cover_T746 58
Cover_T747 -38
Cover_T748 22
Cover_T749 1.6493e-10
Cover_T750 52
Cover_T751 -6.63249e-10
Cover_T752 30
Cover_T753 8
Cover_T754 14
Cover_T755 2
Cover_T756 12
Cover_T757 10
Cover_T758 6
Cover_T759 0
Cover_T760 1038
Cover_T761 0
Cover_T762 1026
Cover_T763 988
Cover_T764 1038
Cover_T765 982
Cover_T766 1034
Cover_T767 1032
Cover_T768 1080
Cover_T769 1026
Cover_T770 1076
Cover_T771 1032
Cover_T772 1052
Cover_T773 0
Cover_T774 1076
Cover_T775 12
Cover_T776 96
Cover_T777 0
Cover_T778 96
Cover_T779 0
Cover_T780 14
Cover_T781 -30
Cover_T782 52
Cover_T783 -26
Cover_T784 52
Cover_T785 14
Cover_T786 0
Cover_T787 58
Cover_T788 -14
Cover_T789 54
Cover_T790 -22
Cover_T791 38
Cover_T792 0
Cover_T793 56
Cover_T794 0
Cover_T795 56
Cover_T796 44
Cover_T797 76
Cover_T798 42
Cover_T799 66
Cover_T800 50
Cover_T801 78
Cover_T802 36
Cover_T803 80
Cover_T804 44
Cover_T805 40
Cover_T806 38
Cover_T807 44
Cover_T808 38
Cover_T809 0
Cover_T810 12
Cover_T811 0
Cover_T812 4
Cover_T813 0
Cover_T814 28
Cover_T815 0
Cover_T816 26
Cover_T817 -4.06374e-10
Cover_T818 16
Cover_T819 20
Cover_T820 26
Cover_T821 20
Cover_T822 0
Cover_T823 8
Cover_T824 22
Cover_T825 22
Cover_T826 22
Count_D0 -984
Count_D1 -1000
Max_H0_P0 0
Max_H0_P1 0
Max_H0_P2 0
Max_H0_P3 0
Max_H0_P4 0
Max_H0_P5 -2.56612e-10
Max_H0_P6 3.21506e-10
Max_H0_P7 0
Max_H0_P8 0
Max_H0_P9 0
Max_H0_P10 0
Max_H0_P11 0
Max_H0_P12 0
Max_H0_P13 0
Max_H0_P14 0
Max_H0_P15 -4.60142e-10
Max_H0_P16 -1.45513e-10
Max_H0_P17 2.97328e-11
Max_H0_P18 5.93862e-11
Max_H0_P19 2.30732e-11
Max_H0_P20 4.56201e-11
Max_H0_P21 -1.73342e-10
Max_H0_P22 9.16907e-11
Max_H0_P23 1.7053e-11
Max_H0_P24 -1.13424e-10
Max_H0_P25 2.10299e-10
Max_H0_P26 4.09244e-11
Max_H0_P27 -5.45275e-11
Max_H0_P28 1.12531e-10
Max_H0_P29 6.05822e-11
Max_H0_P30 -2.19891e-11
Max_H0_P31 -5.67457e-12
Max_H0_P32 1.29257e-10
Max_H0_P33 6.76712e-11
Max_H0_P34 1.12095e-10
Max_H0_P35 -1.56177e-11
Max_H0_P36 5.47402e-11
Max_H0_P37 -1.02041e-10
Max_H0_P38 1.42636e-10
Max_H0_P39 3.75167e-12
Max_H0_P40 0
Max_H0_P41 6.57238e-11
Max_H0_P42 -1.70535e-10
Max_H0_P43 9.62075e-11
Max_H0_P44 0
Max_H0_P45 1.07892e-10
Max_H0_P46 0
Max_H0_P47 0
Max_H0_P48 0
Max_H0_P49 0
Max_H0_P50 0
Max_H0_P51 0
Max_H0_P52 0
Max_H0_P53 0
Max_H0_P54 0
Max_H0_P55 0
Max_H0_P56 0
Max_H0_P57 0
Max_H0_P58 -2.95809e-10
Max_H0_P59 0
Max_H0_P60 2.33502e-10
Max_H0_P61 4.93493e-12
Max_H0_P62 1.1504e-10
Max_H0_P63 0
Max_H0_P64 0
Max_H0_P65 0
Max_H0_P66 0
Max_H0_P67 0
Max_H0_P68 0
Max_H0_P69 0
Max_H0_P70 0
Max_H0_P71 0
Max_H0_P72 0
Max_H0_P73 0
Max_H0_P74 0
Max_H0_P75 0
Max_H0_P76 0
Max_H0_P77 0
Max_H0_P78 0
Max_H0_P79 0
Max_H0_P80 -1.69971e-10
Max_H0_P81 0
Max_H1_P0 0
Max_H1_P1 0
Max_H1_P2 0
Max_H1_P3 0
Max_H1_P4 0
Max_H1_P5 -8.38654e-11
Max_H1_P6 3.41043e-10
Max_H1_P7 1.85798e-10
Max_H1_P8 0
Max_H1_P9 -3.13609e-10
Max_H1_P10 0
Max_H1_P11 0
Max_H1_P12 0
Max_H1_P13 0
Max_H1_P14 0
Max_H1_P15 -5.44488e-10
Max_H1_P16 -9.85239e-11
Max_H1_P17 -4.69892e-11
Max_H1_P18 7.83497e-11
Max_H1_P19 7.73217e-11
Max_H1_P20 1.54031e-10
Max_H1_P21 1.79286e-11
Max_H1_P22 3.04126e-11
Max_H1_P23 9.74865e-12
Max_H1_P24 -1.03168e-11
Max_H1_P25 7.84084e-11
Max_H1_P26 -6.84075e-11
Max_H1_P27 5.72607e-11
Max_H1_P28 6.84075e-11
Max_H1_P29 0
Max_H1_P30 1.72859e-12
Max_H1_P31 5.02635e-11
Max_H1_P32 3.7256e-11
Max_H1_P33 5.09504e-11
Max_H1_P34 3.21122e-12
Max_H1_P35 7.09359e-11
Max_H1_P36 2.4297e-11
Max_H1_P37 -7.2747e-11
Max_H1_P38 2.50364e-11
Max_H1_P39 -1.54046e-11
Max_H1_P40 1.19256e-10
Max_H1_P41 -2.8762e-11
Max_H1_P42 -1.98701e-11
Max_H1_P43 0
Max_H1_P44 3.62608e-11
Max_H1_P45 0
Max_H1_P46 0
Max_H1_P47 0
Max_H1_P48 0
Max_H1_P49 0
Max_H1_P50 0
Max_H1_P51 -9.80283e-11
Max_H1_P52 1.0462e-10
Max_H1_P53 0
Max_H1_P54 0
Max_H1_P55 3.41679e-10
Max_H1_P56 0
Max_H1_P57 -1.36479e-10
Max_H1_P58 -1.86846e-10
Max_H1_P59 -2.44462e-11
Max_H1_P60 1.66497e-10
Max_H1_P61 -1.18071e-10
Max_H1_P62 0
Max_H1_P63 -4.6152e-11
Max_H1_P64 -2.59586e-10
Max_H1_P65 0
Max_H1_P66 0
Max_H1_P67 2.38444e-10
Max_H1_P68 -3.19325e-10
Max_H1_P69 0
Max_H1_P70 0
Max_H1_P71 -3.53655e-11
Max_H1_P72 0
Max_H1_P73 0
Max_H1_P74 0
Max_H1_P75 0
Max_H1_P76 0
Max_H1_P77 -2.76259e-11
Max_H1_P78 0
Max_H1_P79 2.76259e-11
Max_H1_P80 0
Max_H1_P81 0
