
Branch and bound

  Entire solving process        :                           (Time    262.3)
  No feasible solution was found
  Best relaxation cost          :     59710.26 (Node     0) (Time    262.3)
  Lower bound after cuts        :     59710.26
  End lower bound               :     59710.26
  Deepest level reached         : 0
  Deepest real level reached    : 0
  Number of real nodes solved   : 1
  Stopping condition            : enough nodes explored

Problem identification

  Problem                       : <null>
  Machine                       : oslo4.gerad.lan

Solving process summary

  Linear relaxations            :        1
  Column generation iterations  :      143
  Shortest paths solved         :     7777
  Columns generated             :    62447

Instance characteristics

  Resources                     : 3
  Node types                    : no
  Arc types                     : no
  Strong resource windows       : no
  Weak resource windows         : no
  Resource windows (nodes)      : 3
  Resource values (arcs)        : 3
  Values on nodes               : no

  Rows                          : 993
  Initial columns               : 426
  Tasks                         : 831
  Strong tasks                  : 586
  Weak tasks                    : 4
  Initial task constraints      : no
  Nodes                         : 1159
  Arc sets                      : 1
  Arcs                          : 32138
  Networks                      : 2
  Models                        : 1

Memory used per module (Megs)

  Parser (reused)               :      6.788
  Networks                      :     31.846
  Column generator              :      6.175
  Master problem                :      9.625
  -----------------
  Total                         :     47.646

Cpu time per module (seconds)

  Parser                        :        0.0
  Preprocessor                  :        0.0
  Lr solver manager             :        0.1
  Column generator              :       78.9
    (Shortest path)             :       68.7
  Master problem                :      183.2
  -------------------
  Total (without b&b)           :      262.3

Real elapsed time (seconds)

  Parser                        :        0.0
  Preprocessor                  :        0.0
  Lr solver manager             :        0.1
  Column generator              :       78.8
    (Shortest path)             :       68.6
  Master problem                :      183.3
  -------------------
  Total (without b&b)           :      262.3
