
Branch and bound

  Entire solving process        :                           (Time    257.6)
  No feasible solution was found
  Best relaxation cost          :     62972.16 (Node     0) (Time    257.6)
  Lower bound after cuts        :     62972.16
  End lower bound               :     62972.16
  Deepest level reached         : 0
  Deepest real level reached    : 0
  Number of real nodes solved   : 1
  Stopping condition            : enough nodes explored

Problem identification

  Problem                       : <null>
  Machine                       : oslo3.gerad.lan

Solving process summary

  Linear relaxations            :        1
  Column generation iterations  :      150
  Shortest paths solved         :     9864
  Columns generated             :    60172

Instance characteristics

  Resources                     : 3
  Node types                    : no
  Arc types                     : no
  Strong resource windows       : no
  Weak resource windows         : no
  Resource windows (nodes)      : 3
  Resource values (arcs)        : 3
  Values on nodes               : no

  Rows                          : 959
  Initial columns               : 459
  Tasks                         : 797
  Strong tasks                  : 539
  Weak tasks                    : 4
  Initial task constraints      : no
  Nodes                         : 1125
  Arc sets                      : 1
  Arcs                          : 30255
  Networks                      : 2
  Models                        : 1

Memory used per module (Megs)

  Parser (reused)               :      6.425
  Networks                      :     30.635
  Column generator              :     10.050
  Master problem                :      8.959
  -----------------
  Total                         :     49.644

Cpu time per module (seconds)

  Parser                        :        0.0
  Preprocessor                  :        0.0
  Lr solver manager             :        0.1
  Column generator              :       82.3
    (Shortest path)             :       71.1
  Master problem                :      175.2
  -------------------
  Total (without b&b)           :      257.6

Real elapsed time (seconds)

  Parser                        :        0.0
  Preprocessor                  :        0.0
  Lr solver manager             :        0.1
  Column generator              :       82.4
    (Shortest path)             :       71.8
  Master problem                :      175.0
  -------------------
  Total (without b&b)           :      257.6
