
Branch and bound

  Entire solving process        :                           (Time     51.9)
  No feasible solution was found
  Best relaxation cost          :     36934.97 (Node     0) (Time     51.9)
  Lower bound after cuts        :     36934.97
  End lower bound               :     36934.97
  Deepest level reached         : 0
  Deepest real level reached    : 0
  Number of real nodes solved   : 1
  Stopping condition            : enough nodes explored

Problem identification

  Problem                       : <null>
  Machine                       : oslo5.gerad.lan

Solving process summary

  Linear relaxations            :        1
  Column generation iterations  :      109
  Shortest paths solved         :     7556
  Columns generated             :    36123

Instance characteristics

  Resources                     : 3
  Node types                    : no
  Arc types                     : no
  Strong resource windows       : no
  Weak resource windows         : no
  Resource windows (nodes)      : 3
  Resource values (arcs)        : 3
  Values on nodes               : no

  Rows                          : 706
  Initial columns               : 298
  Tasks                         : 544
  Strong tasks                  : 368
  Weak tasks                    : 4
  Initial task constraints      : no
  Nodes                         : 872
  Arc sets                      : 1
  Arcs                          : 15245
  Networks                      : 2
  Models                        : 1

Memory used per module (Megs)

  Parser (reused)               :      3.398
  Networks                      :     22.764
  Column generator              :      4.722
  Master problem                :      7.372
  -----------------
  Total                         :     34.858

Cpu time per module (seconds)

  Parser                        :        0.0
  Preprocessor                  :        0.0
  Lr solver manager             :        0.1
  Column generator              :       17.1
    (Shortest path)             :       14.3
  Master problem                :       34.7
  -------------------
  Total (without b&b)           :       51.9

Real elapsed time (seconds)

  Parser                        :        0.0
  Preprocessor                  :        0.0
  Lr solver manager             :        0.1
  Column generator              :       17.3
    (Shortest path)             :       14.5
  Master problem                :       34.6
  -------------------
  Total (without b&b)           :       51.9
