
Branch and bound

  Entire solving process        :                           (Time     82.1)
  No feasible solution was found
  Best relaxation cost          :     53400.57 (Node     0) (Time     82.1)
  Lower bound after cuts        :     53400.57
  End lower bound               :     53400.57
  Deepest level reached         : 0
  Deepest real level reached    : 0
  Number of real nodes solved   : 1
  Stopping condition            : enough nodes explored

Problem identification

  Problem                       : <null>
  Machine                       : oslo4.gerad.lan

Solving process summary

  Linear relaxations            :        1
  Column generation iterations  :      106
  Shortest paths solved         :     7060
  Columns generated             :    45527

Instance characteristics

  Resources                     : 3
  Node types                    : no
  Arc types                     : no
  Strong resource windows       : no
  Weak resource windows         : no
  Resource windows (nodes)      : 3
  Resource values (arcs)        : 3
  Values on nodes               : no

  Rows                          : 888
  Initial columns               : 370
  Tasks                         : 726
  Strong tasks                  : 512
  Weak tasks                    : 4
  Initial task constraints      : no
  Nodes                         : 1054
  Arc sets                      : 1
  Arcs                          : 25387
  Networks                      : 2
  Models                        : 1

Memory used per module (Megs)

  Parser (reused)               :      5.456
  Networks                      :     28.940
  Column generator              :      4.965
  Master problem                :      8.559
  -----------------
  Total                         :     42.463

Cpu time per module (seconds)

  Parser                        :        0.0
  Preprocessor                  :        0.0
  Lr solver manager             :        0.1
  Column generator              :       31.9
    (Shortest path)             :       26.0
  Master problem                :       50.1
  -------------------
  Total (without b&b)           :       82.1

Real elapsed time (seconds)

  Parser                        :        0.0
  Preprocessor                  :        0.0
  Lr solver manager             :        0.1
  Column generator              :       31.9
    (Shortest path)             :       26.0
  Master problem                :       50.1
  -------------------
  Total (without b&b)           :       82.1
