Cover_T0 52
Cover_T1 -52
Cover_T2 52
Cover_T3 -52
Cover_T4 52
Cover_T5 -52
Cover_T6 52
Cover_T7 -52
Cover_T8 52
Cover_T9 -52
Cover_T10 52
Cover_T11 -52
Cover_T12 52
Cover_T13 -52
Cover_T14 54
Cover_T15 -52
Cover_T16 54
Cover_T17 -50
Cover_T18 54
Cover_T19 -50
Cover_T20 54
Cover_T21 -50
Cover_T22 52
Cover_T23 -50
Cover_T24 54
Cover_T25 -50
Cover_T26 54
Cover_T27 -50
Cover_T28 54
Cover_T29 -50
Cover_T30 54
Cover_T31 -50
Cover_T32 54
Cover_T33 -50
Cover_T34 52
Cover_T35 -50
Cover_T36 52
Cover_T37 -50
Cover_T38 54
Cover_T39 -50
Cover_T40 52
Cover_T41 -50
Cover_T42 52
Cover_T43 -50
Cover_T44 52
Cover_T45 -50
Cover_T46 52
Cover_T47 -48
Cover_T48 52
Cover_T49 -48
Cover_T50 52
Cover_T51 -48
Cover_T52 52
Cover_T53 -48
Cover_T54 52
Cover_T55 -48
Cover_T56 52
Cover_T57 -40
Cover_T58 56
Cover_T59 -48
Cover_T60 56
Cover_T61 -42
Cover_T62 52
Cover_T63 -42
Cover_T64 52
Cover_T65 8
Cover_T66 1026
Cover_T67 992
Cover_T68 1014
Cover_T69 988
Cover_T70 1002
Cover_T71 988
Cover_T72 1044
Cover_T73 994
Cover_T74 1046
Cover_T75 994
Cover_T76 990
Cover_T77 20
Cover_T78 12
Cover_T79 32
Cover_T80 14
Cover_T81 44
Cover_T82 14
Cover_T83 0
Cover_T84 6
Cover_T85 1.10301e-09
Cover_T86 6
Cover_T87 -2
Cover_T88 0
Cover_T89 4
Cover_T90 0
Cover_T91 4
Cover_T92 6
Cover_T93 14
Cover_T94 2
Cover_T95 2.36469e-10
Cover_T96 6
Cover_T97 5.37653e-10
Cover_T98 6
Cover_T99 -6
Cover_T100 2
Cover_T101 0
Cover_T102 -14
Cover_T103 2
Cover_T104 -34
Cover_T105 2
Cover_T106 -4
Cover_T107 6
Cover_T108 -24
Cover_T109 20
Cover_T110 -40
Cover_T111 36
Cover_T112 6
Cover_T113 52
Cover_T114 2
Cover_T115 18
Cover_T116 2
Cover_T117 34
Cover_T118 2
Cover_T119 50
Cover_T120 2
Cover_T121 4
Cover_T122 2
Cover_T123 -1.00052e-10
Cover_T124 0
Cover_T125 2.71122e-10
Cover_T126 4
Cover_T127 -2.39018e-11
Cover_T128 -6.14193e-10
Cover_T129 2
Cover_T130 -4
Cover_T131 8
Cover_T132 -8
Cover_T133 4
Cover_T134 6
Cover_T135 8
Cover_T136 1.24274e-11
Cover_T137 8
Cover_T138 4
Cover_T139 8
Cover_T140 6
Cover_T141 8
Cover_T142 6
Cover_T143 6
Cover_T144 6
Cover_T145 10
Cover_T146 4
Cover_T147 6
Cover_T148 4
Cover_T149 4
Cover_T150 6
Cover_T151 4
Cover_T152 4
Cover_T153 4
Cover_T154 -8
Cover_T155 6
Cover_T156 -24
Cover_T157 6
Cover_T158 -40
Cover_T159 4
Cover_T160 -8
Cover_T161 6
Cover_T162 -24
Cover_T163 18
Cover_T164 -40
Cover_T165 34
Cover_T166 -42
Cover_T167 50
Cover_T168 2
Cover_T169 18
Cover_T170 -14
Cover_T171 34
Cover_T172 -22
Cover_T173 50
Cover_T174 -38
Cover_T175 52
Cover_T176 -38
Cover_T177 8
Cover_T178 -22
Cover_T179 24
Cover_T180 -38
Cover_T181 34
Cover_T182 4
Cover_T183 50
Cover_T184 6
Cover_T185 50
Cover_T186 4
Cover_T187 34
Cover_T188 2
Cover_T189 60
Cover_T190 6
Cover_T191 18
Cover_T192 6
Cover_T193 16
Cover_T194 6
Cover_T195 18
Cover_T196 4
Cover_T197 30
Cover_T198 -4.79627e-10
Cover_T199 26
Cover_T200 -16
Cover_T201 26
Cover_T202 4
Cover_T203 24
Cover_T204 -6
Cover_T205 28
Cover_T206 -14
Cover_T207 32
Cover_T208 -6
Cover_T209 48
Cover_T210 -6
Cover_T211 30
Cover_T212 -32
Cover_T213 22
Cover_T214 -16
Cover_T215 26
Cover_T216 -16
Cover_T217 30
Cover_T218 -18
Cover_T219 30
Cover_T220 -18
Cover_T221 46
Cover_T222 -18
Cover_T223 30
Cover_T224 -18
Cover_T225 22
Cover_T226 -20
Cover_T227 22
Cover_T228 -20
Cover_T229 22
Cover_T230 -20
Cover_T231 26
Cover_T232 -28
Cover_T233 24
Cover_T234 -40
Cover_T235 26
Cover_T236 -20
Cover_T237 28
Cover_T238 -30
Cover_T239 28
Cover_T240 -20
Cover_T241 28
Cover_T242 -20
Cover_T243 36
Cover_T244 -20
Cover_T245 48
Cover_T246 -20
Cover_T247 34
Cover_T248 -20
Cover_T249 32
Cover_T250 -26
Cover_T251 28
Cover_T252 -24
Cover_T253 32
Cover_T254 -36
Cover_T255 32
Cover_T256 -26
Cover_T257 34
Cover_T258 -24
Cover_T259 34
Cover_T260 -30
Cover_T261 46
Cover_T262 -30
Cover_T263 36
Cover_T264 -24
Cover_T265 36
Cover_T266 -32
Cover_T267 44
Cover_T268 -26
Cover_T269 44
Cover_T270 -42
Cover_T271 38
Cover_T272 -30
Cover_T273 40
Cover_T274 -30
Cover_T275 56
Cover_T276 -38
Cover_T277 52
Cover_T278 -32
Cover_T279 68
Cover_T280 -32
Cover_T281 56
Cover_T282 -30
Cover_T283 48
Cover_T284 -30
Cover_T285 70
Cover_T286 -38
Cover_T287 66
Cover_T288 -34
Cover_T289 66
Cover_T290 -34
Cover_T291 62
Cover_T292 -42
Cover_T293 62
Cover_T294 -42
Cover_T295 66
Cover_T296 -42
Cover_T297 62
Cover_T298 -42
Cover_T299 60
Cover_T300 52
Cover_T301 -52
Cover_T302 54
Cover_T303 -50
Cover_T304 52
Cover_T305 -52
Cover_T306 54
Cover_T307 -50
Cover_T308 52
Cover_T309 -50
Cover_T310 52
Cover_T311 -50
Cover_T312 52
Cover_T313 -50
Cover_T314 50
Cover_T315 -50
Cover_T316 50
Cover_T317 -50
Cover_T318 50
Cover_T319 -50
Cover_T320 50
Cover_T321 -48
Cover_T322 50
Cover_T323 -48
Cover_T324 50
Cover_T325 -48
Cover_T326 50
Cover_T327 -48
Cover_T328 50
Cover_T329 -48
Cover_T330 56
Cover_T331 -42
Cover_T332 56
Cover_T333 -38
Cover_T334 60
Cover_T335 -46
Cover_T336 52
Cover_T337 8
Cover_T338 1030
Cover_T339 0
Cover_T340 1014
Cover_T341 984
Cover_T342 1014
Cover_T343 984
Cover_T344 1000
Cover_T345 976
Cover_T346 1040
Cover_T347 980
Cover_T348 1044
Cover_T349 994
Cover_T350 994
Cover_T351 8
Cover_T352 1002
Cover_T353 24
Cover_T354 10
Cover_T355 32
Cover_T356 14
Cover_T357 40
Cover_T358 16
Cover_T359 -2
Cover_T360 12
Cover_T361 -2
Cover_T362 -6
Cover_T363 1.93282e-09
Cover_T364 -2.83129e-11
Cover_T365 -6
Cover_T366 0
Cover_T367 8
Cover_T368 6
Cover_T369 0
Cover_T370 -1.62736e-10
Cover_T371 0
Cover_T372 2
Cover_T373 10
Cover_T374 6
Cover_T375 -2.55085e-11
Cover_T376 6
Cover_T377 0
Cover_T378 -6
Cover_T379 4
Cover_T380 -22
Cover_T381 1.06369e-10
Cover_T382 -38
Cover_T383 -4.57021e-10
Cover_T384 -4
Cover_T385 12
Cover_T386 -22
Cover_T387 32
Cover_T388 -42
Cover_T389 52
Cover_T390 -5.4396e-10
Cover_T391 22
Cover_T392 0
Cover_T393 42
Cover_T394 0
Cover_T395 5.58227e-10
Cover_T396 1.74276e-10
Cover_T397 -5.5357e-10
Cover_T398 0
Cover_T399 6
Cover_T400 -2
Cover_T401 8
Cover_T402 6
Cover_T403 2
Cover_T404 6
Cover_T405 6
Cover_T406 6
Cover_T407 8
Cover_T408 6
Cover_T409 -1.35739e-10
Cover_T410 6
Cover_T411 1.62943e-10
Cover_T412 6.70699e-11
Cover_T413 2
Cover_T414 0
Cover_T415 6
Cover_T416 1.12608e-09
Cover_T417 0
Cover_T418 -2
Cover_T419 -3.07989e-11
Cover_T420 0
Cover_T421 0
Cover_T422 4
Cover_T423 2
Cover_T424 -2.45564e-11
Cover_T425 4
Cover_T426 2
Cover_T427 4
Cover_T428 9.36599e-11
Cover_T429 6
Cover_T430 -12
Cover_T431 6
Cover_T432 -28
Cover_T433 4
Cover_T434 -44
Cover_T435 6
Cover_T436 -12
Cover_T437 18
Cover_T438 -28
Cover_T439 34
Cover_T440 -44
Cover_T441 50
Cover_T442 -46
Cover_T443 18
Cover_T444 -2
Cover_T445 34
Cover_T446 -18
Cover_T447 50
Cover_T448 -26
Cover_T449 52
Cover_T450 -42
Cover_T451 8
Cover_T452 -42
Cover_T453 24
Cover_T454 -26
Cover_T455 32
Cover_T456 -42
Cover_T457 50
Cover_T458 0
Cover_T459 50
Cover_T460 2
Cover_T461 34
Cover_T462 9.53908e-10
Cover_T463 50
Cover_T464 -2
Cover_T465 14
Cover_T466 2
Cover_T467 12
Cover_T468 2
Cover_T469 14
Cover_T470 4
Cover_T471 26
Cover_T472 -3.21165e-12
Cover_T473 22
Cover_T474 -4
Cover_T475 22
Cover_T476 -20
Cover_T477 18
Cover_T478 -10
Cover_T479 28
Cover_T480 -6
Cover_T481 32
Cover_T482 -6
Cover_T483 48
Cover_T484 -10
Cover_T485 16
Cover_T486 -24
Cover_T487 26
Cover_T488 -44
Cover_T489 24
Cover_T490 -16
Cover_T491 26
Cover_T492 -18
Cover_T493 48
Cover_T494 -20
Cover_T495 20
Cover_T496 -18
Cover_T497 20
Cover_T498 -22
Cover_T499 20
Cover_T500 -20
Cover_T501 22
Cover_T502 -34
Cover_T503 24
Cover_T504 -20
Cover_T505 24
Cover_T506 -22
Cover_T507 38
Cover_T508 -22
Cover_T509 54
Cover_T510 -20
Cover_T511 32
Cover_T512 -22
Cover_T513 24
Cover_T514 -24
Cover_T515 24
Cover_T516 -30
Cover_T517 28
Cover_T518 -24
Cover_T519 28
Cover_T520 -24
Cover_T521 30
Cover_T522 -26
Cover_T523 28
Cover_T524 -30
Cover_T525 34
Cover_T526 -42
Cover_T527 28
Cover_T528 -24
Cover_T529 28
Cover_T530 -36
Cover_T531 32
Cover_T532 -26
Cover_T533 36
Cover_T534 -24
Cover_T535 48
Cover_T536 -36
Cover_T537 28
Cover_T538 -28
Cover_T539 42
Cover_T540 -24
Cover_T541 32
Cover_T542 -26
Cover_T543 32
Cover_T544 -26
Cover_T545 42
Cover_T546 -38
Cover_T547 38
Cover_T548 -24
Cover_T549 30
Cover_T550 -34
Cover_T551 38
Cover_T552 -46
Cover_T553 38
Cover_T554 -30
Cover_T555 52
Cover_T556 -26
Cover_T557 34
Cover_T558 -30
Cover_T559 46
Cover_T560 -44
Cover_T561 64
Cover_T562 -32
Cover_T563 50
Cover_T564 -30
Cover_T565 38
Cover_T566 -42
Cover_T567 46
Cover_T568 -34
Cover_T569 64
Cover_T570 -38
Cover_T571 60
Cover_T572 -42
Cover_T573 62
Cover_T574 -38
Cover_T575 58
Cover_T576 -44
Cover_T577 62
Cover_T578 -42
Cover_T579 66
Cover_T580 -42
Cover_T581 62
Cover_T582 -42
Cover_T583 60
Cover_T584 52
Cover_T585 -50
Cover_T586 52
Cover_T587 -50
Cover_T588 52
Cover_T589 -50
Cover_T590 50
Cover_T591 -48
Cover_T592 50
Cover_T593 -48
Cover_T594 50
Cover_T595 -48
Cover_T596 54
Cover_T597 -40
Cover_T598 54
Cover_T599 -38
Cover_T600 50
Cover_T601 -38
Cover_T602 58
Cover_T603 12
Cover_T604 52
Cover_T605 4
Cover_T606 1026
Cover_T607 992
Cover_T608 1018
Cover_T609 992
Cover_T610 1010
Cover_T611 984
Cover_T612 1002
Cover_T613 988
Cover_T614 1050
Cover_T615 994
Cover_T616 1042
Cover_T617 990
Cover_T618 1040
Cover_T619 994
Cover_T620 1044
Cover_T621 994
Cover_T622 1044
Cover_T623 990
Cover_T624 988
Cover_T625 994
Cover_T626 998
Cover_T627 20
Cover_T628 2
Cover_T629 28
Cover_T630 10
Cover_T631 36
Cover_T632 10
Cover_T633 44
Cover_T634 0
Cover_T635 -6.41457e-10
Cover_T636 10
Cover_T637 -4
Cover_T638 0
Cover_T639 0
Cover_T640 4
Cover_T641 -2
Cover_T642 -4.26271e-09
Cover_T643 1.08179e-10
Cover_T644 6
Cover_T645 -4
Cover_T646 0
Cover_T647 8
Cover_T648 4
Cover_T649 14
Cover_T650 4
Cover_T651 2
Cover_T652 4
Cover_T653 4
Cover_T654 -2
Cover_T655 2
Cover_T656 -2
Cover_T657 -4
Cover_T658 -14
Cover_T659 0
Cover_T660 -30
Cover_T661 -4
Cover_T662 -46
Cover_T663 0
Cover_T664 -12
Cover_T665 8
Cover_T666 -28
Cover_T667 8
Cover_T668 -44
Cover_T669 18
Cover_T670 6
Cover_T671 30
Cover_T672 6
Cover_T673 42
Cover_T674 2
Cover_T675 4
Cover_T676 0
Cover_T677 16
Cover_T678 2
Cover_T679 28
Cover_T680 6
Cover_T681 40
Cover_T682 0
Cover_T683 52
Cover_T684 -3.01852e-10
Cover_T685 2
Cover_T686 2
Cover_T687 2
Cover_T688 6
Cover_T689 0
Cover_T690 -2
Cover_T691 0
Cover_T692 -2
Cover_T693 -6.04435e-10
Cover_T694 -2
Cover_T695 0
Cover_T696 -2
Cover_T697 -1.65551e-10
Cover_T698 -2
Cover_T699 -2.21638e-10
Cover_T700 5.90115e-11
Cover_T701 8
Cover_T702 -4
Cover_T703 8
Cover_T704 5.6092e-10
Cover_T705 8
Cover_T706 2
Cover_T707 8
Cover_T708 2
Cover_T709 8
Cover_T710 2
Cover_T711 6
Cover_T712 0
Cover_T713 10
Cover_T714 -2.82235e-10
Cover_T715 6
Cover_T716 2
Cover_T717 4
Cover_T718 0
Cover_T719 -1.62787e-10
Cover_T720 -16
Cover_T721 -4
Cover_T722 -36
Cover_T723 0
Cover_T724 -8
Cover_T725 2
Cover_T726 -28
Cover_T727 8
Cover_T728 -48
Cover_T729 24
Cover_T730 6
Cover_T731 40
Cover_T732 -6
Cover_T733 52
Cover_T734 -18
Cover_T735 16
Cover_T736 -22
Cover_T737 28
Cover_T738 -34
Cover_T739 40
Cover_T740 -46
Cover_T741 52
Cover_T742 -42
Cover_T743 50
Cover_T744 -22
Cover_T745 2
Cover_T746 -34
Cover_T747 14
Cover_T748 -46
Cover_T749 28
Cover_T750 -4.97317e-10
Cover_T751 30
Cover_T752 6
Cover_T753 38
Cover_T754 2
Cover_T755 46
Cover_T756 -4
Cover_T757 54
Cover_T758 1.36185e-09
Cover_T759 46
Cover_T760 6
Cover_T761 56
Cover_T762 -2
Cover_T763 40
Cover_T764 6
Cover_T765 40
Cover_T766 2
Cover_T767 56
Cover_T768 6
Cover_T769 56
Cover_T770 2
Cover_T771 14
Cover_T772 6
Cover_T773 1.01853e-09
Cover_T774 6
Cover_T775 12
Cover_T776 0
Cover_T777 20
Cover_T778 2
Cover_T779 24
Cover_T780 6
Cover_T781 10
Cover_T782 -8
Cover_T783 10
Cover_T784 -20
Cover_T785 22
Cover_T786 1.70782e-10
Cover_T787 20
Cover_T788 -4
Cover_T789 16
Cover_T790 4
Cover_T791 24
Cover_T792 -6
Cover_T793 24
Cover_T794 -10
Cover_T795 26
Cover_T796 -14
Cover_T797 38
Cover_T798 -14
Cover_T799 52
Cover_T800 -26
Cover_T801 28
Cover_T802 -16
Cover_T803 20
Cover_T804 -16
Cover_T805 26
Cover_T806 -16
Cover_T807 28
Cover_T808 -16
Cover_T809 28
Cover_T810 -16
Cover_T811 24
Cover_T812 -18
Cover_T813 36
Cover_T814 -18
Cover_T815 48
Cover_T816 -18
Cover_T817 28
Cover_T818 -20
Cover_T819 24
Cover_T820 -20
Cover_T821 22
Cover_T822 -22
Cover_T823 26
Cover_T824 -38
Cover_T825 26
Cover_T826 -20
Cover_T827 26
Cover_T828 -20
Cover_T829 28
Cover_T830 -20
Cover_T831 32
Cover_T832 -22
Cover_T833 32
Cover_T834 -22
Cover_T835 48
Cover_T836 -20
Cover_T837 34
Cover_T838 -22
Cover_T839 32
Cover_T840 -24
Cover_T841 28
Cover_T842 -36
Cover_T843 32
Cover_T844 -26
Cover_T845 32
Cover_T846 -24
Cover_T847 36
Cover_T848 -28
Cover_T849 30
Cover_T850 -24
Cover_T851 38
Cover_T852 -24
Cover_T853 56
Cover_T854 -30
Cover_T855 42
Cover_T856 -34
Cover_T857 38
Cover_T858 -24
Cover_T859 38
Cover_T860 -36
Cover_T861 40
Cover_T862 -24
Cover_T863 40
Cover_T864 -26
Cover_T865 44
Cover_T866 -34
Cover_T867 50
Cover_T868 -26
Cover_T869 48
Cover_T870 -28
Cover_T871 60
Cover_T872 -32
Cover_T873 40
Cover_T874 -30
Cover_T875 58
Cover_T876 -30
Cover_T877 66
Cover_T878 -38
Cover_T879 62
Cover_T880 -34
Cover_T881 66
Cover_T882 -34
Cover_T883 54
Cover_T884 -48
Cover_T885 58
Cover_T886 -48
Cover_T887 58
Cover_T888 -44
Cover_T889 60
Cover_T890 6
Cover_T891 -2
Cover_T892 12
Cover_T893 -2
Cover_T894 2
Cover_T895 -2
Cover_T896 8
Cover_T897 1.00578e-10
Cover_T898 8
Cover_T899 -2
Cover_T900 16
Cover_T901 0
Cover_T902 16
Cover_T903 6
Cover_T904 12
Cover_T905 4
Cover_T906 1048
Cover_T907 58
Cover_T908 1048
Cover_T909 50
Cover_T910 1048
Cover_T911 1038
Cover_T912 1048
Cover_T913 1038
Cover_T914 1048
Cover_T915 1022
Cover_T916 1088
Cover_T917 1038
Cover_T918 1088
Cover_T919 1034
Cover_T920 1090
Cover_T921 1036
Cover_T922 1084
Cover_T923 1038
Cover_T924 1094
Cover_T925 0
Cover_T926 1032
Cover_T927 0
Cover_T928 1048
Cover_T929 0
Cover_T930 52
Cover_T931 0
Cover_T932 44
Cover_T933 0
Cover_T934 44
Cover_T935 -38
Cover_T936 52
Cover_T937 -42
Cover_T938 54
Cover_T939 -30
Cover_T940 52
Cover_T941 -2
Cover_T942 48
Cover_T943 54
Cover_T944 -26
Cover_T945 54
Cover_T946 -24
Cover_T947 54
Cover_T948 24
Cover_T949 70
Cover_T950 4
Cover_T951 74
Cover_T952 0
Cover_T953 64
Cover_T954 0
Cover_T955 44
Cover_T956 42
Cover_T957 66
Cover_T958 24
Cover_T959 74
Cover_T960 36
Cover_T961 4
Cover_T962 40
Cover_T963 16
Cover_T964 24
Cover_T965 28
Cover_T966 8
Cover_T967 30
Cover_T968 0
Cover_T969 0
Cover_T970 30
Cover_T971 -12
Cover_T972 30
Cover_T973 16
Cover_T974 26
Cover_T975 30
Cover_T976 0
Cover_T977 0
Cover_T978 28
Cover_T979 2
Cover_T980 24
Cover_T981 6
Cover_T982 26
Cover_T983 30
Cover_T984 28
Count_D0 -984
Count_D1 -1000
Max_H0_P0 0
Max_H0_P1 0
Max_H0_P2 0
Max_H0_P3 0
Max_H0_P4 0
Max_H0_P5 -1.28432e-10
Max_H0_P6 -3.0056e-12
Max_H0_P7 0
Max_H0_P8 0
Max_H0_P9 0
Max_H0_P10 0
Max_H0_P11 0
Max_H0_P12 0
Max_H0_P13 0
Max_H0_P14 0
Max_H0_P15 1.848e-10
Max_H0_P16 1.32189e-10
Max_H0_P17 2.14871e-10
Max_H0_P18 -2.80771e-11
Max_H0_P19 6.82804e-11
Max_H0_P20 -2.67631e-11
Max_H0_P21 4.81459e-12
Max_H0_P22 1.62675e-11
Max_H0_P23 -4.42764e-11
Max_H0_P24 -5.16502e-11
Max_H0_P25 2.18279e-11
Max_H0_P26 8.39151e-11
Max_H0_P27 -1.15676e-11
Max_H0_P28 4.59184e-13
Max_H0_P29 -5.7554e-12
Max_H0_P30 1.66972e-11
Max_H0_P31 -3.21627e-11
Max_H0_P32 1.47697e-11
Max_H0_P33 -4.8897e-11
Max_H0_P34 -2.35084e-12
Max_H0_P35 8.14104e-11
Max_H0_P36 1.28735e-10
Max_H0_P37 -2.41802e-11
Max_H0_P38 1.43572e-10
Max_H0_P39 -7.65183e-11
Max_H0_P40 1.75688e-10
Max_H0_P41 7.5417e-11
Max_H0_P42 -1.88696e-11
Max_H0_P43 4.32012e-11
Max_H0_P44 0
Max_H0_P45 0
Max_H0_P46 0
Max_H0_P47 0
Max_H0_P48 0
Max_H0_P49 0
Max_H0_P50 0
Max_H0_P51 0
Max_H0_P52 0
Max_H0_P53 0
Max_H0_P54 0
Max_H0_P55 0
Max_H0_P56 0
Max_H0_P57 0
Max_H0_P58 0
Max_H0_P59 1.24316e-09
Max_H0_P60 0
Max_H0_P61 -1.96964e-10
Max_H0_P62 -1.27631e-10
Max_H0_P63 0
Max_H0_P64 0
Max_H0_P65 0
Max_H0_P66 0
Max_H0_P67 0
Max_H0_P68 0
Max_H0_P69 0
Max_H0_P70 0
Max_H0_P71 -5.04027e-10
Max_H0_P72 0
Max_H0_P73 0
Max_H0_P74 0
Max_H0_P75 0
Max_H0_P76 -3.05189e-10
Max_H0_P77 2.81329e-10
Max_H0_P78 2.09783e-10
Max_H0_P79 0
Max_H0_P80 0
Max_H0_P81 0
Max_H1_P0 0
Max_H1_P1 0
Max_H1_P2 0
Max_H1_P3 0
Max_H1_P4 0
Max_H1_P5 -1.62619e-10
Max_H1_P6 -3.0056e-12
Max_H1_P7 7.97109e-11
Max_H1_P8 0
Max_H1_P9 -7.63619e-11
Max_H1_P10 3.5942e-10
Max_H1_P11 0
Max_H1_P12 0
Max_H1_P13 0
Max_H1_P14 0
Max_H1_P15 5.26778e-11
Max_H1_P16 8.61178e-11
Max_H1_P17 6.36418e-11
Max_H1_P18 1.12311e-10
Max_H1_P19 -1.32494e-10
Max_H1_P20 8.55493e-11
Max_H1_P21 9.8197e-11
Max_H1_P22 -8.19295e-11
Max_H1_P23 9.8197e-11
Max_H1_P24 -7.58114e-11
Max_H1_P25 -6.21361e-12
Max_H1_P26 5.53526e-11
Max_H1_P27 -1.97105e-11
Max_H1_P28 -1.44939e-10
Max_H1_P29 -6.28111e-11
Max_H1_P30 -3.18232e-11
Max_H1_P31 1.51366e-10
Max_H1_P32 -1.06269e-10
Max_H1_P33 -4.00494e-11
Max_H1_P34 1.63021e-10
Max_H1_P35 9.8872e-11
Max_H1_P36 5.43741e-11
Max_H1_P37 8.81283e-12
Max_H1_P38 -1.54046e-11
Max_H1_P39 -1.3018e-10
Max_H1_P40 1.31863e-10
Max_H1_P41 2.0799e-10
Max_H1_P42 0
Max_H1_P43 4.70571e-11
Max_H1_P44 -7.99005e-12
Max_H1_P45 0
Max_H1_P46 -2.20553e-10
Max_H1_P47 0
Max_H1_P48 0
Max_H1_P49 0
Max_H1_P50 0
Max_H1_P51 -7.74403e-11
Max_H1_P52 0
Max_H1_P53 -1.37649e-10
Max_H1_P54 0
Max_H1_P55 1.07456e-11
Max_H1_P56 1.71038e-10
Max_H1_P57 -1.84379e-10
Max_H1_P58 3.02318e-10
Max_H1_P59 1.04627e-09
Max_H1_P60 2.05124e-10
Max_H1_P61 0
Max_H1_P62 -3.31184e-11
Max_H1_P63 0
Max_H1_P64 0
Max_H1_P65 -3.1395e-10
Max_H1_P66 1.17488e-11
Max_H1_P67 0
Max_H1_P68 -1.43915e-10
Max_H1_P69 -8.01725e-10
Max_H1_P70 0
Max_H1_P71 0
Max_H1_P72 0
Max_H1_P73 0
Max_H1_P74 0
Max_H1_P75 0
Max_H1_P76 1.7053e-13
Max_H1_P77 -3.01512e-10
Max_H1_P78 2.72543e-10
Max_H1_P79 0
Max_H1_P80 0
Max_H1_P81 0
