
Branch and bound

  Entire solving process        :                           (Time    104.0)
  No feasible solution was found
  Best relaxation cost          :     45279.22 (Node     0) (Time    104.0)
  Lower bound after cuts        :     45279.22
  End lower bound               :     45279.22
  Deepest level reached         : 0
  Deepest real level reached    : 0
  Number of real nodes solved   : 1
  Stopping condition            : enough nodes explored

Problem identification

  Problem                       : <null>
  Machine                       : oslo4.gerad.lan

Solving process summary

  Linear relaxations            :        1
  Column generation iterations  :      133
  Shortest paths solved         :     3121
  Columns generated             :    30041

Instance characteristics

  Resources                     : 3
  Node types                    : no
  Arc types                     : no
  Strong resource windows       : no
  Weak resource windows         : no
  Resource windows (nodes)      : 3
  Resource values (arcs)        : 3
  Values on nodes               : no

  Rows                          : 813
  Initial columns               : 2
  Tasks                         : 651
  Strong tasks                  : 647
  Weak tasks                    : 4
  Initial task constraints      : no
  Nodes                         : 979
  Arc sets                      : 1
  Arcs                          : 20622
  Networks                      : 2
  Models                        : 1

Memory used per module (Megs)

  Parser (reused)               :      4.488
  Networks                      :     23.975
  Column generator              :      5.933
  Master problem                :      8.226
  -----------------
  Total                         :     38.134

Cpu time per module (seconds)

  Parser                        :        0.0
  Preprocessor                  :        0.0
  Lr solver manager             :        0.1
  Column generator              :       14.5
    (Shortest path)             :       12.3
  Master problem                :       89.4
  -------------------
  Total (without b&b)           :      104.0

Real elapsed time (seconds)

  Parser                        :        0.0
  Preprocessor                  :        0.0
  Lr solver manager             :        0.1
  Column generator              :       14.5
    (Shortest path)             :       12.3
  Master problem                :       89.4
  -------------------
  Total (without b&b)           :      104.0
