
Branch and bound

  Entire solving process        :                           (Time    575.6)
  No feasible solution was found
  Best relaxation cost          :     76732.92 (Node     0) (Time    575.6)
  Lower bound after cuts        :     76732.92
  End lower bound               :     76732.92
  Deepest level reached         : 0
  Deepest real level reached    : 0
  Number of real nodes solved   : 1
  Stopping condition            : enough nodes explored

Problem identification

  Problem                       : <null>
  Machine                       : oslo2.gerad.lan

Solving process summary

  Linear relaxations            :        1
  Column generation iterations  :      136
  Shortest paths solved         :     4282
  Columns generated             :    50990

Instance characteristics

  Resources                     : 3
  Node types                    : no
  Arc types                     : no
  Strong resource windows       : no
  Weak resource windows         : no
  Resource windows (nodes)      : 3
  Resource values (arcs)        : 3
  Values on nodes               : no

  Rows                          : 1234
  Initial columns               : 2
  Tasks                         : 1072
  Strong tasks                  : 1068
  Weak tasks                    : 4
  Initial task constraints      : no
  Nodes                         : 1400
  Arc sets                      : 1
  Arcs                          : 49920
  Networks                      : 2
  Models                        : 1

Memory used per module (Megs)

  Parser (reused)               :     10.179
  Networks                      :     38.990
  Column generator              :     12.714
  Master problem                :     11.764
  -----------------
  Total                         :     63.468

Cpu time per module (seconds)

  Parser                        :        0.0
  Preprocessor                  :        0.0
  Lr solver manager             :        0.1
  Column generator              :      117.7
    (Shortest path)             :      106.1
  Master problem                :      457.8
  -------------------
  Total (without b&b)           :      575.6

Real elapsed time (seconds)

  Parser                        :        0.0
  Preprocessor                  :        0.0
  Lr solver manager             :        0.2
  Column generator              :      117.8
    (Shortest path)             :      105.6
  Master problem                :      458.4
  -------------------
  Total (without b&b)           :      576.4
