
Branch and bound

  Entire solving process        :                           (Time    137.3)
  No feasible solution was found
  Best relaxation cost          :     49028.31 (Node     0) (Time    137.3)
  Lower bound after cuts        :     49028.31
  End lower bound               :     49028.31
  Deepest level reached         : 0
  Deepest real level reached    : 0
  Number of real nodes solved   : 1
  Stopping condition            : enough nodes explored

Problem identification

  Problem                       : <null>
  Machine                       : oslo5.gerad.lan

Solving process summary

  Linear relaxations            :        1
  Column generation iterations  :      130
  Shortest paths solved         :     7168
  Columns generated             :    41331

Instance characteristics

  Resources                     : 3
  Node types                    : no
  Arc types                     : no
  Strong resource windows       : no
  Weak resource windows         : no
  Resource windows (nodes)      : 3
  Resource values (arcs)        : 3
  Values on nodes               : no

  Rows                          : 869
  Initial columns               : 368
  Tasks                         : 707
  Strong tasks                  : 498
  Weak tasks                    : 4
  Initial task constraints      : no
  Nodes                         : 1035
  Arc sets                      : 1
  Arcs                          : 23880
  Networks                      : 2
  Models                        : 1

Memory used per module (Megs)

  Parser (reused)               :      5.093
  Networks                      :     27.487
  Column generator              :      4.238
  Master problem                :      8.793
  -----------------
  Total                         :     40.518

Cpu time per module (seconds)

  Parser                        :        0.0
  Preprocessor                  :        0.0
  Lr solver manager             :        0.1
  Column generator              :       27.4
    (Shortest path)             :       22.9
  Master problem                :      109.8
  -------------------
  Total (without b&b)           :      137.3

Real elapsed time (seconds)

  Parser                        :        0.0
  Preprocessor                  :        0.0
  Lr solver manager             :        0.1
  Column generator              :       27.5
    (Shortest path)             :       23.1
  Master problem                :      109.7
  -------------------
  Total (without b&b)           :      137.3
