
Branch and bound

  Entire solving process        :                           (Time    151.5)
  No feasible solution was found
  Best relaxation cost          :     49245.37 (Node     0) (Time    151.5)
  Lower bound after cuts        :     49245.37
  End lower bound               :     49245.37
  Deepest level reached         : 0
  Deepest real level reached    : 0
  Number of real nodes solved   : 1
  Stopping condition            : enough nodes explored

Problem identification

  Problem                       : <null>
  Machine                       : oslo2.gerad.lan

Solving process summary

  Linear relaxations            :        1
  Column generation iterations  :      161
  Shortest paths solved         :     3666
  Columns generated             :    35254

Instance characteristics

  Resources                     : 3
  Node types                    : no
  Arc types                     : no
  Strong resource windows       : no
  Weak resource windows         : no
  Resource windows (nodes)      : 3
  Resource values (arcs)        : 3
  Values on nodes               : no

  Rows                          : 869
  Initial columns               : 2
  Tasks                         : 707
  Strong tasks                  : 703
  Weak tasks                    : 4
  Initial task constraints      : no
  Nodes                         : 1035
  Arc sets                      : 1
  Arcs                          : 23880
  Networks                      : 2
  Models                        : 1

Memory used per module (Megs)

  Parser (reused)               :      5.093
  Networks                      :     25.428
  Column generator              :      6.418
  Master problem                :      8.672
  -----------------
  Total                         :     40.518

Cpu time per module (seconds)

  Parser                        :        0.0
  Preprocessor                  :        0.0
  Lr solver manager             :        0.1
  Column generator              :       23.5
    (Shortest path)             :       20.2
  Master problem                :      128.0
  -------------------
  Total (without b&b)           :      151.5

Real elapsed time (seconds)

  Parser                        :        0.0
  Preprocessor                  :        0.0
  Lr solver manager             :        0.0
  Column generator              :       23.7
    (Shortest path)             :       20.2
  Master problem                :      128.0
  -------------------
  Total (without b&b)           :      151.7
