
Branch and bound

  Entire solving process        :                           (Time    377.8)
  No feasible solution was found
  Best relaxation cost          :     67403.86 (Node     0) (Time    371.6)
  Lower bound after cuts        :     67403.86
  End lower bound               :     67407.14
  Deepest level reached         : 0
  Deepest real level reached    : 0
  Number of real nodes solved   : 1
  Stopping condition            : enough nodes explored

Problem identification

  Problem                       : <null>
  Machine                       : oslo2.gerad.lan

Solving process summary

  Linear relaxations            :        1
  Column generation iterations  :      132
  Shortest paths solved         :     9779
  Columns generated             :    76813

Instance characteristics

  Resources                     : 3
  Node types                    : no
  Arc types                     : no
  Strong resource windows       : no
  Weak resource windows         : no
  Resource windows (nodes)      : 3
  Resource values (arcs)        : 3
  Values on nodes               : no

  Rows                          : 1180
  Initial columns               : 454
  Tasks                         : 1018
  Strong tasks                  : 721
  Weak tasks                    : 4
  Initial task constraints      : no
  Nodes                         : 1346
  Arc sets                      : 1
  Arcs                          : 45741
  Networks                      : 2
  Models                        : 1

Memory used per module (Megs)

  Parser (reused)               :      9.331
  Networks                      :     38.505
  Column generator              :     12.230
  Master problem                :     11.507
  -----------------
  Total                         :     62.243

Cpu time per module (seconds)

  Parser                        :        0.0
  Preprocessor                  :        0.0
  Lr solver manager             :        0.0
  Column generator              :      233.5
    (Shortest path)             :      210.7
  Master problem                :      144.0
  -------------------
  Total (without b&b)           :      377.6

Real elapsed time (seconds)

  Parser                        :        0.0
  Preprocessor                  :        0.0
  Lr solver manager             :        0.0
  Column generator              :      233.9
    (Shortest path)             :      211.0
  Master problem                :      144.2
  -------------------
  Total (without b&b)           :      378.1
