
Branch and bound

  Entire solving process        :                           (Time    512.1)
  No feasible solution was found
  Best relaxation cost          :     70235.84 (Node     0) (Time    512.1)
  Lower bound after cuts        :     70235.84
  End lower bound               :     70235.84
  Deepest level reached         : 0
  Deepest real level reached    : 0
  Number of real nodes solved   : 1
  Stopping condition            : enough nodes explored

Problem identification

  Problem                       : <null>
  Machine                       : oslo4.gerad.lan

Solving process summary

  Linear relaxations            :        1
  Column generation iterations  :      152
  Shortest paths solved         :     4678
  Columns generated             :    55279

Instance characteristics

  Resources                     : 3
  Node types                    : no
  Arc types                     : no
  Strong resource windows       : no
  Weak resource windows         : no
  Resource windows (nodes)      : 3
  Resource values (arcs)        : 3
  Values on nodes               : no

  Rows                          : 1180
  Initial columns               : 2
  Tasks                         : 1018
  Strong tasks                  : 1014
  Weak tasks                    : 4
  Initial task constraints      : no
  Nodes                         : 1346
  Arc sets                      : 1
  Arcs                          : 45741
  Networks                      : 2
  Models                        : 1

Memory used per module (Megs)

  Parser (reused)               :      9.331
  Networks                      :     36.810
  Column generator              :     11.503
  Master problem                :     11.583
  -----------------
  Total                         :     59.896

Cpu time per module (seconds)

  Parser                        :        0.0
  Preprocessor                  :        0.0
  Lr solver manager             :        0.2
  Column generator              :      105.7
    (Shortest path)             :       91.9
  Master problem                :      406.1
  -------------------
  Total (without b&b)           :      512.1

Real elapsed time (seconds)

  Parser                        :        0.0
  Preprocessor                  :        0.0
  Lr solver manager             :        0.2
  Column generator              :      105.8
    (Shortest path)             :       92.4
  Master problem                :      406.1
  -------------------
  Total (without b&b)           :      512.1
