
Branch and bound

  Entire solving process        :                           (Time     42.2)
  No feasible solution was found
  Best relaxation cost          :     36968.98 (Node     0) (Time     42.2)
  Lower bound after cuts        :     36968.98
  End lower bound               :     36968.98
  Deepest level reached         : 0
  Deepest real level reached    : 0
  Number of real nodes solved   : 1
  Stopping condition            : enough nodes explored

Problem identification

  Problem                       : <null>
  Machine                       : oslo1.gerad.lan

Solving process summary

  Linear relaxations            :        1
  Column generation iterations  :      103
  Shortest paths solved         :     4342
  Columns generated             :    28265

Instance characteristics

  Resources                     : 3
  Node types                    : no
  Arc types                     : no
  Strong resource windows       : no
  Weak resource windows         : no
  Resource windows (nodes)      : 3
  Resource values (arcs)        : 3
  Values on nodes               : no

  Rows                          : 699
  Initial columns               : 309
  Tasks                         : 537
  Strong tasks                  : 360
  Weak tasks                    : 4
  Initial task constraints      : no
  Nodes                         : 865
  Arc sets                      : 1
  Arcs                          : 15077
  Networks                      : 2
  Models                        : 1

Memory used per module (Megs)

  Parser (reused)               :      3.398
  Networks                      :     20.827
  Column generator              :      3.875
  Master problem                :      7.402
  -----------------
  Total                         :     32.104

Cpu time per module (seconds)

  Parser                        :        0.0
  Preprocessor                  :        0.0
  Lr solver manager             :        0.1
  Column generator              :       11.5
    (Shortest path)             :        9.6
  Master problem                :       30.7
  -------------------
  Total (without b&b)           :       42.2

Real elapsed time (seconds)

  Parser                        :        0.0
  Preprocessor                  :        0.0
  Lr solver manager             :        0.1
  Column generator              :       11.4
    (Shortest path)             :        9.7
  Master problem                :       30.8
  -------------------
  Total (without b&b)           :       42.2
