
Branch and bound

  Entire solving process        :                           (Time    200.6)
  No feasible solution was found
  Best relaxation cost          :     53882.78 (Node     0) (Time    200.6)
  Lower bound after cuts        :     53882.78
  End lower bound               :     53882.78
  Deepest level reached         : 0
  Deepest real level reached    : 0
  Number of real nodes solved   : 1
  Stopping condition            : enough nodes explored

Problem identification

  Problem                       : <null>
  Machine                       : oslo2.gerad.lan

Solving process summary

  Linear relaxations            :        1
  Column generation iterations  :      133
  Shortest paths solved         :     5479
  Columns generated             :    51737

Instance characteristics

  Resources                     : 3
  Node types                    : no
  Arc types                     : no
  Strong resource windows       : no
  Weak resource windows         : no
  Resource windows (nodes)      : 3
  Resource values (arcs)        : 3
  Values on nodes               : no

  Rows                          : 949
  Initial columns               : 396
  Tasks                         : 787
  Strong tasks                  : 538
  Weak tasks                    : 4
  Initial task constraints      : no
  Nodes                         : 1115
  Arc sets                      : 1
  Arcs                          : 29087
  Networks                      : 2
  Models                        : 1

Memory used per module (Megs)

  Parser (reused)               :      6.183
  Networks                      :     30.635
  Column generator              :      7.507
  Master problem                :      9.368
  -----------------
  Total                         :     47.510

Cpu time per module (seconds)

  Parser                        :        0.0
  Preprocessor                  :        0.0
  Lr solver manager             :        0.1
  Column generator              :       55.8
    (Shortest path)             :       49.1
  Master problem                :      144.7
  -------------------
  Total (without b&b)           :      200.6

Real elapsed time (seconds)

  Parser                        :        0.0
  Preprocessor                  :        0.0
  Lr solver manager             :        0.1
  Column generator              :       55.8
    (Shortest path)             :       49.2
  Master problem                :      145.0
  -------------------
  Total (without b&b)           :      200.8
