
Branch and bound

  Entire solving process        :                           (Time    553.6)
  No feasible solution was found
  Best relaxation cost          :     57068.18 (Node     0) (Time    553.5)
  Lower bound after cuts        :     57068.18
  End lower bound               :     57068.18
  Deepest level reached         : 0
  Deepest real level reached    : 0
  Number of real nodes solved   : 1
  Stopping condition            : enough nodes explored

Problem identification

  Problem                       : <null>
  Machine                       : oslo3.gerad.lan

Solving process summary

  Linear relaxations            :        1
  Column generation iterations  :      169
  Shortest paths solved         :    13142
  Columns generated             :    69758

Instance characteristics

  Resources                     : 3
  Node types                    : no
  Arc types                     : no
  Strong resource windows       : no
  Weak resource windows         : no
  Resource windows (nodes)      : 3
  Resource values (arcs)        : 3
  Values on nodes               : no

  Rows                          : 1061
  Initial columns               : 410
  Tasks                         : 899
  Strong tasks                  : 647
  Weak tasks                    : 4
  Initial task constraints      : no
  Nodes                         : 1227
  Arc sets                      : 1
  Arcs                          : 36281
  Networks                      : 2
  Models                        : 1

Memory used per module (Megs)

  Parser (reused)               :      7.515
  Networks                      :     33.662
  Column generator              :     12.109
  Master problem                :     10.396
  -----------------
  Total                         :     56.167

Cpu time per module (seconds)

  Parser                        :        0.0
  Preprocessor                  :        0.0
  Lr solver manager             :        0.1
  Column generator              :      258.0
    (Shortest path)             :      235.8
  Master problem                :      295.4
  -------------------
  Total (without b&b)           :      553.5

Real elapsed time (seconds)

  Parser                        :        0.0
  Preprocessor                  :        0.0
  Lr solver manager             :        0.2
  Column generator              :      258.0
    (Shortest path)             :      235.5
  Master problem                :      295.3
  -------------------
  Total (without b&b)           :      553.5
