
Branch and bound

  Entire solving process        :                           (Time    315.4)
  No feasible solution was found
  Best relaxation cost          :     70689.74 (Node     0) (Time    315.3)
  Lower bound after cuts        :     70689.74
  End lower bound               :     70689.74
  Deepest level reached         : 0
  Deepest real level reached    : 0
  Number of real nodes solved   : 1
  Stopping condition            : enough nodes explored

Problem identification

  Problem                       : <null>
  Machine                       : oslo2.gerad.lan

Solving process summary

  Linear relaxations            :        1
  Column generation iterations  :      127
  Shortest paths solved         :     4217
  Columns generated             :    49055

Instance characteristics

  Resources                     : 3
  Node types                    : no
  Arc types                     : no
  Strong resource windows       : no
  Weak resource windows         : no
  Resource windows (nodes)      : 3
  Resource values (arcs)        : 3
  Values on nodes               : no

  Rows                          : 1187
  Initial columns               : 2
  Tasks                         : 1025
  Strong tasks                  : 1021
  Weak tasks                    : 4
  Initial task constraints      : no
  Nodes                         : 1353
  Arc sets                      : 1
  Arcs                          : 46489
  Networks                      : 2
  Models                        : 1

Memory used per module (Megs)

  Parser (reused)               :      9.452
  Networks                      :     37.295
  Column generator              :     11.140
  Master problem                :     11.462
  -----------------
  Total                         :     59.897

Cpu time per module (seconds)

  Parser                        :        0.0
  Preprocessor                  :        0.0
  Lr solver manager             :        0.1
  Column generator              :       83.5
    (Shortest path)             :       72.6
  Master problem                :      231.7
  -------------------
  Total (without b&b)           :      315.3

Real elapsed time (seconds)

  Parser                        :        0.0
  Preprocessor                  :        0.0
  Lr solver manager             :        0.1
  Column generator              :       83.7
    (Shortest path)             :       72.7
  Master problem                :      231.9
  -------------------
  Total (without b&b)           :      315.8
