
Branch and bound

  Entire solving process        :                           (Time     89.7)
  No feasible solution was found
  Best relaxation cost          :     52483.91 (Node     0) (Time     89.7)
  Lower bound after cuts        :     52483.91
  End lower bound               :     52483.91
  Deepest level reached         : 0
  Deepest real level reached    : 0
  Number of real nodes solved   : 1
  Stopping condition            : enough nodes explored

Problem identification

  Problem                       : <null>
  Machine                       : oslo1.gerad.lan

Solving process summary

  Linear relaxations            :        1
  Column generation iterations  :      106
  Shortest paths solved         :     6681
  Columns generated             :    40065

Instance characteristics

  Resources                     : 3
  Node types                    : no
  Arc types                     : no
  Strong resource windows       : no
  Weak resource windows         : no
  Resource windows (nodes)      : 3
  Resource values (arcs)        : 3
  Values on nodes               : no

  Rows                          : 852
  Initial columns               : 366
  Tasks                         : 690
  Strong tasks                  : 479
  Weak tasks                    : 4
  Initial task constraints      : no
  Nodes                         : 1018
  Arc sets                      : 1
  Arcs                          : 22952
  Networks                      : 2
  Models                        : 1

Memory used per module (Megs)

  Parser (reused)               :      4.972
  Networks                      :     26.639
  Column generator              :      4.238
  Master problem                :      8.453
  -----------------
  Total                         :     39.330

Cpu time per module (seconds)

  Parser                        :        0.0
  Preprocessor                  :        0.0
  Lr solver manager             :        0.1
  Column generator              :       27.2
    (Shortest path)             :       22.8
  Master problem                :       62.4
  -------------------
  Total (without b&b)           :       89.7

Real elapsed time (seconds)

  Parser                        :        0.0
  Preprocessor                  :        0.0
  Lr solver manager             :        0.5
  Column generator              :       27.2
    (Shortest path)             :       22.8
  Master problem                :       62.3
  -------------------
  Total (without b&b)           :       90.1
