Cover_T0 54
Cover_T1 -52
Cover_T2 54
Cover_T3 -50
Cover_T4 54
Cover_T5 -50
Cover_T6 54
Cover_T7 -50
Cover_T8 54
Cover_T9 -50
Cover_T10 54
Cover_T11 -50
Cover_T12 52
Cover_T13 -50
Cover_T14 58
Cover_T15 -44
Cover_T16 52
Cover_T17 -40
Cover_T18 58
Cover_T19 -38
Cover_T20 72
Cover_T21 -42
Cover_T22 50
Cover_T23 -34
Cover_T24 56
Cover_T25 8
Cover_T26 74
Cover_T27 -26
Cover_T28 54
Cover_T29 28
Cover_T30 46
Cover_T31 934
Cover_T32 8
Cover_T33 892
Cover_T34 1012
Cover_T35 942
Cover_T36 966
Cover_T37 950
Cover_T38 40
Cover_T39 952
Cover_T40 90
Cover_T41 -38
Cover_T42 14
Cover_T43 -2
Cover_T44 0
Cover_T45 -16
Cover_T46 12
Cover_T47 14
Cover_T48 4
Cover_T49 22
Cover_T50 4
Cover_T51 16
Cover_T52 22
Cover_T53 24
Cover_T54 36
Cover_T55 24
Cover_T56 -3.92015e-11
Cover_T57 6
Cover_T58 -18
Cover_T59 -8
Cover_T60 2
Cover_T61 22
Cover_T62 16
Cover_T63 28
Cover_T64 0
Cover_T65 52
Cover_T66 14
Cover_T67 20
Cover_T68 12
Cover_T69 6
Cover_T70 24
Cover_T71 22
Cover_T72 0
Cover_T73 8
Cover_T74 36
Cover_T75 10
Cover_T76 12
Cover_T77 -2
Cover_T78 -12
Cover_T79 22
Cover_T80 0
Cover_T81 -12
Cover_T82 12
Cover_T83 16
Cover_T84 -2
Cover_T85 8
Cover_T86 -30
Cover_T87 -4
Cover_T88 7.94849e-11
Cover_T89 10
Cover_T90 0
Cover_T91 34
Cover_T92 6
Cover_T93 0
Cover_T94 2
Cover_T95 -2
Cover_T96 4
Cover_T97 4
Cover_T98 12
Cover_T99 18
Cover_T100 0
Cover_T101 0
Cover_T102 4
Cover_T103 -1.38405e-10
Cover_T104 30
Cover_T105 14
Cover_T106 0
Cover_T107 18
Cover_T108 -28
Cover_T109 10
Cover_T110 44
Cover_T111 36
Cover_T112 42
Cover_T113 58
Cover_T114 18
Cover_T115 88
Cover_T116 20
Cover_T117 20
Cover_T118 5.07288e-10
Cover_T119 28
Cover_T120 -2
Cover_T121 28
Cover_T122 -2
Cover_T123 32
Cover_T124 -6
Cover_T125 30
Cover_T126 -8
Cover_T127 34
Cover_T128 -10
Cover_T129 30
Cover_T130 -10
Cover_T131 54
Cover_T132 -12
Cover_T133 38
Cover_T134 -12
Cover_T135 40
Cover_T136 -12
Cover_T137 22
Cover_T138 -22
Cover_T139 34
Cover_T140 -16
Cover_T141 46
Cover_T142 -24
Cover_T143 58
Cover_T144 -18
Cover_T145 56
Cover_T146 -24
Cover_T147 64
Cover_T148 -36
Cover_T149 60
Cover_T150 -24
Cover_T151 56
Cover_T152 -24
Cover_T153 56
Cover_T154 -28
Cover_T155 62
Cover_T156 -32
Cover_T157 52
Cover_T158 -32
Cover_T159 48
Cover_T160 -38
Cover_T161 54
Cover_T162 -34
Cover_T163 70
Cover_T164 -42
Cover_T165 62
Cover_T166 -42
Cover_T167 54
Cover_T168 -50
Cover_T169 52
Cover_T170 -50
Cover_T171 50
Cover_T172 -50
Cover_T173 56
Cover_T174 -44
Cover_T175 60
Cover_T176 -38
Cover_T177 66
Cover_T178 -24
Cover_T179 64
Cover_T180 10
Cover_T181 72
Cover_T182 -18
Cover_T183 44
Cover_T184 20
Cover_T185 -8.01528e-11
Cover_T186 910
Cover_T187 20
Cover_T188 904
Cover_T189 1024
Cover_T190 940
Cover_T191 978
Cover_T192 948
Cover_T193 52
Cover_T194 942
Cover_T195 52
Cover_T196 -42
Cover_T197 66
Cover_T198 -34
Cover_T199 26
Cover_T200 -6
Cover_T201 10
Cover_T202 -28
Cover_T203 0
Cover_T204 5.45369e-13
Cover_T205 12
Cover_T206 4
Cover_T207 4
Cover_T208 -8
Cover_T209 4
Cover_T210 0
Cover_T211 22
Cover_T212 0
Cover_T213 36
Cover_T214 -18
Cover_T215 0
Cover_T216 -32
Cover_T217 -18
Cover_T218 4
Cover_T219 2
Cover_T220 22
Cover_T221 4
Cover_T222 2
Cover_T223 14
Cover_T224 0
Cover_T225 0
Cover_T226 22
Cover_T227 12
Cover_T228 8
Cover_T229 -12
Cover_T230 10
Cover_T231 24
Cover_T232 -2
Cover_T233 0
Cover_T234 22
Cover_T235 -24
Cover_T236 -14
Cover_T237 6
Cover_T238 10
Cover_T239 4
Cover_T240 34
Cover_T241 -6
Cover_T242 4
Cover_T243 -30
Cover_T244 6
Cover_T245 4
Cover_T246 18
Cover_T247 2
Cover_T248 46
Cover_T249 4
Cover_T250 16
Cover_T251 -4
Cover_T252 18
Cover_T253 10
Cover_T254 18
Cover_T255 0
Cover_T256 22
Cover_T257 22
Cover_T258 4
Cover_T259 -2
Cover_T260 16
Cover_T261 26
Cover_T262 -6
Cover_T263 2
Cover_T264 20
Cover_T265 -24
Cover_T266 22
Cover_T267 40
Cover_T268 50
Cover_T269 36
Cover_T270 78
Cover_T271 32
Cover_T272 30
Cover_T273 12
Cover_T274 36
Cover_T275 10
Cover_T276 30
Cover_T277 10
Cover_T278 32
Cover_T279 6
Cover_T280 30
Cover_T281 -36
Cover_T282 40
Cover_T283 -10
Cover_T284 48
Cover_T285 -12
Cover_T286 20
Cover_T287 -12
Cover_T288 22
Cover_T289 -22
Cover_T290 20
Cover_T291 -16
Cover_T292 34
Cover_T293 -40
Cover_T294 34
Cover_T295 -22
Cover_T296 28
Cover_T297 -18
Cover_T298 52
Cover_T299 -42
Cover_T300 40
Cover_T301 -24
Cover_T302 38
Cover_T303 -18
Cover_T304 66
Cover_T305 -18
Cover_T306 48
Cover_T307 -18
Cover_T308 42
Cover_T309 -24
Cover_T310 44
Cover_T311 -28
Cover_T312 44
Cover_T313 -32
Cover_T314 50
Cover_T315 -32
Cover_T316 52
Cover_T317 -32
Cover_T318 52
Cover_T319 -34
Cover_T320 56
Cover_T321 -34
Cover_T322 62
Cover_T323 -42
Cover_T324 58
Cover_T325 -42
Cover_T326 62
Cover_T327 -42
Cover_T328 54
Cover_T329 -36
Cover_T330 62
Cover_T331 -28
Cover_T332 64
Cover_T333 14
Cover_T334 72
Cover_T335 -12
Cover_T336 54
Cover_T337 14
Cover_T338 58
Cover_T339 936
Cover_T340 50
Cover_T341 914
Cover_T342 992
Cover_T343 908
Cover_T344 1006
Cover_T345 942
Cover_T346 946
Cover_T347 946
Cover_T348 68
Cover_T349 946
Cover_T350 70
Cover_T351 -38
Cover_T352 20
Cover_T353 -28
Cover_T354 0
Cover_T355 -4
Cover_T356 6
Cover_T357 -30
Cover_T358 14
Cover_T359 -6
Cover_T360 -12
Cover_T361 12
Cover_T362 -8
Cover_T363 8
Cover_T364 4
Cover_T365 -10
Cover_T366 -20
Cover_T367 14
Cover_T368 10
Cover_T369 10
Cover_T370 36
Cover_T371 -2
Cover_T372 10
Cover_T373 26
Cover_T374 -18
Cover_T375 0
Cover_T376 -28
Cover_T377 -22
Cover_T378 0
Cover_T379 6
Cover_T380 10
Cover_T381 34
Cover_T382 -10
Cover_T383 44
Cover_T384 0
Cover_T385 16
Cover_T386 -6
Cover_T387 6
Cover_T388 2
Cover_T389 -8
Cover_T390 26
Cover_T391 6
Cover_T392 -10
Cover_T393 6
Cover_T394 8
Cover_T395 -18
Cover_T396 0
Cover_T397 6
Cover_T398 -10
Cover_T399 30
Cover_T400 -34
Cover_T401 0
Cover_T402 -5.12168e-12
Cover_T403 2
Cover_T404 2
Cover_T405 12
Cover_T406 0
Cover_T407 32
Cover_T408 -10
Cover_T409 52
Cover_T410 -10
Cover_T411 14
Cover_T412 12
Cover_T413 10
Cover_T414 8
Cover_T415 0
Cover_T416 2
Cover_T417 0
Cover_T418 14
Cover_T419 24
Cover_T420 -6
Cover_T421 0
Cover_T422 28
Cover_T423 6
Cover_T424 8
Cover_T425 20
Cover_T426 -12
Cover_T427 6
Cover_T428 -34
Cover_T429 44
Cover_T430 42
Cover_T431 18
Cover_T432 46
Cover_T433 38
Cover_T434 22
Cover_T435 62
Cover_T436 36
Cover_T437 96
Cover_T438 26
Cover_T439 20
Cover_T440 0
Cover_T441 8
Cover_T442 3.35294e-10
Cover_T443 42
Cover_T444 2
Cover_T445 34
Cover_T446 6
Cover_T447 30
Cover_T448 -26
Cover_T449 26
Cover_T450 -20
Cover_T451 24
Cover_T452 -22
Cover_T453 20
Cover_T454 -10
Cover_T455 46
Cover_T456 -10
Cover_T457 32
Cover_T458 -24
Cover_T459 32
Cover_T460 -24
Cover_T461 20
Cover_T462 -28
Cover_T463 20
Cover_T464 -22
Cover_T465 32
Cover_T466 -28
Cover_T467 44
Cover_T468 -20
Cover_T469 34
Cover_T470 -18
Cover_T471 36
Cover_T472 -22
Cover_T473 64
Cover_T474 -26
Cover_T475 50
Cover_T476 -18
Cover_T477 50
Cover_T478 -24
Cover_T479 54
Cover_T480 -28
Cover_T481 42
Cover_T482 -32
Cover_T483 44
Cover_T484 -32
Cover_T485 54
Cover_T486 -34
Cover_T487 70
Cover_T488 -40
Cover_T489 56
Cover_T490 -42
Cover_T491 54
Cover_T492 56
Cover_T493 10
Cover_T494 32
Cover_T495 6
Cover_T496 24
Cover_T497 66
Cover_T498 64
Cover_T499 0
Cover_T500 26
Cover_T501 60
Cover_T502 24
Cover_T503 970
Cover_T504 888
Cover_T505 906
Cover_T506 1016
Cover_T507 972
Cover_T508 956
Cover_T509 972
Cover_T510 84
Cover_T511 70
Cover_T512 14
Cover_T513 -2
Cover_T514 54
Cover_T515 2.63469e-11
Cover_T516 8
Cover_T517 58
Cover_T518 10
Cover_T519 12
Cover_T520 0
Cover_T521 78
Cover_T522 12
Cover_T523 48
Cover_T524 88
Cover_T525 86
Cover_T526 32
Cover_T527 78
Cover_T528 62
Cover_T529 66
Cover_T530 12
Cover_T531 20
Cover_T532 48
Cover_T533 22
Cover_T534 38
Cover_T535 40
Count_D0 -984
Count_D1 -1000
Max_H0_P0 0
Max_H0_P1 0
Max_H0_P2 0
Max_H0_P3 0
Max_H0_P4 0
Max_H0_P5 0
Max_H0_P6 0
Max_H0_P7 0
Max_H0_P8 0
Max_H0_P9 0
Max_H0_P10 0
Max_H0_P11 0
Max_H0_P12 0
Max_H0_P13 0
Max_H0_P14 0
Max_H0_P15 0
Max_H0_P16 0
Max_H0_P17 0
Max_H0_P18 0
Max_H0_P19 0
Max_H0_P20 0
Max_H0_P21 0
Max_H0_P22 0
Max_H0_P23 0
Max_H0_P24 -2.34195e-11
Max_H0_P25 3.80211e-11
Max_H0_P26 4.0756e-12
Max_H0_P27 0
Max_H0_P28 0
Max_H0_P29 -2.278e-11
Max_H0_P30 0
Max_H0_P31 0
Max_H0_P32 0
Max_H0_P33 0
Max_H0_P34 0
Max_H0_P35 0
Max_H0_P36 0
Max_H0_P37 0
Max_H0_P38 0
Max_H0_P39 1.23279e-12
Max_H0_P40 0
Max_H0_P41 -1.58025e-11
Max_H0_P42 0
Max_H0_P43 0
Max_H0_P44 0
Max_H0_P45 0
Max_H0_P46 0
Max_H0_P47 0
Max_H0_P48 0
Max_H0_P49 0
Max_H0_P50 0
Max_H0_P51 0
Max_H0_P52 0
Max_H0_P53 0
Max_H0_P54 0
Max_H0_P55 0
Max_H0_P56 0
Max_H0_P57 0
Max_H0_P58 0
Max_H0_P59 0
Max_H0_P60 0
Max_H0_P61 0
Max_H0_P62 0
Max_H0_P63 0
Max_H0_P64 0
Max_H0_P65 0
Max_H0_P66 0
Max_H0_P67 0
Max_H0_P68 0
Max_H0_P69 0
Max_H0_P70 0
Max_H0_P71 0
Max_H0_P72 0
Max_H0_P73 0
Max_H0_P74 0
Max_H0_P75 0
Max_H0_P76 0
Max_H0_P77 0
Max_H0_P78 0
Max_H0_P79 0
Max_H0_P80 0
Max_H0_P81 0
Max_H1_P0 0
Max_H1_P1 0
Max_H1_P2 0
Max_H1_P3 0
Max_H1_P4 0
Max_H1_P5 0
Max_H1_P6 0
Max_H1_P7 0
Max_H1_P8 0
Max_H1_P9 0
Max_H1_P10 0
Max_H1_P11 0
Max_H1_P12 0
Max_H1_P13 0
Max_H1_P14 0
Max_H1_P15 0
Max_H1_P16 0
Max_H1_P17 0
Max_H1_P18 2.90088e-11
Max_H1_P19 -3.6195e-11
Max_H1_P20 0
Max_H1_P21 0
Max_H1_P22 -4.82405e-11
Max_H1_P23 5.05682e-11
Max_H1_P24 -2.80664e-12
Max_H1_P25 -3.73515e-11
Max_H1_P26 0
Max_H1_P27 1.86127e-11
Max_H1_P28 0
Max_H1_P29 3.10365e-11
Max_H1_P30 0
Max_H1_P31 0
Max_H1_P32 5.21352e-11
Max_H1_P33 -3.11928e-11
Max_H1_P34 -5.22959e-12
Max_H1_P35 -1.20792e-12
Max_H1_P36 -7.68763e-12
Max_H1_P37 0
Max_H1_P38 0
Max_H1_P39 0
Max_H1_P40 8.87113e-12
Max_H1_P41 0
Max_H1_P42 -3.51861e-11
Max_H1_P43 0
Max_H1_P44 1.97451e-11
Max_H1_P45 0
Max_H1_P46 0
Max_H1_P47 0
Max_H1_P48 0
Max_H1_P49 0
Max_H1_P50 0
Max_H1_P51 0
Max_H1_P52 0
Max_H1_P53 0
Max_H1_P54 0
Max_H1_P55 0
Max_H1_P56 0
Max_H1_P57 0
Max_H1_P58 0
Max_H1_P59 0
Max_H1_P60 0
Max_H1_P61 0
Max_H1_P62 3.889e-11
Max_H1_P63 0
Max_H1_P64 0
Max_H1_P65 0
Max_H1_P66 0
Max_H1_P67 0
Max_H1_P68 0
Max_H1_P69 0
Max_H1_P70 0
Max_H1_P71 0
Max_H1_P72 0
Max_H1_P73 0
Max_H1_P74 0
Max_H1_P75 0
Max_H1_P76 0
Max_H1_P77 -3.05338e-11
Max_H1_P78 1.57634e-11
Max_H1_P79 0
Max_H1_P80 0
Max_H1_P81 0
