
Branch and bound

  Entire solving process        :                           (Time     63.6)
  No feasible solution was found
  Best relaxation cost          :     35073.97 (Node     0) (Time     63.6)
  Lower bound after cuts        :     35073.97
  End lower bound               :     35073.97
  Deepest level reached         : 0
  Deepest real level reached    : 0
  Number of real nodes solved   : 1
  Stopping condition            : enough nodes explored

Problem identification

  Problem                       : <null>
  Machine                       : oslo4.gerad.lan

Solving process summary

  Linear relaxations            :        1
  Column generation iterations  :      134
  Shortest paths solved         :     2655
  Columns generated             :    25794

Instance characteristics

  Resources                     : 3
  Node types                    : no
  Arc types                     : no
  Strong resource windows       : no
  Weak resource windows         : no
  Resource windows (nodes)      : 3
  Resource values (arcs)        : 3
  Values on nodes               : no

  Rows                          : 702
  Initial columns               : 2
  Tasks                         : 540
  Strong tasks                  : 536
  Weak tasks                    : 4
  Initial task constraints      : no
  Nodes                         : 868
  Arc sets                      : 1
  Arcs                          : 14971
  Networks                      : 2
  Models                        : 1

Memory used per module (Megs)

  Parser (reused)               :      3.398
  Networks                      :     20.342
  Column generator              :      8.234
  Master problem                :      7.296
  -----------------
  Total                         :     35.872

Cpu time per module (seconds)

  Parser                        :        0.0
  Preprocessor                  :        0.0
  Lr solver manager             :        0.1
  Column generator              :       10.7
    (Shortest path)             :        9.1
  Master problem                :       52.8
  -------------------
  Total (without b&b)           :       63.6

Real elapsed time (seconds)

  Parser                        :        0.0
  Preprocessor                  :        0.0
  Lr solver manager             :        0.0
  Column generator              :       10.8
    (Shortest path)             :        8.8
  Master problem                :       52.8
  -------------------
  Total (without b&b)           :       63.6
