
Branch and bound

  Entire solving process        :                           (Time     51.2)
  No feasible solution was found
  Best relaxation cost          :     34928.88 (Node     0) (Time     51.1)
  Lower bound after cuts        :     34928.88
  End lower bound               :     34930.46
  Deepest level reached         : 0
  Deepest real level reached    : 0
  Number of real nodes solved   : 1
  Stopping condition            : enough nodes explored

Problem identification

  Problem                       : <null>
  Machine                       : oslo3.gerad.lan

Solving process summary

  Linear relaxations            :        1
  Column generation iterations  :      110
  Shortest paths solved         :     3805
  Columns generated             :    30921

Instance characteristics

  Resources                     : 3
  Node types                    : no
  Arc types                     : no
  Strong resource windows       : no
  Weak resource windows         : no
  Resource windows (nodes)      : 3
  Resource values (arcs)        : 3
  Values on nodes               : no

  Rows                          : 702
  Initial columns               : 289
  Tasks                         : 540
  Strong tasks                  : 374
  Weak tasks                    : 4
  Initial task constraints      : no
  Nodes                         : 868
  Arc sets                      : 1
  Arcs                          : 14971
  Networks                      : 2
  Models                        : 1

Memory used per module (Megs)

  Parser (reused)               :      3.398
  Networks                      :     21.432
  Column generator              :      2.906
  Master problem                :      7.478
  -----------------
  Total                         :     31.816

Cpu time per module (seconds)

  Parser                        :        0.0
  Preprocessor                  :        0.0
  Lr solver manager             :        0.0
  Column generator              :       10.1
    (Shortest path)             :        8.7
  Master problem                :       41.0
  -------------------
  Total (without b&b)           :       51.1

Real elapsed time (seconds)

  Parser                        :        0.0
  Preprocessor                  :        0.0
  Lr solver manager             :        0.0
  Column generator              :       10.2
    (Shortest path)             :        8.8
  Master problem                :       40.9
  -------------------
  Total (without b&b)           :       51.1
