
Branch and bound

  Entire solving process        :                           (Time     59.4)
  No feasible solution was found
  Best relaxation cost          :     33852.09 (Node     0) (Time     59.4)
  Lower bound after cuts        :     33852.09
  End lower bound               :     33852.09
  Deepest level reached         : 0
  Deepest real level reached    : 0
  Number of real nodes solved   : 1
  Stopping condition            : enough nodes explored

Problem identification

  Problem                       : <null>
  Machine                       : oslo3.gerad.lan

Solving process summary

  Linear relaxations            :        1
  Column generation iterations  :      125
  Shortest paths solved         :     5938
  Columns generated             :    35324

Instance characteristics

  Resources                     : 3
  Node types                    : no
  Arc types                     : no
  Strong resource windows       : no
  Weak resource windows         : no
  Resource windows (nodes)      : 3
  Resource values (arcs)        : 3
  Values on nodes               : no

  Rows                          : 699
  Initial columns               : 281
  Tasks                         : 537
  Strong tasks                  : 369
  Weak tasks                    : 4
  Initial task constraints      : no
  Nodes                         : 865
  Arc sets                      : 1
  Arcs                          : 15017
  Networks                      : 2
  Models                        : 1

Memory used per module (Megs)

  Parser (reused)               :      3.398
  Networks                      :     22.280
  Column generator              :      7.386
  Master problem                :      7.183
  -----------------
  Total                         :     36.849

Cpu time per module (seconds)

  Parser                        :        0.0
  Preprocessor                  :        0.0
  Lr solver manager             :        0.1
  Column generator              :       16.4
    (Shortest path)             :       14.6
  Master problem                :       42.9
  -------------------
  Total (without b&b)           :       59.4

Real elapsed time (seconds)

  Parser                        :        0.0
  Preprocessor                  :        0.0
  Lr solver manager             :        0.1
  Column generator              :       16.2
    (Shortest path)             :       14.2
  Master problem                :       43.1
  -------------------
  Total (without b&b)           :       59.4
