
Branch and bound

  Entire solving process        :                           (Time    167.7)
  No feasible solution was found
  Best relaxation cost          :     45718.97 (Node     0) (Time    167.7)
  Lower bound after cuts        :     45718.97
  End lower bound               :     45718.97
  Deepest level reached         : 0
  Deepest real level reached    : 0
  Number of real nodes solved   : 1
  Stopping condition            : enough nodes explored

Problem identification

  Problem                       : <null>
  Machine                       : oslo4.gerad.lan

Solving process summary

  Linear relaxations            :        1
  Column generation iterations  :      129
  Shortest paths solved         :     7455
  Columns generated             :    50040

Instance characteristics

  Resources                     : 3
  Node types                    : no
  Arc types                     : no
  Strong resource windows       : no
  Weak resource windows         : no
  Resource windows (nodes)      : 3
  Resource values (arcs)        : 3
  Values on nodes               : no

  Rows                          : 894
  Initial columns               : 375
  Tasks                         : 732
  Strong tasks                  : 507
  Weak tasks                    : 4
  Initial task constraints      : no
  Nodes                         : 1060
  Arc sets                      : 1
  Arcs                          : 25666
  Networks                      : 2
  Models                        : 1

Memory used per module (Megs)

  Parser (reused)               :      5.456
  Networks                      :     28.334
  Column generator              :     10.534
  Master problem                :      8.884
  -----------------
  Total                         :     47.753

Cpu time per module (seconds)

  Parser                        :        0.0
  Preprocessor                  :        0.0
  Lr solver manager             :        0.1
  Column generator              :       69.0
    (Shortest path)             :       61.8
  Master problem                :       98.6
  -------------------
  Total (without b&b)           :      167.7

Real elapsed time (seconds)

  Parser                        :        0.0
  Preprocessor                  :        0.0
  Lr solver manager             :        0.1
  Column generator              :       69.0
    (Shortest path)             :       61.5
  Master problem                :       98.6
  -------------------
  Total (without b&b)           :      167.7
