
Branch and bound

  Entire solving process        :                           (Time    205.8)
  No feasible solution was found
  Best relaxation cost          :     57287.13 (Node     0) (Time    205.8)
  Lower bound after cuts        :     57287.13
  End lower bound               :     57287.13
  Deepest level reached         : 0
  Deepest real level reached    : 0
  Number of real nodes solved   : 1
  Stopping condition            : enough nodes explored

Problem identification

  Problem                       : <null>
  Machine                       : oslo3.gerad.lan

Solving process summary

  Linear relaxations            :        1
  Column generation iterations  :      128
  Shortest paths solved         :     5984
  Columns generated             :    54824

Instance characteristics

  Resources                     : 3
  Node types                    : no
  Arc types                     : no
  Strong resource windows       : no
  Weak resource windows         : no
  Resource windows (nodes)      : 3
  Resource values (arcs)        : 3
  Values on nodes               : no

  Rows                          : 1018
  Initial columns               : 428
  Tasks                         : 856
  Strong tasks                  : 609
  Weak tasks                    : 4
  Initial task constraints      : no
  Nodes                         : 1184
  Arc sets                      : 1
  Arcs                          : 33896
  Networks                      : 2
  Models                        : 1

Memory used per module (Megs)

  Parser (reused)               :      7.031
  Networks                      :     32.572
  Column generator              :     10.171
  Master problem                :     10.041
  -----------------
  Total                         :     52.784

Cpu time per module (seconds)

  Parser                        :        0.0
  Preprocessor                  :        0.0
  Lr solver manager             :        0.0
  Column generator              :       68.5
    (Shortest path)             :       61.1
  Master problem                :      137.2
  -------------------
  Total (without b&b)           :      205.7

Real elapsed time (seconds)

  Parser                        :        0.0
  Preprocessor                  :        0.0
  Lr solver manager             :        0.1
  Column generator              :       68.5
    (Shortest path)             :       61.0
  Master problem                :      137.1
  -------------------
  Total (without b&b)           :      205.7
