Cover_T0 52
Cover_T1 -52
Cover_T2 52
Cover_T3 -52
Cover_T4 52
Cover_T5 -52
Cover_T6 52
Cover_T7 -52
Cover_T8 52
Cover_T9 -52
Cover_T10 52
Cover_T11 -52
Cover_T12 52
Cover_T13 -52
Cover_T14 52
Cover_T15 -52
Cover_T16 52
Cover_T17 -52
Cover_T18 52
Cover_T19 -52
Cover_T20 54
Cover_T21 -52
Cover_T22 54
Cover_T23 -52
Cover_T24 52
Cover_T25 -50
Cover_T26 56
Cover_T27 -50
Cover_T28 56
Cover_T29 -48
Cover_T30 54
Cover_T31 -48
Cover_T32 52
Cover_T33 -48
Cover_T34 54
Cover_T35 -48
Cover_T36 56
Cover_T37 -44
Cover_T38 52
Cover_T39 -44
Cover_T40 56
Cover_T41 -46
Cover_T42 54
Cover_T43 -42
Cover_T44 54
Cover_T45 -44
Cover_T46 58
Cover_T47 -42
Cover_T48 54
Cover_T49 -46
Cover_T50 50
Cover_T51 -38
Cover_T52 56
Cover_T53 -34
Cover_T54 46
Cover_T55 -38
Cover_T56 52
Cover_T57 -36
Cover_T58 50
Cover_T59 -38
Cover_T60 52
Cover_T61 982
Cover_T62 62
Cover_T63 978
Cover_T64 46
Cover_T65 992
Cover_T66 1034
Cover_T67 992
Cover_T68 1040
Cover_T69 988
Cover_T70 1034
Cover_T71 992
Cover_T72 16
Cover_T73 980
Cover_T74 26
Cover_T75 992
Cover_T76 12
Cover_T77 -4.68474e-10
Cover_T78 14
Cover_T79 -2
Cover_T80 10
Cover_T81 -2
Cover_T82 -12
Cover_T83 -4
Cover_T84 8
Cover_T85 -3.47598e-11
Cover_T86 0
Cover_T87 2
Cover_T88 2.05659e-10
Cover_T89 6
Cover_T90 2
Cover_T91 22
Cover_T92 4
Cover_T93 -9.52241e-10
Cover_T94 8
Cover_T95 -1.63979e-10
Cover_T96 4
Cover_T97 2
Cover_T98 -1.21542e-10
Cover_T99 -3.24896e-11
Cover_T100 -2
Cover_T101 -1.05677e-10
Cover_T102 -22
Cover_T103 4
Cover_T104 -42
Cover_T105 8
Cover_T106 1.48711e-10
Cover_T107 10
Cover_T108 6
Cover_T109 30
Cover_T110 8
Cover_T111 50
Cover_T112 0
Cover_T113 8
Cover_T114 6
Cover_T115 2
Cover_T116 8
Cover_T117 -2
Cover_T118 0
Cover_T119 2
Cover_T120 -4
Cover_T121 0
Cover_T122 2
Cover_T123 0
Cover_T124 2
Cover_T125 2
Cover_T126 4
Cover_T127 10
Cover_T128 2
Cover_T129 14
Cover_T130 0
Cover_T131 8
Cover_T132 0
Cover_T133 8
Cover_T134 2
Cover_T135 6
Cover_T136 0
Cover_T137 8
Cover_T138 -10
Cover_T139 10
Cover_T140 -26
Cover_T141 10
Cover_T142 -42
Cover_T143 8
Cover_T144 -42
Cover_T145 10
Cover_T146 2
Cover_T147 18
Cover_T148 4
Cover_T149 30
Cover_T150 4
Cover_T151 42
Cover_T152 4
Cover_T153 38
Cover_T154 2
Cover_T155 50
Cover_T156 4
Cover_T157 2
Cover_T158 4
Cover_T159 0
Cover_T160 -6
Cover_T161 -1.58563e-10
Cover_T162 -18
Cover_T163 0
Cover_T164 -30
Cover_T165 2
Cover_T166 -42
Cover_T167 4
Cover_T168 1.32046e-10
Cover_T169 10
Cover_T170 -2
Cover_T171 30
Cover_T172 -22
Cover_T173 50
Cover_T174 -42
Cover_T175 8
Cover_T176 -38
Cover_T177 10
Cover_T178 -42
Cover_T179 26
Cover_T180 2
Cover_T181 38
Cover_T182 8
Cover_T183 50
Cover_T184 6
Cover_T185 40
Cover_T186 2
Cover_T187 52
Cover_T188 4
Cover_T189 46
Cover_T190 -8
Cover_T191 6
Cover_T192 8
Cover_T193 -6.03008e-11
Cover_T194 8
Cover_T195 4
Cover_T196 8
Cover_T197 8
Cover_T198 8
Cover_T199 8
Cover_T200 8
Cover_T201 24
Cover_T202 8
Cover_T203 8
Cover_T204 0
Cover_T205 8
Cover_T206 2
Cover_T207 8
Cover_T208 2
Cover_T209 12
Cover_T210 4
Cover_T211 12
Cover_T212 6.00648e-11
Cover_T213 12
Cover_T214 7.89013e-12
Cover_T215 18
Cover_T216 -2.23498e-10
Cover_T217 16
Cover_T218 4.81393e-12
Cover_T219 20
Cover_T220 -16
Cover_T221 12
Cover_T222 -8
Cover_T223 16
Cover_T224 -8
Cover_T225 16
Cover_T226 -8
Cover_T227 16
Cover_T228 -22
Cover_T229 20
Cover_T230 -12
Cover_T231 32
Cover_T232 -8
Cover_T233 24
Cover_T234 -8
Cover_T235 24
Cover_T236 -8
Cover_T237 24
Cover_T238 -14
Cover_T239 40
Cover_T240 -18
Cover_T241 28
Cover_T242 -18
Cover_T243 24
Cover_T244 -18
Cover_T245 24
Cover_T246 -18
Cover_T247 22
Cover_T248 -12
Cover_T249 32
Cover_T250 -22
Cover_T251 32
Cover_T252 -16
Cover_T253 30
Cover_T254 -16
Cover_T255 34
Cover_T256 -16
Cover_T257 34
Cover_T258 -18
Cover_T259 30
Cover_T260 -20
Cover_T261 30
Cover_T262 -32
Cover_T263 46
Cover_T264 -36
Cover_T265 44
Cover_T266 -24
Cover_T267 40
Cover_T268 -28
Cover_T269 28
Cover_T270 -24
Cover_T271 34
Cover_T272 -26
Cover_T273 46
Cover_T274 -34
Cover_T275 26
Cover_T276 -46
Cover_T277 30
Cover_T278 -26
Cover_T279 26
Cover_T280 -26
Cover_T281 36
Cover_T282 -38
Cover_T283 28
Cover_T284 -26
Cover_T285 40
Cover_T286 -26
Cover_T287 56
Cover_T288 -26
Cover_T289 38
Cover_T290 -40
Cover_T291 36
Cover_T292 -28
Cover_T293 50
Cover_T294 -28
Cover_T295 32
Cover_T296 -34
Cover_T297 38
Cover_T298 -30
Cover_T299 38
Cover_T300 -38
Cover_T301 50
Cover_T302 -32
Cover_T303 38
Cover_T304 -38
Cover_T305 38
Cover_T306 -40
Cover_T307 50
Cover_T308 -34
Cover_T309 50
Cover_T310 -36
Cover_T311 42
Cover_T312 -34
Cover_T313 66
Cover_T314 -38
Cover_T315 68
Cover_T316 -38
Cover_T317 52
Cover_T318 -38
Cover_T319 56
Cover_T320 -40
Cover_T321 52
Cover_T322 -52
Cover_T323 52
Cover_T324 -52
Cover_T325 56
Cover_T326 -50
Cover_T327 56
Cover_T328 -48
Cover_T329 54
Cover_T330 -52
Cover_T331 54
Cover_T332 -46
Cover_T333 58
Cover_T334 -44
Cover_T335 56
Cover_T336 -44
Cover_T337 54
Cover_T338 -48
Cover_T339 54
Cover_T340 -44
Cover_T341 52
Cover_T342 -46
Cover_T343 52
Cover_T344 -32
Cover_T345 54
Cover_T346 -42
Cover_T347 62
Cover_T348 -40
Cover_T349 54
Cover_T350 -38
Cover_T351 54
Cover_T352 -40
Cover_T353 66
Cover_T354 978
Cover_T355 58
Cover_T356 978
Cover_T357 42
Cover_T358 966
Cover_T359 976
Cover_T360 976
Cover_T361 1036
Cover_T362 988
Cover_T363 1036
Cover_T364 980
Cover_T365 1038
Cover_T366 972
Cover_T367 24
Cover_T368 980
Cover_T369 20
Cover_T370 988
Cover_T371 28
Cover_T372 62
Cover_T373 12
Cover_T374 0
Cover_T375 12
Cover_T376 0
Cover_T377 2
Cover_T378 -2
Cover_T379 -10
Cover_T380 -4
Cover_T381 6
Cover_T382 2
Cover_T383 8
Cover_T384 10
Cover_T385 2
Cover_T386 -6
Cover_T387 8
Cover_T388 2
Cover_T389 6
Cover_T390 2
Cover_T391 7.74425e-11
Cover_T392 0
Cover_T393 4.51084e-11
Cover_T394 -2
Cover_T395 0
Cover_T396 0
Cover_T397 2
Cover_T398 6
Cover_T399 -14
Cover_T400 6
Cover_T401 -30
Cover_T402 8
Cover_T403 -50
Cover_T404 10
Cover_T405 -8
Cover_T406 30
Cover_T407 -2
Cover_T408 50
Cover_T409 1.2097e-10
Cover_T410 8
Cover_T411 0
Cover_T412 2
Cover_T413 0
Cover_T414 0
Cover_T415 1.46184e-10
Cover_T416 -1.02723e-10
Cover_T417 0
Cover_T418 5.12862e-11
Cover_T419 2
Cover_T420 -1.88479e-10
Cover_T421 -2
Cover_T422 4.34923e-11
Cover_T423 -4
Cover_T424 -2
Cover_T425 4
Cover_T426 0
Cover_T427 4
Cover_T428 -2
Cover_T429 6
Cover_T430 0
Cover_T431 4
Cover_T432 2
Cover_T433 -6
Cover_T434 2
Cover_T435 -22
Cover_T436 0
Cover_T437 -38
Cover_T438 2
Cover_T439 -38
Cover_T440 12
Cover_T441 6
Cover_T442 28
Cover_T443 4
Cover_T444 44
Cover_T445 1.02873e-10
Cover_T446 44
Cover_T447 6
Cover_T448 0
Cover_T449 4
Cover_T450 2
Cover_T451 -1.46301e-11
Cover_T452 6
Cover_T453 -14
Cover_T454 0
Cover_T455 -30
Cover_T456 0
Cover_T457 -42
Cover_T458 0
Cover_T459 8
Cover_T460 10
Cover_T461 -4
Cover_T462 22
Cover_T463 2
Cover_T464 34
Cover_T465 -10
Cover_T466 46
Cover_T467 -22
Cover_T468 -4
Cover_T469 -34
Cover_T470 8
Cover_T471 -46
Cover_T472 2
Cover_T473 -34
Cover_T474 14
Cover_T475 -46
Cover_T476 30
Cover_T477 -50
Cover_T478 50
Cover_T479 4
Cover_T480 46
Cover_T481 2
Cover_T482 50
Cover_T483 -4
Cover_T484 -1.13626e-10
Cover_T485 4
Cover_T486 0
Cover_T487 8
Cover_T488 6
Cover_T489 8
Cover_T490 20
Cover_T491 8
Cover_T492 8
Cover_T493 6
Cover_T494 8
Cover_T495 -9.89644e-11
Cover_T496 8
Cover_T497 2
Cover_T498 8
Cover_T499 0
Cover_T500 12
Cover_T501 8.502e-11
Cover_T502 12
Cover_T503 3.60387e-11
Cover_T504 18
Cover_T505 -2.79865e-10
Cover_T506 16
Cover_T507 -1.73102e-11
Cover_T508 18
Cover_T509 -8
Cover_T510 22
Cover_T511 -8
Cover_T512 14
Cover_T513 -8
Cover_T514 16
Cover_T515 -16
Cover_T516 22
Cover_T517 -8
Cover_T518 20
Cover_T519 -8
Cover_T520 24
Cover_T521 -12
Cover_T522 30
Cover_T523 -12
Cover_T524 18
Cover_T525 -14
Cover_T526 22
Cover_T527 -12
Cover_T528 22
Cover_T529 -12
Cover_T530 24
Cover_T531 -12
Cover_T532 26
Cover_T533 -16
Cover_T534 26
Cover_T535 -16
Cover_T536 26
Cover_T537 -16
Cover_T538 26
Cover_T539 -18
Cover_T540 28
Cover_T541 -18
Cover_T542 26
Cover_T543 -20
Cover_T544 28
Cover_T545 -28
Cover_T546 26
Cover_T547 -40
Cover_T548 26
Cover_T549 -22
Cover_T550 30
Cover_T551 -32
Cover_T552 28
Cover_T553 -22
Cover_T554 38
Cover_T555 -34
Cover_T556 50
Cover_T557 -22
Cover_T558 28
Cover_T559 -30
Cover_T560 40
Cover_T561 -42
Cover_T562 30
Cover_T563 -24
Cover_T564 46
Cover_T565 -24
Cover_T566 32
Cover_T567 -26
Cover_T568 50
Cover_T569 -26
Cover_T570 34
Cover_T571 -42
Cover_T572 36
Cover_T573 -26
Cover_T574 36
Cover_T575 -30
Cover_T576 38
Cover_T577 -46
Cover_T578 48
Cover_T579 -26
Cover_T580 58
Cover_T581 -26
Cover_T582 36
Cover_T583 -26
Cover_T584 42
Cover_T585 -30
Cover_T586 38
Cover_T587 -40
Cover_T588 48
Cover_T589 -28
Cover_T590 56
Cover_T591 -32
Cover_T592 36
Cover_T593 -30
Cover_T594 36
Cover_T595 -32
Cover_T596 36
Cover_T597 -30
Cover_T598 44
Cover_T599 -30
Cover_T600 48
Cover_T601 -36
Cover_T602 40
Cover_T603 -32
Cover_T604 40
Cover_T605 -32
Cover_T606 38
Cover_T607 -34
Cover_T608 42
Cover_T609 -48
Cover_T610 40
Cover_T611 -46
Cover_T612 50
Cover_T613 -36
Cover_T614 42
Cover_T615 -34
Cover_T616 48
Cover_T617 -38
Cover_T618 60
Cover_T619 -38
Cover_T620 68
Cover_T621 -38
Cover_T622 58
Cover_T623 -38
Cover_T624 56
Cover_T625 -38
Cover_T626 60
Cover_T627 -38
Cover_T628 54
Cover_T629 -48
Cover_T630 58
Cover_T631 -44
Cover_T632 52
Cover_T633 -42
Cover_T634 54
Cover_T635 -42
Cover_T636 54
Cover_T637 -38
Cover_T638 54
Cover_T639 -38
Cover_T640 64
Cover_T641 -34
Cover_T642 56
Cover_T643 980
Cover_T644 62
Cover_T645 982
Cover_T646 56
Cover_T647 970
Cover_T648 46
Cover_T649 992
Cover_T650 1046
Cover_T651 992
Cover_T652 1040
Cover_T653 984
Cover_T654 1032
Cover_T655 992
Cover_T656 1032
Cover_T657 988
Cover_T658 1038
Cover_T659 980
Cover_T660 1036
Cover_T661 992
Cover_T662 1034
Cover_T663 992
Cover_T664 18
Cover_T665 976
Cover_T666 18
Cover_T667 984
Cover_T668 18
Cover_T669 992
Cover_T670 6
Cover_T671 -4
Cover_T672 8
Cover_T673 -4
Cover_T674 6
Cover_T675 -1.91081e-10
Cover_T676 -10
Cover_T677 -4
Cover_T678 8
Cover_T679 0
Cover_T680 0
Cover_T681 -2
Cover_T682 6
Cover_T683 2
Cover_T684 8
Cover_T685 -3.2667e-10
Cover_T686 2
Cover_T687 -1.02345e-10
Cover_T688 8
Cover_T689 12
Cover_T690 0
Cover_T691 24
Cover_T692 8
Cover_T693 2
Cover_T694 8
Cover_T695 -4
Cover_T696 0
Cover_T697 -2
Cover_T698 -8
Cover_T699 8
Cover_T700 -6
Cover_T701 2
Cover_T702 -22
Cover_T703 -2
Cover_T704 -38
Cover_T705 -2
Cover_T706 8
Cover_T707 6
Cover_T708 -6
Cover_T709 10
Cover_T710 8
Cover_T711 4
Cover_T712 0
Cover_T713 16
Cover_T714 6
Cover_T715 28
Cover_T716 -1.26058e-11
Cover_T717 40
Cover_T718 2
Cover_T719 52
Cover_T720 -1.33309e-11
Cover_T721 2
Cover_T722 4
Cover_T723 14
Cover_T724 6
Cover_T725 -1.25244e-10
Cover_T726 2
Cover_T727 8
Cover_T728 -3.50639e-11
Cover_T729 0
Cover_T730 6
Cover_T731 2
Cover_T732 6
Cover_T733 0
Cover_T734 8
Cover_T735 -6
Cover_T736 6
Cover_T737 2
Cover_T738 4
Cover_T739 6
Cover_T740 4
Cover_T741 0
Cover_T742 6
Cover_T743 2
Cover_T744 -3.50155e-11
Cover_T745 4
Cover_T746 -14
Cover_T747 -4
Cover_T748 -34
Cover_T749 -4.00657e-11
Cover_T750 -38
Cover_T751 2
Cover_T752 2
Cover_T753 8
Cover_T754 8
Cover_T755 20
Cover_T756 4
Cover_T757 36
Cover_T758 -2
Cover_T759 52
Cover_T760 -4
Cover_T761 52
Cover_T762 -6
Cover_T763 8
Cover_T764 -22
Cover_T765 -2
Cover_T766 -38
Cover_T767 2
Cover_T768 8
Cover_T769 8
Cover_T770 -6
Cover_T771 6
Cover_T772 8.1101e-10
Cover_T773 6
Cover_T774 -12
Cover_T775 16
Cover_T776 -24
Cover_T777 28
Cover_T778 -36
Cover_T779 40
Cover_T780 -48
Cover_T781 52
Cover_T782 -36
Cover_T783 2
Cover_T784 -48
Cover_T785 14
Cover_T786 -44
Cover_T787 8
Cover_T788 0
Cover_T789 20
Cover_T790 8
Cover_T791 28
Cover_T792 0
Cover_T793 38
Cover_T794 2
Cover_T795 46
Cover_T796 2
Cover_T797 54
Cover_T798 8
Cover_T799 38
Cover_T800 9.98845e-12
Cover_T801 46
Cover_T802 -8
Cover_T803 56
Cover_T804 8
Cover_T805 46
Cover_T806 4
Cover_T807 56
Cover_T808 8
Cover_T809 12
Cover_T810 0
Cover_T811 2
Cover_T812 4
Cover_T813 6
Cover_T814 8
Cover_T815 10
Cover_T816 8
Cover_T817 12
Cover_T818 2
Cover_T819 4
Cover_T820 4
Cover_T821 22
Cover_T822 8
Cover_T823 10
Cover_T824 2
Cover_T825 16
Cover_T826 -2
Cover_T827 10
Cover_T828 4
Cover_T829 14
Cover_T830 4
Cover_T831 18
Cover_T832 -8
Cover_T833 18
Cover_T834 -2.48841e-11
Cover_T835 20
Cover_T836 -4
Cover_T837 16
Cover_T838 -4
Cover_T839 12
Cover_T840 -16
Cover_T841 16
Cover_T842 -4
Cover_T843 20
Cover_T844 -6
Cover_T845 18
Cover_T846 -8
Cover_T847 30
Cover_T848 -8
Cover_T849 22
Cover_T850 -10
Cover_T851 24
Cover_T852 -10
Cover_T853 26
Cover_T854 -10
Cover_T855 38
Cover_T856 -14
Cover_T857 28
Cover_T858 -14
Cover_T859 24
Cover_T860 -12
Cover_T861 26
Cover_T862 -14
Cover_T863 26
Cover_T864 -12
Cover_T865 32
Cover_T866 -16
Cover_T867 34
Cover_T868 -18
Cover_T869 34
Cover_T870 -16
Cover_T871 32
Cover_T872 -26
Cover_T873 34
Cover_T874 -38
Cover_T875 28
Cover_T876 -20
Cover_T877 36
Cover_T878 -32
Cover_T879 30
Cover_T880 -24
Cover_T881 28
Cover_T882 -36
Cover_T883 28
Cover_T884 -24
Cover_T885 30
Cover_T886 -30
Cover_T887 44
Cover_T888 -42
Cover_T889 56
Cover_T890 -24
Cover_T891 34
Cover_T892 -24
Cover_T893 46
Cover_T894 -24
Cover_T895 36
Cover_T896 -28
Cover_T897 48
Cover_T898 -24
Cover_T899 36
Cover_T900 -38
Cover_T901 42
Cover_T902 -50
Cover_T903 54
Cover_T904 -30
Cover_T905 28
Cover_T906 -30
Cover_T907 32
Cover_T908 -42
Cover_T909 28
Cover_T910 -26
Cover_T911 30
Cover_T912 -30
Cover_T913 38
Cover_T914 -30
Cover_T915 58
Cover_T916 -26
Cover_T917 32
Cover_T918 -28
Cover_T919 54
Cover_T920 -28
Cover_T921 42
Cover_T922 -30
Cover_T923 48
Cover_T924 -46
Cover_T925 46
Cover_T926 -32
Cover_T927 48
Cover_T928 -34
Cover_T929 40
Cover_T930 -34
Cover_T931 54
Cover_T932 -34
Cover_T933 52
Cover_T934 -34
Cover_T935 58
Cover_T936 -34
Cover_T937 70
Cover_T938 -38
Cover_T939 68
Cover_T940 -38
Cover_T941 58
Cover_T942 -38
Cover_T943 56
Cover_T944 -38
Cover_T945 60
Cover_T946 -38
Cover_T947 38
Cover_T948 -6.52278e-12
Cover_T949 22
Cover_T950 4
Cover_T951 18
Cover_T952 4
Cover_T953 18
Cover_T954 4.65263e-11
Cover_T955 10
Cover_T956 0
Cover_T957 6
Cover_T958 6
Cover_T959 24
Cover_T960 2
Cover_T961 16
Cover_T962 1028
Cover_T963 8
Cover_T964 1020
Cover_T965 1044
Cover_T966 1020
Cover_T967 1040
Cover_T968 1030
Cover_T969 1032
Cover_T970 1040
Cover_T971 1076
Cover_T972 1034
Cover_T973 1088
Cover_T974 1040
Cover_T975 1078
Cover_T976 1034
Cover_T977 1084
Cover_T978 1020
Cover_T979 1078
Cover_T980 1028
Cover_T981 68
Cover_T982 1036
Cover_T983 66
Cover_T984 0
Cover_T985 66
Cover_T986 0
Cover_T987 40
Cover_T988 8
Cover_T989 28
Cover_T990 -44
Cover_T991 22
Cover_T992 -40
Cover_T993 52
Cover_T994 -42
Cover_T995 50
Cover_T996 -22
Cover_T997 52
Cover_T998 -2
Cover_T999 52
Cover_T1000 0
Cover_T1001 4
Cover_T1002 52
Cover_T1003 -38
Cover_T1004 26
Cover_T1005 12
Cover_T1006 60
Cover_T1007 0
Cover_T1008 50
Cover_T1009 0
Cover_T1010 62
Cover_T1011 22
Cover_T1012 50
Cover_T1013 48
Cover_T1014 62
Cover_T1015 50
Cover_T1016 60
Cover_T1017 32
Cover_T1018 8
Cover_T1019 50
Cover_T1020 20
Cover_T1021 32
Cover_T1022 22
Cover_T1023 42
Cover_T1024 0
Cover_T1025 16
Cover_T1026 -20
Cover_T1027 0
Cover_T1028 -8
Cover_T1029 36
Cover_T1030 2
Cover_T1031 34
Cover_T1032 36
Cover_T1033 32
Cover_T1034 6
Cover_T1035 32
Count_D0 -984
Count_D1 -1000
Max_H0_P0 0
Max_H0_P1 0
Max_H0_P2 0
Max_H0_P3 0
Max_H0_P4 0
Max_H0_P5 1.49702e-11
Max_H0_P6 -0
Max_H0_P7 0
Max_H0_P8 0
Max_H0_P9 0
Max_H0_P10 0
Max_H0_P11 0
Max_H0_P12 0
Max_H0_P13 0
Max_H0_P14 0
Max_H0_P15 2.80282e-11
Max_H0_P16 3.40372e-11
Max_H0_P17 3.4305e-11
Max_H0_P18 4.68501e-11
Max_H0_P19 7.05406e-12
Max_H0_P20 9.67543e-12
Max_H0_P21 9.09495e-13
Max_H0_P22 1.33309e-11
Max_H0_P23 -3.1105e-11
Max_H0_P24 -2.467e-11
Max_H0_P25 -2.27125e-11
Max_H0_P26 -3.16547e-11
Max_H0_P27 -9.85878e-13
Max_H0_P28 -2.10769e-11
Max_H0_P29 -2.73145e-11
Max_H0_P30 -4.89919e-12
Max_H0_P31 -1.00584e-11
Max_H0_P32 7.7307e-12
Max_H0_P33 -1.37632e-11
Max_H0_P34 1.99805e-11
Max_H0_P35 -2.26015e-11
Max_H0_P36 6.74849e-13
Max_H0_P37 7.41945e-13
Max_H0_P38 -6.43574e-12
Max_H0_P39 2.02653e-11
Max_H0_P40 1.17665e-11
Max_H0_P41 1.07718e-11
Max_H0_P42 1.19242e-11
Max_H0_P43 4.88161e-11
Max_H0_P44 0
Max_H0_P45 0
Max_H0_P46 0
Max_H0_P47 0
Max_H0_P48 0
Max_H0_P49 0
Max_H0_P50 0
Max_H0_P51 0
Max_H0_P52 0
Max_H0_P53 0
Max_H0_P54 0
Max_H0_P55 0
Max_H0_P56 0
Max_H0_P57 0
Max_H0_P58 0
Max_H0_P59 0
Max_H0_P60 1.56888e-11
Max_H0_P61 0
Max_H0_P62 0
Max_H0_P63 0
Max_H0_P64 0
Max_H0_P65 0
Max_H0_P66 0
Max_H0_P67 0
Max_H0_P68 0
Max_H0_P69 0
Max_H0_P70 0
Max_H0_P71 0
Max_H0_P72 0
Max_H0_P73 0
Max_H0_P74 0
Max_H0_P75 0
Max_H0_P76 0
Max_H0_P77 3.09939e-11
Max_H0_P78 -3.66277e-11
Max_H0_P79 1.27898e-11
Max_H0_P80 0
Max_H0_P81 0
Max_H1_P0 0
Max_H1_P1 0
Max_H1_P2 0
Max_H1_P3 0
Max_H1_P4 -2.8426e-11
Max_H1_P5 3.53353e-11
Max_H1_P6 0
Max_H1_P7 -3.63994e-11
Max_H1_P8 0
Max_H1_P9 5.07716e-12
Max_H1_P10 1.0431e-11
Max_H1_P11 0
Max_H1_P12 0
Max_H1_P13 0
Max_H1_P14 0
Max_H1_P15 2.80282e-11
Max_H1_P16 2.80282e-11
Max_H1_P17 1.22281e-11
Max_H1_P18 6.6431e-11
Max_H1_P19 5.05785e-11
Max_H1_P20 2.40012e-11
Max_H1_P21 5.50671e-12
Max_H1_P22 3.76827e-11
Max_H1_P23 -3.8058e-12
Max_H1_P24 2.6783e-12
Max_H1_P25 1.03526e-11
Max_H1_P26 -8.91938e-12
Max_H1_P27 -1.62031e-11
Max_H1_P28 -1.66549e-11
Max_H1_P29 -1.06459e-11
Max_H1_P30 -2.60612e-11
Max_H1_P31 -3.41238e-12
Max_H1_P32 -3.35199e-11
Max_H1_P33 -2.09915e-11
Max_H1_P34 -3.25002e-11
Max_H1_P35 -8.29661e-12
Max_H1_P36 2.17808e-11
Max_H1_P37 1.54442e-11
Max_H1_P38 4.74404e-12
Max_H1_P39 -5.88085e-13
Max_H1_P40 -5.08749e-12
Max_H1_P41 1.23235e-11
Max_H1_P42 1.00811e-13
Max_H1_P43 4.69784e-11
Max_H1_P44 0
Max_H1_P45 0
Max_H1_P46 0
Max_H1_P47 0
Max_H1_P48 0
Max_H1_P49 0
Max_H1_P50 0
Max_H1_P51 0
Max_H1_P52 0
Max_H1_P53 0
Max_H1_P54 -3.52385e-11
Max_H1_P55 0
Max_H1_P56 0
Max_H1_P57 0
Max_H1_P58 3.21958e-11
Max_H1_P59 -2.82974e-12
Max_H1_P60 0
Max_H1_P61 0
Max_H1_P62 -3.45982e-12
Max_H1_P63 0
Max_H1_P64 0
Max_H1_P65 0
Max_H1_P66 0
Max_H1_P67 0
Max_H1_P68 0
Max_H1_P69 0
Max_H1_P70 0
Max_H1_P71 0
Max_H1_P72 0
Max_H1_P73 0
Max_H1_P74 0
Max_H1_P75 0
Max_H1_P76 0
Max_H1_P77 -9.96181e-12
Max_H1_P78 0
Max_H1_P79 -3.8284e-11
Max_H1_P80 4.67253e-11
Max_H1_P81 0
