
Branch and bound

  Entire solving process        :                           (Time  11435.1)
  No feasible solution was found
  Best relaxation cost          :     63123.68 (Node     0) (Time  11435.1)
  Lower bound after cuts        :     63123.68
  End lower bound               :     63123.68
  Deepest level reached         : 0
  Deepest real level reached    : 0
  Number of real nodes solved   : 1
  Stopping condition            : enough nodes explored

Problem identification

  Problem                       : <null>
  Machine                       : oslo1.gerad.lan

Solving process summary

  Linear relaxations            :        1
  Column generation iterations  :      520
  Shortest paths solved         :    10437
  Columns generated             :   128020

Instance characteristics

  Resources                     : 3
  Node types                    : no
  Arc types                     : no
  Strong resource windows       : no
  Weak resource windows         : no
  Resource windows (nodes)      : 3
  Resource values (arcs)        : 3
  Values on nodes               : no

  Rows                          : 1034
  Initial columns               : 2
  Tasks                         : 872
  Strong tasks                  : 868
  Weak tasks                    : 4
  Initial task constraints      : no
  Nodes                         : 1200
  Arc sets                      : 1
  Arcs                          : 34332
  Networks                      : 2
  Models                        : 1

Memory used per module (Megs)

  Parser (reused)               :      7.152
  Networks                      :     31.119
  Column generator              :     19.253
  Master problem                :      9.829
  -----------------
  Total                         :     60.201

Cpu time per module (seconds)

  Parser                        :        0.0
  Preprocessor                  :        0.0
  Lr solver manager             :        0.8
  Column generator              :      638.4
    (Shortest path)             :      606.4
  Master problem                :    10795.9
  -------------------
  Total (without b&b)           :    11435.1

Real elapsed time (seconds)

  Parser                        :        0.0
  Preprocessor                  :        0.0
  Lr solver manager             :        0.8
  Column generator              :      638.4
    (Shortest path)             :      605.8
  Master problem                :    10796.0
  -------------------
  Total (without b&b)           :    11435.2
