
Branch and bound

  Entire solving process        :                           (Time    291.9)
  No feasible solution was found
  Best relaxation cost          :     62883.69 (Node     0) (Time    291.9)
  Lower bound after cuts        :     62883.69
  End lower bound               :     62883.69
  Deepest level reached         : 0
  Deepest real level reached    : 0
  Number of real nodes solved   : 1
  Stopping condition            : enough nodes explored

Problem identification

  Problem                       : <null>
  Machine                       : oslo4.gerad.lan

Solving process summary

  Linear relaxations            :        1
  Column generation iterations  :      137
  Shortest paths solved         :     6911
  Columns generated             :    61905

Instance characteristics

  Resources                     : 3
  Node types                    : no
  Arc types                     : no
  Strong resource windows       : no
  Weak resource windows         : no
  Resource windows (nodes)      : 3
  Resource values (arcs)        : 3
  Values on nodes               : no

  Rows                          : 1034
  Initial columns               : 428
  Tasks                         : 872
  Strong tasks                  : 628
  Weak tasks                    : 4
  Initial task constraints      : no
  Nodes                         : 1200
  Arc sets                      : 1
  Arcs                          : 34332
  Networks                      : 2
  Models                        : 1

Memory used per module (Megs)

  Parser (reused)               :      7.152
  Networks                      :     33.299
  Column generator              :     17.557
  Master problem                :      9.973
  -----------------
  Total                         :     60.829

Cpu time per module (seconds)

  Parser                        :        0.0
  Preprocessor                  :        0.0
  Lr solver manager             :        0.1
  Column generator              :      112.9
    (Shortest path)             :      103.6
  Master problem                :      178.9
  -------------------
  Total (without b&b)           :      291.9

Real elapsed time (seconds)

  Parser                        :        0.0
  Preprocessor                  :        0.0
  Lr solver manager             :        0.1
  Column generator              :      112.8
    (Shortest path)             :      103.3
  Master problem                :      178.9
  -------------------
  Total (without b&b)           :      291.9
