
Branch and bound

  Entire solving process        :                           (Time    104.8)
  No feasible solution was found
  Best relaxation cost          :     42611.41 (Node     0) (Time    104.8)
  Lower bound after cuts        :     42611.41
  End lower bound               :     42611.41
  Deepest level reached         : 0
  Deepest real level reached    : 0
  Number of real nodes solved   : 1
  Stopping condition            : enough nodes explored

Problem identification

  Problem                       : <null>
  Machine                       : oslo4.gerad.lan

Solving process summary

  Linear relaxations            :        1
  Column generation iterations  :      114
  Shortest paths solved         :     5463
  Columns generated             :    44245

Instance characteristics

  Resources                     : 3
  Node types                    : no
  Arc types                     : no
  Strong resource windows       : no
  Weak resource windows         : no
  Resource windows (nodes)      : 3
  Resource values (arcs)        : 3
  Values on nodes               : no

  Rows                          : 917
  Initial columns               : 388
  Tasks                         : 755
  Strong tasks                  : 525
  Weak tasks                    : 4
  Initial task constraints      : no
  Nodes                         : 1083
  Arc sets                      : 1
  Arcs                          : 26699
  Networks                      : 2
  Models                        : 1

Memory used per module (Megs)

  Parser (reused)               :      5.699
  Networks                      :     29.424
  Column generator              :      5.207
  Master problem                :      9.753
  -----------------
  Total                         :     44.384

Cpu time per module (seconds)

  Parser                        :        0.0
  Preprocessor                  :        0.0
  Lr solver manager             :        0.1
  Column generator              :       37.8
    (Shortest path)             :       32.6
  Master problem                :       66.9
  -------------------
  Total (without b&b)           :      104.8

Real elapsed time (seconds)

  Parser                        :        0.0
  Preprocessor                  :        0.0
  Lr solver manager             :        0.1
  Column generator              :       37.8
    (Shortest path)             :       32.7
  Master problem                :       66.8
  -------------------
  Total (without b&b)           :      104.8
