
Branch and bound

  Entire solving process        :                           (Time    148.9)
  No feasible solution was found
  Best relaxation cost          :     43849.33 (Node     0) (Time    148.8)
  Lower bound after cuts        :     43849.33
  End lower bound               :     43849.33
  Deepest level reached         : 0
  Deepest real level reached    : 0
  Number of real nodes solved   : 1
  Stopping condition            : enough nodes explored

Problem identification

  Problem                       : <null>
  Machine                       : oslo1.gerad.lan

Solving process summary

  Linear relaxations            :        1
  Column generation iterations  :      142
  Shortest paths solved         :     3364
  Columns generated             :    38866

Instance characteristics

  Resources                     : 3
  Node types                    : no
  Arc types                     : no
  Strong resource windows       : no
  Weak resource windows         : no
  Resource windows (nodes)      : 3
  Resource values (arcs)        : 3
  Values on nodes               : no

  Rows                          : 917
  Initial columns               : 2
  Tasks                         : 755
  Strong tasks                  : 751
  Weak tasks                    : 4
  Initial task constraints      : no
  Nodes                         : 1083
  Arc sets                      : 1
  Arcs                          : 26699
  Networks                      : 2
  Models                        : 1

Memory used per module (Megs)

  Parser (reused)               :      5.699
  Networks                      :     27.002
  Column generator              :      6.781
  Master problem                :      9.338
  -----------------
  Total                         :     43.121

Cpu time per module (seconds)

  Parser                        :        0.0
  Preprocessor                  :        0.0
  Lr solver manager             :        0.1
  Column generator              :       38.3
    (Shortest path)             :       34.6
  Master problem                :      110.5
  -------------------
  Total (without b&b)           :      148.8

Real elapsed time (seconds)

  Parser                        :        0.0
  Preprocessor                  :        0.0
  Lr solver manager             :        0.0
  Column generator              :       38.3
    (Shortest path)             :       34.8
  Master problem                :      110.5
  -------------------
  Total (without b&b)           :      148.8
