
Branch and bound

  Entire solving process        :                           (Time    372.0)
  No feasible solution was found
  Best relaxation cost          :     49247.45 (Node     0) (Time    372.0)
  Lower bound after cuts        :     49247.45
  End lower bound               :     49247.45
  Deepest level reached         : 0
  Deepest real level reached    : 0
  Number of real nodes solved   : 1
  Stopping condition            : enough nodes explored

Problem identification

  Problem                       : <null>
  Machine                       : oslo2.gerad.lan

Solving process summary

  Linear relaxations            :        1
  Column generation iterations  :      220
  Shortest paths solved         :     4121
  Columns generated             :    40870

Instance characteristics

  Resources                     : 3
  Node types                    : no
  Arc types                     : no
  Strong resource windows       : no
  Weak resource windows         : no
  Resource windows (nodes)      : 3
  Resource values (arcs)        : 3
  Values on nodes               : no

  Rows                          : 869
  Initial columns               : 2
  Tasks                         : 707
  Strong tasks                  : 703
  Weak tasks                    : 4
  Initial task constraints      : no
  Nodes                         : 1035
  Arc sets                      : 1
  Arcs                          : 24163
  Networks                      : 2
  Models                        : 1

Memory used per module (Megs)

  Parser (reused)               :      5.214
  Networks                      :     25.549
  Column generator              :      7.265
  Master problem                :      8.710
  -----------------
  Total                         :     41.524

Cpu time per module (seconds)

  Parser                        :        0.0
  Preprocessor                  :        0.0
  Lr solver manager             :        0.1
  Column generator              :       28.2
    (Shortest path)             :       24.6
  Master problem                :      343.8
  -------------------
  Total (without b&b)           :      372.0

Real elapsed time (seconds)

  Parser                        :        0.0
  Preprocessor                  :        0.0
  Lr solver manager             :        0.1
  Column generator              :       28.2
    (Shortest path)             :       24.7
  Master problem                :      344.2
  -------------------
  Total (without b&b)           :      372.5
