
Branch and bound

  Entire solving process        :                           (Time    222.2)
  No feasible solution was found
  Best relaxation cost          :     49091.41 (Node     0) (Time    222.2)
  Lower bound after cuts        :     49091.41
  End lower bound               :     49091.41
  Deepest level reached         : 0
  Deepest real level reached    : 0
  Number of real nodes solved   : 1
  Stopping condition            : enough nodes explored

Problem identification

  Problem                       : <null>
  Machine                       : oslo2.gerad.lan

Solving process summary

  Linear relaxations            :        1
  Column generation iterations  :      178
  Shortest paths solved         :    10859
  Columns generated             :    62307

Instance characteristics

  Resources                     : 3
  Node types                    : no
  Arc types                     : no
  Strong resource windows       : no
  Weak resource windows         : no
  Resource windows (nodes)      : 3
  Resource values (arcs)        : 3
  Values on nodes               : no

  Rows                          : 869
  Initial columns               : 363
  Tasks                         : 707
  Strong tasks                  : 486
  Weak tasks                    : 4
  Initial task constraints      : no
  Nodes                         : 1035
  Arc sets                      : 1
  Arcs                          : 24163
  Networks                      : 2
  Models                        : 1

Memory used per module (Megs)

  Parser (reused)               :      5.214
  Networks                      :     28.334
  Column generator              :      7.628
  Master problem                :      8.801
  -----------------
  Total                         :     44.763

Cpu time per module (seconds)

  Parser                        :        0.0
  Preprocessor                  :        0.0
  Lr solver manager             :        0.2
  Column generator              :       67.2
    (Shortest path)             :       57.3
  Master problem                :      154.7
  -------------------
  Total (without b&b)           :      222.1

Real elapsed time (seconds)

  Parser                        :        0.0
  Preprocessor                  :        0.0
  Lr solver manager             :        0.1
  Column generator              :       67.4
    (Shortest path)             :       57.7
  Master problem                :      154.9
  -------------------
  Total (without b&b)           :      222.4
